TRACE,NSNPS_JACKKNIFE
977655,453753
977626,453753
977548,453753
977575,453753
977463,453753
977578,453753
977423,453753
977377,453753
977522,453753
977393,453753
977494,453753
977284,453753
977593,453753
977426,453753
977580,453753
977524,453753
977413,453753
976951,453753
977056,453753
977271,453753
977571,453753
977584,453753
977447,453753
977535,453753
977555,453753
977539,453753
977321,453753
977271,453753
977415,453753
977482,453753
977475,453753
977399,453753
977425,453753
977363,453753
977505,453753
977482,453753
977424,453753
977379,453753
977494,453753
977486,453753
977557,453753
977486,453753
977433,453753
977153,453753
977246,453753
977380,453753
977491,453753
977511,453753
977607,453753
977551,453753
977603,453753
977195,453753
977305,453753
977352,453753
977258,453753
977451,453753
977445,453753
977151,453753
977334,453753
977298,453753
977490,453753
977603,453753
977568,453753
977470,453753
977436,453753
977544,453753
977412,453753
977394,453753
977404,453753
977354,453753
976914,453753
977554,453753
977523,453753
977652,453753
977599,453753
977594,453753
977657,453753
977517,453753
977626,453753
977512,453753
977258,453753
977503,453753
977578,453753
977655,453753
977653,453753
977571,453753
977626,453753
977629,453753
977566,453753
977523,453753
977330,453753
977259,453753
977548,453753
976247,453753
977467,453753
977389,453753
977514,453753
977522,453753
977477,453753
977557,453753
977329,453753
977389,453753
977309,453753
977241,453753
977273,453753
977268,453753
977504,453753
977475,453753
977524,453753
977482,453753
977545,453753
977387,453753
977289,453753
977168,453753
977190,453753
977120,453753
977491,453753
977406,453753
977371,453753
977256,453753
977306,453753
977618,453753
977363,453753
977502,453753
977498,453753
977414,453753
977349,453753
977419,453753
977257,453753
977404,453753
977338,453753
977460,453753
977364,453753
977504,453753
977313,453753
977448,453753
977557,453753
977545,453753
977224,453753
977483,453753
977024,453753
976808,453753
977445,453753
977300,453753
977286,453753
977242,453753
977451,453753
977420,453753
977526,453753
977497,453753
977500,453753
977571,453753
977574,453753
977475,453753
977513,453753
977509,453753
977536,453753
977531,453753
977622,453753
977523,453753
977436,453753
977482,453753
977553,453753
977684,453753
977653,453753
977637,453753
977542,453753
977550,453753
977542,453753
977468,453753
977323,453753
977502,453753
977543,453753
977492,453753
977545,453753
977441,453753
977471,453753
977399,453753
977366,453753
977363,453753
977327,453753
975965,453753
976152,453753
977509,453753
977383,453753
977561,453753
977542,453753
977579,453753
977615,453753
977522,453753
977650,453753
977623,453753
977237,453753
976729,453753
976811,453753
976642,453753
976963,453753
977199,453753
977493,453753
977423,453753
977374,453753
977557,453753
977463,453753
977179,453753
977457,453753
977464,453753
977400,453753
977469,453753
977376,453753
977187,453753
977394,453753
977513,453753
977513,453753
977541,453753
977322,453753
977398,453753
976947,453753
976916,453753
977182,453753
977093,453753
977648,453753
977605,453753
977559,453753
977562,453753
977330,453753
977548,453753
977618,453753
977557,453753
977604,453753
977625,453753
977359,453753
977236,453753
977320,453753
977614,453753
977659,453753
977615,453753
977359,453753
977445,453753
977209,453753
977549,453753
977402,453753
977561,453753
977673,453753
977520,453753
977505,453753
977438,453753
977446,453753
977484,453753
977530,453753
977199,453753
977083,453753
977462,453753
977460,453753
977297,453753
977354,453753
977356,453753
977387,453753
977467,453753
977218,453753
977439,453753
977576,453753
977283,453753
976875,453753
977346,453753
977404,453753
977365,453753
977370,453753
976847,453753
977539,453753
977472,453753
977435,453753
977007,453753
977372,453753
977340,453753
977330,453753
977266,453753
977571,453753
977550,453753
977350,453753
977175,453753
977409,453753
977381,453753
977527,453753
977488,453753
977334,453753
977528,453753
977535,453753
977412,453753
977496,453753
977584,453753
977606,453753
977562,453753
977622,453753
977588,453753
977597,453753
977583,453753
977499,453753
977446,453753
977622,453753
977576,453753
977582,453753
977509,453753
977702,453753
977497,453753
977579,453753
977563,453753
977496,453753
977492,453753
977475,453753
977622,453753
977577,453753
977484,453753
977247,453753
976757,453753
976572,453753
977315,453753
977489,453753
977245,453753
977305,453753
977426,453753
977438,453753
977550,453753
977455,453753
977492,453753
977391,453753
977346,453753
977365,453753
977420,453753
977372,453753
977335,453753
976759,453753
977404,453753
977421,453753
977506,453753
977405,453753
977519,453753
977298,453753
977500,453753
977536,453753
977310,453753
977083,453753
977403,453753
976797,453753
976714,453753
977451,453753
977274,453753
977515,453753
977362,453753
977389,453753
976276,453753
977475,453753
977469,453753
977530,453753
977670,453753
977636,453753
977610,453753
977675,453753
977625,453753
977510,453753
977517,453753
977554,453753
977655,453753
977547,453753
977565,453753
977438,453753
977524,453753
977480,453753
977571,453753
977468,453753
977550,453753
977507,453753
977467,453753
977418,453753
977490,453753
977415,453753
977485,453753
977351,453753
976796,453753
977332,453753
977158,453753
976346,453753
976951,453753
977269,453753
977404,453753
977257,453753
977086,453753
977160,453753
977088,453753
977352,453753
977472,453753
977465,453753
977263,453753
977281,453753
977506,453753
977373,453753
977306,453753
977280,453753
976970,453753
977145,453753
977494,453753
977482,453753
977492,453753
977497,453753
977499,453753
977605,453753
976666,453753
977407,453753
977430,453753
977456,453753
977531,453753
977565,453753
977570,453753
977487,453753
977558,453753
977638,453753
977609,453753
977571,453753
977486,453753
977214,453753
977333,453753
977480,453753
977481,453753
977514,453753
977370,453753
977564,453753
977525,453753
977599,453753
977501,453753
977314,453753
977445,453753
977463,453753
977541,453753
977098,453753
977443,453753
977465,453753
977540,453753
977519,453753
977410,453753
977417,453753
977384,453753
977307,453753
977060,453753
975929,453753
977342,453753
977437,453753
977484,453753
977592,453753
977604,453753
977381,453753
977214,453753
977432,453753
977487,453753
977153,453753
977231,453753
977581,453753
977393,453753
977482,453753
977477,453753
977304,453753
977159,453753
977223,453753
977382,453753
977619,453753
977384,453753
977676,453753
977555,453753
977405,453753
977491,453753
977584,453753
977426,453753
977683,453753
977662,453753
977565,453753
977366,453753
977266,453753
977403,453753
977368,453753
977529,453753
977586,453753
976927,453753
975672,453753
976165,453753
977432,453753
977510,453753
977552,453753
977402,453753
977478,453753
977235,453753
977526,453753
977528,453753
977578,453753
977292,453753
977464,453753
977436,453753
976600,453753
977239,453753
977442,453753
977405,453753
977467,453753
977396,453753
977406,453753
977543,453753
977588,453753
977383,453753
977249,453753
977436,453753
977325,453753
977321,453753
977426,453753
977617,453753
977439,453753
977396,453753
977366,453753
977158,453753
977161,453753
977548,453753
977505,453753
977583,453753
977580,453753
977631,453753
977418,453753
977547,453753
977581,453753
977530,453753
977587,453753
977535,453753
977518,453753
977410,453753
977621,453753
977584,453753
977492,453753
977558,453753
977591,453753
977558,453753
977516,453753
977373,453753
977566,453753
977408,453753
977532,453753
977232,453753
977427,453753
977019,453753
976721,453753
977476,453753
977381,453753
977432,453753
977593,453753
977443,453753
977488,453753
977556,453753
977543,453753
977601,453753
977568,453753
977314,453753
977156,453753
977412,453753
977414,453753
977438,453753
977547,453753
977502,453753
977303,453753
977545,453753
977395,453753
977562,453753
977456,453753
977380,453753
977535,453753
977515,453753
977634,453753
977529,453753
977666,453753
977430,453753
977442,453753
977571,453753
977595,453753
977585,453753
977501,453753
977555,453753
977541,453753
977484,453753
977565,453753
977599,453753
977364,453753
977381,453753
977468,453753
977503,453753
977562,453753
977390,453753
977086,453753
976701,453753
977347,453753
977447,453753
977553,453753
977252,453753
977447,453753
977353,453753
977397,453753
977338,453753
977535,453753
977374,453753
975781,453753
977510,453753
977549,453753
977410,453753
977467,453753
977353,453753
977357,453753
977439,453753
977303,453753
977000,453753
977417,453753
977464,453753
977585,453753
977534,453753
977618,453753
977455,453753
977545,453753
977515,453753
977608,453753
977513,453753
977663,453753
977491,453753
977346,453753
976715,453753
977583,453753
977164,453753
976972,453753
977340,453753
977336,453753
977614,453753
977447,453753
977507,453753
977696,453753
977619,453753
977547,453753
977368,453753
977376,453753
977450,453753
977579,453753
977434,453753
977398,453753
977514,453753
973142,453753
965807,453753
975384,453753
977268,453753
977232,453753
977124,453753
977494,453753
977298,453753
977448,453753
977558,453753
977405,453753
976597,453753
977194,453753
977237,453753
977373,453753
977563,453753
977420,453753
977270,453753
977237,453753
977393,453753
977422,453753
977493,453753
977536,453753
977492,453753
977638,453753
977525,453753
977281,453753
977642,453753
977593,453753
977610,453753
977673,453753
977478,453753
977509,453753
977591,453753
977634,453753
977600,453753
977435,453753
977540,453753
977523,453753
977503,453753
977523,453753
977492,453753
977573,453753
977436,453753
977447,453753
977153,453753
976213,453753
977329,453753
977429,453753
977193,453753
977291,453753
977260,453753
977370,453753
977397,453753
977480,453753
977597,453753
977478,453753
977370,453753
977567,453753
977452,453753
977136,453753
977163,453753
977527,453753
977453,453753
977274,453753
977523,453753
977496,453753
977520,453753
977583,453753
977342,453753
977321,453753
977566,453753
977622,453753
977364,453753
977132,453753
977665,453753
977704,453753
977642,453753
977659,453753
977465,453753
977317,453753
977658,453753
977443,453753
977527,453753
977598,453753
977629,453753
977584,453753
977562,453753
977500,453753
977482,453753
977483,453753
977585,453753
977380,453753
977378,453753
977054,453753
977333,453753
977311,453753
977261,453753
977437,453753
977627,453753
977455,453753
977441,453753
977357,453753
977282,453753
977388,453753
977550,453753
977464,453753
977523,453753
977578,453753
977501,453753
977700,453753
977664,453753
977618,453753
977460,453753
977584,453753
977474,453753
977575,453753
977621,453753
977594,453753
977529,453753
977605,453753
977667,453753
977514,453753
977401,453753
977286,453753
977221,453753
977413,453753
977452,453753
977074,453753
977559,453753
977358,453753
977395,453753
977351,453753
977320,453753
977271,453753
977529,453753
977349,453753
977438,453753
977445,453753
977499,453753
977581,453753
977515,453753
977448,453753
977676,453753
977631,453753
977618,453753
977574,453753
977383,453753
977502,453753
977689,453753
977625,453753
977547,453753
977654,453753
977602,453753
977453,453753
977126,453753
977530,453753
977213,453753
977487,453753
977505,453753
977573,453753
977516,453753
977339,453753
977503,453753
977617,453753
976866,453753
977188,453753
977276,453753
977527,453753
976903,453753
977533,453753
977450,453753
977599,453753
977682,453753
977577,453753
977690,453753
977602,453753
977504,453753
977599,453753
977340,453753
977381,453753
977679,453753
977542,453753
977587,453753
977495,453753
977541,453753
977588,453753
977650,453753
977484,453753
977508,453753
977607,453753
977316,453753
977192,453753
977606,453753
977491,453753
977607,453753
977472,453753
977473,453753
977514,453753
977428,453753
976861,453753
976960,453753
977344,453753
977447,453753
977539,453753
977607,453753
977512,453753
977571,453753
977548,453753
977615,453753
977629,453753
977378,453753
977228,453753
977581,453753
977600,453753
977360,453753
977346,453753
977633,453753
977652,453753
977672,453753
977564,453753
977297,453753
977339,453753
977278,453753
977615,453753
977501,453753
977398,453753
976973,453753
977022,453753
976620,453753
977590,453753
977408,453753
977707,453753
977165,453753
977499,453753
977575,453753
977604,453753
977596,453753
977662,453753
977542,453753
977631,453753
977509,453753
977531,453753
977293,453753
977419,453753
977675,453753
977718,453753
977734,453753
977565,453753
977642,453753
977509,453753
977411,453753
977523,453753
977546,453753
977503,453753
977461,453753
977433,453753
977475,453753
977314,453753
977354,453753
977485,453753
977421,453753
977117,453753
977432,453753
977587,453753
977622,453753
977507,453753
977538,453753
977592,453753
977520,453753
977625,453753
977566,453753
977637,453753
977563,453753
977525,453753
977587,453753
977642,453753
977557,453753
977516,453753
977305,453753
976579,453753
977468,453753
977475,453753
977525,453753
977258,453753
976707,453753
977305,453753
977538,453753
977491,453753
976964,453753
977203,453753
977337,453753
976505,453753
977309,453753
977508,453753
977616,453753
977405,453753
977607,453753
976521,453753
977026,453753
977321,453753
977422,453753
977612,453753
977449,453753
977636,453753
977636,453753
977610,453753
977559,453753
977462,453753
977621,453753
977482,453753
977435,453753
977331,453753
976987,453753
976943,453753
977453,453753
977528,453753
977561,453753
977418,453753
977439,453753
977537,453753
977571,453753
977592,453753
977627,453753
977645,453753
977651,453753
977576,453753
977441,453753
977704,453753
977655,453753
977633,453753
977565,453753
977630,453753
977552,453753
977475,453753
977438,453753
977515,453753
977466,453753
977646,453753
977648,453753
977520,453753
977446,453753
977261,453753
977591,453753
977597,453753
977560,453753
977645,453753
977520,453753
976933,453753
977482,453753
977606,453753
977530,453753
977085,453753
977157,453753
977620,453753
977569,453753
977629,453753
977730,453546
