TRACE,NSNPS_JACKKNIFE
975627,453753
975605,453753
975483,453753
975520,453753
975442,453753
975519,453753
975402,453753
975362,453753
975476,453753
975404,453753
975449,453753
975207,453753
975563,453753
975402,453753
975520,453753
975454,453753
975333,453753
974982,453753
975072,453753
975281,453753
975487,453753
975546,453753
975447,453753
975487,453753
975558,453753
975454,453753
975251,453753
975261,453753
975404,453753
975393,453753
975408,453753
975357,453753
975385,453753
975313,453753
975474,453753
975438,453753
975414,453753
975383,453753
975474,453753
975479,453753
975527,453753
975461,453753
975375,453753
975021,453753
975134,453753
975341,453753
975422,453753
975435,453753
975511,453753
975545,453753
975553,453753
975119,453753
975281,453753
975333,453753
975193,453753
975442,453753
975404,453753
975097,453753
975269,453753
975244,453753
975432,453753
975518,453753
975555,453753
975440,453753
975413,453753
975461,453753
975399,453753
975381,453753
975365,453753
975266,453753
974959,453753
975468,453753
975489,453753
975600,453753
975607,453753
975533,453753
975614,453753
975479,453753
975616,453753
975482,453753
975226,453753
975491,453753
975593,453753
975651,453753
975612,453753
975530,453753
975595,453753
975611,453753
975507,453753
975490,453753
975182,453753
975157,453753
975488,453753
974248,453753
975449,453753
975355,453753
975449,453753
975437,453753
975442,453753
975543,453753
975324,453753
975339,453753
975282,453753
975170,453753
975207,453753
975269,453753
975473,453753
975494,453753
975464,453753
975462,453753
975487,453753
975417,453753
975315,453753
975136,453753
975049,453753
975225,453753
975398,453753
975459,453753
975355,453753
975166,453753
975261,453753
975566,453753
975321,453753
975387,453753
975470,453753
975398,453753
975293,453753
975393,453753
975289,453753
975444,453753
975242,453753
975390,453753
975323,453753
975441,453753
975261,453753
975420,453753
975501,453753
975465,453753
975207,453753
975425,453753
974923,453753
974815,453753
975366,453753
975282,453753
975274,453753
975200,453753
975383,453753
975392,453753
975444,453753
975480,453753
975500,453753
975538,453753
975513,453753
975469,453753
975485,453753
975526,453753
975516,453753
975514,453753
975576,453753
975471,453753
975430,453753
975436,453753
975487,453753
975644,453753
975612,453753
975550,453753
975536,453753
975543,453753
975450,453753
975422,453753
975321,453753
975461,453753
975508,453753
975493,453753
975495,453753
975455,453753
975471,453753
975392,453753
975300,453753
975319,453753
975320,453753
974183,453753
974313,453753
975423,453753
975283,453753
975557,453753
975518,453753
975564,453753
975521,453753
975455,453753
975596,453753
975548,453753
975146,453753
974767,453753
974777,453753
974563,453753
974941,453753
975215,453753
975466,453753
975325,453753
975314,453753
975502,453753
975447,453753
975053,453753
975415,453753
975429,453753
975379,453753
975480,453753
975325,453753
975137,453753
975388,453753
975483,453753
975492,453753
975543,453753
975292,453753
975298,453753
974871,453753
974899,453753
975227,453753
975040,453753
975575,453753
975537,453753
975487,453753
975462,453753
975372,453753
975525,453753
975597,453753
975514,453753
975546,453753
975551,453753
975393,453753
975152,453753
975190,453753
975614,453753
975619,453753
975578,453753
975374,453753
975309,453753
975140,453753
975475,453753
975325,453753
975521,453753
975578,453753
975445,453753
975450,453753
975401,453753
975425,453753
975432,453753
975487,453753
975114,453753
975057,453753
975452,453753
975427,453753
975207,453753
975367,453753
975300,453753
975323,453753
975409,453753
975121,453753
975376,453753
975560,453753
975327,453753
974792,453753
975303,453753
975328,453753
975250,453753
975293,453753
974722,453753
975479,453753
975451,453753
975392,453753
975051,453753
975333,453753
975285,453753
975233,453753
975205,453753
975517,453753
975481,453753
975347,453753
975178,453753
975350,453753
975254,453753
975425,453753
975437,453753
975286,453753
975459,453753
975515,453753
975373,453753
975458,453753
975555,453753
975596,453753
975557,453753
975595,453753
975545,453753
975575,453753
975540,453753
975415,453753
975455,453753
975607,453753
975499,453753
975573,453753
975498,453753
975664,453753
975395,453753
975569,453753
975549,453753
975450,453753
975474,453753
975371,453753
975529,453753
975583,453753
975429,453753
975216,453753
974677,453753
974466,453753
975269,453753
975440,453753
975200,453753
975225,453753
975396,453753
975461,453753
975489,453753
975420,453753
975424,453753
975365,453753
975212,453753
975277,453753
975371,453753
975365,453753
975254,453753
974734,453753
975324,453753
975416,453753
975473,453753
975408,453753
975471,453753
975267,453753
975408,453753
975469,453753
975199,453753
974988,453753
975374,453753
974854,453753
974848,453753
975381,453753
975160,453753
975508,453753
975288,453753
975309,453753
974382,453753
975452,453753
975452,453753
975482,453753
975639,453753
975659,453753
975596,453753
975615,453753
975618,453753
975483,453753
975466,453753
975533,453753
975578,453753
975495,453753
975560,453753
975434,453753
975509,453753
975468,453753
975514,453753
975407,453753
975496,453753
975489,453753
975370,453753
975364,453753
975458,453753
975389,453753
975473,453753
975279,453753
974737,453753
975211,453753
975190,453753
974210,453753
974866,453753
975183,453753
975372,453753
975230,453753
974983,453753
975020,453753
974905,453753
975258,453753
975501,453753
975370,453753
975197,453753
975251,453753
975415,453753
975350,453753
975238,453753
975295,453753
974916,453753
975114,453753
975448,453753
975427,453753
975455,453753
975447,453753
975451,453753
975568,453753
974639,453753
975363,453753
975359,453753
975410,453753
975467,453753
975505,453753
975501,453753
975367,453753
975514,453753
975599,453753
975595,453753
975571,453753
975470,453753
975124,453753
975290,453753
975365,453753
975477,453753
975517,453753
975318,453753
975523,453753
975494,453753
975505,453753
975487,453753
975258,453753
975412,453753
975391,453753
975533,453753
974921,453753
975455,453753
975448,453753
975431,453753
975473,453753
975319,453753
975340,453753
975332,453753
975315,453753
975124,453753
974096,453753
975317,453753
975381,453753
975464,453753
975556,453753
975557,453753
975340,453753
975262,453753
975384,453753
975476,453753
975030,453753
975175,453753
975527,453753
975397,453753
975488,453753
975387,453753
975248,453753
975200,453753
975213,453753
975345,453753
975574,453753
975295,453753
975586,453753
975539,453753
975352,453753
975472,453753
975536,453753
975385,453753
975640,453753
975616,453753
975552,453753
975341,453753
975273,453753
975422,453753
975340,453753
975500,453753
975513,453753
974870,453753
973694,453753
973963,453753
975416,453753
975482,453753
975487,453753
975387,453753
975409,453753
975162,453753
975512,453753
975449,453753
975495,453753
975247,453753
975360,453753
975387,453753
974555,453753
975189,453753
975441,453753
975400,453753
975409,453753
975321,453753
975380,453753
975540,453753
975537,453753
975384,453753
975265,453753
975382,453753
975216,453753
975313,453753
975398,453753
975568,453753
975326,453753
975346,453753
975379,453753
975119,453753
975114,453753
975495,453753
975461,453753
975580,453753
975545,453753
975604,453753
975397,453753
975500,453753
975530,453753
975500,453753
975559,453753
975510,453753
975417,453753
975393,453753
975547,453753
975577,453753
975425,453753
975551,453753
975571,453753
975541,453753
975501,453753
975232,453753
975529,453753
975359,453753
975543,453753
975112,453753
975411,453753
975037,453753
974726,453753
975444,453753
975310,453753
975416,453753
975541,453753
975394,453753
975445,453753
975529,453753
975470,453753
975537,453753
975470,453753
975295,453753
975166,453753
975430,453753
975366,453753
975346,453753
975537,453753
975415,453753
975268,453753
975442,453753
975342,453753
975490,453753
975442,453753
975330,453753
975479,453753
975430,453753
975581,453753
975523,453753
975627,453753
975380,453753
975426,453753
975554,453753
975542,453753
975523,453753
975476,453753
975531,453753
975547,453753
975508,453753
975512,453753
975507,453753
975279,453753
975288,453753
975429,453753
975457,453753
975507,453753
975363,453753
975017,453753
974579,453753
975306,453753
975451,453753
975486,453753
975236,453753
975420,453753
975266,453753
975325,453753
975328,453753
975500,453753
975326,453753
973966,453753
975450,453753
975528,453753
975398,453753
975492,453753
975251,453753
975343,453753
975425,453753
975307,453753
974985,453753
975436,453753
975391,453753
975504,453753
975509,453753
975558,453753
975456,453753
975509,453753
975467,453753
975583,453753
975457,453753
975653,453753
975481,453753
975376,453753
974284,453753
975541,453753
975090,453753
974800,453753
975296,453753
975247,453753
975577,453753
975424,453753
975475,453753
975637,453753
975610,453753
975456,453753
975280,453753
975300,453753
975449,453753
975508,453753
975395,453753
975351,453753
975436,453753
971259,453753
964647,453753
973449,453753
975223,453753
975197,453753
975128,453753
975485,453753
975274,453753
975422,453753
975554,453753
975372,453753
974436,453753
975108,453753
975178,453753
975398,453753
975548,453753
975405,453753
975218,453753
975229,453753
975331,453753
975361,453753
975458,453753
975509,453753
975509,453753
975626,453753
975514,453753
975222,453753
975590,453753
975534,453753
975576,453753
975568,453753
975398,453753
975466,453753
975566,453753
975586,453753
975569,453753
975314,453753
975509,453753
975490,453753
975453,453753
975437,453753
975536,453753
975542,453753
975386,453753
975409,453753
975062,453753
974050,453753
975241,453753
975374,453753
975016,453753
975264,453753
975233,453753
975276,453753
975289,453753
975438,453753
975524,453753
975429,453753
975353,453753
975510,453753
975408,453753
975101,453753
975149,453753
975455,453753
975403,453753
975240,453753
975474,453753
975431,453753
975430,453753
975532,453753
975318,453753
975293,453753
975531,453753
975589,453753
975367,453753
975068,453753
975622,453753
975627,453753
975621,453753
975634,453753
975413,453753
975253,453753
975636,453753
975481,453753
975441,453753
975544,453753
975564,453753
975553,453753
975478,453753
975484,453753
975466,453753
975464,453753
975532,453753
975331,453753
975334,453753
975038,453753
975292,453753
975234,453753
975270,453753
975395,453753
975564,453753
975413,453753
975435,453753
975372,453753
975225,453753
975358,453753
975494,453753
975402,453753
975469,453753
975485,453753
975504,453753
975670,453753
975606,453753
975579,453753
975426,453753
975558,453753
975432,453753
975545,453753
975533,453753
975517,453753
975470,453753
975515,453753
975620,453753
975469,453753
975285,453753
975223,453753
975216,453753
975423,453753
975470,453753
974876,453753
975492,453753
975301,453753
975346,453753
975315,453753
975328,453753
975253,453753
975445,453753
975339,453753
975427,453753
975406,453753
975464,453753
975563,453753
975491,453753
975411,453753
975609,453753
975533,453753
975549,453753
975495,453753
975345,453753
975509,453753
975647,453753
975585,453753
975512,453753
975625,453753
975537,453753
975444,453753
975140,453753
975476,453753
975195,453753
975467,453753
975448,453753
975543,453753
975487,453753
975312,453753
975480,453753
975565,453753
974767,453753
975145,453753
975212,453753
975469,453753
974730,453753
975486,453753
975458,453753
975557,453753
975652,453753
975568,453753
975616,453753
975602,453753
975426,453753
975552,453753
975333,453753
975354,453753
975609,453753
975519,453753
975560,453753
975500,453753
975480,453753
975549,453753
975617,453753
975428,453753
975491,453753
975586,453753
975255,453753
975237,453753
975555,453753
975456,453753
975564,453753
975397,453753
975431,453753
975462,453753
975438,453753
974848,453753
974963,453753
975262,453753
975411,453753
975527,453753
975552,453753
975465,453753
975504,453753
975531,453753
975584,453753
975561,453753
975331,453753
974979,453753
975471,453753
975548,453753
975400,453753
975323,453753
975611,453753
975620,453753
975646,453753
975516,453753
975287,453753
975261,453753
975238,453753
975614,453753
975440,453753
975340,453753
974943,453753
975033,453753
974547,453753
975560,453753
975370,453753
975626,453753
975144,453753
975463,453753
975537,453753
975558,453753
975555,453753
975612,453753
975533,453753
975588,453753
975471,453753
975449,453753
975297,453753
975373,453753
975632,453753
975674,453753
975672,453753
975568,453753
975588,453753
975534,453753
975379,453753
975481,453753
975458,453753
975416,453753
975430,453753
975380,453753
975420,453753
975271,453753
975303,453753
975419,453753
975377,453753
975082,453753
975409,453753
975501,453753
975564,453753
975450,453753
975476,453753
975585,453753
975534,453753
975577,453753
975500,453753
975592,453753
975539,453753
975509,453753
975560,453753
975624,453753
975525,453753
975462,453753
975282,453753
974464,453753
975395,453753
975429,453753
975515,453753
975104,453753
974591,453753
975296,453753
975512,453753
975423,453753
974946,453753
975196,453753
975304,453753
974544,453753
975293,453753
975492,453753
975505,453753
975316,453753
975612,453753
974588,453753
975074,453753
975311,453753
975329,453753
975593,453753
975347,453753
975602,453753
975613,453753
975596,453753
975537,453753
975488,453753
975561,453753
975467,453753
975407,453753
975335,453753
974945,453753
974787,453753
975395,453753
975495,453753
975519,453753
975373,453753
975427,453753
975529,453753
975535,453753
975546,453753
975601,453753
975654,453753
975599,453753
975489,453753
975353,453753
975613,453753
975638,453753
975570,453753
975518,453753
975554,453753
975481,453753
975437,453753
975397,453753
975397,453753
975453,453753
975548,453753
975604,453753
975468,453753
975380,453753
975266,453753
975580,453753
975539,453753
975537,453753
975610,453753
975480,453753
974969,453753
975403,453753
975582,453753
975450,453753
975009,453753
975132,453753
975571,453753
975571,453753
975592,453753
975661,453546
