TRACE,NSNPS_JACKKNIFE
975790,453753
975750,453753
975696,453753
975693,453753
975652,453753
975706,453753
975512,453753
975523,453753
975646,453753
975524,453753
975611,453753
975397,453753
975734,453753
975616,453753
975705,453753
975625,453753
975502,453753
975086,453753
975187,453753
975418,453753
975648,453753
975701,453753
975569,453753
975641,453753
975726,453753
975631,453753
975441,453753
975438,453753
975621,453753
975624,453753
975569,453753
975513,453753
975555,453753
975534,453753
975594,453753
975627,453753
975569,453753
975497,453753
975650,453753
975632,453753
975674,453753
975677,453753
975582,453753
975226,453753
975408,453753
975550,453753
975635,453753
975641,453753
975708,453753
975705,453753
975740,453753
975330,453753
975400,453753
975518,453753
975353,453753
975575,453753
975572,453753
975253,453753
975438,453753
975395,453753
975669,453753
975684,453753
975725,453753
975609,453753
975526,453753
975601,453753
975595,453753
975509,453753
975545,453753
975463,453753
975155,453753
975674,453753
975673,453753
975736,453753
975734,453753
975681,453753
975758,453753
975661,453753
975783,453753
975642,453753
975462,453753
975608,453753
975717,453753
975789,453753
975743,453753
975682,453753
975781,453753
975765,453753
975617,453753
975649,453753
975372,453753
975250,453753
975692,453753
974442,453753
975627,453753
975489,453753
975620,453753
975580,453753
975636,453753
975732,453753
975445,453753
975531,453753
975469,453753
975319,453753
975308,453753
975433,453753
975643,453753
975650,453753
975653,453753
975596,453753
975676,453753
975586,453753
975441,453753
975326,453753
975245,453753
975377,453753
975608,453753
975613,453753
975471,453753
975412,453753
975390,453753
975712,453753
975488,453753
975583,453753
975641,453753
975578,453753
975532,453753
975588,453753
975440,453753
975566,453753
975422,453753
975569,453753
975489,453753
975597,453753
975395,453753
975592,453753
975701,453753
975726,453753
975376,453753
975614,453753
975142,453753
974953,453753
975519,453753
975435,453753
975354,453753
975426,453753
975559,453753
975554,453753
975615,453753
975649,453753
975609,453753
975676,453753
975653,453753
975633,453753
975641,453753
975631,453753
975676,453753
975616,453753
975734,453753
975663,453753
975538,453753
975605,453753
975655,453753
975807,453753
975774,453753
975772,453753
975738,453753
975700,453753
975654,453753
975608,453753
975465,453753
975612,453753
975616,453753
975580,453753
975666,453753
975618,453753
975640,453753
975451,453753
975452,453753
975485,453753
975423,453753
974047,453753
974419,453753
975602,453753
975483,453753
975750,453753
975655,453753
975739,453753
975687,453753
975698,453753
975775,453753
975739,453753
975289,453753
975003,453753
974953,453753
974759,453753
975119,453753
975427,453753
975614,453753
975571,453753
975508,453753
975702,453753
975600,453753
975263,453753
975577,453753
975605,453753
975510,453753
975650,453753
975491,453753
975365,453753
975557,453753
975644,453753
975653,453753
975655,453753
975469,453753
975497,453753
974883,453753
975053,453753
975327,453753
975152,453753
975759,453753
975716,453753
975668,453753
975624,453753
975511,453753
975677,453753
975704,453753
975640,453753
975774,453753
975763,453753
975539,453753
975286,453753
975352,453753
975753,453753
975740,453753
975727,453753
975509,453753
975544,453753
975389,453753
975656,453753
975530,453753
975723,453753
975745,453753
975595,453753
975675,453753
975621,453753
975554,453753
975580,453753
975658,453753
975414,453753
975291,453753
975602,453753
975578,453753
975441,453753
975506,453753
975476,453753
975506,453753
975566,453753
975235,453753
975562,453753
975669,453753
975446,453753
974859,453753
975446,453753
975550,453753
975412,453753
975478,453753
974973,453753
975664,453753
975607,453753
975535,453753
975177,453753
975505,453753
975495,453753
975462,453753
975304,453753
975687,453753
975655,453753
975486,453753
975222,453753
975536,453753
975448,453753
975638,453753
975601,453753
975475,453753
975609,453753
975699,453753
975567,453753
975623,453753
975728,453753
975749,453753
975741,453753
975775,453753
975674,453753
975761,453753
975705,453753
975570,453753
975640,453753
975772,453753
975718,453753
975710,453753
975661,453753
975824,453753
975613,453753
975716,453753
975712,453753
975600,453753
975636,453753
975601,453753
975727,453753
975729,453753
975564,453753
975354,453753
974959,453753
974691,453753
975419,453753
975577,453753
975383,453753
975448,453753
975439,453753
975583,453753
975667,453753
975619,453753
975607,453753
975526,453753
975408,453753
975485,453753
975565,453753
975487,453753
975430,453753
974820,453753
975484,453753
975537,453753
975655,453753
975587,453753
975635,453753
975445,453753
975567,453753
975668,453753
975388,453753
975074,453753
975602,453753
974899,453753
974993,453753
975633,453753
975431,453753
975658,453753
975473,453753
975468,453753
974704,453753
975624,453753
975650,453753
975629,453753
975800,453753
975764,453753
975751,453753
975771,453753
975781,453753
975679,453753
975641,453753
975714,453753
975754,453753
975717,453753
975709,453753
975580,453753
975688,453753
975648,453753
975692,453753
975555,453753
975643,453753
975662,453753
975565,453753
975591,453753
975627,453753
975520,453753
975605,453753
975410,453753
974893,453753
975359,453753
975267,453753
974300,453753
975159,453753
975300,453753
975556,453753
975411,453753
975156,453753
975158,453753
975114,453753
975417,453753
975654,453753
975548,453753
975343,453753
975426,453753
975603,453753
975471,453753
975400,453753
975373,453753
975094,453753
975240,453753
975588,453753
975610,453753
975658,453753
975654,453753
975568,453753
975745,453753
974783,453753
975497,453753
975560,453753
975554,453753
975647,453753
975651,453753
975694,453753
975565,453753
975663,453753
975776,453753
975735,453753
975720,453753
975625,453753
975429,453753
975419,453753
975597,453753
975638,453753
975693,453753
975525,453753
975719,453753
975681,453753
975682,453753
975643,453753
975454,453753
975554,453753
975558,453753
975670,453753
975085,453753
975592,453753
975565,453753
975609,453753
975639,453753
975505,453753
975541,453753
975494,453753
975493,453753
975272,453753
974131,453753
975469,453753
975497,453753
975656,453753
975686,453753
975722,453753
975470,453753
975363,453753
975555,453753
975590,453753
975303,453753
975422,453753
975731,453753
975564,453753
975633,453753
975602,453753
975392,453753
975339,453753
975336,453753
975498,453753
975714,453753
975503,453753
975776,453753
975679,453753
975583,453753
975623,453753
975749,453753
975543,453753
975793,453753
975783,453753
975725,453753
975503,453753
975347,453753
975491,453753
975484,453753
975634,453753
975676,453753
975056,453753
973853,453753
974183,453753
975578,453753
975642,453753
975670,453753
975573,453753
975588,453753
975342,453753
975670,453753
975665,453753
975680,453753
975395,453753
975571,453753
975574,453753
974774,453753
975347,453753
975563,453753
975521,453753
975650,453753
975448,453753
975556,453753
975696,453753
975726,453753
975545,453753
975447,453753
975531,453753
975401,453753
975432,453753
975576,453753
975743,453753
975503,453753
975514,453753
975504,453753
975138,453753
975233,453753
975660,453753
975630,453753
975713,453753
975741,453753
975794,453753
975567,453753
975698,453753
975689,453753
975645,453753
975699,453753
975721,453753
975585,453753
975612,453753
975747,453753
975730,453753
975580,453753
975698,453753
975728,453753
975715,453753
975660,453753
975447,453753
975708,453753
975517,453753
975709,453753
975366,453753
975568,453753
975217,453753
975002,453753
975637,453753
975490,453753
975563,453753
975729,453753
975618,453753
975613,453753
975668,453753
975682,453753
975698,453753
975640,453753
975383,453753
975315,453753
975594,453753
975571,453753
975569,453753
975677,453753
975626,453753
975431,453753
975628,453753
975482,453753
975721,453753
975599,453753
975456,453753
975668,453753
975648,453753
975748,453753
975675,453753
975796,453753
975554,453753
975539,453753
975751,453753
975742,453753
975687,453753
975643,453753
975655,453753
975648,453753
975659,453753
975677,453753
975704,453753
975481,453753
975482,453753
975622,453753
975623,453753
975699,453753
975482,453753
975174,453753
974731,453753
975434,453753
975605,453753
975670,453753
975452,453753
975601,453753
975431,453753
975516,453753
975507,453753
975668,453753
975457,453753
973820,453753
975623,453753
975679,453753
975537,453753
975657,453753
975414,453753
975493,453753
975581,453753
975536,453753
975235,453753
975573,453753
975571,453753
975679,453753
975671,453753
975741,453753
975602,453753
975682,453753
975649,453753
975722,453753
975614,453753
975795,453753
975687,453753
975524,453753
974753,453753
975706,453753
975302,453753
975051,453753
975432,453753
975385,453753
975749,453753
975549,453753
975637,453753
975812,453753
975735,453753
975698,453753
975390,453753
975441,453753
975637,453753
975704,453753
975558,453753
975553,453753
975583,453753
971484,453753
965928,453753
973741,453753
975408,453753
975405,453753
975325,453753
975658,453753
975464,453753
975613,453753
975727,453753
975512,453753
974684,453753
975287,453753
975360,453753
975544,453753
975669,453753
975537,453753
975452,453753
975391,453753
975496,453753
975543,453753
975631,453753
975673,453753
975628,453753
975807,453753
975637,453753
975370,453753
975756,453753
975719,453753
975747,453753
975756,453753
975614,453753
975673,453753
975739,453753
975783,453753
975719,453753
975528,453753
975699,453753
975682,453753
975633,453753
975629,453753
975658,453753
975691,453753
975553,453753
975524,453753
975235,453753
974325,453753
975446,453753
975552,453753
975252,453753
975401,453753
975452,453753
975508,453753
975497,453753
975586,453753
975718,453753
975621,453753
975521,453753
975670,453753
975602,453753
975229,453753
975264,453753
975664,453753
975561,453753
975394,453753
975644,453753
975595,453753
975615,453753
975646,453753
975508,453753
975498,453753
975738,453753
975739,453753
975507,453753
975235,453753
975760,453753
975840,453753
975779,453753
975781,453753
975519,453753
975451,453753
975808,453753
975602,453753
975630,453753
975736,453753
975749,453753
975714,453753
975667,453753
975677,453753
975603,453753
975615,453753
975659,453753
975520,453753
975442,453753
975144,453753
975458,453753
975439,453753
975442,453753
975573,453753
975776,453753
975609,453753
975590,453753
975514,453753
975432,453753
975531,453753
975669,453753
975574,453753
975642,453753
975649,453753
975657,453753
975843,453753
975758,453753
975743,453753
975610,453753
975680,453753
975594,453753
975701,453753
975795,453753
975705,453753
975616,453753
975705,453753
975798,453753
975609,453753
975460,453753
975341,453753
975327,453753
975595,453753
975634,453753
975039,453753
975693,453753
975528,453753
975484,453753
975504,453753
975515,453753
975512,453753
975598,453753
975526,453753
975595,453753
975609,453753
975610,453753
975679,453753
975642,453753
975562,453753
975798,453753
975727,453753
975762,453753
975680,453753
975511,453753
975647,453753
975805,453753
975794,453753
975639,453753
975771,453753
975753,453753
975606,453753
975334,453753
975643,453753
975344,453753
975623,453753
975697,453753
975754,453753
975635,453753
975526,453753
975617,453753
975700,453753
974981,453753
975335,453753
975423,453753
975647,453753
974972,453753
975649,453753
975591,453753
975722,453753
975845,453753
975768,453753
975790,453753
975760,453753
975647,453753
975724,453753
975444,453753
975483,453753
975782,453753
975716,453753
975699,453753
975576,453753
975661,453753
975722,453753
975810,453753
975624,453753
975663,453753
975740,453753
975500,453753
975331,453753
975722,453753
975605,453753
975704,453753
975599,453753
975611,453753
975629,453753
975627,453753
975057,453753
975202,453753
975490,453753
975582,453753
975678,453753
975762,453753
975654,453753
975689,453753
975674,453753
975761,453753
975729,453753
975463,453753
975247,453753
975682,453753
975690,453753
975588,453753
975451,453753
975789,453753
975769,453753
975817,453753
975717,453753
975514,453753
975366,453753
975354,453753
975771,453753
975626,453753
975499,453753
975037,453753
975173,453753
974725,453753
975686,453753
975590,453753
975779,453753
975239,453753
975584,453753
975693,453753
975677,453753
975736,453753
975765,453753
975681,453753
975723,453753
975635,453753
975610,453753
975408,453753
975513,453753
975792,453753
975856,453753
975856,453753
975743,453753
975777,453753
975696,453753
975502,453753
975654,453753
975631,453753
975617,453753
975575,453753
975535,453753
975612,453753
975393,453753
975454,453753
975622,453753
975545,453753
975237,453753
975598,453753
975692,453753
975715,453753
975583,453753
975640,453753
975699,453753
975640,453753
975723,453753
975640,453753
975735,453753
975736,453753
975680,453753
975758,453753
975792,453753
975710,453753
975635,453753
975386,453753
974592,453753
975532,453753
975568,453753
975627,453753
975340,453753
974978,453753
975505,453753
975682,453753
975614,453753
975165,453753
975372,453753
975378,453753
974717,453753
975492,453753
975691,453753
975708,453753
975519,453753
975795,453753
974718,453753
975238,453753
975463,453753
975540,453753
975759,453753
975506,453753
975773,453753
975775,453753
975781,453753
975709,453753
975626,453753
975718,453753
975612,453753
975590,453753
975473,453753
975162,453753
974996,453753
975555,453753
975671,453753
975697,453753
975559,453753
975599,453753
975727,453753
975681,453753
975759,453753
975802,453753
975789,453753
975807,453753
975711,453753
975509,453753
975800,453753
975768,453753
975703,453753
975650,453753
975767,453753
975638,453753
975586,453753
975599,453753
975642,453753
975638,453753
975706,453753
975788,453753
975649,453753
975575,453753
975379,453753
975758,453753
975728,453753
975675,453753
975754,453753
975615,453753
975173,453753
975575,453753
975747,453753
975657,453753
975282,453753
975333,453753
975789,453753
975683,453753
975766,453753
975868,453546
