TRACE,NSNPS_JACKKNIFE
976973,453753
976998,453753
976888,453753
976917,453753
976843,453753
976941,453753
976745,453753
976702,453753
976879,453753
976741,453753
976860,453753
976575,453753
976941,453753
976818,453753
976923,453753
976860,453753
976754,453753
976310,453753
976404,453753
976648,453753
976901,453753
976945,453753
976783,453753
976872,453753
976936,453753
976860,453753
976656,453753
976631,453753
976772,453753
976784,453753
976842,453753
976756,453753
976764,453753
976754,453753
976843,453753
976828,453753
976787,453753
976710,453753
976833,453753
976893,453753
976869,453753
976881,453753
976765,453753
976437,453753
976548,453753
976762,453753
976820,453753
976831,453753
976904,453753
976905,453753
976914,453753
976521,453753
976643,453753
976752,453753
976569,453753
976809,453753
976784,453753
976439,453753
976695,453753
976615,453753
976856,453753
976951,453753
976912,453753
976817,453753
976782,453753
976896,453753
976799,453753
976722,453753
976725,453753
976640,453753
976292,453753
976849,453753
976877,453753
977008,453753
976964,453753
976928,453753
976959,453753
976863,453753
976986,453753
976797,453753
976583,453753
976867,453753
976952,453753
977017,453753
976986,453753
976919,453753
976954,453753
976975,453753
976912,453753
976847,453753
976587,453753
976502,453753
976855,453753
975276,453753
976837,453753
976691,453753
976845,453753
976861,453753
976837,453753
976965,453753
976716,453753
976758,453753
976616,453753
976462,453753
976579,453753
976651,453753
976849,453753
976872,453753
976836,453753
976812,453753
976865,453753
976801,453753
976628,453753
976498,453753
976482,453753
976577,453753
976829,453753
976790,453753
976647,453753
976592,453753
976631,453753
976952,453753
976719,453753
976769,453753
976883,453753
976716,453753
976716,453753
976770,453753
976580,453753
976744,453753
976711,453753
976757,453753
976742,453753
976792,453753
976671,453753
976815,453753
976844,453753
976907,453753
976589,453753
976821,453753
976255,453753
976171,453753
976699,453753
976620,453753
976634,453753
976538,453753
976756,453753
976753,453753
976820,453753
976868,453753
976776,453753
976886,453753
976904,453753
976859,453753
976802,453753
976834,453753
976867,453753
976888,453753
976958,453753
976838,453753
976838,453753
976803,453753
976920,453753
977005,453753
976992,453753
976963,453753
976892,453753
976912,453753
976897,453753
976839,453753
976623,453753
976827,453753
976867,453753
976825,453753
976928,453753
976880,453753
976852,453753
976699,453753
976712,453753
976730,453753
976664,453753
975353,453753
975630,453753
976777,453753
976628,453753
976951,453753
976887,453753
976900,453753
976938,453753
976852,453753
977006,453753
976929,453753
976567,453753
976131,453753
976260,453753
975939,453753
976255,453753
976594,453753
976804,453753
976756,453753
976748,453753
976835,453753
976832,453753
976483,453753
976803,453753
976826,453753
976760,453753
976825,453753
976687,453753
976487,453753
976773,453753
976854,453753
976887,453753
976861,453753
976635,453753
976723,453753
976219,453753
976291,453753
976527,453753
976409,453753
977001,453753
976953,453753
976847,453753
976883,453753
976673,453753
976933,453753
976966,453753
976885,453753
976940,453753
976956,453753
976786,453753
976532,453753
976574,453753
976996,453753
976952,453753
976930,453753
976797,453753
976750,453753
976605,453753
976880,453753
976707,453753
976946,453753
976980,453753
976838,453753
976852,453753
976753,453753
976795,453753
976883,453753
976908,453753
976589,453753
976509,453753
976826,453753
976858,453753
976689,453753
976687,453753
976667,453753
976747,453753
976822,453753
976491,453753
976801,453753
976949,453753
976599,453753
976091,453753
976744,453753
976748,453753
976643,453753
976687,453753
976067,453753
976870,453753
976808,453753
976772,453753
976326,453753
976787,453753
976732,453753
976672,453753
976588,453753
976914,453753
976875,453753
976733,453753
976542,453753
976746,453753
976709,453753
976876,453753
976826,453753
976662,453753
976857,453753
976910,453753
976769,453753
976763,453753
976934,453753
976959,453753
976967,453753
976976,453753
976886,453753
976961,453753
976920,453753
976862,453753
976844,453753
976984,453753
976956,453753
976956,453753
976883,453753
977038,453753
976798,453753
976921,453753
976911,453753
976787,453753
976847,453753
976831,453753
976973,453753
976935,453753
976814,453753
976555,453753
976069,453753
975798,453753
976664,453753
976855,453753
976647,453753
976665,453753
976718,453753
976798,453753
976914,453753
976830,453753
976816,453753
976684,453753
976583,453753
976706,453753
976700,453753
976715,453753
976638,453753
975996,453753
976716,453753
976835,453753
976869,453753
976809,453753
976845,453753
976675,453753
976830,453753
976894,453753
976607,453753
976432,453753
976748,453753
976255,453753
976186,453753
976811,453753
976577,453753
976849,453753
976648,453753
976707,453753
975590,453753
976828,453753
976843,453753
976859,453753
977015,453753
977044,453753
976961,453753
976987,453753
976994,453753
976921,453753
976846,453753
976895,453753
976977,453753
976875,453753
976936,453753
976789,453753
976909,453753
976826,453753
976959,453753
976782,453753
976867,453753
976857,453753
976761,453753
976831,453753
976852,453753
976789,453753
976836,453753
976613,453753
976074,453753
976550,453753
976549,453753
975644,453753
976214,453753
976638,453753
976753,453753
976655,453753
976421,453753
976457,453753
976454,453753
976674,453753
976865,453753
976745,453753
976576,453753
976674,453753
976791,453753
976736,453753
976623,453753
976659,453753
976373,453753
976507,453753
976819,453753
976843,453753
976844,453753
976832,453753
976817,453753
976952,453753
976170,453753
976738,453753
976763,453753
976724,453753
976886,453753
976922,453753
976927,453753
976851,453753
976908,453753
976977,453753
976923,453753
976925,453753
976850,453753
976568,453753
976682,453753
976808,453753
976849,453753
976878,453753
976728,453753
976931,453753
976869,453753
976917,453753
976892,453753
976622,453753
976762,453753
976786,453753
976922,453753
976374,453753
976824,453753
976837,453753
976849,453753
976857,453753
976725,453753
976758,453753
976714,453753
976707,453753
976460,453753
975301,453753
976687,453753
976755,453753
976866,453753
976969,453753
976924,453753
976722,453753
976597,453753
976834,453753
976878,453753
976488,453753
976565,453753
976950,453753
976804,453753
976870,453753
976808,453753
976674,453753
976557,453753
976627,453753
976710,453753
976952,453753
976703,453753
977019,453753
976914,453753
976765,453753
976851,453753
976930,453753
976806,453753
977020,453753
977012,453753
976946,453753
976720,453753
976663,453753
976790,453753
976719,453753
976871,453753
976907,453753
976427,453753
975350,453753
975785,453753
976831,453753
976788,453753
976817,453753
976722,453753
976837,453753
976656,453753
976914,453753
976837,453753
976885,453753
976625,453753
976805,453753
976759,453753
975976,453753
976563,453753
976764,453753
976723,453753
976814,453753
976648,453753
976762,453753
976941,453753
976915,453753
976756,453753
976632,453753
976814,453753
976594,453753
976659,453753
976755,453753
976952,453753
976778,453753
976698,453753
976734,453753
976448,453753
976550,453753
976894,453753
976877,453753
976924,453753
976918,453753
976987,453753
976738,453753
976880,453753
976880,453753
976871,453753
976930,453753
976915,453753
976817,453753
976795,453753
976960,453753
976953,453753
976790,453753
976979,453753
976976,453753
976936,453753
976914,453753
976661,453753
976920,453753
976690,453753
976924,453753
976508,453753
976804,453753
976393,453753
976112,453753
976838,453753
976703,453753
976808,453753
976947,453753
976827,453753
976815,453753
976854,453753
976857,453753
976922,453753
976886,453753
976688,453753
976591,453753
976820,453753
976724,453753
976740,453753
976886,453753
976791,453753
976662,453753
976853,453753
976703,453753
976931,453753
976766,453753
976668,453753
976877,453753
976881,453753
976977,453753
976860,453753
976983,453753
976801,453753
976796,453753
976943,453753
976931,453753
976865,453753
976836,453753
976898,453753
976857,453753
976868,453753
976850,453753
976926,453753
976666,453753
976689,453753
976807,453753
976838,453753
976917,453753
976730,453753
976423,453753
976061,453753
976762,453753
976760,453753
976840,453753
976691,453753
976814,453753
976671,453753
976717,453753
976724,453753
976853,453753
976706,453753
975167,453753
976881,453753
976922,453753
976736,453753
976845,453753
976670,453753
976698,453753
976801,453753
976616,453753
976345,453753
976790,453753
976834,453753
976900,453753
976893,453753
976958,453753
976845,453753
976883,453753
976888,453753
976942,453753
976845,453753
977021,453753
976869,453753
976778,453753
976028,453753
976924,453753
976507,453753
976287,453753
976656,453753
976588,453753
976928,453753
976785,453753
976827,453753
977014,453753
976943,453753
976903,453753
976639,453753
976728,453753
976826,453753
976921,453753
976853,453753
976772,453753
976846,453753
973072,453753
967119,453753
974939,453753
976636,453753
976567,453753
976491,453753
976862,453753
976660,453753
976828,453753
976918,453753
976773,453753
975911,453753
976552,453753
976561,453753
976764,453753
976954,453753
976806,453753
976603,453753
976550,453753
976732,453753
976732,453753
976858,453753
976886,453753
976894,453753
977011,453753
976886,453753
976556,453753
976981,453753
976930,453753
976966,453753
976996,453753
976866,453753
976845,453753
976924,453753
976964,453753
976924,453753
976787,453753
976872,453753
976878,453753
976832,453753
976788,453753
976845,453753
976918,453753
976782,453753
976773,453753
976428,453753
975541,453753
976608,453753
976749,453753
976468,453753
976591,453753
976672,453753
976673,453753
976681,453753
976806,453753
976922,453753
976866,453753
976723,453753
976878,453753
976808,453753
976517,453753
976533,453753
976872,453753
976730,453753
976615,453753
976851,453753
976826,453753
976808,453753
976875,453753
976689,453753
976694,453753
976962,453753
976961,453753
976659,453753
976531,453753
977003,453753
977037,453753
976994,453753
977008,453753
976800,453753
976657,453753
977002,453753
976772,453753
976770,453753
976911,453753
976961,453753
976949,453753
976917,453753
976846,453753
976832,453753
976831,453753
976920,453753
976706,453753
976712,453753
976442,453753
976688,453753
976634,453753
976648,453753
976761,453753
976954,453753
976769,453753
976805,453753
976724,453753
976628,453753
976732,453753
976913,453753
976784,453753
976812,453753
976880,453753
976898,453753
977078,453753
977035,453753
976960,453753
976782,453753
976929,453753
976765,453753
976937,453753
976976,453753
976905,453753
976906,453753
976937,453753
977019,453753
976835,453753
976660,453753
976616,453753
976608,453753
976812,453753
976829,453753
976100,453753
976886,453753
976686,453753
976700,453753
976749,453753
976709,453753
976591,453753
976842,453753
976744,453753
976791,453753
976819,453753
976872,453753
976881,453753
976873,453753
976813,453753
976999,453753
976959,453753
976947,453753
976921,453753
976737,453753
976864,453753
977021,453753
977029,453753
976913,453753
977020,453753
976965,453753
976795,453753
976449,453753
976897,453753
976570,453753
976859,453753
976819,453753
976937,453753
976866,453753
976756,453753
976845,453753
976945,453753
976169,453753
976482,453753
976609,453753
976841,453753
976169,453753
976865,453753
976791,453753
976939,453753
977055,453753
976965,453753
976981,453753
976931,453753
976853,453753
976958,453753
976637,453753
976700,453753
977010,453753
976897,453753
976882,453753
976854,453753
976890,453753
976906,453753
976991,453753
976804,453753
976893,453753
976943,453753
976687,453753
976582,453753
976986,453753
976863,453753
976953,453753
976821,453753
976800,453753
976870,453753
976811,453753
976254,453753
976400,453753
976753,453753
976813,453753
976899,453753
976971,453753
976849,453753
976906,453753
976886,453753
976961,453753
976991,453753
976690,453753
976368,453753
976920,453753
976927,453753
976806,453753
976725,453753
976957,453753
977015,453753
977034,453753
976922,453753
976788,453753
976629,453753
976630,453753
977017,453753
976934,453753
976694,453753
976392,453753
976338,453753
975750,453753
976917,453753
976790,453753
977041,453753
976402,453753
976884,453753
976932,453753
976882,453753
976954,453753
977011,453753
976928,453753
976935,453753
976889,453753
976868,453753
976676,453753
976800,453753
977023,453753
977071,453753
977073,453753
976933,453753
977001,453753
976934,453753
976777,453753
976880,453753
976885,453753
976801,453753
976778,453753
976754,453753
976823,453753
976674,453753
976744,453753
976821,453753
976762,453753
976515,453753
976860,453753
976914,453753
976950,453753
976814,453753
976895,453753
976961,453753
976858,453753
976971,453753
976879,453753
976999,453753
976934,453753
976881,453753
976913,453753
976987,453753
976907,453753
976868,453753
976591,453753
975827,453753
976731,453753
976747,453753
976821,453753
976577,453753
976111,453753
976701,453753
976888,453753
976822,453753
976305,453753
976573,453753
976611,453753
975958,453753
976706,453753
976894,453753
976943,453753
976675,453753
976997,453753
975939,453753
976404,453753
976656,453753
976713,453753
977002,453753
976805,453753
976979,453753
976982,453753
977005,453753
976929,453753
976884,453753
976968,453753
976844,453753
976693,453753
976675,453753
976399,453753
976317,453753
976761,453753
976879,453753
976898,453753
976731,453753
976813,453753
976888,453753
976903,453753
976966,453753
976974,453753
976995,453753
976984,453753
976905,453753
976723,453753
977019,453753
977028,453753
976904,453753
976865,453753
976946,453753
976902,453753
976782,453753
976822,453753
976865,453753
976812,453753
976900,453753
977019,453753
976892,453753
976778,453753
976460,453753
976951,453753
976939,453753
976868,453753
976959,453753
976869,453753
976254,453753
976755,453753
976935,453753
976894,453753
976472,453753
976535,453753
977000,453753
976928,453753
976979,453753
977145,453546
