TRACE,NSNPS_JACKKNIFE
978345,453753
978360,453753
978283,453753
978250,453753
978214,453753
978311,453753
978198,453753
978100,453753
978237,453753
978139,453753
978237,453753
977970,453753
978352,453753
978156,453753
978300,453753
978249,453753
978149,453753
977710,453753
977759,453753
978005,453753
978262,453753
978330,453753
978164,453753
978269,453753
978303,453753
978267,453753
978038,453753
977972,453753
978216,453753
978207,453753
978218,453753
978122,453753
978166,453753
978136,453753
978217,453753
978197,453753
978156,453753
978112,453753
978210,453753
978241,453753
978323,453753
978244,453753
978198,453753
977877,453753
977940,453753
978105,453753
978180,453753
978268,453753
978309,453753
978315,453753
978272,453753
977853,453753
977982,453753
978065,453753
977961,453753
978174,453753
978147,453753
977850,453753
978068,453753
977989,453753
978201,453753
978324,453753
978305,453753
978256,453753
978139,453753
978286,453753
978236,453753
978099,453753
978132,453753
978067,453753
977708,453753
978252,453753
978293,453753
978396,453753
978353,453753
978291,453753
978375,453753
978277,453753
978384,453753
978252,453753
977958,453753
978214,453753
978338,453753
978410,453753
978391,453753
978290,453753
978353,453753
978400,453753
978260,453753
978269,453753
978017,453753
977900,453753
978228,453753
976791,453753
978219,453753
978108,453753
978224,453753
978228,453753
978250,453753
978301,453753
978007,453753
978131,453753
977983,453753
977854,453753
977968,453753
977945,453753
978232,453753
978275,453753
978223,453753
978197,453753
978310,453753
978179,453753
978047,453753
977902,453753
977925,453753
977926,453753
978250,453753
978176,453753
978061,453753
977993,453753
978069,453753
978334,453753
978066,453753
978189,453753
978239,453753
978122,453753
978079,453753
978141,453753
978020,453753
978199,453753
978093,453753
978141,453753
978023,453753
978194,453753
977984,453753
978217,453753
978297,453753
978266,453753
977990,453753
978258,453753
977786,453753
977551,453753
978138,453753
978014,453753
978005,453753
977985,453753
978148,453753
978106,453753
978208,453753
978233,453753
978226,453753
978315,453753
978281,453753
978219,453753
978169,453753
978232,453753
978245,453753
978302,453753
978358,453753
978245,453753
978173,453753
978170,453753
978293,453753
978419,453753
978355,453753
978366,453753
978276,453753
978313,453753
978252,453753
978204,453753
978110,453753
978195,453753
978267,453753
978226,453753
978254,453753
978164,453753
978245,453753
978083,453753
978037,453753
978120,453753
978046,453753
976801,453753
977096,453753
978164,453753
978091,453753
978338,453753
978290,453753
978306,453753
978331,453753
978187,453753
978395,453753
978339,453753
978002,453753
977379,453753
977592,453753
977373,453753
977634,453753
977964,453753
978218,453753
978148,453753
978081,453753
978292,453753
978248,453753
977910,453753
978174,453753
978205,453753
978160,453753
978219,453753
978107,453753
977906,453753
978141,453753
978242,453753
978307,453753
978303,453753
978068,453753
978129,453753
977522,453753
977613,453753
977851,453753
977815,453753
978377,453753
978296,453753
978288,453753
978278,453753
978124,453753
978260,453753
978379,453753
978311,453753
978354,453753
978350,453753
978166,453753
977847,453753
977980,453753
978369,453753
978372,453753
978345,453753
978180,453753
978179,453753
977947,453753
978252,453753
978109,453753
978271,453753
978351,453753
978220,453753
978209,453753
978210,453753
978201,453753
978236,453753
978238,453753
977940,453753
977851,453753
978210,453753
978155,453753
977998,453753
978095,453753
978082,453753
978107,453753
978099,453753
977805,453753
978193,453753
978295,453753
978054,453753
977399,453753
978152,453753
978139,453753
978069,453753
978059,453753
977250,453753
978252,453753
978181,453753
978093,453753
977737,453753
978142,453753
978064,453753
978073,453753
977875,453753
978262,453753
978278,453753
978159,453753
977955,453753
978196,453753
978066,453753
978239,453753
978169,453753
978021,453753
978212,453753
978274,453753
978112,453753
978218,453753
978308,453753
978358,453753
978322,453753
978388,453753
978295,453753
978352,453753
978272,453753
978174,453753
978171,453753
978386,453753
978280,453753
978308,453753
978294,453753
978412,453753
978203,453753
978325,453753
978292,453753
978208,453753
978248,453753
978184,453753
978350,453753
978309,453753
978183,453753
977954,453753
977565,453753
977126,453753
978034,453753
978207,453753
977934,453753
978008,453753
978080,453753
978140,453753
978267,453753
978182,453753
978240,453753
978063,453753
978030,453753
978102,453753
978128,453753
978099,453753
978035,453753
977446,453753
978095,453753
978153,453753
978239,453753
978232,453753
978213,453753
978079,453753
978151,453753
978272,453753
977993,453753
977827,453753
978163,453753
977622,453753
977513,453753
978178,453753
977997,453753
978258,453753
978082,453753
978044,453753
976826,453753
978200,453753
978246,453753
978242,453753
978407,453753
978417,453753
978339,453753
978363,453753
978363,453753
978278,453753
978270,453753
978244,453753
978380,453753
978297,453753
978327,453753
978129,453753
978332,453753
978204,453753
978304,453753
978150,453753
978231,453753
978238,453753
978198,453753
978203,453753
978245,453753
978143,453753
978170,453753
978011,453753
977466,453753
977975,453753
977952,453753
977171,453753
977619,453753
977907,453753
978176,453753
977981,453753
977739,453753
977819,453753
977739,453753
978076,453753
978239,453753
978106,453753
977941,453753
978018,453753
978165,453753
978120,453753
978056,453753
977993,453753
977699,453753
977887,453753
978208,453753
978175,453753
978201,453753
978279,453753
978146,453753
978372,453753
977417,453753
978049,453753
978096,453753
978187,453753
978242,453753
978254,453753
978281,453753
978242,453753
978279,453753
978358,453753
978318,453753
978296,453753
978269,453753
977916,453753
978104,453753
978207,453753
978245,453753
978275,453753
978116,453753
978302,453753
978265,453753
978278,453753
978263,453753
978036,453753
978193,453753
978205,453753
978286,453753
977714,453753
978186,453753
978209,453753
978192,453753
978255,453753
978097,453753
978143,453753
978119,453753
978067,453753
977834,453753
976845,453753
978038,453753
978159,453753
978255,453753
978301,453753
978319,453753
978099,453753
977965,453753
978153,453753
978217,453753
977945,453753
977991,453753
978322,453753
978185,453753
978246,453753
978197,453753
978055,453753
977961,453753
977931,453753
978122,453753
978304,453753
978107,453753
978381,453753
978341,453753
978145,453753
978238,453753
978346,453753
978186,453753
978384,453753
978395,453753
978310,453753
978063,453753
977962,453753
978157,453753
978091,453753
978244,453753
978287,453753
977603,453753
976195,453753
976720,453753
978180,453753
978238,453753
978279,453753
978109,453753
978181,453753
977915,453753
978275,453753
978221,453753
978279,453753
978030,453753
978159,453753
978128,453753
977405,453753
977946,453753
978137,453753
978078,453753
978245,453753
978085,453753
978125,453753
978287,453753
978329,453753
978198,453753
978112,453753
978153,453753
977991,453753
978053,453753
978179,453753
978316,453753
978155,453753
978097,453753
978124,453753
977927,453753
977883,453753
978258,453753
978212,453753
978279,453753
978325,453753
978349,453753
978167,453753
978302,453753
978278,453753
978254,453753
978275,453753
978295,453753
978267,453753
978170,453753
978337,453753
978342,453753
978205,453753
978282,453753
978361,453753
978278,453753
978269,453753
978091,453753
978317,453753
978096,453753
978351,453753
977949,453753
978132,453753
977831,453753
977620,453753
978205,453753
978072,453753
978144,453753
978307,453753
978212,453753
978148,453753
978248,453753
978258,453753
978299,453753
978243,453753
978040,453753
977870,453753
978149,453753
978147,453753
978178,453753
978293,453753
978173,453753
978026,453753
978217,453753
978091,453753
978268,453753
978153,453753
978046,453753
978292,453753
978292,453753
978338,453753
978265,453753
978392,453753
978148,453753
978123,453753
978303,453753
978304,453753
978284,453753
978269,453753
978257,453753
978289,453753
978262,453753
978295,453753
978292,453753
978026,453753
978097,453753
978204,453753
978243,453753
978312,453753
978140,453753
977799,453753
977331,453753
978073,453753
978183,453753
978214,453753
978062,453753
978195,453753
978024,453753
978113,453753
978113,453753
978232,453753
978061,453753
976398,453753
978235,453753
978285,453753
978141,453753
978215,453753
978048,453753
978124,453753
978190,453753
978041,453753
977828,453753
978141,453753
978149,453753
978290,453753
978287,453753
978361,453753
978197,453753
978250,453753
978168,453753
978332,453753
978223,453753
978398,453753
978209,453753
978080,453753
977298,453753
978287,453753
977937,453753
977727,453753
978086,453753
978033,453753
978330,453753
978148,453753
978220,453753
978396,453753
978350,453753
978260,453753
978093,453753
978110,453753
978213,453753
978325,453753
978220,453753
978148,453753
978193,453753
974524,453753
968289,453753
976380,453753
978008,453753
977926,453753
977840,453753
978225,453753
978048,453753
978207,453753
978302,453753
978084,453753
977339,453753
977914,453753
978006,453753
978179,453753
978264,453753
978119,453753
977987,453753
977971,453753
978063,453753
978164,453753
978244,453753
978261,453753
978262,453753
978399,453753
978258,453753
977934,453753
978400,453753
978306,453753
978356,453753
978350,453753
978196,453753
978284,453753
978322,453753
978377,453753
978291,453753
978107,453753
978250,453753
978263,453753
978219,453753
978215,453753
978209,453753
978297,453753
978217,453753
978192,453753
977882,453753
976979,453753
978020,453753
978200,453753
977854,453753
978069,453753
978079,453753
978092,453753
978039,453753
978175,453753
978296,453753
978251,453753
978197,453753
978223,453753
978158,453753
977823,453753
977901,453753
978271,453753
978181,453753
978027,453753
978268,453753
978231,453753
978249,453753
978227,453753
978059,453753
978102,453753
978320,453753
978371,453753
978070,453753
977895,453753
978383,453753
978446,453753
978377,453753
978381,453753
978156,453753
977987,453753
978384,453753
978208,453753
978213,453753
978294,453753
978330,453753
978322,453753
978262,453753
978221,453753
978213,453753
978263,453753
978341,453753
978069,453753
978047,453753
977746,453753
978031,453753
978054,453753
978001,453753
978190,453753
978381,453753
978159,453753
978174,453753
978141,453753
978034,453753
978125,453753
978263,453753
978142,453753
978250,453753
978253,453753
978292,453753
978405,453753
978376,453753
978329,453753
978196,453753
978299,453753
978176,453753
978328,453753
978365,453753
978359,453753
978264,453753
978349,453753
978404,453753
978218,453753
978082,453753
977982,453753
978001,453753
978159,453753
978230,453753
977604,453753
978290,453753
978090,453753
978116,453753
978033,453753
978117,453753
978014,453753
978226,453753
978150,453753
978179,453753
978176,453753
978214,453753
978275,453753
978247,453753
978222,453753
978363,453753
978393,453753
978348,453753
978281,453753
978108,453753
978296,453753
978414,453753
978383,453753
978312,453753
978386,453753
978297,453753
978187,453753
977840,453753
978243,453753
977896,453753
978182,453753
978202,453753
978302,453753
978219,453753
978121,453753
978233,453753
978341,453753
977602,453753
977854,453753
977966,453753
978215,453753
977457,453753
978227,453753
978241,453753
978322,453753
978438,453753
978336,453753
978422,453753
978344,453753
978254,453753
978334,453753
978027,453753
978065,453753
978410,453753
978290,453753
978285,453753
978266,453753
978274,453753
978271,453753
978310,453753
978208,453753
978244,453753
978342,453753
978034,453753
977935,453753
978323,453753
978242,453753
978348,453753
978176,453753
978167,453753
978225,453753
978178,453753
977664,453753
977819,453753
978101,453753
978197,453753
978322,453753
978339,453753
978257,453753
978297,453753
978275,453753
978354,453753
978358,453753
978096,453753
977745,453753
978231,453753
978328,453753
978162,453753
978066,453753
978392,453753
978392,453753
978416,453753
978278,453753
978050,453753
977975,453753
978008,453753
978367,453753
978233,453753
978109,453753
977745,453753
977765,453753
977230,453753
978307,453753
978221,453753
978423,453753
977894,453753
978247,453753
978316,453753
978311,453753
978314,453753
978384,453753
978315,453753
978376,453753
978227,453753
978233,453753
978008,453753
978128,453753
978429,453753
978468,453753
978472,453753
978322,453753
978384,453753
978317,453753
978163,453753
978251,453753
978238,453753
978207,453753
978183,453753
978134,453753
978204,453753
977991,453753
978084,453753
978192,453753
978177,453753
977878,453753
978165,453753
978292,453753
978304,453753
978185,453753
978243,453753
978331,453753
978276,453753
978379,453753
978248,453753
978336,453753
978277,453753
978246,453753
978362,453753
978383,453753
978267,453753
978295,453753
978039,453753
977281,453753
978150,453753
978165,453753
978192,453753
977940,453753
977466,453753
978089,453753
978253,453753
978184,453753
977640,453753
977945,453753
977977,453753
977268,453753
978112,453753
978262,453753
978301,453753
978063,453753
978381,453753
977232,453753
977802,453753
978037,453753
978111,453753
978389,453753
978135,453753
978352,453753
978368,453753
978353,453753
978277,453753
978205,453753
978328,453753
978180,453753
978196,453753
978079,453753
977692,453753
977632,453753
978170,453753
978270,453753
978324,453753
978143,453753
978217,453753
978304,453753
978312,453753
978334,453753
978371,453753
978408,453753
978404,453753
978312,453753
978159,453753
978416,453753
978389,453753
978344,453753
978268,453753
978329,453753
978243,453753
978198,453753
978181,453753
978226,453753
978207,453753
978320,453753
978366,453753
978236,453753
978162,453753
977976,453753
978271,453753
978316,453753
978288,453753
978375,453753
978222,453753
977714,453753
978203,453753
978354,453753
978296,453753
977655,453753
977834,453753
978383,453753
978320,453753
978366,453753
978449,453546
