TRACE,NSNPS_JACKKNIFE
972942,453753
972962,453753
972868,453753
972866,453753
972808,453753
972892,453753
972751,453753
972686,453753
972833,453753
972780,453753
972802,453753
972592,453753
972944,453753
972811,453753
972894,453753
972831,453753
972684,453753
972349,453753
972407,453753
972567,453753
972826,453753
972882,453753
972743,453753
972872,453753
972910,453753
972832,453753
972643,453753
972617,453753
972763,453753
972796,453753
972786,453753
972717,453753
972791,453753
972651,453753
972812,453753
972794,453753
972719,453753
972684,453753
972855,453753
972882,453753
972850,453753
972809,453753
972780,453753
972450,453753
972582,453753
972730,453753
972814,453753
972840,453753
972880,453753
972859,453753
972891,453753
972597,453753
972625,453753
972656,453753
972552,453753
972794,453753
972741,453753
972459,453753
972616,453753
972540,453753
972835,453753
972886,453753
972897,453753
972831,453753
972755,453753
972839,453753
972839,453753
972615,453753
972690,453753
972651,453753
972299,453753
972791,453753
972830,453753
972940,453753
972910,453753
972894,453753
972952,453753
972832,453753
972964,453753
972850,453753
972505,453753
972836,453753
972931,453753
973007,453753
972973,453753
972866,453753
972922,453753
972940,453753
972873,453753
972862,453753
972519,453753
972504,453753
972832,453753
971755,453753
972804,453753
972679,453753
972799,453753
972808,453753
972771,453753
972905,453753
972625,453753
972702,453753
972620,453753
972510,453753
972576,453753
972637,453753
972800,453753
972821,453753
972757,453753
972773,453753
972883,453753
972740,453753
972653,453753
972417,453753
972432,453753
972481,453753
972828,453753
972777,453753
972636,453753
972606,453753
972675,453753
972927,453753
972714,453753
972777,453753
972822,453753
972746,453753
972686,453753
972764,453753
972641,453753
972761,453753
972640,453753
972729,453753
972685,453753
972786,453753
972551,453753
972734,453753
972812,453753
972865,453753
972602,453753
972813,453753
972308,453753
972176,453753
972694,453753
972619,453753
972601,453753
972560,453753
972721,453753
972734,453753
972785,453753
972836,453753
972800,453753
972826,453753
972842,453753
972791,453753
972806,453753
972847,453753
972858,453753
972862,453753
972929,453753
972792,453753
972699,453753
972767,453753
972842,453753
972990,453753
972979,453753
972914,453753
972858,453753
972891,453753
972848,453753
972783,453753
972674,453753
972813,453753
972804,453753
972820,453753
972891,453753
972798,453753
972806,453753
972674,453753
972654,453753
972683,453753
972605,453753
971259,453753
971578,453753
972781,453753
972681,453753
972962,453753
972874,453753
972928,453753
972878,453753
972792,453753
972920,453753
972891,453753
972521,453753
972124,453753
972046,453753
971957,453753
972292,453753
972588,453753
972835,453753
972728,453753
972640,453753
972846,453753
972843,453753
972465,453753
972766,453753
972816,453753
972734,453753
972803,453753
972682,453753
972538,453753
972761,453753
972840,453753
972861,453753
972852,453753
972613,453753
972692,453753
972106,453753
972160,453753
972538,453753
972362,453753
972942,453753
972911,453753
972839,453753
972862,453753
972620,453753
972875,453753
972911,453753
972893,453753
972872,453753
972902,453753
972736,453753
972493,453753
972569,453753
972960,453753
972935,453753
972943,453753
972732,453753
972754,453753
972522,453753
972837,453753
972671,453753
972873,453753
972913,453753
972805,453753
972788,453753
972810,453753
972764,453753
972817,453753
972840,453753
972489,453753
972458,453753
972809,453753
972766,453753
972616,453753
972678,453753
972642,453753
972657,453753
972719,453753
972423,453753
972711,453753
972909,453753
972615,453753
972118,453753
972738,453753
972702,453753
972611,453753
972627,453753
972063,453753
972821,453753
972773,453753
972725,453753
972333,453753
972700,453753
972653,453753
972674,453753
972493,453753
972872,453753
972857,453753
972665,453753
972429,453753
972736,453753
972700,453753
972863,453753
972816,453753
972623,453753
972827,453753
972862,453753
972739,453753
972771,453753
972890,453753
972935,453753
972904,453753
972939,453753
972926,453753
972923,453753
972881,453753
972777,453753
972791,453753
972953,453753
972874,453753
972943,453753
972850,453753
973021,453753
972790,453753
972877,453753
972901,453753
972800,453753
972847,453753
972752,453753
972908,453753
972862,453753
972807,453753
972470,453753
972136,453753
971924,453753
972533,453753
972757,453753
972584,453753
972596,453753
972691,453753
972824,453753
972845,453753
972717,453753
972811,453753
972712,453753
972650,453753
972674,453753
972702,453753
972719,453753
972591,453753
972060,453753
972666,453753
972782,453753
972808,453753
972749,453753
972812,453753
972592,453753
972799,453753
972874,453753
972586,453753
972437,453753
972717,453753
972191,453753
972208,453753
972803,453753
972573,453753
972840,453753
972589,453753
972650,453753
971493,453753
972776,453753
972769,453753
972848,453753
972985,453753
972995,453753
972904,453753
972961,453753
972938,453753
972857,453753
972828,453753
972912,453753
972968,453753
972845,453753
972895,453753
972796,453753
972889,453753
972807,453753
972887,453753
972770,453753
972862,453753
972791,453753
972776,453753
972721,453753
972807,453753
972751,453753
972811,453753
972562,453753
972138,453753
972533,453753
972448,453753
971611,453753
972276,453753
972507,453753
972711,453753
972590,453753
972409,453753
972358,453753
972333,453753
972648,453753
972825,453753
972755,453753
972559,453753
972615,453753
972743,453753
972657,453753
972567,453753
972605,453753
972327,453753
972444,453753
972774,453753
972757,453753
972809,453753
972799,453753
972779,453753
972955,453753
972026,453753
972728,453753
972702,453753
972676,453753
972868,453753
972871,453753
972862,453753
972800,453753
972840,453753
972953,453753
972917,453753
972863,453753
972780,453753
972585,453753
972650,453753
972691,453753
972814,453753
972828,453753
972689,453753
972903,453753
972815,453753
972873,453753
972830,453753
972610,453753
972759,453753
972775,453753
972867,453753
972301,453753
972787,453753
972797,453753
972794,453753
972809,453753
972726,453753
972698,453753
972623,453753
972618,453753
972418,453753
971122,453753
972600,453753
972731,453753
972799,453753
972922,453753
972873,453753
972654,453753
972483,453753
972751,453753
972787,453753
972428,453753
972579,453753
972844,453753
972762,453753
972813,453753
972739,453753
972631,453753
972540,453753
972508,453753
972693,453753
972929,453753
972668,453753
972968,453753
972875,453753
972755,453753
972832,453753
972922,453753
972679,453753
972985,453753
972987,453753
972925,453753
972662,453753
972605,453753
972737,453753
972700,453753
972833,453753
972870,453753
972316,453753
970899,453753
971381,453753
972724,453753
972775,453753
972840,453753
972722,453753
972772,453753
972498,453753
972849,453753
972816,453753
972827,453753
972650,453753
972820,453753
972738,453753
971864,453753
972524,453753
972742,453753
972697,453753
972799,453753
972640,453753
972720,453753
972889,453753
972913,453753
972738,453753
972659,453753
972732,453753
972569,453753
972641,453753
972773,453753
972913,453753
972699,453753
972751,453753
972731,453753
972414,453753
972486,453753
972830,453753
972846,453753
972881,453753
972917,453753
972923,453753
972704,453753
972874,453753
972825,453753
972842,453753
972904,453753
972886,453753
972774,453753
972787,453753
972906,453753
972935,453753
972765,453753
972868,453753
972943,453753
972896,453753
972841,453753
972650,453753
972882,453753
972682,453753
972886,453753
972534,453753
972698,453753
972394,453753
972206,453753
972803,453753
972653,453753
972763,453753
972893,453753
972806,453753
972800,453753
972884,453753
972873,453753
972911,453753
972847,453753
972540,453753
972367,453753
972760,453753
972734,453753
972746,453753
972857,453753
972773,453753
972650,453753
972807,453753
972665,453753
972855,453753
972775,453753
972682,453753
972830,453753
972825,453753
972950,453753
972858,453753
972957,453753
972710,453753
972724,453753
972872,453753
972885,453753
972864,453753
972847,453753
972851,453753
972856,453753
972827,453753
972883,453753
972892,453753
972672,453753
972651,453753
972740,453753
972782,453753
972891,453753
972636,453753
972445,453753
972142,453753
972662,453753
972753,453753
972844,453753
972589,453753
972750,453753
972599,453753
972694,453753
972716,453753
972812,453753
972633,453753
971380,453753
972785,453753
972870,453753
972696,453753
972806,453753
972546,453753
972634,453753
972757,453753
972651,453753
972390,453753
972720,453753
972746,453753
972867,453753
972871,453753
972934,453753
972811,453753
972834,453753
972837,453753
972935,453753
972829,453753
973021,453753
972809,453753
972718,453753
971765,453753
972892,453753
972502,453753
972316,453753
972674,453753
972607,453753
972918,453753
972787,453753
972791,453753
972970,453753
972936,453753
972853,453753
972717,453753
972726,453753
972807,453753
972909,453753
972796,453753
972732,453753
972788,453753
969159,453753
963399,453753
971030,453753
972623,453753
972478,453753
972440,453753
972802,453753
972616,453753
972732,453753
972893,453753
972706,453753
971861,453753
972508,453753
972534,453753
972765,453753
972888,453753
972730,453753
972627,453753
972508,453753
972701,453753
972752,453753
972852,453753
972865,453753
972866,453753
972958,453753
972860,453753
972554,453753
972955,453753
972891,453753
972927,453753
972969,453753
972782,453753
972805,453753
972899,453753
972973,453753
972921,453753
972686,453753
972865,453753
972829,453753
972757,453753
972788,453753
972790,453753
972906,453753
972746,453753
972733,453753
972414,453753
971500,453753
972591,453753
972721,453753
972426,453753
972604,453753
972600,453753
972660,453753
972677,453753
972786,453753
972898,453753
972825,453753
972707,453753
972811,453753
972754,453753
972405,453753
972443,453753
972795,453753
972753,453753
972608,453753
972796,453753
972772,453753
972783,453753
972864,453753
972661,453753
972697,453753
972918,453753
972943,453753
972648,453753
972442,453753
972970,453753
973035,453753
972980,453753
972969,453753
972779,453753
972614,453753
972952,453753
972794,453753
972818,453753
972938,453753
972898,453753
972911,453753
972822,453753
972848,453753
972770,453753
972838,453753
972904,453753
972690,453753
972637,453753
972380,453753
972660,453753
972676,453753
972611,453753
972774,453753
972952,453753
972789,453753
972809,453753
972676,453753
972597,453753
972712,453753
972876,453753
972805,453753
972809,453753
972860,453753
972814,453753
973039,453753
972976,453753
972965,453753
972797,453753
972907,453753
972789,453753
972882,453753
972938,453753
972900,453753
972873,453753
972902,453753
972973,453753
972837,453753
972636,453753
972545,453753
972525,453753
972718,453753
972801,453753
972335,453753
972810,453753
972669,453753
972692,453753
972715,453753
972716,453753
972664,453753
972813,453753
972704,453753
972785,453753
972809,453753
972836,453753
972891,453753
972835,453753
972741,453753
972981,453753
972925,453753
972945,453753
972847,453753
972617,453753
972867,453753
973013,453753
972965,453753
972862,453753
972981,453753
972907,453753
972764,453753
972458,453753
972809,453753
972475,453753
972810,453753
972803,453753
972915,453753
972803,453753
972736,453753
972852,453753
972933,453753
972091,453753
972496,453753
972596,453753
972849,453753
972106,453753
972806,453753
972790,453753
972906,453753
973012,453753
972963,453753
972995,453753
972951,453753
972837,453753
972875,453753
972678,453753
972697,453753
972970,453753
972882,453753
972886,453753
972829,453753
972866,453753
972870,453753
972917,453753
972758,453753
972849,453753
972905,453753
972609,453753
972533,453753
972939,453753
972880,453753
972899,453753
972783,453753
972839,453753
972837,453753
972766,453753
972163,453753
972362,453753
972698,453753
972762,453753
972833,453753
972937,453753
972831,453753
972887,453753
972870,453753
972934,453753
972908,453753
972631,453753
972442,453753
972860,453753
972908,453753
972773,453753
972640,453753
972972,453753
972981,453753
973025,453753
972850,453753
972644,453753
972609,453753
972591,453753
972941,453753
972806,453753
972651,453753
972350,453753
972339,453753
971627,453753
972872,453753
972767,453753
972983,453753
972485,453753
972792,453753
972834,453753
972891,453753
972914,453753
972955,453753
972869,453753
972966,453753
972834,453753
972833,453753
972635,453753
972741,453753
972992,453753
973024,453753
973052,453753
972935,453753
972920,453753
972859,453753
972702,453753
972855,453753
972873,453753
972789,453753
972744,453753
972756,453753
972775,453753
972628,453753
972658,453753
972774,453753
972783,453753
972526,453753
972791,453753
972840,453753
972931,453753
972795,453753
972775,453753
972917,453753
972833,453753
972947,453753
972868,453753
972921,453753
972844,453753
972829,453753
972898,453753
972959,453753
972873,453753
972810,453753
972628,453753
971963,453753
972734,453753
972770,453753
972803,453753
972517,453753
972063,453753
972665,453753
972853,453753
972774,453753
972282,453753
972475,453753
972584,453753
971877,453753
972702,453753
972867,453753
972880,453753
972736,453753
972920,453753
971961,453753
972417,453753
972606,453753
972722,453753
972938,453753
972708,453753
972962,453753
972951,453753
972988,453753
972891,453753
972812,453753
972909,453753
972823,453753
972802,453753
972667,453753
972358,453753
972152,453753
972792,453753
972857,453753
972834,453753
972665,453753
972808,453753
972908,453753
972909,453753
972928,453753
972977,453753
972979,453753
972936,453753
972856,453753
972697,453753
972970,453753
972975,453753
972935,453753
972872,453753
972905,453753
972828,453753
972760,453753
972775,453753
972831,453753
972855,453753
972899,453753
972962,453753
972813,453753
972774,453753
972488,453753
972938,453753
972919,453753
972847,453753
972940,453753
972856,453753
972388,453753
972788,453753
972876,453753
972866,453753
972288,453753
972503,453753
972968,453753
972931,453753
972921,453753
973007,453546
