TRACE,NSNPS_JACKKNIFE
975654,453753
975609,453753
975523,453753
975561,453753
975471,453753
975586,453753
975417,453753
975375,453753
975543,453753
975380,453753
975511,453753
975246,453753
975606,453753
975446,453753
975568,453753
975535,453753
975394,453753
974974,453753
974997,453753
975273,453753
975526,453753
975556,453753
975458,453753
975530,453753
975556,453753
975481,453753
975274,453753
975222,453753
975447,453753
975438,453753
975432,453753
975414,453753
975437,453753
975385,453753
975482,453753
975509,453753
975439,453753
975397,453753
975488,453753
975447,453753
975540,453753
975525,453753
975443,453753
975158,453753
975146,453753
975406,453753
975493,453753
975516,453753
975560,453753
975601,453753
975567,453753
975183,453753
975280,453753
975334,453753
975304,453753
975446,453753
975467,453753
975187,453753
975298,453753
975215,453753
975511,453753
975565,453753
975577,453753
975488,453753
975436,453753
975481,453753
975400,453753
975308,453753
975388,453753
975321,453753
974951,453753
975494,453753
975531,453753
975669,453753
975571,453753
975587,453753
975595,453753
975533,453753
975633,453753
975502,453753
975224,453753
975533,453753
975604,453753
975646,453753
975661,453753
975571,453753
975616,453753
975650,453753
975539,453753
975503,453753
975282,453753
975188,453753
975535,453753
974241,453753
975501,453753
975313,453753
975487,453753
975466,453753
975494,453753
975556,453753
975295,453753
975361,453753
975220,453753
975161,453753
975153,453753
975213,453753
975529,453753
975510,453753
975477,453753
975456,453753
975516,453753
975405,453753
975320,453753
975161,453753
975111,453753
975260,453753
975489,453753
975439,453753
975360,453753
975223,453753
975298,453753
975607,453753
975339,453753
975400,453753
975497,453753
975437,453753
975386,453753
975443,453753
975369,453753
975467,453753
975305,453753
975417,453753
975372,453753
975467,453753
975300,453753
975479,453753
975530,453753
975521,453753
975277,453753
975473,453753
974995,453753
974864,453753
975408,453753
975259,453753
975332,453753
975287,453753
975347,453753
975369,453753
975491,453753
975500,453753
975465,453753
975563,453753
975587,453753
975469,453753
975477,453753
975480,453753
975537,453753
975508,453753
975604,453753
975487,453753
975391,453753
975441,453753
975559,453753
975686,453753
975665,453753
975614,453753
975530,453753
975586,453753
975540,453753
975478,453753
975373,453753
975492,453753
975514,453753
975519,453753
975534,453753
975443,453753
975485,453753
975367,453753
975316,453753
975376,453753
975374,453753
973894,453753
974145,453753
975420,453753
975330,453753
975612,453753
975558,453753
975552,453753
975570,453753
975479,453753
975644,453753
975598,453753
975247,453753
974747,453753
974836,453753
974613,453753
974850,453753
975283,453753
975498,453753
975386,453753
975373,453753
975561,453753
975504,453753
975173,453753
975461,453753
975443,453753
975407,453753
975461,453753
975360,453753
975242,453753
975427,453753
975527,453753
975521,453753
975554,453753
975311,453753
975357,453753
974838,453753
974907,453753
975210,453753
975044,453753
975629,453753
975595,453753
975499,453753
975525,453753
975372,453753
975566,453753
975621,453753
975551,453753
975627,453753
975607,453753
975436,453753
975192,453753
975180,453753
975668,453753
975623,453753
975625,453753
975474,453753
975430,453753
975215,453753
975507,453753
975399,453753
975563,453753
975610,453753
975478,453753
975515,453753
975465,453753
975464,453753
975486,453753
975517,453753
975195,453753
975117,453753
975510,453753
975446,453753
975283,453753
975323,453753
975327,453753
975353,453753
975431,453753
975039,453753
975415,453753
975560,453753
975334,453753
974827,453753
975351,453753
975421,453753
975331,453753
975304,453753
974857,453753
975506,453753
975461,453753
975374,453753
974974,453753
975338,453753
975347,453753
975319,453753
975286,453753
975502,453753
975516,453753
975376,453753
975082,453753
975411,453753
975340,453753
975549,453753
975466,453753
975291,453753
975511,453753
975511,453753
975438,453753
975465,453753
975573,453753
975606,453753
975616,453753
975626,453753
975544,453753
975625,453753
975601,453753
975435,453753
975450,453753
975670,453753
975557,453753
975603,453753
975551,453753
975707,453753
975439,453753
975560,453753
975554,453753
975452,453753
975547,453753
975492,453753
975587,453753
975578,453753
975461,453753
975139,453753
974688,453753
974611,453753
975278,453753
975475,453753
975216,453753
975318,453753
975355,453753
975454,453753
975518,453753
975480,453753
975480,453753
975436,453753
975291,453753
975376,453753
975413,453753
975373,453753
975288,453753
974723,453753
975400,453753
975474,453753
975533,453753
975357,453753
975478,453753
975290,453753
975465,453753
975542,453753
975305,453753
975213,453753
975430,453753
974723,453753
974725,453753
975415,453753
975238,453753
975509,453753
975310,453753
975375,453753
974440,453753
975464,453753
975525,453753
975507,453753
975668,453753
975637,453753
975616,453753
975621,453753
975643,453753
975522,453753
975547,453753
975588,453753
975638,453753
975526,453753
975576,453753
975465,453753
975568,453753
975443,453753
975537,453753
975412,453753
975533,453753
975484,453753
975438,453753
975458,453753
975489,453753
975461,453753
975473,453753
975270,453753
974799,453753
975272,453753
975191,453753
974277,453753
974948,453753
975178,453753
975429,453753
975276,453753
975061,453753
975076,453753
975034,453753
975354,453753
975465,453753
975399,453753
975177,453753
975294,453753
975421,453753
975361,453753
975304,453753
975213,453753
974917,453753
975121,453753
975465,453753
975466,453753
975490,453753
975469,453753
975437,453753
975627,453753
974883,453753
975388,453753
975404,453753
975399,453753
975528,453753
975542,453753
975608,453753
975478,453753
975552,453753
975629,453753
975565,453753
975537,453753
975474,453753
975262,453753
975356,453753
975416,453753
975492,453753
975491,453753
975404,453753
975614,453753
975490,453753
975566,453753
975510,453753
975265,453753
975458,453753
975413,453753
975527,453753
975014,453753
975446,453753
975518,453753
975461,453753
975523,453753
975339,453753
975411,453753
975356,453753
975363,453753
975114,453753
974072,453753
975363,453753
975397,453753
975536,453753
975581,453753
975588,453753
975278,453753
975195,453753
975452,453753
975496,453753
975106,453753
975240,453753
975594,453753
975463,453753
975487,453753
975447,453753
975289,453753
975240,453753
975217,453753
975358,453753
975573,453753
975392,453753
975649,453753
975561,453753
975446,453753
975485,453753
975576,453753
975402,453753
975677,453753
975645,453753
975591,453753
975368,453753
975283,453753
975435,453753
975355,453753
975542,453753
975550,453753
974773,453753
973238,453753
973706,453753
975444,453753
975525,453753
975546,453753
975484,453753
975465,453753
975227,453753
975515,453753
975484,453753
975559,453753
975258,453753
975415,453753
975440,453753
974701,453753
975292,453753
975422,453753
975406,453753
975519,453753
975370,453753
975399,453753
975602,453753
975571,453753
975390,453753
975263,453753
975443,453753
975247,453753
975303,453753
975445,453753
975628,453753
975436,453753
975400,453753
975382,453753
975078,453753
975143,453753
975508,453753
975503,453753
975565,453753
975543,453753
975597,453753
975438,453753
975514,453753
975540,453753
975529,453753
975582,453753
975583,453753
975500,453753
975431,453753
975623,453753
975619,453753
975509,453753
975580,453753
975636,453753
975591,453753
975513,453753
975365,453753
975584,453753
975388,453753
975602,453753
975276,453753
975467,453753
975057,453753
974855,453753
975533,453753
975362,453753
975412,453753
975578,453753
975407,453753
975466,453753
975562,453753
975542,453753
975562,453753
975524,453753
975348,453753
975210,453753
975438,453753
975445,453753
975437,453753
975547,453753
975439,453753
975232,453753
975474,453753
975330,453753
975530,453753
975425,453753
975364,453753
975525,453753
975493,453753
975582,453753
975515,453753
975660,453753
975408,453753
975438,453753
975585,453753
975571,453753
975554,453753
975544,453753
975571,453753
975550,453753
975558,453753
975542,453753
975546,453753
975333,453753
975384,453753
975452,453753
975468,453753
975553,453753
975379,453753
975060,453753
974616,453753
975342,453753
975483,453753
975503,453753
975313,453753
975437,453753
975346,453753
975367,453753
975348,453753
975496,453753
975341,453753
973730,453753
975532,453753
975543,453753
975396,453753
975522,453753
975325,453753
975363,453753
975455,453753
975333,453753
975010,453753
975360,453753
975442,453753
975550,453753
975522,453753
975615,453753
975468,453753
975509,453753
975441,453753
975607,453753
975517,453753
975652,453753
975468,453753
975390,453753
974554,453753
975605,453753
975145,453753
974859,453753
975313,453753
975302,453753
975617,453753
975467,453753
975496,453753
975659,453753
975597,453753
975525,453753
975260,453753
975335,453753
975501,453753
975564,453753
975436,453753
975356,453753
975426,453753
971658,453753
966496,453753
973626,453753
975239,453753
975250,453753
975159,453753
975535,453753
975293,453753
975454,453753
975595,453753
975414,453753
974639,453753
975111,453753
975235,453753
975481,453753
975572,453753
975417,453753
975258,453753
975180,453753
975337,453753
975337,453753
975504,453753
975558,453753
975511,453753
975660,453753
975559,453753
975303,453753
975645,453753
975559,453753
975603,453753
975629,453753
975453,453753
975508,453753
975596,453753
975654,453753
975527,453753
975335,453753
975500,453753
975540,453753
975397,453753
975460,453753
975450,453753
975595,453753
975427,453753
975434,453753
975077,453753
974145,453753
975228,453753
975444,453753
975027,453753
975258,453753
975318,453753
975348,453753
975274,453753
975454,453753
975546,453753
975500,453753
975424,453753
975537,453753
975394,453753
975122,453753
975128,453753
975506,453753
975432,453753
975250,453753
975476,453753
975505,453753
975523,453753
975531,453753
975320,453753
975359,453753
975572,453753
975591,453753
975368,453753
975071,453753
975633,453753
975691,453753
975638,453753
975628,453753
975437,453753
975279,453753
975689,453753
975427,453753
975464,453753
975617,453753
975617,453753
975594,453753
975504,453753
975530,453753
975500,453753
975487,453753
975568,453753
975352,453753
975326,453753
975114,453753
975339,453753
975323,453753
975273,453753
975404,453753
975624,453753
975452,453753
975451,453753
975366,453753
975263,453753
975374,453753
975521,453753
975459,453753
975496,453753
975547,453753
975528,453753
975682,453753
975651,453753
975630,453753
975462,453753
975578,453753
975480,453753
975533,453753
975646,453753
975594,453753
975530,453753
975621,453753
975669,453753
975491,453753
975279,453753
975219,453753
975285,453753
975457,453753
975520,453753
974911,453753
975552,453753
975371,453753
975296,453753
975330,453753
975416,453753
975297,453753
975501,453753
975389,453753
975477,453753
975482,453753
975469,453753
975556,453753
975516,453753
975420,453753
975649,453753
975626,453753
975643,453753
975562,453753
975372,453753
975510,453753
975682,453753
975628,453753
975490,453753
975657,453753
975606,453753
975412,453753
975026,453753
975523,453753
975170,453753
975501,453753
975501,453753
975617,453753
975505,453753
975368,453753
975457,453753
975582,453753
974881,453753
975139,453753
975182,453753
975501,453753
974807,453753
975517,453753
975513,453753
975578,453753
975699,453753
975609,453753
975653,453753
975643,453753
975476,453753
975632,453753
975349,453753
975327,453753
975616,453753
975555,453753
975568,453753
975479,453753
975552,453753
975572,453753
975606,453753
975442,453753
975515,453753
975605,453753
975287,453753
975232,453753
975621,453753
975492,453753
975644,453753
975464,453753
975487,453753
975553,453753
975494,453753
974928,453753
975044,453753
975298,453753
975485,453753
975568,453753
975599,453753
975491,453753
975538,453753
975536,453753
975635,453753
975617,453753
975332,453753
975059,453753
975545,453753
975562,453753
975398,453753
975317,453753
975656,453753
975627,453753
975674,453753
975561,453753
975371,453753
975268,453753
975302,453753
975636,453753
975539,453753
975408,453753
975018,453753
975181,453753
974552,453753
975569,453753
975471,453753
975655,453753
975234,453753
975492,453753
975550,453753
975593,453753
975619,453753
975651,453753
975571,453753
975621,453753
975536,453753
975515,453753
975353,453753
975439,453753
975673,453753
975714,453753
975716,453753
975571,453753
975651,453753
975584,453753
975393,453753
975517,453753
975553,453753
975506,453753
975372,453753
975397,453753
975474,453753
975294,453753
975344,453753
975478,453753
975447,453753
975138,453753
975467,453753
975599,453753
975601,453753
975455,453753
975465,453753
975598,453753
975500,453753
975619,453753
975509,453753
975638,453753
975545,453753
975491,453753
975584,453753
975669,453753
975590,453753
975501,453753
975300,453753
974577,453753
975417,453753
975421,453753
975493,453753
975193,453753
974717,453753
975330,453753
975559,453753
975470,453753
974878,453753
975223,453753
975217,453753
974581,453753
975376,453753
975544,453753
975556,453753
975389,453753
975648,453753
974608,453753
975084,453753
975397,453753
975441,453753
975633,453753
975409,453753
975640,453753
975648,453753
975648,453753
975555,453753
975457,453753
975595,453753
975476,453753
975450,453753
975401,453753
974972,453753
974874,453753
975431,453753
975520,453753
975582,453753
975385,453753
975413,453753
975566,453753
975594,453753
975679,453753
975619,453753
975646,453753
975641,453753
975563,453753
975391,453753
975669,453753
975673,453753
975628,453753
975553,453753
975610,453753
975535,453753
975434,453753
975480,453753
975478,453753
975479,453753
975584,453753
975639,453753
975484,453753
975441,453753
975245,453753
975601,453753
975586,453753
975545,453753
975618,453753
975512,453753
975001,453753
975417,453753
975553,453753
975550,453753
975004,453753
975137,453753
975633,453753
975577,453753
975582,453753
975757,453546
