TRACE,NSNPS_JACKKNIFE
977533,453753
977526,453753
977427,453753
977460,453753
977404,453753
977511,453753
977331,453753
977327,453753
977410,453753
977276,453753
977433,453753
977164,453753
977469,453753
977336,453753
977439,453753
977416,453753
977260,453753
976866,453753
976940,453753
977192,453753
977431,453753
977472,453753
977371,453753
977431,453753
977475,453753
977399,453753
977209,453753
977215,453753
977359,453753
977372,453753
977370,453753
977347,453753
977323,453753
977275,453753
977379,453753
977374,453753
977333,453753
977287,453753
977397,453753
977436,453753
977476,453753
977410,453753
977297,453753
977084,453753
977165,453753
977301,453753
977430,453753
977418,453753
977469,453753
977486,453753
977481,453753
977127,453753
977184,453753
977264,453753
977078,453753
977384,453753
977361,453753
977066,453753
977288,453753
977204,453753
977395,453753
977495,453753
977484,453753
977381,453753
977329,453753
977402,453753
977322,453753
977210,453753
977299,453753
977213,453753
976836,453753
977411,453753
977443,453753
977526,453753
977479,453753
977438,453753
977510,453753
977465,453753
977530,453753
977412,453753
977169,453753
977420,453753
977514,453753
977565,453753
977556,453753
977418,453753
977518,453753
977544,453753
977384,453753
977413,453753
977178,453753
977093,453753
977441,453753
976079,453753
977384,453753
977222,453753
977352,453753
977405,453753
977339,453753
977479,453753
977252,453753
977307,453753
977213,453753
977091,453753
977203,453753
977188,453753
977403,453753
977377,453753
977429,453753
977370,453753
977440,453753
977304,453753
977201,453753
977004,453753
977076,453753
977175,453753
977397,453753
977387,453753
977240,453753
977076,453753
977158,453753
977461,453753
977210,453753
977356,453753
977459,453753
977333,453753
977262,453753
977251,453753
977280,453753
977399,453753
977247,453753
977379,453753
977273,453753
977412,453753
977171,453753
977352,453753
977410,453753
977421,453753
977114,453753
977387,453753
976878,453753
976735,453753
977334,453753
977205,453753
977203,453753
977151,453753
977268,453753
977336,453753
977375,453753
977415,453753
977353,453753
977454,453753
977439,453753
977412,453753
977381,453753
977388,453753
977399,453753
977434,453753
977532,453753
977397,453753
977343,453753
977327,453753
977445,453753
977546,453753
977544,453753
977559,453753
977420,453753
977463,453753
977399,453753
977376,453753
977216,453753
977338,453753
977413,453753
977369,453753
977450,453753
977369,453753
977412,453753
977320,453753
977218,453753
977284,453753
977222,453753
976076,453753
976130,453753
977291,453753
977203,453753
977499,453753
977437,453753
977484,453753
977469,453753
977424,453753
977529,453753
977490,453753
977107,453753
976733,453753
976749,453753
976497,453753
976861,453753
977100,453753
977426,453753
977354,453753
977232,453753
977401,453753
977365,453753
977054,453753
977343,453753
977368,453753
977269,453753
977385,453753
977217,453753
977021,453753
977321,453753
977363,453753
977429,453753
977496,453753
977184,453753
977293,453753
976907,453753
976843,453753
977082,453753
976824,453753
977526,453753
977484,453753
977422,453753
977427,453753
977229,453753
977444,453753
977526,453753
977498,453753
977500,453753
977505,453753
977325,453753
977106,453753
977158,453753
977539,453753
977530,453753
977522,453753
977340,453753
977330,453753
977129,453753
977401,453753
977255,453753
977445,453753
977504,453753
977369,453753
977396,453753
977362,453753
977353,453753
977344,453753
977403,453753
977035,453753
977014,453753
977347,453753
977359,453753
977222,453753
977270,453753
977269,453753
977299,453753
977313,453753
977013,453753
977329,453753
977474,453753
977294,453753
976510,453753
977255,453753
977300,453753
977226,453753
977253,453753
976437,453753
977443,453753
977385,453753
977315,453753
976881,453753
977324,453753
977218,453753
977237,453753
977176,453753
977457,453753
977435,453753
977239,453753
976988,453753
977295,453753
977246,453753
977450,453753
977365,453753
977258,453753
977395,453753
977450,453753
977298,453753
977378,453753
977454,453753
977549,453753
977480,453753
977533,453753
977478,453753
977493,453753
977473,453753
977345,453753
977342,453753
977539,453753
977448,453753
977515,453753
977464,453753
977578,453753
977368,453753
977478,453753
977488,453753
977397,453753
977435,453753
977398,453753
977524,453753
977478,453753
977373,453753
977068,453753
976676,453753
976318,453753
977194,453753
977300,453753
977124,453753
977209,453753
977269,453753
977383,453753
977426,453753
977334,453753
977398,453753
977298,453753
977158,453753
977263,453753
977282,453753
977286,453753
977142,453753
976487,453753
977324,453753
977348,453753
977374,453753
977360,453753
977402,453753
977181,453753
977391,453753
977458,453753
977174,453753
977026,453753
977311,453753
976791,453753
976705,453753
977377,453753
977225,453753
977449,453753
977219,453753
977237,453753
976288,453753
977383,453753
977407,453753
977390,453753
977549,453753
977575,453753
977534,453753
977533,453753
977522,453753
977454,453753
977437,453753
977490,453753
977550,453753
977410,453753
977501,453753
977373,453753
977480,453753
977343,453753
977483,453753
977345,453753
977441,453753
977398,453753
977337,453753
977302,453753
977374,453753
977300,453753
977377,453753
977160,453753
976640,453753
977103,453753
977079,453753
976205,453753
976814,453753
977132,453753
977296,453753
977174,453753
976981,453753
977000,453753
976904,453753
977198,453753
977401,453753
977298,453753
977139,453753
977186,453753
977356,453753
977268,453753
977213,453753
977158,453753
976814,453753
977009,453753
977381,453753
977369,453753
977378,453753
977398,453753
977403,453753
977532,453753
976459,453753
977273,453753
977273,453753
977347,453753
977449,453753
977471,453753
977483,453753
977388,453753
977432,453753
977538,453753
977483,453753
977448,453753
977397,453753
977131,453753
977172,453753
977354,453753
977406,453753
977431,453753
977249,453753
977511,453753
977397,453753
977459,453753
977430,453753
977194,453753
977352,453753
977366,453753
977466,453753
976859,453753
977379,453753
977419,453753
977379,453753
977428,453753
977334,453753
977308,453753
977347,453753
977260,453753
977042,453753
975885,453753
977216,453753
977299,453753
977393,453753
977500,453753
977469,453753
977202,453753
977119,453753
977352,453753
977383,453753
977020,453753
977162,453753
977489,453753
977388,453753
977389,453753
977342,453753
977187,453753
977148,453753
977196,453753
977297,453753
977537,453753
977225,453753
977549,453753
977490,453753
977283,453753
977387,453753
977512,453753
977321,453753
977573,453753
977597,453753
977490,453753
977258,453753
977210,453753
977318,453753
977308,453753
977452,453753
977480,453753
976755,453753
975264,453753
975663,453753
977337,453753
977396,453753
977394,453753
977302,453753
977415,453753
977175,453753
977437,453753
977414,453753
977442,453753
977164,453753
977357,453753
977344,453753
976654,453753
977175,453753
977345,453753
977330,453753
977398,453753
977275,453753
977268,453753
977466,453753
977491,453753
977315,453753
977255,453753
977346,453753
977159,453753
977207,453753
977423,453753
977499,453753
977355,453753
977316,453753
977281,453753
977048,453753
977093,453753
977467,453753
977432,453753
977446,453753
977493,453753
977524,453753
977348,453753
977432,453753
977404,453753
977410,453753
977446,453753
977496,453753
977372,453753
977366,453753
977507,453753
977532,453753
977366,453753
977454,453753
977500,453753
977468,453753
977436,453753
977268,453753
977465,453753
977285,453753
977498,453753
977189,453753
977251,453753
976935,453753
976664,453753
977391,453753
977258,453753
977366,453753
977469,453753
977385,453753
977317,453753
977461,453753
977416,453753
977467,453753
977423,453753
977190,453753
977066,453753
977383,453753
977243,453753
977281,453753
977457,453753
977361,453753
977197,453753
977444,453753
977300,453753
977500,453753
977380,453753
977238,453753
977411,453753
977452,453753
977538,453753
977471,453753
977550,453753
977292,453753
977324,453753
977483,453753
977478,453753
977435,453753
977401,453753
977442,453753
977439,453753
977394,453753
977437,453753
977472,453753
977222,453753
977277,453753
977367,453753
977397,453753
977469,453753
977285,453753
976995,453753
976586,453753
977263,453753
977352,453753
977405,453753
977219,453753
977350,453753
977190,453753
977268,453753
977285,453753
977444,453753
977254,453753
975915,453753
977442,453753
977440,453753
977306,453753
977410,453753
977156,453753
977259,453753
977347,453753
977283,453753
976864,453753
977328,453753
977368,453753
977500,453753
977443,453753
977548,453753
977363,453753
977426,453753
977408,453753
977469,453753
977403,453753
977574,453753
977387,453753
977298,453753
976495,453753
977463,453753
976946,453753
976771,453753
977216,453753
977224,453753
977528,453753
977328,453753
977352,453753
977546,453753
977492,453753
977468,453753
977228,453753
977330,453753
977410,453753
977473,453753
977308,453753
977336,453753
977356,453753
973456,453753
966771,453753
975430,453753
977225,453753
977141,453753
977026,453753
977439,453753
977251,453753
977345,453753
977483,453753
977286,453753
976439,453753
977092,453753
977064,453753
977287,453753
977485,453753
977331,453753
977149,453753
977122,453753
977291,453753
977351,453753
977375,453753
977439,453753
977435,453753
977560,453753
977377,453753
977098,453753
977539,453753
977492,453753
977523,453753
977554,453753
977400,453753
977433,453753
977508,453753
977536,453753
977491,453753
977289,453753
977446,453753
977422,453753
977370,453753
977353,453753
977386,453753
977469,453753
977344,453753
977318,453753
976988,453753
976087,453753
977162,453753
977384,453753
977034,453753
977185,453753
977238,453753
977246,453753
977223,453753
977289,453753
977439,453753
977355,453753
977281,453753
977456,453753
977370,453753
977026,453753
976964,453753
977424,453753
977326,453753
977224,453753
977409,453753
977391,453753
977359,453753
977435,453753
977275,453753
977203,453753
977490,453753
977521,453753
977265,453753
976998,453753
977533,453753
977557,453753
977557,453753
977580,453753
977310,453753
977185,453753
977561,453753
977368,453753
977373,453753
977510,453753
977514,453753
977500,453753
977459,453753
977427,453753
977369,453753
977401,453753
977477,453753
977239,453753
977222,453753
976988,453753
977276,453753
977288,453753
977167,453753
977297,453753
977521,453753
977398,453753
977412,453753
977282,453753
977153,453753
977305,453753
977480,453753
977345,453753
977402,453753
977436,453753
977418,453753
977595,453753
977561,453753
977525,453753
977352,453753
977458,453753
977370,453753
977493,453753
977527,453753
977476,453753
977461,453753
977497,453753
977586,453753
977388,453753
977241,453753
977087,453753
977174,453753
977326,453753
977438,453753
976854,453753
977435,453753
977233,453753
977298,453753
977224,453753
977248,453753
977165,453753
977374,453753
977263,453753
977374,453753
977384,453753
977392,453753
977457,453753
977389,453753
977391,453753
977561,453753
977534,453753
977553,453753
977452,453753
977230,453753
977410,453753
977621,453753
977560,453753
977421,453753
977565,453753
977511,453753
977364,453753
976958,453753
977413,453753
977123,453753
977374,453753
977329,453753
977507,453753
977398,453753
977285,453753
977374,453753
977511,453753
976802,453753
977033,453753
977192,453753
977400,453753
976538,453753
977392,453753
977335,453753
977525,453753
977590,453753
977519,453753
977586,453753
977526,453753
977392,453753
977504,453753
977218,453753
977293,453753
977566,453753
977474,453753
977479,453753
977407,453753
977411,453753
977459,453753
977539,453753
977364,453753
977410,453753
977485,453753
977186,453753
977161,453753
977535,453753
977411,453753
977531,453753
977375,453753
977392,453753
977396,453753
977369,453753
976792,453753
976996,453753
977258,453753
977348,453753
977481,453753
977525,453753
977427,453753
977480,453753
977457,453753
977505,453753
977522,453753
977233,453753
976898,453753
977417,453753
977463,453753
977306,453753
977255,453753
977540,453753
977579,453753
977587,453753
977455,453753
977209,453753
977168,453753
977163,453753
977541,453753
977445,453753
977307,453753
976811,453753
977005,453753
976529,453753
977439,453753
977336,453753
977589,453753
977005,453753
977406,453753
977452,453753
977509,453753
977479,453753
977544,453753
977462,453753
977508,453753
977463,453753
977443,453753
977229,453753
977326,453753
977607,453753
977645,453753
977640,453753
977532,453753
977556,453753
977454,453753
977334,453753
977444,453753
977440,453753
977393,453753
977354,453753
977317,453753
977384,453753
977150,453753
977195,453753
977367,453753
977371,453753
977035,453753
977380,453753
977443,453753
977458,453753
977362,453753
977421,453753
977490,453753
977457,453753
977492,453753
977399,453753
977493,453753
977453,453753
977437,453753
977479,453753
977596,453753
977448,453753
977353,453753
977153,453753
976360,453753
977342,453753
977334,453753
977424,453753
977131,453753
976651,453753
977236,453753
977426,453753
977316,453753
976842,453753
977104,453753
977158,453753
976490,453753
977293,453753
977443,453753
977466,453753
977288,453753
977544,453753
976395,453753
976947,453753
977266,453753
977275,453753
977489,453753
977275,453753
977528,453753
977567,453753
977537,453753
977502,453753
977419,453753
977512,453753
977391,453753
977364,453753
977217,453753
976867,453753
976886,453753
977365,453753
977417,453753
977486,453753
977309,453753
977380,453753
977479,453753
977509,453753
977544,453753
977555,453753
977549,453753
977542,453753
977449,453753
977272,453753
977579,453753
977551,453753
977509,453753
977491,453753
977489,453753
977428,453753
977394,453753
977319,453753
977404,453753
977345,453753
977477,453753
977586,453753
977397,453753
977292,453753
977085,453753
977505,453753
977518,453753
977450,453753
977492,453753
977384,453753
976892,453753
977375,453753
977508,453753
977465,453753
976938,453753
977087,453753
977541,453753
977495,453753
977536,453753
977679,453546
