TRACE,NSNPS_JACKKNIFE
974830,453753
974810,453753
974733,453753
974757,453753
974657,453753
974762,453753
974608,453753
974569,453753
974690,453753
974601,453753
974713,453753
974462,453753
974802,453753
974673,453753
974729,453753
974734,453753
974568,453753
974186,453753
974254,453753
974428,453753
974750,453753
974779,453753
974642,453753
974698,453753
974753,453753
974701,453753
974474,453753
974470,453753
974667,453753
974663,453753
974646,453753
974582,453753
974664,453753
974562,453753
974673,453753
974678,453753
974617,453753
974581,453753
974641,453753
974689,453753
974734,453753
974703,453753
974617,453753
974368,453753
974465,453753
974540,453753
974711,453753
974709,453753
974782,453753
974747,453753
974772,453753
974456,453753
974454,453753
974591,453753
974442,453753
974642,453753
974643,453753
974363,453753
974548,453753
974454,453753
974680,453753
974773,453753
974725,453753
974695,453753
974629,453753
974672,453753
974648,453753
974485,453753
974549,453753
974483,453753
974155,453753
974704,453753
974695,453753
974851,453753
974765,453753
974787,453753
974817,453753
974744,453753
974843,453753
974697,453753
974366,453753
974723,453753
974799,453753
974873,453753
974841,453753
974774,453753
974806,453753
974835,453753
974678,453753
974689,453753
974413,453753
974362,453753
974738,453753
973616,453753
974674,453753
974512,453753
974674,453753
974664,453753
974679,453753
974768,453753
974478,453753
974590,453753
974515,453753
974360,453753
974480,453753
974395,453753
974719,453753
974717,453753
974686,453753
974672,453753
974727,453753
974625,453753
974551,453753
974327,453753
974277,453753
974449,453753
974678,453753
974654,453753
974555,453753
974437,453753
974542,453753
974782,453753
974537,453753
974638,453753
974742,453753
974613,453753
974574,453753
974592,453753
974461,453753
974654,453753
974492,453753
974615,453753
974545,453753
974648,453753
974429,453753
974664,453753
974754,453753
974700,453753
974479,453753
974651,453753
974354,453753
974101,453753
974599,453753
974475,453753
974455,453753
974470,453753
974587,453753
974588,453753
974705,453753
974688,453753
974674,453753
974743,453753
974767,453753
974700,453753
974716,453753
974681,453753
974729,453753
974708,453753
974836,453753
974680,453753
974663,453753
974627,453753
974763,453753
974824,453753
974825,453753
974796,453753
974725,453753
974771,453753
974739,453753
974616,453753
974544,453753
974634,453753
974706,453753
974691,453753
974739,453753
974602,453753
974687,453753
974565,453753
974515,453753
974547,453753
974487,453753
973110,453753
973334,453753
974647,453753
974559,453753
974767,453753
974758,453753
974781,453753
974750,453753
974666,453753
974820,453753
974759,453753
974429,453753
974027,453753
974082,453753
973883,453753
974068,453753
974444,453753
974686,453753
974549,453753
974582,453753
974747,453753
974669,453753
974298,453753
974656,453753
974645,453753
974587,453753
974690,453753
974574,453753
974238,453753
974623,453753
974691,453753
974720,453753
974748,453753
974519,453753
974580,453753
974111,453753
974108,453753
974425,453753
974222,453753
974811,453753
974792,453753
974692,453753
974729,453753
974530,453753
974723,453753
974783,453753
974736,453753
974794,453753
974803,453753
974597,453753
974367,453753
974489,453753
974857,453753
974837,453753
974810,453753
974602,453753
974573,453753
974447,453753
974688,453753
974526,453753
974766,453753
974808,453753
974644,453753
974670,453753
974632,453753
974664,453753
974681,453753
974682,453753
974392,453753
974356,453753
974664,453753
974636,453753
974500,453753
974587,453753
974550,453753
974583,453753
974620,453753
974280,453753
974651,453753
974798,453753
974450,453753
974065,453753
974533,453753
974628,453753
974447,453753
974545,453753
974009,453753
974722,453753
974681,453753
974562,453753
974170,453753
974564,453753
974483,453753
974504,453753
974482,453753
974748,453753
974734,453753
974594,453753
974273,453753
974630,453753
974505,453753
974712,453753
974661,453753
974550,453753
974731,453753
974743,453753
974587,453753
974652,453753
974749,453753
974833,453753
974783,453753
974837,453753
974760,453753
974824,453753
974744,453753
974631,453753
974607,453753
974863,453753
974721,453753
974798,453753
974762,453753
974883,453753
974678,453753
974747,453753
974763,453753
974682,453753
974687,453753
974686,453753
974800,453753
974774,453753
974672,453753
974405,453753
973979,453753
973663,453753
974491,453753
974644,453753
974453,453753
974535,453753
974612,453753
974674,453753
974699,453753
974682,453753
974648,453753
974561,453753
974447,453753
974491,453753
974566,453753
974566,453753
974428,453753
973800,453753
974544,453753
974651,453753
974721,453753
974629,453753
974699,453753
974457,453753
974632,453753
974705,453753
974511,453753
974369,453753
974663,453753
973953,453753
973912,453753
974663,453753
974459,453753
974679,453753
974470,453753
974578,453753
973294,453753
974652,453753
974683,453753
974697,453753
974842,453753
974859,453753
974792,453753
974812,453753
974830,453753
974699,453753
974756,453753
974755,453753
974824,453753
974725,453753
974772,453753
974626,453753
974779,453753
974662,453753
974741,453753
974598,453753
974692,453753
974728,453753
974623,453753
974647,453753
974657,453753
974578,453753
974675,453753
974467,453753
973950,453753
974426,453753
974368,453753
973408,453753
974126,453753
974337,453753
974549,453753
974465,453753
974245,453753
974180,453753
974178,453753
974523,453753
974706,453753
974606,453753
974420,453753
974504,453753
974633,453753
974577,453753
974465,453753
974513,453753
974165,453753
974359,453753
974695,453753
974630,453753
974693,453753
974730,453753
974650,453753
974792,453753
973829,453753
974535,453753
974529,453753
974524,453753
974674,453753
974744,453753
974760,453753
974653,453753
974740,453753
974830,453753
974763,453753
974788,453753
974671,453753
974411,453753
974510,453753
974572,453753
974644,453753
974702,453753
974575,453753
974751,453753
974680,453753
974764,453753
974716,453753
974429,453753
974657,453753
974668,453753
974713,453753
974302,453753
974655,453753
974699,453753
974703,453753
974687,453753
974554,453753
974634,453753
974559,453753
974539,453753
974344,453753
973535,453753
974516,453753
974573,453753
974664,453753
974790,453753
974777,453753
974532,453753
974437,453753
974615,453753
974646,453753
974329,453753
974448,453753
974748,453753
974644,453753
974671,453753
974649,453753
974472,453753
974384,453753
974396,453753
974570,453753
974786,453753
974554,453753
974873,453753
974772,453753
974631,453753
974687,453753
974749,453753
974579,453753
974857,453753
974843,453753
974766,453753
974514,453753
974398,453753
974600,453753
974536,453753
974689,453753
974733,453753
974283,453753
973144,453753
973483,453753
974625,453753
974654,453753
974725,453753
974607,453753
974637,453753
974399,453753
974730,453753
974676,453753
974711,453753
974562,453753
974641,453753
974629,453753
973880,453753
974439,453753
974624,453753
974610,453753
974651,453753
974538,453753
974625,453753
974741,453753
974769,453753
974570,453753
974444,453753
974576,453753
974372,453753
974534,453753
974655,453753
974789,453753
974598,453753
974562,453753
974532,453753
974282,453753
974311,453753
974702,453753
974739,453753
974793,453753
974793,453753
974781,453753
974592,453753
974732,453753
974751,453753
974766,453753
974781,453753
974736,453753
974674,453753
974627,453753
974813,453753
974793,453753
974691,453753
974722,453753
974779,453753
974686,453753
974690,453753
974534,453753
974738,453753
974545,453753
974796,453753
974311,453753
974568,453753
974300,453753
974031,453753
974645,453753
974498,453753
974630,453753
974759,453753
974618,453753
974644,453753
974742,453753
974732,453753
974768,453753
974709,453753
974465,453753
974385,453753
974626,453753
974568,453753
974625,453753
974764,453753
974642,453753
974514,453753
974693,453753
974612,453753
974752,453753
974651,453753
974555,453753
974691,453753
974742,453753
974781,453753
974718,453753
974836,453753
974547,453753
974643,453753
974724,453753
974776,453753
974710,453753
974702,453753
974711,453753
974701,453753
974716,453753
974715,453753
974762,453753
974491,453753
974550,453753
974662,453753
974668,453753
974749,453753
974519,453753
974290,453753
973956,453753
974516,453753
974639,453753
974735,453753
974493,453753
974648,453753
974457,453753
974544,453753
974516,453753
974712,453753
974567,453753
972999,453753
974708,453753
974744,453753
974547,453753
974667,453753
974418,453753
974527,453753
974658,453753
974512,453753
974218,453753
974557,453753
974593,453753
974737,453753
974737,453753
974813,453753
974695,453753
974712,453753
974656,453753
974801,453753
974725,453753
974877,453753
974671,453753
974552,453753
973886,453753
974744,453753
974241,453753
974077,453753
974476,453753
974453,453753
974808,453753
974631,453753
974665,453753
974854,453753
974835,453753
974718,453753
974514,453753
974565,453753
974713,453753
974766,453753
974656,453753
974580,453753
974684,453753
970721,453753
964769,453753
972833,453753
974497,453753
974409,453753
974368,453753
974738,453753
974485,453753
974677,453753
974790,453753
974598,453753
973725,453753
974335,453753
974395,453753
974577,453753
974748,453753
974546,453753
974496,453753
974409,453753
974552,453753
974619,453753
974725,453753
974692,453753
974708,453753
974822,453753
974715,453753
974383,453753
974815,453753
974768,453753
974784,453753
974836,453753
974664,453753
974699,453753
974785,453753
974841,453753
974752,453753
974589,453753
974733,453753
974710,453753
974674,453753
974629,453753
974672,453753
974753,453753
974657,453753
974643,453753
974266,453753
973408,453753
974491,453753
974633,453753
974280,453753
974527,453753
974569,453753
974454,453753
974498,453753
974584,453753
974746,453753
974683,453753
974577,453753
974727,453753
974620,453753
974285,453753
974415,453753
974712,453753
974619,453753
974455,453753
974672,453753
974681,453753
974677,453753
974729,453753
974521,453753
974540,453753
974760,453753
974812,453753
974466,453753
974322,453753
974815,453753
974853,453753
974877,453753
974820,453753
974593,453753
974481,453753
974833,453753
974678,453753
974658,453753
974790,453753
974772,453753
974802,453753
974657,453753
974714,453753
974711,453753
974700,453753
974713,453753
974531,453753
974511,453753
974305,453753
974544,453753
974496,453753
974431,453753
974588,453753
974850,453753
974690,453753
974653,453753
974552,453753
974481,453753
974596,453753
974741,453753
974626,453753
974672,453753
974756,453753
974712,453753
974865,453753
974831,453753
974834,453753
974641,453753
974747,453753
974664,453753
974787,453753
974799,453753
974780,453753
974704,453753
974769,453753
974878,453753
974662,453753
974528,453753
974474,453753
974441,453753
974647,453753
974670,453753
974172,453753
974736,453753
974568,453753
974566,453753
974623,453753
974505,453753
974510,453753
974676,453753
974524,453753
974637,453753
974666,453753
974672,453753
974720,453753
974722,453753
974642,453753
974857,453753
974834,453753
974786,453753
974742,453753
974566,453753
974708,453753
974879,453753
974840,453753
974747,453753
974878,453753
974797,453753
974662,453753
974344,453753
974666,453753
974357,453753
974646,453753
974694,453753
974760,453753
974676,453753
974589,453753
974710,453753
974771,453753
974074,453753
974302,453753
974544,453753
974714,453753
973994,453753
974679,453753
974668,453753
974756,453753
974870,453753
974808,453753
974860,453753
974808,453753
974681,453753
974807,453753
974473,453753
974571,453753
974848,453753
974712,453753
974746,453753
974682,453753
974747,453753
974772,453753
974823,453753
974613,453753
974698,453753
974794,453753
974507,453753
974411,453753
974799,453753
974712,453753
974789,453753
974672,453753
974631,453753
974645,453753
974633,453753
974060,453753
974202,453753
974518,453753
974642,453753
974727,453753
974803,453753
974673,453753
974714,453753
974739,453753
974822,453753
974794,453753
974606,453753
974349,453753
974748,453753
974766,453753
974657,453753
974533,453753
974851,453753
974874,453753
974858,453753
974764,453753
974562,453753
974539,453753
974458,453753
974806,453753
974708,453753
974471,453753
974139,453753
974236,453753
973737,453753
974714,453753
974637,453753
974858,453753
974410,453753
974724,453753
974770,453753
974777,453753
974759,453753
974815,453753
974742,453753
974779,453753
974678,453753
974691,453753
974484,453753
974590,453753
974872,453753
974901,453753
974885,453753
974784,453753
974846,453753
974758,453753
974608,453753
974748,453753
974725,453753
974681,453753
974623,453753
974590,453753
974626,453753
974560,453753
974581,453753
974667,453753
974659,453753
974329,453753
974693,453753
974777,453753
974763,453753
974677,453753
974683,453753
974782,453753
974715,453753
974811,453753
974698,453753
974812,453753
974764,453753
974675,453753
974766,453753
974839,453753
974763,453753
974685,453753
974464,453753
973630,453753
974651,453753
974638,453753
974667,453753
974383,453753
973932,453753
974533,453753
974700,453753
974633,453753
974190,453753
974353,453753
974354,453753
973910,453753
974515,453753
974712,453753
974772,453753
974510,453753
974838,453753
973695,453753
974254,453753
974578,453753
974591,453753
974811,453753
974540,453753
974821,453753
974842,453753
974827,453753
974773,453753
974718,453753
974810,453753
974683,453753
974611,453753
974559,453753
974165,453753
974079,453753
974630,453753
974706,453753
974733,453753
974569,453753
974644,453753
974743,453753
974741,453753
974810,453753
974834,453753
974882,453753
974830,453753
974766,453753
974591,453753
974873,453753
974841,453753
974788,453753
974730,453753
974783,453753
974746,453753
974650,453753
974658,453753
974690,453753
974642,453753
974764,453753
974843,453753
974693,453753
974606,453753
974453,453753
974780,453753
974784,453753
974739,453753
974831,453753
974707,453753
974165,453753
974667,453753
974795,453753
974727,453753
974259,453753
974420,453753
974833,453753
974764,453753
974769,453753
974843,453546
