TRACE,NSNPS_JACKKNIFE
973261,453753
973223,453753
973084,453753
973164,453753
973111,453753
973225,453753
973036,453753
973027,453753
973136,453753
973091,453753
973143,453753
972954,453753
973278,453753
973071,453753
973236,453753
973150,453753
973041,453753
972597,453753
972619,453753
972924,453753
973182,453753
973206,453753
973009,453753
973161,453753
973197,453753
973138,453753
972957,453753
972917,453753
973077,453753
973062,453753
973096,453753
973055,453753
973070,453753
973034,453753
973085,453753
973103,453753
973085,453753
973018,453753
973103,453753
973153,453753
973175,453753
973091,453753
973006,453753
972758,453753
972866,453753
973015,453753
973107,453753
973167,453753
973204,453753
973194,453753
973201,453753
972822,453753
972912,453753
973041,453753
972866,453753
973090,453753
973072,453753
972760,453753
972940,453753
972929,453753
973159,453753
973247,453753
973177,453753
973111,453753
973052,453753
973139,453753
973143,453753
972975,453753
973049,453753
972950,453753
972594,453753
973167,453753
973144,453753
973283,453753
973208,453753
973199,453753
973302,453753
973150,453753
973252,453753
973176,453753
972906,453753
973133,453753
973262,453753
973279,453753
973270,453753
973189,453753
973247,453753
973273,453753
973176,453753
973161,453753
972889,453753
972827,453753
973142,453753
971950,453753
973111,453753
972933,453753
973121,453753
973099,453753
973105,453753
973229,453753
972933,453753
973024,453753
972935,453753
972810,453753
972822,453753
972883,453753
973120,453753
973136,453753
973115,453753
973095,453753
973151,453753
973037,453753
972947,453753
972822,453753
972795,453753
972773,453753
973108,453753
973097,453753
972965,453753
972868,453753
972919,453753
973171,453753
972957,453753
973045,453753
973190,453753
973052,453753
972935,453753
973042,453753
972875,453753
973031,453753
972988,453753
973057,453753
972988,453753
973095,453753
972867,453753
973133,453753
973145,453753
973149,453753
972888,453753
973081,453753
972608,453753
972491,453753
973058,453753
972922,453753
972900,453753
972891,453753
973041,453753
972987,453753
973125,453753
973155,453753
973141,453753
973246,453753
973175,453753
973098,453753
973139,453753
973148,453753
973150,453753
973173,453753
973255,453753
973154,453753
973044,453753
973112,453753
973184,453753
973297,453753
973297,453753
973266,453753
973177,453753
973171,453753
973173,453753
973131,453753
972943,453753
973137,453753
973155,453753
973136,453753
973169,453753
973097,453753
973141,453753
973000,453753
972957,453753
973008,453753
972944,453753
971550,453753
971786,453753
973086,453753
972975,453753
973235,453753
973210,453753
973182,453753
973228,453753
973112,453753
973279,453753
973202,453753
972898,453753
972408,453753
972458,453753
972263,453753
972561,453753
972876,453753
973112,453753
973031,453753
973008,453753
973165,453753
973118,453753
972787,453753
973084,453753
973098,453753
972998,453753
973114,453753
973024,453753
972809,453753
973061,453753
973124,453753
973157,453753
973144,453753
972880,453753
972992,453753
972440,453753
972508,453753
972808,453753
972625,453753
973256,453753
973186,453753
973121,453753
973189,453753
972990,453753
973170,453753
973207,453753
973188,453753
973241,453753
973231,453753
973096,453753
972858,453753
972843,453753
973253,453753
973258,453753
973234,453753
973039,453753
973030,453753
972873,453753
973149,453753
973007,453753
973199,453753
973261,453753
973116,453753
973122,453753
973100,453753
973093,453753
973123,453753
973150,453753
972834,453753
972801,453753
973157,453753
973070,453753
972959,453753
972990,453753
972966,453753
973052,453753
973060,453753
972756,453753
973021,453753
973212,453753
972984,453753
972390,453753
972995,453753
973040,453753
972963,453753
972933,453753
972410,453753
973117,453753
973100,453753
973032,453753
972643,453753
972998,453753
972956,453753
972977,453753
972834,453753
973157,453753
973154,453753
972970,453753
972796,453753
973038,453753
972923,453753
973161,453753
973087,453753
972993,453753
973164,453753
973157,453753
973078,453753
973051,453753
973193,453753
973221,453753
973227,453753
973233,453753
973223,453753
973231,453753
973196,453753
973078,453753
973051,453753
973256,453753
973212,453753
973219,453753
973189,453753
973331,453753
973109,453753
973235,453753
973199,453753
973083,453753
973162,453753
973101,453753
973232,453753
973194,453753
973054,453753
972820,453753
972416,453753
972080,453753
972958,453753
973079,453753
972907,453753
972915,453753
973075,453753
973085,453753
973146,453753
973132,453753
973087,453753
973057,453753
972909,453753
972985,453753
973054,453753
973001,453753
972945,453753
972427,453753
973039,453753
973088,453753
973132,453753
973079,453753
973147,453753
972928,453753
973137,453753
973177,453753
972943,453753
972842,453753
973033,453753
972444,453753
972368,453753
973083,453753
972924,453753
973167,453753
972967,453753
973041,453753
971919,453753
973133,453753
973133,453753
973144,453753
973310,453753
973289,453753
973235,453753
973275,453753
973254,453753
973176,453753
973135,453753
973221,453753
973260,453753
973189,453753
973219,453753
973068,453753
973182,453753
973114,453753
973172,453753
973036,453753
973132,453753
973162,453753
973046,453753
973057,453753
973146,453753
973079,453753
973168,453753
972837,453753
972372,453753
972835,453753
972836,453753
971936,453753
972552,453753
972893,453753
972984,453753
972891,453753
972673,453753
972655,453753
972633,453753
972918,453753
973129,453753
973037,453753
972854,453753
972921,453753
973079,453753
972962,453753
972810,453753
972914,453753
972707,453753
972805,453753
973123,453753
973080,453753
973100,453753
973118,453753
973084,453753
973244,453753
972565,453753
973021,453753
973013,453753
973050,453753
973178,453753
973169,453753
973183,453753
973090,453753
973199,453753
973251,453753
973215,453753
973207,453753
973138,453753
972830,453753
972938,453753
973038,453753
973085,453753
973162,453753
972989,453753
973211,453753
973143,453753
973155,453753
973131,453753
972938,453753
973019,453753
973027,453753
973142,453753
972666,453753
973084,453753
973142,453753
973109,453753
973143,453753
973004,453753
973024,453753
973002,453753
973001,453753
972767,453753
971796,453753
972944,453753
973061,453753
973092,453753
973226,453753
973232,453753
972943,453753
972861,453753
972995,453753
973079,453753
972713,453753
972832,453753
973200,453753
973067,453753
973133,453753
973086,453753
972931,453753
972879,453753
972786,453753
973028,453753
973229,453753
972969,453753
973274,453753
973214,453753
973071,453753
973094,453753
973222,453753
973024,453753
973298,453753
973292,453753
973211,453753
972983,453753
972858,453753
973058,453753
972992,453753
973121,453753
973193,453753
972614,453753
971405,453753
971813,453753
973083,453753
973051,453753
973135,453753
973015,453753
973145,453753
972882,453753
973135,453753
973161,453753
973175,453753
972897,453753
973058,453753
973026,453753
972194,453753
972887,453753
973075,453753
973001,453753
973083,453753
973002,453753
973003,453753
973216,453753
973230,453753
973028,453753
972957,453753
973038,453753
972900,453753
972976,453753
973082,453753
973231,453753
973064,453753
973050,453753
973049,453753
972808,453753
972848,453753
973185,453753
973146,453753
973198,453753
973234,453753
973225,453753
973074,453753
973172,453753
973175,453753
973166,453753
973192,453753
973175,453753
973114,453753
973032,453753
973230,453753
973260,453753
973112,453753
973224,453753
973210,453753
973128,453753
973146,453753
973067,453753
973204,453753
972959,453753
973205,453753
972868,453753
973026,453753
972642,453753
972398,453753
973072,453753
972959,453753
973053,453753
973193,453753
973063,453753
973100,453753
973177,453753
973151,453753
973209,453753
973150,453753
972939,453753
972777,453753
973099,453753
972980,453753
973047,453753
973169,453753
973094,453753
972898,453753
973133,453753
973031,453753
973187,453753
973057,453753
972993,453753
973163,453753
973189,453753
973227,453753
973151,453753
973280,453753
973044,453753
973052,453753
973219,453753
973201,453753
973153,453753
973146,453753
973137,453753
973132,453753
973152,453753
973207,453753
973193,453753
972970,453753
972980,453753
973051,453753
973112,453753
973184,453753
972976,453753
972697,453753
972233,453753
972963,453753
973111,453753
973178,453753
972873,453753
973075,453753
972987,453753
972998,453753
973018,453753
973130,453753
972957,453753
971165,453753
973127,453753
973165,453753
973036,453753
973132,453753
972909,453753
972953,453753
973103,453753
972940,453753
972679,453753
973034,453753
973064,453753
973194,453753
973161,453753
973224,453753
973110,453753
973179,453753
973103,453753
973226,453753
973131,453753
973319,453753
973178,453753
973044,453753
972312,453753
973224,453753
972795,453753
972606,453753
972922,453753
972906,453753
973211,453753
973048,453753
973084,453753
973296,453753
973254,453753
973163,453753
972951,453753
972992,453753
973112,453753
973176,453753
973077,453753
972987,453753
973130,453753
969285,453753
963105,453753
971123,453753
972922,453753
972847,453753
972786,453753
973166,453753
972952,453753
973061,453753
973218,453753
972986,453753
972159,453753
972819,453753
972908,453753
973084,453753
973224,453753
973024,453753
972913,453753
972863,453753
973010,453753
973010,453753
973093,453753
973159,453753
973161,453753
973276,453753
973138,453753
972877,453753
973274,453753
973191,453753
973186,453753
973281,453753
973124,453753
973176,453753
973240,453753
973267,453753
973229,453753
973007,453753
973139,453753
973179,453753
973077,453753
973066,453753
973103,453753
973185,453753
973064,453753
972972,453753
972797,453753
971977,453753
972951,453753
973047,453753
972786,453753
972919,453753
972954,453753
972979,453753
972964,453753
973074,453753
973170,453753
973115,453753
973002,453753
973178,453753
973014,453753
972766,453753
972841,453753
973127,453753
973034,453753
972907,453753
973125,453753
973094,453753
973112,453753
973202,453753
972963,453753
972948,453753
973241,453753
973239,453753
972997,453753
972723,453753
973254,453753
973296,453753
973283,453753
973265,453753
973088,453753
972912,453753
973303,453753
973116,453753
973106,453753
973201,453753
973241,453753
973259,453753
973141,453753
973155,453753
973089,453753
973149,453753
973202,453753
972997,453753
972954,453753
972679,453753
972985,453753
973019,453753
972950,453753
973076,453753
973266,453753
973048,453753
973075,453753
973022,453753
972922,453753
972994,453753
973184,453753
973053,453753
973129,453753
973163,453753
973149,453753
973324,453753
973294,453753
973242,453753
973055,453753
973231,453753
973063,453753
973216,453753
973223,453753
973193,453753
973154,453753
973184,453753
973274,453753
973083,453753
972910,453753
972856,453753
972824,453753
973099,453753
973138,453753
972541,453753
973161,453753
972980,453753
973018,453753
972978,453753
973054,453753
972929,453753
973136,453753
973034,453753
973067,453753
973103,453753
973116,453753
973191,453753
973156,453753
973111,453753
973288,453753
973243,453753
973234,453753
973189,453753
973065,453753
973158,453753
973320,453753
973270,453753
973164,453753
973280,453753
973230,453753
973070,453753
972739,453753
973168,453753
972866,453753
973050,453753
973108,453753
973200,453753
973138,453753
972956,453753
973088,453753
973221,453753
972360,453753
972826,453753
972900,453753
973124,453753
972333,453753
973154,453753
973075,453753
973220,453753
973320,453753
973244,453753
973299,453753
973241,453753
973093,453753
973268,453753
972950,453753
973041,453753
973299,453753
973189,453753
973200,453753
973164,453753
973175,453753
973192,453753
973269,453753
973070,453753
973127,453753
973214,453753
972913,453753
972843,453753
973233,453753
973139,453753
973232,453753
973069,453753
973066,453753
973160,453753
973092,453753
972447,453753
972591,453753
972967,453753
973071,453753
973219,453753
973237,453753
973171,453753
973211,453753
973128,453753
973257,453753
973251,453753
973006,453753
972703,453753
973177,453753
973218,453753
973037,453753
972949,453753
973263,453753
973318,453753
973303,453753
973146,453753
972939,453753
972824,453753
972912,453753
973259,453753
973104,453753
972950,453753
972620,453753
972706,453753
972350,453753
973177,453753
973041,453753
973305,453753
972785,453753
973142,453753
973160,453753
973203,453753
973226,453753
973258,453753
973207,453753
973242,453753
973159,453753
973189,453753
972882,453753
972988,453753
973306,453753
973301,453753
973348,453753
973214,453753
973272,453753
973189,453753
973033,453753
973160,453753
973163,453753
973105,453753
973022,453753
973035,453753
973104,453753
972897,453753
972974,453753
973057,453753
973014,453753
972765,453753
973115,453753
973173,453753
973212,453753
973061,453753
973091,453753
973254,453753
973194,453753
973284,453753
973141,453753
973231,453753
973195,453753
973148,453753
973231,453753
973251,453753
973168,453753
973122,453753
972947,453753
972302,453753
973032,453753
973045,453753
973101,453753
972826,453753
972301,453753
972988,453753
973135,453753
973074,453753
972591,453753
972840,453753
972847,453753
972415,453753
972963,453753
973157,453753
973180,453753
973045,453753
973249,453753
972047,453753
972725,453753
972982,453753
973070,453753
973275,453753
973035,453753
973255,453753
973254,453753
973268,453753
973218,453753
973100,453753
973231,453753
973111,453753
973070,453753
972971,453753
972606,453753
972417,453753
973068,453753
973143,453753
973180,453753
973017,453753
973103,453753
973192,453753
973192,453753
973234,453753
973306,453753
973293,453753
973258,453753
973220,453753
972991,453753
973300,453753
973288,453753
973224,453753
973186,453753
973249,453753
973150,453753
973091,453753
973111,453753
973126,453753
973060,453753
973175,453753
973266,453753
973124,453753
973071,453753
972813,453753
973184,453753
973221,453753
973181,453753
973290,453753
973158,453753
972644,453753
973065,453753
973248,453753
973195,453753
972595,453753
972813,453753
973264,453753
973172,453753
973240,453753
973349,453546
