TRACE,NSNPS_JACKKNIFE
976466,453753
976449,453753
976373,453753
976369,453753
976317,453753
976392,453753
976241,453753
976239,453753
976302,453753
976187,453753
976320,453753
976109,453753
976436,453753
976281,453753
976396,453753
976338,453753
976202,453753
975753,453753
975877,453753
976109,453753
976375,453753
976407,453753
976218,453753
976389,453753
976374,453753
976327,453753
976115,453753
976083,453753
976272,453753
976216,453753
976274,453753
976286,453753
976266,453753
976193,453753
976293,453753
976303,453753
976295,453753
976198,453753
976304,453753
976346,453753
976367,453753
976321,453753
976185,453753
975936,453753
976034,453753
976214,453753
976298,453753
976333,453753
976397,453753
976394,453753
976390,453753
976028,453753
976044,453753
976201,453753
976040,453753
976242,453753
976271,453753
976049,453753
976147,453753
976099,453753
976344,453753
976410,453753
976374,453753
976265,453753
976252,453753
976289,453753
976267,453753
976169,453753
976226,453753
976199,453753
975897,453753
976317,453753
976366,453753
976445,453753
976404,453753
976377,453753
976484,453753
976354,453753
976433,453753
976287,453753
976093,453753
976319,453753
976410,453753
976464,453753
976467,453753
976374,453753
976446,453753
976450,453753
976316,453753
976334,453753
976076,453753
976010,453753
976350,453753
974667,453753
976300,453753
976157,453753
976318,453753
976308,453753
976252,453753
976428,453753
976162,453753
976206,453753
976087,453753
976092,453753
976075,453753
976121,453753
976343,453753
976375,453753
976334,453753
976306,453753
976351,453753
976253,453753
976181,453753
975983,453753
976018,453753
976026,453753
976323,453753
976293,453753
976144,453753
976038,453753
976132,453753
976442,453753
976210,453753
976252,453753
976300,453753
976257,453753
976162,453753
976223,453753
976139,453753
976284,453753
976151,453753
976230,453753
976175,453753
976292,453753
976032,453753
976318,453753
976360,453753
976391,453753
976089,453753
976304,453753
975729,453753
975610,453753
976261,453753
976068,453753
976130,453753
976064,453753
976196,453753
976200,453753
976274,453753
976316,453753
976282,453753
976363,453753
976366,453753
976292,453753
976297,453753
976339,453753
976346,453753
976365,453753
976453,453753
976322,453753
976199,453753
976289,453753
976337,453753
976495,453753
976460,453753
976407,453753
976341,453753
976342,453753
976343,453753
976323,453753
976179,453753
976354,453753
976336,453753
976274,453753
976399,453753
976250,453753
976308,453753
976168,453753
976119,453753
976239,453753
976139,453753
974881,453753
975071,453753
976217,453753
976165,453753
976431,453753
976361,453753
976392,453753
976400,453753
976288,453753
976468,453753
976411,453753
976074,453753
975656,453753
975624,453753
975426,453753
975744,453753
976127,453753
976365,453753
976231,453753
976133,453753
976334,453753
976313,453753
975925,453753
976288,453753
976280,453753
976189,453753
976346,453753
976171,453753
975924,453753
976243,453753
976327,453753
976404,453753
976351,453753
976170,453753
976229,453753
975834,453753
975792,453753
976037,453753
975914,453753
976450,453753
976378,453753
976377,453753
976360,453753
976184,453753
976398,453753
976427,453753
976393,453753
976402,453753
976422,453753
976240,453753
975964,453753
976081,453753
976440,453753
976465,453753
976436,453753
976211,453753
976238,453753
976042,453753
976315,453753
976171,453753
976401,453753
976449,453753
976326,453753
976330,453753
976265,453753
976268,453753
976289,453753
976318,453753
976064,453753
976001,453753
976325,453753
976299,453753
976107,453753
976223,453753
976171,453753
976192,453753
976208,453753
975965,453753
976297,453753
976407,453753
976138,453753
975594,453753
976166,453753
976241,453753
976158,453753
976145,453753
975597,453753
976315,453753
976274,453753
976218,453753
975869,453753
976212,453753
976099,453753
976143,453753
976058,453753
976368,453753
976368,453753
976219,453753
975972,453753
976234,453753
976168,453753
976343,453753
976254,453753
976108,453753
976305,453753
976389,453753
976244,453753
976341,453753
976426,453753
976450,453753
976417,453753
976470,453753
976358,453753
976417,453753
976402,453753
976303,453753
976289,453753
976467,453753
976369,453753
976400,453753
976363,453753
976509,453753
976255,453753
976407,453753
976398,453753
976316,453753
976345,453753
976257,453753
976433,453753
976398,453753
976255,453753
976058,453753
975714,453753
975506,453753
976134,453753
976273,453753
976078,453753
976170,453753
976217,453753
976294,453753
976366,453753
976216,453753
976310,453753
976172,453753
976099,453753
976179,453753
976194,453753
976209,453753
976100,453753
975438,453753
976161,453753
976291,453753
976341,453753
976219,453753
976350,453753
976148,453753
976252,453753
976314,453753
976042,453753
976010,453753
976179,453753
975640,453753
975705,453753
976322,453753
976113,453753
976329,453753
976161,453753
976171,453753
975096,453753
976297,453753
976274,453753
976335,453753
976483,453753
976497,453753
976398,453753
976476,453753
976464,453753
976352,453753
976305,453753
976373,453753
976440,453753
976296,453753
976413,453753
976242,453753
976347,453753
976266,453753
976360,453753
976239,453753
976376,453753
976285,453753
976285,453753
976265,453753
976328,453753
976274,453753
976328,453753
976131,453753
975702,453753
976083,453753
975985,453753
975053,453753
975704,453753
976025,453753
976206,453753
976144,453753
975950,453753
975909,453753
975771,453753
976133,453753
976318,453753
976236,453753
976036,453753
976188,453753
976264,453753
976225,453753
976165,453753
976125,453753
975874,453753
975891,453753
976322,453753
976289,453753
976294,453753
976337,453753
976258,453753
976448,453753
975435,453753
976206,453753
976196,453753
976208,453753
976348,453753
976379,453753
976383,453753
976282,453753
976383,453753
976421,453753
976425,453753
976385,453753
976293,453753
976047,453753
976154,453753
976269,453753
976326,453753
976351,453753
976167,453753
976377,453753
976326,453753
976406,453753
976358,453753
976088,453753
976220,453753
976252,453753
976357,453753
975809,453753
976286,453753
976346,453753
976320,453753
976320,453753
976209,453753
976193,453753
976190,453753
976174,453753
975940,453753
974949,453753
976154,453753
976229,453753
976345,453753
976403,453753
976424,453753
976104,453753
976073,453753
976274,453753
976303,453753
975926,453753
976091,453753
976380,453753
976264,453753
976323,453753
976273,453753
976137,453753
976033,453753
976003,453753
976188,453753
976405,453753
976156,453753
976447,453753
976425,453753
976255,453753
976308,453753
976449,453753
976195,453753
976486,453753
976488,453753
976454,453753
976236,453753
976094,453753
976201,453753
976227,453753
976357,453753
976327,453753
975809,453753
974643,453753
975036,453753
976289,453753
976314,453753
976360,453753
976238,453753
976298,453753
976143,453753
976363,453753
976348,453753
976395,453753
976071,453753
976268,453753
976262,453753
975539,453753
976027,453753
976254,453753
976225,453753
976281,453753
976191,453753
976202,453753
976407,453753
976407,453753
976238,453753
976085,453753
976213,453753
976026,453753
976151,453753
976292,453753
976411,453753
976189,453753
976189,453753
976145,453753
975922,453753
975986,453753
976368,453753
976328,453753
976370,453753
976375,453753
976408,453753
976235,453753
976382,453753
976367,453753
976338,453753
976396,453753
976399,453753
976297,453753
976261,453753
976419,453753
976454,453753
976315,453753
976403,453753
976413,453753
976397,453753
976334,453753
976210,453753
976410,453753
976224,453753
976425,453753
976100,453753
976197,453753
975904,453753
975594,453753
976282,453753
976158,453753
976289,453753
976414,453753
976279,453753
976236,453753
976375,453753
976313,453753
976402,453753
976342,453753
976150,453753
975974,453753
976233,453753
976223,453753
976181,453753
976371,453753
976291,453753
976126,453753
976300,453753
976180,453753
976337,453753
976254,453753
976171,453753
976328,453753
976343,453753
976440,453753
976355,453753
976477,453753
976210,453753
976231,453753
976398,453753
976408,453753
976384,453753
976327,453753
976336,453753
976360,453753
976316,453753
976352,453753
976378,453753
976145,453753
976158,453753
976287,453753
976269,453753
976405,453753
976147,453753
975841,453753
975301,453753
976206,453753
976270,453753
976334,453753
976122,453753
976246,453753
976148,453753
976202,453753
976183,453753
976339,453753
976115,453753
974957,453753
976350,453753
976380,453753
976211,453753
976330,453753
976119,453753
976205,453753
976261,453753
976142,453753
975874,453753
976266,453753
976291,453753
976346,453753
976344,453753
976419,453753
976282,453753
976314,453753
976313,453753
976413,453753
976347,453753
976510,453753
976320,453753
976220,453753
975286,453753
976401,453753
975900,453753
975711,453753
976100,453753
976160,453753
976411,453753
976233,453753
976309,453753
976491,453753
976454,453753
976382,453753
976115,453753
976126,453753
976302,453753
976365,453753
976248,453753
976177,453753
976257,453753
972311,453753
965853,453753
974472,453753
976101,453753
976034,453753
975924,453753
976332,453753
976175,453753
976326,453753
976431,453753
976180,453753
975138,453753
976021,453753
976092,453753
976244,453753
976404,453753
976266,453753
976084,453753
976035,453753
976167,453753
976193,453753
976318,453753
976366,453753
976346,453753
976486,453753
976349,453753
976054,453753
976440,453753
976389,453753
976469,453753
976480,453753
976306,453753
976357,453753
976457,453753
976446,453753
976387,453753
976217,453753
976358,453753
976368,453753
976278,453753
976259,453753
976261,453753
976396,453753
976267,453753
976214,453753
975900,453753
975027,453753
976123,453753
976259,453753
975944,453753
976097,453753
976062,453753
976110,453753
976158,453753
976277,453753
976386,453753
976323,453753
976213,453753
976398,453753
976279,453753
975935,453753
976021,453753
976313,453753
976245,453753
976121,453753
976340,453753
976335,453753
976279,453753
976401,453753
976137,453753
976141,453753
976414,453753
976427,453753
976174,453753
975916,453753
976427,453753
976493,453753
976463,453753
976422,453753
976248,453753
976069,453753
976486,453753
976249,453753
976264,453753
976422,453753
976403,453753
976428,453753
976338,453753
976319,453753
976271,453753
976316,453753
976376,453753
976163,453753
976117,453753
975926,453753
976163,453753
976168,453753
976065,453753
976257,453753
976442,453753
976245,453753
976303,453753
976220,453753
976049,453753
976195,453753
976347,453753
976207,453753
976297,453753
976373,453753
976369,453753
976500,453753
976460,453753
976415,453753
976295,453753
976388,453753
976303,453753
976408,453753
976439,453753
976423,453753
976321,453753
976384,453753
976454,453753
976362,453753
976210,453753
976074,453753
976119,453753
976250,453753
976300,453753
975642,453753
976380,453753
976162,453753
976228,453753
976172,453753
976194,453753
976103,453753
976283,453753
976206,453753
976286,453753
976287,453753
976350,453753
976389,453753
976378,453753
976271,453753
976485,453753
976426,453753
976446,453753
976411,453753
976247,453753
976352,453753
976487,453753
976493,453753
976316,453753
976475,453753
976421,453753
976281,453753
975892,453753
976326,453753
976019,453753
976339,453753
976316,453753
976402,453753
976333,453753
976198,453753
976293,453753
976447,453753
975639,453753
976020,453753
976145,453753
976327,453753
975561,453753
976325,453753
976267,453753
976414,453753
976504,453753
976408,453753
976492,453753
976432,453753
976312,453753
976372,453753
976130,453753
976205,453753
976482,453753
976393,453753
976346,453753
976302,453753
976414,453753
976362,453753
976442,453753
976296,453753
976335,453753
976380,453753
976122,453753
976027,453753
976451,453753
976377,453753
976413,453753
976228,453753
976254,453753
976334,453753
976241,453753
975705,453753
975846,453753
976171,453753
976272,453753
976353,453753
976451,453753
976304,453753
976326,453753
976325,453753
976440,453753
976424,453753
976198,453753
975908,453753
976394,453753
976428,453753
976286,453753
976115,453753
976462,453753
976492,453753
976489,453753
976369,453753
976124,453753
976087,453753
976116,453753
976451,453753
976400,453753
976153,453753
975757,453753
975859,453753
975352,453753
976372,453753
976221,453753
976502,453753
975936,453753
976352,453753
976380,453753
976394,453753
976426,453753
976491,453753
976387,453753
976460,453753
976342,453753
976296,453753
976160,453753
976264,453753
976476,453753
976511,453753
976539,453753
976436,453753
976429,453753
976388,453753
976261,453753
976326,453753
976373,453753
976303,453753
976307,453753
976227,453753
976310,453753
976080,453753
976173,453753
976279,453753
976248,453753
975983,453753
976291,453753
976403,453753
976435,453753
976290,453753
976286,453753
976406,453753
976383,453753
976454,453753
976398,453753
976452,453753
976357,453753
976323,453753
976383,453753
976494,453753
976366,453753
976311,453753
976137,453753
975331,453753
976242,453753
976281,453753
976315,453753
976090,453753
975517,453753
976159,453753
976334,453753
976257,453753
975727,453753
976057,453753
976121,453753
975413,453753
976191,453753
976374,453753
976405,453753
976186,453753
976468,453753
975418,453753
975905,453753
976134,453753
976230,453753
976418,453753
976269,453753
976464,453753
976469,453753
976463,453753
976421,453753
976324,453753
976397,453753
976328,453753
976310,453753
976195,453753
975873,453753
975668,453753
976282,453753
976278,453753
976349,453753
976201,453753
976261,453753
976417,453753
976427,453753
976425,453753
976465,453753
976476,453753
976461,453753
976392,453753
976242,453753
976494,453753
976487,453753
976413,453753
976348,453753
976407,453753
976322,453753
976273,453753
976318,453753
976313,453753
976296,453753
976383,453753
976435,453753
976378,453753
976190,453753
975986,453753
976422,453753
976401,453753
976385,453753
976456,453753
976317,453753
975839,453753
976301,453753
976422,453753
976363,453753
975849,453753
976013,453753
976424,453753
976407,453753
976430,453753
976605,453546
