TRACE,NSNPS_JACKKNIFE
976458,453753
976408,453753
976346,453753
976342,453753
976246,453753
976404,453753
976209,453753
976150,453753
976292,453753
976261,453753
976286,453753
976002,453753
976431,453753
976271,453753
976336,453753
976314,453753
976176,453753
975733,453753
975822,453753
976116,453753
976364,453753
976387,453753
976199,453753
976316,453753
976387,453753
976331,453753
976113,453753
976157,453753
976239,453753
976282,453753
976222,453753
976220,453753
976199,453753
976199,453753
976267,453753
976314,453753
976262,453753
976161,453753
976315,453753
976290,453753
976329,453753
976356,453753
976193,453753
975924,453753
976065,453753
976188,453753
976260,453753
976268,453753
976405,453753
976357,453753
976379,453753
976026,453753
976087,453753
976175,453753
976017,453753
976250,453753
976259,453753
975822,453753
976086,453753
976090,453753
976296,453753
976445,453753
976353,453753
976308,453753
976257,453753
976317,453753
976239,453753
976174,453753
976225,453753
976170,453753
975763,453753
976313,453753
976346,453753
976438,453753
976364,453753
976357,453753
976427,453753
976316,453753
976441,453753
976321,453753
976065,453753
976315,453753
976411,453753
976429,453753
976469,453753
976377,453753
976405,453753
976457,453753
976354,453753
976325,453753
976109,453753
976017,453753
976339,453753
975084,453753
976316,453753
976135,453753
976306,453753
976211,453753
976262,453753
976380,453753
976081,453753
976184,453753
976097,453753
976032,453753
976075,453753
976067,453753
976266,453753
976348,453753
976327,453753
976274,453753
976339,453753
976265,453753
976169,453753
975902,453753
975922,453753
976013,453753
976274,453753
976258,453753
976120,453753
976014,453753
976101,453753
976425,453753
976124,453753
976244,453753
976277,453753
976203,453753
976231,453753
976201,453753
976106,453753
976238,453753
976134,453753
976256,453753
976145,453753
976258,453753
976124,453753
976263,453753
976333,453753
976387,453753
976096,453753
976279,453753
975806,453753
975631,453753
976206,453753
976105,453753
976078,453753
976071,453753
976245,453753
976230,453753
976284,453753
976261,453753
976308,453753
976361,453753
976376,453753
976315,453753
976305,453753
976293,453753
976355,453753
976364,453753
976438,453753
976261,453753
976240,453753
976217,453753
976356,453753
976437,453753
976460,453753
976422,453753
976321,453753
976359,453753
976314,453753
976265,453753
976153,453753
976295,453753
976345,453753
976292,453753
976359,453753
976270,453753
976288,453753
976204,453753
976090,453753
976138,453753
976099,453753
974790,453753
975257,453753
976226,453753
976100,453753
976445,453753
976342,453753
976373,453753
976331,453753
976303,453753
976464,453753
976410,453753
976031,453753
975544,453753
975549,453753
975417,453753
975798,453753
976009,453753
976315,453753
976202,453753
976154,453753
976333,453753
976281,453753
975948,453753
976263,453753
976290,453753
976184,453753
976325,453753
976156,453753
976032,453753
976196,453753
976310,453753
976322,453753
976339,453753
976096,453753
976189,453753
975823,453753
975749,453753
975959,453753
975826,453753
976451,453753
976351,453753
976339,453753
976337,453753
976093,453753
976339,453753
976405,453753
976344,453753
976434,453753
976422,453753
976193,453753
975964,453753
976088,453753
976448,453753
976447,453753
976440,453753
976186,453753
976217,453753
976116,453753
976276,453753
976159,453753
976321,453753
976433,453753
976329,453753
976312,453753
976277,453753
976252,453753
976276,453753
976316,453753
976014,453753
975929,453753
976298,453753
976238,453753
976082,453753
976167,453753
976109,453753
976186,453753
976207,453753
975965,453753
976232,453753
976370,453753
976111,453753
975504,453753
976142,453753
976220,453753
976132,453753
976173,453753
975525,453753
976324,453753
976245,453753
976207,453753
975830,453753
976171,453753
976109,453753
976123,453753
976101,453753
976326,453753
976322,453753
976177,453753
975982,453753
976198,453753
976122,453753
976337,453753
976251,453753
976184,453753
976321,453753
976358,453753
976262,453753
976240,453753
976377,453753
976408,453753
976405,453753
976460,453753
976339,453753
976447,453753
976395,453753
976226,453753
976242,453753
976478,453753
976388,453753
976398,453753
976375,453753
976517,453753
976320,453753
976354,453753
976359,453753
976256,453753
976260,453753
976277,453753
976379,453753
976374,453753
976240,453753
976003,453753
975617,453753
975215,453753
976117,453753
976292,453753
976075,453753
976123,453753
976228,453753
976313,453753
976351,453753
976292,453753
976306,453753
976224,453753
976019,453753
976102,453753
976158,453753
976163,453753
976044,453753
975537,453753
976197,453753
976287,453753
976335,453753
976197,453753
976305,453753
976131,453753
976296,453753
976307,453753
976103,453753
976023,453753
976214,453753
975675,453753
975650,453753
976204,453753
976032,453753
976329,453753
976120,453753
976193,453753
974969,453753
976229,453753
976267,453753
976258,453753
976445,453753
976465,453753
976425,453753
976454,453753
976429,453753
976322,453753
976333,453753
976345,453753
976436,453753
976328,453753
976380,453753
976210,453753
976332,453753
976300,453753
976365,453753
976209,453753
976289,453753
976326,453753
976199,453753
976264,453753
976305,453753
976167,453753
976266,453753
976115,453753
975626,453753
976012,453753
975977,453753
975007,453753
975786,453753
976063,453753
976244,453753
976085,453753
975866,453753
975857,453753
975796,453753
976079,453753
976266,453753
976225,453753
975979,453753
976048,453753
976222,453753
976211,453753
976107,453753
976092,453753
975751,453753
975988,453753
976321,453753
976258,453753
976292,453753
976289,453753
976218,453753
976380,453753
975242,453753
976150,453753
976178,453753
976173,453753
976346,453753
976335,453753
976384,453753
976290,453753
976313,453753
976441,453753
976358,453753
976358,453753
976278,453753
976054,453753
976169,453753
976234,453753
976283,453753
976348,453753
976160,453753
976382,453753
976321,453753
976340,453753
976330,453753
976092,453753
976221,453753
976237,453753
976357,453753
975827,453753
976268,453753
976325,453753
976287,453753
976295,453753
976153,453753
976204,453753
976170,453753
976167,453753
975973,453753
974865,453753
976126,453753
976221,453753
976316,453753
976395,453753
976422,453753
976151,453753
976020,453753
976247,453753
976304,453753
975985,453753
976127,453753
976383,453753
976233,453753
976334,453753
976263,453753
976118,453753
976007,453753
976025,453753
976221,453753
976361,453753
976186,453753
976448,453753
976378,453753
976236,453753
976309,453753
976390,453753
976238,453753
976458,453753
976472,453753
976410,453753
976176,453753
976063,453753
976214,453753
976171,453753
976318,453753
976376,453753
975488,453753
973830,453753
974341,453753
976243,453753
976308,453753
976332,453753
976214,453753
976305,453753
976105,453753
976361,453753
976270,453753
976349,453753
976143,453753
976294,453753
976245,453753
975418,453753
976058,453753
976214,453753
976159,453753
976286,453753
976127,453753
976223,453753
976385,453753
976408,453753
976211,453753
976102,453753
976229,453753
976100,453753
976138,453753
976259,453753
976402,453753
976173,453753
976236,453753
976192,453753
976016,453753
975939,453753
976336,453753
976347,453753
976362,453753
976393,453753
976431,453753
976211,453753
976364,453753
976368,453753
976337,453753
976391,453753
976385,453753
976257,453753
976294,453753
976434,453753
976401,453753
976281,453753
976357,453753
976410,453753
976385,453753
976319,453753
976179,453753
976374,453753
976193,453753
976404,453753
975971,453753
976201,453753
975849,453753
975566,453753
976278,453753
976200,453753
976277,453753
976387,453753
976264,453753
976265,453753
976352,453753
976308,453753
976360,453753
976294,453753
976091,453753
976003,453753
976215,453753
976231,453753
976206,453753
976348,453753
976264,453753
976072,453753
976307,453753
976208,453753
976355,453753
976280,453753
976192,453753
976349,453753
976303,453753
976428,453753
976328,453753
976445,453753
976185,453753
976224,453753
976372,453753
976410,453753
976322,453753
976309,453753
976350,453753
976303,453753
976360,453753
976318,453753
976337,453753
976181,453753
976165,453753
976281,453753
976324,453753
976369,453753
976172,453753
975891,453753
975460,453753
976105,453753
976251,453753
976296,453753
976104,453753
976210,453753
976116,453753
976162,453753
976140,453753
976322,453753
976214,453753
974742,453753
976349,453753
976349,453753
976159,453753
976318,453753
976046,453753
976169,453753
976190,453753
976089,453753
975844,453753
976215,453753
976271,453753
976385,453753
976321,453753
976455,453753
976320,453753
976313,453753
976326,453753
976395,453753
976295,453753
976489,453753
976286,453753
976240,453753
975573,453753
976392,453753
975887,453753
975630,453753
976098,453753
976150,453753
976392,453753
976270,453753
976293,453753
976465,453753
976400,453753
976322,453753
976152,453753
976143,453753
976276,453753
976386,453753
976246,453753
976201,453753
976286,453753
972255,453753
966405,453753
974212,453753
976077,453753
976005,453753
975939,453753
976350,453753
976103,453753
976290,453753
976342,453753
976204,453753
975498,453753
976020,453753
976002,453753
976254,453753
976394,453753
976173,453753
976095,453753
976057,453753
976158,453753
976169,453753
976296,453753
976296,453753
976288,453753
976419,453753
976353,453753
976071,453753
976425,453753
976384,453753
976447,453753
976455,453753
976274,453753
976319,453753
976377,453753
976431,453753
976391,453753
976217,453753
976311,453753
976298,453753
976295,453753
976249,453753
976254,453753
976393,453753
976228,453753
976240,453753
975887,453753
974917,453753
976052,453753
976231,453753
975804,453753
976124,453753
976159,453753
976155,453753
976148,453753
976267,453753
976379,453753
976246,453753
976162,453753
976356,453753
976247,453753
975943,453753
976000,453753
976276,453753
976185,453753
976108,453753
976337,453753
976273,453753
976263,453753
976306,453753
976167,453753
976120,453753
976361,453753
976404,453753
976169,453753
975845,453753
976452,453753
976493,453753
976440,453753
976455,453753
976272,453753
976126,453753
976496,453753
976305,453753
976304,453753
976393,453753
976433,453753
976414,453753
976294,453753
976339,453753
976303,453753
976306,453753
976337,453753
976155,453753
976154,453753
975796,453753
976148,453753
976120,453753
976009,453753
976238,453753
976420,453753
976246,453753
976220,453753
976194,453753
976066,453753
976173,453753
976363,453753
976224,453753
976276,453753
976350,453753
976334,453753
976489,453753
976472,453753
976428,453753
976265,453753
976371,453753
976224,453753
976365,453753
976400,453753
976391,453753
976331,453753
976423,453753
976457,453753
976312,453753
976139,453753
976072,453753
975962,453753
976282,453753
976290,453753
975841,453753
976340,453753
976120,453753
976137,453753
976202,453753
976169,453753
976088,453753
976318,453753
976222,453753
976284,453753
976286,453753
976300,453753
976363,453753
976350,453753
976210,453753
976478,453753
976395,453753
976419,453753
976339,453753
976119,453753
976303,453753
976481,453753
976432,453753
976327,453753
976479,453753
976417,453753
976268,453753
975898,453753
976297,453753
975997,453753
976278,453753
976317,453753
976372,453753
976335,453753
976171,453753
976273,453753
976372,453753
975707,453753
975949,453753
976104,453753
976335,453753
975623,453753
976308,453753
976277,453753
976363,453753
976509,453753
976403,453753
976460,453753
976443,453753
976292,453753
976417,453753
976179,453753
976096,453753
976468,453753
976381,453753
976354,453753
976260,453753
976383,453753
976394,453753
976432,453753
976244,453753
976336,453753
976404,453753
976154,453753
976042,453753
976439,453753
976340,453753
976418,453753
976288,453753
976251,453753
976277,453753
976243,453753
975669,453753
975905,453753
976192,453753
976252,453753
976376,453753
976427,453753
976305,453753
976334,453753
976345,453753
976433,453753
976434,453753
976142,453753
975903,453753
976378,453753
976390,453753
976207,453753
976115,453753
976463,453753
976507,453753
976472,453753
976332,453753
976163,453753
976172,453753
976102,453753
976461,453753
976305,453753
976159,453753
975890,453753
975881,453753
975404,453753
976349,453753
976306,453753
976496,453753
975925,453753
976332,453753
976360,453753
976404,453753
976403,453753
976459,453753
976381,453753
976433,453753
976323,453753
976345,453753
976147,453753
976255,453753
976474,453753
976506,453753
976559,453753
976382,453753
976451,453753
976372,453753
976225,453753
976338,453753
976319,453753
976299,453753
976242,453753
976227,453753
976269,453753
976046,453753
976153,453753
976262,453753
976260,453753
975979,453753
976271,453753
976360,453753
976372,453753
976269,453753
976250,453753
976401,453753
976313,453753
976408,453753
976344,453753
976436,453753
976381,453753
976310,453753
976390,453753
976464,453753
976367,453753
976278,453753
976089,453753
975231,453753
976218,453753
976264,453753
976282,453753
976017,453753
975556,453753
976140,453753
976323,453753
976289,453753
975837,453753
976012,453753
976000,453753
975367,453753
976171,453753
976317,453753
976372,453753
976197,453753
976425,453753
975283,453753
975791,453753
976157,453753
976240,453753
976411,453753
976210,453753
976425,453753
976476,453753
976438,453753
976381,453753
976303,453753
976381,453753
976293,453753
976237,453753
976177,453753
975770,453753
975665,453753
976240,453753
976327,453753
976373,453753
976220,453753
976283,453753
976341,453753
976424,453753
976437,453753
976435,453753
976453,453753
976447,453753
976355,453753
976205,453753
976480,453753
976458,453753
976415,453753
976343,453753
976390,453753
976375,453753
976249,453753
976322,453753
976295,453753
976252,453753
976359,453753
976448,453753
976292,453753
976218,453753
976009,453753
976414,453753
976410,453753
976355,453753
976441,453753
976275,453753
975817,453753
976260,453753
976403,453753
976316,453753
975811,453753
975998,453753
976453,453753
976349,453753
976417,453753
976490,453546
