TRACE,NSNPS_JACKKNIFE
974936,453753
974933,453753
974832,453753
974826,453753
974785,453753
974876,453753
974650,453753
974633,453753
974805,453753
974686,453753
974775,453753
974530,453753
974874,453753
974733,453753
974834,453753
974786,453753
974622,453753
974231,453753
974345,453753
974582,453753
974813,453753
974858,453753
974697,453753
974800,453753
974852,453753
974740,453753
974550,453753
974559,453753
974695,453753
974769,453753
974764,453753
974652,453753
974668,453753
974659,453753
974739,453753
974794,453753
974710,453753
974624,453753
974748,453753
974795,453753
974826,453753
974765,453753
974682,453753
974349,453753
974505,453753
974661,453753
974751,453753
974745,453753
974813,453753
974854,453753
974872,453753
974461,453753
974608,453753
974607,453753
974477,453753
974764,453753
974707,453753
974367,453753
974621,453753
974599,453753
974775,453753
974864,453753
974824,453753
974734,453753
974680,453753
974745,453753
974705,453753
974578,453753
974674,453753
974606,453753
974189,453753
974749,453753
974803,453753
974919,453753
974850,453753
974790,453753
974912,453753
974785,453753
974937,453753
974756,453753
974434,453753
974773,453753
974889,453753
974934,453753
974911,453753
974847,453753
974864,453753
974951,453753
974771,453753
974777,453753
974516,453753
974488,453753
974785,453753
973468,453753
974793,453753
974636,453753
974695,453753
974767,453753
974685,453753
974826,453753
974562,453753
974664,453753
974521,453753
974435,453753
974468,453753
974555,453753
974794,453753
974780,453753
974759,453753
974743,453753
974825,453753
974692,453753
974571,453753
974451,453753
974379,453753
974469,453753
974760,453753
974722,453753
974666,453753
974539,453753
974572,453753
974850,453753
974589,453753
974697,453753
974763,453753
974718,453753
974596,453753
974682,453753
974582,453753
974702,453753
974609,453753
974727,453753
974604,453753
974726,453753
974567,453753
974713,453753
974783,453753
974795,453753
974530,453753
974779,453753
974333,453753
974149,453753
974655,453753
974559,453753
974532,453753
974580,453753
974671,453753
974646,453753
974751,453753
974745,453753
974772,453753
974824,453753
974825,453753
974734,453753
974731,453753
974787,453753
974803,453753
974824,453753
974893,453753
974744,453753
974686,453753
974676,453753
974790,453753
974888,453753
974913,453753
974876,453753
974791,453753
974811,453753
974818,453753
974715,453753
974621,453753
974756,453753
974759,453753
974764,453753
974800,453753
974724,453753
974765,453753
974653,453753
974533,453753
974678,453753
974556,453753
973286,453753
973458,453753
974696,453753
974635,453753
974888,453753
974792,453753
974846,453753
974818,453753
974734,453753
974904,453753
974878,453753
974425,453753
974054,453753
974133,453753
973918,453753
974161,453753
974527,453753
974769,453753
974671,453753
974602,453753
974801,453753
974737,453753
974407,453753
974728,453753
974729,453753
974638,453753
974778,453753
974609,453753
974555,453753
974702,453753
974767,453753
974771,453753
974822,453753
974565,453753
974662,453753
974127,453753
974267,453753
974489,453753
974295,453753
974898,453753
974866,453753
974814,453753
974784,453753
974663,453753
974834,453753
974870,453753
974820,453753
974877,453753
974881,453753
974706,453753
974433,453753
974460,453753
974923,453753
974907,453753
974877,453753
974701,453753
974692,453753
974531,453753
974728,453753
974631,453753
974845,453753
974875,453753
974736,453753
974752,453753
974677,453753
974706,453753
974766,453753
974739,453753
974492,453753
974360,453753
974762,453753
974709,453753
974552,453753
974578,453753
974606,453753
974603,453753
974708,453753
974440,453753
974731,453753
974819,453753
974544,453753
974091,453753
974691,453753
974688,453753
974601,453753
974622,453753
973923,453753
974782,453753
974746,453753
974629,453753
974148,453753
974654,453753
974585,453753
974577,453753
974493,453753
974824,453753
974819,453753
974629,453753
974387,453753
974655,453753
974629,453753
974773,453753
974717,453753
974563,453753
974796,453753
974798,453753
974695,453753
974703,453753
974848,453753
974901,453753
974868,453753
974855,453753
974794,453753
974866,453753
974830,453753
974741,453753
974736,453753
974891,453753
974803,453753
974856,453753
974766,453753
974978,453753
974783,453753
974812,453753
974848,453753
974726,453753
974790,453753
974709,453753
974878,453753
974836,453753
974752,453753
974405,453753
974127,453753
973869,453753
974647,453753
974760,453753
974479,453753
974608,453753
974705,453753
974711,453753
974740,453753
974725,453753
974764,453753
974647,453753
974580,453753
974603,453753
974711,453753
974672,453753
974521,453753
974029,453753
974660,453753
974725,453753
974772,453753
974735,453753
974740,453753
974533,453753
974745,453753
974754,453753
974507,453753
974376,453753
974656,453753
974115,453753
974076,453753
974735,453753
974572,453753
974769,453753
974642,453753
974661,453753
973483,453753
974713,453753
974789,453753
974777,453753
974922,453753
974925,453753
974864,453753
974901,453753
974887,453753
974750,453753
974779,453753
974818,453753
974861,453753
974838,453753
974870,453753
974722,453753
974824,453753
974721,453753
974811,453753
974639,453753
974781,453753
974748,453753
974683,453753
974720,453753
974764,453753
974685,453753
974633,453753
974601,453753
974069,453753
974548,453753
974406,453753
973593,453753
974190,453753
974477,453753
974646,453753
974567,453753
974307,453753
974348,453753
974318,453753
974567,453753
974758,453753
974661,453753
974518,453753
974592,453753
974713,453753
974639,453753
974539,453753
974527,453753
974195,453753
974444,453753
974755,453753
974722,453753
974759,453753
974741,453753
974703,453753
974878,453753
974043,453753
974633,453753
974668,453753
974669,453753
974782,453753
974777,453753
974817,453753
974724,453753
974823,453753
974876,453753
974824,453753
974816,453753
974740,453753
974518,453753
974575,453753
974659,453753
974707,453753
974775,453753
974648,453753
974828,453753
974772,453753
974814,453753
974797,453753
974608,453753
974709,453753
974677,453753
974818,453753
974320,453753
974733,453753
974740,453753
974710,453753
974775,453753
974708,453753
974620,453753
974629,453753
974607,453753
974444,453753
973340,453753
974576,453753
974601,453753
974774,453753
974871,453753
974852,453753
974635,453753
974518,453753
974640,453753
974712,453753
974507,453753
974507,453753
974821,453753
974701,453753
974740,453753
974735,453753
974559,453753
974543,453753
974436,453753
974661,453753
974870,453753
974669,453753
974919,453753
974844,453753
974648,453753
974747,453753
974898,453753
974677,453753
974954,453753
974918,453753
974859,453753
974634,453753
974518,453753
974715,453753
974636,453753
974751,453753
974822,453753
974151,453753
972913,453753
973260,453753
974701,453753
974763,453753
974789,453753
974658,453753
974735,453753
974477,453753
974788,453753
974765,453753
974813,453753
974573,453753
974696,453753
974730,453753
974032,453753
974535,453753
974666,453753
974705,453753
974730,453753
974648,453753
974680,453753
974870,453753
974878,453753
974651,453753
974545,453753
974719,453753
974497,453753
974590,453753
974739,453753
974849,453753
974604,453753
974653,453753
974621,453753
974364,453753
974454,453753
974752,453753
974774,453753
974838,453753
974883,453753
974902,453753
974665,453753
974828,453753
974784,453753
974825,453753
974838,453753
974791,453753
974750,453753
974730,453753
974896,453753
974889,453753
974716,453753
974847,453753
974840,453753
974852,453753
974772,453753
974597,453753
974853,453753
974619,453753
974865,453753
974438,453753
974646,453753
974326,453753
974126,453753
974687,453753
974573,453753
974689,453753
974830,453753
974735,453753
974665,453753
974807,453753
974775,453753
974826,453753
974770,453753
974511,453753
974415,453753
974668,453753
974657,453753
974680,453753
974822,453753
974739,453753
974512,453753
974733,453753
974640,453753
974772,453753
974715,453753
974607,453753
974787,453753
974751,453753
974874,453753
974833,453753
974891,453753
974713,453753
974703,453753
974817,453753
974844,453753
974839,453753
974807,453753
974793,453753
974729,453753
974756,453753
974805,453753
974829,453753
974593,453753
974656,453753
974711,453753
974781,453753
974818,453753
974614,453753
974344,453753
974028,453753
974570,453753
974736,453753
974801,453753
974533,453753
974708,453753
974645,453753
974619,453753
974608,453753
974770,453753
974579,453753
973235,453753
974806,453753
974813,453753
974646,453753
974743,453753
974598,453753
974655,453753
974719,453753
974591,453753
974218,453753
974676,453753
974675,453753
974814,453753
974813,453753
974869,453753
974747,453753
974807,453753
974780,453753
974839,453753
974795,453753
974958,453753
974770,453753
974680,453753
973873,453753
974867,453753
974384,453753
974150,453753
974557,453753
974572,453753
974854,453753
974687,453753
974688,453753
974935,453753
974901,453753
974828,453753
974586,453753
974630,453753
974746,453753
974865,453753
974661,453753
974652,453753
974728,453753
970863,453753
964582,453753
972653,453753
974524,453753
974469,453753
974436,453753
974780,453753
974559,453753
974702,453753
974821,453753
974646,453753
973665,453753
974477,453753
974502,453753
974640,453753
974867,453753
974726,453753
974533,453753
974475,453753
974614,453753
974642,453753
974797,453753
974809,453753
974777,453753
974937,453753
974768,453753
974477,453753
974890,453753
974873,453753
974882,453753
974914,453753
974733,453753
974782,453753
974873,453753
974907,453753
974815,453753
974610,453753
974831,453753
974760,453753
974752,453753
974754,453753
974747,453753
974869,453753
974729,453753
974684,453753
974432,453753
973438,453753
974545,453753
974728,453753
974312,453753
974570,453753
974556,453753
974535,453753
974591,453753
974698,453753
974810,453753
974783,453753
974729,453753
974794,453753
974726,453753
974383,453753
974434,453753
974784,453753
974715,453753
974594,453753
974802,453753
974706,453753
974743,453753
974786,453753
974609,453753
974610,453753
974869,453753
974875,453753
974605,453753
974369,453753
974864,453753
974970,453753
974898,453753
974923,453753
974706,453753
974521,453753
974917,453753
974697,453753
974767,453753
974870,453753
974827,453753
974858,453753
974780,453753
974806,453753
974739,453753
974750,453753
974834,453753
974660,453753
974579,453753
974337,453753
974581,453753
974578,453753
974590,453753
974696,453753
974877,453753
974664,453753
974734,453753
974667,453753
974544,453753
974658,453753
974812,453753
974692,453753
974775,453753
974807,453753
974827,453753
974951,453753
974925,453753
974892,453753
974732,453753
974850,453753
974713,453753
974844,453753
974880,453753
974826,453753
974823,453753
974864,453753
974927,453753
974750,453753
974550,453753
974522,453753
974511,453753
974679,453753
974764,453753
974143,453753
974804,453753
974630,453753
974644,453753
974639,453753
974600,453753
974532,453753
974762,453753
974634,453753
974700,453753
974756,453753
974752,453753
974799,453753
974786,453753
974702,453753
974923,453753
974887,453753
974857,453753
974831,453753
974581,453753
974791,453753
974934,453753
974893,453753
974813,453753
974949,453753
974850,453753
974687,453753
974385,453753
974765,453753
974457,453753
974789,453753
974760,453753
974833,453753
974769,453753
974634,453753
974790,453753
974865,453753
974112,453753
974455,453753
974567,453753
974758,453753
974022,453753
974750,453753
974770,453753
974854,453753
974963,453753
974866,453753
974925,453753
974874,453753
974794,453753
974832,453753
974594,453753
974650,453753
974931,453753
974829,453753
974860,453753
974744,453753
974795,453753
974806,453753
974858,453753
974732,453753
974779,453753
974844,453753
974626,453753
974501,453753
974872,453753
974753,453753
974873,453753
974701,453753
974733,453753
974767,453753
974744,453753
974145,453753
974311,453753
974637,453753
974714,453753
974845,453753
974868,453753
974775,453753
974786,453753
974760,453753
974861,453753
974867,453753
974665,453753
974363,453753
974771,453753
974878,453753
974730,453753
974617,453753
974913,453753
974911,453753
974915,453753
974795,453753
974554,453753
974569,453753
974547,453753
974901,453753
974783,453753
974656,453753
974203,453753
974239,453753
973737,453753
974805,453753
974675,453753
974917,453753
974419,453753
974757,453753
974797,453753
974812,453753
974866,453753
974929,453753
974840,453753
974891,453753
974794,453753
974783,453753
974563,453753
974672,453753
974932,453753
974951,453753
974961,453753
974821,453753
974902,453753
974813,453753
974679,453753
974785,453753
974812,453753
974733,453753
974738,453753
974657,453753
974744,453753
974537,453753
974619,453753
974764,453753
974688,453753
974410,453753
974739,453753
974822,453753
974861,453753
974744,453753
974780,453753
974875,453753
974831,453753
974896,453753
974819,453753
974860,453753
974842,453753
974769,453753
974847,453753
974916,453753
974826,453753
974757,453753
974561,453753
973810,453753
974643,453753
974700,453753
974763,453753
974518,453753
974052,453753
974638,453753
974785,453753
974731,453753
974161,453753
974434,453753
974467,453753
973895,453753
974598,453753
974827,453753
974829,453753
974577,453753
974915,453753
973803,453753
974304,453753
974639,453753
974664,453753
974891,453753
974706,453753
974904,453753
974897,453753
974914,453753
974830,453753
974808,453753
974871,453753
974803,453753
974767,453753
974643,453753
974272,453753
974150,453753
974703,453753
974772,453753
974821,453753
974696,453753
974737,453753
974790,453753
974837,453753
974913,453753
974889,453753
974892,453753
974916,453753
974841,453753
974684,453753
974949,453753
974931,453753
974887,453753
974788,453753
974875,453753
974805,453753
974754,453753
974755,453753
974795,453753
974760,453753
974878,453753
974920,453753
974776,453753
974711,453753
974479,453753
974862,453753
974848,453753
974810,453753
974876,453753
974778,453753
974174,453753
974717,453753
974876,453753
974785,453753
974282,453753
974420,453753
974884,453753
974820,453753
974892,453753
975024,453546
