TRACE,NSNPS_JACKKNIFE
976505,453753
976497,453753
976411,453753
976428,453753
976336,453753
976468,453753
976327,453753
976342,453753
976347,453753
976309,453753
976381,453753
976162,453753
976487,453753
976380,453753
976472,453753
976421,453753
976275,453753
975795,453753
975916,453753
976152,453753
976447,453753
976463,453753
976326,453753
976427,453753
976490,453753
976380,453753
976187,453753
976158,453753
976343,453753
976356,453753
976311,453753
976288,453753
976293,453753
976287,453753
976383,453753
976394,453753
976312,453753
976277,453753
976368,453753
976398,453753
976423,453753
976417,453753
976311,453753
975946,453753
976135,453753
976280,453753
976385,453753
976384,453753
976480,453753
976469,453753
976446,453753
976101,453753
976182,453753
976284,453753
976112,453753
976334,453753
976314,453753
976006,453753
976216,453753
976155,453753
976375,453753
976470,453753
976430,453753
976378,453753
976274,453753
976376,453753
976355,453753
976212,453753
976308,453753
976197,453753
975726,453753
976352,453753
976430,453753
976510,453753
976503,453753
976462,453753
976514,453753
976415,453753
976534,453753
976395,453753
976151,453753
976398,453753
976499,453753
976570,453753
976537,453753
976431,453753
976513,453753
976510,453753
976414,453753
976459,453753
976139,453753
976066,453753
976396,453753
975097,453753
976368,453753
976275,453753
976372,453753
976367,453753
976368,453753
976468,453753
976248,453753
976288,453753
976208,453753
976026,453753
976152,453753
976139,453753
976379,453753
976349,453753
976395,453753
976328,453753
976426,453753
976313,453753
976231,453753
976161,453753
975998,453753
976122,453753
976364,453753
976308,453753
976232,453753
976128,453753
976181,453753
976487,453753
976187,453753
976329,453753
976395,453753
976276,453753
976258,453753
976298,453753
976186,453753
976280,453753
976161,453753
976339,453753
976256,453753
976368,453753
976130,453753
976360,453753
976385,453753
976440,453753
976118,453753
976355,453753
975818,453753
975703,453753
976289,453753
976189,453753
976143,453753
976112,453753
976335,453753
976276,453753
976403,453753
976378,453753
976421,453753
976449,453753
976459,453753
976370,453753
976382,453753
976405,453753
976421,453753
976470,453753
976479,453753
976369,453753
976319,453753
976325,453753
976485,453753
976567,453753
976554,453753
976494,453753
976461,453753
976488,453753
976425,453753
976361,453753
976221,453753
976353,453753
976404,453753
976384,453753
976418,453753
976374,453753
976408,453753
976297,453753
976227,453753
976240,453753
976183,453753
974861,453753
975159,453753
976307,453753
976180,453753
976500,453753
976424,453753
976490,453753
976475,453753
976374,453753
976489,453753
976488,453753
976087,453753
975667,453753
975728,453753
975575,453753
975799,453753
976110,453753
976373,453753
976274,453753
976226,453753
976456,453753
976378,453753
975984,453753
976299,453753
976342,453753
976254,453753
976382,453753
976262,453753
976061,453753
976300,453753
976410,453753
976384,453753
976448,453753
976226,453753
976298,453753
975801,453753
975751,453753
976120,453753
975917,453753
976518,453753
976470,453753
976409,453753
976422,453753
976198,453753
976420,453753
976489,453753
976447,453753
976497,453753
976497,453753
976333,453753
976053,453753
976154,453753
976561,453753
976519,453753
976484,453753
976331,453753
976313,453753
976144,453753
976353,453753
976274,453753
976460,453753
976492,453753
976429,453753
976402,453753
976356,453753
976371,453753
976412,453753
976401,453753
976115,453753
976022,453753
976383,453753
976354,453753
976179,453753
976228,453753
976197,453753
976206,453753
976320,453753
976072,453753
976286,453753
976503,453753
976206,453753
975541,453753
976244,453753
976315,453753
976190,453753
976249,453753
975632,453753
976397,453753
976382,453753
976340,453753
975883,453753
976295,453753
976207,453753
976179,453753
976181,453753
976450,453753
976420,453753
976298,453753
976023,453753
976326,453753
976252,453753
976413,453753
976346,453753
976216,453753
976413,453753
976467,453753
976282,453753
976345,453753
976496,453753
976519,453753
976488,453753
976508,453753
976455,453753
976494,453753
976491,453753
976319,453753
976322,453753
976552,453753
976461,453753
976491,453753
976427,453753
976589,453753
976351,453753
976455,453753
976454,453753
976410,453753
976381,453753
976376,453753
976479,453753
976444,453753
976350,453753
976064,453753
975710,453753
975471,453753
976190,453753
976333,453753
976113,453753
976240,453753
976352,453753
976357,453753
976412,453753
976320,453753
976410,453753
976252,453753
976171,453753
976263,453753
976299,453753
976271,453753
976172,453753
975551,453753
976222,453753
976354,453753
976372,453753
976339,453753
976359,453753
976197,453753
976352,453753
976421,453753
976121,453753
976002,453753
976324,453753
975728,453753
975603,453753
976361,453753
976169,453753
976410,453753
976246,453753
976250,453753
974862,453753
976319,453753
976347,453753
976385,453753
976550,453753
976554,453753
976510,453753
976554,453753
976518,453753
976406,453753
976415,453753
976478,453753
976517,453753
976391,453753
976481,453753
976302,453753
976430,453753
976366,453753
976449,453753
976334,453753
976376,453753
976368,453753
976315,453753
976291,453753
976393,453753
976326,453753
976380,453753
976134,453753
975708,453753
976133,453753
976064,453753
975288,453753
975739,453753
976184,453753
976326,453753
976194,453753
975904,453753
975907,453753
975816,453753
976211,453753
976369,453753
976336,453753
976155,453753
976241,453753
976316,453753
976281,453753
976123,453753
976121,453753
975789,453753
975935,453753
976417,453753
976334,453753
976399,453753
976401,453753
976342,453753
976504,453753
975647,453753
976314,453753
976302,453753
976325,453753
976436,453753
976451,453753
976466,453753
976363,453753
976449,453753
976518,453753
976475,453753
976434,453753
976403,453753
976069,453753
976225,453753
976311,453753
976393,453753
976390,453753
976249,453753
976501,453753
976403,453753
976428,453753
976421,453753
976147,453753
976359,453753
976332,453753
976409,453753
975851,453753
976351,453753
976361,453753
976354,453753
976395,453753
976310,453753
976302,453753
976258,453753
976226,453753
976041,453753
974922,453753
976195,453753
976267,453753
976380,453753
976483,453753
976469,453753
976193,453753
976069,453753
976319,453753
976351,453753
976048,453753
976171,453753
976463,453753
976354,453753
976361,453753
976282,453753
976221,453753
976171,453753
976156,453753
976277,453753
976466,453753
976260,453753
976552,453753
976500,453753
976360,453753
976398,453753
976426,453753
976305,453753
976538,453753
976559,453753
976471,453753
976259,453753
976186,453753
976350,453753
976289,453753
976371,453753
976456,453753
975836,453753
974495,453753
974964,453753
976297,453753
976379,453753
976416,453753
976304,453753
976374,453753
976114,453753
976405,453753
976376,453753
976433,453753
976131,453753
976292,453753
976269,453753
975593,453753
976121,453753
976336,453753
976319,453753
976398,453753
976275,453753
976281,453753
976459,453753
976467,453753
976315,453753
976215,453753
976348,453753
976150,453753
976219,453753
976344,453753
976477,453753
976288,453753
976247,453753
976287,453753
975994,453753
976078,453753
976453,453753
976402,453753
976443,453753
976454,453753
976520,453753
976264,453753
976410,453753
976403,453753
976407,453753
976469,453753
976480,453753
976342,453753
976316,453753
976500,453753
976494,453753
976361,453753
976440,453753
976521,453753
976467,453753
976387,453753
976288,453753
976428,453753
976288,453753
976472,453753
976110,453753
976276,453753
975953,453753
975703,453753
976360,453753
976217,453753
976345,453753
976469,453753
976328,453753
976338,453753
976454,453753
976375,453753
976449,453753
976415,453753
976132,453753
976002,453753
976323,453753
976238,453753
976234,453753
976425,453753
976347,453753
976193,453753
976383,453753
976261,453753
976426,453753
976340,453753
976256,453753
976418,453753
976395,453753
976469,453753
976430,453753
976518,453753
976295,453753
976363,453753
976465,453753
976447,453753
976451,453753
976397,453753
976404,453753
976435,453753
976448,453753
976404,453753
976456,453753
976222,453753
976276,453753
976369,453753
976388,453753
976423,453753
976211,453753
975993,453753
975581,453753
976253,453753
976344,453753
976409,453753
976127,453753
976337,453753
976187,453753
976270,453753
976268,453753
976452,453753
976272,453753
974912,453753
976439,453753
976438,453753
976312,453753
976386,453753
976209,453753
976282,453753
976338,453753
976258,453753
975853,453753
976267,453753
976307,453753
976459,453753
976423,453753
976466,453753
976382,453753
976417,453753
976392,453753
976468,453753
976354,453753
976547,453753
976381,453753
976331,453753
975471,453753
976469,453753
976044,453753
975839,453753
976221,453753
976214,453753
976489,453753
976379,453753
976352,453753
976545,453753
976482,453753
976461,453753
976113,453753
976207,453753
976392,453753
976476,453753
976313,453753
976290,453753
976339,453753
972757,453753
967053,453753
974443,453753
976145,453753
976153,453753
976049,453753
976456,453753
976111,453753
976322,453753
976425,453753
976295,453753
975248,453753
976047,453753
976133,453753
976293,453753
976474,453753
976299,453753
976171,453753
976169,453753
976207,453753
976321,453753
976366,453753
976446,453753
976408,453753
976532,453753
976440,453753
976160,453753
976536,453753
976437,453753
976496,453753
976502,453753
976342,453753
976401,453753
976441,453753
976543,453753
976440,453753
976290,453753
976447,453753
976442,453753
976360,453753
976366,453753
976347,453753
976470,453753
976309,453753
976288,453753
975944,453753
975108,453753
976177,453753
976315,453753
975951,453753
976167,453753
976198,453753
976230,453753
976231,453753
976300,453753
976463,453753
976405,453753
976310,453753
976418,453753
976339,453753
975926,453753
976013,453753
976387,453753
976276,453753
976137,453753
976437,453753
976348,453753
976389,453753
976426,453753
976234,453753
976224,453753
976445,453753
976497,453753
976261,453753
976023,453753
976529,453753
976611,453753
976547,453753
976536,453753
976320,453753
976156,453753
976571,453753
976350,453753
976382,453753
976477,453753
976470,453753
976533,453753
976398,453753
976411,453753
976396,453753
976359,453753
976456,453753
976222,453753
976253,453753
975961,453753
976192,453753
976208,453753
976230,453753
976305,453753
976507,453753
976320,453753
976355,453753
976303,453753
976210,453753
976297,453753
976404,453753
976352,453753
976356,453753
976459,453753
976442,453753
976565,453753
976522,453753
976506,453753
976402,453753
976472,453753
976344,453753
976461,453753
976531,453753
976471,453753
976423,453753
976494,453753
976565,453753
976415,453753
976217,453753
976126,453753
976099,453753
976298,453753
976382,453753
975812,453753
976413,453753
976260,453753
976226,453753
976253,453753
976296,453753
976150,453753
976408,453753
976261,453753
976312,453753
976364,453753
976361,453753
976464,453753
976374,453753
976319,453753
976544,453753
976480,453753
976483,453753
976426,453753
976274,453753
976430,453753
976567,453753
976523,453753
976471,453753
976535,453753
976482,453753
976346,453753
976009,453753
976380,453753
976092,453753
976386,453753
976376,453753
976472,453753
976388,453753
976274,453753
976404,453753
976485,453753
975781,453753
976118,453753
976206,453753
976399,453753
975607,453753
976401,453753
976343,453753
976483,453753
976565,453753
976484,453753
976547,453753
976471,453753
976426,453753
976484,453753
976183,453753
976295,453753
976545,453753
976471,453753
976468,453753
976338,453753
976433,453753
976413,453753
976533,453753
976326,453753
976405,453753
976474,453753
976195,453753
976087,453753
976485,453753
976371,453753
976513,453753
976317,453753
976367,453753
976413,453753
976351,453753
975676,453753
975897,453753
976225,453753
976362,453753
976463,453753
976501,453753
976377,453753
976454,453753
976405,453753
976525,453753
976518,453753
976208,453753
975965,453753
976428,453753
976477,453753
976349,453753
976259,453753
976542,453753
976539,453753
976560,453753
976403,453753
976257,453753
976105,453753
976196,453753
976517,453753
976405,453753
976220,453753
975851,453753
975918,453753
975583,453753
976449,453753
976328,453753
976546,453753
976057,453753
976373,453753
976461,453753
976479,453753
976486,453753
976511,453753
976443,453753
976507,453753
976377,453753
976394,453753
976254,453753
976334,453753
976553,453753
976600,453753
976622,453753
976464,453753
976542,453753
976485,453753
976369,453753
976381,453753
976429,453753
976339,453753
976340,453753
976310,453753
976343,453753
976136,453753
976211,453753
976354,453753
976300,453753
976029,453753
976330,453753
976460,453753
976463,453753
976350,453753
976385,453753
976512,453753
976463,453753
976508,453753
976452,453753
976530,453753
976452,453753
976407,453753
976461,453753
976556,453753
976454,453753
976447,453753
976186,453753
975544,453753
976341,453753
976286,453753
976355,453753
976125,453753
975636,453753
976233,453753
976409,453753
976320,453753
975844,453753
976131,453753
976074,453753
975481,453753
976220,453753
976470,453753
976478,453753
976312,453753
976540,453753
975490,453753
975940,453753
976216,453753
976279,453753
976517,453753
976292,453753
976558,453753
976533,453753
976517,453753
976458,453753
976395,453753
976479,453753
976375,453753
976354,453753
976231,453753
975859,453753
975708,453753
976347,453753
976425,453753
976449,453753
976284,453753
976346,453753
976459,453753
976487,453753
976488,453753
976485,453753
976538,453753
976557,453753
976475,453753
976271,453753
976567,453753
976544,453753
976497,453753
976407,453753
976487,453753
976373,453753
976346,453753
976384,453753
976353,453753
976385,453753
976469,453753
976545,453753
976417,453753
976321,453753
976152,453753
976513,453753
976497,453753
976404,453753
976531,453753
976390,453753
975908,453753
976356,453753
976514,453753
976494,453753
975931,453753
976073,453753
976523,453753
976486,453753
976530,453753
976678,453546
