TRACE,NSNPS_JACKKNIFE
980952,453753
980973,453753
980818,453753
980863,453753
980777,453753
980902,453753
980706,453753
980749,453753
980846,453753
980718,453753
980847,453753
980597,453753
980930,453753
980733,453753
980893,453753
980850,453753
980715,453753
980326,453753
980415,453753
980555,453753
980827,453753
980908,453753
980815,453753
980846,453753
980881,453753
980836,453753
980607,453753
980640,453753
980767,453753
980777,453753
980821,453753
980765,453753
980748,453753
980681,453753
980805,453753
980807,453753
980722,453753
980688,453753
980798,453753
980805,453753
980882,453753
980804,453753
980738,453753
980462,453753
980573,453753
980686,453753
980770,453753
980884,453753
980913,453753
980872,453753
980917,453753
980494,453753
980611,453753
980684,453753
980513,453753
980754,453753
980802,453753
980478,453753
980633,453753
980617,453753
980802,453753
980893,453753
980893,453753
980801,453753
980744,453753
980803,453753
980758,453753
980694,453753
980723,453753
980670,453753
980338,453753
980792,453753
980874,453753
980926,453753
980909,453753
980873,453753
980943,453753
980858,453753
980926,453753
980807,453753
980573,453753
980789,453753
980931,453753
980999,453753
980997,453753
980910,453753
980940,453753
980976,453753
980851,453753
980874,453753
980593,453753
980493,453753
980785,453753
979681,453753
980814,453753
980664,453753
980810,453753
980772,453753
980804,453753
980895,453753
980635,453753
980712,453753
980624,453753
980501,453753
980523,453753
980619,453753
980851,453753
980828,453753
980837,453753
980759,453753
980847,453753
980758,453753
980641,453753
980430,453753
980372,453753
980526,453753
980807,453753
980775,453753
980700,453753
980504,453753
980599,453753
980902,453753
980647,453753
980715,453753
980838,453753
980722,453753
980656,453753
980747,453753
980576,453753
980750,453753
980696,453753
980771,453753
980686,453753
980768,453753
980503,453753
980800,453753
980868,453753
980868,453753
980594,453753
980829,453753
980305,453753
980167,453753
980707,453753
980605,453753
980567,453753
980585,453753
980778,453753
980716,453753
980792,453753
980819,453753
980829,453753
980860,453753
980872,453753
980815,453753
980847,453753
980888,453753
980871,453753
980865,453753
980937,453753
980875,453753
980760,453753
980804,453753
980857,453753
980999,453753
980960,453753
980915,453753
980891,453753
980885,453753
980848,453753
980822,453753
980713,453753
980796,453753
980866,453753
980795,453753
980852,453753
980762,453753
980807,453753
980722,453753
980692,453753
980708,453753
980637,453753
979242,453753
979663,453753
980795,453753
980692,453753
980960,453753
980878,453753
980896,453753
980877,453753
980800,453753
980916,453753
980901,453753
980497,453753
980062,453753
980157,453753
979951,453753
980291,453753
980562,453753
980846,453753
980761,453753
980699,453753
980865,453753
980836,453753
980551,453753
980746,453753
980730,453753
980720,453753
980755,453753
980696,453753
980500,453753
980742,453753
980808,453753
980837,453753
980882,453753
980653,453753
980732,453753
980292,453753
980271,453753
980511,453753
980301,453753
980988,453753
980912,453753
980866,453753
980832,453753
980685,453753
980896,453753
980929,453753
980864,453753
980916,453753
980909,453753
980733,453753
980476,453753
980578,453753
980959,453753
980959,453753
980914,453753
980681,453753
980736,453753
980486,453753
980831,453753
980683,453753
980878,453753
980932,453753
980827,453753
980810,453753
980786,453753
980755,453753
980797,453753
980845,453753
980528,453753
980447,453753
980842,453753
980812,453753
980658,453753
980649,453753
980650,453753
980696,453753
980780,453753
980484,453753
980781,453753
980887,453753
980614,453753
980024,453753
980662,453753
980724,453753
980614,453753
980728,453753
980060,453753
980843,453753
980779,453753
980705,453753
980296,453753
980734,453753
980620,453753
980607,453753
980491,453753
980873,453753
980862,453753
980717,453753
980474,453753
980735,453753
980679,453753
980813,453753
980785,453753
980652,453753
980837,453753
980864,453753
980735,453753
980762,453753
980935,453753
980959,453753
980925,453753
980960,453753
980860,453753
980930,453753
980900,453753
980821,453753
980821,453753
980956,453753
980889,453753
980930,453753
980869,453753
981007,453753
980817,453753
980870,453753
980902,453753
980817,453753
980824,453753
980775,453753
980918,453753
980929,453753
980780,453753
980560,453753
980144,453753
979894,453753
980639,453753
980798,453753
980573,453753
980628,453753
980736,453753
980788,453753
980832,453753
980750,453753
980797,453753
980735,453753
980618,453753
980679,453753
980747,453753
980716,453753
980650,453753
980134,453753
980690,453753
980797,453753
980835,453753
980792,453753
980865,453753
980659,453753
980785,453753
980829,453753
980538,453753
980310,453753
980785,453753
980124,453753
980173,453753
980802,453753
980577,453753
980835,453753
980659,453753
980704,453753
979259,453753
980793,453753
980828,453753
980775,453753
981002,453753
981004,453753
980952,453753
980960,453753
980959,453753
980839,453753
980840,453753
980900,453753
980937,453753
980858,453753
980867,453753
980734,453753
980863,453753
980790,453753
980903,453753
980748,453753
980854,453753
980789,453753
980710,453753
980750,453753
980809,453753
980740,453753
980816,453753
980589,453753
980156,453753
980584,453753
980451,453753
979600,453753
980301,453753
980593,453753
980728,453753
980629,453753
980379,453753
980374,453753
980361,453753
980666,453753
980857,453753
980795,453753
980561,453753
980652,453753
980731,453753
980662,453753
980583,453753
980585,453753
980218,453753
980447,453753
980810,453753
980776,453753
980830,453753
980816,453753
980786,453753
980921,453753
980026,453753
980676,453753
980711,453753
980757,453753
980841,453753
980854,453753
980936,453753
980813,453753
980860,453753
980953,453753
980919,453753
980868,453753
980853,453753
980568,453753
980611,453753
980756,453753
980775,453753
980835,453753
980628,453753
980907,453753
980816,453753
980879,453753
980814,453753
980549,453753
980754,453753
980746,453753
980871,453753
980235,453753
980773,453753
980844,453753
980807,453753
980822,453753
980735,453753
980736,453753
980659,453753
980639,453753
980384,453753
979446,453753
980654,453753
980725,453753
980783,453753
980896,453753
980895,453753
980616,453753
980499,453753
980688,453753
980813,453753
980491,453753
980487,453753
980860,453753
980730,453753
980851,453753
980768,453753
980623,453753
980575,453753
980613,453753
980673,453753
980880,453753
980715,453753
980975,453753
980922,453753
980744,453753
980773,453753
980881,453753
980778,453753
980958,453753
981010,453753
980932,453753
980652,453753
980562,453753
980755,453753
980698,453753
980822,453753
980860,453753
980005,453753
978233,453753
978802,453753
980749,453753
980814,453753
980844,453753
980718,453753
980829,453753
980625,453753
980879,453753
980791,453753
980875,453753
980606,453753
980795,453753
980731,453753
980018,453753
980573,453753
980715,453753
980723,453753
980793,453753
980701,453753
980766,453753
980926,453753
980922,453753
980745,453753
980624,453753
980762,453753
980561,453753
980668,453753
980736,453753
980917,453753
980765,453753
980726,453753
980660,453753
980424,453753
980481,453753
980854,453753
980856,453753
980917,453753
980896,453753
980933,453753
980717,453753
980861,453753
980850,453753
980852,453753
980921,453753
980858,453753
980750,453753
980787,453753
980945,453753
980967,453753
980825,453753
980886,453753
980941,453753
980928,453753
980828,453753
980710,453753
980902,453753
980642,453753
980890,453753
980493,453753
980684,453753
980477,453753
980194,453753
980779,453753
980603,453753
980765,453753
980909,453753
980760,453753
980813,453753
980873,453753
980823,453753
980917,453753
980843,453753
980581,453753
980455,453753
980741,453753
980747,453753
980750,453753
980860,453753
980772,453753
980598,453753
980788,453753
980699,453753
980864,453753
980808,453753
980695,453753
980862,453753
980839,453753
980940,453753
980874,453753
980952,453753
980734,453753
980722,453753
980873,453753
980875,453753
980892,453753
980808,453753
980841,453753
980851,453753
980850,453753
980858,453753
980859,453753
980684,453753
980680,453753
980763,453753
980756,453753
980871,453753
980712,453753
980383,453753
980039,453753
980679,453753
980788,453753
980842,453753
980630,453753
980745,453753
980607,453753
980705,453753
980684,453753
980847,453753
980653,453753
979110,453753
980841,453753
980862,453753
980713,453753
980828,453753
980582,453753
980681,453753
980728,453753
980623,453753
980350,453753
980755,453753
980783,453753
980863,453753
980879,453753
980956,453753
980839,453753
980809,453753
980784,453753
980925,453753
980834,453753
981002,453753
980798,453753
980716,453753
979968,453753
980891,453753
980508,453753
980334,453753
980649,453753
980579,453753
980918,453753
980719,453753
980828,453753
980987,453753
980938,453753
980811,453753
980709,453753
980713,453753
980786,453753
980923,453753
980742,453753
980727,453753
980748,453753
976596,453753
969136,453753
978812,453753
980583,453753
980557,453753
980516,453753
980823,453753
980668,453753
980735,453753
980894,453753
980694,453753
979790,453753
980550,453753
980562,453753
980808,453753
980876,453753
980745,453753
980597,453753
980605,453753
980681,453753
980720,453753
980871,453753
980818,453753
980861,453753
980987,453753
980825,453753
980564,453753
980965,453753
980916,453753
980944,453753
980955,453753
980775,453753
980838,453753
980901,453753
980971,453753
980898,453753
980704,453753
980848,453753
980885,453753
980797,453753
980787,453753
980829,453753
980855,453753
980722,453753
980765,453753
980435,453753
979514,453753
980592,453753
980774,453753
980415,453753
980608,453753
980657,453753
980653,453753
980682,453753
980738,453753
980865,453753
980814,453753
980720,453753
980872,453753
980760,453753
980388,453753
980452,453753
980861,453753
980744,453753
980604,453753
980808,453753
980791,453753
980795,453753
980827,453753
980645,453753
980668,453753
980893,453753
980933,453753
980666,453753
980416,453753
980989,453753
981006,453753
980951,453753
980968,453753
980759,453753
980626,453753
981010,453753
980846,453753
980821,453753
980892,453753
980911,453753
980912,453753
980831,453753
980866,453753
980802,453753
980777,453753
980899,453753
980706,453753
980713,453753
980341,453753
980685,453753
980671,453753
980646,453753
980767,453753
980954,453753
980731,453753
980767,453753
980729,453753
980591,453753
980714,453753
980864,453753
980791,453753
980836,453753
980846,453753
980860,453753
981015,453753
980972,453753
980946,453753
980789,453753
980892,453753
980764,453753
980901,453753
980937,453753
980897,453753
980852,453753
980918,453753
981004,453753
980774,453753
980636,453753
980518,453753
980517,453753
980760,453753
980820,453753
980155,453753
980857,453753
980612,453753
980696,453753
980669,453753
980719,453753
980679,453753
980866,453753
980693,453753
980793,453753
980802,453753
980819,453753
980868,453753
980897,453753
980761,453753
980977,453753
980913,453753
980934,453753
980874,453753
980768,453753
980863,453753
980972,453753
980947,453753
980860,453753
980964,453753
980921,453753
980803,453753
980528,453753
980827,453753
980548,453753
980785,453753
980763,453753
980925,453753
980834,453753
980668,453753
980794,453753
980947,453753
980206,453753
980510,453753
980601,453753
980838,453753
980085,453753
980817,453753
980788,453753
980933,453753
981041,453753
980945,453753
980981,453753
980936,453753
980824,453753
980891,453753
980605,453753
980683,453753
980998,453753
980883,453753
980919,453753
980799,453753
980837,453753
980861,453753
980927,453753
980789,453753
980849,453753
980869,453753
980673,453753
980538,453753
980935,453753
980882,453753
980920,453753
980776,453753
980805,453753
980849,453753
980735,453753
980245,453753
980368,453753
980686,453753
980786,453753
980878,453753
980935,453753
980811,453753
980896,453753
980884,453753
980933,453753
980940,453753
980711,453753
980420,453753
980852,453753
980885,453753
980734,453753
980580,453753
980978,453753
980991,453753
981009,453753
980835,453753
980617,453753
980608,453753
980558,453753
980965,453753
980834,453753
980679,453753
980245,453753
980429,453753
979965,453753
980861,453753
980798,453753
980979,453753
980481,453753
980861,453753
980864,453753
980925,453753
980916,453753
980948,453753
980786,453753
980937,453753
980861,453753
980862,453753
980644,453753
980763,453753
980995,453753
981029,453753
981054,453753
980886,453753
980962,453753
980861,453753
980720,453753
980862,453753
980872,453753
980787,453753
980773,453753
980741,453753
980750,453753
980500,453753
980610,453753
980805,453753
980704,453753
980445,453753
980778,453753
980896,453753
980858,453753
980809,453753
980815,453753
980934,453753
980859,453753
980954,453753
980854,453753
980933,453753
980913,453753
980868,453753
980909,453753
980968,453753
980903,453753
980798,453753
980625,453753
979848,453753
980734,453753
980765,453753
980818,453753
980583,453753
980000,453753
980701,453753
980821,453753
980738,453753
980310,453753
980495,453753
980567,453753
980021,453753
980669,453753
980873,453753
980914,453753
980751,453753
980959,453753
979875,453753
980395,453753
980731,453753
980720,453753
980997,453753
980696,453753
980972,453753
980982,453753
980938,453753
980914,453753
980832,453753
980914,453753
980795,453753
980795,453753
980640,453753
980265,453753
980165,453753
980748,453753
980868,453753
980876,453753
980694,453753
980787,453753
980880,453753
980873,453753
980936,453753
980925,453753
980975,453753
980953,453753
980885,453753
980706,453753
980991,453753
980966,453753
980905,453753
980847,453753
980910,453753
980837,453753
980726,453753
980755,453753
980841,453753
980780,453753
980883,453753
980956,453753
980785,453753
980779,453753
980550,453753
980926,453753
980897,453753
980865,453753
980989,453753
980806,453753
980369,453753
980794,453753
980921,453753
980813,453753
980418,453753
980516,453753
980956,453753
980898,453753
980926,453753
981137,453546
