TRACE,NSNPS_JACKKNIFE
976340,453753
976266,453753
976144,453753
976197,453753
976107,453753
976243,453753
976065,453753
976046,453753
976153,453753
976027,453753
976142,453753
975890,453753
976264,453753
976099,453753
976194,453753
976164,453753
975975,453753
975576,453753
975620,453753
975938,453753
976160,453753
976247,453753
976081,453753
976177,453753
976190,453753
976133,453753
975944,453753
975993,453753
976089,453753
976104,453753
976083,453753
976041,453753
976083,453753
976016,453753
976135,453753
976133,453753
976101,453753
975999,453753
976159,453753
976193,453753
976219,453753
976148,453753
976110,453753
975609,453753
975862,453753
976077,453753
976120,453753
976109,453753
976204,453753
976241,453753
976200,453753
975911,453753
975990,453753
975999,453753
975840,453753
976074,453753
976128,453753
975793,453753
975965,453753
975938,453753
976152,453753
976190,453753
976227,453753
976168,453753
976072,453753
976101,453753
976089,453753
976025,453753
976042,453753
975989,453753
975569,453753
976137,453753
976164,453753
976289,453753
976226,453753
976191,453753
976246,453753
976171,453753
976298,453753
976135,453753
975853,453753
976157,453753
976227,453753
976326,453753
976294,453753
976196,453753
976259,453753
976274,453753
976181,453753
976165,453753
975834,453753
975827,453753
976169,453753
975023,453753
976130,453753
975977,453753
976148,453753
976141,453753
976159,453753
976236,453753
976013,453753
976017,453753
975922,453753
975800,453753
975898,453753
975907,453753
976166,453753
976122,453753
976141,453753
976132,453753
976180,453753
976102,453753
975988,453753
975788,453753
975798,453753
975846,453753
976121,453753
976090,453753
975966,453753
975926,453753
975918,453753
976238,453753
975993,453753
976090,453753
976135,453753
976105,453753
976031,453753
976050,453753
975947,453753
976070,453753
975957,453753
976079,453753
976009,453753
976093,453753
975900,453753
976136,453753
976132,453753
976188,453753
975878,453753
976143,453753
975650,453753
975552,453753
975998,453753
975919,453753
975926,453753
975839,453753
976024,453753
976058,453753
976107,453753
976148,453753
976119,453753
976170,453753
976247,453753
976174,453753
976143,453753
976152,453753
976154,453753
976170,453753
976267,453753
976139,453753
976056,453753
976095,453753
976180,453753
976270,453753
976267,453753
976239,453753
976192,453753
976230,453753
976161,453753
976097,453753
975979,453753
976124,453753
976169,453753
976145,453753
976198,453753
976068,453753
976158,453753
976003,453753
975963,453753
976023,453753
976007,453753
974591,453753
974802,453753
976102,453753
976010,453753
976253,453753
976214,453753
976247,453753
976199,453753
976155,453753
976287,453753
976248,453753
975849,453753
975321,453753
975439,453753
975297,453753
975595,453753
975864,453753
976148,453753
976075,453753
975997,453753
976187,453753
976125,453753
975745,453753
976129,453753
976121,453753
976067,453753
976127,453753
976008,453753
975872,453753
976060,453753
976109,453753
976142,453753
976154,453753
975903,453753
976052,453753
975531,453753
975525,453753
975861,453753
975643,453753
976274,453753
976234,453753
976174,453753
976141,453753
975893,453753
976175,453753
976278,453753
976198,453753
976256,453753
976248,453753
976092,453753
975863,453753
975869,453753
976284,453753
976282,453753
976250,453753
976062,453753
976054,453753
975884,453753
976133,453753
975973,453753
976202,453753
976257,453753
976147,453753
976155,453753
976113,453753
976101,453753
976127,453753
976174,453753
975858,453753
975757,453753
976137,453753
976052,453753
975965,453753
975981,453753
975938,453753
976028,453753
976070,453753
975751,453753
976082,453753
976225,453753
975934,453753
975400,453753
976035,453753
976060,453753
975971,453753
975995,453753
975448,453753
976141,453753
976097,453753
976012,453753
975544,453753
976026,453753
975975,453753
975921,453753
975873,453753
976190,453753
976164,453753
976048,453753
975774,453753
976010,453753
975997,453753
976204,453753
976135,453753
975964,453753
976134,453753
976185,453753
976022,453753
976081,453753
976222,453753
976250,453753
976270,453753
976233,453753
976207,453753
976235,453753
976240,453753
976139,453753
976127,453753
976279,453753
976183,453753
976287,453753
976168,453753
976308,453753
976095,453753
976207,453753
976196,453753
976145,453753
976167,453753
976108,453753
976259,453753
976249,453753
976049,453753
975833,453753
975467,453753
975250,453753
975947,453753
976110,453753
975917,453753
975935,453753
976076,453753
976123,453753
976174,453753
976073,453753
976141,453753
976038,453753
975925,453753
975969,453753
976067,453753
976057,453753
975911,453753
975152,453753
975964,453753
976105,453753
976110,453753
976090,453753
976135,453753
975913,453753
976085,453753
976170,453753
975874,453753
975737,453753
976025,453753
975469,453753
975502,453753
976073,453753
975941,453753
976163,453753
975967,453753
976035,453753
974797,453753
976104,453753
976131,453753
976124,453753
976335,453753
976271,453753
976235,453753
976286,453753
976290,453753
976194,453753
976139,453753
976230,453753
976278,453753
976205,453753
976221,453753
976075,453753
976226,453753
976091,453753
976198,453753
976064,453753
976200,453753
976160,453753
976069,453753
976106,453753
976126,453753
976054,453753
976122,453753
975878,453753
975484,453753
975847,453753
975795,453753
974919,453753
975480,453753
975858,453753
976055,453753
975912,453753
975749,453753
975659,453753
975679,453753
975967,453753
976153,453753
976086,453753
975933,453753
975920,453753
976075,453753
975981,453753
975922,453753
975904,453753
975626,453753
975760,453753
976154,453753
976127,453753
976108,453753
976153,453753
976113,453753
976263,453753
975223,453753
975977,453753
976012,453753
976034,453753
976150,453753
976140,453753
976206,453753
976130,453753
976205,453753
976299,453753
976203,453753
976224,453753
976139,453753
975877,453753
975993,453753
976070,453753
976154,453753
976136,453753
975984,453753
976217,453753
976154,453753
976192,453753
976169,453753
975935,453753
976104,453753
976073,453753
976170,453753
975669,453753
976102,453753
976101,453753
976085,453753
976181,453753
976055,453753
976077,453753
976055,453753
975985,453753
975806,453753
974644,453753
975977,453753
976058,453753
976156,453753
976242,453753
976232,453753
975972,453753
975860,453753
976067,453753
976130,453753
975824,453753
975879,453753
976218,453753
976118,453753
976156,453753
976075,453753
975918,453753
975889,453753
975855,453753
976056,453753
976259,453753
976036,453753
976283,453753
976201,453753
976052,453753
976126,453753
976230,453753
976074,453753
976335,453753
976305,453753
976208,453753
976028,453753
975863,453753
976094,453753
976020,453753
976148,453753
976186,453753
975685,453753
974542,453753
974867,453753
976115,453753
976178,453753
976173,453753
976071,453753
976132,453753
975895,453753
976179,453753
976168,453753
976210,453753
975910,453753
976082,453753
976065,453753
975389,453753
975854,453753
976129,453753
976083,453753
976092,453753
975988,453753
976014,453753
976229,453753
976219,453753
976026,453753
975937,453753
976037,453753
975879,453753
975908,453753
976094,453753
976229,453753
976098,453753
976014,453753
976024,453753
975734,453753
975813,453753
976191,453753
976190,453753
976216,453753
976205,453753
976248,453753
976072,453753
976199,453753
976163,453753
976146,453753
976225,453753
976220,453753
976089,453753
976068,453753
976243,453753
976225,453753
976127,453753
976200,453753
976262,453753
976206,453753
976126,453753
975978,453753
976199,453753
975983,453753
976237,453753
975840,453753
976042,453753
975757,453753
975514,453753
976161,453753
975984,453753
976110,453753
976154,453753
976113,453753
976071,453753
976182,453753
976164,453753
976217,453753
976168,453753
975912,453753
975809,453753
976112,453753
976060,453753
976104,453753
976209,453753
976123,453753
975915,453753
976084,453753
976005,453753
976190,453753
976069,453753
976043,453753
976155,453753
976196,453753
976207,453753
976187,453753
976294,453753
976017,453753
976064,453753
976215,453753
976224,453753
976190,453753
976182,453753
976175,453753
976142,453753
976198,453753
976181,453753
976253,453753
976007,453753
976002,453753
976133,453753
976087,453753
976190,453753
975992,453753
975723,453753
975377,453753
975980,453753
976100,453753
976174,453753
975973,453753
976142,453753
975976,453753
976052,453753
976037,453753
976181,453753
975997,453753
974825,453753
976147,453753
976190,453753
976073,453753
976143,453753
975882,453753
976065,453753
976141,453753
975956,453753
975597,453753
976026,453753
976024,453753
976220,453753
976179,453753
976227,453753
976160,453753
976192,453753
976147,453753
976240,453753
976160,453753
976332,453753
976182,453753
975992,453753
975300,453753
976206,453753
975827,453753
975602,453753
975919,453753
975925,453753
976226,453753
976134,453753
976123,453753
976298,453753
976256,453753
976173,453753
975971,453753
975975,453753
976154,453753
976229,453753
976086,453753
976012,453753
976094,453753
972280,453753
966088,453753
974292,453753
975925,453753
975885,453753
975725,453753
976162,453753
975928,453753
976065,453753
976214,453753
976045,453753
975049,453753
975825,453753
975878,453753
976023,453753
976225,453753
976085,453753
975868,453753
975829,453753
975982,453753
976024,453753
976155,453753
976199,453753
976179,453753
976314,453753
976188,453753
975917,453753
976286,453753
976221,453753
976239,453753
976278,453753
976151,453753
976149,453753
976206,453753
976282,453753
976243,453753
976033,453753
976176,453753
976186,453753
976092,453753
976138,453753
976129,453753
976220,453753
976115,453753
976099,453753
975725,453753
974764,453753
975967,453753
976049,453753
975717,453753
975914,453753
975929,453753
975945,453753
975996,453753
976087,453753
976220,453753
976134,453753
975995,453753
976168,453753
976107,453753
975804,453753
975838,453753
976152,453753
976090,453753
975941,453753
976134,453753
976119,453753
976135,453753
976143,453753
975956,453753
975977,453753
976229,453753
976252,453753
975974,453753
975782,453753
976246,453753
976325,453753
976283,453753
976287,453753
976033,453753
975910,453753
976326,453753
976138,453753
976114,453753
976225,453753
976252,453753
976235,453753
976176,453753
976169,453753
976133,453753
976160,453753
976237,453753
976018,453753
976047,453753
975737,453753
976005,453753
975993,453753
975915,453753
976102,453753
976310,453753
976096,453753
976125,453753
975975,453753
975885,453753
976067,453753
976163,453753
976135,453753
976129,453753
976154,453753
976176,453753
976353,453753
976260,453753
976252,453753
976105,453753
976200,453753
976120,453753
976203,453753
976235,453753
976224,453753
976162,453753
976272,453753
976311,453753
976099,453753
975943,453753
975894,453753
975867,453753
976051,453753
976158,453753
975676,453753
976195,453753
976026,453753
976025,453753
976049,453753
976079,453753
975911,453753
976077,453753
976045,453753
976157,453753
976094,453753
976123,453753
976159,453753
976160,453753
976081,453753
976283,453753
976273,453753
976261,453753
976187,453753
976031,453753
976146,453753
976327,453753
976273,453753
976173,453753
976312,453753
976248,453753
976100,453753
975707,453753
976115,453753
975813,453753
976143,453753
976124,453753
976219,453753
976194,453753
975986,453753
976121,453753
976196,453753
975510,453753
975834,453753
975938,453753
976139,453753
975407,453753
976163,453753
976108,453753
976234,453753
976373,453753
976235,453753
976317,453753
976260,453753
976137,453753
976251,453753
975959,453753
975976,453753
976308,453753
976189,453753
976212,453753
976165,453753
976217,453753
976225,453753
976255,453753
976098,453753
976146,453753
976251,453753
975898,453753
975911,453753
976225,453753
976158,453753
976249,453753
976067,453753
976129,453753
976157,453753
976120,453753
975525,453753
975658,453753
976024,453753
976076,453753
976225,453753
976254,453753
976116,453753
976175,453753
976156,453753
976263,453753
976241,453753
975996,453753
975719,453753
976169,453753
976229,453753
976081,453753
975975,453753
976279,453753
976289,453753
976343,453753
976221,453753
976010,453753
975927,453753
975924,453753
976295,453753
976166,453753
975968,453753
975732,453753
975651,453753
975062,453753
976204,453753
976103,453753
976304,453753
975800,453753
976163,453753
976201,453753
976253,453753
976273,453753
976290,453753
976207,453753
976268,453753
976152,453753
976169,453753
975966,453753
976052,453753
976313,453753
976337,453753
976369,453753
976256,453753
976266,453753
976211,453753
976050,453753
976171,453753
976190,453753
976097,453753
976078,453753
976051,453753
976074,453753
975906,453753
975957,453753
976072,453753
976021,453753
975754,453753
976118,453753
976239,453753
976219,453753
976145,453753
976117,453753
976281,453753
976220,453753
976258,453753
976170,453753
976244,453753
976201,453753
976145,453753
976244,453753
976293,453753
976177,453753
976129,453753
975902,453753
975082,453753
976071,453753
975993,453753
976112,453753
975828,453753
975255,453753
976015,453753
976201,453753
976116,453753
975572,453753
975853,453753
975929,453753
975223,453753
976013,453753
976189,453753
976220,453753
976033,453753
976285,453753
975203,453753
975756,453753
975975,453753
976038,453753
976294,453753
976038,453753
976281,453753
976292,453753
976302,453753
976179,453753
976120,453753
976245,453753
976147,453753
976021,453753
975981,453753
975716,453753
975556,453753
976098,453753
976163,453753
976228,453753
976102,453753
976121,453753
976217,453753
976248,453753
976282,453753
976289,453753
976284,453753
976282,453753
976248,453753
976011,453753
976310,453753
976296,453753
976242,453753
976217,453753
976251,453753
976158,453753
976099,453753
976111,453753
976152,453753
976128,453753
976213,453753
976299,453753
976176,453753
976105,453753
975837,453753
976224,453753
976195,453753
976200,453753
976294,453753
976185,453753
975634,453753
976066,453753
976256,453753
976184,453753
975692,453753
975797,453753
976276,453753
976230,453753
976284,453753
976380,453546
