TRACE,NSNPS_JACKKNIFE
973493,453753
973473,453753
973382,453753
973408,453753
973386,453753
973443,453753
973278,453753
973261,453753
973353,453753
973293,453753
973349,453753
973129,453753
973492,453753
973278,453753
973435,453753
973380,453753
973235,453753
972838,453753
972866,453753
973159,453753
973394,453753
973468,453753
973307,453753
973387,453753
973435,453753
973390,453753
973187,453753
973133,453753
973326,453753
973353,453753
973300,453753
973268,453753
973317,453753
973240,453753
973348,453753
973304,453753
973282,453753
973237,453753
973380,453753
973368,453753
973390,453753
973377,453753
973270,453753
973034,453753
973091,453753
973279,453753
973326,453753
973363,453753
973401,453753
973444,453753
973422,453753
973027,453753
973104,453753
973215,453753
973085,453753
973343,453753
973283,453753
972907,453753
973203,453753
973134,453753
973329,453753
973469,453753
973416,453753
973347,453753
973301,453753
973375,453753
973359,453753
973216,453753
973257,453753
973175,453753
972810,453753
973378,453753
973392,453753
973489,453753
973478,453753
973437,453753
973504,453753
973373,453753
973498,453753
973401,453753
973141,453753
973374,453753
973470,453753
973539,453753
973516,453753
973403,453753
973484,453753
973497,453753
973380,453753
973371,453753
973085,453753
972998,453753
973378,453753
972025,453753
973337,453753
973276,453753
973351,453753
973348,453753
973338,453753
973458,453753
973184,453753
973268,453753
973213,453753
973041,453753
973145,453753
973151,453753
973377,453753
973400,453753
973370,453753
973355,453753
973409,453753
973294,453753
973239,453753
973117,453753
972997,453753
973084,453753
973341,453753
973324,453753
973231,453753
973086,453753
973139,453753
973447,453753
973213,453753
973264,453753
973341,453753
973281,453753
973188,453753
973280,453753
973202,453753
973304,453753
973200,453753
973299,453753
973189,453753
973320,453753
973125,453753
973344,453753
973409,453753
973432,453753
973112,453753
973351,453753
972908,453753
972744,453753
973277,453753
973113,453753
973100,453753
973176,453753
973223,453753
973271,453753
973353,453753
973385,453753
973312,453753
973429,453753
973425,453753
973365,453753
973379,453753
973396,453753
973419,453753
973410,453753
973519,453753
973381,453753
973206,453753
973314,453753
973405,453753
973494,453753
973495,453753
973462,453753
973449,453753
973430,453753
973405,453753
973359,453753
973190,453753
973304,453753
973351,453753
973361,453753
973404,453753
973304,453753
973383,453753
973277,453753
973213,453753
973244,453753
973214,453753
971886,453753
972198,453753
973308,453753
973208,453753
973464,453753
973391,453753
973432,453753
973431,453753
973343,453753
973462,453753
973487,453753
973049,453753
972560,453753
972680,453753
972452,453753
972817,453753
973056,453753
973376,453753
973268,453753
973264,453753
973421,453753
973354,453753
972920,453753
973327,453753
973373,453753
973271,453753
973367,453753
973209,453753
972954,453753
973276,453753
973351,453753
973385,453753
973436,453753
973189,453753
973264,453753
972743,453753
972784,453753
972999,453753
972909,453753
973458,453753
973444,453753
973397,453753
973401,453753
973198,453753
973406,453753
973454,453753
973430,453753
973451,453753
973465,453753
973287,453753
973002,453753
973107,453753
973514,453753
973485,453753
973455,453753
973252,453753
973302,453753
972939,453753
973370,453753
973212,453753
973449,453753
973500,453753
973339,453753
973329,453753
973375,453753
973323,453753
973308,453753
973346,453753
973031,453753
972970,453753
973397,453753
973272,453753
973091,453753
973208,453753
973188,453753
973266,453753
973250,453753
972958,453753
973276,453753
973438,453753
973164,453753
972745,453753
973194,453753
973234,453753
973257,453753
973207,453753
972629,453753
973369,453753
973315,453753
973282,453753
972829,453753
973285,453753
973230,453753
973222,453753
973067,453753
973405,453753
973380,453753
973292,453753
972974,453753
973262,453753
973217,453753
973386,453753
973346,453753
973198,453753
973374,453753
973394,453753
973272,453753
973300,453753
973422,453753
973483,453753
973456,453753
973448,453753
973429,453753
973471,453753
973459,453753
973342,453753
973279,453753
973505,453753
973414,453753
973457,453753
973386,453753
973533,453753
973327,453753
973475,453753
973414,453753
973367,453753
973334,453753
973343,453753
973465,453753
973456,453753
973277,453753
973083,453753
972623,453753
972298,453753
973190,453753
973350,453753
973123,453753
973180,453753
973292,453753
973312,453753
973394,453753
973271,453753
973296,453753
973230,453753
973129,453753
973184,453753
973225,453753
973258,453753
973135,453753
972490,453753
973257,453753
973293,453753
973403,453753
973278,453753
973404,453753
973167,453753
973294,453753
973405,453753
973111,453753
972986,453753
973283,453753
972684,453753
972582,453753
973334,453753
973150,453753
973351,453753
973174,453753
973263,453753
971983,453753
973327,453753
973373,453753
973402,453753
973499,453753
973537,453753
973498,453753
973527,453753
973446,453753
973356,453753
973355,453753
973453,453753
973516,453753
973400,453753
973463,453753
973323,453753
973415,453753
973340,453753
973431,453753
973304,453753
973389,453753
973362,453753
973350,453753
973350,453753
973337,453753
973292,453753
973342,453753
973065,453753
972606,453753
973094,453753
973052,453753
972225,453753
972748,453753
973038,453753
973275,453753
973176,453753
972945,453753
972970,453753
972848,453753
973123,453753
973372,453753
973285,453753
973083,453753
973227,453753
973297,453753
973194,453753
973148,453753
973133,453753
972817,453753
973025,453753
973366,453753
973322,453753
973367,453753
973344,453753
973329,453753
973454,453753
972574,453753
973242,453753
973222,453753
973270,453753
973399,453753
973438,453753
973432,453753
973373,453753
973386,453753
973481,453753
973428,453753
973436,453753
973343,453753
973078,453753
973187,453753
973298,453753
973358,453753
973391,453753
973247,453753
973419,453753
973357,453753
973362,453753
973373,453753
973149,453753
973297,453753
973310,453753
973398,453753
972863,453753
973320,453753
973354,453753
973375,453753
973394,453753
973264,453753
973286,453753
973249,453753
973225,453753
973038,453753
971895,453753
973175,453753
973256,453753
973354,453753
973446,453753
973426,453753
973169,453753
973118,453753
973297,453753
973372,453753
973004,453753
973195,453753
973476,453753
973320,453753
973356,453753
973319,453753
973128,453753
973072,453753
973102,453753
973295,453753
973455,453753
973190,453753
973466,453753
973423,453753
973295,453753
973353,453753
973446,453753
973288,453753
973519,453753
973524,453753
973445,453753
973231,453753
973123,453753
973283,453753
973229,453753
973367,453753
973429,453753
972814,453753
971639,453753
972002,453753
973280,453753
973356,453753
973412,453753
973289,453753
973363,453753
973127,453753
973409,453753
973391,453753
973389,453753
973127,453753
973275,453753
973280,453753
972463,453753
973078,453753
973263,453753
973291,453753
973334,453753
973227,453753
973248,453753
973437,453753
973429,453753
973289,453753
973182,453753
973301,453753
973046,453753
973179,453753
973320,453753
973481,453753
973249,453753
973246,453753
973255,453753
973035,453753
973103,453753
973352,453753
973381,453753
973465,453753
973439,453753
973475,453753
973329,453753
973377,453753
973420,453753
973419,453753
973439,453753
973422,453753
973337,453753
973285,453753
973482,453753
973496,453753
973405,453753
973443,453753
973487,453753
973452,453753
973334,453753
973205,453753
973432,453753
973185,453753
973474,453753
973064,453753
973300,453753
972985,453753
972662,453753
973359,453753
973163,453753
973270,453753
973439,453753
973297,453753
973341,453753
973408,453753
973420,453753
973448,453753
973390,453753
973096,453753
973060,453753
973308,453753
973280,453753
973290,453753
973383,453753
973345,453753
973172,453753
973343,453753
973246,453753
973370,453753
973280,453753
973196,453753
973401,453753
973422,453753
973447,453753
973356,453753
973494,453753
973284,453753
973267,453753
973433,453753
973422,453753
973417,453753
973383,453753
973402,453753
973434,453753
973413,453753
973430,453753
973439,453753
973263,453753
973234,453753
973349,453753
973345,453753
973413,453753
973219,453753
972965,453753
972618,453753
973213,453753
973312,453753
973395,453753
973164,453753
973312,453753
973181,453753
973223,453753
973226,453753
973362,453753
973193,453753
971850,453753
973407,453753
973418,453753
973243,453753
973361,453753
973187,453753
973190,453753
973276,453753
973157,453753
972846,453753
973279,453753
973290,453753
973427,453753
973381,453753
973512,453753
973366,453753
973381,453753
973353,453753
973433,453753
973354,453753
973534,453753
973339,453753
973257,453753
972492,453753
973456,453753
972990,453753
972792,453753
973203,453753
973078,453753
973503,453753
973314,453753
973338,453753
973558,453753
973461,453753
973348,453753
973206,453753
973218,453753
973333,453753
973404,453753
973276,453753
973273,453753
973346,453753
970120,453753
965168,453753
971575,453753
973095,453753
973148,453753
973031,453753
973387,453753
973156,453753
973333,453753
973417,453753
973216,453753
972389,453753
973006,453753
973105,453753
973264,453753
973437,453753
973290,453753
973138,453753
973064,453753
973221,453753
973257,453753
973358,453753
973397,453753
973397,453753
973508,453753
973360,453753
973122,453753
973499,453753
973461,453753
973445,453753
973491,453753
973302,453753
973335,453753
973437,453753
973493,453753
973453,453753
973219,453753
973382,453753
973383,453753
973317,453753
973321,453753
973368,453753
973415,453753
973301,453753
973269,453753
972964,453753
972039,453753
973113,453753
973299,453753
972934,453753
973114,453753
973189,453753
973244,453753
973168,453753
973314,453753
973437,453753
973363,453753
973261,453753
973437,453753
973289,453753
972960,453753
973052,453753
973391,453753
973320,453753
973199,453753
973370,453753
973319,453753
973363,453753
973413,453753
973232,453753
973181,453753
973463,453753
973487,453753
973184,453753
973017,453753
973488,453753
973548,453753
973496,453753
973514,453753
973264,453753
973058,453753
973495,453753
973369,453753
973341,453753
973464,453753
973480,453753
973451,453753
973399,453753
973428,453753
973348,453753
973338,453753
973389,453753
973253,453753
973186,453753
972944,453753
973252,453753
973165,453753
973147,453753
973322,453753
973536,453753
973316,453753
973334,453753
973231,453753
973076,453753
973263,453753
973449,453753
973291,453753
973385,453753
973410,453753
973362,453753
973556,453753
973531,453753
973456,453753
973311,453753
973431,453753
973284,453753
973420,453753
973499,453753
973407,453753
973399,453753
973439,453753
973503,453753
973352,453753
973232,453753
973130,453753
973099,453753
973306,453753
973385,453753
972845,453753
973421,453753
973241,453753
973270,453753
973307,453753
973218,453753
973178,453753
973362,453753
973262,453753
973302,453753
973365,453753
973372,453753
973428,453753
973389,453753
973301,453753
973529,453753
973441,453753
973473,453753
973421,453753
973215,453753
973358,453753
973560,453753
973514,453753
973403,453753
973531,453753
973471,453753
973292,453753
972936,453753
973382,453753
973052,453753
973363,453753
973362,453753
973441,453753
973349,453753
973253,453753
973356,453753
973453,453753
972749,453753
973048,453753
973138,453753
973339,453753
972679,453753
973366,453753
973279,453753
973447,453753
973572,453753
973488,453753
973517,453753
973456,453753
973386,453753
973471,453753
973172,453753
973251,453753
973507,453753
973433,453753
973416,453753
973351,453753
973428,453753
973423,453753
973502,453753
973297,453753
973383,453753
973475,453753
973172,453753
973115,453753
973453,453753
973372,453753
973467,453753
973340,453753
973311,453753
973393,453753
973270,453753
972777,453753
972866,453753
973233,453753
973313,453753
973473,453753
973498,453753
973347,453753
973467,453753
973407,453753
973514,453753
973468,453753
973200,453753
972887,453753
973387,453753
973457,453753
973292,453753
973133,453753
973513,453753
973486,453753
973516,453753
973420,453753
973279,453753
973177,453753
973154,453753
973473,453753
973383,453753
973253,453753
972897,453753
972970,453753
972600,453753
973412,453753
973271,453753
973527,453753
973061,453753
973376,453753
973398,453753
973407,453753
973440,453753
973475,453753
973412,453753
973482,453753
973376,453753
973365,453753
973104,453753
973290,453753
973521,453753
973566,453753
973580,453753
973480,453753
973481,453753
973458,453753
973264,453753
973409,453753
973422,453753
973344,453753
973256,453753
973238,453753
973358,453753
973104,453753
973205,453753
973353,453753
973320,453753
972950,453753
973315,453753
973420,453753
973435,453753
973360,453753
973343,453753
973478,453753
973449,453753
973484,453753
973412,453753
973466,453753
973416,453753
973358,453753
973457,453753
973507,453753
973434,453753
973363,453753
973158,453753
972430,453753
973269,453753
973252,453753
973356,453753
973040,453753
972617,453753
973227,453753
973363,453753
973308,453753
972804,453753
973033,453753
973120,453753
972587,453753
973207,453753
973388,453753
973464,453753
973203,453753
973522,453753
972471,453753
972967,453753
973280,453753
973261,453753
973485,453753
973291,453753
973485,453753
973538,453753
973492,453753
973447,453753
973341,453753
973435,453753
973356,453753
973341,453753
973222,453753
972857,453753
972726,453753
973312,453753
973351,453753
973414,453753
973277,453753
973319,453753
973421,453753
973445,453753
973454,453753
973494,453753
973484,453753
973508,453753
973422,453753
973248,453753
973526,453753
973514,453753
973440,453753
973386,453753
973433,453753
973394,453753
973359,453753
973370,453753
973323,453753
973327,453753
973436,453753
973506,453753
973401,453753
973306,453753
973050,453753
973457,453753
973415,453753
973412,453753
973484,453753
973386,453753
972834,453753
973302,453753
973475,453753
973406,453753
972905,453753
973050,453753
973493,453753
973426,453753
973466,453753
973593,453546
