TRACE,NSNPS_JACKKNIFE
976769,453753
976817,453753
976718,453753
976694,453753
976643,453753
976748,453753
976588,453753
976545,453753
976697,453753
976528,453753
976620,453753
976432,453753
976783,453753
976596,453753
976715,453753
976640,453753
976516,453753
976163,453753
976238,453753
976395,453753
976713,453753
976761,453753
976644,453753
976682,453753
976751,453753
976636,453753
976481,453753
976447,453753
976643,453753
976595,453753
976651,453753
976516,453753
976595,453753
976556,453753
976671,453753
976636,453753
976595,453753
976562,453753
976674,453753
976697,453753
976713,453753
976681,453753
976564,453753
976314,453753
976403,453753
976490,453753
976627,453753
976621,453753
976721,453753
976721,453753
976746,453753
976333,453753
976424,453753
976527,453753
976476,453753
976577,453753
976554,453753
976296,453753
976468,453753
976424,453753
976662,453753
976735,453753
976732,453753
976643,453753
976559,453753
976662,453753
976626,453753
976497,453753
976534,453753
976502,453753
976069,453753
976686,453753
976652,453753
976771,453753
976750,453753
976706,453753
976820,453753
976690,453753
976767,453753
976641,453753
976449,453753
976622,453753
976724,453753
976830,453753
976801,453753
976716,453753
976786,453753
976809,453753
976666,453753
976672,453753
976489,453753
976352,453753
976684,453753
975526,453753
976610,453753
976534,453753
976650,453753
976660,453753
976631,453753
976743,453753
976498,453753
976566,453753
976403,453753
976385,453753
976385,453753
976475,453753
976651,453753
976710,453753
976670,453753
976602,453753
976717,453753
976569,453753
976519,453753
976295,453753
976295,453753
976399,453753
976641,453753
976638,453753
976525,453753
976352,453753
976393,453753
976796,453753
976533,453753
976601,453753
976689,453753
976592,453753
976518,453753
976564,453753
976462,453753
976602,453753
976528,453753
976602,453753
976513,453753
976607,453753
976463,453753
976613,453753
976694,453753
976717,453753
976375,453753
976619,453753
976186,453753
976030,453753
976571,453753
976455,453753
976439,453753
976411,453753
976562,453753
976591,453753
976641,453753
976670,453753
976672,453753
976732,453753
976727,453753
976625,453753
976648,453753
976686,453753
976684,453753
976763,453753
976779,453753
976680,453753
976616,453753
976577,453753
976705,453753
976804,453753
976774,453753
976755,453753
976733,453753
976677,453753
976708,453753
976612,453753
976521,453753
976653,453753
976643,453753
976633,453753
976725,453753
976616,453753
976647,453753
976517,453753
976478,453753
976589,453753
976504,453753
975082,453753
975375,453753
976576,453753
976505,453753
976772,453753
976705,453753
976761,453753
976739,453753
976681,453753
976794,453753
976739,453753
976336,453753
975925,453753
976008,453753
975784,453753
976068,453753
976374,453753
976640,453753
976560,453753
976521,453753
976699,453753
976659,453753
976278,453753
976581,453753
976618,453753
976553,453753
976633,453753
976536,453753
976278,453753
976567,453753
976671,453753
976681,453753
976708,453753
976475,453753
976517,453753
976033,453753
976050,453753
976387,453753
976220,453753
976747,453753
976696,453753
976683,453753
976687,453753
976501,453753
976705,453753
976796,453753
976738,453753
976759,453753
976774,453753
976554,453753
976321,453753
976452,453753
976789,453753
976782,453753
976774,453753
976587,453753
976588,453753
976383,453753
976643,453753
976533,453753
976721,453753
976793,453753
976692,453753
976679,453753
976617,453753
976613,453753
976664,453753
976683,453753
976357,453753
976330,453753
976683,453753
976566,453753
976477,453753
976514,453753
976500,453753
976536,453753
976610,453753
976183,453753
976603,453753
976742,453753
976481,453753
975854,453753
976490,453753
976579,453753
976471,453753
976491,453753
976108,453753
976674,453753
976638,453753
976579,453753
976097,453753
976544,453753
976414,453753
976423,453753
976460,453753
976690,453753
976692,453753
976525,453753
976228,453753
976538,453753
976520,453753
976627,453753
976606,453753
976483,453753
976657,453753
976698,453753
976631,453753
976641,453753
976716,453753
976763,453753
976787,453753
976786,453753
976707,453753
976779,453753
976747,453753
976632,453753
976614,453753
976774,453753
976739,453753
976755,453753
976718,453753
976840,453753
976617,453753
976717,453753
976752,453753
976637,453753
976698,453753
976632,453753
976763,453753
976734,453753
976576,453753
976371,453753
975971,453753
975681,453753
976432,453753
976662,453753
976431,453753
976489,453753
976540,453753
976610,453753
976700,453753
976594,453753
976633,453753
976527,453753
976528,453753
976544,453753
976524,453753
976549,453753
976432,453753
975901,453753
976571,453753
976585,453753
976689,453753
976565,453753
976647,453753
976429,453753
976591,453753
976706,453753
976446,453753
976266,453753
976562,453753
975933,453753
975852,453753
976621,453753
976464,453753
976693,453753
976482,453753
976534,453753
975163,453753
976680,453753
976632,453753
976681,453753
976822,453753
976820,453753
976740,453753
976812,453753
976794,453753
976666,453753
976664,453753
976779,453753
976794,453753
976694,453753
976749,453753
976615,453753
976733,453753
976608,453753
976728,453753
976583,453753
976663,453753
976706,453753
976616,453753
976625,453753
976653,453753
976612,453753
976636,453753
976408,453753
975897,453753
976354,453753
976355,453753
975421,453753
976010,453753
976418,453753
976624,453753
976449,453753
976172,453753
976171,453753
976211,453753
976464,453753
976675,453753
976577,453753
976391,453753
976424,453753
976598,453753
976502,453753
976462,453753
976404,453753
976123,453753
976236,453753
976606,453753
976659,453753
976639,453753
976694,453753
976615,453753
976769,453753
975880,453753
976511,453753
976548,453753
976579,453753
976686,453753
976696,453753
976689,453753
976641,453753
976715,453753
976776,453753
976765,453753
976738,453753
976643,453753
976434,453753
976483,453753
976588,453753
976659,453753
976688,453753
976549,453753
976754,453753
976680,453753
976691,453753
976697,453753
976421,453753
976593,453753
976587,453753
976696,453753
976149,453753
976651,453753
976647,453753
976630,453753
976642,453753
976569,453753
976538,453753
976511,453753
976517,453753
976261,453753
975064,453753
976439,453753
976559,453753
976633,453753
976739,453753
976717,453753
976507,453753
976391,453753
976567,453753
976627,453753
976327,453753
976367,453753
976734,453753
976620,453753
976690,453753
976641,453753
976475,453753
976387,453753
976325,453753
976554,453753
976774,453753
976516,453753
976807,453753
976687,453753
976568,453753
976677,453753
976764,453753
976581,453753
976834,453753
976809,453753
976759,453753
976549,453753
976445,453753
976561,453753
976550,453753
976697,453753
976661,453753
976060,453753
974766,453753
975171,453753
976591,453753
976653,453753
976710,453753
976549,453753
976625,453753
976421,453753
976728,453753
976690,453753
976718,453753
976455,453753
976616,453753
976581,453753
975819,453753
976373,453753
976585,453753
976561,453753
976662,453753
976489,453753
976557,453753
976756,453753
976752,453753
976588,453753
976413,453753
976584,453753
976366,453753
976503,453753
976576,453753
976740,453753
976594,453753
976543,453753
976541,453753
976355,453753
976328,453753
976716,453753
976671,453753
976730,453753
976732,453753
976765,453753
976567,453753
976702,453753
976689,453753
976684,453753
976728,453753
976718,453753
976672,453753
976648,453753
976780,453753
976737,453753
976649,453753
976724,453753
976778,453753
976738,453753
976682,453753
976513,453753
976765,453753
976530,453753
976748,453753
976297,453753
976502,453753
976233,453753
975956,453753
976673,453753
976541,453753
976595,453753
976734,453753
976575,453753
976606,453753
976694,453753
976669,453753
976758,453753
976686,453753
976472,453753
976396,453753
976594,453753
976540,453753
976573,453753
976713,453753
976592,453753
976404,453753
976671,453753
976538,453753
976715,453753
976588,453753
976501,453753
976657,453753
976658,453753
976751,453753
976664,453753
976813,453753
976555,453753
976591,453753
976743,453753
976746,453753
976683,453753
976625,453753
976713,453753
976707,453753
976668,453753
976701,453753
976708,453753
976538,453753
976536,453753
976648,453753
976607,453753
976733,453753
976429,453753
976219,453753
975820,453753
976501,453753
976622,453753
976691,453753
976447,453753
976619,453753
976468,453753
976555,453753
976559,453753
976693,453753
976545,453753
975068,453753
976651,453753
976729,453753
976527,453753
976621,453753
976480,453753
976598,453753
976633,453753
976432,453753
976135,453753
976618,453753
976604,453753
976727,453753
976696,453753
976781,453753
976606,453753
976726,453753
976637,453753
976743,453753
976671,453753
976854,453753
976651,453753
976537,453753
975666,453753
976756,453753
976247,453753
976084,453753
976508,453753
976457,453753
976797,453753
976625,453753
976618,453753
976819,453753
976808,453753
976713,453753
976528,453753
976524,453753
976684,453753
976761,453753
976634,453753
976584,453753
976656,453753
972476,453753
965481,453753
974578,453753
976409,453753
976351,453753
976280,453753
976681,453753
976434,453753
976624,453753
976731,453753
976563,453753
975628,453753
976393,453753
976424,453753
976582,453753
976753,453753
976586,453753
976369,453753
976355,453753
976557,453753
976572,453753
976638,453753
976659,453753
976682,453753
976835,453753
976708,453753
976374,453753
976785,453753
976736,453753
976769,453753
976804,453753
976641,453753
976672,453753
976729,453753
976779,453753
976724,453753
976533,453753
976706,453753
976701,453753
976648,453753
976639,453753
976636,453753
976735,453753
976610,453753
976638,453753
976344,453753
975268,453753
976436,453753
976606,453753
976297,453753
976458,453753
976425,453753
976479,453753
976464,453753
976613,453753
976731,453753
976638,453753
976573,453753
976727,453753
976616,453753
976247,453753
976289,453753
976664,453753
976511,453753
976479,453753
976671,453753
976661,453753
976622,453753
976713,453753
976508,453753
976502,453753
976745,453753
976784,453753
976530,453753
976270,453753
976818,453753
976857,453753
976838,453753
976780,453753
976563,453753
976362,453753
976829,453753
976622,453753
976630,453753
976726,453753
976748,453753
976745,453753
976682,453753
976699,453753
976659,453753
976628,453753
976728,453753
976500,453753
976522,453753
976260,453753
976495,453753
976524,453753
976391,453753
976585,453753
976805,453753
976572,453753
976639,453753
976520,453753
976452,453753
976506,453753
976720,453753
976620,453753
976667,453753
976682,453753
976661,453753
976833,453753
976817,453753
976786,453753
976679,453753
976761,453753
976611,453753
976727,453753
976778,453753
976724,453753
976674,453753
976735,453753
976821,453753
976646,453753
976437,453753
976404,453753
976387,453753
976594,453753
976616,453753
976279,453753
976722,453753
976500,453753
976554,453753
976545,453753
976556,453753
976488,453753
976662,453753
976571,453753
976619,453753
976632,453753
976657,453753
976746,453753
976681,453753
976614,453753
976835,453753
976767,453753
976775,453753
976733,453753
976572,453753
976670,453753
976836,453753
976812,453753
976704,453753
976812,453753
976734,453753
976617,453753
976277,453753
976637,453753
976371,453753
976673,453753
976638,453753
976730,453753
976705,453753
976554,453753
976650,453753
976737,453753
975892,453753
976298,453753
976461,453753
976666,453753
975887,453753
976677,453753
976644,453753
976771,453753
976888,453753
976757,453753
976816,453753
976776,453753
976633,453753
976754,453753
976480,453753
976521,453753
976838,453753
976702,453753
976735,453753
976615,453753
976715,453753
976736,453753
976801,453753
976604,453753
976670,453753
976746,453753
976459,453753
976352,453753
976794,453753
976671,453753
976755,453753
976563,453753
976627,453753
976691,453753
976631,453753
976090,453753
976191,453753
976540,453753
976646,453753
976720,453753
976758,453753
976661,453753
976704,453753
976705,453753
976786,453753
976756,453753
976450,453753
976174,453753
976690,453753
976752,453753
976567,453753
976474,453753
976816,453753
976808,453753
976839,453753
976710,453753
976552,453753
976414,453753
976411,453753
976793,453753
976661,453753
976556,453753
976066,453753
976149,453753
975983,453753
976748,453753
976599,453753
976779,453753
976264,453753
976660,453753
976720,453753
976732,453753
976756,453753
976822,453753
976713,453753
976788,453753
976680,453753
976671,453753
976477,453753
976529,453753
976844,453753
976883,453753
976893,453753
976741,453753
976786,453753
976730,453753
976570,453753
976680,453753
976675,453753
976643,453753
976595,453753
976529,453753
976653,453753
976467,453753
976426,453753
976544,453753
976574,453753
976250,453753
976632,453753
976733,453753
976717,453753
976653,453753
976690,453753
976769,453753
976712,453753
976783,453753
976704,453753
976764,453753
976749,453753
976684,453753
976797,453753
976808,453753
976697,453753
976651,453753
976502,453753
975798,453753
976588,453753
976547,453753
976624,453753
976379,453753
975831,453753
976491,453753
976715,453753
976553,453753
976089,453753
976348,453753
976375,453753
975785,453753
976513,453753
976676,453753
976706,453753
976547,453753
976798,453753
975650,453753
976257,453753
976557,453753
976554,453753
976797,453753
976563,453753
976790,453753
976809,453753
976787,453753
976749,453753
976683,453753
976771,453753
976622,453753
976587,453753
976545,453753
976222,453753
976029,453753
976631,453753
976709,453753
976660,453753
976589,453753
976637,453753
976719,453753
976752,453753
976782,453753
976773,453753
976803,453753
976768,453753
976733,453753
976583,453753
976818,453753
976818,453753
976752,453753
976697,453753
976745,453753
976690,453753
976651,453753
976635,453753
976621,453753
976671,453753
976738,453753
976825,453753
976649,453753
976567,453753
976395,453753
976787,453753
976753,453753
976701,453753
976752,453753
976640,453753
976181,453753
976635,453753
976773,453753
976720,453753
976195,453753
976333,453753
976786,453753
976708,453753
976791,453753
976808,453546
