TRACE,NSNPS_JACKKNIFE
977472,453753
977473,453753
977345,453753
977390,453753
977287,453753
977404,453753
977280,453753
977200,453753
977298,453753
977243,453753
977287,453753
977056,453753
977465,453753
977273,453753
977381,453753
977332,453753
977213,453753
976810,453753
976892,453753
977185,453753
977340,453753
977383,453753
977279,453753
977373,453753
977416,453753
977313,453753
977110,453753
977113,453753
977246,453753
977267,453753
977277,453753
977238,453753
977214,453753
977231,453753
977307,453753
977285,453753
977249,453753
977224,453753
977309,453753
977352,453753
977356,453753
977374,453753
977282,453753
976957,453753
976991,453753
977220,453753
977314,453753
977314,453753
977399,453753
977417,453753
977417,453753
977041,453753
977124,453753
977192,453753
977018,453753
977262,453753
977248,453753
976910,453753
977162,453753
977102,453753
977333,453753
977398,453753
977419,453753
977374,453753
977232,453753
977343,453753
977316,453753
977164,453753
977247,453753
977186,453753
976780,453753
977306,453753
977333,453753
977451,453753
977423,453753
977375,453753
977472,453753
977406,453753
977443,453753
977372,453753
977098,453753
977299,453753
977400,453753
977481,453753
977487,453753
977391,453753
977460,453753
977490,453753
977375,453753
977376,453753
977147,453753
977061,453753
977355,453753
975954,453753
977356,453753
977221,453753
977322,453753
977327,453753
977306,453753
977414,453753
977099,453753
977227,453753
977196,453753
976963,453753
977108,453753
977113,453753
977353,453753
977324,453753
977323,453753
977336,453753
977338,453753
977230,453753
977101,453753
976940,453753
976965,453753
977050,453753
977309,453753
977289,453753
977194,453753
977070,453753
977181,453753
977452,453753
977262,453753
977298,453753
977356,453753
977250,453753
977165,453753
977210,453753
977178,453753
977270,453753
977147,453753
977276,453753
977202,453753
977328,453753
977086,453753
977311,453753
977344,453753
977352,453753
977081,453753
977351,453753
976804,453753
976685,453753
977221,453753
977184,453753
977142,453753
977087,453753
977212,453753
977200,453753
977283,453753
977319,453753
977327,453753
977365,453753
977395,453753
977321,453753
977345,453753
977308,453753
977336,453753
977412,453753
977430,453753
977336,453753
977256,453753
977296,453753
977382,453753
977505,453753
977486,453753
977447,453753
977397,453753
977374,453753
977375,453753
977303,453753
977191,453753
977347,453753
977356,453753
977336,453753
977388,453753
977327,453753
977329,453753
977207,453753
977127,453753
977216,453753
977152,453753
975719,453753
976076,453753
977307,453753
977207,453753
977449,453753
977341,453753
977413,453753
977406,453753
977350,453753
977478,453753
977445,453753
977076,453753
976675,453753
976727,453753
976510,453753
976813,453753
977110,453753
977328,453753
977267,453753
977178,453753
977385,453753
977338,453753
976967,453753
977265,453753
977265,453753
977230,453753
977308,453753
977163,453753
977085,453753
977293,453753
977313,453753
977350,453753
977389,453753
977119,453753
977199,453753
976682,453753
976730,453753
976992,453753
976743,453753
977436,453753
977407,453753
977359,453753
977367,453753
977184,453753
977393,453753
977440,453753
977389,453753
977470,453753
977417,453753
977272,453753
977043,453753
977048,453753
977466,453753
977486,453753
977434,453753
977249,453753
977297,453753
977064,453753
977320,453753
977121,453753
977401,453753
977479,453753
977349,453753
977343,453753
977325,453753
977262,453753
977320,453753
977381,453753
977065,453753
976914,453753
977304,453753
977271,453753
977130,453753
977246,453753
977164,453753
977180,453753
977274,453753
977020,453753
977246,453753
977408,453753
977150,453753
976621,453753
977184,453753
977238,453753
977165,453753
977140,453753
976618,453753
977372,453753
977250,453753
977223,453753
976807,453753
977255,453753
977185,453753
977121,453753
977056,453753
977357,453753
977378,453753
977206,453753
976947,453753
977239,453753
977165,453753
977328,453753
977301,453753
977161,453753
977349,453753
977360,453753
977245,453753
977304,453753
977395,453753
977446,453753
977468,453753
977457,453753
977398,453753
977453,453753
977423,453753
977315,453753
977299,453753
977451,453753
977378,453753
977462,453753
977361,453753
977539,453753
977328,453753
977413,453753
977390,453753
977300,453753
977364,453753
977238,453753
977452,453753
977420,453753
977313,453753
977012,453753
976509,453753
976259,453753
977083,453753
977295,453753
977014,453753
977181,453753
977233,453753
977311,453753
977322,453753
977288,453753
977307,453753
977201,453753
977065,453753
977157,453753
977218,453753
977202,453753
977095,453753
976480,453753
977245,453753
977298,453753
977346,453753
977247,453753
977318,453753
977115,453753
977305,453753
977336,453753
977087,453753
976999,453753
977253,453753
976603,453753
976579,453753
977310,453753
977081,453753
977362,453753
977195,453753
977215,453753
976117,453753
977346,453753
977313,453753
977374,453753
977517,453753
977510,453753
977458,453753
977462,453753
977484,453753
977353,453753
977362,453753
977404,453753
977490,453753
977390,453753
977440,453753
977255,453753
977403,453753
977286,453753
977391,453753
977246,453753
977371,453753
977306,453753
977297,453753
977274,453753
977311,453753
977266,453753
977335,453753
977092,453753
976598,453753
977066,453753
977043,453753
976147,453753
976796,453753
977035,453753
977241,453753
977154,453753
976937,453753
976912,453753
976894,453753
977146,453753
977262,453753
977237,453753
977102,453753
977178,453753
977313,453753
977232,453753
977145,453753
977074,453753
976742,453753
977010,453753
977321,453753
977259,453753
977350,453753
977315,453753
977290,453753
977448,453753
976449,453753
977194,453753
977229,453753
977232,453753
977359,453753
977361,453753
977386,453753
977306,453753
977410,453753
977460,453753
977441,453753
977394,453753
977325,453753
977073,453753
977179,453753
977242,453753
977345,453753
977351,453753
977235,453753
977400,453753
977321,453753
977361,453753
977329,453753
977102,453753
977237,453753
977296,453753
977392,453753
976914,453753
977298,453753
977330,453753
977325,453753
977353,453753
977280,453753
977265,453753
977172,453753
977183,453753
976914,453753
975785,453753
977134,453753
977242,453753
977352,453753
977456,453753
977397,453753
977150,453753
977009,453753
977263,453753
977332,453753
976963,453753
977048,453753
977425,453753
977245,453753
977334,453753
977307,453753
977123,453753
977022,453753
977027,453753
977182,453753
977411,453753
977185,453753
977490,453753
977427,453753
977279,453753
977308,453753
977398,453753
977260,453753
977502,453753
977479,453753
977396,453753
977169,453753
977100,453753
977252,453753
977198,453753
977320,453753
977389,453753
976826,453753
975545,453753
976051,453753
977274,453753
977305,453753
977353,453753
977306,453753
977279,453753
977009,453753
977363,453753
977345,453753
977374,453753
977102,453753
977240,453753
977240,453753
976465,453753
977053,453753
977279,453753
977203,453753
977283,453753
977200,453753
977240,453753
977413,453753
977416,453753
977283,453753
977090,453753
977276,453753
977139,453753
977192,453753
977319,453753
977445,453753
977220,453753
977218,453753
977221,453753
976867,453753
976978,453753
977343,453753
977353,453753
977410,453753
977426,453753
977448,453753
977261,453753
977362,453753
977401,453753
977393,453753
977452,453753
977417,453753
977352,453753
977287,453753
977428,453753
977421,453753
977369,453753
977426,453753
977413,453753
977409,453753
977339,453753
977200,453753
977410,453753
977221,453753
977406,453753
977022,453753
977247,453753
976889,453753
976573,453753
977319,453753
977153,453753
977283,453753
977387,453753
977321,453753
977264,453753
977373,453753
977338,453753
977413,453753
977364,453753
977166,453753
976952,453753
977242,453753
977203,453753
977231,453753
977407,453753
977328,453753
977123,453753
977330,453753
977231,453753
977376,453753
977273,453753
977167,453753
977378,453753
977383,453753
977468,453753
977356,453753
977466,453753
977231,453753
977208,453753
977405,453753
977423,453753
977346,453753
977327,453753
977381,453753
977397,453753
977359,453753
977313,453753
977390,453753
977058,453753
977146,453753
977306,453753
977342,453753
977372,453753
977131,453753
976890,453753
976529,453753
977180,453753
977287,453753
977338,453753
977095,453753
977262,453753
977108,453753
977241,453753
977226,453753
977320,453753
977183,453753
975756,453753
977334,453753
977393,453753
977263,453753
977306,453753
977153,453753
977178,453753
977255,453753
977187,453753
976872,453753
977261,453753
977277,453753
977408,453753
977311,453753
977450,453753
977340,453753
977341,453753
977372,453753
977411,453753
977348,453753
977512,453753
977342,453753
977222,453753
976353,453753
977357,453753
976933,453753
976727,453753
977139,453753
977146,453753
977444,453753
977275,453753
977296,453753
977508,453753
977460,453753
977398,453753
977146,453753
977187,453753
977356,453753
977397,453753
977274,453753
977228,453753
977324,453753
973276,453753
966264,453753
975106,453753
977098,453753
977042,453753
977000,453753
977374,453753
977101,453753
977259,453753
977412,453753
977225,453753
976340,453753
977023,453753
977042,453753
977278,453753
977406,453753
977214,453753
977153,453753
977044,453753
977215,453753
977273,453753
977345,453753
977339,453753
977364,453753
977476,453753
977396,453753
977080,453753
977475,453753
977427,453753
977439,453753
977465,453753
977333,453753
977363,453753
977397,453753
977434,453753
977435,453753
977189,453753
977404,453753
977349,453753
977317,453753
977278,453753
977329,453753
977407,453753
977268,453753
977262,453753
976976,453753
976055,453753
977103,453753
977281,453753
976951,453753
977089,453753
977184,453753
977129,453753
977157,453753
977314,453753
977378,453753
977301,453753
977270,453753
977392,453753
977230,453753
976904,453753
976979,453753
977285,453753
977252,453753
977152,453753
977349,453753
977319,453753
977292,453753
977436,453753
977164,453753
977116,453753
977419,453753
977427,453753
977134,453753
976935,453753
977488,453753
977524,453753
977475,453753
977489,453753
977203,453753
977062,453753
977494,453753
977293,453753
977308,453753
977423,453753
977431,453753
977423,453753
977359,453753
977378,453753
977298,453753
977336,453753
977393,453753
977201,453753
977196,453753
976907,453753
977174,453753
977125,453753
977019,453753
977215,453753
977454,453753
977270,453753
977312,453753
977193,453753
977092,453753
977183,453753
977357,453753
977280,453753
977317,453753
977371,453753
977354,453753
977531,453753
977484,453753
977429,453753
977301,453753
977374,453753
977268,453753
977401,453753
977469,453753
977412,453753
977388,453753
977381,453753
977475,453753
977302,453753
977140,453753
977070,453753
977062,453753
977242,453753
977334,453753
976800,453753
977394,453753
977194,453753
977258,453753
977238,453753
977135,453753
977074,453753
977336,453753
977229,453753
977265,453753
977283,453753
977292,453753
977397,453753
977397,453753
977231,453753
977461,453753
977436,453753
977441,453753
977391,453753
977139,453753
977314,453753
977538,453753
977483,453753
977363,453753
977519,453753
977425,453753
977326,453753
976994,453753
977333,453753
976972,453753
977317,453753
977308,453753
977396,453753
977329,453753
977183,453753
977318,453753
977425,453753
976679,453753
976995,453753
977114,453753
977341,453753
976638,453753
977305,453753
977286,453753
977430,453753
977545,453753
977434,453753
977510,453753
977474,453753
977327,453753
977447,453753
977117,453753
977234,453753
977516,453753
977380,453753
977375,453753
977309,453753
977372,453753
977415,453753
977495,453753
977330,453753
977358,453753
977434,453753
977160,453753
977059,453753
977475,453753
977355,453753
977411,453753
977286,453753
977314,453753
977343,453753
977274,453753
976643,453753
976866,453753
977170,453753
977296,453753
977410,453753
977416,453753
977315,453753
977384,453753
977423,453753
977432,453753
977433,453753
977186,453753
976949,453753
977379,453753
977434,453753
977211,453753
977155,453753
977481,453753
977501,453753
977494,453753
977421,453753
977164,453753
977045,453753
977086,453753
977472,453753
977355,453753
977221,453753
976847,453753
976921,453753
976459,453753
977358,453753
977281,453753
977498,453753
977040,453753
977307,453753
977410,453753
977422,453753
977408,453753
977437,453753
977386,453753
977469,453753
977385,453753
977353,453753
977156,453753
977277,453753
977529,453753
977562,453753
977551,453753
977412,453753
977464,453753
977401,453753
977243,453753
977342,453753
977351,453753
977313,453753
977274,453753
977234,453753
977319,453753
977141,453753
977207,453753
977319,453753
977234,453753
977022,453753
977322,453753
977399,453753
977404,453753
977301,453753
977352,453753
977418,453753
977401,453753
977486,453753
977349,453753
977440,453753
977419,453753
977365,453753
977416,453753
977497,453753
977360,453753
977376,453753
977092,453753
976233,453753
977223,453753
977253,453753
977307,453753
976951,453753
976482,453753
977090,453753
977322,453753
977281,453753
976811,453753
977040,453753
977065,453753
976513,453753
977217,453753
977370,453753
977377,453753
977242,453753
977498,453753
976350,453753
976954,453753
977168,453753
977215,453753
977446,453753
977245,453753
977468,453753
977464,453753
977481,453753
977414,453753
977363,453753
977431,453753
977319,453753
977250,453753
977168,453753
976876,453753
976720,453753
977333,453753
977408,453753
977410,453753
977238,453753
977299,453753
977416,453753
977433,453753
977458,453753
977486,453753
977491,453753
977461,453753
977409,453753
977209,453753
977532,453753
977500,453753
977465,453753
977391,453753
977468,453753
977384,453753
977290,453753
977265,453753
977338,453753
977332,453753
977419,453753
977460,453753
977351,453753
977211,453753
977086,453753
977425,453753
977416,453753
977355,453753
977478,453753
977350,453753
976839,453753
977294,453753
977426,453753
977375,453753
976820,453753
977015,453753
977449,453753
977404,453753
977434,453753
977576,453546
