TRACE,NSNPS_JACKKNIFE
978200,453753
978209,453753
978091,453753
978118,453753
978036,453753
978137,453753
977969,453753
978024,453753
978046,453753
977982,453753
978065,453753
977870,453753
978162,453753
978023,453753
978116,453753
978093,453753
977962,453753
977546,453753
977600,453753
977844,453753
978096,453753
978148,453753
978022,453753
978069,453753
978125,453753
978094,453753
977857,453753
977849,453753
977998,453753
978017,453753
978004,453753
977990,453753
978001,453753
977961,453753
978065,453753
978030,453753
977965,453753
977937,453753
978039,453753
978069,453753
978132,453753
978070,453753
978028,453753
977659,453753
977706,453753
977952,453753
978013,453753
978092,453753
978178,453753
978117,453753
978143,453753
977760,453753
977901,453753
977979,453753
977843,453753
978000,453753
978005,453753
977648,453753
977857,453753
977838,453753
978005,453753
978167,453753
978132,453753
978065,453753
978010,453753
978057,453753
978014,453753
977939,453753
977985,453753
977892,453753
977576,453753
978086,453753
978110,453753
978209,453753
978154,453753
978124,453753
978217,453753
978086,453753
978192,453753
978064,453753
977826,453753
978082,453753
978184,453753
978215,453753
978197,453753
978151,453753
978163,453753
978205,453753
978104,453753
978068,453753
977757,453753
977755,453753
978126,453753
976697,453753
978032,453753
977926,453753
978037,453753
977980,453753
978043,453753
978145,453753
977882,453753
977940,453753
977879,453753
977745,453753
977779,453753
977793,453753
978072,453753
978038,453753
978052,453753
978045,453753
978060,453753
978011,453753
977937,453753
977688,453753
977697,453753
977695,453753
978019,453753
977965,453753
977932,453753
977754,453753
977894,453753
978156,453753
977897,453753
977957,453753
978105,453753
977974,453753
977968,453753
977951,453753
977852,453753
977982,453753
977923,453753
978024,453753
977991,453753
978054,453753
977906,453753
978028,453753
978110,453753
978100,453753
977806,453753
978026,453753
977508,453753
977423,453753
977963,453753
977848,453753
977846,453753
977743,453753
977937,453753
977954,453753
978010,453753
978064,453753
978046,453753
978108,453753
978134,453753
978094,453753
978040,453753
978036,453753
978087,453753
978090,453753
978152,453753
978003,453753
977907,453753
977999,453753
978142,453753
978242,453753
978186,453753
978182,453753
978115,453753
978107,453753
978102,453753
978029,453753
977910,453753
978033,453753
978063,453753
978017,453753
978110,453753
978046,453753
978067,453753
977939,453753
977920,453753
977993,453753
977867,453753
976599,453753
976713,453753
977997,453753
977855,453753
978177,453753
978094,453753
978141,453753
978101,453753
978029,453753
978194,453753
978182,453753
977792,453753
977348,453753
977390,453753
977295,453753
977516,453753
977805,453753
978043,453753
977943,453753
977951,453753
978111,453753
978055,453753
977750,453753
978022,453753
977997,453753
977968,453753
978078,453753
977948,453753
977716,453753
977984,453753
978041,453753
978104,453753
978136,453753
977923,453753
977914,453753
977385,453753
977470,453753
977692,453753
977484,453753
978199,453753
978159,453753
978061,453753
978050,453753
977891,453753
978130,453753
978198,453753
978131,453753
978148,453753
978171,453753
978014,453753
977773,453753
977785,453753
978201,453753
978197,453753
978205,453753
977976,453753
977996,453753
977800,453753
978065,453753
977924,453753
978124,453753
978218,453753
978106,453753
978062,453753
978009,453753
978028,453753
978029,453753
978089,453753
977780,453753
977710,453753
978059,453753
978024,453753
977880,453753
977922,453753
977833,453753
977926,453753
977976,453753
977574,453753
977978,453753
978130,453753
977870,453753
977301,453753
977954,453753
977977,453753
977911,453753
977893,453753
977184,453753
978085,453753
978048,453753
977950,453753
977479,453753
977986,453753
977937,453753
977909,453753
977834,453753
978092,453753
978098,453753
977984,453753
977678,453753
977995,453753
977936,453753
978073,453753
978024,453753
977924,453753
978072,453753
978112,453753
977978,453753
978056,453753
978162,453753
978179,453753
978146,453753
978169,453753
978088,453753
978210,453753
978104,453753
978042,453753
978053,453753
978219,453753
978147,453753
978153,453753
978115,453753
978237,453753
978052,453753
978115,453753
978168,453753
978046,453753
978106,453753
978023,453753
978169,453753
978160,453753
978024,453753
977806,453753
977370,453753
977042,453753
977902,453753
978030,453753
977813,453753
977905,453753
977962,453753
978053,453753
978124,453753
977980,453753
978031,453753
977949,453753
977868,453753
977909,453753
977962,453753
977985,453753
977868,453753
977355,453753
977957,453753
977999,453753
978056,453753
977994,453753
978091,453753
977832,453753
978015,453753
978083,453753
977838,453753
977721,453753
977979,453753
977350,453753
977205,453753
978011,453753
977856,453753
978078,453753
977874,453753
977917,453753
976916,453753
978045,453753
978028,453753
978022,453753
978237,453753
978242,453753
978183,453753
978189,453753
978215,453753
978082,453753
978087,453753
978126,453753
978176,453753
978131,453753
978159,453753
978040,453753
978137,453753
978062,453753
978124,453753
978014,453753
978107,453753
978116,453753
977977,453753
978004,453753
978070,453753
977964,453753
978057,453753
977788,453753
977340,453753
977783,453753
977717,453753
976908,453753
977512,453753
977767,453753
977971,453753
977833,453753
977648,453753
977582,453753
977543,453753
977849,453753
978091,453753
977970,453753
977810,453753
977843,453753
977999,453753
977911,453753
977830,453753
977807,453753
977565,453753
977676,453753
978027,453753
978039,453753
978059,453753
978125,453753
978063,453753
978213,453753
977229,453753
977940,453753
977939,453753
977953,453753
978078,453753
978099,453753
978144,453753
978036,453753
978155,453753
978185,453753
978146,453753
978137,453753
978059,453753
977800,453753
977898,453753
977964,453753
978070,453753
978152,453753
977936,453753
978131,453753
978059,453753
978109,453753
978106,453753
977841,453753
978041,453753
978015,453753
978123,453753
977441,453753
978009,453753
978037,453753
978061,453753
978066,453753
978001,453753
977953,453753
977899,453753
977872,453753
977688,453753
976838,453753
977878,453753
977978,453753
978089,453753
978160,453753
978147,453753
977872,453753
977794,453753
977993,453753
978056,453753
977752,453753
977769,453753
978127,453753
978027,453753
978075,453753
978011,453753
977838,453753
977807,453753
977865,453753
977968,453753
978146,453753
977925,453753
978189,453753
978160,453753
977984,453753
978074,453753
978155,453753
977991,453753
978235,453753
978219,453753
978120,453753
977907,453753
977846,453753
978013,453753
977986,453753
978078,453753
978150,453753
977366,453753
975700,453753
976196,453753
977963,453753
978089,453753
978128,453753
977961,453753
978041,453753
977761,453753
978076,453753
978074,453753
978100,453753
977856,453753
978018,453753
978016,453753
977173,453753
977792,453753
978072,453753
977938,453753
978033,453753
977943,453753
977965,453753
978159,453753
978149,453753
977978,453753
977857,453753
977961,453753
977788,453753
977876,453753
977964,453753
978138,453753
977997,453753
978003,453753
977951,453753
977738,453753
977740,453753
978116,453753
978088,453753
978142,453753
978147,453753
978215,453753
978005,453753
978092,453753
978108,453753
978103,453753
978146,453753
978136,453753
978076,453753
978001,453753
978162,453753
978185,453753
978029,453753
978157,453753
978194,453753
978156,453753
978077,453753
977958,453753
978142,453753
977904,453753
978167,453753
977778,453753
977935,453753
977604,453753
977399,453753
978083,453753
977899,453753
978017,453753
978158,453753
978012,453753
978069,453753
978125,453753
978058,453753
978143,453753
978056,453753
977855,453753
977746,453753
977983,453753
977970,453753
977959,453753
978103,453753
978047,453753
977814,453753
978117,453753
977974,453753
978138,453753
978001,453753
977910,453753
978089,453753
978041,453753
978192,453753
978082,453753
978219,453753
977926,453753
978000,453753
978145,453753
978149,453753
978153,453753
978085,453753
978104,453753
978095,453753
978064,453753
978155,453753
978146,453753
977921,453753
977975,453753
978058,453753
978020,453753
978149,453753
977985,453753
977636,453753
977248,453753
977861,453753
978011,453753
978112,453753
977861,453753
977968,453753
977865,453753
977992,453753
978004,453753
978088,453753
977955,453753
976623,453753
978108,453753
978116,453753
977937,453753
978070,453753
977862,453753
977916,453753
977980,453753
977814,453753
977610,453753
978014,453753
978011,453753
978105,453753
978104,453753
978178,453753
978039,453753
978100,453753
978001,453753
978137,453753
978072,453753
978219,453753
978054,453753
977970,453753
977259,453753
978163,453753
977676,453753
977427,453753
977860,453753
977922,453753
978172,453753
977975,453753
978084,453753
978241,453753
978210,453753
978124,453753
977939,453753
977910,453753
978052,453753
978147,453753
977973,453753
977967,453753
978047,453753
974276,453753
968403,453753
976245,453753
977885,453753
977782,453753
977670,453753
978125,453753
977881,453753
978005,453753
978146,453753
977918,453753
977095,453753
977734,453753
977786,453753
978052,453753
978138,453753
977957,453753
977806,453753
977779,453753
977931,453753
977960,453753
978055,453753
978087,453753
978081,453753
978244,453753
978045,453753
977829,453753
978202,453753
978161,453753
978195,453753
978220,453753
978060,453753
978098,453753
978145,453753
978187,453753
978161,453753
977946,453753
978099,453753
978047,453753
978050,453753
978016,453753
978057,453753
978142,453753
978022,453753
978005,453753
977680,453753
976750,453753
977834,453753
978008,453753
977693,453753
977840,453753
977967,453753
977914,453753
977913,453753
978025,453753
978084,453753
978068,453753
977934,453753
978097,453753
978027,453753
977680,453753
977713,453753
978118,453753
977987,453753
977863,453753
978041,453753
978036,453753
978048,453753
978086,453753
977911,453753
977935,453753
978155,453753
978220,453753
977935,453753
977614,453753
978173,453753
978260,453753
978208,453753
978220,453753
978014,453753
977873,453753
978200,453753
978012,453753
978018,453753
978178,453753
978192,453753
978139,453753
978084,453753
978065,453753
978059,453753
978048,453753
978144,453753
977878,453753
977881,453753
977621,453753
977897,453753
977965,453753
977864,453753
977984,453753
978214,453753
978004,453753
977996,453753
977918,453753
977797,453753
977908,453753
978078,453753
978004,453753
978084,453753
978081,453753
978125,453753
978274,453753
978214,453753
978200,453753
978054,453753
978153,453753
978011,453753
978177,453753
978193,453753
978160,453753
978100,453753
978175,453753
978252,453753
978081,453753
977931,453753
977832,453753
977774,453753
978001,453753
978008,453753
977501,453753
978096,453753
977912,453753
977960,453753
977966,453753
977912,453753
977902,453753
978033,453753
977916,453753
978004,453753
978023,453753
978098,453753
978132,453753
978098,453753
977996,453753
978225,453753
978168,453753
978168,453753
978106,453753
977940,453753
978120,453753
978276,453753
978210,453753
978116,453753
978255,453753
978198,453753
978026,453753
977626,453753
978058,453753
977743,453753
978067,453753
978020,453753
978165,453753
978023,453753
977914,453753
978035,453753
978126,453753
977420,453753
977769,453753
977846,453753
978058,453753
977377,453753
978040,453753
978061,453753
978152,453753
978268,453753
978161,453753
978243,453753
978178,453753
978054,453753
978177,453753
977892,453753
977952,453753
978238,453753
978133,453753
978119,453753
978104,453753
978145,453753
978124,453753
978196,453753
978048,453753
978047,453753
978142,453753
977895,453753
977852,453753
978179,453753
978150,453753
978165,453753
978016,453753
978015,453753
978055,453753
978017,453753
977478,453753
977584,453753
977908,453753
978027,453753
978121,453753
978191,453753
978063,453753
978101,453753
978087,453753
978187,453753
978208,453753
977921,453753
977664,453753
978119,453753
978161,453753
977981,453753
977840,453753
978222,453753
978213,453753
978239,453753
978097,453753
977935,453753
977830,453753
977879,453753
978199,453753
978093,453753
977926,453753
977626,453753
977654,453753
977101,453753
978146,453753
978029,453753
978225,453753
977654,453753
978042,453753
978157,453753
978156,453753
978167,453753
978220,453753
978145,453753
978169,453753
978094,453753
978075,453753
977878,453753
977975,453753
978252,453753
978263,453753
978288,453753
978172,453753
978200,453753
978145,453753
977969,453753
978082,453753
978077,453753
978056,453753
978056,453753
978005,453753
978022,453753
977846,453753
977894,453753
977998,453753
978004,453753
977721,453753
978041,453753
978152,453753
978162,453753
978044,453753
978027,453753
978148,453753
978120,453753
978209,453753
978123,453753
978175,453753
978141,453753
978107,453753
978195,453753
978229,453753
978139,453753
978053,453753
977864,453753
977048,453753
977990,453753
977990,453753
978087,453753
977829,453753
977296,453753
977893,453753
978105,453753
978006,453753
977501,453753
977757,453753
977906,453753
977269,453753
977944,453753
978124,453753
978179,453753
978004,453753
978201,453753
977021,453753
977616,453753
977918,453753
977966,453753
978186,453753
977935,453753
978202,453753
978237,453753
978204,453753
978133,453753
978046,453753
978181,453753
978076,453753
978003,453753
977884,453753
977465,453753
977496,453753
978031,453753
978072,453753
978091,453753
977983,453753
978042,453753
978096,453753
978133,453753
978180,453753
978194,453753
978212,453753
978223,453753
978113,453753
977926,453753
978245,453753
978209,453753
978161,453753
978095,453753
978205,453753
978130,453753
978070,453753
978040,453753
978032,453753
978043,453753
978133,453753
978196,453753
978102,453753
978011,453753
977829,453753
978185,453753
978133,453753
978099,453753
978195,453753
978086,453753
977563,453753
978010,453753
978173,453753
978092,453753
977624,453753
977736,453753
978234,453753
978166,453753
978164,453753
978227,453546
