TRACE,NSNPS_JACKKNIFE
982290,453753
982304,453753
982195,453753
982217,453753
982081,453753
982254,453753
982078,453753
982068,453753
982217,453753
982064,453753
982171,453753
981936,453753
982257,453753
982151,453753
982214,453753
982129,453753
982024,453753
981649,453753
981763,453753
981909,453753
982161,453753
982210,453753
982109,453753
982190,453753
982231,453753
982170,453753
981926,453753
981904,453753
982098,453753
982119,453753
982104,453753
982079,453753
982129,453753
982044,453753
982118,453753
982146,453753
982077,453753
982011,453753
982162,453753
982187,453753
982207,453753
982158,453753
982105,453753
981776,453753
981882,453753
982039,453753
982155,453753
982131,453753
982216,453753
982197,453753
982236,453753
981866,453753
981929,453753
982025,453753
981889,453753
982144,453753
982146,453753
981805,453753
981955,453753
981961,453753
982112,453753
982259,453753
982220,453753
982112,453753
982069,453753
982156,453753
982100,453753
981983,453753
982041,453753
981991,453753
981621,453753
982179,453753
982187,453753
982275,453753
982230,453753
982204,453753
982295,453753
982215,453753
982273,453753
982135,453753
981958,453753
982163,453753
982252,453753
982333,453753
982289,453753
982244,453753
982262,453753
982302,453753
982186,453753
982178,453753
981915,453753
981823,453753
982205,453753
981021,453753
982114,453753
981978,453753
982127,453753
982130,453753
982098,453753
982197,453753
982020,453753
982041,453753
981906,453753
981839,453753
981931,453753
982006,453753
982176,453753
982165,453753
982174,453753
982123,453753
982184,453753
982073,453753
981963,453753
981835,453753
981799,453753
981923,453753
982120,453753
982144,453753
982026,453753
981903,453753
981952,453753
982274,453753
981978,453753
982125,453753
982199,453753
982110,453753
982007,453753
982069,453753
981973,453753
982091,453753
981974,453753
982103,453753
982059,453753
982131,453753
981935,453753
982116,453753
982208,453753
982217,453753
981912,453753
982125,453753
981630,453753
981522,453753
982026,453753
981942,453753
981950,453753
981882,453753
982073,453753
982086,453753
982131,453753
982136,453753
982194,453753
982220,453753
982214,453753
982152,453753
982199,453753
982169,453753
982244,453753
982169,453753
982223,453753
982094,453753
982083,453753
982094,453753
982228,453753
982328,453753
982314,453753
982262,453753
982209,453753
982229,453753
982221,453753
982128,453753
982035,453753
982158,453753
982193,453753
982107,453753
982195,453753
982132,453753
982172,453753
982080,453753
982001,453753
982023,453753
981919,453753
980813,453753
980891,453753
982095,453753
981988,453753
982278,453753
982229,453753
982235,453753
982267,453753
982165,453753
982311,453753
982263,453753
981835,453753
981419,453753
981432,453753
981184,453753
981611,453753
981835,453753
982145,453753
982039,453753
982001,453753
982209,453753
982139,453753
981837,453753
982082,453753
982129,453753
982016,453753
982139,453753
981962,453753
981846,453753
982057,453753
982156,453753
982191,453753
982162,453753
981924,453753
982016,453753
981560,453753
981585,453753
981820,453753
981688,453753
982265,453753
982245,453753
982168,453753
982186,453753
982036,453753
982213,453753
982264,453753
982209,453753
982271,453753
982255,453753
982083,453753
981802,453753
981934,453753
982290,453753
982319,453753
982269,453753
982057,453753
982044,453753
981863,453753
982161,453753
982042,453753
982220,453753
982304,453753
982158,453753
982134,453753
982086,453753
982127,453753
982130,453753
982164,453753
981884,453753
981850,453753
982157,453753
982108,453753
981957,453753
981996,453753
981988,453753
982125,453753
982059,453753
981705,453753
982065,453753
982224,453753
981967,453753
981292,453753
982003,453753
982047,453753
981952,453753
981993,453753
981276,453753
982141,453753
982149,453753
982082,453753
981671,453753
982045,453753
981999,453753
981933,453753
981932,453753
982192,453753
982166,453753
982052,453753
981750,453753
982069,453753
981980,453753
982174,453753
982115,453753
981989,453753
982167,453753
982214,453753
982075,453753
982125,453753
982220,453753
982266,453753
982305,453753
982281,453753
982252,453753
982275,453753
982216,453753
982163,453753
982107,453753
982322,453753
982215,453753
982272,453753
982173,453753
982318,453753
982162,453753
982204,453753
982233,453753
982162,453753
982199,453753
982083,453753
982242,453753
982232,453753
982126,453753
981876,453753
981397,453753
981037,453753
981919,453753
982122,453753
981909,453753
981984,453753
982047,453753
982098,453753
982199,453753
982100,453753
982155,453753
982067,453753
981923,453753
981984,453753
982047,453753
982054,453753
981897,453753
981387,453753
982005,453753
982125,453753
982158,453753
982102,453753
982187,453753
981982,453753
982128,453753
982193,453753
981883,453753
981825,453753
982078,453753
981432,453753
981390,453753
982053,453753
981941,453753
982203,453753
981946,453753
982074,453753
980887,453753
982122,453753
982156,453753
982147,453753
982299,453753
982326,453753
982266,453753
982301,453753
982280,453753
982201,453753
982188,453753
982237,453753
982299,453753
982182,453753
982242,453753
982082,453753
982251,453753
982141,453753
982231,453753
982045,453753
982167,453753
982193,453753
982067,453753
982075,453753
982112,453753
982056,453753
982130,453753
981898,453753
981440,453753
981860,453753
981874,453753
980992,453753
981574,453753
981873,453753
982012,453753
981869,453753
981751,453753
981763,453753
981691,453753
981989,453753
982126,453753
982054,453753
981883,453753
981920,453753
982075,453753
982016,453753
981939,453753
981944,453753
981572,453753
981767,453753
982116,453753
982094,453753
982125,453753
982208,453753
982138,453753
982286,453753
981342,453753
981999,453753
982003,453753
982039,453753
982196,453753
982193,453753
982192,453753
982108,453753
982207,453753
982290,453753
982225,453753
982224,453753
982142,453753
981915,453753
981962,453753
982121,453753
982116,453753
982166,453753
981977,453753
982244,453753
982174,453753
982233,453753
982184,453753
981927,453753
982090,453753
982114,453753
982221,453753
981662,453753
982159,453753
982162,453753
982132,453753
982158,453753
982024,453753
982059,453753
982028,453753
981970,453753
981777,453753
980865,453753
981965,453753
982099,453753
982184,453753
982239,453753
982235,453753
982012,453753
981898,453753
982080,453753
982177,453753
981823,453753
981853,453753
982243,453753
982139,453753
982150,453753
982089,453753
981975,453753
981893,453753
981891,453753
982072,453753
982262,453753
982031,453753
982273,453753
982229,453753
982127,453753
982104,453753
982235,453753
982072,453753
982304,453753
982293,453753
982245,453753
982046,453753
981942,453753
982031,453753
981981,453753
982188,453753
982194,453753
981474,453753
979935,453753
980477,453753
982136,453753
982168,453753
982175,453753
982073,453753
982136,453753
981885,453753
982169,453753
982164,453753
982197,453753
981979,453753
982114,453753
982080,453753
981308,453753
981845,453753
982092,453753
982067,453753
982136,453753
982074,453753
982037,453753
982214,453753
982221,453753
982104,453753
981982,453753
982039,453753
981917,453753
981918,453753
982116,453753
982252,453753
982059,453753
982069,453753
982003,453753
981770,453753
981788,453753
982152,453753
982192,453753
982204,453753
982258,453753
982257,453753
982096,453753
982208,453753
982214,453753
982197,453753
982214,453753
982213,453753
982114,453753
982113,453753
982272,453753
982271,453753
982142,453753
982215,453753
982261,453753
982204,453753
982152,453753
982009,453753
982228,453753
982083,453753
982288,453753
981847,453753
982043,453753
981766,453753
981544,453753
982187,453753
981968,453753
982117,453753
982223,453753
982110,453753
982109,453753
982231,453753
982186,453753
982267,453753
982187,453753
981915,453753
981793,453753
982101,453753
982047,453753
982109,453753
982204,453753
982083,453753
982023,453753
982137,453753
982053,453753
982225,453753
982157,453753
982050,453753
982189,453753
982141,453753
982267,453753
982230,453753
982302,453753
982081,453753
982074,453753
982234,453753
982245,453753
982189,453753
982157,453753
982166,453753
982245,453753
982177,453753
982186,453753
982223,453753
981930,453753
981961,453753
982114,453753
982161,453753
982221,453753
981982,453753
981705,453753
981304,453753
981973,453753
982131,453753
982165,453753
981927,453753
982109,453753
981890,453753
982003,453753
981979,453753
982182,453753
981998,453753
980694,453753
982178,453753
982225,453753
982027,453753
982141,453753
981915,453753
982007,453753
982098,453753
981970,453753
981641,453753
982111,453753
982050,453753
982213,453753
982218,453753
982283,453753
982108,453753
982145,453753
982163,453753
982224,453753
982152,453753
982332,453753
982179,453753
982057,453753
981254,453753
982233,453753
981788,453753
981559,453753
981963,453753
981918,453753
982264,453753
982075,453753
982148,453753
982339,453753
982258,453753
982220,453753
982022,453753
982063,453753
982154,453753
982225,453753
982099,453753
982049,453753
982101,453753
977391,453753
968616,453753
979986,453753
981948,453753
981857,453753
981833,453753
982173,453753
981972,453753
982105,453753
982241,453753
982021,453753
981007,453753
981854,453753
981928,453753
982101,453753
982218,453753
982062,453753
981913,453753
981952,453753
982049,453753
982089,453753
982121,453753
982182,453753
982203,453753
982312,453753
982237,453753
981826,453753
982309,453753
982230,453753
982272,453753
982289,453753
982094,453753
982167,453753
982238,453753
982300,453753
982240,453753
982037,453753
982221,453753
982211,453753
982139,453753
982095,453753
982132,453753
982224,453753
982096,453753
982091,453753
981792,453753
980856,453753
982007,453753
982064,453753
981792,453753
981905,453753
981923,453753
982031,453753
981975,453753
982118,453753
982235,453753
982150,453753
982067,453753
982198,453753
982107,453753
981781,453753
981817,453753
982167,453753
982064,453753
981938,453753
982179,453753
982151,453753
982150,453753
982201,453753
981943,453753
981944,453753
982228,453753
982259,453753
982001,453753
981751,453753
982296,453753
982344,453753
982308,453753
982290,453753
982084,453753
981956,453753
982330,453753
982079,453753
982115,453753
982241,453753
982258,453753
982271,453753
982154,453753
982186,453753
982151,453753
982146,453753
982215,453753
982012,453753
981977,453753
981772,453753
982015,453753
981981,453753
981921,453753
982065,453753
982261,453753
982107,453753
982148,453753
981997,453753
981956,453753
982029,453753
982219,453753
982130,453753
982186,453753
982195,453753
982179,453753
982356,453753
982291,453753
982262,453753
982162,453753
982239,453753
982106,453753
982234,453753
982291,453753
982208,453753
982188,453753
982232,453753
982310,453753
982123,453753
981928,453753
981900,453753
981906,453753
982036,453753
982137,453753
981709,453753
982210,453753
982050,453753
982033,453753
982021,453753
982009,453753
981958,453753
982155,453753
982027,453753
982139,453753
982171,453753
982156,453753
982253,453753
982193,453753
982107,453753
982304,453753
982287,453753
982264,453753
982209,453753
982042,453753
982150,453753
982338,453753
982305,453753
982184,453753
982316,453753
982237,453753
982123,453753
981846,453753
982127,453753
981846,453753
982125,453753
982147,453753
982239,453753
982177,453753
982003,453753
982153,453753
982240,453753
981604,453753
981822,453753
981961,453753
982162,453753
981302,453753
982181,453753
982147,453753
982280,453753
982358,453753
982270,453753
982331,453753
982270,453753
982129,453753
982272,453753
982015,453753
981987,453753
982317,453753
982258,453753
982242,453753
982158,453753
982228,453753
982232,453753
982315,453753
982064,453753
982204,453753
982296,453753
981905,453753
981930,453753
982267,453753
982123,453753
982249,453753
982109,453753
982120,453753
982202,453753
982128,453753
981524,453753
981639,453753
981977,453753
982049,453753
982216,453753
982282,453753
982162,453753
982206,453753
982198,453753
982290,453753
982245,453753
981994,453753
981719,453753
982190,453753
982247,453753
982115,453753
982017,453753
982276,453753
982327,453753
982354,453753
982232,453753
982013,453753
981936,453753
981903,453753
982280,453753
982129,453753
981948,453753
981531,453753
981754,453753
981191,453753
982227,453753
982095,453753
982330,453753
981826,453753
982112,453753
982207,453753
982224,453753
982268,453753
982304,453753
982224,453753
982255,453753
982170,453753
982239,453753
981998,453753
982141,453753
982363,453753
982361,453753
982367,453753
982240,453753
982293,453753
982176,453753
982089,453753
982169,453753
982175,453753
982142,453753
982109,453753
982076,453753
982140,453753
981843,453753
981985,453753
982102,453753
982025,453753
981864,453753
982116,453753
982235,453753
982224,453753
982153,453753
982172,453753
982277,453753
982179,453753
982306,453753
982152,453753
982239,453753
982233,453753
982185,453753
982258,453753
982294,453753
982224,453753
982155,453753
981991,453753
981166,453753
982141,453753
982048,453753
982175,453753
981835,453753
981368,453753
981999,453753
982216,453753
982100,453753
981560,453753
981822,453753
981909,453753
981272,453753
981967,453753
982198,453753
982230,453753
982086,453753
982292,453753
981050,453753
981654,453753
982049,453753
982044,453753
982308,453753
982011,453753
982283,453753
982300,453753
982279,453753
982250,453753
982119,453753
982259,453753
982206,453753
982028,453753
982035,453753
981748,453753
981500,453753
982086,453753
982178,453753
982206,453753
982032,453753
982115,453753
982234,453753
982220,453753
982275,453753
982278,453753
982313,453753
982284,453753
982212,453753
982024,453753
982333,453753
982318,453753
982239,453753
982198,453753
982277,453753
982173,453753
982081,453753
982098,453753
982131,453753
982137,453753
982209,453753
982313,453753
982164,453753
982079,453753
981850,453753
982246,453753
982244,453753
982209,453753
982284,453753
982189,453753
981620,453753
982112,453753
982261,453753
982175,453753
981669,453753
981836,453753
982288,453753
982236,453753
982270,453753
982374,453546
