TRACE,NSNPS_JACKKNIFE
976758,453753
976756,453753
976682,453753
976665,453753
976580,453753
976708,453753
976487,453753
976492,453753
976630,453753
976516,453753
976626,453753
976344,453753
976690,453753
976595,453753
976656,453753
976575,453753
976483,453753
976061,453753
976129,453753
976399,453753
976621,453753
976688,453753
976525,453753
976678,453753
976708,453753
976600,453753
976382,453753
976396,453753
976549,453753
976568,453753
976588,453753
976511,453753
976530,453753
976487,453753
976588,453753
976611,453753
976541,453753
976485,453753
976598,453753
976630,453753
976643,453753
976612,453753
976550,453753
976229,453753
976305,453753
976458,453753
976589,453753
976578,453753
976651,453753
976672,453753
976710,453753
976316,453753
976362,453753
976465,453753
976352,453753
976574,453753
976573,453753
976267,453753
976479,453753
976377,453753
976556,453753
976691,453753
976677,453753
976592,453753
976467,453753
976617,453753
976574,453753
976449,453753
976485,453753
976399,453753
976133,453753
976607,453753
976627,453753
976757,453753
976697,453753
976663,453753
976742,453753
976675,453753
976740,453753
976602,453753
976328,453753
976611,453753
976722,453753
976785,453753
976765,453753
976632,453753
976743,453753
976747,453753
976656,453753
976643,453753
976407,453753
976310,453753
976620,453753
975323,453753
976610,453753
976433,453753
976557,453753
976636,453753
976609,453753
976698,453753
976455,453753
976462,453753
976381,453753
976326,453753
976296,453753
976391,453753
976586,453753
976621,453753
976611,453753
976587,453753
976628,453753
976489,453753
976397,453753
976162,453753
976192,453753
976258,453753
976585,453753
976557,453753
976493,453753
976348,453753
976360,453753
976671,453753
976486,453753
976523,453753
976606,453753
976598,453753
976475,453753
976504,453753
976412,453753
976564,453753
976465,453753
976545,453753
976441,453753
976540,453753
976323,453753
976569,453753
976620,453753
976644,453753
976316,453753
976588,453753
976085,453753
975891,453753
976486,453753
976389,453753
976425,453753
976379,453753
976528,453753
976552,453753
976586,453753
976598,453753
976607,453753
976666,453753
976664,453753
976597,453753
976612,453753
976631,453753
976613,453753
976687,453753
976712,453753
976625,453753
976531,453753
976586,453753
976640,453753
976777,453753
976753,453753
976721,453753
976647,453753
976664,453753
976670,453753
976612,453753
976442,453753
976566,453753
976612,453753
976550,453753
976665,453753
976549,453753
976532,453753
976461,453753
976413,453753
976436,453753
976436,453753
975103,453753
975297,453753
976528,453753
976454,453753
976710,453753
976679,453753
976702,453753
976659,453753
976603,453753
976724,453753
976689,453753
976301,453753
975850,453753
975965,453753
975649,453753
976043,453753
976375,453753
976577,453753
976560,453753
976478,453753
976643,453753
976626,453753
976251,453753
976586,453753
976607,453753
976514,453753
976611,453753
976511,453753
976341,453753
976550,453753
976628,453753
976653,453753
976659,453753
976430,453753
976433,453753
976039,453753
976033,453753
976227,453753
976176,453753
976758,453753
976697,453753
976622,453753
976639,453753
976439,453753
976689,453753
976702,453753
976682,453753
976702,453753
976718,453753
976494,453753
976268,453753
976333,453753
976779,453753
976745,453753
976737,453753
976508,453753
976561,453753
976265,453753
976600,453753
976493,453753
976651,453753
976740,453753
976627,453753
976573,453753
976554,453753
976542,453753
976627,453753
976622,453753
976323,453753
976268,453753
976618,453753
976569,453753
976428,453753
976414,453753
976447,453753
976488,453753
976514,453753
976232,453753
976532,453753
976683,453753
976372,453753
975845,453753
976460,453753
976504,453753
976494,453753
976417,453753
975894,453753
976616,453753
976575,453753
976531,453753
976083,453753
976478,453753
976417,453753
976416,453753
976285,453753
976623,453753
976622,453753
976478,453753
976127,453753
976506,453753
976476,453753
976585,453753
976586,453753
976409,453753
976583,453753
976663,453753
976503,453753
976543,453753
976705,453753
976730,453753
976737,453753
976760,453753
976646,453753
976732,453753
976672,453753
976603,453753
976584,453753
976750,453753
976675,453753
976666,453753
976636,453753
976793,453753
976551,453753
976672,453753
976705,453753
976611,453753
976598,453753
976610,453753
976671,453753
976688,453753
976528,453753
976271,453753
975947,453753
975739,453753
976364,453753
976575,453753
976391,453753
976351,453753
976538,453753
976594,453753
976586,453753
976537,453753
976581,453753
976493,453753
976340,453753
976440,453753
976529,453753
976425,453753
976297,453753
975845,453753
976424,453753
976574,453753
976642,453753
976522,453753
976572,453753
976414,453753
976557,453753
976622,453753
976368,453753
976267,453753
976465,453753
975798,453753
975719,453753
976568,453753
976361,453753
976653,453753
976381,453753
976486,453753
975425,453753
976567,453753
976606,453753
976609,453753
976772,453753
976771,453753
976726,453753
976764,453753
976783,453753
976651,453753
976625,453753
976658,453753
976741,453753
976688,453753
976653,453753
976553,453753
976669,453753
976592,453753
976687,453753
976515,453753
976655,453753
976587,453753
976520,453753
976516,453753
976631,453753
976530,453753
976619,453753
976424,453753
975903,453753
976316,453753
976284,453753
975313,453753
976058,453753
976345,453753
976527,453753
976389,453753
976130,453753
976178,453753
976187,453753
976474,453753
976604,453753
976519,453753
976373,453753
976401,453753
976582,453753
976491,453753
976400,453753
976419,453753
976079,453753
976269,453753
976607,453753
976552,453753
976604,453753
976592,453753
976589,453753
976703,453753
975723,453753
976493,453753
976443,453753
976486,453753
976634,453753
976658,453753
976643,453753
976578,453753
976686,453753
976714,453753
976684,453753
976694,453753
976581,453753
976333,453753
976474,453753
976581,453753
976588,453753
976635,453753
976433,453753
976680,453753
976616,453753
976679,453753
976639,453753
976352,453753
976474,453753
976559,453753
976635,453753
976103,453753
976602,453753
976601,453753
976547,453753
976612,453753
976499,453753
976500,453753
976441,453753
976443,453753
976252,453753
975226,453753
976380,453753
976482,453753
976618,453753
976698,453753
976654,453753
976428,453753
976254,453753
976511,453753
976626,453753
976235,453753
976343,453753
976670,453753
976585,453753
976631,453753
976560,453753
976420,453753
976360,453753
976362,453753
976480,453753
976712,453753
976408,453753
976745,453753
976690,453753
976525,453753
976600,453753
976665,453753
976500,453753
976778,453753
976749,453753
976687,453753
976443,453753
976371,453753
976560,453753
976451,453753
976575,453753
976651,453753
976038,453753
974747,453753
975096,453753
976546,453753
976577,453753
976653,453753
976489,453753
976555,453753
976310,453753
976672,453753
976626,453753
976675,453753
976413,453753
976516,453753
976537,453753
975768,453753
976376,453753
976560,453753
976456,453753
976572,453753
976428,453753
976463,453753
976707,453753
976719,453753
976540,453753
976427,453753
976522,453753
976291,453753
976437,453753
976600,453753
976714,453753
976466,453753
976525,453753
976492,453753
976309,453753
976253,453753
976660,453753
976659,453753
976743,453753
976665,453753
976716,453753
976573,453753
976632,453753
976642,453753
976645,453753
976698,453753
976655,453753
976558,453753
976581,453753
976717,453753
976708,453753
976563,453753
976681,453753
976700,453753
976650,453753
976624,453753
976462,453753
976669,453753
976443,453753
976675,453753
976348,453753
976530,453753
976177,453753
975910,453753
976599,453753
976406,453753
976516,453753
976666,453753
976556,453753
976519,453753
976617,453753
976637,453753
976704,453753
976649,453753
976399,453753
976250,453753
976541,453753
976549,453753
976547,453753
976662,453753
976597,453753
976404,453753
976607,453753
976469,453753
976639,453753
976576,453753
976441,453753
976579,453753
976597,453753
976696,453753
976601,453753
976741,453753
976542,453753
976565,453753
976675,453753
976676,453753
976652,453753
976615,453753
976649,453753
976648,453753
976630,453753
976620,453753
976686,453753
976467,453753
976449,453753
976578,453753
976596,453753
976691,453753
976450,453753
976206,453753
975819,453753
976495,453753
976528,453753
976650,453753
976343,453753
976564,453753
976410,453753
976515,453753
976521,453753
976627,453753
976464,453753
974891,453753
976619,453753
976678,453753
976496,453753
976629,453753
976445,453753
976484,453753
976560,453753
976454,453753
976134,453753
976523,453753
976587,453753
976653,453753
976640,453753
976716,453753
976633,453753
976636,453753
976634,453753
976679,453753
976615,453753
976790,453753
976593,453753
976523,453753
975695,453753
976701,453753
976262,453753
975988,453753
976409,453753
976458,453753
976715,453753
976521,453753
976603,453753
976763,453753
976723,453753
976640,453753
976421,453753
976477,453753
976586,453753
976653,453753
976510,453753
976500,453753
976596,453753
972744,453753
966149,453753
974740,453753
976345,453753
976358,453753
976254,453753
976634,453753
976375,453753
976533,453753
976663,453753
976521,453753
975655,453753
976346,453753
976372,453753
976537,453753
976664,453753
976543,453753
976393,453753
976298,453753
976518,453753
976506,453753
976567,453753
976634,453753
976599,453753
976765,453753
976647,453753
976322,453753
976743,453753
976656,453753
976746,453753
976767,453753
976556,453753
976609,453753
976694,453753
976770,453753
976652,453753
976510,453753
976627,453753
976651,453753
976578,453753
976620,453753
976559,453753
976676,453753
976566,453753
976546,453753
976215,453753
975321,453753
976421,453753
976528,453753
976269,453753
976351,453753
976421,453753
976444,453753
976391,453753
976527,453753
976703,453753
976624,453753
976446,453753
976641,453753
976550,453753
976268,453753
976298,453753
976615,453753
976554,453753
976333,453753
976575,453753
976589,453753
976578,453753
976603,453753
976466,453753
976435,453753
976713,453753
976693,453753
976469,453753
976281,453753
976757,453753
976814,453753
976775,453753
976788,453753
976510,453753
976323,453753
976738,453753
976565,453753
976595,453753
976683,453753
976735,453753
976709,453753
976611,453753
976634,453753
976560,453753
976581,453753
976660,453753
976500,453753
976464,453753
976212,453753
976437,453753
976435,453753
976398,453753
976533,453753
976735,453753
976542,453753
976567,453753
976497,453753
976376,453753
976468,453753
976691,453753
976542,453753
976586,453753
976662,453753
976667,453753
976798,453753
976752,453753
976720,453753
976629,453753
976670,453753
976500,453753
976649,453753
976721,453753
976692,453753
976658,453753
976727,453753
976748,453753
976603,453753
976402,453753
976360,453753
976305,453753
976492,453753
976557,453753
976080,453753
976658,453753
976493,453753
976489,453753
976462,453753
976452,453753
976399,453753
976627,453753
976528,453753
976584,453753
976594,453753
976591,453753
976668,453753
976595,453753
976518,453753
976743,453753
976720,453753
976745,453753
976628,453753
976472,453753
976599,453753
976811,453753
976735,453753
976658,453753
976777,453753
976697,453753
976582,453753
976242,453753
976642,453753
976294,453753
976593,453753
976600,453753
976687,453753
976630,453753
976515,453753
976597,453753
976728,453753
975957,453753
976259,453753
976329,453753
976636,453753
975947,453753
976638,453753
976598,453753
976694,453753
976808,453753
976732,453753
976786,453753
976714,453753
976643,453753
976679,453753
976479,453753
976506,453753
976796,453753
976675,453753
976667,453753
976610,453753
976649,453753
976668,453753
976734,453753
976516,453753
976652,453753
976696,453753
976439,453753
976353,453753
976699,453753
976632,453753
976710,453753
976527,453753
976561,453753
976609,453753
976581,453753
975924,453753
976142,453753
976458,453753
976609,453753
976663,453753
976694,453753
976603,453753
976677,453753
976631,453753
976748,453753
976739,453753
976500,453753
976179,453753
976633,453753
976666,453753
976566,453753
976402,453753
976759,453753
976769,453753
976812,453753
976637,453753
976497,453753
976436,453753
976362,453753
976739,453753
976643,453753
976378,453753
976002,453753
976178,453753
975766,453753
976677,453753
976557,453753
976753,453753
976351,453753
976590,453753
976666,453753
976714,453753
976713,453753
976753,453753
976621,453753
976701,453753
976631,453753
976652,453753
976388,453753
976516,453753
976768,453753
976829,453753
976845,453753
976700,453753
976753,453753
976688,453753
976559,453753
976644,453753
976666,453753
976618,453753
976597,453753
976503,453753
976588,453753
976383,453753
976467,453753
976575,453753
976520,453753
976262,453753
976582,453753
976665,453753
976679,453753
976578,453753
976590,453753
976724,453753
976675,453753
976744,453753
976626,453753
976687,453753
976691,453753
976616,453753
976732,453753
976760,453753
976630,453753
976608,453753
976420,453753
975566,453753
976515,453753
976517,453753
976581,453753
976261,453753
975916,453753
976485,453753
976650,453753
976523,453753
976020,453753
976316,453753
976320,453753
975749,453753
976463,453753
976597,453753
976646,453753
976504,453753
976738,453753
975689,453753
976047,453753
976387,453753
976490,453753
976762,453753
976502,453753
976763,453753
976806,453753
976758,453753
976637,453753
976607,453753
976714,453753
976600,453753
976541,453753
976472,453753
976093,453753
975981,453753
976481,453753
976627,453753
976676,453753
976476,453753
976534,453753
976640,453753
976678,453753
976733,453753
976737,453753
976737,453753
976712,453753
976635,453753
976524,453753
976762,453753
976785,453753
976697,453753
976618,453753
976695,453753
976623,453753
976583,453753
976598,453753
976590,453753
976605,453753
976701,453753
976798,453753
976679,453753
976589,453753
976257,453753
976681,453753
976657,453753
976629,453753
976732,453753
976606,453753
976084,453753
976601,453753
976701,453753
976649,453753
976089,453753
976215,453753
976728,453753
976678,453753
976728,453753
976851,453546
