TRACE,NSNPS_JACKKNIFE
977773,453753
977767,453753
977653,453753
977701,453753
977608,453753
977696,453753
977508,453753
977535,453753
977634,453753
977567,453753
977626,453753
977380,453753
977735,453753
977558,453753
977724,453753
977633,453753
977539,453753
977149,453753
977200,453753
977445,453753
977695,453753
977724,453753
977580,453753
977682,453753
977702,453753
977635,453753
977407,453753
977423,453753
977585,453753
977568,453753
977557,453753
977548,453753
977518,453753
977540,453753
977640,453753
977609,453753
977548,453753
977522,453753
977645,453753
977697,453753
977667,453753
977658,453753
977533,453753
977270,453753
977363,453753
977485,453753
977590,453753
977637,453753
977717,453753
977713,453753
977734,453753
977257,453753
977388,453753
977543,453753
977392,453753
977637,453753
977608,453753
977264,453753
977438,453753
977394,453753
977632,453753
977703,453753
977698,453753
977599,453753
977555,453753
977657,453753
977614,453753
977525,453753
977550,453753
977474,453753
977103,453753
977599,453753
977616,453753
977747,453753
977714,453753
977717,453753
977788,453753
977682,453753
977785,453753
977611,453753
977312,453753
977616,453753
977729,453753
977798,453753
977811,453753
977709,453753
977742,453753
977787,453753
977703,453753
977629,453753
977431,453753
977373,453753
977699,453753
976463,453753
977640,453753
977506,453753
977643,453753
977652,453753
977611,453753
977692,453753
977402,453753
977513,453753
977363,453753
977320,453753
977344,453753
977413,453753
977652,453753
977625,453753
977608,453753
977601,453753
977671,453753
977559,453753
977432,453753
977295,453753
977305,453753
977359,453753
977596,453753
977575,453753
977494,453753
977413,453753
977443,453753
977727,453753
977491,453753
977592,453753
977627,453753
977587,453753
977450,453753
977571,453753
977409,453753
977580,453753
977388,453753
977554,453753
977514,453753
977570,453753
977448,453753
977596,453753
977647,453753
977698,453753
977411,453753
977594,453753
977183,453753
977030,453753
977509,453753
977421,453753
977374,453753
977287,453753
977560,453753
977506,453753
977598,453753
977641,453753
977648,453753
977687,453753
977668,453753
977598,453753
977624,453753
977648,453753
977656,453753
977678,453753
977761,453753
977633,453753
977600,453753
977594,453753
977660,453753
977785,453753
977781,453753
977785,453753
977707,453753
977701,453753
977692,453753
977597,453753
977457,453753
977596,453753
977647,453753
977603,453753
977706,453753
977567,453753
977623,453753
977537,453753
977472,453753
977521,453753
977455,453753
976199,453753
976376,453753
977537,453753
977430,453753
977727,453753
977747,453753
977771,453753
977704,453753
977600,453753
977774,453753
977720,453753
977373,453753
976948,453753
977007,453753
976822,453753
976996,453753
977384,453753
977611,453753
977567,453753
977502,453753
977684,453753
977605,453753
977262,453753
977602,453753
977569,453753
977494,453753
977616,453753
977478,453753
977348,453753
977538,453753
977645,453753
977688,453753
977680,453753
977432,453753
977535,453753
977048,453753
977069,453753
977314,453753
977094,453753
977756,453753
977705,453753
977642,453753
977693,453753
977463,453753
977689,453753
977719,453753
977698,453753
977755,453753
977747,453753
977540,453753
977292,453753
977396,453753
977791,453753
977741,453753
977701,453753
977552,453753
977572,453753
977274,453753
977616,453753
977461,453753
977676,453753
977767,453753
977637,453753
977648,453753
977603,453753
977566,453753
977658,453753
977654,453753
977351,453753
977299,453753
977589,453753
977571,453753
977410,453753
977479,453753
977477,453753
977471,453753
977575,453753
977206,453753
977591,453753
977707,453753
977430,453753
976819,453753
977461,453753
977535,453753
977456,453753
977477,453753
976822,453753
977648,453753
977615,453753
977504,453753
977125,453753
977471,453753
977450,453753
977445,453753
977376,453753
977640,453753
977616,453753
977442,453753
977209,453753
977588,453753
977502,453753
977669,453753
977596,453753
977461,453753
977646,453753
977726,453753
977576,453753
977599,453753
977715,453753
977757,453753
977754,453753
977745,453753
977699,453753
977719,453753
977688,453753
977564,453753
977593,453753
977752,453753
977738,453753
977732,453753
977670,453753
977832,453753
977627,453753
977730,453753
977724,453753
977644,453753
977658,453753
977578,453753
977725,453753
977711,453753
977563,453753
977322,453753
976858,453753
976600,453753
977386,453753
977551,453753
977359,453753
977441,453753
977519,453753
977616,453753
977688,453753
977592,453753
977600,453753
977499,453753
977367,453753
977509,453753
977559,453753
977561,453753
977435,453753
976714,453753
977502,453753
977569,453753
977639,453753
977540,453753
977646,453753
977392,453753
977600,453753
977666,453753
977420,453753
977174,453753
977531,453753
976911,453753
976910,453753
977578,453753
977452,453753
977636,453753
977473,453753
977485,453753
976354,453753
977597,453753
977611,453753
977637,453753
977792,453753
977786,453753
977724,453753
977763,453753
977760,453753
977649,453753
977659,453753
977698,453753
977772,453753
977687,453753
977726,453753
977580,453753
977731,453753
977631,453753
977719,453753
977510,453753
977656,453753
977659,453753
977563,453753
977549,453753
977609,453753
977551,453753
977587,453753
977456,453753
976962,453753
977382,453753
977338,453753
976462,453753
977120,453753
977365,453753
977583,453753
977372,453753
977167,453753
977251,453753
977237,453753
977474,453753
977620,453753
977531,453753
977353,453753
977401,453753
977572,453753
977497,453753
977387,453753
977402,453753
977141,453753
977310,453753
977589,453753
977573,453753
977602,453753
977643,453753
977598,453753
977739,453753
976999,453753
977532,453753
977549,453753
977547,453753
977646,453753
977664,453753
977694,453753
977581,453753
977685,453753
977762,453753
977703,453753
977665,453753
977614,453753
977334,453753
977412,453753
977555,453753
977611,453753
977665,453753
977493,453753
977687,453753
977655,453753
977674,453753
977641,453753
977385,453753
977518,453753
977525,453753
977690,453753
977097,453753
977550,453753
977612,453753
977577,453753
977650,453753
977556,453753
977555,453753
977509,453753
977439,453753
977239,453753
976240,453753
977448,453753
977550,453753
977646,453753
977743,453753
977705,453753
977424,453753
977397,453753
977528,453753
977669,453753
977259,453753
977362,453753
977707,453753
977609,453753
977645,453753
977554,453753
977420,453753
977340,453753
977380,453753
977516,453753
977705,453753
977499,453753
977765,453753
977730,453753
977541,453753
977609,453753
977711,453753
977576,453753
977782,453753
977778,453753
977705,453753
977492,453753
977402,453753
977504,453753
977520,453753
977628,453753
977705,453753
977001,453753
975712,453753
976172,453753
977579,453753
977596,453753
977667,453753
977549,453753
977599,453753
977356,453753
977645,453753
977627,453753
977641,453753
977413,453753
977585,453753
977581,453753
976866,453753
977346,453753
977592,453753
977575,453753
977596,453753
977478,453753
977530,453753
977708,453753
977698,453753
977580,453753
977474,453753
977604,453753
977375,453753
977481,453753
977565,453753
977755,453753
977541,453753
977523,453753
977476,453753
977256,453753
977343,453753
977653,453753
977653,453753
977667,453753
977744,453753
977728,453753
977546,453753
977663,453753
977661,453753
977646,453753
977687,453753
977680,453753
977585,453753
977581,453753
977725,453753
977748,453753
977598,453753
977718,453753
977715,453753
977684,453753
977635,453753
977413,453753
977698,453753
977507,453753
977734,453753
977244,453753
977566,453753
977140,453753
976931,453753
977617,453753
977462,453753
977579,453753
977722,453753
977576,453753
977557,453753
977678,453753
977642,453753
977703,453753
977664,453753
977413,453753
977338,453753
977579,453753
977488,453753
977547,453753
977652,453753
977546,453753
977393,453753
977623,453753
977556,453753
977691,453753
977575,453753
977483,453753
977641,453753
977653,453753
977743,453753
977716,453753
977820,453753
977544,453753
977562,453753
977652,453753
977734,453753
977683,453753
977660,453753
977638,453753
977687,453753
977640,453753
977637,453753
977670,453753
977448,453753
977520,453753
977617,453753
977655,453753
977721,453753
977526,453753
977223,453753
976750,453753
977475,453753
977563,453753
977652,453753
977339,453753
977568,453753
977400,453753
977518,453753
977458,453753
977656,453753
977524,453753
976103,453753
977642,453753
977681,453753
977493,453753
977603,453753
977416,453753
977475,453753
977583,453753
977442,453753
977117,453753
977538,453753
977575,453753
977706,453753
977639,453753
977759,453753
977603,453753
977637,453753
977649,453753
977743,453753
977645,453753
977802,453753
977614,453753
977499,453753
976663,453753
977700,453753
977258,453753
977035,453753
977401,453753
977420,453753
977731,453753
977582,453753
977612,453753
977770,453753
977729,453753
977664,453753
977501,453753
977459,453753
977603,453753
977726,453753
977552,453753
977586,453753
977629,453753
973191,453753
966898,453753
975487,453753
977345,453753
977366,453753
977326,453753
977634,453753
977386,453753
977580,453753
977717,453753
977533,453753
976578,453753
977279,453753
977347,453753
977557,453753
977692,453753
977582,453753
977414,453753
977433,453753
977489,453753
977516,453753
977629,453753
977663,453753
977704,453753
977822,453753
977668,453753
977372,453753
977750,453753
977723,453753
977752,453753
977748,453753
977654,453753
977662,453753
977721,453753
977792,453753
977684,453753
977521,453753
977650,453753
977644,453753
977564,453753
977565,453753
977617,453753
977708,453753
977599,453753
977538,453753
977268,453753
976292,453753
977443,453753
977615,453753
977267,453753
977404,453753
977466,453753
977501,453753
977479,453753
977592,453753
977728,453753
977656,453753
977531,453753
977686,453753
977568,453753
977251,453753
977279,453753
977648,453753
977532,453753
977419,453753
977635,453753
977607,453753
977587,453753
977652,453753
977424,453753
977450,453753
977715,453753
977740,453753
977436,453753
977228,453753
977763,453753
977817,453753
977790,453753
977774,453753
977578,453753
977433,453753
977806,453753
977627,453753
977608,453753
977718,453753
977736,453753
977711,453753
977656,453753
977649,453753
977613,453753
977606,453753
977694,453753
977502,453753
977499,453753
977230,453753
977464,453753
977462,453753
977366,453753
977545,453753
977751,453753
977599,453753
977610,453753
977508,453753
977390,453753
977515,453753
977651,453753
977538,453753
977642,453753
977711,453753
977657,453753
977851,453753
977763,453753
977759,453753
977604,453753
977707,453753
977588,453753
977703,453753
977779,453753
977716,453753
977677,453753
977727,453753
977798,453753
977606,453753
977451,453753
977387,453753
977346,453753
977558,453753
977648,453753
977092,453753
977651,453753
977482,453753
977517,453753
977483,453753
977457,453753
977392,453753
977665,453753
977467,453753
977602,453753
977588,453753
977569,453753
977686,453753
977652,453753
977589,453753
977809,453753
977744,453753
977744,453753
977709,453753
977557,453753
977640,453753
977819,453753
977780,453753
977691,453753
977804,453753
977750,453753
977633,453753
977303,453753
977622,453753
977309,453753
977653,453753
977613,453753
977730,453753
977677,453753
977562,453753
977627,453753
977717,453753
977012,453753
977304,453753
977435,453753
977657,453753
976962,453753
977627,453753
977622,453753
977712,453753
977817,453753
977734,453753
977807,453753
977754,453753
977638,453753
977763,453753
977390,453753
977466,453753
977803,453753
977712,453753
977672,453753
977611,453753
977698,453753
977698,453753
977755,453753
977576,453753
977665,453753
977733,453753
977431,453753
977385,453753
977749,453753
977624,453753
977722,453753
977542,453753
977530,453753
977640,453753
977545,453753
977136,453753
977217,453753
977481,453753
977587,453753
977642,453753
977756,453753
977640,453753
977694,453753
977641,453753
977729,453753
977732,453753
977456,453753
977201,453753
977642,453753
977762,453753
977519,453753
977447,453753
977769,453753
977814,453753
977821,453753
977688,453753
977446,453753
977434,453753
977418,453753
977762,453753
977614,453753
977492,453753
977128,453753
977202,453753
976861,453753
977673,453753
977608,453753
977782,453753
977361,453753
977632,453753
977700,453753
977656,453753
977711,453753
977766,453753
977727,453753
977720,453753
977672,453753
977621,453753
977493,453753
977545,453753
977795,453753
977812,453753
977859,453753
977744,453753
977745,453753
977687,453753
977521,453753
977657,453753
977650,453753
977633,453753
977570,453753
977546,453753
977587,453753
977395,453753
977431,453753
977602,453753
977580,453753
977320,453753
977615,453753
977671,453753
977658,453753
977593,453753
977622,453753
977738,453753
977640,453753
977758,453753
977637,453753
977777,453753
977723,453753
977626,453753
977709,453753
977786,453753
977697,453753
977621,453753
977425,453753
976620,453753
977558,453753
977588,453753
977593,453753
977355,453753
976865,453753
977500,453753
977680,453753
977555,453753
977165,453753
977289,453753
977315,453753
976808,453753
977534,453753
977679,453753
977712,453753
977518,453753
977808,453753
976707,453753
977199,453753
977475,453753
977469,453753
977773,453753
977540,453753
977777,453753
977759,453753
977769,453753
977708,453753
977621,453753
977761,453753
977647,453753
977565,453753
977525,453753
977184,453753
977014,453753
977558,453753
977655,453753
977699,453753
977515,453753
977569,453753
977702,453753
977696,453753
977733,453753
977773,453753
977766,453753
977772,453753
977701,453753
977533,453753
977797,453753
977784,453753
977736,453753
977665,453753
977744,453753
977634,453753
977608,453753
977630,453753
977612,453753
977605,453753
977743,453753
977788,453753
977646,453753
977561,453753
977338,453753
977719,453753
977743,453753
977634,453753
977761,453753
977623,453753
977027,453753
977584,453753
977744,453753
977708,453753
977213,453753
977251,453753
977775,453753
977697,453753
977773,453753
977856,453546
