TRACE,NSNPS_JACKKNIFE
921008,453753
920959,453753
920894,453753
920917,453753
920846,453753
920906,453753
920839,453753
920727,453753
920872,453753
920774,453753
920844,453753
920628,453753
920959,453753
920827,453753
920975,453753
920871,453753
920769,453753
920347,453753
920430,453753
920664,453753
920921,453753
920904,453753
920798,453753
920919,453753
920941,453753
920848,453753
920727,453753
920694,453753
920823,453753
920814,453753
920849,453753
920804,453753
920776,453753
920717,453753
920870,453753
920867,453753
920800,453753
920764,453753
920877,453753
920902,453753
920916,453753
920887,453753
920767,453753
920551,453753
920619,453753
920780,453753
920869,453753
920905,453753
920896,453753
920941,453753
920925,453753
920640,453753
920656,453753
920761,453753
920569,453753
920832,453753
920791,453753
920573,453753
920688,453753
920658,453753
920863,453753
920978,453753
920943,453753
920902,453753
920819,453753
920831,453753
920855,453753
920717,453753
920759,453753
920691,453753
920348,453753
920838,453753
920920,453753
920980,453753
920937,453753
920989,453753
920980,453753
920893,453753
921011,453753
920859,453753
920561,453753
920861,453753
920964,453753
921029,453753
920995,453753
920917,453753
920945,453753
920995,453753
920861,453753
920883,453753
920712,453753
920565,453753
920894,453753
919705,453753
920885,453753
920788,453753
920818,453753
920856,453753
920832,453753
920954,453753
920718,453753
920767,453753
920649,453753
920546,453753
920617,453753
920663,453753
920888,453753
920866,453753
920865,453753
920854,453753
920913,453753
920772,453753
920697,453753
920585,453753
920477,453753
920656,453753
920857,453753
920856,453753
920790,453753
920650,453753
920696,453753
920939,453753
920687,453753
920799,453753
920866,453753
920824,453753
920748,453753
920784,453753
920674,453753
920781,453753
920689,453753
920826,453753
920711,453753
920827,453753
920690,453753
920778,453753
920917,453753
920917,453753
920592,453753
920856,453753
920422,453753
920322,453753
920785,453753
920682,453753
920674,453753
920669,453753
920812,453753
920768,453753
920845,453753
920888,453753
920812,453753
920903,453753
920909,453753
920867,453753
920867,453753
920878,453753
920864,453753
920906,453753
920970,453753
920904,453753
920812,453753
920825,453753
920921,453753
921010,453753
920993,453753
920970,453753
920926,453753
920953,453753
920909,453753
920843,453753
920699,453753
920895,453753
920896,453753
920852,453753
920921,453753
920809,453753
920866,453753
920737,453753
920740,453753
920780,453753
920743,453753
919412,453753
919678,453753
920772,453753
920733,453753
920989,453753
920913,453753
920993,453753
920913,453753
920880,453753
920997,453753
920946,453753
920568,453753
920205,453753
920186,453753
920194,453753
920415,453753
920620,453753
920881,453753
920747,453753
920738,453753
920924,453753
920876,453753
920479,453753
920816,453753
920841,453753
920753,453753
920849,453753
920751,453753
920528,453753
920789,453753
920878,453753
920892,453753
920911,453753
920736,453753
920781,453753
920311,453753
920311,453753
920547,453753
920358,453753
920977,453753
920941,453753
920900,453753
920875,453753
920684,453753
920896,453753
920991,453753
920942,453753
920965,453753
920985,453753
920794,453753
920583,453753
920633,453753
921020,453753
920979,453753
920968,453753
920789,453753
920800,453753
920541,453753
920848,453753
920689,453753
920917,453753
920974,453753
920889,453753
920896,453753
920855,453753
920859,453753
920854,453753
920895,453753
920561,453753
920472,453753
920871,453753
920807,453753
920627,453753
920745,453753
920721,453753
920782,453753
920789,453753
920521,453753
920808,453753
920948,453753
920690,453753
920146,453753
920758,453753
920787,453753
920763,453753
920727,453753
920139,453753
920883,453753
920843,453753
920744,453753
920378,453753
920780,453753
920727,453753
920709,453753
920573,453753
920873,453753
920915,453753
920726,453753
920461,453753
920811,453753
920725,453753
920843,453753
920784,453753
920710,453753
920873,453753
920906,453753
920744,453753
920824,453753
920947,453753
921015,453753
920958,453753
920997,453753
920918,453753
920984,453753
920938,453753
920872,453753
920846,453753
921003,453753
920932,453753
920939,453753
920914,453753
921032,453753
920817,453753
920988,453753
920912,453753
920882,453753
920861,453753
920812,453753
920942,453753
920925,453753
920841,453753
920600,453753
920239,453753
919874,453753
920696,453753
920800,453753
920593,453753
920680,453753
920765,453753
920825,453753
920917,453753
920861,453753
920814,453753
920719,453753
920663,453753
920752,453753
920751,453753
920693,453753
920652,453753
919890,453753
920790,453753
920824,453753
920905,453753
920798,453753
920876,453753
920686,453753
920832,453753
920890,453753
920653,453753
920585,453753
920787,453753
920151,453753
920232,453753
920808,453753
920680,453753
920874,453753
920720,453753
920682,453753
919730,453753
920862,453753
920856,453753
920845,453753
921014,453753
921015,453753
920966,453753
920999,453753
921026,453753
920886,453753
920866,453753
920951,453753
920970,453753
920895,453753
920927,453753
920806,453753
920930,453753
920893,453753
920918,453753
920782,453753
920930,453753
920878,453753
920796,453753
920833,453753
920869,453753
920755,453753
920860,453753
920618,453753
920243,453753
920719,453753
920590,453753
919696,453753
920318,453753
920580,453753
920819,453753
920660,453753
920441,453753
920479,453753
920395,453753
920686,453753
920903,453753
920819,453753
920679,453753
920687,453753
920855,453753
920758,453753
920615,453753
920623,453753
920415,453753
920475,453753
920863,453753
920863,453753
920873,453753
920915,453753
920850,453753
920962,453753
920083,453753
920706,453753
920769,453753
920788,453753
920882,453753
920909,453753
920945,453753
920811,453753
920928,453753
920956,453753
920966,453753
920934,453753
920899,453753
920554,453753
920686,453753
920776,453753
920854,453753
920875,453753
920688,453753
920919,453753
920889,453753
920940,453753
920924,453753
920662,453753
920764,453753
920829,453753
920917,453753
920409,453753
920813,453753
920871,453753
920789,453753
920883,453753
920749,453753
920801,453753
920750,453753
920710,453753
920501,453753
919678,453753
920717,453753
920804,453753
920917,453753
920951,453753
920960,453753
920736,453753
920589,453753
920770,453753
920892,453753
920534,453753
920676,453753
920930,453753
920859,453753
920867,453753
920815,453753
920679,453753
920627,453753
920613,453753
920725,453753
920961,453753
920684,453753
921006,453753
920940,453753
920784,453753
920852,453753
920935,453753
920853,453753
921031,453753
921022,453753
920922,453753
920710,453753
920629,453753
920790,453753
920729,453753
920836,453753
920962,453753
920195,453753
918700,453753
919187,453753
920777,453753
920899,453753
920889,453753
920779,453753
920880,453753
920652,453753
920896,453753
920845,453753
920874,453753
920667,453753
920782,453753
920792,453753
920217,453753
920693,453753
920792,453753
920761,453753
920841,453753
920726,453753
920743,453753
920942,453753
920944,453753
920790,453753
920689,453753
920831,453753
920604,453753
920666,453753
920823,453753
920970,453753
920781,453753
920755,453753
920704,453753
920445,453753
920547,453753
920895,453753
920906,453753
920945,453753
920915,453753
920980,453753
920810,453753
920881,453753
920900,453753
920889,453753
920922,453753
920917,453753
920854,453753
920821,453753
920950,453753
920962,453753
920863,453753
920895,453753
920936,453753
920903,453753
920901,453753
920779,453753
920949,453753
920740,453753
920983,453753
920561,453753
920792,453753
920462,453753
920213,453753
920866,453753
920662,453753
920746,453753
920950,453753
920815,453753
920827,453753
920923,453753
920866,453753
920927,453753
920869,453753
920681,453753
920544,453753
920801,453753
920754,453753
920769,453753
920905,453753
920828,453753
920687,453753
920848,453753
920796,453753
920895,453753
920825,453753
920730,453753
920905,453753
920913,453753
920972,453753
920867,453753
921020,453753
920793,453753
920823,453753
920951,453753
920926,453753
920872,453753
920899,453753
920925,453753
920875,453753
920899,453753
920906,453753
920926,453753
920780,453753
920747,453753
920832,453753
920854,453753
920939,453753
920727,453753
920527,453753
920211,453753
920701,453753
920835,453753
920872,453753
920638,453753
920856,453753
920682,453753
920726,453753
920760,453753
920892,453753
920787,453753
919682,453753
920918,453753
920901,453753
920726,453753
920874,453753
920631,453753
920714,453753
920822,453753
920712,453753
920406,453753
920805,453753
920814,453753
920928,453753
920921,453753
920978,453753
920859,453753
920867,453753
920863,453753
921008,453753
920896,453753
921018,453753
920809,453753
920773,453753
919957,453753
920905,453753
920521,453753
920321,453753
920728,453753
920721,453753
921004,453753
920836,453753
920850,453753
921050,453753
920984,453753
920879,453753
920691,453753
920677,453753
920858,453753
920947,453753
920816,453753
920783,453753
920785,453753
917157,453753
911455,453753
919070,453753
920668,453753
920610,453753
920551,453753
920901,453753
920707,453753
920861,453753
920981,453753
920774,453753
919973,453753
920575,453753
920656,453753
920815,453753
920922,453753
920799,453753
920694,453753
920581,453753
920737,453753
920769,453753
920876,453753
920864,453753
920894,453753
921033,453753
920886,453753
920603,453753
920990,453753
920965,453753
920944,453753
920998,453753
920848,453753
920904,453753
920979,453753
920982,453753
920942,453753
920779,453753
920948,453753
920869,453753
920863,453753
920819,453753
920822,453753
920929,453753
920845,453753
920852,453753
920538,453753
919695,453753
920656,453753
920787,453753
920499,453753
920612,453753
920701,453753
920721,453753
920733,453753
920839,453753
920913,453753
920928,453753
920754,453753
920913,453753
920809,453753
920503,453753
920562,453753
920863,453753
920796,453753
920681,453753
920842,453753
920863,453753
920829,453753
920914,453753
920725,453753
920709,453753
920935,453753
920983,453753
920707,453753
920490,453753
920988,453753
921029,453753
920974,453753
920980,453753
920761,453753
920584,453753
921010,453753
920837,453753
920816,453753
920951,453753
920981,453753
920954,453753
920887,453753
920856,453753
920870,453753
920840,453753
920937,453753
920752,453753
920671,453753
920438,453753
920728,453753
920758,453753
920676,453753
920797,453753
920996,453753
920885,453753
920809,453753
920796,453753
920677,453753
920736,453753
920913,453753
920788,453753
920852,453753
920922,453753
920914,453753
921052,453753
921003,453753
920979,453753
920842,453753
920965,453753
920839,453753
920946,453753
920974,453753
920923,453753
920900,453753
920964,453753
921037,453753
920878,453753
920697,453753
920607,453753
920645,453753
920777,453753
920852,453753
920367,453753
920919,453753
920793,453753
920818,453753
920730,453753
920755,453753
920638,453753
920862,453753
920742,453753
920867,453753
920850,453753
920804,453753
920907,453753
920919,453753
920820,453753
921026,453753
920951,453753
920978,453753
920903,453753
920761,453753
920853,453753
921052,453753
920981,453753
920879,453753
920989,453753
920954,453753
920852,453753
920529,453753
920913,453753
920600,453753
920845,453753
920834,453753
920963,453753
920902,453753
920774,453753
920862,453753
920971,453753
920237,453753
920494,453753
920653,453753
920847,453753
920153,453753
920873,453753
920830,453753
920956,453753
921025,453753
920956,453753
921001,453753
920994,453753
920860,453753
920950,453753
920675,453753
920739,453753
921040,453753
920904,453753
920937,453753
920864,453753
920916,453753
920936,453753
920998,453753
920856,453753
920894,453753
920953,453753
920723,453753
920633,453753
920969,453753
920864,453753
920968,453753
920846,453753
920808,453753
920859,453753
920811,453753
920416,453753
920475,453753
920708,453753
920786,453753
920903,453753
920955,453753
920835,453753
920920,453753
920919,453753
920978,453753
920965,453753
920701,453753
920445,453753
920886,453753
920957,453753
920790,453753
920746,453753
921001,453753
921019,453753
921036,453753
920901,453753
920734,453753
920630,453753
920680,453753
921014,453753
920904,453753
920725,453753
920319,453753
920440,453753
920097,453753
920925,453753
920796,453753
921034,453753
920570,453753
920890,453753
920905,453753
920943,453753
920942,453753
920979,453753
920895,453753
921013,453753
920912,453753
920905,453753
920695,453753
920793,453753
921042,453753
921082,453753
921085,453753
920953,453753
920990,453753
920941,453753
920816,453753
920887,453753
920908,453753
920882,453753
920788,453753
920750,453753
920826,453753
920662,453753
920736,453753
920889,453753
920808,453753
920464,453753
920857,453753
920906,453753
920939,453753
920851,453753
920853,453753
920993,453753
920917,453753
920981,453753
920910,453753
921004,453753
920914,453753
920881,453753
920935,453753
921011,453753
920922,453753
920874,453753
920703,453753
919974,453753
920757,453753
920804,453753
920856,453753
920581,453753
920114,453753
920687,453753
920896,453753
920815,453753
920290,453753
920636,453753
920574,453753
920119,453753
920743,453753
920873,453753
920922,453753
920714,453753
921000,453753
920019,453753
920511,453753
920736,453753
920775,453753
920977,453753
920816,453753
921001,453753
921008,453753
920985,453753
920935,453753
920868,453753
920956,453753
920857,453753
920816,453753
920719,453753
920267,453753
920189,453753
920796,453753
920899,453753
920883,453753
920796,453753
920864,453753
920891,453753
920956,453753
920977,453753
920997,453753
920999,453753
921027,453753
920933,453753
920770,453753
920985,453753
921000,453753
920992,453753
920880,453753
920944,453753
920876,453753
920842,453753
920806,453753
920841,453753
920905,453753
920936,453753
921004,453753
920887,453753
920817,453753
920594,453753
920933,453753
920946,453753
920899,453753
920994,453753
920857,453753
920377,453753
920842,453753
920978,453753
920871,453753
920474,453753
920605,453753
920994,453753
920929,453753
920986,453753
921058,453546
