TRACE,NSNPS_JACKKNIFE
919032,453753
918982,453753
918912,453753
918912,453753
918869,453753
918959,453753
918822,453753
918749,453753
918911,453753
918829,453753
918862,453753
918679,453753
918986,453753
918898,453753
918980,453753
918890,453753
918728,453753
918387,453753
918511,453753
918640,453753
918888,453753
918941,453753
918878,453753
918933,453753
918951,453753
918874,453753
918736,453753
918702,453753
918842,453753
918869,453753
918875,453753
918778,453753
918855,453753
918772,453753
918819,453753
918842,453753
918839,453753
918712,453753
918880,453753
918902,453753
918909,453753
918891,453753
918790,453753
918516,453753
918636,453753
918812,453753
918870,453753
918902,453753
918973,453753
918945,453753
918969,453753
918616,453753
918718,453753
918738,453753
918613,453753
918819,453753
918784,453753
918479,453753
918745,453753
918695,453753
918868,453753
918963,453753
918942,453753
918849,453753
918829,453753
918901,453753
918833,453753
918747,453753
918748,453753
918715,453753
918465,453753
918897,453753
918901,453753
918975,453753
918963,453753
918942,453753
919011,453753
918903,453753
919015,453753
918885,453753
918660,453753
918881,453753
918944,453753
919034,453753
919036,453753
918924,453753
919016,453753
919009,453753
918891,453753
918903,453753
918705,453753
918552,453753
918889,453753
917887,453753
918866,453753
918755,453753
918905,453753
918888,453753
918890,453753
918958,453753
918785,453753
918763,453753
918747,453753
918557,453753
918612,453753
918672,453753
918896,453753
918905,453753
918882,453753
918857,453753
918881,453753
918822,453753
918756,453753
918536,453753
918527,453753
918506,453753
918870,453753
918850,453753
918754,453753
918642,453753
918688,453753
918967,453753
918774,453753
918818,453753
918901,453753
918827,453753
918749,453753
918797,453753
918716,453753
918813,453753
918751,453753
918878,453753
918772,453753
918894,453753
918706,453753
918818,453753
918927,453753
918932,453753
918662,453753
918857,453753
918461,453753
918324,453753
918794,453753
918701,453753
918636,453753
918555,453753
918836,453753
918763,453753
918881,453753
918884,453753
918852,453753
918906,453753
918921,453753
918895,453753
918874,453753
918880,453753
918937,453753
918946,453753
919012,453753
918906,453753
918811,453753
918804,453753
918911,453753
919025,453753
919006,453753
918987,453753
918942,453753
918920,453753
918915,453753
918859,453753
918755,453753
918888,453753
918902,453753
918877,453753
918891,453753
918885,453753
918896,453753
918821,453753
918701,453753
918797,453753
918716,453753
917495,453753
917563,453753
918846,453753
918736,453753
919006,453753
918915,453753
918941,453753
918917,453753
918872,453753
919013,453753
918947,453753
918580,453753
918207,453753
918281,453753
918093,453753
918347,453753
918593,453753
918905,453753
918800,453753
918756,453753
918937,453753
918863,453753
918559,453753
918843,453753
918873,453753
918763,453753
918868,453753
918763,453753
918569,453753
918762,453753
918910,453753
918952,453753
918942,453753
918702,453753
918794,453753
918276,453753
918355,453753
918504,453753
918336,453753
919022,453753
918946,453753
918925,453753
918935,453753
918769,453753
918958,453753
919007,453753
918933,453753
918994,453753
918974,453753
918798,453753
918591,453753
918641,453753
919016,453753
919012,453753
918994,453753
918803,453753
918794,453753
918640,453753
918879,453753
918771,453753
918916,453753
919008,453753
918876,453753
918877,453753
918810,453753
918844,453753
918867,453753
918907,453753
918608,453753
918570,453753
918882,453753
918854,453753
918745,453753
918784,453753
918760,453753
918830,453753
918813,453753
918523,453753
918809,453753
918939,453753
918742,453753
918115,453753
918745,453753
918806,453753
918784,453753
918690,453753
918176,453753
918891,453753
918895,453753
918821,453753
918395,453753
918752,453753
918722,453753
918722,453753
918606,453753
918950,453753
918959,453753
918747,453753
918579,453753
918795,453753
918785,453753
918879,453753
918867,453753
918732,453753
918898,453753
918939,453753
918806,453753
918880,453753
918965,453753
919012,453753
918983,453753
919007,453753
918962,453753
918987,453753
918924,453753
918879,453753
918831,453753
918995,453753
918938,453753
918975,453753
918911,453753
919052,453753
918856,453753
918927,453753
918957,453753
918888,453753
918887,453753
918828,453753
918970,453753
918959,453753
918820,453753
918627,453753
918187,453753
917968,453753
918709,453753
918797,453753
918595,453753
918717,453753
918773,453753
918869,453753
918937,453753
918854,453753
918846,453753
918781,453753
918708,453753
918779,453753
918822,453753
918802,453753
918658,453753
918057,453753
918780,453753
918822,453753
918907,453753
918808,453753
918879,453753
918648,453753
918843,453753
918907,453753
918644,453753
918575,453753
918805,453753
918307,453753
918291,453753
918858,453753
918669,453753
918903,453753
918752,453753
918736,453753
917654,453753
918894,453753
918852,453753
918907,453753
919019,453753
919032,453753
918972,453753
918984,453753
918991,453753
918904,453753
918916,453753
918929,453753
919007,453753
918920,453753
918977,453753
918841,453753
918913,453753
918805,453753
918943,453753
918884,453753
918909,453753
918888,453753
918861,453753
918825,453753
918884,453753
918834,453753
918858,453753
918654,453753
918292,453753
918683,453753
918614,453753
917787,453753
918325,453753
918662,453753
918803,453753
918709,453753
918481,453753
918499,453753
918448,453753
918699,453753
918884,453753
918806,453753
918664,453753
918717,453753
918889,453753
918751,453753
918690,453753
918657,453753
918313,453753
918540,453753
918903,453753
918883,453753
918873,453753
918849,453753
918881,453753
919002,453753
918209,453753
918766,453753
918780,453753
918719,453753
918927,453753
918936,453753
918942,453753
918860,453753
918921,453753
919027,453753
918987,453753
918950,453753
918866,453753
918650,453753
918767,453753
918827,453753
918882,453753
918945,453753
918792,453753
918948,453753
918874,453753
918943,453753
918862,453753
918669,453753
918829,453753
918875,453753
918898,453753
918388,453753
918834,453753
918915,453753
918848,453753
918891,453753
918822,453753
918754,453753
918748,453753
918744,453753
918555,453753
917641,453753
918709,453753
918787,453753
918849,453753
918955,453753
918951,453753
918708,453753
918619,453753
918769,453753
918898,453753
918520,453753
918670,453753
918959,453753
918872,453753
918893,453753
918832,453753
918694,453753
918641,453753
918625,453753
918810,453753
918976,453753
918740,453753
919026,453753
918973,453753
918808,453753
918900,453753
918930,453753
918813,453753
919034,453753
919029,453753
918971,453753
918772,453753
918647,453753
918846,453753
918784,453753
918916,453753
918952,453753
918099,453753
916495,453753
916991,453753
918850,453753
918868,453753
918895,453753
918833,453753
918839,453753
918623,453753
918921,453753
918869,453753
918924,453753
918701,453753
918816,453753
918833,453753
918178,453753
918658,453753
918818,453753
918775,453753
918848,453753
918758,453753
918786,453753
918939,453753
918978,453753
918785,453753
918690,453753
918801,453753
918637,453753
918722,453753
918841,453753
918966,453753
918745,453753
918779,453753
918759,453753
918510,453753
918601,453753
918939,453753
918889,453753
918968,453753
918964,453753
919015,453753
918838,453753
918919,453753
918918,453753
918897,453753
918950,453753
918911,453753
918896,453753
918863,453753
918970,453753
918966,453753
918886,453753
918938,453753
918978,453753
918954,453753
918884,453753
918703,453753
918951,453753
918759,453753
918950,453753
918554,453753
918799,453753
918512,453753
918322,453753
918811,453753
918764,453753
918792,453753
918951,453753
918827,453753
918825,453753
918936,453753
918872,453753
918966,453753
918907,453753
918639,453753
918574,453753
918825,453753
918752,453753
918808,453753
918912,453753
918800,453753
918728,453753
918898,453753
918758,453753
918944,453753
918832,453753
918740,453753
918879,453753
918943,453753
918997,453753
918918,453753
918999,453753
918787,453753
918817,453753
918966,453753
918932,453753
918933,453753
918896,453753
918914,453753
918879,453753
918885,453753
918923,453753
918918,453753
918729,453753
918780,453753
918863,453753
918901,453753
918914,453753
918743,453753
918499,453753
918154,453753
918711,453753
918791,453753
918885,453753
918666,453753
918833,453753
918746,453753
918788,453753
918786,453753
918928,453753
918760,453753
917432,453753
918908,453753
918900,453753
918761,453753
918847,453753
918663,453753
918774,453753
918824,453753
918732,453753
918440,453753
918793,453753
918796,453753
918949,453753
918934,453753
919004,453753
918906,453753
918914,453753
918837,453753
918982,453753
918894,453753
919058,453753
918868,453753
918855,453753
918107,453753
918958,453753
918519,453753
918322,453753
918729,453753
918707,453753
918973,453753
918774,453753
918903,453753
919031,453753
918978,453753
918905,453753
918725,453753
918745,453753
918880,453753
918952,453753
918845,453753
918789,453753
918864,453753
915254,453753
909647,453753
917085,453753
918676,453753
918647,453753
918518,453753
918872,453753
918689,453753
918831,453753
918965,453753
918792,453753
917995,453753
918581,453753
918659,453753
918810,453753
918954,453753
918824,453753
918742,453753
918666,453753
918787,453753
918780,453753
918861,453753
918903,453753
918875,453753
919024,453753
918925,453753
918658,453753
919035,453753
918954,453753
918982,453753
919023,453753
918878,453753
918923,453753
918979,453753
918983,453753
918965,453753
918752,453753
918899,453753
918911,453753
918839,453753
918833,453753
918870,453753
918949,453753
918818,453753
918835,453753
918548,453753
917678,453753
918682,453753
918841,453753
918521,453753
918678,453753
918711,453753
918715,453753
918682,453753
918854,453753
918944,453753
918870,453753
918811,453753
918885,453753
918837,453753
918572,453753
918618,453753
918854,453753
918782,453753
918642,453753
918913,453753
918827,453753
918867,453753
918935,453753
918752,453753
918753,453753
918958,453753
918989,453753
918739,453753
918468,453753
919029,453753
919028,453753
919028,453753
919008,453753
918808,453753
918659,453753
919047,453753
918876,453753
918896,453753
918968,453753
918952,453753
919004,453753
918916,453753
918856,453753
918864,453753
918882,453753
918960,453753
918775,453753
918766,453753
918454,453753
918703,453753
918732,453753
918686,453753
918862,453753
918995,453753
918847,453753
918882,453753
918800,453753
918662,453753
918782,453753
918926,453753
918843,453753
918919,453753
918938,453753
918890,453753
919084,453753
919032,453753
918981,453753
918862,453753
918945,453753
918815,453753
918933,453753
918978,453753
918992,453753
918904,453753
918995,453753
919016,453753
918910,453753
918684,453753
918606,453753
918637,453753
918852,453753
918892,453753
918312,453753
918936,453753
918756,453753
918725,453753
918734,453753
918790,453753
918732,453753
918922,453753
918810,453753
918810,453753
918823,453753
918833,453753
918956,453753
918919,453753
918858,453753
919036,453753
918986,453753
919002,453753
918953,453753
918797,453753
918892,453753
919040,453753
919010,453753
918933,453753
919052,453753
918951,453753
918827,453753
918581,453753
918850,453753
918575,453753
918869,453753
918906,453753
918949,453753
918868,453753
918780,453753
918866,453753
918985,453753
918305,453753
918567,453753
918654,453753
918867,453753
918151,453753
918862,453753
918847,453753
918969,453753
919072,453753
918978,453753
919050,453753
918985,453753
918905,453753
918981,453753
918661,453753
918720,453753
919032,453753
918945,453753
918944,453753
918920,453753
918965,453753
918949,453753
919007,453753
918858,453753
918896,453753
918948,453753
918693,453753
918633,453753
918985,453753
918891,453753
918965,453753
918854,453753
918864,453753
918852,453753
918837,453753
918261,453753
918408,453753
918707,453753
918849,453753
918918,453753
918993,453753
918873,453753
918945,453753
918938,453753
918986,453753
919007,453753
918764,453753
918459,453753
918944,453753
918956,453753
918829,453753
918697,453753
919025,453753
919032,453753
919029,453753
918897,453753
918692,453753
918614,453753
918672,453753
919000,453753
918898,453753
918764,453753
918394,453753
918456,453753
917977,453753
918969,453753
918805,453753
919047,453753
918571,453753
918880,453753
918906,453753
918950,453753
918975,453753
918988,453753
918993,453753
918992,453753
918927,453753
918916,453753
918724,453753
918799,453753
919074,453753
919086,453753
919085,453753
918922,453753
919032,453753
918979,453753
918805,453753
918932,453753
918912,453753
918877,453753
918830,453753
918753,453753
918845,453753
918711,453753
918711,453753
918844,453753
918820,453753
918549,453753
918847,453753
918936,453753
918975,453753
918874,453753
918886,453753
918995,453753
918909,453753
919012,453753
918908,453753
918970,453753
918941,453753
918892,453753
918983,453753
919025,453753
918938,453753
918885,453753
918707,453753
918033,453753
918841,453753
918771,453753
918868,453753
918613,453753
918174,453753
918746,453753
918911,453753
918778,453753
918357,453753
918607,453753
918708,453753
918062,453753
918738,453753
918939,453753
918938,453753
918677,453753
919010,453753
918064,453753
918487,453753
918761,453753
918818,453753
919046,453753
918789,453753
919020,453753
919020,453753
919018,453753
918945,453753
918879,453753
918981,453753
918879,453753
918880,453753
918780,453753
918435,453753
918305,453753
918809,453753
918883,453753
918938,453753
918796,453753
918859,453753
918946,453753
918975,453753
919008,453753
919017,453753
919030,453753
919038,453753
918909,453753
918792,453753
919021,453753
919019,453753
918974,453753
918914,453753
918964,453753
918929,453753
918845,453753
918866,453753
918884,453753
918873,453753
918954,453753
919026,453753
918931,453753
918806,453753
918617,453753
918976,453753
918967,453753
918950,453753
919005,453753
918881,453753
918461,453753
918844,453753
918972,453753
918915,453753
918422,453753
918554,453753
919000,453753
918956,453753
918984,453753
919040,453546
