TRACE,NSNPS_JACKKNIFE
922883,453753
922867,453753
922760,453753
922824,453753
922757,453753
922837,453753
922704,453753
922720,453753
922775,453753
922689,453753
922779,453753
922574,453753
922894,453753
922750,453753
922791,453753
922769,453753
922689,453753
922298,453753
922336,453753
922590,453753
922823,453753
922840,453753
922730,453753
922779,453753
922849,453753
922784,453753
922594,453753
922569,453753
922699,453753
922727,453753
922695,453753
922714,453753
922706,453753
922595,453753
922748,453753
922748,453753
922712,453753
922630,453753
922724,453753
922791,453753
922808,453753
922727,453753
922666,453753
922445,453753
922526,453753
922671,453753
922737,453753
922758,453753
922858,453753
922797,453753
922852,453753
922453,453753
922553,453753
922627,453753
922499,453753
922726,453753
922696,453753
922360,453753
922613,453753
922548,453753
922757,453753
922853,453753
922874,453753
922747,453753
922662,453753
922767,453753
922715,453753
922614,453753
922640,453753
922598,453753
922240,453753
922751,453753
922820,453753
922881,453753
922888,453753
922828,453753
922876,453753
922808,453753
922851,453753
922765,453753
922564,453753
922789,453753
922881,453753
922910,453753
922915,453753
922843,453753
922870,453753
922874,453753
922810,453753
922782,453753
922573,453753
922481,453753
922783,453753
921751,453753
922781,453753
922641,453753
922732,453753
922729,453753
922722,453753
922825,453753
922607,453753
922648,453753
922595,453753
922517,453753
922511,453753
922577,453753
922761,453753
922762,453753
922753,453753
922687,453753
922758,453753
922700,453753
922625,453753
922395,453753
922371,453753
922520,453753
922735,453753
922719,453753
922635,453753
922564,453753
922604,453753
922856,453753
922593,453753
922713,453753
922761,453753
922680,453753
922626,453753
922662,453753
922507,453753
922714,453753
922630,453753
922674,453753
922688,453753
922718,453753
922526,453753
922747,453753
922800,453753
922824,453753
922567,453753
922707,453753
922300,453753
922165,453753
922665,453753
922556,453753
922583,453753
922546,453753
922655,453753
922682,453753
922782,453753
922755,453753
922730,453753
922848,453753
922787,453753
922784,453753
922786,453753
922740,453753
922839,453753
922766,453753
922886,453753
922750,453753
922657,453753
922727,453753
922786,453753
922922,453753
922893,453753
922862,453753
922794,453753
922801,453753
922802,453753
922705,453753
922613,453753
922767,453753
922780,453753
922732,453753
922824,453753
922742,453753
922787,453753
922661,453753
922635,453753
922649,453753
922582,453753
921300,453753
921577,453753
922721,453753
922593,453753
922841,453753
922801,453753
922824,453753
922826,453753
922752,453753
922888,453753
922839,453753
922516,453753
922063,453753
922043,453753
921956,453753
922261,453753
922493,453753
922773,453753
922630,453753
922639,453753
922823,453753
922796,453753
922428,453753
922723,453753
922718,453753
922694,453753
922774,453753
922557,453753
922475,453753
922686,453753
922748,453753
922814,453753
922813,453753
922600,453753
922693,453753
922239,453753
922267,453753
922470,453753
922304,453753
922895,453753
922875,453753
922787,453753
922820,453753
922566,453753
922835,453753
922864,453753
922815,453753
922859,453753
922871,453753
922689,453753
922391,453753
922481,453753
922906,453753
922891,453753
922838,453753
922688,453753
922696,453753
922520,453753
922765,453753
922659,453753
922814,453753
922859,453753
922751,453753
922780,453753
922674,453753
922755,453753
922755,453753
922795,453753
922460,453753
922472,453753
922755,453753
922724,453753
922563,453753
922659,453753
922597,453753
922674,453753
922680,453753
922393,453753
922698,453753
922833,453753
922525,453753
921987,453753
922647,453753
922698,453753
922644,453753
922581,453753
922096,453753
922754,453753
922763,453753
922663,453753
922275,453753
922690,453753
922623,453753
922568,453753
922465,453753
922795,453753
922804,453753
922690,453753
922435,453753
922708,453753
922636,453753
922781,453753
922739,453753
922580,453753
922761,453753
922784,453753
922684,453753
922759,453753
922845,453753
922870,453753
922870,453753
922909,453753
922810,453753
922860,453753
922864,453753
922747,453753
922769,453753
922889,453753
922830,453753
922887,453753
922834,453753
922920,453753
922763,453753
922838,453753
922843,453753
922791,453753
922799,453753
922755,453753
922882,453753
922829,453753
922720,453753
922470,453753
921982,453753
921826,453753
922558,453753
922738,453753
922530,453753
922596,453753
922671,453753
922676,453753
922806,453753
922715,453753
922743,453753
922639,453753
922554,453753
922620,453753
922698,453753
922684,453753
922571,453753
922233,453753
922622,453753
922716,453753
922754,453753
922678,453753
922797,453753
922576,453753
922732,453753
922808,453753
922546,453753
922435,453753
922677,453753
922137,453753
922155,453753
922764,453753
922512,453753
922772,453753
922601,453753
922668,453753
921548,453753
922726,453753
922750,453753
922735,453753
922942,453753
922895,453753
922893,453753
922903,453753
922880,453753
922806,453753
922811,453753
922814,453753
922915,453753
922792,453753
922849,453753
922734,453753
922844,453753
922691,453753
922813,453753
922694,453753
922779,453753
922764,453753
922737,453753
922678,453753
922755,453753
922662,453753
922751,453753
922600,453753
922113,453753
922517,453753
922450,453753
921604,453753
922194,453753
922561,453753
922709,453753
922576,453753
922327,453753
922414,453753
922343,453753
922570,453753
922785,453753
922702,453753
922523,453753
922577,453753
922724,453753
922670,453753
922534,453753
922558,453753
922240,453753
922424,453753
922734,453753
922741,453753
922754,453753
922728,453753
922717,453753
922868,453753
921953,453753
922638,453753
922644,453753
922697,453753
922781,453753
922810,453753
922856,453753
922723,453753
922815,453753
922891,453753
922866,453753
922837,453753
922734,453753
922477,453753
922602,453753
922721,453753
922762,453753
922769,453753
922627,453753
922811,453753
922753,453753
922825,453753
922737,453753
922560,453753
922736,453753
922739,453753
922827,453753
922331,453753
922737,453753
922773,453753
922719,453753
922786,453753
922649,453753
922660,453753
922603,453753
922590,453753
922412,453753
921318,453753
922675,453753
922728,453753
922757,453753
922850,453753
922847,453753
922627,453753
922541,453753
922678,453753
922741,453753
922395,453753
922515,453753
922817,453753
922732,453753
922815,453753
922754,453753
922536,453753
922506,453753
922521,453753
922676,453753
922851,453753
922638,453753
922867,453753
922861,453753
922708,453753
922740,453753
922867,453753
922698,453753
922916,453753
922920,453753
922798,453753
922617,453753
922539,453753
922706,453753
922651,453753
922751,453753
922799,453753
922211,453753
921082,453753
921455,453753
922659,453753
922768,453753
922796,453753
922671,453753
922737,453753
922536,453753
922787,453753
922756,453753
922830,453753
922551,453753
922731,453753
922703,453753
921928,453753
922460,453753
922712,453753
922655,453753
922748,453753
922617,453753
922666,453753
922840,453753
922855,453753
922668,453753
922572,453753
922668,453753
922538,453753
922636,453753
922733,453753
922899,453753
922693,453753
922648,453753
922646,453753
922372,453753
922503,453753
922812,453753
922778,453753
922834,453753
922824,453753
922883,453753
922721,453753
922823,453753
922792,453753
922791,453753
922845,453753
922831,453753
922785,453753
922738,453753
922863,453753
922869,453753
922745,453753
922844,453753
922848,453753
922865,453753
922805,453753
922608,453753
922811,453753
922629,453753
922839,453753
922483,453753
922686,453753
922370,453753
922079,453753
922747,453753
922599,453753
922752,453753
922852,453753
922674,453753
922688,453753
922823,453753
922781,453753
922845,453753
922771,453753
922599,453753
922462,453753
922698,453753
922647,453753
922685,453753
922767,453753
922709,453753
922570,453753
922710,453753
922708,453753
922800,453753
922693,453753
922625,453753
922764,453753
922762,453753
922848,453753
922789,453753
922947,453753
922715,453753
922740,453753
922824,453753
922833,453753
922837,453753
922782,453753
922794,453753
922797,453753
922793,453753
922811,453753
922834,453753
922666,453753
922602,453753
922667,453753
922725,453753
922848,453753
922605,453753
922388,453753
922006,453753
922635,453753
922749,453753
922787,453753
922575,453753
922741,453753
922591,453753
922674,453753
922682,453753
922787,453753
922628,453753
921333,453753
922738,453753
922832,453753
922645,453753
922746,453753
922528,453753
922653,453753
922682,453753
922595,453753
922336,453753
922700,453753
922711,453753
922817,453753
922776,453753
922842,453753
922736,453753
922800,453753
922754,453753
922875,453753
922790,453753
922932,453753
922778,453753
922674,453753
921959,453753
922836,453753
922479,453753
922250,453753
922591,453753
922575,453753
922890,453753
922697,453753
922728,453753
922932,453753
922888,453753
922787,453753
922599,453753
922641,453753
922747,453753
922809,453753
922733,453753
922706,453753
922693,453753
918434,453753
913012,453753
920635,453753
922544,453753
922491,453753
922456,453753
922781,453753
922534,453753
922737,453753
922812,453753
922677,453753
921884,453753
922450,453753
922507,453753
922683,453753
922840,453753
922720,453753
922554,453753
922508,453753
922640,453753
922741,453753
922760,453753
922784,453753
922826,453753
922921,453753
922817,453753
922524,453753
922878,453753
922832,453753
922899,453753
922869,453753
922761,453753
922799,453753
922860,453753
922901,453753
922808,453753
922691,453753
922790,453753
922757,453753
922743,453753
922747,453753
922715,453753
922807,453753
922717,453753
922723,453753
922444,453753
921625,453753
922554,453753
922694,453753
922464,453753
922568,453753
922557,453753
922680,453753
922644,453753
922730,453753
922817,453753
922759,453753
922669,453753
922791,453753
922723,453753
922410,453753
922440,453753
922796,453753
922703,453753
922593,453753
922767,453753
922764,453753
922723,453753
922791,453753
922627,453753
922612,453753
922847,453753
922884,453753
922621,453753
922384,453753
922892,453753
922922,453753
922901,453753
922924,453753
922735,453753
922536,453753
922937,453753
922665,453753
922760,453753
922804,453753
922848,453753
922863,453753
922773,453753
922783,453753
922735,453753
922767,453753
922865,453753
922693,453753
922556,453753
922355,453753
922621,453753
922613,453753
922579,453753
922697,453753
922914,453753
922700,453753
922756,453753
922631,453753
922559,453753
922611,453753
922838,453753
922707,453753
922761,453753
922814,453753
922754,453753
922932,453753
922902,453753
922856,453753
922774,453753
922849,453753
922733,453753
922850,453753
922879,453753
922854,453753
922805,453753
922866,453753
922928,453753
922736,453753
922566,453753
922513,453753
922534,453753
922677,453753
922742,453753
922307,453753
922806,453753
922647,453753
922688,453753
922663,453753
922692,453753
922640,453753
922758,453753
922679,453753
922734,453753
922760,453753
922777,453753
922825,453753
922771,453753
922733,453753
922926,453753
922856,453753
922852,453753
922857,453753
922682,453753
922744,453753
922941,453753
922903,453753
922782,453753
922901,453753
922838,453753
922710,453753
922384,453753
922751,453753
922454,453753
922703,453753
922763,453753
922832,453753
922713,453753
922680,453753
922761,453753
922842,453753
922157,453753
922454,453753
922533,453753
922753,453753
922076,453753
922742,453753
922741,453753
922878,453753
922966,453753
922854,453753
922926,453753
922877,453753
922768,453753
922844,453753
922618,453753
922632,453753
922907,453753
922794,453753
922804,453753
922780,453753
922823,453753
922815,453753
922903,453753
922687,453753
922783,453753
922829,453753
922523,453753
922536,453753
922855,453753
922787,453753
922830,453753
922702,453753
922749,453753
922729,453753
922711,453753
922155,453753
922296,453753
922608,453753
922712,453753
922810,453753
922856,453753
922749,453753
922805,453753
922807,453753
922848,453753
922879,453753
922632,453753
922360,453753
922816,453753
922845,453753
922670,453753
922587,453753
922916,453753
922935,453753
922938,453753
922782,453753
922625,453753
922553,453753
922537,453753
922885,453753
922777,453753
922643,453753
922302,453753
922353,453753
921892,453753
922845,453753
922726,453753
922929,453753
922454,453753
922748,453753
922819,453753
922836,453753
922855,453753
922924,453753
922794,453753
922879,453753
922814,453753
922794,453753
922568,453753
922682,453753
922930,453753
922957,453753
922986,453753
922845,453753
922885,453753
922827,453753
922644,453753
922799,453753
922771,453753
922721,453753
922724,453753
922691,453753
922724,453753
922572,453753
922624,453753
922756,453753
922657,453753
922345,453753
922753,453753
922846,453753
922806,453753
922693,453753
922720,453753
922871,453753
922807,453753
922866,453753
922754,453753
922860,453753
922817,453753
922781,453753
922865,453753
922907,453753
922801,453753
922739,453753
922617,453753
921858,453753
922708,453753
922682,453753
922718,453753
922471,453753
921981,453753
922597,453753
922812,453753
922692,453753
922274,453753
922468,453753
922523,453753
921910,453753
922610,453753
922824,453753
922855,453753
922675,453753
922895,453753
921959,453753
922353,453753
922522,453753
922661,453753
922877,453753
922675,453753
922930,453753
922886,453753
922901,453753
922858,453753
922724,453753
922875,453753
922744,453753
922702,453753
922620,453753
922210,453753
922184,453753
922715,453753
922782,453753
922803,453753
922689,453753
922740,453753
922812,453753
922860,453753
922899,453753
922886,453753
922875,453753
922913,453753
922819,453753
922652,453753
922897,453753
922922,453753
922878,453753
922811,453753
922863,453753
922830,453753
922683,453753
922737,453753
922760,453753
922774,453753
922834,453753
922898,453753
922792,453753
922718,453753
922587,453753
922858,453753
922828,453753
922829,453753
922924,453753
922766,453753
922265,453753
922706,453753
922864,453753
922801,453753
922374,453753
922496,453753
922877,453753
922814,453753
922878,453753
923037,453546
