TRACE,NSNPS_JACKKNIFE
917630,453753
917642,453753
917568,453753
917552,453753
917451,453753
917602,453753
917434,453753
917443,453753
917527,453753
917445,453753
917520,453753
917276,453753
917598,453753
917491,453753
917590,453753
917537,453753
917390,453753
917043,453753
917097,453753
917322,453753
917555,453753
917554,453753
917484,453753
917532,453753
917588,453753
917530,453753
917367,453753
917285,453753
917475,453753
917447,453753
917485,453753
917419,453753
917440,453753
917365,453753
917487,453753
917448,453753
917446,453753
917394,453753
917499,453753
917518,453753
917561,453753
917534,453753
917447,453753
917181,453753
917280,453753
917438,453753
917446,453753
917485,453753
917584,453753
917607,453753
917594,453753
917176,453753
917352,453753
917400,453753
917221,453753
917449,453753
917459,453753
917223,453753
917333,453753
917284,453753
917499,453753
917575,453753
917566,453753
917520,453753
917442,453753
917509,453753
917460,453753
917352,453753
917433,453753
917354,453753
917040,453753
917530,453753
917536,453753
917648,453753
917610,453753
917560,453753
917626,453753
917517,453753
917609,453753
917522,453753
917251,453753
917522,453753
917650,453753
917705,453753
917657,453753
917600,453753
917629,453753
917662,453753
917530,453753
917544,453753
917307,453753
917250,453753
917528,453753
916282,453753
917492,453753
917354,453753
917533,453753
917501,453753
917480,453753
917590,453753
917362,453753
917375,453753
917332,453753
917224,453753
917284,453753
917310,453753
917510,453753
917490,453753
917501,453753
917459,453753
917550,453753
917458,453753
917366,453753
917242,453753
917164,453753
917273,453753
917486,453753
917487,453753
917404,453753
917282,453753
917329,453753
917618,453753
917388,453753
917472,453753
917510,453753
917412,453753
917386,453753
917418,453753
917290,453753
917426,453753
917340,453753
917451,453753
917362,453753
917481,453753
917302,453753
917460,453753
917551,453753
917553,453753
917270,453753
917484,453753
917136,453753
916939,453753
917404,453753
917323,453753
917279,453753
917253,453753
917433,453753
917425,453753
917442,453753
917497,453753
917548,453753
917524,453753
917555,453753
917485,453753
917538,453753
917564,453753
917543,453753
917538,453753
917628,453753
917497,453753
917448,453753
917459,453753
917563,453753
917653,453753
917654,453753
917593,453753
917579,453753
917565,453753
917530,453753
917544,453753
917356,453753
917533,453753
917528,453753
917525,453753
917577,453753
917497,453753
917519,453753
917383,453753
917333,453753
917395,453753
917312,453753
916091,453753
916395,453753
917493,453753
917378,453753
917616,453753
917560,453753
917588,453753
917558,453753
917489,453753
917645,453753
917558,453753
917248,453753
916793,453753
916901,453753
916735,453753
916911,453753
917226,453753
917525,453753
917418,453753
917394,453753
917537,453753
917481,453753
917082,453753
917445,453753
917490,453753
917404,453753
917495,453753
917401,453753
917193,453753
917445,453753
917468,453753
917539,453753
917584,453753
917288,453753
917387,453753
916920,453753
917005,453753
917199,453753
917094,453753
917643,453753
917570,453753
917536,453753
917566,453753
917347,453753
917563,453753
917634,453753
917530,453753
917610,453753
917617,453753
917401,453753
917261,453753
917260,453753
917636,453753
917638,453753
917628,453753
917399,453753
917388,453753
917300,453753
917507,453753
917401,453753
917566,453753
917622,453753
917482,453753
917502,453753
917467,453753
917479,453753
917467,453753
917541,453753
917251,453753
917197,453753
917505,453753
917487,453753
917297,453753
917394,453753
917286,453753
917416,453753
917460,453753
917076,453753
917433,453753
917587,453753
917298,453753
916861,453753
917367,453753
917424,453753
917319,453753
917355,453753
916646,453753
917519,453753
917497,453753
917413,453753
917029,453753
917412,453753
917393,453753
917358,453753
917294,453753
917557,453753
917559,453753
917351,453753
917122,453753
917395,453753
917339,453753
917554,453753
917523,453753
917348,453753
917539,453753
917559,453753
917432,453753
917476,453753
917597,453753
917610,453753
917579,453753
917614,453753
917550,453753
917608,453753
917566,453753
917468,453753
917454,453753
917629,453753
917574,453753
917613,453753
917540,453753
917673,453753
917474,453753
917566,453753
917562,453753
917507,453753
917532,453753
917456,453753
917579,453753
917606,453753
917451,453753
917197,453753
916789,453753
916559,453753
917340,453753
917474,453753
917264,453753
917349,453753
917422,453753
917501,453753
917545,453753
917445,453753
917490,453753
917355,453753
917289,453753
917381,453753
917408,453753
917367,453753
917273,453753
916663,453753
917416,453753
917430,453753
917520,453753
917472,453753
917493,453753
917347,453753
917521,453753
917539,453753
917242,453753
917154,453753
917424,453753
916903,453753
916866,453753
917465,453753
917291,453753
917562,453753
917312,453753
917331,453753
916453,453753
917479,453753
917520,453753
917547,453753
917673,453753
917667,453753
917604,453753
917645,453753
917624,453753
917508,453753
917542,453753
917585,453753
917635,453753
917563,453753
917596,453753
917457,453753
917575,453753
917487,453753
917560,453753
917466,453753
917515,453753
917476,453753
917419,453753
917448,453753
917506,453753
917408,453753
917507,453753
917288,453753
916917,453753
917291,453753
917157,453753
916319,453753
916872,453753
917273,453753
917429,453753
917328,453753
917074,453753
917118,453753
917048,453753
917333,453753
917532,453753
917451,453753
917308,453753
917371,453753
917419,453753
917372,453753
917349,453753
917307,453753
916938,453753
917174,453753
917494,453753
917469,453753
917488,453753
917510,453753
917467,453753
917610,453753
916786,453753
917393,453753
917396,453753
917443,453753
917492,453753
917564,453753
917554,453753
917475,453753
917587,453753
917606,453753
917608,453753
917564,453753
917478,453753
917259,453753
917339,453753
917432,453753
917482,453753
917539,453753
917375,453753
917567,453753
917497,453753
917541,453753
917560,453753
917300,453753
917432,453753
917490,453753
917542,453753
916965,453753
917477,453753
917520,453753
917454,453753
917499,453753
917390,453753
917433,453753
917364,453753
917358,453753
917173,453753
916145,453753
917368,453753
917435,453753
917516,453753
917622,453753
917589,453753
917341,453753
917234,453753
917446,453753
917496,453753
917160,453753
917228,453753
917596,453753
917455,453753
917515,453753
917469,453753
917309,453753
917245,453753
917277,453753
917372,453753
917606,453753
917356,453753
917630,453753
917600,453753
917456,453753
917465,453753
917575,453753
917470,453753
917656,453753
917676,453753
917582,453753
917366,453753
917295,453753
917397,453753
917367,453753
917549,453753
917554,453753
916991,453753
915833,453753
916203,453753
917504,453753
917518,453753
917518,453753
917391,453753
917488,453753
917234,453753
917547,453753
917542,453753
917506,453753
917313,453753
917468,453753
917430,453753
916798,453753
917271,453753
917473,453753
917423,453753
917474,453753
917377,453753
917442,453753
917555,453753
917587,453753
917459,453753
917359,453753
917421,453753
917226,453753
917317,453753
917456,453753
917572,453753
917375,453753
917413,453753
917410,453753
917169,453753
917180,453753
917546,453753
917527,453753
917578,453753
917566,453753
917612,453753
917430,453753
917608,453753
917554,453753
917525,453753
917567,453753
917562,453753
917498,453753
917500,453753
917589,453753
917584,453753
917472,453753
917573,453753
917597,453753
917564,453753
917520,453753
917373,453753
917556,453753
917385,453753
917583,453753
917279,453753
917448,453753
917077,453753
916853,453753
917482,453753
917389,453753
917454,453753
917572,453753
917433,453753
917444,453753
917532,453753
917522,453753
917608,453753
917546,453753
917334,453753
917211,453753
917457,453753
917394,453753
917419,453753
917577,453753
917457,453753
917285,453753
917451,453753
917403,453753
917524,453753
917460,453753
917348,453753
917547,453753
917486,453753
917639,453753
917531,453753
917623,453753
917425,453753
917438,453753
917573,453753
917573,453753
917547,453753
917539,453753
917530,453753
917546,453753
917543,453753
917539,453753
917584,453753
917363,453753
917375,453753
917444,453753
917493,453753
917550,453753
917383,453753
917114,453753
916686,453753
917352,453753
917458,453753
917511,453753
917261,453753
917429,453753
917333,453753
917326,453753
917338,453753
917528,453753
917355,453753
915745,453753
917557,453753
917553,453753
917420,453753
917521,453753
917237,453753
917353,453753
917471,453753
917362,453753
917025,453753
917468,453753
917425,453753
917577,453753
917523,453753
917603,453753
917488,453753
917554,453753
917506,453753
917596,453753
917492,453753
917675,453753
917552,453753
917433,453753
916767,453753
917583,453753
917126,453753
917010,453753
917351,453753
917287,453753
917631,453753
917485,453753
917520,453753
917680,453753
917623,453753
917530,453753
917391,453753
917362,453753
917497,453753
917558,453753
917476,453753
917424,453753
917442,453753
913959,453753
908239,453753
915747,453753
917352,453753
917269,453753
917254,453753
917535,453753
917299,453753
917481,453753
917599,453753
917420,453753
916527,453753
917197,453753
917245,453753
917465,453753
917585,453753
917421,453753
917281,453753
917251,453753
917393,453753
917394,453753
917502,453753
917563,453753
917512,453753
917690,453753
917542,453753
917303,453753
917640,453753
917566,453753
917598,453753
917646,453753
917510,453753
917495,453753
917594,453753
917631,453753
917552,453753
917411,453753
917569,453753
917524,453753
917441,453753
917485,453753
917493,453753
917575,453753
917467,453753
917485,453753
917145,453753
916393,453753
917311,453753
917461,453753
917226,453753
917307,453753
917311,453753
917367,453753
917333,453753
917463,453753
917588,453753
917531,453753
917409,453753
917524,453753
917435,453753
917146,453753
917163,453753
917556,453753
917424,453753
917249,453753
917545,453753
917491,453753
917454,453753
917549,453753
917258,453753
917309,453753
917577,453753
917613,453753
917295,453753
917176,453753
917619,453753
917693,453753
917659,453753
917629,453753
917425,453753
917281,453753
917660,453753
917499,453753
917476,453753
917584,453753
917589,453753
917599,453753
917520,453753
917518,453753
917498,453753
917478,453753
917599,453753
917400,453753
917346,453753
917115,453753
917358,453753
917349,453753
917286,453753
917443,453753
917613,453753
917434,453753
917442,453753
917374,453753
917298,453753
917379,453753
917546,453753
917496,453753
917539,453753
917544,453753
917499,453753
917694,453753
917642,453753
917603,453753
917488,453753
917605,453753
917510,453753
917553,453753
917637,453753
917611,453753
917561,453753
917588,453753
917664,453753
917464,453753
917374,453753
917256,453753
917251,453753
917436,453753
917490,453753
916802,453753
917485,453753
917354,453753
917399,453753
917444,453753
917324,453753
917309,453753
917528,453753
917377,453753
917462,453753
917458,453753
917499,453753
917580,453753
917544,453753
917474,453753
917627,453753
917622,453753
917603,453753
917562,453753
917363,453753
917576,453753
917666,453753
917599,453753
917466,453753
917669,453753
917600,453753
917474,453753
917193,453753
917493,453753
917205,453753
917489,453753
917512,453753
917563,453753
917504,453753
917369,453753
917499,453753
917576,453753
916912,453753
917182,453753
917292,453753
917505,453753
916900,453753
917498,453753
917486,453753
917598,453753
917686,453753
917641,453753
917626,453753
917599,453753
917503,453753
917611,453753
917371,453753
917324,453753
917670,453753
917526,453753
917585,453753
917494,453753
917557,453753
917592,453753
917631,453753
917461,453753
917524,453753
917559,453753
917326,453753
917264,453753
917635,453753
917503,453753
917598,453753
917455,453753
917444,453753
917524,453753
917422,453753
916897,453753
917034,453753
917396,453753
917469,453753
917542,453753
917616,453753
917457,453753
917551,453753
917535,453753
917632,453753
917584,453753
917320,453753
917145,453753
917533,453753
917599,453753
917406,453753
917319,453753
917662,453753
917673,453753
917674,453753
917509,453753
917323,453753
917313,453753
917264,453753
917619,453753
917532,453753
917356,453753
916966,453753
916965,453753
916768,453753
917539,453753
917429,453753
917671,453753
917250,453753
917500,453753
917559,453753
917582,453753
917597,453753
917622,453753
917581,453753
917625,453753
917531,453753
917507,453753
917370,453753
917426,453753
917684,453753
917692,453753
917700,453753
917613,453753
917624,453753
917587,453753
917471,453753
917539,453753
917556,453753
917475,453753
917501,453753
917387,453753
917481,453753
917298,453753
917333,453753
917463,453753
917440,453753
917149,453753
917463,453753
917570,453753
917573,453753
917437,453753
917524,453753
917634,453753
917562,453753
917651,453753
917542,453753
917635,453753
917607,453753
917550,453753
917616,453753
917651,453753
917593,453753
917487,453753
917332,453753
916630,453753
917397,453753
917461,453753
917488,453753
917216,453753
916805,453753
917361,453753
917550,453753
917432,453753
917090,453753
917270,453753
917296,453753
916752,453753
917385,453753
917559,453753
917582,453753
917428,453753
917631,453753
916669,453753
917049,453753
917353,453753
917412,453753
917626,453753
917404,453753
917631,453753
917629,453753
917652,453753
917600,453753
917506,453753
917584,453753
917495,453753
917456,453753
917377,453753
917072,453753
917008,453753
917460,453753
917489,453753
917577,453753
917418,453753
917474,453753
917575,453753
917616,453753
917655,453753
917633,453753
917639,453753
917643,453753
917568,453753
917413,453753
917683,453753
917632,453753
917600,453753
917580,453753
917610,453753
917566,453753
917506,453753
917497,453753
917509,453753
917472,453753
917603,453753
917650,453753
917512,453753
917414,453753
917237,453753
917580,453753
917612,453753
917542,453753
917652,453753
917513,453753
917057,453753
917487,453753
917584,453753
917524,453753
917133,453753
917255,453753
917651,453753
917581,453753
917628,453753
917729,453546
