TRACE,NSNPS_JACKKNIFE
920382,453753
920331,453753
920236,453753
920272,453753
920167,453753
920263,453753
920137,453753
920164,453753
920246,453753
920132,453753
920176,453753
919993,453753
920340,453753
920179,453753
920282,453753
920231,453753
920131,453753
919723,453753
919765,453753
920051,453753
920238,453753
920288,453753
920175,453753
920240,453753
920269,453753
920219,453753
920044,453753
919958,453753
920141,453753
920205,453753
920121,453753
920156,453753
920151,453753
920122,453753
920202,453753
920156,453753
920093,453753
920063,453753
920158,453753
920220,453753
920288,453753
920203,453753
920082,453753
919873,453753
919983,453753
920121,453753
920189,453753
920225,453753
920327,453753
920272,453753
920281,453753
919913,453753
919949,453753
920041,453753
919916,453753
920138,453753
920165,453753
919853,453753
920053,453753
919915,453753
920236,453753
920295,453753
920275,453753
920194,453753
920095,453753
920217,453753
920153,453753
920073,453753
920099,453753
920078,453753
919728,453753
920245,453753
920237,453753
920339,453753
920285,453753
920263,453753
920332,453753
920274,453753
920310,453753
920237,453753
919982,453753
920211,453753
920310,453753
920343,453753
920318,453753
920251,453753
920338,453753
920330,453753
920248,453753
920260,453753
919940,453753
919872,453753
920218,453753
918922,453753
920209,453753
920097,453753
920223,453753
920207,453753
920225,453753
920285,453753
920000,453753
920153,453753
919951,453753
919949,453753
919951,453753
920013,453753
920157,453753
920209,453753
920234,453753
920189,453753
920237,453753
920115,453753
920024,453753
919912,453753
919885,453753
919915,453753
920189,453753
920161,453753
920047,453753
919994,453753
920002,453753
920311,453753
920041,453753
920148,453753
920176,453753
920142,453753
920040,453753
920115,453753
920028,453753
920143,453753
920041,453753
920162,453753
920101,453753
920211,453753
920012,453753
920202,453753
920244,453753
920233,453753
919953,453753
920203,453753
919766,453753
919590,453753
920144,453753
920031,453753
920068,453753
919991,453753
920127,453753
920121,453753
920190,453753
920227,453753
920233,453753
920302,453753
920289,453753
920177,453753
920216,453753
920234,453753
920247,453753
920223,453753
920319,453753
920228,453753
920124,453753
920153,453753
920223,453753
920329,453753
920361,453753
920311,453753
920239,453753
920292,453753
920256,453753
920144,453753
920030,453753
920222,453753
920217,453753
920199,453753
920292,453753
920188,453753
920184,453753
920120,453753
920102,453753
920111,453753
920032,453753
918778,453753
918988,453753
920088,453753
920061,453753
920296,453753
920277,453753
920315,453753
920316,453753
920233,453753
920348,453753
920296,453753
919944,453753
919528,453753
919578,453753
919326,453753
919664,453753
919966,453753
920189,453753
920118,453753
920094,453753
920243,453753
920181,453753
919808,453753
920134,453753
920168,453753
920101,453753
920219,453753
920094,453753
919879,453753
920131,453753
920228,453753
920272,453753
920240,453753
920059,453753
920032,453753
919689,453753
919673,453753
919890,453753
919800,453753
920323,453753
920307,453753
920212,453753
920256,453753
920072,453753
920279,453753
920323,453753
920333,453753
920292,453753
920287,453753
920162,453753
919867,453753
920019,453753
920331,453753
920343,453753
920303,453753
920063,453753
920126,453753
919913,453753
920239,453753
920090,453753
920253,453753
920310,453753
920210,453753
920213,453753
920161,453753
920137,453753
920196,453753
920243,453753
919970,453753
919890,453753
920180,453753
920178,453753
920045,453753
920028,453753
920011,453753
920114,453753
920084,453753
919783,453753
920198,453753
920276,453753
919999,453753
919566,453753
920062,453753
920137,453753
920023,453753
920103,453753
919624,453753
920216,453753
920216,453753
920163,453753
919750,453753
920123,453753
920095,453753
920009,453753
919932,453753
920215,453753
920215,453753
920105,453753
919837,453753
920125,453753
920079,453753
920243,453753
920189,453753
920046,453753
920228,453753
920265,453753
920125,453753
920191,453753
920294,453753
920324,453753
920307,453753
920310,453753
920279,453753
920335,453753
920238,453753
920148,453753
920159,453753
920319,453753
920292,453753
920315,453753
920255,453753
920395,453753
920191,453753
920305,453753
920271,453753
920202,453753
920209,453753
920209,453753
920292,453753
920254,453753
920154,453753
919929,453753
919622,453753
919321,453753
919997,453753
920191,453753
919998,453753
920074,453753
920133,453753
920179,453753
920245,453753
920117,453753
920222,453753
920101,453753
919998,453753
920000,453753
920178,453753
920160,453753
920000,453753
919486,453753
920089,453753
920190,453753
920242,453753
920145,453753
920224,453753
920013,453753
920173,453753
920233,453753
919953,453753
919847,453753
920119,453753
919541,453753
919537,453753
920172,453753
920019,453753
920230,453753
920048,453753
920056,453753
918989,453753
920182,453753
920191,453753
920197,453753
920381,453753
920355,453753
920312,453753
920339,453753
920350,453753
920263,453753
920237,453753
920290,453753
920363,453753
920271,453753
920301,453753
920188,453753
920241,453753
920178,453753
920253,453753
920161,453753
920251,453753
920220,453753
920178,453753
920136,453753
920223,453753
920174,453753
920174,453753
919980,453753
919500,453753
919982,453753
919928,453753
918995,453753
919523,453753
919959,453753
920136,453753
920015,453753
919789,453753
919772,453753
919798,453753
920060,453753
920227,453753
920107,453753
919965,453753
920033,453753
920142,453753
920110,453753
919981,453753
919963,453753
919669,453753
919852,453753
920192,453753
920168,453753
920233,453753
920199,453753
920196,453753
920304,453753
919442,453753
920106,453753
920123,453753
920131,453753
920259,453753
920254,453753
920293,453753
920187,453753
920239,453753
920324,453753
920310,453753
920300,453753
920161,453753
919975,453753
920059,453753
920112,453753
920194,453753
920244,453753
920087,453753
920298,453753
920212,453753
920240,453753
920205,453753
920002,453753
920136,453753
920123,453753
920276,453753
919815,453753
920172,453753
920201,453753
920182,453753
920232,453753
920115,453753
920123,453753
920046,453753
920062,453753
919859,453753
918910,453753
920048,453753
920129,453753
920209,453753
920300,453753
920257,453753
919992,453753
919902,453753
920138,453753
920172,453753
919843,453753
919948,453753
920288,453753
920146,453753
920213,453753
920185,453753
919960,453753
919968,453753
919992,453753
920103,453753
920299,453753
920114,453753
920336,453753
920286,453753
920184,453753
920197,453753
920310,453753
920126,453753
920326,453753
920362,453753
920283,453753
920054,453753
919949,453753
920163,453753
920126,453753
920216,453753
920287,453753
919653,453753
918312,453753
918683,453753
920141,453753
920192,453753
920276,453753
920103,453753
920174,453753
919926,453753
920246,453753
920210,453753
920236,453753
920014,453753
920137,453753
920123,453753
919357,453753
920022,453753
920197,453753
920142,453753
920194,453753
920079,453753
920162,453753
920282,453753
920286,453753
920141,453753
920065,453753
920178,453753
920001,453753
920075,453753
920165,453753
920290,453753
920111,453753
920116,453753
920083,453753
919909,453753
919836,453753
920237,453753
920206,453753
920285,453753
920317,453753
920338,453753
920160,453753
920271,453753
920226,453753
920214,453753
920303,453753
920276,453753
920168,453753
920222,453753
920340,453753
920283,453753
920219,453753
920281,453753
920324,453753
920251,453753
920215,453753
920075,453753
920277,453753
920074,453753
920279,453753
919935,453753
920146,453753
919802,453753
919643,453753
920230,453753
920082,453753
920186,453753
920270,453753
920095,453753
920189,453753
920236,453753
920235,453753
920274,453753
920228,453753
920014,453753
919938,453753
920164,453753
920097,453753
920109,453753
920292,453753
920164,453753
919981,453753
920182,453753
920110,453753
920276,453753
920188,453753
920038,453753
920244,453753
920234,453753
920312,453753
920265,453753
920334,453753
920170,453753
920156,453753
920276,453753
920297,453753
920266,453753
920216,453753
920236,453753
920248,453753
920241,453753
920238,453753
920279,453753
920026,453753
920053,453753
920189,453753
920218,453753
920278,453753
920088,453753
919780,453753
919307,453753
920045,453753
920148,453753
920220,453753
920031,453753
920178,453753
919982,453753
920076,453753
920054,453753
920226,453753
920083,453753
918559,453753
920276,453753
920267,453753
920092,453753
920187,453753
920063,453753
920113,453753
920196,453753
920035,453753
919681,453753
920149,453753
920152,453753
920288,453753
920262,453753
920299,453753
920182,453753
920266,453753
920178,453753
920324,453753
920247,453753
920377,453753
920192,453753
920126,453753
919167,453753
920279,453753
919793,453753
919561,453753
920109,453753
919994,453753
920306,453753
920177,453753
920197,453753
920370,453753
920296,453753
920254,453753
920100,453753
920049,453753
920182,453753
920272,453753
920091,453753
920066,453753
920145,453753
916620,453753
911500,453753
918451,453753
919982,453753
919944,453753
919882,453753
920248,453753
920038,453753
920177,453753
920250,453753
920100,453753
919323,453753
919966,453753
919943,453753
920159,453753
920288,453753
920124,453753
920017,453753
919927,453753
920068,453753
920105,453753
920209,453753
920186,453753
920207,453753
920357,453753
920227,453753
919944,453753
920327,453753
920250,453753
920318,453753
920330,453753
920203,453753
920222,453753
920317,453753
920359,453753
920306,453753
920104,453753
920296,453753
920212,453753
920158,453753
920179,453753
920181,453753
920269,453753
920180,453753
920170,453753
919909,453753
919076,453753
920008,453753
920147,453753
919834,453753
920041,453753
920066,453753
920090,453753
920075,453753
920158,453753
920270,453753
920233,453753
920116,453753
920291,453753
920173,453753
919810,453753
919899,453753
920221,453753
920146,453753
920004,453753
920223,453753
920210,453753
920168,453753
920254,453753
920047,453753
920011,453753
920295,453753
920290,453753
920086,453753
919778,453753
920321,453753
920403,453753
920348,453753
920340,453753
920162,453753
920040,453753
920348,453753
920175,453753
920161,453753
920292,453753
920335,453753
920339,453753
920237,453753
920231,453753
920222,453753
920207,453753
920262,453753
920076,453753
920108,453753
919809,453753
920033,453753
920021,453753
919994,453753
920148,453753
920357,453753
920146,453753
920207,453753
920118,453753
920005,453753
920088,453753
920277,453753
920129,453753
920214,453753
920240,453753
920249,453753
920380,453753
920341,453753
920329,453753
920187,453753
920293,453753
920197,453753
920298,453753
920320,453753
920287,453753
920242,453753
920259,453753
920391,453753
920142,453753
920046,453753
919962,453753
919932,453753
920173,453753
920177,453753
919757,453753
920267,453753
920069,453753
920114,453753
920101,453753
920087,453753
920063,453753
920193,453753
920116,453753
920172,453753
920172,453753
920220,453753
920264,453753
920228,453753
920163,453753
920332,453753
920315,453753
920292,453753
920265,453753
920104,453753
920242,453753
920411,453753
920316,453753
920244,453753
920384,453753
920315,453753
920195,453753
919870,453753
920239,453753
919894,453753
920188,453753
920218,453753
920286,453753
920250,453753
920099,453753
920233,453753
920301,453753
919538,453753
919903,453753
920049,453753
920216,453753
919491,453753
920220,453753
920176,453753
920285,453753
920394,453753
920333,453753
920358,453753
920315,453753
920208,453753
920317,453753
920070,453753
920096,453753
920386,453753
920269,453753
920254,453753
920212,453753
920256,453753
920237,453753
920340,453753
920192,453753
920247,453753
920261,453753
920001,453753
919959,453753
920299,453753
920229,453753
920294,453753
920176,453753
920152,453753
920210,453753
920167,453753
919518,453753
919753,453753
920025,453753
920156,453753
920273,453753
920326,453753
920205,453753
920269,453753
920271,453753
920331,453753
920318,453753
920055,453753
919704,453753
920234,453753
920268,453753
920120,453753
920015,453753
920357,453753
920361,453753
920360,453753
920264,453753
920093,453753
920010,453753
919957,453753
920316,453753
920225,453753
920036,453753
919659,453753
919817,453753
919413,453753
920231,453753
920129,453753
920404,453753
919889,453753
920219,453753
920256,453753
920305,453753
920287,453753
920327,453753
920305,453753
920310,453753
920239,453753
920230,453753
920063,453753
920104,453753
920394,453753
920406,453753
920410,453753
920274,453753
920302,453753
920300,453753
920095,453753
920237,453753
920236,453753
920168,453753
920154,453753
920151,453753
920130,453753
920036,453753
920056,453753
920201,453753
920156,453753
919916,453753
920205,453753
920260,453753
920304,453753
920163,453753
920241,453753
920342,453753
920265,453753
920321,453753
920245,453753
920318,453753
920313,453753
920236,453753
920298,453753
920353,453753
920266,453753
920231,453753
919988,453753
919136,453753
920088,453753
920119,453753
920205,453753
919915,453753
919527,453753
920095,453753
920263,453753
920142,453753
919744,453753
919939,453753
919965,453753
919378,453753
920084,453753
920255,453753
920292,453753
920164,453753
920331,453753
919363,453753
919830,453753
920078,453753
920088,453753
920334,453753
920105,453753
920335,453753
920349,453753
920336,453753
920296,453753
920186,453753
920301,453753
920209,453753
920133,453753
920036,453753
919721,453753
919693,453753
920200,453753
920220,453753
920252,453753
920085,453753
920181,453753
920279,453753
920302,453753
920335,453753
920353,453753
920323,453753
920325,453753
920261,453753
920153,453753
920371,453753
920369,453753
920313,453753
920238,453753
920308,453753
920230,453753
920178,453753
920172,453753
920199,453753
920158,453753
920273,453753
920343,453753
920204,453753
920159,453753
919924,453753
920296,453753
920280,453753
920225,453753
920330,453753
920190,453753
919654,453753
920183,453753
920302,453753
920246,453753
919770,453753
919872,453753
920321,453753
920259,453753
920296,453753
920455,453546
