TRACE,NSNPS_JACKKNIFE
917564,453753
917581,453753
917499,453753
917504,453753
917438,453753
917525,453753
917391,453753
917382,453753
917454,453753
917390,453753
917465,453753
917212,453753
917545,453753
917402,453753
917468,453753
917454,453753
917293,453753
916882,453753
917048,453753
917247,453753
917503,453753
917501,453753
917430,453753
917452,453753
917516,453753
917466,453753
917223,453753
917216,453753
917410,453753
917406,453753
917384,453753
917380,453753
917391,453753
917272,453753
917402,453753
917457,453753
917402,453753
917336,453753
917458,453753
917484,453753
917485,453753
917450,453753
917320,453753
917121,453753
917174,453753
917351,453753
917399,453753
917430,453753
917497,453753
917537,453753
917559,453753
917172,453753
917239,453753
917336,453753
917175,453753
917391,453753
917421,453753
917108,453753
917281,453753
917206,453753
917437,453753
917530,453753
917518,453753
917429,453753
917387,453753
917418,453753
917452,453753
917288,453753
917335,453753
917296,453753
916940,453753
917440,453753
917468,453753
917566,453753
917534,453753
917477,453753
917587,453753
917471,453753
917610,453753
917471,453753
917185,453753
917450,453753
917516,453753
917594,453753
917592,453753
917489,453753
917561,453753
917576,453753
917471,453753
917475,453753
917186,453753
917145,453753
917462,453753
916279,453753
917439,453753
917329,453753
917393,453753
917373,453753
917394,453753
917485,453753
917248,453753
917335,453753
917281,453753
917181,453753
917207,453753
917241,453753
917474,453753
917423,453753
917410,453753
917429,453753
917481,453753
917402,453753
917268,453753
917143,453753
917135,453753
917098,453753
917447,453753
917420,453753
917305,453753
917286,453753
917231,453753
917536,453753
917278,453753
917412,453753
917480,453753
917310,453753
917333,453753
917382,453753
917270,453753
917367,453753
917268,453753
917405,453753
917350,453753
917411,453753
917251,453753
917399,453753
917498,453753
917480,453753
917234,453753
917413,453753
916989,453753
916786,453753
917344,453753
917274,453753
917273,453753
917246,453753
917353,453753
917394,453753
917463,453753
917446,453753
917487,453753
917487,453753
917507,453753
917430,453753
917470,453753
917466,453753
917474,453753
917495,453753
917532,453753
917445,453753
917378,453753
917390,453753
917488,453753
917568,453753
917578,453753
917543,453753
917480,453753
917484,453753
917485,453753
917402,453753
917306,453753
917468,453753
917451,453753
917435,453753
917492,453753
917362,453753
917421,453753
917343,453753
917322,453753
917358,453753
917248,453753
915979,453753
916062,453753
917379,453753
917290,453753
917530,453753
917482,453753
917551,453753
917516,453753
917434,453753
917562,453753
917559,453753
917190,453753
916794,453753
916837,453753
916667,453753
916969,453753
917201,453753
917433,453753
917366,453753
917290,453753
917487,453753
917422,453753
917091,453753
917407,453753
917442,453753
917346,453753
917440,453753
917311,453753
917106,453753
917339,453753
917434,453753
917483,453753
917503,453753
917207,453753
917338,453753
916928,453753
916853,453753
917143,453753
916996,453753
917592,453753
917497,453753
917458,453753
917448,453753
917295,453753
917464,453753
917546,453753
917504,453753
917554,453753
917541,453753
917387,453753
917147,453753
917251,453753
917581,453753
917597,453753
917569,453753
917378,453753
917360,453753
917199,453753
917430,453753
917360,453753
917506,453753
917566,453753
917436,453753
917415,453753
917430,453753
917435,453753
917403,453753
917443,453753
917194,453753
917147,453753
917429,453753
917396,453753
917255,453753
917302,453753
917266,453753
917326,453753
917361,453753
917088,453753
917400,453753
917525,453753
917237,453753
916789,453753
917316,453753
917390,453753
917301,453753
917270,453753
916698,453753
917482,453753
917436,453753
917315,453753
916946,453753
917357,453753
917277,453753
917257,453753
917122,453753
917492,453753
917504,453753
917266,453753
917057,453753
917365,453753
917288,453753
917479,453753
917463,453753
917319,453753
917444,453753
917474,453753
917358,453753
917440,453753
917524,453753
917555,453753
917538,453753
917551,453753
917502,453753
917538,453753
917503,453753
917431,453753
917410,453753
917583,453753
917512,453753
917556,453753
917482,453753
917618,453753
917406,453753
917518,453753
917517,453753
917498,453753
917481,453753
917403,453753
917532,453753
917472,453753
917399,453753
917166,453753
916735,453753
916581,453753
917249,453753
917439,453753
917202,453753
917292,453753
917338,453753
917403,453753
917489,453753
917371,453753
917421,453753
917341,453753
917228,453753
917349,453753
917361,453753
917298,453753
917244,453753
916797,453753
917317,453753
917418,453753
917443,453753
917376,453753
917472,453753
917260,453753
917411,453753
917449,453753
917240,453753
917014,453753
917290,453753
916772,453753
916821,453753
917382,453753
917200,453753
917485,453753
917184,453753
917321,453753
916212,453753
917421,453753
917455,453753
917457,453753
917590,453753
917580,453753
917580,453753
917575,453753
917554,453753
917498,453753
917447,453753
917515,453753
917586,453753
917517,453753
917509,453753
917349,453753
917521,453753
917387,453753
917490,453753
917385,453753
917491,453753
917457,453753
917384,453753
917376,453753
917461,453753
917364,453753
917463,453753
917224,453753
916825,453753
917219,453753
917152,453753
916225,453753
916937,453753
917167,453753
917375,453753
917216,453753
917049,453753
917041,453753
917012,453753
917296,453753
917448,453753
917391,453753
917228,453753
917275,453753
917413,453753
917315,453753
917268,453753
917255,453753
916995,453753
917127,453753
917417,453753
917398,453753
917447,453753
917428,453753
917427,453753
917577,453753
916565,453753
917328,453753
917332,453753
917334,453753
917483,453753
917513,453753
917499,453753
917421,453753
917484,453753
917579,453753
917517,453753
917511,453753
917451,453753
917121,453753
917240,453753
917354,453753
917424,453753
917460,453753
917321,453753
917533,453753
917470,453753
917513,453753
917450,453753
917236,453753
917399,453753
917353,453753
917483,453753
916853,453753
917434,453753
917485,453753
917458,453753
917480,453753
917376,453753
917330,453753
917334,453753
917318,453753
917127,453753
916134,453753
917296,453753
917364,453753
917496,453753
917518,453753
917502,453753
917280,453753
917156,453753
917355,453753
917454,453753
917149,453753
917171,453753
917527,453753
917444,453753
917438,453753
917436,453753
917197,453753
917233,453753
917176,453753
917324,453753
917538,453753
917347,453753
917583,453753
917528,453753
917391,453753
917455,453753
917499,453753
917377,453753
917571,453753
917601,453753
917501,453753
917293,453753
917199,453753
917401,453753
917355,453753
917469,453753
917504,453753
916978,453753
915956,453753
916326,453753
917348,453753
917423,453753
917444,453753
917366,453753
917448,453753
917253,453753
917456,453753
917451,453753
917476,453753
917257,453753
917367,453753
917385,453753
916766,453753
917179,453753
917432,453753
917342,453753
917443,453753
917327,453753
917370,453753
917539,453753
917550,453753
917378,453753
917246,453753
917390,453753
917237,453753
917263,453753
917409,453753
917497,453753
917385,453753
917388,453753
917317,453753
917104,453753
917166,453753
917446,453753
917471,453753
917492,453753
917541,453753
917548,453753
917399,453753
917462,453753
917455,453753
917486,453753
917504,453753
917529,453753
917437,453753
917429,453753
917526,453753
917528,453753
917421,453753
917545,453753
917546,453753
917514,453753
917446,453753
917276,453753
917502,453753
917286,453753
917531,453753
917159,453753
917349,453753
916975,453753
916795,453753
917425,453753
917296,453753
917424,453753
917487,453753
917386,453753
917368,453753
917482,453753
917449,453753
917529,453753
917463,453753
917255,453753
917134,453753
917358,453753
917374,453753
917359,453753
917486,453753
917370,453753
917289,453753
917416,453753
917341,453753
917491,453753
917426,453753
917320,453753
917482,453753
917437,453753
917549,453753
917459,453753
917600,453753
917376,453753
917356,453753
917512,453753
917528,453753
917503,453753
917456,453753
917447,453753
917428,453753
917471,453753
917456,453753
917505,453753
917281,453753
917330,453753
917406,453753
917438,453753
917507,453753
917318,453753
917045,453753
916602,453753
917340,453753
917381,453753
917477,453753
917299,453753
917399,453753
917260,453753
917313,453753
917340,453753
917471,453753
917335,453753
915842,453753
917479,453753
917491,453753
917298,453753
917447,453753
917225,453753
917379,453753
917374,453753
917307,453753
916999,453753
917380,453753
917381,453753
917503,453753
917482,453753
917559,453753
917426,453753
917470,453753
917442,453753
917522,453753
917446,453753
917604,453753
917447,453753
917326,453753
916692,453753
917506,453753
917067,453753
916851,453753
917309,453753
917261,453753
917555,453753
917351,453753
917406,453753
917610,453753
917571,453753
917479,453753
917237,453753
917364,453753
917478,453753
917511,453753
917395,453753
917373,453753
917401,453753
913624,453753
907879,453753
915573,453753
917225,453753
917197,453753
917096,453753
917444,453753
917268,453753
917412,453753
917536,453753
917343,453753
916615,453753
917162,453753
917207,453753
917341,453753
917504,453753
917360,453753
917222,453753
917164,453753
917324,453753
917362,453753
917443,453753
917485,453753
917468,453753
917581,453753
917480,453753
917195,453753
917580,453753
917528,453753
917540,453753
917562,453753
917475,453753
917476,453753
917543,453753
917579,453753
917499,453753
917273,453753
917480,453753
917447,453753
917415,453753
917451,453753
917454,453753
917513,453753
917392,453753
917400,453753
917121,453753
916300,453753
917210,453753
917381,453753
917121,453753
917231,453753
917277,453753
917338,453753
917317,453753
917387,453753
917469,453753
917427,453753
917373,453753
917453,453753
917381,453753
917106,453753
917145,453753
917450,453753
917382,453753
917301,453753
917477,453753
917402,453753
917437,453753
917484,453753
917314,453753
917290,453753
917512,453753
917552,453753
917305,453753
916987,453753
917559,453753
917607,453753
917597,453753
917542,453753
917345,453753
917232,453753
917618,453753
917410,453753
917376,453753
917501,453753
917519,453753
917556,453753
917439,453753
917476,453753
917428,453753
917373,453753
917515,453753
917321,453753
917306,453753
917025,453753
917297,453753
917295,453753
917187,453753
917372,453753
917596,453753
917393,453753
917419,453753
917353,453753
917221,453753
917297,453753
917513,453753
917384,453753
917450,453753
917509,453753
917436,453753
917623,453753
917584,453753
917581,453753
917421,453753
917497,453753
917405,453753
917503,453753
917552,453753
917519,453753
917486,453753
917518,453753
917606,453753
917382,453753
917273,453753
917190,453753
917186,453753
917375,453753
917391,453753
916904,453753
917477,453753
917318,453753
917326,453753
917388,453753
917307,453753
917270,453753
917451,453753
917366,453753
917412,453753
917420,453753
917419,453753
917491,453753
917464,453753
917427,453753
917581,453753
917536,453753
917558,453753
917524,453753
917349,453753
917457,453753
917621,453753
917586,453753
917480,453753
917582,453753
917551,453753
917410,453753
917147,453753
917459,453753
917197,453753
917446,453753
917415,453753
917519,453753
917461,453753
917339,453753
917450,453753
917538,453753
916822,453753
917146,453753
917262,453753
917430,453753
916755,453753
917472,453753
917390,453753
917542,453753
917629,453753
917549,453753
917617,453753
917563,453753
917425,453753
917506,453753
917242,453753
917325,453753
917592,453753
917504,453753
917514,453753
917424,453753
917492,453753
917499,453753
917569,453753
917413,453753
917440,453753
917545,453753
917196,453753
917201,453753
917538,453753
917450,453753
917551,453753
917415,453753
917394,453753
917449,453753
917421,453753
916882,453753
917040,453753
917322,453753
917401,453753
917494,453753
917564,453753
917447,453753
917525,453753
917445,453753
917584,453753
917538,453753
917339,453753
917064,453753
917484,453753
917580,453753
917385,453753
917300,453753
917592,453753
917584,453753
917627,453753
917497,453753
917308,453753
917229,453753
917264,453753
917581,453753
917456,453753
917325,453753
916919,453753
917026,453753
916692,453753
917507,453753
917388,453753
917597,453753
917153,453753
917415,453753
917485,453753
917520,453753
917532,453753
917563,453753
917467,453753
917562,453753
917433,453753
917452,453753
917303,453753
917386,453753
917609,453753
917636,453753
917655,453753
917521,453753
917590,453753
917506,453753
917358,453753
917441,453753
917488,453753
917413,453753
917419,453753
917360,453753
917438,453753
917238,453753
917287,453753
917435,453753
917411,453753
917133,453753
917403,453753
917502,453753
917509,453753
917425,453753
917440,453753
917555,453753
917487,453753
917560,453753
917477,453753
917569,453753
917512,453753
917490,453753
917527,453753
917566,453753
917480,453753
917460,453753
917218,453753
916567,453753
917391,453753
917415,453753
917466,453753
917186,453753
916707,453753
917263,453753
917470,453753
917404,453753
916962,453753
917179,453753
917225,453753
916561,453753
917330,453753
917489,453753
917510,453753
917344,453753
917613,453753
916617,453753
917006,453753
917271,453753
917353,453753
917578,453753
917314,453753
917578,453753
917559,453753
917563,453753
917510,453753
917465,453753
917514,453753
917415,453753
917364,453753
917269,453753
916978,453753
916811,453753
917369,453753
917494,453753
917515,453753
917362,453753
917414,453753
917483,453753
917518,453753
917572,453753
917540,453753
917564,453753
917579,453753
917508,453753
917363,453753
917615,453753
917594,453753
917534,453753
917489,453753
917502,453753
917492,453753
917407,453753
917428,453753
917441,453753
917440,453753
917505,453753
917598,453753
917449,453753
917388,453753
917252,453753
917530,453753
917546,453753
917486,453753
917607,453753
917416,453753
916953,453753
917439,453753
917510,453753
917466,453753
917025,453753
917153,453753
917563,453753
917511,453753
917565,453753
917681,453546
