TRACE,NSNPS_JACKKNIFE
919992,453753
919984,453753
919867,453753
919937,453753
919885,453753
919963,453753
919795,453753
919754,453753
919865,453753
919730,453753
919889,453753
919630,453753
919985,453753
919829,453753
919964,453753
919859,453753
919747,453753
919325,453753
919420,453753
919671,453753
919889,453753
919909,453753
919846,453753
919888,453753
919955,453753
919899,453753
919676,453753
919685,453753
919804,453753
919856,453753
919808,453753
919798,453753
919817,453753
919781,453753
919855,453753
919865,453753
919796,453753
919774,453753
919888,453753
919886,453753
919906,453753
919872,453753
919783,453753
919555,453753
919652,453753
919782,453753
919820,453753
919885,453753
919951,453753
919939,453753
919946,453753
919592,453753
919638,453753
919748,453753
919601,453753
919837,453753
919827,453753
919535,453753
919711,453753
919708,453753
919853,453753
919953,453753
919943,453753
919832,453753
919786,453753
919876,453753
919782,453753
919690,453753
919761,453753
919743,453753
919375,453753
919868,453753
919883,453753
920024,453753
919938,453753
919932,453753
919971,453753
919879,453753
919993,453753
919923,453753
919587,453753
919899,453753
919976,453753
920041,453753
919984,453753
919937,453753
919974,453753
919997,453753
919888,453753
919894,453753
919652,453753
919653,453753
919884,453753
918744,453753
919849,453753
919756,453753
919869,453753
919881,453753
919833,453753
919957,453753
919764,453753
919774,453753
919638,453753
919556,453753
919586,453753
919668,453753
919865,453753
919890,453753
919873,453753
919834,453753
919894,453753
919803,453753
919736,453753
919555,453753
919578,453753
919660,453753
919876,453753
919796,453753
919750,453753
919572,453753
919662,453753
919950,453753
919681,453753
919758,453753
919872,453753
919800,453753
919723,453753
919733,453753
919676,453753
919820,453753
919683,453753
919820,453753
919771,453753
919844,453753
919633,453753
919859,453753
919901,453753
919932,453753
919694,453753
919810,453753
919394,453753
919251,453753
919768,453753
919660,453753
919678,453753
919609,453753
919785,453753
919809,453753
919815,453753
919892,453753
919878,453753
919871,453753
919932,453753
919882,453753
919880,453753
919831,453753
919924,453753
919907,453753
920000,453753
919846,453753
919715,453753
919803,453753
919937,453753
920027,453753
920028,453753
919953,453753
919888,453753
919932,453753
919899,453753
919866,453753
919723,453753
919858,453753
919873,453753
919889,453753
919936,453753
919870,453753
919878,453753
919771,453753
919724,453753
919748,453753
919707,453753
918493,453753
918560,453753
919811,453753
919705,453753
920011,453753
919950,453753
919940,453753
919932,453753
919857,453753
919998,453753
919969,453753
919629,453753
919212,453753
919206,453753
919069,453753
919351,453753
919583,453753
919871,453753
919770,453753
919764,453753
919922,453753
919874,453753
919533,453753
919835,453753
919872,453753
919797,453753
919894,453753
919770,453753
919576,453753
919765,453753
919808,453753
919917,453753
919897,453753
919692,453753
919719,453753
919258,453753
919282,453753
919504,453753
919469,453753
919992,453753
919952,453753
919919,453753
919876,453753
919735,453753
919935,453753
919975,453753
919925,453753
919963,453753
919973,453753
919759,453753
919564,453753
919665,453753
920003,453753
919987,453753
919955,453753
919762,453753
919796,453753
919613,453753
919839,453753
919730,453753
919965,453753
919952,453753
919859,453753
919886,453753
919813,453753
919834,453753
919836,453753
919874,453753
919601,453753
919580,453753
919862,453753
919815,453753
919646,453753
919741,453753
919716,453753
919802,453753
919803,453753
919535,453753
919812,453753
919984,453753
919730,453753
919130,453753
919737,453753
919791,453753
919685,453753
919713,453753
919119,453753
919886,453753
919844,453753
919813,453753
919423,453753
919777,453753
919684,453753
919699,453753
919574,453753
919919,453753
919903,453753
919794,453753
919510,453753
919776,453753
919690,453753
919877,453753
919840,453753
919738,453753
919888,453753
919913,453753
919777,453753
919826,453753
919980,453753
920001,453753
919938,453753
920002,453753
919936,453753
919954,453753
919928,453753
919860,453753
919854,453753
920037,453753
919941,453753
919969,453753
919891,453753
920077,453753
919898,453753
919926,453753
919946,453753
919858,453753
919887,453753
919844,453753
919981,453753
919915,453753
919782,453753
919597,453753
919259,453753
918926,453753
919668,453753
919847,453753
919659,453753
919679,453753
919819,453753
919855,453753
919865,453753
919767,453753
919877,453753
919752,453753
919619,453753
919707,453753
919763,453753
919769,453753
919642,453753
919015,453753
919720,453753
919808,453753
919898,453753
919784,453753
919859,453753
919672,453753
919794,453753
919879,453753
919669,453753
919480,453753
919792,453753
919232,453753
919175,453753
919822,453753
919652,453753
919906,453753
919666,453753
919727,453753
918470,453753
919783,453753
919871,453753
919881,453753
920015,453753
920021,453753
919977,453753
920017,453753
919992,453753
919864,453753
919864,453753
919949,453753
919977,453753
919914,453753
919919,453753
919811,453753
919944,453753
919834,453753
919937,453753
919753,453753
919878,453753
919856,453753
919846,453753
919784,453753
919899,453753
919847,453753
919830,453753
919639,453753
919264,453753
919702,453753
919554,453753
918680,453753
919286,453753
919607,453753
919773,453753
919674,453753
919404,453753
919478,453753
919399,453753
919688,453753
919853,453753
919843,453753
919560,453753
919666,453753
919806,453753
919692,453753
919686,453753
919652,453753
919342,453753
919507,453753
919852,453753
919854,453753
919870,453753
919848,453753
919813,453753
919970,453753
919213,453753
919755,453753
919762,453753
919774,453753
919920,453753
919907,453753
919907,453753
919824,453753
919943,453753
919973,453753
919959,453753
919960,453753
919872,453753
919641,453753
919701,453753
919779,453753
919861,453753
919895,453753
919687,453753
919901,453753
919868,453753
919899,453753
919880,453753
919678,453753
919809,453753
919841,453753
919885,453753
919451,453753
919862,453753
919843,453753
919836,453753
919855,453753
919776,453753
919766,453753
919740,453753
919706,453753
919523,453753
918619,453753
919695,453753
919778,453753
919898,453753
919954,453753
919955,453753
919709,453753
919590,453753
919821,453753
919844,453753
919571,453753
919646,453753
919943,453753
919805,453753
919885,453753
919817,453753
919749,453753
919623,453753
919638,453753
919763,453753
919964,453753
919752,453753
919989,453753
919887,453753
919808,453753
919885,453753
919944,453753
919802,453753
920025,453753
920010,453753
919954,453753
919810,453753
919665,453753
919791,453753
919745,453753
919882,453753
919910,453753
919384,453753
918245,453753
918560,453753
919818,453753
919893,453753
919880,453753
919763,453753
919839,453753
919581,453753
919847,453753
919854,453753
919903,453753
919640,453753
919833,453753
919815,453753
919220,453753
919654,453753
919731,453753
919776,453753
919838,453753
919761,453753
919766,453753
919965,453753
919963,453753
919759,453753
919692,453753
919795,453753
919631,453753
919696,453753
919827,453753
919977,453753
919775,453753
919752,453753
919789,453753
919469,453753
919528,453753
919865,453753
919897,453753
919930,453753
919958,453753
919993,453753
919825,453753
919928,453753
919926,453753
919906,453753
919954,453753
919931,453753
919901,453753
919826,453753
919942,453753
919975,453753
919851,453753
919924,453753
919943,453753
919910,453753
919884,453753
919685,453753
919934,453753
919721,453753
919956,453753
919572,453753
919826,453753
919522,453753
919320,453753
919851,453753
919712,453753
919810,453753
919948,453753
919830,453753
919819,453753
919900,453753
919863,453753
919947,453753
919888,453753
919646,453753
919551,453753
919804,453753
919732,453753
919779,453753
919898,453753
919785,453753
919708,453753
919856,453753
919769,453753
919885,453753
919782,453753
919735,453753
919897,453753
919858,453753
919993,453753
919876,453753
920035,453753
919813,453753
919768,453753
919951,453753
919958,453753
919913,453753
919881,453753
919907,453753
919887,453753
919915,453753
919889,453753
919911,453753
919692,453753
919732,453753
919856,453753
919862,453753
919956,453753
919786,453753
919450,453753
919061,453753
919721,453753
919824,453753
919898,453753
919652,453753
919789,453753
919747,453753
919781,453753
919774,453753
919887,453753
919760,453753
918253,453753
919891,453753
919895,453753
919728,453753
919877,453753
919710,453753
919769,453753
919871,453753
919729,453753
919463,453753
919816,453753
919800,453753
919952,453753
919895,453753
919989,453753
919838,453753
919880,453753
919842,453753
919946,453753
919886,453753
920053,453753
919860,453753
919802,453753
919082,453753
919935,453753
919526,453753
919291,453753
919675,453753
919725,453753
919993,453753
919814,453753
919866,453753
920015,453753
919982,453753
919877,453753
919669,453753
919735,453753
919843,453753
919926,453753
919811,453753
919780,453753
919814,453753
916008,453753
911088,453753
918142,453753
919664,453753
919638,453753
919548,453753
919863,453753
919721,453753
919792,453753
919954,453753
919782,453753
918851,453753
919517,453753
919650,453753
919824,453753
919941,453753
919821,453753
919666,453753
919633,453753
919753,453753
919797,453753
919861,453753
919892,453753
919914,453753
919987,453753
919896,453753
919678,453753
920030,453753
919940,453753
919964,453753
919991,453753
919802,453753
919874,453753
919937,453753
919998,453753
919952,453753
919760,453753
919940,453753
919863,453753
919819,453753
919845,453753
919837,453753
919938,453753
919817,453753
919795,453753
919534,453753
918588,453753
919688,453753
919810,453753
919523,453753
919638,453753
919707,453753
919716,453753
919726,453753
919814,453753
919963,453753
919858,453753
919785,453753
919925,453753
919829,453753
919496,453753
919552,453753
919877,453753
919799,453753
919652,453753
919916,453753
919812,453753
919850,453753
919892,453753
919728,453753
919734,453753
919943,453753
919971,453753
919677,453753
919549,453753
919999,453753
920052,453753
920026,453753
920018,453753
919790,453753
919632,453753
920005,453753
919841,453753
919871,453753
919901,453753
919971,453753
919982,453753
919915,453753
919887,453753
919861,453753
919840,453753
919939,453753
919764,453753
919752,453753
919515,453753
919703,453753
919718,453753
919680,453753
919833,453753
919972,453753
919847,453753
919842,453753
919741,453753
919638,453753
919756,453753
919900,453753
919805,453753
919846,453753
919860,453753
919887,453753
920041,453753
919992,453753
919989,453753
919829,453753
919924,453753
919826,453753
919957,453753
919977,453753
919920,453753
919910,453753
919955,453753
920027,453753
919822,453753
919715,453753
919584,453753
919608,453753
919785,453753
919860,453753
919328,453753
919893,453753
919699,453753
919774,453753
919736,453753
919688,453753
919695,453753
919872,453753
919768,453753
919824,453753
919865,453753
919834,453753
919929,453753
919956,453753
919829,453753
920022,453753
919975,453753
919997,453753
919923,453753
919750,453753
919902,453753
920038,453753
919990,453753
919912,453753
920036,453753
919969,453753
919797,453753
919520,453753
919895,453753
919569,453753
919865,453753
919852,453753
919920,453753
919867,453753
919737,453753
919851,453753
919965,453753
919194,453753
919552,453753
919671,453753
919873,453753
919215,453753
919862,453753
919866,453753
919923,453753
920066,453753
919995,453753
920024,453753
919994,453753
919904,453753
919974,453753
919702,453753
919705,453753
920022,453753
919912,453753
919936,453753
919879,453753
919929,453753
919923,453753
919999,453753
919828,453753
919873,453753
919966,453753
919735,453753
919587,453753
919984,453753
919895,453753
919940,453753
919792,453753
919840,453753
919860,453753
919837,453753
919310,453753
919389,453753
919723,453753
919802,453753
919937,453753
919991,453753
919863,453753
919940,453753
919877,453753
920008,453753
919972,453753
919768,453753
919515,453753
919878,453753
919955,453753
919853,453753
919716,453753
919993,453753
920017,453753
920031,453753
919896,453753
919738,453753
919715,453753
919693,453753
919980,453753
919865,453753
919689,453753
919315,453753
919461,453753
918865,453753
919927,453753
919799,453753
920043,453753
919543,453753
919843,453753
919932,453753
919920,453753
919972,453753
920015,453753
919942,453753
919984,453753
919861,453753
919859,453753
919715,453753
919800,453753
920040,453753
920078,453753
920086,453753
919951,453753
919970,453753
919917,453753
919815,453753
919891,453753
919937,453753
919861,453753
919771,453753
919741,453753
919862,453753
919636,453753
919717,453753
919851,453753
919796,453753
919535,453753
919847,453753
919901,453753
919944,453753
919882,453753
919860,453753
919980,453753
919898,453753
919984,453753
919894,453753
919992,453753
919920,453753
919839,453753
919949,453753
920017,453753
919909,453753
919875,453753
919697,453753
919012,453753
919776,453753
919801,453753
919873,453753
919593,453753
919154,453753
919707,453753
919881,453753
919807,453753
919420,453753
919632,453753
919667,453753
919074,453753
919736,453753
919915,453753
919919,453753
919746,453753
920022,453753
918997,453753
919482,453753
919781,453753
919797,453753
919975,453753
919772,453753
919977,453753
919988,453753
920013,453753
919943,453753
919848,453753
919975,453753
919807,453753
919805,453753
919745,453753
919444,453753
919285,453753
919816,453753
919904,453753
919926,453753
919788,453753
919872,453753
919916,453753
919961,453753
920003,453753
920018,453753
920009,453753
920010,453753
919922,453753
919808,453753
920043,453753
920015,453753
919966,453753
919900,453753
919976,453753
919873,453753
919840,453753
919831,453753
919859,453753
919815,453753
919932,453753
920003,453753
919859,453753
919782,453753
919607,453753
919968,453753
919948,453753
919925,453753
920006,453753
919919,453753
919465,453753
919825,453753
919957,453753
919915,453753
919368,453753
919518,453753
919979,453753
919934,453753
919974,453753
920065,453546
