TRACE,NSNPS_JACKKNIFE
920664,453753
920633,453753
920578,453753
920571,453753
920561,453753
920614,453753
920465,453753
920484,453753
920525,453753
920437,453753
920504,453753
920297,453753
920631,453753
920488,453753
920669,453753
920570,453753
920459,453753
920116,453753
920154,453753
920307,453753
920568,453753
920602,453753
920536,453753
920590,453753
920601,453753
920525,453753
920313,453753
920250,453753
920528,453753
920523,453753
920526,453753
920461,453753
920492,453753
920441,453753
920555,453753
920559,453753
920456,453753
920415,453753
920549,453753
920572,453753
920594,453753
920508,453753
920461,453753
920195,453753
920328,453753
920464,453753
920481,453753
920536,453753
920642,453753
920611,453753
920628,453753
920278,453753
920363,453753
920400,453753
920306,453753
920498,453753
920507,453753
920231,453753
920357,453753
920305,453753
920527,453753
920643,453753
920638,453753
920570,453753
920469,453753
920591,453753
920490,453753
920386,453753
920480,453753
920377,453753
920076,453753
920543,453753
920551,453753
920667,453753
920646,453753
920634,453753
920685,453753
920584,453753
920687,453753
920568,453753
920281,453753
920517,453753
920650,453753
920706,453753
920707,453753
920587,453753
920652,453753
920653,453753
920533,453753
920571,453753
920310,453753
920193,453753
920568,453753
919617,453753
920555,453753
920439,453753
920518,453753
920497,453753
920523,453753
920621,453753
920382,453753
920414,453753
920359,453753
920190,453753
920298,453753
920328,453753
920582,453753
920585,453753
920589,453753
920510,453753
920569,453753
920469,453753
920357,453753
920244,453753
920165,453753
920216,453753
920545,453753
920502,453753
920408,453753
920275,453753
920371,453753
920638,453753
920383,453753
920500,453753
920553,453753
920461,453753
920391,453753
920510,453753
920329,453753
920485,453753
920341,453753
920499,453753
920455,453753
920566,453753
920379,453753
920554,453753
920547,453753
920578,453753
920291,453753
920546,453753
920135,453753
919955,453753
920438,453753
920333,453753
920314,453753
920248,453753
920428,453753
920474,453753
920532,453753
920547,453753
920516,453753
920573,453753
920606,453753
920544,453753
920548,453753
920558,453753
920561,453753
920580,453753
920659,453753
920550,453753
920525,453753
920502,453753
920615,453753
920708,453753
920676,453753
920651,453753
920600,453753
920623,453753
920577,453753
920502,453753
920388,453753
920539,453753
920578,453753
920521,453753
920584,453753
920532,453753
920548,453753
920477,453753
920353,453753
920417,453753
920381,453753
919077,453753
919470,453753
920457,453753
920384,453753
920631,453753
920586,453753
920630,453753
920640,453753
920546,453753
920667,453753
920617,453753
920306,453753
919888,453753
919923,453753
919811,453753
920082,453753
920310,453753
920531,453753
920477,453753
920398,453753
920588,453753
920535,453753
920212,453753
920485,453753
920478,453753
920461,453753
920539,453753
920415,453753
920271,453753
920468,453753
920490,453753
920567,453753
920616,453753
920375,453753
920478,453753
919936,453753
920036,453753
920302,453753
920138,453753
920682,453753
920609,453753
920571,453753
920582,453753
920447,453753
920611,453753
920653,453753
920574,453753
920645,453753
920673,453753
920487,453753
920327,453753
920308,453753
920660,453753
920673,453753
920615,453753
920473,453753
920411,453753
920260,453753
920581,453753
920373,453753
920598,453753
920658,453753
920553,453753
920546,453753
920539,453753
920506,453753
920515,453753
920583,453753
920249,453753
920209,453753
920519,453753
920502,453753
920376,453753
920427,453753
920378,453753
920422,453753
920500,453753
920116,453753
920507,453753
920619,453753
920387,453753
919995,453753
920410,453753
920458,453753
920381,453753
920369,453753
919932,453753
920556,453753
920552,453753
920462,453753
920046,453753
920413,453753
920379,453753
920364,453753
920285,453753
920571,453753
920581,453753
920411,453753
920172,453753
920457,453753
920423,453753
920543,453753
920524,453753
920363,453753
920537,453753
920584,453753
920445,453753
920549,453753
920597,453753
920671,453753
920663,453753
920673,453753
920621,453753
920664,453753
920604,453753
920473,453753
920485,453753
920667,453753
920589,453753
920643,453753
920596,453753
920735,453753
920523,453753
920597,453753
920637,453753
920570,453753
920557,453753
920502,453753
920636,453753
920650,453753
920482,453753
920278,453753
919826,453753
919704,453753
920385,453753
920512,453753
920313,453753
920384,453753
920502,453753
920487,453753
920581,453753
920495,453753
920506,453753
920438,453753
920299,453753
920437,453753
920450,453753
920401,453753
920353,453753
919829,453753
920415,453753
920499,453753
920533,453753
920496,453753
920540,453753
920382,453753
920498,453753
920580,453753
920336,453753
920193,453753
920483,453753
919955,453753
919970,453753
920447,453753
920301,453753
920548,453753
920419,453753
920455,453753
919106,453753
920527,453753
920525,453753
920548,453753
920715,453753
920716,453753
920638,453753
920686,453753
920681,453753
920555,453753
920552,453753
920600,453753
920681,453753
920588,453753
920662,453753
920500,453753
920621,453753
920526,453753
920604,453753
920480,453753
920598,453753
920561,453753
920527,453753
920485,453753
920553,453753
920477,453753
920526,453753
920329,453753
919854,453753
920283,453753
920287,453753
919353,453753
920038,453753
920313,453753
920451,453753
920340,453753
920103,453753
920117,453753
920098,453753
920342,453753
920534,453753
920442,453753
920356,453753
920353,453753
920507,453753
920444,453753
920368,453753
920290,453753
920004,453753
920166,453753
920547,453753
920521,453753
920509,453753
920558,453753
920485,453753
920636,453753
919860,453753
920447,453753
920463,453753
920418,453753
920574,453753
920602,453753
920640,453753
920523,453753
920605,453753
920687,453753
920654,453753
920626,453753
920547,453753
920371,453753
920420,453753
920510,453753
920525,453753
920578,453753
920387,453753
920625,453753
920498,453753
920577,453753
920608,453753
920370,453753
920477,453753
920477,453753
920573,453753
920087,453753
920476,453753
920580,453753
920547,453753
920558,453753
920446,453753
920423,453753
920360,453753
920421,453753
920201,453753
919194,453753
920377,453753
920451,453753
920569,453753
920674,453753
920607,453753
920374,453753
920284,453753
920420,453753
920538,453753
920176,453753
920317,453753
920582,453753
920506,453753
920576,453753
920519,453753
920340,453753
920319,453753
920329,453753
920444,453753
920613,453753
920405,453753
920653,453753
920619,453753
920470,453753
920534,453753
920602,453753
920504,453753
920704,453753
920679,453753
920630,453753
920397,453753
920318,453753
920500,453753
920430,453753
920531,453753
920613,453753
920013,453753
918741,453753
919147,453753
920472,453753
920601,453753
920603,453753
920455,453753
920497,453753
920296,453753
920548,453753
920560,453753
920600,453753
920334,453753
920493,453753
920513,453753
919795,453753
920257,453753
920461,453753
920436,453753
920526,453753
920431,453753
920461,453753
920628,453753
920604,453753
920486,453753
920332,453753
920460,453753
920303,453753
920318,453753
920483,453753
920618,453753
920441,453753
920521,453753
920392,453753
920243,453753
920200,453753
920593,453753
920576,453753
920639,453753
920640,453753
920653,453753
920465,453753
920552,453753
920567,453753
920598,453753
920623,453753
920585,453753
920555,453753
920519,453753
920638,453753
920676,453753
920509,453753
920600,453753
920618,453753
920602,453753
920570,453753
920410,453753
920598,453753
920347,453753
920582,453753
920323,453753
920449,453753
920124,453753
919901,453753
920555,453753
920445,453753
920489,453753
920622,453753
920499,453753
920518,453753
920590,453753
920574,453753
920633,453753
920534,453753
920353,453753
920223,453753
920470,453753
920438,453753
920441,453753
920640,453753
920484,453753
920380,453753
920538,453753
920442,453753
920604,453753
920487,453753
920432,453753
920575,453753
920559,453753
920667,453753
920583,453753
920688,453753
920455,453753
920492,453753
920628,453753
920586,453753
920571,453753
920567,453753
920572,453753
920531,453753
920592,453753
920584,453753
920617,453753
920378,453753
920476,453753
920528,453753
920527,453753
920592,453753
920439,453753
920224,453753
919810,453753
920375,453753
920508,453753
920552,453753
920359,453753
920505,453753
920372,453753
920440,453753
920399,453753
920567,453753
920431,453753
918984,453753
920587,453753
920595,453753
920415,453753
920538,453753
920265,453753
920447,453753
920501,453753
920381,453753
920166,453753
920458,453753
920505,453753
920601,453753
920582,453753
920634,453753
920550,453753
920559,453753
920551,453753
920658,453753
920555,453753
920710,453753
920541,453753
920434,453753
919663,453753
920659,453753
920264,453753
919965,453753
920380,453753
920385,453753
920675,453753
920480,453753
920513,453753
920699,453753
920646,453753
920570,453753
920364,453753
920357,453753
920534,453753
920633,453753
920494,453753
920438,453753
920514,453753
917073,453753
911333,453753
918645,453753
920363,453753
920248,453753
920272,453753
920550,453753
920365,453753
920486,453753
920628,453753
920418,453753
919553,453753
920255,453753
920315,453753
920506,453753
920633,453753
920497,453753
920350,453753
920299,453753
920479,453753
920451,453753
920552,453753
920598,453753
920563,453753
920718,453753
920573,453753
920272,453753
920666,453753
920640,453753
920605,453753
920667,453753
920510,453753
920547,453753
920638,453753
920683,453753
920613,453753
920472,453753
920640,453753
920558,453753
920508,453753
920495,453753
920550,453753
920608,453753
920489,453753
920504,453753
920216,453753
919399,453753
920362,453753
920501,453753
920231,453753
920300,453753
920352,453753
920375,453753
920439,453753
920488,453753
920635,453753
920553,453753
920478,453753
920610,453753
920529,453753
920198,453753
920226,453753
920539,453753
920458,453753
920352,453753
920548,453753
920511,453753
920549,453753
920592,453753
920407,453753
920391,453753
920621,453753
920645,453753
920353,453753
920159,453753
920701,453753
920706,453753
920689,453753
920681,453753
920512,453753
920330,453753
920679,453753
920488,453753
920489,453753
920627,453753
920643,453753
920630,453753
920525,453753
920548,453753
920503,453753
920522,453753
920627,453753
920377,453753
920370,453753
920149,453753
920411,453753
920371,453753
920277,453753
920448,453753
920659,453753
920480,453753
920481,453753
920431,453753
920370,453753
920463,453753
920599,453753
920424,453753
920538,453753
920584,453753
920596,453753
920726,453753
920677,453753
920662,453753
920542,453753
920632,453753
920545,453753
920622,453753
920651,453753
920602,453753
920553,453753
920608,453753
920699,453753
920505,453753
920411,453753
920274,453753
920298,453753
920515,453753
920519,453753
920001,453753
920592,453753
920406,453753
920471,453753
920399,453753
920403,453753
920380,453753
920524,453753
920468,453753
920490,453753
920541,453753
920515,453753
920601,453753
920580,453753
920504,453753
920715,453753
920639,453753
920645,453753
920625,453753
920470,453753
920550,453753
920719,453753
920662,453753
920559,453753
920696,453753
920628,453753
920451,453753
920203,453753
920526,453753
920239,453753
920542,453753
920527,453753
920678,453753
920554,453753
920443,453753
920539,453753
920635,453753
919938,453753
920247,453753
920370,453753
920517,453753
919800,453753
920560,453753
920548,453753
920642,453753
920706,453753
920675,453753
920734,453753
920633,453753
920545,453753
920629,453753
920368,453753
920421,453753
920691,453753
920588,453753
920606,453753
920524,453753
920585,453753
920599,453753
920700,453753
920476,453753
920591,453753
920674,453753
920367,453753
920295,453753
920647,453753
920539,453753
920627,453753
920505,453753
920490,453753
920534,453753
920527,453753
919947,453753
920154,453753
920434,453753
920473,453753
920557,453753
920643,453753
920550,453753
920625,453753
920606,453753
920641,453753
920644,453753
920396,453753
920168,453753
920611,453753
920639,453753
920502,453753
920420,453753
920709,453753
920726,453753
920719,453753
920563,453753
920396,453753
920323,453753
920283,453753
920693,453753
920543,453753
920483,453753
920012,453753
920161,453753
919772,453753
920585,453753
920534,453753
920690,453753
920265,453753
920546,453753
920586,453753
920595,453753
920625,453753
920663,453753
920632,453753
920635,453753
920596,453753
920535,453753
920391,453753
920469,453753
920704,453753
920769,453753
920719,453753
920616,453753
920658,453753
920630,453753
920452,453753
920563,453753
920577,453753
920563,453753
920458,453753
920480,453753
920506,453753
920363,453753
920348,453753
920514,453753
920531,453753
920267,453753
920528,453753
920629,453753
920617,453753
920524,453753
920545,453753
920653,453753
920603,453753
920654,453753
920548,453753
920620,453753
920656,453753
920569,453753
920629,453753
920669,453753
920622,453753
920518,453753
920343,453753
919597,453753
920455,453753
920467,453753
920525,453753
920235,453753
919767,453753
920373,453753
920604,453753
920475,453753
920137,453753
920298,453753
920300,453753
919817,453753
920368,453753
920584,453753
920635,453753
920458,453753
920668,453753
919544,453753
920172,453753
920432,453753
920483,453753
920648,453753
920429,453753
920671,453753
920686,453753
920679,453753
920596,453753
920529,453753
920636,453753
920550,453753
920458,453753
920346,453753
920055,453753
919996,453753
920494,453753
920551,453753
920593,453753
920488,453753
920521,453753
920568,453753
920620,453753
920603,453753
920646,453753
920722,453753
920725,453753
920642,453753
920441,453753
920719,453753
920704,453753
920659,453753
920537,453753
920602,453753
920582,453753
920497,453753
920513,453753
920532,453753
920539,453753
920643,453753
920693,453753
920553,453753
920502,453753
920233,453753
920626,453753
920645,453753
920602,453753
920680,453753
920577,453753
920066,453753
920515,453753
920645,453753
920606,453753
920068,453753
920226,453753
920683,453753
920616,453753
920664,453753
920763,453546
