TRACE,NSNPS_JACKKNIFE
920551,453753
920546,453753
920460,453753
920491,453753
920396,453753
920480,453753
920318,453753
920255,453753
920414,453753
920296,453753
920385,453753
920188,453753
920512,453753
920369,453753
920464,453753
920432,453753
920319,453753
919992,453753
920040,453753
920173,453753
920453,453753
920446,453753
920367,453753
920432,453753
920452,453753
920421,453753
920238,453753
920241,453753
920359,453753
920358,453753
920357,453753
920327,453753
920343,453753
920270,453753
920407,453753
920403,453753
920374,453753
920256,453753
920408,453753
920450,453753
920434,453753
920432,453753
920309,453753
920046,453753
920163,453753
920312,453753
920390,453753
920412,453753
920498,453753
920489,453753
920491,453753
920069,453753
920225,453753
920268,453753
920116,453753
920402,453753
920393,453753
920031,453753
920195,453753
920146,453753
920414,453753
920498,453753
920492,453753
920390,453753
920299,453753
920432,453753
920375,453753
920251,453753
920285,453753
920252,453753
919904,453753
920423,453753
920450,453753
920529,453753
920474,453753
920441,453753
920513,453753
920437,453753
920539,453753
920404,453753
920216,453753
920416,453753
920507,453753
920567,453753
920534,453753
920480,453753
920538,453753
920582,453753
920464,453753
920437,453753
920205,453753
920078,453753
920416,453753
919246,453753
920388,453753
920246,453753
920422,453753
920392,453753
920392,453753
920515,453753
920281,453753
920301,453753
920162,453753
920119,453753
920157,453753
920180,453753
920391,453753
920423,453753
920429,453753
920419,453753
920437,453753
920329,453753
920226,453753
920041,453753
920084,453753
920069,453753
920416,453753
920394,453753
920257,453753
920187,453753
920273,453753
920502,453753
920245,453753
920350,453753
920403,453753
920304,453753
920308,453753
920334,453753
920206,453753
920354,453753
920244,453753
920362,453753
920280,453753
920375,453753
920221,453753
920363,453753
920437,453753
920470,453753
920138,453753
920407,453753
919982,453753
919727,453753
920286,453753
920190,453753
920177,453753
920230,453753
920334,453753
920331,453753
920416,453753
920424,453753
920446,453753
920468,453753
920471,453753
920400,453753
920429,453753
920417,453753
920430,453753
920422,453753
920536,453753
920417,453753
920343,453753
920369,453753
920458,453753
920550,453753
920559,453753
920502,453753
920435,453753
920455,453753
920432,453753
920406,453753
920268,453753
920378,453753
920422,453753
920403,453753
920480,453753
920385,453753
920399,453753
920328,453753
920247,453753
920274,453753
920220,453753
918815,453753
919159,453753
920335,453753
920257,453753
920504,453753
920464,453753
920467,453753
920448,453753
920363,453753
920533,453753
920496,453753
920091,453753
919728,453753
919790,453753
919693,453753
919878,453753
920178,453753
920404,453753
920293,453753
920238,453753
920481,453753
920379,453753
919981,453753
920325,453753
920326,453753
920285,453753
920394,453753
920200,453753
920135,453753
920318,453753
920451,453753
920419,453753
920471,453753
920243,453753
920255,453753
919896,453753
919921,453753
920152,453753
920061,453753
920540,453753
920484,453753
920437,453753
920458,453753
920239,453753
920474,453753
920541,453753
920493,453753
920475,453753
920516,453753
920326,453753
920008,453753
920154,453753
920532,453753
920524,453753
920535,453753
920388,453753
920303,453753
920149,453753
920443,453753
920332,453753
920454,453753
920537,453753
920436,453753
920376,453753
920375,453753
920367,453753
920426,453753
920423,453753
920152,453753
920043,453753
920393,453753
920373,453753
920208,453753
920254,453753
920244,453753
920317,453753
920372,453753
920028,453753
920344,453753
920454,453753
920210,453753
919724,453753
920258,453753
920337,453753
920276,453753
920271,453753
919771,453753
920431,453753
920447,453753
920317,453753
919963,453753
920305,453753
920279,453753
920202,453753
920157,453753
920450,453753
920459,453753
920290,453753
920064,453753
920321,453753
920270,453753
920394,453753
920402,453753
920295,453753
920374,453753
920465,453753
920341,453753
920387,453753
920479,453753
920500,453753
920502,453753
920542,453753
920446,453753
920470,453753
920464,453753
920416,453753
920392,453753
920540,453753
920467,453753
920496,453753
920418,453753
920575,453753
920434,453753
920500,453753
920482,453753
920393,453753
920425,453753
920398,453753
920516,453753
920477,453753
920390,453753
920150,453753
919667,453753
919476,453753
920198,453753
920366,453753
920134,453753
920286,453753
920274,453753
920310,453753
920395,453753
920391,453753
920397,453753
920306,453753
920187,453753
920280,453753
920292,453753
920285,453753
920208,453753
919587,453753
920244,453753
920373,453753
920399,453753
920310,453753
920427,453753
920178,453753
920382,453753
920406,453753
920195,453753
919946,453753
920310,453753
919890,453753
919893,453753
920377,453753
920181,453753
920417,453753
920201,453753
920311,453753
919308,453753
920396,453753
920409,453753
920420,453753
920566,453753
920555,453753
920508,453753
920525,453753
920537,453753
920460,453753
920440,453753
920467,453753
920538,453753
920452,453753
920474,453753
920349,453753
920481,453753
920392,453753
920440,453753
920331,453753
920399,453753
920428,453753
920356,453753
920313,453753
920411,453753
920336,453753
920390,453753
920173,453753
919703,453753
920169,453753
920114,453753
919218,453753
919791,453753
920192,453753
920316,453753
920208,453753
919974,453753
920000,453753
919908,453753
920193,453753
920400,453753
920324,453753
920124,453753
920196,453753
920368,453753
920293,453753
920204,453753
920145,453753
919923,453753
920110,453753
920395,453753
920355,453753
920410,453753
920399,453753
920404,453753
920537,453753
919667,453753
920301,453753
920283,453753
920271,453753
920428,453753
920463,453753
920461,453753
920386,453753
920483,453753
920523,453753
920510,453753
920504,453753
920431,453753
920101,453753
920282,453753
920372,453753
920405,453753
920441,453753
920259,453753
920492,453753
920412,453753
920458,453753
920414,453753
920187,453753
920343,453753
920396,453753
920447,453753
919906,453753
920350,453753
920429,453753
920333,453753
920393,453753
920290,453753
920334,453753
920311,453753
920276,453753
920032,453753
919068,453753
920222,453753
920309,453753
920430,453753
920497,453753
920500,453753
920215,453753
920156,453753
920324,453753
920431,453753
920104,453753
920206,453753
920478,453753
920384,453753
920419,453753
920418,453753
920228,453753
920115,453753
920158,453753
920278,453753
920469,453753
920321,453753
920528,453753
920455,453753
920362,453753
920399,453753
920498,453753
920285,453753
920568,453753
920575,453753
920479,453753
920271,453753
920204,453753
920343,453753
920313,453753
920446,453753
920487,453753
919905,453753
918740,453753
919139,453753
920359,453753
920453,453753
920462,453753
920306,453753
920333,453753
920123,453753
920427,453753
920398,453753
920451,453753
920171,453753
920347,453753
920349,453753
919648,453753
920139,453753
920366,453753
920297,453753
920402,453753
920282,453753
920343,453753
920512,453753
920505,453753
920348,453753
920234,453753
920300,453753
920146,453753
920274,453753
920351,453753
920494,453753
920304,453753
920336,453753
920302,453753
920120,453753
920080,453753
920451,453753
920426,453753
920484,453753
920493,453753
920542,453753
920383,453753
920460,453753
920438,453753
920425,453753
920477,453753
920448,453753
920441,453753
920369,453753
920499,453753
920515,453753
920421,453753
920502,453753
920509,453753
920454,453753
920390,453753
920284,453753
920472,453753
920259,453753
920493,453753
920136,453753
920281,453753
919980,453753
919731,453753
920406,453753
920204,453753
920370,453753
920479,453753
920356,453753
920336,453753
920410,453753
920427,453753
920501,453753
920475,453753
920196,453753
920098,453753
920329,453753
920301,453753
920310,453753
920464,453753
920375,453753
920258,453753
920416,453753
920346,453753
920441,453753
920345,453753
920248,453753
920423,453753
920444,453753
920485,453753
920477,453753
920551,453753
920311,453753
920343,453753
920470,453753
920476,453753
920413,453753
920417,453753
920433,453753
920433,453753
920404,453753
920430,453753
920486,453753
920277,453753
920297,453753
920396,453753
920381,453753
920463,453753
920261,453753
919950,453753
919502,453753
920258,453753
920367,453753
920419,453753
920203,453753
920370,453753
920252,453753
920296,453753
920223,453753
920417,453753
920254,453753
918663,453753
920410,453753
920436,453753
920272,453753
920407,453753
920246,453753
920291,453753
920361,453753
920248,453753
919947,453753
920295,453753
920335,453753
920467,453753
920439,453753
920539,453753
920423,453753
920415,453753
920403,453753
920504,453753
920445,453753
920594,453753
920447,453753
920275,453753
919535,453753
920480,453753
920063,453753
919926,453753
920248,453753
920199,453753
920506,453753
920358,453753
920417,453753
920604,453753
920541,453753
920462,453753
920287,453753
920248,453753
920399,453753
920481,453753
920377,453753
920315,453753
920364,453753
916996,453753
912094,453753
918676,453753
920234,453753
920180,453753
920034,453753
920402,453753
920213,453753
920327,453753
920441,453753
920299,453753
919553,453753
920080,453753
920178,453753
920368,453753
920473,453753
920374,453753
920172,453753
920095,453753
920223,453753
920274,453753
920428,453753
920445,453753
920462,453753
920583,453753
920432,453753
920158,453753
920526,453753
920523,453753
920511,453753
920572,453753
920433,453753
920422,453753
920482,453753
920553,453753
920464,453753
920299,453753
920435,453753
920429,453753
920380,453753
920386,453753
920391,453753
920474,453753
920389,453753
920372,453753
920005,453753
919115,453753
920251,453753
920364,453753
920051,453753
920218,453753
920274,453753
920234,453753
920281,453753
920411,453753
920472,453753
920406,453753
920319,453753
920458,453753
920349,453753
920099,453753
920094,453753
920404,453753
920370,453753
920231,453753
920398,453753
920404,453753
920407,453753
920421,453753
920228,453753
920241,453753
920453,453753
920523,453753
920256,453753
920047,453753
920533,453753
920582,453753
920532,453753
920537,453753
920378,453753
920162,453753
920578,453753
920370,453753
920420,453753
920505,453753
920527,453753
920529,453753
920428,453753
920444,453753
920383,453753
920420,453753
920465,453753
920235,453753
920268,453753
919986,453753
920257,453753
920219,453753
920185,453753
920355,453753
920524,453753
920353,453753
920345,453753
920338,453753
920184,453753
920281,453753
920468,453753
920343,453753
920396,453753
920445,453753
920464,453753
920608,453753
920544,453753
920504,453753
920342,453753
920490,453753
920390,453753
920490,453753
920533,453753
920467,453753
920456,453753
920477,453753
920562,453753
920347,453753
920226,453753
920196,453753
920121,453753
920335,453753
920378,453753
919909,453753
920426,453753
920309,453753
920294,453753
920329,453753
920293,453753
920242,453753
920404,453753
920331,453753
920372,453753
920392,453753
920384,453753
920466,453753
920427,453753
920384,453753
920541,453753
920522,453753
920497,453753
920475,453753
920244,453753
920408,453753
920579,453753
920558,453753
920425,453753
920555,453753
920483,453753
920348,453753
920069,453753
920447,453753
920179,453753
920408,453753
920364,453753
920480,453753
920459,453753
920316,453753
920385,453753
920502,453753
919832,453753
920047,453753
920229,453753
920408,453753
919758,453753
920431,453753
920396,453753
920514,453753
920607,453753
920512,453753
920567,453753
920552,453753
920373,453753
920442,453753
920239,453753
920236,453753
920554,453753
920484,453753
920462,453753
920406,453753
920483,453753
920474,453753
920508,453753
920381,453753
920431,453753
920510,453753
920300,453753
920196,453753
920541,453753
920415,453753
920502,453753
920387,453753
920350,453753
920450,453753
920330,453753
919812,453753
919987,453753
920269,453753
920362,453753
920494,453753
920505,453753
920459,453753
920479,453753
920477,453753
920512,453753
920507,453753
920327,453753
920074,453753
920465,453753
920503,453753
920296,453753
920273,453753
920551,453753
920538,453753
920567,453753
920425,453753
920273,453753
920163,453753
920207,453753
920516,453753
920425,453753
920235,453753
919906,453753
919938,453753
919565,453753
920473,453753
920370,453753
920564,453753
920111,453753
920367,453753
920438,453753
920474,453753
920504,453753
920525,453753
920472,453753
920522,453753
920467,453753
920422,453753
920250,453753
920325,453753
920550,453753
920609,453753
920608,453753
920510,453753
920539,453753
920485,453753
920336,453753
920462,453753
920441,453753
920403,453753
920386,453753
920329,453753
920336,453753
920178,453753
920302,453753
920408,453753
920303,453753
920080,453753
920361,453753
920483,453753
920502,453753
920409,453753
920381,453753
920517,453753
920458,453753
920520,453753
920466,453753
920525,453753
920490,453753
920439,453753
920473,453753
920548,453753
920457,453753
920375,453753
920175,453753
919511,453753
920350,453753
920355,453753
920379,453753
920096,453753
919592,453753
920252,453753
920448,453753
920324,453753
919841,453753
920140,453753
920253,453753
919718,453753
920264,453753
920407,453753
920464,453753
920346,453753
920542,453753
919504,453753
919920,453753
920243,453753
920328,453753
920569,453753
920295,453753
920529,453753
920545,453753
920544,453753
920462,453753
920404,453753
920526,453753
920403,453753
920313,453753
920275,453753
920004,453753
919843,453753
920375,453753
920440,453753
920438,453753
920264,453753
920339,453753
920444,453753
920457,453753
920551,453753
920536,453753
920569,453753
920543,453753
920485,453753
920289,453753
920580,453753
920542,453753
920516,453753
920434,453753
920519,453753
920477,453753
920385,453753
920399,453753
920397,453753
920372,453753
920473,453753
920557,453753
920437,453753
920342,453753
920107,453753
920542,453753
920511,453753
920474,453753
920521,453753
920452,453753
919927,453753
920382,453753
920498,453753
920441,453753
919948,453753
920094,453753
920531,453753
920487,453753
920544,453753
920626,453546
