TRACE,NSNPS_JACKKNIFE
918601,453753
918577,453753
918505,453753
918527,453753
918402,453753
918526,453753
918375,453753
918412,453753
918475,453753
918403,453753
918451,453753
918241,453753
918554,453753
918463,453753
918538,453753
918477,453753
918291,453753
917960,453753
918026,453753
918248,453753
918470,453753
918555,453753
918435,453753
918525,453753
918546,453753
918455,453753
918274,453753
918222,453753
918400,453753
918425,453753
918428,453753
918391,453753
918404,453753
918314,453753
918450,453753
918433,453753
918417,453753
918328,453753
918455,453753
918485,453753
918524,453753
918447,453753
918355,453753
918106,453753
918251,453753
918352,453753
918457,453753
918420,453753
918534,453753
918535,453753
918553,453753
918183,453753
918256,453753
918311,453753
918167,453753
918436,453753
918417,453753
918153,453753
918293,453753
918271,453753
918482,453753
918509,453753
918512,453753
918433,453753
918394,453753
918461,453753
918454,453753
918322,453753
918362,453753
918305,453753
917916,453753
918451,453753
918487,453753
918594,453753
918519,453753
918508,453753
918594,453753
918499,453753
918593,453753
918513,453753
918223,453753
918444,453753
918524,453753
918623,453753
918600,453753
918486,453753
918577,453753
918586,453753
918525,453753
918470,453753
918192,453753
918161,453753
918468,453753
917341,453753
918458,453753
918286,453753
918408,453753
918421,453753
918419,453753
918535,453753
918328,453753
918386,453753
918301,453753
918143,453753
918190,453753
918259,453753
918475,453753
918433,453753
918466,453753
918439,453753
918466,453753
918360,453753
918302,453753
918107,453753
918078,453753
918131,453753
918434,453753
918420,453753
918291,453753
918196,453753
918294,453753
918562,453753
918315,453753
918378,453753
918448,453753
918342,453753
918322,453753
918425,453753
918323,453753
918379,453753
918263,453753
918408,453753
918321,453753
918418,453753
918235,453753
918465,453753
918497,453753
918497,453753
918227,453753
918465,453753
918026,453753
917872,453753
918329,453753
918291,453753
918272,453753
918177,453753
918362,453753
918306,453753
918450,453753
918444,453753
918444,453753
918504,453753
918450,453753
918449,453753
918461,453753
918460,453753
918484,453753
918505,453753
918574,453753
918480,453753
918382,453753
918410,453753
918507,453753
918619,453753
918615,453753
918591,453753
918486,453753
918543,453753
918540,453753
918452,453753
918356,453753
918412,453753
918445,453753
918433,453753
918530,453753
918379,453753
918450,453753
918377,453753
918348,453753
918334,453753
918279,453753
916953,453753
917248,453753
918370,453753
918283,453753
918524,453753
918496,453753
918543,453753
918525,453753
918473,453753
918577,453753
918538,453753
918193,453753
917737,453753
917791,453753
917673,453753
917930,453753
918192,453753
918435,453753
918378,453753
918330,453753
918498,453753
918454,453753
918084,453753
918448,453753
918452,453753
918372,453753
918491,453753
918340,453753
918178,453753
918374,453753
918468,453753
918480,453753
918519,453753
918275,453753
918353,453753
917855,453753
917947,453753
918185,453753
918032,453753
918592,453753
918567,453753
918498,453753
918459,453753
918300,453753
918515,453753
918587,453753
918526,453753
918538,453753
918534,453753
918380,453753
918141,453753
918264,453753
918563,453753
918605,453753
918579,453753
918358,453753
918354,453753
918193,453753
918464,453753
918342,453753
918531,453753
918562,453753
918488,453753
918457,453753
918420,453753
918420,453753
918439,453753
918473,453753
918162,453753
918073,453753
918425,453753
918415,453753
918286,453753
918292,453753
918301,453753
918329,453753
918394,453753
918069,453753
918382,453753
918545,453753
918308,453753
917718,453753
918309,453753
918362,453753
918296,453753
918299,453753
917719,453753
918473,453753
918441,453753
918354,453753
917931,453753
918371,453753
918328,453753
918319,453753
918133,453753
918490,453753
918459,453753
918333,453753
918092,453753
918399,453753
918305,453753
918469,453753
918388,453753
918365,453753
918466,453753
918500,453753
918358,453753
918415,453753
918542,453753
918563,453753
918507,453753
918594,453753
918508,453753
918571,453753
918519,453753
918400,453753
918378,453753
918574,453753
918515,453753
918551,453753
918509,453753
918647,453753
918431,453753
918518,453753
918527,453753
918431,453753
918437,453753
918400,453753
918540,453753
918494,453753
918439,453753
918156,453753
917754,453753
917490,453753
918241,453753
918429,453753
918243,453753
918316,453753
918360,453753
918381,453753
918491,453753
918434,453753
918433,453753
918326,453753
918234,453753
918325,453753
918346,453753
918346,453753
918254,453753
917750,453753
918328,453753
918402,453753
918469,453753
918379,453753
918451,453753
918333,453753
918428,453753
918433,453753
918222,453753
918121,453753
918379,453753
917812,453753
917680,453753
918414,453753
918234,453753
918454,453753
918283,453753
918349,453753
917319,453753
918437,453753
918434,453753
918497,453753
918603,453753
918601,453753
918547,453753
918585,453753
918595,453753
918517,453753
918478,453753
918525,453753
918560,453753
918483,453753
918512,453753
918414,453753
918525,453753
918428,453753
918511,453753
918382,453753
918507,453753
918451,453753
918391,453753
918407,453753
918483,453753
918395,453753
918413,453753
918222,453753
917775,453753
918240,453753
918208,453753
917484,453753
917970,453753
918204,453753
918405,453753
918233,453753
918101,453753
918068,453753
917977,453753
918211,453753
918460,453753
918418,453753
918256,453753
918283,453753
918420,453753
918326,453753
918260,453753
918252,453753
918070,453753
918161,453753
918464,453753
918447,453753
918459,453753
918408,453753
918414,453753
918593,453753
917819,453753
918341,453753
918385,453753
918335,453753
918480,453753
918490,453753
918528,453753
918452,453753
918512,453753
918571,453753
918525,453753
918499,453753
918434,453753
918183,453753
918221,453753
918378,453753
918458,453753
918491,453753
918309,453753
918495,453753
918428,453753
918535,453753
918492,453753
918264,453753
918384,453753
918414,453753
918483,453753
918060,453753
918432,453753
918439,453753
918450,453753
918477,453753
918353,453753
918324,453753
918314,453753
918353,453753
918052,453753
916992,453753
918325,453753
918360,453753
918468,453753
918530,453753
918557,453753
918312,453753
918232,453753
918353,453753
918451,453753
918129,453753
918186,453753
918537,453753
918401,453753
918474,453753
918407,453753
918241,453753
918203,453753
918194,453753
918343,453753
918544,453753
918339,453753
918580,453753
918557,453753
918384,453753
918453,453753
918512,453753
918376,453753
918580,453753
918608,453753
918515,453753
918332,453753
918228,453753
918398,453753
918334,453753
918469,453753
918520,453753
917994,453753
916846,453753
917273,453753
918391,453753
918450,453753
918458,453753
918389,453753
918409,453753
918151,453753
918525,453753
918442,453753
918502,453753
918241,453753
918422,453753
918382,453753
917706,453753
918222,453753
918389,453753
918316,453753
918431,453753
918316,453753
918370,453753
918490,453753
918562,453753
918348,453753
918262,453753
918369,453753
918163,453753
918248,453753
918447,453753
918552,453753
918335,453753
918372,453753
918371,453753
917990,453753
918090,453753
918494,453753
918436,453753
918500,453753
918516,453753
918568,453753
918463,453753
918465,453753
918478,453753
918486,453753
918561,453753
918503,453753
918420,453753
918418,453753
918545,453753
918569,453753
918423,453753
918523,453753
918563,453753
918507,453753
918469,453753
918327,453753
918520,453753
918331,453753
918516,453753
918215,453753
918356,453753
918054,453753
917877,453753
918461,453753
918291,453753
918420,453753
918537,453753
918375,453753
918423,453753
918496,453753
918505,453753
918528,453753
918477,453753
918239,453753
918105,453753
918377,453753
918365,453753
918413,453753
918464,453753
918435,453753
918298,453753
918473,453753
918321,453753
918500,453753
918383,453753
918317,453753
918478,453753
918488,453753
918552,453753
918450,453753
918575,453753
918372,453753
918390,453753
918527,453753
918496,453753
918494,453753
918465,453753
918486,453753
918502,453753
918500,453753
918517,453753
918507,453753
918308,453753
918311,453753
918451,453753
918461,453753
918534,453753
918318,453753
918070,453753
917700,453753
918320,453753
918433,453753
918500,453753
918261,453753
918399,453753
918335,453753
918343,453753
918303,453753
918464,453753
918327,453753
916587,453753
918548,453753
918504,453753
918351,453753
918458,453753
918258,453753
918377,453753
918399,453753
918326,453753
918033,453753
918378,453753
918384,453753
918509,453753
918461,453753
918569,453753
918459,453753
918454,453753
918427,453753
918534,453753
918444,453753
918618,453753
918432,453753
918376,453753
917531,453753
918500,453753
918050,453753
917788,453753
918283,453753
918236,453753
918549,453753
918443,453753
918429,453753
918614,453753
918569,453753
918501,453753
918293,453753
918338,453753
918470,453753
918536,453753
918375,453753
918370,453753
918440,453753
914993,453753
909505,453753
916665,453753
918205,453753
918253,453753
918156,453753
918466,453753
918280,453753
918448,453753
918526,453753
918389,453753
917505,453753
918160,453753
918224,453753
918323,453753
918519,453753
918388,453753
918226,453753
918219,453753
918374,453753
918419,453753
918457,453753
918470,453753
918437,453753
918583,453753
918520,453753
918260,453753
918594,453753
918551,453753
918564,453753
918573,453753
918468,453753
918483,453753
918547,453753
918615,453753
918526,453753
918359,453753
918489,453753
918462,453753
918384,453753
918433,453753
918406,453753
918526,453753
918436,453753
918375,453753
918111,453753
917237,453753
918308,453753
918375,453753
918110,453753
918183,453753
918270,453753
918259,453753
918293,453753
918389,453753
918503,453753
918431,453753
918350,453753
918522,453753
918384,453753
918085,453753
918084,453753
918448,453753
918427,453753
918281,453753
918475,453753
918438,453753
918439,453753
918471,453753
918266,453753
918267,453753
918572,453753
918577,453753
918296,453753
918104,453753
918619,453753
918651,453753
918606,453753
918614,453753
918400,453753
918245,453753
918597,453753
918374,453753
918446,453753
918545,453753
918554,453753
918551,453753
918496,453753
918479,453753
918458,453753
918435,453753
918530,453753
918340,453753
918333,453753
918025,453753
918308,453753
918350,453753
918239,453753
918400,453753
918551,453753
918427,453753
918408,453753
918383,453753
918237,453753
918323,453753
918468,453753
918416,453753
918444,453753
918511,453753
918495,453753
918641,453753
918580,453753
918575,453753
918428,453753
918527,453753
918416,453753
918541,453753
918558,453753
918552,453753
918456,453753
918569,453753
918625,453753
918403,453753
918237,453753
918238,453753
918201,453753
918409,453753
918478,453753
917844,453753
918500,453753
918342,453753
918293,453753
918298,453753
918289,453753
918220,453753
918428,453753
918371,453753
918407,453753
918453,453753
918477,453753
918500,453753
918522,453753
918426,453753
918605,453753
918580,453753
918551,453753
918504,453753
918318,453753
918459,453753
918636,453753
918582,453753
918515,453753
918623,453753
918569,453753
918434,453753
918050,453753
918461,453753
918156,453753
918465,453753
918487,453753
918523,453753
918424,453753
918357,453753
918447,453753
918552,453753
917877,453753
918154,453753
918287,453753
918454,453753
917772,453753
918478,453753
918453,453753
918558,453753
918639,453753
918567,453753
918578,453753
918556,453753
918449,453753
918544,453753
918297,453753
918350,453753
918609,453753
918556,453753
918520,453753
918482,453753
918550,453753
918525,453753
918579,453753
918427,453753
918460,453753
918543,453753
918296,453753
918208,453753
918553,453753
918453,453753
918557,453753
918388,453753
918424,453753
918425,453753
918429,453753
917917,453753
918028,453753
918264,453753
918383,453753
918551,453753
918547,453753
918447,453753
918514,453753
918507,453753
918574,453753
918547,453753
918280,453753
918051,453753
918492,453753
918547,453753
918412,453753
918315,453753
918599,453753
918588,453753
918620,453753
918506,453753
918289,453753
918233,453753
918236,453753
918602,453753
918465,453753
918320,453753
917964,453753
918011,453753
917689,453753
918505,453753
918436,453753
918621,453753
918143,453753
918498,453753
918513,453753
918529,453753
918559,453753
918621,453753
918521,453753
918538,453753
918500,453753
918505,453753
918314,453753
918406,453753
918613,453753
918617,453753
918679,453753
918548,453753
918581,453753
918535,453753
918415,453753
918506,453753
918486,453753
918457,453753
918394,453753
918343,453753
918449,453753
918260,453753
918345,453753
918440,453753
918378,453753
918120,453753
918449,453753
918502,453753
918529,453753
918439,453753
918503,453753
918528,453753
918497,453753
918530,453753
918451,453753
918567,453753
918506,453753
918504,453753
918515,453753
918596,453753
918507,453753
918443,453753
918338,453753
917683,453753
918444,453753
918386,453753
918452,453753
918196,453753
917753,453753
918289,453753
918484,453753
918419,453753
917950,453753
918213,453753
918235,453753
917607,453753
918342,453753
918482,453753
918501,453753
918333,453753
918556,453753
917630,453753
918065,453753
918332,453753
918379,453753
918606,453753
918363,453753
918586,453753
918593,453753
918577,453753
918520,453753
918459,453753
918566,453753
918495,453753
918433,453753
918320,453753
918018,453753
917924,453753
918397,453753
918434,453753
918504,453753
918322,453753
918411,453753
918532,453753
918543,453753
918570,453753
918599,453753
918579,453753
918563,453753
918522,453753
918361,453753
918629,453753
918609,453753
918577,453753
918508,453753
918544,453753
918496,453753
918433,453753
918401,453753
918444,453753
918429,453753
918518,453753
918601,453753
918462,453753
918416,453753
918227,453753
918533,453753
918546,453753
918508,453753
918601,453753
918433,453753
917958,453753
918439,453753
918570,453753
918509,453753
918126,453753
918194,453753
918569,453753
918528,453753
918577,453753
918639,453546
