TRACE,NSNPS_JACKKNIFE
920689,453753
920711,453753
920618,453753
920635,453753
920570,453753
920631,453753
920531,453753
920534,453753
920612,453753
920450,453753
920596,453753
920418,453753
920699,453753
920512,453753
920658,453753
920600,453753
920445,453753
920009,453753
920123,453753
920401,453753
920599,453753
920650,453753
920467,453753
920567,453753
920640,453753
920577,453753
920405,453753
920364,453753
920535,453753
920529,453753
920519,453753
920477,453753
920488,453753
920445,453753
920560,453753
920532,453753
920556,453753
920438,453753
920590,453753
920558,453753
920626,453753
920590,453753
920511,453753
920181,453753
920344,453753
920438,453753
920521,453753
920573,453753
920648,453753
920657,453753
920648,453753
920298,453753
920365,453753
920412,453753
920320,453753
920505,453753
920517,453753
920145,453753
920407,453753
920369,453753
920593,453753
920652,453753
920620,453753
920586,453753
920511,453753
920576,453753
920553,453753
920418,453753
920490,453753
920455,453753
920069,453753
920534,453753
920603,453753
920706,453753
920676,453753
920620,453753
920708,453753
920610,453753
920702,453753
920557,453753
920323,453753
920598,453753
920710,453753
920743,453753
920713,453753
920648,453753
920705,453753
920720,453753
920572,453753
920601,453753
920377,453753
920362,453753
920572,453753
919324,453753
920579,453753
920467,453753
920593,453753
920582,453753
920568,453753
920667,453753
920364,453753
920474,453753
920385,453753
920270,453753
920335,453753
920376,453753
920596,453753
920541,453753
920580,453753
920568,453753
920612,453753
920449,453753
920404,453753
920239,453753
920194,453753
920337,453753
920561,453753
920537,453753
920425,453753
920368,453753
920391,453753
920679,453753
920395,453753
920544,453753
920601,453753
920516,453753
920409,453753
920475,453753
920374,453753
920526,453753
920377,453753
920487,453753
920448,453753
920570,453753
920409,453753
920564,453753
920612,453753
920562,453753
920313,453753
920584,453753
920111,453753
919995,453753
920453,453753
920384,453753
920376,453753
920267,453753
920500,453753
920474,453753
920539,453753
920555,453753
920550,453753
920628,453753
920636,453753
920578,453753
920565,453753
920565,453753
920608,453753
920624,453753
920720,453753
920563,453753
920500,453753
920538,453753
920614,453753
920727,453753
920693,453753
920655,453753
920614,453753
920667,453753
920629,453753
920546,453753
920402,453753
920536,453753
920588,453753
920530,453753
920619,453753
920549,453753
920565,453753
920447,453753
920422,453753
920493,453753
920397,453753
919219,453753
919293,453753
920523,453753
920442,453753
920648,453753
920623,453753
920635,453753
920647,453753
920609,453753
920692,453753
920647,453753
920237,453753
919928,453753
919991,453753
919810,453753
920049,453753
920318,453753
920544,453753
920463,453753
920485,453753
920626,453753
920569,453753
920196,453753
920548,453753
920550,453753
920437,453753
920574,453753
920386,453753
920226,453753
920515,453753
920590,453753
920614,453753
920625,453753
920401,453753
920470,453753
920103,453753
920132,453753
920296,453753
920074,453753
920710,453753
920639,453753
920623,453753
920632,453753
920387,453753
920640,453753
920658,453753
920619,453753
920668,453753
920685,453753
920478,453753
920277,453753
920367,453753
920694,453753
920729,453753
920691,453753
920479,453753
920522,453753
920320,453753
920584,453753
920452,453753
920630,453753
920703,453753
920571,453753
920585,453753
920539,453753
920532,453753
920530,453753
920594,453753
920290,453753
920301,453753
920585,453753
920518,453753
920397,453753
920476,453753
920389,453753
920489,453753
920526,453753
920150,453753
920524,453753
920653,453753
920318,453753
919878,453753
920433,453753
920457,453753
920407,453753
920439,453753
919849,453753
920588,453753
920508,453753
920512,453753
919987,453753
920484,453753
920423,453753
920444,453753
920301,453753
920631,453753
920622,453753
920475,453753
920237,453753
920476,453753
920454,453753
920609,453753
920528,453753
920432,453753
920601,453753
920634,453753
920492,453753
920544,453753
920653,453753
920677,453753
920683,453753
920660,453753
920642,453753
920698,453753
920608,453753
920534,453753
920514,453753
920727,453753
920616,453753
920651,453753
920632,453753
920785,453753
920503,453753
920687,453753
920657,453753
920583,453753
920595,453753
920590,453753
920669,453753
920643,453753
920531,453753
920282,453753
919865,453753
919647,453753
920404,453753
920542,453753
920391,453753
920411,453753
920473,453753
920545,453753
920576,453753
920534,453753
920549,453753
920428,453753
920355,453753
920392,453753
920514,453753
920493,453753
920322,453753
919879,453753
920460,453753
920527,453753
920566,453753
920489,453753
920600,453753
920346,453753
920568,453753
920600,453753
920330,453753
920155,453753
920482,453753
920002,453753
919986,453753
920540,453753
920340,453753
920583,453753
920448,453753
920445,453753
919074,453753
920585,453753
920558,453753
920568,453753
920712,453753
920706,453753
920691,453753
920701,453753
920679,453753
920632,453753
920583,453753
920640,453753
920679,453753
920598,453753
920666,453753
920520,453753
920621,453753
920577,453753
920624,453753
920473,453753
920599,453753
920590,453753
920481,453753
920555,453753
920563,453753
920471,453753
920543,453753
920339,453753
919968,453753
920385,453753
920259,453753
919358,453753
920048,453753
920273,453753
920493,453753
920356,453753
920178,453753
920192,453753
920086,453753
920385,453753
920587,453753
920528,453753
920330,453753
920411,453753
920548,453753
920434,453753
920420,453753
920359,453753
920050,453753
920213,453753
920564,453753
920496,453753
920572,453753
920595,453753
920498,453753
920669,453753
919864,453753
920488,453753
920484,453753
920473,453753
920593,453753
920635,453753
920622,453753
920544,453753
920607,453753
920690,453753
920607,453753
920633,453753
920609,453753
920252,453753
920418,453753
920471,453753
920548,453753
920585,453753
920450,453753
920657,453753
920561,453753
920633,453753
920610,453753
920383,453753
920510,453753
920522,453753
920625,453753
920191,453753
920563,453753
920573,453753
920532,453753
920557,453753
920463,453753
920499,453753
920412,453753
920414,453753
920267,453753
919290,453753
920361,453753
920465,453753
920591,453753
920654,453753
920644,453753
920448,453753
920332,453753
920538,453753
920570,453753
920243,453753
920382,453753
920647,453753
920490,453753
920587,453753
920510,453753
920381,453753
920279,453753
920324,453753
920450,453753
920650,453753
920429,453753
920692,453753
920606,453753
920524,453753
920550,453753
920652,453753
920543,453753
920731,453753
920730,453753
920631,453753
920439,453753
920343,453753
920555,453753
920444,453753
920592,453753
920634,453753
920147,453753
919108,453753
919405,453753
920480,453753
920542,453753
920649,453753
920481,453753
920563,453753
920296,453753
920611,453753
920581,453753
920646,453753
920392,453753
920565,453753
920532,453753
919854,453753
920353,453753
920518,453753
920477,453753
920524,453753
920442,453753
920474,453753
920640,453753
920672,453753
920527,453753
920445,453753
920498,453753
920323,453753
920404,453753
920517,453753
920680,453753
920487,453753
920455,453753
920489,453753
920217,453753
920265,453753
920589,453753
920575,453753
920633,453753
920649,453753
920711,453753
920508,453753
920624,453753
920597,453753
920575,453753
920637,453753
920628,453753
920584,453753
920541,453753
920662,453753
920665,453753
920582,453753
920626,453753
920662,453753
920610,453753
920615,453753
920451,453753
920640,453753
920442,453753
920647,453753
920344,453753
920496,453753
920084,453753
919801,453753
920584,453753
920454,453753
920548,453753
920627,453753
920532,453753
920458,453753
920621,453753
920622,453753
920657,453753
920593,453753
920355,453753
920240,453753
920508,453753
920471,453753
920464,453753
920624,453753
920535,453753
920381,453753
920585,453753
920429,453753
920626,453753
920504,453753
920400,453753
920606,453753
920572,453753
920689,453753
920561,453753
920717,453753
920467,453753
920503,453753
920651,453753
920657,453753
920668,453753
920577,453753
920554,453753
920589,453753
920606,453753
920582,453753
920647,453753
920473,453753
920409,453753
920573,453753
920574,453753
920634,453753
920486,453753
920222,453753
919956,453753
920406,453753
920544,453753
920623,453753
920332,453753
920506,453753
920427,453753
920471,453753
920527,453753
920644,453753
920470,453753
918700,453753
920591,453753
920602,453753
920478,453753
920581,453753
920435,453753
920460,453753
920527,453753
920391,453753
920057,453753
920487,453753
920517,453753
920608,453753
920589,453753
920691,453753
920583,453753
920577,453753
920515,453753
920629,453753
920578,453753
920741,453753
920549,453753
920474,453753
919641,453753
920591,453753
920207,453753
919950,453753
920421,453753
920400,453753
920689,453753
920481,453753
920572,453753
920731,453753
920682,453753
920614,453753
920378,453753
920435,453753
920570,453753
920635,453753
920459,453753
920495,453753
920571,453753
917035,453753
911741,453753
918741,453753
920361,453753
920327,453753
920281,453753
920601,453753
920364,453753
920525,453753
920669,453753
920474,453753
919556,453753
920309,453753
920333,453753
920520,453753
920652,453753
920516,453753
920356,453753
920312,453753
920440,453753
920494,453753
920610,453753
920603,453753
920577,453753
920711,453753
920634,453753
920362,453753
920706,453753
920659,453753
920692,453753
920724,453753
920544,453753
920591,453753
920699,453753
920718,453753
920667,453753
920473,453753
920642,453753
920592,453753
920538,453753
920539,453753
920580,453753
920631,453753
920571,453753
920546,453753
920181,453753
919408,453753
920396,453753
920470,453753
920204,453753
920388,453753
920455,453753
920442,453753
920447,453753
920532,453753
920668,453753
920568,453753
920481,453753
920564,453753
920504,453753
920156,453753
920280,453753
920622,453753
920529,453753
920405,453753
920576,453753
920594,453753
920558,453753
920604,453753
920392,453753
920435,453753
920680,453753
920666,453753
920406,453753
920168,453753
920711,453753
920739,453753
920698,453753
920732,453753
920511,453753
920379,453753
920740,453753
920537,453753
920535,453753
920676,453753
920666,453753
920712,453753
920597,453753
920643,453753
920609,453753
920589,453753
920654,453753
920468,453753
920396,453753
920179,453753
920415,453753
920440,453753
920389,453753
920533,453753
920672,453753
920534,453753
920526,453753
920472,453753
920384,453753
920496,453753
920583,453753
920567,453753
920579,453753
920637,453753
920602,453753
920741,453753
920707,453753
920681,453753
920526,453753
920641,453753
920549,453753
920636,453753
920694,453753
920663,453753
920610,453753
920666,453753
920744,453753
920516,453753
920415,453753
920351,453753
920265,453753
920518,453753
920562,453753
920011,453753
920626,453753
920465,453753
920430,453753
920419,453753
920448,453753
920357,453753
920561,453753
920433,453753
920535,453753
920566,453753
920543,453753
920635,453753
920597,453753
920562,453753
920706,453753
920689,453753
920723,453753
920623,453753
920476,453753
920563,453753
920745,453753
920668,453753
920563,453753
920708,453753
920654,453753
920511,453753
920199,453753
920517,453753
920301,453753
920578,453753
920572,453753
920650,453753
920576,453753
920468,453753
920561,453753
920664,453753
920081,453753
920282,453753
920407,453753
920551,453753
919827,453753
920574,453753
920545,453753
920612,453753
920739,453753
920722,453753
920720,453753
920703,453753
920599,453753
920672,453753
920426,453753
920498,453753
920735,453753
920650,453753
920646,453753
920573,453753
920667,453753
920630,453753
920710,453753
920553,453753
920592,453753
920669,453753
920403,453753
920249,453753
920663,453753
920590,453753
920659,453753
920540,453753
920517,453753
920564,453753
920552,453753
919993,453753
920167,453753
920374,453753
920532,453753
920604,453753
920715,453753
920618,453753
920621,453753
920635,453753
920681,453753
920694,453753
920447,453753
920205,453753
920647,453753
920700,453753
920487,453753
920443,453753
920722,453753
920733,453753
920739,453753
920613,453753
920410,453753
920419,453753
920369,453753
920719,453753
920581,453753
920454,453753
920118,453753
920172,453753
919785,453753
920623,453753
920524,453753
920721,453753
920271,453753
920606,453753
920625,453753
920621,453753
920637,453753
920722,453753
920646,453753
920674,453753
920596,453753
920580,453753
920386,453753
920528,453753
920745,453753
920752,453753
920783,453753
920679,453753
920700,453753
920631,453753
920482,453753
920631,453753
920603,453753
920564,453753
920524,453753
920522,453753
920531,453753
920299,453753
920408,453753
920531,453753
920471,453753
920228,453753
920552,453753
920622,453753
920623,453753
920528,453753
920551,453753
920687,453753
920604,453753
920706,453753
920602,453753
920700,453753
920641,453753
920579,453753
920655,453753
920738,453753
920637,453753
920543,453753
920408,453753
919714,453753
920500,453753
920491,453753
920616,453753
920296,453753
919837,453753
920375,453753
920600,453753
920483,453753
920104,453753
920282,453753
920292,453753
919742,453753
920485,453753
920641,453753
920670,453753
920492,453753
920721,453753
919814,453753
920184,453753
920430,453753
920506,453753
920697,453753
920509,453753
920752,453753
920738,453753
920712,453753
920614,453753
920593,453753
920667,453753
920572,453753
920517,453753
920426,453753
920093,453753
920036,453753
920518,453753
920585,453753
920610,453753
920528,453753
920538,453753
920623,453753
920679,453753
920693,453753
920730,453753
920717,453753
920691,453753
920641,453753
920465,453753
920698,453753
920735,453753
920671,453753
920591,453753
920691,453753
920602,453753
920531,453753
920536,453753
920563,453753
920542,453753
920660,453753
920701,453753
920579,453753
920524,453753
920307,453753
920710,453753
920669,453753
920630,453753
920720,453753
920558,453753
920121,453753
920507,453753
920656,453753
920609,453753
920237,453753
920340,453753
920698,453753
920638,453753
920708,453753
920733,453546
