TRACE,NSNPS_JACKKNIFE
918255,453753
918223,453753
918098,453753
918187,453753
918068,453753
918176,453753
918017,453753
918034,453753
918075,453753
918026,453753
918120,453753
917920,453753
918224,453753
918050,453753
918141,453753
918108,453753
917991,453753
917671,453753
917753,453753
917903,453753
918128,453753
918182,453753
918090,453753
918148,453753
918136,453753
918140,453753
917892,453753
917930,453753
918047,453753
918074,453753
918076,453753
918044,453753
918018,453753
918002,453753
918077,453753
918092,453753
918037,453753
917986,453753
918108,453753
918134,453753
918167,453753
918098,453753
918041,453753
917774,453753
917869,453753
918006,453753
918059,453753
918099,453753
918181,453753
918172,453753
918169,453753
917824,453753
917886,453753
918001,453753
917795,453753
918053,453753
918043,453753
917693,453753
917967,453753
917965,453753
918097,453753
918208,453753
918188,453753
918066,453753
918078,453753
918111,453753
918096,453753
917978,453753
917979,453753
917931,453753
917568,453753
918115,453753
918171,453753
918271,453753
918238,453753
918162,453753
918247,453753
918120,453753
918221,453753
918124,453753
917892,453753
918121,453753
918195,453753
918252,453753
918223,453753
918148,453753
918202,453753
918237,453753
918127,453753
918084,453753
917890,453753
917766,453753
918141,453753
916992,453753
918134,453753
918021,453753
918082,453753
918126,453753
918123,453753
918184,453753
917907,453753
917975,453753
917898,453753
917742,453753
917884,453753
917854,453753
918103,453753
918126,453753
918126,453753
918103,453753
918116,453753
918040,453753
917874,453753
917755,453753
917745,453753
917890,453753
918102,453753
918021,453753
917954,453753
917870,453753
917949,453753
918188,453753
917985,453753
918041,453753
918079,453753
917979,453753
917975,453753
918067,453753
917953,453753
918059,453753
917973,453753
918022,453753
917996,453753
918063,453753
917893,453753
918040,453753
918145,453753
918177,453753
917866,453753
918127,453753
917646,453753
917493,453753
918038,453753
917962,453753
917955,453753
917899,453753
918047,453753
918013,453753
918067,453753
918105,453753
918095,453753
918141,453753
918155,453753
918110,453753
918108,453753
918133,453753
918129,453753
918132,453753
918232,453753
918128,453753
918041,453753
918099,453753
918128,453753
918260,453753
918240,453753
918197,453753
918183,453753
918161,453753
918122,453753
918110,453753
917936,453753
918097,453753
918151,453753
918095,453753
918193,453753
918024,453753
918122,453753
918046,453753
917962,453753
917989,453753
917961,453753
916803,453753
916963,453753
918081,453753
917930,453753
918217,453753
918132,453753
918196,453753
918162,453753
918078,453753
918208,453753
918199,453753
917812,453753
917474,453753
917461,453753
917326,453753
917645,453753
917852,453753
918108,453753
918002,453753
917937,453753
918134,453753
918099,453753
917758,453753
918000,453753
918073,453753
918003,453753
918103,453753
917977,453753
917762,453753
918041,453753
918079,453753
918139,453753
918158,453753
917948,453753
918005,453753
917572,453753
917606,453753
917800,453753
917599,453753
918245,453753
918173,453753
918136,453753
918094,453753
917943,453753
918126,453753
918157,453753
918175,453753
918157,453753
918202,453753
918029,453753
917861,453753
917923,453753
918238,453753
918230,453753
918198,453753
918047,453753
918008,453753
917833,453753
918131,453753
918002,453753
918182,453753
918248,453753
918113,453753
918094,453753
918056,453753
918053,453753
918089,453753
918115,453753
917845,453753
917772,453753
918085,453753
918075,453753
917906,453753
917988,453753
917959,453753
917967,453753
918028,453753
917774,453753
918051,453753
918184,453753
917988,453753
917462,453753
917951,453753
917982,453753
917900,453753
917941,453753
917419,453753
918117,453753
918095,453753
918056,453753
917703,453753
918021,453753
917955,453753
917928,453753
917797,453753
918126,453753
918148,453753
917952,453753
917745,453753
918040,453753
918004,453753
918118,453753
918059,453753
917969,453753
918112,453753
918150,453753
918040,453753
918060,453753
918174,453753
918218,453753
918206,453753
918215,453753
918192,453753
918216,453753
918184,453753
918079,453753
918106,453753
918261,453753
918111,453753
918172,453753
918150,453753
918277,453753
918057,453753
918153,453753
918169,453753
918111,453753
918130,453753
918063,453753
918221,453753
918183,453753
918068,453753
917841,453753
917478,453753
917207,453753
917929,453753
918098,453753
917845,453753
917915,453753
918010,453753
918107,453753
918112,453753
918031,453753
918092,453753
918016,453753
917864,453753
917920,453753
918015,453753
917985,453753
917890,453753
917305,453753
918016,453753
918053,453753
918107,453753
918036,453753
918131,453753
917924,453753
918077,453753
918167,453753
917880,453753
917825,453753
918043,453753
917457,453753
917455,453753
918115,453753
917904,453753
918129,453753
917908,453753
918037,453753
916941,453753
918096,453753
918096,453753
918114,453753
918254,453753
918266,453753
918203,453753
918245,453753
918247,453753
918121,453753
918094,453753
918149,453753
918221,453753
918142,453753
918195,453753
918059,453753
918137,453753
918061,453753
918166,453753
918042,453753
918139,453753
918129,453753
918003,453753
918039,453753
918117,453753
918045,453753
918040,453753
917880,453753
917404,453753
917874,453753
917784,453753
916978,453753
917647,453753
917870,453753
918001,453753
917909,453753
917656,453753
917684,453753
917647,453753
917932,453753
918091,453753
918037,453753
917877,453753
917924,453753
918084,453753
917984,453753
917930,453753
917884,453753
917602,453753
917720,453753
918081,453753
918031,453753
918114,453753
918136,453753
918086,453753
918233,453753
917387,453753
917988,453753
918013,453753
918003,453753
918140,453753
918164,453753
918160,453753
918095,453753
918167,453753
918182,453753
918219,453753
918158,453753
918098,453753
917833,453753
917965,453753
917967,453753
918062,453753
918124,453753
917958,453753
918206,453753
918116,453753
918120,453753
918043,453753
917847,453753
918025,453753
918063,453753
918128,453753
917689,453753
918094,453753
918125,453753
918090,453753
918159,453753
918012,453753
917984,453753
917937,453753
917970,453753
917753,453753
916831,453753
917935,453753
918012,453753
918113,453753
918198,453753
918166,453753
917914,453753
917887,453753
918017,453753
918124,453753
917737,453753
917857,453753
918188,453753
918080,453753
918121,453753
918088,453753
917879,453753
917838,453753
917874,453753
917980,453753
918195,453753
917929,453753
918240,453753
918185,453753
918068,453753
918087,453753
918195,453753
918055,453753
918271,453753
918242,453753
918178,453753
917977,453753
917879,453753
918065,453753
917987,453753
918101,453753
918127,453753
917515,453753
916223,453753
916614,453753
918028,453753
918094,453753
918154,453753
918027,453753
918097,453753
917872,453753
918154,453753
918094,453753
918168,453753
917890,453753
918082,453753
918037,453753
917317,453753
917848,453753
918006,453753
918014,453753
918065,453753
917994,453753
918029,453753
918159,453753
918190,453753
918024,453753
917908,453753
918050,453753
917927,453753
917995,453753
918091,453753
918209,453753
918029,453753
918005,453753
918011,453753
917678,453753
917722,453753
918117,453753
918094,453753
918164,453753
918209,453753
918216,453753
918028,453753
918152,453753
918144,453753
918116,453753
918178,453753
918173,453753
918065,453753
918101,453753
918194,453753
918189,453753
918119,453753
918154,453753
918201,453753
918154,453753
918060,453753
917896,453753
918132,453753
918009,453753
918176,453753
917723,453753
918016,453753
917718,453753
917526,453753
918096,453753
917921,453753
918029,453753
918151,453753
918036,453753
918058,453753
918150,453753
918144,453753
918212,453753
918111,453753
917915,453753
917808,453753
918025,453753
918006,453753
918016,453753
918178,453753
918064,453753
917919,453753
918130,453753
918025,453753
918159,453753
918037,453753
917925,453753
918121,453753
918103,453753
918197,453753
918149,453753
918253,453753
918034,453753
918068,453753
918184,453753
918169,453753
918133,453753
918131,453753
918138,453753
918115,453753
918132,453753
918158,453753
918168,453753
917983,453753
917945,453753
918072,453753
918100,453753
918161,453753
918007,453753
917742,453753
917342,453753
917953,453753
918053,453753
918074,453753
917848,453753
918024,453753
917956,453753
918003,453753
918010,453753
918137,453753
917922,453753
916470,453753
918137,453753
918168,453753
917956,453753
918111,453753
917912,453753
917987,453753
918073,453753
917930,453753
917609,453753
918015,453753
918060,453753
918160,453753
918133,453753
918226,453753
918117,453753
918121,453753
918097,453753
918218,453753
918158,453753
918270,453753
918107,453753
917990,453753
917458,453753
918197,453753
917794,453753
917519,453753
917891,453753
917904,453753
918239,453753
918074,453753
918110,453753
918254,453753
918210,453753
918133,453753
917966,453753
918003,453753
918102,453753
918191,453753
918049,453753
918004,453753
918074,453753
914263,453753
909002,453753
916416,453753
917873,453753
917863,453753
917711,453753
918144,453753
917888,453753
918075,453753
918184,453753
917975,453753
917080,453753
917765,453753
917869,453753
918038,453753
918199,453753
918037,453753
917928,453753
917849,453753
917979,453753
917986,453753
918147,453753
918149,453753
918079,453753
918272,453753
918142,453753
917914,453753
918236,453753
918164,453753
918185,453753
918247,453753
918087,453753
918126,453753
918191,453753
918247,453753
918158,453753
917989,453753
918163,453753
918117,453753
918063,453753
918077,453753
918089,453753
918187,453753
918086,453753
918062,453753
917769,453753
916865,453753
917860,453753
918055,453753
917747,453753
917906,453753
917964,453753
917903,453753
917916,453753
918050,453753
918140,453753
918083,453753
917997,453753
918179,453753
918041,453753
917741,453753
917823,453753
918124,453753
918048,453753
917901,453753
918134,453753
918089,453753
918097,453753
918115,453753
917927,453753
917969,453753
918197,453753
918196,453753
917957,453753
917729,453753
918246,453753
918297,453753
918251,453753
918252,453753
918034,453753
917932,453753
918275,453753
918075,453753
918084,453753
918179,453753
918208,453753
918193,453753
918094,453753
918122,453753
918111,453753
918086,453753
918193,453753
917978,453753
917927,453753
917690,453753
917924,453753
917937,453753
917863,453753
918005,453753
918194,453753
918032,453753
918064,453753
917985,453753
917861,453753
918021,453753
918149,453753
918050,453753
918113,453753
918142,453753
918099,453753
918280,453753
918212,453753
918247,453753
918074,453753
918187,453753
918070,453753
918190,453753
918214,453753
918174,453753
918111,453753
918178,453753
918268,453753
918116,453753
917928,453753
917877,453753
917856,453753
918018,453753
918097,453753
917534,453753
918164,453753
918020,453753
918031,453753
918022,453753
917992,453753
917904,453753
918103,453753
917961,453753
918051,453753
918073,453753
918077,453753
918153,453753
918129,453753
918051,453753
918260,453753
918231,453753
918202,453753
918178,453753
918028,453753
918074,453753
918286,453753
918223,453753
918120,453753
918254,453753
918222,453753
918038,453753
917766,453753
918099,453753
917794,453753
918114,453753
918122,453753
918188,453753
918153,453753
917947,453753
918080,453753
918207,453753
917575,453753
917845,453753
917904,453753
918119,453753
917418,453753
918101,453753
918067,453753
918193,453753
918274,453753
918197,453753
918266,453753
918197,453753
918133,453753
918201,453753
917928,453753
917973,453753
918262,453753
918149,453753
918181,453753
918122,453753
918140,453753
918167,453753
918236,453753
918073,453753
918122,453753
918204,453753
917939,453753
917880,453753
918203,453753
918154,453753
918204,453753
918023,453753
918109,453753
918103,453753
918039,453753
917576,453753
917634,453753
917944,453753
918066,453753
918184,453753
918225,453753
918119,453753
918129,453753
918156,453753
918207,453753
918193,453753
918008,453753
917639,453753
918158,453753
918186,453753
918057,453753
917923,453753
918217,453753
918260,453753
918276,453753
918148,453753
917971,453753
917882,453753
917849,453753
918253,453753
918204,453753
917982,453753
917584,453753
917695,453753
917295,453753
918170,453753
918091,453753
918266,453753
917816,453753
918066,453753
918165,453753
918173,453753
918183,453753
918235,453753
918154,453753
918195,453753
918129,453753
918102,453753
917953,453753
918041,453753
918282,453753
918335,453753
918310,453753
918191,453753
918214,453753
918178,453753
918010,453753
918138,453753
918141,453753
918050,453753
918030,453753
918045,453753
918119,453753
917822,453753
917959,453753
918114,453753
918023,453753
917765,453753
918107,453753
918149,453753
918161,453753
918086,453753
918135,453753
918234,453753
918141,453753
918224,453753
918162,453753
918206,453753
918157,453753
918135,453753
918187,453753
918228,453753
918170,453753
918078,453753
917865,453753
917095,453753
918056,453753
918074,453753
918152,453753
917812,453753
917331,453753
917919,453753
918161,453753
918059,453753
917583,453753
917867,453753
917817,453753
917239,453753
917958,453753
918114,453753
918190,453753
918008,453753
918231,453753
917224,453753
917742,453753
917938,453753
918062,453753
918208,453753
917993,453753
918240,453753
918216,453753
918221,453753
918199,453753
918063,453753
918166,453753
918108,453753
918025,453753
917964,453753
917690,453753
917587,453753
918045,453753
918113,453753
918182,453753
918023,453753
918074,453753
918187,453753
918190,453753
918228,453753
918246,453753
918246,453753
918265,453753
918178,453753
918027,453753
918281,453753
918258,453753
918205,453753
918145,453753
918202,453753
918140,453753
918077,453753
918075,453753
918145,453753
918095,453753
918198,453753
918249,453753
918127,453753
918069,453753
917855,453753
918193,453753
918203,453753
918144,453753
918238,453753
918093,453753
917617,453753
918055,453753
918207,453753
918147,453753
917723,453753
917777,453753
918220,453753
918200,453753
918209,453753
918289,453546
