TRACE,NSNPS_JACKKNIFE
919561,453753
919551,453753
919385,453753
919416,453753
919365,453753
919495,453753
919282,453753
919334,453753
919415,453753
919325,453753
919392,453753
919159,453753
919512,453753
919399,453753
919438,453753
919380,453753
919334,453753
918959,453753
919016,453753
919170,453753
919412,453753
919476,453753
919350,453753
919427,453753
919437,453753
919359,453753
919214,453753
919225,453753
919314,453753
919384,453753
919370,453753
919314,453753
919311,453753
919300,453753
919372,453753
919434,453753
919339,453753
919281,453753
919396,453753
919397,453753
919462,453753
919434,453753
919307,453753
919091,453753
919146,453753
919254,453753
919360,453753
919450,453753
919466,453753
919452,453753
919461,453753
919095,453753
919199,453753
919292,453753
919109,453753
919355,453753
919358,453753
919024,453753
919236,453753
919211,453753
919388,453753
919469,453753
919451,453753
919364,453753
919348,453753
919428,453753
919336,453753
919252,453753
919275,453753
919277,453753
918899,453753
919410,453753
919383,453753
919531,453753
919467,453753
919437,453753
919534,453753
919452,453753
919515,453753
919376,453753
919154,453753
919377,453753
919512,453753
919560,453753
919546,453753
919472,453753
919533,453753
919518,453753
919425,453753
919399,453753
919244,453753
919115,453753
919450,453753
918301,453753
919380,453753
919253,453753
919411,453753
919361,453753
919354,453753
919452,453753
919204,453753
919291,453753
919226,453753
919101,453753
919174,453753
919203,453753
919418,453753
919434,453753
919420,453753
919359,453753
919451,453753
919360,453753
919253,453753
919084,453753
919072,453753
919165,453753
919364,453753
919354,453753
919212,453753
919233,453753
919256,453753
919486,453753
919273,453753
919341,453753
919443,453753
919329,453753
919244,453753
919319,453753
919226,453753
919363,453753
919217,453753
919339,453753
919287,453753
919384,453753
919203,453753
919426,453753
919457,453753
919400,453753
919231,453753
919389,453753
918983,453753
918836,453753
919272,453753
919230,453753
919179,453753
919179,453753
919299,453753
919293,453753
919379,453753
919440,453753
919398,453753
919477,453753
919438,453753
919397,453753
919397,453753
919421,453753
919433,453753
919462,453753
919516,453753
919409,453753
919300,453753
919386,453753
919435,453753
919539,453753
919549,453753
919510,453753
919487,453753
919453,453753
919414,453753
919376,453753
919296,453753
919411,453753
919423,453753
919378,453753
919421,453753
919357,453753
919441,453753
919334,453753
919264,453753
919299,453753
919167,453753
918128,453753
918286,453753
919378,453753
919253,453753
919484,453753
919436,453753
919463,453753
919475,453753
919395,453753
919544,453753
919526,453753
919125,453753
918693,453753
918779,453753
918600,453753
918789,453753
919162,453753
919382,453753
919314,453753
919274,453753
919434,453753
919395,453753
919048,453753
919351,453753
919368,453753
919274,453753
919397,453753
919227,453753
918953,453753
919313,453753
919413,453753
919459,453753
919473,453753
919267,453753
919300,453753
918826,453753
918891,453753
919065,453753
918955,453753
919523,453753
919474,453753
919432,453753
919389,453753
919283,453753
919447,453753
919501,453753
919467,453753
919455,453753
919509,453753
919361,453753
919062,453753
919156,453753
919535,453753
919542,453753
919488,453753
919312,453753
919291,453753
919187,453753
919435,453753
919290,453753
919461,453753
919529,453753
919436,453753
919352,453753
919349,453753
919418,453753
919405,453753
919402,453753
919130,453753
918986,453753
919379,453753
919414,453753
919206,453753
919241,453753
919298,453753
919279,453753
919326,453753
919117,453753
919310,453753
919512,453753
919179,453753
918592,453753
919227,453753
919284,453753
919258,453753
919245,453753
918496,453753
919401,453753
919340,453753
919298,453753
918834,453753
919305,453753
919238,453753
919252,453753
919169,453753
919436,453753
919431,453753
919251,453753
918977,453753
919308,453753
919280,453753
919397,453753
919373,453753
919225,453753
919408,453753
919448,453753
919320,453753
919402,453753
919484,453753
919500,453753
919491,453753
919530,453753
919466,453753
919501,453753
919475,453753
919357,453753
919365,453753
919511,453753
919486,453753
919492,453753
919448,453753
919586,453753
919367,453753
919467,453753
919442,453753
919407,453753
919409,453753
919372,453753
919502,453753
919472,453753
919405,453753
919135,453753
918735,453753
918576,453753
919163,453753
919357,453753
919133,453753
919304,453753
919305,453753
919358,453753
919432,453753
919340,453753
919347,453753
919288,453753
919255,453753
919285,453753
919287,453753
919335,453753
919142,453753
918536,453753
919311,453753
919348,453753
919392,453753
919352,453753
919411,453753
919248,453753
919355,453753
919473,453753
919191,453753
919035,453753
919335,453753
918808,453753
918795,453753
919420,453753
919156,453753
919427,453753
919248,453753
919285,453753
917756,453753
919394,453753
919360,453753
919410,453753
919537,453753
919534,453753
919491,453753
919532,453753
919519,453753
919418,453753
919405,453753
919471,453753
919544,453753
919419,453753
919482,453753
919376,453753
919481,453753
919377,453753
919451,453753
919350,453753
919445,453753
919418,453753
919329,453753
919322,453753
919400,453753
919285,453753
919363,453753
919181,453753
918761,453753
919155,453753
919076,453753
918243,453753
918927,453753
919100,453753
919332,453753
919177,453753
918974,453753
919006,453753
918960,453753
919201,453753
919408,453753
919339,453753
919116,453753
919237,453753
919383,453753
919294,453753
919192,453753
919182,453753
918914,453753
918994,453753
919357,453753
919392,453753
919401,453753
919446,453753
919367,453753
919517,453753
918612,453753
919285,453753
919311,453753
919318,453753
919421,453753
919442,453753
919486,453753
919383,453753
919476,453753
919531,453753
919504,453753
919496,453753
919391,453753
919180,453753
919200,453753
919326,453753
919353,453753
919441,453753
919278,453753
919473,453753
919405,453753
919431,453753
919477,453753
919192,453753
919331,453753
919359,453753
919441,453753
918943,453753
919349,453753
919439,453753
919377,453753
919424,453753
919316,453753
919291,453753
919251,453753
919253,453753
919116,453753
918152,453753
919190,453753
919321,453753
919397,453753
919489,453753
919465,453753
919261,453753
919165,453753
919323,453753
919406,453753
919046,453753
919183,453753
919494,453753
919354,453753
919408,453753
919348,453753
919209,453753
919107,453753
919170,453753
919244,453753
919509,453753
919255,453753
919553,453753
919469,453753
919357,453753
919437,453753
919475,453753
919294,453753
919551,453753
919559,453753
919500,453753
919296,453753
919205,453753
919312,453753
919309,453753
919388,453753
919441,453753
918775,453753
917332,453753
917791,453753
919346,453753
919426,453753
919455,453753
919334,453753
919375,453753
919121,453753
919492,453753
919414,453753
919471,453753
919188,453753
919367,453753
919342,453753
918630,453753
919166,453753
919351,453753
919245,453753
919393,453753
919290,453753
919308,453753
919433,453753
919496,453753
919291,453753
919228,453753
919368,453753
919197,453753
919224,453753
919375,453753
919528,453753
919322,453753
919310,453753
919278,453753
919085,453753
919104,453753
919463,453753
919441,453753
919482,453753
919507,453753
919499,453753
919324,453753
919435,453753
919435,453753
919462,453753
919462,453753
919458,453753
919394,453753
919325,453753
919527,453753
919505,453753
919395,453753
919437,453753
919497,453753
919454,453753
919420,453753
919299,453753
919464,453753
919314,453753
919469,453753
919145,453753
919261,453753
918931,453753
918694,453753
919416,453753
919244,453753
919338,453753
919490,453753
919372,453753
919343,453753
919456,453753
919408,453753
919475,453753
919412,453753
919236,453753
919094,453753
919352,453753
919290,453753
919334,453753
919461,453753
919356,453753
919189,453753
919404,453753
919279,453753
919436,453753
919383,453753
919205,453753
919410,453753
919419,453753
919446,453753
919425,453753
919565,453753
919310,453753
919343,453753
919426,453753
919486,453753
919446,453753
919422,453753
919461,453753
919463,453753
919437,453753
919459,453753
919464,453753
919270,453753
919225,453753
919358,453753
919402,453753
919439,453753
919272,453753
919036,453753
918690,453753
919248,453753
919337,453753
919466,453753
919166,453753
919325,453753
919262,453753
919301,453753
919292,453753
919441,453753
919271,453753
917701,453753
919396,453753
919433,453753
919299,453753
919407,453753
919220,453753
919263,453753
919393,453753
919219,453753
918871,453753
919333,453753
919331,453753
919433,453753
919399,453753
919509,453753
919423,453753
919425,453753
919392,453753
919506,453753
919406,453753
919565,453753
919427,453753
919329,453753
918398,453753
919453,453753
919040,453753
918923,453753
919229,453753
919272,453753
919521,453753
919361,453753
919403,453753
919573,453753
919530,453753
919455,453753
919213,453753
919266,453753
919385,453753
919460,453753
919351,453753
919322,453753
919376,453753
915691,453753
910851,453753
917476,453753
919178,453753
919180,453753
919099,453753
919415,453753
919198,453753
919366,453753
919468,453753
919345,453753
918423,453753
919134,453753
919130,453753
919290,453753
919497,453753
919302,453753
919177,453753
919142,453753
919253,453753
919374,453753
919404,453753
919454,453753
919419,453753
919575,453753
919457,453753
919164,453753
919532,453753
919496,453753
919490,453753
919562,453753
919390,453753
919430,453753
919505,453753
919522,453753
919476,453753
919284,453753
919421,453753
919428,453753
919378,453753
919341,453753
919369,453753
919478,453753
919349,453753
919321,453753
919065,453753
918090,453753
919226,453753
919382,453753
919064,453753
919191,453753
919303,453753
919241,453753
919254,453753
919353,453753
919467,453753
919369,453753
919332,453753
919436,453753
919382,453753
919084,453753
919107,453753
919406,453753
919305,453753
919226,453753
919430,453753
919393,453753
919396,453753
919406,453753
919215,453753
919205,453753
919492,453753
919502,453753
919255,453753
919064,453753
919549,453753
919574,453753
919523,453753
919524,453753
919312,453753
919154,453753
919552,453753
919380,453753
919391,453753
919499,453753
919495,453753
919504,453753
919427,453753
919413,453753
919380,453753
919369,453753
919442,453753
919250,453753
919239,453753
919079,453753
919261,453753
919242,453753
919174,453753
919313,453753
919534,453753
919388,453753
919418,453753
919336,453753
919170,453753
919347,453753
919425,453753
919347,453753
919409,453753
919473,453753
919453,453753
919563,453753
919538,453753
919508,453753
919346,453753
919469,453753
919367,453753
919441,453753
919524,453753
919493,453753
919449,453753
919499,453753
919567,453753
919382,453753
919268,453753
919101,453753
919203,453753
919366,453753
919412,453753
918906,453753
919415,453753
919271,453753
919294,453753
919245,453753
919331,453753
919214,453753
919410,453753
919268,453753
919366,453753
919389,453753
919437,453753
919450,453753
919472,453753
919329,453753
919556,453753
919522,453753
919510,453753
919456,453753
919307,453753
919418,453753
919587,453753
919539,453753
919442,453753
919551,453753
919512,453753
919374,453753
919079,453753
919468,453753
919097,453753
919398,453753
919413,453753
919495,453753
919389,453753
919282,453753
919370,453753
919516,453753
918829,453753
919098,453753
919220,453753
919415,453753
918768,453753
919362,453753
919397,453753
919508,453753
919585,453753
919528,453753
919555,453753
919491,453753
919355,453753
919496,453753
919251,453753
919300,453753
919554,453753
919459,453753
919488,453753
919414,453753
919458,453753
919450,453753
919495,453753
919345,453753
919404,453753
919515,453753
919220,453753
919130,453753
919510,453753
919397,453753
919488,453753
919386,453753
919355,453753
919409,453753
919365,453753
918785,453753
918936,453753
919303,453753
919313,453753
919436,453753
919508,453753
919428,453753
919476,453753
919434,453753
919501,453753
919504,453753
919309,453753
919074,453753
919446,453753
919514,453753
919339,453753
919216,453753
919561,453753
919568,453753
919581,453753
919452,453753
919231,453753
919132,453753
919158,453753
919511,453753
919426,453753
919285,453753
918845,453753
918956,453753
918614,453753
919412,453753
919354,453753
919587,453753
919104,453753
919376,453753
919477,453753
919487,453753
919508,453753
919532,453753
919451,453753
919533,453753
919385,453753
919414,453753
919218,453753
919322,453753
919554,453753
919582,453753
919620,453753
919505,453753
919514,453753
919460,453753
919336,453753
919443,453753
919478,453753
919384,453753
919373,453753
919297,453753
919385,453753
919196,453753
919281,453753
919363,453753
919332,453753
919110,453753
919331,453753
919446,453753
919469,453753
919387,453753
919402,453753
919507,453753
919465,453753
919513,453753
919433,453753
919495,453753
919457,453753
919378,453753
919506,453753
919555,453753
919431,453753
919441,453753
919270,453753
918602,453753
919331,453753
919356,453753
919437,453753
919115,453753
918675,453753
919261,453753
919442,453753
919310,453753
918879,453753
919138,453753
919187,453753
918595,453753
919262,453753
919428,453753
919491,453753
919258,453753
919525,453753
918435,453753
918974,453753
919272,453753
919311,453753
919534,453753
919347,453753
919549,453753
919546,453753
919532,453753
919458,453753
919424,453753
919504,453753
919380,453753
919322,453753
919262,453753
918996,453753
918892,453753
919361,453753
919429,453753
919466,453753
919330,453753
919346,453753
919448,453753
919492,453753
919486,453753
919538,453753
919552,453753
919528,453753
919489,453753
919276,453753
919537,453753
919547,453753
919518,453753
919433,453753
919500,453753
919456,453753
919380,453753
919359,453753
919353,453753
919396,453753
919512,453753
919518,453753
919410,453753
919342,453753
919142,453753
919465,453753
919481,453753
919468,453753
919517,453753
919423,453753
919022,453753
919378,453753
919502,453753
919389,453753
918913,453753
919032,453753
919522,453753
919479,453753
919523,453753
919568,453546
