TRACE,NSNPS_JACKKNIFE
918740,453753
918722,453753
918644,453753
918620,453753
918605,453753
918684,453753
918547,453753
918552,453753
918622,453753
918520,453753
918608,453753
918351,453753
918693,453753
918531,453753
918681,453753
918578,453753
918494,453753
918049,453753
918115,453753
918418,453753
918657,453753
918685,453753
918561,453753
918638,453753
918691,453753
918615,453753
918439,453753
918386,453753
918577,453753
918550,453753
918571,453753
918476,453753
918494,453753
918506,453753
918580,453753
918592,453753
918520,453753
918508,453753
918593,453753
918601,453753
918680,453753
918585,453753
918499,453753
918185,453753
918284,453753
918478,453753
918595,453753
918586,453753
918686,453753
918659,453753
918669,453753
918317,453753
918440,453753
918540,453753
918396,453753
918562,453753
918568,453753
918241,453753
918419,453753
918434,453753
918611,453753
918710,453753
918655,453753
918529,453753
918579,453753
918635,453753
918542,453753
918427,453753
918533,453753
918470,453753
918141,453753
918592,453753
918700,453753
918735,453753
918704,453753
918676,453753
918745,453753
918637,453753
918741,453753
918551,453753
918369,453753
918620,453753
918700,453753
918752,453753
918721,453753
918673,453753
918701,453753
918746,453753
918607,453753
918649,453753
918370,453753
918373,453753
918629,453753
917615,453753
918615,453753
918429,453753
918585,453753
918612,453753
918571,453753
918643,453753
918394,453753
918524,453753
918442,453753
918320,453753
918330,453753
918406,453753
918625,453753
918591,453753
918612,453753
918600,453753
918646,453753
918527,453753
918386,453753
918307,453753
918245,453753
918300,453753
918604,453753
918583,453753
918504,453753
918364,453753
918407,453753
918685,453753
918469,453753
918572,453753
918637,453753
918492,453753
918495,453753
918518,453753
918434,453753
918581,453753
918451,453753
918529,453753
918429,453753
918561,453753
918421,453753
918568,453753
918611,453753
918621,453753
918300,453753
918574,453753
918080,453753
917959,453753
918468,453753
918403,453753
918399,453753
918324,453753
918571,453753
918488,453753
918605,453753
918620,453753
918614,453753
918628,453753
918631,453753
918628,453753
918591,453753
918634,453753
918640,453753
918688,453753
918705,453753
918617,453753
918537,453753
918544,453753
918652,453753
918756,453753
918776,453753
918678,453753
918676,453753
918676,453753
918642,453753
918591,453753
918433,453753
918562,453753
918603,453753
918580,453753
918642,453753
918566,453753
918614,453753
918515,453753
918458,453753
918485,453753
918483,453753
917295,453753
917470,453753
918573,453753
918439,453753
918716,453753
918667,453753
918645,453753
918678,453753
918599,453753
918712,453753
918678,453753
918410,453753
917991,453753
917959,453753
917724,453753
918032,453753
918321,453753
918540,453753
918521,453753
918451,453753
918659,453753
918602,453753
918306,453753
918564,453753
918533,453753
918513,453753
918598,453753
918496,453753
918248,453753
918513,453753
918613,453753
918669,453753
918632,453753
918451,453753
918480,453753
918082,453753
918041,453753
918261,453753
918202,453753
918715,453753
918663,453753
918592,453753
918632,453753
918434,453753
918661,453753
918697,453753
918685,453753
918701,453753
918694,453753
918522,453753
918308,453753
918384,453753
918715,453753
918733,453753
918700,453753
918498,453753
918529,453753
918305,453753
918591,453753
918461,453753
918667,453753
918726,453753
918607,453753
918639,453753
918547,453753
918548,453753
918564,453753
918601,453753
918397,453753
918290,453753
918605,453753
918530,453753
918407,453753
918462,453753
918469,453753
918508,453753
918529,453753
918291,453753
918554,453753
918657,453753
918464,453753
917849,453753
918493,453753
918540,453753
918461,453753
918423,453753
917796,453753
918638,453753
918603,453753
918497,453753
918090,453753
918499,453753
918448,453753
918419,453753
918309,453753
918635,453753
918612,453753
918486,453753
918284,453753
918505,453753
918425,453753
918635,453753
918567,453753
918480,453753
918672,453753
918663,453753
918561,453753
918558,453753
918676,453753
918725,453753
918704,453753
918718,453753
918655,453753
918696,453753
918662,453753
918558,453753
918571,453753
918747,453753
918657,453753
918682,453753
918651,453753
918756,453753
918580,453753
918645,453753
918673,453753
918617,453753
918645,453753
918578,453753
918735,453753
918687,453753
918584,453753
918334,453753
917918,453753
917656,453753
918455,453753
918566,453753
918320,453753
918403,453753
918469,453753
918548,453753
918647,453753
918557,453753
918600,453753
918516,453753
918396,453753
918446,453753
918479,453753
918523,453753
918380,453753
917834,453753
918494,453753
918569,453753
918647,453753
918540,453753
918588,453753
918412,453753
918538,453753
918642,453753
918371,453753
918249,453753
918538,453753
918041,453753
918030,453753
918562,453753
918397,453753
918628,453753
918406,453753
918505,453753
917390,453753
918590,453753
918604,453753
918610,453753
918761,453753
918759,453753
918691,453753
918723,453753
918761,453753
918627,453753
918578,453753
918675,453753
918727,453753
918657,453753
918690,453753
918542,453753
918666,453753
918612,453753
918622,453753
918549,453753
918564,453753
918627,453753
918590,453753
918559,453753
918630,453753
918526,453753
918579,453753
918386,453753
917963,453753
918353,453753
918268,453753
917506,453753
918028,453753
918345,453753
918541,453753
918366,453753
918168,453753
918242,453753
918186,453753
918433,453753
918562,453753
918533,453753
918294,453753
918391,453753
918567,453753
918530,453753
918397,453753
918456,453753
918065,453753
918267,453753
918580,453753
918590,453753
918587,453753
918640,453753
918589,453753
918711,453753
917845,453753
918484,453753
918466,453753
918441,453753
918617,453753
918695,453753
918637,453753
918577,453753
918631,453753
918742,453753
918691,453753
918670,453753
918606,453753
918381,453753
918493,453753
918562,453753
918592,453753
918635,453753
918466,453753
918649,453753
918623,453753
918632,453753
918628,453753
918385,453753
918583,453753
918575,453753
918666,453753
917980,453753
918530,453753
918606,453753
918586,453753
918628,453753
918540,453753
918503,453753
918466,453753
918472,453753
918300,453753
917185,453753
918403,453753
918549,453753
918622,453753
918685,453753
918640,453753
918476,453753
918329,453753
918512,453753
918562,453753
918266,453753
918303,453753
918651,453753
918515,453753
918614,453753
918563,453753
918393,453753
918348,453753
918273,453753
918512,453753
918711,453753
918489,453753
918737,453753
918685,453753
918539,453753
918596,453753
918723,453753
918522,453753
918747,453753
918758,453753
918659,453753
918484,453753
918355,453753
918515,453753
918462,453753
918627,453753
918687,453753
917931,453753
916629,453753
917040,453753
918535,453753
918611,453753
918641,453753
918518,453753
918583,453753
918380,453753
918646,453753
918608,453753
918658,453753
918404,453753
918530,453753
918524,453753
917868,453753
918377,453753
918573,453753
918508,453753
918599,453753
918467,453753
918458,453753
918682,453753
918674,453753
918535,453753
918483,453753
918531,453753
918370,453753
918445,453753
918546,453753
918700,453753
918494,453753
918546,453753
918501,453753
918230,453753
918332,453753
918610,453753
918648,453753
918679,453753
918715,453753
918724,453753
918534,453753
918659,453753
918638,453753
918586,453753
918656,453753
918629,453753
918576,453753
918569,453753
918702,453753
918712,453753
918574,453753
918700,453753
918717,453753
918663,453753
918644,453753
918452,453753
918670,453753
918477,453753
918656,453753
918354,453753
918492,453753
918166,453753
917984,453753
918599,453753
918461,453753
918551,453753
918655,453753
918562,453753
918555,453753
918649,453753
918601,453753
918670,453753
918605,453753
918427,453753
918287,453753
918523,453753
918546,453753
918521,453753
918647,453753
918550,453753
918444,453753
918628,453753
918497,453753
918660,453753
918528,453753
918424,453753
918646,453753
918628,453753
918705,453753
918617,453753
918763,453753
918489,453753
918523,453753
918641,453753
918675,453753
918653,453753
918654,453753
918607,453753
918607,453753
918620,453753
918659,453753
918683,453753
918399,453753
918476,453753
918575,453753
918569,453753
918672,453753
918484,453753
918176,453753
917749,453753
918446,453753
918547,453753
918601,453753
918372,453753
918524,453753
918392,453753
918451,453753
918477,453753
918594,453753
918473,453753
916918,453753
918631,453753
918655,453753
918523,453753
918577,453753
918403,453753
918470,453753
918501,453753
918459,453753
918201,453753
918569,453753
918586,453753
918666,453753
918666,453753
918719,453753
918565,453753
918627,453753
918617,453753
918694,453753
918636,453753
918798,453753
918609,453753
918495,453753
917809,453753
918700,453753
918219,453753
918061,453753
918439,453753
918415,453753
918675,453753
918548,453753
918570,453753
918747,453753
918722,453753
918642,453753
918444,453753
918427,453753
918610,453753
918659,453753
918537,453753
918539,453753
918550,453753
915176,453753
910407,453753
916747,453753
918355,453753
918265,453753
918335,453753
918644,453753
918388,453753
918567,453753
918660,453753
918506,453753
917710,453753
918297,453753
918337,453753
918528,453753
918700,453753
918537,453753
918414,453753
918407,453753
918501,453753
918477,453753
918601,453753
918612,453753
918621,453753
918757,453753
918653,453753
918389,453753
918745,453753
918673,453753
918700,453753
918750,453753
918560,453753
918611,453753
918655,453753
918749,453753
918657,453753
918481,453753
918649,453753
918574,453753
918572,453753
918556,453753
918580,453753
918675,453753
918588,453753
918543,453753
918239,453753
917396,453753
918435,453753
918528,453753
918266,453753
918339,453753
918361,453753
918459,453753
918409,453753
918608,453753
918701,453753
918615,453753
918520,453753
918596,453753
918587,453753
918241,453753
918257,453753
918579,453753
918561,453753
918435,453753
918653,453753
918561,453753
918588,453753
918618,453753
918452,453753
918428,453753
918669,453753
918697,453753
918471,453753
918249,453753
918745,453753
918792,453753
918770,453753
918725,453753
918535,453753
918357,453753
918747,453753
918610,453753
918594,453753
918682,453753
918676,453753
918690,453753
918615,453753
918639,453753
918605,453753
918597,453753
918646,453753
918461,453753
918468,453753
918127,453753
918460,453753
918437,453753
918389,453753
918534,453753
918706,453753
918553,453753
918579,453753
918499,453753
918361,453753
918450,453753
918633,453753
918564,453753
918605,453753
918680,453753
918643,453753
918797,453753
918748,453753
918708,453753
918571,453753
918721,453753
918587,453753
918690,453753
918729,453753
918695,453753
918602,453753
918678,453753
918759,453753
918581,453753
918398,453753
918361,453753
918332,453753
918574,453753
918529,453753
918170,453753
918647,453753
918478,453753
918476,453753
918484,453753
918510,453753
918438,453753
918617,453753
918475,453753
918555,453753
918567,453753
918592,453753
918673,453753
918644,453753
918552,453753
918773,453753
918723,453753
918706,453753
918662,453753
918496,453753
918571,453753
918768,453753
918746,453753
918637,453753
918731,453753
918667,453753
918534,453753
918223,453753
918635,453753
918366,453753
918617,453753
918591,453753
918679,453753
918592,453753
918519,453753
918603,453753
918712,453753
918064,453753
918296,453753
918395,453753
918577,453753
917956,453753
918608,453753
918569,453753
918676,453753
918780,453753
918706,453753
918765,453753
918760,453753
918626,453753
918703,453753
918471,453753
918431,453753
918777,453753
918626,453753
918661,453753
918588,453753
918671,453753
918644,453753
918739,453753
918523,453753
918580,453753
918672,453753
918482,453753
918319,453753
918702,453753
918616,453753
918680,453753
918549,453753
918574,453753
918583,453753
918551,453753
918057,453753
918215,453753
918499,453753
918531,453753
918656,453753
918708,453753
918619,453753
918664,453753
918672,453753
918689,453753
918715,453753
918524,453753
918282,453753
918674,453753
918657,453753
918555,453753
918444,453753
918739,453753
918743,453753
918786,453753
918681,453753
918447,453753
918373,453753
918412,453753
918756,453753
918642,453753
918461,453753
918111,453753
918286,453753
917845,453753
918661,453753
918526,453753
918767,453753
918295,453753
918599,453753
918666,453753
918682,453753
918682,453753
918779,453753
918659,453753
918710,453753
918615,453753
918629,453753
918454,453753
918529,453753
918795,453753
918803,453753
918817,453753
918675,453753
918744,453753
918652,453753
918510,453753
918631,453753
918648,453753
918521,453753
918537,453753
918558,453753
918590,453753
918407,453753
918408,453753
918536,453753
918509,453753
918302,453753
918530,453753
918694,453753
918653,453753
918555,453753
918608,453753
918686,453753
918682,453753
918712,453753
918617,453753
918705,453753
918641,453753
918651,453753
918678,453753
918759,453753
918665,453753
918606,453753
918479,453753
917960,453753
918519,453753
918530,453753
918587,453753
918272,453753
917887,453753
918487,453753
918626,453753
918570,453753
918127,453753
918357,453753
918389,453753
917875,453753
918516,453753
918643,453753
918714,453753
918474,453753
918758,453753
917625,453753
918175,453753
918463,453753
918502,453753
918720,453753
918524,453753
918755,453753
918728,453753
918755,453753
918683,453753
918569,453753
918674,453753
918635,453753
918549,453753
918453,453753
918134,453753
917980,453753
918493,453753
918625,453753
918624,453753
918531,453753
918569,453753
918667,453753
918684,453753
918720,453753
918740,453753
918758,453753
918743,453753
918666,453753
918507,453753
918738,453753
918725,453753
918713,453753
918652,453753
918689,453753
918639,453753
918572,453753
918581,453753
918594,453753
918583,453753
918677,453753
918739,453753
918636,453753
918559,453753
918401,453753
918676,453753
918701,453753
918655,453753
918753,453753
918662,453753
918112,453753
918556,453753
918682,453753
918605,453753
918224,453753
918274,453753
918718,453753
918720,453753
918715,453753
918835,453546
