TRACE,NSNPS_JACKKNIFE
918331,453753
918338,453753
918250,453753
918275,453753
918161,453753
918265,453753
918129,453753
918055,453753
918229,453753
918142,453753
918216,453753
918020,453753
918321,453753
918144,453753
918283,453753
918236,453753
918076,453753
917713,453753
917785,453753
918007,453753
918232,453753
918261,453753
918201,453753
918260,453753
918227,453753
918209,453753
918030,453753
917995,453753
918203,453753
918187,453753
918199,453753
918180,453753
918146,453753
918092,453753
918193,453753
918200,453753
918160,453753
918047,453753
918205,453753
918256,453753
918271,453753
918204,453753
918115,453753
917827,453753
917983,453753
918064,453753
918197,453753
918194,453753
918246,453753
918284,453753
918285,453753
917902,453753
918064,453753
918076,453753
917956,453753
918172,453753
918164,453753
917866,453753
918016,453753
917984,453753
918212,453753
918269,453753
918273,453753
918236,453753
918155,453753
918246,453753
918150,453753
918114,453753
918118,453753
918051,453753
917754,453753
918254,453753
918236,453753
918354,453753
918339,453753
918273,453753
918380,453753
918276,453753
918308,453753
918257,453753
918022,453753
918218,453753
918274,453753
918378,453753
918353,453753
918241,453753
918347,453753
918349,453753
918236,453753
918230,453753
918007,453753
917945,453753
918245,453753
917250,453753
918228,453753
918142,453753
918179,453753
918186,453753
918197,453753
918276,453753
918050,453753
918107,453753
918055,453753
917911,453753
918028,453753
918029,453753
918237,453753
918216,453753
918198,453753
918191,453753
918251,453753
918129,453753
918048,453753
917907,453753
917870,453753
917946,453753
918203,453753
918185,453753
918092,453753
917965,453753
918009,453753
918318,453753
918095,453753
918147,453753
918208,453753
918113,453753
918048,453753
918119,453753
917997,453753
918190,453753
918116,453753
918171,453753
918074,453753
918229,453753
918077,453753
918176,453753
918245,453753
918259,453753
917976,453753
918172,453753
917709,453753
917579,453753
918083,453753
917994,453753
917966,453753
918017,453753
918148,453753
918111,453753
918231,453753
918209,453753
918245,453753
918260,453753
918282,453753
918213,453753
918245,453753
918203,453753
918241,453753
918248,453753
918309,453753
918229,453753
918159,453753
918170,453753
918262,453753
918368,453753
918357,453753
918317,453753
918269,453753
918301,453753
918269,453753
918187,453753
918006,453753
918205,453753
918232,453753
918206,453753
918238,453753
918183,453753
918214,453753
918106,453753
918069,453753
918127,453753
918072,453753
916754,453753
917051,453753
918105,453753
918034,453753
918293,453753
918277,453753
918285,453753
918309,453753
918233,453753
918374,453753
918318,453753
917926,453753
917567,453753
917640,453753
917464,453753
917710,453753
917959,453753
918207,453753
918126,453753
918101,453753
918240,453753
918195,453753
917883,453753
918183,453753
918193,453753
918131,453753
918236,453753
918108,453753
917966,453753
918131,453753
918220,453753
918206,453753
918238,453753
918074,453753
918131,453753
917657,453753
917652,453753
917918,453753
917704,453753
918354,453753
918283,453753
918232,453753
918213,453753
918059,453753
918286,453753
918345,453753
918272,453753
918320,453753
918326,453753
918123,453753
917938,453753
918047,453753
918346,453753
918358,453753
918313,453753
918107,453753
918145,453753
918000,453753
918176,453753
918062,453753
918281,453753
918328,453753
918248,453753
918205,453753
918154,453753
918175,453753
918168,453753
918221,453753
917988,453753
917923,453753
918202,453753
918197,453753
918066,453753
918044,453753
918053,453753
918147,453753
918157,453753
917741,453753
918178,453753
918319,453753
918038,453753
917572,453753
918096,453753
918103,453753
918066,453753
918118,453753
917643,453753
918232,453753
918119,453753
918137,453753
917794,453753
918132,453753
918083,453753
918063,453753
918022,453753
918241,453753
918232,453753
918120,453753
917949,453753
918114,453753
918055,453753
918203,453753
918180,453753
918076,453753
918220,453753
918270,453753
918116,453753
918180,453753
918273,453753
918348,453753
918319,453753
918329,453753
918297,453753
918330,453753
918267,453753
918202,453753
918180,453753
918342,453753
918248,453753
918302,453753
918202,453753
918391,453753
918192,453753
918292,453753
918266,453753
918202,453753
918240,453753
918196,453753
918300,453753
918284,453753
918172,453753
917953,453753
917591,453753
917299,453753
918034,453753
918172,453753
917964,453753
918019,453753
918146,453753
918236,453753
918255,453753
918139,453753
918195,453753
918117,453753
917961,453753
918091,453753
918084,453753
918106,453753
918014,453753
917565,453753
918081,453753
918199,453753
918233,453753
918108,453753
918239,453753
918070,453753
918178,453753
918229,453753
917971,453753
917839,453753
918066,453753
917641,453753
917571,453753
918195,453753
917990,453753
918250,453753
918036,453753
918083,453753
917071,453753
918164,453753
918193,453753
918254,453753
918386,453753
918354,453753
918318,453753
918354,453753
918354,453753
918206,453753
918212,453753
918318,453753
918312,453753
918298,453753
918299,453753
918149,453753
918303,453753
918153,453753
918288,453753
918114,453753
918243,453753
918163,453753
918179,453753
918134,453753
918249,453753
918152,453753
918160,453753
918002,453753
917589,453753
917943,453753
917918,453753
917201,453753
917667,453753
917916,453753
918124,453753
918007,453753
917836,453753
917814,453753
917679,453753
918080,453753
918205,453753
918165,453753
917944,453753
918020,453753
918145,453753
918063,453753
918024,453753
918054,453753
917777,453753
917908,453753
918175,453753
918166,453753
918173,453753
918259,453753
918176,453753
918344,453753
917467,453753
918074,453753
918045,453753
918131,453753
918237,453753
918265,453753
918308,453753
918183,453753
918307,453753
918319,453753
918327,453753
918288,453753
918211,453753
917982,453753
918023,453753
918158,453753
918239,453753
918272,453753
918101,453753
918281,453753
918217,453753
918249,453753
918222,453753
918019,453753
918088,453753
918159,453753
918257,453753
917785,453753
918208,453753
918214,453753
918187,453753
918218,453753
918110,453753
918146,453753
918099,453753
918114,453753
917823,453753
916876,453753
918024,453753
918135,453753
918242,453753
918302,453753
918276,453753
918078,453753
917966,453753
918174,453753
918225,453753
917933,453753
918002,453753
918280,453753
918159,453753
918253,453753
918190,453753
918014,453753
917983,453753
917933,453753
918104,453753
918340,453753
918105,453753
918336,453753
918307,453753
918138,453753
918179,453753
918268,453753
918083,453753
918392,453753
918361,453753
918280,453753
918100,453753
917979,453753
918111,453753
918122,453753
918213,453753
918294,453753
917474,453753
915963,453753
916418,453753
918165,453753
918204,453753
918227,453753
918133,453753
918193,453753
918002,453753
918213,453753
918220,453753
918238,453753
917981,453753
918183,453753
918153,453753
917541,453753
917974,453753
918164,453753
918108,453753
918241,453753
918097,453753
918142,453753
918307,453753
918321,453753
918124,453753
918020,453753
918150,453753
918010,453753
918015,453753
918209,453753
918308,453753
918136,453753
918088,453753
918118,453753
917910,453753
917921,453753
918210,453753
918243,453753
918264,453753
918273,453753
918360,453753
918202,453753
918250,453753
918231,453753
918230,453753
918292,453753
918260,453753
918190,453753
918184,453753
918320,453753
918318,453753
918209,453753
918297,453753
918327,453753
918253,453753
918232,453753
918103,453753
918315,453753
918066,453753
918286,453753
917910,453753
918117,453753
917791,453753
917560,453753
918218,453753
918066,453753
918144,453753
918297,453753
918178,453753
918168,453753
918266,453753
918212,453753
918279,453753
918281,453753
918025,453753
917958,453753
918144,453753
918106,453753
918128,453753
918277,453753
918188,453753
918013,453753
918197,453753
918100,453753
918249,453753
918159,453753
918083,453753
918220,453753
918242,453753
918346,453753
918264,453753
918327,453753
918169,453753
918166,453753
918298,453753
918288,453753
918267,453753
918231,453753
918233,453753
918240,453753
918211,453753
918274,453753
918259,453753
918061,453753
918110,453753
918157,453753
918207,453753
918281,453753
918088,453753
917843,453753
917463,453753
918048,453753
918172,453753
918244,453753
918017,453753
918160,453753
918091,453753
918111,453753
918096,453753
918222,453753
918016,453753
916891,453753
918264,453753
918291,453753
918092,453753
918192,453753
917995,453753
918064,453753
918171,453753
918047,453753
917719,453753
918106,453753
918167,453753
918257,453753
918263,453753
918334,453753
918188,453753
918264,453753
918195,453753
918298,453753
918243,453753
918406,453753
918197,453753
918144,453753
917298,453753
918275,453753
917945,453753
917668,453753
918040,453753
918048,453753
918341,453753
918163,453753
918170,453753
918371,453753
918326,453753
918270,453753
918063,453753
918065,453753
918195,453753
918284,453753
918215,453753
918116,453753
918199,453753
914131,453753
909139,453753
916355,453753
918010,453753
917948,453753
917821,453753
918212,453753
918067,453753
918176,453753
918288,453753
918094,453753
917268,453753
917940,453753
917954,453753
918181,453753
918289,453753
918149,453753
917996,453753
917985,453753
918059,453753
918198,453753
918267,453753
918239,453753
918208,453753
918352,453753
918253,453753
917981,453753
918368,453753
918320,453753
918328,453753
918347,453753
918204,453753
918248,453753
918288,453753
918368,453753
918294,453753
918087,453753
918296,453753
918239,453753
918164,453753
918188,453753
918190,453753
918261,453753
918167,453753
918150,453753
917861,453753
917069,453753
918055,453753
918137,453753
917826,453753
918072,453753
918060,453753
918113,453753
918097,453753
918187,453753
918306,453753
918202,453753
918118,453753
918217,453753
918125,453753
917816,453753
917868,453753
918228,453753
918160,453753
918045,453753
918246,453753
918166,453753
918209,453753
918234,453753
918063,453753
918107,453753
918296,453753
918320,453753
918068,453753
917935,453753
918346,453753
918427,453753
918393,453753
918341,453753
918146,453753
918001,453753
918351,453753
918175,453753
918180,453753
918277,453753
918300,453753
918329,453753
918236,453753
918247,453753
918211,453753
918185,453753
918271,453753
918073,453753
918083,453753
917818,453753
918102,453753
918080,453753
918025,453753
918154,453753
918330,453753
918166,453753
918176,453753
918121,453753
917976,453753
918132,453753
918247,453753
918141,453753
918246,453753
918296,453753
918282,453753
918402,453753
918363,453753
918354,453753
918180,453753
918316,453753
918194,453753
918292,453753
918284,453753
918287,453753
918246,453753
918299,453753
918376,453753
918155,453753
918068,453753
917983,453753
917998,453753
918183,453753
918193,453753
917729,453753
918244,453753
918120,453753
918121,453753
918073,453753
918010,453753
918081,453753
918220,453753
918101,453753
918170,453753
918167,453753
918204,453753
918271,453753
918267,453753
918106,453753
918369,453753
918328,453753
918347,453753
918271,453753
918088,453753
918258,453753
918392,453753
918321,453753
918270,453753
918350,453753
918314,453753
918161,453753
917878,453753
918228,453753
917981,453753
918211,453753
918174,453753
918298,453753
918234,453753
918118,453753
918188,453753
918306,453753
917657,453753
917919,453753
918003,453753
918253,453753
917584,453753
918223,453753
918216,453753
918329,453753
918418,453753
918330,453753
918373,453753
918349,453753
918258,453753
918307,453753
918070,453753
918058,453753
918381,453753
918298,453753
918266,453753
918226,453753
918301,453753
918277,453753
918328,453753
918159,453753
918234,453753
918269,453753
918047,453753
917949,453753
918330,453753
918226,453753
918295,453753
918147,453753
918167,453753
918227,453753
918155,453753
917763,453753
917815,453753
918075,453753
918177,453753
918258,453753
918325,453753
918226,453753
918284,453753
918256,453753
918353,453753
918325,453753
918097,453753
917883,453753
918230,453753
918306,453753
918150,453753
918068,453753
918355,453753
918371,453753
918391,453753
918214,453753
918087,453753
917997,453753
917972,453753
918347,453753
918244,453753
918092,453753
917679,453753
917683,453753
917254,453753
918296,453753
918183,453753
918363,453753
917922,453753
918248,453753
918285,453753
918307,453753
918317,453753
918330,453753
918281,453753
918325,453753
918186,453753
918249,453753
918036,453753
918146,453753
918415,453753
918407,453753
918422,453753
918288,453753
918349,453753
918298,453753
918109,453753
918250,453753
918239,453753
918224,453753
918117,453753
918100,453753
918180,453753
917987,453753
918028,453753
918182,453753
918138,453753
917884,453753
918153,453753
918264,453753
918248,453753
918187,453753
918216,453753
918311,453753
918249,453753
918353,453753
918276,453753
918333,453753
918290,453753
918224,453753
918326,453753
918324,453753
918245,453753
918211,453753
918107,453753
917518,453753
918178,453753
918187,453753
918232,453753
917938,453753
917508,453753
918122,453753
918267,453753
918176,453753
917717,453753
917984,453753
917988,453753
917402,453753
918081,453753
918277,453753
918298,453753
918096,453753
918335,453753
917351,453753
917829,453753
918061,453753
918141,453753
918376,453753
918115,453753
918362,453753
918321,453753
918374,453753
918308,453753
918197,453753
918324,453753
918235,453753
918163,453753
918075,453753
917707,453753
917562,453753
918175,453753
918229,453753
918272,453753
918114,453753
918195,453753
918281,453753
918296,453753
918321,453753
918372,453753
918339,453753
918343,453753
918268,453753
918127,453753
918366,453753
918299,453753
918294,453753
918268,453753
918313,453753
918247,453753
918182,453753
918183,453753
918157,453753
918185,453753
918292,453753
918339,453753
918230,453753
918175,453753
917975,453753
918291,453753
918280,453753
918249,453753
918378,453753
918230,453753
917758,453753
918203,453753
918317,453753
918238,453753
917803,453753
917903,453753
918343,453753
918292,453753
918351,453753
918470,453546
