TRACE,NSNPS_JACKKNIFE
920497,453753
920448,453753
920349,453753
920375,453753
920297,453753
920415,453753
920280,453753
920229,453753
920345,453753
920243,453753
920355,453753
920178,453753
920437,453753
920296,453753
920395,453753
920336,453753
920201,453753
919821,453753
919946,453753
920162,453753
920345,453753
920427,453753
920341,453753
920359,453753
920407,453753
920309,453753
920109,453753
920130,453753
920337,453753
920313,453753
920305,453753
920280,453753
920280,453753
920234,453753
920319,453753
920309,453753
920266,453753
920265,453753
920356,453753
920350,453753
920375,453753
920344,453753
920269,453753
920017,453753
920173,453753
920212,453753
920338,453753
920356,453753
920425,453753
920376,453753
920413,453753
920042,453753
920057,453753
920215,453753
920081,453753
920302,453753
920273,453753
919950,453753
920102,453753
920117,453753
920363,453753
920428,453753
920434,453753
920336,453753
920245,453753
920336,453753
920315,453753
920185,453753
920255,453753
920152,453753
919787,453753
920330,453753
920335,453753
920483,453753
920429,453753
920404,453753
920468,453753
920360,453753
920473,453753
920328,453753
920129,453753
920302,453753
920410,453753
920483,453753
920490,453753
920420,453753
920441,453753
920456,453753
920361,453753
920363,453753
920064,453753
920072,453753
920396,453753
919259,453753
920362,453753
920254,453753
920324,453753
920342,453753
920300,453753
920432,453753
920181,453753
920245,453753
920139,453753
920101,453753
920086,453753
920120,453753
920346,453753
920327,453753
920367,453753
920319,453753
920340,453753
920248,453753
920162,453753
920010,453753
920034,453753
920042,453753
920353,453753
920267,453753
920184,453753
920143,453753
920186,453753
920454,453753
920177,453753
920241,453753
920369,453753
920273,453753
920211,453753
920213,453753
920121,453753
920280,453753
920136,453753
920238,453753
920207,453753
920370,453753
920209,453753
920314,453753
920353,453753
920331,453753
920104,453753
920296,453753
919879,453753
919770,453753
920221,453753
920174,453753
920137,453753
920114,453753
920271,453753
920234,453753
920302,453753
920316,453753
920364,453753
920391,453753
920391,453753
920286,453753
920336,453753
920339,453753
920367,453753
920396,453753
920452,453753
920332,453753
920287,453753
920285,453753
920409,453753
920508,453753
920461,453753
920467,453753
920360,453753
920432,453753
920357,453753
920310,453753
920132,453753
920341,453753
920372,453753
920300,453753
920363,453753
920321,453753
920352,453753
920232,453753
920209,453753
920223,453753
920173,453753
919035,453753
919210,453753
920236,453753
920116,453753
920451,453753
920411,453753
920446,453753
920425,453753
920356,453753
920466,453753
920419,453753
920046,453753
919607,453753
919656,453753
919460,453753
919848,453753
920061,453753
920372,453753
920272,453753
920159,453753
920360,453753
920355,453753
920045,453753
920296,453753
920260,453753
920216,453753
920324,453753
920193,453753
919988,453753
920268,453753
920330,453753
920392,453753
920344,453753
920119,453753
920192,453753
919801,453753
919876,453753
920084,453753
919919,453753
920457,453753
920438,453753
920361,453753
920373,453753
920202,453753
920406,453753
920434,453753
920387,453753
920438,453753
920417,453753
920253,453753
920074,453753
920115,453753
920462,453753
920480,453753
920436,453753
920231,453753
920249,453753
920123,453753
920338,453753
920285,453753
920388,453753
920471,453753
920357,453753
920336,453753
920265,453753
920280,453753
920341,453753
920353,453753
920039,453753
919912,453753
920335,453753
920321,453753
920175,453753
920193,453753
920183,453753
920228,453753
920288,453753
919991,453753
920308,453753
920433,453753
920174,453753
919648,453753
920245,453753
920264,453753
920194,453753
920175,453753
919675,453753
920385,453753
920297,453753
920230,453753
919770,453753
920243,453753
920174,453753
920088,453753
920108,453753
920364,453753
920330,453753
920238,453753
919955,453753
920296,453753
920214,453753
920352,453753
920356,453753
920214,453753
920327,453753
920410,453753
920234,453753
920331,453753
920417,453753
920461,453753
920448,453753
920469,453753
920396,453753
920468,453753
920370,453753
920293,453753
920276,453753
920485,453753
920385,453753
920450,453753
920390,453753
920504,453753
920280,453753
920408,453753
920425,453753
920321,453753
920366,453753
920276,453753
920396,453753
920431,453753
920261,453753
920023,453753
919662,453753
919484,453753
920092,453753
920291,453753
920138,453753
920207,453753
920274,453753
920270,453753
920350,453753
920320,453753
920311,453753
920256,453753
920124,453753
920214,453753
920264,453753
920236,453753
920118,453753
919549,453753
920234,453753
920317,453753
920371,453753
920291,453753
920359,453753
920211,453753
920299,453753
920367,453753
920070,453753
919862,453753
920230,453753
919649,453753
919665,453753
920263,453753
920088,453753
920324,453753
920143,453753
920207,453753
919291,453753
920307,453753
920340,453753
920330,453753
920501,453753
920486,453753
920474,453753
920490,453753
920481,453753
920371,453753
920372,453753
920417,453753
920433,453753
920389,453753
920415,453753
920290,453753
920412,453753
920310,453753
920389,453753
920306,453753
920387,453753
920379,453753
920251,453753
920280,453753
920335,453753
920259,453753
920332,453753
920096,453753
919645,453753
920092,453753
920060,453753
919241,453753
919799,453753
920102,453753
920247,453753
920073,453753
919862,453753
919876,453753
919831,453753
920143,453753
920335,453753
920252,453753
920124,453753
920140,453753
920247,453753
920227,453753
920163,453753
920146,453753
919793,453753
919908,453753
920313,453753
920334,453753
920365,453753
920357,453753
920257,453753
920449,453753
919628,453753
920194,453753
920249,453753
920264,453753
920356,453753
920379,453753
920414,453753
920305,453753
920378,453753
920470,453753
920359,453753
920391,453753
920334,453753
920163,453753
920168,453753
920261,453753
920355,453753
920339,453753
920260,453753
920410,453753
920335,453753
920365,453753
920319,453753
920170,453753
920251,453753
920293,453753
920401,453753
919879,453753
920307,453753
920360,453753
920316,453753
920403,453753
920240,453753
920206,453753
920198,453753
920223,453753
920019,453753
918968,453753
920161,453753
920228,453753
920324,453753
920424,453753
920396,453753
920117,453753
920052,453753
920305,453753
920358,453753
919994,453753
920062,453753
920442,453753
920273,453753
920365,453753
920258,453753
920150,453753
920094,453753
920116,453753
920287,453753
920426,453753
920204,453753
920453,453753
920383,453753
920317,453753
920338,453753
920433,453753
920286,453753
920484,453753
920494,453753
920408,453753
920244,453753
920066,453753
920217,453753
920208,453753
920352,453753
920412,453753
919775,453753
918484,453753
918803,453753
920299,453753
920350,453753
920374,453753
920242,453753
920334,453753
920136,453753
920373,453753
920362,453753
920416,453753
920164,453753
920300,453753
920254,453753
919576,453753
920081,453753
920260,453753
920237,453753
920298,453753
920203,453753
920237,453753
920404,453753
920411,453753
920274,453753
920145,453753
920278,453753
920070,453753
920189,453753
920302,453753
920435,453753
920193,453753
920257,453753
920261,453753
920014,453753
920042,453753
920384,453753
920362,453753
920403,453753
920414,453753
920472,453753
920264,453753
920390,453753
920386,453753
920376,453753
920388,453753
920386,453753
920350,453753
920289,453753
920464,453753
920443,453753
920309,453753
920416,453753
920424,453753
920387,453753
920376,453753
920249,453753
920367,453753
920226,453753
920432,453753
920022,453753
920210,453753
920064,453753
919959,453753
920347,453753
920133,453753
920260,453753
920405,453753
920285,453753
920300,453753
920354,453753
920351,453753
920399,453753
920363,453753
920114,453753
920021,453753
920262,453753
920223,453753
920255,453753
920366,453753
920235,453753
920132,453753
920311,453753
920219,453753
920362,453753
920302,453753
920178,453753
920337,453753
920360,453753
920437,453753
920356,453753
920471,453753
920247,453753
920263,453753
920386,453753
920410,453753
920390,453753
920348,453753
920364,453753
920356,453753
920385,453753
920392,453753
920416,453753
920237,453753
920208,453753
920292,453753
920318,453753
920377,453753
920213,453753
919902,453753
919610,453753
920195,453753
920322,453753
920331,453753
920134,453753
920296,453753
920248,453753
920208,453753
920197,453753
920371,453753
920216,453753
918470,453753
920383,453753
920392,453753
920214,453753
920343,453753
920200,453753
920179,453753
920259,453753
920170,453753
919924,453753
920283,453753
920274,453753
920395,453753
920351,453753
920434,453753
920332,453753
920339,453753
920333,453753
920416,453753
920366,453753
920519,453753
920333,453753
920241,453753
919460,453753
920425,453753
919944,453753
919704,453753
920176,453753
920137,453753
920430,453753
920254,453753
920371,453753
920510,453753
920418,453753
920381,453753
920225,453753
920229,453753
920340,453753
920405,453753
920319,453753
920241,453753
920313,453753
916802,453753
911851,453753
918675,453753
920104,453753
920058,453753
920039,453753
920402,453753
920121,453753
920285,453753
920432,453753
920200,453753
919343,453753
920051,453753
920087,453753
920260,453753
920393,453753
920279,453753
920143,453753
920109,453753
920251,453753
920184,453753
920314,453753
920364,453753
920356,453753
920497,453753
920397,453753
920108,453753
920500,453753
920422,453753
920423,453753
920465,453753
920323,453753
920338,453753
920413,453753
920472,453753
920405,453753
920231,453753
920422,453753
920323,453753
920329,453753
920340,453753
920325,453753
920418,453753
920289,453753
920234,453753
920016,453753
919207,453753
920157,453753
920253,453753
919873,453753
920135,453753
920167,453753
920227,453753
920185,453753
920297,453753
920417,453753
920335,453753
920251,453753
920361,453753
920287,453753
919930,453753
919948,453753
920365,453753
920268,453753
920143,453753
920352,453753
920325,453753
920333,453753
920356,453753
920170,453753
920160,453753
920416,453753
920425,453753
920139,453753
919967,453753
920450,453753
920517,453753
920471,453753
920481,453753
920324,453753
920140,453753
920512,453753
920317,453753
920317,453753
920419,453753
920455,453753
920446,453753
920380,453753
920381,453753
920334,453753
920355,453753
920426,453753
920201,453753
920115,453753
919957,453753
920179,453753
920232,453753
920136,453753
920279,453753
920477,453753
920320,453753
920289,453753
920203,453753
920095,453753
920207,453753
920396,453753
920291,453753
920316,453753
920390,453753
920374,453753
920509,453753
920472,453753
920440,453753
920345,453753
920394,453753
920283,453753
920408,453753
920454,453753
920412,453753
920362,453753
920437,453753
920500,453753
920301,453753
920152,453753
920075,453753
920061,453753
920218,453753
920323,453753
919837,453753
920381,453753
920216,453753
920227,453753
920210,453753
920231,453753
920138,453753
920340,453753
920221,453753
920313,453753
920332,453753
920332,453753
920407,453753
920384,453753
920265,453753
920499,453753
920448,453753
920464,453753
920396,453753
920279,453753
920341,453753
920498,453753
920459,453753
920350,453753
920482,453753
920414,453753
920310,453753
920001,453753
920364,453753
920056,453753
920326,453753
920336,453753
920393,453753
920322,453753
920204,453753
920315,453753
920444,453753
919703,453753
920020,453753
920181,453753
920348,453753
919737,453753
920308,453753
920319,453753
920417,453753
920511,453753
920415,453753
920498,453753
920455,453753
920315,453753
920442,453753
920209,453753
920261,453753
920503,453753
920420,453753
920449,453753
920374,453753
920420,453753
920400,453753
920432,453753
920273,453753
920344,453753
920441,453753
920216,453753
920030,453753
920460,453753
920312,453753
920428,453753
920291,453753
920296,453753
920317,453753
920282,453753
919747,453753
919885,453753
920193,453753
920288,453753
920380,453753
920463,453753
920336,453753
920420,453753
920364,453753
920444,453753
920428,453753
920185,453753
919986,453753
920375,453753
920436,453753
920322,453753
920139,453753
920515,453753
920494,453753
920514,453753
920395,453753
920192,453753
920093,453753
920055,453753
920494,453753
920371,453753
920204,453753
919787,453753
919935,453753
919482,453753
920399,453753
920303,453753
920522,453753
920050,453753
920358,453753
920394,453753
920413,453753
920446,453753
920464,453753
920400,453753
920470,453753
920360,453753
920342,453753
920200,453753
920310,453753
920531,453753
920536,453753
920522,453753
920429,453753
920476,453753
920392,453753
920300,453753
920417,453753
920369,453753
920308,453753
920284,453753
920248,453753
920304,453753
920128,453753
920203,453753
920278,453753
920259,453753
920011,453753
920336,453753
920403,453753
920429,453753
920339,453753
920318,453753
920408,453753
920370,453753
920480,453753
920370,453753
920457,453753
920393,453753
920347,453753
920450,453753
920479,453753
920418,453753
920344,453753
920166,453753
919525,453753
920286,453753
920275,453753
920355,453753
920070,453753
919632,453753
920218,453753
920408,453753
920290,453753
919833,453753
920112,453753
920061,453753
919689,453753
920203,453753
920387,453753
920430,453753
920256,453753
920461,453753
919385,453753
919870,453753
920218,453753
920270,453753
920449,453753
920234,453753
920454,453753
920455,453753
920463,453753
920401,453753
920316,453753
920455,453753
920348,453753
920270,453753
920201,453753
919844,453753
919782,453753
920244,453753
920378,453753
920380,453753
920234,453753
920287,453753
920382,453753
920433,453753
920496,453753
920476,453753
920501,453753
920445,453753
920412,453753
920262,453753
920492,453753
920470,453753
920441,453753
920377,453753
920459,453753
920385,453753
920309,453753
920308,453753
920313,453753
920349,453753
920398,453753
920501,453753
920361,453753
920331,453753
920056,453753
920411,453753
920409,453753
920389,453753
920474,453753
920332,453753
919829,453753
920277,453753
920430,453753
920376,453753
919916,453753
920044,453753
920467,453753
920391,453753
920453,453753
920507,453546
