TRACE,NSNPS_JACKKNIFE
920813,453753
920758,453753
920704,453753
920746,453753
920640,453753
920762,453753
920592,453753
920563,453753
920690,453753
920572,453753
920673,453753
920482,453753
920765,453753
920609,453753
920743,453753
920669,453753
920538,453753
920233,453753
920315,453753
920459,453753
920681,453753
920712,453753
920605,453753
920708,453753
920664,453753
920668,453753
920467,453753
920459,453753
920616,453753
920626,453753
920645,453753
920597,453753
920636,453753
920525,453753
920660,453753
920661,453753
920593,453753
920539,453753
920667,453753
920675,453753
920702,453753
920655,453753
920557,453753
920359,453753
920436,453753
920558,453753
920655,453753
920645,453753
920713,453753
920731,453753
920749,453753
920457,453753
920432,453753
920481,453753
920400,453753
920602,453753
920608,453753
920339,453753
920443,453753
920437,453753
920661,453753
920733,453753
920724,453753
920625,453753
920604,453753
920665,453753
920634,453753
920532,453753
920524,453753
920467,453753
920124,453753
920653,453753
920700,453753
920777,453753
920747,453753
920728,453753
920782,453753
920701,453753
920788,453753
920620,453753
920410,453753
920680,453753
920740,453753
920803,453753
920782,453753
920719,453753
920783,453753
920787,453753
920674,453753
920682,453753
920447,453753
920319,453753
920686,453753
919652,453753
920638,453753
920585,453753
920605,453753
920629,453753
920647,453753
920778,453753
920488,453753
920619,453753
920405,453753
920383,453753
920396,453753
920383,453753
920672,453753
920662,453753
920656,453753
920618,453753
920663,453753
920632,453753
920519,453753
920353,453753
920300,453753
920345,453753
920698,453753
920616,453753
920508,453753
920355,453753
920435,453753
920744,453753
920568,453753
920553,453753
920692,453753
920537,453753
920519,453753
920580,453753
920488,453753
920595,453753
920513,453753
920628,453753
920519,453753
920647,453753
920476,453753
920645,453753
920671,453753
920698,453753
920419,453753
920628,453753
920121,453753
919982,453753
920548,453753
920478,453753
920462,453753
920365,453753
920563,453753
920548,453753
920632,453753
920630,453753
920649,453753
920698,453753
920730,453753
920655,453753
920647,453753
920680,453753
920699,453753
920693,453753
920814,453753
920666,453753
920653,453753
920628,453753
920720,453753
920836,453753
920778,453753
920758,453753
920685,453753
920668,453753
920678,453753
920615,453753
920560,453753
920627,453753
920678,453753
920671,453753
920715,453753
920604,453753
920646,453753
920542,453753
920520,453753
920511,453753
920472,453753
919161,453753
919407,453753
920635,453753
920510,453753
920777,453753
920738,453753
920715,453753
920721,453753
920667,453753
920761,453753
920718,453753
920340,453753
919987,453753
920112,453753
919854,453753
920066,453753
920396,453753
920656,453753
920591,453753
920544,453753
920693,453753
920632,453753
920260,453753
920581,453753
920650,453753
920475,453753
920677,453753
920499,453753
920369,453753
920535,453753
920675,453753
920727,453753
920734,453753
920476,453753
920526,453753
920075,453753
920121,453753
920402,453753
920208,453753
920795,453753
920734,453753
920658,453753
920690,453753
920464,453753
920711,453753
920749,453753
920767,453753
920747,453753
920768,453753
920614,453753
920375,453753
920404,453753
920772,453753
920764,453753
920744,453753
920583,453753
920572,453753
920390,453753
920696,453753
920498,453753
920689,453753
920780,453753
920686,453753
920676,453753
920638,453753
920591,453753
920654,453753
920637,453753
920295,453753
920305,453753
920657,453753
920603,453753
920481,453753
920537,453753
920457,453753
920565,453753
920570,453753
920256,453753
920585,453753
920738,453753
920475,453753
920064,453753
920534,453753
920571,453753
920504,453753
920485,453753
919981,453753
920689,453753
920662,453753
920561,453753
920204,453753
920569,453753
920467,453753
920484,453753
920443,453753
920686,453753
920683,453753
920569,453753
920331,453753
920598,453753
920512,453753
920666,453753
920624,453753
920503,453753
920669,453753
920714,453753
920574,453753
920584,453753
920730,453753
920800,453753
920751,453753
920775,453753
920729,453753
920775,453753
920745,453753
920620,453753
920607,453753
920796,453753
920704,453753
920725,453753
920705,453753
920833,453753
920643,453753
920686,453753
920753,453753
920649,453753
920670,453753
920607,453753
920762,453753
920723,453753
920638,453753
920374,453753
919874,453753
919717,453753
920522,453753
920676,453753
920443,453753
920500,453753
920531,453753
920608,453753
920672,453753
920565,453753
920642,453753
920553,453753
920460,453753
920505,453753
920588,453753
920565,453753
920435,453753
919967,453753
920584,453753
920600,453753
920616,453753
920619,453753
920663,453753
920443,453753
920615,453753
920668,453753
920421,453753
920265,453753
920600,453753
919990,453753
920019,453753
920641,453753
920441,453753
920659,453753
920502,453753
920514,453753
919454,453753
920610,453753
920648,453753
920666,453753
920845,453753
920817,453753
920767,453753
920786,453753
920788,453753
920650,453753
920674,453753
920724,453753
920790,453753
920717,453753
920735,453753
920631,453753
920730,453753
920596,453753
920678,453753
920618,453753
920677,453753
920699,453753
920618,453753
920568,453753
920673,453753
920583,453753
920683,453753
920458,453753
920118,453753
920418,453753
920318,453753
919510,453753
920164,453753
920313,453753
920543,453753
920465,453753
920215,453753
920284,453753
920133,453753
920436,453753
920643,453753
920569,453753
920457,453753
920540,453753
920627,453753
920495,453753
920390,453753
920422,453753
920145,453753
920346,453753
920631,453753
920610,453753
920668,453753
920653,453753
920620,453753
920758,453753
919851,453753
920558,453753
920582,453753
920575,453753
920698,453753
920707,453753
920743,453753
920637,453753
920712,453753
920793,453753
920729,453753
920725,453753
920636,453753
920431,453753
920443,453753
920588,453753
920634,453753
920700,453753
920548,453753
920720,453753
920686,453753
920706,453753
920654,453753
920464,453753
920586,453753
920618,453753
920693,453753
920174,453753
920631,453753
920678,453753
920688,453753
920677,453753
920551,453753
920560,453753
920491,453753
920542,453753
920295,453753
919346,453753
920505,453753
920527,453753
920669,453753
920756,453753
920734,453753
920525,453753
920328,453753
920604,453753
920660,453753
920299,453753
920433,453753
920727,453753
920584,453753
920635,453753
920596,453753
920441,453753
920417,453753
920417,453753
920529,453753
920730,453753
920552,453753
920790,453753
920737,453753
920613,453753
920638,453753
920679,453753
920645,453753
920812,453753
920793,453753
920758,453753
920555,453753
920409,453753
920608,453753
920525,453753
920688,453753
920744,453753
920038,453753
918600,453753
918966,453753
920578,453753
920606,453753
920672,453753
920559,453753
920641,453753
920409,453753
920692,453753
920676,453753
920696,453753
920399,453753
920597,453753
920604,453753
919844,453753
920432,453753
920598,453753
920550,453753
920662,453753
920507,453753
920555,453753
920726,453753
920768,453753
920557,453753
920460,453753
920560,453753
920406,453753
920513,453753
920621,453753
920764,453753
920570,453753
920544,453753
920561,453753
920371,453753
920325,453753
920663,453753
920703,453753
920743,453753
920750,453753
920757,453753
920622,453753
920695,453753
920690,453753
920719,453753
920745,453753
920731,453753
920652,453753
920609,453753
920748,453753
920783,453753
920647,453753
920736,453753
920769,453753
920700,453753
920684,453753
920497,453753
920732,453753
920461,453753
920748,453753
920397,453753
920593,453753
920349,453753
920084,453753
920610,453753
920430,453753
920641,453753
920688,453753
920573,453753
920595,453753
920677,453753
920700,453753
920734,453753
920691,453753
920405,453753
920388,453753
920627,453753
920566,453753
920601,453753
920708,453753
920645,453753
920481,453753
920651,453753
920555,453753
920692,453753
920627,453753
920531,453753
920687,453753
920654,453753
920791,453753
920666,453753
920811,453753
920588,453753
920572,453753
920703,453753
920720,453753
920721,453753
920675,453753
920688,453753
920709,453753
920690,453753
920666,453753
920733,453753
920565,453753
920520,453753
920619,453753
920679,453753
920727,453753
920520,453753
920242,453753
919833,453753
920476,453753
920628,453753
920660,453753
920432,453753
920639,453753
920474,453753
920576,453753
920548,453753
920682,453753
920526,453753
918994,453753
920686,453753
920717,453753
920531,453753
920625,453753
920448,453753
920486,453753
920631,453753
920476,453753
920201,453753
920585,453753
920624,453753
920743,453753
920707,453753
920783,453753
920598,453753
920713,453753
920635,453753
920754,453753
920648,453753
920823,453753
920636,453753
920546,453753
919823,453753
920694,453753
920319,453753
920060,453753
920511,453753
920456,453753
920769,453753
920621,453753
920644,453753
920816,453753
920785,453753
920692,453753
920503,453753
920540,453753
920672,453753
920742,453753
920566,453753
920563,453753
920621,453753
917235,453753
912127,453753
918904,453753
920448,453753
920448,453753
920320,453753
920692,453753
920492,453753
920607,453753
920718,453753
920540,453753
919875,453753
920350,453753
920392,453753
920571,453753
920733,453753
920587,453753
920431,453753
920420,453753
920532,453753
920561,453753
920673,453753
920676,453753
920696,453753
920808,453753
920736,453753
920460,453753
920779,453753
920735,453753
920782,453753
920771,453753
920637,453753
920643,453753
920739,453753
920787,453753
920699,453753
920540,453753
920696,453753
920675,453753
920631,453753
920624,453753
920664,453753
920729,453753
920601,453753
920585,453753
920293,453753
919550,453753
920461,453753
920604,453753
920328,453753
920441,453753
920503,453753
920515,453753
920508,453753
920623,453753
920721,453753
920657,453753
920564,453753
920706,453753
920647,453753
920327,453753
920330,453753
920657,453753
920616,453753
920498,453753
920658,453753
920613,453753
920659,453753
920704,453753
920467,453753
920485,453753
920710,453753
920747,453753
920498,453753
920285,453753
920790,453753
920858,453753
920788,453753
920797,453753
920600,453753
920491,453753
920819,453753
920619,453753
920633,453753
920777,453753
920741,453753
920794,453753
920659,453753
920669,453753
920629,453753
920652,453753
920752,453753
920501,453753
920515,453753
920326,453753
920537,453753
920544,453753
920419,453753
920584,453753
920770,453753
920623,453753
920615,453753
920591,453753
920410,453753
920538,453753
920722,453753
920639,453753
920662,453753
920699,453753
920719,453753
920862,453753
920791,453753
920740,453753
920660,453753
920727,453753
920615,453753
920731,453753
920778,453753
920747,453753
920691,453753
920779,453753
920825,453753
920666,453753
920451,453753
920414,453753
920431,453753
920610,453753
920676,453753
920092,453753
920710,453753
920550,453753
920563,453753
920550,453753
920525,453753
920471,453753
920667,453753
920528,453753
920603,453753
920637,453753
920642,453753
920717,453753
920713,453753
920610,453753
920793,453753
920766,453753
920767,453753
920716,453753
920528,453753
920668,453753
920840,453753
920780,453753
920628,453753
920761,453753
920732,453753
920625,453753
920342,453753
920664,453753
920430,453753
920658,453753
920631,453753
920728,453753
920622,453753
920530,453753
920646,453753
920770,453753
920051,453753
920310,453753
920473,453753
920662,453753
920012,453753
920686,453753
920660,453753
920760,453753
920805,453753
920747,453753
920817,453753
920782,453753
920667,453753
920752,453753
920464,453753
920535,453753
920807,453753
920738,453753
920748,453753
920670,453753
920768,453753
920742,453753
920793,453753
920677,453753
920665,453753
920752,453753
920455,453753
920391,453753
920754,453753
920726,453753
920761,453753
920592,453753
920624,453753
920660,453753
920606,453753
920051,453753
920306,453753
920578,453753
920636,453753
920705,453753
920788,453753
920674,453753
920701,453753
920697,453753
920776,453753
920735,453753
920551,453753
920314,453753
920722,453753
920736,453753
920647,453753
920489,453753
920804,453753
920787,453753
920817,453753
920725,453753
920514,453753
920435,453753
920441,453753
920792,453753
920679,453753
920523,453753
920144,453753
920226,453753
919881,453753
920699,453753
920581,453753
920818,453753
920352,453753
920655,453753
920772,453753
920725,453753
920739,453753
920775,453753
920676,453753
920778,453753
920659,453753
920693,453753
920482,453753
920576,453753
920846,453753
920864,453753
920851,453753
920738,453753
920802,453753
920711,453753
920573,453753
920676,453753
920726,453753
920622,453753
920604,453753
920555,453753
920622,453753
920484,453753
920505,453753
920607,453753
920583,453753
920310,453753
920587,453753
920748,453753
920720,453753
920661,453753
920637,453753
920776,453753
920698,453753
920788,453753
920715,453753
920779,453753
920729,453753
920712,453753
920758,453753
920783,453753
920660,453753
920656,453753
920472,453753
919773,453753
920557,453753
920584,453753
920673,453753
920341,453753
919875,453753
920475,453753
920674,453753
920619,453753
920155,453753
920387,453753
920443,453753
919889,453753
920538,453753
920673,453753
920720,453753
920577,453753
920769,453753
919721,453753
920217,453753
920530,453753
920569,453753
920781,453753
920588,453753
920805,453753
920797,453753
920771,453753
920718,453753
920602,453753
920744,453753
920659,453753
920590,453753
920500,453753
920211,453753
920028,453753
920601,453753
920696,453753
920732,453753
920642,453753
920617,453753
920720,453753
920745,453753
920752,453753
920773,453753
920796,453753
920786,453753
920747,453753
920549,453753
920827,453753
920793,453753
920770,453753
920720,453753
920751,453753
920700,453753
920610,453753
920649,453753
920652,453753
920657,453753
920717,453753
920796,453753
920719,453753
920599,453753
920372,453753
920744,453753
920737,453753
920662,453753
920782,453753
920614,453753
920172,453753
920633,453753
920759,453753
920720,453753
920224,453753
920370,453753
920743,453753
920714,453753
920769,453753
920889,453546
