TRACE,NSNPS_JACKKNIFE
917671,453753
917618,453753
917519,453753
917546,453753
917474,453753
917555,453753
917392,453753
917369,453753
917495,453753
917397,453753
917522,453753
917294,453753
917601,453753
917487,453753
917570,453753
917492,453753
917358,453753
916986,453753
917091,453753
917300,453753
917552,453753
917577,453753
917496,453753
917532,453753
917577,453753
917525,453753
917321,453753
917323,453753
917427,453753
917456,453753
917455,453753
917376,453753
917429,453753
917392,453753
917476,453753
917473,453753
917456,453753
917373,453753
917463,453753
917522,453753
917550,453753
917548,453753
917438,453753
917142,453753
917262,453753
917368,453753
917503,453753
917472,453753
917558,453753
917574,453753
917563,453753
917214,453753
917327,453753
917380,453753
917272,453753
917416,453753
917412,453753
917122,453753
917317,453753
917315,453753
917531,453753
917603,453753
917599,453753
917529,453753
917454,453753
917511,453753
917501,453753
917357,453753
917382,453753
917327,453753
917002,453753
917481,453753
917523,453753
917633,453753
917617,453753
917573,453753
917618,453753
917530,453753
917659,453753
917481,453753
917242,453753
917472,453753
917552,453753
917644,453753
917628,453753
917592,453753
917576,453753
917602,453753
917507,453753
917554,453753
917232,453753
917184,453753
917515,453753
916325,453753
917496,453753
917354,453753
917466,453753
917496,453753
917492,453753
917573,453753
917311,453753
917392,453753
917351,453753
917193,453753
917196,453753
917303,453753
917539,453753
917505,453753
917526,453753
917506,453753
917517,453753
917470,453753
917315,453753
917157,453753
917158,453753
917138,453753
917505,453753
917442,453753
917340,453753
917309,453753
917362,453753
917594,453753
917408,453753
917458,453753
917498,453753
917434,453753
917347,453753
917392,453753
917349,453753
917430,453753
917368,453753
917447,453753
917336,453753
917475,453753
917291,453753
917391,453753
917525,453753
917546,453753
917323,453753
917472,453753
917043,453753
916864,453753
917412,453753
917281,453753
917278,453753
917191,453753
917409,453753
917427,453753
917481,453753
917497,453753
917511,453753
917549,453753
917533,453753
917442,453753
917478,453753
917530,453753
917540,453753
917564,453753
917639,453753
917499,453753
917412,453753
917502,453753
917552,453753
917626,453753
917648,453753
917623,453753
917541,453753
917575,453753
917560,453753
917497,453753
917364,453753
917481,453753
917509,453753
917498,453753
917553,453753
917464,453753
917466,453753
917365,453753
917375,453753
917380,453753
917372,453753
915996,453753
916255,453753
917417,453753
917351,453753
917580,453753
917572,453753
917584,453753
917567,453753
917469,453753
917627,453753
917609,453753
917241,453753
916840,453753
916893,453753
916785,453753
917016,453753
917290,453753
917511,453753
917447,453753
917372,453753
917515,453753
917466,453753
917134,453753
917438,453753
917434,453753
917425,453753
917488,453753
917381,453753
917225,453753
917402,453753
917501,453753
917543,453753
917546,453753
917329,453753
917373,453753
916902,453753
917014,453753
917224,453753
916984,453753
917661,453753
917580,453753
917511,453753
917547,453753
917311,453753
917527,453753
917605,453753
917556,453753
917590,453753
917598,453753
917397,453753
917164,453753
917290,453753
917619,453753
917626,453753
917652,453753
917399,453753
917422,453753
917225,453753
917532,453753
917404,453753
917557,453753
917590,453753
917491,453753
917473,453753
917484,453753
917484,453753
917508,453753
917526,453753
917177,453753
917119,453753
917482,453753
917507,453753
917336,453753
917395,453753
917288,453753
917376,453753
917434,453753
917113,453753
917493,453753
917549,453753
917270,453753
916766,453753
917369,453753
917378,453753
917290,453753
917341,453753
916773,453753
917512,453753
917450,453753
917391,453753
916983,453753
917466,453753
917369,453753
917361,453753
917221,453753
917539,453753
917484,453753
917356,453753
917150,453753
917428,453753
917368,453753
917531,453753
917436,453753
917321,453753
917513,453753
917541,453753
917458,453753
917467,453753
917566,453753
917616,453753
917611,453753
917594,453753
917570,453753
917622,453753
917555,453753
917464,453753
917477,453753
917632,453753
917567,453753
917571,453753
917523,453753
917688,453753
917480,453753
917531,453753
917564,453753
917523,453753
917506,453753
917443,453753
917572,453753
917575,453753
917462,453753
917235,453753
916881,453753
916707,453753
917328,453753
917467,453753
917242,453753
917310,453753
917427,453753
917491,453753
917515,453753
917437,453753
917506,453753
917428,453753
917321,453753
917337,453753
917399,453753
917402,453753
917221,453753
916635,453753
917396,453753
917440,453753
917496,453753
917443,453753
917483,453753
917290,453753
917445,453753
917510,453753
917271,453753
917167,453753
917385,453753
916985,453753
916877,453753
917452,453753
917251,453753
917529,453753
917336,453753
917378,453753
916289,453753
917478,453753
917506,453753
917507,453753
917651,453753
917651,453753
917610,453753
917618,453753
917635,453753
917534,453753
917531,453753
917564,453753
917613,453753
917503,453753
917581,453753
917420,453753
917545,453753
917513,453753
917558,453753
917446,453753
917471,453753
917518,453753
917441,453753
917414,453753
917474,453753
917421,453753
917456,453753
917288,453753
916794,453753
917179,453753
917178,453753
916411,453753
916872,453753
917207,453753
917401,453753
917286,453753
917062,453753
917089,453753
917060,453753
917319,453753
917514,453753
917415,453753
917313,453753
917299,453753
917445,453753
917417,453753
917302,453753
917271,453753
917021,453753
917128,453753
917507,453753
917495,453753
917516,453753
917526,453753
917444,453753
917595,453753
916676,453753
917385,453753
917392,453753
917407,453753
917490,453753
917544,453753
917588,453753
917492,453753
917533,453753
917626,453753
917575,453753
917542,453753
917510,453753
917266,453753
917340,453753
917442,453753
917464,453753
917520,453753
917364,453753
917584,453753
917484,453753
917535,453753
917493,453753
917274,453753
917446,453753
917410,453753
917542,453753
917007,453753
917456,453753
917515,453753
917457,453753
917521,453753
917416,453753
917415,453753
917383,453753
917373,453753
917124,453753
916163,453753
917350,453753
917428,453753
917500,453753
917590,453753
917571,453753
917384,453753
917236,453753
917440,453753
917481,453753
917145,453753
917266,453753
917577,453753
917441,453753
917481,453753
917494,453753
917308,453753
917244,453753
917251,453753
917392,453753
917608,453753
917394,453753
917642,453753
917600,453753
917421,453753
917526,453753
917588,453753
917444,453753
917627,453753
917660,453753
917571,453753
917387,453753
917274,453753
917402,453753
917396,453753
917506,453753
917574,453753
917107,453753
916015,453753
916419,453753
917453,453753
917476,453753
917571,453753
917408,453753
917484,453753
917230,453753
917523,453753
917520,453753
917549,453753
917332,453753
917417,453753
917425,453753
916713,453753
917227,453753
917400,453753
917387,453753
917507,453753
917392,453753
917468,453753
917516,453753
917552,453753
917425,453753
917323,453753
917439,453753
917203,453753
917341,453753
917439,453753
917587,453753
917419,453753
917426,453753
917364,453753
917195,453753
917163,453753
917476,453753
917521,453753
917554,453753
917610,453753
917619,453753
917391,453753
917543,453753
917542,453753
917540,453753
917569,453753
917544,453753
917468,453753
917412,453753
917595,453753
917584,453753
917507,453753
917538,453753
917595,453753
917553,453753
917513,453753
917375,453753
917570,453753
917357,453753
917571,453753
917167,453753
917413,453753
917175,453753
916916,453753
917479,453753
917409,453753
917485,453753
917566,453753
917437,453753
917447,453753
917543,453753
917498,453753
917580,453753
917505,453753
917313,453753
917180,453753
917440,453753
917400,453753
917412,453753
917556,453753
917435,453753
917354,453753
917468,453753
917415,453753
917535,453753
917424,453753
917311,453753
917494,453753
917557,453753
917622,453753
917515,453753
917655,453753
917361,453753
917448,453753
917535,453753
917563,453753
917547,453753
917468,453753
917539,453753
917548,453753
917553,453753
917533,453753
917533,453753
917340,453753
917317,453753
917471,453753
917488,453753
917558,453753
917394,453753
917070,453753
916688,453753
917351,453753
917436,453753
917521,453753
917250,453753
917459,453753
917337,453753
917410,453753
917349,453753
917536,453753
917377,453753
915707,453753
917502,453753
917544,453753
917404,453753
917512,453753
917306,453753
917360,453753
917431,453753
917292,453753
917083,453753
917460,453753
917465,453753
917560,453753
917527,453753
917630,453753
917536,453753
917513,453753
917491,453753
917604,453753
917494,453753
917643,453753
917489,453753
917372,453753
916644,453753
917570,453753
917183,453753
917027,453753
917283,453753
917311,453753
917600,453753
917507,453753
917471,453753
917641,453753
917602,453753
917570,453753
917294,453753
917415,453753
917498,453753
917588,453753
917444,453753
917395,453753
917461,453753
913772,453753
908390,453753
915695,453753
917284,453753
917294,453753
917211,453753
917551,453753
917314,453753
917448,453753
917568,453753
917425,453753
916708,453753
917224,453753
917217,453753
917454,453753
917570,453753
917434,453753
917348,453753
917320,453753
917378,453753
917482,453753
917491,453753
917519,453753
917514,453753
917624,453753
917549,453753
917247,453753
917608,453753
917570,453753
917594,453753
917643,453753
917491,453753
917554,453753
917566,453753
917617,453753
917581,453753
917352,453753
917550,453753
917495,453753
917445,453753
917427,453753
917493,453753
917585,453753
917435,453753
917423,453753
917151,453753
916382,453753
917328,453753
917416,453753
917079,453753
917283,453753
917306,453753
917346,453753
917343,453753
917509,453753
917547,453753
917506,453753
917391,453753
917530,453753
917457,453753
917161,453753
917154,453753
917497,453753
917422,453753
917289,453753
917478,453753
917439,453753
917456,453753
917495,453753
917338,453753
917330,453753
917559,453753
917599,453753
917363,453753
917094,453753
917636,453753
917655,453753
917631,453753
917628,453753
917426,453753
917280,453753
917657,453753
917460,453753
917457,453753
917590,453753
917618,453753
917604,453753
917509,453753
917489,453753
917485,453753
917504,453753
917534,453753
917352,453753
917349,453753
917113,453753
917355,453753
917413,453753
917303,453753
917424,453753
917617,453753
917472,453753
917496,453753
917414,453753
917238,453753
917388,453753
917541,453753
917431,453753
917515,453753
917577,453753
917538,453753
917674,453753
917628,453753
917615,453753
917492,453753
917571,453753
917430,453753
917565,453753
917612,453753
917555,453753
917548,453753
917562,453753
917639,453753
917429,453753
917333,453753
917238,453753
917262,453753
917421,453753
917478,453753
917036,453753
917532,453753
917384,453753
917381,453753
917404,453753
917353,453753
917277,453753
917482,453753
917395,453753
917432,453753
917537,453753
917514,453753
917585,453753
917512,453753
917435,453753
917646,453753
917588,453753
917582,453753
917548,453753
917373,453753
917521,453753
917677,453753
917626,453753
917508,453753
917631,453753
917577,453753
917480,453753
917162,453753
917509,453753
917258,453753
917497,453753
917505,453753
917588,453753
917492,453753
917415,453753
917502,453753
917607,453753
916922,453753
917209,453753
917304,453753
917496,453753
916763,453753
917509,453753
917449,453753
917603,453753
917699,453753
917588,453753
917705,453753
917620,453753
917511,453753
917600,453753
917326,453753
917388,453753
917662,453753
917573,453753
917594,453753
917501,453753
917534,453753
917590,453753
917613,453753
917479,453753
917493,453753
917585,453753
917301,453753
917241,453753
917607,453753
917533,453753
917558,453753
917442,453753
917405,453753
917525,453753
917458,453753
916924,453753
917066,453753
917361,453753
917439,453753
917552,453753
917614,453753
917518,453753
917555,453753
917549,453753
917596,453753
917605,453753
917401,453753
917173,453753
917567,453753
917604,453753
917407,453753
917371,453753
917584,453753
917646,453753
917663,453753
917530,453753
917337,453753
917246,453753
917250,453753
917648,453753
917530,453753
917386,453753
916914,453753
917114,453753
916792,453753
917538,453753
917476,453753
917681,453753
917170,453753
917488,453753
917560,453753
917575,453753
917579,453753
917618,453753
917533,453753
917589,453753
917534,453753
917512,453753
917351,453753
917441,453753
917661,453753
917678,453753
917735,453753
917570,453753
917610,453753
917540,453753
917408,453753
917507,453753
917477,453753
917497,453753
917469,453753
917403,453753
917453,453753
917271,453753
917355,453753
917479,453753
917447,453753
917242,453753
917460,453753
917603,453753
917593,453753
917444,453753
917501,453753
917619,453753
917547,453753
917612,453753
917556,453753
917641,453753
917557,453753
917481,453753
917581,453753
917657,453753
917528,453753
917465,453753
917308,453753
916571,453753
917420,453753
917441,453753
917479,453753
917188,453753
916748,453753
917353,453753
917515,453753
917452,453753
917044,453753
917230,453753
917273,453753
916502,453753
917325,453753
917534,453753
917575,453753
917454,453753
917649,453753
916569,453753
917095,453753
917337,453753
917362,453753
917608,453753
917386,453753
917627,453753
917651,453753
917626,453753
917602,453753
917485,453753
917595,453753
917514,453753
917456,453753
917356,453753
917051,453753
916878,453753
917458,453753
917537,453753
917547,453753
917431,453753
917479,453753
917556,453753
917619,453753
917593,453753
917630,453753
917649,453753
917632,453753
917553,453753
917385,453753
917649,453753
917668,453753
917598,453753
917525,453753
917557,453753
917498,453753
917504,453753
917441,453753
917492,453753
917507,453753
917602,453753
917650,453753
917501,453753
917444,453753
917280,453753
917599,453753
917590,453753
917549,453753
917613,453753
917488,453753
916981,453753
917430,453753
917593,453753
917531,453753
917065,453753
917186,453753
917633,453753
917540,453753
917613,453753
917738,453546
