TRACE,NSNPS_JACKKNIFE
921604,453753
921572,453753
921496,453753
921535,453753
921454,453753
921563,453753
921383,453753
921328,453753
921500,453753
921399,453753
921485,453753
921255,453753
921583,453753
921453,453753
921562,453753
921486,453753
921358,453753
921025,453753
921099,453753
921273,453753
921525,453753
921552,453753
921369,453753
921476,453753
921523,453753
921483,453753
921287,453753
921270,453753
921403,453753
921417,453753
921444,453753
921396,453753
921400,453753
921313,453753
921403,453753
921489,453753
921377,453753
921352,453753
921477,453753
921506,453753
921518,453753
921477,453753
921389,453753
921153,453753
921166,453753
921337,453753
921467,453753
921477,453753
921531,453753
921524,453753
921577,453753
921167,453753
921212,453753
921383,453753
921206,453753
921429,453753
921402,453753
921128,453753
921314,453753
921262,453753
921465,453753
921528,453753
921545,453753
921418,453753
921370,453753
921478,453753
921478,453753
921336,453753
921374,453753
921303,453753
920986,453753
921438,453753
921508,453753
921604,453753
921553,453753
921542,453753
921612,453753
921510,453753
921605,453753
921481,453753
921202,453753
921478,453753
921573,453753
921599,453753
921618,453753
921517,453753
921581,453753
921610,453753
921484,453753
921488,453753
921248,453753
921104,453753
921463,453753
920388,453753
921497,453753
921344,453753
921434,453753
921494,453753
921446,453753
921570,453753
921325,453753
921363,453753
921261,453753
921201,453753
921227,453753
921340,453753
921446,453753
921455,453753
921484,453753
921437,453753
921469,453753
921413,453753
921282,453753
921127,453753
921172,453753
921224,453753
921450,453753
921435,453753
921311,453753
921148,453753
921296,453753
921580,453753
921352,453753
921418,453753
921466,453753
921363,453753
921320,453753
921407,453753
921290,453753
921410,453753
921325,453753
921422,453753
921311,453753
921494,453753
921260,453753
921456,453753
921485,453753
921517,453753
921160,453753
921433,453753
920987,453753
920803,453753
921355,453753
921251,453753
921268,453753
921161,453753
921328,453753
921354,453753
921480,453753
921465,453753
921471,453753
921493,453753
921504,453753
921467,453753
921510,453753
921501,453753
921506,453753
921541,453753
921569,453753
921466,453753
921392,453753
921425,453753
921499,453753
921657,453753
921613,453753
921553,453753
921540,453753
921551,453753
921542,453753
921472,453753
921291,453753
921422,453753
921484,453753
921414,453753
921525,453753
921424,453753
921466,453753
921371,453753
921323,453753
921403,453753
921222,453753
920158,453753
920243,453753
921422,453753
921304,453753
921593,453753
921516,453753
921588,453753
921566,453753
921454,453753
921591,453753
921550,453753
921174,453753
920703,453753
920830,453753
920646,453753
920931,453753
921224,453753
921477,453753
921405,453753
921330,453753
921502,453753
921459,453753
921121,453753
921380,453753
921441,453753
921378,453753
921449,453753
921345,453753
921196,453753
921395,453753
921475,453753
921478,453753
921538,453753
921343,453753
921323,453753
920915,453753
921048,453753
921227,453753
920929,453753
921590,453753
921580,453753
921484,453753
921502,453753
921339,453753
921559,453753
921597,453753
921557,453753
921538,453753
921583,453753
921401,453753
921106,453753
921221,453753
921594,453753
921615,453753
921575,453753
921397,453753
921365,453753
921187,453753
921408,453753
921355,453753
921531,453753
921597,453753
921445,453753
921474,453753
921403,453753
921435,453753
921464,453753
921476,453753
921126,453753
921112,453753
921485,453753
921397,453753
921285,453753
921316,453753
921324,453753
921384,453753
921426,453753
921049,453753
921413,453753
921543,453753
921289,453753
920767,453753
921368,453753
921376,453753
921265,453753
921291,453753
920868,453753
921476,453753
921452,453753
921370,453753
921026,453753
921390,453753
921327,453753
921336,453753
921222,453753
921492,453753
921497,453753
921339,453753
921129,453753
921405,453753
921359,453753
921489,453753
921431,453753
921286,453753
921444,453753
921519,453753
921386,453753
921448,453753
921548,453753
921582,453753
921559,453753
921584,453753
921536,453753
921589,453753
921532,453753
921464,453753
921414,453753
921619,453753
921562,453753
921576,453753
921514,453753
921646,453753
921412,453753
921541,453753
921548,453753
921464,453753
921495,453753
921483,453753
921579,453753
921526,453753
921442,453753
921225,453753
920784,453753
920511,453753
921277,453753
921455,453753
921256,453753
921292,453753
921396,453753
921441,453753
921493,453753
921484,453753
921414,453753
921380,453753
921278,453753
921325,453753
921347,453753
921382,453753
921302,453753
920818,453753
921369,453753
921424,453753
921527,453753
921385,453753
921487,453753
921281,453753
921400,453753
921454,453753
921198,453753
921151,453753
921372,453753
920843,453753
920837,453753
921388,453753
921249,453753
921527,453753
921280,453753
921394,453753
920170,453753
921484,453753
921460,453753
921489,453753
921625,453753
921604,453753
921592,453753
921612,453753
921597,453753
921502,453753
921465,453753
921526,453753
921571,453753
921498,453753
921554,453753
921399,453753
921498,453753
921409,453753
921528,453753
921411,453753
921508,453753
921454,453753
921422,453753
921410,453753
921466,453753
921388,453753
921469,453753
921285,453753
920833,453753
921265,453753
921153,453753
920506,453753
920913,453753
921206,453753
921360,453753
921277,453753
921085,453753
921025,453753
921018,453753
921322,453753
921499,453753
921406,453753
921240,453753
921293,453753
921411,453753
921295,453753
921246,453753
921252,453753
920983,453753
921110,453753
921491,453753
921420,453753
921503,453753
921433,453753
921453,453753
921603,453753
920655,453753
921339,453753
921373,453753
921426,453753
921514,453753
921489,453753
921521,453753
921476,453753
921506,453753
921568,453753
921561,453753
921567,453753
921449,453753
921219,453753
921296,453753
921368,453753
921479,453753
921490,453753
921344,453753
921531,453753
921480,453753
921477,453753
921459,453753
921280,453753
921435,453753
921418,453753
921507,453753
921010,453753
921449,453753
921451,453753
921425,453753
921500,453753
921402,453753
921328,453753
921312,453753
921276,453753
921128,453753
920131,453753
921290,453753
921426,453753
921537,453753
921558,453753
921547,453753
921329,453753
921233,453753
921402,453753
921453,453753
921080,453753
921165,453753
921537,453753
921433,453753
921489,453753
921421,453753
921301,453753
921236,453753
921254,453753
921390,453753
921542,453753
921358,453753
921596,453753
921530,453753
921445,453753
921459,453753
921535,453753
921365,453753
921609,453753
921605,453753
921539,453753
921329,453753
921249,453753
921379,453753
921370,453753
921459,453753
921467,453753
920853,453753
919550,453753
919952,453753
921388,453753
921463,453753
921514,453753
921355,453753
921436,453753
921198,453753
921501,453753
921474,453753
921494,453753
921228,453753
921417,453753
921411,453753
920739,453753
921324,453753
921421,453753
921367,453753
921453,453753
921312,453753
921399,453753
921573,453753
921565,453753
921384,453753
921353,453753
921402,453753
921237,453753
921302,453753
921425,453753
921557,453753
921394,453753
921396,453753
921368,453753
921125,453753
921221,453753
921475,453753
921451,453753
921567,453753
921572,453753
921595,453753
921371,453753
921507,453753
921537,453753
921508,453753
921542,453753
921559,453753
921493,453753
921392,453753
921572,453753
921581,453753
921468,453753
921518,453753
921546,453753
921552,453753
921513,453753
921362,453753
921534,453753
921318,453753
921536,453753
921171,453753
921400,453753
920972,453753
920697,453753
921396,453753
921310,453753
921457,453753
921534,453753
921413,453753
921395,453753
921507,453753
921498,453753
921553,453753
921500,453753
921245,453753
921176,453753
921364,453753
921354,453753
921412,453753
921546,453753
921434,453753
921253,453753
921427,453753
921324,453753
921532,453753
921407,453753
921311,453753
921479,453753
921467,453753
921610,453753
921521,453753
921602,453753
921375,453753
921412,453753
921519,453753
921544,453753
921515,453753
921431,453753
921528,453753
921471,453753
921447,453753
921498,453753
921530,453753
921398,453753
921305,453753
921420,453753
921470,453753
921528,453753
921305,453753
921055,453753
920698,453753
921304,453753
921424,453753
921518,453753
921319,453753
921438,453753
921269,453753
921387,453753
921361,453753
921501,453753
921339,453753
919316,453753
921506,453753
921536,453753
921373,453753
921449,453753
921219,453753
921353,453753
921417,453753
921306,453753
921020,453753
921364,453753
921415,453753
921542,453753
921500,453753
921571,453753
921450,453753
921467,453753
921437,453753
921569,453753
921431,453753
921630,453753
921502,453753
921409,453753
920592,453753
921545,453753
921161,453753
920996,453753
921281,453753
921301,453753
921596,453753
921387,453753
921458,453753
921641,453753
921603,453753
921564,453753
921280,453753
921330,453753
921479,453753
921536,453753
921422,453753
921344,453753
921406,453753
917384,453753
911528,453753
919642,453753
921251,453753
921282,453753
921158,453753
921501,453753
921251,453753
921428,453753
921542,453753
921361,453753
920445,453753
921229,453753
921262,453753
921454,453753
921551,453753
921399,453753
921263,453753
921247,453753
921381,453753
921335,453753
921474,453753
921495,453753
921510,453753
921631,453753
921498,453753
921225,453753
921603,453753
921538,453753
921575,453753
921617,453753
921456,453753
921470,453753
921535,453753
921590,453753
921533,453753
921378,453753
921528,453753
921455,453753
921468,453753
921413,453753
921479,453753
921533,453753
921403,453753
921419,453753
921100,453753
920132,453753
921337,453753
921374,453753
921058,453753
921318,453753
921322,453753
921346,453753
921272,453753
921373,453753
921549,453753
921477,453753
921382,453753
921496,453753
921423,453753
921123,453753
921200,453753
921471,453753
921384,453753
921275,453753
921506,453753
921458,453753
921460,453753
921524,453753
921362,453753
921327,453753
921538,453753
921593,453753
921350,453753
921127,453753
921586,453753
921661,453753
921610,453753
921610,453753
921359,453753
921184,453753
921627,453753
921463,453753
921439,453753
921553,453753
921567,453753
921555,453753
921477,453753
921513,453753
921465,453753
921487,453753
921529,453753
921350,453753
921276,453753
921060,453753
921343,453753
921367,453753
921299,453753
921416,453753
921584,453753
921413,453753
921425,453753
921359,453753
921217,453753
921365,453753
921526,453753
921378,453753
921457,453753
921547,453753
921505,453753
921670,453753
921635,453753
921608,453753
921444,453753
921565,453753
921431,453753
921530,453753
921591,453753
921563,453753
921553,453753
921563,453753
921639,453753
921490,453753
921279,453753
921256,453753
921267,453753
921412,453753
921439,453753
921081,453753
921526,453753
921354,453753
921402,453753
921391,453753
921358,453753
921257,453753
921450,453753
921350,453753
921457,453753
921451,453753
921463,453753
921524,453753
921510,453753
921428,453753
921629,453753
921574,453753
921546,453753
921536,453753
921346,453753
921499,453753
921613,453753
921583,453753
921496,453753
921628,453753
921590,453753
921402,453753
921132,453753
921461,453753
921169,453753
921491,453753
921485,453753
921583,453753
921474,453753
921352,453753
921459,453753
921566,453753
920864,453753
921168,453753
921264,453753
921476,453753
920798,453753
921490,453753
921461,453753
921593,453753
921653,453753
921563,453753
921628,453753
921603,453753
921463,453753
921539,453753
921326,453753
921330,453753
921645,453753
921550,453753
921529,453753
921496,453753
921541,453753
921508,453753
921590,453753
921436,453753
921518,453753
921564,453753
921276,453753
921204,453753
921551,453753
921479,453753
921562,453753
921386,453753
921448,453753
921508,453753
921440,453753
920966,453753
921074,453753
921360,453753
921442,453753
921514,453753
921604,453753
921501,453753
921514,453753
921533,453753
921568,453753
921572,453753
921313,453753
921099,453753
921509,453753
921574,453753
921398,453753
921273,453753
921582,453753
921624,453753
921649,453753
921498,453753
921345,453753
921263,453753
921246,453753
921621,453753
921517,453753
921351,453753
921045,453753
921094,453753
920538,453753
921537,453753
921376,453753
921616,453753
921153,453753
921516,453753
921528,453753
921551,453753
921587,453753
921622,453753
921530,453753
921595,453753
921510,453753
921542,453753
921338,453753
921443,453753
921638,453753
921668,453753
921675,453753
921596,453753
921621,453753
921518,453753
921360,453753
921520,453753
921480,453753
921454,453753
921384,453753
921381,453753
921461,453753
921327,453753
921260,453753
921410,453753
921416,453753
921150,453753
921485,453753
921556,453753
921568,453753
921451,453753
921475,453753
921596,453753
921494,453753
921606,453753
921511,453753
921576,453753
921535,453753
921500,453753
921553,453753
921646,453753
921545,453753
921486,453753
921314,453753
920675,453753
921382,453753
921425,453753
921461,453753
921200,453753
920706,453753
921304,453753
921533,453753
921419,453753
920977,453753
921192,453753
921276,453753
920647,453753
921358,453753
921513,453753
921561,453753
921400,453753
921598,453753
920661,453753
921000,453753
921323,453753
921347,453753
921589,453753
921332,453753
921601,453753
921634,453753
921588,453753
921546,453753
921485,453753
921554,453753
921466,453753
921407,453753
921339,453753
920991,453753
920787,453753
921436,453753
921480,453753
921514,453753
921397,453753
921429,453753
921508,453753
921534,453753
921579,453753
921591,453753
921598,453753
921629,453753
921543,453753
921354,453753
921647,453753
921606,453753
921561,453753
921500,453753
921535,453753
921529,453753
921423,453753
921441,453753
921442,453753
921441,453753
921544,453753
921618,453753
921483,453753
921400,453753
921217,453753
921561,453753
921541,453753
921506,453753
921628,453753
921489,453753
921046,453753
921419,453753
921553,453753
921502,453753
921140,453753
921154,453753
921597,453753
921544,453753
921597,453753
921734,453546
