TRACE,NSNPS_JACKKNIFE
923008,453753
923012,453753
922923,453753
922943,453753
922862,453753
922917,453753
922786,453753
922775,453753
922839,453753
922727,453753
922847,453753
922636,453753
922963,453753
922822,453753
922949,453753
922846,453753
922781,453753
922406,453753
922519,453753
922609,453753
922893,453753
922983,453753
922841,453753
922896,453753
922946,453753
922870,453753
922684,453753
922607,453753
922868,453753
922830,453753
922801,453753
922787,453753
922784,453753
922744,453753
922825,453753
922835,453753
922797,453753
922728,453753
922876,453753
922889,453753
922907,453753
922880,453753
922768,453753
922586,453753
922645,453753
922761,453753
922816,453753
922832,453753
922927,453753
922915,453753
922940,453753
922546,453753
922668,453753
922720,453753
922627,453753
922812,453753
922827,453753
922479,453753
922716,453753
922650,453753
922850,453753
922946,453753
922935,453753
922862,453753
922804,453753
922898,453753
922767,453753
922716,453753
922711,453753
922675,453753
922374,453753
922841,453753
922846,453753
922980,453753
922932,453753
922909,453753
922998,453753
922906,453753
922977,453753
922811,453753
922626,453753
922866,453753
922964,453753
923020,453753
922986,453753
922922,453753
922982,453753
923009,453753
922878,453753
922884,453753
922676,453753
922601,453753
922886,453753
921772,453753
922845,453753
922703,453753
922798,453753
922840,453753
922873,453753
922937,453753
922588,453753
922739,453753
922669,453753
922573,453753
922585,453753
922632,453753
922859,453753
922858,453753
922888,453753
922857,453753
922869,453753
922796,453753
922734,453753
922628,453753
922515,453753
922555,453753
922822,453753
922831,453753
922722,453753
922677,453753
922668,453753
922942,453753
922712,453753
922779,453753
922847,453753
922804,453753
922711,453753
922753,453753
922671,453753
922788,453753
922689,453753
922840,453753
922746,453753
922838,453753
922658,453753
922848,453753
922896,453753
922905,453753
922656,453753
922884,453753
922333,453753
922176,453753
922755,453753
922656,453753
922610,453753
922649,453753
922775,453753
922797,453753
922830,453753
922904,453753
922881,453753
922878,453753
922940,453753
922859,453753
922913,453753
922861,453753
922886,453753
922947,453753
922997,453753
922895,453753
922816,453753
922829,453753
922903,453753
923038,453753
923022,453753
922985,453753
922945,453753
922911,453753
922894,453753
922824,453753
922694,453753
922846,453753
922889,453753
922865,453753
922906,453753
922815,453753
922882,453753
922745,453753
922735,453753
922742,453753
922694,453753
921511,453753
921761,453753
922821,453753
922686,453753
922978,453753
922897,453753
922935,453753
922938,453753
922858,453753
923017,453753
922934,453753
922500,453753
922099,453753
922224,453753
921964,453753
922242,453753
922561,453753
922892,453753
922779,453753
922785,453753
922928,453753
922847,453753
922511,453753
922830,453753
922853,453753
922774,453753
922882,453753
922739,453753
922625,453753
922821,453753
922899,453753
922928,453753
922897,453753
922718,453753
922731,453753
922222,453753
922407,453753
922640,453753
922339,453753
922977,453753
922932,453753
922883,453753
922900,453753
922710,453753
922944,453753
922948,453753
922955,453753
922955,453753
922944,453753
922810,453753
922600,453753
922602,453753
922965,453753
923006,453753
922953,453753
922757,453753
922787,453753
922570,453753
922862,453753
922699,453753
922951,453753
922997,453753
922904,453753
922832,453753
922827,453753
922809,453753
922855,453753
922904,453753
922545,453753
922526,453753
922867,453753
922798,453753
922667,453753
922776,453753
922717,453753
922733,453753
922823,453753
922480,453753
922815,453753
922916,453753
922714,453753
922148,453753
922720,453753
922792,453753
922705,453753
922718,453753
922146,453753
922898,453753
922803,453753
922762,453753
922429,453753
922773,453753
922687,453753
922686,453753
922627,453753
922866,453753
922880,453753
922717,453753
922445,453753
922815,453753
922740,453753
922910,453753
922836,453753
922678,453753
922858,453753
922886,453753
922800,453753
922825,453753
922953,453753
922989,453753
922981,453753
922987,453753
922923,453753
922974,453753
922951,453753
922865,453753
922821,453753
922981,453753
922914,453753
922917,453753
922928,453753
923046,453753
922822,453753
922954,453753
922949,453753
922847,453753
922876,453753
922829,453753
922975,453753
922922,453753
922868,453753
922575,453753
922170,453753
921908,453753
922665,453753
922808,453753
922644,453753
922724,453753
922783,453753
922840,453753
922886,453753
922813,453753
922820,453753
922765,453753
922669,453753
922703,453753
922759,453753
922746,453753
922616,453753
922060,453753
922762,453753
922811,453753
922892,453753
922788,453753
922898,453753
922688,453753
922831,453753
922909,453753
922624,453753
922469,453753
922788,453753
922206,453753
922247,453753
922821,453753
922632,453753
922891,453753
922758,453753
922758,453753
921679,453753
922854,453753
922859,453753
922837,453753
923008,453753
923010,453753
922966,453753
923004,453753
923021,453753
922924,453753
922873,453753
922910,453753
922987,453753
922895,453753
922928,453753
922803,453753
922884,453753
922871,453753
922933,453753
922809,453753
922878,453753
922867,453753
922847,453753
922801,453753
922857,453753
922763,453753
922833,453753
922646,453753
922171,453753
922601,453753
922563,453753
921754,453753
922203,453753
922590,453753
922755,453753
922616,453753
922412,453753
922445,453753
922455,453753
922685,453753
922847,453753
922836,453753
922577,453753
922688,453753
922853,453753
922760,453753
922639,453753
922616,453753
922323,453753
922543,453753
922860,453753
922791,453753
922803,453753
922878,453753
922858,453753
922965,453753
922269,453753
922728,453753
922695,453753
922790,453753
922890,453753
922921,453753
922928,453753
922811,453753
922960,453753
922980,453753
922946,453753
922942,453753
922851,453753
922629,453753
922672,453753
922804,453753
922848,453753
922920,453753
922729,453753
922927,453753
922854,453753
922884,453753
922872,453753
922654,453753
922787,453753
922829,453753
922926,453753
922385,453753
922814,453753
922841,453753
922874,453753
922875,453753
922745,453753
922783,453753
922746,453753
922737,453753
922455,453753
921530,453753
922670,453753
922766,453753
922862,453753
922983,453753
922933,453753
922740,453753
922608,453753
922806,453753
922878,453753
922517,453753
922658,453753
922943,453753
922845,453753
922878,453753
922835,453753
922727,453753
922639,453753
922635,453753
922783,453753
922947,453753
922741,453753
922996,453753
922919,453753
922769,453753
922824,453753
922969,453753
922811,453753
923024,453753
923029,453753
922951,453753
922746,453753
922599,453753
922801,453753
922688,453753
922890,453753
922896,453753
922332,453753
921005,453753
921340,453753
922832,453753
922856,453753
922897,453753
922771,453753
922841,453753
922599,453753
922912,453753
922853,453753
922888,453753
922672,453753
922843,453753
922769,453753
922130,453753
922604,453753
922811,453753
922735,453753
922818,453753
922714,453753
922793,453753
922959,453753
922964,453753
922784,453753
922668,453753
922789,453753
922642,453753
922696,453753
922837,453753
922946,453753
922774,453753
922749,453753
922703,453753
922536,453753
922507,453753
922873,453753
922890,453753
922928,453753
922948,453753
922975,453753
922802,453753
922887,453753
922944,453753
922886,453753
922937,453753
922914,453753
922832,453753
922825,453753
922986,453753
922938,453753
922865,453753
922897,453753
922956,453753
922953,453753
922890,453753
922771,453753
922929,453753
922771,453753
922902,453753
922585,453753
922745,453753
922496,453753
922232,453753
922851,453753
922711,453753
922788,453753
922945,453753
922847,453753
922820,453753
922914,453753
922876,453753
922944,453753
922893,453753
922682,453753
922524,453753
922784,453753
922729,453753
922745,453753
922946,453753
922828,453753
922666,453753
922868,453753
922732,453753
922878,453753
922814,453753
922712,453753
922870,453753
922902,453753
922925,453753
922902,453753
923016,453753
922788,453753
922765,453753
922971,453753
922958,453753
922915,453753
922850,453753
922898,453753
922883,453753
922832,453753
922908,453753
922913,453753
922778,453753
922688,453753
922825,453753
922809,453753
922883,453753
922704,453753
922422,453753
922021,453753
922722,453753
922855,453753
922880,453753
922630,453753
922798,453753
922611,453753
922764,453753
922788,453753
922911,453753
922718,453753
921451,453753
922892,453753
922901,453753
922745,453753
922840,453753
922658,453753
922764,453753
922828,453753
922660,453753
922449,453753
922784,453753
922840,453753
922927,453753
922878,453753
922967,453753
922901,453753
922913,453753
922819,453753
922932,453753
922914,453753
923038,453753
922882,453753
922787,453753
922029,453753
922930,453753
922536,453753
922315,453753
922625,453753
922702,453753
922970,453753
922768,453753
922864,453753
923008,453753
922981,453753
922911,453753
922735,453753
922702,453753
922892,453753
922917,453753
922833,453753
922796,453753
922825,453753
918853,453753
912508,453753
920982,453753
922675,453753
922628,453753
922521,453753
922889,453753
922658,453753
922823,453753
922932,453753
922730,453753
921877,453753
922515,453753
922667,453753
922793,453753
922940,453753
922758,453753
922601,453753
922606,453753
922777,453753
922796,453753
922852,453753
922903,453753
922869,453753
923022,453753
922897,453753
922625,453753
922994,453753
922950,453753
922955,453753
922989,453753
922882,453753
922886,453753
922947,453753
922990,453753
922952,453753
922808,453753
922905,453753
922880,453753
922793,453753
922835,453753
922890,453753
922950,453753
922787,453753
922773,453753
922549,453753
921697,453753
922671,453753
922819,453753
922571,453753
922645,453753
922725,453753
922726,453753
922716,453753
922830,453753
922951,453753
922869,453753
922761,453753
922886,453753
922811,453753
922515,453753
922624,453753
922876,453753
922763,453753
922677,453753
922855,453753
922855,453753
922840,453753
922921,453753
922688,453753
922673,453753
922966,453753
922964,453753
922695,453753
922497,453753
923016,453753
922997,453753
922999,453753
923010,453753
922790,453753
922622,453753
923015,453753
922878,453753
922821,453753
922949,453753
922944,453753
922972,453753
922901,453753
922909,453753
922876,453753
922854,453753
922929,453753
922644,453753
922720,453753
922464,453753
922722,453753
922706,453753
922688,453753
922777,453753
923028,453753
922833,453753
922821,453753
922799,453753
922593,453753
922729,453753
922898,453753
922836,453753
922846,453753
922866,453753
922863,453753
923033,453753
923012,453753
922959,453753
922830,453753
922964,453753
922814,453753
922919,453753
922959,453753
922930,453753
922892,453753
922917,453753
922997,453753
922833,453753
922695,453753
922649,453753
922561,453753
922803,453753
922858,453753
922399,453753
922898,453753
922749,453753
922746,453753
922727,453753
922711,453753
922697,453753
922892,453753
922779,453753
922830,453753
922867,453753
922806,453753
922888,453753
922890,453753
922831,453753
923008,453753
922984,453753
922928,453753
922922,453753
922784,453753
922883,453753
923039,453753
923008,453753
922913,453753
923012,453753
922934,453753
922814,453753
922517,453753
922916,453753
922566,453753
922841,453753
922884,453753
922942,453753
922828,453753
922723,453753
922852,453753
922966,453753
922231,453753
922515,453753
922700,453753
922856,453753
922277,453753
922887,453753
922873,453753
922951,453753
923049,453753
922967,453753
923022,453753
923002,453753
922863,453753
922950,453753
922658,453753
922726,453753
923026,453753
922933,453753
922896,453753
922815,453753
922930,453753
922934,453753
922985,453753
922823,453753
922874,453753
922957,453753
922696,453753
922575,453753
922958,453753
922882,453753
922925,453753
922827,453753
922815,453753
922866,453753
922815,453753
922350,453753
922491,453753
922759,453753
922846,453753
922950,453753
922989,453753
922875,453753
922918,453753
922917,453753
922984,453753
923001,453753
922716,453753
922447,453753
922870,453753
922957,453753
922831,453753
922704,453753
922995,453753
923025,453753
923021,453753
922909,453753
922749,453753
922662,453753
922618,453753
923003,453753
922914,453753
922754,453753
922342,453753
922426,453753
922022,453753
922878,453753
922770,453753
923012,453753
922571,453753
922832,453753
922923,453753
922953,453753
922934,453753
922975,453753
922905,453753
922978,453753
922849,453753
922904,453753
922672,453753
922790,453753
923005,453753
923036,453753
923068,453753
922981,453753
922997,453753
922927,453753
922820,453753
922906,453753
922857,453753
922860,453753
922804,453753
922753,453753
922816,453753
922667,453753
922689,453753
922840,453753
922798,453753
922509,453753
922826,453753
922901,453753
922948,453753
922835,453753
922869,453753
922964,453753
922893,453753
922985,453753
922841,453753
922916,453753
922914,453753
922864,453753
922926,453753
923013,453753
922910,453753
922861,453753
922702,453753
921906,453753
922777,453753
922765,453753
922868,453753
922598,453753
922209,453753
922702,453753
922931,453753
922797,453753
922378,453753
922623,453753
922600,453753
921928,453753
922718,453753
922912,453753
922948,453753
922814,453753
923003,453753
921880,453753
922453,453753
922757,453753
922749,453753
922983,453753
922787,453753
923001,453753
922979,453753
922971,453753
922939,453753
922867,453753
922934,453753
922908,453753
922781,453753
922706,453753
922397,453753
922315,453753
922796,453753
922863,453753
922925,453753
922783,453753
922818,453753
922930,453753
922952,453753
922981,453753
923024,453753
923018,453753
922982,453753
922926,453753
922757,453753
923032,453753
923011,453753
922970,453753
922916,453753
922988,453753
922928,453753
922850,453753
922811,453753
922872,453753
922860,453753
922946,453753
923007,453753
922922,453753
922833,453753
922623,453753
922952,453753
922948,453753
922919,453753
922977,453753
922877,453753
922363,453753
922835,453753
922939,453753
922913,453753
922493,453753
922561,453753
922995,453753
922942,453753
923002,453753
923104,453546
