TRACE,NSNPS_JACKKNIFE
921051,453753
921061,453753
920918,453753
921006,453753
920933,453753
921043,453753
920903,453753
920853,453753
920961,453753
920841,453753
920899,453753
920732,453753
921036,453753
920903,453753
921004,453753
920960,453753
920768,453753
920457,453753
920567,453753
920726,453753
920984,453753
920999,453753
920886,453753
920954,453753
921013,453753
920953,453753
920752,453753
920758,453753
920885,453753
920873,453753
920895,453753
920882,453753
920894,453753
920828,453753
920918,453753
920948,453753
920906,453753
920859,453753
920920,453753
920960,453753
920977,453753
920949,453753
920899,453753
920577,453753
920675,453753
920820,453753
920924,453753
920916,453753
921017,453753
921001,453753
921017,453753
920664,453753
920735,453753
920805,453753
920702,453753
920898,453753
920912,453753
920519,453753
920802,453753
920724,453753
920961,453753
921025,453753
921024,453753
920968,453753
920896,453753
920964,453753
920898,453753
920767,453753
920854,453753
920801,453753
920411,453753
920946,453753
920942,453753
921067,453753
921039,453753
920991,453753
921053,453753
920950,453753
921114,453753
920987,453753
920721,453753
920940,453753
921038,453753
921104,453753
921110,453753
920976,453753
921025,453753
921055,453753
920917,453753
920974,453753
920701,453753
920657,453753
920984,453753
919781,453753
920929,453753
920812,453753
920939,453753
920928,453753
920894,453753
921024,453753
920748,453753
920876,453753
920745,453753
920667,453753
920739,453753
920737,453753
920956,453753
920954,453753
920995,453753
920934,453753
920961,453753
920863,453753
920806,453753
920627,453753
920583,453753
920677,453753
920895,453753
920897,453753
920829,453753
920749,453753
920739,453753
921062,453753
920843,453753
920860,453753
920957,453753
920886,453753
920856,453753
920865,453753
920830,453753
920915,453753
920773,453753
920908,453753
920805,453753
920921,453753
920748,453753
920907,453753
920951,453753
920961,453753
920691,453753
920891,453753
920490,453753
920382,453753
920847,453753
920796,453753
920714,453753
920672,453753
920814,453753
920852,453753
920925,453753
920953,453753
920931,453753
920992,453753
921005,453753
920937,453753
920908,453753
920945,453753
920972,453753
920999,453753
921077,453753
920953,453753
920858,453753
920924,453753
920937,453753
921100,453753
921086,453753
921087,453753
921012,453753
920994,453753
920986,453753
920933,453753
920763,453753
920944,453753
920956,453753
920945,453753
920981,453753
920914,453753
920922,453753
920836,453753
920862,453753
920789,453753
920783,453753
919516,453753
919681,453753
920859,453753
920733,453753
921061,453753
920976,453753
921039,453753
920983,453753
920953,453753
921073,453753
920994,453753
920637,453753
920281,453753
920295,453753
920118,453753
920419,453753
920670,453753
920917,453753
920838,453753
920857,453753
920986,453753
920938,453753
920572,453753
920906,453753
920900,453753
920861,453753
920971,453753
920835,453753
920646,453753
920893,453753
920958,453753
920994,453753
920986,453753
920733,453753
920808,453753
920300,453753
920327,453753
920645,453753
920594,453753
921051,453753
921027,453753
920941,453753
920954,453753
920821,453753
921008,453753
921055,453753
921014,453753
921022,453753
921043,453753
920872,453753
920622,453753
920738,453753
921075,453753
921066,453753
921047,453753
920943,453753
920855,453753
920579,453753
920942,453753
920806,453753
921021,453753
921072,453753
920973,453753
920954,453753
920953,453753
920877,453753
920944,453753
920961,453753
920682,453753
920590,453753
920944,453753
920936,453753
920787,453753
920773,453753
920808,453753
920831,453753
920890,453753
920596,453753
920874,453753
921005,453753
920762,453753
920295,453753
920790,453753
920916,453753
920814,453753
920824,453753
920201,453753
920966,453753
920884,453753
920807,453753
920462,453753
920829,453753
920736,453753
920750,453753
920702,453753
920946,453753
920986,453753
920849,453753
920633,453753
920857,453753
920808,453753
920984,453753
920941,453753
920832,453753
920961,453753
921005,453753
920860,453753
920929,453753
921014,453753
921081,453753
921066,453753
921083,453753
920983,453753
921038,453753
920995,453753
920911,453753
920915,453753
921075,453753
921017,453753
921007,453753
921017,453753
921113,453753
920914,453753
921014,453753
921029,453753
920959,453753
920940,453753
920920,453753
921070,453753
921000,453753
920906,453753
920657,453753
920230,453753
920185,453753
920808,453753
920911,453753
920689,453753
920744,453753
920821,453753
920873,453753
920982,453753
920928,453753
920946,453753
920848,453753
920725,453753
920787,453753
920827,453753
920864,453753
920720,453753
920226,453753
920843,453753
920881,453753
920950,453753
920902,453753
920970,453753
920763,453753
920886,453753
920961,453753
920640,453753
920645,453753
920891,453753
920327,453753
920333,453753
920913,453753
920741,453753
920970,453753
920830,453753
920854,453753
919956,453753
920913,453753
920922,453753
920968,453753
921089,453753
921075,453753
921029,453753
921077,453753
921101,453753
920954,453753
920992,453753
921007,453753
921096,453753
920993,453753
921010,453753
920913,453753
920986,453753
920930,453753
920994,453753
920861,453753
920997,453753
920926,453753
920855,453753
920885,453753
920950,453753
920902,453753
920929,453753
920788,453753
920240,453753
920667,453753
920676,453753
919899,453753
920473,453753
920683,453753
920856,453753
920733,453753
920553,453753
920559,453753
920450,453753
920793,453753
920914,453753
920815,453753
920718,453753
920802,453753
920940,453753
920823,453753
920758,453753
920658,453753
920457,453753
920645,453753
920940,453753
920906,453753
920946,453753
920909,453753
920936,453753
921056,453753
920285,453753
920822,453753
920833,453753
920863,453753
920940,453753
920979,453753
921010,453753
920912,453753
921004,453753
921061,453753
921034,453753
920974,453753
920958,453753
920738,453753
920771,453753
920880,453753
920909,453753
920990,453753
920838,453753
921017,453753
920981,453753
921027,453753
920984,453753
920727,453753
920826,453753
920884,453753
920965,453753
920453,453753
920910,453753
920942,453753
920960,453753
920974,453753
920836,453753
920877,453753
920821,453753
920797,453753
920596,453753
919470,453753
920766,453753
920847,453753
920944,453753
921017,453753
921008,453753
920787,453753
920690,453753
920900,453753
920949,453753
920641,453753
920718,453753
921033,453753
920929,453753
920977,453753
920899,453753
920672,453753
920694,453753
920711,453753
920840,453753
921044,453753
920814,453753
921078,453753
921024,453753
920897,453753
920906,453753
921048,453753
920857,453753
921090,453753
921087,453753
921025,453753
920807,453753
920753,453753
920860,453753
920817,453753
920920,453753
920972,453753
920502,453753
919386,453753
919751,453753
920887,453753
920952,453753
921034,453753
920847,453753
920924,453753
920741,453753
920967,453753
920955,453753
920957,453753
920779,453753
920899,453753
920867,453753
920191,453753
920687,453753
920906,453753
920836,453753
920940,453753
920769,453753
920869,453753
921016,453753
921036,453753
920889,453753
920786,453753
920895,453753
920718,453753
920794,453753
920874,453753
921035,453753
920825,453753
920849,453753
920823,453753
920610,453753
920650,453753
920939,453753
920988,453753
921039,453753
921032,453753
921041,453753
920897,453753
920989,453753
921003,453753
920987,453753
921020,453753
921034,453753
920900,453753
920899,453753
921024,453753
921059,453753
920945,453753
921041,453753
921026,453753
921024,453753
920984,453753
920804,453753
921029,453753
920837,453753
921020,453753
920682,453753
920862,453753
920503,453753
920241,453753
920894,453753
920835,453753
920912,453753
921024,453753
920925,453753
920911,453753
920992,453753
920960,453753
921027,453753
920973,453753
920752,453753
920648,453753
920858,453753
920867,453753
920885,453753
920964,453753
920901,453753
920761,453753
920926,453753
920814,453753
920993,453753
920881,453753
920845,453753
920937,453753
920982,453753
921041,453753
920924,453753
921083,453753
920863,453753
920876,453753
920995,453753
920999,453753
920984,453753
920953,453753
920960,453753
921004,453753
920965,453753
920975,453753
921020,453753
920777,453753
920792,453753
920925,453753
920930,453753
920966,453753
920823,453753
920539,453753
920313,453753
920808,453753
920876,453753
920981,453753
920701,453753
920884,453753
920801,453753
920842,453753
920832,453753
920941,453753
920805,453753
919469,453753
920971,453753
921016,453753
920835,453753
920919,453753
920763,453753
920850,453753
920881,453753
920790,453753
920456,453753
920873,453753
920933,453753
920986,453753
920980,453753
921077,453753
920943,453753
920972,453753
920987,453753
921022,453753
920977,453753
921103,453753
920986,453753
920824,453753
920169,453753
921005,453753
920644,453753
920440,453753
920783,453753
920829,453753
921051,453753
920880,453753
920908,453753
921117,453753
921072,453753
920979,453753
920785,453753
920868,453753
920891,453753
921015,453753
920851,453753
920826,453753
920882,453753
916860,453753
910583,453753
919057,453753
920725,453753
920757,453753
920630,453753
920993,453753
920738,453753
920890,453753
921002,453753
920903,453753
920151,453753
920702,453753
920688,453753
920884,453753
921021,453753
920852,453753
920708,453753
920675,453753
920819,453753
920828,453753
920959,453753
921004,453753
920986,453753
921106,453753
920973,453753
920756,453753
921079,453753
920999,453753
921043,453753
921053,453753
920959,453753
920933,453753
921051,453753
921077,453753
921027,453753
920826,453753
920985,453753
920974,453753
920904,453753
920917,453753
920918,453753
921004,453753
920897,453753
920871,453753
920586,453753
919633,453753
920789,453753
920907,453753
920569,453753
920725,453753
920807,453753
920834,453753
920794,453753
920925,453753
921003,453753
920979,453753
920873,453753
920994,453753
920870,453753
920626,453753
920683,453753
920946,453753
920866,453753
920734,453753
920987,453753
920952,453753
920909,453753
921014,453753
920812,453753
920790,453753
921002,453753
921049,453753
920796,453753
920584,453753
921066,453753
921108,453753
921080,453753
921079,453753
920864,453753
920664,453753
921134,453753
920882,453753
920895,453753
921009,453753
921053,453753
921075,453753
920939,453753
920959,453753
920869,453753
920915,453753
921013,453753
920846,453753
920832,453753
920492,453753
920780,453753
920781,453753
920719,453753
920890,453753
921081,453753
920899,453753
920908,453753
920813,453753
920733,453753
920847,453753
920974,453753
920881,453753
920966,453753
920987,453753
920967,453753
921149,453753
921089,453753
921059,453753
920913,453753
921013,453753
920913,453753
921028,453753
921064,453753
921004,453753
920981,453753
921022,453753
921094,453753
920929,453753
920716,453753
920635,453753
920644,453753
920862,453753
920951,453753
920317,453753
920988,453753
920770,453753
920859,453753
920791,453753
920795,453753
920784,453753
920949,453753
920846,453753
920907,453753
920932,453753
920939,453753
920980,453753
920992,453753
920881,453753
921120,453753
921019,453753
921012,453753
920989,453753
920829,453753
920897,453753
921123,453753
921077,453753
920970,453753
921062,453753
921054,453753
920946,453753
920630,453753
920940,453753
920705,453753
920929,453753
920930,453753
921039,453753
920960,453753
920824,453753
920957,453753
921055,453753
920283,453753
920652,453753
920746,453753
920944,453753
920192,453753
920926,453753
920931,453753
921018,453753
921094,453753
921041,453753
921091,453753
921048,453753
920944,453753
921043,453753
920790,453753
920865,453753
921118,453753
920998,453753
921010,453753
920985,453753
920981,453753
921013,453753
921046,453753
920891,453753
920978,453753
921043,453753
920745,453753
920735,453753
921045,453753
920971,453753
921038,453753
920909,453753
920906,453753
920975,453753
920900,453753
920449,453753
920520,453753
920751,453753
920907,453753
920989,453753
921051,453753
920931,453753
920987,453753
920959,453753
921046,453753
921061,453753
920807,453753
920557,453753
920962,453753
921040,453753
920913,453753
920801,453753
921068,453753
921106,453753
921113,453753
920971,453753
920770,453753
920703,453753
920690,453753
921107,453753
920956,453753
920795,453753
920446,453753
920542,453753
920109,453753
921015,453753
920880,453753
921122,453753
920598,453753
920956,453753
920996,453753
920980,453753
921028,453753
921053,453753
921020,453753
921055,453753
920985,453753
920965,453753
920764,453753
920885,453753
921121,453753
921109,453753
921158,453753
921015,453753
921090,453753
920979,453753
920890,453753
920965,453753
920982,453753
920945,453753
920905,453753
920860,453753
920870,453753
920766,453753
920752,453753
920908,453753
920902,453753
920617,453753
920875,453753
921009,453753
921057,453753
920925,453753
920936,453753
921049,453753
921015,453753
921047,453753
920963,453753
921045,453753
920999,453753
920998,453753
920996,453753
921102,453753
921013,453753
920883,453753
920795,453753
920186,453753
920864,453753
920836,453753
920916,453753
920662,453753
920295,453753
920854,453753
920984,453753
920892,453753
920495,453753
920678,453753
920664,453753
920160,453753
920815,453753
920993,453753
921035,453753
920832,453753
921040,453753
919939,453753
920546,453753
920854,453753
920869,453753
921055,453753
920823,453753
921073,453753
921095,453753
921077,453753
921017,453753
920934,453753
921013,453753
920953,453753
920920,453753
920791,453753
920440,453753
920308,453753
920888,453753
920944,453753
921000,453753
920870,453753
920873,453753
921011,453753
921029,453753
921012,453753
921062,453753
921095,453753
921050,453753
920975,453753
920853,453753
921122,453753
921063,453753
921054,453753
920971,453753
921047,453753
920966,453753
920930,453753
920929,453753
920946,453753
920969,453753
921001,453753
921105,453753
920966,453753
920885,453753
920637,453753
921003,453753
920993,453753
920990,453753
921020,453753
920959,453753
920480,453753
920932,453753
921090,453753
920920,453753
920470,453753
920610,453753
921072,453753
921042,453753
921000,453753
921165,453546
