TRACE,NSNPS_JACKKNIFE
919969,453753
919966,453753
919819,453753
919867,453753
919849,453753
919913,453753
919770,453753
919723,453753
919831,453753
919767,453753
919827,453753
919649,453753
919933,453753
919810,453753
919889,453753
919877,453753
919723,453753
919425,453753
919483,453753
919682,453753
919871,453753
919895,453753
919779,453753
919896,453753
919913,453753
919846,453753
919695,453753
919616,453753
919820,453753
919830,453753
919813,453753
919699,453753
919758,453753
919726,453753
919821,453753
919798,453753
919759,453753
919664,453753
919827,453753
919832,453753
919909,453753
919837,453753
919765,453753
919494,453753
919526,453753
919715,453753
919834,453753
919856,453753
919884,453753
919874,453753
919923,453753
919576,453753
919652,453753
919724,453753
919539,453753
919803,453753
919790,453753
919457,453753
919683,453753
919610,453753
919851,453753
919947,453753
919896,453753
919803,453753
919755,453753
919860,453753
919774,453753
919630,453753
919730,453753
919676,453753
919359,453753
919840,453753
919883,453753
919947,453753
919945,453753
919912,453753
919969,453753
919895,453753
919951,453753
919852,453753
919658,453753
919847,453753
919991,453753
919999,453753
919981,453753
919910,453753
919933,453753
919969,453753
919835,453753
919846,453753
919641,453753
919512,453753
919854,453753
918589,453753
919832,453753
919664,453753
919822,453753
919820,453753
919792,453753
919916,453753
919663,453753
919754,453753
919603,453753
919523,453753
919637,453753
919558,453753
919829,453753
919792,453753
919841,453753
919807,453753
919838,453753
919786,453753
919713,453753
919508,453753
919507,453753
919523,453753
919783,453753
919809,453753
919673,453753
919597,453753
919633,453753
919924,453753
919694,453753
919802,453753
919850,453753
919713,453753
919654,453753
919712,453753
919667,453753
919773,453753
919714,453753
919762,453753
919719,453753
919807,453753
919609,453753
919814,453753
919870,453753
919921,453753
919560,453753
919826,453753
919390,453753
919291,453753
919706,453753
919667,453753
919663,453753
919534,453753
919727,453753
919734,453753
919826,453753
919832,453753
919842,453753
919916,453753
919880,453753
919830,453753
919868,453753
919862,453753
919871,453753
919894,453753
919950,453753
919857,453753
919777,453753
919807,453753
919866,453753
919959,453753
919990,453753
919956,453753
919890,453753
919897,453753
919861,453753
919831,453753
919711,453753
919829,453753
919853,453753
919810,453753
919900,453753
919819,453753
919835,453753
919702,453753
919666,453753
919734,453753
919632,453753
918411,453753
918634,453753
919765,453753
919656,453753
919935,453753
919866,453753
919919,453753
919877,453753
919815,453753
919984,453753
919919,453753
919510,453753
919122,453753
919229,453753
919045,453753
919363,453753
919598,453753
919804,453753
919749,453753
919643,453753
919883,453753
919835,453753
919508,453753
919819,453753
919816,453753
919755,453753
919834,453753
919731,453753
919521,453753
919740,453753
919824,453753
919874,453753
919878,453753
919620,453753
919722,453753
919316,453753
919327,453753
919512,453753
919413,453753
919954,453753
919941,453753
919886,453753
919898,453753
919688,453753
919909,453753
919956,453753
919884,453753
919912,453753
919971,453753
919718,453753
919526,453753
919587,453753
919986,453753
919948,453753
919946,453753
919802,453753
919757,453753
919628,453753
919866,453753
919695,453753
919884,453753
919958,453753
919854,453753
919801,453753
919820,453753
919793,453753
919846,453753
919844,453753
919584,453753
919484,453753
919808,453753
919807,453753
919612,453753
919669,453753
919670,453753
919743,453753
919787,453753
919481,453753
919768,453753
919906,453753
919657,453753
919077,453753
919717,453753
919769,453753
919679,453753
919682,453753
919138,453753
919854,453753
919824,453753
919751,453753
919351,453753
919709,453753
919685,453753
919651,453753
919540,453753
919884,453753
919888,453753
919706,453753
919499,453753
919808,453753
919702,453753
919832,453753
919828,453753
919652,453753
919836,453753
919860,453753
919797,453753
919800,453753
919905,453753
919960,453753
919938,453753
919925,453753
919906,453753
919961,453753
919898,453753
919805,453753
919764,453753
919982,453753
919887,453753
919905,453753
919851,453753
920009,453753
919836,453753
919881,453753
919886,453753
919841,453753
919803,453753
919813,453753
919920,453753
919930,453753
919778,453753
919549,453753
919129,453753
918853,453753
919664,453753
919797,453753
919585,453753
919633,453753
919775,453753
919836,453753
919859,453753
919823,453753
919781,453753
919710,453753
919595,453753
919648,453753
919731,453753
919756,453753
919620,453753
919201,453753
919728,453753
919820,453753
919839,453753
919769,453753
919830,453753
919617,453753
919790,453753
919892,453753
919672,453753
919493,453753
919749,453753
919242,453753
919220,453753
919745,453753
919554,453753
919860,453753
919667,453753
919704,453753
918800,453753
919806,453753
919814,453753
919806,453753
919959,453753
919979,453753
919942,453753
919979,453753
919966,453753
919869,453753
919909,453753
919915,453753
919986,453753
919871,453753
919935,453753
919775,453753
919911,453753
919812,453753
919907,453753
919790,453753
919871,453753
919865,453753
919804,453753
919777,453753
919839,453753
919709,453753
919824,453753
919553,453753
919102,453753
919578,453753
919503,453753
918704,453753
919290,453753
919574,453753
919763,453753
919624,453753
919406,453753
919392,453753
919413,453753
919645,453753
919823,453753
919744,453753
919603,453753
919699,453753
919774,453753
919721,453753
919645,453753
919583,453753
919315,453753
919524,453753
919809,453753
919789,453753
919844,453753
919885,453753
919806,453753
919964,453753
919066,453753
919718,453753
919762,453753
919801,453753
919841,453753
919853,453753
919880,453753
919830,453753
919892,453753
919946,453753
919902,453753
919920,453753
919850,453753
919562,453753
919655,453753
919748,453753
919832,453753
919832,453753
919719,453753
919906,453753
919836,453753
919856,453753
919865,453753
919631,453753
919779,453753
919808,453753
919907,453753
919511,453753
919789,453753
919867,453753
919807,453753
919858,453753
919718,453753
919713,453753
919697,453753
919672,453753
919559,453753
918756,453753
919751,453753
919741,453753
919839,453753
919938,453753
919960,453753
919694,453753
919509,453753
919777,453753
919846,453753
919405,453753
919567,453753
919889,453753
919812,453753
919848,453753
919818,453753
919598,453753
919543,453753
919593,453753
919747,453753
919925,453753
919715,453753
919951,453753
919886,453753
919803,453753
919834,453753
919893,453753
919766,453753
919984,453753
919974,453753
919901,453753
919679,453753
919668,453753
919779,453753
919716,453753
919892,453753
919894,453753
919389,453753
918261,453753
918640,453753
919736,453753
919807,453753
919846,453753
919746,453753
919775,453753
919586,453753
919866,453753
919822,453753
919902,453753
919671,453753
919776,453753
919782,453753
919104,453753
919572,453753
919715,453753
919731,453753
919814,453753
919695,453753
919684,453753
919945,453753
919919,453753
919762,453753
919626,453753
919751,453753
919611,453753
919687,453753
919789,453753
919958,453753
919745,453753
919743,453753
919734,453753
919463,453753
919522,453753
919878,453753
919863,453753
919866,453753
919931,453753
919963,453753
919762,453753
919909,453753
919896,453753
919816,453753
919896,453753
919926,453753
919814,453753
919790,453753
919934,453753
919920,453753
919812,453753
919854,453753
919918,453753
919893,453753
919886,453753
919710,453753
919922,453753
919714,453753
919928,453753
919582,453753
919764,453753
919372,453753
919180,453753
919818,453753
919671,453753
919825,453753
919914,453753
919799,453753
919790,453753
919881,453753
919888,453753
919918,453753
919832,453753
919630,453753
919525,453753
919764,453753
919761,453753
919798,453753
919895,453753
919801,453753
919680,453753
919831,453753
919763,453753
919905,453753
919765,453753
919701,453753
919836,453753
919859,453753
919972,453753
919881,453753
919956,453753
919761,453753
919777,453753
919919,453753
919921,453753
919905,453753
919827,453753
919858,453753
919892,453753
919829,453753
919869,453753
919914,453753
919684,453753
919676,453753
919764,453753
919847,453753
919906,453753
919703,453753
919427,453753
919080,453753
919708,453753
919825,453753
919849,453753
919669,453753
919779,453753
919676,453753
919734,453753
919685,453753
919846,453753
919673,453753
918093,453753
919855,453753
919866,453753
919697,453753
919847,453753
919684,453753
919711,453753
919801,453753
919703,453753
919399,453753
919780,453753
919816,453753
919881,453753
919889,453753
919932,453753
919825,453753
919821,453753
919825,453753
919920,453753
919817,453753
920009,453753
919815,453753
919711,453753
919086,453753
919917,453753
919422,453753
919218,453753
919662,453753
919635,453753
919912,453753
919755,453753
919835,453753
920015,453753
919933,453753
919889,453753
919642,453753
919696,453753
919818,453753
919867,453753
919783,453753
919732,453753
919810,453753
915939,453753
910005,453753
918005,453753
919629,453753
919597,453753
919528,453753
919866,453753
919653,453753
919748,453753
919886,453753
919690,453753
918787,453753
919602,453753
919615,453753
919749,453753
919918,453753
919750,453753
919657,453753
919598,453753
919744,453753
919735,453753
919819,453753
919867,453753
919841,453753
919967,453753
919890,453753
919647,453753
919997,453753
919921,453753
919935,453753
919972,453753
919845,453753
919870,453753
919925,453753
919990,453753
919940,453753
919731,453753
919920,453753
919846,453753
919816,453753
919813,453753
919811,453753
919914,453753
919779,453753
919815,453753
919528,453753
918643,453753
919688,453753
919773,453753
919452,453753
919645,453753
919652,453753
919726,453753
919688,453753
919781,453753
919901,453753
919873,453753
919759,453753
919881,453753
919765,453753
919489,453753
919510,453753
919867,453753
919755,453753
919732,453753
919852,453753
919827,453753
919788,453753
919873,453753
919705,453753
919696,453753
919894,453753
919940,453753
919670,453753
919503,453753
919980,453753
920000,453753
919973,453753
919982,453753
919801,453753
919652,453753
919983,453753
919785,453753
919813,453753
919918,453753
919975,453753
919981,453753
919824,453753
919825,453753
919810,453753
919823,453753
919900,453753
919690,453753
919658,453753
919398,453753
919672,453753
919694,453753
919620,453753
919773,453753
919943,453753
919780,453753
919797,453753
919723,453753
919597,453753
919769,453753
919887,453753
919815,453753
919824,453753
919904,453753
919862,453753
920038,453753
919984,453753
919946,453753
919842,453753
919909,453753
919773,453753
919902,453753
919940,453753
919921,453753
919875,453753
919941,453753
919989,453753
919839,453753
919627,453753
919543,453753
919531,453753
919708,453753
919841,453753
919462,453753
919913,453753
919744,453753
919721,453753
919728,453753
919710,453753
919623,453753
919847,453753
919796,453753
919807,453753
919816,453753
919861,453753
919866,453753
919841,453753
919774,453753
920029,453753
919931,453753
919941,453753
919912,453753
919746,453753
919898,453753
920018,453753
920007,453753
919853,453753
920015,453753
919910,453753
919824,453753
919500,453753
919836,453753
919509,453753
919816,453753
919807,453753
919916,453753
919862,453753
919749,453753
919864,453753
919912,453753
919183,453753
919487,453753
919607,453753
919823,453753
919152,453753
919815,453753
919786,453753
919930,453753
920034,453753
919942,453753
919985,453753
919955,453753
919852,453753
919934,453753
919654,453753
919691,453753
920007,453753
919911,453753
919893,453753
919843,453753
919879,453753
919920,453753
919930,453753
919775,453753
919837,453753
919918,453753
919682,453753
919547,453753
919905,453753
919862,453753
919944,453753
919804,453753
919776,453753
919836,453753
919785,453753
919313,453753
919448,453753
919683,453753
919783,453753
919873,453753
919907,453753
919848,453753
919902,453753
919881,453753
919945,453753
919921,453753
919671,453753
919521,453753
919858,453753
919884,453753
919769,453753
919715,453753
919982,453753
920007,453753
919986,453753
919877,453753
919727,453753
919628,453753
919642,453753
919972,453753
919852,453753
919691,453753
919343,453753
919507,453753
918843,453753
919874,453753
919738,453753
919983,453753
919526,453753
919821,453753
919856,453753
919908,453753
919965,453753
919965,453753
919863,453753
919940,453753
919830,453753
919835,453753
919698,453753
919756,453753
920006,453753
920037,453753
920052,453753
919947,453753
919966,453753
919912,453753
919730,453753
919857,453753
919869,453753
919823,453753
919735,453753
919710,453753
919750,453753
919668,453753
919667,453753
919803,453753
919736,453753
919525,453753
919797,453753
919907,453753
919909,453753
919792,453753
919847,453753
919939,453753
919859,453753
919956,453753
919867,453753
919951,453753
919902,453753
919835,453753
919904,453753
919973,453753
919844,453753
919853,453753
919687,453753
919061,453753
919724,453753
919786,453753
919832,453753
919519,453753
919031,453753
919681,453753
919904,453753
919766,453753
919366,453753
919584,453753
919593,453753
918903,453753
919711,453753
919877,453753
919921,453753
919751,453753
919970,453753
918916,453753
919395,453753
919685,453753
919765,453753
919980,453753
919725,453753
919968,453753
919964,453753
919973,453753
919894,453753
919857,453753
919918,453753
919817,453753
919764,453753
919697,453753
919382,453753
919212,453753
919797,453753
919863,453753
919911,453753
919761,453753
919831,453753
919883,453753
919890,453753
919947,453753
919945,453753
919983,453753
919971,453753
919910,453753
919769,453753
919974,453753
919989,453753
919905,453753
919844,453753
919952,453753
919870,453753
919808,453753
919800,453753
919847,453753
919793,453753
919935,453753
919961,453753
919838,453753
919731,453753
919626,453753
919915,453753
919931,453753
919882,453753
919961,453753
919843,453753
919415,453753
919794,453753
919945,453753
919859,453753
919378,453753
919494,453753
919960,453753
919882,453753
919945,453753
920078,453546
