TRACE,NSNPS_JACKKNIFE
919856,453753
919838,453753
919759,453753
919798,453753
919696,453753
919855,453753
919689,453753
919676,453753
919716,453753
919573,453753
919772,453753
919580,453753
919847,453753
919700,453753
919813,453753
919771,453753
919640,453753
919198,453753
919275,453753
919539,453753
919777,453753
919831,453753
919701,453753
919758,453753
919788,453753
919739,453753
919579,453753
919522,453753
919687,453753
919702,453753
919751,453753
919680,453753
919685,453753
919595,453753
919727,453753
919741,453753
919676,453753
919615,453753
919747,453753
919710,453753
919811,453753
919726,453753
919587,453753
919370,453753
919479,453753
919581,453753
919690,453753
919723,453753
919800,453753
919792,453753
919829,453753
919495,453753
919539,453753
919634,453753
919481,453753
919719,453753
919706,453753
919337,453753
919578,453753
919542,453753
919747,453753
919805,453753
919791,453753
919746,453753
919695,453753
919750,453753
919712,453753
919584,453753
919638,453753
919610,453753
919328,453753
919771,453753
919798,453753
919877,453753
919850,453753
919800,453753
919891,453753
919772,453753
919864,453753
919750,453753
919517,453753
919732,453753
919846,453753
919866,453753
919860,453753
919780,453753
919846,453753
919833,453753
919749,453753
919743,453753
919500,453753
919425,453753
919791,453753
918720,453753
919729,453753
919629,453753
919727,453753
919745,453753
919727,453753
919820,453753
919549,453753
919635,453753
919581,453753
919408,453753
919436,453753
919522,453753
919760,453753
919716,453753
919730,453753
919680,453753
919748,453753
919646,453753
919538,453753
919387,453753
919400,453753
919380,453753
919736,453753
919715,453753
919606,453753
919489,453753
919613,453753
919853,453753
919626,453753
919673,453753
919744,453753
919641,453753
919618,453753
919626,453753
919502,453753
919717,453753
919575,453753
919651,453753
919677,453753
919694,453753
919520,453753
919692,453753
919753,453753
919804,453753
919502,453753
919691,453753
919310,453753
919164,453753
919647,453753
919548,453753
919513,453753
919481,453753
919634,453753
919619,453753
919721,453753
919732,453753
919732,453753
919783,453753
919764,453753
919733,453753
919751,453753
919746,453753
919781,453753
919801,453753
919857,453753
919772,453753
919675,453753
919676,453753
919784,453753
919889,453753
919871,453753
919860,453753
919817,453753
919783,453753
919750,453753
919725,453753
919580,453753
919754,453753
919785,453753
919716,453753
919752,453753
919719,453753
919713,453753
919621,453753
919614,453753
919595,453753
919553,453753
918505,453753
918606,453753
919675,453753
919620,453753
919853,453753
919781,453753
919813,453753
919833,453753
919727,453753
919882,453753
919862,453753
919486,453753
919104,453753
919074,453753
918961,453753
919212,453753
919440,453753
919768,453753
919657,453753
919595,453753
919766,453753
919726,453753
919387,453753
919693,453753
919678,453753
919688,453753
919729,453753
919621,453753
919509,453753
919646,453753
919738,453753
919796,453753
919800,453753
919560,453753
919619,453753
919130,453753
919169,453753
919427,453753
919214,453753
919863,453753
919817,453753
919775,453753
919721,453753
919643,453753
919802,453753
919815,453753
919782,453753
919800,453753
919846,453753
919647,453753
919451,453753
919501,453753
919874,453753
919859,453753
919830,453753
919693,453753
919640,453753
919516,453753
919725,453753
919586,453753
919797,453753
919857,453753
919748,453753
919707,453753
919686,453753
919683,453753
919755,453753
919763,453753
919486,453753
919348,453753
919724,453753
919692,453753
919562,453753
919601,453753
919585,453753
919637,453753
919706,453753
919371,453753
919674,453753
919852,453753
919542,453753
919240,453753
919607,453753
919637,453753
919604,453753
919582,453753
919063,453753
919750,453753
919721,453753
919662,453753
919194,453753
919638,453753
919604,453753
919601,453753
919414,453753
919783,453753
919795,453753
919653,453753
919323,453753
919685,453753
919646,453753
919751,453753
919731,453753
919606,453753
919752,453753
919781,453753
919702,453753
919735,453753
919818,453753
919860,453753
919835,453753
919860,453753
919815,453753
919836,453753
919772,453753
919713,453753
919685,453753
919856,453753
919817,453753
919851,453753
919789,453753
919880,453753
919722,453753
919787,453753
919827,453753
919731,453753
919784,453753
919686,453753
919826,453753
919807,453753
919729,453753
919459,453753
919072,453753
918863,453753
919528,453753
919732,453753
919565,453753
919578,453753
919697,453753
919711,453753
919772,453753
919715,453753
919685,453753
919563,453753
919554,453753
919585,453753
919654,453753
919609,453753
919553,453753
919060,453753
919618,453753
919700,453753
919728,453753
919678,453753
919744,453753
919518,453753
919708,453753
919779,453753
919469,453753
919443,453753
919676,453753
919085,453753
919164,453753
919654,453753
919506,453753
919753,453753
919547,453753
919600,453753
918353,453753
919740,453753
919730,453753
919736,453753
919894,453753
919865,453753
919842,453753
919899,453753
919850,453753
919719,453753
919737,453753
919816,453753
919841,453753
919739,453753
919809,453753
919698,453753
919771,453753
919688,453753
919787,453753
919706,453753
919800,453753
919715,453753
919650,453753
919688,453753
919738,453753
919686,453753
919712,453753
919562,453753
919112,453753
919515,453753
919344,453753
918492,453753
919185,453753
919457,453753
919649,453753
919578,453753
919366,453753
919401,453753
919230,453753
919563,453753
919705,453753
919635,453753
919453,453753
919538,453753
919695,453753
919651,453753
919470,453753
919524,453753
919274,453753
919331,453753
919707,453753
919662,453753
919752,453753
919752,453753
919727,453753
919847,453753
918800,453753
919651,453753
919641,453753
919646,453753
919781,453753
919765,453753
919782,453753
919696,453753
919808,453753
919871,453753
919854,453753
919793,453753
919725,453753
919569,453753
919545,453753
919692,453753
919774,453753
919774,453753
919599,453753
919803,453753
919731,453753
919817,453753
919734,453753
919516,453753
919722,453753
919720,453753
919752,453753
919102,453753
919721,453753
919748,453753
919702,453753
919755,453753
919623,453753
919623,453753
919591,453753
919629,453753
919391,453753
918268,453753
919571,453753
919636,453753
919704,453753
919821,453753
919823,453753
919627,453753
919490,453753
919669,453753
919709,453753
919371,453753
919533,453753
919807,453753
919701,453753
919718,453753
919666,453753
919565,453753
919483,453753
919504,453753
919645,453753
919829,453753
919597,453753
919869,453753
919835,453753
919673,453753
919753,453753
919821,453753
919679,453753
919871,453753
919878,453753
919869,453753
919636,453753
919449,453753
919691,453753
919631,453753
919805,453753
919781,453753
919275,453753
918113,453753
918546,453753
919691,453753
919746,453753
919762,453753
919657,453753
919691,453753
919510,453753
919767,453753
919722,453753
919794,453753
919532,453753
919688,453753
919627,453753
918957,453753
919527,453753
919662,453753
919667,453753
919715,453753
919619,453753
919671,453753
919825,453753
919845,453753
919615,453753
919542,453753
919637,453753
919498,453753
919569,453753
919713,453753
919858,453753
919670,453753
919633,453753
919599,453753
919329,453753
919411,453753
919772,453753
919780,453753
919812,453753
919821,453753
919836,453753
919696,453753
919765,453753
919781,453753
919738,453753
919817,453753
919827,453753
919683,453753
919671,453753
919824,453753
919847,453753
919692,453753
919785,453753
919834,453753
919821,453753
919736,453753
919631,453753
919799,453753
919574,453753
919835,453753
919437,453753
919639,453753
919383,453753
919163,453753
919731,453753
919611,453753
919670,453753
919793,453753
919648,453753
919684,453753
919827,453753
919779,453753
919834,453753
919814,453753
919515,453753
919436,453753
919692,453753
919633,453753
919656,453753
919775,453753
919687,453753
919567,453753
919703,453753
919604,453753
919765,453753
919675,453753
919577,453753
919753,453753
919776,453753
919874,453753
919780,453753
919874,453753
919671,453753
919685,453753
919827,453753
919781,453753
919775,453753
919763,453753
919735,453753
919759,453753
919791,453753
919768,453753
919783,453753
919598,453753
919599,453753
919737,453753
919713,453753
919789,453753
919634,453753
919364,453753
919077,453753
919599,453753
919707,453753
919728,453753
919573,453753
919705,453753
919586,453753
919646,453753
919643,453753
919733,453753
919607,453753
918200,453753
919778,453753
919794,453753
919649,453753
919718,453753
919547,453753
919587,453753
919680,453753
919585,453753
919275,453753
919668,453753
919699,453753
919806,453753
919788,453753
919835,453753
919761,453753
919767,453753
919712,453753
919848,453753
919753,453753
919919,453753
919780,453753
919613,453753
918943,453753
919813,453753
919368,453753
919162,453753
919520,453753
919570,453753
919809,453753
919697,453753
919705,453753
919885,453753
919892,453753
919784,453753
919542,453753
919627,453753
919729,453753
919807,453753
919695,453753
919653,453753
919694,453753
915514,453753
909920,453753
917746,453753
919538,453753
919549,453753
919413,453753
919737,453753
919561,453753
919672,453753
919791,453753
919632,453753
918662,453753
919448,453753
919439,453753
919652,453753
919836,453753
919660,453753
919527,453753
919475,453753
919646,453753
919710,453753
919753,453753
919742,453753
919794,453753
919891,453753
919771,453753
919515,453753
919871,453753
919860,453753
919815,453753
919897,453753
919724,453753
919774,453753
919831,453753
919867,453753
919797,453753
919670,453753
919786,453753
919751,453753
919689,453753
919750,453753
919758,453753
919810,453753
919695,453753
919666,453753
919399,453753
918299,453753
919548,453753
919640,453753
919322,453753
919516,453753
919577,453753
919543,453753
919579,453753
919629,453753
919800,453753
919735,453753
919625,453753
919732,453753
919683,453753
919361,453753
919406,453753
919701,453753
919603,453753
919546,453753
919729,453753
919709,453753
919711,453753
919769,453753
919566,453753
919582,453753
919844,453753
919821,453753
919563,453753
919332,453753
919855,453753
919882,453753
919877,453753
919875,453753
919710,453753
919514,453753
919909,453753
919692,453753
919747,453753
919815,453753
919853,453753
919870,453753
919738,453753
919730,453753
919716,453753
919722,453753
919819,453753
919588,453753
919610,453753
919328,453753
919557,453753
919582,453753
919566,453753
919683,453753
919862,453753
919683,453753
919717,453753
919625,453753
919511,453753
919646,453753
919759,453753
919698,453753
919719,453753
919785,453753
919737,453753
919940,453753
919859,453753
919837,453753
919731,453753
919803,453753
919681,453753
919819,453753
919856,453753
919841,453753
919711,453753
919828,453753
919858,453753
919723,453753
919567,453753
919521,453753
919492,453753
919678,453753
919706,453753
919347,453753
919749,453753
919655,453753
919602,453753
919626,453753
919601,453753
919567,453753
919770,453753
919615,453753
919705,453753
919714,453753
919702,453753
919781,453753
919755,453753
919684,453753
919901,453753
919835,453753
919824,453753
919778,453753
919642,453753
919731,453753
919895,453753
919878,453753
919753,453753
919911,453753
919805,453753
919682,453753
919327,453753
919719,453753
919388,453753
919732,453753
919721,453753
919809,453753
919737,453753
919610,453753
919723,453753
919867,453753
919140,453753
919444,453753
919566,453753
919784,453753
919136,453753
919747,453753
919714,453753
919834,453753
919938,453753
919805,453753
919889,453753
919867,453753
919740,453753
919870,453753
919571,453753
919618,453753
919904,453753
919760,453753
919812,453753
919742,453753
919816,453753
919781,453753
919844,453753
919679,453753
919750,453753
919769,453753
919543,453753
919435,453753
919824,453753
919751,453753
919811,453753
919691,453753
919679,453753
919750,453753
919692,453753
919172,453753
919313,453753
919637,453753
919685,453753
919784,453753
919849,453753
919738,453753
919813,453753
919778,453753
919867,453753
919848,453753
919567,453753
919401,453753
919749,453753
919785,453753
919685,453753
919643,453753
919863,453753
919911,453753
919879,453753
919751,453753
919600,453753
919544,453753
919551,453753
919866,453753
919748,453753
919610,453753
919266,453753
919305,453753
918994,453753
919770,453753
919672,453753
919898,453753
919394,453753
919756,453753
919804,453753
919816,453753
919854,453753
919878,453753
919780,453753
919840,453753
919739,453753
919709,453753
919558,453753
919671,453753
919886,453753
919924,453753
919954,453753
919822,453753
919875,453753
919787,453753
919628,453753
919753,453753
919773,453753
919732,453753
919627,453753
919632,453753
919680,453753
919559,453753
919552,453753
919706,453753
919665,453753
919474,453753
919727,453753
919791,453753
919810,453753
919687,453753
919722,453753
919809,453753
919750,453753
919849,453753
919779,453753
919854,453753
919836,453753
919753,453753
919797,453753
919863,453753
919816,453753
919727,453753
919608,453753
918915,453753
919665,453753
919655,453753
919734,453753
919478,453753
919053,453753
919620,453753
919777,453753
919718,453753
919267,453753
919486,453753
919529,453753
918927,453753
919593,453753
919831,453753
919804,453753
919632,453753
919862,453753
918923,453753
919363,453753
919551,453753
919675,453753
919858,453753
919689,453753
919878,453753
919888,453753
919863,453753
919797,453753
919713,453753
919823,453753
919745,453753
919682,453753
919601,453753
919304,453753
919211,453753
919701,453753
919720,453753
919771,453753
919646,453753
919665,453753
919792,453753
919810,453753
919866,453753
919892,453753
919866,453753
919880,453753
919828,453753
919666,453753
919897,453753
919879,453753
919880,453753
919784,453753
919834,453753
919782,453753
919683,453753
919687,453753
919730,453753
919714,453753
919795,453753
919854,453753
919762,453753
919709,453753
919560,453753
919861,453753
919806,453753
919833,453753
919869,453753
919759,453753
919300,453753
919729,453753
919848,453753
919787,453753
919302,453753
919483,453753
919845,453753
919804,453753
919865,453753
919968,453546
