TRACE,NSNPS_JACKKNIFE
922442,453753
922408,453753
922328,453753
922350,453753
922291,453753
922381,453753
922210,453753
922197,453753
922333,453753
922178,453753
922284,453753
922101,453753
922412,453753
922268,453753
922370,453753
922333,453753
922209,453753
921709,453753
921848,453753
922132,453753
922365,453753
922374,453753
922242,453753
922316,453753
922343,453753
922296,453753
922092,453753
922098,453753
922280,453753
922273,453753
922246,453753
922183,453753
922194,453753
922219,453753
922279,453753
922262,453753
922223,453753
922130,453753
922283,453753
922337,453753
922352,453753
922325,453753
922239,453753
921918,453753
922013,453753
922169,453753
922271,453753
922348,453753
922329,453753
922381,453753
922382,453753
922023,453753
922088,453753
922179,453753
922023,453753
922254,453753
922273,453753
921921,453753
922087,453753
922036,453753
922278,453753
922398,453753
922349,453753
922288,453753
922160,453753
922306,453753
922285,453753
922173,453753
922231,453753
922187,453753
921818,453753
922323,453753
922297,453753
922434,453753
922376,453753
922367,453753
922436,453753
922333,453753
922421,453753
922289,453753
922097,453753
922298,453753
922424,453753
922462,453753
922435,453753
922352,453753
922422,453753
922419,453753
922309,453753
922307,453753
922064,453753
921965,453753
922319,453753
921190,453753
922319,453753
922181,453753
922286,453753
922264,453753
922269,453753
922365,453753
922116,453753
922211,453753
922176,453753
922093,453753
922007,453753
922087,453753
922311,453753
922284,453753
922294,453753
922258,453753
922350,453753
922220,453753
922139,453753
921947,453753
921967,453753
922028,453753
922268,453753
922271,453753
922150,453753
922050,453753
922150,453753
922409,453753
922145,453753
922245,453753
922315,453753
922215,453753
922199,453753
922229,453753
922088,453753
922229,453753
922154,453753
922267,453753
922191,453753
922279,453753
922077,453753
922263,453753
922322,453753
922387,453753
922075,453753
922264,453753
921783,453753
921684,453753
922196,453753
922078,453753
922084,453753
922075,453753
922174,453753
922170,453753
922261,453753
922290,453753
922299,453753
922364,453753
922349,453753
922255,453753
922297,453753
922299,453753
922372,453753
922311,453753
922407,453753
922272,453753
922241,453753
922221,453753
922350,453753
922454,453753
922432,453753
922408,453753
922337,453753
922382,453753
922347,453753
922248,453753
922149,453753
922302,453753
922316,453753
922264,453753
922342,453753
922287,453753
922303,453753
922150,453753
922148,453753
922207,453753
922126,453753
920759,453753
921148,453753
922239,453753
922166,453753
922400,453753
922345,453753
922371,453753
922370,453753
922269,453753
922416,453753
922376,453753
921997,453753
921662,453753
921679,453753
921457,453753
921786,453753
922067,453753
922291,453753
922198,453753
922198,453753
922321,453753
922289,453753
921961,453753
922269,453753
922268,453753
922214,453753
922318,453753
922134,453753
922016,453753
922206,453753
922287,453753
922319,453753
922341,453753
922138,453753
922179,453753
921781,453753
921744,453753
922048,453753
921832,453753
922419,453753
922363,453753
922344,453753
922354,453753
922142,453753
922365,453753
922417,453753
922357,453753
922374,453753
922378,453753
922250,453753
921996,453753
922111,453753
922437,453753
922418,453753
922418,453753
922216,453753
922232,453753
922015,453753
922323,453753
922216,453753
922336,453753
922427,453753
922266,453753
922280,453753
922296,453753
922239,453753
922289,453753
922335,453753
922031,453753
921902,453753
922287,453753
922277,453753
922137,453753
922184,453753
922193,453753
922209,453753
922196,453753
921847,453753
922260,453753
922391,453753
922120,453753
921600,453753
922179,453753
922229,453753
922107,453753
922188,453753
921634,453753
922295,453753
922248,453753
922169,453753
921777,453753
922173,453753
922110,453753
922141,453753
921991,453753
922341,453753
922327,453753
922176,453753
921948,453753
922208,453753
922121,453753
922313,453753
922260,453753
922132,453753
922310,453753
922329,453753
922243,453753
922277,453753
922363,453753
922436,453753
922381,453753
922419,453753
922337,453753
922408,453753
922378,453753
922294,453753
922293,453753
922454,453753
922366,453753
922409,453753
922306,453753
922470,453753
922277,453753
922377,453753
922369,453753
922307,453753
922331,453753
922284,453753
922387,453753
922395,453753
922256,453753
922015,453753
921573,453753
921291,453753
922143,453753
922289,453753
922068,453753
922137,453753
922247,453753
922240,453753
922320,453753
922234,453753
922273,453753
922161,453753
922077,453753
922143,453753
922188,453753
922183,453753
922080,453753
921653,453753
922167,453753
922214,453753
922288,453753
922240,453753
922286,453753
922153,453753
922226,453753
922346,453753
922062,453753
921842,453753
922200,453753
921734,453753
921712,453753
922279,453753
922166,453753
922351,453753
922139,453753
922181,453753
920992,453753
922255,453753
922263,453753
922325,453753
922470,453753
922428,453753
922432,453753
922434,453753
922413,453753
922308,453753
922333,453753
922388,453753
922420,453753
922331,453753
922400,453753
922281,453753
922332,453753
922271,453753
922349,453753
922249,453753
922335,453753
922349,453753
922251,453753
922231,453753
922317,453753
922197,453753
922308,453753
922061,453753
921626,453753
921969,453753
922034,453753
921011,453753
921842,453753
922008,453753
922215,453753
922100,453753
921886,453753
921882,453753
921811,453753
922059,453753
922315,453753
922242,453753
922008,453753
922101,453753
922268,453753
922219,453753
922110,453753
922035,453753
921751,453753
921963,453753
922247,453753
922214,453753
922267,453753
922306,453753
922249,453753
922398,453753
921601,453753
922223,453753
922245,453753
922232,453753
922272,453753
922349,453753
922382,453753
922295,453753
922354,453753
922454,453753
922378,453753
922351,453753
922281,453753
922048,453753
922124,453753
922216,453753
922288,453753
922363,453753
922194,453753
922385,453753
922280,453753
922359,453753
922338,453753
922142,453753
922238,453753
922241,453753
922338,453753
921863,453753
922281,453753
922304,453753
922280,453753
922315,453753
922230,453753
922184,453753
922152,453753
922149,453753
921971,453753
920938,453753
922149,453753
922196,453753
922335,453753
922378,453753
922346,453753
922110,453753
922034,453753
922194,453753
922305,453753
921987,453753
922045,453753
922355,453753
922245,453753
922319,453753
922266,453753
922110,453753
922000,453753
922032,453753
922154,453753
922383,453753
922194,453753
922431,453753
922380,453753
922247,453753
922296,453753
922373,453753
922266,453753
922434,453753
922453,453753
922402,453753
922176,453753
922067,453753
922222,453753
922202,453753
922304,453753
922333,453753
921772,453753
920611,453753
921115,453753
922218,453753
922280,453753
922324,453753
922175,453753
922286,453753
922078,453753
922322,453753
922229,453753
922341,453753
922164,453753
922245,453753
922265,453753
921559,453753
922053,453753
922223,453753
922214,453753
922240,453753
922208,453753
922239,453753
922407,453753
922391,453753
922196,453753
922105,453753
922202,453753
922055,453753
922154,453753
922254,453753
922382,453753
922199,453753
922213,453753
922180,453753
921992,453753
921946,453753
922323,453753
922353,453753
922359,453753
922376,453753
922410,453753
922258,453753
922366,453753
922349,453753
922317,453753
922382,453753
922343,453753
922268,453753
922241,453753
922405,453753
922437,453753
922275,453753
922382,453753
922375,453753
922331,453753
922342,453753
922177,453753
922350,453753
922145,453753
922379,453753
922012,453753
922269,453753
921834,453753
921585,453753
922272,453753
922109,453753
922297,453753
922343,453753
922316,453753
922214,453753
922320,453753
922356,453753
922353,453753
922372,453753
922109,453753
922012,453753
922251,453753
922214,453753
922254,453753
922343,453753
922278,453753
922153,453753
922301,453753
922261,453753
922358,453753
922223,453753
922108,453753
922314,453753
922326,453753
922388,453753
922301,453753
922424,453753
922217,453753
922197,453753
922359,453753
922342,453753
922320,453753
922338,453753
922357,453753
922340,453753
922350,453753
922336,453753
922384,453753
922133,453753
922156,453753
922266,453753
922306,453753
922372,453753
922214,453753
921927,453753
921477,453753
922134,453753
922248,453753
922303,453753
922067,453753
922212,453753
922073,453753
922155,453753
922168,453753
922307,453753
922210,453753
920859,453753
922340,453753
922345,453753
922205,453753
922288,453753
922136,453753
922175,453753
922256,453753
922102,453753
921906,453753
922240,453753
922223,453753
922384,453753
922297,453753
922400,453753
922261,453753
922311,453753
922309,453753
922407,453753
922308,453753
922470,453753
922310,453753
922226,453753
921462,453753
922341,453753
921956,453753
921843,453753
922166,453753
922131,453753
922369,453753
922225,453753
922279,453753
922447,453753
922393,453753
922339,453753
922082,453753
922149,453753
922267,453753
922383,453753
922240,453753
922234,453753
922303,453753
918473,453753
912147,453753
920351,453753
922054,453753
922009,453753
922037,453753
922305,453753
922127,453753
922266,453753
922362,453753
922148,453753
921365,453753
922002,453753
922023,453753
922198,453753
922394,453753
922242,453753
922070,453753
922046,453753
922159,453753
922221,453753
922278,453753
922310,453753
922309,453753
922473,453753
922299,453753
922103,453753
922447,453753
922360,453753
922402,453753
922415,453753
922264,453753
922307,453753
922396,453753
922431,453753
922380,453753
922199,453753
922360,453753
922318,453753
922316,453753
922288,453753
922266,453753
922382,453753
922291,453753
922226,453753
921967,453753
920994,453753
922140,453753
922169,453753
921962,453753
922032,453753
922102,453753
922150,453753
922121,453753
922282,453753
922373,453753
922301,453753
922196,453753
922360,453753
922265,453753
921928,453753
921986,453753
922318,453753
922277,453753
922133,453753
922344,453753
922308,453753
922287,453753
922367,453753
922171,453753
922155,453753
922392,453753
922384,453753
922144,453753
921940,453753
922460,453753
922480,453753
922467,453753
922429,453753
922223,453753
922042,453753
922438,453753
922264,453753
922264,453753
922401,453753
922404,453753
922375,453753
922344,453753
922316,453753
922301,453753
922290,453753
922363,453753
922167,453753
922166,453753
921902,453753
922115,453753
922145,453753
922074,453753
922228,453753
922435,453753
922212,453753
922275,453753
922219,453753
922052,453753
922158,453753
922361,453753
922262,453753
922275,453753
922329,453753
922314,453753
922491,453753
922434,453753
922412,453753
922291,453753
922366,453753
922248,453753
922395,453753
922406,453753
922376,453753
922314,453753
922376,453753
922435,453753
922274,453753
922146,453753
922045,453753
922049,453753
922186,453753
922329,453753
921746,453753
922311,453753
922134,453753
922160,453753
922208,453753
922171,453753
922147,453753
922291,453753
922208,453753
922205,453753
922283,453753
922305,453753
922366,453753
922315,453753
922195,453753
922442,453753
922428,453753
922403,453753
922318,453753
922190,453753
922313,453753
922465,453753
922423,453753
922309,453753
922453,453753
922377,453753
922222,453753
921966,453753
922329,453753
922065,453753
922281,453753
922263,453753
922384,453753
922274,453753
922162,453753
922291,453753
922394,453753
921584,453753
921999,453753
922078,453753
922272,453753
921624,453753
922298,453753
922303,453753
922413,453753
922486,453753
922375,453753
922448,453753
922454,453753
922290,453753
922329,453753
922126,453753
922148,453753
922435,453753
922363,453753
922377,453753
922298,453753
922336,453753
922361,453753
922399,453753
922236,453753
922278,453753
922368,453753
922177,453753
922070,453753
922414,453753
922276,453753
922381,453753
922207,453753
922278,453753
922277,453753
922307,453753
921730,453753
921784,453753
922108,453753
922249,453753
922354,453753
922405,453753
922261,453753
922370,453753
922320,453753
922410,453753
922403,453753
922157,453753
921928,453753
922348,453753
922353,453753
922222,453753
922181,453753
922460,453753
922445,453753
922471,453753
922349,453753
922093,453753
922062,453753
922115,453753
922410,453753
922311,453753
922163,453753
921824,453753
921867,453753
921350,453753
922359,453753
922288,453753
922450,453753
922036,453753
922304,453753
922360,453753
922369,453753
922391,453753
922434,453753
922343,453753
922394,453753
922323,453753
922318,453753
922131,453753
922180,453753
922486,453753
922474,453753
922515,453753
922362,453753
922431,453753
922370,453753
922254,453753
922332,453753
922339,453753
922314,453753
922222,453753
922218,453753
922293,453753
922136,453753
922197,453753
922289,453753
922266,453753
922015,453753
922293,453753
922365,453753
922369,453753
922264,453753
922328,453753
922418,453753
922318,453753
922436,453753
922338,453753
922409,453753
922336,453753
922292,453753
922408,453753
922419,453753
922354,453753
922345,453753
922146,453753
921454,453753
922231,453753
922271,453753
922335,453753
921993,453753
921624,453753
922143,453753
922335,453753
922284,453753
921829,453753
922025,453753
922089,453753
921452,453753
922178,453753
922336,453753
922389,453753
922187,453753
922432,453753
921389,453753
921865,453753
922192,453753
922200,453753
922431,453753
922188,453753
922445,453753
922445,453753
922427,453753
922374,453753
922333,453753
922410,453753
922283,453753
922245,453753
922153,453753
921841,453753
921713,453753
922278,453753
922315,453753
922336,453753
922231,453753
922292,453753
922352,453753
922367,453753
922418,453753
922424,453753
922458,453753
922427,453753
922340,453753
922232,453753
922450,453753
922468,453753
922372,453753
922361,453753
922417,453753
922313,453753
922261,453753
922267,453753
922304,453753
922300,453753
922380,453753
922452,453753
922323,453753
922227,453753
922077,453753
922389,453753
922390,453753
922350,453753
922438,453753
922299,453753
921856,453753
922314,453753
922379,453753
922336,453753
921875,453753
921984,453753
922418,453753
922383,453753
922409,453753
922492,453546
