TRACE,NSNPS_JACKKNIFE
37599.1,453753
37599.1,453753
37598.2,453753
37598.7,453753
37597.7,453753
37598.3,453753
37598,453753
37596.2,453753
37596.4,453753
37597,453753
37596.5,453753
37594.3,453753
37598.9,453753
37598.4,453753
37598.1,453753
37595.6,453753
37596.4,453753
37591.8,453753
37592.5,453753
37594.8,453753
37596.8,453753
37598.6,453753
37597,453753
37597.4,453753
37599.3,453753
37596.9,453753
37595.9,453753
37595.1,453753
37597,453753
37596.8,453753
37598.2,453753
37595.7,453753
37597,453753
37595.9,453753
37598.8,453753
37598.2,453753
37596.6,453753
37595,453753
37596.4,453753
37598.1,453753
37597.7,453753
37597.4,453753
37596.8,453753
37593.4,453753
37595,453753
37596.2,453753
37598,453753
37596.6,453753
37598.4,453753
37597.8,453753
37598,453753
37595.5,453753
37595.9,453753
37597.4,453753
37593.7,453753
37598.8,453753
37596.4,453753
37596.1,453753
37595.3,453753
37594.9,453753
37597.3,453753
37599.4,453753
37597.8,453753
37598.9,453753
37596.7,453753
37597.9,453753
37596.8,453753
37596.7,453753
37596,453753
37593.2,453753
37590.7,453753
37597.4,453753
37597.8,453753
37598.4,453753
37599.7,453753
37598.8,453753
37599.1,453753
37597.5,453753
37599.2,453753
37597.5,453753
37595.4,453753
37598.3,453753
37599.3,453753
37599.6,453753
37599.7,453753
37598.6,453753
37599.4,453753
37597.8,453753
37596.4,453753
37597.7,453753
37595.3,453753
37595.2,453753
37596.5,453753
37582.3,453753
37598.6,453753
37595.2,453753
37598.3,453753
37596.4,453753
37596.3,453753
37598.7,453753
37594.1,453753
37598.6,453753
37596.6,453753
37595.8,453753
37596,453753
37595.3,453753
37597,453753
37597.6,453753
37596.6,453753
37596.5,453753
37596.9,453753
37596.3,453753
37594.8,453753
37592.8,453753
37594,453753
37595.3,453753
37597.2,453753
37596.7,453753
37598.1,453753
37596.2,453753
37595.3,453753
37599.7,453753
37595.6,453753
37597.2,453753
37596.5,453753
37596.4,453753
37596.2,453753
37595.8,453753
37595.4,453753
37597.5,453753
37595.8,453753
37596.9,453753
37597.9,453753
37598.8,453753
37594.3,453753
37596.7,453753
37597.3,453753
37598,453753
37593.5,453753
37596.7,453753
37590,453753
37591,453753
37596.8,453753
37596.3,453753
37594.1,453753
37594.7,453753
37595.8,453753
37595.9,453753
37596.9,453753
37599.2,453753
37598,453753
37598.5,453753
37597,453753
37595.8,453753
37597.9,453753
37598.2,453753
37599.6,453753
37598.6,453753
37598,453753
37598.1,453753
37595.4,453753
37597,453753
37598.8,453753
37598,453753
37600.5,453753
37598.3,453753
37597.1,453753
37598,453753
37597.8,453753
37598.5,453753
37594.2,453753
37596.6,453753
37597.4,453753
37597.9,453753
37596.9,453753
37596.2,453753
37597.5,453753
37596.8,453753
37596.7,453753
37596.1,453753
37596.3,453753
37582.6,453753
37583.2,453753
37596.3,453753
37596.5,453753
37598.9,453753
37598.9,453753
37599.9,453753
37598.8,453753
37598.4,453753
37598.8,453753
37599.5,453753
37595.4,453753
37590.5,453753
37589.8,453753
37589.2,453753
37590.2,453753
37595.2,453753
37597,453753
37596.5,453753
37595.6,453753
37597.2,453753
37598.2,453753
37591.6,453753
37597.1,453753
37597.8,453753
37595.2,453753
37598.3,453753
37596.6,453753
37591.9,453753
37597.8,453753
37597.7,453753
37597.7,453753
37597.5,453753
37595.7,453753
37596.7,453753
37591.2,453753
37592.4,453753
37592.9,453753
37592.5,453753
37600,453753
37599.5,453753
37598.9,453753
37598.4,453753
37595.1,453753
37598.7,453753
37599.1,453753
37598.2,453753
37599.1,453753
37599.4,453753
37597.8,453753
37595.6,453753
37596.4,453753
37600.1,453753
37599.1,453753
37599.4,453753
37598,453753
37597.4,453753
37593.2,453753
37597.6,453753
37598.2,453753
37598.9,453753
37599.6,453753
37597.7,453753
37597.6,453753
37599.1,453753
37597.9,453753
37595.6,453753
37597.9,453753
37594.3,453753
37594.7,453753
37598.8,453753
37595.9,453753
37594,453753
37596.5,453753
37595,453753
37596.6,453753
37596.4,453753
37593,453753
37596.6,453753
37598.7,453753
37596.7,453753
37589.1,453753
37597.2,453753
37595.8,453753
37594.2,453753
37595.4,453753
37586.7,453753
37596.7,453753
37597.3,453753
37597.4,453753
37592.3,453753
37595.9,453753
37596.1,453753
37597.1,453753
37593.2,453753
37598.8,453753
37598.3,453753
37593.8,453753
37593.8,453753
37595.8,453753
37596.3,453753
37597.6,453753
37595.4,453753
37596.1,453753
37596.7,453753
37597.4,453753
37596.6,453753
37596.4,453753
37597.8,453753
37598.6,453753
37597.7,453753
37598.4,453753
37598.2,453753
37598.6,453753
37598.7,453753
37596.5,453753
37595.9,453753
37597.7,453753
37598.7,453753
37598.9,453753
37598.1,453753
37599.5,453753
37595.5,453753
37596.8,453753
37599.2,453753
37597.6,453753
37597.9,453753
37596.5,453753
37597.5,453753
37597.6,453753
37597.6,453753
37595.8,453753
37588.1,453753
37586.2,453753
37596,453753
37597.5,453753
37595.1,453753
37596.6,453753
37596.9,453753
37596.6,453753
37597.8,453753
37595.6,453753
37597.5,453753
37597.6,453753
37595.6,453753
37594.9,453753
37597.5,453753
37596.7,453753
37595.8,453753
37588.7,453753
37596.1,453753
37595.5,453753
37597.1,453753
37595.8,453753
37598.1,453753
37595.9,453753
37596,453753
37598.2,453753
37596.7,453753
37591.2,453753
37596.2,453753
37590.6,453753
37589.6,453753
37598.9,453753
37594.7,453753
37597.7,453753
37593.6,453753
37594.6,453753
37586.3,453753
37596.1,453753
37596.4,453753
37597.8,453753
37599.1,453753
37600.2,453753
37599.3,453753
37600.2,453753
37599.3,453753
37598.5,453753
37598.8,453753
37597.8,453753
37599.5,453753
37596.7,453753
37598.4,453753
37597.8,453753
37597.8,453753
37598.3,453753
37598,453753
37597,453753
37598.4,453753
37598.1,453753
37594.5,453753
37598.8,453753
37598.1,453753
37597.7,453753
37596.1,453753
37594.4,453753
37589,453753
37593,453753
37594.8,453753
37582.8,453753
37590.7,453753
37594.4,453753
37595.8,453753
37595.2,453753
37592.1,453753
37592.8,453753
37592.5,453753
37595.6,453753
37598.3,453753
37595.9,453753
37594.7,453753
37596.5,453753
37596,453753
37597.1,453753
37596.4,453753
37594.4,453753
37592.5,453753
37593.7,453753
37596.9,453753
37596.5,453753
37597.6,453753
37597.7,453753
37597.1,453753
37599.3,453753
37587.7,453753
37595.7,453753
37595.2,453753
37598,453753
37597.3,453753
37598,453753
37597.2,453753
37597.9,453753
37598.4,453753
37598.7,453753
37597.5,453753
37597.4,453753
37598.7,453753
37594,453753
37594.3,453753
37596.7,453753
37599.2,453753
37596.6,453753
37595.5,453753
37598.6,453753
37596.4,453753
37597.6,453753
37598.6,453753
37596.6,453753
37596.9,453753
37597.8,453753
37597.7,453753
37593.5,453753
37595.2,453753
37596.3,453753
37598.5,453753
37597.5,453753
37597.5,453753
37597,453753
37596.1,453753
37596.6,453753
37595,453753
37587.4,453753
37597.5,453753
37596,453753
37596.9,453753
37598.7,453753
37598.8,453753
37596,453753
37594.1,453753
37596,453753
37598.5,453753
37594.7,453753
37594.5,453753
37598.6,453753
37596.3,453753
37599.1,453753
37596,453753
37594.4,453753
37593.9,453753
37596.6,453753
37596.7,453753
37598.7,453753
37596,453753
37599.5,453753
37597.8,453753
37597.9,453753
37597.3,453753
37598.9,453753
37598.4,453753
37598.2,453753
37600.2,453753
37598.7,453753
37597.5,453753
37593.5,453753
37597,453753
37596.5,453753
37597,453753
37599,453753
37589.6,453753
37575.1,453753
37580.7,453753
37597.9,453753
37598.6,453753
37597.2,453753
37595.7,453753
37596.6,453753
37594.5,453753
37596.6,453753
37598.5,453753
37599.5,453753
37596.9,453753
37596.7,453753
37597,453753
37589.4,453753
37595.5,453753
37598.3,453753
37596.4,453753
37596,453753
37594,453753
37596.6,453753
37598.2,453753
37599.6,453753
37597.6,453753
37594.9,453753
37596.1,453753
37592.8,453753
37592.6,453753
37596.5,453753
37598.8,453753
37597.8,453753
37595.9,453753
37595.9,453753
37596.4,453753
37592.3,453753
37598.5,453753
37598.5,453753
37598.6,453753
37600.1,453753
37599.1,453753
37597.1,453753
37598.4,453753
37596.8,453753
37597.4,453753
37597.8,453753
37599,453753
37597.9,453753
37596.8,453753
37598.3,453753
37598.2,453753
37596.7,453753
37598.9,453753
37598.5,453753
37598.2,453753
37598.4,453753
37594.5,453753
37597,453753
37595.6,453753
37598.8,453753
37592.3,453753
37597.1,453753
37591.6,453753
37590.6,453753
37598.2,453753
37597.1,453753
37597.8,453753
37599.6,453753
37597.1,453753
37595.8,453753
37597.3,453753
37597.9,453753
37598.6,453753
37597.9,453753
37594.8,453753
37593.5,453753
37595.9,453753
37595.6,453753
37595.7,453753
37597.4,453753
37597,453753
37594.4,453753
37597.8,453753
37597.5,453753
37597.9,453753
37596.5,453753
37595.7,453753
37597.6,453753
37596.6,453753
37598.2,453753
37598.2,453753
37598.8,453753
37597.5,453753
37596.9,453753
37598.7,453753
37599.1,453753
37599.3,453753
37596.3,453753
37599.4,453753
37598.5,453753
37598.1,453753
37597.6,453753
37598.1,453753
37595.6,453753
37596.2,453753
37598.4,453753
37596.1,453753
37597.8,453753
37594.2,453753
37592.2,453753
37589.6,453753
37594.8,453753
37597.2,453753
37597,453753
37596.9,453753
37597.3,453753
37594.8,453753
37595.6,453753
37594.9,453753
37597.5,453753
37596,453753
37576.4,453753
37597,453753
37597.7,453753
37597.4,453753
37595.9,453753
37597.1,453753
37594.5,453753
37596.7,453753
37596.5,453753
37594.6,453753
37597,453753
37597.3,453753
37599.2,453753
37598.4,453753
37600.2,453753
37597.7,453753
37598.9,453753
37597.9,453753
37598.5,453753
37595.7,453753
37598.4,453753
37597.6,453753
37596.3,453753
37589.9,453753
37598.4,453753
37595.1,453753
37591.8,453753
37598.4,453753
37595.1,453753
37598.6,453753
37595.1,453753
37596,453753
37600.2,453753
37598.5,453753
37597.4,453753
37595.7,453753
37596.3,453753
37597,453753
37599.4,453753
37598.6,453753
37595.5,453753
37597.2,453753
37555.4,453753
37484.1,453753
37575.1,453753
37596.4,453753
37595.3,453753
37593.8,453753
37597,453753
37593,453753
37595.6,453753
37598.5,453753
37596.9,453753
37589.1,453753
37595.2,453753
37595.9,453753
37596.5,453753
37598.9,453753
37596.6,453753
37593.7,453753
37592.8,453753
37596.5,453753
37597.6,453753
37597.2,453753
37598.1,453753
37597.6,453753
37598.1,453753
37598,453753
37595.3,453753
37599.7,453753
37598.2,453753
37599.7,453753
37599.9,453753
37596.5,453753
37598.2,453753
37597.7,453753
37598.4,453753
37598,453753
37596.5,453753
37597.8,453753
37597.1,453753
37596,453753
37598.3,453753
37597.3,453753
37597.1,453753
37597.9,453753
37597.3,453753
37592.4,453753
37581.9,453753
37596,453753
37596.3,453753
37594,453753
37595.5,453753
37594.3,453753
37596.6,453753
37595.2,453753
37597.4,453753
37597.9,453753
37596.8,453753
37597.1,453753
37599.2,453753
37597.4,453753
37593.1,453753
37595.9,453753
37597.5,453753
37595.8,453753
37595.3,453753
37598.3,453753
37597.4,453753
37598.3,453753
37598,453753
37594.9,453753
37596.1,453753
37597.9,453753
37599,453753
37596.2,453753
37595.5,453753
37598.2,453753
37600.4,453753
37599.5,453753
37598.3,453753
37596.8,453753
37594.9,453753
37598.4,453753
37595.1,453753
37598.5,453753
37599.8,453753
37597.1,453753
37598.4,453753
37598.3,453753
37598.5,453753
37598.7,453753
37598.1,453753
37598,453753
37596.7,453753
37594.6,453753
37593.3,453753
37596.4,453753
37595.4,453753
37595.9,453753
37598.7,453753
37598.9,453753
37597.5,453753
37596,453753
37596.9,453753
37594.3,453753
37595.9,453753
37598,453753
37596.1,453753
37596.9,453753
37597.6,453753
37597.2,453753
37599.9,453753
37599.4,453753
37600.4,453753
37597.4,453753
37597.7,453753
37596.8,453753
37597.4,453753
37597.5,453753
37599.1,453753
37597.9,453753
37599.9,453753
37600.6,453753
37598,453753
37596.4,453753
37595.6,453753
37593.4,453753
37597.1,453753
37597.5,453753
37591,453753
37599.7,453753
37595.5,453753
37595.4,453753
37595.8,453753
37597.8,453753
37594,453753
37596.5,453753
37596.7,453753
37596,453753
37597.6,453753
37597.9,453753
37599,453753
37597.4,453753
37598.3,453753
37599.5,453753
37601.1,453753
37599.2,453753
37598.2,453753
37594.6,453753
37597.6,453753
37599.5,453753
37598.3,453753
37598.3,453753
37600.2,453753
37599.3,453753
37596.3,453753
37595.2,453753
37596.6,453753
37595.6,453753
37598.9,453753
37599.3,453753
37599.1,453753
37597.4,453753
37597.4,453753
37597.1,453753
37599.1,453753
37591.7,453753
37595.9,453753
37596.4,453753
37596.3,453753
37587.5,453753
37597.9,453753
37599.6,453753
37599.4,453753
37599,453753
37598.1,453753
37599.6,453753
37598.4,453753
37598.9,453753
37599.7,453753
37597.9,453753
37596.6,453753
37600.1,453753
37599.4,453753
37597.8,453753
37598.9,453753
37598.4,453753
37597.6,453753
37597.9,453753
37598.6,453753
37598.4,453753
37599.3,453753
37595.2,453753
37592.1,453753
37598.2,453753
37596.8,453753
37598.6,453753
37596.8,453753
37595.6,453753
37597.9,453753
37598.1,453753
37591,453753
37591.4,453753
37595.4,453753
37597.2,453753
37598.8,453753
37599.2,453753
37597.5,453753
37596.8,453753
37599.1,453753
37599.9,453753
37599.2,453753
37594.7,453753
37593.1,453753
37598.3,453753
37597.6,453753
37595.8,453753
37595.5,453753
37600,453753
37599,453753
37598.8,453753
37597.4,453753
37597.3,453753
37595.4,453753
37596.3,453753
37597.6,453753
37598,453753
37597.7,453753
37592.2,453753
37593.1,453753
37589.2,453753
37598.8,453753
37596.7,453753
37598.9,453753
37592.2,453753
37599,453753
37598.4,453753
37599.1,453753
37597.3,453753
37597.7,453753
37599.1,453753
37599.1,453753
37598.8,453753
37597.6,453753
37596.4,453753
37595.5,453753
37599.1,453753
37600.2,453753
37600.9,453753
37599.3,453753
37599,453753
37596.5,453753
37596.8,453753
37597.8,453753
37598.4,453753
37596.5,453753
37596.8,453753
37598.1,453753
37597.9,453753
37594.2,453753
37596.3,453753
37598.3,453753
37597,453753
37593.4,453753
37596.5,453753
37597.2,453753
37600,453753
37598.2,453753
37598.5,453753
37600.1,453753
37598.2,453753
37597.9,453753
37596.1,453753
37599,453753
37597.6,453753
37599.4,453753
37597.9,453753
37600.1,453753
37596.3,453753
37596.2,453753
37596.1,453753
37587.9,453753
37596.4,453753
37595.3,453753
37597.9,453753
37595,453753
37590,453753
37596.3,453753
37597.2,453753
37594.9,453753
37593.2,453753
37594.4,453753
37594.2,453753
37589.1,453753
37596,453753
37596.6,453753
37597.1,453753
37597.2,453753
37599.4,453753
37588.8,453753
37590.4,453753
37593.3,453753
37597.5,453753
37599,453753
37596.7,453753
37598.8,453753
37599.7,453753
37599.8,453753
37597.2,453753
37598.8,453753
37597.7,453753
37598.3,453753
37595.9,453753
37594.6,453753
37592.4,453753
37590.5,453753
37597.8,453753
37597.7,453753
37597.5,453753
37597,453753
37600.2,453753
37599.5,453753
37598.7,453753
37597.6,453753
37598.8,453753
37599.3,453753
37598.6,453753
37597.7,453753
37596.5,453753
37599.9,453753
37600.1,453753
37599,453753
37598.3,453753
37598.6,453753
37599,453753
37596.3,453753
37597.8,453753
37597.1,453753
37597.8,453753
37598.2,453753
37599.1,453753
37596.4,453753
37597.4,453753
37593.9,453753
37598.8,453753
37600.2,453753
37599.2,453753
37597.2,453753
37597.4,453753
37591.3,453753
37597.1,453753
37599.4,453753
37598.3,453753
37592.2,453753
37593.9,453753
37598.4,453753
37598,453753
37597.8,453753
37600.4,453546
