TRACE,NSNPS_JACKKNIFE
37750,453753
37751.4,453753
37749.5,453753
37749.5,453753
37747.2,453753
37747.9,453753
37747.9,453753
37746.2,453753
37749,453753
37747,453753
37748.7,453753
37746.6,453753
37748.7,453753
37749.7,453753
37749.8,453753
37749.6,453753
37747,453753
37742.9,453753
37741.7,453753
37746,453753
37749.5,453753
37747.5,453753
37747.3,453753
37748.6,453753
37749.3,453753
37747.7,453753
37746.9,453753
37746.8,453753
37747.3,453753
37748.2,453753
37748.5,453753
37747.2,453753
37748.4,453753
37745.6,453753
37748.4,453753
37749.3,453753
37748.8,453753
37746.9,453753
37749.6,453753
37750.2,453753
37749.8,453753
37750.3,453753
37749,453753
37742.1,453753
37745.3,453753
37747.9,453753
37746.8,453753
37749.3,453753
37748.9,453753
37749.3,453753
37749.3,453753
37745,453753
37746.6,453753
37748.2,453753
37745,453753
37748.4,453753
37747.5,453753
37745.4,453753
37745.4,453753
37747,453753
37748.6,453753
37749.8,453753
37748.5,453753
37749.2,453753
37747.2,453753
37749.2,453753
37748,453753
37747.8,453753
37747.1,453753
37746.5,453753
37741.9,453753
37748.3,453753
37749.5,453753
37749.6,453753
37748.9,453753
37749.2,453753
37750.6,453753
37748.5,453753
37749.5,453753
37747.2,453753
37744.6,453753
37748.7,453753
37748.9,453753
37749.5,453753
37750.9,453753
37748.7,453753
37750.1,453753
37749,453753
37749.2,453753
37748.7,453753
37746.9,453753
37743.1,453753
37748,453753
37739.4,453753
37747.8,453753
37747.3,453753
37747.8,453753
37749.8,453753
37749.4,453753
37749,453753
37744.8,453753
37746,453753
37745.2,453753
37745.6,453753
37744.2,453753
37746.1,453753
37748.6,453753
37747.4,453753
37748.1,453753
37747.5,453753
37749.2,453753
37746.8,453753
37745.5,453753
37742.4,453753
37744.3,453753
37746.8,453753
37748.5,453753
37749.1,453753
37749.4,453753
37745.2,453753
37746.1,453753
37749.6,453753
37747.7,453753
37748.5,453753
37749,453753
37748.3,453753
37746,453753
37748,453753
37746.3,453753
37749.1,453753
37746.3,453753
37746.7,453753
37747.4,453753
37748.1,453753
37744.6,453753
37748.3,453753
37749.5,453753
37748.7,453753
37747.2,453753
37747.7,453753
37741.1,453753
37742,453753
37747.6,453753
37746.2,453753
37748,453753
37745.1,453753
37746.7,453753
37746.9,453753
37748.8,453753
37748.6,453753
37748.4,453753
37749.6,453753
37749,453753
37749.7,453753
37747.2,453753
37748.2,453753
37749.3,453753
37749.4,453753
37749.6,453753
37747.9,453753
37747.4,453753
37747.6,453753
37749.3,453753
37750.3,453753
37750.1,453753
37750.6,453753
37749.6,453753
37749.1,453753
37748.5,453753
37748.2,453753
37746.3,453753
37747.3,453753
37750,453753
37746.7,453753
37750.3,453753
37748.7,453753
37748.8,453753
37747.5,453753
37747.5,453753
37747.4,453753
37746.7,453753
37728.1,453753
37734.9,453753
37748.5,453753
37747.3,453753
37749.6,453753
37748.7,453753
37749.6,453753
37749.2,453753
37749.5,453753
37750,453753
37749.5,453753
37743.5,453753
37740.6,453753
37740.1,453753
37737.3,453753
37741.4,453753
37745.1,453753
37747.6,453753
37748.4,453753
37747.7,453753
37748.2,453753
37748.8,453753
37745.3,453753
37749,453753
37748.7,453753
37747.3,453753
37749,453753
37748.2,453753
37742.8,453753
37749.3,453753
37746,453753
37748.2,453753
37748.9,453753
37746.4,453753
37747,453753
37743.9,453753
37743.4,453753
37746.5,453753
37742.9,453753
37750.1,453753
37750.5,453753
37749.9,453753
37747.9,453753
37749.3,453753
37748.2,453753
37749.1,453753
37749.3,453753
37749.6,453753
37749.2,453753
37746.3,453753
37747.4,453753
37746.8,453753
37750.4,453753
37750.6,453753
37748.4,453753
37747.4,453753
37747.6,453753
37744.9,453753
37748.1,453753
37746,453753
37749.4,453753
37749.8,453753
37747.2,453753
37748.9,453753
37747,453753
37748.6,453753
37747.3,453753
37748.6,453753
37745.4,453753
37744.5,453753
37748.1,453753
37748.3,453753
37745.8,453753
37746.2,453753
37745.6,453753
37747,453753
37746.7,453753
37744.6,453753
37749.2,453753
37750.3,453753
37748.4,453753
37739.2,453753
37748.2,453753
37749.6,453753
37748.4,453753
37746,453753
37741.5,453753
37750.6,453753
37749.7,453753
37745.2,453753
37744.8,453753
37747,453753
37746.8,453753
37746.9,453753
37746.5,453753
37749.2,453753
37748.4,453753
37747.9,453753
37743.4,453753
37747.1,453753
37746.8,453753
37748.8,453753
37747.7,453753
37746.7,453753
37749.3,453753
37748.8,453753
37747.9,453753
37747.6,453753
37750.7,453753
37749.9,453753
37750.2,453753
37748.4,453753
37748.5,453753
37750,453753
37750.1,453753
37748.3,453753
37747.3,453753
37750.1,453753
37747.7,453753
37749.3,453753
37748.1,453753
37751.5,453753
37747.2,453753
37749.8,453753
37749.2,453753
37748.3,453753
37747.8,453753
37747.9,453753
37750.6,453753
37748.5,453753
37746.6,453753
37742.6,453753
37739.7,453753
37738.7,453753
37747.3,453753
37747.9,453753
37746.8,453753
37745.3,453753
37747.5,453753
37747,453753
37749.5,453753
37747.2,453753
37748.5,453753
37749.3,453753
37745.7,453753
37745.8,453753
37748,453753
37746,453753
37747.3,453753
37739.4,453753
37746.1,453753
37747.5,453753
37749.3,453753
37747.5,453753
37747.7,453753
37746.5,453753
37747.9,453753
37749.4,453753
37745.3,453753
37745.4,453753
37749.2,453753
37741.9,453753
37742.7,453753
37749.6,453753
37744.3,453753
37747.5,453753
37746.8,453753
37748.6,453753
37734.9,453753
37746,453753
37749.2,453753
37747.8,453753
37749.7,453753
37750.2,453753
37749.6,453753
37749.3,453753
37751,453753
37749.5,453753
37747.6,453753
37750.4,453753
37750.3,453753
37748.6,453753
37750.2,453753
37747.3,453753
37749.1,453753
37749.4,453753
37749.7,453753
37749.3,453753
37748.8,453753
37751.2,453753
37745.4,453753
37747.3,453753
37746.2,453753
37747.6,453753
37748.9,453753
37747.8,453753
37740.3,453753
37744.8,453753
37747.4,453753
37736.8,453753
37743.2,453753
37743.3,453753
37747.3,453753
37744.2,453753
37743.6,453753
37745.6,453753
37740,453753
37746.5,453753
37747.4,453753
37747.4,453753
37743.9,453753
37749.1,453753
37749.4,453753
37746.5,453753
37746.5,453753
37745.3,453753
37744,453753
37745.9,453753
37747.8,453753
37748.2,453753
37747.7,453753
37749,453753
37748.2,453753
37749.5,453753
37745,453753
37746.2,453753
37747.6,453753
37747.1,453753
37748.7,453753
37749.9,453753
37748.7,453753
37747.9,453753
37749.4,453753
37749.5,453753
37750.4,453753
37749.7,453753
37747.5,453753
37746.2,453753
37746.1,453753
37748.7,453753
37747.4,453753
37748.6,453753
37747,453753
37751.2,453753
37749.6,453753
37748.6,453753
37747.4,453753
37746.7,453753
37747.9,453753
37748.4,453753
37748.8,453753
37741.7,453753
37748.9,453753
37750,453753
37748.8,453753
37749.9,453753
37748.7,453753
37749.8,453753
37747.4,453753
37744.5,453753
37742.7,453753
37730.2,453753
37746.5,453753
37747.8,453753
37749.7,453753
37748.3,453753
37749.5,453753
37745.8,453753
37746.3,453753
37748.4,453753
37748.1,453753
37744.8,453753
37745.5,453753
37748.8,453753
37749.4,453753
37747.2,453753
37748.4,453753
37747.1,453753
37746.1,453753
37746.8,453753
37748.2,453753
37750.4,453753
37746.8,453753
37751.2,453753
37749.2,453753
37747,453753
37747.7,453753
37749.4,453753
37746.9,453753
37750,453753
37750.8,453753
37748.2,453753
37747.7,453753
37747,453753
37746.8,453753
37747.8,453753
37747.7,453753
37749.9,453753
37743.3,453753
37730.3,453753
37732.7,453753
37749.3,453753
37749.2,453753
37748.3,453753
37746.3,453753
37749.3,453753
37747.1,453753
37748.8,453753
37749.8,453753
37748.7,453753
37746.8,453753
37749,453753
37748.4,453753
37738.8,453753
37746.6,453753
37747.8,453753
37747.2,453753
37748.6,453753
37747.5,453753
37746.6,453753
37749.9,453753
37748.2,453753
37747.7,453753
37747.3,453753
37747.6,453753
37745.1,453753
37745.4,453753
37747.5,453753
37749.3,453753
37749.6,453753
37747.8,453753
37746.9,453753
37745.8,453753
37743.5,453753
37748.5,453753
37748.6,453753
37749.3,453753
37749.3,453753
37750.2,453753
37747,453753
37749.6,453753
37750.9,453753
37749.7,453753
37748.9,453753
37749.8,453753
37749.5,453753
37748.3,453753
37749.8,453753
37749.8,453753
37747,453753
37748.4,453753
37748.9,453753
37747.5,453753
37748.8,453753
37746.8,453753
37749.1,453753
37745.7,453753
37748.1,453753
37744.6,453753
37747.5,453753
37744.2,453753
37740.5,453753
37748.5,453753
37747,453753
37748.1,453753
37750.9,453753
37747.8,453753
37747.7,453753
37747.5,453753
37748.2,453753
37748.9,453753
37747.9,453753
37746.3,453753
37745.2,453753
37747.3,453753
37747.9,453753
37747,453753
37749.8,453753
37749.5,453753
37745.6,453753
37749.1,453753
37746.6,453753
37750.2,453753
37749,453753
37747.3,453753
37750.5,453753
37749.3,453753
37749.5,453753
37748.8,453753
37749.4,453753
37749,453753
37749,453753
37748.9,453753
37748.6,453753
37749.6,453753
37748.3,453753
37748.3,453753
37750.1,453753
37750.4,453753
37748.5,453753
37748.9,453753
37748.2,453753
37746.3,453753
37746.6,453753
37749.5,453753
37749.3,453753
37747.1,453753
37743.6,453753
37739.6,453753
37744.1,453753
37747.9,453753
37748.4,453753
37744.8,453753
37749,453753
37748,453753
37746.4,453753
37746.1,453753
37748.7,453753
37746.4,453753
37734.6,453753
37748.5,453753
37748,453753
37748.2,453753
37750,453753
37745.3,453753
37745.2,453753
37747.7,453753
37743.9,453753
37742.8,453753
37746.6,453753
37747.2,453753
37748.5,453753
37748,453753
37749.9,453753
37748,453753
37748.3,453753
37749.1,453753
37749.6,453753
37748.1,453753
37751.1,453753
37749.2,453753
37746.6,453753
37740.2,453753
37750.2,453753
37744.1,453753
37741,453753
37746.5,453753
37747.1,453753
37749.1,453753
37748.1,453753
37747.7,453753
37749.5,453753
37749.7,453753
37747.8,453753
37746.1,453753
37746.1,453753
37748.5,453753
37750.4,453753
37748.2,453753
37746.6,453753
37749.4,453753
37710.8,453753
37650.5,453753
37724.4,453753
37746.9,453753
37746.1,453753
37743.3,453753
37748.8,453753
37746.7,453753
37748.9,453753
37750.4,453753
37748.1,453753
37739.1,453753
37745.9,453753
37745.3,453753
37748.2,453753
37748.8,453753
37748.2,453753
37745.4,453753
37746.9,453753
37745.5,453753
37747.9,453753
37747.7,453753
37747.4,453753
37748.1,453753
37751,453753
37749.4,453753
37746.1,453753
37750.1,453753
37749,453753
37749.8,453753
37753.1,453753
37748.3,453753
37746.5,453753
37749.8,453753
37749.9,453753
37749.7,453753
37747.7,453753
37749.2,453753
37747.3,453753
37748.8,453753
37748.5,453753
37747.6,453753
37747.6,453753
37747.7,453753
37748.2,453753
37743.5,453753
37733.8,453753
37745,453753
37745.9,453753
37744.4,453753
37747.1,453753
37747.4,453753
37747,453753
37746.1,453753
37747.8,453753
37748.7,453753
37749,453753
37747.8,453753
37749.3,453753
37747.9,453753
37741.9,453753
37746.9,453753
37748,453753
37746.8,453753
37747,453753
37748.2,453753
37748.9,453753
37749.1,453753
37748.6,453753
37747.4,453753
37747.7,453753
37749.4,453753
37749.5,453753
37745,453753
37745.4,453753
37749.7,453753
37751.3,453753
37749.2,453753
37749.1,453753
37748.2,453753
37745.7,453753
37749.4,453753
37749.2,453753
37748.9,453753
37749.8,453753
37749.1,453753
37747.9,453753
37748.5,453753
37747.9,453753
37747.2,453753
37748,453753
37748.7,453753
37745.5,453753
37749,453753
37745.3,453753
37746.4,453753
37746.6,453753
37745.8,453753
37747.5,453753
37751.5,453753
37747.9,453753
37747.6,453753
37748.2,453753
37744.1,453753
37746.9,453753
37748.3,453753
37749.2,453753
37748.6,453753
37749.6,453753
37748.8,453753
37750.7,453753
37751.2,453753
37749.7,453753
37749.5,453753
37750.1,453753
37749.7,453753
37748.3,453753
37749.1,453753
37749.9,453753
37748.5,453753
37748.6,453753
37748.7,453753
37747.6,453753
37747.2,453753
37744.9,453753
37745.1,453753
37747,453753
37748.7,453753
37745.5,453753
37748.5,453753
37748.7,453753
37748.1,453753
37746.8,453753
37747.6,453753
37744.9,453753
37749.7,453753
37748.4,453753
37746,453753
37749.9,453753
37748.6,453753
37750.3,453753
37750,453753
37748.8,453753
37750.6,453753
37750.4,453753
37749.4,453753
37748.8,453753
37746.8,453753
37747.6,453753
37752.2,453753
37750.3,453753
37749.7,453753
37750.1,453753
37748.2,453753
37747.6,453753
37745,453753
37748,453753
37744.1,453753
37748,453753
37748.4,453753
37750.1,453753
37748.5,453753
37746.1,453753
37748.4,453753
37749.2,453753
37739.8,453753
37743.8,453753
37746.2,453753
37748.4,453753
37739.6,453753
37748,453753
37746.2,453753
37750.5,453753
37749.9,453753
37750.3,453753
37750.4,453753
37750.5,453753
37748.4,453753
37749.6,453753
37746.6,453753
37746.8,453753
37750.2,453753
37748.6,453753
37749.4,453753
37750,453753
37749.7,453753
37749.3,453753
37749.5,453753
37749.3,453753
37749.2,453753
37749.7,453753
37747.2,453753
37744.8,453753
37749.7,453753
37749.2,453753
37750.6,453753
37747.7,453753
37748.3,453753
37748.8,453753
37748.3,453753
37742.6,453753
37743.9,453753
37746,453753
37749.8,453753
37749.8,453753
37749.7,453753
37749.4,453753
37750.3,453753
37748.5,453753
37750.1,453753
37750.9,453753
37745.5,453753
37743.7,453753
37748,453753
37749.5,453753
37748.3,453753
37746,453753
37749.9,453753
37749.7,453753
37750,453753
37750.5,453753
37746.9,453753
37745.3,453753
37746,453753
37751.3,453753
37749.6,453753
37746.5,453753
37740.3,453753
37744,453753
37738,453753
37749.5,453753
37747,453753
37749.8,453753
37741.2,453753
37749.8,453753
37748.7,453753
37747.9,453753
37750.1,453753
37751.2,453753
37748.8,453753
37750.3,453753
37748.3,453753
37749.3,453753
37745.5,453753
37746.8,453753
37749.8,453753
37751.3,453753
37750.5,453753
37749.9,453753
37749.5,453753
37749.9,453753
37747.2,453753
37748,453753
37749.3,453753
37748.4,453753
37748.6,453753
37747.4,453753
37749,453753
37745.9,453753
37748.1,453753
37748.1,453753
37748.2,453753
37746,453753
37748.8,453753
37750.5,453753
37749.3,453753
37748.5,453753
37748,453753
37749.3,453753
37750.4,453753
37748.7,453753
37750.4,453753
37749.2,453753
37749.9,453753
37748.2,453753
37749.3,453753
37749.1,453753
37748.8,453753
37749.3,453753
37745.6,453753
37739.2,453753
37747.6,453753
37746.2,453753
37749.4,453753
37744.1,453753
37739.3,453753
37745.5,453753
37748.8,453753
37747.8,453753
37744.3,453753
37746.9,453753
37747.8,453753
37740.4,453753
37747.5,453753
37748.8,453753
37749.5,453753
37748.5,453753
37749.8,453753
37737.3,453753
37745.3,453753
37747.7,453753
37747.7,453753
37749.8,453753
37747.4,453753
37750.1,453753
37749.9,453753
37750.8,453753
37748.7,453753
37748.1,453753
37749.4,453753
37748.8,453753
37747.1,453753
37744.8,453753
37744.2,453753
37740.2,453753
37747.5,453753
37749.9,453753
37748.3,453753
37748.8,453753
37749.3,453753
37748.1,453753
37748.5,453753
37750.2,453753
37749.5,453753
37748.9,453753
37751.4,453753
37749.2,453753
37746.6,453753
37750.8,453753
37751.7,453753
37750.4,453753
37749.7,453753
37749.7,453753
37748.5,453753
37749.2,453753
37749.4,453753
37749.1,453753
37748.4,453753
37749.5,453753
37750.6,453753
37749,453753
37748,453753
37746,453753
37749.7,453753
37749.4,453753
37749.7,453753
37749.3,453753
37749,453753
37745.6,453753
37747.4,453753
37750,453753
37747.8,453753
37743.7,453753
37744.7,453753
37750.9,453753
37749.5,453753
37749.4,453753
37752.3,453546
