TRACE,NSNPS_JACKKNIFE
37640.1,453753
37641.1,453753
37640.7,453753
37639.8,453753
37637.7,453753
37640,453753
37638.5,453753
37639.2,453753
37638.4,453753
37636.8,453753
37638.6,453753
37639.9,453753
37641,453753
37640.1,453753
37639.9,453753
37638.9,453753
37638.3,453753
37635.4,453753
37633.7,453753
37635.3,453753
37638.1,453753
37639.1,453753
37639.4,453753
37639,453753
37640.8,453753
37640.4,453753
37637.5,453753
37636.1,453753
37637.7,453753
37636.5,453753
37638,453753
37637.4,453753
37636.4,453753
37637.9,453753
37639.8,453753
37637.4,453753
37637.5,453753
37638.7,453753
37639.3,453753
37640.7,453753
37640.1,453753
37639.4,453753
37638.9,453753
37635.4,453753
37634.5,453753
37638.4,453753
37640.2,453753
37639.1,453753
37639.6,453753
37639.5,453753
37639.4,453753
37636,453753
37636.8,453753
37638.6,453753
37637.2,453753
37638.7,453753
37637.9,453753
37636.9,453753
37637.4,453753
37638.5,453753
37639.8,453753
37639.4,453753
37638.4,453753
37638.6,453753
37639.8,453753
37637.7,453753
37637.9,453753
37637.6,453753
37638.1,453753
37634.8,453753
37634.7,453753
37639.3,453753
37639.5,453753
37641.4,453753
37639.3,453753
37640,453753
37640.4,453753
37639.7,453753
37640.4,453753
37639.1,453753
37634.1,453753
37641.1,453753
37640.5,453753
37640.2,453753
37640.5,453753
37639.5,453753
37640.1,453753
37641,453753
37638.9,453753
37638.8,453753
37637.1,453753
37637.6,453753
37639.1,453753
37625.1,453753
37639.1,453753
37637,453753
37639.2,453753
37639.2,453753
37639.6,453753
37641.4,453753
37638.2,453753
37639.9,453753
37637.2,453753
37637.6,453753
37637.2,453753
37637.2,453753
37640.5,453753
37639.2,453753
37638.4,453753
37638.9,453753
37639.6,453753
37638.3,453753
37638.1,453753
37636.1,453753
37635,453753
37634.3,453753
37637.3,453753
37635.9,453753
37637.1,453753
37635,453753
37638,453753
37640.6,453753
37637.8,453753
37637.6,453753
37639.7,453753
37638.7,453753
37636.4,453753
37636.1,453753
37637.6,453753
37638.7,453753
37637.8,453753
37639.3,453753
37640.2,453753
37638.9,453753
37638,453753
37638.9,453753
37639.1,453753
37640.6,453753
37636.8,453753
37640.4,453753
37633.2,453753
37632.4,453753
37638.2,453753
37637.2,453753
37636.3,453753
37636.2,453753
37638.3,453753
37638,453753
37639.2,453753
37639.1,453753
37639.5,453753
37641.1,453753
37639,453753
37638.1,453753
37639.5,453753
37639.8,453753
37640.7,453753
37639.8,453753
37640.6,453753
37639.2,453753
37638.1,453753
37638,453753
37639.3,453753
37641.4,453753
37640.6,453753
37639.5,453753
37639.5,453753
37640.4,453753
37639.4,453753
37639.8,453753
37636.8,453753
37639.3,453753
37639.5,453753
37640,453753
37640.4,453753
37637.7,453753
37638.8,453753
37638.1,453753
37638.6,453753
37637.8,453753
37635.7,453753
37622.5,453753
37625.6,453753
37639.2,453753
37637.5,453753
37640.9,453753
37639.4,453753
37640.4,453753
37640.4,453753
37639.8,453753
37639,453753
37641,453753
37637.8,453753
37632.7,453753
37632.3,453753
37631.9,453753
37630.9,453753
37636.3,453753
37640.1,453753
37639.7,453753
37637.1,453753
37640.2,453753
37640.1,453753
37637,453753
37637.7,453753
37638.1,453753
37638.3,453753
37639.6,453753
37637.3,453753
37635.1,453753
37637.4,453753
37639.6,453753
37639,453753
37638.4,453753
37634.3,453753
37636.8,453753
37632.7,453753
37632.8,453753
37638.2,453753
37635,453753
37641.1,453753
37641.4,453753
37640.4,453753
37639.8,453753
37638.1,453753
37640.4,453753
37639.1,453753
37640.4,453753
37640.1,453753
37642.1,453753
37636.8,453753
37636.4,453753
37635.4,453753
37640.9,453753
37641,453753
37640.8,453753
37637.9,453753
37641,453753
37637.6,453753
37639.6,453753
37637.3,453753
37640.6,453753
37641,453753
37637.4,453753
37637.9,453753
37637.6,453753
37637.5,453753
37639,453753
37636.9,453753
37635,453753
37636.7,453753
37640.9,453753
37638.2,453753
37635.9,453753
37637,453753
37637.9,453753
37637.4,453753
37637.6,453753
37633.7,453753
37639.9,453753
37640,453753
37635.6,453753
37633.1,453753
37638.7,453753
37636.2,453753
37636.1,453753
37635.5,453753
37636.1,453753
37638.6,453753
37640.2,453753
37638.7,453753
37631.2,453753
37637.7,453753
37638.3,453753
37637.8,453753
37636.1,453753
37639.2,453753
37639.5,453753
37637.2,453753
37632.8,453753
37638.4,453753
37638.2,453753
37639.8,453753
37637.6,453753
37635.4,453753
37639.2,453753
37639.1,453753
37638.8,453753
37640.5,453753
37641.4,453753
37641.4,453753
37639.6,453753
37640.2,453753
37639.4,453753
37640.6,453753
37639.9,453753
37636.8,453753
37639.2,453753
37639.9,453753
37640.7,453753
37639.6,453753
37640,453753
37640.5,453753
37637.3,453753
37640.5,453753
37639.3,453753
37638.3,453753
37639.1,453753
37638.3,453753
37639,453753
37639.2,453753
37639,453753
37635.1,453753
37631.1,453753
37632.9,453753
37637.3,453753
37637.8,453753
37638,453753
37637.6,453753
37639.6,453753
37637.7,453753
37638.5,453753
37638.7,453753
37639.2,453753
37637.7,453753
37636.7,453753
37637.9,453753
37639,453753
37636.7,453753
37638.6,453753
37633.7,453753
37639.6,453753
37638.8,453753
37640,453753
37638.9,453753
37638.6,453753
37637.9,453753
37638.9,453753
37639.8,453753
37635.2,453753
37633.2,453753
37639.1,453753
37631.5,453753
37632.4,453753
37639,453753
37636.4,453753
37639.2,453753
37636.4,453753
37637,453753
37624.1,453753
37637.9,453753
37639.3,453753
37640.6,453753
37641.2,453753
37642,453753
37639.8,453753
37641.1,453753
37640.9,453753
37640.4,453753
37640.2,453753
37639.9,453753
37639.5,453753
37638.1,453753
37640.7,453753
37639.4,453753
37639.1,453753
37639.4,453753
37639.7,453753
37637.5,453753
37639.8,453753
37638.8,453753
37639.3,453753
37636.6,453753
37638.6,453753
37638.6,453753
37638.1,453753
37635.9,453753
37630.2,453753
37634.3,453753
37635.3,453753
37626.6,453753
37630.5,453753
37638.1,453753
37639.3,453753
37636.6,453753
37635.1,453753
37636.8,453753
37633.8,453753
37637.4,453753
37638.5,453753
37640.2,453753
37635.5,453753
37638.6,453753
37638.7,453753
37636.1,453753
37638.1,453753
37638,453753
37634.4,453753
37634.2,453753
37638.1,453753
37638.8,453753
37639.4,453753
37641.4,453753
37638.7,453753
37641,453753
37633.9,453753
37638.2,453753
37636.9,453753
37638.8,453753
37639.7,453753
37639.3,453753
37639.6,453753
37638.2,453753
37638.9,453753
37639.4,453753
37639.7,453753
37640.6,453753
37639.2,453753
37634.4,453753
37635.9,453753
37638.3,453753
37639.6,453753
37639,453753
37637.1,453753
37641.1,453753
37639.2,453753
37640.1,453753
37640.6,453753
37636.6,453753
37637.7,453753
37639.8,453753
37640.3,453753
37633.5,453753
37639.2,453753
37640.5,453753
37637.9,453753
37639.1,453753
37638.9,453753
37639.2,453753
37637.6,453753
37637.2,453753
37636.5,453753
37626.2,453753
37636.6,453753
37638.2,453753
37639.4,453753
37640.1,453753
37640.6,453753
37637.4,453753
37637.1,453753
37638.7,453753
37640.1,453753
37636,453753
37637.8,453753
37640.8,453753
37637.9,453753
37639,453753
37638.8,453753
37637.9,453753
37637.9,453753
37636.9,453753
37637.9,453753
37640,453753
37636.7,453753
37640.3,453753
37640.9,453753
37638.7,453753
37639.6,453753
37640,453753
37640.7,453753
37641.4,453753
37642.2,453753
37640.6,453753
37638.8,453753
37636,453753
37637.8,453753
37639.2,453753
37639.5,453753
37637.2,453753
37633.5,453753
37619,453753
37623,453753
37637.1,453753
37640,453753
37640.7,453753
37638.7,453753
37638.8,453753
37635.9,453753
37638.6,453753
37639,453753
37639.7,453753
37637.3,453753
37639.9,453753
37638.2,453753
37630.7,453753
37638.1,453753
37637.8,453753
37638.2,453753
37639.5,453753
37636.6,453753
37637.5,453753
37639.6,453753
37638.9,453753
37638.5,453753
37636.7,453753
37639.9,453753
37634.8,453753
37636.2,453753
37638.9,453753
37640.4,453753
37637.1,453753
37639.6,453753
37637.1,453753
37632.5,453753
37636.6,453753
37638.9,453753
37639.6,453753
37640.8,453753
37640.6,453753
37641.6,453753
37638.8,453753
37638.7,453753
37641.2,453753
37637.6,453753
37639.2,453753
37640.3,453753
37638.2,453753
37639.6,453753
37640.2,453753
37640.4,453753
37637,453753
37639.7,453753
37640.6,453753
37640,453753
37638.8,453753
37636.3,453753
37640.3,453753
37639.2,453753
37640.2,453753
37635.4,453753
37636.5,453753
37636.3,453753
37632.3,453753
37641.1,453753
37638,453753
37638.3,453753
37640.9,453753
37637.9,453753
37637.2,453753
37639.4,453753
37638.9,453753
37640.6,453753
37639.6,453753
37637.7,453753
37635.3,453753
37637.9,453753
37637.9,453753
37636.8,453753
37639.4,453753
37639.4,453753
37638.6,453753
37638.6,453753
37638.3,453753
37641.3,453753
37639.9,453753
37637.6,453753
37640.5,453753
37640.2,453753
37640.5,453753
37639.6,453753
37639.2,453753
37636.6,453753
37638.8,453753
37639.1,453753
37640.8,453753
37640.4,453753
37639.8,453753
37638.8,453753
37638.5,453753
37640.7,453753
37638.6,453753
37638.7,453753
37636.6,453753
37637.6,453753
37639.9,453753
37636.3,453753
37639.8,453753
37639.6,453753
37634.4,453753
37629.9,453753
37638.4,453753
37639.1,453753
37639.5,453753
37638.3,453753
37639.3,453753
37635.7,453753
37638.7,453753
37638,453753
37640.7,453753
37637.3,453753
37621.8,453753
37638.9,453753
37639.2,453753
37636.7,453753
37639.5,453753
37637.9,453753
37640.1,453753
37639.6,453753
37639.1,453753
37633.9,453753
37638.3,453753
37640,453753
37639,453753
37639.6,453753
37638.9,453753
37637.9,453753
37638.8,453753
37639.7,453753
37639.1,453753
37637.5,453753
37641,453753
37638.2,453753
37637.1,453753
37633,453753
37641.2,453753
37635.3,453753
37633.2,453753
37638.3,453753
37635.7,453753
37640.7,453753
37639.4,453753
37640.2,453753
37640.9,453753
37640.2,453753
37639.7,453753
37635.9,453753
37637.4,453753
37639.4,453753
37641,453753
37638,453753
37638.9,453753
37637.8,453753
37595.1,453753
37534.1,453753
37616.2,453753
37636.4,453753
37637.4,453753
37634.9,453753
37639.6,453753
37635.3,453753
37639.6,453753
37639.9,453753
37638.2,453753
37629.6,453753
37638,453753
37637.4,453753
37638.4,453753
37640.5,453753
37638.9,453753
37637.7,453753
37636.7,453753
37637.4,453753
37637.5,453753
37640.3,453753
37640.3,453753
37640.4,453753
37641.3,453753
37640.3,453753
37635.4,453753
37640.7,453753
37640.6,453753
37639.4,453753
37640.9,453753
37638.8,453753
37639.1,453753
37640.7,453753
37641.6,453753
37638.8,453753
37637.8,453753
37641.4,453753
37638.8,453753
37640.3,453753
37640.2,453753
37638.7,453753
37639.9,453753
37638.8,453753
37638.9,453753
37633.1,453753
37627.2,453753
37634.7,453753
37636.6,453753
37632.8,453753
37635.2,453753
37635.9,453753
37638,453753
37636.9,453753
37639.1,453753
37639.2,453753
37636.9,453753
37638.5,453753
37638.7,453753
37638.3,453753
37632.6,453753
37635.4,453753
37639.1,453753
37638,453753
37636.2,453753
37637.8,453753
37639,453753
37640,453753
37640.4,453753
37634.8,453753
37637.7,453753
37639.3,453753
37641.1,453753
37637.2,453753
37634.7,453753
37640.5,453753
37640.3,453753
37641.3,453753
37641.9,453753
37639.6,453753
37636.5,453753
37640.4,453753
37637.6,453753
37640,453753
37641,453753
37640.6,453753
37640.1,453753
37640.3,453753
37639.3,453753
37638.3,453753
37638.7,453753
37641.9,453753
37636.8,453753
37637.5,453753
37635.9,453753
37637,453753
37638.5,453753
37638.5,453753
37639.8,453753
37640,453753
37639.5,453753
37640.6,453753
37639,453753
37636.6,453753
37639.5,453753
37639.8,453753
37638.1,453753
37638,453753
37638.7,453753
37640.4,453753
37641.3,453753
37640.3,453753
37641,453753
37637.8,453753
37639.2,453753
37638,453753
37639,453753
37639.8,453753
37640.2,453753
37637.6,453753
37640.2,453753
37642.2,453753
37640.6,453753
37636.1,453753
37638.1,453753
37634.7,453753
37637.2,453753
37638.7,453753
37630,453753
37640.9,453753
37636.8,453753
37635.5,453753
37638,453753
37637.1,453753
37638.8,453753
37638.8,453753
37638,453753
37639.1,453753
37638.2,453753
37637.9,453753
37639.3,453753
37639.2,453753
37638.8,453753
37639.9,453753
37639.8,453753
37640.8,453753
37638.6,453753
37636.8,453753
37638.9,453753
37641.6,453753
37641.3,453753
37640.4,453753
37640.4,453753
37641.3,453753
37637.9,453753
37636.7,453753
37639,453753
37637.2,453753
37638.3,453753
37641.2,453753
37640.2,453753
37639.5,453753
37638.9,453753
37638.8,453753
37641,453753
37633.8,453753
37636.3,453753
37639.4,453753
37639.1,453753
37630.6,453753
37641.4,453753
37638.7,453753
37640.1,453753
37641,453753
37640.5,453753
37641.8,453753
37640.9,453753
37640.2,453753
37639.7,453753
37637.8,453753
37639.1,453753
37640.6,453753
37639,453753
37639.2,453753
37639.8,453753
37639.1,453753
37639.6,453753
37640.7,453753
37636.5,453753
37639.3,453753
37640.7,453753
37638.1,453753
37636.1,453753
37640.4,453753
37640.7,453753
37639.8,453753
37638.3,453753
37637.8,453753
37639.5,453753
37637.5,453753
37630.7,453753
37634,453753
37638,453753
37640.1,453753
37642.2,453753
37641,453753
37638.8,453753
37639.1,453753
37640,453753
37640.4,453753
37639.8,453753
37638.5,453753
37634.9,453753
37640.4,453753
37641.4,453753
37638.3,453753
37635.7,453753
37640,453753
37640.5,453753
37640.3,453753
37640,453753
37636.7,453753
37636.1,453753
37635.5,453753
37640.6,453753
37637.9,453753
37638,453753
37635,453753
37635.4,453753
37630,453753
37637.8,453753
37638.1,453753
37642.4,453753
37633.1,453753
37638.3,453753
37640.7,453753
37640,453753
37640.3,453753
37640.5,453753
37638.8,453753
37641.7,453753
37639.8,453753
37639.7,453753
37635.9,453753
37639.5,453753
37641.3,453753
37640.3,453753
37642.7,453753
37639.9,453753
37640,453753
37640.1,453753
37637,453753
37639.3,453753
37641.2,453753
37638.5,453753
37638.9,453753
37638.1,453753
37638.6,453753
37635.5,453753
37638.4,453753
37638.6,453753
37638.7,453753
37634.1,453753
37636.8,453753
37640.1,453753
37640.2,453753
37638.1,453753
37638.7,453753
37640.8,453753
37639.9,453753
37641.2,453753
37640,453753
37639.5,453753
37641,453753
37638.9,453753
37641.3,453753
37640.9,453753
37639.5,453753
37639,453753
37638.4,453753
37630.3,453753
37638.2,453753
37639.4,453753
37639.2,453753
37635.8,453753
37627.8,453753
37638.7,453753
37638.3,453753
37638.1,453753
37634,453753
37635.6,453753
37636.2,453753
37631.5,453753
37637.2,453753
37640.1,453753
37640,453753
37636.1,453753
37640.7,453753
37629.6,453753
37632.6,453753
37638.2,453753
37636.7,453753
37641.4,453753
37638.7,453753
37640.3,453753
37641.1,453753
37641.2,453753
37640.7,453753
37639.5,453753
37641.3,453753
37638.4,453753
37639.2,453753
37638.1,453753
37634,453753
37630.5,453753
37638.2,453753
37638.5,453753
37639.2,453753
37639.6,453753
37638.5,453753
37640.5,453753
37640.3,453753
37641.4,453753
37641.4,453753
37641.5,453753
37640.9,453753
37639.8,453753
37637.5,453753
37640.9,453753
37640.8,453753
37640,453753
37640.2,453753
37640.4,453753
37640.1,453753
37639.4,453753
37637.8,453753
37638,453753
37638.1,453753
37640.6,453753
37639.6,453753
37639.4,453753
37638.5,453753
37635.9,453753
37641,453753
37639.5,453753
37640,453753
37641.1,453753
37639.7,453753
37634.6,453753
37638.6,453753
37639.5,453753
37639.6,453753
37633.5,453753
37633.6,453753
37640.9,453753
37640,453753
37640.2,453753
37641.6,453546
