TRACE,NSNPS_JACKKNIFE
37654.1,453753
37654.3,453753
37652.4,453753
37654,453753
37652.5,453753
37654.5,453753
37651.7,453753
37652.1,453753
37653.7,453753
37652.7,453753
37653.7,453753
37650.7,453753
37654.2,453753
37653,453753
37654.7,453753
37652.6,453753
37649.5,453753
37648.8,453753
37647,453753
37648.6,453753
37652,453753
37653.4,453753
37652.1,453753
37652,453753
37651.9,453753
37652.8,453753
37650.1,453753
37650.6,453753
37651.2,453753
37654,453753
37651.6,453753
37649.7,453753
37652.4,453753
37651.7,453753
37653.5,453753
37652.4,453753
37650.6,453753
37652.2,453753
37653.4,453753
37653.9,453753
37653.6,453753
37652.9,453753
37653.6,453753
37649,453753
37650,453753
37651.7,453753
37652,453753
37652.4,453753
37653.2,453753
37653.3,453753
37652.6,453753
37649.4,453753
37649.9,453753
37651.6,453753
37649.3,453753
37652.3,453753
37652,453753
37648.5,453753
37649.3,453753
37649.3,453753
37651.1,453753
37654.3,453753
37653.9,453753
37652.1,453753
37649.9,453753
37651.6,453753
37652.9,453753
37652.5,453753
37651.1,453753
37651.2,453753
37643.2,453753
37652.7,453753
37653.6,453753
37653.8,453753
37654.5,453753
37653.8,453753
37653.9,453753
37654.2,453753
37653.6,453753
37651.6,453753
37650,453753
37652.1,453753
37653.3,453753
37653.5,453753
37654.5,453753
37652.1,453753
37652.8,453753
37653.5,453753
37653.9,453753
37653.6,453753
37651.1,453753
37650.3,453753
37653.4,453753
37640,453753
37651.4,453753
37651.4,453753
37652.6,453753
37652.3,453753
37654.3,453753
37653.7,453753
37650,453753
37651.5,453753
37651.5,453753
37649,453753
37649.3,453753
37649.3,453753
37652.9,453753
37652.5,453753
37652.4,453753
37652.7,453753
37652.3,453753
37651.2,453753
37650.9,453753
37648.2,453753
37649.6,453753
37648.9,453753
37651.6,453753
37650.4,453753
37648.3,453753
37651.4,453753
37650.6,453753
37653.9,453753
37650.9,453753
37651.4,453753
37651.8,453753
37650.9,453753
37650.8,453753
37652.2,453753
37650.4,453753
37652.2,453753
37650.4,453753
37651.9,453753
37652.2,453753
37651.9,453753
37649.3,453753
37654.6,453753
37653.6,453753
37652.3,453753
37649.9,453753
37653.1,453753
37646.6,453753
37643.5,453753
37651.3,453753
37650.2,453753
37650,453753
37650,453753
37650.2,453753
37651.3,453753
37652.6,453753
37652.6,453753
37653.4,453753
37651.9,453753
37653.1,453753
37652,453753
37652.8,453753
37651.8,453753
37651.8,453753
37653.3,453753
37653.6,453753
37652.4,453753
37650.8,453753
37652.5,453753
37653.2,453753
37654.6,453753
37652.7,453753
37653.1,453753
37655.2,453753
37654.8,453753
37653.9,453753
37653.4,453753
37651.7,453753
37652,453753
37652.2,453753
37654.1,453753
37653.6,453753
37651.7,453753
37653.4,453753
37651.9,453753
37650.4,453753
37651.3,453753
37652.2,453753
37638.3,453753
37642.1,453753
37651.9,453753
37651.9,453753
37653.4,453753
37653.5,453753
37652.7,453753
37652.2,453753
37653.3,453753
37654.8,453753
37653.7,453753
37649.5,453753
37644.1,453753
37645.3,453753
37643,453753
37647.2,453753
37650,453753
37652.1,453753
37652.2,453753
37652.9,453753
37653.1,453753
37651.5,453753
37649.3,453753
37653.3,453753
37652.7,453753
37653.4,453753
37652.3,453753
37650.2,453753
37647.4,453753
37651.4,453753
37651.3,453753
37652.3,453753
37653.2,453753
37651.6,453753
37650.5,453753
37643.3,453753
37644,453753
37647.1,453753
37650,453753
37653.4,453753
37653.6,453753
37653.4,453753
37652.6,453753
37650.1,453753
37653.1,453753
37653.9,453753
37653.6,453753
37653.2,453753
37652,453753
37651.9,453753
37649.4,453753
37649.9,453753
37653.6,453753
37654,453753
37651.3,453753
37650.3,453753
37650.1,453753
37650.2,453753
37652.2,453753
37650.4,453753
37654.8,453753
37655.3,453753
37652.6,453753
37652.5,453753
37651.8,453753
37652.6,453753
37653,453753
37652.4,453753
37649.1,453753
37647.4,453753
37650.2,453753
37652.6,453753
37651.7,453753
37651,453753
37650.4,453753
37652.7,453753
37651,453753
37648.8,453753
37651.1,453753
37654,453753
37650.9,453753
37642.5,453753
37651.6,453753
37651.2,453753
37652,453753
37650.1,453753
37642.5,453753
37653.3,453753
37652.4,453753
37651.2,453753
37645.1,453753
37649.7,453753
37651.6,453753
37649.7,453753
37648.6,453753
37652.5,453753
37652.1,453753
37650.7,453753
37648.8,453753
37653.3,453753
37651.6,453753
37652.6,453753
37651.9,453753
37653.1,453753
37653.1,453753
37652.9,453753
37651.8,453753
37651.6,453753
37652.4,453753
37655,453753
37655.1,453753
37653.9,453753
37652.7,453753
37653.9,453753
37653.4,453753
37651.2,453753
37650.5,453753
37653.8,453753
37652.7,453753
37653.3,453753
37653.5,453753
37654.5,453753
37653.4,453753
37652.7,453753
37654.1,453753
37651.5,453753
37651.7,453753
37652,453753
37655.4,453753
37653.5,453753
37651.8,453753
37649.6,453753
37644.8,453753
37641.1,453753
37651.4,453753
37652.5,453753
37649.2,453753
37650.6,453753
37652.6,453753
37652.2,453753
37653.2,453753
37652,453753
37651.7,453753
37652.7,453753
37652.1,453753
37650.5,453753
37651.9,453753
37651.7,453753
37650.2,453753
37643.6,453753
37649.4,453753
37651.7,453753
37653.9,453753
37652.5,453753
37651.5,453753
37650,453753
37651.7,453753
37652.1,453753
37649.6,453753
37648.9,453753
37651.9,453753
37646.3,453753
37646.3,453753
37651.8,453753
37649.6,453753
37652.3,453753
37650.8,453753
37651.4,453753
37638.8,453753
37652.8,453753
37652.2,453753
37653.2,453753
37654.3,453753
37653.7,453753
37654.5,453753
37654.6,453753
37653.6,453753
37653,453753
37651.3,453753
37652.8,453753
37654.8,453753
37651.7,453753
37652.9,453753
37651.8,453753
37655.1,453753
37651.2,453753
37656,453753
37651.4,453753
37653.5,453753
37653.5,453753
37652.5,453753
37650.4,453753
37653.4,453753
37651.3,453753
37651.4,453753
37649.6,453753
37643.4,453753
37648.8,453753
37650.5,453753
37639.6,453753
37647.3,453753
37649.9,453753
37651.4,453753
37649.8,453753
37648.1,453753
37650.1,453753
37647.5,453753
37650.3,453753
37652.1,453753
37652.6,453753
37649.3,453753
37650.9,453753
37652.9,453753
37651.1,453753
37651.1,453753
37650.2,453753
37646.2,453753
37649.6,453753
37653.3,453753
37652.1,453753
37652.6,453753
37653.2,453753
37651.9,453753
37652.7,453753
37644,453753
37650.5,453753
37651,453753
37651,453753
37653.2,453753
37653.6,453753
37652.7,453753
37652,453753
37654.1,453753
37654.7,453753
37655.3,453753
37652.8,453753
37653.1,453753
37649.3,453753
37651.2,453753
37652.8,453753
37652.4,453753
37652.4,453753
37651.9,453753
37652.7,453753
37651.7,453753
37652.9,453753
37653.4,453753
37649.7,453753
37652.9,453753
37651.8,453753
37652.2,453753
37647.3,453753
37651.2,453753
37653.1,453753
37653.3,453753
37652.2,453753
37652.2,453753
37652.6,453753
37651.7,453753
37651.4,453753
37649.6,453753
37635.8,453753
37651.2,453753
37651.4,453753
37652.5,453753
37653.3,453753
37654.3,453753
37649.4,453753
37650.5,453753
37653.4,453753
37652.8,453753
37650.8,453753
37651.1,453753
37652.3,453753
37651.2,453753
37652.6,453753
37652.5,453753
37650.2,453753
37650.9,453753
37649.1,453753
37651.5,453753
37654.3,453753
37649.8,453753
37654.1,453753
37652.7,453753
37650.4,453753
37653.3,453753
37654.1,453753
37650.3,453753
37653.5,453753
37656,453753
37652.6,453753
37650.3,453753
37651.1,453753
37654,453753
37650.5,453753
37651.9,453753
37652.9,453753
37643.6,453753
37624.3,453753
37633.7,453753
37652.4,453753
37651.1,453753
37653,453753
37651,453753
37652.2,453753
37649.8,453753
37654.1,453753
37653,453753
37653.3,453753
37650.9,453753
37653.3,453753
37651.7,453753
37645.4,453753
37649.8,453753
37652.8,453753
37651.3,453753
37652.2,453753
37649,453753
37651.3,453753
37654.3,453753
37653.4,453753
37651.9,453753
37649.8,453753
37651.9,453753
37649.6,453753
37650.1,453753
37653.2,453753
37654.1,453753
37652,453753
37649.7,453753
37650.8,453753
37647.4,453753
37649.2,453753
37653.5,453753
37651.5,453753
37654.5,453753
37652.8,453753
37654.9,453753
37652.8,453753
37651.5,453753
37651.2,453753
37653.9,453753
37653.7,453753
37654,453753
37652.5,453753
37652.7,453753
37655.1,453753
37653.4,453753
37652.3,453753
37653,453753
37653.7,453753
37653.4,453753
37653.8,453753
37652.3,453753
37653.3,453753
37650.4,453753
37653.1,453753
37651.9,453753
37652,453753
37651.8,453753
37646.3,453753
37653.9,453753
37651.1,453753
37652.3,453753
37653.7,453753
37652.9,453753
37651,453753
37652,453753
37652.6,453753
37654.7,453753
37654.4,453753
37652,453753
37649.9,453753
37652.4,453753
37651.3,453753
37650.3,453753
37652.1,453753
37652.6,453753
37649.9,453753
37652.3,453753
37651.5,453753
37653.6,453753
37649.7,453753
37650.6,453753
37652.5,453753
37650.8,453753
37654.2,453753
37651.6,453753
37654.5,453753
37653.4,453753
37652,453753
37655,453753
37653.3,453753
37653.5,453753
37653.5,453753
37652.4,453753
37652.7,453753
37652.7,453753
37652.4,453753
37653.8,453753
37651.8,453753
37649.4,453753
37652,453753
37650.8,453753
37653.2,453753
37652.5,453753
37648.8,453753
37645.7,453753
37649.7,453753
37653.6,453753
37652.1,453753
37648.4,453753
37652.3,453753
37649.9,453753
37651.5,453753
37651.6,453753
37652.4,453753
37651.6,453753
37631,453753
37653.7,453753
37654,453753
37651.1,453753
37651.5,453753
37652.2,453753
37652.6,453753
37651.3,453753
37649.9,453753
37648.2,453753
37652.1,453753
37649.9,453753
37653.1,453753
37651.8,453753
37654.5,453753
37651.1,453753
37653.2,453753
37652.3,453753
37654.5,453753
37654.2,453753
37654.7,453753
37653.5,453753
37651.5,453753
37643.3,453753
37652.2,453753
37647.3,453753
37646,453753
37651.2,453753
37649.5,453753
37653.1,453753
37651.6,453753
37651.1,453753
37654.5,453753
37652.9,453753
37652.9,453753
37651.4,453753
37651.1,453753
37651.1,453753
37653.2,453753
37651,453753
37652.1,453753
37650.5,453753
37611.1,453753
37536.3,453753
37629.3,453753
37650.6,453753
37649.2,453753
37648.9,453753
37652.6,453753
37650.9,453753
37649.7,453753
37651.8,453753
37650.6,453753
37639.8,453753
37649.8,453753
37649.4,453753
37652.8,453753
37653,453753
37650.8,453753
37650.6,453753
37649.3,453753
37652.3,453753
37652.1,453753
37651.9,453753
37651.4,453753
37653.2,453753
37653.8,453753
37651.6,453753
37649.8,453753
37653.3,453753
37653.7,453753
37653.5,453753
37654.3,453753
37652.2,453753
37652.9,453753
37654.4,453753
37654.5,453753
37652.3,453753
37650.2,453753
37653.2,453753
37654.4,453753
37651.4,453753
37652.7,453753
37652.4,453753
37652.6,453753
37651.9,453753
37653,453753
37648.8,453753
37641,453753
37651,453753
37650.8,453753
37650.7,453753
37649.6,453753
37650.8,453753
37650.3,453753
37650,453753
37651.1,453753
37653.2,453753
37651.8,453753
37651.1,453753
37651.7,453753
37650.9,453753
37648.7,453753
37649.6,453753
37652.7,453753
37652.3,453753
37652.2,453753
37651.9,453753
37652.8,453753
37652.5,453753
37652.6,453753
37652.6,453753
37651.2,453753
37655,453753
37654.1,453753
37651.6,453753
37649.7,453753
37653.7,453753
37654.3,453753
37654.6,453753
37653.9,453753
37650.5,453753
37649.4,453753
37654.8,453753
37652.9,453753
37651.4,453753
37653.3,453753
37654.7,453753
37654.1,453753
37652.3,453753
37653.1,453753
37653.1,453753
37652.6,453753
37654,453753
37651.2,453753
37649,453753
37647.6,453753
37651.7,453753
37650.8,453753
37648.9,453753
37650.9,453753
37653.4,453753
37652.2,453753
37652.1,453753
37651.2,453753
37650.6,453753
37651.6,453753
37652.9,453753
37650.9,453753
37653.6,453753
37652.7,453753
37652.6,453753
37653.2,453753
37654.1,453753
37652.8,453753
37652.2,453753
37652.7,453753
37653.3,453753
37653.1,453753
37654.4,453753
37653.9,453753
37652.3,453753
37654.1,453753
37656.1,453753
37652.5,453753
37649.4,453753
37649.8,453753
37650.4,453753
37651.5,453753
37653.2,453753
37646.6,453753
37652.7,453753
37653,453753
37650.7,453753
37649.7,453753
37650.6,453753
37650.2,453753
37651.6,453753
37651.1,453753
37652.8,453753
37649.3,453753
37652.8,453753
37653.7,453753
37652.4,453753
37651.1,453753
37653.7,453753
37653.3,453753
37653.5,453753
37653.9,453753
37651.1,453753
37650.4,453753
37653.8,453753
37654.6,453753
37654.1,453753
37654.9,453753
37654.5,453753
37651.9,453753
37649.4,453753
37652.7,453753
37647.6,453753
37650.7,453753
37653.2,453753
37651.6,453753
37652.4,453753
37651.1,453753
37652.4,453753
37652.3,453753
37645.9,453753
37649.5,453753
37649.7,453753
37652.2,453753
37647.7,453753
37652.3,453753
37653.3,453753
37654.5,453753
37655.2,453753
37653.9,453753
37654.4,453753
37654.6,453753
37652.2,453753
37653.4,453753
37650.9,453753
37650.7,453753
37654.1,453753
37654.3,453753
37654.3,453753
37653.6,453753
37652.6,453753
37653.2,453753
37654,453753
37650.1,453753
37652.1,453753
37653.3,453753
37652,453753
37650.7,453753
37654.6,453753
37651.8,453753
37652.2,453753
37652.4,453753
37652.7,453753
37652.3,453753
37652.2,453753
37646,453753
37645.9,453753
37650.6,453753
37652,453753
37653.3,453753
37654.2,453753
37652.3,453753
37653.3,453753
37653,453753
37653.9,453753
37652.2,453753
37652.4,453753
37648.9,453753
37650.8,453753
37653.4,453753
37652.5,453753
37650.3,453753
37652.8,453753
37654.6,453753
37655.4,453753
37652.4,453753
37650.7,453753
37650.7,453753
37650.1,453753
37654.6,453753
37654.1,453753
37652.2,453753
37647.5,453753
37646.2,453753
37642.4,453753
37652.8,453753
37652.4,453753
37654,453753
37649.8,453753
37652.2,453753
37652.9,453753
37652.4,453753
37653.6,453753
37654.1,453753
37653,453753
37654.1,453753
37652.5,453753
37651.9,453753
37650.3,453753
37651.4,453753
37653.1,453753
37653.6,453753
37655.5,453753
37652.9,453753
37654.8,453753
37654.2,453753
37651.8,453753
37654.4,453753
37652,453753
37652.3,453753
37652.8,453753
37650,453753
37651.5,453753
37650.7,453753
37650.6,453753
37652.6,453753
37652,453753
37647.2,453753
37652,453753
37653.4,453753
37654.1,453753
37653.4,453753
37652.2,453753
37653.1,453753
37654.1,453753
37654.1,453753
37652.5,453753
37652.8,453753
37654,453753
37653,453753
37653.7,453753
37653.5,453753
37652.4,453753
37650.9,453753
37650,453753
37643.4,453753
37651.6,453753
37651.8,453753
37653.4,453753
37649.3,453753
37644.2,453753
37651,453753
37653.2,453753
37651.8,453753
37645.6,453753
37649.7,453753
37649.2,453753
37642.9,453753
37650.3,453753
37653.1,453753
37654.2,453753
37652,453753
37653.1,453753
37644.5,453753
37647.6,453753
37651.8,453753
37653.3,453753
37653.9,453753
37652.2,453753
37653.3,453753
37654.8,453753
37652.9,453753
37653.4,453753
37652.8,453753
37654.7,453753
37653.1,453753
37651.6,453753
37649.9,453753
37648,453753
37647.6,453753
37652,453753
37653,453753
37652.9,453753
37650.5,453753
37654.5,453753
37652.3,453753
37653.7,453753
37653.9,453753
37654.5,453753
37654.5,453753
37655,453753
37652.7,453753
37651.6,453753
37655.8,453753
37654,453753
37654.5,453753
37653.2,453753
37654.5,453753
37651.8,453753
37651.6,453753
37650.4,453753
37651.5,453753
37652.9,453753
37653.4,453753
37655.9,453753
37653.1,453753
37652.6,453753
37651.2,453753
37653.4,453753
37652.8,453753
37652.9,453753
37653.6,453753
37652.2,453753
37647,453753
37652.3,453753
37654.4,453753
37653.7,453753
37647.8,453753
37649.3,453753
37653.9,453753
37652.4,453753
37654.8,453753
37653.3,453546
