TRACE,NSNPS_JACKKNIFE
37643,453753
37642,453753
37641.1,453753
37639.7,453753
37639.6,453753
37640.2,453753
37637.5,453753
37638.2,453753
37640.7,453753
37640.2,453753
37639.2,453753
37638.4,453753
37641.6,453753
37640.4,453753
37639.9,453753
37640,453753
37639.1,453753
37635.7,453753
37636.5,453753
37637.8,453753
37640.3,453753
37640.5,453753
37640.5,453753
37640.4,453753
37640.6,453753
37638.4,453753
37639.2,453753
37637.9,453753
37639.7,453753
37640.5,453753
37639.4,453753
37637.3,453753
37638.1,453753
37638.4,453753
37639,453753
37639.6,453753
37638.8,453753
37638.2,453753
37639.7,453753
37639.6,453753
37641.4,453753
37641.7,453753
37638.5,453753
37635.1,453753
37637,453753
37638.9,453753
37638.9,453753
37641.2,453753
37640.8,453753
37640.4,453753
37640,453753
37637.8,453753
37638.9,453753
37637.7,453753
37636.4,453753
37639,453753
37640.5,453753
37635.9,453753
37637.3,453753
37638.8,453753
37640.9,453753
37641.1,453753
37641.8,453753
37640.3,453753
37638,453753
37640.3,453753
37639.5,453753
37639.4,453753
37637.9,453753
37638.5,453753
37635.5,453753
37640.5,453753
37641,453753
37642.6,453753
37640.6,453753
37641.2,453753
37641.9,453753
37638.9,453753
37642.4,453753
37637.1,453753
37636.2,453753
37640.7,453753
37641.3,453753
37642.1,453753
37642.9,453753
37641.1,453753
37641.4,453753
37641.5,453753
37640.1,453753
37639.7,453753
37636.5,453753
37637.2,453753
37640,453753
37627.3,453753
37640.4,453753
37639.5,453753
37639.8,453753
37639.8,453753
37639.7,453753
37642.3,453753
37638.8,453753
37637.1,453753
37639.2,453753
37637.1,453753
37637.2,453753
37637.8,453753
37640.8,453753
37639.7,453753
37641,453753
37640.6,453753
37640.9,453753
37640.8,453753
37638.7,453753
37636.2,453753
37635.9,453753
37636.2,453753
37639.6,453753
37640.1,453753
37637.1,453753
37637.3,453753
37637.8,453753
37641.3,453753
37638.3,453753
37638,453753
37640.5,453753
37637.8,453753
37637.6,453753
37638.1,453753
37635.8,453753
37639.7,453753
37639.3,453753
37639.8,453753
37638.6,453753
37639.2,453753
37636.5,453753
37638.3,453753
37639.5,453753
37641,453753
37637.5,453753
37639.8,453753
37633.5,453753
37634.7,453753
37641,453753
37639,453753
37636.6,453753
37637.8,453753
37639.3,453753
37638.6,453753
37640.1,453753
37640.6,453753
37640.5,453753
37638.7,453753
37640.8,453753
37639.1,453753
37639.1,453753
37640.2,453753
37641.4,453753
37639.9,453753
37639.7,453753
37640.5,453753
37639.1,453753
37639,453753
37641.8,453753
37641.8,453753
37642.1,453753
37641.7,453753
37641.7,453753
37640.9,453753
37640.4,453753
37640.2,453753
37638.4,453753
37639.6,453753
37641,453753
37640.1,453753
37639.8,453753
37640.6,453753
37638.2,453753
37637.7,453753
37637,453753
37639.3,453753
37639,453753
37623.4,453753
37627,453753
37640,453753
37638.4,453753
37642.6,453753
37640.3,453753
37640,453753
37641.3,453753
37642.2,453753
37641.8,453753
37642.5,453753
37636.7,453753
37634.3,453753
37632.3,453753
37630.2,453753
37634.5,453753
37636.5,453753
37640.4,453753
37638.9,453753
37638.4,453753
37640.2,453753
37638.6,453753
37637.5,453753
37640.6,453753
37640.5,453753
37638,453753
37640.3,453753
37639.5,453753
37636.9,453753
37640.4,453753
37640.9,453753
37641.6,453753
37641.1,453753
37638.5,453753
37639,453753
37634,453753
37632.2,453753
37637.2,453753
37637.2,453753
37642.5,453753
37641.8,453753
37639.1,453753
37640.2,453753
37638.7,453753
37641.4,453753
37640.9,453753
37640.3,453753
37640.6,453753
37640.3,453753
37638.5,453753
37637.1,453753
37637.2,453753
37641.2,453753
37642,453753
37641.3,453753
37638.6,453753
37639.2,453753
37638,453753
37640,453753
37638.6,453753
37641.1,453753
37641,453753
37640.8,453753
37640.7,453753
37639.7,453753
37639.2,453753
37639.7,453753
37639.9,453753
37635.6,453753
37635.6,453753
37639.7,453753
37640.3,453753
37639,453753
37638.2,453753
37636.9,453753
37639.6,453753
37640.5,453753
37638.8,453753
37639,453753
37640.5,453753
37636.9,453753
37633.7,453753
37640,453753
37640.2,453753
37638.2,453753
37637.2,453753
37633.6,453753
37640.5,453753
37641.4,453753
37639.1,453753
37634.3,453753
37639.2,453753
37639.2,453753
37638.2,453753
37638.1,453753
37640.4,453753
37640.8,453753
37641.4,453753
37635.1,453753
37637.2,453753
37640.3,453753
37639.6,453753
37638,453753
37636.9,453753
37639.8,453753
37640.3,453753
37639.9,453753
37640.6,453753
37641.6,453753
37642.2,453753
37641.2,453753
37640.8,453753
37642,453753
37641.6,453753
37641.5,453753
37639.6,453753
37639.6,453753
37641.7,453753
37640.4,453753
37641.9,453753
37640.8,453753
37642.7,453753
37640,453753
37641.1,453753
37641.8,453753
37640,453753
37640.3,453753
37639.3,453753
37642.1,453753
37640.5,453753
37640.3,453753
37637.1,453753
37633.4,453753
37630.9,453753
37638,453753
37639.4,453753
37636.7,453753
37637.1,453753
37638.4,453753
37641.3,453753
37640.5,453753
37639.1,453753
37640.4,453753
37639.2,453753
37638.8,453753
37638.5,453753
37639.6,453753
37637.8,453753
37638,453753
37629.9,453753
37639.7,453753
37641.1,453753
37641.1,453753
37639.6,453753
37641.6,453753
37639.4,453753
37640.6,453753
37639.5,453753
37637.8,453753
37636.3,453753
37640.2,453753
37634,453753
37631.9,453753
37638.4,453753
37637.5,453753
37640.2,453753
37639.7,453753
37639.7,453753
37627.9,453753
37640.8,453753
37641.1,453753
37640.5,453753
37641.5,453753
37641.5,453753
37641.1,453753
37642.5,453753
37641.4,453753
37639.9,453753
37641.8,453753
37640.3,453753
37641.5,453753
37639.6,453753
37641.5,453753
37639.2,453753
37642,453753
37640.8,453753
37641.4,453753
37639.6,453753
37639.8,453753
37639.8,453753
37638.1,453753
37638.9,453753
37639.2,453753
37639.1,453753
37641.1,453753
37639.1,453753
37632.1,453753
37638.7,453753
37638,453753
37628,453753
37634.7,453753
37636.9,453753
37638.8,453753
37636.2,453753
37635.7,453753
37635.6,453753
37635,453753
37638.8,453753
37641.2,453753
37639.5,453753
37637.7,453753
37639,453753
37639.4,453753
37638.3,453753
37636.3,453753
37636.9,453753
37634.2,453753
37635.4,453753
37639.9,453753
37641.3,453753
37639,453753
37638.8,453753
37640.1,453753
37641.7,453753
37629.5,453753
37639.5,453753
37638.3,453753
37640.1,453753
37640.9,453753
37640.8,453753
37640.4,453753
37640.7,453753
37638.7,453753
37642.9,453753
37642.1,453753
37641.7,453753
37639.6,453753
37637.9,453753
37638.9,453753
37639.6,453753
37639.6,453753
37641.1,453753
37639.7,453753
37639.7,453753
37640.6,453753
37639.9,453753
37640.1,453753
37637,453753
37639.8,453753
37639.8,453753
37640.3,453753
37635.1,453753
37640.2,453753
37641.2,453753
37640.3,453753
37640.4,453753
37638.3,453753
37639.5,453753
37637.1,453753
37637.7,453753
37636.1,453753
37624.8,453753
37639.1,453753
37638.2,453753
37639.3,453753
37640.9,453753
37640.6,453753
37637.1,453753
37636.5,453753
37640.3,453753
37639.3,453753
37636.8,453753
37637.3,453753
37641.8,453753
37639.1,453753
37639.8,453753
37640.2,453753
37637.1,453753
37636.5,453753
37637.4,453753
37639.1,453753
37641,453753
37639.6,453753
37642.9,453753
37641.4,453753
37638.4,453753
37640.4,453753
37640.8,453753
37638.2,453753
37640.3,453753
37642.2,453753
37640.6,453753
37639.5,453753
37638.9,453753
37639.1,453753
37638,453753
37640.4,453753
37641,453753
37634.5,453753
37623.1,453753
37628.4,453753
37638.4,453753
37639.3,453753
37639.4,453753
37639.2,453753
37639.3,453753
37639,453753
37639.3,453753
37641.1,453753
37639.5,453753
37637.3,453753
37640.3,453753
37640,453753
37633.2,453753
37639.1,453753
37638.1,453753
37639,453753
37639.9,453753
37639,453753
37639.3,453753
37640.5,453753
37641,453753
37637.7,453753
37636.9,453753
37639.4,453753
37637.2,453753
37638.6,453753
37639.6,453753
37641.8,453753
37639.7,453753
37640.2,453753
37637,453753
37636.2,453753
37637.4,453753
37639.6,453753
37641.8,453753
37641.5,453753
37639.7,453753
37641.2,453753
37638,453753
37641.4,453753
37641.1,453753
37642,453753
37641.4,453753
37639.4,453753
37640,453753
37639.8,453753
37640.1,453753
37643.3,453753
37639.5,453753
37641.6,453753
37642.5,453753
37641.7,453753
37640.8,453753
37640,453753
37639.4,453753
37638.1,453753
37639.8,453753
37636.2,453753
37639.3,453753
37635,453753
37630,453753
37640.9,453753
37637.2,453753
37638.9,453753
37639.9,453753
37639.4,453753
37640.4,453753
37640.5,453753
37639.8,453753
37641.6,453753
37641.3,453753
37637.2,453753
37636.3,453753
37639,453753
37638.2,453753
37639.4,453753
37641.7,453753
37639.6,453753
37638.1,453753
37640.4,453753
37636.4,453753
37640.7,453753
37639.2,453753
37639.6,453753
37640.2,453753
37639.2,453753
37641.7,453753
37641,453753
37640.2,453753
37640.2,453753
37638.9,453753
37640.4,453753
37640.6,453753
37639.7,453753
37640.1,453753
37639.5,453753
37640.5,453753
37640.4,453753
37639.6,453753
37639.9,453753
37637.6,453753
37640,453753
37638.9,453753
37639.2,453753
37642.3,453753
37639.7,453753
37635.2,453753
37632.3,453753
37639.2,453753
37638.9,453753
37639.2,453753
37637.4,453753
37639.7,453753
37639.7,453753
37639,453753
37637.8,453753
37641.3,453753
37639.3,453753
37620.9,453753
37640.2,453753
37639.1,453753
37638.3,453753
37639.6,453753
37638.5,453753
37639.4,453753
37639.1,453753
37637.8,453753
37636.4,453753
37638.9,453753
37639,453753
37641,453753
37640.1,453753
37641.5,453753
37639.7,453753
37639.7,453753
37639.3,453753
37642.3,453753
37639,453753
37642,453753
37640.6,453753
37640.6,453753
37628.9,453753
37641.7,453753
37635.9,453753
37630.9,453753
37639.3,453753
37638.1,453753
37642,453753
37640,453753
37639.7,453753
37642,453753
37642.2,453753
37638.4,453753
37638.6,453753
37637,453753
37641,453753
37641.2,453753
37640.3,453753
37638.9,453753
37641.6,453753
37602,453753
37555.8,453753
37616.7,453753
37637.7,453753
37635.9,453753
37634.2,453753
37640.5,453753
37638.5,453753
37640.4,453753
37639.2,453753
37639.2,453753
37627.7,453753
37636.5,453753
37639.1,453753
37639.9,453753
37641,453753
37637.5,453753
37637,453753
37637.6,453753
37639.6,453753
37638.9,453753
37640.2,453753
37641,453753
37641.9,453753
37641.3,453753
37640,453753
37639.1,453753
37641.4,453753
37640.5,453753
37639.2,453753
37641.7,453753
37640.3,453753
37641.8,453753
37641.3,453753
37640.7,453753
37640.6,453753
37637.9,453753
37642.2,453753
37639.2,453753
37640.8,453753
37640.3,453753
37640.4,453753
37641.7,453753
37640.6,453753
37639.4,453753
37637.1,453753
37624.6,453753
37639.2,453753
37639.2,453753
37636.2,453753
37636.5,453753
37638,453753
37638.5,453753
37638.7,453753
37639.5,453753
37640.9,453753
37640.7,453753
37639.6,453753
37641.4,453753
37639.3,453753
37636.5,453753
37638,453753
37640.8,453753
37638.8,453753
37639.4,453753
37639.5,453753
37639.8,453753
37640.8,453753
37640.7,453753
37638.8,453753
37638.2,453753
37642.3,453753
37640.8,453753
37637.5,453753
37637,453753
37642.1,453753
37642.5,453753
37642.7,453753
37641.9,453753
37639.3,453753
37635.7,453753
37642.6,453753
37638.9,453753
37639.5,453753
37639.5,453753
37641.3,453753
37641.8,453753
37641,453753
37640.8,453753
37640.9,453753
37639.9,453753
37641.7,453753
37638.6,453753
37637.1,453753
37634.8,453753
37636.8,453753
37637.3,453753
37638.8,453753
37640.7,453753
37642.2,453753
37641.3,453753
37639.4,453753
37637.7,453753
37636.6,453753
37639.6,453753
37641.2,453753
37639.7,453753
37641.8,453753
37641,453753
37642.1,453753
37643,453753
37641.8,453753
37641.4,453753
37639.3,453753
37640.9,453753
37639.7,453753
37640.4,453753
37641.4,453753
37639.5,453753
37640,453753
37641.7,453753
37642.1,453753
37639.9,453753
37638.5,453753
37634.8,453753
37637.4,453753
37638.5,453753
37640.8,453753
37638.2,453753
37640,453753
37638.4,453753
37640.2,453753
37640.6,453753
37638.6,453753
37636.7,453753
37641.4,453753
37638.5,453753
37639.7,453753
37640,453753
37641.3,453753
37642.3,453753
37640.5,453753
37638.4,453753
37643.1,453753
37641.5,453753
37641.1,453753
37641.1,453753
37640.1,453753
37640.5,453753
37642.6,453753
37641.1,453753
37639.4,453753
37642.3,453753
37641.5,453753
37640.2,453753
37636.4,453753
37638.5,453753
37636.4,453753
37639.8,453753
37639.7,453753
37640.3,453753
37640.1,453753
37636.6,453753
37641,453753
37640.7,453753
37632.9,453753
37636.2,453753
37637.5,453753
37640.9,453753
37627.7,453753
37640.2,453753
37640.3,453753
37642.3,453753
37642.2,453753
37642.3,453753
37641.6,453753
37641.9,453753
37639.3,453753
37640.5,453753
37640.3,453753
37639.2,453753
37641.3,453753
37641,453753
37639.7,453753
37640.8,453753
37641.5,453753
37641.2,453753
37641.1,453753
37638.4,453753
37640.8,453753
37641.9,453753
37636.9,453753
37637.1,453753
37640.8,453753
37639.7,453753
37640.7,453753
37638.9,453753
37640.1,453753
37641.2,453753
37641.1,453753
37632.1,453753
37635.1,453753
37637.8,453753
37638.7,453753
37641.9,453753
37641.3,453753
37641.5,453753
37640.2,453753
37641,453753
37640.1,453753
37641.4,453753
37637.5,453753
37635.3,453753
37640.3,453753
37639.4,453753
37639.9,453753
37637,453753
37641.2,453753
37641.3,453753
37642.1,453753
37641.7,453753
37638.1,453753
37636.1,453753
37638.2,453753
37640.2,453753
37640,453753
37639,453753
37635.7,453753
37635.9,453753
37631.7,453753
37640.1,453753
37638.6,453753
37640.9,453753
37636.4,453753
37639.7,453753
37641.7,453753
37641.7,453753
37641.5,453753
37640.9,453753
37639.4,453753
37642.8,453753
37641.3,453753
37641.8,453753
37638.2,453753
37639.9,453753
37642.4,453753
37642.2,453753
37642.4,453753
37640.5,453753
37642.1,453753
37641.6,453753
37639.8,453753
37641.8,453753
37639.6,453753
37640.3,453753
37639.9,453753
37637.7,453753
37639,453753
37637.1,453753
37639.1,453753
37640.4,453753
37641,453753
37636.4,453753
37640.5,453753
37639.6,453753
37641,453753
37638,453753
37639.5,453753
37642.3,453753
37641.8,453753
37640.7,453753
37639.3,453753
37641.6,453753
37641.2,453753
37641.7,453753
37641.1,453753
37642.1,453753
37640.1,453753
37639.6,453753
37637.7,453753
37626.4,453753
37638,453753
37639.1,453753
37637.8,453753
37636.2,453753
37633.7,453753
37638.8,453753
37640.1,453753
37639.2,453753
37634.2,453753
37637.4,453753
37637.1,453753
37633.5,453753
37638.1,453753
37640.8,453753
37641.5,453753
37637.1,453753
37642.2,453753
37627.9,453753
37636.1,453753
37638,453753
37639.6,453753
37642.4,453753
37639.6,453753
37642,453753
37642,453753
37642.4,453753
37640.4,453753
37639.8,453753
37641,453753
37640,453753
37638.5,453753
37638.4,453753
37633.9,453753
37632.7,453753
37640.1,453753
37640,453753
37640.8,453753
37639.2,453753
37640,453753
37641.1,453753
37642.7,453753
37641.1,453753
37641.9,453753
37641.4,453753
37641.8,453753
37640.3,453753
37639.4,453753
37642.8,453753
37640.4,453753
37641.2,453753
37640.2,453753
37640.9,453753
37641.7,453753
37640.8,453753
37638.7,453753
37640.7,453753
37639.4,453753
37641.6,453753
37641.2,453753
37639.7,453753
37640.6,453753
37635.7,453753
37642.7,453753
37641.3,453753
37640.5,453753
37641.8,453753
37639.8,453753
37634.6,453753
37640.5,453753
37642.8,453753
37640.8,453753
37634.5,453753
37636.5,453753
37642.8,453753
37641.1,453753
37641.9,453753
37643,453546
