TRACE,NSNPS_JACKKNIFE
37762.5,453753
37762.9,453753
37761.9,453753
37761.6,453753
37760.5,453753
37762.3,453753
37760.7,453753
37761.4,453753
37762,453753
37760.9,453753
37761,453753
37759.3,453753
37762.6,453753
37759.9,453753
37761.1,453753
37762.4,453753
37759.8,453753
37755.2,453753
37756.3,453753
37757,453753
37760.9,453753
37762.5,453753
37761.1,453753
37761.9,453753
37761.1,453753
37761.2,453753
37759.1,453753
37760.3,453753
37760,453753
37761,453753
37759.9,453753
37759.3,453753
37760.5,453753
37757.8,453753
37762.2,453753
37760.5,453753
37760.9,453753
37759.1,453753
37760.7,453753
37762.6,453753
37762,453753
37760.4,453753
37759.9,453753
37756.7,453753
37759,453753
37761.3,453753
37761.6,453753
37760.8,453753
37762.2,453753
37762.5,453753
37762.8,453753
37757.4,453753
37758.4,453753
37757.9,453753
37756.8,453753
37760.3,453753
37760.8,453753
37757.2,453753
37758.7,453753
37757.6,453753
37760,453753
37761.3,453753
37761.7,453753
37760.9,453753
37761.3,453753
37760.4,453753
37759.9,453753
37760.2,453753
37760.3,453753
37759.9,453753
37754.4,453753
37760.5,453753
37760.7,453753
37761.6,453753
37764.9,453753
37762.4,453753
37763.6,453753
37761.5,453753
37762.1,453753
37762.8,453753
37757.6,453753
37760.3,453753
37762,453753
37763.1,453753
37761.6,453753
37761.5,453753
37763.7,453753
37761.5,453753
37760.6,453753
37761.5,453753
37759.6,453753
37758.9,453753
37761,453753
37747.2,453753
37760.6,453753
37759.2,453753
37759.6,453753
37761.4,453753
37761.3,453753
37761.6,453753
37759,453753
37759.1,453753
37759.3,453753
37757.8,453753
37757.2,453753
37759.1,453753
37760.8,453753
37761.5,453753
37762.1,453753
37759.4,453753
37762.3,453753
37759.7,453753
37759.2,453753
37755.3,453753
37755.9,453753
37758.3,453753
37762.4,453753
37759.8,453753
37759,453753
37758.7,453753
37757.4,453753
37761.4,453753
37759.1,453753
37761,453753
37762.3,453753
37759.2,453753
37759.8,453753
37759.4,453753
37759.2,453753
37759.4,453753
37757.6,453753
37761.8,453753
37761.1,453753
37760.7,453753
37759.3,453753
37760.7,453753
37761.3,453753
37761.9,453753
37760.2,453753
37761.8,453753
37755.1,453753
37752.7,453753
37759.7,453753
37758.3,453753
37758.6,453753
37758.8,453753
37759.9,453753
37760.5,453753
37761,453753
37763.1,453753
37761.2,453753
37761.6,453753
37762.5,453753
37761.5,453753
37761.6,453753
37759.7,453753
37761.7,453753
37761.4,453753
37761.4,453753
37761.7,453753
37761.8,453753
37761.8,453753
37761.3,453753
37762.9,453753
37761.7,453753
37762.1,453753
37761.8,453753
37761.8,453753
37760.4,453753
37762.5,453753
37757.8,453753
37761.2,453753
37758.9,453753
37761.8,453753
37762,453753
37761,453753
37761.6,453753
37761,453753
37759,453753
37759.5,453753
37759.8,453753
37742.3,453753
37747,453753
37760.1,453753
37759.9,453753
37763,453753
37762.1,453753
37760.7,453753
37760.2,453753
37760.2,453753
37762.2,453753
37762.4,453753
37758.8,453753
37750.2,453753
37753.4,453753
37750.8,453753
37755.4,453753
37758.9,453753
37758.7,453753
37759.6,453753
37760.4,453753
37762.7,453753
37760.3,453753
37756.9,453753
37760.7,453753
37761.1,453753
37760.1,453753
37760.9,453753
37760.7,453753
37757.9,453753
37760.7,453753
37761.1,453753
37761.5,453753
37762.6,453753
37759,453753
37760.8,453753
37754.1,453753
37755.1,453753
37757,453753
37754.3,453753
37762.9,453753
37762.2,453753
37761.2,453753
37760.4,453753
37758.7,453753
37762.2,453753
37762.4,453753
37761,453753
37761.5,453753
37763.1,453753
37759.7,453753
37758,453753
37759.5,453753
37762.8,453753
37762.3,453753
37761.7,453753
37759.1,453753
37760.1,453753
37759,453753
37760.9,453753
37759.5,453753
37761.9,453753
37762.8,453753
37761.3,453753
37759.2,453753
37760,453753
37760.4,453753
37761.3,453753
37762.6,453753
37757.2,453753
37755.6,453753
37759.9,453753
37759.6,453753
37760,453753
37759,453753
37758.3,453753
37758.5,453753
37759.5,453753
37754.4,453753
37760.5,453753
37763.7,453753
37760,453753
37754.2,453753
37758.7,453753
37759.5,453753
37759.9,453753
37759,453753
37755.7,453753
37761.3,453753
37758.8,453753
37758.3,453753
37756.9,453753
37760.2,453753
37761.2,453753
37759.4,453753
37759.7,453753
37761.7,453753
37759.9,453753
37761.4,453753
37756.8,453753
37760.1,453753
37759.2,453753
37760.3,453753
37760.5,453753
37760.1,453753
37762.2,453753
37761.6,453753
37760.5,453753
37759.8,453753
37761.9,453753
37762.3,453753
37762.3,453753
37761.4,453753
37762.1,453753
37763.4,453753
37761.9,453753
37761.6,453753
37761.4,453753
37761.7,453753
37761.6,453753
37760.7,453753
37762.7,453753
37763.2,453753
37760.1,453753
37762,453753
37762.3,453753
37759.9,453753
37761.4,453753
37761.6,453753
37762.2,453753
37761.2,453753
37760.6,453753
37759.3,453753
37754.1,453753
37752,453753
37758.1,453753
37760.6,453753
37757.6,453753
37761,453753
37759.7,453753
37759.2,453753
37758.9,453753
37759.4,453753
37761.1,453753
37758.2,453753
37757.7,453753
37757.4,453753
37761.6,453753
37759.9,453753
37758.4,453753
37747.4,453753
37759.9,453753
37762.4,453753
37761.1,453753
37761.1,453753
37760.7,453753
37758.4,453753
37759,453753
37762.4,453753
37758.8,453753
37754.9,453753
37760.4,453753
37753.6,453753
37752.5,453753
37759.9,453753
37759.6,453753
37760.6,453753
37759.1,453753
37757.8,453753
37747.5,453753
37762.2,453753
37760.8,453753
37760.4,453753
37764.3,453753
37763,453753
37763.1,453753
37762.3,453753
37762.8,453753
37761.9,453753
37761.1,453753
37762.4,453753
37763.9,453753
37763.1,453753
37761.6,453753
37761.4,453753
37762.4,453753
37760.6,453753
37764.2,453753
37759.2,453753
37761.6,453753
37761.6,453753
37761,453753
37760.7,453753
37761.6,453753
37759.7,453753
37761.3,453753
37757.7,453753
37752,453753
37757.9,453753
37757.9,453753
37747.9,453753
37755.4,453753
37757.5,453753
37758.9,453753
37757.7,453753
37757.9,453753
37756.2,453753
37755.4,453753
37757.5,453753
37760.1,453753
37759.8,453753
37757.3,453753
37759.2,453753
37761.2,453753
37760.3,453753
37756.6,453753
37759.4,453753
37757.1,453753
37756.2,453753
37761.3,453753
37760.6,453753
37760.1,453753
37761.5,453753
37761.7,453753
37761.7,453753
37750.8,453753
37758.4,453753
37760.1,453753
37760.5,453753
37761.2,453753
37760.5,453753
37761.5,453753
37762.2,453753
37763.9,453753
37761.3,453753
37762.4,453753
37762.4,453753
37760.9,453753
37757.2,453753
37759.7,453753
37760.1,453753
37760.4,453753
37761.6,453753
37758.4,453753
37763,453753
37759.3,453753
37761.3,453753
37760.4,453753
37760.2,453753
37759.1,453753
37761.4,453753
37761.6,453753
37752.5,453753
37759.7,453753
37762.1,453753
37761.8,453753
37761.8,453753
37760.8,453753
37757.9,453753
37758.5,453753
37758.1,453753
37758.3,453753
37749.1,453753
37759.9,453753
37758.7,453753
37761.9,453753
37762.7,453753
37763.3,453753
37760.2,453753
37757.8,453753
37760.7,453753
37761.3,453753
37757.2,453753
37760,453753
37761,453753
37760.1,453753
37760.5,453753
37761.8,453753
37759.6,453753
37757.3,453753
37758,453753
37759.1,453753
37763,453753
37759.2,453753
37762,453753
37761,453753
37759.4,453753
37761.3,453753
37761.2,453753
37761.4,453753
37762.9,453753
37761.8,453753
37760.5,453753
37760,453753
37759.2,453753
37760,453753
37760.3,453753
37761.7,453753
37761.3,453753
37753.4,453753
37738.1,453753
37743.7,453753
37760.2,453753
37760.5,453753
37761,453753
37760.7,453753
37759.9,453753
37757.6,453753
37760.3,453753
37761.9,453753
37762.6,453753
37758.4,453753
37759.9,453753
37760.9,453753
37754.9,453753
37760.3,453753
37762.1,453753
37759.9,453753
37760.9,453753
37760.6,453753
37759.7,453753
37761,453753
37762.4,453753
37759.6,453753
37759.2,453753
37759.7,453753
37759.8,453753
37758.1,453753
37761,453753
37760.7,453753
37761.7,453753
37760.8,453753
37759.5,453753
37755.9,453753
37758.1,453753
37760.2,453753
37761.4,453753
37761.3,453753
37761.5,453753
37763.6,453753
37758.4,453753
37760.4,453753
37761.5,453753
37761,453753
37761.6,453753
37761.6,453753
37761.3,453753
37760.2,453753
37762.4,453753
37762.5,453753
37762.4,453753
37760.8,453753
37761.5,453753
37761.9,453753
37762.2,453753
37758.2,453753
37762.4,453753
37759.8,453753
37762.5,453753
37755.1,453753
37760.1,453753
37757,453753
37754.1,453753
37760.6,453753
37759.3,453753
37759.8,453753
37762.2,453753
37759.2,453753
37760,453753
37760.8,453753
37763,453753
37762,453753
37761.4,453753
37756.7,453753
37756.2,453753
37761.5,453753
37760.8,453753
37759.6,453753
37760.8,453753
37759,453753
37759.6,453753
37759.3,453753
37759.3,453753
37762.1,453753
37760.8,453753
37761,453753
37762.3,453753
37760.4,453753
37760.9,453753
37761.4,453753
37762.5,453753
37759.6,453753
37761.3,453753
37762.7,453753
37761.4,453753
37762.7,453753
37762.2,453753
37760.8,453753
37760.8,453753
37760.9,453753
37761.2,453753
37760.9,453753
37759.7,453753
37759.2,453753
37761.4,453753
37761.1,453753
37761.9,453753
37761.3,453753
37755.7,453753
37753.8,453753
37760.9,453753
37761,453753
37760.4,453753
37757.8,453753
37759.9,453753
37758.8,453753
37759.2,453753
37759,453753
37761.4,453753
37758.5,453753
37738,453753
37760.9,453753
37760.8,453753
37758.6,453753
37761.8,453753
37757.4,453753
37759.1,453753
37761.4,453753
37757.1,453753
37755.9,453753
37760.9,453753
37760.8,453753
37761.3,453753
37762.3,453753
37761.6,453753
37762.3,453753
37761.2,453753
37761.7,453753
37761.6,453753
37759.4,453753
37763.6,453753
37761.1,453753
37759.4,453753
37749.8,453753
37762.5,453753
37757,453753
37754.3,453753
37757.5,453753
37758.1,453753
37762.4,453753
37762,453753
37761.5,453753
37761.9,453753
37762.3,453753
37762.1,453753
37757,453753
37759.7,453753
37760.2,453753
37761,453753
37758.9,453753
37759.5,453753
37760.7,453753
37708.9,453753
37614,453753
37737.6,453753
37759,453753
37756.7,453753
37754.8,453753
37762.7,453753
37758.2,453753
37762.1,453753
37762.8,453753
37760.3,453753
37752.2,453753
37758.5,453753
37758.3,453753
37760.7,453753
37763,453753
37761.7,453753
37759.2,453753
37758.4,453753
37759.4,453753
37760,453753
37760.4,453753
37761,453753
37761.1,453753
37762.8,453753
37761.8,453753
37759,453753
37762.7,453753
37761.7,453753
37762.2,453753
37763.4,453753
37762.3,453753
37761.8,453753
37762.1,453753
37762.5,453753
37761.3,453753
37759.7,453753
37760.3,453753
37760.7,453753
37760.2,453753
37759.4,453753
37762.6,453753
37763.1,453753
37760.2,453753
37761.2,453753
37758.2,453753
37743.6,453753
37759.6,453753
37760.3,453753
37757.1,453753
37758.7,453753
37758.9,453753
37759.5,453753
37759.5,453753
37762.3,453753
37761.5,453753
37760.8,453753
37760,453753
37760.9,453753
37760.3,453753
37753.8,453753
37757.9,453753
37761,453753
37760.3,453753
37757.7,453753
37760.4,453753
37761.4,453753
37758.7,453753
37760.3,453753
37758.8,453753
37761.5,453753
37762.3,453753
37762.1,453753
37761.4,453753
37757,453753
37762.7,453753
37763.1,453753
37762.6,453753
37763.2,453753
37760.9,453753
37758.1,453753
37763.2,453753
37760.1,453753
37760.2,453753
37762.2,453753
37761.1,453753
37762.5,453753
37762.5,453753
37760.9,453753
37760.3,453753
37760.4,453753
37762,453753
37761.2,453753
37759.5,453753
37757.4,453753
37761.3,453753
37759.3,453753
37758.6,453753
37760.2,453753
37761.7,453753
37759.8,453753
37760.2,453753
37759.3,453753
37757.5,453753
37759.6,453753
37760.6,453753
37761.7,453753
37760.5,453753
37762.1,453753
37761.3,453753
37763,453753
37761.1,453753
37762.4,453753
37761.1,453753
37760.9,453753
37761.4,453753
37762.5,453753
37762.2,453753
37761.9,453753
37760.3,453753
37760.6,453753
37763.3,453753
37760.4,453753
37760.4,453753
37758,453753
37756.6,453753
37761.2,453753
37758.8,453753
37755.5,453753
37762.4,453753
37759.4,453753
37761,453753
37759.8,453753
37758.4,453753
37756.8,453753
37761.9,453753
37759.5,453753
37759.4,453753
37761.9,453753
37761.3,453753
37761.2,453753
37761.9,453753
37761,453753
37764.4,453753
37761.7,453753
37761.3,453753
37762.1,453753
37761.5,453753
37761.5,453753
37762.8,453753
37762.1,453753
37762.1,453753
37763.9,453753
37762.1,453753
37759.2,453753
37757.4,453753
37761,453753
37759.2,453753
37761.9,453753
37760.5,453753
37761.3,453753
37760.1,453753
37760.4,453753
37762.3,453753
37762.7,453753
37756.1,453753
37755.6,453753
37759.3,453753
37760.8,453753
37752.8,453753
37759,453753
37761,453753
37762.1,453753
37764.3,453753
37761.6,453753
37762.8,453753
37761.2,453753
37761.1,453753
37761.5,453753
37759.4,453753
37760.2,453753
37763.4,453753
37762,453753
37762.6,453753
37762.1,453753
37761.4,453753
37763.2,453753
37761.4,453753
37760.3,453753
37760.1,453753
37761.9,453753
37756.8,453753
37760.1,453753
37762.6,453753
37761.2,453753
37762.6,453753
37760,453753
37761.1,453753
37762.1,453753
37760.3,453753
37756.1,453753
37756.6,453753
37760.4,453753
37761.7,453753
37761.4,453753
37762.3,453753
37760.3,453753
37761.1,453753
37762.6,453753
37762.7,453753
37762.1,453753
37759.9,453753
37757.5,453753
37761.9,453753
37760.9,453753
37760,453753
37757.3,453753
37763.4,453753
37762.8,453753
37761.8,453753
37761.2,453753
37759.4,453753
37758.5,453753
37758.1,453753
37762.3,453753
37762.6,453753
37758.6,453753
37755.3,453753
37757.3,453753
37752,453753
37760.2,453753
37759.7,453753
37763.8,453753
37756.4,453753
37760.8,453753
37762.6,453753
37763.1,453753
37762.8,453753
37764.3,453753
37762.2,453753
37762.4,453753
37760.8,453753
37762.1,453753
37758.4,453753
37760.6,453753
37762.9,453753
37762.6,453753
37762.8,453753
37762.8,453753
37763.5,453753
37762.1,453753
37758.8,453753
37761.3,453753
37761.1,453753
37761.8,453753
37759.8,453753
37759.4,453753
37759.4,453753
37758.1,453753
37758,453753
37760.4,453753
37761.5,453753
37756.6,453753
37760.7,453753
37763.9,453753
37761,453753
37761,453753
37762,453753
37761.7,453753
37762.9,453753
37763.6,453753
37762.7,453753
37760.8,453753
37762.3,453753
37759.9,453753
37762.1,453753
37762,453753
37760.8,453753
37761.6,453753
37758.3,453753
37753.2,453753
37759.2,453753
37759.2,453753
37761.3,453753
37756.4,453753
37754.6,453753
37760,453753
37762.7,453753
37760.4,453753
37756.1,453753
37758.3,453753
37760,453753
37752.8,453753
37759.8,453753
37761.3,453753
37760.3,453753
37760.7,453753
37762.6,453753
37750.9,453753
37756.2,453753
37761.5,453753
37760.3,453753
37763.2,453753
37757.7,453753
37762.7,453753
37761.9,453753
37761.9,453753
37761.5,453753
37760.7,453753
37762.7,453753
37760.7,453753
37760.1,453753
37757.7,453753
37753.5,453753
37755.9,453753
37761.3,453753
37760.1,453753
37762.2,453753
37759.2,453753
37761.6,453753
37761.4,453753
37762.7,453753
37764.5,453753
37762.8,453753
37762.7,453753
37761.7,453753
37761.5,453753
37759.3,453753
37761.8,453753
37763.3,453753
37763.6,453753
37762.5,453753
37762.3,453753
37760.8,453753
37760.5,453753
37759.6,453753
37761.6,453753
37760.2,453753
37761.9,453753
37762.2,453753
37762,453753
37760.4,453753
37759.3,453753
37762.5,453753
37760.8,453753
37761.7,453753
37761.4,453753
37763.2,453753
37756.2,453753
37761.5,453753
37762.1,453753
37762.5,453753
37755.8,453753
37758.2,453753
37762,453753
37761.4,453753
37762.4,453753
37763.3,453546
