TRACE,NSNPS_JACKKNIFE
37683.3,453753
37684,453753
37682.4,453753
37683.2,453753
37681.5,453753
37681.7,453753
37679.1,453753
37681.9,453753
37682.1,453753
37681.1,453753
37680.9,453753
37680.3,453753
37682.7,453753
37682.4,453753
37682.4,453753
37682.2,453753
37680.7,453753
37675.9,453753
37675.9,453753
37677.9,453753
37682.9,453753
37684.1,453753
37681.3,453753
37681.4,453753
37682.2,453753
37682.1,453753
37680.6,453753
37679.8,453753
37681.2,453753
37681.8,453753
37683,453753
37682.3,453753
37682.4,453753
37681.6,453753
37682,453753
37681.7,453753
37681,453753
37680.7,453753
37683.5,453753
37682.5,453753
37683.3,453753
37681.8,453753
37681.6,453753
37675.8,453753
37677,453753
37679.5,453753
37681.6,453753
37681.1,453753
37682,453753
37682.2,453753
37684.4,453753
37677.9,453753
37681.4,453753
37682.2,453753
37678.1,453753
37682.3,453753
37681.5,453753
37675.7,453753
37680.7,453753
37679.8,453753
37679.8,453753
37683.1,453753
37681.9,453753
37683.3,453753
37682.6,453753
37682.3,453753
37682.2,453753
37680.7,453753
37680,453753
37678.7,453753
37677.7,453753
37683.6,453753
37683.9,453753
37683.6,453753
37682.6,453753
37683,453753
37683.6,453753
37680.7,453753
37684.5,453753
37683.4,453753
37679.3,453753
37682.8,453753
37683.2,453753
37682.4,453753
37684.1,453753
37682.9,453753
37682.8,453753
37683.3,453753
37682.2,453753
37681.9,453753
37678.8,453753
37679,453753
37683,453753
37669.5,453753
37683.9,453753
37681.5,453753
37682.1,453753
37680,453753
37682.6,453753
37683.1,453753
37680.3,453753
37681.4,453753
37681.7,453753
37678.9,453753
37680.4,453753
37680.9,453753
37682.1,453753
37683.2,453753
37681.1,453753
37680.6,453753
37681,453753
37680.5,453753
37679.1,453753
37678.3,453753
37679,453753
37677.8,453753
37681.8,453753
37681.2,453753
37680.3,453753
37678.7,453753
37680.3,453753
37682.7,453753
37680.5,453753
37681,453753
37682.2,453753
37681.8,453753
37680.5,453753
37679.6,453753
37679.3,453753
37681.7,453753
37680.7,453753
37681.4,453753
37680,453753
37682.7,453753
37680.7,453753
37681.2,453753
37682.5,453753
37681.1,453753
37676.3,453753
37681.6,453753
37676.7,453753
37673.7,453753
37680.6,453753
37680.2,453753
37679.8,453753
37679.3,453753
37681.7,453753
37680.2,453753
37682.7,453753
37681.3,453753
37681.9,453753
37682.8,453753
37683.1,453753
37682,453753
37681.7,453753
37681.3,453753
37683.5,453753
37681.7,453753
37683.1,453753
37682.8,453753
37681.3,453753
37681.1,453753
37682.4,453753
37685.3,453753
37683.2,453753
37682.4,453753
37683.5,453753
37684,453753
37682,453753
37682,453753
37680.9,453753
37681.8,453753
37682.9,453753
37682.6,453753
37683.4,453753
37680.3,453753
37681.6,453753
37680.9,453753
37681.1,453753
37681.6,453753
37680,453753
37668.7,453753
37668.3,453753
37682.8,453753
37682.4,453753
37681.8,453753
37682.6,453753
37682.9,453753
37683.9,453753
37680.8,453753
37682.3,453753
37682.7,453753
37678.3,453753
37677.9,453753
37676.9,453753
37670.7,453753
37675.8,453753
37680.3,453753
37682.8,453753
37681.7,453753
37682.2,453753
37682.3,453753
37683.6,453753
37679.6,453753
37681.1,453753
37680.8,453753
37681.6,453753
37682.5,453753
37679.8,453753
37676.8,453753
37684.7,453753
37683.1,453753
37683.7,453753
37682.2,453753
37681,453753
37680.1,453753
37673.8,453753
37676.6,453753
37679.2,453753
37674.5,453753
37684.1,453753
37682.2,453753
37681,453753
37681.6,453753
37679.7,453753
37681.7,453753
37682.2,453753
37682.8,453753
37684.9,453753
37683.3,453753
37682.1,453753
37678.9,453753
37678.9,453753
37684.2,453753
37683.6,453753
37682.7,453753
37681,453753
37679.6,453753
37677.3,453753
37681.9,453753
37681.8,453753
37681.5,453753
37682.9,453753
37681,453753
37681.4,453753
37681.8,453753
37683.2,453753
37682.7,453753
37681.8,453753
37679.2,453753
37677.6,453753
37682.1,453753
37682.7,453753
37680.8,453753
37680.2,453753
37680.9,453753
37680.3,453753
37680,453753
37678.3,453753
37680.6,453753
37683.3,453753
37680.3,453753
37672,453753
37679.8,453753
37682.6,453753
37680.5,453753
37680.4,453753
37675.9,453753
37682.4,453753
37682,453753
37680.3,453753
37675.6,453753
37680.4,453753
37678.8,453753
37681.1,453753
37681.5,453753
37683.7,453753
37682.2,453753
37678.7,453753
37677.3,453753
37681.8,453753
37680,453753
37681.3,453753
37681.4,453753
37681,453753
37684,453753
37682.7,453753
37680.4,453753
37680.5,453753
37682.1,453753
37684.5,453753
37684.3,453753
37684.2,453753
37681.8,453753
37682.9,453753
37682.9,453753
37681.8,453753
37681.6,453753
37683,453753
37683.4,453753
37682.9,453753
37681.7,453753
37684.6,453753
37682.7,453753
37682.6,453753
37684.2,453753
37682,453753
37683,453753
37681.3,453753
37682.9,453753
37682.2,453753
37682.2,453753
37680,453753
37675.2,453753
37671.3,453753
37679.7,453753
37681.3,453753
37679,453753
37679.3,453753
37679.9,453753
37683.5,453753
37682,453753
37681.8,453753
37683.1,453753
37679.6,453753
37681.9,453753
37680.8,453753
37680.5,453753
37680.4,453753
37678.6,453753
37673.4,453753
37682.3,453753
37681,453753
37681.4,453753
37682.5,453753
37681.7,453753
37680.9,453753
37680.6,453753
37683.1,453753
37678.9,453753
37676.9,453753
37682,453753
37674,453753
37675.9,453753
37681.5,453753
37679.7,453753
37682.5,453753
37678.6,453753
37679.3,453753
37667.1,453753
37680.3,453753
37681.6,453753
37682.8,453753
37683.4,453753
37684.1,453753
37684,453753
37683.9,453753
37683.8,453753
37681.4,453753
37682.1,453753
37680.9,453753
37681.9,453753
37682.6,453753
37683.3,453753
37680.7,453753
37683.5,453753
37682.3,453753
37682.6,453753
37682.5,453753
37682.5,453753
37682.3,453753
37682.7,453753
37680.3,453753
37681.8,453753
37679.7,453753
37681.3,453753
37678.1,453753
37675.9,453753
37677.9,453753
37675.5,453753
37667.9,453753
37676.9,453753
37678.6,453753
37680.5,453753
37680.2,453753
37677.8,453753
37676.8,453753
37677.3,453753
37681.1,453753
37683.3,453753
37683,453753
37679.3,453753
37678.7,453753
37681.2,453753
37681.2,453753
37678.2,453753
37680.1,453753
37674.1,453753
37677,453753
37681.4,453753
37680.3,453753
37681.7,453753
37682.1,453753
37681.4,453753
37683.6,453753
37676.7,453753
37680.4,453753
37680.7,453753
37680.9,453753
37682.8,453753
37683.7,453753
37682.3,453753
37681.6,453753
37680.4,453753
37683.4,453753
37683.9,453753
37683.2,453753
37681.3,453753
37677.3,453753
37680.7,453753
37681.7,453753
37682.3,453753
37681.3,453753
37680,453753
37683,453753
37680.9,453753
37683.9,453753
37681.4,453753
37681.2,453753
37682.2,453753
37680.9,453753
37682.2,453753
37675.7,453753
37681.2,453753
37682.9,453753
37681.1,453753
37682.4,453753
37680.9,453753
37680,453753
37679.7,453753
37679.5,453753
37676.8,453753
37667,453753
37678.8,453753
37680.1,453753
37681.6,453753
37683.1,453753
37683.5,453753
37680.6,453753
37677.9,453753
37682,453753
37683,453753
37677.9,453753
37679.3,453753
37683.1,453753
37682,453753
37681,453753
37681,453753
37680,453753
37677.6,453753
37679.5,453753
37680.2,453753
37683.2,453753
37680.5,453753
37684,453753
37683.5,453753
37679.6,453753
37681.9,453753
37683.2,453753
37680.2,453753
37685.6,453753
37684.6,453753
37682.8,453753
37679.1,453753
37680.5,453753
37681.3,453753
37680,453753
37683.4,453753
37685,453753
37677,453753
37663.5,453753
37670.4,453753
37681.2,453753
37681.7,453753
37682.3,453753
37682.6,453753
37681.3,453753
37679.3,453753
37680.9,453753
37680.8,453753
37681.3,453753
37679.2,453753
37681.5,453753
37680.3,453753
37672,453753
37681.1,453753
37682.8,453753
37682.3,453753
37682.8,453753
37679.6,453753
37680.8,453753
37683.1,453753
37683.9,453753
37680.7,453753
37681.7,453753
37681.5,453753
37679.1,453753
37679,453753
37681.8,453753
37684.2,453753
37680.7,453753
37680.8,453753
37682.1,453753
37678.1,453753
37676.4,453753
37682.2,453753
37682.5,453753
37684.2,453753
37683.5,453753
37682.9,453753
37681.2,453753
37682,453753
37683.4,453753
37681.2,453753
37682.9,453753
37682.8,453753
37682.9,453753
37682.8,453753
37684,453753
37682.2,453753
37681.3,453753
37682.2,453753
37683.8,453753
37682.6,453753
37682.8,453753
37680.9,453753
37683.7,453753
37679.9,453753
37683.3,453753
37676.4,453753
37681.6,453753
37675.6,453753
37673.7,453753
37682,453753
37680.3,453753
37683.2,453753
37684.2,453753
37682.6,453753
37682.5,453753
37683.2,453753
37681.3,453753
37682.4,453753
37682.4,453753
37680.8,453753
37678.4,453753
37681.9,453753
37681.7,453753
37682.7,453753
37681.9,453753
37680.3,453753
37678.6,453753
37683.5,453753
37680.8,453753
37681.6,453753
37684,453753
37681.3,453753
37682.9,453753
37682.3,453753
37683.6,453753
37683.5,453753
37683.5,453753
37680.1,453753
37680.6,453753
37682.6,453753
37683,453753
37682.4,453753
37682.4,453753
37682.5,453753
37682,453753
37680.6,453753
37680.8,453753
37684.1,453753
37680.7,453753
37680.9,453753
37682.4,453753
37682.3,453753
37683.1,453753
37680.7,453753
37678.2,453753
37673.7,453753
37683.1,453753
37680.9,453753
37682.1,453753
37675.3,453753
37682,453753
37680.5,453753
37681.6,453753
37680.2,453753
37682.1,453753
37681.1,453753
37662.4,453753
37683,453753
37683.5,453753
37680.6,453753
37682.3,453753
37680.7,453753
37680.7,453753
37681.7,453753
37680.8,453753
37677.4,453753
37682.3,453753
37681.5,453753
37681.6,453753
37682.7,453753
37683.4,453753
37681.9,453753
37681.7,453753
37682.5,453753
37682.7,453753
37682.8,453753
37683.7,453753
37681.7,453753
37679.5,453753
37670.8,453753
37683.4,453753
37679.1,453753
37675.7,453753
37680.8,453753
37681.2,453753
37683.9,453753
37681,453753
37681.7,453753
37683.7,453753
37683.4,453753
37681.2,453753
37678.6,453753
37682.5,453753
37682.9,453753
37682.1,453753
37681.5,453753
37680.1,453753
37682.2,453753
37644.4,453753
37577.3,453753
37658.6,453753
37678.2,453753
37679.8,453753
37677,453753
37681.3,453753
37679.7,453753
37681.2,453753
37682.6,453753
37681.7,453753
37670,453753
37680.2,453753
37680.3,453753
37679.3,453753
37683.1,453753
37680.3,453753
37681,453753
37679.7,453753
37679.2,453753
37680.9,453753
37682.6,453753
37682.1,453753
37682.9,453753
37684.5,453753
37683,453753
37678.6,453753
37683.5,453753
37683.5,453753
37683.2,453753
37683.7,453753
37680.2,453753
37681.3,453753
37681.8,453753
37683.5,453753
37683.8,453753
37681.4,453753
37684,453753
37682.6,453753
37680.1,453753
37680.7,453753
37681.8,453753
37683.2,453753
37681.6,453753
37682.4,453753
37678,453753
37668.5,453753
37680.1,453753
37680.8,453753
37678.4,453753
37681.6,453753
37681,453753
37681.4,453753
37680.5,453753
37681.9,453753
37683.8,453753
37681.4,453753
37679.3,453753
37682.7,453753
37683.6,453753
37675.6,453753
37676.8,453753
37681.4,453753
37680.5,453753
37680.2,453753
37682.6,453753
37681.9,453753
37680.5,453753
37682.1,453753
37679.9,453753
37679,453753
37682.9,453753
37682.6,453753
37680,453753
37678.5,453753
37683.8,453753
37684.9,453753
37683.6,453753
37684.4,453753
37681.9,453753
37679.2,453753
37683.3,453753
37681.8,453753
37681.7,453753
37683.3,453753
37682.3,453753
37683.4,453753
37682.7,453753
37681.9,453753
37682.7,453753
37683.3,453753
37683.7,453753
37678.9,453753
37681.1,453753
37678.3,453753
37678.9,453753
37681.8,453753
37678.5,453753
37680.1,453753
37682.6,453753
37680.6,453753
37680.7,453753
37681.5,453753
37679.1,453753
37680.8,453753
37682.4,453753
37681.6,453753
37682.4,453753
37682.4,453753
37683.3,453753
37684.9,453753
37684.1,453753
37682.5,453753
37681.7,453753
37682.9,453753
37681.1,453753
37683.5,453753
37682.3,453753
37682.6,453753
37682.1,453753
37683.4,453753
37683.4,453753
37681.2,453753
37679.8,453753
37678.4,453753
37680.3,453753
37681.6,453753
37683.1,453753
37673.3,453753
37682.6,453753
37681.6,453753
37681.5,453753
37681.4,453753
37679.4,453753
37679.4,453753
37682.8,453753
37681.6,453753
37681.5,453753
37682.4,453753
37681.7,453753
37683.6,453753
37681.2,453753
37680.2,453753
37684.6,453753
37683.3,453753
37683.7,453753
37682.8,453753
37678.8,453753
37682.2,453753
37684.4,453753
37684.1,453753
37683.2,453753
37682.5,453753
37683.1,453753
37681.8,453753
37678.3,453753
37682.6,453753
37677.9,453753
37681.7,453753
37681.5,453753
37683.8,453753
37682.8,453753
37682.4,453753
37682.7,453753
37683.3,453753
37675.5,453753
37679.7,453753
37680.9,453753
37682,453753
37674.3,453753
37681.8,453753
37681.7,453753
37683.2,453753
37683.6,453753
37683.8,453753
37684.3,453753
37683.1,453753
37683.6,453753
37683.7,453753
37679,453753
37679.6,453753
37682.8,453753
37683.2,453753
37681.8,453753
37684.1,453753
37683.4,453753
37682.3,453753
37683.4,453753
37680.6,453753
37682.5,453753
37683.5,453753
37678.9,453753
37678,453753
37683,453753
37682.1,453753
37681.8,453753
37680.8,453753
37680.9,453753
37681.6,453753
37681.2,453753
37673.8,453753
37677.2,453753
37678.7,453753
37680.8,453753
37684.9,453753
37682.1,453753
37682.1,453753
37683.2,453753
37681.4,453753
37682.8,453753
37683.4,453753
37680.7,453753
37678.1,453753
37681.6,453753
37683.7,453753
37681.8,453753
37680.5,453753
37684.5,453753
37682,453753
37684.3,453753
37682.3,453753
37682.3,453753
37679.5,453753
37679,453753
37683.8,453753
37681.5,453753
37680.3,453753
37675.6,453753
37676.5,453753
37670.4,453753
37682.7,453753
37682,453753
37684.1,453753
37675.5,453753
37681.7,453753
37682.8,453753
37681.6,453753
37683.4,453753
37684.7,453753
37682.9,453753
37682.9,453753
37682.2,453753
37681.5,453753
37681.5,453753
37680.4,453753
37683,453753
37685.5,453753
37684.2,453753
37683,453753
37684.1,453753
37683.2,453753
37681.2,453753
37682.1,453753
37682.8,453753
37681.7,453753
37679.5,453753
37682.2,453753
37681.5,453753
37680,453753
37679.7,453753
37680.4,453753
37682.1,453753
37679.9,453753
37681.7,453753
37682,453753
37681.8,453753
37682.2,453753
37682.7,453753
37683.5,453753
37682.1,453753
37683.2,453753
37683,453753
37683.8,453753
37682,453753
37681.3,453753
37683.2,453753
37682.8,453753
37682.8,453753
37682.4,453753
37680,453753
37671,453753
37681.1,453753
37680.7,453753
37682.2,453753
37678.6,453753
37675,453753
37680.1,453753
37683.7,453753
37682.9,453753
37675.4,453753
37679.8,453753
37680.3,453753
37673.9,453753
37680.2,453753
37683.8,453753
37684.9,453753
37681.5,453753
37683.9,453753
37673.2,453753
37675.5,453753
37679.8,453753
37681.8,453753
37682.5,453753
37681.7,453753
37684.2,453753
37683,453753
37683.7,453753
37684.6,453753
37682,453753
37681.9,453753
37682.5,453753
37680.9,453753
37681.2,453753
37677.7,453753
37676.8,453753
37680.4,453753
37681.8,453753
37681.9,453753
37681.8,453753
37684.6,453753
37683.1,453753
37682.7,453753
37682.6,453753
37683.3,453753
37684.1,453753
37683.3,453753
37683.2,453753
37682.5,453753
37684.1,453753
37684.8,453753
37683.8,453753
37682.6,453753
37683,453753
37683.2,453753
37682.5,453753
37681.6,453753
37682.9,453753
37681.3,453753
37681.9,453753
37683.1,453753
37681.5,453753
37681,453753
37678.2,453753
37682.3,453753
37684.7,453753
37682,453753
37683.7,453753
37683,453753
37678.1,453753
37682.1,453753
37684.2,453753
37684,453753
37676.8,453753
37677.1,453753
37684.2,453753
37682.9,453753
37683.3,453753
37684,453546
