TRACE,NSNPS_JACKKNIFE
37724.1,453753
37725.8,453753
37722.9,453753
37722.9,453753
37721.5,453753
37723.5,453753
37721.4,453753
37720.5,453753
37723.1,453753
37723,453753
37721.8,453753
37718.1,453753
37723.7,453753
37722,453753
37723.5,453753
37722.3,453753
37721.3,453753
37715.9,453753
37719.4,453753
37719.7,453753
37721.8,453753
37723.9,453753
37722,453753
37724.2,453753
37722.6,453753
37722.2,453753
37721.4,453753
37718.5,453753
37722.8,453753
37722,453753
37721.4,453753
37721.6,453753
37722.3,453753
37721.9,453753
37722.7,453753
37721.5,453753
37721.9,453753
37720.2,453753
37722.1,453753
37723.5,453753
37725,453753
37722.7,453753
37722,453753
37717.4,453753
37718.8,453753
37720.6,453753
37722.2,453753
37720.9,453753
37722.7,453753
37723.8,453753
37723.9,453753
37716,453753
37720.7,453753
37719.6,453753
37720.6,453753
37722.9,453753
37722,453753
37720.9,453753
37721.9,453753
37719.8,453753
37724.2,453753
37723.3,453753
37724.7,453753
37721.5,453753
37722.3,453753
37723.1,453753
37721,453753
37720.8,453753
37719,453753
37721.4,453753
37716.4,453753
37723.6,453753
37722.6,453753
37722.8,453753
37723,453753
37723.3,453753
37724.3,453753
37721.2,453753
37723.7,453753
37723,453753
37720.2,453753
37724.4,453753
37723.6,453753
37725.7,453753
37724.1,453753
37723.5,453753
37722.6,453753
37724,453753
37723,453753
37722.7,453753
37720.1,453753
37719.7,453753
37720.6,453753
37708.7,453753
37723,453753
37719.5,453753
37722.8,453753
37721.5,453753
37723.7,453753
37723.9,453753
37722.6,453753
37721.2,453753
37721.1,453753
37717.4,453753
37719.7,453753
37718.2,453753
37723,453753
37722.9,453753
37722.7,453753
37722.9,453753
37722.9,453753
37721.3,453753
37719.6,453753
37718.5,453753
37719.2,453753
37720,453753
37721.8,453753
37723.4,453753
37719,453753
37719.4,453753
37721.6,453753
37722.4,453753
37720.8,453753
37721.3,453753
37722,453753
37722.3,453753
37721.5,453753
37720.6,453753
37720.7,453753
37720.7,453753
37721,453753
37720.2,453753
37721.3,453753
37722.1,453753
37720.4,453753
37722.8,453753
37722.5,453753
37722,453753
37719.6,453753
37724,453753
37716.9,453753
37715.3,453753
37722,453753
37719.6,453753
37719.7,453753
37720.3,453753
37722.6,453753
37724.2,453753
37721.8,453753
37722.6,453753
37721.4,453753
37721.8,453753
37724.9,453753
37723.3,453753
37722.6,453753
37721.4,453753
37722.6,453753
37724.6,453753
37723.6,453753
37723.3,453753
37722,453753
37722.8,453753
37723.1,453753
37723.4,453753
37723.8,453753
37724.6,453753
37723.3,453753
37722.2,453753
37722.7,453753
37721.6,453753
37720.4,453753
37721.9,453753
37722.9,453753
37723.2,453753
37722.5,453753
37721.3,453753
37723.2,453753
37720.9,453753
37720.3,453753
37720.3,453753
37721.4,453753
37706.8,453753
37709.3,453753
37721.6,453753
37720.6,453753
37723.6,453753
37722,453753
37723.1,453753
37723.6,453753
37723.4,453753
37724.1,453753
37723.5,453753
37719.2,453753
37714.6,453753
37714.2,453753
37711.8,453753
37713.5,453753
37719.7,453753
37722.6,453753
37720.9,453753
37720.8,453753
37723.1,453753
37722.2,453753
37718.3,453753
37721.8,453753
37724.2,453753
37720.5,453753
37724.1,453753
37721.5,453753
37719.5,453753
37721.8,453753
37722.6,453753
37721.7,453753
37722.4,453753
37721.2,453753
37721,453753
37717.2,453753
37716.3,453753
37719.3,453753
37716.1,453753
37723.5,453753
37723.3,453753
37721.1,453753
37722.2,453753
37722.6,453753
37723.3,453753
37724.5,453753
37724.5,453753
37723.4,453753
37723.4,453753
37722.5,453753
37719.2,453753
37719.9,453753
37724.4,453753
37724.5,453753
37723.6,453753
37720.9,453753
37722.2,453753
37716.3,453753
37723.1,453753
37721.6,453753
37723.5,453753
37724.4,453753
37723.3,453753
37724,453753
37723.6,453753
37723.5,453753
37723.3,453753
37721.9,453753
37719.3,453753
37718.5,453753
37722.1,453753
37723.8,453753
37721.9,453753
37719.7,453753
37721.4,453753
37721,453753
37719.9,453753
37717.7,453753
37723.1,453753
37723.4,453753
37721.2,453753
37713.9,453753
37718.7,453753
37722.6,453753
37721.1,453753
37721.7,453753
37718,453753
37723.1,453753
37722.9,453753
37722.5,453753
37718,453753
37721.3,453753
37720.8,453753
37722,453753
37719.1,453753
37722.9,453753
37723.2,453753
37720.2,453753
37720.5,453753
37720.3,453753
37721,453753
37724.2,453753
37720.9,453753
37721.2,453753
37723.2,453753
37723.6,453753
37721.8,453753
37723.8,453753
37723.7,453753
37722.3,453753
37722.7,453753
37724.4,453753
37722.7,453753
37722.9,453753
37723.1,453753
37722.7,453753
37723.8,453753
37725.1,453753
37724.3,453753
37724.1,453753
37722.4,453753
37725.2,453753
37722.2,453753
37722.5,453753
37725,453753
37723,453753
37722.9,453753
37721.9,453753
37724.3,453753
37722.5,453753
37721.7,453753
37719.4,453753
37714.5,453753
37712.4,453753
37720.9,453753
37723.4,453753
37720.9,453753
37720.2,453753
37720.2,453753
37723.9,453753
37723.8,453753
37722,453753
37721.3,453753
37721.1,453753
37719.6,453753
37721.2,453753
37720.7,453753
37721.9,453753
37720.7,453753
37713.5,453753
37721.4,453753
37722.2,453753
37724.1,453753
37722,453753
37722.5,453753
37721,453753
37721.7,453753
37722.4,453753
37719.1,453753
37717.2,453753
37722.9,453753
37716.1,453753
37715.5,453753
37721.6,453753
37718.7,453753
37723.1,453753
37721.4,453753
37720.6,453753
37707.6,453753
37722.2,453753
37722.6,453753
37721.9,453753
37724.4,453753
37725.1,453753
37725.4,453753
37725.4,453753
37724.9,453753
37722.9,453753
37723.5,453753
37722.8,453753
37723.7,453753
37722.8,453753
37722.7,453753
37722.5,453753
37724.6,453753
37722.1,453753
37724,453753
37721.9,453753
37724.1,453753
37723.6,453753
37720.8,453753
37722.3,453753
37722.7,453753
37721.5,453753
37722.9,453753
37720.8,453753
37715.1,453753
37720.1,453753
37719.3,453753
37710.5,453753
37714.9,453753
37719.7,453753
37722.7,453753
37718.3,453753
37718.2,453753
37720,453753
37716.4,453753
37720.9,453753
37723.3,453753
37721.8,453753
37721.8,453753
37718.9,453753
37721.1,453753
37720.1,453753
37721.3,453753
37717.9,453753
37716,453753
37718.5,453753
37722.2,453753
37721.6,453753
37722.8,453753
37721.4,453753
37721.7,453753
37724.3,453753
37712.7,453753
37720.2,453753
37720.3,453753
37722.3,453753
37723,453753
37722.2,453753
37722.3,453753
37723,453753
37721.3,453753
37723.9,453753
37725.3,453753
37723.6,453753
37722.6,453753
37722.2,453753
37721.2,453753
37721,453753
37722.3,453753
37723.6,453753
37721.2,453753
37723.9,453753
37723,453753
37724.1,453753
37724.1,453753
37720.5,453753
37722.5,453753
37721.8,453753
37720.2,453753
37718.6,453753
37723,453753
37723.5,453753
37720.4,453753
37721.3,453753
37720.7,453753
37721.7,453753
37720.9,453753
37720.8,453753
37718.3,453753
37705.6,453753
37720.8,453753
37722.2,453753
37723.1,453753
37723.8,453753
37725.4,453753
37720.8,453753
37722.7,453753
37722.8,453753
37721,453753
37719.2,453753
37718.5,453753
37722.9,453753
37722.1,453753
37722.5,453753
37720.9,453753
37718.1,453753
37720.4,453753
37721,453753
37722.2,453753
37724.7,453753
37719.5,453753
37724,453753
37723.4,453753
37721.8,453753
37721.5,453753
37723.5,453753
37720.4,453753
37723.7,453753
37724.7,453753
37723.7,453753
37722,453753
37720.7,453753
37721.5,453753
37721.2,453753
37723.9,453753
37722.8,453753
37712.2,453753
37694.9,453753
37701.5,453753
37723,453753
37722.5,453753
37721.8,453753
37721.3,453753
37722.9,453753
37719.7,453753
37722.3,453753
37723.1,453753
37724.6,453753
37722.5,453753
37721.9,453753
37720.1,453753
37715.4,453753
37720.3,453753
37723.1,453753
37721.3,453753
37721.2,453753
37720.4,453753
37723.6,453753
37723.5,453753
37723.9,453753
37719.8,453753
37721,453753
37722.9,453753
37718.4,453753
37720.5,453753
37722.1,453753
37725.2,453753
37723.4,453753
37720.3,453753
37721.6,453753
37720.4,453753
37716.7,453753
37723.8,453753
37723.9,453753
37722.9,453753
37723.3,453753
37722.3,453753
37721.1,453753
37723,453753
37723.3,453753
37722.3,453753
37723.4,453753
37723.8,453753
37723.8,453753
37722.8,453753
37723.7,453753
37723.6,453753
37721.4,453753
37724.1,453753
37724.9,453753
37723.6,453753
37722.1,453753
37720.6,453753
37722.3,453753
37722.3,453753
37723.7,453753
37717.4,453753
37720.9,453753
37719.7,453753
37716.3,453753
37721.7,453753
37721.3,453753
37722.5,453753
37723.5,453753
37720.7,453753
37722,453753
37723.5,453753
37723.6,453753
37724.9,453753
37722.5,453753
37719.6,453753
37719.4,453753
37721.9,453753
37721.9,453753
37721.6,453753
37723.5,453753
37721.6,453753
37719,453753
37722.6,453753
37721.6,453753
37722.4,453753
37720.8,453753
37721.6,453753
37722.9,453753
37723.5,453753
37723.5,453753
37723.1,453753
37725.5,453753
37719.9,453753
37723.2,453753
37722.9,453753
37723.9,453753
37723.3,453753
37723.8,453753
37724,453753
37722.6,453753
37724.2,453753
37722.5,453753
37723.7,453753
37722.5,453753
37721.8,453753
37723.3,453753
37722.9,453753
37722.4,453753
37720.1,453753
37717.5,453753
37714.1,453753
37720.6,453753
37721.7,453753
37723.3,453753
37719.5,453753
37721.4,453753
37721.1,453753
37720.5,453753
37722.5,453753
37723,453753
37719.9,453753
37706.5,453753
37724.2,453753
37724.3,453753
37719.6,453753
37723.7,453753
37718.8,453753
37720.9,453753
37723.5,453753
37719.2,453753
37716.2,453753
37722.3,453753
37721.9,453753
37724.1,453753
37720.8,453753
37722.8,453753
37721.5,453753
37723.1,453753
37721,453753
37722.9,453753
37722.6,453753
37724.5,453753
37722.5,453753
37721.8,453753
37711.7,453753
37724.6,453753
37720.9,453753
37714.8,453753
37721.5,453753
37721.8,453753
37724.1,453753
37722.5,453753
37724.4,453753
37724.9,453753
37723.9,453753
37722.5,453753
37721.5,453753
37720.9,453753
37722,453753
37723.5,453753
37722.2,453753
37721.7,453753
37722.4,453753
37687.3,453753
37629,453753
37703.9,453753
37720.8,453753
37720.3,453753
37719,453753
37720.7,453753
37723.2,453753
37722.2,453753
37723.6,453753
37720.6,453753
37710.6,453753
37719.2,453753
37718.8,453753
37721.2,453753
37724.6,453753
37721.7,453753
37720.8,453753
37720.4,453753
37721.6,453753
37722.2,453753
37721.2,453753
37724.3,453753
37723,453753
37725,453753
37723.5,453753
37720.9,453753
37723.6,453753
37722.7,453753
37723.6,453753
37723.3,453753
37723.2,453753
37722.8,453753
37723.3,453753
37722.7,453753
37722.7,453753
37720.8,453753
37723.7,453753
37724,453753
37724,453753
37721.9,453753
37722.4,453753
37723.8,453753
37721.8,453753
37722.6,453753
37719.2,453753
37707.8,453753
37719.7,453753
37722,453753
37719.5,453753
37721.2,453753
37720.1,453753
37721.4,453753
37720.6,453753
37722,453753
37723.8,453753
37723,453753
37720.8,453753
37722.9,453753
37722.4,453753
37717.5,453753
37718.1,453753
37723.2,453753
37720.7,453753
37720.3,453753
37722.9,453753
37722.1,453753
37722.7,453753
37722.7,453753
37720.5,453753
37721.6,453753
37723.2,453753
37722.9,453753
37719.4,453753
37718.2,453753
37725.7,453753
37724.8,453753
37723.6,453753
37724.3,453753
37722.2,453753
37720.4,453753
37724.9,453753
37723.9,453753
37722.2,453753
37724.5,453753
37722.3,453753
37723.2,453753
37724.2,453753
37721.2,453753
37721,453753
37723.9,453753
37723.6,453753
37718.9,453753
37718.5,453753
37718.2,453753
37720.8,453753
37719.6,453753
37718.7,453753
37720.6,453753
37723.3,453753
37721.3,453753
37721.7,453753
37722,453753
37720.1,453753
37722.3,453753
37721,453753
37723.5,453753
37724,453753
37722.6,453753
37723.5,453753
37723.4,453753
37723.5,453753
37724.7,453753
37723.7,453753
37725.2,453753
37722.3,453753
37725.1,453753
37725.1,453753
37723.2,453753
37723.8,453753
37723,453753
37724.2,453753
37719.9,453753
37720.5,453753
37718.7,453753
37718.6,453753
37722.1,453753
37723.1,453753
37714.1,453753
37722.8,453753
37723.1,453753
37721.9,453753
37719.7,453753
37721.6,453753
37719.1,453753
37723.4,453753
37723.2,453753
37721.3,453753
37722.5,453753
37724.1,453753
37723.5,453753
37722,453753
37723.1,453753
37725.4,453753
37723.4,453753
37724.2,453753
37724,453753
37720.9,453753
37722.3,453753
37724.8,453753
37723.8,453753
37722,453753
37724.9,453753
37724.2,453753
37721.8,453753
37719,453753
37721.5,453753
37720.2,453753
37721.7,453753
37723.2,453753
37724,453753
37722.2,453753
37722.7,453753
37721.6,453753
37724.1,453753
37715.1,453753
37720,453753
37721.5,453753
37722.8,453753
37713.9,453753
37722.1,453753
37722.7,453753
37722.4,453753
37723.9,453753
37723.8,453753
37725.1,453753
37724.2,453753
37722.9,453753
37724,453753
37720.6,453753
37719.8,453753
37724.7,453753
37724.3,453753
37723.5,453753
37722.8,453753
37722.9,453753
37722.3,453753
37723.8,453753
37722,453753
37722.7,453753
37724,453753
37720.7,453753
37720.9,453753
37724.4,453753
37721.3,453753
37722.8,453753
37721.3,453753
37722.8,453753
37723.5,453753
37721.1,453753
37717,453753
37715.3,453753
37720.8,453753
37720.9,453753
37722.4,453753
37723.4,453753
37722.4,453753
37722.1,453753
37722.4,453753
37723.5,453753
37723.4,453753
37722.3,453753
37716.3,453753
37723.5,453753
37724.7,453753
37723,453753
37721,453753
37724.8,453753
37724.5,453753
37725.8,453753
37723.3,453753
37721.9,453753
37718.3,453753
37719.6,453753
37724.2,453753
37721.6,453753
37720.8,453753
37718.3,453753
37715.3,453753
37716.1,453753
37722.3,453753
37721.5,453753
37724.9,453753
37717.9,453753
37724,453753
37722.5,453753
37724,453753
37724,453753
37723.1,453753
37723.4,453753
37723,453753
37723.7,453753
37722.5,453753
37720.3,453753
37722.1,453753
37725.1,453753
37724.6,453753
37724.1,453753
37724.1,453753
37723.5,453753
37722.2,453753
37720.8,453753
37723.8,453753
37723.1,453753
37722.4,453753
37721.6,453753
37722.1,453753
37721.3,453753
37719.9,453753
37721,453753
37723.9,453753
37720.6,453753
37720.9,453753
37722.1,453753
37723.5,453753
37722.4,453753
37721,453753
37723.3,453753
37723.6,453753
37723.3,453753
37723.3,453753
37721.1,453753
37724.2,453753
37722.4,453753
37721,453753
37723.2,453753
37724.2,453753
37723.6,453753
37723.4,453753
37722,453753
37714.2,453753
37720.6,453753
37721.5,453753
37720.6,453753
37718.6,453753
37713.4,453753
37720.1,453753
37722,453753
37721.4,453753
37714.7,453753
37717.9,453753
37720.4,453753
37715,453753
37721.9,453753
37723.3,453753
37723.7,453753
37721.1,453753
37725.4,453753
37713.7,453753
37718.1,453753
37722.3,453753
37721.4,453753
37724.8,453753
37721,453753
37724.9,453753
37724.4,453753
37723.6,453753
37722.4,453753
37723.9,453753
37722.4,453753
37722.9,453753
37721.9,453753
37720.4,453753
37717.7,453753
37717.3,453753
37721.8,453753
37723,453753
37722.8,453753
37722.4,453753
37722.9,453753
37724.8,453753
37724.4,453753
37723,453753
37724.2,453753
37724.5,453753
37723.8,453753
37723.5,453753
37721.7,453753
37725.2,453753
37724.2,453753
37723.9,453753
37721.3,453753
37724.2,453753
37723.2,453753
37722.3,453753
37722.4,453753
37724.5,453753
37723.2,453753
37722.7,453753
37723.3,453753
37721.4,453753
37721.6,453753
37716.9,453753
37723.2,453753
37723.5,453753
37723.1,453753
37724.2,453753
37722.8,453753
37717.3,453753
37720.9,453753
37722.9,453753
37721.7,453753
37718.2,453753
37719.8,453753
37724.6,453753
37722.9,453753
37724.4,453753
37726.7,453546
