TRACE,NSNPS_JACKKNIFE
37675.2,453753
37672.9,453753
37673.1,453753
37672.9,453753
37673.7,453753
37673.6,453753
37670.1,453753
37672,453753
37674.1,453753
37671.9,453753
37672.4,453753
37669.5,453753
37673.7,453753
37670.5,453753
37674.5,453753
37672.8,453753
37672.2,453753
37667.3,453753
37666.1,453753
37669.6,453753
37670.9,453753
37673.6,453753
37672.2,453753
37671.7,453753
37673.1,453753
37672.1,453753
37670.8,453753
37671,453753
37671.9,453753
37671.6,453753
37671.2,453753
37670.3,453753
37672.4,453753
37671.4,453753
37673.1,453753
37673.1,453753
37672.2,453753
37670.5,453753
37673.2,453753
37671.9,453753
37673,453753
37672.5,453753
37671,453753
37667.9,453753
37671.5,453753
37671.1,453753
37673.7,453753
37672.2,453753
37673.7,453753
37674.2,453753
37673.8,453753
37667.9,453753
37671.2,453753
37669.7,453753
37668.8,453753
37672.5,453753
37671.5,453753
37668.3,453753
37672,453753
37669.7,453753
37674,453753
37673.2,453753
37674.2,453753
37673.4,453753
37672.3,453753
37674,453753
37670.9,453753
37670.1,453753
37671.4,453753
37671.2,453753
37667.9,453753
37673.5,453753
37673.3,453753
37673.6,453753
37673.2,453753
37672.8,453753
37673.5,453753
37671.8,453753
37673.2,453753
37673.2,453753
37668.3,453753
37671.7,453753
37672.6,453753
37673.9,453753
37673.1,453753
37673.7,453753
37673.8,453753
37672.1,453753
37675.1,453753
37673.2,453753
37670.3,453753
37669,453753
37672.3,453753
37661.3,453753
37672.6,453753
37669.2,453753
37672.1,453753
37673.7,453753
37674.2,453753
37673.5,453753
37671.6,453753
37671.4,453753
37668.9,453753
37668.1,453753
37669.9,453753
37670.3,453753
37672.2,453753
37673.2,453753
37673,453753
37671,453753
37672.5,453753
37672.1,453753
37672.1,453753
37670.6,453753
37669,453753
37666.6,453753
37673,453753
37672.4,453753
37669.8,453753
37669.9,453753
37670.6,453753
37673.3,453753
37671.4,453753
37673.6,453753
37672.8,453753
37670.6,453753
37671.6,453753
37672.6,453753
37671.1,453753
37671.7,453753
37672.1,453753
37671.8,453753
37670.5,453753
37672.7,453753
37668.8,453753
37670.6,453753
37670.9,453753
37673.1,453753
37671.6,453753
37670.5,453753
37666.9,453753
37667.1,453753
37672,453753
37670.9,453753
37671.7,453753
37669.4,453753
37670,453753
37672.1,453753
37670.6,453753
37673.2,453753
37669.7,453753
37673.7,453753
37672.5,453753
37672.2,453753
37675.6,453753
37673.2,453753
37673.2,453753
37672.7,453753
37674.1,453753
37672.4,453753
37669.6,453753
37671.1,453753
37672.3,453753
37675.6,453753
37673.7,453753
37672.2,453753
37673.4,453753
37673.1,453753
37673.1,453753
37672.5,453753
37672,453753
37673.3,453753
37673.2,453753
37672.3,453753
37673.1,453753
37672,453753
37671.6,453753
37671.6,453753
37670.8,453753
37671.6,453753
37672,453753
37656.8,453753
37657.5,453753
37670.7,453753
37670,453753
37675.5,453753
37673.4,453753
37674.6,453753
37674.1,453753
37673.3,453753
37674.1,453753
37674.2,453753
37669,453753
37663,453753
37665.6,453753
37662.8,453753
37666.6,453753
37671.3,453753
37673.7,453753
37670.6,453753
37671.3,453753
37672.1,453753
37672.1,453753
37671.8,453753
37674.3,453753
37671.3,453753
37671.8,453753
37672.1,453753
37669.4,453753
37667.6,453753
37671.7,453753
37672.5,453753
37673.4,453753
37673.6,453753
37670.1,453753
37671.9,453753
37665.5,453753
37663.5,453753
37668.5,453753
37668.8,453753
37674.5,453753
37673.1,453753
37672.8,453753
37671.8,453753
37669.5,453753
37671.1,453753
37672.2,453753
37674.7,453753
37674.1,453753
37673.4,453753
37672.5,453753
37669.7,453753
37670.4,453753
37674.9,453753
37674.3,453753
37675.1,453753
37670,453753
37672.1,453753
37670.3,453753
37673,453753
37672.2,453753
37674,453753
37673.8,453753
37672.2,453753
37672.4,453753
37671.8,453753
37671.4,453753
37672.2,453753
37673.4,453753
37668.7,453753
37669.4,453753
37672.4,453753
37672.6,453753
37671.4,453753
37670.4,453753
37670.7,453753
37670.7,453753
37671.7,453753
37668.3,453753
37672.1,453753
37673.5,453753
37670.5,453753
37664.3,453753
37670.5,453753
37671.9,453753
37670.4,453753
37671.2,453753
37659.4,453753
37672.2,453753
37671.2,453753
37671.4,453753
37669.3,453753
37671.5,453753
37672.2,453753
37670.5,453753
37668.7,453753
37673.6,453753
37673.2,453753
37669.9,453753
37667.8,453753
37672.6,453753
37671.6,453753
37672,453753
37671.9,453753
37672.5,453753
37672.5,453753
37674.9,453753
37671.6,453753
37671.7,453753
37673.5,453753
37675.2,453753
37673.4,453753
37675.9,453753
37675,453753
37674.5,453753
37673.5,453753
37671.5,453753
37669.7,453753
37673.9,453753
37672.6,453753
37673.1,453753
37672.2,453753
37674.1,453753
37672,453753
37672.6,453753
37674.1,453753
37670.4,453753
37672.8,453753
37671.6,453753
37674.3,453753
37671.9,453753
37670.1,453753
37669.4,453753
37664.2,453753
37661.3,453753
37668.8,453753
37670,453753
37671.9,453753
37670.2,453753
37669.9,453753
37671.6,453753
37672.3,453753
37672.9,453753
37673.7,453753
37672.2,453753
37671.9,453753
37671.4,453753
37672.8,453753
37672.5,453753
37668.8,453753
37663.4,453753
37671.3,453753
37672.4,453753
37673.3,453753
37670.8,453753
37673.3,453753
37671.1,453753
37670.2,453753
37672.8,453753
37669.3,453753
37668.3,453753
37671,453753
37667.7,453753
37667.3,453753
37672.6,453753
37672.4,453753
37671.8,453753
37671.9,453753
37670.4,453753
37656.6,453753
37673.8,453753
37672.8,453753
37671.6,453753
37674.4,453753
37673.4,453753
37673.3,453753
37674.4,453753
37673.5,453753
37672.4,453753
37671.3,453753
37673.6,453753
37674.5,453753
37671.7,453753
37675.3,453753
37674.5,453753
37672.7,453753
37673.5,453753
37673.4,453753
37672.6,453753
37673.9,453753
37672.9,453753
37671.2,453753
37671.2,453753
37672.1,453753
37672,453753
37671.5,453753
37671.2,453753
37665.7,453753
37670.6,453753
37668.7,453753
37657.3,453753
37668.6,453753
37669.1,453753
37672.7,453753
37670.5,453753
37666.4,453753
37667.1,453753
37668.2,453753
37670.9,453753
37673.2,453753
37672.8,453753
37669.4,453753
37672.1,453753
37671.4,453753
37670.4,453753
37670.7,453753
37669.9,453753
37667.5,453753
37668.8,453753
37671.6,453753
37672.6,453753
37672.6,453753
37673.8,453753
37672.6,453753
37674.5,453753
37663.8,453753
37672,453753
37671.3,453753
37672.4,453753
37673.6,453753
37673.5,453753
37674.2,453753
37674.4,453753
37673.1,453753
37672.9,453753
37672.6,453753
37674.1,453753
37671.1,453753
37669.7,453753
37671.5,453753
37671.6,453753
37674.3,453753
37672.5,453753
37672.4,453753
37673.5,453753
37673.6,453753
37672.5,453753
37673.4,453753
37671.1,453753
37672.1,453753
37672.8,453753
37673.6,453753
37666.5,453753
37672.2,453753
37672.6,453753
37671.8,453753
37671.7,453753
37670.6,453753
37672.8,453753
37672,453753
37672.7,453753
37670.3,453753
37656.1,453753
37669.6,453753
37671.8,453753
37672.6,453753
37674.3,453753
37672.7,453753
37668.4,453753
37670.1,453753
37672.7,453753
37672.4,453753
37667.9,453753
37669.8,453753
37672.1,453753
37671.1,453753
37671.8,453753
37671.6,453753
37669.7,453753
37670,453753
37666.8,453753
37671.7,453753
37672.9,453753
37672.9,453753
37673.4,453753
37673.9,453753
37673,453753
37672.8,453753
37673.3,453753
37672.1,453753
37673.9,453753
37674.4,453753
37673.1,453753
37673.4,453753
37669.7,453753
37671.9,453753
37669.2,453753
37672.8,453753
37673.4,453753
37665.7,453753
37651.8,453753
37655.1,453753
37671.6,453753
37674.8,453753
37671.7,453753
37671,453753
37672,453753
37670,453753
37674.6,453753
37671.7,453753
37671.9,453753
37670.3,453753
37672.2,453753
37672.1,453753
37665,453753
37670.2,453753
37672.2,453753
37673.4,453753
37672.2,453753
37673,453753
37671.2,453753
37673,453753
37672.8,453753
37671.8,453753
37668.5,453753
37672.2,453753
37671.9,453753
37671.2,453753
37671.6,453753
37672.8,453753
37672.6,453753
37672.3,453753
37671.9,453753
37668.8,453753
37669.6,453753
37672.6,453753
37671.8,453753
37673.8,453753
37674.1,453753
37672.4,453753
37672.9,453753
37674.7,453753
37672.2,453753
37672.9,453753
37672.8,453753
37675.2,453753
37673.2,453753
37671.4,453753
37675.1,453753
37672.8,453753
37671.7,453753
37674.1,453753
37673.1,453753
37672.7,453753
37672.2,453753
37671.8,453753
37673,453753
37671.1,453753
37671.9,453753
37668,453753
37670.9,453753
37666.9,453753
37665.5,453753
37671.8,453753
37672,453753
37671.4,453753
37672.9,453753
37672.5,453753
37673,453753
37673.7,453753
37673.6,453753
37673.5,453753
37673.7,453753
37669,453753
37669.2,453753
37672,453753
37670.2,453753
37671.3,453753
37673.9,453753
37669.9,453753
37669.4,453753
37671.5,453753
37671.3,453753
37672.8,453753
37672.8,453753
37670.3,453753
37672,453753
37671.4,453753
37674.5,453753
37674.3,453753
37674.9,453753
37671.9,453753
37671.8,453753
37672.4,453753
37675.1,453753
37673,453753
37671.4,453753
37672.1,453753
37673,453753
37672.1,453753
37673.4,453753
37674.5,453753
37670.9,453753
37671.5,453753
37671.3,453753
37672.4,453753
37673.2,453753
37670,453753
37668.9,453753
37664.1,453753
37672.7,453753
37673.4,453753
37675.4,453753
37671.9,453753
37671.4,453753
37671.9,453753
37671.7,453753
37671.8,453753
37673.8,453753
37672.5,453753
37657.7,453753
37673.3,453753
37671.9,453753
37671.3,453753
37671.9,453753
37671.3,453753
37669.8,453753
37673.9,453753
37673.1,453753
37666.9,453753
37670.9,453753
37673.2,453753
37673.9,453753
37672,453753
37673.7,453753
37672.4,453753
37672.8,453753
37672.5,453753
37673.5,453753
37674,453753
37674.9,453753
37671.7,453753
37671.9,453753
37664.9,453753
37672.2,453753
37668.9,453753
37668.5,453753
37670.3,453753
37672.2,453753
37672.7,453753
37672.3,453753
37672.8,453753
37674,453753
37673.9,453753
37672.8,453753
37671.5,453753
37671.9,453753
37671.9,453753
37673.6,453753
37671.6,453753
37670.2,453753
37671.4,453753
37621.5,453753
37558.5,453753
37647.3,453753
37670.4,453753
37668.8,453753
37669.5,453753
37672.6,453753
37671.8,453753
37672.6,453753
37674.1,453753
37671.2,453753
37661.8,453753
37669,453753
37668.8,453753
37672.2,453753
37674.1,453753
37671.3,453753
37669.9,453753
37669.1,453753
37672.1,453753
37671.8,453753
37672.2,453753
37671.4,453753
37673.1,453753
37674.2,453753
37672.5,453753
37668.9,453753
37674.3,453753
37672.8,453753
37673.6,453753
37674.4,453753
37672.2,453753
37672.8,453753
37673.4,453753
37672.1,453753
37673.5,453753
37672.3,453753
37672.7,453753
37672.4,453753
37669.3,453753
37673.1,453753
37671.4,453753
37674.3,453753
37671.7,453753
37671.9,453753
37668.8,453753
37656.4,453753
37670.9,453753
37670.9,453753
37668.1,453753
37669.7,453753
37669.7,453753
37669.6,453753
37668.6,453753
37672.2,453753
37672.9,453753
37672.9,453753
37672,453753
37673.4,453753
37671.8,453753
37667.6,453753
37668.3,453753
37673.2,453753
37672.4,453753
37670.1,453753
37672.9,453753
37674.7,453753
37673.3,453753
37673.6,453753
37670.8,453753
37671.9,453753
37672.2,453753
37674.6,453753
37672.7,453753
37669.1,453753
37673.9,453753
37675.5,453753
37674.2,453753
37673.4,453753
37673.1,453753
37669.7,453753
37675,453753
37672.4,453753
37672.5,453753
37673.6,453753
37674.8,453753
37673.5,453753
37671.9,453753
37673.1,453753
37672.9,453753
37671.2,453753
37674.1,453753
37671,453753
37670.4,453753
37669,453753
37670.7,453753
37669.7,453753
37670.7,453753
37672.6,453753
37674.1,453753
37671.7,453753
37672.9,453753
37671.8,453753
37668.9,453753
37671.3,453753
37673,453753
37671.4,453753
37672.1,453753
37673.9,453753
37674,453753
37675.6,453753
37673.4,453753
37674,453753
37673.3,453753
37673.9,453753
37671.2,453753
37674.2,453753
37674.2,453753
37672.5,453753
37673,453753
37674.1,453753
37674.7,453753
37672,453753
37669.7,453753
37669,453753
37668.7,453753
37672.2,453753
37672.3,453753
37668.6,453753
37672.2,453753
37670.9,453753
37669.4,453753
37672.8,453753
37669.2,453753
37671.7,453753
37672,453753
37671,453753
37671.3,453753
37673.2,453753
37672.3,453753
37673.3,453753
37672.5,453753
37672.3,453753
37674.7,453753
37674.9,453753
37673.6,453753
37674.5,453753
37670.7,453753
37674.7,453753
37674.5,453753
37675.4,453753
37674.5,453753
37674.1,453753
37673.4,453753
37672.1,453753
37666.9,453753
37670.5,453753
37670.3,453753
37673.6,453753
37671.9,453753
37673.8,453753
37673.2,453753
37672.1,453753
37672.2,453753
37674.2,453753
37665.5,453753
37670.2,453753
37669.5,453753
37672.3,453753
37664.1,453753
37672.2,453753
37671.7,453753
37673.2,453753
37674.8,453753
37672.9,453753
37674.5,453753
37674,453753
37671.4,453753
37672.6,453753
37669.1,453753
37672.1,453753
37675.6,453753
37674,453753
37671.8,453753
37672.7,453753
37672.6,453753
37673,453753
37674,453753
37672.3,453753
37673.1,453753
37673.1,453753
37670.6,453753
37670.1,453753
37674.2,453753
37672.5,453753
37674.9,453753
37672.2,453753
37671.8,453753
37673.3,453753
37672.3,453753
37666.1,453753
37668.1,453753
37671.9,453753
37672,453753
37673.3,453753
37674,453753
37671.9,453753
37673.3,453753
37672,453753
37673.6,453753
37674.9,453753
37671.9,453753
37669.3,453753
37675.8,453753
37673.8,453753
37672.1,453753
37670.1,453753
37674.4,453753
37675.5,453753
37674.6,453753
37673,453753
37671.5,453753
37671.4,453753
37668.9,453753
37674.2,453753
37672.5,453753
37670.7,453753
37667.6,453753
37669.7,453753
37666.5,453753
37673.3,453753
37671.7,453753
37675.1,453753
37667.3,453753
37671.9,453753
37674.7,453753
37673.9,453753
37673,453753
37673.7,453753
37673.5,453753
37673.7,453753
37673.5,453753
37675.2,453753
37670.6,453753
37671.5,453753
37674.8,453753
37675,453753
37674.5,453753
37674.4,453753
37674.4,453753
37673.8,453753
37670.7,453753
37673.2,453753
37672.2,453753
37673.4,453753
37671.1,453753
37670.1,453753
37671.7,453753
37669.6,453753
37672.1,453753
37671.8,453753
37670.9,453753
37668.7,453753
37671.8,453753
37674.3,453753
37672.1,453753
37671.7,453753
37672.5,453753
37672.7,453753
37672.8,453753
37673.7,453753
37672.6,453753
37673.7,453753
37674.2,453753
37671.4,453753
37672.1,453753
37674.7,453753
37673.3,453753
37673,453753
37669.7,453753
37661.2,453753
37672.5,453753
37672.4,453753
37672.2,453753
37668.8,453753
37663.9,453753
37672,453753
37671.5,453753
37670.8,453753
37667.4,453753
37669.9,453753
37669.8,453753
37661.7,453753
37671.9,453753
37672.7,453753
37673.3,453753
37671.6,453753
37672.9,453753
37659.5,453753
37668.7,453753
37671.5,453753
37671.5,453753
37675.2,453753
37670.3,453753
37674.3,453753
37674.4,453753
37674.1,453753
37672.7,453753
37671.4,453753
37673.3,453753
37672.1,453753
37670.8,453753
37670.6,453753
37667.9,453753
37668.2,453753
37673,453753
37672.4,453753
37673.6,453753
37672.1,453753
37670.5,453753
37673.9,453753
37673.6,453753
37673.7,453753
37673.3,453753
37674.9,453753
37673.7,453753
37670.7,453753
37671.1,453753
37673.5,453753
37674.6,453753
37673.5,453753
37674.3,453753
37673.4,453753
37671.3,453753
37671.3,453753
37672.5,453753
37672.2,453753
37671,453753
37672.4,453753
37673.6,453753
37672,453753
37671.4,453753
37668.7,453753
37673.1,453753
37673.4,453753
37673.5,453753
37674.3,453753
37671.9,453753
37667.1,453753
37671.9,453753
37673.8,453753
37672.8,453753
37667.4,453753
37668.5,453753
37674.2,453753
37673.7,453753
37674.1,453753
37674.7,453546
