TRACE,NSNPS_JACKKNIFE
37698.4,453753
37697.1,453753
37695.3,453753
37698,453753
37697.6,453753
37698.4,453753
37696.6,453753
37696,453753
37697.1,453753
37695.3,453753
37698.3,453753
37693.3,453753
37698,453753
37695.5,453753
37698.3,453753
37697.7,453753
37696,453753
37691,453753
37690.9,453753
37694.9,453753
37695.9,453753
37697.5,453753
37696.1,453753
37696.1,453753
37697.1,453753
37696.2,453753
37695.5,453753
37695.7,453753
37695.8,453753
37696.2,453753
37696,453753
37696,453753
37696.1,453753
37697.1,453753
37697.8,453753
37698,453753
37694.8,453753
37696.7,453753
37697.5,453753
37697.1,453753
37696.7,453753
37698.2,453753
37695.9,453753
37692.8,453753
37694.7,453753
37696.1,453753
37697.4,453753
37697.7,453753
37697.8,453753
37700.3,453753
37697.6,453753
37693.9,453753
37693.8,453753
37695.1,453753
37694.3,453753
37696.6,453753
37696.4,453753
37696,453753
37695.5,453753
37694.9,453753
37698.1,453753
37698.2,453753
37698.1,453753
37697.7,453753
37697.8,453753
37700.3,453753
37697.1,453753
37695.7,453753
37697.1,453753
37695.3,453753
37691.4,453753
37697.1,453753
37698.1,453753
37698.3,453753
37696.3,453753
37698.3,453753
37698.4,453753
37697.7,453753
37698.4,453753
37696.7,453753
37694.5,453753
37697.8,453753
37697.2,453753
37699.6,453753
37698.8,453753
37697.1,453753
37697.4,453753
37699.1,453753
37698.2,453753
37697.2,453753
37696.3,453753
37694.3,453753
37695.7,453753
37680.5,453753
37697.4,453753
37696.7,453753
37696.8,453753
37696.7,453753
37695.8,453753
37696.7,453753
37695.6,453753
37695.9,453753
37694.8,453753
37692.9,453753
37693.8,453753
37695.7,453753
37696,453753
37696.5,453753
37696.5,453753
37696.5,453753
37698.8,453753
37696,453753
37695,453753
37694,453753
37694.5,453753
37695.8,453753
37695.6,453753
37695,453753
37693.8,453753
37693.2,453753
37696,453753
37698,453753
37697.1,453753
37697.2,453753
37697.5,453753
37695.8,453753
37695.7,453753
37697.3,453753
37693.5,453753
37696,453753
37696.5,453753
37694.9,453753
37695.5,453753
37699,453753
37694.2,453753
37696.8,453753
37696.8,453753
37698.2,453753
37694,453753
37695.7,453753
37691.7,453753
37690,453753
37697.6,453753
37695.2,453753
37693.6,453753
37693.5,453753
37694.7,453753
37695.7,453753
37697.3,453753
37696.6,453753
37697.6,453753
37697.4,453753
37698.8,453753
37695.8,453753
37697.4,453753
37697.9,453753
37697.7,453753
37698.7,453753
37697,453753
37697.2,453753
37697.6,453753
37698.1,453753
37698.5,453753
37699.3,453753
37698.5,453753
37699.1,453753
37697,453753
37697.5,453753
37697.1,453753
37697,453753
37696.1,453753
37698.7,453753
37699.2,453753
37697,453753
37698.5,453753
37696.4,453753
37696,453753
37695.5,453753
37695.9,453753
37696.4,453753
37694.4,453753
37680.9,453753
37683.4,453753
37696,453753
37695.4,453753
37698.7,453753
37696.6,453753
37698.9,453753
37698.9,453753
37694.8,453753
37698.7,453753
37698.1,453753
37693.2,453753
37689.6,453753
37688.6,453753
37688.1,453753
37692,453753
37695.3,453753
37696.9,453753
37696.2,453753
37695.7,453753
37698.3,453753
37697.2,453753
37694.2,453753
37694.9,453753
37697.3,453753
37697.2,453753
37696.1,453753
37695.8,453753
37693.6,453753
37695.1,453753
37697.2,453753
37697.8,453753
37698.6,453753
37694.2,453753
37696,453753
37688.8,453753
37689.6,453753
37693.1,453753
37690.6,453753
37698.2,453753
37696.7,453753
37695.9,453753
37698,453753
37694.5,453753
37698.2,453753
37697.9,453753
37698,453753
37698.9,453753
37698.3,453753
37695.2,453753
37693,453753
37695.3,453753
37700.3,453753
37698.8,453753
37697.6,453753
37693.6,453753
37695.6,453753
37692.7,453753
37696,453753
37696.8,453753
37696.8,453753
37698.1,453753
37697.6,453753
37697,453753
37698.1,453753
37695.4,453753
37697.5,453753
37698.2,453753
37696.1,453753
37692.6,453753
37696.4,453753
37696.4,453753
37695.2,453753
37697.1,453753
37695.2,453753
37695.4,453753
37695,453753
37690.7,453753
37696.2,453753
37697.5,453753
37695,453753
37687.6,453753
37694.7,453753
37695.7,453753
37694.5,453753
37696.3,453753
37687.9,453753
37696.1,453753
37697.5,453753
37694.4,453753
37690.7,453753
37695.8,453753
37694.2,453753
37694,453753
37694.5,453753
37697.2,453753
37698.2,453753
37694.7,453753
37692.4,453753
37695.5,453753
37695.1,453753
37695.6,453753
37697.1,453753
37695.3,453753
37697.4,453753
37697.6,453753
37697,453753
37698.6,453753
37698,453753
37698.5,453753
37697.3,453753
37699.4,453753
37698.8,453753
37697.1,453753
37697.2,453753
37695.1,453753
37697.4,453753
37698.4,453753
37696.7,453753
37697.3,453753
37695.5,453753
37699.1,453753
37697.7,453753
37697.4,453753
37697,453753
37697.7,453753
37698,453753
37697.4,453753
37698.7,453753
37696.6,453753
37696.5,453753
37693.7,453753
37688,453753
37683.2,453753
37694.3,453753
37696.4,453753
37693.8,453753
37695.6,453753
37694.9,453753
37696.4,453753
37697,453753
37696.6,453753
37696.1,453753
37696.3,453753
37694.9,453753
37695.4,453753
37695.2,453753
37695.8,453753
37693.9,453753
37689.3,453753
37696,453753
37695.6,453753
37696.5,453753
37696,453753
37697.5,453753
37694.7,453753
37697.6,453753
37698.9,453753
37696.1,453753
37694.3,453753
37695.3,453753
37692,453753
37692.1,453753
37695.6,453753
37692,453753
37697.6,453753
37692.9,453753
37694.8,453753
37681.9,453753
37695.9,453753
37696.4,453753
37696.2,453753
37698.9,453753
37698.2,453753
37697.3,453753
37698.7,453753
37699.3,453753
37697.1,453753
37698,453753
37695.8,453753
37699.7,453753
37697,453753
37698.1,453753
37696.1,453753
37696.7,453753
37695.3,453753
37697.8,453753
37695.3,453753
37697.6,453753
37696.2,453753
37696.3,453753
37694.6,453753
37697.5,453753
37695.8,453753
37697.7,453753
37695,453753
37690.2,453753
37696.2,453753
37693.6,453753
37682.5,453753
37691.5,453753
37694.3,453753
37695.5,453753
37695.6,453753
37692.1,453753
37693.8,453753
37693.6,453753
37693.8,453753
37696.9,453753
37695.9,453753
37694.3,453753
37695.3,453753
37698.5,453753
37696.1,453753
37695.4,453753
37693.3,453753
37692.9,453753
37692.5,453753
37696.3,453753
37697.8,453753
37695.2,453753
37698.4,453753
37696.7,453753
37698.2,453753
37685.6,453753
37696.7,453753
37697.4,453753
37697.1,453753
37697.1,453753
37697.5,453753
37698.6,453753
37695.1,453753
37697.4,453753
37697.9,453753
37698.2,453753
37696.3,453753
37696.9,453753
37694.2,453753
37696.4,453753
37697,453753
37698,453753
37698.9,453753
37694.8,453753
37698.6,453753
37696.4,453753
37698.9,453753
37696.9,453753
37693.1,453753
37695.1,453753
37694.7,453753
37698.1,453753
37691.6,453753
37697.7,453753
37697.5,453753
37698.3,453753
37695.3,453753
37697.4,453753
37695.6,453753
37693.7,453753
37695.8,453753
37695,453753
37685.4,453753
37695.6,453753
37695.6,453753
37695.4,453753
37697.4,453753
37699.1,453753
37696.3,453753
37694.8,453753
37692.7,453753
37697,453753
37693.8,453753
37693.2,453753
37697.4,453753
37695.3,453753
37698.3,453753
37697.5,453753
37695.3,453753
37694,453753
37692.3,453753
37696.3,453753
37699.8,453753
37695.1,453753
37698,453753
37697,453753
37695.6,453753
37696.5,453753
37698.9,453753
37696.2,453753
37699.3,453753
37699.2,453753
37697.1,453753
37696.7,453753
37692.8,453753
37693.9,453753
37693.4,453753
37696.1,453753
37698.3,453753
37691,453753
37675.8,453753
37680.6,453753
37694.7,453753
37698,453753
37697.6,453753
37695.9,453753
37696.1,453753
37693.1,453753
37696.3,453753
37695.6,453753
37697.3,453753
37694.5,453753
37696.2,453753
37696.3,453753
37689.8,453753
37694.2,453753
37696.6,453753
37694.3,453753
37695.1,453753
37694.1,453753
37695.9,453753
37697.2,453753
37698.9,453753
37696.3,453753
37696.5,453753
37696.2,453753
37695.5,453753
37696.8,453753
37695.4,453753
37698.1,453753
37694,453753
37695.4,453753
37696.5,453753
37693.3,453753
37691.6,453753
37696.9,453753
37696.9,453753
37696.8,453753
37696.2,453753
37697,453753
37696.3,453753
37696.3,453753
37698.3,453753
37697.7,453753
37698.5,453753
37697.8,453753
37696.8,453753
37696.5,453753
37699.3,453753
37697.9,453753
37697.9,453753
37697,453753
37697.9,453753
37696.6,453753
37696.7,453753
37694.5,453753
37696.8,453753
37696,453753
37699,453753
37696.7,453753
37696.1,453753
37692.7,453753
37690.1,453753
37697.4,453753
37694.7,453753
37696.9,453753
37696.5,453753
37697.5,453753
37697.5,453753
37695,453753
37696.9,453753
37697,453753
37696.2,453753
37693.4,453753
37692.6,453753
37697.4,453753
37695.5,453753
37696.4,453753
37698.5,453753
37695.8,453753
37694.3,453753
37697.3,453753
37694.4,453753
37698.8,453753
37695.7,453753
37695,453753
37697.3,453753
37696.9,453753
37697.1,453753
37697.4,453753
37698.7,453753
37695.7,453753
37695,453753
37698.1,453753
37697.8,453753
37698.6,453753
37698.6,453753
37696.9,453753
37696,453753
37697,453753
37696,453753
37697.3,453753
37694.2,453753
37696.5,453753
37696.4,453753
37697.1,453753
37698.9,453753
37695.1,453753
37691.7,453753
37688.1,453753
37695.4,453753
37697.3,453753
37696,453753
37694.5,453753
37696.6,453753
37697.1,453753
37695,453753
37696.9,453753
37696.4,453753
37695.3,453753
37678.3,453753
37696.2,453753
37699.1,453753
37694.1,453753
37696,453753
37695.7,453753
37694.8,453753
37696.5,453753
37695.1,453753
37692,453753
37696.4,453753
37695.5,453753
37698.2,453753
37697.1,453753
37698.5,453753
37696.6,453753
37698.3,453753
37698.5,453753
37697.3,453753
37696.1,453753
37699,453753
37696.5,453753
37694.6,453753
37682.4,453753
37698.2,453753
37693.4,453753
37690.6,453753
37693.6,453753
37694.8,453753
37698.2,453753
37696.5,453753
37697.4,453753
37700.4,453753
37697.8,453753
37698.3,453753
37695.8,453753
37695.1,453753
37696.6,453753
37698.3,453753
37695.2,453753
37695.8,453753
37697.5,453753
37660.7,453753
37589.7,453753
37676.3,453753
37694.3,453753
37692.1,453753
37692.2,453753
37697.9,453753
37694.4,453753
37697.3,453753
37698.2,453753
37695.9,453753
37690.3,453753
37694.4,453753
37694.6,453753
37697,453753
37697.3,453753
37695.8,453753
37693.9,453753
37696.2,453753
37695.3,453753
37696.5,453753
37697.6,453753
37697.2,453753
37696.7,453753
37697.7,453753
37697.9,453753
37693.8,453753
37698.9,453753
37697.9,453753
37698,453753
37697.9,453753
37697.4,453753
37697.2,453753
37698,453753
37698.7,453753
37696.7,453753
37696.1,453753
37698.6,453753
37697.2,453753
37698.2,453753
37695.5,453753
37695.8,453753
37698.3,453753
37695.9,453753
37696.2,453753
37695,453753
37680.6,453753
37696.1,453753
37696.9,453753
37691.4,453753
37694.2,453753
37694.6,453753
37696.5,453753
37695.1,453753
37696.1,453753
37696.7,453753
37695.5,453753
37696.1,453753
37697.4,453753
37697,453753
37692.3,453753
37694.6,453753
37697.7,453753
37696.1,453753
37695.6,453753
37697.6,453753
37695.6,453753
37695.3,453753
37697.3,453753
37694.9,453753
37693.7,453753
37698.7,453753
37698.2,453753
37696.4,453753
37693.6,453753
37697.9,453753
37697.9,453753
37699.6,453753
37699.2,453753
37696.7,453753
37694.5,453753
37699.1,453753
37694.7,453753
37698.4,453753
37698.6,453753
37698.4,453753
37698,453753
37697.3,453753
37697.6,453753
37696.7,453753
37696.3,453753
37697.9,453753
37695.9,453753
37695.3,453753
37692.2,453753
37695.2,453753
37692.8,453753
37693.5,453753
37694.6,453753
37699.2,453753
37696.3,453753
37696.9,453753
37696.3,453753
37695.1,453753
37695.7,453753
37698.1,453753
37695.5,453753
37696.8,453753
37697.1,453753
37695.2,453753
37699.1,453753
37699.2,453753
37698,453753
37695.8,453753
37697.3,453753
37696.3,453753
37698,453753
37697.1,453753
37698.2,453753
37698.9,453753
37697.3,453753
37698.3,453753
37696.7,453753
37695.7,453753
37694.1,453753
37693.2,453753
37696.3,453753
37696.8,453753
37692.4,453753
37697.5,453753
37694.3,453753
37695.7,453753
37696.8,453753
37696.9,453753
37695.1,453753
37696.6,453753
37695,453753
37696.4,453753
37697.5,453753
37697.7,453753
37698.1,453753
37698.1,453753
37696.4,453753
37697.6,453753
37697.4,453753
37698.2,453753
37698,453753
37695.2,453753
37697.5,453753
37697.4,453753
37699.1,453753
37696.8,453753
37698.6,453753
37697.7,453753
37695.8,453753
37693,453753
37696.5,453753
37691.8,453753
37698.6,453753
37697.3,453753
37696.2,453753
37695.9,453753
37696.9,453753
37696.1,453753
37698.5,453753
37690.7,453753
37694.6,453753
37694.3,453753
37697.4,453753
37689.4,453753
37696.4,453753
37695.3,453753
37698.2,453753
37699.8,453753
37699.2,453753
37698.5,453753
37698.3,453753
37697.4,453753
37696.9,453753
37695.3,453753
37696.4,453753
37698.5,453753
37697.4,453753
37698.4,453753
37696.4,453753
37696.5,453753
37696.5,453753
37698.8,453753
37696.4,453753
37695.9,453753
37696.3,453753
37694.6,453753
37693.2,453753
37697.8,453753
37697.4,453753
37697.6,453753
37696.2,453753
37696.1,453753
37695.9,453753
37697.2,453753
37692,453753
37693,453753
37694.9,453753
37695.6,453753
37697.2,453753
37700.2,453753
37697.3,453753
37696.6,453753
37695.5,453753
37698.9,453753
37697.9,453753
37695.7,453753
37692.4,453753
37699.4,453753
37697.8,453753
37696.2,453753
37695.4,453753
37699.6,453753
37698.4,453753
37698.5,453753
37698.2,453753
37695.5,453753
37695,453753
37694.4,453753
37698.2,453753
37696.1,453753
37695.4,453753
37689.6,453753
37690.8,453753
37684.3,453753
37696.7,453753
37697.1,453753
37699,453753
37692.4,453753
37696,453753
37695.1,453753
37696.4,453753
37698.9,453753
37699.8,453753
37698.3,453753
37698.2,453753
37697.6,453753
37697.5,453753
37695.3,453753
37696.3,453753
37698.8,453753
37699,453753
37699.5,453753
37698.9,453753
37698.8,453753
37699.6,453753
37695.2,453753
37698.1,453753
37698.1,453753
37698.1,453753
37696.3,453753
37694.8,453753
37696.2,453753
37692.1,453753
37694.8,453753
37696.5,453753
37695.6,453753
37692.3,453753
37696,453753
37697.5,453753
37697.8,453753
37696.8,453753
37696.1,453753
37696.7,453753
37697.3,453753
37698,453753
37696.8,453753
37698.6,453753
37698,453753
37697.1,453753
37696.3,453753
37698.4,453753
37698.4,453753
37696.2,453753
37695.3,453753
37688.4,453753
37696,453753
37695.3,453753
37697.2,453753
37692.1,453753
37687.3,453753
37696.3,453753
37696.1,453753
37697.7,453753
37691.4,453753
37693.8,453753
37694.2,453753
37686.2,453753
37696.4,453753
37696.9,453753
37697,453753
37696.8,453753
37698.5,453753
37684.4,453753
37691.2,453753
37695.2,453753
37697,453753
37697.2,453753
37695.9,453753
37698.5,453753
37698.6,453753
37697.8,453753
37697.5,453753
37697.8,453753
37697.4,453753
37696.7,453753
37695.9,453753
37694.9,453753
37690.2,453753
37688.4,453753
37695.9,453753
37696.6,453753
37697.2,453753
37694.7,453753
37695.7,453753
37696.6,453753
37697.9,453753
37697.7,453753
37698.9,453753
37698.2,453753
37697.7,453753
37696.8,453753
37694.8,453753
37698.5,453753
37698.5,453753
37697.6,453753
37698.5,453753
37697.9,453753
37697.6,453753
37695.8,453753
37695.6,453753
37696.2,453753
37696.1,453753
37697.2,453753
37698.7,453753
37696.8,453753
37697,453753
37694.2,453753
37698.3,453753
37698.9,453753
37698.6,453753
37699.5,453753
37696,453753
37689.2,453753
37696,453753
37697.8,453753
37696.4,453753
37690.9,453753
37692.7,453753
37698.2,453753
37698,453753
37698,453753
37699.1,453546
