TRACE,NSNPS_JACKKNIFE
37671.1,453753
37671.1,453753
37669.5,453753
37670.6,453753
37668,453753
37670.5,453753
37668.7,453753
37668,453753
37671.2,453753
37669.9,453753
37670.3,453753
37669.9,453753
37672.1,453753
37670.5,453753
37672.7,453753
37668.9,453753
37668.3,453753
37663.6,453753
37664.3,453753
37667.7,453753
37669.6,453753
37671,453753
37669.6,453753
37669.5,453753
37671.1,453753
37669.5,453753
37666.6,453753
37666.6,453753
37668.7,453753
37668.8,453753
37669.5,453753
37670.3,453753
37669.7,453753
37666.7,453753
37669.2,453753
37668.9,453753
37668.6,453753
37667.3,453753
37669.4,453753
37669.4,453753
37671.2,453753
37670.2,453753
37669,453753
37666.4,453753
37668,453753
37669.5,453753
37670,453753
37670.7,453753
37670,453753
37669.3,453753
37670.8,453753
37665.5,453753
37668.5,453753
37667.7,453753
37666.3,453753
37669.9,453753
37669.9,453753
37667.2,453753
37667.2,453753
37667,453753
37669.5,453753
37671.5,453753
37671.9,453753
37669,453753
37668.9,453753
37670.1,453753
37670.8,453753
37667.3,453753
37667.4,453753
37667.6,453753
37663.2,453753
37669.5,453753
37670.4,453753
37669.6,453753
37671.1,453753
37671.3,453753
37671.3,453753
37670.1,453753
37671.3,453753
37669.4,453753
37665.9,453753
37671.2,453753
37669.9,453753
37672.8,453753
37671.8,453753
37669.8,453753
37672.3,453753
37671.9,453753
37669.7,453753
37669.4,453753
37667.5,453753
37667.1,453753
37670,453753
37651.9,453753
37669.2,453753
37669.1,453753
37669.2,453753
37669.3,453753
37669.7,453753
37670.8,453753
37666.2,453753
37669,453753
37668,453753
37666.4,453753
37666.9,453753
37667,453753
37670.9,453753
37669.1,453753
37670.4,453753
37669.9,453753
37668.7,453753
37668.6,453753
37666.6,453753
37664.5,453753
37666.9,453753
37667.1,453753
37669.6,453753
37669.6,453753
37668.1,453753
37667,453753
37668.4,453753
37670.6,453753
37668.8,453753
37669.5,453753
37670.9,453753
37667.6,453753
37670,453753
37668.9,453753
37668.5,453753
37670.6,453753
37668.9,453753
37668.1,453753
37669.2,453753
37670.3,453753
37668.4,453753
37670.7,453753
37669.5,453753
37672.4,453753
37665.6,453753
37668.7,453753
37662.6,453753
37663.2,453753
37669.3,453753
37668.4,453753
37667.6,453753
37666.7,453753
37668.6,453753
37670.6,453753
37669.3,453753
37670,453753
37669.4,453753
37670.2,453753
37671.3,453753
37669.2,453753
37669.9,453753
37670.9,453753
37670.5,453753
37671.2,453753
37670.1,453753
37670.7,453753
37669.7,453753
37670.5,453753
37670.5,453753
37671,453753
37672.6,453753
37671.4,453753
37670.5,453753
37669.5,453753
37670.2,453753
37669.6,453753
37668.1,453753
37668.9,453753
37668.7,453753
37668.7,453753
37669.7,453753
37668.3,453753
37670.4,453753
37669.9,453753
37669.1,453753
37668,453753
37667,453753
37658.8,453753
37659.1,453753
37669,453753
37668,453753
37671.7,453753
37670.2,453753
37670,453753
37670.9,453753
37669.1,453753
37670.9,453753
37671.1,453753
37667.4,453753
37665.9,453753
37664.1,453753
37662,453753
37663.7,453753
37667.6,453753
37670.6,453753
37671.1,453753
37668.9,453753
37670,453753
37669.4,453753
37667.4,453753
37667.8,453753
37670.8,453753
37668.1,453753
37669.4,453753
37668.8,453753
37666.8,453753
37667.2,453753
37669.3,453753
37670.3,453753
37670.3,453753
37667.4,453753
37667.5,453753
37662.8,453753
37664.1,453753
37666.2,453753
37665.9,453753
37670.7,453753
37670.4,453753
37671.1,453753
37671.2,453753
37667.4,453753
37672,453753
37671.8,453753
37671.3,453753
37670.6,453753
37672.6,453753
37669.8,453753
37666.7,453753
37667,453753
37671.7,453753
37670.8,453753
37670.8,453753
37669.2,453753
37669,453753
37665.6,453753
37669.3,453753
37668.1,453753
37670.8,453753
37671.4,453753
37670.7,453753
37670.7,453753
37668,453753
37669.2,453753
37670.9,453753
37668.7,453753
37668.3,453753
37666.9,453753
37670.4,453753
37669.9,453753
37666.9,453753
37666.9,453753
37668.6,453753
37668.8,453753
37670.2,453753
37665.5,453753
37668.7,453753
37671.5,453753
37667.2,453753
37659.7,453753
37669.1,453753
37670,453753
37667.3,453753
37665.8,453753
37663.6,453753
37670.4,453753
37669.6,453753
37668.9,453753
37663.8,453753
37668.8,453753
37667.7,453753
37666.7,453753
37667.5,453753
37670.3,453753
37670.1,453753
37668.6,453753
37665.8,453753
37666.9,453753
37666.8,453753
37669.8,453753
37669.8,453753
37667.4,453753
37670.9,453753
37671.3,453753
37668.4,453753
37671.4,453753
37671.4,453753
37671,453753
37669.6,453753
37671,453753
37669.8,453753
37672,453753
37671.2,453753
37669.9,453753
37669,453753
37672.1,453753
37670.5,453753
37670.7,453753
37669.7,453753
37672.1,453753
37669.5,453753
37669.6,453753
37671.9,453753
37669.7,453753
37670.9,453753
37670.1,453753
37671.7,453753
37670.6,453753
37670.5,453753
37666.1,453753
37662.6,453753
37659.4,453753
37669.1,453753
37669.3,453753
37668.4,453753
37668.2,453753
37666.8,453753
37669.2,453753
37669,453753
37668.6,453753
37669.8,453753
37668.9,453753
37668.6,453753
37668.3,453753
37670.4,453753
37668.6,453753
37667.9,453753
37659.4,453753
37668.1,453753
37669.1,453753
37670.4,453753
37669.5,453753
37669.9,453753
37668.8,453753
37669.9,453753
37671.2,453753
37667.7,453753
37665.8,453753
37670.1,453753
37663.4,453753
37662.5,453753
37669.2,453753
37665.7,453753
37668.9,453753
37666.1,453753
37666.4,453753
37656.5,453753
37669.3,453753
37670.3,453753
37671.6,453753
37673,453753
37671,453753
37672.2,453753
37671.1,453753
37671.9,453753
37670.3,453753
37670,453753
37669.9,453753
37671.2,453753
37670.3,453753
37670.2,453753
37668.5,453753
37670.8,453753
37670.3,453753
37671.1,453753
37670.6,453753
37669.8,453753
37669.1,453753
37668,453753
37670.8,453753
37670.6,453753
37669.6,453753
37669.9,453753
37667.7,453753
37662,453753
37667.4,453753
37668.9,453753
37656.1,453753
37662.1,453753
37666.9,453753
37669.4,453753
37667.6,453753
37664.5,453753
37665.5,453753
37664.3,453753
37669.2,453753
37669.6,453753
37669,453753
37667.8,453753
37668.3,453753
37669.6,453753
37670.3,453753
37666.2,453753
37669.2,453753
37663.9,453753
37666.8,453753
37669.7,453753
37670,453753
37670,453753
37669.5,453753
37670,453753
37672.8,453753
37661.2,453753
37666.6,453753
37668,453753
37668.9,453753
37670.7,453753
37671,453753
37671,453753
37668,453753
37671.1,453753
37672.7,453753
37672.7,453753
37670.4,453753
37667.4,453753
37666.8,453753
37669.5,453753
37669.1,453753
37669,453753
37672.6,453753
37669.9,453753
37671.4,453753
37668.7,453753
37669.6,453753
37670.2,453753
37668.7,453753
37669.6,453753
37669.1,453753
37671.9,453753
37662.9,453753
37670.7,453753
37669,453753
37669.8,453753
37670,453753
37668.7,453753
37669.4,453753
37667.9,453753
37667,453753
37664.7,453753
37655.8,453753
37668.7,453753
37667.9,453753
37669.2,453753
37671.9,453753
37670.3,453753
37668.3,453753
37667.4,453753
37668.9,453753
37670.9,453753
37665.7,453753
37668.1,453753
37670.8,453753
37668,453753
37670.1,453753
37668.3,453753
37669.3,453753
37666.9,453753
37666.5,453753
37667.9,453753
37671.9,453753
37666.4,453753
37670.1,453753
37671.7,453753
37668.4,453753
37669.8,453753
37671.9,453753
37669.1,453753
37670.6,453753
37671.6,453753
37670,453753
37670,453753
37667.5,453753
37669.9,453753
37669,453753
37667.5,453753
37670.8,453753
37665,453753
37655.1,453753
37656.1,453753
37668.6,453753
37669.7,453753
37669.4,453753
37670,453753
37669.3,453753
37666.4,453753
37669.5,453753
37670.3,453753
37670.1,453753
37669.3,453753
37669.6,453753
37669.7,453753
37657.9,453753
37666.5,453753
37671.2,453753
37668.7,453753
37669.4,453753
37669,453753
37669.7,453753
37671.8,453753
37670.9,453753
37669.4,453753
37666.4,453753
37669,453753
37666.6,453753
37668.3,453753
37670.7,453753
37670.3,453753
37668.9,453753
37669.5,453753
37667.5,453753
37665.2,453753
37667,453753
37670.1,453753
37670,453753
37669.8,453753
37670.2,453753
37671.1,453753
37671.5,453753
37670.3,453753
37670.7,453753
37670.2,453753
37670.9,453753
37671.1,453753
37668.8,453753
37670.4,453753
37672.7,453753
37670.9,453753
37671.2,453753
37671.2,453753
37670.8,453753
37669.2,453753
37671.2,453753
37667.4,453753
37671,453753
37670.2,453753
37672.1,453753
37665.6,453753
37669.1,453753
37664,453753
37664.2,453753
37669.8,453753
37667.2,453753
37669.9,453753
37670,453753
37670.6,453753
37669.8,453753
37670.8,453753
37670.1,453753
37670,453753
37669.4,453753
37668.1,453753
37666.4,453753
37669.1,453753
37667.8,453753
37670.2,453753
37670.4,453753
37670.9,453753
37668.3,453753
37670.1,453753
37665.4,453753
37669.7,453753
37669,453753
37669.1,453753
37671.3,453753
37669.4,453753
37671.5,453753
37669.5,453753
37670.6,453753
37669.4,453753
37669,453753
37671,453753
37669.7,453753
37670.9,453753
37669.8,453753
37670.5,453753
37670,453753
37671.6,453753
37670.6,453753
37670.4,453753
37668.3,453753
37668.1,453753
37670.8,453753
37669.1,453753
37671.5,453753
37668.9,453753
37665.6,453753
37659.3,453753
37667.8,453753
37669.6,453753
37672.3,453753
37667.7,453753
37667.5,453753
37668.5,453753
37668.7,453753
37669.8,453753
37670.9,453753
37668.1,453753
37643.1,453753
37669.3,453753
37671.3,453753
37668.7,453753
37669.9,453753
37667.5,453753
37667.7,453753
37669,453753
37669.3,453753
37664.5,453753
37669.6,453753
37668.9,453753
37670.9,453753
37670.2,453753
37671.2,453753
37669.5,453753
37671.1,453753
37672.7,453753
37671.7,453753
37671.5,453753
37670.8,453753
37669.6,453753
37669.2,453753
37661.4,453753
37670.5,453753
37665.7,453753
37661,453753
37669.3,453753
37668.7,453753
37671.4,453753
37670.7,453753
37668.7,453753
37671.7,453753
37672.4,453753
37671.3,453753
37668.3,453753
37669.2,453753
37670.1,453753
37671.4,453753
37669.7,453753
37668.8,453753
37667.9,453753
37624.5,453753
37557.9,453753
37647.1,453753
37667.7,453753
37667.6,453753
37666.8,453753
37670.4,453753
37669.3,453753
37668.6,453753
37671.3,453753
37669.8,453753
37657.5,453753
37667,453753
37667,453753
37667.1,453753
37670.1,453753
37669.7,453753
37667.7,453753
37667,453753
37669.1,453753
37669.4,453753
37669.5,453753
37670.2,453753
37670.1,453753
37672.3,453753
37670.9,453753
37667.2,453753
37670.6,453753
37670.4,453753
37670.5,453753
37670.5,453753
37668.7,453753
37670.7,453753
37670.3,453753
37670,453753
37671.5,453753
37668.5,453753
37670.1,453753
37669.2,453753
37669.9,453753
37668.9,453753
37669,453753
37670.7,453753
37669.1,453753
37669.3,453753
37664.9,453753
37652.5,453753
37667.6,453753
37669.5,453753
37666.1,453753
37667.7,453753
37667.5,453753
37667.3,453753
37667.6,453753
37670.4,453753
37669.4,453753
37667.4,453753
37670,453753
37670.4,453753
37670.1,453753
37665.3,453753
37665.6,453753
37670.3,453753
37669.5,453753
37669.4,453753
37669.1,453753
37668.8,453753
37668.6,453753
37670.1,453753
37669.1,453753
37666.9,453753
37671.7,453753
37670.6,453753
37668.5,453753
37667.6,453753
37671.7,453753
37673.2,453753
37672.1,453753
37672.2,453753
37669.2,453753
37667.8,453753
37671.7,453753
37670.2,453753
37670,453753
37671.4,453753
37671.7,453753
37670.3,453753
37669.7,453753
37670.8,453753
37669,453753
37669.1,453753
37670.7,453753
37668.1,453753
37669.8,453753
37664.8,453753
37667.4,453753
37667,453753
37667,453753
37669.7,453753
37670.9,453753
37670.1,453753
37668.8,453753
37669,453753
37667.8,453753
37668.7,453753
37671.8,453753
37670.7,453753
37667.6,453753
37669.7,453753
37671.2,453753
37670.9,453753
37671.3,453753
37672.5,453753
37669.6,453753
37671.1,453753
37669.3,453753
37670.3,453753
37672,453753
37670.3,453753
37669.7,453753
37670.7,453753
37671.8,453753
37670,453753
37668.3,453753
37667.5,453753
37667.8,453753
37670.7,453753
37668.1,453753
37665.1,453753
37670.1,453753
37669,453753
37668.2,453753
37667.7,453753
37667.8,453753
37667.7,453753
37670.2,453753
37668.7,453753
37668.6,453753
37670.6,453753
37670.3,453753
37671.2,453753
37669.9,453753
37668.5,453753
37671.1,453753
37671.8,453753
37671.4,453753
37671.4,453753
37669.5,453753
37671.3,453753
37671.1,453753
37672.4,453753
37671.9,453753
37672.8,453753
37672.4,453753
37668.5,453753
37666.4,453753
37670.4,453753
37665.1,453753
37669.8,453753
37669.8,453753
37671.3,453753
37670.5,453753
37668.3,453753
37669.4,453753
37670,453753
37664,453753
37667.3,453753
37668.3,453753
37670.6,453753
37663.1,453753
37670.2,453753
37671.1,453753
37670.2,453753
37672.1,453753
37670.7,453753
37672.6,453753
37671,453753
37670.7,453753
37671.7,453753
37668.1,453753
37667.1,453753
37672.5,453753
37671,453753
37669.6,453753
37669.4,453753
37669.7,453753
37671,453753
37672.4,453753
37669.2,453753
37669.2,453753
37671.6,453753
37668.8,453753
37665,453753
37671.1,453753
37669.9,453753
37671.4,453753
37669.3,453753
37670.5,453753
37669.2,453753
37668.5,453753
37661.4,453753
37665.3,453753
37668.9,453753
37668.5,453753
37671,453753
37672.1,453753
37671.6,453753
37671.3,453753
37670.6,453753
37672.2,453753
37670.4,453753
37668.8,453753
37666.4,453753
37670.1,453753
37670.1,453753
37669.5,453753
37666.4,453753
37670.5,453753
37671.6,453753
37671.3,453753
37670.6,453753
37669.1,453753
37667.8,453753
37667.2,453753
37670.8,453753
37670.6,453753
37667.2,453753
37664.6,453753
37663.8,453753
37658.1,453753
37670.3,453753
37669.8,453753
37672.2,453753
37666.6,453753
37668.4,453753
37670.9,453753
37669.4,453753
37670.5,453753
37671.1,453753
37671.7,453753
37670,453753
37668.8,453753
37670.4,453753
37668.2,453753
37668.6,453753
37672.1,453753
37673.7,453753
37672.4,453753
37670.1,453753
37672.2,453753
37671.7,453753
37668.4,453753
37670.9,453753
37668.7,453753
37667.7,453753
37667.9,453753
37668.4,453753
37668.4,453753
37666.6,453753
37668.6,453753
37667.9,453753
37670.1,453753
37665,453753
37669.8,453753
37671.3,453753
37670.4,453753
37669,453753
37670.6,453753
37669.8,453753
37670.7,453753
37671.5,453753
37671.3,453753
37670.3,453753
37671.4,453753
37670,453753
37672.2,453753
37672.2,453753
37669.7,453753
37669.8,453753
37667.4,453753
37661.7,453753
37669.3,453753
37668.4,453753
37669.5,453753
37666.1,453753
37660.4,453753
37669,453753
37670.1,453753
37670.9,453753
37663.3,453753
37668,453753
37665.8,453753
37658.9,453753
37668.3,453753
37669.5,453753
37670.8,453753
37668.4,453753
37672.2,453753
37661.5,453753
37667.5,453753
37667.3,453753
37670.1,453753
37671.4,453753
37667.3,453753
37670.7,453753
37671.6,453753
37671.2,453753
37670.7,453753
37669.9,453753
37671.9,453753
37669.6,453753
37667.9,453753
37669.5,453753
37664.1,453753
37662.9,453753
37668.8,453753
37670.9,453753
37670.5,453753
37668.7,453753
37668.7,453753
37669.7,453753
37671.1,453753
37671.7,453753
37671.8,453753
37672.2,453753
37671.8,453753
37671.6,453753
37669.3,453753
37672,453753
37670.1,453753
37671.5,453753
37670.6,453753
37672.1,453753
37671.2,453753
37670.8,453753
37669.8,453753
37670,453753
37669.4,453753
37670.7,453753
37672.2,453753
37668.9,453753
37668.9,453753
37665.1,453753
37671,453753
37672.4,453753
37670,453753
37671.5,453753
37670.3,453753
37663,453753
37669.4,453753
37670.8,453753
37669.9,453753
37664.6,453753
37664.4,453753
37672.3,453753
37670.1,453753
37672.1,453753
37673.4,453546
