TRACE,NSNPS_JACKKNIFE
37624.6,453753
37623.9,453753
37624.4,453753
37623.5,453753
37622.5,453753
37623.7,453753
37622.4,453753
37622.2,453753
37623.1,453753
37621.5,453753
37624.5,453753
37621.9,453753
37625.3,453753
37623,453753
37624.8,453753
37623.8,453753
37622.4,453753
37618.4,453753
37618.8,453753
37620.6,453753
37622.5,453753
37624.4,453753
37623.3,453753
37623.9,453753
37624.1,453753
37623.9,453753
37620.9,453753
37620.9,453753
37622.2,453753
37623.2,453753
37622.4,453753
37623.3,453753
37622.8,453753
37622.3,453753
37623.7,453753
37622.1,453753
37623.6,453753
37620.2,453753
37621.9,453753
37623.6,453753
37623.1,453753
37623.5,453753
37621.5,453753
37621.2,453753
37618.7,453753
37622.6,453753
37623.4,453753
37623.2,453753
37624.1,453753
37625.4,453753
37623.1,453753
37619,453753
37620.3,453753
37622.8,453753
37621.4,453753
37624.4,453753
37623.7,453753
37620.1,453753
37621,453753
37619.8,453753
37624.2,453753
37624,453753
37622.8,453753
37624.5,453753
37623.4,453753
37624,453753
37623.6,453753
37622.9,453753
37622,453753
37622.3,453753
37619.1,453753
37623.3,453753
37624.1,453753
37624.5,453753
37624.8,453753
37623.1,453753
37624.1,453753
37624.5,453753
37623.7,453753
37625.3,453753
37621.7,453753
37623.2,453753
37625.1,453753
37625.9,453753
37624.4,453753
37624.5,453753
37625,453753
37624,453753
37623.8,453753
37623.7,453753
37620.1,453753
37618.6,453753
37622.1,453753
37610.1,453753
37622.2,453753
37620.8,453753
37622.8,453753
37624.5,453753
37623.9,453753
37622.6,453753
37621.2,453753
37622.7,453753
37621.7,453753
37618.4,453753
37619.1,453753
37621.2,453753
37622.4,453753
37622.3,453753
37622.7,453753
37622.7,453753
37623.3,453753
37623.1,453753
37622.4,453753
37620.3,453753
37621.6,453753
37619.6,453753
37623.6,453753
37622.8,453753
37623.1,453753
37622.1,453753
37622,453753
37623.8,453753
37622.2,453753
37621.4,453753
37624,453753
37622.8,453753
37622.9,453753
37622.1,453753
37620.1,453753
37623.3,453753
37622.5,453753
37624.6,453753
37621.9,453753
37622.7,453753
37620.3,453753
37623.4,453753
37624.5,453753
37624.6,453753
37621.5,453753
37622.3,453753
37617.3,453753
37615.8,453753
37619.8,453753
37621.5,453753
37621.2,453753
37622.3,453753
37622.4,453753
37623.4,453753
37623.4,453753
37623.3,453753
37624.5,453753
37624.2,453753
37623.8,453753
37621.7,453753
37623.4,453753
37623.5,453753
37623.1,453753
37624.3,453753
37622.7,453753
37623.6,453753
37621.9,453753
37622.4,453753
37623.9,453753
37624.4,453753
37623.9,453753
37625.6,453753
37624.7,453753
37624.3,453753
37624,453753
37623,453753
37621.6,453753
37623,453753
37622.5,453753
37623.2,453753
37622.5,453753
37625.5,453753
37624.1,453753
37619.4,453753
37620.7,453753
37621.6,453753
37620.1,453753
37607,453753
37610.5,453753
37621.8,453753
37620.9,453753
37623.6,453753
37622.9,453753
37624.5,453753
37623,453753
37622.9,453753
37625.7,453753
37624.5,453753
37619.8,453753
37615,453753
37616,453753
37612.7,453753
37619.1,453753
37621.3,453753
37623.3,453753
37621,453753
37623.1,453753
37623.9,453753
37622.8,453753
37617,453753
37622.5,453753
37623.6,453753
37622.6,453753
37623.5,453753
37619.6,453753
37619.9,453753
37621.8,453753
37623.3,453753
37623.4,453753
37623.9,453753
37621.6,453753
37622.3,453753
37617.5,453753
37617.2,453753
37619.9,453753
37620.1,453753
37624.3,453753
37625.6,453753
37623,453753
37624.4,453753
37620,453753
37624.4,453753
37625,453753
37625.4,453753
37623.2,453753
37623.6,453753
37622.5,453753
37619.9,453753
37621,453753
37625.5,453753
37623.4,453753
37623.1,453753
37622.8,453753
37621.6,453753
37620.4,453753
37622.8,453753
37620.9,453753
37621.9,453753
37624.6,453753
37623.9,453753
37623.3,453753
37622.6,453753
37622.6,453753
37621.6,453753
37622.9,453753
37619.7,453753
37618.9,453753
37623.7,453753
37623.8,453753
37619.2,453753
37622,453753
37621.4,453753
37622.9,453753
37622.4,453753
37620.4,453753
37623.6,453753
37623.4,453753
37623.7,453753
37617.8,453753
37623.2,453753
37621.9,453753
37622.5,453753
37620.1,453753
37616.7,453753
37621.4,453753
37622.9,453753
37622.1,453753
37617.9,453753
37621.4,453753
37621.9,453753
37621.5,453753
37620.2,453753
37623.5,453753
37623.4,453753
37621.6,453753
37619.3,453753
37622.2,453753
37621.3,453753
37623.9,453753
37624,453753
37619.3,453753
37623.2,453753
37625.5,453753
37621.8,453753
37622.8,453753
37624.9,453753
37624.4,453753
37623.6,453753
37623.7,453753
37624,453753
37624.1,453753
37624.6,453753
37622.8,453753
37623.2,453753
37625.2,453753
37625.2,453753
37625.7,453753
37623.3,453753
37625.8,453753
37622.4,453753
37623.8,453753
37623.8,453753
37623.3,453753
37623.5,453753
37623.4,453753
37624.5,453753
37623.3,453753
37625.4,453753
37620,453753
37617.4,453753
37615.6,453753
37621.7,453753
37623.8,453753
37619.2,453753
37621,453753
37621.1,453753
37622.8,453753
37623.1,453753
37621.5,453753
37621.6,453753
37621.7,453753
37622,453753
37622.1,453753
37624.3,453753
37622.6,453753
37622.1,453753
37616.9,453753
37622.5,453753
37623.5,453753
37624.1,453753
37622.3,453753
37624.3,453753
37620.7,453753
37621.9,453753
37622.7,453753
37620.2,453753
37619.8,453753
37623.2,453753
37616.8,453753
37616.1,453753
37623.5,453753
37620.3,453753
37622.9,453753
37623.3,453753
37623.8,453753
37608.1,453753
37622.7,453753
37622.4,453753
37623.7,453753
37624.9,453753
37624.2,453753
37624.6,453753
37623.9,453753
37624.9,453753
37624,453753
37624.2,453753
37625.5,453753
37624.8,453753
37623.9,453753
37624.4,453753
37622.2,453753
37623.2,453753
37623.1,453753
37622.1,453753
37622.8,453753
37623.5,453753
37623.5,453753
37621.3,453753
37624.2,453753
37622.5,453753
37622.4,453753
37621.8,453753
37621.6,453753
37614.4,453753
37619.8,453753
37620.2,453753
37610.7,453753
37616,453753
37620.6,453753
37621.1,453753
37622,453753
37618.4,453753
37619,453753
37618.6,453753
37619.8,453753
37622.9,453753
37624.5,453753
37621.4,453753
37619.8,453753
37622.2,453753
37622.1,453753
37618.8,453753
37620.1,453753
37616.3,453753
37619.4,453753
37623.9,453753
37623.1,453753
37623.3,453753
37622.6,453753
37624.2,453753
37625.7,453753
37613.4,453753
37620.7,453753
37621.9,453753
37622.6,453753
37623.2,453753
37623.5,453753
37623.3,453753
37624,453753
37623.9,453753
37625.4,453753
37624.1,453753
37624.2,453753
37622.1,453753
37619.1,453753
37621.2,453753
37620.8,453753
37623.4,453753
37623.7,453753
37621.6,453753
37622.2,453753
37622.6,453753
37624.9,453753
37624.6,453753
37620,453753
37622.5,453753
37623.5,453753
37623.8,453753
37617.2,453753
37622.2,453753
37622.4,453753
37621.5,453753
37623.8,453753
37622.9,453753
37621.4,453753
37620.4,453753
37621.9,453753
37619.1,453753
37612.1,453753
37622.5,453753
37623,453753
37621.5,453753
37625,453753
37624.4,453753
37621.1,453753
37619.1,453753
37623.5,453753
37622.3,453753
37619.2,453753
37621.5,453753
37624.2,453753
37621.7,453753
37622.7,453753
37623.6,453753
37621.4,453753
37621.4,453753
37621.8,453753
37621.3,453753
37624.6,453753
37620.1,453753
37624.1,453753
37625.6,453753
37621.6,453753
37622.6,453753
37624.7,453753
37621.2,453753
37625.3,453753
37625.4,453753
37625.5,453753
37620.9,453753
37621,453753
37623.3,453753
37622.9,453753
37623.2,453753
37623.7,453753
37617.1,453753
37600.9,453753
37606.1,453753
37624.2,453753
37623.8,453753
37624.6,453753
37622.9,453753
37624.1,453753
37619.6,453753
37623.7,453753
37622.5,453753
37625.5,453753
37622.2,453753
37623.2,453753
37622.2,453753
37614.6,453753
37622,453753
37622.3,453753
37622.7,453753
37622.5,453753
37621.2,453753
37620.4,453753
37625.4,453753
37623.1,453753
37622.7,453753
37622.7,453753
37622,453753
37623.8,453753
37622.6,453753
37623.8,453753
37623.2,453753
37621.8,453753
37621.8,453753
37622.3,453753
37621.4,453753
37619.4,453753
37623.8,453753
37622.5,453753
37623.8,453753
37624.2,453753
37625.4,453753
37622.3,453753
37624.9,453753
37624.2,453753
37624.2,453753
37623.4,453753
37624,453753
37623.5,453753
37622.6,453753
37623.9,453753
37625.4,453753
37622.8,453753
37624.1,453753
37625.2,453753
37625.4,453753
37623.9,453753
37620.7,453753
37624.3,453753
37621.6,453753
37624.5,453753
37620,453753
37622.2,453753
37617.1,453753
37612.5,453753
37621.8,453753
37621.9,453753
37624.5,453753
37622.9,453753
37620.2,453753
37622.3,453753
37623.6,453753
37622.6,453753
37624.4,453753
37624.3,453753
37620.4,453753
37621.8,453753
37623.1,453753
37623.3,453753
37623.3,453753
37624.8,453753
37623.8,453753
37620.7,453753
37622.3,453753
37620.6,453753
37623.7,453753
37621.4,453753
37621.8,453753
37624.4,453753
37624.1,453753
37624.7,453753
37622.4,453753
37626.6,453753
37622.9,453753
37623,453753
37623.6,453753
37623.8,453753
37623.1,453753
37625.3,453753
37625.5,453753
37623.3,453753
37622.7,453753
37622.9,453753
37624.5,453753
37621.3,453753
37621.3,453753
37624,453753
37622.8,453753
37623.4,453753
37621.9,453753
37618.2,453753
37613.9,453753
37621.3,453753
37621.8,453753
37623.2,453753
37621.1,453753
37621.1,453753
37622.1,453753
37620.4,453753
37621.4,453753
37622,453753
37622.1,453753
37605.3,453753
37623.8,453753
37623.1,453753
37621.5,453753
37624,453753
37619.8,453753
37621.3,453753
37623.4,453753
37620.5,453753
37617.5,453753
37622.9,453753
37621.6,453753
37624.8,453753
37622.8,453753
37624.1,453753
37624.3,453753
37623.7,453753
37624.8,453753
37623.9,453753
37623.6,453753
37626.2,453753
37623.5,453753
37623.5,453753
37613.3,453753
37623.7,453753
37618.3,453753
37615.8,453753
37621.3,453753
37622.4,453753
37624.2,453753
37622.5,453753
37624.1,453753
37624.2,453753
37623.7,453753
37624.7,453753
37620.7,453753
37622.9,453753
37622.2,453753
37623,453753
37623.9,453753
37623.9,453753
37623.5,453753
37573.6,453753
37491.5,453753
37601.4,453753
37621,453753
37620.2,453753
37618.5,453753
37622.4,453753
37621.9,453753
37621.9,453753
37623.6,453753
37622.4,453753
37613.6,453753
37619.3,453753
37620.3,453753
37621.6,453753
37623.4,453753
37623.8,453753
37621.8,453753
37620.6,453753
37622.9,453753
37621.4,453753
37623.3,453753
37623.4,453753
37623.1,453753
37625.8,453753
37623.9,453753
37619.9,453753
37624.9,453753
37623.5,453753
37623.7,453753
37625.2,453753
37623.9,453753
37624.5,453753
37626.5,453753
37624.9,453753
37624.2,453753
37622.7,453753
37624,453753
37623.5,453753
37622.7,453753
37621,453753
37621,453753
37624,453753
37623.4,453753
37622.6,453753
37620,453753
37609,453753
37619.4,453753
37622.6,453753
37619,453753
37621.9,453753
37620.9,453753
37623.3,453753
37621.8,453753
37621.8,453753
37622.4,453753
37622.1,453753
37622.3,453753
37622.8,453753
37622.7,453753
37621.4,453753
37619.8,453753
37624.3,453753
37621.1,453753
37620.3,453753
37622.9,453753
37623.3,453753
37623.2,453753
37623.8,453753
37619.4,453753
37622.4,453753
37625.7,453753
37624.5,453753
37621.7,453753
37618.3,453753
37624.2,453753
37625.6,453753
37625.1,453753
37623.4,453753
37622.9,453753
37620.9,453753
37625.9,453753
37624.6,453753
37622.1,453753
37624.6,453753
37624.2,453753
37622,453753
37622.5,453753
37623.4,453753
37623.8,453753
37622.1,453753
37623.8,453753
37622.5,453753
37621.7,453753
37618.6,453753
37622.1,453753
37621.8,453753
37620.4,453753
37622.5,453753
37625.7,453753
37623.3,453753
37622.7,453753
37619.7,453753
37619.4,453753
37621.4,453753
37622.8,453753
37623.3,453753
37621.1,453753
37623.8,453753
37624.4,453753
37626.1,453753
37624.1,453753
37623.9,453753
37621.8,453753
37623.1,453753
37622.5,453753
37624.7,453753
37624.5,453753
37623.9,453753
37623.6,453753
37622.9,453753
37625,453753
37621.4,453753
37621.9,453753
37619.7,453753
37619.1,453753
37623.4,453753
37623.8,453753
37619.1,453753
37624.4,453753
37622.4,453753
37620.9,453753
37622,453753
37621.7,453753
37622.3,453753
37623.5,453753
37623.3,453753
37622.5,453753
37623.6,453753
37622.3,453753
37622.8,453753
37622.9,453753
37622.1,453753
37625.3,453753
37625.9,453753
37624.9,453753
37624.4,453753
37623.8,453753
37623.3,453753
37625,453753
37624.5,453753
37623.1,453753
37625.1,453753
37625,453753
37622.1,453753
37620,453753
37622.6,453753
37621.3,453753
37622.7,453753
37622.9,453753
37623.8,453753
37622.6,453753
37623.3,453753
37623.4,453753
37623.7,453753
37618.7,453753
37619.3,453753
37621.7,453753
37622.6,453753
37616.5,453753
37625,453753
37623.1,453753
37623.5,453753
37625.7,453753
37623.7,453753
37625.3,453753
37623.9,453753
37623.1,453753
37623.4,453753
37621.7,453753
37622.1,453753
37625.6,453753
37624.7,453753
37624.2,453753
37624.2,453753
37624.2,453753
37622.8,453753
37625.3,453753
37622.8,453753
37622.4,453753
37624.5,453753
37619.9,453753
37619.9,453753
37623.7,453753
37624.2,453753
37623.8,453753
37623,453753
37621.9,453753
37623.8,453753
37623.3,453753
37616.3,453753
37619,453753
37621.3,453753
37622.2,453753
37624.2,453753
37624.4,453753
37623.8,453753
37624.5,453753
37623.8,453753
37625.6,453753
37624.5,453753
37621.7,453753
37616,453753
37624.3,453753
37624,453753
37622.7,453753
37621,453753
37625.1,453753
37625.6,453753
37623.8,453753
37622.9,453753
37622,453753
37620.3,453753
37622.8,453753
37626.2,453753
37622.6,453753
37619.6,453753
37619.5,453753
37618.8,453753
37610.6,453753
37623.6,453753
37622.6,453753
37626,453753
37618.9,453753
37623,453753
37625.2,453753
37623.7,453753
37624.5,453753
37624.5,453753
37625.3,453753
37624.6,453753
37625.6,453753
37622.4,453753
37621.1,453753
37622.9,453753
37624.5,453753
37626.4,453753
37625.8,453753
37624.3,453753
37623.4,453753
37622.5,453753
37621.4,453753
37624.9,453753
37622.6,453753
37624.6,453753
37621,453753
37622.3,453753
37622.5,453753
37622.7,453753
37621.4,453753
37623.9,453753
37623.4,453753
37618.9,453753
37623.2,453753
37622.7,453753
37623.7,453753
37623.2,453753
37624.7,453753
37623.5,453753
37624.3,453753
37625.5,453753
37623.4,453753
37625,453753
37624.1,453753
37622.7,453753
37625.5,453753
37624.6,453753
37623.7,453753
37621.8,453753
37621.7,453753
37610.1,453753
37621.1,453753
37621.2,453753
37622.8,453753
37620.7,453753
37616.5,453753
37621.6,453753
37623.9,453753
37622.4,453753
37618.1,453753
37620.2,453753
37620.1,453753
37614.4,453753
37622.7,453753
37623.5,453753
37624.1,453753
37621,453753
37623.5,453753
37617,453753
37619.9,453753
37620.5,453753
37623.2,453753
37623,453753
37623.3,453753
37625.6,453753
37624,453753
37624.2,453753
37624.2,453753
37622.9,453753
37624.5,453753
37623.8,453753
37622.7,453753
37621.9,453753
37619.5,453753
37615.6,453753
37621.4,453753
37622.9,453753
37624.7,453753
37621.6,453753
37622.5,453753
37622.3,453753
37624.6,453753
37625.3,453753
37624.8,453753
37625.2,453753
37624.8,453753
37624.3,453753
37623.3,453753
37625.8,453753
37625.7,453753
37623.1,453753
37623.4,453753
37624.5,453753
37623.5,453753
37622.1,453753
37621.1,453753
37624.2,453753
37622.6,453753
37622.9,453753
37622.7,453753
37624,453753
37623.5,453753
37620.6,453753
37623.7,453753
37624.5,453753
37622.5,453753
37625.4,453753
37621.3,453753
37618.7,453753
37623.7,453753
37624.7,453753
37622.8,453753
37618,453753
37621,453753
37625.9,453753
37624.2,453753
37625,453753
37626.9,453546
