TRACE,NSNPS_JACKKNIFE
37713.9,453753
37712.6,453753
37713.3,453753
37712.8,453753
37712.3,453753
37713.1,453753
37711.1,453753
37710.7,453753
37712.6,453753
37711.2,453753
37712.7,453753
37710.9,453753
37712.9,453753
37712.9,453753
37713.5,453753
37712.5,453753
37710,453753
37706.9,453753
37709.3,453753
37709.9,453753
37711.7,453753
37713.8,453753
37712.7,453753
37712.3,453753
37712.9,453753
37712.3,453753
37710.2,453753
37708.2,453753
37711.4,453753
37711.6,453753
37712.6,453753
37711.7,453753
37709.6,453753
37711.5,453753
37710.9,453753
37710.9,453753
37710.9,453753
37710.1,453753
37709.6,453753
37712.3,453753
37710.6,453753
37712.1,453753
37711.3,453753
37708.1,453753
37708.9,453753
37711,453753
37711.3,453753
37711.8,453753
37713.4,453753
37713.4,453753
37712,453753
37708.9,453753
37710.4,453753
37709.6,453753
37708.2,453753
37710.7,453753
37712.2,453753
37708.2,453753
37709.3,453753
37707.7,453753
37711.7,453753
37712.6,453753
37711.4,453753
37712.4,453753
37711.8,453753
37710.6,453753
37711.5,453753
37709.2,453753
37710.3,453753
37710.5,453753
37705.2,453753
37713.9,453753
37712.2,453753
37712.4,453753
37713,453753
37712.7,453753
37713.1,453753
37711,453753
37713.9,453753
37713.7,453753
37710.9,453753
37710.3,453753
37712.4,453753
37712.1,453753
37711.9,453753
37712.7,453753
37712.2,453753
37713.9,453753
37711.7,453753
37713.3,453753
37710.5,453753
37710,453753
37712.8,453753
37701.2,453753
37711.6,453753
37710.9,453753
37710.9,453753
37713.7,453753
37711.1,453753
37714.5,453753
37707.5,453753
37711.8,453753
37708.9,453753
37708.4,453753
37708.2,453753
37708.4,453753
37712.5,453753
37711.4,453753
37713,453753
37713.2,453753
37712.9,453753
37711.9,453753
37708.7,453753
37707.5,453753
37709.8,453753
37711,453753
37712.3,453753
37709.6,453753
37711.3,453753
37710.2,453753
37709.6,453753
37714.1,453753
37709.5,453753
37711.9,453753
37711.8,453753
37711.4,453753
37710.9,453753
37709.7,453753
37711.6,453753
37713.1,453753
37710.2,453753
37712.4,453753
37710.8,453753
37712,453753
37711.4,453753
37712.3,453753
37713.2,453753
37713.6,453753
37709.2,453753
37711.1,453753
37705.9,453753
37704.6,453753
37710.7,453753
37709.9,453753
37709,453753
37707.8,453753
37709.8,453753
37711.3,453753
37712,453753
37711.9,453753
37711.2,453753
37711.7,453753
37713.2,453753
37713.2,453753
37713.2,453753
37711.9,453753
37711.2,453753
37711.4,453753
37714.3,453753
37713.5,453753
37712.5,453753
37712.7,453753
37713.3,453753
37714,453753
37713.1,453753
37713.2,453753
37712.9,453753
37712.5,453753
37713,453753
37711.5,453753
37709.1,453753
37711.8,453753
37710.8,453753
37709.6,453753
37713,453753
37711.2,453753
37712,453753
37711.9,453753
37710.2,453753
37709.2,453753
37709.1,453753
37694.8,453753
37696.8,453753
37711.2,453753
37710.8,453753
37714.3,453753
37712,453753
37712,453753
37711.3,453753
37713,453753
37713.4,453753
37712.3,453753
37709.3,453753
37704,453753
37703.9,453753
37704.1,453753
37706.3,453753
37710,453753
37712.1,453753
37708.7,453753
37711.3,453753
37712.7,453753
37711.2,453753
37708.5,453753
37712,453753
37712,453753
37711.5,453753
37711.2,453753
37710.5,453753
37709.3,453753
37710,453753
37713.3,453753
37712.4,453753
37713.1,453753
37709.9,453753
37710.8,453753
37708.6,453753
37705.9,453753
37708.3,453753
37706.6,453753
37712.4,453753
37714.4,453753
37711.1,453753
37712.5,453753
37712.1,453753
37713.4,453753
37711.7,453753
37713.5,453753
37712.5,453753
37713.2,453753
37710.3,453753
37709.2,453753
37709.6,453753
37714.1,453753
37713.2,453753
37711.8,453753
37712,453753
37710.8,453753
37708.8,453753
37712,453753
37712.6,453753
37712.6,453753
37713.2,453753
37712,453753
37713.6,453753
37711.8,453753
37711.1,453753
37711.5,453753
37712.3,453753
37708.1,453753
37709.7,453753
37712.8,453753
37711.6,453753
37710.7,453753
37710.7,453753
37710.9,453753
37709.6,453753
37710.9,453753
37707.7,453753
37711.8,453753
37712.2,453753
37709.9,453753
37702.5,453753
37709.9,453753
37710.7,453753
37709.8,453753
37711.6,453753
37705.2,453753
37710.5,453753
37711.1,453753
37711.5,453753
37709.1,453753
37710.2,453753
37711.2,453753
37710.6,453753
37707.6,453753
37711.5,453753
37711.3,453753
37710.6,453753
37707.8,453753
37710.8,453753
37711.7,453753
37713.1,453753
37710.6,453753
37709.7,453753
37711.1,453753
37712.7,453753
37710.6,453753
37711.8,453753
37712.4,453753
37714.7,453753
37712.5,453753
37712.7,453753
37713.1,453753
37713.5,453753
37713.7,453753
37711.1,453753
37710.9,453753
37714.4,453753
37714.3,453753
37713.9,453753
37712.7,453753
37715.3,453753
37710.9,453753
37713.7,453753
37712.2,453753
37712.2,453753
37712.7,453753
37709.5,453753
37712.2,453753
37713.9,453753
37713,453753
37708.3,453753
37704.6,453753
37702.7,453753
37709.3,453753
37710.7,453753
37709.4,453753
37710.9,453753
37712.2,453753
37710.3,453753
37711.7,453753
37711.7,453753
37711.5,453753
37711.2,453753
37709.3,453753
37709.2,453753
37709,453753
37711.1,453753
37709.5,453753
37705.9,453753
37711.6,453753
37712.1,453753
37711.3,453753
37712,453753
37712.7,453753
37709.8,453753
37711.9,453753
37711.5,453753
37710,453753
37707.8,453753
37711.9,453753
37704.9,453753
37703.8,453753
37713.2,453753
37708.8,453753
37713,453753
37710.8,453753
37712.4,453753
37697.8,453753
37712.7,453753
37711.7,453753
37712,453753
37713.4,453753
37713.9,453753
37711.8,453753
37714.3,453753
37714.2,453753
37711.4,453753
37712.5,453753
37713,453753
37714.9,453753
37711.9,453753
37713.1,453753
37712.2,453753
37713,453753
37713.9,453753
37713.9,453753
37710.4,453753
37713.2,453753
37711.1,453753
37712.5,453753
37710.9,453753
37710.6,453753
37711.4,453753
37712.3,453753
37709.2,453753
37706.7,453753
37708.9,453753
37708.6,453753
37696.6,453753
37707.6,453753
37708.6,453753
37710.7,453753
37710.4,453753
37708.6,453753
37708.6,453753
37704.2,453753
37710.7,453753
37711.9,453753
37710.6,453753
37708.8,453753
37709,453753
37709.9,453753
37711.2,453753
37710.7,453753
37710,453753
37707,453753
37706.7,453753
37713.2,453753
37711.3,453753
37712.4,453753
37711.3,453753
37710,453753
37711.2,453753
37705.3,453753
37711.1,453753
37710.7,453753
37710.8,453753
37712.6,453753
37712.8,453753
37713.3,453753
37712.9,453753
37713,453753
37714.3,453753
37714.3,453753
37712.4,453753
37711.9,453753
37708.8,453753
37710.1,453753
37710.9,453753
37713,453753
37712.4,453753
37710.5,453753
37712.1,453753
37711.6,453753
37712.6,453753
37710.7,453753
37711.4,453753
37711.9,453753
37710.5,453753
37713.3,453753
37706.9,453753
37713.5,453753
37711,453753
37712.6,453753
37712.1,453753
37711.2,453753
37710.8,453753
37711.2,453753
37708.8,453753
37707.5,453753
37694.9,453753
37712.6,453753
37709.9,453753
37712.6,453753
37713.3,453753
37712.2,453753
37711.1,453753
37707.8,453753
37710.6,453753
37710.7,453753
37707.9,453753
37711.6,453753
37712.1,453753
37710.4,453753
37712.6,453753
37711.8,453753
37711.3,453753
37708.5,453753
37710.4,453753
37710,453753
37712.6,453753
37711.9,453753
37713.6,453753
37713.1,453753
37712.3,453753
37711.7,453753
37713.4,453753
37712.6,453753
37713.6,453753
37714.1,453753
37713.1,453753
37711.2,453753
37711.4,453753
37710.5,453753
37709.7,453753
37712.8,453753
37712.1,453753
37706.1,453753
37692,453753
37693.9,453753
37710.9,453753
37712,453753
37712.5,453753
37712.3,453753
37711,453753
37707.2,453753
37712.7,453753
37711.9,453753
37712,453753
37710.5,453753
37710.9,453753
37712.6,453753
37703.6,453753
37708.5,453753
37713.1,453753
37712.7,453753
37712,453753
37710.7,453753
37711.2,453753
37711.8,453753
37712.3,453753
37711,453753
37710.6,453753
37710.5,453753
37708.8,453753
37711.1,453753
37712.9,453753
37713,453753
37709.8,453753
37711.4,453753
37711.6,453753
37708.5,453753
37705.9,453753
37711.4,453753
37712.1,453753
37712.7,453753
37711.2,453753
37712.9,453753
37709.6,453753
37712.9,453753
37712.6,453753
37712.7,453753
37714.2,453753
37712,453753
37711.6,453753
37711.2,453753
37712.4,453753
37713.5,453753
37711.6,453753
37713.2,453753
37714.2,453753
37712.9,453753
37710.9,453753
37711.2,453753
37713.2,453753
37712.1,453753
37713.1,453753
37709.6,453753
37711.8,453753
37706.1,453753
37704.2,453753
37712.9,453753
37709.9,453753
37712.1,453753
37714.1,453753
37713.3,453753
37710.6,453753
37712.8,453753
37711.4,453753
37714,453753
37711.8,453753
37711.5,453753
37711.4,453753
37710.8,453753
37712.2,453753
37711.1,453753
37711.3,453753
37713.2,453753
37711,453753
37712.7,453753
37711.6,453753
37712,453753
37710.8,453753
37709.2,453753
37712.2,453753
37712.6,453753
37712.6,453753
37713.8,453753
37714.1,453753
37712.6,453753
37710.2,453753
37714.5,453753
37711.7,453753
37711.4,453753
37712.3,453753
37713.3,453753
37712.3,453753
37713.8,453753
37712,453753
37712.3,453753
37709,453753
37710.9,453753
37711.9,453753
37712.1,453753
37711.8,453753
37709.9,453753
37708.2,453753
37702.8,453753
37711.4,453753
37710.7,453753
37714,453753
37709.3,453753
37711.5,453753
37710,453753
37711,453753
37710.8,453753
37713.9,453753
37712.4,453753
37694.6,453753
37714.1,453753
37712.7,453753
37709.2,453753
37710.8,453753
37710.3,453753
37711.9,453753
37711.4,453753
37709.9,453753
37707.2,453753
37711.4,453753
37711.6,453753
37713.4,453753
37712.5,453753
37715,453753
37711.8,453753
37712.9,453753
37712.6,453753
37713.7,453753
37712.5,453753
37712.6,453753
37711.2,453753
37710.3,453753
37703.7,453753
37713.2,453753
37706.3,453753
37705.5,453753
37710.8,453753
37708.4,453753
37714.1,453753
37710.5,453753
37713.7,453753
37714.3,453753
37713.9,453753
37711.7,453753
37708.8,453753
37711.9,453753
37712.3,453753
37713.8,453753
37709.6,453753
37710.8,453753
37711.1,453753
37669.6,453753
37611.6,453753
37691.3,453753
37708.1,453753
37708.7,453753
37708.3,453753
37712.2,453753
37711.4,453753
37711.9,453753
37712.7,453753
37710.7,453753
37701,453753
37708.8,453753
37708.7,453753
37711.5,453753
37714,453753
37709.9,453753
37708.8,453753
37710.1,453753
37710.2,453753
37712,453753
37713.9,453753
37712.3,453753
37712.9,453753
37714.4,453753
37714.7,453753
37709.1,453753
37712.6,453753
37713.5,453753
37713.6,453753
37713.8,453753
37712.5,453753
37713.1,453753
37713.6,453753
37714.9,453753
37712.7,453753
37709.6,453753
37711.9,453753
37713.2,453753
37711.2,453753
37711.2,453753
37711.7,453753
37714.5,453753
37712.1,453753
37712.7,453753
37706.3,453753
37696.9,453753
37710.9,453753
37709,453753
37707.4,453753
37710.2,453753
37711.4,453753
37710.5,453753
37710.4,453753
37711.6,453753
37713.8,453753
37711.1,453753
37710.7,453753
37713.2,453753
37711.3,453753
37708,453753
37709.2,453753
37713.9,453753
37710.6,453753
37708.6,453753
37713.2,453753
37711.6,453753
37710.6,453753
37712.9,453753
37709.4,453753
37709.8,453753
37712.7,453753
37712,453753
37709.2,453753
37708.5,453753
37714.1,453753
37713.8,453753
37713.7,453753
37713,453753
37710.8,453753
37708.3,453753
37714.5,453753
37711.5,453753
37713.6,453753
37712.6,453753
37712.5,453753
37712.7,453753
37710.9,453753
37711.7,453753
37713,453753
37711.6,453753
37714,453753
37712.1,453753
37710.4,453753
37707,453753
37710.1,453753
37710.3,453753
37709.2,453753
37711.5,453753
37713.2,453753
37712,453753
37710.5,453753
37710,453753
37710.8,453753
37710.2,453753
37712.2,453753
37712,453753
37714,453753
37713.2,453753
37712.1,453753
37714.7,453753
37713.6,453753
37713,453753
37711.5,453753
37712.8,453753
37710.9,453753
37712.8,453753
37713.8,453753
37712.6,453753
37712.5,453753
37712.5,453753
37715.2,453753
37713.6,453753
37711.5,453753
37709.9,453753
37709.2,453753
37709.8,453753
37713.1,453753
37707.6,453753
37712.6,453753
37712.2,453753
37710.2,453753
37710,453753
37710.7,453753
37710.6,453753
37711,453753
37710.5,453753
37712.3,453753
37712,453753
37711.3,453753
37711.1,453753
37710.9,453753
37709.9,453753
37714.3,453753
37714,453753
37712.2,453753
37711.2,453753
37708,453753
37709.5,453753
37714.1,453753
37713.3,453753
37712.4,453753
37714,453753
37712.8,453753
37710.9,453753
37706.9,453753
37712.1,453753
37706.3,453753
37713.1,453753
37712,453753
37714.4,453753
37712.2,453753
37711.1,453753
37711.8,453753
37713.3,453753
37705.9,453753
37708.2,453753
37708.7,453753
37712.5,453753
37704,453753
37713.4,453753
37711.5,453753
37712.1,453753
37713.4,453753
37712.8,453753
37714.6,453753
37713.7,453753
37712.2,453753
37715,453753
37709.8,453753
37713.1,453753
37715.3,453753
37712,453753
37714.5,453753
37711.8,453753
37713.1,453753
37712.6,453753
37713.6,453753
37711.6,453753
37713.1,453753
37712.7,453753
37709.9,453753
37708.4,453753
37714.3,453753
37711.4,453753
37712.5,453753
37711.4,453753
37712.5,453753
37712.5,453753
37712,453753
37701.6,453753
37706.9,453753
37710.2,453753
37712,453753
37713.9,453753
37713.4,453753
37712.4,453753
37712.8,453753
37712.4,453753
37714.9,453753
37712.6,453753
37709.9,453753
37707.7,453753
37712.5,453753
37711.6,453753
37711.7,453753
37711.8,453753
37714.2,453753
37714.4,453753
37715.4,453753
37711.8,453753
37710.5,453753
37709.8,453753
37706.6,453753
37716,453753
37712,453753
37711.5,453753
37704.5,453753
37707.2,453753
37698.5,453753
37713.3,453753
37711.1,453753
37713.7,453753
37707.5,453753
37712.5,453753
37713.1,453753
37713,453753
37712.1,453753
37713.9,453753
37712.2,453753
37712.7,453753
37713,453753
37712.5,453753
37709.8,453753
37713,453753
37714.4,453753
37715.8,453753
37714.5,453753
37713,453753
37713.5,453753
37712.2,453753
37709.9,453753
37712.7,453753
37712.8,453753
37713,453753
37711.2,453753
37712,453753
37710.3,453753
37709.1,453753
37710.9,453753
37712.6,453753
37711.8,453753
37707.1,453753
37711.5,453753
37712,453753
37713.6,453753
37712.7,453753
37709.2,453753
37714.9,453753
37713.4,453753
37712.1,453753
37712.6,453753
37712.3,453753
37712.3,453753
37711.5,453753
37713.6,453753
37714.5,453753
37713.8,453753
37712,453753
37709.3,453753
37698,453753
37710.2,453753
37708.7,453753
37712.5,453753
37708.1,453753
37704.4,453753
37711.6,453753
37712.7,453753
37708.9,453753
37706,453753
37708.1,453753
37710.2,453753
37704.6,453753
37711,453753
37710.9,453753
37713.1,453753
37707.2,453753
37714.5,453753
37703.5,453753
37708.9,453753
37710.7,453753
37709.6,453753
37713.5,453753
37710.7,453753
37711.7,453753
37712.3,453753
37713.6,453753
37714.6,453753
37711.7,453753
37713.9,453753
37711.7,453753
37711.9,453753
37709.9,453753
37706,453753
37703.8,453753
37711.1,453753
37713.1,453753
37710.2,453753
37710.9,453753
37710,453753
37711.4,453753
37713,453753
37713.2,453753
37714.4,453753
37714.5,453753
37714.5,453753
37712.3,453753
37712.9,453753
37713.5,453753
37712.5,453753
37712.9,453753
37711.1,453753
37713.3,453753
37713.3,453753
37711.4,453753
37710.8,453753
37711.3,453753
37712.2,453753
37713.4,453753
37714,453753
37713.3,453753
37713.2,453753
37711.9,453753
37711.4,453753
37710.7,453753
37712.5,453753
37714.1,453753
37712.6,453753
37706.5,453753
37711.8,453753
37713.7,453753
37712.5,453753
37706.6,453753
37709,453753
37713.2,453753
37713.3,453753
37714.5,453753
37712.1,453546
