TRACE,NSNPS_JACKKNIFE
37718.3,453753
37716,453753
37713.6,453753
37716.6,453753
37715.6,453753
37716.3,453753
37715.3,453753
37715.5,453753
37716,453753
37715.4,453753
37718.2,453753
37713.1,453753
37716.7,453753
37715.6,453753
37717.3,453753
37714.1,453753
37714.9,453753
37710.2,453753
37710.5,453753
37714.2,453753
37716.3,453753
37717,453753
37714,453753
37715,453753
37716.3,453753
37715.7,453753
37714.5,453753
37713.8,453753
37714.2,453753
37715.5,453753
37714.5,453753
37714.7,453753
37714.8,453753
37712.7,453753
37713.8,453753
37716.9,453753
37714.8,453753
37714.3,453753
37715.5,453753
37714.5,453753
37715.1,453753
37714.4,453753
37715.4,453753
37710.8,453753
37711.8,453753
37715.5,453753
37714.9,453753
37716.9,453753
37715.7,453753
37717.2,453753
37715.7,453753
37711.1,453753
37712.9,453753
37713.6,453753
37712.2,453753
37713.8,453753
37714.3,453753
37712.6,453753
37714.8,453753
37713.7,453753
37715.3,453753
37717.9,453753
37715.3,453753
37714.9,453753
37713.7,453753
37714.8,453753
37714.5,453753
37712.9,453753
37715.1,453753
37714,453753
37712.8,453753
37716.3,453753
37715.2,453753
37718.1,453753
37716.6,453753
37715.8,453753
37717.6,453753
37717.4,453753
37718.2,453753
37716.8,453753
37711.6,453753
37715.6,453753
37716.7,453753
37716.7,453753
37717.4,453753
37715.8,453753
37716,453753
37717,453753
37715.3,453753
37715.9,453753
37713.3,453753
37714.1,453753
37715.8,453753
37703.2,453753
37715.2,453753
37713.7,453753
37715.4,453753
37715.2,453753
37715.8,453753
37716.9,453753
37715.2,453753
37716.1,453753
37714.2,453753
37713.8,453753
37713.7,453753
37712.8,453753
37714.1,453753
37715.1,453753
37715.5,453753
37713.9,453753
37714.5,453753
37715.4,453753
37713.9,453753
37710.9,453753
37710.7,453753
37711.3,453753
37715.5,453753
37716.3,453753
37715.4,453753
37713.1,453753
37712.4,453753
37715.8,453753
37712.3,453753
37714.3,453753
37716.9,453753
37714.3,453753
37714,453753
37712.7,453753
37713.3,453753
37715.5,453753
37712,453753
37714.5,453753
37713.8,453753
37715.6,453753
37712.4,453753
37714.4,453753
37715.3,453753
37713.2,453753
37712.3,453753
37715.2,453753
37708.4,453753
37710.5,453753
37715.1,453753
37713.7,453753
37714,453753
37713.8,453753
37714.7,453753
37713.9,453753
37716.2,453753
37715.3,453753
37716,453753
37715.4,453753
37716.2,453753
37715.4,453753
37713.6,453753
37715.5,453753
37716.9,453753
37717.1,453753
37717.7,453753
37715.3,453753
37714.6,453753
37714.6,453753
37715.5,453753
37717.1,453753
37716.6,453753
37717.9,453753
37715.9,453753
37717.5,453753
37715.6,453753
37715.2,453753
37715.1,453753
37715.1,453753
37715.2,453753
37716,453753
37716.9,453753
37716,453753
37716.8,453753
37715.1,453753
37712.4,453753
37713,453753
37712.2,453753
37700,453753
37702.8,453753
37715.4,453753
37712.3,453753
37716.9,453753
37716.2,453753
37717.4,453753
37715.6,453753
37715.6,453753
37716.7,453753
37716.7,453753
37713.9,453753
37709.7,453753
37708.3,453753
37707.5,453753
37710.3,453753
37714.5,453753
37714.6,453753
37714.8,453753
37716,453753
37714.7,453753
37714.4,453753
37712.7,453753
37715.9,453753
37714.1,453753
37715.4,453753
37715.4,453753
37712.9,453753
37714.1,453753
37714.8,453753
37715.5,453753
37714.8,453753
37714.9,453753
37712.5,453753
37714.3,453753
37708.4,453753
37708.6,453753
37709.6,453753
37706.9,453753
37718.1,453753
37715.8,453753
37715.5,453753
37715.2,453753
37713.2,453753
37714.8,453753
37716.7,453753
37717,453753
37717.9,453753
37717.3,453753
37713.1,453753
37714.3,453753
37712.4,453753
37716.6,453753
37717.6,453753
37717.7,453753
37715.2,453753
37715.8,453753
37711.8,453753
37716.1,453753
37714,453753
37716,453753
37716,453753
37714.7,453753
37715.2,453753
37716.7,453753
37715.3,453753
37713.5,453753
37715.1,453753
37710.4,453753
37710.2,453753
37715,453753
37714.9,453753
37712.9,453753
37715,453753
37713.8,453753
37714.8,453753
37714.3,453753
37713.7,453753
37714.8,453753
37717.2,453753
37713.4,453753
37706.5,453753
37715.3,453753
37712.9,453753
37713.1,453753
37713,453753
37707.9,453753
37715.2,453753
37715.9,453753
37716.9,453753
37711.8,453753
37715.8,453753
37713.4,453753
37712.8,453753
37712.9,453753
37716.5,453753
37714.6,453753
37714.4,453753
37711,453753
37714.3,453753
37714.5,453753
37714.6,453753
37715.7,453753
37714,453753
37716.1,453753
37716.3,453753
37714.7,453753
37716.6,453753
37715.8,453753
37716.8,453753
37716,453753
37715.9,453753
37716,453753
37716.2,453753
37716.5,453753
37715.1,453753
37715.3,453753
37716.7,453753
37716.1,453753
37716.5,453753
37715.2,453753
37716.8,453753
37713.5,453753
37716.6,453753
37716.5,453753
37715.6,453753
37714.9,453753
37715.6,453753
37717,453753
37715.7,453753
37714.9,453753
37711.7,453753
37706.6,453753
37701.9,453753
37713.4,453753
37714.9,453753
37712.2,453753
37712.9,453753
37714.6,453753
37714.5,453753
37714.4,453753
37715.6,453753
37714.9,453753
37714.5,453753
37711.1,453753
37713.6,453753
37713.9,453753
37713,453753
37711.6,453753
37706,453753
37714.6,453753
37715,453753
37715.2,453753
37713.3,453753
37716.8,453753
37713.7,453753
37714.1,453753
37717.3,453753
37712.4,453753
37710.9,453753
37715.1,453753
37707,453753
37707.8,453753
37715.1,453753
37715.1,453753
37715.7,453753
37713.7,453753
37713.3,453753
37696.5,453753
37716.5,453753
37713.1,453753
37716.8,453753
37716,453753
37716.9,453753
37716.9,453753
37716.9,453753
37715.6,453753
37715.4,453753
37713.3,453753
37714.6,453753
37717.7,453753
37716.1,453753
37716.2,453753
37715.5,453753
37716.6,453753
37715.4,453753
37716.8,453753
37715.1,453753
37714.5,453753
37716.1,453753
37712.4,453753
37714.2,453753
37713.7,453753
37716,453753
37715.5,453753
37714,453753
37708.6,453753
37712.8,453753
37714.4,453753
37705.3,453753
37709.2,453753
37714.4,453753
37715.1,453753
37713.6,453753
37710.4,453753
37713,453753
37710,453753
37712.6,453753
37716,453753
37715.4,453753
37713.4,453753
37713,453753
37714,453753
37715.7,453753
37711.9,453753
37712.1,453753
37710.1,453753
37710.4,453753
37715.2,453753
37714.1,453753
37714.9,453753
37716.5,453753
37713.3,453753
37716.8,453753
37702.5,453753
37714.6,453753
37712.7,453753
37714.6,453753
37717.4,453753
37717,453753
37714.8,453753
37716.5,453753
37715.9,453753
37717.2,453753
37716.4,453753
37717.2,453753
37716.3,453753
37712.2,453753
37713.2,453753
37713,453753
37715.5,453753
37717.6,453753
37714.9,453753
37716.6,453753
37716.1,453753
37716.5,453753
37715.3,453753
37713.2,453753
37713.4,453753
37716,453753
37714.6,453753
37709.1,453753
37714.5,453753
37714.7,453753
37716,453753
37715.9,453753
37713.5,453753
37713.7,453753
37713.4,453753
37712.7,453753
37711.2,453753
37700,453753
37715.8,453753
37714.1,453753
37715.5,453753
37716.4,453753
37717.1,453753
37714.1,453753
37710.8,453753
37714.4,453753
37715.1,453753
37711.8,453753
37713.1,453753
37714.2,453753
37714.2,453753
37714.8,453753
37715.8,453753
37714,453753
37712.1,453753
37711.2,453753
37714.8,453753
37716.1,453753
37713.8,453753
37716.7,453753
37715.9,453753
37714.7,453753
37714.4,453753
37715.4,453753
37714.6,453753
37716.2,453753
37717.4,453753
37715.7,453753
37713.4,453753
37711.1,453753
37714.8,453753
37713.4,453753
37715,453753
37715.5,453753
37711,453753
37699.3,453753
37704.9,453753
37715.2,453753
37716.5,453753
37714.6,453753
37713.6,453753
37714.1,453753
37711.1,453753
37715.9,453753
37715.6,453753
37716.2,453753
37713.3,453753
37714.7,453753
37717,453753
37708,453753
37713.6,453753
37715,453753
37715.1,453753
37715.2,453753
37715,453753
37715.2,453753
37715.9,453753
37715.3,453753
37715.4,453753
37713.3,453753
37714.6,453753
37711.5,453753
37713.2,453753
37714.6,453753
37717.1,453753
37714.3,453753
37713,453753
37715,453753
37711.3,453753
37714.4,453753
37718,453753
37716.6,453753
37716,453753
37717.1,453753
37717,453753
37714.9,453753
37715.3,453753
37715.1,453753
37716.1,453753
37715.9,453753
37715.6,453753
37714.5,453753
37715.2,453753
37716.4,453753
37716.7,453753
37715.4,453753
37717.6,453753
37717.9,453753
37715.7,453753
37716.6,453753
37713,453753
37715.5,453753
37714.1,453753
37716.7,453753
37714.1,453753
37713.4,453753
37709.5,453753
37705.3,453753
37715.7,453753
37712.4,453753
37715.3,453753
37715.4,453753
37714.7,453753
37714.4,453753
37716.1,453753
37715.1,453753
37716.6,453753
37716.2,453753
37713.8,453753
37709.3,453753
37714.5,453753
37714.9,453753
37714.6,453753
37715.5,453753
37715.5,453753
37713,453753
37713.4,453753
37714.1,453753
37716.2,453753
37714.7,453753
37714.9,453753
37715.6,453753
37716.5,453753
37716.6,453753
37714.6,453753
37716.1,453753
37715,453753
37715.4,453753
37716.5,453753
37715.9,453753
37715.4,453753
37716.7,453753
37716.4,453753
37715.4,453753
37716.9,453753
37714.7,453753
37716.5,453753
37713.3,453753
37715,453753
37715.1,453753
37714.5,453753
37715.5,453753
37713.9,453753
37711.5,453753
37704.6,453753
37713.9,453753
37715.6,453753
37715.8,453753
37712.5,453753
37715.2,453753
37714.1,453753
37714.3,453753
37713,453753
37715.6,453753
37715.4,453753
37698.9,453753
37716.9,453753
37715.4,453753
37714.7,453753
37715.7,453753
37714.6,453753
37712.7,453753
37714.3,453753
37713.8,453753
37709.3,453753
37715,453753
37712.9,453753
37716.1,453753
37715.6,453753
37717,453753
37715.6,453753
37717.5,453753
37716.8,453753
37715.1,453753
37714.3,453753
37717.8,453753
37714.5,453753
37712.1,453753
37702.7,453753
37715.1,453753
37709.7,453753
37708.3,453753
37713.4,453753
37713.4,453753
37717.8,453753
37714.2,453753
37716,453753
37716.2,453753
37718.4,453753
37715.5,453753
37713.9,453753
37712.8,453753
37714.7,453753
37715.1,453753
37715.1,453753
37716.2,453753
37714.7,453753
37667.7,453753
37575.3,453753
37692.5,453753
37713.4,453753
37712.6,453753
37709.9,453753
37716.4,453753
37714.3,453753
37714.9,453753
37715.7,453753
37712.8,453753
37706.3,453753
37712.3,453753
37714.1,453753
37715.1,453753
37716.4,453753
37713.9,453753
37711.9,453753
37712.6,453753
37713.4,453753
37716,453753
37715.9,453753
37716.2,453753
37715.5,453753
37717.5,453753
37716.4,453753
37712.4,453753
37717.4,453753
37715.6,453753
37716,453753
37715.9,453753
37715.4,453753
37716,453753
37714.9,453753
37717.2,453753
37716,453753
37715.6,453753
37715.4,453753
37716.4,453753
37714.3,453753
37714.3,453753
37714.7,453753
37716,453753
37715.4,453753
37714.6,453753
37710.1,453753
37699.3,453753
37714.4,453753
37714.9,453753
37712.4,453753
37714.2,453753
37713.7,453753
37713.6,453753
37713.2,453753
37714.4,453753
37716.5,453753
37714.8,453753
37716.3,453753
37716.3,453753
37715.6,453753
37711.7,453753
37711.2,453753
37714.7,453753
37713.4,453753
37715,453753
37715.8,453753
37714,453753
37714.4,453753
37715,453753
37715.8,453753
37714.6,453753
37716.7,453753
37716.4,453753
37713.1,453753
37711.2,453753
37715.2,453753
37717.8,453753
37717.8,453753
37717.3,453753
37714.1,453753
37711,453753
37716.9,453753
37715.1,453753
37714.3,453753
37716.5,453753
37716.7,453753
37717.5,453753
37716,453753
37715.9,453753
37715.8,453753
37716.4,453753
37717.1,453753
37714,453753
37714.6,453753
37711.2,453753
37712.4,453753
37712.5,453753
37712.9,453753
37713.8,453753
37715.4,453753
37714,453753
37713.8,453753
37712,453753
37711.8,453753
37714.1,453753
37716,453753
37714.2,453753
37714.7,453753
37717.7,453753
37716.5,453753
37718,453753
37716.7,453753
37717.5,453753
37714.3,453753
37716.1,453753
37716.3,453753
37715.3,453753
37717.6,453753
37715.5,453753
37715.3,453753
37715.7,453753
37716.4,453753
37715.5,453753
37714,453753
37713.3,453753
37713,453753
37716,453753
37714.2,453753
37707.6,453753
37715.6,453753
37713.4,453753
37713.9,453753
37713.6,453753
37711.2,453753
37713.6,453753
37715.7,453753
37714,453753
37714.9,453753
37717.6,453753
37717.1,453753
37716.7,453753
37716.9,453753
37714.9,453753
37717,453753
37716.2,453753
37716.1,453753
37716.3,453753
37713.7,453753
37714.9,453753
37717,453753
37716.7,453753
37716.9,453753
37716.8,453753
37716.4,453753
37714.1,453753
37711.8,453753
37714.9,453753
37711.8,453753
37714.3,453753
37715.2,453753
37716.6,453753
37715.5,453753
37713.7,453753
37715.6,453753
37716.9,453753
37709,453753
37711.2,453753
37710.9,453753
37715.5,453753
37707.4,453753
37716.2,453753
37716.5,453753
37714.3,453753
37717.6,453753
37716.2,453753
37716.4,453753
37717.3,453753
37715.5,453753
37717.4,453753
37711.7,453753
37716.8,453753
37717.9,453753
37715.5,453753
37716.8,453753
37715,453753
37715.7,453753
37716.3,453753
37717.4,453753
37714,453753
37714.8,453753
37715.7,453753
37714.6,453753
37712.3,453753
37716,453753
37715.7,453753
37716,453753
37714.8,453753
37714.1,453753
37715.9,453753
37715.1,453753
37708.1,453753
37710.9,453753
37713.3,453753
37714.7,453753
37715.8,453753
37716.7,453753
37714.3,453753
37716.9,453753
37714.4,453753
37717.6,453753
37716.8,453753
37715.8,453753
37712.8,453753
37715.8,453753
37717.3,453753
37714.9,453753
37714.2,453753
37718.2,453753
37717.3,453753
37717.5,453753
37715,453753
37712.8,453753
37711.6,453753
37713,453753
37716.2,453753
37716.2,453753
37713.8,453753
37710.6,453753
37710.8,453753
37702.1,453753
37716.5,453753
37715.6,453753
37717.6,453753
37713.1,453753
37714.5,453753
37717.1,453753
37716.4,453753
37717.2,453753
37716.8,453753
37715.7,453753
37717.9,453753
37715.5,453753
37714.6,453753
37715.3,453753
37716.1,453753
37717.5,453753
37718.2,453753
37717.5,453753
37717.7,453753
37717.1,453753
37716.5,453753
37713.7,453753
37716,453753
37717.1,453753
37717.6,453753
37714.1,453753
37715.5,453753
37715.5,453753
37713.6,453753
37714.1,453753
37713.7,453753
37715.2,453753
37712.2,453753
37716.3,453753
37716.5,453753
37716.2,453753
37716.3,453753
37716.1,453753
37715.9,453753
37715.9,453753
37716.1,453753
37715.4,453753
37717.1,453753
37716.2,453753
37714.1,453753
37717.6,453753
37717,453753
37717,453753
37716.3,453753
37712,453753
37704.7,453753
37713.8,453753
37715.1,453753
37716.1,453753
37713.3,453753
37706.6,453753
37715.2,453753
37717.1,453753
37714.4,453753
37712.1,453753
37710.9,453753
37711.5,453753
37706.7,453753
37713.5,453753
37715.5,453753
37716.9,453753
37714.4,453753
37718.4,453753
37704.9,453753
37710.8,453753
37714.6,453753
37715.3,453753
37716.1,453753
37712.6,453753
37716.1,453753
37717.6,453753
37717.2,453753
37716.1,453753
37716.3,453753
37716.8,453753
37715.3,453753
37716.2,453753
37714.3,453753
37711.5,453753
37707.6,453753
37712.4,453753
37715.6,453753
37715.6,453753
37711.5,453753
37715,453753
37716.1,453753
37717,453753
37716.5,453753
37717,453753
37717,453753
37717.5,453753
37716.3,453753
37714.2,453753
37717.1,453753
37717.5,453753
37716.2,453753
37715.8,453753
37716.6,453753
37715.5,453753
37714.3,453753
37715.5,453753
37714.9,453753
37714.7,453753
37717.2,453753
37717.2,453753
37716.8,453753
37713.5,453753
37711.3,453753
37716.4,453753
37715.8,453753
37715.5,453753
37716.4,453753
37716.3,453753
37710.4,453753
37714.9,453753
37717.2,453753
37715.5,453753
37713.2,453753
37712.1,453753
37717.6,453753
37716.2,453753
37715.3,453753
37716,453546
