TRACE,NSNPS_JACKKNIFE
37706,453753
37704.6,453753
37704.2,453753
37703.6,453753
37703.2,453753
37703.7,453753
37703.3,453753
37702,453753
37704.6,453753
37703.5,453753
37703.3,453753
37701.4,453753
37703.7,453753
37702.7,453753
37705.5,453753
37704.2,453753
37702.5,453753
37699,453753
37701.1,453753
37701.9,453753
37704.3,453753
37704.6,453753
37704.4,453753
37704.8,453753
37703.4,453753
37703.7,453753
37701.1,453753
37700.2,453753
37705.8,453753
37703.7,453753
37704,453753
37704.3,453753
37702,453753
37702.5,453753
37703.2,453753
37704,453753
37702.1,453753
37702.5,453753
37703.1,453753
37702.4,453753
37703.9,453753
37704.1,453753
37703,453753
37699.4,453753
37701.9,453753
37701.5,453753
37704.9,453753
37703.8,453753
37705.9,453753
37703.3,453753
37704.9,453753
37698.8,453753
37700.4,453753
37702.4,453753
37701.5,453753
37703.8,453753
37702.7,453753
37700.5,453753
37701.5,453753
37700.5,453753
37704.3,453753
37704.3,453753
37704.2,453753
37703.8,453753
37704.2,453753
37703.3,453753
37704.1,453753
37700.1,453753
37702.3,453753
37703.3,453753
37697.8,453753
37704.9,453753
37703.6,453753
37705,453753
37705.2,453753
37704.9,453753
37706.1,453753
37704.9,453753
37705.3,453753
37702.8,453753
37699.3,453753
37704.5,453753
37705,453753
37705.5,453753
37705.7,453753
37704.9,453753
37704.4,453753
37705,453753
37702.7,453753
37703.9,453753
37699.3,453753
37699.5,453753
37702.8,453753
37695.4,453753
37703.5,453753
37702.7,453753
37701,453753
37702.7,453753
37704.8,453753
37704.8,453753
37701.6,453753
37702.7,453753
37702.6,453753
37702.1,453753
37700,453753
37700,453753
37703.5,453753
37705.1,453753
37704.4,453753
37702.2,453753
37704.2,453753
37703.1,453753
37703.6,453753
37699.1,453753
37699.8,453753
37697.3,453753
37703.2,453753
37705.1,453753
37702.2,453753
37701.5,453753
37701.7,453753
37705.8,453753
37702.3,453753
37704.2,453753
37704.4,453753
37702.4,453753
37703.7,453753
37702.6,453753
37703.6,453753
37703.6,453753
37702.4,453753
37703.4,453753
37703.6,453753
37704.5,453753
37700.5,453753
37704.5,453753
37704,453753
37703.5,453753
37701.6,453753
37701.9,453753
37698.7,453753
37696.8,453753
37701.6,453753
37701.4,453753
37701.5,453753
37702.4,453753
37703.6,453753
37703.1,453753
37703.7,453753
37703.7,453753
37703.9,453753
37703.5,453753
37704,453753
37703.2,453753
37703.5,453753
37703.6,453753
37703,453753
37704.4,453753
37703.9,453753
37704.1,453753
37704.9,453753
37702.2,453753
37703.2,453753
37705.1,453753
37706.7,453753
37705.6,453753
37705.1,453753
37704.6,453753
37703.3,453753
37704.1,453753
37703.8,453753
37704,453753
37705,453753
37705,453753
37703,453753
37703.3,453753
37703.6,453753
37700.3,453753
37703.2,453753
37703.8,453753
37702.9,453753
37687,453753
37689.7,453753
37703.8,453753
37701.5,453753
37704.8,453753
37703.1,453753
37705.3,453753
37705,453753
37703.4,453753
37706.2,453753
37705,453753
37699.6,453753
37693.4,453753
37695.3,453753
37695.4,453753
37697.1,453753
37699.8,453753
37703.3,453753
37703.3,453753
37700.6,453753
37703.8,453753
37704.4,453753
37699.9,453753
37703,453753
37703.6,453753
37701.5,453753
37702.8,453753
37700,453753
37697.9,453753
37701.5,453753
37703.6,453753
37706.4,453753
37703.6,453753
37702,453753
37701.8,453753
37697.3,453753
37699.6,453753
37699,453753
37698.9,453753
37707.1,453753
37703.9,453753
37705.1,453753
37702.8,453753
37700.9,453753
37704.4,453753
37705.5,453753
37704.6,453753
37705.2,453753
37704.9,453753
37702.8,453753
37701.3,453753
37701,453753
37705.6,453753
37704.3,453753
37704,453753
37703.1,453753
37703.1,453753
37699.6,453753
37703.3,453753
37702.8,453753
37706.6,453753
37705.5,453753
37703.5,453753
37704.4,453753
37703.3,453753
37701.1,453753
37704.3,453753
37703.6,453753
37699.5,453753
37700.4,453753
37704,453753
37705.4,453753
37701.6,453753
37703.3,453753
37701.2,453753
37701.8,453753
37701.9,453753
37701.4,453753
37702.8,453753
37705.6,453753
37701.8,453753
37694,453753
37703.3,453753
37703,453753
37701.8,453753
37703.3,453753
37695.5,453753
37702.8,453753
37701.5,453753
37704.9,453753
37698.6,453753
37704,453753
37702.5,453753
37702.4,453753
37699.8,453753
37704.1,453753
37705,453753
37702.5,453753
37701.2,453753
37702.3,453753
37701.9,453753
37702.8,453753
37703.2,453753
37701,453753
37705,453753
37703.6,453753
37703.2,453753
37704.6,453753
37704.4,453753
37706,453753
37703.7,453753
37705.2,453753
37704.4,453753
37704,453753
37704.5,453753
37704.2,453753
37703,453753
37705.2,453753
37705.4,453753
37705.7,453753
37704.8,453753
37705.4,453753
37702.2,453753
37705.7,453753
37705,453753
37703,453753
37703.3,453753
37703.4,453753
37706.3,453753
37704.5,453753
37701.9,453753
37700.2,453753
37698.2,453753
37691.4,453753
37702.2,453753
37702.4,453753
37700.2,453753
37702.4,453753
37702.4,453753
37703.2,453753
37705.6,453753
37703.9,453753
37703.1,453753
37703.7,453753
37704.3,453753
37700.5,453753
37703.7,453753
37701.6,453753
37703.1,453753
37695.9,453753
37702.5,453753
37703.4,453753
37705.4,453753
37703,453753
37703.4,453753
37700.8,453753
37703.9,453753
37703.7,453753
37701,453753
37698.6,453753
37702.2,453753
37695.3,453753
37695.9,453753
37703.2,453753
37701.9,453753
37705,453753
37701.9,453753
37702.7,453753
37691.9,453753
37703.5,453753
37704.1,453753
37703.2,453753
37707,453753
37706,453753
37704.7,453753
37704.8,453753
37703.2,453753
37704.7,453753
37704.1,453753
37703.2,453753
37705,453753
37703.8,453753
37704.8,453753
37702.6,453753
37704.2,453753
37704.3,453753
37706.6,453753
37704.1,453753
37704.6,453753
37703.5,453753
37702.7,453753
37703.7,453753
37703.8,453753
37703,453753
37703.7,453753
37701.5,453753
37698.2,453753
37701.2,453753
37699.4,453753
37690.5,453753
37699,453753
37700.9,453753
37704.5,453753
37701.4,453753
37698.8,453753
37701.4,453753
37697.8,453753
37702.1,453753
37704.2,453753
37703.9,453753
37699.7,453753
37703,453753
37703.3,453753
37703.3,453753
37702.3,453753
37701.9,453753
37697.2,453753
37699.4,453753
37702.5,453753
37702.6,453753
37704.7,453753
37702.4,453753
37703.7,453753
37705.3,453753
37697.8,453753
37702.6,453753
37702.1,453753
37702.6,453753
37704,453753
37704.2,453753
37704.2,453753
37703.1,453753
37704.2,453753
37706.1,453753
37704,453753
37704.2,453753
37703,453753
37701.8,453753
37701.8,453753
37703.5,453753
37703.8,453753
37704,453753
37701.8,453753
37703.5,453753
37703.4,453753
37704.1,453753
37704.5,453753
37702.5,453753
37702.5,453753
37703.5,453753
37704.3,453753
37698.7,453753
37703.9,453753
37703.7,453753
37704.4,453753
37704.1,453753
37701.4,453753
37704,453753
37700.7,453753
37701.9,453753
37699.7,453753
37690.8,453753
37703,453753
37701.1,453753
37704.9,453753
37704.3,453753
37704.1,453753
37701.3,453753
37701.5,453753
37703.4,453753
37703.1,453753
37702.1,453753
37701.6,453753
37705.6,453753
37702.7,453753
37704.6,453753
37704.1,453753
37700.9,453753
37699.4,453753
37701,453753
37702.7,453753
37704.6,453753
37700.5,453753
37704.3,453753
37704.3,453753
37702.8,453753
37704.1,453753
37705.2,453753
37702.9,453753
37706.3,453753
37704.8,453753
37704.6,453753
37701.8,453753
37701.7,453753
37701,453753
37701.9,453753
37704.3,453753
37704.9,453753
37696.5,453753
37677.6,453753
37686.1,453753
37703.4,453753
37704.3,453753
37703.7,453753
37702.5,453753
37704,453753
37698.6,453753
37703.7,453753
37703.7,453753
37703.8,453753
37703.2,453753
37704.7,453753
37704.2,453753
37694.8,453753
37700,453753
37702,453753
37702.5,453753
37703.6,453753
37701.7,453753
37701.3,453753
37702.4,453753
37704.2,453753
37702.2,453753
37701.8,453753
37704.8,453753
37700.3,453753
37702.4,453753
37703.2,453753
37703.2,453753
37703.9,453753
37702.9,453753
37703.1,453753
37700.1,453753
37700.5,453753
37703.5,453753
37705.3,453753
37704.6,453753
37705.4,453753
37705.5,453753
37702.2,453753
37703.7,453753
37704.6,453753
37704,453753
37704.8,453753
37704.5,453753
37703,453753
37701.7,453753
37706,453753
37704.7,453753
37702.9,453753
37704.9,453753
37705.4,453753
37704.5,453753
37704,453753
37701.9,453753
37703.9,453753
37702.3,453753
37704.8,453753
37701.8,453753
37702.9,453753
37699.8,453753
37697.2,453753
37704.3,453753
37704.1,453753
37705.1,453753
37705.4,453753
37703.7,453753
37703.5,453753
37702.3,453753
37703.6,453753
37704.1,453753
37703.1,453753
37701.5,453753
37700.8,453753
37703.3,453753
37702.9,453753
37705.4,453753
37705,453753
37704.2,453753
37701.8,453753
37701.6,453753
37704,453753
37704.6,453753
37702.2,453753
37701.3,453753
37704,453753
37702.9,453753
37705,453753
37703.6,453753
37705.5,453753
37704,453753
37703.4,453753
37703.9,453753
37704.2,453753
37704.4,453753
37704.2,453753
37704.3,453753
37704.9,453753
37703.5,453753
37704.1,453753
37704.1,453753
37701.9,453753
37702.4,453753
37703,453753
37703.9,453753
37706.3,453753
37702.2,453753
37699.2,453753
37696.1,453753
37701.1,453753
37702.1,453753
37702,453753
37699.1,453753
37705.2,453753
37701.3,453753
37703.4,453753
37701.5,453753
37703.8,453753
37702.3,453753
37688.3,453753
37704.6,453753
37705.7,453753
37702.2,453753
37704,453753
37703.2,453753
37703.6,453753
37702,453753
37701.3,453753
37697.5,453753
37702.9,453753
37703.5,453753
37705.7,453753
37705,453753
37705,453753
37703.7,453753
37704.2,453753
37704.5,453753
37705.5,453753
37705.5,453753
37704.3,453753
37705.6,453753
37703.5,453753
37695.1,453753
37705.8,453753
37699.6,453753
37696.1,453753
37702.3,453753
37702.1,453753
37704.5,453753
37703.3,453753
37704.4,453753
37704.9,453753
37705.7,453753
37703.7,453753
37702.8,453753
37701.8,453753
37703,453753
37706.2,453753
37702.7,453753
37701.4,453753
37702.4,453753
37659.8,453753
37590.4,453753
37680.1,453753
37702,453753
37700.4,453753
37701.2,453753
37704.8,453753
37701.6,453753
37704.2,453753
37705.4,453753
37702.7,453753
37694.2,453753
37702,453753
37701.3,453753
37701.8,453753
37705.3,453753
37702.7,453753
37702.7,453753
37700.3,453753
37701.6,453753
37704.1,453753
37704.9,453753
37705.1,453753
37704.5,453753
37706,453753
37704.1,453753
37701.4,453753
37704.2,453753
37703.3,453753
37705.2,453753
37706,453753
37703.7,453753
37704.3,453753
37706,453753
37707.2,453753
37705.2,453753
37704.1,453753
37703.4,453753
37703,453753
37701.8,453753
37704.4,453753
37703.9,453753
37704.7,453753
37704.2,453753
37704.3,453753
37698.9,453753
37690.1,453753
37702.1,453753
37701.7,453753
37700.7,453753
37701.2,453753
37703.6,453753
37701,453753
37702.6,453753
37703.4,453753
37705.4,453753
37703.2,453753
37701.8,453753
37704.4,453753
37703.6,453753
37698.8,453753
37700.5,453753
37704.3,453753
37703.5,453753
37701.9,453753
37704.7,453753
37703.2,453753
37704.3,453753
37704,453753
37702.7,453753
37703.5,453753
37704.6,453753
37705.1,453753
37701.3,453753
37699,453753
37705.3,453753
37705.2,453753
37704.2,453753
37704.5,453753
37704.1,453753
37702,453753
37705.5,453753
37703.7,453753
37702.2,453753
37705.4,453753
37705.9,453753
37705.5,453753
37703.1,453753
37703.7,453753
37703.7,453753
37704.2,453753
37704.1,453753
37703.1,453753
37699.7,453753
37698.4,453753
37701.3,453753
37703.9,453753
37702.1,453753
37702.9,453753
37703.8,453753
37702.1,453753
37703.1,453753
37703.7,453753
37701.4,453753
37703.2,453753
37704.6,453753
37704,453753
37704.7,453753
37706.3,453753
37705.9,453753
37705.9,453753
37705.5,453753
37706.6,453753
37704.7,453753
37703.8,453753
37703.8,453753
37706.1,453753
37705.4,453753
37704.7,453753
37703.1,453753
37706.6,453753
37705.3,453753
37704.6,453753
37702.3,453753
37698.8,453753
37699.7,453753
37702.1,453753
37703.8,453753
37696.6,453753
37704.8,453753
37700.8,453753
37702.4,453753
37700.4,453753
37700.3,453753
37699.8,453753
37704.2,453753
37704.6,453753
37704.5,453753
37703.2,453753
37703.4,453753
37704.3,453753
37704.4,453753
37703.3,453753
37704,453753
37704.8,453753
37706,453753
37704.9,453753
37702,453753
37704.8,453753
37705.9,453753
37704.6,453753
37705.5,453753
37705.6,453753
37705.7,453753
37703.7,453753
37700.8,453753
37703.4,453753
37698.5,453753
37701.7,453753
37704.1,453753
37705.1,453753
37703.8,453753
37704.4,453753
37704.4,453753
37704.9,453753
37697.6,453753
37699.9,453753
37702.2,453753
37704,453753
37694.5,453753
37703.4,453753
37704.4,453753
37704.5,453753
37706.5,453753
37705,453753
37706.1,453753
37705,453753
37702.2,453753
37706.2,453753
37701.8,453753
37701.3,453753
37704.4,453753
37704.7,453753
37705.4,453753
37703,453753
37705.1,453753
37705.3,453753
37703.9,453753
37703.5,453753
37703.6,453753
37704.2,453753
37703,453753
37701,453753
37705,453753
37702,453753
37703.8,453753
37703.5,453753
37703.8,453753
37703.1,453753
37704.1,453753
37699.1,453753
37698,453753
37702.9,453753
37703.5,453753
37704.3,453753
37704,453753
37704.1,453753
37704.3,453753
37704.5,453753
37704.7,453753
37705.5,453753
37702.5,453753
37700.4,453753
37702.8,453753
37703.8,453753
37703.7,453753
37702.1,453753
37705.1,453753
37705.5,453753
37705.3,453753
37704.5,453753
37703.2,453753
37700.7,453753
37699.8,453753
37706.1,453753
37704.1,453753
37701,453753
37696.5,453753
37699.3,453753
37692.8,453753
37705.5,453753
37702.3,453753
37704,453753
37700.4,453753
37703.1,453753
37704.1,453753
37704.9,453753
37705.1,453753
37706,453753
37703.8,453753
37705.6,453753
37703.5,453753
37705,453753
37701.6,453753
37702.2,453753
37705.2,453753
37704.6,453753
37707.2,453753
37704.1,453753
37704.6,453753
37703.5,453753
37703,453753
37703.5,453753
37703.3,453753
37703.3,453753
37704.3,453753
37704.3,453753
37706.3,453753
37700,453753
37702.1,453753
37703.6,453753
37702.2,453753
37701.6,453753
37703.1,453753
37704.8,453753
37704.5,453753
37703.5,453753
37703.3,453753
37704.4,453753
37704.5,453753
37704.7,453753
37704.5,453753
37704.6,453753
37704.9,453753
37703.9,453753
37704.9,453753
37704.1,453753
37705,453753
37703.8,453753
37703.4,453753
37693.7,453753
37701.9,453753
37705.1,453753
37703.5,453753
37700.6,453753
37695,453753
37700.5,453753
37704.9,453753
37702.5,453753
37699.3,453753
37701.5,453753
37702.9,453753
37694.1,453753
37703.5,453753
37704.1,453753
37704.2,453753
37704.9,453753
37704.9,453753
37694.6,453753
37700.6,453753
37704.2,453753
37701.7,453753
37706.5,453753
37702.8,453753
37704.7,453753
37705,453753
37706.1,453753
37703.6,453753
37703.2,453753
37704.2,453753
37703.3,453753
37703.7,453753
37703.9,453753
37699.7,453753
37697.5,453753
37702.9,453753
37703.3,453753
37703.5,453753
37702.8,453753
37702.2,453753
37704.8,453753
37704.6,453753
37705.6,453753
37705.2,453753
37704.9,453753
37707.2,453753
37704.9,453753
37703.7,453753
37706.2,453753
37706.3,453753
37705.6,453753
37705.2,453753
37705.1,453753
37704.5,453753
37704.3,453753
37703.3,453753
37703.1,453753
37703.9,453753
37704.4,453753
37707.2,453753
37704.4,453753
37704.9,453753
37700.4,453753
37703.4,453753
37704.9,453753
37704.1,453753
37704.9,453753
37704.1,453753
37700.9,453753
37703.1,453753
37706,453753
37704.8,453753
37696.9,453753
37699.4,453753
37705.7,453753
37704.8,453753
37706.7,453753
37707.4,453546
