TRACE,NSNPS_JACKKNIFE
37579.9,453753
37578.6,453753
37578.3,453753
37577,453753
37577.1,453753
37580.6,453753
37577.3,453753
37574.7,453753
37576.6,453753
37578,453753
37578.5,453753
37575.8,453753
37578.2,453753
37575.7,453753
37578.3,453753
37578.2,453753
37576.3,453753
37571,453753
37573.8,453753
37575.2,453753
37578.1,453753
37579.4,453753
37577.6,453753
37575.5,453753
37578.6,453753
37577,453753
37575.4,453753
37576.1,453753
37576.4,453753
37577.3,453753
37576.8,453753
37577,453753
37577.4,453753
37575.9,453753
37577.6,453753
37578.1,453753
37576,453753
37575.9,453753
37577.4,453753
37577.5,453753
37579.2,453753
37576.9,453753
37576.3,453753
37571.9,453753
37573.8,453753
37577.9,453753
37578.1,453753
37577.6,453753
37577.8,453753
37580,453753
37577.1,453753
37574.6,453753
37574.6,453753
37576.9,453753
37574.8,453753
37577.2,453753
37576.8,453753
37573.6,453753
37576.2,453753
37576,453753
37576.9,453753
37579.3,453753
37578.8,453753
37577.2,453753
37575.8,453753
37576.4,453753
37577.1,453753
37575.5,453753
37576.3,453753
37574.6,453753
37571.3,453753
37577.4,453753
37577.6,453753
37579.9,453753
37577.4,453753
37579.6,453753
37577.2,453753
37577,453753
37579.5,453753
37577.7,453753
37574.3,453753
37577.4,453753
37577.7,453753
37579.4,453753
37580.4,453753
37578.6,453753
37579.2,453753
37579.9,453753
37576.6,453753
37578.1,453753
37577.4,453753
37573.9,453753
37577.5,453753
37562.9,453753
37577.6,453753
37575.6,453753
37574.5,453753
37576.3,453753
37578.3,453753
37577.5,453753
37574.4,453753
37576.2,453753
37577.5,453753
37574.5,453753
37574.1,453753
37575.1,453753
37576.5,453753
37578.8,453753
37578.1,453753
37576.5,453753
37578.9,453753
37575.7,453753
37574.9,453753
37574.7,453753
37574.5,453753
37574.6,453753
37578.7,453753
37577.3,453753
37575.8,453753
37573.6,453753
37576.5,453753
37579.1,453753
37574.9,453753
37577,453753
37577.6,453753
37578.4,453753
37575.9,453753
37576.9,453753
37573.8,453753
37576.4,453753
37576.7,453753
37575.7,453753
37574.6,453753
37576.1,453753
37576,453753
37576.7,453753
37577.5,453753
37578,453753
37572.3,453753
37576.9,453753
37571.2,453753
37568.6,453753
37575,453753
37573.6,453753
37575,453753
37573.9,453753
37576.2,453753
37576.7,453753
37577.5,453753
37576.8,453753
37575.1,453753
37577.6,453753
37577.9,453753
37575.8,453753
37576.3,453753
37576.4,453753
37577.3,453753
37578.3,453753
37578.9,453753
37578.3,453753
37575.5,453753
37577.8,453753
37578.3,453753
37578.5,453753
37580.2,453753
37578.5,453753
37578.6,453753
37579,453753
37577.4,453753
37576.3,453753
37576.6,453753
37576.5,453753
37577.5,453753
37577.4,453753
37577.7,453753
37576.2,453753
37576.5,453753
37576.9,453753
37576.1,453753
37575.1,453753
37575.7,453753
37562.3,453753
37565.5,453753
37578,453753
37575.8,453753
37578.6,453753
37577.6,453753
37578.3,453753
37577.7,453753
37577.8,453753
37577.8,453753
37577.4,453753
37574.8,453753
37569.9,453753
37568.8,453753
37568.5,453753
37571.1,453753
37575.9,453753
37578.2,453753
37576.7,453753
37575.9,453753
37578.3,453753
37577.1,453753
37572.7,453753
37577.2,453753
37579.4,453753
37577.9,453753
37577.4,453753
37574.9,453753
37572.9,453753
37577.9,453753
37578.2,453753
37577.7,453753
37578.1,453753
37576.9,453753
37575.8,453753
37569,453753
37570,453753
37573.4,453753
37569.3,453753
37579.7,453753
37578.4,453753
37577.8,453753
37577.5,453753
37575.5,453753
37576.9,453753
37579.3,453753
37578.6,453753
37579.6,453753
37580,453753
37576.9,453753
37573.9,453753
37576,453753
37578.7,453753
37577.8,453753
37578.6,453753
37576.7,453753
37575.2,453753
37575.6,453753
37577.8,453753
37576.7,453753
37578.3,453753
37579,453753
37577.2,453753
37577.2,453753
37576.8,453753
37576.3,453753
37578.5,453753
37578.5,453753
37572.7,453753
37574.8,453753
37577.4,453753
37577.5,453753
37574.9,453753
37576.1,453753
37576,453753
37575.1,453753
37578.7,453753
37575.1,453753
37576.4,453753
37578.3,453753
37574.8,453753
37570.2,453753
37574.9,453753
37576.4,453753
37574.1,453753
37575.6,453753
37566.2,453753
37577.3,453753
37576.7,453753
37575.1,453753
37571.8,453753
37575.8,453753
37575.9,453753
37574.3,453753
37576.3,453753
37578.6,453753
37579.3,453753
37575.1,453753
37573,453753
37576,453753
37576.1,453753
37576.6,453753
37577.4,453753
37575.5,453753
37577.4,453753
37578,453753
37574.2,453753
37576.3,453753
37578.2,453753
37578.4,453753
37578.6,453753
37579.1,453753
37577.3,453753
37578.8,453753
37576.7,453753
37577.3,453753
37576.2,453753
37578.9,453753
37577.7,453753
37578.7,453753
37578.1,453753
37578.2,453753
37576.7,453753
37578.5,453753
37579.2,453753
37577.6,453753
37577.5,453753
37576.5,453753
37578.4,453753
37577.3,453753
37575.5,453753
37575.8,453753
37570.2,453753
37566.9,453753
37575.5,453753
37578.2,453753
37574.2,453753
37577.1,453753
37575.5,453753
37578.5,453753
37578.6,453753
37577.1,453753
37577.4,453753
37576.8,453753
37574.8,453753
37573.6,453753
37576.6,453753
37576.3,453753
37576.3,453753
37568.3,453753
37574.4,453753
37577.4,453753
37578.9,453753
37577.2,453753
37577.1,453753
37574.3,453753
37577.5,453753
37578.8,453753
37574.3,453753
37574.4,453753
37577,453753
37569.7,453753
37569.1,453753
37576.8,453753
37575,453753
37578,453753
37575.1,453753
37577.5,453753
37563.6,453753
37577,453753
37576.8,453753
37577.5,453753
37578.4,453753
37578.9,453753
37580.2,453753
37579.8,453753
37579.8,453753
37577.2,453753
37578.1,453753
37579.1,453753
37577.9,453753
37578.9,453753
37579.2,453753
37577.3,453753
37578.4,453753
37577.7,453753
37578.3,453753
37573.7,453753
37578.4,453753
37579.1,453753
37576.8,453753
37576.8,453753
37577.3,453753
37576,453753
37574.9,453753
37576.3,453753
37572.4,453753
37576.9,453753
37574,453753
37567.7,453753
37571.2,453753
37575.4,453753
37576.7,453753
37576.1,453753
37570.9,453753
37571,453753
37570.5,453753
37576.4,453753
37576.9,453753
37575.8,453753
37576.9,453753
37574.6,453753
37577.5,453753
37576.4,453753
37574.5,453753
37575.3,453753
37573,453753
37573.1,453753
37576.8,453753
37576.1,453753
37578.5,453753
37577.9,453753
37576.4,453753
37577.2,453753
37570.3,453753
37577.2,453753
37574.7,453753
37577.3,453753
37579.1,453753
37578.2,453753
37577.8,453753
37576.8,453753
37577.7,453753
37579.1,453753
37578.4,453753
37577.4,453753
37577.4,453753
37572.3,453753
37576.5,453753
37576.5,453753
37578.1,453753
37577.1,453753
37577,453753
37578.6,453753
37576.7,453753
37578.5,453753
37577,453753
37575.1,453753
37575.2,453753
37576.6,453753
37579.4,453753
37572.8,453753
37576,453753
37577.2,453753
37577,453753
37576.1,453753
37576.1,453753
37576,453753
37573.7,453753
37575,453753
37573.6,453753
37563.2,453753
37575.8,453753
37575.8,453753
37576.3,453753
37577.8,453753
37578.7,453753
37575.1,453753
37574.6,453753
37577.1,453753
37577.3,453753
37575,453753
37575.5,453753
37576.5,453753
37577.7,453753
37577.1,453753
37577.7,453753
37576.4,453753
37573.5,453753
37573.6,453753
37576,453753
37578.9,453753
37576.3,453753
37578.6,453753
37579.2,453753
37576.4,453753
37575.4,453753
37578.1,453753
37577.1,453753
37578.7,453753
37579.7,453753
37578,453753
37575,453753
37575.5,453753
37575.5,453753
37577.1,453753
37577.1,453753
37576.9,453753
37571.7,453753
37555.9,453753
37561,453753
37576.1,453753
37577.6,453753
37576.6,453753
37575.4,453753
37576.9,453753
37573.8,453753
37578.5,453753
37578.3,453753
37577.6,453753
37574.7,453753
37576.3,453753
37577.4,453753
37568.7,453753
37576.8,453753
37577.5,453753
37576.4,453753
37577.2,453753
37576,453753
37575.9,453753
37577.1,453753
37579.6,453753
37576.2,453753
37574.4,453753
37576,453753
37574.3,453753
37573.5,453753
37576.5,453753
37577.8,453753
37575.8,453753
37575.6,453753
37576.6,453753
37573,453753
37574.5,453753
37576.5,453753
37577,453753
37578.6,453753
37578.5,453753
37578.7,453753
37579.1,453753
37578.1,453753
37578.7,453753
37577.3,453753
37578.7,453753
37578.8,453753
37576.9,453753
37574.6,453753
37579.6,453753
37578.8,453753
37579.3,453753
37578.5,453753
37577.9,453753
37577.3,453753
37577.5,453753
37576,453753
37578,453753
37575.2,453753
37576.2,453753
37572.5,453753
37574.8,453753
37574.6,453753
37570.9,453753
37577.9,453753
37575.1,453753
37576.4,453753
37577.3,453753
37576.2,453753
37575.9,453753
37576.2,453753
37577.3,453753
37577.2,453753
37576.6,453753
37577.1,453753
37574,453753
37576.9,453753
37576.8,453753
37577,453753
37578.8,453753
37577.9,453753
37575.5,453753
37577.6,453753
37576.5,453753
37578.8,453753
37578.6,453753
37575.6,453753
37577.9,453753
37577.9,453753
37579.8,453753
37577.7,453753
37577.6,453753
37576.1,453753
37576,453753
37578.6,453753
37579.6,453753
37579,453753
37578.5,453753
37576.5,453753
37577.9,453753
37576.4,453753
37577.8,453753
37578.2,453753
37574.2,453753
37575.9,453753
37576.5,453753
37577.6,453753
37578.4,453753
37576.4,453753
37573,453753
37566.7,453753
37576.2,453753
37576.4,453753
37577.1,453753
37577.8,453753
37576.7,453753
37575,453753
37575.2,453753
37575.8,453753
37576.9,453753
37575.6,453753
37563,453753
37576.6,453753
37576.8,453753
37575.9,453753
37578.2,453753
37573.8,453753
37576,453753
37576.4,453753
37574.5,453753
37570,453753
37577.1,453753
37577,453753
37578.4,453753
37577.2,453753
37578.9,453753
37577.3,453753
37577,453753
37578.2,453753
37578.1,453753
37576.8,453753
37580.6,453753
37577.6,453753
37576,453753
37569.6,453753
37578.7,453753
37572,453753
37568.9,453753
37575.9,453753
37575.4,453753
37578.2,453753
37577.7,453753
37579.5,453753
37578.6,453753
37579.6,453753
37578.4,453753
37576.3,453753
37573.7,453753
37577.3,453753
37579.3,453753
37576.7,453753
37577.3,453753
37575.9,453753
37533.9,453753
37466.8,453753
37555.1,453753
37575.9,453753
37575.6,453753
37571.6,453753
37577.4,453753
37575.9,453753
37576,453753
37577.8,453753
37575.3,453753
37563.7,453753
37574,453753
37573.9,453753
37579,453753
37578.6,453753
37575.7,453753
37574.5,453753
37571.2,453753
37577.1,453753
37573.5,453753
37576.9,453753
37576.9,453753
37576.8,453753
37578.7,453753
37578.8,453753
37576,453753
37577.8,453753
37576.7,453753
37578.6,453753
37579.1,453753
37578.5,453753
37576,453753
37577.2,453753
37578.6,453753
37578.4,453753
37576,453753
37576.8,453753
37576.9,453753
37577.4,453753
37577.7,453753
37576.8,453753
37577.2,453753
37576.2,453753
37576.9,453753
37570.4,453753
37563.3,453753
37572.9,453753
37576.3,453753
37571.8,453753
37573.7,453753
37572.9,453753
37576.6,453753
37575.5,453753
37576.4,453753
37577.2,453753
37576.8,453753
37575.9,453753
37578.1,453753
37577.4,453753
37573.6,453753
37572.9,453753
37577.5,453753
37578.2,453753
37575.5,453753
37576.1,453753
37577,453753
37576.1,453753
37579,453753
37576,453753
37577.1,453753
37577.4,453753
37579.2,453753
37573.6,453753
37574.7,453753
37578.9,453753
37579.5,453753
37579,453753
37578.5,453753
37577.4,453753
37575,453753
37579.9,453753
37576.9,453753
37578.6,453753
37579.2,453753
37578.5,453753
37579.4,453753
37577.5,453753
37577.4,453753
37576,453753
37576,453753
37578.1,453753
37575.7,453753
37574.4,453753
37572.7,453753
37575.8,453753
37576.6,453753
37574.2,453753
37576.7,453753
37577.3,453753
37578.1,453753
37577.2,453753
37575.5,453753
37576.1,453753
37576.6,453753
37576.8,453753
37576.9,453753
37577.8,453753
37577.6,453753
37577.9,453753
37579.5,453753
37578.9,453753
37579.2,453753
37577.3,453753
37578.6,453753
37577.9,453753
37579.6,453753
37578.4,453753
37578.5,453753
37579.4,453753
37577.3,453753
37578.7,453753
37576.8,453753
37574.2,453753
37576.1,453753
37573.2,453753
37575.9,453753
37577.1,453753
37572.9,453753
37578.4,453753
37574.5,453753
37575.7,453753
37576.3,453753
37574.1,453753
37575.4,453753
37577.8,453753
37576.4,453753
37577.5,453753
37576.4,453753
37577.6,453753
37577.9,453753
37578.8,453753
37576.3,453753
37579.1,453753
37578.6,453753
37578.1,453753
37578.6,453753
37577.5,453753
37578.7,453753
37580.1,453753
37578.8,453753
37575.7,453753
37579,453753
37577.6,453753
37576.2,453753
37574.2,453753
37577.4,453753
37575.7,453753
37578.2,453753
37576.1,453753
37578.2,453753
37578.1,453753
37575.4,453753
37578.4,453753
37580.4,453753
37570.1,453753
37575.5,453753
37575.2,453753
37577.1,453753
37569.5,453753
37577.4,453753
37577.9,453753
37577.8,453753
37579.5,453753
37578.2,453753
37579.4,453753
37578.4,453753
37577.8,453753
37577.9,453753
37575.1,453753
37577.5,453753
37578.6,453753
37578.3,453753
37578.8,453753
37576.1,453753
37577.4,453753
37578.5,453753
37579.2,453753
37576.9,453753
37577.9,453753
37578.1,453753
37576.3,453753
37574.9,453753
37578.6,453753
37576.6,453753
37577.5,453753
37576.5,453753
37576.4,453753
37576,453753
37576.8,453753
37572.4,453753
37573.3,453753
37576.2,453753
37575.4,453753
37576,453753
37580.3,453753
37577.7,453753
37577.6,453753
37577,453753
37579,453753
37578.5,453753
37575.4,453753
37572.8,453753
37578.4,453753
37580.1,453753
37577.2,453753
37574.6,453753
37579.4,453753
37578.4,453753
37580.5,453753
37577.5,453753
37574.1,453753
37575.2,453753
37573.7,453753
37577.8,453753
37577.1,453753
37576.2,453753
37572,453753
37574.4,453753
37569,453753
37577.7,453753
37577.8,453753
37580.3,453753
37570.6,453753
37577.8,453753
37578,453753
37578.3,453753
37577.6,453753
37579.1,453753
37577.9,453753
37578.7,453753
37576.8,453753
37576.9,453753
37576.3,453753
37576.3,453753
37578.2,453753
37579.9,453753
37579.4,453753
37579.1,453753
37579.6,453753
37577.9,453753
37575.5,453753
37577.5,453753
37577.7,453753
37577.5,453753
37577.6,453753
37575.3,453753
37577.2,453753
37574.4,453753
37574.7,453753
37577.2,453753
37578,453753
37573.9,453753
37576.5,453753
37578.1,453753
37578.5,453753
37576.2,453753
37577.4,453753
37577.9,453753
37577.7,453753
37579.3,453753
37576.7,453753
37578.8,453753
37578.6,453753
37578.2,453753
37577.1,453753
37579.2,453753
37578.1,453753
37578.4,453753
37574.4,453753
37568,453753
37576.9,453753
37575.7,453753
37575.9,453753
37574.4,453753
37570.2,453753
37576.3,453753
37577.2,453753
37576.7,453753
37572.8,453753
37574.8,453753
37573.6,453753
37567.9,453753
37574.7,453753
37577.3,453753
37579.1,453753
37576.1,453753
37578.7,453753
37564.6,453753
37574.2,453753
37576.8,453753
37576.5,453753
37577.8,453753
37576.2,453753
37578.9,453753
37579,453753
37577.9,453753
37578.4,453753
37578.8,453753
37577.7,453753
37578,453753
37577.6,453753
37575.1,453753
37572.8,453753
37569.5,453753
37576.6,453753
37578.3,453753
37578.9,453753
37576.9,453753
37577.2,453753
37578.3,453753
37578.8,453753
37578,453753
37578,453753
37579.5,453753
37578,453753
37578,453753
37577.5,453753
37578.2,453753
37578.6,453753
37577.6,453753
37579.8,453753
37579.5,453753
37577.9,453753
37576.9,453753
37577.4,453753
37576.8,453753
37577.7,453753
37577.6,453753
37577.5,453753
37577.8,453753
37577.4,453753
37575.3,453753
37578.6,453753
37577.9,453753
37578,453753
37578.4,453753
37577,453753
37572.3,453753
37577.9,453753
37578.1,453753
37578.1,453753
37570.6,453753
37573.3,453753
37577.8,453753
37577.1,453753
37578.9,453753
37579.8,453546
