TRACE,NSNPS_JACKKNIFE
37682,453753
37680.8,453753
37680.8,453753
37681.3,453753
37679.4,453753
37680.3,453753
37680.3,453753
37681.1,453753
37680.8,453753
37678.3,453753
37678.6,453753
37677.6,453753
37681.2,453753
37678.5,453753
37681.7,453753
37680.3,453753
37680.3,453753
37676.5,453753
37677,453753
37677.7,453753
37680.1,453753
37681.2,453753
37680,453753
37681.8,453753
37680.8,453753
37678.6,453753
37678.2,453753
37678,453753
37680.4,453753
37677.9,453753
37680.1,453753
37678.3,453753
37679.5,453753
37678,453753
37679.8,453753
37681.3,453753
37680.5,453753
37677,453753
37678.8,453753
37681.6,453753
37681.8,453753
37680.4,453753
37678.1,453753
37677.4,453753
37679,453753
37679.2,453753
37680.6,453753
37680.1,453753
37680.8,453753
37680.6,453753
37681,453753
37676,453753
37678.6,453753
37680.4,453753
37677.7,453753
37679.3,453753
37680.1,453753
37675.8,453753
37678.7,453753
37677.2,453753
37680.5,453753
37680,453753
37680.6,453753
37680,453753
37680.3,453753
37680,453753
37680.3,453753
37677.8,453753
37679.1,453753
37677.9,453753
37674.4,453753
37680.2,453753
37682.2,453753
37682,453753
37681.2,453753
37681.5,453753
37681.3,453753
37679.1,453753
37682.1,453753
37680.8,453753
37678,453753
37680.8,453753
37680.8,453753
37681.4,453753
37681.1,453753
37680.5,453753
37680.8,453753
37681.3,453753
37681.3,453753
37679.9,453753
37677.8,453753
37676.2,453753
37681.3,453753
37664.5,453753
37680.2,453753
37679.9,453753
37679.4,453753
37679,453753
37679.4,453753
37682,453753
37677,453753
37678.7,453753
37675.2,453753
37676.4,453753
37677.7,453753
37676.9,453753
37681.1,453753
37680.6,453753
37680.7,453753
37679.6,453753
37680.1,453753
37679.8,453753
37678.6,453753
37676.9,453753
37677.5,453753
37676.2,453753
37678.2,453753
37680.5,453753
37678,453753
37677.8,453753
37676.9,453753
37679.7,453753
37680.3,453753
37681.3,453753
37680.2,453753
37679.7,453753
37678.6,453753
37679.2,453753
37677.8,453753
37679,453753
37679.1,453753
37680.7,453753
37678.7,453753
37679,453753
37677,453753
37681.1,453753
37682.5,453753
37680.1,453753
37676.4,453753
37679.5,453753
37674,453753
37671.8,453753
37677.8,453753
37679.2,453753
37678.7,453753
37678.5,453753
37679.6,453753
37679.8,453753
37680.1,453753
37680.5,453753
37679.4,453753
37681.1,453753
37681.6,453753
37679.5,453753
37680.3,453753
37680.1,453753
37680.7,453753
37680.1,453753
37680.8,453753
37681.1,453753
37678.8,453753
37679.6,453753
37678.6,453753
37681.5,453753
37681.1,453753
37682.9,453753
37681.4,453753
37680,453753
37679.8,453753
37680.3,453753
37678.7,453753
37678.3,453753
37680,453753
37680.3,453753
37680,453753
37679.2,453753
37680.9,453753
37678.8,453753
37680.8,453753
37681.1,453753
37678.8,453753
37662.6,453753
37664.1,453753
37680.5,453753
37677.8,453753
37680.1,453753
37681.1,453753
37679.7,453753
37681.2,453753
37679.9,453753
37681.4,453753
37681.3,453753
37677.8,453753
37671.6,453753
37673.4,453753
37669.2,453753
37671.9,453753
37677.7,453753
37680.7,453753
37679.8,453753
37678.4,453753
37680,453753
37679.4,453753
37675.5,453753
37680.1,453753
37679.3,453753
37679.4,453753
37679.1,453753
37677.5,453753
37676.2,453753
37678.9,453753
37679.8,453753
37680.5,453753
37681.2,453753
37678.3,453753
37678.7,453753
37673.8,453753
37671.3,453753
37678.4,453753
37674.3,453753
37682.2,453753
37681.7,453753
37680.3,453753
37679.6,453753
37677.2,453753
37680.7,453753
37680.3,453753
37679.7,453753
37681.1,453753
37680.5,453753
37679.6,453753
37677.2,453753
37678.9,453753
37682,453753
37682.9,453753
37682.7,453753
37679,453753
37680,453753
37678.2,453753
37680.6,453753
37679.7,453753
37680.9,453753
37681.6,453753
37679.8,453753
37680.4,453753
37681.7,453753
37679.6,453753
37679,453753
37681.1,453753
37676.2,453753
37676.3,453753
37679.5,453753
37680.5,453753
37677.2,453753
37677.8,453753
37680.1,453753
37677,453753
37678.6,453753
37674.6,453753
37679.1,453753
37681.2,453753
37677.5,453753
37671.5,453753
37679.4,453753
37678.9,453753
37679.2,453753
37678.3,453753
37671.4,453753
37679.7,453753
37679.8,453753
37679.2,453753
37676.7,453753
37680.7,453753
37680.1,453753
37676.6,453753
37676.8,453753
37682.8,453753
37682,453753
37677.4,453753
37674.4,453753
37679,453753
37680.3,453753
37680.3,453753
37679.5,453753
37679.6,453753
37681.2,453753
37681,453753
37679.1,453753
37680.8,453753
37681.2,453753
37681.1,453753
37682.2,453753
37681,453753
37681.5,453753
37681.6,453753
37680.8,453753
37679.8,453753
37678.4,453753
37680.9,453753
37681.4,453753
37681.4,453753
37681.4,453753
37682.7,453753
37680.8,453753
37680,453753
37681.2,453753
37680.6,453753
37679.9,453753
37680.7,453753
37679.2,453753
37679.4,453753
37681.1,453753
37675.7,453753
37673.6,453753
37673.7,453753
37678.9,453753
37680.3,453753
37675.2,453753
37678.8,453753
37678.9,453753
37677.3,453753
37680.8,453753
37680.4,453753
37678.3,453753
37678,453753
37678.6,453753
37678.9,453753
37679,453753
37680,453753
37678.1,453753
37669.9,453753
37678.7,453753
37678.9,453753
37680,453753
37678.9,453753
37681.8,453753
37678.9,453753
37679.3,453753
37681.1,453753
37678.7,453753
37674.5,453753
37680,453753
37671.9,453753
37668.8,453753
37681.6,453753
37677.6,453753
37680,453753
37677.5,453753
37678.9,453753
37667.5,453753
37680.8,453753
37680.5,453753
37680.2,453753
37681.9,453753
37682.7,453753
37680.8,453753
37681.6,453753
37680.9,453753
37679.8,453753
37680.6,453753
37681.6,453753
37681.7,453753
37680.5,453753
37680.4,453753
37678.5,453753
37679.3,453753
37679.2,453753
37680,453753
37679.1,453753
37681.1,453753
37680.1,453753
37678.2,453753
37679.9,453753
37679.8,453753
37681.1,453753
37679.7,453753
37677.6,453753
37672,453753
37676.8,453753
37676.3,453753
37669,453753
37675.1,453753
37675.4,453753
37680.5,453753
37678,453753
37677.4,453753
37675.1,453753
37675.5,453753
37678.5,453753
37680,453753
37680.5,453753
37679.2,453753
37678.4,453753
37679.6,453753
37678,453753
37677.3,453753
37676,453753
37673.4,453753
37675.4,453753
37680.3,453753
37680.2,453753
37680.2,453753
37679.1,453753
37678.5,453753
37680.6,453753
37673.1,453753
37680.1,453753
37679.5,453753
37679.1,453753
37680.8,453753
37679.9,453753
37681,453753
37680.5,453753
37679.7,453753
37680.6,453753
37681,453753
37680.7,453753
37678.6,453753
37678.8,453753
37678.2,453753
37680.3,453753
37680.9,453753
37681.7,453753
37679.3,453753
37680.2,453753
37679.8,453753
37681.1,453753
37680.3,453753
37676.8,453753
37679.3,453753
37679.3,453753
37682.4,453753
37673.7,453753
37681.2,453753
37679,453753
37680.8,453753
37679.4,453753
37679,453753
37678.7,453753
37679.3,453753
37678.7,453753
37677.6,453753
37666.4,453753
37679,453753
37679.3,453753
37679.6,453753
37680.8,453753
37681.9,453753
37677.3,453753
37677,453753
37680.1,453753
37681.2,453753
37676.4,453753
37677.1,453753
37682.2,453753
37679.9,453753
37679.7,453753
37679.9,453753
37679.8,453753
37678.5,453753
37678.3,453753
37680,453753
37681.3,453753
37679.1,453753
37681.4,453753
37681.1,453753
37680.2,453753
37678.7,453753
37680.8,453753
37678.6,453753
37682.5,453753
37681.9,453753
37681,453753
37679.8,453753
37678.2,453753
37679.9,453753
37680.3,453753
37680.1,453753
37680,453753
37672.5,453753
37662,453753
37663.3,453753
37680.6,453753
37681.1,453753
37681.3,453753
37677.5,453753
37680.2,453753
37679.6,453753
37680.8,453753
37679.6,453753
37680.9,453753
37678,453753
37679.4,453753
37679.8,453753
37669.2,453753
37675.8,453753
37679.4,453753
37678.9,453753
37680.8,453753
37676.9,453753
37678.2,453753
37681.5,453753
37681.4,453753
37680.2,453753
37677.5,453753
37677.7,453753
37675.6,453753
37676.1,453753
37679.8,453753
37681.5,453753
37678.6,453753
37678.6,453753
37680,453753
37677.1,453753
37676.4,453753
37680.8,453753
37679.9,453753
37682.1,453753
37680.4,453753
37681.7,453753
37677,453753
37682.1,453753
37681.4,453753
37679.9,453753
37680.8,453753
37680.2,453753
37679,453753
37680.1,453753
37681.4,453753
37681.2,453753
37680,453753
37682.1,453753
37681.8,453753
37682.4,453753
37681.1,453753
37677.9,453753
37681.5,453753
37680.3,453753
37678.9,453753
37675.1,453753
37679.4,453753
37675,453753
37671.5,453753
37679.2,453753
37677.9,453753
37679.8,453753
37680.6,453753
37677.6,453753
37680.3,453753
37679.2,453753
37678.9,453753
37680.2,453753
37681,453753
37679.2,453753
37677.4,453753
37679.5,453753
37679.9,453753
37681.3,453753
37680.8,453753
37680.1,453753
37679.4,453753
37682,453753
37679.4,453753
37681.2,453753
37678.8,453753
37679,453753
37679.6,453753
37682,453753
37681.9,453753
37680.3,453753
37682.3,453753
37678.7,453753
37679,453753
37681.2,453753
37680.9,453753
37679.5,453753
37681.8,453753
37680.2,453753
37681.5,453753
37680.9,453753
37680.7,453753
37679.1,453753
37678.6,453753
37678.2,453753
37680.6,453753
37680.6,453753
37680.7,453753
37679.6,453753
37676.1,453753
37673.2,453753
37678.1,453753
37681.1,453753
37681.1,453753
37679,453753
37678.5,453753
37676.8,453753
37680.2,453753
37678.8,453753
37680.7,453753
37679.8,453753
37663.1,453753
37681.7,453753
37681,453753
37678.1,453753
37679.6,453753
37678.7,453753
37678.9,453753
37678.1,453753
37676.6,453753
37678,453753
37680.3,453753
37679.6,453753
37681.1,453753
37681.3,453753
37681.5,453753
37680.1,453753
37680.1,453753
37679.5,453753
37680.6,453753
37679.7,453753
37681.3,453753
37678.9,453753
37679.7,453753
37671.2,453753
37680.9,453753
37676.6,453753
37672.6,453753
37678.1,453753
37678.6,453753
37681.1,453753
37679,453753
37678.7,453753
37681.5,453753
37682,453753
37680.9,453753
37676.8,453753
37679.9,453753
37680.8,453753
37680.4,453753
37678.4,453753
37679.8,453753
37679.8,453753
37638.3,453753
37578.2,453753
37655.9,453753
37679.3,453753
37676.9,453753
37677.5,453753
37680.8,453753
37678.1,453753
37679.5,453753
37681.2,453753
37679.1,453753
37670,453753
37677.4,453753
37678.5,453753
37678.6,453753
37681.2,453753
37678.6,453753
37677.6,453753
37677.2,453753
37678.1,453753
37677.9,453753
37679.1,453753
37679.7,453753
37679.5,453753
37682.2,453753
37680.5,453753
37677.1,453753
37681.6,453753
37680.9,453753
37681.2,453753
37682.3,453753
37678.9,453753
37680.4,453753
37681.1,453753
37681.2,453753
37682.1,453753
37679.8,453753
37680.6,453753
37678.8,453753
37680.5,453753
37681.1,453753
37677.5,453753
37680.3,453753
37678.6,453753
37679.3,453753
37676.5,453753
37663.9,453753
37677.6,453753
37680.2,453753
37674.4,453753
37677.6,453753
37678.9,453753
37678.3,453753
37677.6,453753
37681.6,453753
37680.7,453753
37681.9,453753
37678.7,453753
37678.9,453753
37680.1,453753
37676.2,453753
37678.2,453753
37682,453753
37679.8,453753
37679.6,453753
37679.1,453753
37679.2,453753
37679.2,453753
37680.5,453753
37678.4,453753
37680.3,453753
37680.6,453753
37682.5,453753
37679,453753
37675.8,453753
37683.1,453753
37682.8,453753
37683.3,453753
37682.4,453753
37679.3,453753
37677.1,453753
37681.6,453753
37679.6,453753
37679.5,453753
37681.5,453753
37680.3,453753
37680.8,453753
37681.9,453753
37679.9,453753
37679.2,453753
37680.3,453753
37679.5,453753
37678.3,453753
37679.8,453753
37674,453753
37677.7,453753
37677.9,453753
37678.6,453753
37678.5,453753
37682.7,453753
37678.1,453753
37680,453753
37677.5,453753
37674.7,453753
37679.4,453753
37679.3,453753
37680.1,453753
37680.7,453753
37681.3,453753
37680.4,453753
37682.4,453753
37683.5,453753
37682.4,453753
37678.9,453753
37681.4,453753
37682.2,453753
37681.1,453753
37681.9,453753
37680.3,453753
37681.7,453753
37681.8,453753
37681.6,453753
37680.9,453753
37677,453753
37677.4,453753
37677.2,453753
37679.6,453753
37679.3,453753
37674,453753
37679.7,453753
37679.6,453753
37679.7,453753
37677.4,453753
37678.8,453753
37678.6,453753
37679.6,453753
37680,453753
37681,453753
37680.9,453753
37679.6,453753
37681.5,453753
37680.1,453753
37680.8,453753
37682.2,453753
37681.5,453753
37681.8,453753
37680.2,453753
37679.7,453753
37679.5,453753
37682.1,453753
37681.5,453753
37681.1,453753
37681.7,453753
37680.7,453753
37680.1,453753
37676.7,453753
37679.9,453753
37680,453753
37679.6,453753
37682,453753
37680.1,453753
37679.5,453753
37679.4,453753
37680.2,453753
37682.1,453753
37674.4,453753
37674.9,453753
37678.4,453753
37682.2,453753
37670.9,453753
37680.6,453753
37679.8,453753
37680.4,453753
37682.8,453753
37681.1,453753
37681.5,453753
37681,453753
37680.1,453753
37681.4,453753
37677,453753
37679.4,453753
37681.5,453753
37682.2,453753
37680.2,453753
37680.6,453753
37680.9,453753
37680.9,453753
37683.3,453753
37679.7,453753
37679.6,453753
37680.7,453753
37679.5,453753
37676.2,453753
37681.4,453753
37679.4,453753
37682.5,453753
37679.8,453753
37680.3,453753
37679.9,453753
37679.8,453753
37672,453753
37675.6,453753
37680.3,453753
37679.2,453753
37681.4,453753
37683.2,453753
37680.4,453753
37680.8,453753
37680.7,453753
37679.8,453753
37681.2,453753
37679.1,453753
37674,453753
37679.9,453753
37681.3,453753
37681.3,453753
37678,453753
37682.1,453753
37682.7,453753
37682.6,453753
37679.6,453753
37677.7,453753
37677.7,453753
37677.4,453753
37681.7,453753
37678.9,453753
37676.8,453753
37674,453753
37675.4,453753
37669.6,453753
37681.2,453753
37681,453753
37682.2,453753
37677.5,453753
37681.1,453753
37680.5,453753
37681.5,453753
37681.8,453753
37681.6,453753
37681.5,453753
37681.5,453753
37678.3,453753
37681.7,453753
37679.8,453753
37679.7,453753
37682,453753
37682.7,453753
37682.6,453753
37681.4,453753
37682.4,453753
37681.5,453753
37677.9,453753
37679.5,453753
37681,453753
37681.7,453753
37679.9,453753
37678.7,453753
37680.3,453753
37677.9,453753
37678.6,453753
37680.8,453753
37680.1,453753
37674.5,453753
37678.2,453753
37680.4,453753
37680.5,453753
37679.9,453753
37679.9,453753
37681.1,453753
37680.4,453753
37680.9,453753
37680.4,453753
37680.6,453753
37679.6,453753
37680.9,453753
37682.2,453753
37682.8,453753
37683,453753
37679.6,453753
37680,453753
37673.5,453753
37679,453753
37679,453753
37679.5,453753
37674.1,453753
37670.5,453753
37677.9,453753
37681.1,453753
37678.6,453753
37672.5,453753
37676.3,453753
37679.4,453753
37669.6,453753
37677.9,453753
37679.9,453753
37680.4,453753
37678.8,453753
37682.9,453753
37670.5,453753
37679.2,453753
37678.5,453753
37680.1,453753
37682.2,453753
37680.8,453753
37681.7,453753
37681.9,453753
37681.3,453753
37680.1,453753
37679.3,453753
37681.2,453753
37679.8,453753
37677.3,453753
37678.1,453753
37673,453753
37673.7,453753
37680.3,453753
37682,453753
37679.2,453753
37679.6,453753
37679.4,453753
37680.1,453753
37680.8,453753
37682.6,453753
37680.6,453753
37682.1,453753
37682,453753
37680.3,453753
37679.2,453753
37681.5,453753
37681.6,453753
37681.5,453753
37680.6,453753
37680.9,453753
37679.5,453753
37678.5,453753
37679.5,453753
37681.4,453753
37679.5,453753
37680.9,453753
37682.3,453753
37679.6,453753
37679.3,453753
37677.3,453753
37679.6,453753
37680.8,453753
37680.4,453753
37683,453753
37679,453753
37674,453753
37679.9,453753
37681.5,453753
37680.1,453753
37675.8,453753
37676.6,453753
37681.4,453753
37680.5,453753
37682.1,453753
37681.2,453546
