TRACE,NSNPS_JACKKNIFE
37656.5,453753
37657.8,453753
37654.4,453753
37655.1,453753
37653.9,453753
37654.9,453753
37656.5,453753
37652.9,453753
37655.3,453753
37654,453753
37655,453753
37652.5,453753
37656.1,453753
37655.4,453753
37656.6,453753
37655.9,453753
37654.1,453753
37649.9,453753
37650,453753
37653.4,453753
37655.2,453753
37657.8,453753
37654.2,453753
37654.8,453753
37656,453753
37655.3,453753
37653.3,453753
37651.8,453753
37654.7,453753
37654.8,453753
37653.8,453753
37652.8,453753
37656.4,453753
37653.1,453753
37655.3,453753
37655.5,453753
37655.4,453753
37653.5,453753
37655.6,453753
37655.9,453753
37655.1,453753
37654.3,453753
37656.3,453753
37651.5,453753
37650.8,453753
37654.2,453753
37654.1,453753
37655.7,453753
37657,453753
37655.5,453753
37656.2,453753
37653.2,453753
37650.7,453753
37653.2,453753
37653.7,453753
37655.9,453753
37654.8,453753
37649.9,453753
37654,453753
37651.7,453753
37656.8,453753
37656.6,453753
37654.3,453753
37653.8,453753
37654.6,453753
37655.8,453753
37654.3,453753
37652.6,453753
37655.7,453753
37653.7,453753
37650.1,453753
37655.6,453753
37656.5,453753
37657.4,453753
37655.6,453753
37655.5,453753
37656.5,453753
37655.5,453753
37656.8,453753
37656.1,453753
37651.5,453753
37655.3,453753
37657.6,453753
37658.9,453753
37656.4,453753
37656.6,453753
37658,453753
37657.1,453753
37654.6,453753
37655.6,453753
37652.4,453753
37652,453753
37655.5,453753
37647.4,453753
37655.1,453753
37653.2,453753
37655.1,453753
37654.9,453753
37655.1,453753
37655.8,453753
37654.6,453753
37654.2,453753
37653.3,453753
37652,453753
37652.4,453753
37651.6,453753
37655.9,453753
37654.7,453753
37655,453753
37655.2,453753
37655.6,453753
37654.6,453753
37654.1,453753
37651.6,453753
37652.4,453753
37651.1,453753
37655.7,453753
37656.7,453753
37653.2,453753
37652.6,453753
37655.9,453753
37656.2,453753
37651,453753
37655.9,453753
37653.9,453753
37655.1,453753
37653.3,453753
37654.3,453753
37652.1,453753
37653.4,453753
37655.1,453753
37655.5,453753
37656.5,453753
37656.7,453753
37654.5,453753
37655.2,453753
37655.2,453753
37656.4,453753
37651.5,453753
37653.5,453753
37650.4,453753
37650.3,453753
37653.9,453753
37652.7,453753
37654.3,453753
37651.3,453753
37653.8,453753
37654.8,453753
37656,453753
37655,453753
37654.6,453753
37655.5,453753
37655.1,453753
37655.8,453753
37654.8,453753
37655.1,453753
37655.3,453753
37654.8,453753
37657.7,453753
37655.4,453753
37654.3,453753
37652.9,453753
37654.5,453753
37657.7,453753
37657,453753
37657,453753
37655.5,453753
37655.9,453753
37655.5,453753
37655.4,453753
37654.7,453753
37654.9,453753
37655.8,453753
37656.2,453753
37656.8,453753
37654.4,453753
37656.4,453753
37654.6,453753
37652.6,453753
37652.9,453753
37653.2,453753
37643.1,453753
37644.8,453753
37656,453753
37653.6,453753
37656.7,453753
37655,453753
37656.1,453753
37655.2,453753
37653.7,453753
37656.8,453753
37657.3,453753
37651.7,453753
37648.5,453753
37646.7,453753
37642.5,453753
37647,453753
37653,453753
37655.6,453753
37655.7,453753
37653.3,453753
37656.1,453753
37654.8,453753
37651.8,453753
37655.6,453753
37657.5,453753
37654.9,453753
37655.2,453753
37654,453753
37651.1,453753
37653,453753
37656.1,453753
37654.8,453753
37655.2,453753
37652.5,453753
37654.3,453753
37646.5,453753
37649.4,453753
37650.3,453753
37652.4,453753
37657.2,453753
37656.3,453753
37654.9,453753
37657.5,453753
37654.6,453753
37656.8,453753
37656.2,453753
37657.2,453753
37655.7,453753
37657.2,453753
37654.6,453753
37652.5,453753
37653.2,453753
37656.8,453753
37657.1,453753
37657.4,453753
37654.2,453753
37657.2,453753
37652.7,453753
37657.7,453753
37654.3,453753
37656.6,453753
37656.8,453753
37655.3,453753
37654,453753
37655.7,453753
37655.3,453753
37656.2,453753
37655.1,453753
37650.4,453753
37648.2,453753
37655.8,453753
37655.9,453753
37653.9,453753
37654.2,453753
37653.3,453753
37653.8,453753
37653.3,453753
37650.8,453753
37653.5,453753
37655,453753
37653.7,453753
37649.7,453753
37654.6,453753
37653.6,453753
37654.3,453753
37654.8,453753
37651.2,453753
37653.9,453753
37655.4,453753
37655.2,453753
37646.4,453753
37654.4,453753
37651.8,453753
37654.8,453753
37652.9,453753
37655.6,453753
37656.3,453753
37651.7,453753
37648.6,453753
37653.8,453753
37654.5,453753
37656.3,453753
37654.9,453753
37651.3,453753
37654.4,453753
37655.8,453753
37654.3,453753
37656,453753
37657.4,453753
37656.9,453753
37657.2,453753
37656.6,453753
37657.1,453753
37657.2,453753
37656.5,453753
37654.2,453753
37654.9,453753
37655.3,453753
37656.5,453753
37656.6,453753
37656.1,453753
37656.8,453753
37655.7,453753
37655.2,453753
37656.5,453753
37655.1,453753
37652.4,453753
37654.8,453753
37656,453753
37656.6,453753
37656.4,453753
37652.2,453753
37645,453753
37643,453753
37652.8,453753
37655,453753
37654.5,453753
37654,453753
37653.9,453753
37654.1,453753
37655.6,453753
37654.8,453753
37656.4,453753
37652.9,453753
37652.1,453753
37653.5,453753
37653.8,453753
37653.3,453753
37651.8,453753
37649.9,453753
37654.4,453753
37654.9,453753
37655.6,453753
37654.9,453753
37653.7,453753
37653.8,453753
37653.7,453753
37655.4,453753
37652.2,453753
37652.1,453753
37654,453753
37648.9,453753
37647,453753
37656.4,453753
37653.1,453753
37655.4,453753
37654.1,453753
37654.8,453753
37640.2,453753
37654.8,453753
37655.1,453753
37655.9,453753
37656.8,453753
37657.7,453753
37656.4,453753
37656.8,453753
37656.8,453753
37655.9,453753
37653.6,453753
37656.9,453753
37655.7,453753
37654.5,453753
37656.3,453753
37654.8,453753
37656.6,453753
37654.2,453753
37655.2,453753
37653,453753
37656.5,453753
37654.6,453753
37654.7,453753
37653.8,453753
37655.5,453753
37652.4,453753
37654.6,453753
37653.7,453753
37646.6,453753
37653.5,453753
37653.1,453753
37643.3,453753
37648.4,453753
37651.5,453753
37652.8,453753
37654.1,453753
37651.3,453753
37652.7,453753
37649.8,453753
37653.1,453753
37654.5,453753
37654.2,453753
37652.7,453753
37653.1,453753
37655.4,453753
37653.7,453753
37652.2,453753
37653.1,453753
37649.3,453753
37652.6,453753
37655.1,453753
37655.3,453753
37654.9,453753
37655.9,453753
37652.5,453753
37656.6,453753
37645.4,453753
37653.8,453753
37654.4,453753
37655.6,453753
37654.9,453753
37655.9,453753
37656.2,453753
37654.8,453753
37655.6,453753
37656.8,453753
37655.9,453753
37655.9,453753
37655.7,453753
37653.8,453753
37653.1,453753
37653.5,453753
37654.6,453753
37655.3,453753
37654,453753
37656.5,453753
37654.3,453753
37656.1,453753
37655.8,453753
37653.8,453753
37653.6,453753
37656.6,453753
37655.7,453753
37649,453753
37653.9,453753
37655.9,453753
37653.6,453753
37655.4,453753
37656.1,453753
37653.7,453753
37653.1,453753
37653.2,453753
37650.7,453753
37635.7,453753
37653.6,453753
37655.5,453753
37655.8,453753
37655.9,453753
37655,453753
37653,453753
37652.1,453753
37654.5,453753
37655.3,453753
37653.1,453753
37652.4,453753
37655.9,453753
37654.1,453753
37655.9,453753
37654.7,453753
37651.8,453753
37651.5,453753
37653,453753
37654.4,453753
37655.8,453753
37652.8,453753
37656.2,453753
37657.2,453753
37655.9,453753
37655.1,453753
37656.6,453753
37655.2,453753
37656.4,453753
37656.5,453753
37655.6,453753
37652,453753
37654.3,453753
37654.6,453753
37653.3,453753
37655.9,453753
37656.1,453753
37646.3,453753
37631.7,453753
37635.8,453753
37656.4,453753
37656.8,453753
37655.2,453753
37653.9,453753
37655.6,453753
37654.2,453753
37656.8,453753
37656.8,453753
37654.7,453753
37653.8,453753
37653.7,453753
37655.9,453753
37646,453753
37652.4,453753
37655.4,453753
37653.5,453753
37654.1,453753
37653.8,453753
37654.7,453753
37657.1,453753
37656.5,453753
37653.9,453753
37653.9,453753
37654.8,453753
37652.8,453753
37653.7,453753
37654.2,453753
37656.7,453753
37655,453753
37652.5,453753
37653.5,453753
37651,453753
37653.5,453753
37655.9,453753
37655.6,453753
37655.8,453753
37657.7,453753
37655.6,453753
37655.7,453753
37656,453753
37656,453753
37655.4,453753
37656.1,453753
37657.4,453753
37654.9,453753
37655.8,453753
37655.3,453753
37656.2,453753
37655.3,453753
37656.7,453753
37656.1,453753
37655.7,453753
37655.7,453753
37652,453753
37656.3,453753
37653.2,453753
37657.2,453753
37653.2,453753
37653.8,453753
37649.6,453753
37648.3,453753
37655.7,453753
37653.6,453753
37655.1,453753
37656.5,453753
37655.3,453753
37654.1,453753
37655.3,453753
37655.1,453753
37656.8,453753
37654.8,453753
37654,453753
37652.5,453753
37655.6,453753
37654,453753
37654.5,453753
37655.8,453753
37654.4,453753
37650.6,453753
37656.1,453753
37654.4,453753
37656.8,453753
37654.1,453753
37654,453753
37656.6,453753
37655.3,453753
37656.1,453753
37655.2,453753
37656.9,453753
37654.6,453753
37654.2,453753
37657,453753
37655.6,453753
37655.1,453753
37655.4,453753
37657.4,453753
37656.6,453753
37653.8,453753
37654.7,453753
37655.5,453753
37652.2,453753
37654.5,453753
37654.9,453753
37654.2,453753
37657.5,453753
37652.5,453753
37649.8,453753
37646.1,453753
37654.9,453753
37652.9,453753
37655.7,453753
37653.9,453753
37654.4,453753
37653.2,453753
37654.1,453753
37651.6,453753
37655.9,453753
37652.8,453753
37640.3,453753
37655.5,453753
37656.9,453753
37653.6,453753
37656.2,453753
37652.7,453753
37653.6,453753
37653.8,453753
37651.2,453753
37649.5,453753
37654,453753
37654.5,453753
37655.7,453753
37655.6,453753
37655.6,453753
37655.4,453753
37655.7,453753
37654.4,453753
37656.2,453753
37654.9,453753
37657.8,453753
37655.2,453753
37655.9,453753
37644.9,453753
37657,453753
37651.9,453753
37650.2,453753
37653.9,453753
37654.4,453753
37656.6,453753
37654,453753
37654.1,453753
37658,453753
37656.7,453753
37655.9,453753
37651,453753
37652.5,453753
37656.7,453753
37655.5,453753
37652.9,453753
37656.1,453753
37655.1,453753
37613.8,453753
37543.4,453753
37635.1,453753
37653.3,453753
37651.5,453753
37649.5,453753
37655.3,453753
37653,453753
37656.5,453753
37655.6,453753
37654.8,453753
37646.9,453753
37652.6,453753
37652.6,453753
37654.4,453753
37655.9,453753
37654.8,453753
37653.6,453753
37652.3,453753
37653.4,453753
37655.3,453753
37655.6,453753
37655.4,453753
37655.6,453753
37656.3,453753
37655.8,453753
37654.5,453753
37656.9,453753
37656,453753
37657.3,453753
37656.4,453753
37654.9,453753
37655.2,453753
37655.9,453753
37657.2,453753
37655.5,453753
37652.8,453753
37657.3,453753
37655.3,453753
37655.5,453753
37654.9,453753
37655.8,453753
37656.4,453753
37652.6,453753
37654.1,453753
37650.3,453753
37643.7,453753
37652.6,453753
37653.9,453753
37652.3,453753
37653.6,453753
37654.4,453753
37653.2,453753
37653.6,453753
37655.7,453753
37656,453753
37655.2,453753
37655,453753
37655.2,453753
37654.4,453753
37651.7,453753
37650.9,453753
37656,453753
37654.5,453753
37653.9,453753
37655.8,453753
37653.8,453753
37653.6,453753
37656.4,453753
37654.7,453753
37655.4,453753
37655.6,453753
37656.6,453753
37654.4,453753
37649.8,453753
37656.9,453753
37658.1,453753
37656.5,453753
37656.4,453753
37655.3,453753
37651.1,453753
37657.1,453753
37654.2,453753
37654.2,453753
37656.2,453753
37656.7,453753
37656.2,453753
37654.6,453753
37654.6,453753
37654.3,453753
37655.6,453753
37655.6,453753
37653.5,453753
37653.4,453753
37651.3,453753
37654.9,453753
37653.4,453753
37653.9,453753
37653.5,453753
37657.4,453753
37655.4,453753
37654.1,453753
37654.2,453753
37654.4,453753
37654.1,453753
37656.3,453753
37653.6,453753
37655.8,453753
37654.4,453753
37655.4,453753
37658.8,453753
37657,453753
37655.6,453753
37655.7,453753
37656.2,453753
37655,453753
37654.8,453753
37658,453753
37656,453753
37655.3,453753
37656.3,453753
37658.7,453753
37654.1,453753
37651.1,453753
37651.7,453753
37653.2,453753
37655.2,453753
37654.5,453753
37649.5,453753
37655.2,453753
37655.4,453753
37653.7,453753
37652.5,453753
37653.6,453753
37651.4,453753
37654.8,453753
37655.6,453753
37653.8,453753
37654.2,453753
37655.9,453753
37656.4,453753
37655.1,453753
37654.6,453753
37657.2,453753
37656.1,453753
37656.2,453753
37655.4,453753
37654.3,453753
37655.5,453753
37657.6,453753
37658.1,453753
37655.7,453753
37657.2,453753
37655.5,453753
37654.2,453753
37651,453753
37655.3,453753
37652.1,453753
37655,453753
37655.4,453753
37655.8,453753
37655.8,453753
37654.5,453753
37653.5,453753
37656.8,453753
37650.8,453753
37653.3,453753
37652.5,453753
37656,453753
37648.7,453753
37655.9,453753
37654,453753
37656.2,453753
37657.2,453753
37655.6,453753
37657,453753
37656.7,453753
37653.7,453753
37656.6,453753
37652.7,453753
37654.5,453753
37657,453753
37655.5,453753
37655.4,453753
37656.8,453753
37656.2,453753
37656.2,453753
37656.8,453753
37654,453753
37655.9,453753
37655.8,453753
37651.7,453753
37652,453753
37656.2,453753
37654.7,453753
37655.1,453753
37654.2,453753
37653.2,453753
37655.7,453753
37653.4,453753
37648.3,453753
37650.9,453753
37654.3,453753
37655.8,453753
37655,453753
37657.4,453753
37655,453753
37656.1,453753
37655,453753
37656.5,453753
37655.5,453753
37655.5,453753
37650.9,453753
37655.3,453753
37655.6,453753
37653.9,453753
37652.2,453753
37657.8,453753
37657.1,453753
37656.6,453753
37656.2,453753
37652.9,453753
37652.4,453753
37651.1,453753
37657.1,453753
37655.8,453753
37652.1,453753
37649.5,453753
37651.4,453753
37645,453753
37655.9,453753
37654.6,453753
37657,453753
37653.2,453753
37654.4,453753
37656,453753
37655.3,453753
37656.7,453753
37656.6,453753
37654.6,453753
37656.3,453753
37654.5,453753
37656.2,453753
37654.8,453753
37653.4,453753
37656.6,453753
37657.6,453753
37657.4,453753
37655.2,453753
37657.1,453753
37656.8,453753
37654.8,453753
37655.2,453753
37656.6,453753
37655.2,453753
37655.9,453753
37654.3,453753
37654.5,453753
37651.5,453753
37651.2,453753
37654.9,453753
37655.6,453753
37653.1,453753
37655.1,453753
37655.7,453753
37655.3,453753
37655.4,453753
37655.1,453753
37656.1,453753
37656.2,453753
37657.1,453753
37656.5,453753
37656.5,453753
37655.2,453753
37655.4,453753
37656.3,453753
37657.6,453753
37655.8,453753
37654.6,453753
37654.3,453753
37643.4,453753
37655.2,453753
37654.4,453753
37655.1,453753
37651.9,453753
37648.3,453753
37654.2,453753
37656.7,453753
37656.3,453753
37650.8,453753
37653.9,453753
37651.5,453753
37647.1,453753
37654.4,453753
37655.6,453753
37655.4,453753
37653.4,453753
37658.3,453753
37646.9,453753
37650.5,453753
37655,453753
37652.8,453753
37655.6,453753
37652.9,453753
37656.5,453753
37657,453753
37656,453753
37656.6,453753
37657.4,453753
37656.4,453753
37654.4,453753
37655,453753
37653.1,453753
37650.3,453753
37647.7,453753
37655.8,453753
37654.5,453753
37656.5,453753
37655.1,453753
37656,453753
37655.5,453753
37655.8,453753
37656.3,453753
37655.7,453753
37655.5,453753
37657.5,453753
37656.4,453753
37655.3,453753
37656.4,453753
37656.1,453753
37656.4,453753
37658.2,453753
37656.4,453753
37656.4,453753
37654.4,453753
37657.2,453753
37655.7,453753
37656.4,453753
37656.2,453753
37656.3,453753
37655.6,453753
37655.9,453753
37653,453753
37657.7,453753
37656.9,453753
37654.8,453753
37656.7,453753
37655.2,453753
37649.8,453753
37654.7,453753
37656.3,453753
37656.3,453753
37651.2,453753
37651.5,453753
37657.6,453753
37655.3,453753
37657.7,453753
37657.9,453546
