TRACE,NSNPS_JACKKNIFE
37605.7,453753
37605.1,453753
37605.7,453753
37604.3,453753
37604.7,453753
37603.2,453753
37603.4,453753
37602.5,453753
37603.2,453753
37602.9,453753
37604.5,453753
37599.8,453753
37604.9,453753
37603.8,453753
37605.2,453753
37602.9,453753
37602.3,453753
37597.6,453753
37598.3,453753
37601.5,453753
37604.6,453753
37605.3,453753
37601.8,453753
37603.1,453753
37604.1,453753
37604.2,453753
37602.8,453753
37602.1,453753
37602.2,453753
37602.2,453753
37604,453753
37602.1,453753
37601.5,453753
37602.5,453753
37605.2,453753
37602.8,453753
37601.6,453753
37602.3,453753
37603.6,453753
37603.6,453753
37603.1,453753
37604.8,453753
37602.7,453753
37600.7,453753
37600.7,453753
37602.8,453753
37604.3,453753
37602.8,453753
37604,453753
37604.4,453753
37605,453753
37600.2,453753
37599.6,453753
37602.7,453753
37601.4,453753
37602.8,453753
37602.5,453753
37601.4,453753
37602.6,453753
37601.1,453753
37603.6,453753
37604.4,453753
37603.8,453753
37600.4,453753
37601.4,453753
37603.5,453753
37602.1,453753
37603.1,453753
37601.4,453753
37601.1,453753
37596.7,453753
37603.8,453753
37603.3,453753
37604.7,453753
37604.8,453753
37605.3,453753
37604.7,453753
37603.6,453753
37604.7,453753
37602.8,453753
37598.8,453753
37602.9,453753
37605.3,453753
37606.2,453753
37604.3,453753
37603.4,453753
37604.6,453753
37604.7,453753
37602.8,453753
37602.1,453753
37600.3,453753
37597.9,453753
37602.7,453753
37595.4,453753
37604,453753
37602.5,453753
37602.4,453753
37603.3,453753
37604.7,453753
37604.8,453753
37601.2,453753
37602.7,453753
37602.6,453753
37600.3,453753
37599.9,453753
37601.8,453753
37604.4,453753
37604.2,453753
37604.1,453753
37602.5,453753
37603.5,453753
37603.5,453753
37599.3,453753
37599.6,453753
37600.2,453753
37600,453753
37603.5,453753
37602.8,453753
37601,453753
37601.8,453753
37601.9,453753
37604.4,453753
37602.1,453753
37603.3,453753
37603.3,453753
37602,453753
37602.9,453753
37603.2,453753
37599.5,453753
37602.7,453753
37600.8,453753
37602.9,453753
37601.6,453753
37604,453753
37601.1,453753
37604.6,453753
37603.7,453753
37603.7,453753
37599.1,453753
37602.4,453753
37597.7,453753
37595.6,453753
37603.5,453753
37600.5,453753
37601.7,453753
37599.7,453753
37603.4,453753
37602.1,453753
37603.7,453753
37602.8,453753
37602.6,453753
37604.2,453753
37603.3,453753
37603.8,453753
37603,453753
37604.7,453753
37603.1,453753
37604.3,453753
37603.3,453753
37604.1,453753
37602.1,453753
37602.2,453753
37603.6,453753
37604.2,453753
37604,453753
37604,453753
37603.3,453753
37604.7,453753
37604,453753
37603.4,453753
37602.7,453753
37602,453753
37602.8,453753
37604.6,453753
37604.4,453753
37604.3,453753
37603.4,453753
37603,453753
37601,453753
37603.1,453753
37601.3,453753
37590.2,453753
37589.9,453753
37602,453753
37601.9,453753
37604.6,453753
37605,453753
37604.4,453753
37602.9,453753
37603.5,453753
37604.6,453753
37605.1,453753
37600.5,453753
37595.5,453753
37597.6,453753
37596,453753
37598,453753
37599,453753
37603.8,453753
37603.4,453753
37602.5,453753
37603.8,453753
37603.6,453753
37597.4,453753
37604,453753
37602.2,453753
37601.6,453753
37602.8,453753
37601.3,453753
37600.3,453753
37602.1,453753
37602.5,453753
37602.8,453753
37604.1,453753
37603.5,453753
37602.9,453753
37596.2,453753
37598.9,453753
37599.7,453753
37599.3,453753
37605.8,453753
37604.3,453753
37605.4,453753
37603.7,453753
37602.7,453753
37604.8,453753
37604.5,453753
37603.9,453753
37603.9,453753
37604.6,453753
37603.3,453753
37598.8,453753
37600.9,453753
37605.4,453753
37605,453753
37605.2,453753
37602,453753
37601.7,453753
37600.4,453753
37602.6,453753
37601.5,453753
37604.9,453753
37604.3,453753
37601.8,453753
37603.8,453753
37604,453753
37604.1,453753
37604.6,453753
37602.4,453753
37600.4,453753
37598.6,453753
37603.5,453753
37604.8,453753
37600.9,453753
37601.3,453753
37603.3,453753
37601.1,453753
37601.4,453753
37597.9,453753
37601.8,453753
37604.6,453753
37601.3,453753
37597.2,453753
37603.1,453753
37602.6,453753
37602.5,453753
37600.7,453753
37595.5,453753
37605.3,453753
37603.2,453753
37603.3,453753
37598.4,453753
37602.9,453753
37601.8,453753
37601.3,453753
37600,453753
37604.4,453753
37604.3,453753
37601.9,453753
37598.3,453753
37603.5,453753
37603,453753
37602.9,453753
37601.9,453753
37600.8,453753
37603.3,453753
37603.3,453753
37603.8,453753
37603.2,453753
37603.6,453753
37604.6,453753
37605.6,453753
37604,453753
37603.4,453753
37602.3,453753
37604.8,453753
37603.6,453753
37602,453753
37605.6,453753
37605.5,453753
37603.9,453753
37604.8,453753
37605.9,453753
37603.8,453753
37604.5,453753
37605.7,453753
37604.4,453753
37604.4,453753
37603.8,453753
37604.5,453753
37604.5,453753
37603.4,453753
37601.1,453753
37596,453753
37594.5,453753
37602.3,453753
37604.9,453753
37601.6,453753
37599.8,453753
37601.6,453753
37602.9,453753
37603.5,453753
37601.1,453753
37603.7,453753
37603.6,453753
37599.5,453753
37602.5,453753
37602.1,453753
37602.8,453753
37602,453753
37594,453753
37602.5,453753
37601.3,453753
37603.2,453753
37602.5,453753
37603.4,453753
37602,453753
37603.3,453753
37605.3,453753
37602,453753
37598.5,453753
37600.7,453753
37595,453753
37594.2,453753
37605.1,453753
37601.9,453753
37604.9,453753
37600.1,453753
37601.5,453753
37587.3,453753
37603.3,453753
37604.4,453753
37602.6,453753
37605.6,453753
37604.2,453753
37604.4,453753
37605.2,453753
37605.8,453753
37603.4,453753
37604.8,453753
37604.2,453753
37603.8,453753
37604.2,453753
37605.3,453753
37602.3,453753
37605.2,453753
37603.4,453753
37605.9,453753
37602,453753
37604,453753
37603.7,453753
37602.5,453753
37602.4,453753
37603.3,453753
37602.4,453753
37602.4,453753
37603,453753
37594.8,453753
37600.7,453753
37598.6,453753
37590.6,453753
37596.2,453753
37601.3,453753
37602.4,453753
37600.6,453753
37599.4,453753
37600.1,453753
37597.2,453753
37600.7,453753
37601.7,453753
37602.7,453753
37600.3,453753
37601.5,453753
37603.9,453753
37601.4,453753
37601.9,453753
37600.4,453753
37597.6,453753
37598.9,453753
37603.1,453753
37602.5,453753
37603.1,453753
37604.7,453753
37603.3,453753
37605.5,453753
37595,453753
37602.6,453753
37602.2,453753
37603.6,453753
37604.3,453753
37603.8,453753
37605.2,453753
37603.3,453753
37603.6,453753
37604.9,453753
37603.6,453753
37604.9,453753
37603,453753
37599.9,453753
37601.5,453753
37602.7,453753
37605.2,453753
37604,453753
37600.6,453753
37605.2,453753
37602.5,453753
37603.1,453753
37604.2,453753
37601.5,453753
37602.4,453753
37603.7,453753
37603.4,453753
37598.7,453753
37603.7,453753
37604,453753
37603.1,453753
37603.7,453753
37602,453753
37601.1,453753
37603,453753
37603,453753
37601.4,453753
37586.2,453753
37600.3,453753
37600.8,453753
37603.5,453753
37605.4,453753
37604.5,453753
37600.7,453753
37600.9,453753
37602.5,453753
37602.9,453753
37601.3,453753
37601.1,453753
37604,453753
37603,453753
37604.6,453753
37602.7,453753
37601.1,453753
37600.9,453753
37599.8,453753
37603.5,453753
37604.8,453753
37603.2,453753
37605.1,453753
37603.6,453753
37604,453753
37603.7,453753
37603.7,453753
37602.8,453753
37604.8,453753
37605.4,453753
37604.6,453753
37602.3,453753
37601.7,453753
37602.1,453753
37602.6,453753
37601.8,453753
37604.3,453753
37597.9,453753
37585.7,453753
37589.4,453753
37603.1,453753
37603.6,453753
37603,453753
37602.4,453753
37605.4,453753
37600.8,453753
37604,453753
37603.1,453753
37603.6,453753
37600.6,453753
37603.5,453753
37603.7,453753
37595.5,453753
37599.7,453753
37602.7,453753
37602.9,453753
37603.5,453753
37602.5,453753
37602.8,453753
37603.9,453753
37604.3,453753
37603.6,453753
37599.9,453753
37602.7,453753
37600.7,453753
37603.4,453753
37603.2,453753
37602.8,453753
37602.9,453753
37603.7,453753
37602.6,453753
37600,453753
37600.2,453753
37603.4,453753
37602.6,453753
37604.4,453753
37604.4,453753
37605.9,453753
37602.5,453753
37604.2,453753
37605.6,453753
37604.6,453753
37606,453753
37605.4,453753
37603.5,453753
37603.7,453753
37604.8,453753
37605,453753
37602.9,453753
37603.5,453753
37602.7,453753
37605,453753
37603.5,453753
37602.4,453753
37605.9,453753
37603.9,453753
37604.7,453753
37600.2,453753
37603.1,453753
37600.1,453753
37593.1,453753
37605.6,453753
37600.6,453753
37604,453753
37605.4,453753
37604.7,453753
37603.9,453753
37603.7,453753
37605.2,453753
37603.9,453753
37603.6,453753
37600.6,453753
37599,453753
37603.1,453753
37602.8,453753
37603.6,453753
37604,453753
37602.5,453753
37601.1,453753
37603.9,453753
37602.4,453753
37604.1,453753
37604.2,453753
37602.3,453753
37603.5,453753
37604.4,453753
37603.8,453753
37603.8,453753
37604.8,453753
37602.2,453753
37601.7,453753
37604.2,453753
37605.5,453753
37603,453753
37606,453753
37603.1,453753
37604.6,453753
37604.5,453753
37604.9,453753
37603.6,453753
37602.1,453753
37602.7,453753
37604.8,453753
37602.5,453753
37603.6,453753
37602,453753
37599.3,453753
37595.1,453753
37602.6,453753
37603.6,453753
37604.4,453753
37601.6,453753
37602.4,453753
37600.2,453753
37602.6,453753
37602.8,453753
37603.2,453753
37602.4,453753
37583.7,453753
37603.6,453753
37604.9,453753
37601,453753
37602.5,453753
37600.9,453753
37603.8,453753
37604.3,453753
37602.4,453753
37598.7,453753
37602.3,453753
37602.5,453753
37603.1,453753
37604.2,453753
37604.3,453753
37603.3,453753
37604.6,453753
37604.8,453753
37604.4,453753
37602.9,453753
37603.8,453753
37603,453753
37601.7,453753
37594.3,453753
37604.7,453753
37601.3,453753
37598.4,453753
37599.6,453753
37598.6,453753
37604.4,453753
37601.3,453753
37602.7,453753
37606.5,453753
37605.5,453753
37604,453753
37599.9,453753
37601.3,453753
37603.4,453753
37604.3,453753
37602,453753
37602.3,453753
37603.8,453753
37566.8,453753
37503.2,453753
37583.8,453753
37600.6,453753
37599.8,453753
37600.2,453753
37604.1,453753
37599.5,453753
37603.8,453753
37603.5,453753
37600.9,453753
37596.8,453753
37600.8,453753
37599.3,453753
37603.9,453753
37603.5,453753
37602.8,453753
37601,453753
37599,453753
37602.9,453753
37604.2,453753
37604.8,453753
37604.2,453753
37603.4,453753
37605.6,453753
37604.4,453753
37601.7,453753
37604.7,453753
37605.4,453753
37605.1,453753
37605.2,453753
37603.5,453753
37603.8,453753
37603.5,453753
37606.3,453753
37603.4,453753
37602.6,453753
37605.1,453753
37602.8,453753
37603.6,453753
37603.1,453753
37603.6,453753
37604,453753
37602.5,453753
37603.2,453753
37599.3,453753
37589.1,453753
37600.8,453753
37601.9,453753
37599.4,453753
37600.6,453753
37602.4,453753
37602.6,453753
37600.9,453753
37602.9,453753
37603.6,453753
37602.7,453753
37602.1,453753
37604.1,453753
37605.3,453753
37599.3,453753
37600.7,453753
37604.7,453753
37601.9,453753
37601.6,453753
37602.4,453753
37602.9,453753
37604.5,453753
37603.6,453753
37601.9,453753
37602.6,453753
37604,453753
37603.5,453753
37601.9,453753
37597,453753
37605.5,453753
37605.6,453753
37606,453753
37605.8,453753
37601.7,453753
37600.9,453753
37605.6,453753
37603.3,453753
37602.7,453753
37604.4,453753
37606.1,453753
37604.2,453753
37603.1,453753
37603.4,453753
37603.5,453753
37604.1,453753
37604,453753
37601.4,453753
37603,453753
37598.2,453753
37601.3,453753
37602,453753
37600.5,453753
37601.3,453753
37605.9,453753
37603.2,453753
37603.9,453753
37603.9,453753
37600.5,453753
37603.1,453753
37603.2,453753
37601.7,453753
37603.3,453753
37604,453753
37604.4,453753
37606.2,453753
37604.7,453753
37604.5,453753
37602.2,453753
37603.8,453753
37603.4,453753
37603.6,453753
37604.6,453753
37603.7,453753
37605.5,453753
37604.4,453753
37605.9,453753
37600.3,453753
37602.9,453753
37600.5,453753
37600.3,453753
37602.3,453753
37604,453753
37595.4,453753
37604.6,453753
37602,453753
37601.9,453753
37602.3,453753
37600.9,453753
37602.6,453753
37602.2,453753
37603.7,453753
37601.7,453753
37602.4,453753
37601.8,453753
37604.1,453753
37604.8,453753
37601.7,453753
37605.9,453753
37605.9,453753
37603.8,453753
37605.1,453753
37603.9,453753
37604.8,453753
37606.2,453753
37605.2,453753
37604.1,453753
37605.6,453753
37604.6,453753
37603.3,453753
37598.3,453753
37604,453753
37599.2,453753
37604.3,453753
37603.9,453753
37604.4,453753
37604.6,453753
37602.1,453753
37603.3,453753
37605.9,453753
37596.6,453753
37598.6,453753
37600.4,453753
37603.9,453753
37598,453753
37602.4,453753
37604,453753
37604.9,453753
37605.5,453753
37604,453753
37605.6,453753
37605.3,453753
37602.7,453753
37604.8,453753
37602.1,453753
37603.9,453753
37605.5,453753
37603.6,453753
37604.5,453753
37602.9,453753
37605.2,453753
37604.7,453753
37605.1,453753
37602.2,453753
37603.1,453753
37606.1,453753
37601.8,453753
37600.4,453753
37605.6,453753
37603.1,453753
37605,453753
37602.3,453753
37603.2,453753
37603.6,453753
37604.1,453753
37600.8,453753
37599.9,453753
37602.2,453753
37603.6,453753
37602.5,453753
37603.1,453753
37601.6,453753
37604,453753
37603.9,453753
37604.9,453753
37604.3,453753
37602.2,453753
37598.8,453753
37603.2,453753
37604.5,453753
37601.5,453753
37601.9,453753
37605.2,453753
37604.8,453753
37606.2,453753
37603.8,453753
37601.7,453753
37600.6,453753
37600.3,453753
37604.6,453753
37604.1,453753
37600.7,453753
37595.1,453753
37597.9,453753
37597,453753
37603.1,453753
37603.8,453753
37605,453753
37602.4,453753
37603.9,453753
37604.7,453753
37603.8,453753
37604.4,453753
37605.1,453753
37605.9,453753
37603.8,453753
37604,453753
37604.8,453753
37603.9,453753
37603.6,453753
37604.6,453753
37606,453753
37604.8,453753
37605.8,453753
37605.4,453753
37605.5,453753
37603.3,453753
37603,453753
37603.9,453753
37602.1,453753
37604.9,453753
37603,453753
37603.2,453753
37600.6,453753
37602.8,453753
37602.8,453753
37601.4,453753
37598.8,453753
37603.8,453753
37603.8,453753
37605.1,453753
37604,453753
37603.4,453753
37604.9,453753
37605.7,453753
37605,453753
37602.5,453753
37604.8,453753
37603.8,453753
37602.5,453753
37604.9,453753
37604.3,453753
37604.3,453753
37605.4,453753
37600.9,453753
37592.8,453753
37602.9,453753
37602.9,453753
37602.2,453753
37599,453753
37594.9,453753
37601.1,453753
37602.7,453753
37602.4,453753
37597.1,453753
37600.9,453753
37602.7,453753
37594.9,453753
37601.3,453753
37603.9,453753
37604.7,453753
37602.9,453753
37605.2,453753
37591.2,453753
37598.1,453753
37600.9,453753
37602.6,453753
37605,453753
37603.5,453753
37604.5,453753
37605.6,453753
37604.8,453753
37604.6,453753
37603.1,453753
37604.4,453753
37603,453753
37602.5,453753
37603.6,453753
37599.7,453753
37596,453753
37603.7,453753
37604.7,453753
37604,453753
37601,453753
37603.4,453753
37604.3,453753
37603.8,453753
37605.6,453753
37604.2,453753
37606.3,453753
37605.4,453753
37604.3,453753
37602.5,453753
37606.4,453753
37605.6,453753
37604.2,453753
37602.9,453753
37604.9,453753
37605.2,453753
37601.8,453753
37604,453753
37604.8,453753
37603.8,453753
37602.9,453753
37605.2,453753
37602.8,453753
37603.1,453753
37598.8,453753
37605.5,453753
37604.7,453753
37604.5,453753
37605.6,453753
37604.7,453753
37598.9,453753
37602.6,453753
37604.2,453753
37604.9,453753
37597.6,453753
37598.8,453753
37605.6,453753
37605.1,453753
37604.5,453753
37604.6,453546
