TRACE,NSNPS_JACKKNIFE
37816.2,453753
37817.7,453753
37815.4,453753
37815.6,453753
37815.7,453753
37818,453753
37812.7,453753
37814.8,453753
37814,453753
37813.6,453753
37814.4,453753
37813.2,453753
37816.8,453753
37814.6,453753
37815.8,453753
37815.9,453753
37813.4,453753
37809.8,453753
37809.9,453753
37811.5,453753
37815.7,453753
37816.2,453753
37815.4,453753
37816.8,453753
37817.3,453753
37816,453753
37814.8,453753
37811.9,453753
37813.8,453753
37815.5,453753
37814.1,453753
37814.6,453753
37814.4,453753
37814.8,453753
37813.8,453753
37816.1,453753
37814.1,453753
37812.3,453753
37814.7,453753
37816,453753
37815.7,453753
37817.3,453753
37814.9,453753
37811.3,453753
37811.7,453753
37812,453753
37816.7,453753
37814.6,453753
37814.6,453753
37815.5,453753
37815.1,453753
37812.7,453753
37814.8,453753
37813.1,453753
37813.9,453753
37815.9,453753
37815.3,453753
37811.5,453753
37812.8,453753
37811.8,453753
37815.5,453753
37817,453753
37816.3,453753
37814.6,453753
37813.9,453753
37814.5,453753
37814.4,453753
37814.6,453753
37813.1,453753
37814.6,453753
37810.5,453753
37817,453753
37816.4,453753
37815.3,453753
37816.4,453753
37816,453753
37815.5,453753
37816.4,453753
37817.2,453753
37815.7,453753
37812.7,453753
37814.1,453753
37815.9,453753
37817.4,453753
37816.2,453753
37815.5,453753
37816.7,453753
37816.7,453753
37815.2,453753
37814.7,453753
37812.3,453753
37813.2,453753
37816.6,453753
37801.1,453753
37815.8,453753
37813.7,453753
37816.1,453753
37814.7,453753
37815.2,453753
37815.9,453753
37814.4,453753
37813.1,453753
37813.1,453753
37811,453753
37810.8,453753
37812.1,453753
37815,453753
37814.6,453753
37815.3,453753
37813.9,453753
37815.1,453753
37813.5,453753
37814.3,453753
37811.4,453753
37814.2,453753
37814.1,453753
37814.7,453753
37814.7,453753
37813.2,453753
37811.2,453753
37813.1,453753
37816.9,453753
37815.3,453753
37814.8,453753
37815.3,453753
37813.1,453753
37815,453753
37815.1,453753
37812.9,453753
37813.1,453753
37814.3,453753
37813.1,453753
37811.8,453753
37816.1,453753
37813.5,453753
37814.7,453753
37817.3,453753
37816.1,453753
37811.7,453753
37815.5,453753
37810.5,453753
37808.6,453753
37815.1,453753
37811.9,453753
37812,453753
37812.3,453753
37813.9,453753
37813.7,453753
37814.6,453753
37814.4,453753
37815.4,453753
37815.8,453753
37815.9,453753
37814.6,453753
37815.9,453753
37815.7,453753
37814.8,453753
37816.7,453753
37816.4,453753
37815.3,453753
37814.6,453753
37814.1,453753
37815.6,453753
37817.2,453753
37817.3,453753
37814.3,453753
37815.5,453753
37815.5,453753
37815.2,453753
37814.9,453753
37812.4,453753
37812.7,453753
37815,453753
37813.9,453753
37815.5,453753
37814.4,453753
37815.6,453753
37812.5,453753
37813.2,453753
37813.3,453753
37813.7,453753
37798.7,453753
37804.3,453753
37814.9,453753
37814.1,453753
37817.9,453753
37816,453753
37816.2,453753
37816.2,453753
37813.3,453753
37816.8,453753
37817.7,453753
37809.3,453753
37807.9,453753
37807.6,453753
37802,453753
37809,453753
37812.3,453753
37815.2,453753
37813.7,453753
37813.8,453753
37816.7,453753
37815.4,453753
37809.7,453753
37815,453753
37816,453753
37814.3,453753
37813.9,453753
37812.2,453753
37813.3,453753
37813.5,453753
37815.3,453753
37814.3,453753
37815.9,453753
37813.8,453753
37813.3,453753
37809.3,453753
37808.4,453753
37810.8,453753
37809.7,453753
37816.9,453753
37817.2,453753
37815,453753
37816.4,453753
37814.1,453753
37816.5,453753
37817.8,453753
37815.6,453753
37816.2,453753
37816.2,453753
37814.4,453753
37812.4,453753
37814.7,453753
37816.2,453753
37818.7,453753
37817.5,453753
37817,453753
37814.9,453753
37812.8,453753
37813.4,453753
37814.9,453753
37814.4,453753
37815.1,453753
37815.1,453753
37815.4,453753
37815.6,453753
37814,453753
37814.4,453753
37815.5,453753
37811,453753
37813.2,453753
37814.8,453753
37815.8,453753
37813.5,453753
37814.2,453753
37815,453753
37813.6,453753
37815.5,453753
37810.1,453753
37814.9,453753
37817.3,453753
37815.2,453753
37805.2,453753
37812.4,453753
37815.3,453753
37812.7,453753
37811.5,453753
37805.8,453753
37814.5,453753
37814.1,453753
37812.9,453753
37807.5,453753
37813.1,453753
37811.4,453753
37811.5,453753
37814.1,453753
37816.9,453753
37815.6,453753
37814.2,453753
37811.8,453753
37816.2,453753
37814.7,453753
37814.5,453753
37815.7,453753
37813.9,453753
37814.8,453753
37817.1,453753
37815.3,453753
37815.7,453753
37817.2,453753
37816.3,453753
37817.3,453753
37817.4,453753
37817.3,453753
37816.4,453753
37816.3,453753
37813.6,453753
37814.5,453753
37817,453753
37815.5,453753
37815.1,453753
37815,453753
37816.4,453753
37813.6,453753
37816.3,453753
37815.6,453753
37814.9,453753
37814,453753
37815.2,453753
37815.2,453753
37816.3,453753
37814.8,453753
37812.6,453753
37806.9,453753
37808,453753
37811.7,453753
37814.5,453753
37811.8,453753
37812.4,453753
37813.6,453753
37815.9,453753
37815.4,453753
37814,453753
37815,453753
37814.2,453753
37813.5,453753
37814.6,453753
37813.6,453753
37815.3,453753
37814.4,453753
37808.3,453753
37813.9,453753
37813.4,453753
37815.7,453753
37814.2,453753
37815.9,453753
37815,453753
37813.9,453753
37815.9,453753
37814.3,453753
37814,453753
37815.9,453753
37810.4,453753
37808.3,453753
37814.4,453753
37813.4,453753
37815.4,453753
37812.2,453753
37814.4,453753
37794.9,453753
37814.8,453753
37816.1,453753
37815,453753
37816.3,453753
37816,453753
37815.8,453753
37815.7,453753
37815.6,453753
37814.1,453753
37817.5,453753
37815,453753
37817.8,453753
37816,453753
37815.7,453753
37814.9,453753
37816.6,453753
37814.9,453753
37815.5,453753
37813,453753
37817.2,453753
37815.2,453753
37815.5,453753
37814.6,453753
37815.6,453753
37812.8,453753
37815.5,453753
37811.2,453753
37806.3,453753
37811.2,453753
37813.3,453753
37802.9,453753
37808.7,453753
37812.3,453753
37813.4,453753
37813.1,453753
37810.5,453753
37809.2,453753
37810.2,453753
37813.1,453753
37813.7,453753
37814.6,453753
37813.5,453753
37813.3,453753
37816,453753
37814.5,453753
37813.7,453753
37814,453753
37810.1,453753
37810.6,453753
37814.4,453753
37815.2,453753
37815.1,453753
37814.2,453753
37814.8,453753
37816.7,453753
37806.8,453753
37813,453753
37813.2,453753
37813.8,453753
37816.4,453753
37816.6,453753
37815.9,453753
37816.3,453753
37816.2,453753
37817.8,453753
37816.3,453753
37816.9,453753
37814.4,453753
37810.9,453753
37813.2,453753
37812.7,453753
37815,453753
37816.4,453753
37814,453753
37816.7,453753
37815.4,453753
37815.8,453753
37816.4,453753
37812.4,453753
37813.7,453753
37815.8,453753
37816.3,453753
37811.7,453753
37813.9,453753
37816,453753
37814.6,453753
37816.8,453753
37814.1,453753
37814,453753
37814.5,453753
37813.7,453753
37809.2,453753
37797.4,453753
37812.4,453753
37815.1,453753
37816.2,453753
37816.1,453753
37816.6,453753
37814.3,453753
37812.2,453753
37816,453753
37814.8,453753
37811.1,453753
37812.5,453753
37815.8,453753
37813.6,453753
37813.8,453753
37813.8,453753
37813.8,453753
37812.8,453753
37812.8,453753
37811.6,453753
37816.1,453753
37813.5,453753
37817.1,453753
37817,453753
37813.7,453753
37814.7,453753
37816.8,453753
37814.4,453753
37816.2,453753
37817.3,453753
37817.1,453753
37814.3,453753
37812.5,453753
37814.3,453753
37813.9,453753
37814.5,453753
37816.1,453753
37807.4,453753
37793.4,453753
37799.4,453753
37813.1,453753
37814.6,453753
37815.8,453753
37814.9,453753
37816.2,453753
37811.7,453753
37815.1,453753
37814.7,453753
37814.3,453753
37812.8,453753
37814.1,453753
37815.1,453753
37805.1,453753
37810.1,453753
37814.9,453753
37813.3,453753
37815.7,453753
37812.9,453753
37813.8,453753
37816.6,453753
37816.4,453753
37813.6,453753
37812,453753
37813.8,453753
37810,453753
37814.3,453753
37815.2,453753
37817,453753
37813.9,453753
37815.6,453753
37812.7,453753
37808.6,453753
37810.9,453753
37815.4,453753
37814.2,453753
37815.9,453753
37816.3,453753
37816.6,453753
37813.1,453753
37814.7,453753
37815.4,453753
37816.3,453753
37816.2,453753
37816.6,453753
37814,453753
37814.4,453753
37815.8,453753
37816.1,453753
37815.9,453753
37815.9,453753
37814.9,453753
37813.6,453753
37815.7,453753
37813.7,453753
37815.7,453753
37813.7,453753
37816.1,453753
37811.6,453753
37813.6,453753
37809.2,453753
37805.8,453753
37814.8,453753
37811.6,453753
37816.6,453753
37816.4,453753
37815.4,453753
37815.4,453753
37815.6,453753
37814.7,453753
37815.1,453753
37814.2,453753
37811.6,453753
37813.7,453753
37816.1,453753
37812.9,453753
37812.5,453753
37815.3,453753
37814,453753
37811.9,453753
37815.5,453753
37813.8,453753
37816.1,453753
37815.1,453753
37813.3,453753
37815.9,453753
37817,453753
37815.6,453753
37815.2,453753
37815.5,453753
37814.1,453753
37814.7,453753
37815.8,453753
37815.2,453753
37815.6,453753
37815.2,453753
37814.6,453753
37814.9,453753
37815.1,453753
37816.2,453753
37815.7,453753
37814.5,453753
37815.1,453753
37814.2,453753
37815.2,453753
37815.1,453753
37814,453753
37810.8,453753
37807,453753
37811.9,453753
37814.4,453753
37814.7,453753
37812.8,453753
37815.2,453753
37812.4,453753
37814.1,453753
37812.6,453753
37814.8,453753
37814.1,453753
37792.3,453753
37815.5,453753
37813.8,453753
37813.1,453753
37813.9,453753
37812.3,453753
37814.5,453753
37814.7,453753
37812,453753
37808.1,453753
37813.5,453753
37815.3,453753
37816.7,453753
37815.1,453753
37816.5,453753
37815.3,453753
37817.1,453753
37815.4,453753
37817.5,453753
37814.8,453753
37816.2,453753
37817.9,453753
37815.8,453753
37808.3,453753
37814.1,453753
37813.4,453753
37810.7,453753
37812.2,453753
37812.6,453753
37816.4,453753
37815.4,453753
37817,453753
37816.4,453753
37815.1,453753
37815.7,453753
37813,453753
37813.2,453753
37814.8,453753
37816.2,453753
37814.2,453753
37815,453753
37814.8,453753
37764.6,453753
37688,453753
37788.4,453753
37811.9,453753
37812,453753
37811.8,453753
37815.2,453753
37814,453753
37814.7,453753
37817.2,453753
37814.7,453753
37805.6,453753
37812.1,453753
37812.4,453753
37814.1,453753
37817.4,453753
37815.5,453753
37813,453753
37812.8,453753
37812.9,453753
37814.3,453753
37815.1,453753
37815.1,453753
37814.2,453753
37817.6,453753
37816,453753
37813.5,453753
37815.6,453753
37816.1,453753
37816.8,453753
37815.8,453753
37814.8,453753
37815.6,453753
37816,453753
37816.4,453753
37816.7,453753
37814.9,453753
37815.1,453753
37814.7,453753
37815.4,453753
37815.7,453753
37813.5,453753
37815,453753
37815,453753
37814.3,453753
37810.9,453753
37800.2,453753
37813.5,453753
37816.3,453753
37810,453753
37811.1,453753
37812.2,453753
37813,453753
37814.1,453753
37814.1,453753
37814.4,453753
37815.1,453753
37814.6,453753
37816.8,453753
37813.6,453753
37812.3,453753
37812.3,453753
37814.9,453753
37815.5,453753
37812.6,453753
37813.8,453753
37816.2,453753
37815.2,453753
37816.4,453753
37813.9,453753
37813.2,453753
37816.1,453753
37816.8,453753
37813.1,453753
37808.9,453753
37817.7,453753
37816.9,453753
37816.3,453753
37818.3,453753
37815.6,453753
37814.3,453753
37816.9,453753
37813.8,453753
37813.1,453753
37816.8,453753
37816.6,453753
37817.2,453753
37815.3,453753
37815.5,453753
37816.3,453753
37815.7,453753
37817,453753
37813.1,453753
37812.8,453753
37809.9,453753
37813.6,453753
37812.3,453753
37812.3,453753
37814.3,453753
37815.2,453753
37814.6,453753
37814.9,453753
37813.1,453753
37813.6,453753
37814.3,453753
37815.9,453753
37814.8,453753
37813.7,453753
37815.6,453753
37815.8,453753
37817.1,453753
37816.2,453753
37814.9,453753
37817,453753
37814.4,453753
37813.9,453753
37817.3,453753
37816.2,453753
37816.8,453753
37814.3,453753
37815.8,453753
37817.4,453753
37815.8,453753
37813.2,453753
37812.9,453753
37811,453753
37814.5,453753
37815.9,453753
37810.4,453753
37815.4,453753
37813.4,453753
37813.1,453753
37814.6,453753
37812.5,453753
37810.8,453753
37815,453753
37814,453753
37814.3,453753
37816,453753
37815.2,453753
37817.7,453753
37815.9,453753
37814.5,453753
37815.4,453753
37816.1,453753
37816.2,453753
37815.8,453753
37813,453753
37816.5,453753
37817.6,453753
37817.4,453753
37816.4,453753
37817,453753
37816.5,453753
37813.5,453753
37810.9,453753
37814.3,453753
37811.4,453753
37815.3,453753
37814.9,453753
37814.6,453753
37814.7,453753
37815.1,453753
37816.4,453753
37815.1,453753
37811.5,453753
37812.7,453753
37812.9,453753
37814.9,453753
37808.6,453753
37813.8,453753
37815.7,453753
37815.5,453753
37817.1,453753
37817.4,453753
37817.3,453753
37817.8,453753
37814.8,453753
37815.6,453753
37812.7,453753
37812.5,453753
37817.3,453753
37814.5,453753
37816,453753
37815.7,453753
37816.9,453753
37816,453753
37816.8,453753
37813.6,453753
37815.9,453753
37817.3,453753
37814.2,453753
37812.3,453753
37816.6,453753
37815.7,453753
37815.8,453753
37814.1,453753
37814,453753
37813.2,453753
37814.1,453753
37808.6,453753
37811.2,453753
37814.3,453753
37813.8,453753
37816.2,453753
37817.5,453753
37816.7,453753
37815.8,453753
37816,453753
37817.2,453753
37817.5,453753
37814.6,453753
37809.7,453753
37815.8,453753
37816.9,453753
37815.8,453753
37814.4,453753
37816.4,453753
37817,453753
37817.7,453753
37815.8,453753
37814.9,453753
37812.8,453753
37812.6,453753
37816.8,453753
37814.4,453753
37815.2,453753
37809.1,453753
37811.5,453753
37804.2,453753
37815.9,453753
37815.1,453753
37815,453753
37812.5,453753
37813.1,453753
37815,453753
37815.6,453753
37817.5,453753
37816.2,453753
37814.9,453753
37816.3,453753
37816,453753
37815,453753
37813.4,453753
37813.3,453753
37818.1,453753
37817.2,453753
37816.8,453753
37817.1,453753
37817.8,453753
37816.4,453753
37813.4,453753
37816.2,453753
37815.6,453753
37815.1,453753
37815.7,453753
37814.1,453753
37815.2,453753
37813.6,453753
37813.8,453753
37815.6,453753
37815.8,453753
37811.6,453753
37814,453753
37816.6,453753
37815.1,453753
37815.2,453753
37814.4,453753
37817.1,453753
37815.1,453753
37815.8,453753
37816,453753
37817,453753
37814.7,453753
37815.2,453753
37814.4,453753
37816.7,453753
37814.9,453753
37816.7,453753
37813.9,453753
37807.7,453753
37814.5,453753
37815,453753
37815.3,453753
37812.6,453753
37806.8,453753
37812.8,453753
37815.6,453753
37814.1,453753
37810.8,453753
37812.5,453753
37813.3,453753
37805.4,453753
37813,453753
37815.5,453753
37815.9,453753
37813.3,453753
37816.7,453753
37803.9,453753
37810.4,453753
37814.7,453753
37813.5,453753
37817.2,453753
37812.5,453753
37816.2,453753
37816.4,453753
37817,453753
37815.6,453753
37816.5,453753
37814.7,453753
37814.8,453753
37814.8,453753
37814.6,453753
37811.6,453753
37807.8,453753
37813.8,453753
37815.8,453753
37815.3,453753
37813.8,453753
37814.9,453753
37815.4,453753
37815.5,453753
37816.8,453753
37816.6,453753
37816.8,453753
37815.8,453753
37814.7,453753
37814.5,453753
37817.1,453753
37816,453753
37813.6,453753
37815.4,453753
37816.3,453753
37815,453753
37813.7,453753
37815.7,453753
37816.1,453753
37814.1,453753
37817.3,453753
37816.3,453753
37815.5,453753
37815.5,453753
37812.4,453753
37815.6,453753
37816,453753
37816.1,453753
37817.4,453753
37815,453753
37808.8,453753
37815.5,453753
37816.8,453753
37816.2,453753
37811.1,453753
37812.8,453753
37817.6,453753
37817.4,453753
37816,453753
37816.5,453546
