TRACE,NSNPS_JACKKNIFE
37575.7,453753
37572.8,453753
37574.2,453753
37575.2,453753
37572.1,453753
37573,453753
37573.1,453753
37572.4,453753
37573.9,453753
37572.8,453753
37574.5,453753
37571.3,453753
37576.4,453753
37574.4,453753
37572.8,453753
37573.1,453753
37572.8,453753
37566.1,453753
37568.2,453753
37571.3,453753
37572.6,453753
37574.7,453753
37573.6,453753
37573.3,453753
37574.8,453753
37572.4,453753
37571.8,453753
37572,453753
37572.4,453753
37573.6,453753
37571.5,453753
37572.6,453753
37573.8,453753
37570.6,453753
37574.3,453753
37573.4,453753
37572.2,453753
37570.6,453753
37572.8,453753
37573.7,453753
37573.9,453753
37574.1,453753
37570.9,453753
37565.7,453753
37569.7,453753
37573,453753
37574.7,453753
37575.3,453753
37573.5,453753
37575.1,453753
37574.3,453753
37569.6,453753
37570.7,453753
37571.3,453753
37570.6,453753
37572.9,453753
37573.7,453753
37567.8,453753
37572.7,453753
37571.7,453753
37574.4,453753
37574.5,453753
37574.2,453753
37574.8,453753
37573.7,453753
37573.4,453753
37571.9,453753
37572.3,453753
37571.9,453753
37571.7,453753
37567.8,453753
37572.9,453753
37574.7,453753
37575,453753
37574.4,453753
37573.6,453753
37574.9,453753
37573.6,453753
37573.7,453753
37572.4,453753
37570.6,453753
37572.8,453753
37574.3,453753
37575.9,453753
37575.5,453753
37574.3,453753
37574,453753
37574.9,453753
37573.8,453753
37574.2,453753
37570.5,453753
37571.5,453753
37574.2,453753
37563.2,453753
37573.8,453753
37573,453753
37573.2,453753
37574.6,453753
37574.5,453753
37573.7,453753
37571.3,453753
37571.8,453753
37571.3,453753
37573,453753
37571.4,453753
37571.1,453753
37573.7,453753
37575.1,453753
37573,453753
37572.7,453753
37575.2,453753
37572.8,453753
37571.6,453753
37570.4,453753
37570.5,453753
37573.2,453753
37574.3,453753
37573,453753
37571.6,453753
37570.6,453753
37571.6,453753
37574.1,453753
37571.4,453753
37574,453753
37573.1,453753
37570.3,453753
37571.8,453753
37573.5,453753
37570.7,453753
37572.9,453753
37571.4,453753
37573,453753
37572.6,453753
37574,453753
37571.2,453753
37574.1,453753
37572.8,453753
37574,453753
37570.5,453753
37573.4,453753
37566.5,453753
37567,453753
37572.6,453753
37570.6,453753
37570.6,453753
37571.9,453753
37573.1,453753
37573,453753
37573.1,453753
37574.9,453753
37573.7,453753
37574.2,453753
37573.4,453753
37572.1,453753
37572.9,453753
37575.6,453753
37575.7,453753
37574,453753
37574.4,453753
37573.7,453753
37571.9,453753
37572.7,453753
37574.7,453753
37575.5,453753
37575.4,453753
37573.9,453753
37574.6,453753
37575.5,453753
37575.7,453753
37572.1,453753
37573,453753
37572.5,453753
37574.6,453753
37573,453753
37573.7,453753
37574.1,453753
37574.8,453753
37571.8,453753
37571.8,453753
37571,453753
37572.4,453753
37555.6,453753
37556,453753
37573.9,453753
37572,453753
37574.1,453753
37574.5,453753
37573.9,453753
37575.1,453753
37575.1,453753
37574.4,453753
37575.2,453753
37570,453753
37563.5,453753
37567.7,453753
37561.8,453753
37565.4,453753
37571,453753
37573.5,453753
37572.8,453753
37572.9,453753
37574.1,453753
37572.6,453753
37568.4,453753
37573.8,453753
37573.3,453753
37571.7,453753
37573.9,453753
37572.3,453753
37570.3,453753
37571.5,453753
37573.2,453753
37574.1,453753
37573.7,453753
37572,453753
37572.8,453753
37567.7,453753
37566.1,453753
37570.4,453753
37570.7,453753
37574.8,453753
37575.9,453753
37574,453753
37573,453753
37572.6,453753
37572.6,453753
37575.5,453753
37572.1,453753
37573.8,453753
37575.6,453753
37573.2,453753
37569.4,453753
37570.1,453753
37574.6,453753
37574.8,453753
37574.2,453753
37571.7,453753
37573.9,453753
37570.2,453753
37573,453753
37572.2,453753
37574.7,453753
37574.7,453753
37572.9,453753
37573.1,453753
37573.5,453753
37573.2,453753
37572.2,453753
37573.3,453753
37569.7,453753
37569.8,453753
37573.7,453753
37571.8,453753
37569.6,453753
37572.1,453753
37572.2,453753
37573.7,453753
37573.9,453753
37570.4,453753
37573.7,453753
37573.7,453753
37569.5,453753
37568,453753
37571.8,453753
37573.1,453753
37570.8,453753
37571.4,453753
37567,453753
37573.1,453753
37572.6,453753
37572.2,453753
37567.1,453753
37572,453753
37572,453753
37572.3,453753
37571.1,453753
37573.8,453753
37574.7,453753
37571.8,453753
37570.9,453753
37573.7,453753
37572.7,453753
37572.4,453753
37571.9,453753
37572.7,453753
37574.6,453753
37575,453753
37573.8,453753
37573.5,453753
37575.5,453753
37575.1,453753
37575.6,453753
37573,453753
37572,453753
37575.3,453753
37573.3,453753
37574.2,453753
37572.4,453753
37574,453753
37574.8,453753
37574.5,453753
37573,453753
37575.7,453753
37573.2,453753
37574.2,453753
37574.1,453753
37573.3,453753
37574.8,453753
37574.1,453753
37574.8,453753
37575.5,453753
37573,453753
37571.1,453753
37566.6,453753
37564.5,453753
37571.6,453753
37573.2,453753
37569.9,453753
37571.9,453753
37572.8,453753
37572.5,453753
37574.1,453753
37574.3,453753
37572.7,453753
37572.9,453753
37570,453753
37572,453753
37571.7,453753
37572.2,453753
37571.2,453753
37565.5,453753
37572.8,453753
37573.3,453753
37574.7,453753
37571.9,453753
37574.1,453753
37572.7,453753
37572.2,453753
37572.7,453753
37571.1,453753
37570.5,453753
37572.6,453753
37569.9,453753
37566.3,453753
37572.6,453753
37570.8,453753
37573.3,453753
37572.2,453753
37570.9,453753
37556.8,453753
37573.9,453753
37573.9,453753
37573.1,453753
37574.7,453753
37573.7,453753
37575.8,453753
37573.7,453753
37576,453753
37574.1,453753
37574.3,453753
37573.2,453753
37574,453753
37572.5,453753
37574.1,453753
37572.6,453753
37574.4,453753
37572.1,453753
37575.1,453753
37574.3,453753
37574.7,453753
37572.6,453753
37573,453753
37572.4,453753
37574.7,453753
37573.5,453753
37571.9,453753
37571.7,453753
37565.1,453753
37570.6,453753
37571.2,453753
37563,453753
37567.2,453753
37571.1,453753
37572.5,453753
37572.2,453753
37570.1,453753
37570.1,453753
37567.8,453753
37572.5,453753
37571.8,453753
37572.6,453753
37572.7,453753
37569.5,453753
37572,453753
37571.9,453753
37571.6,453753
37570.6,453753
37566.4,453753
37567.4,453753
37573.5,453753
37574.4,453753
37572.7,453753
37572.8,453753
37573.3,453753
37575.8,453753
37567.1,453753
37571.2,453753
37571.8,453753
37571.2,453753
37574.8,453753
37574.2,453753
37572.5,453753
37573.4,453753
37572.7,453753
37574.6,453753
37574.2,453753
37574.8,453753
37573.5,453753
37569.5,453753
37571.4,453753
37572.9,453753
37573.5,453753
37573.9,453753
37572.9,453753
37573.8,453753
37573.5,453753
37573.8,453753
37573.8,453753
37572.6,453753
37573.8,453753
37572,453753
37573.3,453753
37566.1,453753
37573.9,453753
37574.7,453753
37572.4,453753
37573.7,453753
37571.9,453753
37570.9,453753
37571.9,453753
37571.9,453753
37571.3,453753
37561.5,453753
37571.3,453753
37571.1,453753
37574.2,453753
37574.3,453753
37574.4,453753
37572.2,453753
37570.9,453753
37573.8,453753
37573.9,453753
37573.5,453753
37570.3,453753
37574.8,453753
37572.9,453753
37572.2,453753
37571.2,453753
37572.2,453753
37567.7,453753
37568.7,453753
37572.1,453753
37574.3,453753
37571.4,453753
37576.1,453753
37574.4,453753
37572.2,453753
37572.6,453753
37574.8,453753
37570.9,453753
37574.7,453753
37574.5,453753
37573,453753
37573,453753
37571.8,453753
37571.4,453753
37570.8,453753
37573.6,453753
37572.6,453753
37566.7,453753
37551,453753
37556.5,453753
37572.6,453753
37574.7,453753
37574.2,453753
37573.8,453753
37572.5,453753
37571.5,453753
37574.4,453753
37572.6,453753
37574.7,453753
37569.9,453753
37572.7,453753
37573.2,453753
37563.6,453753
37572.9,453753
37572.8,453753
37573.4,453753
37573.7,453753
37571.6,453753
37572.2,453753
37573.8,453753
37575.1,453753
37571.3,453753
37570,453753
37572.4,453753
37569.2,453753
37572.8,453753
37573,453753
37575.5,453753
37573,453753
37573.4,453753
37573.2,453753
37568.7,453753
37568.2,453753
37573.2,453753
37572.7,453753
37575.2,453753
37575.1,453753
37575.4,453753
37573,453753
37574.1,453753
37575.7,453753
37573.7,453753
37574.4,453753
37573.6,453753
37573.3,453753
37573.4,453753
37575.1,453753
37575.6,453753
37573,453753
37574.7,453753
37573.4,453753
37574.5,453753
37573.8,453753
37573.3,453753
37574.4,453753
37571.2,453753
37574.3,453753
37572.2,453753
37570.8,453753
37567.9,453753
37565.9,453753
37574.2,453753
37571.1,453753
37572.9,453753
37574.8,453753
37572.1,453753
37573,453753
37574.2,453753
37573.3,453753
37574.2,453753
37573.6,453753
37572.3,453753
37572.1,453753
37574,453753
37571.6,453753
37573.6,453753
37575,453753
37571.4,453753
37571.4,453753
37573.5,453753
37573,453753
37575.2,453753
37572.6,453753
37572.9,453753
37572,453753
37573.6,453753
37574,453753
37572.7,453753
37574.8,453753
37572.7,453753
37572.3,453753
37574.9,453753
37574.4,453753
37574.5,453753
37573.6,453753
37574.2,453753
37575.3,453753
37573.8,453753
37574.1,453753
37574.4,453753
37573.2,453753
37571.6,453753
37573.7,453753
37573,453753
37574.5,453753
37571.7,453753
37568.8,453753
37566.1,453753
37572.5,453753
37571.6,453753
37573.1,453753
37570.1,453753
37573.9,453753
37572.5,453753
37571.1,453753
37571.9,453753
37573.6,453753
37572.9,453753
37553.7,453753
37572.9,453753
37574.4,453753
37570.7,453753
37574.7,453753
37569.8,453753
37572,453753
37572.4,453753
37571.8,453753
37568.1,453753
37573,453753
37574.2,453753
37574,453753
37574.2,453753
37574.8,453753
37574,453753
37573.9,453753
37572.8,453753
37574.2,453753
37572.5,453753
37575.8,453753
37573.6,453753
37571.4,453753
37561.6,453753
37575.2,453753
37568.4,453753
37568.6,453753
37571.3,453753
37572.6,453753
37574.5,453753
37573.5,453753
37572.7,453753
37575.2,453753
37575.9,453753
37575.1,453753
37571.3,453753
37570.3,453753
37573,453753
37575.1,453753
37573.3,453753
37572.4,453753
37572.7,453753
37534.9,453753
37474.8,453753
37554.2,453753
37570.9,453753
37572.1,453753
37570.5,453753
37572.5,453753
37570.1,453753
37572.7,453753
37574.9,453753
37574,453753
37562.2,453753
37568.8,453753
37568.6,453753
37572.3,453753
37574.2,453753
37571,453753
37569.5,453753
37571.3,453753
37572,453753
37571.4,453753
37571.7,453753
37574.2,453753
37574.9,453753
37573.9,453753
37574.2,453753
37571.4,453753
37575.9,453753
37574.8,453753
37575.2,453753
37575.5,453753
37574.7,453753
37572.1,453753
37573.7,453753
37574.4,453753
37573,453753
37571.5,453753
37574.1,453753
37572.8,453753
37574.1,453753
37573.9,453753
37573.5,453753
37573.8,453753
37574.1,453753
37571.8,453753
37568.7,453753
37557,453753
37569.9,453753
37572.5,453753
37568.1,453753
37570.5,453753
37572.1,453753
37572.1,453753
37572.7,453753
37572.6,453753
37574.4,453753
37573.6,453753
37573.8,453753
37574.9,453753
37572.9,453753
37569.4,453753
37572.4,453753
37573.1,453753
37571.6,453753
37572.4,453753
37575,453753
37574.5,453753
37573.6,453753
37574.1,453753
37571.7,453753
37570.8,453753
37575.6,453753
37574.2,453753
37570.9,453753
37571.2,453753
37574.8,453753
37574.5,453753
37575.2,453753
37575.4,453753
37572.6,453753
37571.2,453753
37576.1,453753
37574.6,453753
37574.1,453753
37573.3,453753
37574.4,453753
37575.2,453753
37574.2,453753
37573.5,453753
37574,453753
37573.2,453753
37573.2,453753
37573.8,453753
37572.2,453753
37569.8,453753
37572.1,453753
37572.2,453753
37571.1,453753
37573,453753
37574.8,453753
37573.5,453753
37574.1,453753
37572.6,453753
37570.4,453753
37571.7,453753
37574.8,453753
37571.2,453753
37571.5,453753
37573.4,453753
37573.7,453753
37576.5,453753
37575.6,453753
37575,453753
37573.8,453753
37575.3,453753
37573.2,453753
37575.1,453753
37575.7,453753
37574.7,453753
37572.8,453753
37575,453753
37575.6,453753
37574.1,453753
37571.2,453753
37570.6,453753
37570.9,453753
37572.4,453753
37572.9,453753
37566.3,453753
37574.5,453753
37573.6,453753
37570.4,453753
37572.3,453753
37572,453753
37571.7,453753
37573.4,453753
37571,453753
37573.4,453753
37573.2,453753
37573.1,453753
37574.6,453753
37573.6,453753
37571.5,453753
37575.1,453753
37573.8,453753
37573.9,453753
37573,453753
37573.2,453753
37574.1,453753
37574.7,453753
37574.5,453753
37574.2,453753
37575.9,453753
37573.9,453753
37572.8,453753
37569.7,453753
37573.1,453753
37570.6,453753
37572.5,453753
37574,453753
37573.2,453753
37572.7,453753
37570.8,453753
37573.3,453753
37575.2,453753
37568.9,453753
37568.6,453753
37570.8,453753
37572.9,453753
37566.6,453753
37572.9,453753
37572.9,453753
37575.9,453753
37575.4,453753
37574.6,453753
37576.2,453753
37573.7,453753
37573,453753
37574.7,453753
37572,453753
37570.3,453753
37575,453753
37574.5,453753
37573.8,453753
37574,453753
37575.4,453753
37576.5,453753
37575.3,453753
37574,453753
37573.8,453753
37575.6,453753
37572.1,453753
37571.5,453753
37574.6,453753
37574,453753
37574.2,453753
37574.3,453753
37573.4,453753
37573.1,453753
37571,453753
37565.5,453753
37568.7,453753
37573.4,453753
37572.8,453753
37575.5,453753
37574.1,453753
37572.9,453753
37571.7,453753
37573.1,453753
37574.8,453753
37574.7,453753
37571.8,453753
37570.2,453753
37575,453753
37574.1,453753
37575.4,453753
37571.7,453753
37573.9,453753
37575.3,453753
37574.8,453753
37572.9,453753
37572.5,453753
37570.7,453753
37572.9,453753
37576.1,453753
37574.5,453753
37571,453753
37567.3,453753
37570.1,453753
37564,453753
37572.5,453753
37573.2,453753
37574.5,453753
37570.7,453753
37574,453753
37575.3,453753
37573.9,453753
37575.6,453753
37576.2,453753
37573.6,453753
37575.4,453753
37572.9,453753
37572.3,453753
37571.7,453753
37572.8,453753
37575.9,453753
37576,453753
37576.2,453753
37573.2,453753
37573.4,453753
37574.2,453753
37572.1,453753
37573.7,453753
37573.3,453753
37573.3,453753
37573.4,453753
37572,453753
37573,453753
37569.8,453753
37572.1,453753
37574.2,453753
37574.8,453753
37571.8,453753
37574.7,453753
37574.1,453753
37575.3,453753
37573.6,453753
37574,453753
37575.1,453753
37574.1,453753
37573.8,453753
37575,453753
37574.8,453753
37574.8,453753
37571.8,453753
37575.2,453753
37574.6,453753
37573.2,453753
37575.5,453753
37571.9,453753
37559.8,453753
37573.5,453753
37572.5,453753
37573.3,453753
37571,453753
37567.5,453753
37572.1,453753
37573.7,453753
37571.7,453753
37567.3,453753
37571.1,453753
37572.4,453753
37566.9,453753
37573.2,453753
37573.7,453753
37574.1,453753
37573.6,453753
37575.5,453753
37562.5,453753
37567.1,453753
37573.3,453753
37573.6,453753
37576.2,453753
37572.1,453753
37574.9,453753
37576,453753
37574.1,453753
37574.3,453753
37574,453753
37574.9,453753
37573,453753
37573.6,453753
37571.3,453753
37568.9,453753
37565.2,453753
37572.7,453753
37574.9,453753
37573.5,453753
37574,453753
37571.5,453753
37572.8,453753
37575.5,453753
37574.1,453753
37575.6,453753
37575,453753
37575.4,453753
37573.7,453753
37572.2,453753
37576,453753
37574.9,453753
37575.5,453753
37574.2,453753
37575.1,453753
37573.5,453753
37574.5,453753
37574.4,453753
37572.7,453753
37572.5,453753
37572.6,453753
37575,453753
37573.6,453753
37571.9,453753
37569.8,453753
37574.8,453753
37575.6,453753
37575.2,453753
37575.8,453753
37573,453753
37565.9,453753
37570.5,453753
37574.2,453753
37574.3,453753
37568.7,453753
37569.5,453753
37574.6,453753
37574.5,453753
37574.1,453753
37573.8,453546
