TRACE,NSNPS_JACKKNIFE
37609.9,453753
37611.6,453753
37611.3,453753
37610,453753
37610.1,453753
37610.2,453753
37611,453753
37608.3,453753
37609.3,453753
37609.5,453753
37609.1,453753
37606.9,453753
37611.4,453753
37609.4,453753
37611.3,453753
37609.4,453753
37607.5,453753
37603.9,453753
37606.3,453753
37606.4,453753
37609.6,453753
37609.7,453753
37608.5,453753
37609.2,453753
37611.6,453753
37611.1,453753
37606.9,453753
37606.3,453753
37608.7,453753
37608,453753
37608.8,453753
37608.8,453753
37607.7,453753
37608,453753
37610.3,453753
37609.4,453753
37608.1,453753
37608.7,453753
37608.1,453753
37608.7,453753
37610,453753
37610.3,453753
37609.3,453753
37604.9,453753
37606.4,453753
37607.9,453753
37608.5,453753
37607.9,453753
37611.3,453753
37609.6,453753
37610.1,453753
37605.8,453753
37609.7,453753
37607,453753
37605.3,453753
37607.5,453753
37608.4,453753
37606.5,453753
37606.7,453753
37605.9,453753
37609.2,453753
37610.7,453753
37609.6,453753
37608.7,453753
37607.4,453753
37610,453753
37610.5,453753
37607.9,453753
37609.2,453753
37608.7,453753
37603.1,453753
37610,453753
37607.7,453753
37611.3,453753
37610,453753
37610.4,453753
37611,453753
37609.6,453753
37611,453753
37609.2,453753
37605.8,453753
37609.5,453753
37611.5,453753
37611.8,453753
37611.4,453753
37610.2,453753
37610.9,453753
37609.1,453753
37611.2,453753
37609.9,453753
37606.8,453753
37605.6,453753
37609.8,453753
37592.5,453753
37609.8,453753
37607.4,453753
37610.4,453753
37608.9,453753
37609.8,453753
37610.4,453753
37607.4,453753
37609.4,453753
37605.8,453753
37607.8,453753
37605.3,453753
37606.3,453753
37609.9,453753
37608,453753
37608.2,453753
37609.9,453753
37610.6,453753
37608.9,453753
37608.3,453753
37606.1,453753
37605.5,453753
37607.9,453753
37607.9,453753
37607.5,453753
37607.8,453753
37606.5,453753
37608.7,453753
37609.8,453753
37606.7,453753
37607.3,453753
37608.6,453753
37605.6,453753
37609.2,453753
37608.9,453753
37608.1,453753
37608.8,453753
37606.6,453753
37608,453753
37607.6,453753
37609.9,453753
37607.3,453753
37609.5,453753
37611.4,453753
37608.7,453753
37605.8,453753
37608.5,453753
37602.6,453753
37602.1,453753
37607.1,453753
37609.6,453753
37607.6,453753
37607.1,453753
37609.4,453753
37607.7,453753
37609.3,453753
37609.7,453753
37610.2,453753
37610,453753
37610.4,453753
37610.5,453753
37608.9,453753
37609.7,453753
37610.3,453753
37612.1,453753
37609.6,453753
37609.8,453753
37608.7,453753
37608.7,453753
37609.3,453753
37611.3,453753
37610.5,453753
37612.1,453753
37609.5,453753
37609.3,453753
37608,453753
37608.2,453753
37607.2,453753
37608.4,453753
37609.5,453753
37610.6,453753
37610.5,453753
37608.4,453753
37608.6,453753
37608.5,453753
37605.9,453753
37606.9,453753
37605.7,453753
37593.3,453753
37597.1,453753
37607.9,453753
37608.1,453753
37610.3,453753
37611.4,453753
37610.1,453753
37610.8,453753
37609.1,453753
37611.2,453753
37611.1,453753
37605.4,453753
37600.2,453753
37603.3,453753
37603.1,453753
37605.6,453753
37606.9,453753
37609.7,453753
37606.7,453753
37607.1,453753
37610.7,453753
37609.4,453753
37606.3,453753
37608.4,453753
37607.7,453753
37607.4,453753
37609,453753
37606.8,453753
37604.6,453753
37607.9,453753
37609.8,453753
37608.4,453753
37609.9,453753
37606.2,453753
37607.2,453753
37604.2,453753
37605.6,453753
37605.2,453753
37605.9,453753
37611.6,453753
37610.4,453753
37610.6,453753
37610.1,453753
37608.3,453753
37611,453753
37611.3,453753
37608.8,453753
37611.3,453753
37611,453753
37609.6,453753
37604.6,453753
37607.1,453753
37611.4,453753
37611.7,453753
37610.6,453753
37608.6,453753
37609.7,453753
37605.7,453753
37609.7,453753
37607.5,453753
37610.1,453753
37609.5,453753
37609,453753
37610.3,453753
37608.5,453753
37610.3,453753
37609.4,453753
37609.8,453753
37608.2,453753
37606,453753
37610.1,453753
37610.2,453753
37607.1,453753
37609.1,453753
37609,453753
37608.5,453753
37609.1,453753
37605.3,453753
37609.5,453753
37609.6,453753
37607.6,453753
37604.2,453753
37607.7,453753
37608.8,453753
37608.6,453753
37607.5,453753
37605,453753
37609.2,453753
37609.1,453753
37605.9,453753
37603.9,453753
37608.4,453753
37608.4,453753
37607.6,453753
37605.5,453753
37609.5,453753
37609.5,453753
37605.2,453753
37604,453753
37608.2,453753
37609.2,453753
37608.2,453753
37608.7,453753
37608.4,453753
37609,453753
37609.6,453753
37608.9,453753
37608.8,453753
37610.8,453753
37611.7,453753
37609.8,453753
37611.7,453753
37610,453753
37611.3,453753
37610.5,453753
37608.7,453753
37608.5,453753
37610.8,453753
37609.7,453753
37610.8,453753
37610.8,453753
37612.4,453753
37608.9,453753
37610.6,453753
37609.2,453753
37608.9,453753
37610.6,453753
37608.9,453753
37610.8,453753
37610.3,453753
37609.8,453753
37605.8,453753
37603.4,453753
37599.9,453753
37607.8,453753
37608.4,453753
37607.3,453753
37607.8,453753
37607.5,453753
37610.2,453753
37608.5,453753
37610.2,453753
37609.1,453753
37607.6,453753
37606.7,453753
37608.8,453753
37607.6,453753
37607.6,453753
37608.3,453753
37603.6,453753
37608.1,453753
37609.6,453753
37609.7,453753
37608.8,453753
37609.1,453753
37608,453753
37609.3,453753
37609.7,453753
37607.4,453753
37606.2,453753
37608.3,453753
37601,453753
37600.9,453753
37609.9,453753
37608,453753
37609.4,453753
37608.1,453753
37608.2,453753
37598.2,453753
37609.4,453753
37609.6,453753
37609.6,453753
37611.4,453753
37610.6,453753
37610.9,453753
37610.4,453753
37611.2,453753
37609.3,453753
37609.9,453753
37610.4,453753
37611.6,453753
37610.1,453753
37610.5,453753
37609.6,453753
37610.4,453753
37609.7,453753
37610.4,453753
37609.3,453753
37609.7,453753
37609.1,453753
37608.8,453753
37609.2,453753
37610.1,453753
37609.4,453753
37608.3,453753
37606.9,453753
37601.4,453753
37606,453753
37604.9,453753
37595.3,453753
37601.7,453753
37604.9,453753
37607.3,453753
37606.9,453753
37603.6,453753
37604.2,453753
37603.2,453753
37606.8,453753
37610.2,453753
37609,453753
37607.3,453753
37606.1,453753
37608.9,453753
37604.5,453753
37607.8,453753
37607.2,453753
37604.5,453753
37605,453753
37608.5,453753
37608.2,453753
37609.1,453753
37609.2,453753
37608.6,453753
37611.5,453753
37599,453753
37608.5,453753
37608.3,453753
37608.4,453753
37608.9,453753
37609.7,453753
37607.9,453753
37607.3,453753
37610.1,453753
37611.4,453753
37610.7,453753
37610.6,453753
37609,453753
37605.7,453753
37607.9,453753
37609,453753
37610.2,453753
37610.8,453753
37607.2,453753
37610.6,453753
37609.3,453753
37609.4,453753
37609.7,453753
37607.1,453753
37608.8,453753
37609.2,453753
37609.5,453753
37602.6,453753
37610,453753
37609.3,453753
37608.7,453753
37608.9,453753
37608,453753
37608.9,453753
37606.8,453753
37608,453753
37604.2,453753
37592.2,453753
37607.2,453753
37609.4,453753
37610.4,453753
37610.6,453753
37609.3,453753
37608.1,453753
37607.2,453753
37608.3,453753
37608.9,453753
37607.7,453753
37605.9,453753
37609.5,453753
37608,453753
37610,453753
37608.8,453753
37606.6,453753
37605.8,453753
37605,453753
37608.9,453753
37609.8,453753
37607.8,453753
37611.3,453753
37609.9,453753
37607.5,453753
37609.5,453753
37610.1,453753
37607.7,453753
37611,453753
37610.9,453753
37610.7,453753
37607.7,453753
37605.6,453753
37610,453753
37609.8,453753
37609.4,453753
37607.5,453753
37604.6,453753
37591.8,453753
37598.4,453753
37609,453753
37610.2,453753
37608.8,453753
37607.5,453753
37608.6,453753
37608.8,453753
37610.9,453753
37609.9,453753
37609,453753
37607.9,453753
37608.9,453753
37607,453753
37600.2,453753
37606.1,453753
37608.8,453753
37607.7,453753
37609.6,453753
37607.6,453753
37607.6,453753
37611.1,453753
37609.9,453753
37609.2,453753
37606.3,453753
37608.2,453753
37605.2,453753
37607.3,453753
37606.5,453753
37610.7,453753
37607.9,453753
37610.7,453753
37608.1,453753
37607.4,453753
37607.1,453753
37608.2,453753
37609.6,453753
37609.9,453753
37609.8,453753
37610.9,453753
37610,453753
37611.9,453753
37609.3,453753
37609.9,453753
37611,453753
37611.6,453753
37609.2,453753
37608.9,453753
37610.2,453753
37610.2,453753
37609.4,453753
37609.6,453753
37612.2,453753
37610.7,453753
37610.1,453753
37607.5,453753
37609.6,453753
37609.5,453753
37609.3,453753
37605.5,453753
37608.5,453753
37603.5,453753
37599.5,453753
37610.3,453753
37607.3,453753
37609.2,453753
37610.4,453753
37608.3,453753
37610.2,453753
37611,453753
37609.3,453753
37610.3,453753
37609.1,453753
37607,453753
37608.2,453753
37609.5,453753
37609,453753
37607.8,453753
37611.6,453753
37609.1,453753
37608.9,453753
37609.9,453753
37607.6,453753
37610.2,453753
37607.9,453753
37606.3,453753
37610.3,453753
37609.7,453753
37611,453753
37610.7,453753
37610.1,453753
37608.8,453753
37608.8,453753
37609.3,453753
37609.3,453753
37608.2,453753
37609.6,453753
37609.5,453753
37609.5,453753
37609.9,453753
37611.1,453753
37610.9,453753
37608.8,453753
37608.3,453753
37608.8,453753
37608.9,453753
37609.4,453753
37606.5,453753
37605.5,453753
37600.3,453753
37607.4,453753
37608.8,453753
37610.2,453753
37608,453753
37609,453753
37606.4,453753
37609.3,453753
37607.9,453753
37610.8,453753
37607.5,453753
37589.5,453753
37610.2,453753
37609.7,453753
37608.7,453753
37608.6,453753
37608,453753
37608.7,453753
37607.5,453753
37606.8,453753
37606.3,453753
37608.7,453753
37607.4,453753
37610.1,453753
37609.8,453753
37610.9,453753
37608.6,453753
37611.1,453753
37610.8,453753
37610.7,453753
37609.6,453753
37612.5,453753
37610.1,453753
37608.3,453753
37598.7,453753
37608.6,453753
37605.3,453753
37602.5,453753
37608.6,453753
37605.4,453753
37610.9,453753
37607,453753
37609.6,453753
37610.8,453753
37609.5,453753
37608.9,453753
37609.2,453753
37607.2,453753
37609.7,453753
37609,453753
37608.2,453753
37608.3,453753
37609.4,453753
37568.4,453753
37503.1,453753
37588.6,453753
37605.6,453753
37605.4,453753
37604.2,453753
37610.6,453753
37609.6,453753
37610.3,453753
37610.7,453753
37607.5,453753
37598.6,453753
37606.8,453753
37604.2,453753
37608.6,453753
37609.5,453753
37609,453753
37607.4,453753
37606.8,453753
37608.9,453753
37609.4,453753
37608.7,453753
37610.6,453753
37609.1,453753
37612.1,453753
37608.9,453753
37608.1,453753
37610.6,453753
37611.1,453753
37609.7,453753
37610.8,453753
37609.4,453753
37608.4,453753
37610.8,453753
37610.3,453753
37609.2,453753
37605.8,453753
37611.4,453753
37609.7,453753
37609.9,453753
37608.6,453753
37609.4,453753
37609.6,453753
37608.8,453753
37608.1,453753
37606.3,453753
37593.2,453753
37607.5,453753
37609.6,453753
37604.3,453753
37607.3,453753
37606.8,453753
37607.8,453753
37607.2,453753
37609.4,453753
37610.6,453753
37607.3,453753
37609.7,453753
37609.5,453753
37607.3,453753
37604.3,453753
37606.3,453753
37608.3,453753
37609.1,453753
37606.7,453753
37608.7,453753
37608.4,453753
37608.5,453753
37610.1,453753
37609.1,453753
37607.2,453753
37610.5,453753
37610.6,453753
37605.8,453753
37606.2,453753
37611.6,453753
37611.4,453753
37611.3,453753
37611,453753
37608.3,453753
37607.2,453753
37612.2,453753
37609.1,453753
37610.4,453753
37611.8,453753
37612.5,453753
37610.5,453753
37609.9,453753
37609.4,453753
37608.4,453753
37608.6,453753
37611.2,453753
37606.9,453753
37607.6,453753
37604.1,453753
37607.3,453753
37607,453753
37608.1,453753
37610.4,453753
37611,453753
37609,453753
37608.5,453753
37609.9,453753
37607.4,453753
37608.3,453753
37610.3,453753
37608.1,453753
37609.6,453753
37609.4,453753
37608.2,453753
37612,453753
37611,453753
37611.4,453753
37609.1,453753
37609.5,453753
37608,453753
37610.2,453753
37611.1,453753
37611.1,453753
37609.7,453753
37610.5,453753
37610.4,453753
37609.7,453753
37606.8,453753
37605.7,453753
37607.2,453753
37609.7,453753
37607.8,453753
37605.3,453753
37609.7,453753
37609.1,453753
37608.4,453753
37607.5,453753
37607.3,453753
37608.5,453753
37608.4,453753
37607.9,453753
37610.1,453753
37609,453753
37608.4,453753
37608.9,453753
37608.8,453753
37608.3,453753
37611.2,453753
37611.3,453753
37610.3,453753
37610.9,453753
37607.8,453753
37609.6,453753
37611.2,453753
37611,453753
37610,453753
37611.9,453753
37610.7,453753
37608.9,453753
37605.2,453753
37609.4,453753
37608,453753
37609.6,453753
37609.3,453753
37611.9,453753
37609.5,453753
37607.8,453753
37608.9,453753
37610.8,453753
37603.9,453753
37607.1,453753
37608.5,453753
37608.8,453753
37600.3,453753
37610.2,453753
37609.7,453753
37610.3,453753
37611.4,453753
37610.8,453753
37612.5,453753
37610.7,453753
37609.8,453753
37610.3,453753
37607,453753
37608.6,453753
37610.8,453753
37610.9,453753
37610.5,453753
37607.6,453753
37609.7,453753
37610.6,453753
37611.3,453753
37611.4,453753
37611.8,453753
37610.8,453753
37606.1,453753
37605.4,453753
37612.2,453753
37609.4,453753
37610.3,453753
37609.2,453753
37607.9,453753
37609.3,453753
37609.5,453753
37604.3,453753
37605.3,453753
37607.4,453753
37609.1,453753
37610,453753
37611,453753
37609.5,453753
37610.5,453753
37610.3,453753
37610.5,453753
37612.6,453753
37608.4,453753
37606.6,453753
37610.9,453753
37608.9,453753
37608.7,453753
37606.6,453753
37609.7,453753
37611.2,453753
37611.3,453753
37609.5,453753
37609.5,453753
37607,453753
37606.9,453753
37610.2,453753
37610.4,453753
37607.1,453753
37602.8,453753
37606.3,453753
37600.1,453753
37612.2,453753
37609.2,453753
37613.3,453753
37607.8,453753
37610.2,453753
37608.9,453753
37610.6,453753
37610.6,453753
37612.4,453753
37610,453753
37610.3,453753
37609.4,453753
37610,453753
37609,453753
37610.1,453753
37611.5,453753
37610.8,453753
37611.9,453753
37609.9,453753
37610.9,453753
37610.1,453753
37608,453753
37609.4,453753
37609.3,453753
37608.8,453753
37609.4,453753
37607.1,453753
37609.1,453753
37608,453753
37607.7,453753
37609.7,453753
37610.2,453753
37606,453753
37609.2,453753
37611.4,453753
37610.7,453753
37609.1,453753
37608.6,453753
37610.3,453753
37609.7,453753
37611.1,453753
37609.4,453753
37611.9,453753
37610.3,453753
37610.3,453753
37610.8,453753
37610.7,453753
37610.8,453753
37607.8,453753
37607.8,453753
37598.5,453753
37610.2,453753
37608,453753
37610,453753
37607.4,453753
37599.9,453753
37608.1,453753
37611,453753
37607.7,453753
37603.6,453753
37607.2,453753
37605.8,453753
37598.6,453753
37608.3,453753
37610.4,453753
37611.7,453753
37607.6,453753
37610.5,453753
37598.6,453753
37604.8,453753
37605.5,453753
37608,453753
37612.2,453753
37607.8,453753
37613,453753
37612.3,453753
37610.4,453753
37610.2,453753
37610.1,453753
37611.1,453753
37610.9,453753
37609.8,453753
37607.4,453753
37603.4,453753
37601.4,453753
37607.5,453753
37609.4,453753
37611.2,453753
37607.9,453753
37608.7,453753
37610.1,453753
37610.5,453753
37611.3,453753
37611.4,453753
37611.9,453753
37611.1,453753
37610.2,453753
37608.9,453753
37611.6,453753
37610.6,453753
37609.5,453753
37609.2,453753
37609.7,453753
37610.6,453753
37608.2,453753
37609.4,453753
37610.7,453753
37609.7,453753
37611.8,453753
37611.7,453753
37611,453753
37608,453753
37605.5,453753
37610.6,453753
37610.6,453753
37608.7,453753
37610.1,453753
37611.4,453753
37604.1,453753
37609,453753
37611.1,453753
37609.2,453753
37602.4,453753
37607,453753
37611,453753
37610.8,453753
37610.4,453753
37612,453546
