TRACE,NSNPS_JACKKNIFE
37665.2,453753
37665.8,453753
37665.1,453753
37665.6,453753
37662.9,453753
37664.5,453753
37661.6,453753
37662.2,453753
37663.7,453753
37661.5,453753
37665,453753
37660.1,453753
37664.6,453753
37664.3,453753
37665,453753
37665.2,453753
37660.9,453753
37657.7,453753
37661,453753
37663.9,453753
37665.4,453753
37664.4,453753
37662,453753
37664.8,453753
37664,453753
37665.2,453753
37659.7,453753
37660.2,453753
37663.5,453753
37662.9,453753
37663.7,453753
37664.4,453753
37663.5,453753
37665,453753
37663.2,453753
37664.1,453753
37663.5,453753
37662.7,453753
37664.2,453753
37664.4,453753
37664.7,453753
37663.9,453753
37662.7,453753
37658.7,453753
37660.3,453753
37663.3,453753
37664.7,453753
37663.9,453753
37665.2,453753
37665.3,453753
37664.3,453753
37659.8,453753
37663.6,453753
37661.6,453753
37662,453753
37665.3,453753
37664.1,453753
37657.2,453753
37662.4,453753
37660.5,453753
37663.7,453753
37664.7,453753
37665.4,453753
37664.6,453753
37664.1,453753
37663.2,453753
37663,453753
37660.5,453753
37661.5,453753
37665,453753
37656.7,453753
37662.5,453753
37664.1,453753
37666,453753
37663.9,453753
37664.5,453753
37665.6,453753
37663.4,453753
37664.8,453753
37664.2,453753
37662.4,453753
37664.4,453753
37665.2,453753
37666.3,453753
37665.1,453753
37664.9,453753
37665.3,453753
37665.3,453753
37664,453753
37664.6,453753
37659,453753
37661.3,453753
37663.5,453753
37656.4,453753
37665.1,453753
37661.7,453753
37664.4,453753
37663.5,453753
37663.8,453753
37663.3,453753
37661.5,453753
37663.6,453753
37660,453753
37660.2,453753
37659.6,453753
37661.1,453753
37663.7,453753
37664.9,453753
37665.5,453753
37664.1,453753
37664.3,453753
37664.8,453753
37663.2,453753
37660.6,453753
37659.1,453753
37660.3,453753
37664.6,453753
37663.9,453753
37662.4,453753
37660.5,453753
37662.5,453753
37665.8,453753
37661.5,453753
37663,453753
37664.8,453753
37662.1,453753
37662.7,453753
37663.2,453753
37661.6,453753
37663.3,453753
37661.2,453753
37661.7,453753
37661.6,453753
37663.2,453753
37661.7,453753
37662.9,453753
37663.2,453753
37664.2,453753
37660.6,453753
37664.8,453753
37659,453753
37656.2,453753
37663.5,453753
37660.8,453753
37660.6,453753
37659.3,453753
37662.3,453753
37663.9,453753
37662.8,453753
37665,453753
37662.8,453753
37664.5,453753
37663.9,453753
37663.2,453753
37663.8,453753
37663.5,453753
37663.4,453753
37664.1,453753
37666.1,453753
37664.7,453753
37663.6,453753
37664.3,453753
37662.7,453753
37666.3,453753
37667.3,453753
37664.6,453753
37665.5,453753
37664.5,453753
37663.6,453753
37662.4,453753
37660.5,453753
37664.5,453753
37664.2,453753
37664.3,453753
37665.4,453753
37662.4,453753
37662.6,453753
37662.8,453753
37661.3,453753
37663.6,453753
37662.4,453753
37646.7,453753
37651.6,453753
37664.1,453753
37662.6,453753
37664.3,453753
37663.1,453753
37665,453753
37664.3,453753
37664.5,453753
37665.5,453753
37665.6,453753
37659.9,453753
37656.3,453753
37656.2,453753
37653.4,453753
37657.7,453753
37661.6,453753
37663.9,453753
37661.7,453753
37661.4,453753
37664.3,453753
37664.3,453753
37663,453753
37664.3,453753
37663.6,453753
37662.3,453753
37664.6,453753
37661.8,453753
37659.4,453753
37663,453753
37665.1,453753
37663.8,453753
37664.6,453753
37661,453753
37661.9,453753
37656.9,453753
37659.7,453753
37660.4,453753
37659,453753
37665.5,453753
37664.6,453753
37664.6,453753
37664.9,453753
37661.8,453753
37665.9,453753
37664.6,453753
37663,453753
37665.5,453753
37663.7,453753
37662.8,453753
37660.2,453753
37661.2,453753
37664.9,453753
37665.5,453753
37664.8,453753
37663.1,453753
37661.9,453753
37657.9,453753
37663.7,453753
37662.9,453753
37664.5,453753
37665.6,453753
37663.9,453753
37662.9,453753
37663.4,453753
37664.6,453753
37662.9,453753
37664.1,453753
37660.5,453753
37662.3,453753
37664.2,453753
37663.5,453753
37661,453753
37662.4,453753
37661.6,453753
37662.1,453753
37663.4,453753
37658.7,453753
37662.3,453753
37664.4,453753
37661.5,453753
37658.4,453753
37661.9,453753
37664.6,453753
37663.7,453753
37662.2,453753
37656.7,453753
37662.1,453753
37663.3,453753
37660.9,453753
37659.2,453753
37661.5,453753
37662,453753
37662.7,453753
37661.9,453753
37666.1,453753
37663.7,453753
37664,453753
37659.8,453753
37663.1,453753
37661.2,453753
37664.2,453753
37663.2,453753
37661.9,453753
37665,453753
37664.8,453753
37662.5,453753
37662.7,453753
37666.6,453753
37665.3,453753
37667,453753
37664.5,453753
37664.6,453753
37665.9,453753
37663.5,453753
37664.5,453753
37665.5,453753
37665.8,453753
37663.7,453753
37665,453753
37664.8,453753
37666,453753
37663.9,453753
37664.8,453753
37665.3,453753
37662.7,453753
37663.8,453753
37664.3,453753
37666.9,453753
37663.6,453753
37662.4,453753
37660.3,453753
37655.5,453753
37649.4,453753
37662.9,453753
37664,453753
37660.5,453753
37662.5,453753
37662,453753
37665,453753
37664.6,453753
37662,453753
37663,453753
37662.8,453753
37661.3,453753
37661.4,453753
37663.8,453753
37663.1,453753
37659.7,453753
37654.8,453753
37662,453753
37664.8,453753
37665.5,453753
37663.9,453753
37664.5,453753
37661.6,453753
37664,453753
37664.5,453753
37663.3,453753
37660.2,453753
37662.1,453753
37657.9,453753
37655.9,453753
37663.3,453753
37661.8,453753
37663.3,453753
37662.1,453753
37662.3,453753
37648.9,453753
37662.7,453753
37664.9,453753
37664.4,453753
37665.7,453753
37666,453753
37665.9,453753
37665.4,453753
37664.6,453753
37663.2,453753
37665.3,453753
37665.1,453753
37665.2,453753
37664.2,453753
37665.9,453753
37664,453753
37662.4,453753
37663.2,453753
37664.6,453753
37663,453753
37664.6,453753
37664.2,453753
37665.8,453753
37662,453753
37664.5,453753
37660.9,453753
37664.4,453753
37663.3,453753
37656.1,453753
37660,453753
37659.7,453753
37650.1,453753
37656,453753
37660.8,453753
37663.2,453753
37662.2,453753
37658.5,453753
37658.6,453753
37658.1,453753
37662.4,453753
37663.4,453753
37663.2,453753
37661.8,453753
37661.6,453753
37661.9,453753
37662.5,453753
37661,453753
37663.3,453753
37660.3,453753
37660.3,453753
37663.5,453753
37664,453753
37662.7,453753
37663.8,453753
37665.4,453753
37666,453753
37657.3,453753
37661.7,453753
37662.3,453753
37663.1,453753
37664.2,453753
37664.9,453753
37665,453753
37663.1,453753
37663.8,453753
37665.8,453753
37666.7,453753
37663.5,453753
37663.2,453753
37661.9,453753
37662.3,453753
37663.9,453753
37663.4,453753
37663.6,453753
37662.8,453753
37664.8,453753
37663.7,453753
37666.4,453753
37663,453753
37662.1,453753
37662.3,453753
37664,453753
37664.2,453753
37659.1,453753
37664.4,453753
37664.5,453753
37663.8,453753
37664.7,453753
37662.3,453753
37664.9,453753
37660.8,453753
37662.1,453753
37660.5,453753
37650.8,453753
37660.7,453753
37662.6,453753
37664.2,453753
37664.8,453753
37664.5,453753
37661.9,453753
37659.4,453753
37663.5,453753
37664.6,453753
37659.6,453753
37663,453753
37664.1,453753
37663.3,453753
37663.9,453753
37662.7,453753
37660.9,453753
37660.3,453753
37660.7,453753
37662.6,453753
37665,453753
37661.2,453753
37665.1,453753
37663.9,453753
37662.6,453753
37663.4,453753
37665.2,453753
37663.5,453753
37666,453753
37665.7,453753
37666.5,453753
37662.6,453753
37661.8,453753
37663.7,453753
37662.2,453753
37664.1,453753
37665.5,453753
37658.6,453753
37644.8,453753
37650.4,453753
37664.5,453753
37664.7,453753
37664.1,453753
37662.6,453753
37663.8,453753
37661.5,453753
37664.5,453753
37663.8,453753
37664.3,453753
37662.1,453753
37662.7,453753
37664,453753
37654.2,453753
37661.9,453753
37664.5,453753
37662.4,453753
37663.4,453753
37662.2,453753
37662.6,453753
37663.9,453753
37665.1,453753
37663.5,453753
37662.8,453753
37662.5,453753
37662.1,453753
37662.8,453753
37663.9,453753
37665.9,453753
37662.8,453753
37663.2,453753
37663.5,453753
37659.3,453753
37659.7,453753
37665.4,453753
37664.5,453753
37665.8,453753
37664.3,453753
37665.3,453753
37664,453753
37665.3,453753
37664.5,453753
37664.3,453753
37665.8,453753
37664.4,453753
37663.2,453753
37662.2,453753
37664.1,453753
37665.9,453753
37664.2,453753
37666.3,453753
37664.8,453753
37665.3,453753
37663.9,453753
37662.2,453753
37664.3,453753
37661.9,453753
37664.6,453753
37660.5,453753
37661.7,453753
37659.3,453753
37659.5,453753
37664.9,453753
37661.9,453753
37662,453753
37663.2,453753
37665,453753
37663.4,453753
37666,453753
37663,453753
37663.6,453753
37664.3,453753
37662,453753
37661.5,453753
37663.1,453753
37661.2,453753
37662.6,453753
37664.9,453753
37662.9,453753
37662.9,453753
37663.4,453753
37661.8,453753
37664.7,453753
37664.4,453753
37661.1,453753
37663.8,453753
37665.2,453753
37665,453753
37663.6,453753
37666.7,453753
37661.1,453753
37663.5,453753
37665.2,453753
37664.3,453753
37664.5,453753
37664.6,453753
37664,453753
37664.6,453753
37662.3,453753
37664.4,453753
37666.3,453753
37662,453753
37663.9,453753
37663.8,453753
37664,453753
37664.4,453753
37663.5,453753
37660.3,453753
37655.2,453753
37661.7,453753
37664.6,453753
37662.9,453753
37660.7,453753
37664.2,453753
37661.7,453753
37663.9,453753
37662.3,453753
37663.5,453753
37664.1,453753
37647.5,453753
37664.2,453753
37663.4,453753
37663.2,453753
37664.9,453753
37662.7,453753
37662.6,453753
37662.2,453753
37661.9,453753
37658.8,453753
37664,453753
37662.1,453753
37664.3,453753
37663.9,453753
37666.1,453753
37663.5,453753
37664.7,453753
37661.8,453753
37666.2,453753
37663.7,453753
37666,453753
37664.4,453753
37664,453753
37656,453753
37663.7,453753
37659.9,453753
37657.7,453753
37664,453753
37661.6,453753
37664.9,453753
37663.2,453753
37662.3,453753
37665.9,453753
37665.1,453753
37663.3,453753
37661.9,453753
37661.2,453753
37663.6,453753
37665.2,453753
37662.6,453753
37662.8,453753
37663.2,453753
37624,453753
37560,453753
37644.3,453753
37661.4,453753
37659.2,453753
37658.7,453753
37662.8,453753
37660.9,453753
37662.6,453753
37664.2,453753
37661.7,453753
37656.5,453753
37659.8,453753
37660.6,453753
37663.8,453753
37663.8,453753
37662.3,453753
37664.2,453753
37660.9,453753
37662.4,453753
37663,453753
37665.4,453753
37666.5,453753
37663.6,453753
37666.9,453753
37664.5,453753
37661.9,453753
37666.1,453753
37665.1,453753
37664.9,453753
37665.6,453753
37662.9,453753
37663.7,453753
37664.2,453753
37666.8,453753
37664.8,453753
37662.6,453753
37665.4,453753
37663.8,453753
37663.9,453753
37665.8,453753
37664.1,453753
37664.6,453753
37663.8,453753
37661.7,453753
37658,453753
37650.8,453753
37662,453753
37663.6,453753
37659.2,453753
37663.1,453753
37661.3,453753
37662.5,453753
37660.5,453753
37664.8,453753
37665,453753
37665,453753
37663,453753
37663.9,453753
37663.3,453753
37660.5,453753
37659.8,453753
37663.8,453753
37662.8,453753
37662.3,453753
37664.1,453753
37665.4,453753
37663,453753
37664.1,453753
37660.5,453753
37661.5,453753
37664.8,453753
37666.3,453753
37662.8,453753
37660.2,453753
37665.9,453753
37666.6,453753
37666.1,453753
37664.9,453753
37663.6,453753
37660.3,453753
37665.2,453753
37663.5,453753
37664.7,453753
37665.6,453753
37664.6,453753
37666,453753
37664,453753
37663.7,453753
37664.4,453753
37665.4,453753
37665.9,453753
37662.7,453753
37660,453753
37657.8,453753
37663.6,453753
37662.4,453753
37661.9,453753
37663.4,453753
37665.7,453753
37662.3,453753
37662.2,453753
37663.4,453753
37659.7,453753
37660.9,453753
37665.4,453753
37664.4,453753
37664.6,453753
37664.7,453753
37663.7,453753
37665.7,453753
37665.7,453753
37664.4,453753
37664.1,453753
37665.7,453753
37663.6,453753
37663.8,453753
37664.1,453753
37663.7,453753
37662.5,453753
37664.3,453753
37667.2,453753
37664.9,453753
37660.8,453753
37659.7,453753
37659.1,453753
37663.6,453753
37664.8,453753
37659.7,453753
37664.6,453753
37662.6,453753
37662.8,453753
37659.7,453753
37661.5,453753
37662.4,453753
37662.2,453753
37662,453753
37662,453753
37663.7,453753
37664,453753
37664,453753
37665,453753
37662.3,453753
37666.1,453753
37664.4,453753
37666.2,453753
37664,453753
37664.5,453753
37664.4,453753
37666.6,453753
37665.2,453753
37665.6,453753
37665.2,453753
37665.5,453753
37663.8,453753
37659.7,453753
37663.8,453753
37660.7,453753
37663.6,453753
37664.2,453753
37665.2,453753
37663.8,453753
37662.3,453753
37663.4,453753
37664.6,453753
37658.2,453753
37659.4,453753
37661,453753
37663.1,453753
37655.7,453753
37662.9,453753
37664,453753
37665.4,453753
37666,453753
37664.7,453753
37664.6,453753
37666.1,453753
37663.2,453753
37664.5,453753
37663.5,453753
37663.7,453753
37665.3,453753
37664.8,453753
37663.9,453753
37663.6,453753
37663.9,453753
37662.5,453753
37666.7,453753
37665.2,453753
37664.4,453753
37664,453753
37663.1,453753
37661.5,453753
37665.4,453753
37664.2,453753
37664.7,453753
37663.2,453753
37661.4,453753
37663.8,453753
37663.1,453753
37658.1,453753
37659.1,453753
37661.9,453753
37662.7,453753
37663.9,453753
37665.9,453753
37663.3,453753
37663.6,453753
37663.6,453753
37664.2,453753
37664.9,453753
37661.3,453753
37661.4,453753
37663.4,453753
37665.6,453753
37663.9,453753
37659.7,453753
37664.8,453753
37666.1,453753
37668,453753
37665.3,453753
37662,453753
37660.9,453753
37660.6,453753
37665.7,453753
37664.5,453753
37662.3,453753
37659.8,453753
37658.4,453753
37653.4,453753
37664.4,453753
37662.8,453753
37666.7,453753
37660,453753
37662.5,453753
37665.1,453753
37663.9,453753
37664.3,453753
37666.6,453753
37664.4,453753
37664.8,453753
37663.3,453753
37663.5,453753
37661.7,453753
37662.9,453753
37664.7,453753
37665.3,453753
37666.6,453753
37666.1,453753
37665.1,453753
37664.5,453753
37664.4,453753
37663.1,453753
37665.4,453753
37662.6,453753
37663.8,453753
37661.5,453753
37662.4,453753
37660.8,453753
37662.8,453753
37663.7,453753
37665.1,453753
37659.2,453753
37664.4,453753
37665.5,453753
37664.6,453753
37662.4,453753
37663.6,453753
37665.8,453753
37663.3,453753
37664.6,453753
37665.5,453753
37665.4,453753
37663.7,453753
37665.1,453753
37664.6,453753
37665.2,453753
37664.8,453753
37664,453753
37661.3,453753
37650.5,453753
37663,453753
37663.8,453753
37665,453753
37661,453753
37658,453753
37662,453753
37664.6,453753
37663.2,453753
37658.5,453753
37660.6,453753
37661.6,453753
37657.2,453753
37663.2,453753
37664.1,453753
37663.6,453753
37664.1,453753
37665.3,453753
37657.5,453753
37658.9,453753
37663.2,453753
37662.8,453753
37664.8,453753
37663.5,453753
37665,453753
37666.2,453753
37665.1,453753
37663.2,453753
37663.2,453753
37664.4,453753
37664,453753
37662.5,453753
37661.3,453753
37656.7,453753
37659.4,453753
37663.9,453753
37663.6,453753
37664.8,453753
37661.8,453753
37665.3,453753
37663.9,453753
37664.3,453753
37664.9,453753
37666.1,453753
37666.3,453753
37664.7,453753
37665.5,453753
37662.7,453753
37665.7,453753
37665,453753
37664.4,453753
37664.2,453753
37664.6,453753
37664.3,453753
37664.3,453753
37663.3,453753
37665.6,453753
37664,453753
37665.4,453753
37666.4,453753
37666.8,453753
37665.2,453753
37661.3,453753
37664.4,453753
37663.7,453753
37664.7,453753
37665.6,453753
37665.3,453753
37656.6,453753
37663.9,453753
37665.8,453753
37662.8,453753
37659.4,453753
37659.9,453753
37666.1,453753
37665.3,453753
37665.9,453753
37665.7,453546
