TRACE,NSNPS_JACKKNIFE
37785.4,453753
37784.4,453753
37783.3,453753
37785.4,453753
37782.1,453753
37785.9,453753
37782.2,453753
37782.2,453753
37783.5,453753
37781.6,453753
37783.8,453753
37782.9,453753
37784.1,453753
37784.6,453753
37783.3,453753
37783.2,453753
37783.1,453753
37780,453753
37778.9,453753
37781.8,453753
37783.7,453753
37783.7,453753
37783.4,453753
37784.4,453753
37784.9,453753
37784.8,453753
37780.1,453753
37780.4,453753
37783.3,453753
37783.4,453753
37781.3,453753
37784.5,453753
37785.7,453753
37783,453753
37783.4,453753
37782.9,453753
37783.5,453753
37783.1,453753
37784.3,453753
37785.2,453753
37784,453753
37785.4,453753
37783.1,453753
37778.7,453753
37780.9,453753
37782,453753
37784.1,453753
37784,453753
37784.4,453753
37785.8,453753
37783.9,453753
37778.3,453753
37780.4,453753
37781.4,453753
37780.3,453753
37783.8,453753
37783.4,453753
37780,453753
37782.8,453753
37779.8,453753
37785,453753
37785.3,453753
37784.5,453753
37783.2,453753
37784.6,453753
37782.8,453753
37783.7,453753
37784.2,453753
37782.1,453753
37782.2,453753
37779.3,453753
37785.6,453753
37783.4,453753
37783.7,453753
37786.1,453753
37785,453753
37784.8,453753
37783.9,453753
37784.5,453753
37785,453753
37778.2,453753
37783.1,453753
37785.2,453753
37785.9,453753
37786.3,453753
37784,453753
37785,453753
37784.3,453753
37784.5,453753
37783.1,453753
37782.5,453753
37778.2,453753
37784,453753
37771.5,453753
37783.8,453753
37783.8,453753
37783.4,453753
37784.7,453753
37784.3,453753
37785.7,453753
37782.4,453753
37781.6,453753
37782.4,453753
37779.8,453753
37783,453753
37780.7,453753
37782.9,453753
37783.8,453753
37784.2,453753
37784.4,453753
37783.8,453753
37781.8,453753
37782.6,453753
37780.8,453753
37780.9,453753
37778.4,453753
37783.3,453753
37783.2,453753
37781.7,453753
37779,453753
37780.5,453753
37786,453753
37782.2,453753
37785.4,453753
37783.9,453753
37783,453753
37782.7,453753
37783.5,453753
37781.5,453753
37783.9,453753
37781.2,453753
37783.9,453753
37783.2,453753
37782.1,453753
37780.7,453753
37784.2,453753
37785,453753
37783.8,453753
37780.9,453753
37783.8,453753
37777.6,453753
37776.1,453753
37783.3,453753
37780.7,453753
37780.9,453753
37781.7,453753
37783.3,453753
37783.2,453753
37783.4,453753
37783.5,453753
37784.7,453753
37783.1,453753
37784.4,453753
37782.6,453753
37784.5,453753
37784,453753
37786.9,453753
37783.6,453753
37785.3,453753
37782.5,453753
37781.7,453753
37782.7,453753
37784.1,453753
37786,453753
37786.2,453753
37787.6,453753
37784.9,453753
37784.9,453753
37784.4,453753
37782.7,453753
37782.5,453753
37782.6,453753
37784.8,453753
37782.8,453753
37784.1,453753
37781.3,453753
37783.2,453753
37782.5,453753
37783,453753
37783.3,453753
37781.4,453753
37765.6,453753
37767,453753
37782.9,453753
37781.7,453753
37784.6,453753
37784,453753
37784.8,453753
37784.7,453753
37783.8,453753
37785.9,453753
37783.9,453753
37781.1,453753
37775.5,453753
37775.9,453753
37772.7,453753
37777.5,453753
37781.7,453753
37783.6,453753
37782.6,453753
37783.8,453753
37785.6,453753
37783,453753
37779.6,453753
37783.1,453753
37783.1,453753
37782.9,453753
37784.2,453753
37783.9,453753
37777.5,453753
37782,453753
37784.6,453753
37785.2,453753
37784.5,453753
37782.5,453753
37782.2,453753
37776.1,453753
37777.2,453753
37780.6,453753
37779.7,453753
37786,453753
37784.7,453753
37784.4,453753
37783.8,453753
37780.8,453753
37784.9,453753
37784.7,453753
37783.7,453753
37784.3,453753
37784.9,453753
37781,453753
37782.7,453753
37782.7,453753
37785.1,453753
37785.2,453753
37784,453753
37781.2,453753
37782.2,453753
37780,453753
37783.5,453753
37782.8,453753
37784.3,453753
37785.3,453753
37785,453753
37783.4,453753
37781.5,453753
37784.9,453753
37782.5,453753
37784,453753
37782.3,453753
37779.5,453753
37785.4,453753
37783.1,453753
37782.3,453753
37782,453753
37783,453753
37781.9,453753
37782.7,453753
37779.1,453753
37782.8,453753
37786.2,453753
37781.9,453753
37775.7,453753
37783.1,453753
37783.4,453753
37781.2,453753
37780.6,453753
37776.1,453753
37783.7,453753
37782.6,453753
37782.7,453753
37780.6,453753
37782.2,453753
37782.8,453753
37783,453753
37780,453753
37782.9,453753
37786.1,453753
37783.1,453753
37779.2,453753
37782.8,453753
37782.7,453753
37782.7,453753
37784,453753
37782.5,453753
37785.5,453753
37784.8,453753
37782.6,453753
37783.3,453753
37784.8,453753
37784.9,453753
37785.9,453753
37785.5,453753
37786,453753
37784.8,453753
37784.8,453753
37782.5,453753
37782.4,453753
37784.9,453753
37783,453753
37785,453753
37783.6,453753
37785.9,453753
37781.4,453753
37784.3,453753
37784.5,453753
37784.2,453753
37782.6,453753
37784,453753
37784.5,453753
37784,453753
37782.6,453753
37781.2,453753
37775.2,453753
37771.9,453753
37783.8,453753
37784.5,453753
37781.6,453753
37783.5,453753
37782.3,453753
37783.3,453753
37784.8,453753
37782.4,453753
37782.8,453753
37781,453753
37780.2,453753
37782.2,453753
37782.2,453753
37782.1,453753
37781.3,453753
37774.5,453753
37784.3,453753
37784.8,453753
37784.4,453753
37782.9,453753
37782.8,453753
37781.2,453753
37782.5,453753
37783.9,453753
37781.8,453753
37779.8,453753
37780.9,453753
37777.6,453753
37772.9,453753
37783.9,453753
37781.6,453753
37784.9,453753
37782.9,453753
37783.4,453753
37763,453753
37782.5,453753
37783.7,453753
37784.6,453753
37786.4,453753
37785.4,453753
37785.3,453753
37783.7,453753
37785.1,453753
37784.2,453753
37784.7,453753
37784.9,453753
37786.5,453753
37784,453753
37783.5,453753
37785.1,453753
37785.9,453753
37783.9,453753
37783.2,453753
37785.3,453753
37784.3,453753
37784.4,453753
37782.4,453753
37781.4,453753
37783.9,453753
37782.9,453753
37784.4,453753
37782.1,453753
37777.6,453753
37781.2,453753
37780.4,453753
37769.4,453753
37777.9,453753
37782.7,453753
37782.7,453753
37782.6,453753
37778.9,453753
37779.7,453753
37779.3,453753
37781.1,453753
37785.1,453753
37783.3,453753
37782.8,453753
37780.7,453753
37784.2,453753
37782.1,453753
37780.9,453753
37780.3,453753
37779,453753
37779.7,453753
37784.5,453753
37784.5,453753
37783.4,453753
37784.3,453753
37782.3,453753
37784.2,453753
37773.3,453753
37782.8,453753
37783.7,453753
37783.9,453753
37785.3,453753
37785.7,453753
37785,453753
37783.9,453753
37785.9,453753
37786.3,453753
37785.4,453753
37784.1,453753
37783.1,453753
37781.5,453753
37783.1,453753
37782.1,453753
37783.9,453753
37785.6,453753
37783.6,453753
37784,453753
37783.5,453753
37784.1,453753
37785.8,453753
37782.2,453753
37784.4,453753
37783.2,453753
37785,453753
37779.2,453753
37784.2,453753
37784.6,453753
37782.7,453753
37783.5,453753
37781.8,453753
37782.6,453753
37783.1,453753
37782.3,453753
37781.5,453753
37767.2,453753
37781.9,453753
37781.6,453753
37784.8,453753
37783.7,453753
37783.7,453753
37783.1,453753
37782.8,453753
37783.4,453753
37783.4,453753
37779.3,453753
37780.9,453753
37784.7,453753
37783.7,453753
37782.2,453753
37783.4,453753
37782.5,453753
37781.9,453753
37779.3,453753
37783.3,453753
37785.3,453753
37783,453753
37784.8,453753
37785.7,453753
37783.8,453753
37783.2,453753
37784.2,453753
37785.7,453753
37785,453753
37785.2,453753
37785,453753
37782.9,453753
37781.3,453753
37782.8,453753
37780.9,453753
37783.7,453753
37783.7,453753
37777.3,453753
37762.9,453753
37769.1,453753
37783,453753
37785.3,453753
37784.5,453753
37783.8,453753
37782.9,453753
37780.5,453753
37785.6,453753
37784.2,453753
37784.5,453753
37781.9,453753
37783.9,453753
37783,453753
37774.3,453753
37781.5,453753
37783.6,453753
37782.7,453753
37783.1,453753
37781.9,453753
37783.5,453753
37784.7,453753
37784.2,453753
37781.8,453753
37782.3,453753
37782.6,453753
37780.5,453753
37780.9,453753
37783.8,453753
37785.3,453753
37782.9,453753
37783.3,453753
37783.6,453753
37779.4,453753
37780.6,453753
37783.8,453753
37785.6,453753
37784.6,453753
37784.3,453753
37786.1,453753
37781.9,453753
37785.1,453753
37783.6,453753
37784.3,453753
37784.2,453753
37784.3,453753
37783.6,453753
37784.2,453753
37785.3,453753
37785.3,453753
37784.7,453753
37784.5,453753
37784.6,453753
37783.1,453753
37783.3,453753
37782.3,453753
37785.3,453753
37783.3,453753
37786.3,453753
37781.2,453753
37783.9,453753
37778.5,453753
37778.3,453753
37782.9,453753
37781.4,453753
37782.4,453753
37786.9,453753
37784,453753
37784.8,453753
37785.2,453753
37784.6,453753
37784.8,453753
37784,453753
37781,453753
37780.9,453753
37784.2,453753
37783,453753
37782.8,453753
37785.1,453753
37782,453753
37780.6,453753
37783.1,453753
37781.8,453753
37783.9,453753
37784.9,453753
37782.5,453753
37783.9,453753
37784.5,453753
37785.3,453753
37783.4,453753
37786.4,453753
37782,453753
37783,453753
37784.4,453753
37785,453753
37785.3,453753
37785.2,453753
37784.4,453753
37781.4,453753
37783,453753
37783.7,453753
37785.2,453753
37782.9,453753
37781,453753
37784.3,453753
37782.6,453753
37787,453753
37781,453753
37779.9,453753
37777.7,453753
37780.7,453753
37783.4,453753
37784.1,453753
37781.1,453753
37783,453753
37782.5,453753
37784.1,453753
37783.4,453753
37783.6,453753
37782.2,453753
37770.2,453753
37783.9,453753
37784.7,453753
37782,453753
37783.3,453753
37781.7,453753
37781.8,453753
37784.3,453753
37781.9,453753
37777.6,453753
37783.1,453753
37783.3,453753
37785.3,453753
37784.5,453753
37784.9,453753
37784.2,453753
37784.3,453753
37784.2,453753
37784.9,453753
37784.2,453753
37785.6,453753
37783.5,453753
37783.5,453753
37775.2,453753
37784.9,453753
37781.6,453753
37779.2,453753
37781,453753
37782.4,453753
37785.5,453753
37783.7,453753
37783.1,453753
37787.1,453753
37785.3,453753
37785,453753
37781,453753
37783.5,453753
37785.4,453753
37785.7,453753
37783.1,453753
37783.9,453753
37782.6,453753
37741.7,453753
37676.6,453753
37764.6,453753
37782.5,453753
37780.9,453753
37781.2,453753
37783.3,453753
37780.9,453753
37784.1,453753
37785.3,453753
37782.5,453753
37770.9,453753
37780.5,453753
37780.5,453753
37783.4,453753
37784.7,453753
37784.6,453753
37780.3,453753
37781.3,453753
37780.9,453753
37783.7,453753
37783.6,453753
37783.1,453753
37784.5,453753
37786.5,453753
37783.2,453753
37779.3,453753
37785.6,453753
37784.4,453753
37784.5,453753
37786.7,453753
37783.8,453753
37786,453753
37784.2,453753
37785,453753
37785.1,453753
37782.1,453753
37783.7,453753
37784.3,453753
37782.9,453753
37784.1,453753
37783.4,453753
37784.4,453753
37782.8,453753
37783.6,453753
37779.8,453753
37773.8,453753
37781.6,453753
37783.1,453753
37778.6,453753
37780.7,453753
37783.6,453753
37783,453753
37782.7,453753
37783.2,453753
37782.4,453753
37783.2,453753
37779.6,453753
37784.5,453753
37782.5,453753
37781,453753
37778.2,453753
37783.6,453753
37783.1,453753
37781.1,453753
37784.5,453753
37784.3,453753
37783.6,453753
37783.7,453753
37782.2,453753
37784.8,453753
37785.2,453753
37783.8,453753
37782.7,453753
37780.7,453753
37785.5,453753
37786,453753
37783.3,453753
37786,453753
37783.9,453753
37781.6,453753
37785,453753
37782.8,453753
37783.9,453753
37785,453753
37785.8,453753
37785.5,453753
37783.5,453753
37784.4,453753
37784,453753
37784.7,453753
37785.2,453753
37783.2,453753
37781.6,453753
37779,453753
37783.5,453753
37783,453753
37782.7,453753
37782,453753
37784.3,453753
37784.7,453753
37783.6,453753
37783.4,453753
37780.9,453753
37781.6,453753
37783.3,453753
37783.2,453753
37783.6,453753
37785.1,453753
37783.4,453753
37786.7,453753
37783.8,453753
37785.3,453753
37783.6,453753
37785.5,453753
37782.1,453753
37785.1,453753
37783.7,453753
37784.4,453753
37784.7,453753
37784.8,453753
37785.3,453753
37782,453753
37781.6,453753
37782.2,453753
37781.3,453753
37784.2,453753
37784.7,453753
37779.5,453753
37784.9,453753
37783.1,453753
37782.9,453753
37782.7,453753
37783.6,453753
37781.7,453753
37784.9,453753
37782.7,453753
37783.9,453753
37784.6,453753
37783.3,453753
37783.4,453753
37783.7,453753
37784.2,453753
37785.3,453753
37785.1,453753
37784.6,453753
37784.8,453753
37782.7,453753
37783.7,453753
37786.3,453753
37785.3,453753
37785.4,453753
37786.2,453753
37784.1,453753
37782.7,453753
37781,453753
37784.2,453753
37780.3,453753
37784.5,453753
37784.2,453753
37785.3,453753
37784.6,453753
37781.8,453753
37781.9,453753
37784.7,453753
37775.6,453753
37780,453753
37781.6,453753
37783.4,453753
37776.5,453753
37783,453753
37782.6,453753
37783.4,453753
37785.2,453753
37784.6,453753
37784.1,453753
37785.2,453753
37784.2,453753
37786,453753
37784,453753
37782.7,453753
37784.8,453753
37784.9,453753
37784.8,453753
37783.1,453753
37784.2,453753
37783.9,453753
37784.8,453753
37784.1,453753
37786,453753
37784.3,453753
37782,453753
37780.9,453753
37786.1,453753
37784.1,453753
37785.8,453753
37784,453753
37781.8,453753
37781.4,453753
37784.6,453753
37777.8,453753
37777.8,453753
37779.9,453753
37783.1,453753
37784.4,453753
37785.4,453753
37783.1,453753
37785.4,453753
37784.1,453753
37784.9,453753
37785.7,453753
37781.7,453753
37780.5,453753
37784.7,453753
37784.2,453753
37782.6,453753
37780.7,453753
37786.1,453753
37785.7,453753
37786,453753
37783.7,453753
37782.9,453753
37782.1,453753
37782.1,453753
37785.4,453753
37783.8,453753
37782.8,453753
37777.1,453753
37779.5,453753
37774.7,453753
37785.3,453753
37782.8,453753
37785.3,453753
37781,453753
37784.5,453753
37784.2,453753
37785.2,453753
37785.5,453753
37785.7,453753
37785,453753
37785.6,453753
37784.3,453753
37783.6,453753
37782.9,453753
37783.4,453753
37784.6,453753
37786,453753
37784.6,453753
37784.7,453753
37784.6,453753
37784.3,453753
37781.3,453753
37783.9,453753
37783.7,453753
37784.4,453753
37782.9,453753
37783.1,453753
37783.4,453753
37780.9,453753
37781.9,453753
37782.8,453753
37783.3,453753
37780.4,453753
37784.3,453753
37784.3,453753
37785.2,453753
37783.8,453753
37785.5,453753
37784.7,453753
37784.6,453753
37784.6,453753
37784.3,453753
37785.6,453753
37784.1,453753
37782.7,453753
37784.6,453753
37787.2,453753
37784.9,453753
37784.2,453753
37782.1,453753
37776.4,453753
37784,453753
37783.2,453753
37783.8,453753
37781.3,453753
37777.3,453753
37782.9,453753
37783,453753
37783.6,453753
37778.3,453753
37779.9,453753
37780.5,453753
37776.2,453753
37781.6,453753
37783.9,453753
37783.1,453753
37782.2,453753
37786,453753
37777.2,453753
37780.9,453753
37782.6,453753
37783.2,453753
37785.6,453753
37784,453753
37785.1,453753
37785.3,453753
37786.4,453753
37783.4,453753
37785.5,453753
37785.1,453753
37785.2,453753
37782.2,453753
37783.1,453753
37776.2,453753
37776.2,453753
37783.8,453753
37785.3,453753
37782.7,453753
37781.8,453753
37784,453753
37785.3,453753
37786.7,453753
37784.9,453753
37785.4,453753
37785.7,453753
37785.3,453753
37786.1,453753
37782.3,453753
37786.2,453753
37785.9,453753
37784.3,453753
37784,453753
37784.9,453753
37784.7,453753
37783.8,453753
37785.4,453753
37784.3,453753
37783.6,453753
37784.9,453753
37785.8,453753
37784.2,453753
37782.1,453753
37781.9,453753
37785.6,453753
37785.8,453753
37784.9,453753
37783.1,453753
37782,453753
37777.7,453753
37783.4,453753
37784.2,453753
37785.2,453753
37777.3,453753
37778.6,453753
37786.2,453753
37784.6,453753
37785.3,453753
37785.9,453546
