TRACE,NSNPS_JACKKNIFE
37731.6,453753
37730.2,453753
37730.6,453753
37732.2,453753
37731.1,453753
37732.3,453753
37729.4,453753
37728.2,453753
37730.6,453753
37728.2,453753
37731.5,453753
37728.9,453753
37730.7,453753
37730.4,453753
37731,453753
37732.5,453753
37730.2,453753
37724.9,453753
37726.5,453753
37729.2,453753
37730.2,453753
37729.8,453753
37727.8,453753
37731,453753
37730.5,453753
37731,453753
37729.8,453753
37726.9,453753
37731.1,453753
37730.4,453753
37730.8,453753
37729.9,453753
37730.4,453753
37729.3,453753
37730.7,453753
37731,453753
37730.2,453753
37728.4,453753
37729.7,453753
37731.2,453753
37730.6,453753
37728.7,453753
37727.8,453753
37725.8,453753
37725.7,453753
37726.1,453753
37728.4,453753
37731.2,453753
37730.8,453753
37730.7,453753
37730.4,453753
37727.3,453753
37729.7,453753
37728.7,453753
37728.6,453753
37728.9,453753
37728.5,453753
37726.6,453753
37729.8,453753
37728.1,453753
37728.5,453753
37731.2,453753
37731.1,453753
37729.1,453753
37729.8,453753
37730.3,453753
37730.5,453753
37729.3,453753
37729.2,453753
37730.2,453753
37722,453753
37729.2,453753
37730.7,453753
37730.9,453753
37732,453753
37731.3,453753
37731.6,453753
37731.1,453753
37733.2,453753
37730.4,453753
37727,453753
37729.9,453753
37730.7,453753
37733.6,453753
37731.8,453753
37731.5,453753
37733.3,453753
37732.5,453753
37730.6,453753
37731.1,453753
37727.6,453753
37727.6,453753
37730.2,453753
37716.3,453753
37730.3,453753
37731.3,453753
37729.3,453753
37729.3,453753
37731,453753
37731.9,453753
37727.9,453753
37728.6,453753
37729.8,453753
37727,453753
37729.2,453753
37727.7,453753
37729.8,453753
37729.7,453753
37731.1,453753
37730.2,453753
37731.4,453753
37728.4,453753
37728.5,453753
37726.3,453753
37726.9,453753
37728.6,453753
37730,453753
37729.3,453753
37727.6,453753
37727.8,453753
37728.3,453753
37731.6,453753
37727.9,453753
37730.1,453753
37728.9,453753
37729.8,453753
37727.6,453753
37726.1,453753
37727.3,453753
37728.4,453753
37724.9,453753
37731.1,453753
37728.9,453753
37731.1,453753
37727.9,453753
37731.4,453753
37730,453753
37730.2,453753
37726.1,453753
37730.7,453753
37726.5,453753
37723.5,453753
37730.6,453753
37728,453753
37728.1,453753
37729.5,453753
37730.4,453753
37729.8,453753
37728,453753
37732,453753
37731.1,453753
37731.7,453753
37731.3,453753
37729.5,453753
37730.5,453753
37731.2,453753
37730.6,453753
37731.1,453753
37731.2,453753
37732.5,453753
37727.8,453753
37730.1,453753
37729.1,453753
37732,453753
37731.3,453753
37731.9,453753
37730.5,453753
37731.2,453753
37729.2,453753
37729.4,453753
37729.9,453753
37731.8,453753
37731.8,453753
37731.1,453753
37730.8,453753
37729.9,453753
37731,453753
37729.7,453753
37726.6,453753
37730.1,453753
37730.7,453753
37713.7,453753
37718.1,453753
37730.2,453753
37728.3,453753
37732.8,453753
37730.9,453753
37731,453753
37730.8,453753
37731.5,453753
37729.9,453753
37730.8,453753
37727,453753
37720.7,453753
37724,453753
37722,453753
37726,453753
37729.1,453753
37729.1,453753
37729,453753
37729.1,453753
37730.5,453753
37731.4,453753
37724,453753
37731.1,453753
37730.7,453753
37730.2,453753
37731.6,453753
37730.2,453753
37728.4,453753
37730.1,453753
37730.1,453753
37730.8,453753
37731,453753
37730.3,453753
37730.4,453753
37726,453753
37724.4,453753
37727.6,453753
37725.7,453753
37731,453753
37733.2,453753
37730.7,453753
37730.9,453753
37727.3,453753
37729.4,453753
37732.4,453753
37731.3,453753
37731.6,453753
37730.9,453753
37729.2,453753
37725.3,453753
37726.8,453753
37731.7,453753
37731.9,453753
37731.9,453753
37728.7,453753
37730.8,453753
37729.4,453753
37730.3,453753
37728.7,453753
37731,453753
37731.9,453753
37730.7,453753
37729.9,453753
37732.4,453753
37730.9,453753
37729.6,453753
37730.4,453753
37727.2,453753
37725.6,453753
37729.6,453753
37729.2,453753
37728.2,453753
37730.9,453753
37728,453753
37729.3,453753
37731,453753
37724.1,453753
37729.6,453753
37730.9,453753
37728.8,453753
37719.2,453753
37727.3,453753
37729.9,453753
37729.7,453753
37728.2,453753
37718.2,453753
37730.7,453753
37729.3,453753
37729.4,453753
37724.5,453753
37730.2,453753
37726.7,453753
37729.1,453753
37728.6,453753
37733.8,453753
37731.4,453753
37728.4,453753
37725.9,453753
37731,453753
37729.8,453753
37730.4,453753
37729.4,453753
37727.8,453753
37730,453753
37730.3,453753
37731.4,453753
37730,453753
37730.7,453753
37731.9,453753
37731.6,453753
37730.7,453753
37732.9,453753
37731.3,453753
37731,453753
37729.3,453753
37730.1,453753
37731.2,453753
37730.9,453753
37731.3,453753
37730.1,453753
37732.9,453753
37730.2,453753
37730.7,453753
37732.1,453753
37731.4,453753
37729.6,453753
37731.2,453753
37732.2,453753
37731.7,453753
37729.5,453753
37725,453753
37720.7,453753
37720,453753
37726.6,453753
37730.5,453753
37727.4,453753
37729.6,453753
37729.6,453753
37731.3,453753
37731.7,453753
37728.9,453753
37729.4,453753
37728.9,453753
37728,453753
37728.4,453753
37728.7,453753
37729.3,453753
37728.8,453753
37721.4,453753
37728.6,453753
37728.7,453753
37730.5,453753
37730.3,453753
37729.8,453753
37729.8,453753
37729.7,453753
37729.9,453753
37726.5,453753
37726.5,453753
37728,453753
37726.3,453753
37723.9,453753
37729,453753
37728.4,453753
37731.2,453753
37727.2,453753
37728.5,453753
37713.3,453753
37728.6,453753
37729,453753
37730.3,453753
37731.8,453753
37731.7,453753
37731,453753
37732.7,453753
37732,453753
37730.2,453753
37729.6,453753
37731.1,453753
37733,453753
37729.2,453753
37731.6,453753
37730.5,453753
37730,453753
37728.7,453753
37731.8,453753
37729.6,453753
37729.9,453753
37729.1,453753
37730.2,453753
37728.8,453753
37730.7,453753
37730.2,453753
37729.6,453753
37729.1,453753
37723,453753
37728,453753
37728.7,453753
37719.3,453753
37722.6,453753
37728.1,453753
37728.9,453753
37729.8,453753
37728.2,453753
37724.8,453753
37723.3,453753
37728.7,453753
37730.6,453753
37730.2,453753
37729,453753
37728.3,453753
37731,453753
37729.6,453753
37726.3,453753
37727.1,453753
37725.3,453753
37725.5,453753
37731.5,453753
37729,453753
37731.2,453753
37730.8,453753
37730,453753
37732.2,453753
37723.6,453753
37728.6,453753
37729,453753
37729.7,453753
37731,453753
37730.5,453753
37730.1,453753
37730.2,453753
37730.7,453753
37732.7,453753
37731.9,453753
37730.7,453753
37729.8,453753
37728.3,453753
37727.2,453753
37729.6,453753
37730.6,453753
37731.8,453753
37727.8,453753
37733.1,453753
37730.4,453753
37731.3,453753
37731.6,453753
37729.2,453753
37728.4,453753
37731.2,453753
37731.4,453753
37722.6,453753
37729.4,453753
37729.5,453753
37729.2,453753
37730.3,453753
37728,453753
37728.5,453753
37728.7,453753
37728,453753
37726.8,453753
37718,453753
37726.8,453753
37728.8,453753
37728.8,453753
37731.5,453753
37730.9,453753
37728.5,453753
37727.4,453753
37729.1,453753
37729.4,453753
37726.7,453753
37729.1,453753
37731.5,453753
37729.2,453753
37729.9,453753
37729.1,453753
37729.2,453753
37727,453753
37725.6,453753
37730.1,453753
37731.2,453753
37730.1,453753
37732.9,453753
37730.6,453753
37728.7,453753
37730.9,453753
37731.2,453753
37730,453753
37732.7,453753
37733.4,453753
37731.7,453753
37729.5,453753
37727.8,453753
37729.4,453753
37729.5,453753
37730.9,453753
37731.8,453753
37722.7,453753
37702.9,453753
37711.4,453753
37732.5,453753
37731.4,453753
37729.4,453753
37730.7,453753
37731,453753
37727.6,453753
37729.5,453753
37731.2,453753
37730.1,453753
37729.1,453753
37730.2,453753
37729,453753
37721.1,453753
37727.2,453753
37730.5,453753
37730.3,453753
37729.7,453753
37728.2,453753
37728.1,453753
37730.2,453753
37732.8,453753
37730,453753
37730.5,453753
37731.2,453753
37726.9,453753
37729,453753
37731,453753
37730.4,453753
37729.9,453753
37728.4,453753
37728.9,453753
37726.7,453753
37729.2,453753
37731.4,453753
37731.5,453753
37730.4,453753
37730.5,453753
37732.2,453753
37730.7,453753
37731.3,453753
37732.3,453753
37730,453753
37729.3,453753
37731.5,453753
37731.1,453753
37730.8,453753
37732.1,453753
37731.8,453753
37728.5,453753
37731.6,453753
37732.5,453753
37730.8,453753
37729.3,453753
37728.7,453753
37730.2,453753
37729.7,453753
37730.9,453753
37727,453753
37729.5,453753
37728.3,453753
37722.3,453753
37729.1,453753
37728.1,453753
37728.4,453753
37731.2,453753
37729.6,453753
37730.3,453753
37730.7,453753
37730.1,453753
37732,453753
37731.1,453753
37728.7,453753
37726.4,453753
37730.1,453753
37728.4,453753
37729.4,453753
37730.9,453753
37728.9,453753
37727.7,453753
37730,453753
37728.1,453753
37730.4,453753
37729.7,453753
37728.8,453753
37729.9,453753
37731.7,453753
37731.7,453753
37731.5,453753
37733.1,453753
37729.5,453753
37728.2,453753
37731.9,453753
37731,453753
37731.7,453753
37730.4,453753
37730.5,453753
37731.4,453753
37731.2,453753
37730.6,453753
37730.7,453753
37729.9,453753
37729.5,453753
37730.5,453753
37730,453753
37730.7,453753
37727.5,453753
37725.9,453753
37721.6,453753
37726.8,453753
37730.2,453753
37731.5,453753
37726.9,453753
37728.4,453753
37730,453753
37728.1,453753
37729.8,453753
37730.6,453753
37727.7,453753
37712.9,453753
37730.9,453753
37730.9,453753
37730,453753
37729.2,453753
37727.6,453753
37728.4,453753
37730,453753
37727.3,453753
37723.2,453753
37728.9,453753
37730.1,453753
37730.1,453753
37731.1,453753
37732.4,453753
37729.8,453753
37730.7,453753
37729.4,453753
37730.4,453753
37730.5,453753
37731,453753
37730.7,453753
37728.2,453753
37718.5,453753
37731.2,453753
37726.1,453753
37726,453753
37727.8,453753
37726.9,453753
37731.6,453753
37730.2,453753
37730.3,453753
37731.6,453753
37733.9,453753
37731.1,453753
37728.1,453753
37728,453753
37729.7,453753
37732.2,453753
37729.9,453753
37729.9,453753
37730.4,453753
37685.4,453753
37604.4,453753
37709.1,453753
37727.8,453753
37727.8,453753
37725.8,453753
37729.6,453753
37728.4,453753
37729.9,453753
37731,453753
37728.3,453753
37720.8,453753
37726.2,453753
37726.8,453753
37730.2,453753
37729.9,453753
37729.4,453753
37727.9,453753
37726.7,453753
37730,453753
37729.9,453753
37732,453753
37730,453753
37731.4,453753
37732.1,453753
37730.5,453753
37731,453753
37729.6,453753
37732.9,453753
37732.1,453753
37731.7,453753
37729.9,453753
37729.7,453753
37732,453753
37733,453753
37731,453753
37729.3,453753
37730.5,453753
37731.5,453753
37729.6,453753
37730.2,453753
37731.2,453753
37731.2,453753
37730.7,453753
37730.9,453753
37725.2,453753
37716.1,453753
37728.1,453753
37731.6,453753
37726,453753
37727.4,453753
37729.8,453753
37726.5,453753
37729,453753
37729.9,453753
37732.5,453753
37729.3,453753
37729.4,453753
37730.2,453753
37729.2,453753
37727.1,453753
37727.1,453753
37730.8,453753
37728.5,453753
37729.8,453753
37731.4,453753
37730.4,453753
37728.9,453753
37730.3,453753
37728.1,453753
37728.8,453753
37731.2,453753
37731,453753
37726.9,453753
37723.2,453753
37732.7,453753
37732.3,453753
37731.5,453753
37731.7,453753
37729.4,453753
37727.3,453753
37731.2,453753
37727.8,453753
37729.4,453753
37731,453753
37731.9,453753
37732,453753
37731.6,453753
37730.2,453753
37731.1,453753
37731.4,453753
37730.1,453753
37727.1,453753
37728.4,453753
37728.3,453753
37728.2,453753
37729.5,453753
37728.2,453753
37729.7,453753
37731.3,453753
37730,453753
37728.6,453753
37728.8,453753
37729.4,453753
37728.6,453753
37731.2,453753
37729.5,453753
37729.5,453753
37731.2,453753
37730.4,453753
37732.6,453753
37731.3,453753
37731.7,453753
37729.3,453753
37730.1,453753
37729.7,453753
37730.6,453753
37730.7,453753
37732,453753
37731.2,453753
37734,453753
37732.4,453753
37729.7,453753
37729.2,453753
37727.8,453753
37726.4,453753
37728.6,453753
37731,453753
37726.1,453753
37731.4,453753
37728.2,453753
37728.8,453753
37729.1,453753
37729.1,453753
37726.6,453753
37730.5,453753
37730,453753
37730.7,453753
37730.5,453753
37730.2,453753
37729,453753
37731.5,453753
37730.5,453753
37732.6,453753
37730.7,453753
37732.5,453753
37729.7,453753
37730.1,453753
37729.3,453753
37733,453753
37731.2,453753
37730,453753
37733.4,453753
37732.2,453753
37730.9,453753
37727.3,453753
37730.3,453753
37726.4,453753
37729.6,453753
37730.6,453753
37731.9,453753
37729.8,453753
37727.1,453753
37729.6,453753
37732.1,453753
37722.9,453753
37725.8,453753
37731.9,453753
37729.3,453753
37720.5,453753
37729.6,453753
37730.1,453753
37731.1,453753
37731.8,453753
37732,453753
37733,453753
37731.7,453753
37728.1,453753
37732,453753
37728.9,453753
37728.4,453753
37733.4,453753
37732,453753
37729.8,453753
37731.3,453753
37729.7,453753
37731.6,453753
37731.9,453753
37729.4,453753
37730.9,453753
37731.7,453753
37727.7,453753
37729.9,453753
37730.6,453753
37729.5,453753
37731.5,453753
37729.2,453753
37730.8,453753
37728.9,453753
37729.9,453753
37725.9,453753
37725,453753
37730.3,453753
37728.5,453753
37730.6,453753
37730.5,453753
37729.5,453753
37730.6,453753
37730.5,453753
37730.2,453753
37732.7,453753
37730.9,453753
37726.4,453753
37729.7,453753
37732.4,453753
37728,453753
37728.4,453753
37731.3,453753
37731,453753
37732.6,453753
37732.8,453753
37730,453753
37727.2,453753
37727.6,453753
37731.3,453753
37730.7,453753
37728.6,453753
37724.4,453753
37726.1,453753
37721.1,453753
37731.2,453753
37729.5,453753
37731.4,453753
37726.1,453753
37729.4,453753
37730.7,453753
37730.7,453753
37732.8,453753
37732.2,453753
37730.3,453753
37731.3,453753
37729.7,453753
37729.4,453753
37728.5,453753
37728.9,453753
37732.4,453753
37731.9,453753
37732.3,453753
37732.9,453753
37732.3,453753
37730.2,453753
37729.6,453753
37730.9,453753
37731.3,453753
37730.9,453753
37730.7,453753
37728.9,453753
37732.2,453753
37727.2,453753
37728.8,453753
37730.9,453753
37729.4,453753
37724.6,453753
37729.7,453753
37731.1,453753
37732.8,453753
37730.5,453753
37730.1,453753
37731.7,453753
37730.7,453753
37731.1,453753
37729.2,453753
37731.3,453753
37730.1,453753
37729.5,453753
37731.8,453753
37734.2,453753
37730.7,453753
37730.6,453753
37728.8,453753
37718.4,453753
37727.8,453753
37729.8,453753
37731.6,453753
37724.2,453753
37721,453753
37728.5,453753
37730.7,453753
37729.8,453753
37724.6,453753
37726.2,453753
37726.4,453753
37721.6,453753
37728.6,453753
37730.4,453753
37731.7,453753
37731,453753
37732.8,453753
37720.8,453753
37724.3,453753
37728.8,453753
37728.7,453753
37731.4,453753
37726.9,453753
37732.6,453753
37730.8,453753
37732.3,453753
37730.8,453753
37728.8,453753
37729,453753
37730.4,453753
37729.9,453753
37728.7,453753
37725.9,453753
37724.6,453753
37731,453753
37731,453753
37729.6,453753
37729.4,453753
37731.1,453753
37730.6,453753
37732.4,453753
37730.6,453753
37733.4,453753
37731.9,453753
37731.8,453753
37730.6,453753
37730.8,453753
37732.4,453753
37732.1,453753
37731.7,453753
37731.9,453753
37730.5,453753
37730.3,453753
37729.4,453753
37729.9,453753
37730,453753
37730.1,453753
37731.1,453753
37731.1,453753
37728.9,453753
37730.4,453753
37728.1,453753
37731.9,453753
37731,453753
37730,453753
37731.2,453753
37731.5,453753
37723.3,453753
37730.2,453753
37731.2,453753
37730.4,453753
37725.1,453753
37726.8,453753
37731.9,453753
37732.6,453753
37730.6,453753
37732.8,453546
