TRACE,NSNPS_JACKKNIFE
37720.1,453753
37720.8,453753
37719.9,453753
37721.2,453753
37718.6,453753
37720.8,453753
37719,453753
37718.6,453753
37720.1,453753
37717.9,453753
37718.1,453753
37715.6,453753
37721,453753
37719.3,453753
37720.7,453753
37719.6,453753
37719.2,453753
37714.2,453753
37715.2,453753
37717.8,453753
37721.2,453753
37721.4,453753
37719.9,453753
37720.1,453753
37720.3,453753
37719.3,453753
37717.5,453753
37716.9,453753
37719.8,453753
37719.3,453753
37717.8,453753
37719.1,453753
37719.1,453753
37719.3,453753
37719.5,453753
37719.9,453753
37719.4,453753
37719.2,453753
37720.5,453753
37719.4,453753
37720.4,453753
37721.3,453753
37718.9,453753
37714.7,453753
37714.7,453753
37720,453753
37719.8,453753
37719.8,453753
37721.6,453753
37720.3,453753
37720.1,453753
37716.3,453753
37718.1,453753
37720,453753
37717.2,453753
37718.3,453753
37719.3,453753
37717.1,453753
37717.7,453753
37717.6,453753
37718.8,453753
37722.3,453753
37720.8,453753
37719.1,453753
37719.4,453753
37720.1,453753
37718.7,453753
37718.8,453753
37719.2,453753
37716.7,453753
37713.9,453753
37719.5,453753
37720.7,453753
37720.4,453753
37721.1,453753
37721.5,453753
37721.6,453753
37719.8,453753
37721.4,453753
37718.9,453753
37717.3,453753
37721,453753
37721.2,453753
37721.2,453753
37721.5,453753
37720.7,453753
37721.2,453753
37721.2,453753
37720.8,453753
37720.9,453753
37714.1,453753
37715.5,453753
37720.3,453753
37701.2,453753
37720.1,453753
37717.7,453753
37718.9,453753
37720.1,453753
37719.9,453753
37720.3,453753
37718.1,453753
37719,453753
37716.9,453753
37717.6,453753
37716.6,453753
37716.7,453753
37719.4,453753
37719.5,453753
37720.2,453753
37718.9,453753
37720,453753
37719.1,453753
37719.4,453753
37716.7,453753
37716.2,453753
37713.8,453753
37719.2,453753
37718.3,453753
37719.3,453753
37717.2,453753
37715.7,453753
37718.8,453753
37718.1,453753
37720,453753
37720.1,453753
37720.8,453753
37719,453753
37717,453753
37717.5,453753
37720.5,453753
37715.9,453753
37719.4,453753
37717.9,453753
37719.1,453753
37718.7,453753
37720.8,453753
37720.4,453753
37719.7,453753
37718.9,453753
37719.6,453753
37714.6,453753
37715.2,453753
37718.1,453753
37716.7,453753
37715.7,453753
37716,453753
37720.3,453753
37718.7,453753
37720.5,453753
37718.7,453753
37720.3,453753
37720.3,453753
37718.3,453753
37718,453753
37720.3,453753
37719.5,453753
37720.3,453753
37720,453753
37723.4,453753
37718.9,453753
37718.2,453753
37719.9,453753
37721.1,453753
37721.5,453753
37721.2,453753
37720.7,453753
37720.4,453753
37720.1,453753
37718.1,453753
37719.4,453753
37719.4,453753
37720.7,453753
37719.3,453753
37718.8,453753
37719.7,453753
37719.4,453753
37719.8,453753
37720,453753
37716,453753
37719,453753
37717.2,453753
37704,453753
37709.3,453753
37717.7,453753
37719.3,453753
37720.5,453753
37720.7,453753
37720.1,453753
37719.5,453753
37720,453753
37720.7,453753
37720.4,453753
37716.2,453753
37708.7,453753
37711.7,453753
37711.9,453753
37713.4,453753
37716.1,453753
37719.2,453753
37718.8,453753
37717.9,453753
37718.9,453753
37718.3,453753
37715.2,453753
37719.6,453753
37718.8,453753
37718.7,453753
37720,453753
37716.8,453753
37714.2,453753
37718.2,453753
37719.9,453753
37720.1,453753
37721.1,453753
37719.8,453753
37717.5,453753
37711.1,453753
37711.9,453753
37715.6,453753
37712.7,453753
37719.9,453753
37718.6,453753
37719.2,453753
37720.8,453753
37718.6,453753
37718.8,453753
37718.8,453753
37719.3,453753
37721.8,453753
37719.4,453753
37720.3,453753
37717,453753
37719,453753
37720.8,453753
37721.6,453753
37720.2,453753
37719.2,453753
37718.3,453753
37716,453753
37721.3,453753
37718.3,453753
37721,453753
37720.5,453753
37719.1,453753
37719.4,453753
37721.2,453753
37720.8,453753
37717.6,453753
37719.5,453753
37717,453753
37715.7,453753
37718.8,453753
37719.1,453753
37718.2,453753
37718.9,453753
37717.1,453753
37717.8,453753
37719.2,453753
37716.6,453753
37718.4,453753
37719.8,453753
37717.5,453753
37710.9,453753
37717,453753
37718.2,453753
37717.1,453753
37718.3,453753
37712.7,453753
37719.2,453753
37719.7,453753
37717.6,453753
37715.5,453753
37717.9,453753
37717.9,453753
37717,453753
37715.3,453753
37720.9,453753
37720.3,453753
37717.6,453753
37714.9,453753
37718.6,453753
37715.2,453753
37718.9,453753
37718,453753
37716.6,453753
37720.5,453753
37720.6,453753
37718.1,453753
37718.6,453753
37720.5,453753
37721.6,453753
37721,453753
37721.6,453753
37720.3,453753
37720.4,453753
37721.7,453753
37718.7,453753
37720.5,453753
37721.2,453753
37721.6,453753
37720.8,453753
37721.1,453753
37721.4,453753
37719.8,453753
37721,453753
37720.4,453753
37719.7,453753
37717.5,453753
37720.3,453753
37720.1,453753
37719.4,453753
37720.4,453753
37716.2,453753
37712.8,453753
37709.6,453753
37718.4,453753
37718.7,453753
37715.8,453753
37718.2,453753
37719,453753
37720.4,453753
37721.4,453753
37722.2,453753
37719,453753
37718.8,453753
37717.5,453753
37717.9,453753
37719.4,453753
37717.6,453753
37716.6,453753
37710.1,453753
37718.9,453753
37719.5,453753
37719.8,453753
37719.2,453753
37721.1,453753
37717,453753
37720.7,453753
37719,453753
37719.6,453753
37715.5,453753
37719.1,453753
37711.7,453753
37712.8,453753
37718.2,453753
37715.7,453753
37720,453753
37717.1,453753
37717.9,453753
37704.6,453753
37719.1,453753
37718.7,453753
37719.5,453753
37722.2,453753
37721.8,453753
37721.2,453753
37721,453753
37720.8,453753
37720.2,453753
37720.3,453753
37721,453753
37720.9,453753
37719.6,453753
37720.5,453753
37720.3,453753
37720.2,453753
37720,453753
37720.6,453753
37719.7,453753
37720.2,453753
37720.3,453753
37719.3,453753
37719.9,453753
37719.4,453753
37720.7,453753
37718.4,453753
37718.1,453753
37710.7,453753
37716.5,453753
37716,453753
37707.9,453753
37715.7,453753
37715.8,453753
37718,453753
37715.5,453753
37714.7,453753
37715.1,453753
37714.5,453753
37717.7,453753
37720.2,453753
37718.4,453753
37716.1,453753
37717.2,453753
37719.3,453753
37717.8,453753
37717.5,453753
37716.6,453753
37712.1,453753
37715.1,453753
37719.9,453753
37719.4,453753
37719,453753
37719.9,453753
37719.4,453753
37719.8,453753
37711.5,453753
37719,453753
37719,453753
37717,453753
37719.5,453753
37720.7,453753
37719.8,453753
37718.7,453753
37721.4,453753
37720.9,453753
37719.9,453753
37721.1,453753
37720.8,453753
37718,453753
37717.8,453753
37718.3,453753
37719.1,453753
37719.3,453753
37718.7,453753
37720.8,453753
37719.7,453753
37719,453753
37720.1,453753
37718.8,453753
37719.1,453753
37721.1,453753
37719.1,453753
37712.3,453753
37720.3,453753
37719.8,453753
37717.3,453753
37719.6,453753
37718.4,453753
37717.9,453753
37718.4,453753
37718,453753
37715.6,453753
37705,453753
37716.8,453753
37719.4,453753
37719.7,453753
37722,453753
37721.5,453753
37717.5,453753
37715.6,453753
37717.3,453753
37720,453753
37716.8,453753
37717.5,453753
37719.4,453753
37721.3,453753
37719.3,453753
37719.5,453753
37716.8,453753
37717.9,453753
37716.6,453753
37718.5,453753
37721.3,453753
37717.7,453753
37720.1,453753
37720.1,453753
37719.6,453753
37719.3,453753
37720.1,453753
37717.1,453753
37722.2,453753
37721.7,453753
37720.7,453753
37718.3,453753
37716.8,453753
37718.1,453753
37719.6,453753
37720.5,453753
37721.2,453753
37710.9,453753
37690.7,453753
37700.8,453753
37718,453753
37719.8,453753
37718.9,453753
37718.4,453753
37719.4,453753
37716.2,453753
37719.8,453753
37719.9,453753
37719.4,453753
37717.4,453753
37720.2,453753
37718.2,453753
37710.9,453753
37716.2,453753
37718.2,453753
37717.1,453753
37720.7,453753
37719.3,453753
37718.8,453753
37721.2,453753
37721.3,453753
37719,453753
37718.7,453753
37717,453753
37717,453753
37717.4,453753
37718.3,453753
37719.6,453753
37718.4,453753
37717.6,453753
37718.9,453753
37715.7,453753
37717.5,453753
37720.3,453753
37720.4,453753
37720.6,453753
37719.9,453753
37720.1,453753
37718.9,453753
37719.7,453753
37719.9,453753
37719.9,453753
37719.8,453753
37721.2,453753
37719.2,453753
37718.8,453753
37720.8,453753
37722.2,453753
37719.5,453753
37719,453753
37719.1,453753
37720.4,453753
37719.9,453753
37718.3,453753
37720.9,453753
37717.9,453753
37720.1,453753
37718.1,453753
37719.1,453753
37715,453753
37711.5,453753
37719.1,453753
37718.2,453753
37718.3,453753
37721.3,453753
37718.4,453753
37718.8,453753
37719.5,453753
37718.5,453753
37720.2,453753
37720.4,453753
37719.3,453753
37716.6,453753
37717.9,453753
37719.2,453753
37719.4,453753
37720.5,453753
37719.1,453753
37717.7,453753
37720,453753
37718.3,453753
37721.6,453753
37718.9,453753
37717.3,453753
37720.3,453753
37719.7,453753
37720,453753
37718.3,453753
37721.6,453753
37718,453753
37718.4,453753
37721.3,453753
37720.3,453753
37718.7,453753
37721.1,453753
37719.2,453753
37719.2,453753
37721,453753
37720.2,453753
37719.9,453753
37717.3,453753
37717.7,453753
37718.5,453753
37718.8,453753
37720,453753
37718.1,453753
37713.3,453753
37711.7,453753
37718.1,453753
37719.2,453753
37720.6,453753
37717,453753
37719.7,453753
37718.1,453753
37717.5,453753
37718.2,453753
37720.8,453753
37720.6,453753
37708.4,453753
37720,453753
37721.3,453753
37717.1,453753
37719.7,453753
37717,453753
37718.3,453753
37720.1,453753
37717.7,453753
37714.3,453753
37720.8,453753
37719.5,453753
37719.7,453753
37719.9,453753
37720.1,453753
37718.8,453753
37720.8,453753
37718.6,453753
37720.5,453753
37719.1,453753
37722.4,453753
37719,453753
37719.4,453753
37707.2,453753
37719.5,453753
37714.3,453753
37714.2,453753
37717.6,453753
37716.8,453753
37721.3,453753
37720,453753
37719.2,453753
37721.8,453753
37721.4,453753
37718.5,453753
37718.5,453753
37717.7,453753
37719.7,453753
37720.4,453753
37719.6,453753
37719.8,453753
37719.5,453753
37676.5,453753
37618.6,453753
37700.1,453753
37718.4,453753
37716.7,453753
37714.9,453753
37719.8,453753
37718.3,453753
37719.8,453753
37721.2,453753
37718,453753
37710.9,453753
37716.6,453753
37715.7,453753
37719.4,453753
37720.9,453753
37719.6,453753
37720.1,453753
37716.9,453753
37719.7,453753
37718.6,453753
37719.1,453753
37720.2,453753
37718.2,453753
37722.5,453753
37719.9,453753
37717.6,453753
37721.7,453753
37719.5,453753
37720.7,453753
37721.4,453753
37719.6,453753
37721,453753
37720.5,453753
37720.7,453753
37720,453753
37717.6,453753
37721.9,453753
37719.3,453753
37718.4,453753
37719.3,453753
37719.9,453753
37721.7,453753
37719.8,453753
37720.1,453753
37717,453753
37704.8,453753
37718.5,453753
37718.1,453753
37715.9,453753
37718.4,453753
37716.6,453753
37719.4,453753
37717,453753
37721.4,453753
37720.8,453753
37719.5,453753
37718.6,453753
37720.1,453753
37719.3,453753
37716.5,453753
37716,453753
37719.7,453753
37717.7,453753
37715.5,453753
37718.9,453753
37718.4,453753
37718.2,453753
37719,453753
37717.7,453753
37718.5,453753
37720.7,453753
37720.1,453753
37718.2,453753
37716.4,453753
37720.6,453753
37721.6,453753
37720.5,453753
37721.2,453753
37719.3,453753
37717.5,453753
37721.6,453753
37720.2,453753
37718.4,453753
37720.5,453753
37719.4,453753
37722,453753
37721.1,453753
37719.7,453753
37720,453753
37719.8,453753
37721,453753
37716.1,453753
37718,453753
37713.8,453753
37717.5,453753
37719.2,453753
37717,453753
37719.1,453753
37721.1,453753
37720,453753
37719.1,453753
37718.9,453753
37717.4,453753
37718.8,453753
37721.3,453753
37719.5,453753
37719.5,453753
37719.4,453753
37718.7,453753
37721.6,453753
37721.2,453753
37721.2,453753
37719.1,453753
37720.6,453753
37720,453753
37720.9,453753
37720.5,453753
37721.5,453753
37720.3,453753
37722.1,453753
37721.5,453753
37719.7,453753
37719.5,453753
37717.5,453753
37715,453753
37719.5,453753
37720.7,453753
37711.8,453753
37720.1,453753
37716.8,453753
37719.6,453753
37720.2,453753
37716.2,453753
37716.5,453753
37721.7,453753
37716.9,453753
37718.8,453753
37718,453753
37719.5,453753
37720.1,453753
37719.3,453753
37719.7,453753
37721,453753
37719.3,453753
37720.8,453753
37720,453753
37718.2,453753
37720.2,453753
37721.5,453753
37721.4,453753
37720,453753
37722.3,453753
37719.3,453753
37718.3,453753
37716.1,453753
37719.3,453753
37713.5,453753
37719.6,453753
37719.9,453753
37720.9,453753
37720.3,453753
37718.4,453753
37719.2,453753
37721.2,453753
37710.3,453753
37715.8,453753
37718.1,453753
37719.8,453753
37709.4,453753
37719.5,453753
37718.9,453753
37720.4,453753
37721.1,453753
37720.4,453753
37721.8,453753
37721,453753
37719.2,453753
37721.6,453753
37717.8,453753
37718,453753
37721.1,453753
37721.4,453753
37720.2,453753
37719.5,453753
37720.5,453753
37720.1,453753
37721.3,453753
37720.1,453753
37720.7,453753
37721.4,453753
37717.2,453753
37716.3,453753
37721,453753
37719.8,453753
37720.6,453753
37719,453753
37718.3,453753
37720.1,453753
37719.4,453753
37712.1,453753
37713.4,453753
37717.5,453753
37719.7,453753
37722,453753
37720.1,453753
37719.7,453753
37719.4,453753
37720.3,453753
37721.6,453753
37720.5,453753
37717.8,453753
37713.4,453753
37720,453753
37720.5,453753
37717,453753
37718.6,453753
37721.2,453753
37722.4,453753
37721.9,453753
37719.5,453753
37719.1,453753
37718,453753
37718.3,453753
37722.2,453753
37720.7,453753
37718.3,453753
37717.1,453753
37715.1,453753
37705.3,453753
37719.9,453753
37720.1,453753
37720.4,453753
37714.6,453753
37719.9,453753
37720.3,453753
37720.8,453753
37720.8,453753
37719.9,453753
37720.4,453753
37720.2,453753
37719.8,453753
37718.5,453753
37718,453753
37718.2,453753
37720.8,453753
37721.8,453753
37722.9,453753
37720.6,453753
37721.7,453753
37720.3,453753
37719.6,453753
37719.1,453753
37719.6,453753
37720.4,453753
37719.9,453753
37719.7,453753
37720.3,453753
37714.9,453753
37717.8,453753
37717.1,453753
37717.9,453753
37715.1,453753
37719.2,453753
37720.5,453753
37721.2,453753
37719.7,453753
37719.8,453753
37721.4,453753
37720.8,453753
37721.4,453753
37719.2,453753
37721.3,453753
37719.4,453753
37719.6,453753
37719.9,453753
37721.5,453753
37720.5,453753
37721,453753
37716.9,453753
37708.7,453753
37718.5,453753
37719.5,453753
37720.2,453753
37717.2,453753
37711.5,453753
37718.2,453753
37721.6,453753
37719.9,453753
37714.6,453753
37716.4,453753
37718,453753
37708.5,453753
37719.4,453753
37720,453753
37721.7,453753
37719.3,453753
37721.3,453753
37709.9,453753
37715.9,453753
37716.3,453753
37719.9,453753
37721.7,453753
37718,453753
37722.1,453753
37721.9,453753
37720.4,453753
37720.8,453753
37720.4,453753
37721,453753
37717.6,453753
37719.3,453753
37718.5,453753
37714.4,453753
37712.4,453753
37720.3,453753
37718.8,453753
37720.5,453753
37718.2,453753
37720.6,453753
37721.2,453753
37720.9,453753
37720.7,453753
37721.7,453753
37722.4,453753
37721.3,453753
37720.2,453753
37719.1,453753
37721.3,453753
37720.2,453753
37720.6,453753
37722.2,453753
37720.7,453753
37720.1,453753
37719.3,453753
37719.8,453753
37719.1,453753
37721.3,453753
37720.2,453753
37721.3,453753
37718.7,453753
37719,453753
37716.9,453753
37721.8,453753
37722.3,453753
37721,453753
37721.8,453753
37719.2,453753
37714.7,453753
37720.6,453753
37719.8,453753
37719.1,453753
37715.3,453753
37717.4,453753
37721,453753
37720.5,453753
37721.9,453753
37723.3,453546
