TRACE,NSNPS_JACKKNIFE
37648.1,453753
37650.5,453753
37646.2,453753
37647.4,453753
37646.6,453753
37647.1,453753
37647.1,453753
37646.2,453753
37647.5,453753
37646,453753
37647.6,453753
37645.4,453753
37648.9,453753
37646,453753
37646.2,453753
37646.8,453753
37645.9,453753
37641.6,453753
37641.9,453753
37645.7,453753
37647,453753
37648.1,453753
37645.6,453753
37646.6,453753
37648.1,453753
37646.6,453753
37644.3,453753
37642.3,453753
37647.4,453753
37646.6,453753
37646.8,453753
37646.5,453753
37645.9,453753
37644.5,453753
37647.9,453753
37647,453753
37645.9,453753
37645.5,453753
37646.5,453753
37646.8,453753
37647.3,453753
37647,453753
37646.4,453753
37643.9,453753
37645.9,453753
37646.7,453753
37647.4,453753
37648.1,453753
37647.8,453753
37648.7,453753
37648.6,453753
37646.8,453753
37644.4,453753
37645.9,453753
37643.1,453753
37647,453753
37645.4,453753
37642.9,453753
37646.4,453753
37643.4,453753
37646.5,453753
37647.8,453753
37647.4,453753
37647.1,453753
37647.2,453753
37647.3,453753
37647.6,453753
37646.3,453753
37645.9,453753
37645.9,453753
37642.7,453753
37646.6,453753
37646.6,453753
37648.5,453753
37648.1,453753
37647.4,453753
37649.5,453753
37647.8,453753
37648.6,453753
37647.4,453753
37642.6,453753
37644.9,453753
37647.7,453753
37647.3,453753
37648.6,453753
37648.4,453753
37649.4,453753
37648.3,453753
37646.7,453753
37647.6,453753
37645.7,453753
37644.9,453753
37647.1,453753
37633.8,453753
37646.7,453753
37646.1,453753
37648.2,453753
37645.1,453753
37647.5,453753
37647.9,453753
37646.2,453753
37645.9,453753
37644.9,453753
37642.4,453753
37646.8,453753
37643.3,453753
37646.5,453753
37648,453753
37648.6,453753
37645.7,453753
37648.5,453753
37646.7,453753
37644.2,453753
37644.4,453753
37642.4,453753
37644.2,453753
37647.2,453753
37647.5,453753
37646.3,453753
37645.1,453753
37644.9,453753
37648.3,453753
37645,453753
37646.8,453753
37647.9,453753
37647.4,453753
37645.2,453753
37646.2,453753
37645.4,453753
37647.6,453753
37643.3,453753
37646.4,453753
37646.7,453753
37646.2,453753
37644.8,453753
37647.6,453753
37646.5,453753
37648,453753
37646.4,453753
37646,453753
37640.2,453753
37639.9,453753
37644.9,453753
37644.8,453753
37644.2,453753
37644.8,453753
37646.1,453753
37644.2,453753
37646,453753
37646.7,453753
37646.9,453753
37647.8,453753
37648.5,453753
37647.9,453753
37645.2,453753
37648,453753
37646.5,453753
37648.4,453753
37647.6,453753
37647,453753
37647,453753
37647.8,453753
37646.2,453753
37648.6,453753
37648.8,453753
37647.4,453753
37646.3,453753
37648.1,453753
37647,453753
37645.6,453753
37644.5,453753
37647.2,453753
37647.9,453753
37647.3,453753
37647.3,453753
37647,453753
37646.2,453753
37645.5,453753
37645.4,453753
37645,453753
37645.9,453753
37629,453753
37635.2,453753
37646.5,453753
37644.9,453753
37648,453753
37646.6,453753
37649.2,453753
37648.4,453753
37647.6,453753
37649.3,453753
37648.2,453753
37644.4,453753
37638.5,453753
37638.2,453753
37638.5,453753
37641.1,453753
37644.6,453753
37645.7,453753
37645.9,453753
37646.1,453753
37648.3,453753
37647.5,453753
37644.6,453753
37646.7,453753
37646,453753
37648.3,453753
37647.3,453753
37644.1,453753
37642.3,453753
37645,453753
37647.5,453753
37647.3,453753
37646.6,453753
37644.7,453753
37645.1,453753
37641.9,453753
37639.3,453753
37642.7,453753
37642.8,453753
37649.2,453753
37648.7,453753
37646.5,453753
37648.6,453753
37643.9,453753
37646,453753
37648.6,453753
37649.2,453753
37649,453753
37648.3,453753
37646.6,453753
37643.6,453753
37643.9,453753
37648,453753
37647.8,453753
37649,453753
37646,453753
37647,453753
37642.4,453753
37646.3,453753
37645.6,453753
37647,453753
37648,453753
37646.4,453753
37647.9,453753
37647.4,453753
37648.1,453753
37645.5,453753
37647,453753
37643.5,453753
37644.9,453753
37645.9,453753
37646.5,453753
37646.5,453753
37644.3,453753
37644.9,453753
37646.2,453753
37645.9,453753
37639.8,453753
37647,453753
37646.5,453753
37644.8,453753
37639.4,453753
37646.5,453753
37645.7,453753
37645.1,453753
37644.9,453753
37635.4,453753
37646.4,453753
37645.6,453753
37645.9,453753
37641.4,453753
37645.2,453753
37644.9,453753
37643.7,453753
37645.3,453753
37646.3,453753
37646.3,453753
37645.2,453753
37643,453753
37647.6,453753
37646.7,453753
37645.7,453753
37646.7,453753
37645,453753
37647.2,453753
37647.8,453753
37644.5,453753
37647.2,453753
37647.7,453753
37648,453753
37647.7,453753
37648.3,453753
37646.7,453753
37648.2,453753
37647.3,453753
37646.8,453753
37646.9,453753
37649.5,453753
37648,453753
37648.3,453753
37648.7,453753
37648.7,453753
37646.8,453753
37648.8,453753
37647.9,453753
37646.8,453753
37647.4,453753
37647.4,453753
37647.2,453753
37648.4,453753
37647.3,453753
37643.7,453753
37638.5,453753
37635.4,453753
37647,453753
37646.3,453753
37644.4,453753
37645.5,453753
37645.7,453753
37647.8,453753
37648.2,453753
37646.3,453753
37646.4,453753
37644.8,453753
37645.7,453753
37644.6,453753
37644.4,453753
37646.5,453753
37643.3,453753
37637.5,453753
37646.4,453753
37646.3,453753
37646.5,453753
37646.1,453753
37646.9,453753
37644.3,453753
37644.8,453753
37647.3,453753
37643.9,453753
37642,453753
37646.8,453753
37637.7,453753
37642.3,453753
37647.1,453753
37645.3,453753
37646.6,453753
37644.6,453753
37646.8,453753
37632,453753
37647.6,453753
37647.7,453753
37647.8,453753
37648.2,453753
37648.6,453753
37649.2,453753
37649.4,453753
37650.4,453753
37647.3,453753
37648.1,453753
37647.4,453753
37648,453753
37647.3,453753
37648.4,453753
37646.6,453753
37648.2,453753
37645.2,453753
37649.8,453753
37646.2,453753
37648.3,453753
37647.3,453753
37646.8,453753
37647.5,453753
37648.1,453753
37645.6,453753
37645.6,453753
37647.7,453753
37641.3,453753
37643.9,453753
37641.7,453753
37632.1,453753
37639.8,453753
37643.6,453753
37646.6,453753
37643.9,453753
37642.4,453753
37643.1,453753
37641.2,453753
37645.8,453753
37647.1,453753
37647.6,453753
37643.6,453753
37646.9,453753
37646.4,453753
37645.5,453753
37645.9,453753
37645.2,453753
37642.4,453753
37642.3,453753
37647,453753
37646.3,453753
37647.7,453753
37646,453753
37647.6,453753
37649.3,453753
37637,453753
37646.9,453753
37646.1,453753
37646.8,453753
37646.3,453753
37646.1,453753
37647.5,453753
37648,453753
37647.9,453753
37647.8,453753
37648.6,453753
37646.6,453753
37645.9,453753
37644.4,453753
37646.3,453753
37645.5,453753
37645.4,453753
37648.1,453753
37647,453753
37647.6,453753
37646.1,453753
37647.7,453753
37647.3,453753
37642.7,453753
37645.6,453753
37645.6,453753
37646.9,453753
37643,453753
37648.2,453753
37647.2,453753
37646.8,453753
37649.4,453753
37645.3,453753
37647.1,453753
37646.2,453753
37645.8,453753
37642.2,453753
37629,453753
37644.1,453753
37645.6,453753
37647.4,453753
37648.2,453753
37646.7,453753
37645.9,453753
37641.9,453753
37645.7,453753
37645.6,453753
37643.1,453753
37643.2,453753
37647.7,453753
37647.3,453753
37646.5,453753
37646,453753
37644.4,453753
37643.1,453753
37643.2,453753
37645.6,453753
37647.8,453753
37644.7,453753
37648.5,453753
37647.9,453753
37647.2,453753
37646.3,453753
37647.5,453753
37645.9,453753
37648.9,453753
37649.3,453753
37647.5,453753
37645.4,453753
37645.7,453753
37644.9,453753
37645.5,453753
37646.8,453753
37647.1,453753
37638.9,453753
37627,453753
37631.4,453753
37645.8,453753
37648.4,453753
37646.5,453753
37645.1,453753
37646.6,453753
37642.1,453753
37647.6,453753
37648.7,453753
37646.9,453753
37643.3,453753
37647.6,453753
37647.2,453753
37638.9,453753
37642.4,453753
37647.7,453753
37646.3,453753
37646,453753
37646,453753
37645.5,453753
37649,453753
37648.9,453753
37647.1,453753
37645.9,453753
37646.1,453753
37644.7,453753
37646.7,453753
37646.5,453753
37649.3,453753
37645.3,453753
37647.2,453753
37645.4,453753
37643.3,453753
37644.8,453753
37646.9,453753
37649.9,453753
37647.2,453753
37647.6,453753
37648.5,453753
37647.2,453753
37648.3,453753
37648.4,453753
37646.9,453753
37647.2,453753
37647.4,453753
37646.8,453753
37646,453753
37647.9,453753
37648.4,453753
37646.9,453753
37647.2,453753
37647.3,453753
37646.8,453753
37646.3,453753
37645.7,453753
37648,453753
37644.3,453753
37648.7,453753
37643.2,453753
37644.9,453753
37640.5,453753
37639.6,453753
37646.7,453753
37647.2,453753
37645.6,453753
37647.3,453753
37645.9,453753
37647.4,453753
37648.4,453753
37648.9,453753
37647.9,453753
37646.3,453753
37643.6,453753
37642.7,453753
37646.2,453753
37647.5,453753
37646.8,453753
37647.6,453753
37646.1,453753
37646.5,453753
37647.1,453753
37647.4,453753
37648.3,453753
37644.6,453753
37644.9,453753
37646.4,453753
37647.6,453753
37648.7,453753
37646.7,453753
37648.9,453753
37645.3,453753
37647,453753
37649.4,453753
37647.4,453753
37648.5,453753
37647.5,453753
37647,453753
37647.1,453753
37646.8,453753
37648.1,453753
37647.5,453753
37646.8,453753
37643.3,453753
37645.2,453753
37646.3,453753
37646.7,453753
37645.7,453753
37642.8,453753
37638.9,453753
37645.9,453753
37645.5,453753
37646.9,453753
37643.4,453753
37646.6,453753
37646.4,453753
37647.1,453753
37644.4,453753
37647.4,453753
37646.3,453753
37626.1,453753
37647.3,453753
37647.5,453753
37646.6,453753
37646.8,453753
37643.7,453753
37644.8,453753
37646.2,453753
37644.6,453753
37642.7,453753
37645.9,453753
37645.4,453753
37647.2,453753
37646.3,453753
37648,453753
37647,453753
37646.1,453753
37647.5,453753
37647.3,453753
37647.6,453753
37648.9,453753
37646.4,453753
37644.2,453753
37637.5,453753
37646.9,453753
37645.3,453753
37638.9,453753
37644.6,453753
37645.2,453753
37648.3,453753
37646.8,453753
37647.9,453753
37648.3,453753
37647.3,453753
37648,453753
37642.9,453753
37644,453753
37645.8,453753
37648.8,453753
37645,453753
37645.7,453753
37646.6,453753
37605.7,453753
37532.6,453753
37624.9,453753
37643.9,453753
37644.8,453753
37641.2,453753
37647.9,453753
37643.4,453753
37646.2,453753
37649.1,453753
37645.9,453753
37632.5,453753
37643.9,453753
37643.7,453753
37647.2,453753
37648,453753
37646.8,453753
37646.9,453753
37644,453753
37645.6,453753
37646.1,453753
37647.3,453753
37646.4,453753
37648.3,453753
37648.1,453753
37647.5,453753
37646.5,453753
37647.4,453753
37647.7,453753
37647.8,453753
37649.1,453753
37648.4,453753
37647.1,453753
37646.8,453753
37649.1,453753
37647.2,453753
37644.3,453753
37647.1,453753
37646.6,453753
37646.9,453753
37647,453753
37646.9,453753
37647,453753
37645.8,453753
37645.5,453753
37643.7,453753
37633.8,453753
37644.4,453753
37645.8,453753
37642.9,453753
37644.6,453753
37645,453753
37644,453753
37646.1,453753
37646.8,453753
37648.2,453753
37647.6,453753
37646,453753
37647.7,453753
37647.4,453753
37640.8,453753
37641,453753
37646.7,453753
37646.4,453753
37645.1,453753
37646.7,453753
37647.1,453753
37646.6,453753
37647.6,453753
37644.9,453753
37646,453753
37648.8,453753
37648.6,453753
37644.2,453753
37641.9,453753
37648.2,453753
37650.1,453753
37649,453753
37649.5,453753
37646.5,453753
37644.3,453753
37649.1,453753
37647.9,453753
37647.5,453753
37648.3,453753
37649.3,453753
37648.2,453753
37649.1,453753
37645.9,453753
37648.3,453753
37647.1,453753
37648.6,453753
37646,453753
37645.1,453753
37642.4,453753
37646,453753
37646,453753
37644.9,453753
37646,453753
37648.3,453753
37646.4,453753
37646.4,453753
37646.8,453753
37643.2,453753
37646.1,453753
37647.1,453753
37645,453753
37645.7,453753
37647.3,453753
37648.4,453753
37648.3,453753
37648.8,453753
37649,453753
37647.1,453753
37647.7,453753
37645.6,453753
37647.7,453753
37649,453753
37648.3,453753
37647.4,453753
37648,453753
37648.4,453753
37646.7,453753
37645.3,453753
37646.9,453753
37644.8,453753
37647.1,453753
37646.2,453753
37643.8,453753
37648.1,453753
37644.6,453753
37645.8,453753
37647.1,453753
37647,453753
37644.6,453753
37646.7,453753
37644.1,453753
37646.5,453753
37646.8,453753
37646.8,453753
37646.9,453753
37648.6,453753
37646.4,453753
37649.8,453753
37648.3,453753
37649.6,453753
37647.2,453753
37645.9,453753
37646.8,453753
37649,453753
37647.9,453753
37646.7,453753
37648.9,453753
37648.1,453753
37646,453753
37644.8,453753
37648.1,453753
37643.8,453753
37646.3,453753
37647.2,453753
37648.6,453753
37647.2,453753
37645.5,453753
37646.5,453753
37647.6,453753
37641.1,453753
37644,453753
37644.1,453753
37647.8,453753
37641,453753
37646.5,453753
37646.1,453753
37648.1,453753
37649.8,453753
37648.7,453753
37648.7,453753
37648,453753
37649,453753
37649.2,453753
37644.8,453753
37645.6,453753
37649.2,453753
37647.5,453753
37648.5,453753
37646.1,453753
37648.3,453753
37648.1,453753
37648.5,453753
37647.4,453753
37647.1,453753
37646.9,453753
37645.9,453753
37644.5,453753
37647.7,453753
37646.8,453753
37648.6,453753
37646.4,453753
37648,453753
37645.6,453753
37646.1,453753
37638.3,453753
37643.2,453753
37645.1,453753
37646.7,453753
37647.1,453753
37647.4,453753
37646.2,453753
37647.7,453753
37645.6,453753
37649.7,453753
37649,453753
37646,453753
37644,453753
37648.1,453753
37648.5,453753
37646.1,453753
37645.5,453753
37648.8,453753
37649.2,453753
37649.5,453753
37645.4,453753
37646.6,453753
37645.9,453753
37644.8,453753
37648.9,453753
37645.6,453753
37645,453753
37641.7,453753
37643.2,453753
37639,453753
37646.7,453753
37646.2,453753
37649.1,453753
37642.4,453753
37647.3,453753
37648,453753
37645.1,453753
37647.4,453753
37648.6,453753
37647.6,453753
37646.9,453753
37647.6,453753
37646.4,453753
37646.6,453753
37646.4,453753
37648.1,453753
37649.7,453753
37648.6,453753
37648,453753
37648,453753
37647.8,453753
37646.9,453753
37646.5,453753
37647.1,453753
37647.6,453753
37645.8,453753
37645.3,453753
37646.2,453753
37645.6,453753
37645,453753
37645.4,453753
37646.1,453753
37644.6,453753
37647.1,453753
37646.8,453753
37648.3,453753
37647.2,453753
37646.6,453753
37647.7,453753
37647.7,453753
37648.4,453753
37648,453753
37646.9,453753
37648.7,453753
37647.2,453753
37648.8,453753
37648.7,453753
37648.2,453753
37646.5,453753
37645.6,453753
37639.1,453753
37647.2,453753
37646.5,453753
37646.8,453753
37645.5,453753
37637.8,453753
37643.9,453753
37648.3,453753
37646.6,453753
37642.6,453753
37644.5,453753
37643.3,453753
37639.4,453753
37645.4,453753
37648.5,453753
37646.6,453753
37645.9,453753
37648.4,453753
37633,453753
37641.1,453753
37644.9,453753
37645.7,453753
37645.4,453753
37646.8,453753
37649.2,453753
37648.4,453753
37647.6,453753
37647.4,453753
37645.4,453753
37647.5,453753
37647.5,453753
37645.8,453753
37644.8,453753
37639.5,453753
37642,453753
37646.9,453753
37646.7,453753
37648.9,453753
37647.5,453753
37646.5,453753
37648.5,453753
37648.9,453753
37648.3,453753
37647.1,453753
37649.8,453753
37648.9,453753
37647.2,453753
37646.3,453753
37648.2,453753
37647.9,453753
37647.9,453753
37646.9,453753
37647.7,453753
37647.9,453753
37646.6,453753
37646.8,453753
37648.7,453753
37647,453753
37649,453753
37648.4,453753
37645,453753
37645.7,453753
37642.5,453753
37648.3,453753
37647.3,453753
37648.1,453753
37648.4,453753
37647.7,453753
37643.4,453753
37646.2,453753
37648.1,453753
37647.4,453753
37642.6,453753
37644.2,453753
37648.4,453753
37648.9,453753
37649.1,453753
37649.4,453546
