TRACE,NSNPS_JACKKNIFE
37689,453753
37690.4,453753
37689.6,453753
37689.9,453753
37689.1,453753
37690,453753
37688.5,453753
37686,453753
37689.3,453753
37688.8,453753
37689.6,453753
37686.7,453753
37689.8,453753
37688.6,453753
37689.6,453753
37688.3,453753
37687.8,453753
37683.9,453753
37684.4,453753
37685.9,453753
37689.8,453753
37688.9,453753
37687.8,453753
37688.9,453753
37690.6,453753
37688.9,453753
37686.4,453753
37685.9,453753
37686.9,453753
37687.7,453753
37688.4,453753
37688.6,453753
37687,453753
37689.5,453753
37688.3,453753
37690.6,453753
37689.4,453753
37685.5,453753
37687.5,453753
37690.1,453753
37688.8,453753
37688.3,453753
37689,453753
37685.9,453753
37685.3,453753
37685.9,453753
37688.3,453753
37689,453753
37690.8,453753
37691.1,453753
37689.2,453753
37685.2,453753
37687.1,453753
37686.4,453753
37688.5,453753
37688.3,453753
37687.4,453753
37684.3,453753
37685.7,453753
37684.9,453753
37687.5,453753
37689.4,453753
37689.1,453753
37688.3,453753
37687.6,453753
37688.8,453753
37688.4,453753
37687.7,453753
37687,453753
37689.1,453753
37682.1,453753
37689.1,453753
37689.3,453753
37691,453753
37689.9,453753
37690.2,453753
37689.9,453753
37689.8,453753
37691.3,453753
37689.4,453753
37686.9,453753
37690.2,453753
37690.8,453753
37689.4,453753
37689.5,453753
37690,453753
37690.7,453753
37689.9,453753
37688.3,453753
37689.5,453753
37685.7,453753
37685,453753
37687.9,453753
37678.2,453753
37689.1,453753
37686.7,453753
37690.9,453753
37689.6,453753
37689,453753
37688.7,453753
37687.4,453753
37687.5,453753
37686.5,453753
37684.7,453753
37685.3,453753
37686,453753
37689.3,453753
37688.5,453753
37689.4,453753
37687.6,453753
37689.6,453753
37688.7,453753
37686.5,453753
37685.6,453753
37687.1,453753
37682.4,453753
37689.1,453753
37688.9,453753
37687.1,453753
37687.8,453753
37684.8,453753
37690.4,453753
37686.4,453753
37686.4,453753
37688.2,453753
37688.4,453753
37687.8,453753
37687.5,453753
37686.9,453753
37689.1,453753
37688.3,453753
37688.4,453753
37686.1,453753
37688.9,453753
37688.9,453753
37688.5,453753
37690.5,453753
37689.7,453753
37685.5,453753
37689.3,453753
37680.8,453753
37681.8,453753
37688.4,453753
37687.6,453753
37685.7,453753
37685.9,453753
37689.5,453753
37686.4,453753
37688.9,453753
37688.4,453753
37689.2,453753
37690.3,453753
37688.4,453753
37688.5,453753
37688.5,453753
37687.4,453753
37689.2,453753
37689.3,453753
37690.7,453753
37687.2,453753
37687.7,453753
37689.1,453753
37689.7,453753
37690.1,453753
37690.2,453753
37689.4,453753
37687.6,453753
37690.3,453753
37689.4,453753
37688.5,453753
37686.3,453753
37689.8,453753
37690,453753
37689.8,453753
37690,453753
37687.8,453753
37688.2,453753
37688.6,453753
37687.9,453753
37687.6,453753
37687.2,453753
37673.1,453753
37679.2,453753
37688,453753
37686.9,453753
37690.8,453753
37689.9,453753
37689.2,453753
37691,453753
37689.4,453753
37690.2,453753
37688.6,453753
37684.1,453753
37679.5,453753
37679.8,453753
37676.8,453753
37683.1,453753
37684.3,453753
37690.8,453753
37690.3,453753
37688.7,453753
37688.7,453753
37689,453753
37684.1,453753
37689.1,453753
37687.7,453753
37686.9,453753
37689.3,453753
37686.6,453753
37682.4,453753
37688.3,453753
37689,453753
37690.3,453753
37689.9,453753
37685.9,453753
37688.6,453753
37682.7,453753
37683.1,453753
37684.3,453753
37682.6,453753
37691.7,453753
37688.5,453753
37690.5,453753
37689.6,453753
37687,453753
37689.3,453753
37691,453753
37687.9,453753
37690.1,453753
37690.9,453753
37689.4,453753
37684.4,453753
37686.6,453753
37690.1,453753
37690.2,453753
37690.6,453753
37688,453753
37687.3,453753
37686.9,453753
37688.8,453753
37686,453753
37689.6,453753
37689.3,453753
37689.6,453753
37688.5,453753
37690.7,453753
37688.2,453753
37689.3,453753
37690.8,453753
37687.1,453753
37683.8,453753
37688.1,453753
37689.4,453753
37687.6,453753
37687.2,453753
37688.1,453753
37687.1,453753
37688,453753
37685.7,453753
37687,453753
37690.2,453753
37688.1,453753
37684.1,453753
37688.8,453753
37687.4,453753
37687.4,453753
37686.3,453753
37678.5,453753
37688.6,453753
37690.9,453753
37687.6,453753
37684.4,453753
37689.1,453753
37686.6,453753
37687.5,453753
37684.9,453753
37688.5,453753
37689.7,453753
37688,453753
37683.5,453753
37688.6,453753
37687.5,453753
37688.5,453753
37688.9,453753
37688.4,453753
37687.7,453753
37688.3,453753
37689.4,453753
37689.7,453753
37689,453753
37689.9,453753
37690.5,453753
37690.6,453753
37691.8,453753
37691.8,453753
37689.3,453753
37688.3,453753
37689.3,453753
37689.8,453753
37689.8,453753
37688.8,453753
37689.8,453753
37689.9,453753
37689,453753
37690.4,453753
37689.4,453753
37690.3,453753
37688.2,453753
37687.8,453753
37690.7,453753
37688.6,453753
37688.8,453753
37685.9,453753
37682.1,453753
37676.7,453753
37686.5,453753
37689.4,453753
37685.5,453753
37687.4,453753
37686.7,453753
37688.1,453753
37688.6,453753
37689.2,453753
37687.3,453753
37687.1,453753
37685.6,453753
37686.2,453753
37686.6,453753
37687.1,453753
37685.4,453753
37680.6,453753
37687.1,453753
37686,453753
37689.9,453753
37687,453753
37690.1,453753
37686.4,453753
37688.7,453753
37688.8,453753
37685,453753
37684.5,453753
37688.5,453753
37681,453753
37684.5,453753
37687.2,453753
37687.3,453753
37689.2,453753
37686.7,453753
37687.1,453753
37676.1,453753
37688.1,453753
37688.1,453753
37690,453753
37690.7,453753
37690.4,453753
37689,453753
37690.7,453753
37691.1,453753
37690.4,453753
37689.9,453753
37689.5,453753
37689.9,453753
37688.1,453753
37688.8,453753
37688.8,453753
37689.4,453753
37688,453753
37689.6,453753
37686.9,453753
37688.4,453753
37688.3,453753
37688.5,453753
37688.1,453753
37688.8,453753
37686.3,453753
37687.7,453753
37687.3,453753
37680.9,453753
37686.4,453753
37683.6,453753
37674.3,453753
37683.7,453753
37686.3,453753
37688.8,453753
37686.5,453753
37686,453753
37684.3,453753
37682.9,453753
37685.7,453753
37689.5,453753
37688.1,453753
37684,453753
37686.5,453753
37689.2,453753
37688,453753
37684.8,453753
37686.5,453753
37682.9,453753
37683.1,453753
37687,453753
37688.4,453753
37688.5,453753
37690.6,453753
37688.7,453753
37689.8,453753
37681,453753
37686.9,453753
37688.7,453753
37687.5,453753
37688.3,453753
37690.2,453753
37688.6,453753
37686.6,453753
37691.5,453753
37689.5,453753
37690.2,453753
37689.7,453753
37688.9,453753
37685.2,453753
37688,453753
37689.4,453753
37688.3,453753
37688.1,453753
37686.1,453753
37688.7,453753
37688.5,453753
37689.4,453753
37688.2,453753
37686.1,453753
37687.9,453753
37686.7,453753
37689.6,453753
37683.2,453753
37688.9,453753
37688,453753
37689.9,453753
37689.1,453753
37688.1,453753
37688,453753
37687.7,453753
37689,453753
37685.7,453753
37674.7,453753
37686.8,453753
37689.1,453753
37689.7,453753
37689.4,453753
37689.7,453753
37687.9,453753
37686.6,453753
37687.8,453753
37688.8,453753
37683.8,453753
37686.7,453753
37689.3,453753
37688.4,453753
37688.3,453753
37687.6,453753
37686.7,453753
37685.3,453753
37684.5,453753
37688.2,453753
37690.4,453753
37686.5,453753
37689.8,453753
37690.8,453753
37686.5,453753
37687.9,453753
37689.9,453753
37688.2,453753
37691.1,453753
37690.6,453753
37690.3,453753
37687.7,453753
37686.3,453753
37687.7,453753
37688.1,453753
37688.6,453753
37689.2,453753
37681.7,453753
37666,453753
37669.4,453753
37689,453753
37689.3,453753
37690.1,453753
37687.7,453753
37687.2,453753
37685.9,453753
37689.1,453753
37690.1,453753
37690.4,453753
37686.6,453753
37688.3,453753
37687,453753
37681.6,453753
37686.2,453753
37689.7,453753
37688.3,453753
37689.5,453753
37686.6,453753
37686.7,453753
37688.3,453753
37688.5,453753
37689.5,453753
37687.5,453753
37688.3,453753
37684.8,453753
37687.1,453753
37688.2,453753
37689.2,453753
37687.4,453753
37688.8,453753
37689.6,453753
37685.3,453753
37682.8,453753
37689.5,453753
37690.1,453753
37689.9,453753
37690.6,453753
37690.8,453753
37688.4,453753
37690.3,453753
37687.8,453753
37689.4,453753
37690.1,453753
37690.4,453753
37688.9,453753
37688.3,453753
37690.5,453753
37690.5,453753
37688.4,453753
37690.3,453753
37688.8,453753
37689.3,453753
37688.6,453753
37685.1,453753
37690.7,453753
37686.8,453753
37689.3,453753
37684,453753
37687.2,453753
37685.2,453753
37684.8,453753
37687.4,453753
37688,453753
37688.4,453753
37689.6,453753
37688.3,453753
37688.8,453753
37689.6,453753
37689.4,453753
37690.3,453753
37689.3,453753
37686.5,453753
37683.4,453753
37688.2,453753
37687,453753
37688.4,453753
37689.5,453753
37687.6,453753
37685.6,453753
37689.6,453753
37686,453753
37687.9,453753
37689.3,453753
37686.6,453753
37687.7,453753
37689.8,453753
37689.4,453753
37688.8,453753
37691,453753
37688.2,453753
37687.2,453753
37689.3,453753
37688.4,453753
37687.9,453753
37688.2,453753
37688.8,453753
37687.7,453753
37687.8,453753
37688.9,453753
37689.5,453753
37688.3,453753
37687.9,453753
37689.8,453753
37690.4,453753
37689.7,453753
37686.8,453753
37684.4,453753
37683.5,453753
37687.1,453753
37687.4,453753
37687.2,453753
37687.7,453753
37688.6,453753
37683.5,453753
37688.5,453753
37686.9,453753
37688.3,453753
37687.8,453753
37677.2,453753
37689.7,453753
37689.4,453753
37686.5,453753
37688.5,453753
37686.2,453753
37688.4,453753
37688.7,453753
37687.7,453753
37684.5,453753
37686.4,453753
37687.3,453753
37688.5,453753
37689.8,453753
37690,453753
37689.1,453753
37687.5,453753
37687.9,453753
37689.1,453753
37687.8,453753
37690.2,453753
37688.3,453753
37687.7,453753
37680.7,453753
37690,453753
37685.6,453753
37681.3,453753
37687.4,453753
37687.7,453753
37691.2,453753
37687.9,453753
37690,453753
37688.1,453753
37689.2,453753
37688.6,453753
37687.3,453753
37686.2,453753
37688.7,453753
37689.5,453753
37686.8,453753
37688.5,453753
37688.9,453753
37647.6,453753
37583.1,453753
37667.4,453753
37687.2,453753
37686.2,453753
37685.6,453753
37688.9,453753
37686.8,453753
37687.1,453753
37690.1,453753
37688.6,453753
37676.4,453753
37685.9,453753
37685.4,453753
37688.5,453753
37689.4,453753
37687.1,453753
37686.2,453753
37686.3,453753
37686.5,453753
37687,453753
37690.3,453753
37690,453753
37688.5,453753
37690.6,453753
37689.4,453753
37686.6,453753
37690.4,453753
37687.3,453753
37691.7,453753
37689.9,453753
37687.7,453753
37688.6,453753
37690.7,453753
37692,453753
37689.9,453753
37690,453753
37690.3,453753
37689.2,453753
37689.8,453753
37688.5,453753
37688.8,453753
37689.6,453753
37687.7,453753
37687.5,453753
37682.8,453753
37674.4,453753
37687.9,453753
37687,453753
37684.3,453753
37686.5,453753
37687.3,453753
37686.6,453753
37687.2,453753
37688.3,453753
37688.7,453753
37689.2,453753
37686.9,453753
37689.9,453753
37688.9,453753
37685.2,453753
37684.1,453753
37688.8,453753
37689.4,453753
37686.2,453753
37689.5,453753
37686.3,453753
37689.4,453753
37689.4,453753
37686.5,453753
37686.5,453753
37689.5,453753
37690.5,453753
37686.7,453753
37685.4,453753
37689.7,453753
37691.6,453753
37691.1,453753
37691.5,453753
37688.8,453753
37688.1,453753
37690.5,453753
37689.8,453753
37688.7,453753
37688.9,453753
37690.9,453753
37689.5,453753
37688.3,453753
37687.3,453753
37689.9,453753
37689.2,453753
37688.6,453753
37688.4,453753
37687.5,453753
37684.9,453753
37686.5,453753
37687.4,453753
37687.3,453753
37688.8,453753
37690.7,453753
37688.7,453753
37688,453753
37685.7,453753
37685.8,453753
37687.3,453753
37688.6,453753
37688.7,453753
37689,453753
37688.6,453753
37689.4,453753
37690.7,453753
37689.3,453753
37688.3,453753
37688.9,453753
37688.3,453753
37687.4,453753
37690.8,453753
37689.9,453753
37689.3,453753
37689.5,453753
37690,453753
37690.7,453753
37690.3,453753
37686.9,453753
37686.2,453753
37686.6,453753
37688.4,453753
37689.5,453753
37680.1,453753
37688.7,453753
37688,453753
37687.1,453753
37686.4,453753
37686.3,453753
37690,453753
37688.2,453753
37687.7,453753
37688.4,453753
37688.3,453753
37689.6,453753
37688.3,453753
37689.4,453753
37689.3,453753
37690.8,453753
37690,453753
37690.5,453753
37691.3,453753
37687.5,453753
37688.7,453753
37691.5,453753
37691.1,453753
37688.5,453753
37690.5,453753
37689.9,453753
37689.8,453753
37684,453753
37688.9,453753
37685.9,453753
37687.8,453753
37688.3,453753
37689,453753
37688.5,453753
37687.1,453753
37689.8,453753
37690.4,453753
37681.1,453753
37684.6,453753
37687.1,453753
37689,453753
37682.9,453753
37689.3,453753
37688.6,453753
37689.6,453753
37692.4,453753
37690.3,453753
37691,453753
37690.5,453753
37688.6,453753
37690.2,453753
37688.4,453753
37689.2,453753
37691,453753
37689.7,453753
37688.9,453753
37691,453753
37690.5,453753
37690.5,453753
37689.4,453753
37688,453753
37689.1,453753
37689.3,453753
37686.2,453753
37685.7,453753
37689.5,453753
37688.3,453753
37689.6,453753
37688,453753
37689.7,453753
37689.7,453753
37688.7,453753
37680.5,453753
37683,453753
37688.9,453753
37689,453753
37690,453753
37689.3,453753
37688.1,453753
37687.6,453753
37686.2,453753
37689.3,453753
37689.6,453753
37687.6,453753
37683.3,453753
37689.7,453753
37688.5,453753
37688.5,453753
37687.6,453753
37690.6,453753
37690.2,453753
37689.5,453753
37688.3,453753
37686.1,453753
37685.8,453753
37686.9,453753
37690.4,453753
37688.4,453753
37685.2,453753
37682.8,453753
37685.5,453753
37681.8,453753
37689.5,453753
37688.6,453753
37688.8,453753
37685.4,453753
37688.1,453753
37689.2,453753
37689.5,453753
37688.1,453753
37690,453753
37690.6,453753
37690.7,453753
37688.9,453753
37689.1,453753
37688,453753
37687.6,453753
37690.7,453753
37691.1,453753
37690.7,453753
37691.3,453753
37690.8,453753
37688.2,453753
37686.9,453753
37690.1,453753
37690.2,453753
37687.4,453753
37687.8,453753
37688.2,453753
37688.3,453753
37688.1,453753
37686.8,453753
37687.1,453753
37690.2,453753
37686.6,453753
37687.2,453753
37688.9,453753
37689.3,453753
37686.8,453753
37687.9,453753
37689.7,453753
37689.5,453753
37690,453753
37689.1,453753
37690,453753
37688.6,453753
37687.2,453753
37689.1,453753
37690.5,453753
37688,453753
37689.4,453753
37688.5,453753
37678.8,453753
37688.4,453753
37689.8,453753
37689.8,453753
37684.5,453753
37678.4,453753
37685.1,453753
37689.3,453753
37688.4,453753
37685,453753
37686,453753
37685.5,453753
37679.5,453753
37687,453753
37688.2,453753
37690.9,453753
37687.6,453753
37690.8,453753
37676.7,453753
37685.8,453753
37686.9,453753
37687.3,453753
37690.7,453753
37686.9,453753
37690.7,453753
37691,453753
37690.9,453753
37691.2,453753
37688.6,453753
37689.9,453753
37689.3,453753
37689.6,453753
37686.9,453753
37683.6,453753
37680.9,453753
37687.7,453753
37690.2,453753
37689.1,453753
37687.1,453753
37690.5,453753
37689.3,453753
37690,453753
37689.5,453753
37689.1,453753
37690.7,453753
37689.6,453753
37688.9,453753
37686.8,453753
37691,453753
37690.9,453753
37690.1,453753
37690.5,453753
37690,453753
37689.5,453753
37687.2,453753
37688.6,453753
37688.4,453753
37688.4,453753
37690.4,453753
37690.9,453753
37687.5,453753
37685.1,453753
37688,453753
37690.2,453753
37690.9,453753
37689.9,453753
37690.2,453753
37688.1,453753
37684.1,453753
37689.7,453753
37689.9,453753
37690.8,453753
37684.1,453753
37684,453753
37689.5,453753
37689.4,453753
37690.5,453753
37691.5,453546
