TRACE,NSNPS_JACKKNIFE
37714.8,453753
37715.5,453753
37714.3,453753
37712.9,453753
37711.1,453753
37714.1,453753
37711.3,453753
37712.7,453753
37714.9,453753
37712.6,453753
37714.2,453753
37711.2,453753
37715.3,453753
37712.5,453753
37713.5,453753
37714.4,453753
37710.8,453753
37707.9,453753
37707.2,453753
37712.1,453753
37713,453753
37713.8,453753
37713,453753
37713.8,453753
37713.8,453753
37713.7,453753
37712.6,453753
37711.6,453753
37714,453753
37713.1,453753
37713.6,453753
37713.3,453753
37710.9,453753
37711.1,453753
37712.9,453753
37713.4,453753
37712.9,453753
37712,453753
37713.3,453753
37714.6,453753
37713.9,453753
37714.3,453753
37711.7,453753
37707.8,453753
37708.6,453753
37713.3,453753
37712.8,453753
37713.9,453753
37713.7,453753
37714.9,453753
37714.5,453753
37710,453753
37711.3,453753
37713.6,453753
37711,453753
37713.3,453753
37713,453753
37709.5,453753
37711.6,453753
37709.6,453753
37714.9,453753
37714.8,453753
37714.3,453753
37714.4,453753
37713.1,453753
37713,453753
37713.6,453753
37709.6,453753
37711.5,453753
37712,453753
37708.3,453753
37713.4,453753
37712.7,453753
37715,453753
37713.7,453753
37712.9,453753
37714,453753
37715.1,453753
37714.9,453753
37711.2,453753
37709.6,453753
37712.1,453753
37714,453753
37714.9,453753
37715.3,453753
37713.8,453753
37714.9,453753
37714.5,453753
37713.2,453753
37713.9,453753
37710.1,453753
37710.5,453753
37714.1,453753
37700.4,453753
37713.6,453753
37711.9,453753
37712.3,453753
37713.1,453753
37712.9,453753
37715.9,453753
37710.9,453753
37714.6,453753
37710.4,453753
37711.1,453753
37711.1,453753
37710.8,453753
37713.2,453753
37713.1,453753
37713,453753
37712.9,453753
37714.9,453753
37713.1,453753
37709.7,453753
37708.8,453753
37708,453753
37710.1,453753
37713.7,453753
37711.8,453753
37711.1,453753
37708.2,453753
37712.8,453753
37713.2,453753
37711.5,453753
37714,453753
37713.6,453753
37712.4,453753
37712.3,453753
37712.2,453753
37711.5,453753
37712.2,453753
37712.5,453753
37712.9,453753
37711.6,453753
37713.9,453753
37708.4,453753
37712.9,453753
37712.7,453753
37713.8,453753
37713,453753
37713.6,453753
37707.9,453753
37704.3,453753
37711.1,453753
37710.9,453753
37711.4,453753
37710.8,453753
37712.1,453753
37712.9,453753
37713.8,453753
37713.4,453753
37712.5,453753
37715.7,453753
37714,453753
37713.1,453753
37713.8,453753
37715,453753
37713.6,453753
37713.8,453753
37715.2,453753
37712.9,453753
37711.3,453753
37711.6,453753
37714.5,453753
37715.6,453753
37715.6,453753
37714.5,453753
37713.5,453753
37713.4,453753
37713.3,453753
37712.5,453753
37711,453753
37714.9,453753
37713.3,453753
37711.9,453753
37714,453753
37713.2,453753
37713.2,453753
37712.9,453753
37712.2,453753
37711.7,453753
37711.7,453753
37699,453753
37701.8,453753
37712.5,453753
37710,453753
37715.4,453753
37713.3,453753
37714.1,453753
37714.4,453753
37712.8,453753
37714.5,453753
37715.1,453753
37711.7,453753
37706.1,453753
37708.3,453753
37705.2,453753
37708.4,453753
37709.1,453753
37713.4,453753
37713.5,453753
37713.6,453753
37713.1,453753
37713.2,453753
37710.9,453753
37712,453753
37712.1,453753
37712.5,453753
37713,453753
37710.2,453753
37707.9,453753
37711.2,453753
37713.7,453753
37711.3,453753
37714.6,453753
37710.8,453753
37711.9,453753
37707.4,453753
37705.7,453753
37709.8,453753
37710.3,453753
37714.3,453753
37713.9,453753
37713.9,453753
37713.4,453753
37709.4,453753
37713.9,453753
37713.7,453753
37714.5,453753
37714,453753
37714.1,453753
37712.6,453753
37708.8,453753
37708.7,453753
37715.1,453753
37715.7,453753
37714.7,453753
37712.2,453753
37711.7,453753
37707.9,453753
37713,453753
37713.3,453753
37714.1,453753
37714.2,453753
37713.4,453753
37712,453753
37712,453753
37712.7,453753
37711.7,453753
37712.4,453753
37710.1,453753
37711.4,453753
37711.8,453753
37711.4,453753
37711.1,453753
37711.6,453753
37712.1,453753
37712.5,453753
37711.6,453753
37707.5,453753
37712.2,453753
37714.9,453753
37713.1,453753
37705.8,453753
37711.6,453753
37711.7,453753
37711.5,453753
37712.4,453753
37701.8,453753
37712.7,453753
37713.1,453753
37712,453753
37709.8,453753
37713.4,453753
37710.2,453753
37709.4,453753
37709.9,453753
37714.1,453753
37714.9,453753
37711.6,453753
37709.4,453753
37712.1,453753
37711.3,453753
37714.2,453753
37713.4,453753
37712.2,453753
37714.1,453753
37713.5,453753
37711.5,453753
37712.3,453753
37713.7,453753
37714.6,453753
37714,453753
37714.5,453753
37713.8,453753
37714.8,453753
37713.6,453753
37713.7,453753
37712.1,453753
37714.7,453753
37714.7,453753
37715.3,453753
37713.3,453753
37716.3,453753
37713.6,453753
37713.8,453753
37714.5,453753
37713.5,453753
37713.8,453753
37712.7,453753
37714.1,453753
37714,453753
37713.9,453753
37711.3,453753
37704.9,453753
37702.6,453753
37711.1,453753
37712.5,453753
37708.4,453753
37711.6,453753
37710.7,453753
37712.7,453753
37715.2,453753
37714.2,453753
37712.6,453753
37712.2,453753
37710.8,453753
37712.8,453753
37712.8,453753
37710.9,453753
37712.2,453753
37705.6,453753
37711.3,453753
37712.2,453753
37713.4,453753
37712.1,453753
37713.7,453753
37710.6,453753
37713.3,453753
37714.3,453753
37712.5,453753
37708,453753
37712.6,453753
37707.2,453753
37703.7,453753
37714.3,453753
37711.2,453753
37712.9,453753
37711.2,453753
37713,453753
37698.6,453753
37712.6,453753
37714.5,453753
37713.6,453753
37715.2,453753
37715.2,453753
37714.1,453753
37715.9,453753
37714.6,453753
37713.2,453753
37714.9,453753
37713.6,453753
37715.5,453753
37713.7,453753
37715.2,453753
37713.5,453753
37713.5,453753
37714,453753
37714.1,453753
37711.4,453753
37712.8,453753
37712.8,453753
37712.3,453753
37711.1,453753
37712.3,453753
37712.6,453753
37714.4,453753
37711.9,453753
37707.3,453753
37709.4,453753
37710.8,453753
37698.4,453753
37706.5,453753
37710.6,453753
37712,453753
37710.7,453753
37708.4,453753
37706,453753
37707.2,453753
37710.8,453753
37712.9,453753
37713.5,453753
37708.8,453753
37711.6,453753
37714,453753
37711,453753
37711.1,453753
37711.7,453753
37707.6,453753
37710.6,453753
37714.6,453753
37712.7,453753
37713.3,453753
37714.1,453753
37711.2,453753
37714.3,453753
37703.7,453753
37711.6,453753
37712.8,453753
37712.9,453753
37714.5,453753
37713.6,453753
37713.9,453753
37712.8,453753
37713.7,453753
37714.9,453753
37714.4,453753
37713.2,453753
37714.2,453753
37710.9,453753
37710.6,453753
37713.3,453753
37712.3,453753
37713.4,453753
37712.1,453753
37713.6,453753
37714,453753
37713.8,453753
37713.3,453753
37709.9,453753
37713.5,453753
37712.8,453753
37713.4,453753
37707,453753
37715,453753
37713.9,453753
37715.7,453753
37712.8,453753
37712.5,453753
37713.5,453753
37712.6,453753
37711.1,453753
37710.7,453753
37697.6,453753
37712.2,453753
37712.5,453753
37712.2,453753
37713.6,453753
37713.3,453753
37709.4,453753
37709,453753
37712.5,453753
37714,453753
37710.4,453753
37711.6,453753
37715.3,453753
37712.8,453753
37713.1,453753
37711.5,453753
37710.8,453753
37710.7,453753
37711.7,453753
37710.3,453753
37713.7,453753
37709.5,453753
37715,453753
37714,453753
37712.7,453753
37713.6,453753
37715,453753
37712.3,453753
37715.1,453753
37714.4,453753
37713.4,453753
37712.5,453753
37710.8,453753
37713.6,453753
37711,453753
37713.3,453753
37713.8,453753
37707.6,453753
37693.6,453753
37697.8,453753
37712.6,453753
37713.7,453753
37713.8,453753
37712.9,453753
37715.1,453753
37711.7,453753
37713.9,453753
37714.4,453753
37712.9,453753
37710.7,453753
37713.8,453753
37712.3,453753
37703,453753
37710.3,453753
37711.2,453753
37710.9,453753
37713.5,453753
37712,453753
37713,453753
37713.7,453753
37715.1,453753
37712.4,453753
37711.6,453753
37712.9,453753
37711.2,453753
37711.2,453753
37713.1,453753
37715,453753
37712.3,453753
37712,453753
37712.2,453753
37710,453753
37709.7,453753
37713.6,453753
37713.6,453753
37714.5,453753
37714.3,453753
37716.9,453753
37711.9,453753
37713.7,453753
37714.1,453753
37714.2,453753
37713.7,453753
37713.9,453753
37711.7,453753
37713.6,453753
37714,453753
37714.9,453753
37712.3,453753
37714.2,453753
37714.7,453753
37712.4,453753
37712.9,453753
37712.6,453753
37713.4,453753
37712.6,453753
37712.1,453753
37709.2,453753
37712.4,453753
37709.4,453753
37706.4,453753
37713.2,453753
37711.4,453753
37712.3,453753
37713.9,453753
37711.3,453753
37713,453753
37714.2,453753
37714.8,453753
37714.8,453753
37714.3,453753
37712,453753
37710.5,453753
37713,453753
37714.5,453753
37714.1,453753
37714.2,453753
37715.5,453753
37713.1,453753
37711.7,453753
37712.8,453753
37713.9,453753
37712.7,453753
37711.5,453753
37714.1,453753
37713.3,453753
37714.9,453753
37712.4,453753
37714.4,453753
37712.7,453753
37712.4,453753
37714.9,453753
37714.8,453753
37713.3,453753
37712.8,453753
37713.5,453753
37713.6,453753
37713.9,453753
37712.4,453753
37714.1,453753
37711.7,453753
37712,453753
37714.2,453753
37713,453753
37713.9,453753
37712.9,453753
37709,453753
37705,453753
37710.5,453753
37712.7,453753
37714.5,453753
37710.7,453753
37712.4,453753
37709.5,453753
37712,453753
37711.2,453753
37714.1,453753
37710.3,453753
37698.3,453753
37713.7,453753
37714,453753
37711.3,453753
37715.1,453753
37710.6,453753
37711.2,453753
37712.6,453753
37711.3,453753
37704.5,453753
37710.7,453753
37710.5,453753
37713.5,453753
37711.8,453753
37715.3,453753
37712.9,453753
37711.8,453753
37712.8,453753
37713.4,453753
37712.7,453753
37714.2,453753
37712.3,453753
37714.1,453753
37706.3,453753
37715.3,453753
37711.2,453753
37707.4,453753
37711.5,453753
37711,453753
37715.9,453753
37712.5,453753
37713.2,453753
37714.1,453753
37714.7,453753
37712.7,453753
37710,453753
37710.8,453753
37714.8,453753
37713.3,453753
37712.3,453753
37711.3,453753
37713.5,453753
37672,453753
37607.3,453753
37690.4,453753
37713.5,453753
37710.5,453753
37711.2,453753
37712.9,453753
37709.6,453753
37712.2,453753
37714,453753
37711,453753
37701.3,453753
37708.7,453753
37710,453753
37711.9,453753
37715.2,453753
37713.3,453753
37711.8,453753
37710.5,453753
37711.3,453753
37714.9,453753
37712,453753
37714,453753
37713.3,453753
37714.9,453753
37715.3,453753
37711.7,453753
37715.4,453753
37715.3,453753
37714.4,453753
37715.7,453753
37714.1,453753
37713.2,453753
37713.4,453753
37714.2,453753
37712.8,453753
37712.3,453753
37714.1,453753
37713.9,453753
37713.1,453753
37711.9,453753
37713.4,453753
37713.5,453753
37713.2,453753
37712.9,453753
37709.2,453753
37697.3,453753
37710.6,453753
37712.9,453753
37708.1,453753
37711.2,453753
37709.5,453753
37712.1,453753
37711.9,453753
37712.2,453753
37714.1,453753
37713.2,453753
37713,453753
37713.4,453753
37714.3,453753
37709,453753
37710.6,453753
37712.9,453753
37712,453753
37711.3,453753
37713.9,453753
37714,453753
37713.7,453753
37712.9,453753
37712.7,453753
37710.9,453753
37715.1,453753
37714.6,453753
37713.6,453753
37709.6,453753
37714.9,453753
37715.3,453753
37715.3,453753
37713.5,453753
37713.5,453753
37710.7,453753
37715.3,453753
37714.9,453753
37713,453753
37714.6,453753
37713.9,453753
37713.9,453753
37712,453753
37712.8,453753
37712.4,453753
37714.5,453753
37714.1,453753
37711,453753
37711.2,453753
37709.4,453753
37711.4,453753
37711.3,453753
37710.6,453753
37712.3,453753
37714.3,453753
37713,453753
37714,453753
37713,453753
37708.2,453753
37710.7,453753
37715.4,453753
37712,453753
37713.1,453753
37713.9,453753
37712.8,453753
37715.3,453753
37714.3,453753
37713.2,453753
37713,453753
37714.8,453753
37712.1,453753
37713.8,453753
37714.4,453753
37713.1,453753
37714.8,453753
37714.6,453753
37715,453753
37713.1,453753
37710.1,453753
37711.8,453753
37710.2,453753
37714.2,453753
37711.9,453753
37707.7,453753
37714.6,453753
37709.8,453753
37712,453753
37710.8,453753
37710.9,453753
37709.1,453753
37713.3,453753
37712.6,453753
37713.6,453753
37713.2,453753
37713.9,453753
37714,453753
37714.2,453753
37713.5,453753
37715.3,453753
37714.3,453753
37714.9,453753
37714.6,453753
37712.5,453753
37712.9,453753
37714.8,453753
37714.5,453753
37713.7,453753
37715.6,453753
37712.9,453753
37712.4,453753
37709.7,453753
37712.7,453753
37707.8,453753
37713.2,453753
37713.1,453753
37714.9,453753
37713.9,453753
37710,453753
37714.1,453753
37713,453753
37706.2,453753
37710.8,453753
37710.8,453753
37713.4,453753
37703.9,453753
37712.6,453753
37712.3,453753
37714.4,453753
37715.2,453753
37713.5,453753
37715.8,453753
37715.4,453753
37714.2,453753
37715,453753
37712.6,453753
37711.5,453753
37714.5,453753
37714.6,453753
37715.5,453753
37712,453753
37712.8,453753
37715,453753
37713.3,453753
37712.9,453753
37714.9,453753
37715.3,453753
37710.1,453753
37710.9,453753
37715.4,453753
37713.9,453753
37714.1,453753
37712,453753
37712.7,453753
37715,453753
37711.8,453753
37704.9,453753
37706.5,453753
37711.1,453753
37712.9,453753
37713.6,453753
37714,453753
37713.3,453753
37714.6,453753
37713.5,453753
37714,453753
37714.5,453753
37710.4,453753
37709.8,453753
37713,453753
37714.8,453753
37710.4,453753
37711.3,453753
37715.1,453753
37714.1,453753
37716.1,453753
37715.1,453753
37710.9,453753
37711.6,453753
37710.6,453753
37714,453753
37713.2,453753
37710.7,453753
37705.2,453753
37708.5,453753
37704.7,453753
37713.2,453753
37713.3,453753
37716.1,453753
37709.8,453753
37715.7,453753
37713.7,453753
37713.4,453753
37715.1,453753
37714.7,453753
37714.8,453753
37713.4,453753
37714.4,453753
37713.6,453753
37711.4,453753
37712.6,453753
37715.5,453753
37716.5,453753
37715.7,453753
37714.5,453753
37713.5,453753
37713.2,453753
37711.2,453753
37713.3,453753
37714.2,453753
37713.2,453753
37712.4,453753
37712.6,453753
37713,453753
37709.5,453753
37709.5,453753
37713.6,453753
37711.2,453753
37708.8,453753
37711.7,453753
37714.7,453753
37714.2,453753
37713.5,453753
37712.1,453753
37714.3,453753
37714,453753
37717.2,453753
37713.7,453753
37713.6,453753
37714.2,453753
37714.5,453753
37715.1,453753
37717.2,453753
37712.6,453753
37712.2,453753
37711.2,453753
37703.9,453753
37712.4,453753
37711.9,453753
37712.4,453753
37708.5,453753
37703.6,453753
37712.1,453753
37712.9,453753
37714,453753
37706.7,453753
37708.2,453753
37711,453753
37701.5,453753
37711.2,453753
37713,453753
37712.1,453753
37713.5,453753
37716.2,453753
37705.4,453753
37707.4,453753
37711.8,453753
37712.3,453753
37714,453753
37711.1,453753
37715.5,453753
37713.9,453753
37714.6,453753
37714.2,453753
37713.4,453753
37714.4,453753
37713.9,453753
37711.7,453753
37710.8,453753
37707.3,453753
37707.4,453753
37712,453753
37714.1,453753
37712.9,453753
37710.7,453753
37711.3,453753
37712.6,453753
37713.9,453753
37714.8,453753
37715.9,453753
37715.3,453753
37713.8,453753
37713.5,453753
37712.7,453753
37715,453753
37715.3,453753
37714.6,453753
37714.6,453753
37713.9,453753
37713.2,453753
37711,453753
37713.2,453753
37714.2,453753
37713,453753
37714.7,453753
37714.6,453753
37712.4,453753
37711.6,453753
37710.6,453753
37713.7,453753
37713.2,453753
37714.1,453753
37715.1,453753
37714.6,453753
37708.6,453753
37713.5,453753
37714.9,453753
37712.7,453753
37708.9,453753
37711.4,453753
37713.6,453753
37716.3,453753
37714.8,453753
37713.8,453546
