TRACE,NSNPS_JACKKNIFE
37632.4,453753
37633.7,453753
37630.8,453753
37630.7,453753
37629.5,453753
37631.2,453753
37630.2,453753
37629.5,453753
37631.1,453753
37628.2,453753
37630.2,453753
37627.6,453753
37631.7,453753
37629.2,453753
37631.3,453753
37631,453753
37628.3,453753
37624,453753
37625.4,453753
37627.6,453753
37630,453753
37629.9,453753
37629.7,453753
37630.6,453753
37630.2,453753
37630.1,453753
37629.1,453753
37626,453753
37628.6,453753
37629.3,453753
37629.7,453753
37629.8,453753
37627.9,453753
37628.1,453753
37631.3,453753
37629.4,453753
37630.3,453753
37627.5,453753
37630.7,453753
37630.2,453753
37629.6,453753
37629.5,453753
37628.2,453753
37627.1,453753
37626.9,453753
37628.8,453753
37629.9,453753
37629.1,453753
37632.5,453753
37630.7,453753
37630.7,453753
37624.9,453753
37628.5,453753
37628.7,453753
37626.7,453753
37627.4,453753
37628.4,453753
37627.8,453753
37629.4,453753
37628,453753
37629.3,453753
37631.6,453753
37630.8,453753
37630.5,453753
37628.9,453753
37630.8,453753
37627.1,453753
37630.4,453753
37628.2,453753
37629.8,453753
37624.6,453753
37629.5,453753
37631,453753
37631.6,453753
37630.8,453753
37630.6,453753
37631.9,453753
37629.9,453753
37632.8,453753
37630.3,453753
37626.4,453753
37629.8,453753
37632.7,453753
37632.7,453753
37631.4,453753
37631.6,453753
37631.4,453753
37632.2,453753
37629,453753
37630.7,453753
37630.6,453753
37628.8,453753
37629.7,453753
37619.7,453753
37630.1,453753
37629.2,453753
37630.9,453753
37629.5,453753
37630.6,453753
37631.1,453753
37628.4,453753
37629.1,453753
37628.6,453753
37623.2,453753
37627.1,453753
37627.2,453753
37630.4,453753
37631.3,453753
37629.3,453753
37630.8,453753
37630,453753
37631.3,453753
37628.1,453753
37626.2,453753
37625.8,453753
37627.3,453753
37628.2,453753
37629.3,453753
37628,453753
37628.8,453753
37629,453753
37630.7,453753
37628.7,453753
37630.2,453753
37630.5,453753
37627.8,453753
37626.2,453753
37629.8,453753
37627.3,453753
37628.4,453753
37626.9,453753
37628.4,453753
37628.1,453753
37630,453753
37626.9,453753
37630.4,453753
37628,453753
37631.6,453753
37627.8,453753
37629.7,453753
37625.7,453753
37619.7,453753
37628,453753
37626.6,453753
37627.7,453753
37627.1,453753
37628.1,453753
37629.9,453753
37630.3,453753
37630.6,453753
37630.9,453753
37631.4,453753
37629.4,453753
37628.1,453753
37630.4,453753
37631.2,453753
37628.4,453753
37631.3,453753
37632.4,453753
37629.7,453753
37629.4,453753
37629.9,453753
37630.2,453753
37630.7,453753
37632.2,453753
37631.2,453753
37629.7,453753
37631.1,453753
37630.6,453753
37629.8,453753
37629.1,453753
37630.3,453753
37630.7,453753
37629.9,453753
37630.2,453753
37629.8,453753
37629.8,453753
37628,453753
37628.2,453753
37629.1,453753
37628.9,453753
37612.6,453753
37616,453753
37628.3,453753
37630.3,453753
37632,453753
37631.1,453753
37632,453753
37631.1,453753
37629.8,453753
37632.3,453753
37631.3,453753
37629.2,453753
37620.7,453753
37622.6,453753
37621.3,453753
37623.8,453753
37626.2,453753
37631,453753
37628.3,453753
37628.7,453753
37629.8,453753
37629.6,453753
37626.1,453753
37629.4,453753
37630,453753
37626.9,453753
37629.2,453753
37627.6,453753
37626.4,453753
37628.3,453753
37629.2,453753
37632.3,453753
37630.4,453753
37626.2,453753
37629.7,453753
37624.9,453753
37625.9,453753
37625.5,453753
37625.2,453753
37631,453753
37631.2,453753
37630.5,453753
37630.1,453753
37627.9,453753
37630.9,453753
37630.8,453753
37629.9,453753
37630.4,453753
37631.6,453753
37627,453753
37626.4,453753
37626.5,453753
37633.2,453753
37631.1,453753
37631.3,453753
37629.5,453753
37631.1,453753
37625.6,453753
37628.9,453753
37628,453753
37631.1,453753
37631.3,453753
37630.9,453753
37629.1,453753
37629.7,453753
37628.5,453753
37628.6,453753
37630.4,453753
37628.6,453753
37625.4,453753
37628.5,453753
37629.2,453753
37626.9,453753
37628.1,453753
37628.9,453753
37627.2,453753
37631,453753
37628.2,453753
37629.1,453753
37631,453753
37627.3,453753
37620.9,453753
37629.4,453753
37631.4,453753
37628.4,453753
37630.1,453753
37622.6,453753
37631.3,453753
37629.7,453753
37629.2,453753
37624.2,453753
37627.7,453753
37628.8,453753
37627.4,453753
37625.5,453753
37631.5,453753
37631.4,453753
37629.8,453753
37627.7,453753
37628.2,453753
37627.3,453753
37630.8,453753
37629.4,453753
37628.5,453753
37630.5,453753
37631.2,453753
37629,453753
37629.6,453753
37629.7,453753
37630.9,453753
37631.2,453753
37631.5,453753
37631.1,453753
37630.7,453753
37629.8,453753
37629.3,453753
37629.6,453753
37631.8,453753
37630.4,453753
37631.6,453753
37630.7,453753
37632.9,453753
37629.2,453753
37632.3,453753
37631.4,453753
37628.9,453753
37629.3,453753
37628.6,453753
37631.6,453753
37630,453753
37632.2,453753
37626,453753
37621.1,453753
37619.1,453753
37627.8,453753
37630.6,453753
37628.1,453753
37628.7,453753
37629.8,453753
37629.3,453753
37631.1,453753
37629,453753
37630.5,453753
37628.6,453753
37626.7,453753
37629.8,453753
37628.9,453753
37629.9,453753
37625.4,453753
37620,453753
37629.9,453753
37630.2,453753
37629.1,453753
37628.5,453753
37629.2,453753
37628.3,453753
37630.4,453753
37630.9,453753
37628.1,453753
37624.2,453753
37629.3,453753
37622.2,453753
37621.6,453753
37629.5,453753
37626.6,453753
37628.6,453753
37629.6,453753
37628.6,453753
37612.8,453753
37631.6,453753
37629.9,453753
37630.3,453753
37630.7,453753
37631.2,453753
37630.9,453753
37632.1,453753
37632.1,453753
37631.8,453753
37629.9,453753
37632,453753
37630.9,453753
37630.7,453753
37630.3,453753
37629.5,453753
37630.9,453753
37630.7,453753
37630.3,453753
37627.2,453753
37630.9,453753
37630.9,453753
37630.2,453753
37629.3,453753
37629.4,453753
37629.5,453753
37630,453753
37626.8,453753
37622.1,453753
37626.4,453753
37628.4,453753
37616,453753
37622.1,453753
37625.2,453753
37629.6,453753
37627.7,453753
37622.5,453753
37627.1,453753
37627.4,453753
37627.6,453753
37630.2,453753
37629.9,453753
37627.5,453753
37627.5,453753
37629.9,453753
37628.2,453753
37627.7,453753
37628.8,453753
37621.1,453753
37625.1,453753
37628.5,453753
37628.3,453753
37629.3,453753
37630.4,453753
37629,453753
37631.6,453753
37623.9,453753
37627.2,453753
37628.9,453753
37629.4,453753
37628.9,453753
37630.4,453753
37629.9,453753
37629.1,453753
37631.3,453753
37629.7,453753
37632.2,453753
37631.3,453753
37630.4,453753
37626.9,453753
37628.3,453753
37629.7,453753
37629.5,453753
37630.5,453753
37627.5,453753
37632.3,453753
37631.4,453753
37630.5,453753
37630.4,453753
37627,453753
37630.5,453753
37630,453753
37629.9,453753
37624,453753
37629.1,453753
37630.8,453753
37629.6,453753
37630.4,453753
37628.6,453753
37629.2,453753
37629.3,453753
37630,453753
37626.1,453753
37613,453753
37629.4,453753
37629.4,453753
37630.3,453753
37631.4,453753
37631.2,453753
37627.1,453753
37626.1,453753
37629,453753
37629.5,453753
37627.3,453753
37628.2,453753
37631,453753
37628.8,453753
37629.4,453753
37630.2,453753
37627.7,453753
37625.2,453753
37626.2,453753
37628.4,453753
37632,453753
37627.9,453753
37631.7,453753
37632.4,453753
37629,453753
37628.6,453753
37629.8,453753
37629.5,453753
37633,453753
37632,453753
37630.7,453753
37628,453753
37626.1,453753
37627.6,453753
37629.5,453753
37631.1,453753
37629.7,453753
37624.1,453753
37609.1,453753
37613.7,453753
37629.9,453753
37629.6,453753
37631.6,453753
37630.5,453753
37629.3,453753
37625.7,453753
37630.6,453753
37630.2,453753
37629.4,453753
37627.8,453753
37630.6,453753
37630.4,453753
37621.6,453753
37627.4,453753
37628.4,453753
37628.5,453753
37630.9,453753
37627.5,453753
37629.2,453753
37631.7,453753
37631.8,453753
37629.3,453753
37628.6,453753
37628.5,453753
37627.5,453753
37628.8,453753
37629.1,453753
37630.8,453753
37630.2,453753
37627.8,453753
37628.6,453753
37628.2,453753
37626.3,453753
37629.9,453753
37629.8,453753
37630.7,453753
37631.4,453753
37629.8,453753
37628.4,453753
37630.2,453753
37630.6,453753
37630.8,453753
37630.5,453753
37630.4,453753
37631.6,453753
37630,453753
37631.7,453753
37630.6,453753
37629.5,453753
37632.5,453753
37631.3,453753
37630.3,453753
37629.5,453753
37627.7,453753
37630.3,453753
37627.8,453753
37632,453753
37625.3,453753
37629.9,453753
37626,453753
37623.4,453753
37630.1,453753
37627.1,453753
37630.8,453753
37631,453753
37630.5,453753
37628.1,453753
37629.9,453753
37630.5,453753
37631.3,453753
37629.9,453753
37627.7,453753
37625.1,453753
37628.3,453753
37628.9,453753
37629.5,453753
37628.6,453753
37629.5,453753
37626.9,453753
37629.6,453753
37628.8,453753
37630.4,453753
37629.6,453753
37629.2,453753
37629,453753
37630.9,453753
37630.7,453753
37629.6,453753
37632.9,453753
37627.6,453753
37628.1,453753
37630.3,453753
37630.9,453753
37631.9,453753
37629.7,453753
37630.3,453753
37630.5,453753
37630.3,453753
37632.1,453753
37630.9,453753
37626.6,453753
37628.8,453753
37630.3,453753
37631.7,453753
37630.3,453753
37627.9,453753
37625.1,453753
37621.3,453753
37627.8,453753
37628.8,453753
37628.9,453753
37628.8,453753
37628.7,453753
37628.2,453753
37629.3,453753
37628.2,453753
37629.1,453753
37626.9,453753
37617.9,453753
37630.1,453753
37631.3,453753
37630.4,453753
37629,453753
37628,453753
37626.9,453753
37630.1,453753
37626.2,453753
37624.1,453753
37629,453753
37628.2,453753
37629.5,453753
37631.5,453753
37631.7,453753
37628.8,453753
37629.4,453753
37630.4,453753
37630.7,453753
37630.8,453753
37632,453753
37629.7,453753
37630.7,453753
37621.6,453753
37631.3,453753
37624.5,453753
37623.2,453753
37628.7,453753
37627.5,453753
37630.1,453753
37630.7,453753
37630,453753
37632.8,453753
37632.4,453753
37629.8,453753
37630,453753
37627.7,453753
37631.6,453753
37630.5,453753
37628,453753
37628.8,453753
37629.3,453753
37587.1,453753
37508.5,453753
37606.4,453753
37628.3,453753
37624.2,453753
37623.6,453753
37630.1,453753
37628.8,453753
37630,453753
37630.1,453753
37630.1,453753
37622.9,453753
37626.4,453753
37625.9,453753
37630,453753
37629.5,453753
37628.6,453753
37627.5,453753
37627.8,453753
37629.4,453753
37629.3,453753
37629.8,453753
37630.1,453753
37631.5,453753
37632.5,453753
37630.9,453753
37627.1,453753
37632.8,453753
37630,453753
37631.3,453753
37632.4,453753
37628.8,453753
37629.7,453753
37630,453753
37632.5,453753
37631.4,453753
37627.6,453753
37630.8,453753
37629.6,453753
37630.3,453753
37630.5,453753
37630.4,453753
37631.3,453753
37630.2,453753
37630.1,453753
37627.3,453753
37613.8,453753
37627.4,453753
37628.9,453753
37623.9,453753
37628.9,453753
37625.8,453753
37628.7,453753
37628.6,453753
37630.7,453753
37631,453753
37630.1,453753
37628.6,453753
37630.7,453753
37629.6,453753
37628.1,453753
37626.4,453753
37630.4,453753
37629.7,453753
37627.9,453753
37631.3,453753
37630.7,453753
37629.5,453753
37631.3,453753
37628.6,453753
37628.2,453753
37631,453753
37631.2,453753
37629.7,453753
37628.6,453753
37631.1,453753
37631.6,453753
37632.6,453753
37631,453753
37629.5,453753
37627,453753
37632,453753
37628.8,453753
37629.4,453753
37631.2,453753
37630.2,453753
37631.2,453753
37630.6,453753
37629.6,453753
37627.9,453753
37630,453753
37632.1,453753
37629,453753
37627.5,453753
37624.8,453753
37628.8,453753
37626.6,453753
37628.9,453753
37628.7,453753
37630.7,453753
37629.5,453753
37629.6,453753
37630.6,453753
37627.9,453753
37628.6,453753
37631.1,453753
37629.3,453753
37629.2,453753
37630.6,453753
37631.2,453753
37632.1,453753
37632.4,453753
37629.8,453753
37630.6,453753
37631.3,453753
37629.5,453753
37629.9,453753
37631.9,453753
37631.6,453753
37630.5,453753
37630.5,453753
37631.9,453753
37629.8,453753
37629.2,453753
37628.7,453753
37627.6,453753
37629.9,453753
37631.6,453753
37624.7,453753
37630.4,453753
37627.6,453753
37629.3,453753
37627.2,453753
37629.4,453753
37625,453753
37629.9,453753
37628.3,453753
37629.8,453753
37630.3,453753
37629.3,453753
37630.4,453753
37632,453753
37629.1,453753
37631.8,453753
37631,453753
37630.8,453753
37630.8,453753
37630.1,453753
37630.6,453753
37633.1,453753
37632.4,453753
37629.8,453753
37632.9,453753
37631.7,453753
37629.7,453753
37628.3,453753
37630.6,453753
37626.3,453753
37629.4,453753
37629,453753
37631.1,453753
37629.9,453753
37629.9,453753
37629.1,453753
37631.5,453753
37623.9,453753
37625.3,453753
37626.6,453753
37629,453753
37622.8,453753
37631.8,453753
37630.9,453753
37630.9,453753
37632,453753
37631.2,453753
37632.6,453753
37632.2,453753
37631.4,453753
37631.6,453753
37629.1,453753
37632.2,453753
37630.9,453753
37629.9,453753
37631.3,453753
37628.8,453753
37631.1,453753
37629.6,453753
37631.6,453753
37629.5,453753
37629.8,453753
37631,453753
37628,453753
37627.9,453753
37632.2,453753
37629.8,453753
37629.7,453753
37629.4,453753
37629.4,453753
37631.2,453753
37628.7,453753
37622.9,453753
37624.6,453753
37630,453753
37629.1,453753
37630.7,453753
37631.2,453753
37630.3,453753
37630.9,453753
37631.6,453753
37630.6,453753
37631,453753
37631.1,453753
37625.3,453753
37630.8,453753
37630.9,453753
37627.4,453753
37628.6,453753
37630.6,453753
37631.2,453753
37632.1,453753
37630.4,453753
37627.9,453753
37629.8,453753
37630.5,453753
37631.8,453753
37629.1,453753
37627.6,453753
37622.8,453753
37626.8,453753
37623.5,453753
37631.4,453753
37629,453753
37631.5,453753
37627.5,453753
37632.1,453753
37630.6,453753
37630.7,453753
37631.5,453753
37632.5,453753
37630.6,453753
37630.5,453753
37631.2,453753
37629.7,453753
37628.8,453753
37630.5,453753
37631.7,453753
37632,453753
37632.3,453753
37631.8,453753
37632.1,453753
37631.4,453753
37630.4,453753
37630.7,453753
37629.5,453753
37630.5,453753
37628.5,453753
37630.7,453753
37629.9,453753
37629.5,453753
37629.4,453753
37630.6,453753
37629.8,453753
37625.8,453753
37630.7,453753
37629.6,453753
37632.1,453753
37631.3,453753
37629.2,453753
37630.5,453753
37630.8,453753
37631.7,453753
37630.5,453753
37631.2,453753
37632,453753
37631.5,453753
37630.9,453753
37631.5,453753
37630.1,453753
37628.8,453753
37626.5,453753
37622.1,453753
37630.3,453753
37628.2,453753
37629.6,453753
37627.3,453753
37622.2,453753
37627.4,453753
37631.4,453753
37630.3,453753
37625.3,453753
37628.2,453753
37625.3,453753
37620.1,453753
37629.4,453753
37630.6,453753
37631.9,453753
37628,453753
37631.3,453753
37618.5,453753
37623.4,453753
37627.4,453753
37629.6,453753
37631.9,453753
37629,453753
37631.9,453753
37631.9,453753
37631,453753
37630.9,453753
37629.2,453753
37630.9,453753
37630.2,453753
37629.4,453753
37629,453753
37626.5,453753
37622.4,453753
37630.3,453753
37630.1,453753
37630.1,453753
37629.8,453753
37629.6,453753
37631,453753
37631.8,453753
37630.8,453753
37631.2,453753
37631.5,453753
37631.1,453753
37631.9,453753
37627.4,453753
37631.7,453753
37632.1,453753
37629.9,453753
37629.5,453753
37630.1,453753
37629.6,453753
37629.4,453753
37630.1,453753
37629.8,453753
37630.2,453753
37631,453753
37631.1,453753
37630.5,453753
37628.7,453753
37627.2,453753
37630.8,453753
37631.1,453753
37630.9,453753
37631.4,453753
37631,453753
37625.9,453753
37630,453753
37631.2,453753
37630.9,453753
37627.9,453753
37627.4,453753
37631.9,453753
37630.6,453753
37632.2,453753
37631.8,453546
