TRACE,NSNPS_JACKKNIFE
37767.6,453753
37767.4,453753
37767.3,453753
37767,453753
37766.4,453753
37766.4,453753
37765.1,453753
37766,453753
37764.2,453753
37764.2,453753
37766.6,453753
37761.9,453753
37766.7,453753
37764.6,453753
37766.1,453753
37766.4,453753
37764.5,453753
37760.4,453753
37763.4,453753
37762.5,453753
37765.8,453753
37765.9,453753
37764.2,453753
37764.3,453753
37766.3,453753
37766.5,453753
37763.6,453753
37762.5,453753
37765.2,453753
37764.9,453753
37763.8,453753
37764.3,453753
37766.2,453753
37763.8,453753
37764.2,453753
37767.1,453753
37764.2,453753
37764.7,453753
37765.9,453753
37767.2,453753
37766.2,453753
37766.3,453753
37764.5,453753
37762.8,453753
37763.6,453753
37763.9,453753
37766.1,453753
37765.2,453753
37766.4,453753
37767.5,453753
37766.6,453753
37763.7,453753
37763.2,453753
37765.6,453753
37763.3,453753
37765,453753
37764.7,453753
37761.6,453753
37762.8,453753
37763.5,453753
37765.1,453753
37767.5,453753
37767,453753
37765.8,453753
37764.8,453753
37767.3,453753
37766.3,453753
37763.8,453753
37764.5,453753
37762.7,453753
37761,453753
37766.2,453753
37765.7,453753
37768.5,453753
37767.1,453753
37767.2,453753
37767.1,453753
37766.1,453753
37767.6,453753
37765.5,453753
37762,453753
37765,453753
37767.1,453753
37768.8,453753
37767.5,453753
37767.6,453753
37767.2,453753
37769,453753
37766.3,453753
37766.2,453753
37763.8,453753
37763.1,453753
37767.1,453753
37749.5,453753
37764.2,453753
37762,453753
37767.2,453753
37766.2,453753
37765.2,453753
37766.9,453753
37764.2,453753
37766.3,453753
37761.9,453753
37762.7,453753
37762.8,453753
37763.3,453753
37765.1,453753
37764.8,453753
37767.6,453753
37766,453753
37764.7,453753
37765.6,453753
37764.4,453753
37761.7,453753
37763.5,453753
37765.2,453753
37766,453753
37764.9,453753
37763.2,453753
37762.9,453753
37763.7,453753
37766.4,453753
37765.7,453753
37765.2,453753
37766.6,453753
37762.5,453753
37764.7,453753
37764.2,453753
37763.4,453753
37764.4,453753
37763.4,453753
37766.5,453753
37764.5,453753
37766.2,453753
37762.9,453753
37765,453753
37766.3,453753
37766.3,453753
37763.5,453753
37766.3,453753
37760.1,453753
37758.3,453753
37766.1,453753
37762.9,453753
37765,453753
37764.5,453753
37765.1,453753
37765.6,453753
37764.2,453753
37765.4,453753
37764.9,453753
37766.4,453753
37765.8,453753
37766.7,453753
37766.2,453753
37766,453753
37767,453753
37765.7,453753
37767.6,453753
37766.4,453753
37766.4,453753
37764.3,453753
37766.9,453753
37767.2,453753
37767.7,453753
37765.8,453753
37767,453753
37766.1,453753
37765.8,453753
37765.1,453753
37764,453753
37765.8,453753
37765.6,453753
37766.8,453753
37766.6,453753
37765,453753
37766.1,453753
37764.3,453753
37764.4,453753
37764.8,453753
37762.9,453753
37748.3,453753
37751.3,453753
37763.5,453753
37763.6,453753
37767.2,453753
37766.9,453753
37767,453753
37767.4,453753
37765.5,453753
37767,453753
37767.7,453753
37762,453753
37757,453753
37758.2,453753
37754.4,453753
37761.2,453753
37762.3,453753
37766.4,453753
37765.4,453753
37763.9,453753
37766.4,453753
37766,453753
37761.2,453753
37766.4,453753
37765.4,453753
37762.7,453753
37767,453753
37764.8,453753
37763.7,453753
37764.6,453753
37765.4,453753
37766,453753
37765.6,453753
37763.1,453753
37763.7,453753
37760,453753
37757.4,453753
37763.3,453753
37761.8,453753
37767.7,453753
37766.3,453753
37767.4,453753
37766,453753
37764.8,453753
37766.3,453753
37766.3,453753
37765.2,453753
37767,453753
37766.8,453753
37765.4,453753
37761.3,453753
37763.5,453753
37767.6,453753
37767,453753
37767.7,453753
37765.7,453753
37764.8,453753
37763.4,453753
37766.3,453753
37764.7,453753
37767.8,453753
37767.4,453753
37766.3,453753
37766.3,453753
37765.6,453753
37766,453753
37765.4,453753
37767,453753
37764.7,453753
37764.4,453753
37766.3,453753
37764,453753
37764.6,453753
37765.2,453753
37763.2,453753
37765.6,453753
37765.4,453753
37760,453753
37765.4,453753
37767.6,453753
37764,453753
37758.3,453753
37763.1,453753
37764.7,453753
37764.7,453753
37764.8,453753
37759.2,453753
37766.2,453753
37765.4,453753
37764.9,453753
37759.5,453753
37764,453753
37766.4,453753
37762.8,453753
37764,453753
37767.2,453753
37766.8,453753
37765,453753
37763.1,453753
37765.2,453753
37763.7,453753
37766.8,453753
37766.1,453753
37765.4,453753
37766.2,453753
37767.6,453753
37765.6,453753
37764.6,453753
37766.1,453753
37766.6,453753
37766.5,453753
37766.9,453753
37768,453753
37766.2,453753
37767.2,453753
37765.3,453753
37766.1,453753
37767.7,453753
37766.8,453753
37766.6,453753
37766.8,453753
37768.2,453753
37766,453753
37766.6,453753
37767.3,453753
37765.3,453753
37765.4,453753
37767.1,453753
37768,453753
37765.9,453753
37765,453753
37762.8,453753
37758.8,453753
37755.1,453753
37761.8,453753
37764.3,453753
37763.9,453753
37764.3,453753
37765,453753
37766.5,453753
37766.6,453753
37765.4,453753
37766.5,453753
37766.9,453753
37763.4,453753
37764.3,453753
37766.2,453753
37764.8,453753
37763.8,453753
37757.5,453753
37765.5,453753
37765.1,453753
37767.3,453753
37766.5,453753
37765.8,453753
37764.7,453753
37764.6,453753
37766.3,453753
37764.7,453753
37762.4,453753
37764.3,453753
37754.5,453753
37759,453753
37764.9,453753
37761.9,453753
37766.2,453753
37763.3,453753
37765.6,453753
37752.8,453753
37766.2,453753
37766.6,453753
37765.8,453753
37767.6,453753
37768.1,453753
37766,453753
37767,453753
37767.8,453753
37765.3,453753
37766.2,453753
37766.6,453753
37766.7,453753
37765,453753
37766.5,453753
37765.1,453753
37767.2,453753
37765,453753
37766.6,453753
37764.1,453753
37764.2,453753
37766.7,453753
37764.6,453753
37765.3,453753
37766.7,453753
37764.8,453753
37767.6,453753
37762,453753
37757.1,453753
37761.9,453753
37764.3,453753
37750.2,453753
37758.4,453753
37764.2,453753
37766.2,453753
37763.5,453753
37761.6,453753
37761.2,453753
37762.1,453753
37763.1,453753
37766.8,453753
37764.9,453753
37764.6,453753
37765.6,453753
37764.3,453753
37764.4,453753
37763.8,453753
37763.7,453753
37758.6,453753
37761.1,453753
37766.4,453753
37765.1,453753
37766.5,453753
37765.9,453753
37766.2,453753
37767.5,453753
37755.2,453753
37764.5,453753
37764.5,453753
37764.6,453753
37764.8,453753
37767.2,453753
37766.8,453753
37765.3,453753
37767.5,453753
37767.3,453753
37766.6,453753
37766.2,453753
37766.5,453753
37764.6,453753
37762.1,453753
37764.5,453753
37766.9,453753
37767.3,453753
37765.4,453753
37767.2,453753
37765.1,453753
37766.6,453753
37766.8,453753
37763.3,453753
37766.3,453753
37765.8,453753
37767.2,453753
37759,453753
37766.4,453753
37765.5,453753
37765.8,453753
37766,453753
37764.4,453753
37765.9,453753
37762.8,453753
37764.4,453753
37762.5,453753
37748.2,453753
37765.2,453753
37763.5,453753
37766.9,453753
37767.7,453753
37767.9,453753
37762.9,453753
37763.6,453753
37765.3,453753
37764.4,453753
37761.4,453753
37762,453753
37767,453753
37765.5,453753
37764.7,453753
37765.8,453753
37763.6,453753
37762.4,453753
37762.1,453753
37763.1,453753
37767.2,453753
37763.6,453753
37767.6,453753
37766,453753
37764,453753
37765.3,453753
37767.6,453753
37764,453753
37768.1,453753
37767.7,453753
37766.8,453753
37763.6,453753
37762.1,453753
37764.2,453753
37764.3,453753
37765.5,453753
37766.4,453753
37760.3,453753
37743.3,453753
37749.5,453753
37763.6,453753
37765.7,453753
37767.3,453753
37764.1,453753
37764.4,453753
37765.8,453753
37765.1,453753
37764.8,453753
37766.1,453753
37763.3,453753
37766,453753
37764.6,453753
37758.2,453753
37763,453753
37766.8,453753
37765.6,453753
37766.6,453753
37765.3,453753
37764.6,453753
37766.4,453753
37766.8,453753
37764.5,453753
37765.1,453753
37763.6,453753
37762.5,453753
37764.4,453753
37765.3,453753
37767.3,453753
37765.3,453753
37764.4,453753
37766,453753
37765.3,453753
37763.8,453753
37765.9,453753
37767.7,453753
37766.6,453753
37766.7,453753
37768.1,453753
37766,453753
37766,453753
37766.6,453753
37765.2,453753
37767.8,453753
37766.3,453753
37767.1,453753
37766.2,453753
37766.7,453753
37767.1,453753
37763.8,453753
37765.9,453753
37767.8,453753
37767.1,453753
37765.4,453753
37766.3,453753
37767,453753
37766.2,453753
37767.2,453753
37759.7,453753
37765.6,453753
37759.9,453753
37757.5,453753
37765.2,453753
37762.3,453753
37765.8,453753
37767,453753
37765.7,453753
37764.6,453753
37767.5,453753
37766.7,453753
37766.4,453753
37766.6,453753
37764.1,453753
37763.6,453753
37765.6,453753
37765.3,453753
37764.1,453753
37766.1,453753
37765.1,453753
37765,453753
37764.7,453753
37766.5,453753
37767.3,453753
37767.1,453753
37765.6,453753
37765.8,453753
37764.2,453753
37767.2,453753
37767.2,453753
37768.1,453753
37764.6,453753
37765.2,453753
37766.1,453753
37765.7,453753
37766.1,453753
37767.6,453753
37766.8,453753
37766.7,453753
37766.3,453753
37765.5,453753
37767.7,453753
37765.1,453753
37764,453753
37765.8,453753
37765.6,453753
37767,453753
37764.2,453753
37762.1,453753
37760.1,453753
37765.1,453753
37764.7,453753
37765.5,453753
37764.1,453753
37765.2,453753
37765.3,453753
37765,453753
37763.9,453753
37764.2,453753
37764.1,453753
37743.3,453753
37765.4,453753
37765.2,453753
37764.7,453753
37766.2,453753
37763.8,453753
37764.1,453753
37766.6,453753
37764.3,453753
37760.5,453753
37765.9,453753
37765.3,453753
37766.9,453753
37766.1,453753
37767.8,453753
37766.9,453753
37767,453753
37764.9,453753
37766.4,453753
37764.4,453753
37767.3,453753
37766.1,453753
37764.9,453753
37756.1,453753
37766.4,453753
37763.4,453753
37760.1,453753
37764.2,453753
37764.1,453753
37766.5,453753
37764.2,453753
37765.8,453753
37768.3,453753
37767.3,453753
37766.1,453753
37762.1,453753
37764.3,453753
37767.8,453753
37767.2,453753
37765.4,453753
37765.8,453753
37765.6,453753
37719.8,453753
37640.9,453753
37741.1,453753
37762.7,453753
37761.2,453753
37762.6,453753
37766.5,453753
37760.8,453753
37765.2,453753
37767.4,453753
37764.3,453753
37756.6,453753
37762.8,453753
37764.2,453753
37764.7,453753
37766.4,453753
37764.7,453753
37764.6,453753
37763,453753
37762.7,453753
37765,453753
37766.1,453753
37766.3,453753
37767,453753
37766.5,453753
37765.3,453753
37762.4,453753
37767.2,453753
37766.2,453753
37767.3,453753
37768.2,453753
37765.8,453753
37766.3,453753
37767.6,453753
37768.8,453753
37766.6,453753
37764.6,453753
37767.7,453753
37765.3,453753
37767.5,453753
37765.3,453753
37765.7,453753
37767.6,453753
37766.3,453753
37765.8,453753
37761,453753
37749.9,453753
37764,453753
37766,453753
37757.8,453753
37763.9,453753
37764.3,453753
37762.9,453753
37761.8,453753
37764.4,453753
37768,453753
37765.9,453753
37763.3,453753
37766.2,453753
37764.8,453753
37759.9,453753
37761,453753
37766.9,453753
37764.8,453753
37763.4,453753
37766.4,453753
37766.2,453753
37764.9,453753
37766.2,453753
37764.8,453753
37764.9,453753
37766.5,453753
37766.3,453753
37764.3,453753
37762.8,453753
37767.6,453753
37769,453753
37768.4,453753
37766.5,453753
37765.8,453753
37763.5,453753
37767,453753
37765.6,453753
37766.2,453753
37767.2,453753
37766,453753
37767.3,453753
37766.3,453753
37766.5,453753
37765.9,453753
37765.5,453753
37767.2,453753
37762.2,453753
37764.3,453753
37762.5,453753
37764.2,453753
37764.8,453753
37763.3,453753
37764,453753
37767.4,453753
37765.5,453753
37766.2,453753
37764.8,453753
37762,453753
37765.4,453753
37766.1,453753
37762.4,453753
37766.3,453753
37767.7,453753
37766.1,453753
37767.4,453753
37767.7,453753
37768.1,453753
37768.1,453753
37765.1,453753
37764.9,453753
37767.9,453753
37766.6,453753
37767.2,453753
37766.5,453753
37767.7,453753
37766.9,453753
37766.9,453753
37763.9,453753
37762.5,453753
37762.5,453753
37765.4,453753
37763.9,453753
37756.8,453753
37766.9,453753
37763.2,453753
37762.4,453753
37763.9,453753
37761.8,453753
37764.7,453753
37765.3,453753
37765.7,453753
37764.3,453753
37765.6,453753
37765.8,453753
37767.7,453753
37767.3,453753
37765.2,453753
37768.2,453753
37766.8,453753
37767.7,453753
37766.5,453753
37765.4,453753
37766.3,453753
37768,453753
37768.1,453753
37766.5,453753
37767.6,453753
37767.6,453753
37766.7,453753
37762.3,453753
37765.5,453753
37762.2,453753
37765.3,453753
37763.6,453753
37767,453753
37765.9,453753
37764.2,453753
37766.3,453753
37766.3,453753
37760.3,453753
37763.1,453753
37761.6,453753
37766.6,453753
37759.5,453753
37768.2,453753
37765.2,453753
37767.8,453753
37766.7,453753
37767,453753
37768,453753
37767.1,453753
37765.5,453753
37767.5,453753
37763.3,453753
37764.2,453753
37767.4,453753
37766.5,453753
37766.5,453753
37767.7,453753
37766.8,453753
37767.8,453753
37766.9,453753
37766.5,453753
37765.5,453753
37767.6,453753
37762.8,453753
37763.4,453753
37767.3,453753
37765.9,453753
37767,453753
37764.7,453753
37765.3,453753
37764.6,453753
37764.9,453753
37759.4,453753
37760.8,453753
37763.6,453753
37763.5,453753
37766.6,453753
37767.7,453753
37765.5,453753
37766.6,453753
37767.5,453753
37766.7,453753
37765.9,453753
37764.1,453753
37762.6,453753
37767,453753
37766.7,453753
37765.6,453753
37764.1,453753
37767.6,453753
37767.4,453753
37767.4,453753
37766.9,453753
37763.8,453753
37763.3,453753
37765.3,453753
37767.7,453753
37767.1,453753
37765,453753
37760.1,453753
37761.2,453753
37753.5,453753
37765.7,453753
37766,453753
37767.5,453753
37761,453753
37766.1,453753
37766.5,453753
37767.2,453753
37767.3,453753
37766.8,453753
37766.9,453753
37767.3,453753
37766.2,453753
37765.5,453753
37763.3,453753
37764.3,453753
37767.3,453753
37768.5,453753
37767.7,453753
37767.3,453753
37767.3,453753
37768.2,453753
37763.9,453753
37765.2,453753
37767.1,453753
37766,453753
37765.8,453753
37764.7,453753
37767.4,453753
37763,453753
37763.4,453753
37764.6,453753
37768.7,453753
37761.4,453753
37764,453753
37765.5,453753
37765.7,453753
37763,453753
37766.1,453753
37768.2,453753
37766.4,453753
37766.7,453753
37765.9,453753
37767.8,453753
37765.7,453753
37765.8,453753
37766.2,453753
37766.7,453753
37765.4,453753
37766.3,453753
37763.9,453753
37752.7,453753
37765.9,453753
37766.9,453753
37765.7,453753
37763.1,453753
37756.7,453753
37764.4,453753
37767.1,453753
37765.8,453753
37759.5,453753
37764.1,453753
37760.3,453753
37752.3,453753
37763.3,453753
37767.1,453753
37764.9,453753
37765.7,453753
37767,453753
37753.7,453753
37761.2,453753
37763.3,453753
37764.8,453753
37766.5,453753
37764.6,453753
37766.3,453753
37767.9,453753
37766.8,453753
37766.5,453753
37766.8,453753
37767.5,453753
37767.3,453753
37764.3,453753
37764.3,453753
37760,453753
37759.5,453753
37766,453753
37766.7,453753
37766,453753
37763.3,453753
37765.6,453753
37767.4,453753
37768,453753
37768.2,453753
37767.2,453753
37767.2,453753
37766.3,453753
37764.9,453753
37765.4,453753
37768.2,453753
37768.6,453753
37768,453753
37767,453753
37766.9,453753
37765.8,453753
37764.4,453753
37766,453753
37765.8,453753
37765.9,453753
37766.2,453753
37767.1,453753
37765.9,453753
37764.8,453753
37761.3,453753
37766.3,453753
37765.7,453753
37766.4,453753
37769.6,453753
37765,453753
37760.3,453753
37765.7,453753
37766.8,453753
37764.8,453753
37762.6,453753
37761.8,453753
37765.8,453753
37766.7,453753
37767.4,453753
37769.6,453546
