TRACE,NSNPS_JACKKNIFE
37593.1,453753
37592.7,453753
37591.5,453753
37591.5,453753
37589.1,453753
37591.9,453753
37589,453753
37590.4,453753
37590.9,453753
37588.1,453753
37589.6,453753
37586.7,453753
37591.1,453753
37589.8,453753
37590.7,453753
37589.8,453753
37589.2,453753
37582.4,453753
37584.2,453753
37587.4,453753
37591.2,453753
37590.5,453753
37590.2,453753
37590.6,453753
37592.7,453753
37591.3,453753
37591.1,453753
37587.4,453753
37590,453753
37588.8,453753
37588.8,453753
37588.5,453753
37589,453753
37589.7,453753
37590.2,453753
37588.7,453753
37590.3,453753
37590.1,453753
37590.2,453753
37590.6,453753
37589.5,453753
37591.4,453753
37590.5,453753
37586.4,453753
37589,453753
37590.1,453753
37590.4,453753
37589.5,453753
37590.8,453753
37591.4,453753
37590.9,453753
37586.6,453753
37588.8,453753
37588.1,453753
37588.4,453753
37590.3,453753
37589.7,453753
37587.8,453753
37589.5,453753
37588.6,453753
37589.1,453753
37590.9,453753
37592.5,453753
37589.1,453753
37590.1,453753
37591.5,453753
37588,453753
37587.7,453753
37588.7,453753
37590.4,453753
37583.3,453753
37590.1,453753
37589.7,453753
37592.4,453753
37590.9,453753
37590.6,453753
37590,453753
37590.6,453753
37592.5,453753
37590.4,453753
37584.6,453753
37590.1,453753
37591.5,453753
37593,453753
37593.2,453753
37591,453753
37589.6,453753
37591.6,453753
37591.3,453753
37590.9,453753
37586.8,453753
37586.1,453753
37590.5,453753
37578.5,453753
37589.8,453753
37589,453753
37590.6,453753
37591.4,453753
37590,453753
37590.1,453753
37588.5,453753
37589.3,453753
37589.5,453753
37585.8,453753
37588.8,453753
37588.3,453753
37590.8,453753
37590.3,453753
37591.2,453753
37590.3,453753
37590.6,453753
37588.9,453753
37588.3,453753
37584.5,453753
37585.9,453753
37585.8,453753
37590.5,453753
37590.5,453753
37589.7,453753
37586.6,453753
37588.2,453753
37590.4,453753
37590.3,453753
37589.3,453753
37591.3,453753
37589.5,453753
37588.5,453753
37589.2,453753
37587.9,453753
37590.1,453753
37589.9,453753
37589.3,453753
37588.1,453753
37589.7,453753
37589.7,453753
37589.5,453753
37590.4,453753
37591.4,453753
37586.6,453753
37589.8,453753
37586.7,453753
37583.4,453753
37588.3,453753
37587.8,453753
37589.6,453753
37586,453753
37588.7,453753
37589.5,453753
37590.5,453753
37588.6,453753
37591.3,453753
37591.1,453753
37591.1,453753
37589.9,453753
37590.9,453753
37591,453753
37591.2,453753
37590,453753
37591.2,453753
37590.2,453753
37589.7,453753
37588.6,453753
37591.3,453753
37591.9,453753
37592.5,453753
37591.4,453753
37591.4,453753
37590.2,453753
37589.6,453753
37592,453753
37588.3,453753
37591,453753
37589.8,453753
37589.3,453753
37591,453753
37591.1,453753
37588.8,453753
37588.3,453753
37589.3,453753
37589.1,453753
37589.2,453753
37575.2,453753
37575.5,453753
37589.7,453753
37587,453753
37591.4,453753
37591.1,453753
37589.4,453753
37589.4,453753
37589.6,453753
37590.9,453753
37590.7,453753
37588.1,453753
37584.2,453753
37583.9,453753
37580.7,453753
37584.6,453753
37588.4,453753
37588.1,453753
37590,453753
37587.3,453753
37589.3,453753
37590.2,453753
37585.8,453753
37588,453753
37589.5,453753
37590.5,453753
37591.4,453753
37589.3,453753
37585.7,453753
37589.1,453753
37590.9,453753
37591.7,453753
37591.9,453753
37589.7,453753
37589.5,453753
37582.8,453753
37584.1,453753
37586,453753
37586.3,453753
37591.3,453753
37590.2,453753
37591.9,453753
37591.3,453753
37588.9,453753
37589.2,453753
37591.9,453753
37591.9,453753
37592.9,453753
37591,453753
37590.1,453753
37586.3,453753
37587.7,453753
37591.5,453753
37592.1,453753
37589.2,453753
37588.5,453753
37589.7,453753
37588.8,453753
37591.7,453753
37589.1,453753
37590.4,453753
37592,453753
37591.1,453753
37588.8,453753
37590.1,453753
37589.6,453753
37589.7,453753
37590.4,453753
37586.9,453753
37587.1,453753
37590.1,453753
37589.8,453753
37588.4,453753
37589.2,453753
37589.5,453753
37588.4,453753
37588.9,453753
37585.1,453753
37589.4,453753
37590.4,453753
37586.6,453753
37583.3,453753
37588.9,453753
37588.5,453753
37586.1,453753
37586.2,453753
37587.2,453753
37591.1,453753
37590.1,453753
37589.1,453753
37584.1,453753
37587.9,453753
37588.8,453753
37587.5,453753
37588.2,453753
37590.9,453753
37591.4,453753
37588.8,453753
37585.8,453753
37588.9,453753
37588,453753
37592,453753
37591.2,453753
37588.6,453753
37590.7,453753
37591.5,453753
37588.2,453753
37590.3,453753
37589.6,453753
37591.2,453753
37590.7,453753
37591.9,453753
37590.1,453753
37591.2,453753
37592.1,453753
37590.5,453753
37590.2,453753
37591.9,453753
37590.5,453753
37591.5,453753
37588.9,453753
37592.2,453753
37589.9,453753
37590.4,453753
37591.3,453753
37590.9,453753
37589.5,453753
37588.6,453753
37591.3,453753
37591.9,453753
37591.3,453753
37587.6,453753
37583.5,453753
37580.5,453753
37588.3,453753
37588.9,453753
37586.8,453753
37590.3,453753
37586.6,453753
37589.1,453753
37590.4,453753
37589.1,453753
37589.6,453753
37588.2,453753
37588.2,453753
37589,453753
37589.9,453753
37590.7,453753
37586.1,453753
37580.4,453753
37588.4,453753
37589.2,453753
37590.7,453753
37589.1,453753
37590.7,453753
37588.7,453753
37590.4,453753
37589.6,453753
37587.2,453753
37585.4,453753
37589.7,453753
37584.2,453753
37580.2,453753
37589.3,453753
37587,453753
37589.2,453753
37589.3,453753
37586.9,453753
37575.3,453753
37589.1,453753
37590.1,453753
37590.3,453753
37592.6,453753
37591.7,453753
37590.8,453753
37592,453753
37591.9,453753
37590.2,453753
37590.4,453753
37590.7,453753
37592.3,453753
37590.5,453753
37592.1,453753
37590.8,453753
37591.7,453753
37590.3,453753
37590.8,453753
37589.7,453753
37591,453753
37590.9,453753
37589.4,453753
37590.4,453753
37591.1,453753
37589.3,453753
37589.4,453753
37588.6,453753
37583.6,453753
37586.7,453753
37587.3,453753
37576.2,453753
37584.1,453753
37588.1,453753
37591.1,453753
37587.9,453753
37586.8,453753
37585.8,453753
37585.9,453753
37588.6,453753
37591.7,453753
37590,453753
37588.5,453753
37588.4,453753
37589.9,453753
37589.9,453753
37587.7,453753
37588.9,453753
37586.1,453753
37586.1,453753
37589.1,453753
37590.3,453753
37589.1,453753
37590.5,453753
37591.2,453753
37590.7,453753
37584.8,453753
37587.5,453753
37588,453753
37588.4,453753
37591.3,453753
37589,453753
37590.9,453753
37590.3,453753
37590.8,453753
37591.8,453753
37589.4,453753
37590.6,453753
37589.5,453753
37588.3,453753
37589,453753
37590.2,453753
37590.7,453753
37591.6,453753
37589.1,453753
37590.6,453753
37589.7,453753
37590.3,453753
37590.5,453753
37588.7,453753
37589.8,453753
37590.8,453753
37590.4,453753
37581.7,453753
37588.8,453753
37590.5,453753
37589.7,453753
37590.9,453753
37590.1,453753
37589.6,453753
37588.8,453753
37589.1,453753
37587.4,453753
37575.7,453753
37588.2,453753
37590.8,453753
37590.6,453753
37591.6,453753
37590.8,453753
37589.4,453753
37587.7,453753
37588.1,453753
37589.3,453753
37588.5,453753
37589.7,453753
37592.2,453753
37589.5,453753
37588.8,453753
37591.8,453753
37587.4,453753
37586.6,453753
37587,453753
37587.5,453753
37592.1,453753
37587.2,453753
37591.6,453753
37591,453753
37588.3,453753
37591.3,453753
37590.6,453753
37590.1,453753
37591.9,453753
37591.7,453753
37591.7,453753
37587.8,453753
37586.4,453753
37591.4,453753
37589.8,453753
37589.9,453753
37591.5,453753
37584.3,453753
37572.8,453753
37578.7,453753
37588.6,453753
37590.9,453753
37590.1,453753
37587.7,453753
37590.4,453753
37587.8,453753
37590.3,453753
37589.7,453753
37591.7,453753
37589.2,453753
37591.7,453753
37590.3,453753
37584.6,453753
37587.9,453753
37588.2,453753
37589.3,453753
37588.5,453753
37588,453753
37587.7,453753
37591.2,453753
37591.6,453753
37588.6,453753
37587.6,453753
37588.9,453753
37585.6,453753
37588.7,453753
37590.3,453753
37589.9,453753
37588.8,453753
37588.7,453753
37587.7,453753
37586.8,453753
37587.1,453753
37590.9,453753
37590.6,453753
37590.5,453753
37591,453753
37590.9,453753
37589.5,453753
37592,453753
37590.6,453753
37590.3,453753
37590.7,453753
37591.7,453753
37589.8,453753
37591.2,453753
37591.7,453753
37591.4,453753
37588.9,453753
37591.2,453753
37592.2,453753
37589.7,453753
37591.2,453753
37590.4,453753
37590.6,453753
37589.7,453753
37591.2,453753
37587.8,453753
37589.4,453753
37584.5,453753
37583.2,453753
37590,453753
37588.2,453753
37590.6,453753
37591.1,453753
37589.8,453753
37590.2,453753
37591.1,453753
37590.5,453753
37590.8,453753
37590.1,453753
37587,453753
37585.4,453753
37588.4,453753
37588.8,453753
37588.2,453753
37590.1,453753
37590.9,453753
37587.1,453753
37589.4,453753
37589.1,453753
37591.1,453753
37591.9,453753
37587.1,453753
37591.3,453753
37590.5,453753
37591.2,453753
37591.5,453753
37593.1,453753
37589.2,453753
37590.1,453753
37591.5,453753
37590.2,453753
37591.7,453753
37590.6,453753
37588.4,453753
37589.7,453753
37591.5,453753
37590.5,453753
37590.4,453753
37590.3,453753
37588.5,453753
37590,453753
37590.2,453753
37592,453753
37588.9,453753
37584.4,453753
37580.7,453753
37589.7,453753
37590.4,453753
37591.6,453753
37588.6,453753
37589.3,453753
37588.7,453753
37590.2,453753
37589.5,453753
37590.4,453753
37587.8,453753
37568.6,453753
37591.3,453753
37590.8,453753
37587.9,453753
37591,453753
37590.1,453753
37587.8,453753
37589.3,453753
37588.5,453753
37585.8,453753
37588.8,453753
37589.8,453753
37591.5,453753
37590.2,453753
37591.6,453753
37589.6,453753
37590.5,453753
37590.6,453753
37591,453753
37590.8,453753
37591.8,453753
37587.4,453753
37589.7,453753
37575,453753
37592.1,453753
37587,453753
37586,453753
37589.5,453753
37589,453753
37591.1,453753
37588.8,453753
37589.7,453753
37592.2,453753
37592.2,453753
37591.2,453753
37586.8,453753
37588,453753
37590.9,453753
37591,453753
37589.7,453753
37588.1,453753
37587.9,453753
37545.7,453753
37480.5,453753
37568.7,453753
37587,453753
37586.7,453753
37586.8,453753
37590.5,453753
37588.2,453753
37590.5,453753
37591.6,453753
37587.5,453753
37579.1,453753
37586.4,453753
37588.5,453753
37587.4,453753
37590.2,453753
37590.4,453753
37585.8,453753
37588.1,453753
37587.8,453753
37589.6,453753
37589.2,453753
37591.1,453753
37590.8,453753
37592.3,453753
37591.1,453753
37588.1,453753
37591,453753
37592.5,453753
37589.1,453753
37591.5,453753
37590.3,453753
37589.8,453753
37590.8,453753
37590.9,453753
37591.6,453753
37590.2,453753
37590.7,453753
37590.8,453753
37590.5,453753
37590.1,453753
37589.7,453753
37592.4,453753
37590.6,453753
37589.3,453753
37586.6,453753
37574.6,453753
37588.5,453753
37588.5,453753
37587.4,453753
37591.1,453753
37587.1,453753
37587.4,453753
37586.8,453753
37589,453753
37590.1,453753
37589.3,453753
37588.4,453753
37589.6,453753
37589.8,453753
37587.2,453753
37587.2,453753
37591,453753
37588.4,453753
37588.9,453753
37589,453753
37590.1,453753
37588.2,453753
37590.8,453753
37589.5,453753
37586.4,453753
37591.5,453753
37591.3,453753
37586,453753
37586.2,453753
37591.9,453753
37592.5,453753
37592.9,453753
37592.7,453753
37588.1,453753
37587.7,453753
37591.8,453753
37589.6,453753
37590.5,453753
37589.8,453753
37591.4,453753
37591.6,453753
37590.5,453753
37590.2,453753
37590.9,453753
37590.6,453753
37591,453753
37588.7,453753
37587.2,453753
37584.2,453753
37589.1,453753
37587.5,453753
37587.4,453753
37589.3,453753
37593,453753
37589.2,453753
37589.4,453753
37589.2,453753
37586.9,453753
37589.9,453753
37591.7,453753
37589.1,453753
37590.5,453753
37590.7,453753
37590.5,453753
37593.1,453753
37592.8,453753
37590.5,453753
37588.6,453753
37589.9,453753
37591.6,453753
37591.9,453753
37592.8,453753
37591.6,453753
37589.9,453753
37590.8,453753
37591.4,453753
37590.6,453753
37588.9,453753
37586,453753
37585.5,453753
37589.8,453753
37590.9,453753
37585.7,453753
37590.6,453753
37588.1,453753
37587.9,453753
37589.4,453753
37588.6,453753
37586.5,453753
37590.2,453753
37589.6,453753
37588.7,453753
37589.7,453753
37590.7,453753
37591.5,453753
37589.7,453753
37589.8,453753
37591.4,453753
37591.6,453753
37591.4,453753
37591.9,453753
37586.2,453753
37590.7,453753
37594,453753
37591.1,453753
37590.8,453753
37592,453753
37591.1,453753
37590.2,453753
37585,453753
37591.5,453753
37587.1,453753
37590,453753
37590.4,453753
37590.8,453753
37589.7,453753
37587.1,453753
37590,453753
37592,453753
37583.5,453753
37587.6,453753
37586.2,453753
37590.4,453753
37584,453753
37590.8,453753
37589.6,453753
37592.1,453753
37592.4,453753
37591,453753
37591.8,453753
37591.1,453753
37589.7,453753
37592.5,453753
37589.8,453753
37587.8,453753
37592.2,453753
37590.9,453753
37592.8,453753
37591.4,453753
37592,453753
37591.5,453753
37592.1,453753
37589.3,453753
37592.1,453753
37592.2,453753
37587.8,453753
37587.2,453753
37590.6,453753
37591.7,453753
37590.5,453753
37587.7,453753
37589.6,453753
37590.9,453753
37589.3,453753
37582.7,453753
37583.9,453753
37586.6,453753
37590,453753
37589.4,453753
37591.9,453753
37590.7,453753
37591.3,453753
37590.1,453753
37591.3,453753
37593.5,453753
37589.3,453753
37585.7,453753
37590.9,453753
37591.2,453753
37588.5,453753
37589.8,453753
37592.5,453753
37591.9,453753
37591.9,453753
37590.2,453753
37590,453753
37586.4,453753
37587.6,453753
37590.9,453753
37589.8,453753
37587.7,453753
37585.2,453753
37582.9,453753
37581.4,453753
37591.3,453753
37589.6,453753
37593.2,453753
37587,453753
37591.4,453753
37591.2,453753
37592.1,453753
37591.1,453753
37592.4,453753
37589.8,453753
37592.4,453753
37591.5,453753
37589.8,453753
37587.7,453753
37589.3,453753
37592.5,453753
37592.2,453753
37592.6,453753
37590.2,453753
37591.4,453753
37591.6,453753
37590.4,453753
37589.7,453753
37589.8,453753
37590.6,453753
37589.8,453753
37590.8,453753
37589.9,453753
37588.3,453753
37590.3,453753
37590,453753
37590.7,453753
37585.3,453753
37590.4,453753
37591.9,453753
37590.2,453753
37590,453753
37591,453753
37592,453753
37589.8,453753
37592,453753
37590.1,453753
37592.5,453753
37591,453753
37590.3,453753
37591.9,453753
37591.3,453753
37591.9,453753
37589.6,453753
37589.3,453753
37581.3,453753
37590.2,453753
37588.5,453753
37590.8,453753
37586.6,453753
37585.4,453753
37588.4,453753
37590.5,453753
37590.2,453753
37583,453753
37584.9,453753
37587.5,453753
37582.8,453753
37590,453753
37590.2,453753
37591.8,453753
37590.2,453753
37592.2,453753
37581.1,453753
37586.3,453753
37588.1,453753
37589.5,453753
37592.2,453753
37588.1,453753
37592.3,453753
37592.1,453753
37591.2,453753
37591.8,453753
37590.5,453753
37591.2,453753
37590.7,453753
37587.1,453753
37588.2,453753
37584.1,453753
37584.1,453753
37590,453753
37591.1,453753
37591.3,453753
37587.9,453753
37588.6,453753
37590.8,453753
37592,453753
37591.2,453753
37592.4,453753
37591.3,453753
37591,453753
37591,453753
37590.1,453753
37593.2,453753
37592.6,453753
37590.3,453753
37590.7,453753
37591.9,453753
37590.9,453753
37589.3,453753
37590.6,453753
37590.7,453753
37589.9,453753
37591.6,453753
37591.8,453753
37590,453753
37588,453753
37588.5,453753
37589.7,453753
37590,453753
37589.4,453753
37590.8,453753
37590.6,453753
37586.6,453753
37589.3,453753
37593.1,453753
37591.2,453753
37587.3,453753
37587.3,453753
37591.1,453753
37592,453753
37590.9,453753
37591.5,453546
