TRACE,NSNPS_JACKKNIFE
37629.4,453753
37627.9,453753
37627.1,453753
37627.7,453753
37627,453753
37629.3,453753
37627.4,453753
37624.8,453753
37628.3,453753
37626.4,453753
37628.3,453753
37625.4,453753
37627.9,453753
37627.7,453753
37628.5,453753
37627.7,453753
37625.7,453753
37621.3,453753
37624.3,453753
37625.7,453753
37627.3,453753
37628.2,453753
37625.9,453753
37628.1,453753
37626.9,453753
37627.2,453753
37624.4,453753
37625.2,453753
37626.7,453753
37627.1,453753
37627.3,453753
37626.4,453753
37626.9,453753
37627.3,453753
37627.1,453753
37629.2,453753
37625.8,453753
37625.8,453753
37627.8,453753
37626.8,453753
37627.3,453753
37626.9,453753
37625.8,453753
37623.6,453753
37624.8,453753
37628,453753
37627.8,453753
37628,453753
37627.5,453753
37628.3,453753
37628.3,453753
37623,453753
37626.2,453753
37625.8,453753
37623.3,453753
37626,453753
37627.1,453753
37622.8,453753
37625.1,453753
37624.5,453753
37625.1,453753
37628.6,453753
37628.4,453753
37626,453753
37624.8,453753
37626.8,453753
37628.4,453753
37625.8,453753
37625.8,453753
37625.3,453753
37622.9,453753
37628.5,453753
37628.9,453753
37629.2,453753
37627.5,453753
37627,453753
37629.2,453753
37627.5,453753
37627.8,453753
37628,453753
37624,453753
37626.9,453753
37628.5,453753
37629.5,453753
37629.5,453753
37628.7,453753
37629.4,453753
37630.1,453753
37627.5,453753
37628.1,453753
37625.1,453753
37625.1,453753
37629.1,453753
37617.6,453753
37626.4,453753
37628.1,453753
37627,453753
37628.6,453753
37627.5,453753
37629.6,453753
37626.5,453753
37626.6,453753
37623.5,453753
37624.7,453753
37625.3,453753
37623.1,453753
37627.3,453753
37628.5,453753
37627.9,453753
37628.7,453753
37629.3,453753
37626.4,453753
37623.7,453753
37624.7,453753
37623.3,453753
37624.4,453753
37628.5,453753
37626,453753
37626.5,453753
37624.5,453753
37626.6,453753
37628.7,453753
37626.4,453753
37626.6,453753
37629,453753
37626.3,453753
37626.1,453753
37627,453753
37624.5,453753
37626.5,453753
37624.5,453753
37626.9,453753
37626.4,453753
37628,453753
37623.8,453753
37626.2,453753
37626.9,453753
37629.1,453753
37624.8,453753
37627.1,453753
37622.4,453753
37619.1,453753
37626.8,453753
37625.6,453753
37626.3,453753
37624.3,453753
37624.4,453753
37627.7,453753
37626.6,453753
37627.7,453753
37627,453753
37627,453753
37627.8,453753
37626.7,453753
37627.9,453753
37626.6,453753
37627.3,453753
37629.8,453753
37628.1,453753
37628.1,453753
37624.6,453753
37626.3,453753
37627,453753
37630.2,453753
37629.1,453753
37627.8,453753
37628.3,453753
37627.8,453753
37626.5,453753
37627,453753
37625.3,453753
37626.4,453753
37627.5,453753
37627.3,453753
37627.9,453753
37628.1,453753
37627.4,453753
37623.7,453753
37625.4,453753
37626.5,453753
37625.7,453753
37612.4,453753
37614.3,453753
37626.4,453753
37626.1,453753
37629.2,453753
37627.4,453753
37628.9,453753
37628.3,453753
37628,453753
37628.7,453753
37626.7,453753
37624.2,453753
37619.9,453753
37618.3,453753
37618.6,453753
37623.8,453753
37624.5,453753
37627.6,453753
37626,453753
37627,453753
37628.6,453753
37628,453753
37621.1,453753
37627.9,453753
37627,453753
37623.3,453753
37627.3,453753
37624.9,453753
37622.1,453753
37627.3,453753
37625.9,453753
37628.2,453753
37627.7,453753
37625.1,453753
37627.2,453753
37619.9,453753
37619.9,453753
37624,453753
37622.8,453753
37630,453753
37626.8,453753
37627.9,453753
37626.9,453753
37625.1,453753
37628.7,453753
37629.9,453753
37628.7,453753
37628.6,453753
37626.9,453753
37627.2,453753
37622.9,453753
37624.1,453753
37628.3,453753
37629.3,453753
37627.4,453753
37626.5,453753
37625.8,453753
37623.1,453753
37628.4,453753
37627.1,453753
37628.7,453753
37628.5,453753
37628.1,453753
37626.7,453753
37628.5,453753
37626.1,453753
37627.3,453753
37627.9,453753
37625.5,453753
37623.3,453753
37628.7,453753
37626.2,453753
37623.3,453753
37626.4,453753
37624.3,453753
37626.9,453753
37627.4,453753
37623.6,453753
37627,453753
37627.7,453753
37626.7,453753
37617.7,453753
37625.4,453753
37626.5,453753
37626.8,453753
37625.7,453753
37620,453753
37627.2,453753
37626.2,453753
37627.6,453753
37622.2,453753
37626.9,453753
37625.3,453753
37626.7,453753
37622.3,453753
37628.5,453753
37626.6,453753
37624.3,453753
37624.7,453753
37626.6,453753
37625.8,453753
37626.6,453753
37626.9,453753
37625.8,453753
37628.7,453753
37627,453753
37626.9,453753
37626.7,453753
37627.9,453753
37628.4,453753
37628.9,453753
37628.2,453753
37626.9,453753
37627.2,453753
37628.9,453753
37628.5,453753
37627.1,453753
37629.1,453753
37628.5,453753
37629,453753
37626.8,453753
37629.9,453753
37626.4,453753
37627.9,453753
37628.5,453753
37629.1,453753
37627.6,453753
37626.5,453753
37629.1,453753
37626.6,453753
37626.3,453753
37625.4,453753
37619.1,453753
37615.4,453753
37626.4,453753
37628.1,453753
37624.7,453753
37624.9,453753
37627.5,453753
37626.5,453753
37628.6,453753
37628.9,453753
37627.9,453753
37626.6,453753
37625.2,453753
37624.8,453753
37626,453753
37627.7,453753
37626.2,453753
37617.3,453753
37625.4,453753
37627.7,453753
37626.8,453753
37626.4,453753
37627.6,453753
37624.4,453753
37626.4,453753
37628.3,453753
37626.4,453753
37624,453753
37626.9,453753
37621.4,453753
37617,453753
37627.9,453753
37621.9,453753
37626.8,453753
37626.2,453753
37624.5,453753
37615.8,453753
37628.3,453753
37624.9,453753
37627.9,453753
37627.9,453753
37628.2,453753
37627.9,453753
37629.1,453753
37629.8,453753
37628.6,453753
37627.5,453753
37626.8,453753
37627,453753
37627.4,453753
37629.5,453753
37626.8,453753
37628.3,453753
37627.7,453753
37628.4,453753
37627.5,453753
37628.8,453753
37625.9,453753
37626.4,453753
37625.4,453753
37627.7,453753
37627.4,453753
37627.3,453753
37626.8,453753
37618.8,453753
37623.7,453753
37625.4,453753
37612.6,453753
37620.6,453753
37623.1,453753
37625.9,453753
37624.9,453753
37622.6,453753
37624.9,453753
37621.1,453753
37625.2,453753
37627.7,453753
37625.8,453753
37624.7,453753
37625.5,453753
37628,453753
37625,453753
37624.2,453753
37623.8,453753
37622.3,453753
37621.8,453753
37625.4,453753
37627.6,453753
37628,453753
37627,453753
37625.9,453753
37630.7,453753
37620,453753
37626.2,453753
37625.5,453753
37625.5,453753
37627.5,453753
37627.7,453753
37628.3,453753
37627.4,453753
37626.7,453753
37629.6,453753
37627.4,453753
37628.3,453753
37627.2,453753
37623.9,453753
37625.9,453753
37626.7,453753
37626.5,453753
37626.5,453753
37625.4,453753
37626.4,453753
37626.4,453753
37628.1,453753
37628,453753
37625.4,453753
37626.7,453753
37626.9,453753
37628.1,453753
37624.2,453753
37625.9,453753
37627.3,453753
37626.9,453753
37626.7,453753
37627.2,453753
37627.5,453753
37624.6,453753
37625.8,453753
37624.2,453753
37614.1,453753
37625.3,453753
37627.1,453753
37627.7,453753
37629.3,453753
37627.6,453753
37625,453753
37623.5,453753
37624.4,453753
37626.3,453753
37622.8,453753
37624.1,453753
37628.6,453753
37626.3,453753
37628.9,453753
37627.2,453753
37623.3,453753
37625.2,453753
37624.3,453753
37626.6,453753
37628.8,453753
37627.7,453753
37629.7,453753
37629.7,453753
37627.6,453753
37626.5,453753
37628.9,453753
37628,453753
37628.9,453753
37628.6,453753
37629.1,453753
37624.6,453753
37625,453753
37625.9,453753
37625.6,453753
37627.5,453753
37628.2,453753
37620.4,453753
37607.6,453753
37610.8,453753
37628.4,453753
37628.2,453753
37627.3,453753
37626.9,453753
37627.6,453753
37625.1,453753
37626.4,453753
37626.9,453753
37626.8,453753
37624.5,453753
37626.6,453753
37627.7,453753
37617.9,453753
37626.1,453753
37626.2,453753
37627,453753
37626.5,453753
37624.4,453753
37627.1,453753
37626.8,453753
37629.7,453753
37626.5,453753
37624.1,453753
37624.7,453753
37624.7,453753
37624.4,453753
37626.6,453753
37628.2,453753
37626.9,453753
37625.3,453753
37625.7,453753
37624.2,453753
37624.9,453753
37628.6,453753
37628.2,453753
37628,453753
37629,453753
37630.4,453753
37626.2,453753
37628.2,453753
37626.2,453753
37627.5,453753
37628.4,453753
37626.8,453753
37627.1,453753
37628.6,453753
37627.8,453753
37627.7,453753
37627,453753
37626.2,453753
37628.1,453753
37629.9,453753
37627.4,453753
37625.3,453753
37629,453753
37625.2,453753
37629.4,453753
37623,453753
37625.9,453753
37622.4,453753
37616.7,453753
37626.4,453753
37625.8,453753
37627.8,453753
37629.2,453753
37626.2,453753
37627.9,453753
37628.2,453753
37627.9,453753
37626.9,453753
37627.4,453753
37625.1,453753
37623.9,453753
37626.2,453753
37626.7,453753
37628.1,453753
37627.8,453753
37626.6,453753
37625.8,453753
37625.9,453753
37626.5,453753
37628.9,453753
37628,453753
37625.2,453753
37628.2,453753
37627.5,453753
37628.4,453753
37627.6,453753
37630.1,453753
37625.6,453753
37626.7,453753
37629,453753
37628.1,453753
37627.3,453753
37628.4,453753
37627.8,453753
37627.8,453753
37627,453753
37627.6,453753
37627.3,453753
37624.4,453753
37626,453753
37627.2,453753
37626.6,453753
37627.3,453753
37624.4,453753
37621.9,453753
37618.5,453753
37624.5,453753
37628.1,453753
37627.9,453753
37625.9,453753
37626.6,453753
37623.9,453753
37626.3,453753
37626.4,453753
37627.8,453753
37626,453753
37604.5,453753
37628.5,453753
37629.6,453753
37626.2,453753
37629.4,453753
37626,453753
37626.3,453753
37625.8,453753
37625.9,453753
37620,453753
37626.5,453753
37626.1,453753
37628.3,453753
37627.9,453753
37628.2,453753
37627.5,453753
37627.3,453753
37626.9,453753
37628.8,453753
37627.8,453753
37629.3,453753
37627.3,453753
37626.1,453753
37620.4,453753
37628.2,453753
37623.1,453753
37621,453753
37624.7,453753
37625.1,453753
37627.2,453753
37624,453753
37626.7,453753
37629.3,453753
37629,453753
37627.3,453753
37624.7,453753
37627.4,453753
37626.6,453753
37629,453753
37627.6,453753
37623.6,453753
37625.9,453753
37587.6,453753
37524.9,453753
37607.2,453753
37624.6,453753
37624.7,453753
37623.3,453753
37627,453753
37625.7,453753
37624.9,453753
37629.4,453753
37625.5,453753
37618.6,453753
37624.1,453753
37624,453753
37626,453753
37627.7,453753
37626.8,453753
37625.2,453753
37625.5,453753
37625.3,453753
37625.3,453753
37627.6,453753
37628.4,453753
37627.6,453753
37627.8,453753
37628.7,453753
37625.4,453753
37629.2,453753
37628.8,453753
37629.6,453753
37628.5,453753
37627.4,453753
37627.2,453753
37627.3,453753
37629.6,453753
37627.9,453753
37628.4,453753
37627.7,453753
37628,453753
37626.6,453753
37627.3,453753
37626.9,453753
37627.3,453753
37626.8,453753
37628.1,453753
37623.4,453753
37615.1,453753
37625.3,453753
37625.4,453753
37622.9,453753
37625.8,453753
37625.6,453753
37626.3,453753
37623.9,453753
37626.7,453753
37628.3,453753
37627.3,453753
37626.6,453753
37627.9,453753
37627.3,453753
37624.4,453753
37623.7,453753
37628.4,453753
37626,453753
37624.9,453753
37627.2,453753
37626.8,453753
37627.5,453753
37627.7,453753
37625.1,453753
37624.4,453753
37627.1,453753
37629.3,453753
37625.8,453753
37623.8,453753
37629.2,453753
37631.5,453753
37629.3,453753
37628.7,453753
37626.5,453753
37624.8,453753
37629.7,453753
37628.1,453753
37627.1,453753
37628,453753
37629.4,453753
37627.1,453753
37628.4,453753
37627,453753
37626.9,453753
37627.6,453753
37627.4,453753
37624.7,453753
37625.6,453753
37623.4,453753
37625,453753
37626.3,453753
37625.2,453753
37626.2,453753
37628.2,453753
37627.4,453753
37628.2,453753
37626.2,453753
37627.2,453753
37626.6,453753
37628.3,453753
37628.4,453753
37628,453753
37627.5,453753
37626.6,453753
37629.2,453753
37630.6,453753
37628.4,453753
37628.1,453753
37628.2,453753
37627.2,453753
37628.3,453753
37629.6,453753
37628.6,453753
37626.9,453753
37627.1,453753
37630,453753
37626.5,453753
37625.7,453753
37626.8,453753
37624.5,453753
37629.2,453753
37626.5,453753
37619.1,453753
37628.8,453753
37627.4,453753
37627.6,453753
37625.8,453753
37625.6,453753
37624.9,453753
37628,453753
37625.8,453753
37626.9,453753
37627.9,453753
37628.3,453753
37628.1,453753
37626.1,453753
37627.1,453753
37626.2,453753
37627.9,453753
37628.9,453753
37627.3,453753
37626.1,453753
37625.8,453753
37629.6,453753
37628.8,453753
37629.2,453753
37627.7,453753
37628.6,453753
37627.9,453753
37622.4,453753
37626.7,453753
37625.3,453753
37628.3,453753
37627.9,453753
37627.2,453753
37627.6,453753
37626.6,453753
37628.1,453753
37628.7,453753
37620.2,453753
37622.3,453753
37624,453753
37628.1,453753
37619.6,453753
37628.3,453753
37627.8,453753
37627.8,453753
37629.8,453753
37628.7,453753
37629.7,453753
37629.5,453753
37626.6,453753
37629.6,453753
37626.2,453753
37628,453753
37627.6,453753
37627.8,453753
37627.9,453753
37626.3,453753
37627.2,453753
37628.4,453753
37628.5,453753
37627,453753
37626.1,453753
37627.6,453753
37626,453753
37624.5,453753
37629,453753
37628.4,453753
37627.6,453753
37627.4,453753
37626.7,453753
37626.3,453753
37626.2,453753
37620.3,453753
37622.4,453753
37625.4,453753
37627.4,453753
37628.3,453753
37627.5,453753
37628,453753
37629.6,453753
37628.7,453753
37628,453753
37628.3,453753
37625.7,453753
37621.3,453753
37628.3,453753
37628.6,453753
37628.4,453753
37626.8,453753
37628.3,453753
37629.2,453753
37630,453753
37628.7,453753
37626.8,453753
37625.9,453753
37626.7,453753
37628.8,453753
37626.6,453753
37625.7,453753
37623,453753
37623.3,453753
37615.3,453753
37627.4,453753
37627.3,453753
37629,453753
37624.7,453753
37627.8,453753
37629.2,453753
37628.4,453753
37628.7,453753
37628.8,453753
37626.6,453753
37627.6,453753
37627.9,453753
37626.9,453753
37626.6,453753
37627.3,453753
37628.5,453753
37630.6,453753
37631.2,453753
37628.1,453753
37628.5,453753
37628.9,453753
37625.4,453753
37628.6,453753
37628.4,453753
37627.5,453753
37627.4,453753
37627.4,453753
37627.3,453753
37626.5,453753
37626.5,453753
37626,453753
37626,453753
37621.8,453753
37627.8,453753
37627.8,453753
37628.6,453753
37628,453753
37626.3,453753
37630.2,453753
37628.5,453753
37629.1,453753
37628.8,453753
37629.6,453753
37628.8,453753
37627.1,453753
37629.3,453753
37628.4,453753
37628.7,453753
37627.4,453753
37625.5,453753
37615.3,453753
37627.2,453753
37628.2,453753
37626.4,453753
37623.3,453753
37614.9,453753
37625.1,453753
37628,453753
37627.7,453753
37621.5,453753
37625.7,453753
37625.9,453753
37617.2,453753
37627.4,453753
37627.6,453753
37627.1,453753
37626.9,453753
37628.7,453753
37614.2,453753
37623.2,453753
37626.7,453753
37626.2,453753
37628.5,453753
37625.2,453753
37629.5,453753
37628.3,453753
37628.5,453753
37628.2,453753
37629.6,453753
37628.4,453753
37627.4,453753
37626.6,453753
37626.7,453753
37621.2,453753
37618.1,453753
37626.5,453753
37627.2,453753
37627.4,453753
37625.7,453753
37626.7,453753
37629.7,453753
37629.5,453753
37628.2,453753
37628.8,453753
37629.8,453753
37628.1,453753
37627.9,453753
37626.6,453753
37628.8,453753
37629.9,453753
37627.1,453753
37627.4,453753
37628.9,453753
37627.2,453753
37624.1,453753
37626.6,453753
37628,453753
37629.3,453753
37627.5,453753
37631,453753
37627.8,453753
37626,453753
37622.7,453753
37629.8,453753
37628.1,453753
37629.6,453753
37627.9,453753
37627.9,453753
37621.8,453753
37626.6,453753
37628.5,453753
37627.7,453753
37622.4,453753
37622.9,453753
37628.9,453753
37627.3,453753
37628.5,453753
37631.5,453546
