TRACE,NSNPS_JACKKNIFE
37694.5,453753
37693.7,453753
37694.4,453753
37692.9,453753
37691.3,453753
37694.1,453753
37692.8,453753
37692.6,453753
37693.1,453753
37692.4,453753
37692,453753
37689.7,453753
37695.1,453753
37693.1,453753
37692.2,453753
37694,453753
37693.2,453753
37688.8,453753
37689,453753
37690.6,453753
37694.4,453753
37693.9,453753
37692.3,453753
37693.1,453753
37692,453753
37694.2,453753
37692.4,453753
37691,453753
37691.7,453753
37692.7,453753
37691.8,453753
37694.8,453753
37692.5,453753
37693,453753
37693.6,453753
37693.4,453753
37693.2,453753
37691.7,453753
37692.9,453753
37693.3,453753
37693.3,453753
37693.5,453753
37692.6,453753
37690,453753
37689.4,453753
37692.2,453753
37694.4,453753
37692.3,453753
37693.6,453753
37693.2,453753
37694.1,453753
37688.6,453753
37690,453753
37693,453753
37690.7,453753
37694.1,453753
37692.7,453753
37689.4,453753
37690.7,453753
37689.6,453753
37692.7,453753
37693.8,453753
37693.6,453753
37692.6,453753
37692.4,453753
37694.8,453753
37692.9,453753
37691.1,453753
37691.5,453753
37691.7,453753
37687,453753
37694.6,453753
37692.8,453753
37694.7,453753
37694,453753
37692.6,453753
37693.9,453753
37694.5,453753
37694.6,453753
37694.8,453753
37691.3,453753
37693.9,453753
37695,453753
37694.3,453753
37694.3,453753
37693.8,453753
37693.5,453753
37695.8,453753
37694.2,453753
37693.1,453753
37687.8,453753
37688.3,453753
37693.6,453753
37684.1,453753
37694,453753
37692,453753
37691.9,453753
37692.2,453753
37692.9,453753
37693.8,453753
37691.9,453753
37691.7,453753
37693.2,453753
37689.4,453753
37689.5,453753
37690.9,453753
37692.9,453753
37693.4,453753
37693.3,453753
37691.5,453753
37693.2,453753
37690.7,453753
37691.7,453753
37690.5,453753
37688.5,453753
37689.8,453753
37694.1,453753
37691.8,453753
37691.3,453753
37691.3,453753
37692.5,453753
37693.8,453753
37692.5,453753
37692.6,453753
37693.5,453753
37692.3,453753
37691.1,453753
37691.8,453753
37689.7,453753
37691.6,453753
37690.5,453753
37692.7,453753
37692.4,453753
37692.1,453753
37689.5,453753
37692.5,453753
37693.8,453753
37693.8,453753
37689.6,453753
37693.1,453753
37690.4,453753
37688.1,453753
37691.6,453753
37690.8,453753
37691.3,453753
37692,453753
37692.4,453753
37692.9,453753
37693,453753
37692.1,453753
37693,453753
37693,453753
37694.3,453753
37693.8,453753
37693.6,453753
37693.4,453753
37693.1,453753
37694.9,453753
37695.3,453753
37693.7,453753
37693.6,453753
37692.2,453753
37694.3,453753
37694.6,453753
37695.6,453753
37694.7,453753
37693,453753
37693.7,453753
37693.6,453753
37692.2,453753
37691.7,453753
37693.4,453753
37693.7,453753
37690.5,453753
37694.4,453753
37692.3,453753
37691.5,453753
37692.2,453753
37691.5,453753
37692.1,453753
37689,453753
37676.6,453753
37679.1,453753
37691.9,453753
37690.7,453753
37694.3,453753
37693.6,453753
37694.5,453753
37693.9,453753
37691.7,453753
37695.5,453753
37694.2,453753
37689.7,453753
37686.8,453753
37688,453753
37685.7,453753
37686.5,453753
37688.2,453753
37692.4,453753
37693,453753
37690,453753
37693.9,453753
37693.2,453753
37685.8,453753
37692.3,453753
37692.5,453753
37692.3,453753
37691.8,453753
37691.5,453753
37689.1,453753
37692.5,453753
37692.8,453753
37692.7,453753
37693.8,453753
37691.5,453753
37691.3,453753
37684.4,453753
37686.4,453753
37689.7,453753
37686.7,453753
37694.1,453753
37693.2,453753
37692.7,453753
37693.9,453753
37691.2,453753
37693.3,453753
37695.5,453753
37692.9,453753
37694.4,453753
37694.7,453753
37692,453753
37687.6,453753
37690.3,453753
37694.8,453753
37695,453753
37693.7,453753
37689.8,453753
37692.1,453753
37691,453753
37694.1,453753
37689.8,453753
37694.8,453753
37696.1,453753
37694.1,453753
37695.2,453753
37692.9,453753
37692.1,453753
37691,453753
37693.6,453753
37689.1,453753
37688.8,453753
37693.4,453753
37692.9,453753
37690,453753
37692.1,453753
37689.7,453753
37693.2,453753
37692.4,453753
37687.4,453753
37693.9,453753
37692.7,453753
37690.9,453753
37686,453753
37692.5,453753
37692,453753
37692.6,453753
37690.4,453753
37689,453753
37693.2,453753
37693.2,453753
37693.5,453753
37686.3,453753
37692.9,453753
37691.4,453753
37692.8,453753
37690.2,453753
37693.5,453753
37693.5,453753
37691.4,453753
37689.6,453753
37691,453753
37692.4,453753
37693.1,453753
37693.1,453753
37691,453753
37693.2,453753
37694.1,453753
37691.7,453753
37694.6,453753
37692.9,453753
37694.4,453753
37694.3,453753
37694.1,453753
37693.7,453753
37693.4,453753
37694,453753
37692.9,453753
37693.2,453753
37695.2,453753
37693,453753
37694.7,453753
37692.4,453753
37696.4,453753
37692.2,453753
37694.1,453753
37695.2,453753
37692.6,453753
37693.1,453753
37691.7,453753
37694.2,453753
37693,453753
37693,453753
37690.4,453753
37683.9,453753
37683.2,453753
37689.7,453753
37693.2,453753
37689.6,453753
37689.6,453753
37691.9,453753
37692.5,453753
37694,453753
37692,453753
37692.7,453753
37690.8,453753
37690.2,453753
37692.7,453753
37693.4,453753
37691.9,453753
37688.5,453753
37684.9,453753
37691.5,453753
37691.5,453753
37692.8,453753
37692.8,453753
37693.1,453753
37690.1,453753
37693.6,453753
37693.2,453753
37689.9,453753
37688.6,453753
37692,453753
37685.6,453753
37685.7,453753
37692.5,453753
37690.2,453753
37694.9,453753
37691.2,453753
37691.6,453753
37680.6,453753
37694.3,453753
37693.9,453753
37694.4,453753
37694.3,453753
37694.2,453753
37694.8,453753
37695.1,453753
37695,453753
37693,453753
37691.7,453753
37694.3,453753
37694.9,453753
37693.2,453753
37692.5,453753
37692.1,453753
37693.3,453753
37692.2,453753
37693.5,453753
37693.2,453753
37692.6,453753
37692.8,453753
37693.7,453753
37692.9,453753
37693.2,453753
37691.4,453753
37692.5,453753
37690.9,453753
37686.7,453753
37689.9,453753
37690,453753
37680,453753
37686.3,453753
37689.5,453753
37691.7,453753
37690.3,453753
37688.1,453753
37688.2,453753
37689.1,453753
37689.6,453753
37693.2,453753
37691.3,453753
37690.7,453753
37690,453753
37693,453753
37692,453753
37691.5,453753
37689,453753
37688.5,453753
37688.7,453753
37693.2,453753
37692.8,453753
37693.8,453753
37694.3,453753
37693.9,453753
37694.4,453753
37685.4,453753
37690.3,453753
37692.7,453753
37691.4,453753
37694.9,453753
37692.8,453753
37695.8,453753
37691.8,453753
37695,453753
37693.3,453753
37693.8,453753
37694,453753
37692,453753
37690.3,453753
37693.3,453753
37690.7,453753
37692.8,453753
37694,453753
37690.9,453753
37695,453753
37693.1,453753
37691.8,453753
37693.8,453753
37690.3,453753
37692.8,453753
37692.3,453753
37695.4,453753
37686.4,453753
37692.9,453753
37693.7,453753
37694.8,453753
37693.3,453753
37691.9,453753
37690.2,453753
37690.9,453753
37692.2,453753
37689,453753
37675.7,453753
37690.2,453753
37693,453753
37693.1,453753
37693.8,453753
37695.6,453753
37691.5,453753
37688.8,453753
37692.9,453753
37694.6,453753
37688.3,453753
37688.5,453753
37694.3,453753
37692.4,453753
37692.4,453753
37693,453753
37690.5,453753
37688.4,453753
37691.2,453753
37691.7,453753
37694.1,453753
37691.1,453753
37693.7,453753
37693.5,453753
37693.3,453753
37692.9,453753
37693.2,453753
37689.3,453753
37695.8,453753
37694.2,453753
37694,453753
37692.3,453753
37691.1,453753
37693.1,453753
37690.6,453753
37694.5,453753
37693.3,453753
37684.9,453753
37668.9,453753
37673.4,453753
37693.9,453753
37692.5,453753
37691.4,453753
37691.5,453753
37691.8,453753
37691.1,453753
37694.5,453753
37692.7,453753
37694.6,453753
37691.5,453753
37693.1,453753
37694.7,453753
37686.7,453753
37691.1,453753
37692,453753
37692.3,453753
37693.7,453753
37689.9,453753
37691.7,453753
37693.5,453753
37692.5,453753
37692.2,453753
37691,453753
37692.8,453753
37689.7,453753
37689.5,453753
37692.6,453753
37693,453753
37691.9,453753
37692,453753
37690.9,453753
37690,453753
37687.8,453753
37693.8,453753
37693.8,453753
37694.1,453753
37695,453753
37694.9,453753
37690.9,453753
37692.7,453753
37692.4,453753
37692.9,453753
37692.7,453753
37692.8,453753
37692.4,453753
37693.4,453753
37693.5,453753
37693.4,453753
37694.1,453753
37695.1,453753
37694.1,453753
37693.2,453753
37693.1,453753
37692.5,453753
37694.3,453753
37689.2,453753
37694.5,453753
37690.9,453753
37692.6,453753
37688.3,453753
37683.7,453753
37693.6,453753
37692.8,453753
37691.6,453753
37693.4,453753
37692.5,453753
37694.9,453753
37694.3,453753
37693.7,453753
37693.1,453753
37693.4,453753
37690,453753
37690.9,453753
37691,453753
37691.7,453753
37691.4,453753
37693.2,453753
37692.6,453753
37690.4,453753
37691,453753
37691.5,453753
37692.8,453753
37692.9,453753
37693,453753
37693.6,453753
37693.1,453753
37692.3,453753
37692.8,453753
37695.4,453753
37694,453753
37692.3,453753
37692,453753
37693.7,453753
37694.8,453753
37693.9,453753
37694.1,453753
37693.2,453753
37693,453753
37693.5,453753
37694.1,453753
37690.4,453753
37690.2,453753
37691.5,453753
37692.7,453753
37694.7,453753
37692.4,453753
37688,453753
37684,453753
37689,453753
37691.8,453753
37692.4,453753
37691.8,453753
37692,453753
37691.7,453753
37693.6,453753
37691.7,453753
37692.9,453753
37691.1,453753
37675,453753
37694,453753
37694.7,453753
37692.6,453753
37692.1,453753
37691.5,453753
37691.6,453753
37692.8,453753
37690.8,453753
37688.1,453753
37691.3,453753
37692,453753
37694.2,453753
37692.9,453753
37694.7,453753
37693,453753
37692.9,453753
37693.3,453753
37693.6,453753
37694.2,453753
37694.7,453753
37692.4,453753
37691.3,453753
37683.2,453753
37692.7,453753
37689.1,453753
37686.6,453753
37691,453753
37690.2,453753
37694.4,453753
37692.2,453753
37692.5,453753
37694.4,453753
37695.4,453753
37693,453753
37692.4,453753
37692.2,453753
37692.2,453753
37693.6,453753
37692.5,453753
37693.4,453753
37692.9,453753
37648.6,453753
37580.9,453753
37673,453753
37690,453753
37691.2,453753
37688.5,453753
37691.7,453753
37689.8,453753
37691.6,453753
37693.4,453753
37691.7,453753
37683.2,453753
37688.5,453753
37687.8,453753
37691.6,453753
37694.4,453753
37693.4,453753
37692.1,453753
37690.4,453753
37691.5,453753
37691.1,453753
37693.5,453753
37694.4,453753
37693.3,453753
37694.4,453753
37693.8,453753
37691.4,453753
37694.4,453753
37694.8,453753
37695,453753
37694.2,453753
37693.1,453753
37693.1,453753
37695.3,453753
37695.5,453753
37692,453753
37689.9,453753
37693.7,453753
37693.9,453753
37692.6,453753
37693,453753
37694,453753
37694.6,453753
37693.5,453753
37691.8,453753
37689.4,453753
37678,453753
37690.3,453753
37693.1,453753
37689.7,453753
37690.1,453753
37692.3,453753
37693.3,453753
37692.1,453753
37692,453753
37694.7,453753
37694.6,453753
37692.8,453753
37694.4,453753
37692.9,453753
37688.4,453753
37690.1,453753
37694,453753
37691.4,453753
37692.1,453753
37693.5,453753
37691.9,453753
37693.1,453753
37694.6,453753
37689.9,453753
37689.6,453753
37691.8,453753
37693.2,453753
37691.5,453753
37687.8,453753
37694.1,453753
37695.3,453753
37695.7,453753
37695,453753
37691.9,453753
37691.4,453753
37693.6,453753
37692.2,453753
37693.1,453753
37694.4,453753
37693.8,453753
37692.7,453753
37692.7,453753
37692.9,453753
37692.9,453753
37692.5,453753
37693.7,453753
37691.3,453753
37692.7,453753
37686.3,453753
37692.4,453753
37691.7,453753
37689.8,453753
37692.8,453753
37694.5,453753
37692.3,453753
37693,453753
37690.8,453753
37690.2,453753
37690.8,453753
37694.6,453753
37692.2,453753
37692,453753
37693.3,453753
37693.1,453753
37694.8,453753
37695.6,453753
37693.8,453753
37693.5,453753
37693.7,453753
37692.3,453753
37693.4,453753
37694.7,453753
37693.8,453753
37693.5,453753
37693.1,453753
37694.1,453753
37692.2,453753
37690.9,453753
37689.9,453753
37689,453753
37693.8,453753
37692.4,453753
37685.6,453753
37693.1,453753
37692.4,453753
37692.2,453753
37691.6,453753
37689.9,453753
37692,453753
37692.3,453753
37691.8,453753
37693.8,453753
37693.1,453753
37693.4,453753
37693.3,453753
37694.3,453753
37691.7,453753
37694.3,453753
37694.8,453753
37693.5,453753
37694.8,453753
37689.9,453753
37694.4,453753
37694.4,453753
37694.1,453753
37693.5,453753
37694.9,453753
37694.4,453753
37693.3,453753
37688.9,453753
37692.5,453753
37688.9,453753
37693.3,453753
37692,453753
37693.8,453753
37694.2,453753
37692.1,453753
37693.2,453753
37694.6,453753
37686.3,453753
37688.4,453753
37690.4,453753
37693,453753
37684.8,453753
37692.5,453753
37693.3,453753
37693.4,453753
37694.2,453753
37694.4,453753
37694.8,453753
37694.4,453753
37693.2,453753
37694.2,453753
37690.4,453753
37690.1,453753
37694.7,453753
37694.1,453753
37693.8,453753
37693.3,453753
37694.2,453753
37694.3,453753
37695,453753
37691.9,453753
37692.6,453753
37694.7,453753
37691.8,453753
37686.8,453753
37693.2,453753
37693.1,453753
37695.1,453753
37692.2,453753
37693.5,453753
37693.9,453753
37691.8,453753
37687.6,453753
37691.2,453753
37691.5,453753
37692,453753
37694.6,453753
37693.5,453753
37693,453753
37693.4,453753
37694.4,453753
37695.1,453753
37694.9,453753
37691.5,453753
37687.1,453753
37693.7,453753
37694.4,453753
37692,453753
37691.5,453753
37693.5,453753
37695.4,453753
37694.5,453753
37693.9,453753
37690.3,453753
37693,453753
37691.7,453753
37693.7,453753
37692,453753
37691.2,453753
37687.7,453753
37687.5,453753
37684.4,453753
37693.8,453753
37692.9,453753
37694.9,453753
37689.5,453753
37694.6,453753
37692.3,453753
37692.3,453753
37694.6,453753
37693.9,453753
37693.3,453753
37694.5,453753
37693,453753
37693.3,453753
37691,453753
37693.5,453753
37694.4,453753
37694.3,453753
37696.2,453753
37694.2,453753
37695.5,453753
37694.6,453753
37693,453753
37692.4,453753
37693.1,453753
37694.4,453753
37692.2,453753
37691.4,453753
37693.6,453753
37690.1,453753
37691.1,453753
37693.4,453753
37693.1,453753
37689,453753
37693,453753
37692.7,453753
37694.9,453753
37693.1,453753
37694,453753
37694.8,453753
37693.6,453753
37693.8,453753
37695.2,453753
37694,453753
37693.9,453753
37692.5,453753
37693.7,453753
37695.1,453753
37693.1,453753
37694.7,453753
37691.5,453753
37682.3,453753
37692.9,453753
37694,453753
37692.8,453753
37690.9,453753
37681.5,453753
37692.1,453753
37692.4,453753
37692.4,453753
37686.9,453753
37689.8,453753
37689.4,453753
37682.8,453753
37690.8,453753
37694.2,453753
37694.5,453753
37692,453753
37694.3,453753
37681.3,453753
37687.8,453753
37691,453753
37692.2,453753
37693.8,453753
37692.7,453753
37694,453753
37694.4,453753
37693.6,453753
37693.4,453753
37692,453753
37693.6,453753
37692.6,453753
37692.4,453753
37690.6,453753
37690.6,453753
37685.7,453753
37692.7,453753
37694.2,453753
37692.9,453753
37690.5,453753
37691.9,453753
37693.3,453753
37693.8,453753
37694.6,453753
37694.5,453753
37695.5,453753
37694.9,453753
37693.8,453753
37693,453753
37695.5,453753
37695,453753
37693.8,453753
37694.9,453753
37694.2,453753
37693.4,453753
37691.8,453753
37693.6,453753
37692.9,453753
37692.8,453753
37691.5,453753
37695.7,453753
37692,453753
37693.8,453753
37690,453753
37694.8,453753
37694.3,453753
37692.8,453753
37695.7,453753
37693.1,453753
37687.9,453753
37692.2,453753
37694.3,453753
37693.5,453753
37688,453753
37689.5,453753
37693.3,453753
37695.1,453753
37694.6,453753
37694.9,453546
