TRACE,NSNPS_JACKKNIFE
37621.5,453753
37621,453753
37618.5,453753
37621.5,453753
37621.1,453753
37620.1,453753
37618.1,453753
37620.2,453753
37618.5,453753
37616.3,453753
37619,453753
37617.9,453753
37622.6,453753
37618.9,453753
37619.3,453753
37620,453753
37617.9,453753
37612.7,453753
37616.2,453753
37615.4,453753
37619.4,453753
37621.7,453753
37619.1,453753
37619.6,453753
37619.9,453753
37617.7,453753
37618.1,453753
37617.8,453753
37619.7,453753
37620.1,453753
37618.9,453753
37616.6,453753
37617.1,453753
37617.1,453753
37617.6,453753
37618.7,453753
37618.6,453753
37618,453753
37620.4,453753
37619.6,453753
37621.1,453753
37618.7,453753
37618.4,453753
37617.6,453753
37616.8,453753
37617.4,453753
37619,453753
37620.9,453753
37619.7,453753
37618.7,453753
37620.2,453753
37616.9,453753
37618.4,453753
37618.7,453753
37616.1,453753
37619.4,453753
37619.3,453753
37615.9,453753
37616,453753
37619.3,453753
37619.1,453753
37621.2,453753
37619.6,453753
37617.9,453753
37619.7,453753
37620.1,453753
37620.3,453753
37617.1,453753
37620.7,453753
37617.4,453753
37615.9,453753
37619.9,453753
37620.2,453753
37621.6,453753
37620.7,453753
37620.1,453753
37621.4,453753
37619.8,453753
37621.2,453753
37620.1,453753
37615.9,453753
37620.4,453753
37621.9,453753
37621,453753
37621.1,453753
37619.9,453753
37619.5,453753
37621.8,453753
37619.6,453753
37619.6,453753
37616.5,453753
37615.3,453753
37617.2,453753
37610.5,453753
37618.8,453753
37616,453753
37619.4,453753
37619.8,453753
37621.1,453753
37619.7,453753
37617.9,453753
37618.7,453753
37616.8,453753
37617.7,453753
37617.3,453753
37618.4,453753
37620.9,453753
37621.1,453753
37620.3,453753
37620.3,453753
37619.5,453753
37617.9,453753
37618.2,453753
37614.7,453753
37615.3,453753
37618.1,453753
37620.6,453753
37619,453753
37617.9,453753
37616.9,453753
37617.4,453753
37621.1,453753
37619.1,453753
37619.7,453753
37619,453753
37619,453753
37617.5,453753
37619.7,453753
37617.1,453753
37618.6,453753
37617.9,453753
37617.8,453753
37617.2,453753
37619.7,453753
37617.9,453753
37620.5,453753
37619.3,453753
37620.4,453753
37618,453753
37620.7,453753
37616.6,453753
37611.5,453753
37618.9,453753
37616.1,453753
37617.3,453753
37615.1,453753
37617.7,453753
37618.6,453753
37619.3,453753
37619.3,453753
37618.4,453753
37618.9,453753
37621.6,453753
37618.5,453753
37619.8,453753
37620.4,453753
37619.1,453753
37619.8,453753
37620.6,453753
37617.7,453753
37619.4,453753
37619.4,453753
37620.4,453753
37621.1,453753
37622.4,453753
37620.5,453753
37621.1,453753
37619.1,453753
37619,453753
37619.8,453753
37619.1,453753
37617.2,453753
37621.2,453753
37619.2,453753
37621.1,453753
37617.5,453753
37619.4,453753
37617.7,453753
37619.3,453753
37617.8,453753
37617.7,453753
37605.5,453753
37605,453753
37617.5,453753
37616.7,453753
37621.6,453753
37619.7,453753
37619.6,453753
37618.8,453753
37619.3,453753
37619.3,453753
37621.6,453753
37615.3,453753
37608.3,453753
37612.9,453753
37609.8,453753
37614.2,453753
37618.7,453753
37619.9,453753
37619.1,453753
37620.5,453753
37620.9,453753
37620.2,453753
37616.4,453753
37618.9,453753
37618.9,453753
37617.5,453753
37619.8,453753
37618.4,453753
37615.4,453753
37620.2,453753
37619.6,453753
37619,453753
37619.6,453753
37616.4,453753
37617,453753
37615.2,453753
37613.7,453753
37614.1,453753
37612.7,453753
37621.7,453753
37621.1,453753
37621.2,453753
37619,453753
37616.9,453753
37619.8,453753
37620.8,453753
37620.2,453753
37621.6,453753
37619,453753
37618.5,453753
37615.2,453753
37617.3,453753
37622,453753
37620,453753
37621.6,453753
37618.2,453753
37619.4,453753
37616,453753
37619.5,453753
37617.2,453753
37620.8,453753
37620.3,453753
37620.1,453753
37620.5,453753
37620.3,453753
37620.1,453753
37618.6,453753
37619.2,453753
37617,453753
37614.7,453753
37620,453753
37619.8,453753
37619.1,453753
37618.5,453753
37618.5,453753
37617.9,453753
37619.2,453753
37615.5,453753
37619.9,453753
37621,453753
37619.1,453753
37612.4,453753
37617.9,453753
37619,453753
37618.1,453753
37617.8,453753
37612.9,453753
37620,453753
37618.9,453753
37619,453753
37613.7,453753
37619,453753
37615.9,453753
37617.5,453753
37617,453753
37620.3,453753
37620.4,453753
37619.6,453753
37615,453753
37618.6,453753
37616.9,453753
37619.3,453753
37618.5,453753
37616.9,453753
37619.7,453753
37620.4,453753
37619.4,453753
37619.8,453753
37620.3,453753
37623.4,453753
37620.9,453753
37620.6,453753
37620.8,453753
37620,453753
37619.8,453753
37619.5,453753
37619.4,453753
37621.5,453753
37622.6,453753
37622.4,453753
37619.7,453753
37621.9,453753
37617.4,453753
37620.6,453753
37620.1,453753
37620.4,453753
37619.7,453753
37619.8,453753
37620.7,453753
37619.6,453753
37619.3,453753
37618.4,453753
37611.5,453753
37608.6,453753
37616.9,453753
37618,453753
37618.2,453753
37618,453753
37617.8,453753
37616.5,453753
37620.7,453753
37619.4,453753
37620.6,453753
37618.7,453753
37617.8,453753
37617.6,453753
37618.6,453753
37618.7,453753
37616.9,453753
37612.2,453753
37617.2,453753
37619.3,453753
37619,453753
37616.7,453753
37619.8,453753
37617.8,453753
37619.6,453753
37619.4,453753
37616.1,453753
37615.5,453753
37619.3,453753
37612,453753
37614.2,453753
37620.5,453753
37618.7,453753
37620.7,453753
37617.9,453753
37615.9,453753
37606.5,453753
37617.5,453753
37619.6,453753
37618,453753
37621.3,453753
37621.4,453753
37621.1,453753
37622.1,453753
37621,453753
37620,453753
37619.8,453753
37621.2,453753
37621.8,453753
37619.2,453753
37619.9,453753
37618,453753
37620.3,453753
37620,453753
37620.5,453753
37618.9,453753
37620.6,453753
37618.5,453753
37619.5,453753
37619.5,453753
37618.5,453753
37617.4,453753
37618,453753
37618,453753
37615.3,453753
37617.6,453753
37615.9,453753
37607.3,453753
37614.3,453753
37616,453753
37617.1,453753
37617.9,453753
37612.9,453753
37614.1,453753
37616,453753
37619,453753
37620.8,453753
37621.3,453753
37619.6,453753
37618.2,453753
37618.2,453753
37618.1,453753
37618.6,453753
37615.8,453753
37615.3,453753
37617.2,453753
37620.4,453753
37620.9,453753
37620.6,453753
37618.7,453753
37619.6,453753
37620.4,453753
37610.8,453753
37618,453753
37619.4,453753
37619.3,453753
37619.7,453753
37619.2,453753
37621.4,453753
37619.3,453753
37621.2,453753
37621.4,453753
37621,453753
37619.4,453753
37619.8,453753
37616.1,453753
37619,453753
37618.7,453753
37619.2,453753
37620.1,453753
37619.6,453753
37621.9,453753
37619.8,453753
37620.2,453753
37619.2,453753
37614.2,453753
37618.9,453753
37618.6,453753
37618.5,453753
37615,453753
37618.6,453753
37620.3,453753
37619.4,453753
37621.5,453753
37620,453753
37618.7,453753
37618.2,453753
37617.5,453753
37614.3,453753
37604.9,453753
37618.7,453753
37619.9,453753
37620.1,453753
37622.1,453753
37620.9,453753
37618.3,453753
37615.4,453753
37618.5,453753
37618.7,453753
37616.8,453753
37616,453753
37620.2,453753
37618.9,453753
37619.6,453753
37619.6,453753
37618.1,453753
37614.7,453753
37617.1,453753
37618.8,453753
37621.6,453753
37618.1,453753
37621.9,453753
37620.4,453753
37619.9,453753
37618.9,453753
37620.7,453753
37618.6,453753
37621.7,453753
37620.9,453753
37619.8,453753
37617.3,453753
37618,453753
37617.8,453753
37618.8,453753
37618.9,453753
37619.3,453753
37613.9,453753
37598.6,453753
37603.3,453753
37619.9,453753
37619.8,453753
37620.8,453753
37620,453753
37618.5,453753
37614.3,453753
37620.2,453753
37619.3,453753
37619.3,453753
37616.1,453753
37619.1,453753
37618.5,453753
37610.8,453753
37616.4,453753
37620.6,453753
37618.1,453753
37618.6,453753
37618.3,453753
37620.3,453753
37619.4,453753
37622,453753
37618.6,453753
37617.1,453753
37617.2,453753
37616.9,453753
37618.4,453753
37620,453753
37621.4,453753
37618.6,453753
37619,453753
37618.9,453753
37614.7,453753
37615.5,453753
37620.2,453753
37619.1,453753
37620.4,453753
37620.7,453753
37620.1,453753
37617.5,453753
37619.8,453753
37620.6,453753
37620.9,453753
37620.1,453753
37620.1,453753
37619.4,453753
37618.8,453753
37620.5,453753
37620.1,453753
37618.9,453753
37620.2,453753
37619.4,453753
37620.7,453753
37620.1,453753
37618.7,453753
37620.9,453753
37618.4,453753
37619.8,453753
37616.3,453753
37618.2,453753
37614,453753
37611,453753
37621.1,453753
37618.5,453753
37618.6,453753
37620.4,453753
37619.4,453753
37620.6,453753
37620.1,453753
37620.6,453753
37621.4,453753
37619.2,453753
37617.2,453753
37616.8,453753
37618.1,453753
37618.4,453753
37619.8,453753
37620.9,453753
37618.6,453753
37615.4,453753
37617.9,453753
37618.8,453753
37620.1,453753
37618.8,453753
37618.1,453753
37618.9,453753
37619,453753
37622.4,453753
37620.8,453753
37620.9,453753
37617.8,453753
37620.1,453753
37620.3,453753
37619.1,453753
37620.9,453753
37620.6,453753
37619.9,453753
37619.3,453753
37618.7,453753
37619.9,453753
37620.7,453753
37618.9,453753
37619.1,453753
37619,453753
37620.3,453753
37621,453753
37619,453753
37615.2,453753
37611.2,453753
37618.8,453753
37619.2,453753
37619.3,453753
37616.6,453753
37618.9,453753
37617.8,453753
37618.9,453753
37617.7,453753
37618.3,453753
37618.5,453753
37603.5,453753
37618.8,453753
37619.2,453753
37619.1,453753
37618.3,453753
37618.6,453753
37617.8,453753
37616.6,453753
37615.1,453753
37614.7,453753
37618.5,453753
37618.7,453753
37619.3,453753
37619.7,453753
37620.4,453753
37619.7,453753
37620.2,453753
37619.2,453753
37619.1,453753
37621.3,453753
37621.7,453753
37619.4,453753
37617.8,453753
37606.8,453753
37620.3,453753
37614.5,453753
37614,453753
37616.5,453753
37618.8,453753
37619.6,453753
37618.6,453753
37620,453753
37621.9,453753
37621.8,453753
37620.2,453753
37617.4,453753
37617.5,453753
37619.5,453753
37619.3,453753
37619.5,453753
37619.3,453753
37619,453753
37580.6,453753
37511,453753
37599,453753
37616.7,453753
37615.3,453753
37615.5,453753
37620.9,453753
37617.8,453753
37618.2,453753
37620.4,453753
37618.1,453753
37612.1,453753
37617.2,453753
37616.5,453753
37619.3,453753
37621,453753
37619.4,453753
37617.2,453753
37616.3,453753
37618,453753
37617.7,453753
37620.2,453753
37619.8,453753
37620.2,453753
37620.6,453753
37619.4,453753
37616.2,453753
37621.5,453753
37620.8,453753
37620.6,453753
37621.6,453753
37619.4,453753
37619.2,453753
37620.3,453753
37623.4,453753
37620.4,453753
37616.7,453753
37619.9,453753
37620,453753
37621,453753
37619.3,453753
37618.4,453753
37620.7,453753
37619.8,453753
37619.1,453753
37616.9,453753
37603.4,453753
37617,453753
37618.6,453753
37615.4,453753
37616.4,453753
37616.6,453753
37619.1,453753
37618.6,453753
37620.2,453753
37619.4,453753
37620.4,453753
37616.9,453753
37619,453753
37618.6,453753
37615.7,453753
37617.5,453753
37620.3,453753
37618.4,453753
37618,453753
37618.5,453753
37618.5,453753
37619.8,453753
37619.8,453753
37617.7,453753
37617.7,453753
37621.2,453753
37621.7,453753
37616.2,453753
37612.7,453753
37622.6,453753
37621.7,453753
37621.1,453753
37622.1,453753
37618.7,453753
37618.8,453753
37621.8,453753
37618.8,453753
37621,453753
37621.4,453753
37620.4,453753
37620,453753
37619.3,453753
37620.4,453753
37619.7,453753
37618.7,453753
37621.4,453753
37617,453753
37618.8,453753
37614.3,453753
37618.5,453753
37618.7,453753
37618.3,453753
37619.1,453753
37619.5,453753
37619.2,453753
37620,453753
37618.7,453753
37618,453753
37617,453753
37619.2,453753
37619.1,453753
37620.2,453753
37620.6,453753
37619,453753
37621.5,453753
37620.9,453753
37621.4,453753
37619.2,453753
37620.2,453753
37619.7,453753
37621.4,453753
37621.4,453753
37620.9,453753
37618.8,453753
37619.6,453753
37620,453753
37620.6,453753
37618.7,453753
37617.2,453753
37616.9,453753
37617.6,453753
37619.6,453753
37614.1,453753
37619.7,453753
37618.1,453753
37618.8,453753
37617.6,453753
37615.7,453753
37618.9,453753
37620,453753
37618.2,453753
37618.4,453753
37618.4,453753
37621.3,453753
37620.3,453753
37618.9,453753
37620.4,453753
37621.6,453753
37620.9,453753
37621.7,453753
37619.4,453753
37615.8,453753
37620.8,453753
37620.5,453753
37620.1,453753
37621.2,453753
37620.6,453753
37621.3,453753
37618.1,453753
37616.2,453753
37618.6,453753
37616.6,453753
37617.6,453753
37619.6,453753
37620.9,453753
37618.2,453753
37619.2,453753
37621,453753
37620.3,453753
37612.7,453753
37616.1,453753
37616.3,453753
37618.8,453753
37611.4,453753
37620.3,453753
37620.2,453753
37621.8,453753
37621.3,453753
37618.6,453753
37623.3,453753
37621.7,453753
37619.9,453753
37621.2,453753
37618.5,453753
37618.7,453753
37621.6,453753
37620.3,453753
37619.3,453753
37619.8,453753
37620.3,453753
37621.6,453753
37621.2,453753
37620.8,453753
37618.1,453753
37621.2,453753
37618.9,453753
37616.8,453753
37621,453753
37619.8,453753
37620.7,453753
37619.1,453753
37619,453753
37619.2,453753
37618.9,453753
37613.1,453753
37616.1,453753
37618.2,453753
37618.8,453753
37620.9,453753
37620.9,453753
37620.7,453753
37619.6,453753
37620.8,453753
37620.7,453753
37620.4,453753
37617.6,453753
37615,453753
37620.4,453753
37621.8,453753
37620.6,453753
37616,453753
37619.6,453753
37620.7,453753
37621.4,453753
37619.7,453753
37617.4,453753
37617.5,453753
37617.1,453753
37619.8,453753
37619.8,453753
37619.3,453753
37614.1,453753
37614.1,453753
37612.9,453753
37618.9,453753
37619.3,453753
37620.3,453753
37614.7,453753
37620.8,453753
37619.8,453753
37621.3,453753
37621.4,453753
37621.3,453753
37619.4,453753
37621.9,453753
37619.4,453753
37619.3,453753
37617.8,453753
37618,453753
37620.7,453753
37620.5,453753
37620.6,453753
37619.9,453753
37620.8,453753
37619,453753
37619,453753
37620.3,453753
37619.4,453753
37620.4,453753
37620.4,453753
37619.4,453753
37619.7,453753
37615.8,453753
37616.4,453753
37618.5,453753
37618.9,453753
37616.6,453753
37620.1,453753
37621,453753
37620.7,453753
37618.4,453753
37618.7,453753
37622,453753
37620.6,453753
37621.9,453753
37621,453753
37620,453753
37620.8,453753
37619.6,453753
37621.7,453753
37620.1,453753
37621.4,453753
37620,453753
37617.4,453753
37611.1,453753
37619.3,453753
37620.2,453753
37620.5,453753
37616.3,453753
37610.5,453753
37617.9,453753
37619.5,453753
37618.3,453753
37614.6,453753
37616.8,453753
37616.5,453753
37609.7,453753
37618.1,453753
37619.4,453753
37620.9,453753
37617.6,453753
37620.6,453753
37610,453753
37614,453753
37619.1,453753
37619.1,453753
37620.4,453753
37618.6,453753
37620.9,453753
37621.6,453753
37621.2,453753
37620.6,453753
37618.6,453753
37620.4,453753
37618,453753
37618.3,453753
37619.6,453753
37614.6,453753
37612.3,453753
37618.9,453753
37619.5,453753
37620.5,453753
37619.7,453753
37619.7,453753
37619.9,453753
37620.9,453753
37621.5,453753
37620.4,453753
37619.4,453753
37621.4,453753
37620.4,453753
37617.8,453753
37621.5,453753
37620,453753
37620.9,453753
37620,453753
37620,453753
37619.3,453753
37620.5,453753
37619.6,453753
37620.8,453753
37618.9,453753
37620.4,453753
37622,453753
37620.3,453753
37619.6,453753
37617.2,453753
37621,453753
37619.7,453753
37620,453753
37622.1,453753
37617.9,453753
37616.4,453753
37619.5,453753
37621.3,453753
37618.2,453753
37614.7,453753
37618.5,453753
37621.8,453753
37620,453753
37622.5,453753
37621.4,453546
