TRACE,NSNPS_JACKKNIFE
37673.6,453753
37673.6,453753
37672.1,453753
37672.4,453753
37671.4,453753
37673.8,453753
37671.9,453753
37670.5,453753
37671.7,453753
37673.2,453753
37671.7,453753
37668.8,453753
37673.8,453753
37671.8,453753
37672.2,453753
37674.6,453753
37671.9,453753
37667.6,453753
37668.5,453753
37670,453753
37672.2,453753
37673.1,453753
37672.6,453753
37672.7,453753
37672.8,453753
37672.2,453753
37670.1,453753
37670.1,453753
37672.6,453753
37672.6,453753
37672,453753
37670.5,453753
37670.6,453753
37670,453753
37672.3,453753
37671.9,453753
37671.5,453753
37670.3,453753
37672,453753
37673.5,453753
37672.9,453753
37670.4,453753
37669.7,453753
37668.2,453753
37667.2,453753
37672.4,453753
37670.6,453753
37671.2,453753
37673.1,453753
37672.1,453753
37672.3,453753
37670.1,453753
37670.7,453753
37669.5,453753
37667.3,453753
37671.2,453753
37672.6,453753
37666.9,453753
37670.2,453753
37669.2,453753
37671.3,453753
37674,453753
37671.9,453753
37671.5,453753
37670.6,453753
37671.8,453753
37670.6,453753
37670.8,453753
37671.1,453753
37671.5,453753
37665.9,453753
37670.8,453753
37672.3,453753
37672.2,453753
37673.2,453753
37673.1,453753
37672.1,453753
37672.1,453753
37673.1,453753
37673.6,453753
37667.7,453753
37672.1,453753
37672.2,453753
37673.9,453753
37672.9,453753
37672.2,453753
37673.1,453753
37674.9,453753
37672.8,453753
37671.3,453753
37670.3,453753
37668,453753
37672.1,453753
37657.2,453753
37670.9,453753
37671.4,453753
37672.9,453753
37673.2,453753
37672.1,453753
37673.4,453753
37669.7,453753
37670.6,453753
37670.6,453753
37670.4,453753
37668.4,453753
37670.1,453753
37671.6,453753
37670.4,453753
37671.9,453753
37672.2,453753
37671,453753
37672.1,453753
37670.8,453753
37667.2,453753
37670,453753
37666.2,453753
37672.2,453753
37671.2,453753
37671,453753
37669.1,453753
37670.6,453753
37672.3,453753
37669.8,453753
37672.1,453753
37672.4,453753
37672,453753
37669.3,453753
37672.2,453753
37670.7,453753
37671.3,453753
37671.6,453753
37672.7,453753
37670.8,453753
37672.5,453753
37667.1,453753
37671.5,453753
37673,453753
37670.8,453753
37668.3,453753
37671.2,453753
37666.3,453753
37664.4,453753
37670.6,453753
37669.3,453753
37670.4,453753
37671.5,453753
37672.1,453753
37672.2,453753
37670.3,453753
37671.2,453753
37669.7,453753
37673.5,453753
37673,453753
37671.9,453753
37671.6,453753
37670.4,453753
37672.9,453753
37673,453753
37672.9,453753
37672.9,453753
37669.2,453753
37671.9,453753
37673,453753
37672.9,453753
37673.4,453753
37674,453753
37672.8,453753
37671.3,453753
37673.3,453753
37671.7,453753
37668.8,453753
37671.8,453753
37672,453753
37672.3,453753
37672.4,453753
37671.4,453753
37672.5,453753
37670.3,453753
37671,453753
37670.7,453753
37669.1,453753
37654.3,453753
37658.9,453753
37672.3,453753
37670.1,453753
37673,453753
37672.9,453753
37673.1,453753
37673.1,453753
37671.4,453753
37673.4,453753
37672.8,453753
37668.4,453753
37665.9,453753
37666.3,453753
37663.6,453753
37668.3,453753
37667.2,453753
37671.6,453753
37671.3,453753
37671.8,453753
37671.8,453753
37672.7,453753
37667.9,453753
37671,453753
37670,453753
37672.6,453753
37670.4,453753
37669.6,453753
37667.6,453753
37670,453753
37672.3,453753
37671.8,453753
37673.3,453753
37669.7,453753
37671,453753
37666.1,453753
37665.2,453753
37667.7,453753
37664.7,453753
37674.7,453753
37672.8,453753
37673.9,453753
37672.7,453753
37669.6,453753
37672.4,453753
37673.8,453753
37672.2,453753
37673.4,453753
37672.2,453753
37671.4,453753
37667.4,453753
37668,453753
37672.7,453753
37673.7,453753
37673.8,453753
37671.8,453753
37670.2,453753
37667.2,453753
37672.9,453753
37670.5,453753
37673.5,453753
37673.8,453753
37672.3,453753
37672,453753
37672.3,453753
37670.4,453753
37672.5,453753
37671.5,453753
37668.1,453753
37667.6,453753
37671.2,453753
37671.2,453753
37668.7,453753
37669.7,453753
37669.9,453753
37670.7,453753
37668.9,453753
37667,453753
37671.1,453753
37674.2,453753
37668.4,453753
37663.8,453753
37668.9,453753
37670.7,453753
37669,453753
37670.6,453753
37665.1,453753
37672.2,453753
37671.4,453753
37670.9,453753
37667.3,453753
37669.3,453753
37670.6,453753
37671.2,453753
37668.1,453753
37672.8,453753
37670.5,453753
37670.7,453753
37667,453753
37672.1,453753
37670.7,453753
37672.3,453753
37671.2,453753
37671.6,453753
37671.5,453753
37672,453753
37670.8,453753
37671,453753
37673.3,453753
37671.6,453753
37671.4,453753
37673.8,453753
37673.3,453753
37673.1,453753
37672.6,453753
37670.9,453753
37673.4,453753
37674.6,453753
37673.5,453753
37672.1,453753
37671,453753
37674.4,453753
37671.9,453753
37673.8,453753
37672.9,453753
37670.2,453753
37672.4,453753
37670.5,453753
37672,453753
37671.1,453753
37671.4,453753
37669.5,453753
37664.5,453753
37661.7,453753
37670.6,453753
37671.2,453753
37670.1,453753
37670.5,453753
37671.5,453753
37670.3,453753
37672.9,453753
37673.8,453753
37673.1,453753
37670,453753
37668.9,453753
37670,453753
37670.6,453753
37669.2,453753
37667.7,453753
37664,453753
37671.7,453753
37672.6,453753
37671.4,453753
37671.4,453753
37672.3,453753
37669.6,453753
37671.9,453753
37672.6,453753
37669.4,453753
37666.3,453753
37672.6,453753
37664,453753
37667,453753
37668.7,453753
37669.7,453753
37672.6,453753
37670.4,453753
37671.8,453753
37654.5,453753
37671.1,453753
37671.5,453753
37671.6,453753
37673.8,453753
37675,453753
37674.1,453753
37675.1,453753
37672.6,453753
37671.4,453753
37672.6,453753
37674.6,453753
37673.8,453753
37671.2,453753
37673.4,453753
37672.1,453753
37671.2,453753
37672,453753
37673.4,453753
37671.3,453753
37672.6,453753
37671.2,453753
37671.2,453753
37669.6,453753
37672,453753
37671.2,453753
37670.9,453753
37668.9,453753
37662.2,453753
37666.2,453753
37669.1,453753
37661.8,453753
37666.1,453753
37669.2,453753
37671.9,453753
37669.1,453753
37667.2,453753
37664.7,453753
37667.2,453753
37669.8,453753
37670.2,453753
37669.6,453753
37668.2,453753
37669.9,453753
37671.1,453753
37672.7,453753
37668.9,453753
37669.1,453753
37667,453753
37665.3,453753
37670.5,453753
37670.8,453753
37671.2,453753
37672.2,453753
37669.5,453753
37674.2,453753
37659.2,453753
37670.5,453753
37670.2,453753
37670.6,453753
37672.3,453753
37673.2,453753
37672.4,453753
37672.4,453753
37672.9,453753
37672.7,453753
37672.1,453753
37673.6,453753
37671.7,453753
37670,453753
37668.6,453753
37671.7,453753
37671.9,453753
37672.1,453753
37670.7,453753
37673.1,453753
37671.1,453753
37672,453753
37672.8,453753
37666.4,453753
37671.8,453753
37671.8,453753
37672.2,453753
37666.3,453753
37673.6,453753
37672.2,453753
37673.5,453753
37672,453753
37669.8,453753
37670.4,453753
37671.4,453753
37671.2,453753
37667.8,453753
37652,453753
37670.1,453753
37671,453753
37670.8,453753
37673.6,453753
37672.7,453753
37670.2,453753
37668.1,453753
37669.6,453753
37671.7,453753
37669.2,453753
37668.9,453753
37674.2,453753
37672.5,453753
37672.1,453753
37670.7,453753
37670.3,453753
37668.8,453753
37667.4,453753
37668.1,453753
37670.9,453753
37671.4,453753
37672.4,453753
37673.6,453753
37671.4,453753
37669.6,453753
37672.5,453753
37672,453753
37675.2,453753
37672.5,453753
37672.9,453753
37670.9,453753
37670.5,453753
37671.6,453753
37670.6,453753
37674.3,453753
37670.6,453753
37666.3,453753
37653.4,453753
37659.3,453753
37670.3,453753
37671.1,453753
37671.4,453753
37668.9,453753
37672,453753
37669.3,453753
37672.8,453753
37670.8,453753
37671.8,453753
37669.2,453753
37673.2,453753
37670.4,453753
37665.3,453753
37669.6,453753
37671,453753
37671.7,453753
37670.7,453753
37671.2,453753
37671.2,453753
37673.5,453753
37672.5,453753
37672.9,453753
37668.9,453753
37671,453753
37670.8,453753
37670.5,453753
37670.9,453753
37673.2,453753
37670.9,453753
37670.7,453753
37669.5,453753
37667.2,453753
37667.2,453753
37672.7,453753
37672.5,453753
37673.5,453753
37672.5,453753
37674,453753
37671,453753
37672.1,453753
37673.7,453753
37673.1,453753
37674.6,453753
37671.8,453753
37672.6,453753
37670.3,453753
37673.5,453753
37672.8,453753
37673.2,453753
37672.7,453753
37673.4,453753
37673,453753
37673.3,453753
37670.6,453753
37671.9,453753
37671.1,453753
37672.9,453753
37667.9,453753
37669.7,453753
37668.6,453753
37663.4,453753
37672.8,453753
37670.5,453753
37671.6,453753
37672,453753
37670.2,453753
37671.9,453753
37673.1,453753
37671.4,453753
37672.6,453753
37672.2,453753
37669.3,453753
37670.4,453753
37671.8,453753
37670.1,453753
37670.7,453753
37672.3,453753
37672,453753
37669,453753
37671.1,453753
37670.6,453753
37673,453753
37671.5,453753
37671.6,453753
37672.7,453753
37672.3,453753
37673.7,453753
37673.4,453753
37674.6,453753
37671.3,453753
37670.5,453753
37671.2,453753
37672.2,453753
37672.3,453753
37672.3,453753
37670.4,453753
37673,453753
37671.6,453753
37672.6,453753
37673,453753
37670.1,453753
37671.7,453753
37671.6,453753
37671.4,453753
37672.1,453753
37670.4,453753
37668.1,453753
37663.2,453753
37670.1,453753
37671.7,453753
37672,453753
37667.9,453753
37670.9,453753
37670.9,453753
37670.9,453753
37671.1,453753
37670.7,453753
37669.4,453753
37647,453753
37672.2,453753
37674,453753
37671.2,453753
37673.8,453753
37668.4,453753
37670.5,453753
37670.5,453753
37669,453753
37664.7,453753
37670.3,453753
37672.6,453753
37673.1,453753
37671.3,453753
37675.2,453753
37673.1,453753
37673.2,453753
37672,453753
37674.2,453753
37670.1,453753
37674.2,453753
37672.1,453753
37669.9,453753
37662.7,453753
37672.9,453753
37667.7,453753
37663.7,453753
37670,453753
37670.1,453753
37673.8,453753
37671.4,453753
37672.5,453753
37673.9,453753
37672.2,453753
37671.8,453753
37668.8,453753
37671,453753
37671,453753
37672.5,453753
37670.9,453753
37672.4,453753
37671.7,453753
37633,453753
37559.8,453753
37649.3,453753
37669.7,453753
37669.9,453753
37666.5,453753
37671.7,453753
37670,453753
37669.7,453753
37673.1,453753
37670.9,453753
37663.1,453753
37669.2,453753
37671,453753
37670.2,453753
37672.8,453753
37672.3,453753
37668.5,453753
37669.7,453753
37669.9,453753
37671.4,453753
37672.8,453753
37671.9,453753
37673.7,453753
37674,453753
37671.5,453753
37668.7,453753
37673.2,453753
37672.3,453753
37673.1,453753
37672.3,453753
37672.4,453753
37673.3,453753
37674.7,453753
37674,453753
37671.9,453753
37672,453753
37671.7,453753
37673.4,453753
37672.8,453753
37671.5,453753
37671.4,453753
37672.8,453753
37671.1,453753
37670.1,453753
37664.8,453753
37657.5,453753
37669.3,453753
37670.7,453753
37670.1,453753
37668.8,453753
37669.7,453753
37668.9,453753
37669.2,453753
37668.3,453753
37672.3,453753
37673.3,453753
37670.4,453753
37672.5,453753
37671.6,453753
37668.6,453753
37668.4,453753
37672.8,453753
37670.9,453753
37668.9,453753
37671.8,453753
37673,453753
37671.4,453753
37672.7,453753
37669.5,453753
37670.1,453753
37673.3,453753
37672.8,453753
37669.7,453753
37669.1,453753
37672.8,453753
37673.7,453753
37673.9,453753
37672.9,453753
37672.8,453753
37670,453753
37673,453753
37673.4,453753
37671.9,453753
37672.7,453753
37672.2,453753
37673.6,453753
37673.9,453753
37670.8,453753
37671.2,453753
37672.5,453753
37673.1,453753
37672.4,453753
37672.1,453753
37667.4,453753
37669.8,453753
37668.7,453753
37670.7,453753
37671.5,453753
37673.3,453753
37670.7,453753
37672.3,453753
37669.2,453753
37669.2,453753
37670.6,453753
37672.6,453753
37670.5,453753
37672.4,453753
37672.8,453753
37673.1,453753
37673.8,453753
37673.3,453753
37672.9,453753
37669.8,453753
37673.4,453753
37671.5,453753
37673.1,453753
37673.2,453753
37672.3,453753
37671.6,453753
37672.4,453753
37674,453753
37671,453753
37670.2,453753
37669.7,453753
37667.8,453753
37671,453753
37672.5,453753
37668.8,453753
37673.6,453753
37670.4,453753
37672.1,453753
37670.1,453753
37669.6,453753
37669.6,453753
37670.7,453753
37671.1,453753
37671.2,453753
37671.8,453753
37672.2,453753
37672.1,453753
37672.5,453753
37673.1,453753
37673.1,453753
37673.4,453753
37674.3,453753
37674.3,453753
37670.6,453753
37672.8,453753
37674.1,453753
37673.7,453753
37673.3,453753
37672.5,453753
37671.8,453753
37670.7,453753
37669.2,453753
37672.6,453753
37670.5,453753
37671,453753
37673,453753
37674.4,453753
37670.9,453753
37671.4,453753
37673,453753
37674.3,453753
37663.3,453753
37668.9,453753
37668.2,453753
37671.8,453753
37665,453753
37672.5,453753
37671.4,453753
37672.5,453753
37675.3,453753
37672.9,453753
37674.4,453753
37675.7,453753
37671.3,453753
37673.3,453753
37669.3,453753
37670.4,453753
37673.1,453753
37672,453753
37670.7,453753
37670.3,453753
37673.9,453753
37673,453753
37674.7,453753
37671.4,453753
37672.4,453753
37672.6,453753
37669.2,453753
37669,453753
37673.7,453753
37672.6,453753
37671.6,453753
37670.6,453753
37671.7,453753
37671.9,453753
37671.6,453753
37667.5,453753
37666.6,453753
37670,453753
37672.7,453753
37672.1,453753
37673.2,453753
37673.1,453753
37671.8,453753
37672.2,453753
37674.7,453753
37674.7,453753
37670.1,453753
37667.6,453753
37671.7,453753
37673.5,453753
37670.7,453753
37670.7,453753
37674.2,453753
37672.9,453753
37673.5,453753
37672.2,453753
37669.6,453753
37667.9,453753
37669.3,453753
37672.2,453753
37671.2,453753
37671.6,453753
37663.8,453753
37668.3,453753
37663.7,453753
37674.5,453753
37673.2,453753
37673.4,453753
37667.7,453753
37671.7,453753
37672.6,453753
37672.8,453753
37673.4,453753
37674.1,453753
37672.1,453753
37673.6,453753
37672.8,453753
37672.1,453753
37671.1,453753
37672,453753
37674.2,453753
37675.6,453753
37674.4,453753
37672.3,453753
37673.2,453753
37672.1,453753
37670.2,453753
37670.2,453753
37671.9,453753
37672,453753
37670.9,453753
37669.6,453753
37671.5,453753
37668.3,453753
37670.4,453753
37671.6,453753
37671,453753
37667.6,453753
37670.5,453753
37672.1,453753
37673,453753
37671.9,453753
37672.4,453753
37674.1,453753
37672.8,453753
37672.2,453753
37672.6,453753
37671.6,453753
37672.5,453753
37673.3,453753
37675.1,453753
37674.1,453753
37673,453753
37671.3,453753
37670.2,453753
37662.8,453753
37671.5,453753
37669.4,453753
37672.8,453753
37669,453753
37662.1,453753
37669.9,453753
37674,453753
37673.6,453753
37667.4,453753
37669.7,453753
37668.6,453753
37661.8,453753
37672.6,453753
37673,453753
37673.1,453753
37669.6,453753
37673.7,453753
37662.1,453753
37664.9,453753
37671.4,453753
37672,453753
37674.3,453753
37671,453753
37673,453753
37673.4,453753
37674.4,453753
37672.5,453753
37672.1,453753
37672.4,453753
37672.2,453753
37670.4,453753
37671.2,453753
37665.9,453753
37664.9,453753
37672.4,453753
37673,453753
37673.5,453753
37670.4,453753
37670.1,453753
37672.1,453753
37672.2,453753
37674,453753
37674,453753
37673.1,453753
37673.4,453753
37674.1,453753
37670.3,453753
37673.2,453753
37673.6,453753
37673.5,453753
37671.8,453753
37673.4,453753
37673,453753
37672.4,453753
37671.2,453753
37672.1,453753
37672.2,453753
37672.2,453753
37673.7,453753
37672.6,453753
37672.5,453753
37670.1,453753
37674.3,453753
37673.2,453753
37673,453753
37673.2,453753
37672.4,453753
37666.4,453753
37671.7,453753
37673.4,453753
37671.3,453753
37666.9,453753
37668.9,453753
37672.9,453753
37673.1,453753
37672.5,453753
37676.8,453546
