TRACE,NSNPS_JACKKNIFE
37649.9,453753
37652.1,453753
37651.3,453753
37650.5,453753
37650.6,453753
37651.3,453753
37648.6,453753
37650.1,453753
37649.2,453753
37649.3,453753
37649.1,453753
37646.8,453753
37650.8,453753
37648.7,453753
37651.3,453753
37650.7,453753
37649.6,453753
37644.8,453753
37647.1,453753
37648.6,453753
37650.8,453753
37650.3,453753
37649.6,453753
37651.7,453753
37649.9,453753
37650.6,453753
37646.6,453753
37646.1,453753
37649.8,453753
37649.1,453753
37648.8,453753
37648.2,453753
37650.2,453753
37648.8,453753
37650.3,453753
37649.7,453753
37650.1,453753
37648.9,453753
37648.5,453753
37650.4,453753
37650.3,453753
37650.3,453753
37648.4,453753
37647.4,453753
37646.4,453753
37648.7,453753
37650.3,453753
37650.3,453753
37650,453753
37650.4,453753
37650.7,453753
37645.7,453753
37648,453753
37649.1,453753
37647.2,453753
37649.4,453753
37648.4,453753
37644.4,453753
37647.9,453753
37647.9,453753
37650.5,453753
37652.3,453753
37650.5,453753
37649.2,453753
37648.2,453753
37650.7,453753
37651,453753
37648.4,453753
37650.2,453753
37648.3,453753
37643.6,453753
37650.4,453753
37648.7,453753
37652.3,453753
37650.5,453753
37650.4,453753
37651.9,453753
37650,453753
37652.1,453753
37651.5,453753
37646.1,453753
37648.9,453753
37650.3,453753
37651.6,453753
37652.5,453753
37650.3,453753
37649.7,453753
37651.1,453753
37650.7,453753
37650.5,453753
37649.1,453753
37644.8,453753
37650.1,453753
37629.9,453753
37649.4,453753
37648.5,453753
37649.7,453753
37649.9,453753
37651.3,453753
37651.8,453753
37650.2,453753
37648.2,453753
37649.4,453753
37647.1,453753
37647.5,453753
37648.6,453753
37650.8,453753
37649.6,453753
37648.7,453753
37649.4,453753
37651.1,453753
37648.3,453753
37647,453753
37646,453753
37646.9,453753
37647.5,453753
37651.4,453753
37649.9,453753
37648,453753
37647.5,453753
37647.9,453753
37651.6,453753
37648.8,453753
37649.9,453753
37651.1,453753
37648.8,453753
37649.3,453753
37647.3,453753
37649.2,453753
37649.1,453753
37650.6,453753
37651.6,453753
37648.2,453753
37649.8,453753
37648,453753
37649.2,453753
37649.5,453753
37649.9,453753
37648.2,453753
37649.3,453753
37646.7,453753
37645.7,453753
37649.1,453753
37646.5,453753
37646.6,453753
37647.2,453753
37647.5,453753
37646.9,453753
37649.3,453753
37649.8,453753
37650,453753
37651.3,453753
37651.1,453753
37650.8,453753
37649.5,453753
37650.1,453753
37650.4,453753
37650.4,453753
37651.1,453753
37651.8,453753
37649.2,453753
37649.3,453753
37650.7,453753
37651.8,453753
37650.6,453753
37650.5,453753
37652,453753
37650.6,453753
37649.6,453753
37651.4,453753
37649.3,453753
37649.3,453753
37649.4,453753
37649.3,453753
37652.1,453753
37648.6,453753
37650,453753
37646.1,453753
37648.8,453753
37647.6,453753
37649.1,453753
37633.3,453753
37637.3,453753
37649.3,453753
37649.1,453753
37649.7,453753
37649.6,453753
37651.9,453753
37649.7,453753
37649.5,453753
37651.9,453753
37651.4,453753
37648,453753
37641.4,453753
37643.7,453753
37640.4,453753
37646.6,453753
37647.9,453753
37649.9,453753
37650.4,453753
37649.7,453753
37649.7,453753
37649.4,453753
37646.4,453753
37650.4,453753
37647.1,453753
37648.8,453753
37650.5,453753
37647.6,453753
37645.3,453753
37650.5,453753
37649.6,453753
37650.9,453753
37650.3,453753
37648.6,453753
37648.7,453753
37642.3,453753
37644.9,453753
37645.2,453753
37646.5,453753
37651.6,453753
37651.3,453753
37650,453753
37651.1,453753
37647.4,453753
37650.6,453753
37652.5,453753
37651.4,453753
37649.8,453753
37650.3,453753
37646.9,453753
37646.9,453753
37648.4,453753
37650.8,453753
37653.5,453753
37651,453753
37649.6,453753
37649.7,453753
37643.9,453753
37648.6,453753
37647.4,453753
37650.9,453753
37651.6,453753
37649.1,453753
37648.8,453753
37649.1,453753
37648.6,453753
37649.8,453753
37651.1,453753
37648.7,453753
37645.9,453753
37650.4,453753
37648.2,453753
37646.3,453753
37648.6,453753
37647.7,453753
37647.3,453753
37649.3,453753
37644.6,453753
37649.6,453753
37650.2,453753
37647.5,453753
37643,453753
37647,453753
37650,453753
37647.9,453753
37648.8,453753
37642.3,453753
37648.5,453753
37649.8,453753
37648.1,453753
37642.3,453753
37648.6,453753
37646.8,453753
37648.2,453753
37648.8,453753
37649.6,453753
37650,453753
37649.8,453753
37646.9,453753
37649,453753
37649,453753
37650.2,453753
37649.4,453753
37648.7,453753
37650.1,453753
37651.4,453753
37649.2,453753
37650.1,453753
37650.9,453753
37651.7,453753
37650.2,453753
37649.7,453753
37650.7,453753
37651.6,453753
37648.9,453753
37649,453753
37648.7,453753
37651.6,453753
37649.6,453753
37651,453753
37651.9,453753
37651.9,453753
37650.9,453753
37649.7,453753
37649.9,453753
37650.1,453753
37650.1,453753
37649.7,453753
37651.8,453753
37651.1,453753
37647.8,453753
37647.2,453753
37642,453753
37639.1,453753
37648.1,453753
37650.4,453753
37647.3,453753
37649.9,453753
37650.7,453753
37649.8,453753
37649.8,453753
37649.5,453753
37651.8,453753
37650.8,453753
37645.2,453753
37647.7,453753
37648.6,453753
37649.5,453753
37648.4,453753
37639.4,453753
37649.5,453753
37648.5,453753
37650.7,453753
37651.1,453753
37650,453753
37648.1,453753
37649.4,453753
37649.7,453753
37647.2,453753
37647.4,453753
37650.2,453753
37640.9,453753
37640.8,453753
37649.9,453753
37648.7,453753
37650,453753
37647.9,453753
37648.7,453753
37640.5,453753
37650.2,453753
37649.7,453753
37650.4,453753
37652.2,453753
37652.2,453753
37650.8,453753
37653,453753
37651.1,453753
37649.8,453753
37648.6,453753
37651.2,453753
37651.4,453753
37650.8,453753
37650.5,453753
37649.3,453753
37651,453753
37650,453753
37651.5,453753
37649.1,453753
37650,453753
37649.1,453753
37648,453753
37650.6,453753
37650,453753
37647.3,453753
37648.3,453753
37645.9,453753
37642.4,453753
37646.1,453753
37648.6,453753
37635.7,453753
37643.3,453753
37646.6,453753
37648.6,453753
37648.7,453753
37644,453753
37645.1,453753
37643.1,453753
37648,453753
37649.2,453753
37649.8,453753
37648.3,453753
37648.6,453753
37649.1,453753
37647.8,453753
37650.9,453753
37649,453753
37643.8,453753
37645.7,453753
37648.7,453753
37647.5,453753
37648.5,453753
37650.7,453753
37649.2,453753
37652.9,453753
37642.4,453753
37650.3,453753
37649.8,453753
37650,453753
37650.1,453753
37652,453753
37650.7,453753
37649.5,453753
37651,453753
37653.1,453753
37652.2,453753
37650.2,453753
37648.6,453753
37646.2,453753
37648.3,453753
37650.3,453753
37648,453753
37650,453753
37646.8,453753
37649.9,453753
37650.9,453753
37650.7,453753
37647.9,453753
37648.8,453753
37649.4,453753
37650.3,453753
37650.6,453753
37644.8,453753
37649.4,453753
37648.7,453753
37648.4,453753
37650.5,453753
37647,453753
37649.3,453753
37647.9,453753
37649.4,453753
37647.4,453753
37634.6,453753
37649.2,453753
37648.8,453753
37649.8,453753
37650.7,453753
37651.2,453753
37646.9,453753
37646.5,453753
37649.6,453753
37650.4,453753
37649.6,453753
37648.9,453753
37649.7,453753
37651.1,453753
37649.8,453753
37650,453753
37647.6,453753
37647.7,453753
37648,453753
37650.1,453753
37650.9,453753
37648.5,453753
37652.1,453753
37650.6,453753
37648.1,453753
37650.6,453753
37650.3,453753
37647.8,453753
37652.2,453753
37651,453753
37650.9,453753
37648.4,453753
37646.6,453753
37649.6,453753
37649,453753
37650,453753
37650.7,453753
37642,453753
37631.3,453753
37634,453753
37650.7,453753
37649.4,453753
37650.8,453753
37650,453753
37650.6,453753
37645.9,453753
37651.1,453753
37650.8,453753
37651.4,453753
37648.1,453753
37650.7,453753
37649.3,453753
37641.9,453753
37646.9,453753
37648.1,453753
37647.4,453753
37650.1,453753
37649.1,453753
37648.2,453753
37652,453753
37650.5,453753
37648.5,453753
37649.8,453753
37649.3,453753
37647.1,453753
37647.5,453753
37649.9,453753
37652.2,453753
37649.2,453753
37648.7,453753
37648.2,453753
37644.6,453753
37645.3,453753
37652.6,453753
37650.9,453753
37651.3,453753
37651.7,453753
37651.4,453753
37651.1,453753
37651.2,453753
37651.3,453753
37649.6,453753
37650.9,453753
37651.1,453753
37649.5,453753
37649.4,453753
37652.5,453753
37651.5,453753
37651.2,453753
37650.5,453753
37651.2,453753
37650.6,453753
37649.5,453753
37649.1,453753
37650.6,453753
37647.3,453753
37652.2,453753
37647.3,453753
37648.1,453753
37644.6,453753
37641.9,453753
37649,453753
37648.9,453753
37649.2,453753
37652.4,453753
37651.2,453753
37649.4,453753
37650.3,453753
37649.9,453753
37649.6,453753
37649.8,453753
37647.8,453753
37645.8,453753
37649.7,453753
37649.4,453753
37648.5,453753
37650.1,453753
37649.9,453753
37647.3,453753
37649.8,453753
37649.2,453753
37650.3,453753
37649.9,453753
37648.9,453753
37650.8,453753
37651.9,453753
37650.5,453753
37651.7,453753
37651.6,453753
37648.9,453753
37652,453753
37650.2,453753
37650.3,453753
37650.2,453753
37649.4,453753
37650.7,453753
37650.7,453753
37650.6,453753
37650.6,453753
37651.8,453753
37646.4,453753
37649.2,453753
37650.7,453753
37649.5,453753
37650.3,453753
37648.2,453753
37644.8,453753
37638.1,453753
37648.2,453753
37649.8,453753
37650.7,453753
37647.4,453753
37650,453753
37649.7,453753
37646.8,453753
37648.4,453753
37650.6,453753
37650.4,453753
37630.9,453753
37648.6,453753
37650.2,453753
37648.5,453753
37651,453753
37647,453753
37648.5,453753
37651.2,453753
37648.4,453753
37646.2,453753
37648,453753
37650.7,453753
37650.2,453753
37650.1,453753
37650.3,453753
37649.9,453753
37650.2,453753
37650,453753
37650.6,453753
37651.3,453753
37652.5,453753
37651.4,453753
37648.5,453753
37640.5,453753
37650.4,453753
37645.7,453753
37641.7,453753
37647.4,453753
37648,453753
37652.2,453753
37650.1,453753
37647.8,453753
37651.5,453753
37652.2,453753
37649.9,453753
37645.6,453753
37647.8,453753
37649.9,453753
37651.2,453753
37651,453753
37649.7,453753
37649.1,453753
37612.1,453753
37551.8,453753
37628,453753
37645.7,453753
37647.4,453753
37646.4,453753
37649.2,453753
37649.3,453753
37649.4,453753
37651.9,453753
37647.1,453753
37641.5,453753
37647.8,453753
37647.2,453753
37649.3,453753
37652,453753
37651.1,453753
37646.9,453753
37647.4,453753
37650.3,453753
37650.3,453753
37650.3,453753
37649.8,453753
37650.7,453753
37651.9,453753
37650.6,453753
37649.8,453753
37651.5,453753
37652,453753
37652.2,453753
37650.4,453753
37648.8,453753
37648.9,453753
37650.3,453753
37652.1,453753
37650.8,453753
37649.5,453753
37651.2,453753
37649.6,453753
37648.7,453753
37648.2,453753
37648.9,453753
37650.6,453753
37649.3,453753
37649.2,453753
37645.2,453753
37635.2,453753
37647.9,453753
37647.7,453753
37645,453753
37648.6,453753
37645.6,453753
37649,453753
37649,453753
37649.9,453753
37651.2,453753
37649.5,453753
37650.5,453753
37650.6,453753
37649.2,453753
37647.5,453753
37645.7,453753
37650.9,453753
37648.3,453753
37645.3,453753
37650.4,453753
37650.9,453753
37649.5,453753
37650.8,453753
37648.9,453753
37648.5,453753
37651.4,453753
37652.3,453753
37647.2,453753
37645.8,453753
37650.3,453753
37652.4,453753
37651.2,453753
37651,453753
37649.7,453753
37646.7,453753
37651.1,453753
37650.7,453753
37647.6,453753
37651.6,453753
37651.6,453753
37650.3,453753
37650.5,453753
37650.3,453753
37650.3,453753
37650.5,453753
37650.2,453753
37648.1,453753
37648.2,453753
37643.9,453753
37647.5,453753
37648.4,453753
37648.2,453753
37650.3,453753
37651.6,453753
37650.2,453753
37648.7,453753
37649.6,453753
37647.7,453753
37650.5,453753
37649.6,453753
37650.3,453753
37649.5,453753
37650.7,453753
37650.2,453753
37652.3,453753
37652.3,453753
37651.4,453753
37650.2,453753
37651.2,453753
37648.5,453753
37650,453753
37652.2,453753
37649.7,453753
37651.8,453753
37651.2,453753
37651.9,453753
37649.5,453753
37646.7,453753
37648,453753
37646.3,453753
37650,453753
37650.6,453753
37642.1,453753
37650.1,453753
37648.4,453753
37646.8,453753
37647.3,453753
37648,453753
37648.5,453753
37650.6,453753
37647.5,453753
37649.1,453753
37649.1,453753
37650.2,453753
37651,453753
37650.5,453753
37648.4,453753
37652.5,453753
37651.2,453753
37650.5,453753
37651.1,453753
37648.5,453753
37650.2,453753
37653,453753
37651.9,453753
37648.4,453753
37651,453753
37651.1,453753
37649.7,453753
37648.3,453753
37649.8,453753
37645.6,453753
37648.1,453753
37650.4,453753
37650.8,453753
37650,453753
37650.2,453753
37650.2,453753
37650.8,453753
37643.3,453753
37645.9,453753
37647.2,453753
37648.3,453753
37641.6,453753
37650.2,453753
37648.9,453753
37650.5,453753
37652.7,453753
37650.9,453753
37651.9,453753
37651.8,453753
37650.5,453753
37652.1,453753
37647.5,453753
37648.9,453753
37653.1,453753
37650,453753
37649.9,453753
37649.6,453753
37650.2,453753
37650,453753
37650.3,453753
37649.1,453753
37651.5,453753
37651.1,453753
37648.6,453753
37648.8,453753
37651.8,453753
37648.5,453753
37650.7,453753
37649.2,453753
37648.6,453753
37650.4,453753
37650.2,453753
37641.7,453753
37644.1,453753
37648.6,453753
37650.7,453753
37652.1,453753
37651.6,453753
37650.2,453753
37651.8,453753
37650.6,453753
37650.1,453753
37650.4,453753
37648.5,453753
37644.6,453753
37650.1,453753
37651.8,453753
37647.3,453753
37647.3,453753
37652.7,453753
37651.9,453753
37650.9,453753
37650.9,453753
37648.3,453753
37649.9,453753
37647.2,453753
37652,453753
37649.3,453753
37647.5,453753
37642.9,453753
37644.1,453753
37637.9,453753
37650.6,453753
37650.5,453753
37650.9,453753
37646.4,453753
37651.1,453753
37650.7,453753
37651.8,453753
37652.2,453753
37650.7,453753
37650.8,453753
37651.8,453753
37650.1,453753
37650.6,453753
37650,453753
37650.4,453753
37652.9,453753
37653.4,453753
37652.8,453753
37652.3,453753
37650.9,453753
37649.2,453753
37648,453753
37650.6,453753
37650.4,453753
37650.6,453753
37649.2,453753
37648.1,453753
37650.9,453753
37648.2,453753
37648.4,453753
37650.7,453753
37651.8,453753
37646.5,453753
37649.6,453753
37649.8,453753
37651,453753
37651.5,453753
37648.6,453753
37650.7,453753
37651.3,453753
37651.4,453753
37651.6,453753
37650.2,453753
37650.3,453753
37651.1,453753
37651.9,453753
37652,453753
37651.1,453753
37651,453753
37648.8,453753
37641.8,453753
37649.3,453753
37650.1,453753
37648.3,453753
37648.8,453753
37639.2,453753
37649.3,453753
37651.3,453753
37649.9,453753
37644,453753
37648.4,453753
37648.1,453753
37639.4,453753
37648.4,453753
37650.3,453753
37650.5,453753
37649,453753
37650.8,453753
37640,453753
37644.6,453753
37649.4,453753
37649.6,453753
37650.3,453753
37649.3,453753
37651.1,453753
37651.5,453753
37651.1,453753
37650.8,453753
37649,453753
37650.9,453753
37650.8,453753
37649.6,453753
37649.4,453753
37643.1,453753
37642.9,453753
37649.3,453753
37650.5,453753
37652.4,453753
37648.8,453753
37648,453753
37649.5,453753
37650.5,453753
37650.3,453753
37650.5,453753
37651.4,453753
37650.9,453753
37651,453753
37649,453753
37652.2,453753
37651.6,453753
37651.4,453753
37650.3,453753
37651,453753
37650.9,453753
37650.2,453753
37649.2,453753
37649.6,453753
37650.2,453753
37650.7,453753
37651.2,453753
37650,453753
37648.3,453753
37646.5,453753
37651.9,453753
37651.7,453753
37650.3,453753
37651.4,453753
37649.9,453753
37644.1,453753
37650.4,453753
37650.7,453753
37649.8,453753
37644.1,453753
37647.4,453753
37650.8,453753
37651.5,453753
37651.7,453753
37650.6,453546
