TRACE,NSNPS_JACKKNIFE
37677.3,453753
37677.2,453753
37676.4,453753
37677.6,453753
37676,453753
37677.1,453753
37676.9,453753
37673.7,453753
37675,453753
37674.2,453753
37677.3,453753
37673.9,453753
37676.8,453753
37675.5,453753
37676.3,453753
37675.6,453753
37673.8,453753
37669.8,453753
37672,453753
37674.1,453753
37675.9,453753
37676.4,453753
37674.5,453753
37676.5,453753
37675.9,453753
37676.2,453753
37671.3,453753
37675.2,453753
37674.3,453753
37675.3,453753
37674.4,453753
37675.5,453753
37675.9,453753
37674,453753
37678.3,453753
37676,453753
37675,453753
37673.7,453753
37674.4,453753
37675.9,453753
37677.1,453753
37675.8,453753
37673.4,453753
37672.2,453753
37672.6,453753
37674.7,453753
37676.8,453753
37676.6,453753
37677.5,453753
37675.7,453753
37676.5,453753
37672.1,453753
37674.7,453753
37674.3,453753
37674.5,453753
37675.6,453753
37674.6,453753
37671.4,453753
37673,453753
37673.9,453753
37675.8,453753
37676.6,453753
37676.8,453753
37675.6,453753
37674.9,453753
37675.7,453753
37674.4,453753
37674.8,453753
37673.4,453753
37673.2,453753
37669.8,453753
37674.9,453753
37676.2,453753
37678.1,453753
37677.9,453753
37677.1,453753
37677.1,453753
37676.8,453753
37677,453753
37678,453753
37673.5,453753
37676.3,453753
37677.3,453753
37678.1,453753
37679.4,453753
37677.6,453753
37677.4,453753
37675.8,453753
37675.4,453753
37677,453753
37673.8,453753
37672.3,453753
37676.4,453753
37665.9,453753
37676.2,453753
37673.4,453753
37675.4,453753
37676.2,453753
37676.1,453753
37677.6,453753
37675.3,453753
37673.4,453753
37673.1,453753
37673.7,453753
37674.3,453753
37674.9,453753
37674.8,453753
37676.4,453753
37674.9,453753
37676.3,453753
37676.5,453753
37675.3,453753
37673.6,453753
37673.7,453753
37672.4,453753
37671.5,453753
37676.7,453753
37676.6,453753
37673,453753
37674.2,453753
37672.9,453753
37677.9,453753
37675.2,453753
37674.6,453753
37677.1,453753
37674.7,453753
37674.4,453753
37674.7,453753
37674.1,453753
37674.2,453753
37674.3,453753
37674.9,453753
37675.6,453753
37677.2,453753
37673.5,453753
37676.7,453753
37678.3,453753
37677.4,453753
37675.1,453753
37675.6,453753
37669.6,453753
37666.6,453753
37675.4,453753
37673.4,453753
37673.9,453753
37674.9,453753
37675.5,453753
37676.9,453753
37676,453753
37676.7,453753
37675.9,453753
37674.6,453753
37675.9,453753
37675.6,453753
37674.9,453753
37676.5,453753
37674.5,453753
37675.9,453753
37676.6,453753
37676.4,453753
37673.8,453753
37674.2,453753
37676.1,453753
37677.4,453753
37676.8,453753
37675.9,453753
37676.7,453753
37677,453753
37676.5,453753
37675.9,453753
37674,453753
37676.9,453753
37675.1,453753
37675.3,453753
37676.5,453753
37675.1,453753
37674.9,453753
37674.7,453753
37675.3,453753
37675.8,453753
37673.4,453753
37661.9,453753
37662.2,453753
37675.7,453753
37674.2,453753
37678.8,453753
37676.9,453753
37676.5,453753
37677.6,453753
37676.1,453753
37677.3,453753
37675.7,453753
37673,453753
37669.2,453753
37666.6,453753
37665.6,453753
37669.3,453753
37674.2,453753
37676.9,453753
37674.5,453753
37673.5,453753
37676.2,453753
37673.8,453753
37672,453753
37674.9,453753
37675.4,453753
37675.7,453753
37674.4,453753
37671.1,453753
37672.2,453753
37674.6,453753
37677.7,453753
37676.6,453753
37676.4,453753
37674.7,453753
37674.9,453753
37668.7,453753
37669.6,453753
37671.4,453753
37671.3,453753
37677.7,453753
37675.6,453753
37675.9,453753
37678.4,453753
37673.2,453753
37678.3,453753
37677,453753
37676.9,453753
37675.7,453753
37676.7,453753
37675.8,453753
37672.9,453753
37673.9,453753
37677.7,453753
37677.7,453753
37677,453753
37673.9,453753
37676.3,453753
37674.4,453753
37676.9,453753
37672.9,453753
37675.9,453753
37677.2,453753
37675.3,453753
37674.5,453753
37672.9,453753
37675.8,453753
37675.1,453753
37675.5,453753
37672.4,453753
37671.5,453753
37675.8,453753
37675.3,453753
37673.4,453753
37675,453753
37674.7,453753
37673,453753
37675.1,453753
37669.2,453753
37675.5,453753
37675.4,453753
37674.6,453753
37669.4,453753
37673.5,453753
37673.9,453753
37673.7,453753
37672.4,453753
37667.9,453753
37674.3,453753
37675.6,453753
37675.1,453753
37671.2,453753
37674.3,453753
37675,453753
37673.8,453753
37672.5,453753
37676.8,453753
37676.8,453753
37674.6,453753
37671.5,453753
37676.4,453753
37675.7,453753
37676.3,453753
37674.4,453753
37676.2,453753
37674.7,453753
37677.4,453753
37674.5,453753
37675.4,453753
37676.9,453753
37678.1,453753
37676.3,453753
37676.8,453753
37677.1,453753
37677.5,453753
37675.8,453753
37674.7,453753
37675.1,453753
37677.5,453753
37676.5,453753
37676,453753
37675.8,453753
37677.8,453753
37675.2,453753
37676.4,453753
37676.9,453753
37675.9,453753
37676.8,453753
37676,453753
37677.9,453753
37676.9,453753
37677.3,453753
37675.1,453753
37665.9,453753
37664.8,453753
37674.8,453753
37674.8,453753
37671.5,453753
37674.7,453753
37675.5,453753
37675.5,453753
37676.5,453753
37676.6,453753
37677,453753
37675.9,453753
37674.1,453753
37674.6,453753
37674.7,453753
37674.8,453753
37673.7,453753
37667.6,453753
37674.7,453753
37675.3,453753
37674.8,453753
37674.2,453753
37675.1,453753
37674.2,453753
37675.5,453753
37677.1,453753
37673.1,453753
37673.6,453753
37676.2,453753
37667.8,453753
37669.9,453753
37676.5,453753
37672.7,453753
37675.3,453753
37674.1,453753
37674.7,453753
37662.7,453753
37675.3,453753
37676.1,453753
37677.3,453753
37677.1,453753
37679.1,453753
37676.8,453753
37677.8,453753
37678,453753
37676.6,453753
37676.2,453753
37677.5,453753
37677.8,453753
37678.1,453753
37676.7,453753
37675.9,453753
37677,453753
37675.4,453753
37676.8,453753
37675.3,453753
37675.9,453753
37675.5,453753
37674.7,453753
37673.8,453753
37675.5,453753
37677,453753
37675.3,453753
37675.5,453753
37669.1,453753
37673.6,453753
37673.2,453753
37664.1,453753
37671,453753
37672.5,453753
37675,453753
37671.4,453753
37671,453753
37671.5,453753
37670.2,453753
37674.5,453753
37674.2,453753
37674.6,453753
37673.1,453753
37672.2,453753
37678.2,453753
37673.5,453753
37672.9,453753
37673.7,453753
37669.3,453753
37675.3,453753
37675.7,453753
37674.5,453753
37676.5,453753
37675.8,453753
37674.9,453753
37677.4,453753
37669.7,453753
37675.2,453753
37675.2,453753
37674.4,453753
37675.7,453753
37675.9,453753
37676.3,453753
37676.2,453753
37677.2,453753
37677.3,453753
37676.3,453753
37676.6,453753
37675.5,453753
37673.1,453753
37673.9,453753
37675.2,453753
37675.7,453753
37676.2,453753
37674.2,453753
37675.9,453753
37676.3,453753
37677.5,453753
37677.7,453753
37674.2,453753
37674,453753
37676.2,453753
37676.8,453753
37670.9,453753
37675.5,453753
37677.3,453753
37676.4,453753
37676.1,453753
37676,453753
37674.8,453753
37676.1,453753
37676.3,453753
37672.9,453753
37662.4,453753
37674.3,453753
37674.2,453753
37677.1,453753
37676.9,453753
37676.3,453753
37673.6,453753
37672.8,453753
37676.7,453753
37676.2,453753
37673.4,453753
37674.9,453753
37677.9,453753
37676.7,453753
37677.2,453753
37675.9,453753
37674.4,453753
37670.3,453753
37671.1,453753
37673.5,453753
37675.5,453753
37673.2,453753
37676.8,453753
37676.3,453753
37672.6,453753
37677.1,453753
37677.1,453753
37674.7,453753
37678.4,453753
37677.5,453753
37675.8,453753
37672.9,453753
37674.4,453753
37675.5,453753
37674.5,453753
37674.5,453753
37677.9,453753
37668.6,453753
37654.1,453753
37658.5,453753
37675.5,453753
37676.8,453753
37676.2,453753
37676.4,453753
37674.8,453753
37672.7,453753
37675.2,453753
37676.3,453753
37678.1,453753
37674.1,453753
37675.7,453753
37674.4,453753
37666.7,453753
37671.7,453753
37673.5,453753
37675.4,453753
37675.4,453753
37675.7,453753
37675.7,453753
37677.9,453753
37676.6,453753
37676.3,453753
37674.7,453753
37674.1,453753
37672.5,453753
37674.8,453753
37676.2,453753
37677.2,453753
37676.1,453753
37676.7,453753
37673.1,453753
37672,453753
37672.7,453753
37676.8,453753
37676.4,453753
37676.5,453753
37678,453753
37678.5,453753
37674.9,453753
37675.4,453753
37677.1,453753
37676,453753
37677.6,453753
37676.1,453753
37675,453753
37674.9,453753
37676.6,453753
37676.6,453753
37676.2,453753
37677.6,453753
37678.2,453753
37677.4,453753
37676.2,453753
37673.9,453753
37676.6,453753
37674.5,453753
37678.4,453753
37672.4,453753
37675.1,453753
37672.9,453753
37670,453753
37676.5,453753
37674,453753
37675.6,453753
37676.9,453753
37675.5,453753
37675,453753
37676.7,453753
37676.5,453753
37677.3,453753
37677.6,453753
37673.3,453753
37672.8,453753
37675.4,453753
37675.9,453753
37676.9,453753
37676.7,453753
37675.3,453753
37674.5,453753
37676,453753
37673.8,453753
37675,453753
37673.1,453753
37676.2,453753
37675.3,453753
37676.1,453753
37678.2,453753
37675.2,453753
37677.9,453753
37675.3,453753
37676,453753
37675,453753
37677.2,453753
37676.7,453753
37675.2,453753
37675.8,453753
37676.5,453753
37675.3,453753
37676.4,453753
37676.2,453753
37675.6,453753
37673.9,453753
37674.1,453753
37677.5,453753
37677.1,453753
37675.1,453753
37672.8,453753
37668,453753
37675.9,453753
37676,453753
37675.5,453753
37673.1,453753
37675.8,453753
37675,453753
37675.1,453753
37675.6,453753
37675.7,453753
37674.1,453753
37656.3,453753
37676.1,453753
37676.8,453753
37673.4,453753
37675.4,453753
37674.2,453753
37673.9,453753
37674.6,453753
37673.8,453753
37669.1,453753
37674.7,453753
37676.6,453753
37675.3,453753
37676,453753
37677.3,453753
37676.2,453753
37675.2,453753
37675.2,453753
37677.3,453753
37675.5,453753
37677.3,453753
37676.6,453753
37676.5,453753
37667,453753
37677,453753
37671.2,453753
37670.2,453753
37672.7,453753
37674.6,453753
37676.9,453753
37678,453753
37676.8,453753
37677.1,453753
37677.1,453753
37677.3,453753
37673.4,453753
37673.8,453753
37675.4,453753
37675.6,453753
37676.1,453753
37675.6,453753
37675.7,453753
37640.6,453753
37572.1,453753
37655.8,453753
37673.1,453753
37673.1,453753
37671.3,453753
37675.3,453753
37674.4,453753
37674.9,453753
37676.3,453753
37674,453753
37663.5,453753
37670,453753
37671.8,453753
37675.5,453753
37676.8,453753
37675.5,453753
37675.2,453753
37672.7,453753
37675.2,453753
37676.3,453753
37675.9,453753
37676.2,453753
37677.1,453753
37678.4,453753
37676.6,453753
37673.5,453753
37677.6,453753
37677.3,453753
37676,453753
37677.1,453753
37676.4,453753
37675.2,453753
37676.5,453753
37677.8,453753
37676,453753
37675.5,453753
37675.5,453753
37675.7,453753
37676.2,453753
37673.3,453753
37675.3,453753
37676.7,453753
37674.5,453753
37674.6,453753
37672,453753
37661.1,453753
37674.3,453753
37674.5,453753
37670,453753
37674.1,453753
37671.6,453753
37673.5,453753
37675.7,453753
37675.7,453753
37676.2,453753
37674.7,453753
37675,453753
37676.2,453753
37676,453753
37671.8,453753
37671.5,453753
37675.4,453753
37674.7,453753
37672,453753
37676.2,453753
37675.6,453753
37675.2,453753
37677.4,453753
37675.1,453753
37675.5,453753
37677.2,453753
37676.8,453753
37674,453753
37673.2,453753
37677.8,453753
37678,453753
37678.2,453753
37678,453753
37674.5,453753
37674.2,453753
37678.6,453753
37676,453753
37675.1,453753
37676.7,453753
37677.7,453753
37676.3,453753
37675.6,453753
37676.2,453753
37676.2,453753
37675.1,453753
37676.8,453753
37673,453753
37674.6,453753
37671.8,453753
37673.5,453753
37675.6,453753
37673.8,453753
37674.8,453753
37677.7,453753
37675.6,453753
37676.5,453753
37675.1,453753
37673,453753
37672.9,453753
37676.3,453753
37675.7,453753
37676,453753
37677.8,453753
37675.4,453753
37678.3,453753
37677.6,453753
37677,453753
37676.4,453753
37677.3,453753
37674.3,453753
37676.9,453753
37677,453753
37676.9,453753
37676.3,453753
37677.9,453753
37677.6,453753
37676.8,453753
37673.9,453753
37673.5,453753
37673.2,453753
37674.4,453753
37676.6,453753
37668.9,453753
37676.4,453753
37674.7,453753
37675.9,453753
37674.7,453753
37675.2,453753
37673.9,453753
37674.1,453753
37674.7,453753
37675.8,453753
37675.8,453753
37675.3,453753
37677.5,453753
37676,453753
37675.6,453753
37677.8,453753
37677,453753
37677.6,453753
37675.4,453753
37675.5,453753
37674.9,453753
37677.9,453753
37677.3,453753
37676.1,453753
37678.5,453753
37676.3,453753
37675.5,453753
37673.9,453753
37676.4,453753
37671,453753
37675,453753
37677.3,453753
37678,453753
37676.2,453753
37674,453753
37676.8,453753
37676.8,453753
37670.9,453753
37672.8,453753
37673.9,453753
37675.1,453753
37668.6,453753
37674.9,453753
37676.3,453753
37676.2,453753
37679.2,453753
37677.2,453753
37678,453753
37677,453753
37674.4,453753
37677.7,453753
37672.5,453753
37676.7,453753
37676.9,453753
37676.7,453753
37678.7,453753
37675.5,453753
37676.6,453753
37676,453753
37678,453753
37673,453753
37676.1,453753
37677.9,453753
37675.2,453753
37674.2,453753
37678.4,453753
37674.8,453753
37676.1,453753
37673.7,453753
37674.5,453753
37675.9,453753
37675.9,453753
37668.5,453753
37669.4,453753
37675.3,453753
37675.2,453753
37675.2,453753
37676.5,453753
37676.4,453753
37676.6,453753
37676.5,453753
37678.3,453753
37677.4,453753
37674.3,453753
37673.5,453753
37675.8,453753
37677.5,453753
37676.7,453753
37674.9,453753
37676.7,453753
37678.1,453753
37676.5,453753
37675.9,453753
37672.2,453753
37672.2,453753
37672.8,453753
37678,453753
37675.3,453753
37673.1,453753
37668,453753
37668.7,453753
37665.7,453753
37676.4,453753
37675.6,453753
37678.3,453753
37672.9,453753
37676.8,453753
37676.9,453753
37677.1,453753
37675.8,453753
37677.5,453753
37677.4,453753
37677.7,453753
37676,453753
37676.7,453753
37674.9,453753
37677,453753
37678,453753
37677.8,453753
37678.5,453753
37677.4,453753
37677,453753
37676.4,453753
37674.8,453753
37676.6,453753
37677.5,453753
37676.4,453753
37673.7,453753
37675.1,453753
37676.2,453753
37673.9,453753
37675.6,453753
37675.6,453753
37673.7,453753
37672.7,453753
37676.1,453753
37677.6,453753
37677.4,453753
37675.9,453753
37675.5,453753
37678.5,453753
37677.4,453753
37678,453753
37676.3,453753
37678.1,453753
37677.2,453753
37674.9,453753
37676.3,453753
37676.3,453753
37676,453753
37676.7,453753
37673.3,453753
37665.8,453753
37675.8,453753
37675.7,453753
37676.3,453753
37670.7,453753
37667.8,453753
37674.2,453753
37675.8,453753
37675.5,453753
37669.7,453753
37672.6,453753
37672.2,453753
37668.7,453753
37673.6,453753
37675.9,453753
37677.1,453753
37676.5,453753
37677.4,453753
37665.4,453753
37669.9,453753
37675.3,453753
37674.5,453753
37677.8,453753
37674.3,453753
37677.6,453753
37678.4,453753
37677.6,453753
37676.5,453753
37677.8,453753
37677.4,453753
37676.1,453753
37675.2,453753
37673.5,453753
37670.8,453753
37668,453753
37674.1,453753
37676.5,453753
37677,453753
37676.4,453753
37675.9,453753
37675.4,453753
37675.7,453753
37676.6,453753
37677.7,453753
37678.1,453753
37677.9,453753
37677.9,453753
37675.7,453753
37678.5,453753
37677.5,453753
37677.2,453753
37676.6,453753
37676.4,453753
37675.4,453753
37676.4,453753
37676.1,453753
37677.6,453753
37676.4,453753
37676,453753
37677.9,453753
37675.9,453753
37676.8,453753
37671.6,453753
37675.7,453753
37676.7,453753
37676.2,453753
37676.9,453753
37676.8,453753
37672.6,453753
37675.7,453753
37677.4,453753
37676.3,453753
37672.8,453753
37673.2,453753
37677.2,453753
37678.1,453753
37678.1,453753
37676.9,453546
