TRACE,NSNPS_JACKKNIFE
37734.8,453753
37735.9,453753
37735.4,453753
37735.2,453753
37733.8,453753
37734.8,453753
37733.3,453753
37733.3,453753
37733.8,453753
37733.2,453753
37734.6,453753
37730.5,453753
37734.1,453753
37732.9,453753
37735.8,453753
37733.7,453753
37732.4,453753
37728,453753
37728.9,453753
37731.2,453753
37734.2,453753
37734.8,453753
37734.2,453753
37734.5,453753
37734.6,453753
37734.4,453753
37731.3,453753
37730.8,453753
37733.2,453753
37734.3,453753
37734.4,453753
37732.4,453753
37734.2,453753
37734.8,453753
37734.9,453753
37735.4,453753
37732.8,453753
37733.1,453753
37734.4,453753
37733.4,453753
37736.1,453753
37734.9,453753
37733.7,453753
37731.6,453753
37731.1,453753
37733.6,453753
37732.4,453753
37734,453753
37735.2,453753
37734.5,453753
37736.5,453753
37728.8,453753
37731.9,453753
37732,453753
37732,453753
37732.9,453753
37735.4,453753
37731.7,453753
37732.8,453753
37732.4,453753
37735.1,453753
37734.5,453753
37734.1,453753
37733.6,453753
37732.7,453753
37733.4,453753
37733.8,453753
37732.2,453753
37733.6,453753
37731.5,453753
37729,453753
37735.3,453753
37734.2,453753
37735.4,453753
37734.9,453753
37735.3,453753
37735.5,453753
37733,453753
37734.3,453753
37735.2,453753
37731,453753
37733.7,453753
37735.7,453753
37737,453753
37734.8,453753
37734.1,453753
37736.4,453753
37735.1,453753
37735,453753
37734.7,453753
37731.3,453753
37730.9,453753
37733.7,453753
37721.8,453753
37735.1,453753
37731.2,453753
37734.3,453753
37735.1,453753
37734.9,453753
37736.2,453753
37731.4,453753
37733,453753
37732,453753
37730.5,453753
37728.9,453753
37730.5,453753
37735,453753
37734.3,453753
37733.7,453753
37732.4,453753
37734,453753
37733.2,453753
37732.9,453753
37728.7,453753
37729.1,453753
37727.5,453753
37732,453753
37734.6,453753
37733.7,453753
37731.2,453753
37731.3,453753
37735.3,453753
37732.7,453753
37734.7,453753
37734,453753
37732.9,453753
37731.9,453753
37733.2,453753
37732.7,453753
37734.5,453753
37732.6,453753
37732.5,453753
37732.1,453753
37733.6,453753
37729.7,453753
37734.6,453753
37734.1,453753
37734.8,453753
37733,453753
37734.9,453753
37729.4,453753
37728.5,453753
37732.4,453753
37731.9,453753
37730.6,453753
37732.1,453753
37733.9,453753
37732.8,453753
37734.6,453753
37735.6,453753
37733.8,453753
37734.6,453753
37735.9,453753
37734.5,453753
37734.1,453753
37734.5,453753
37733,453753
37734.7,453753
37737.2,453753
37733.9,453753
37732.5,453753
37734.8,453753
37734.4,453753
37736.9,453753
37734.9,453753
37734.5,453753
37732.3,453753
37734.5,453753
37733,453753
37734.9,453753
37731.4,453753
37734.1,453753
37736,453753
37733.7,453753
37734.4,453753
37736.2,453753
37734.5,453753
37734,453753
37732.5,453753
37732.2,453753
37731.4,453753
37717.1,453753
37719,453753
37733.2,453753
37732.2,453753
37737.5,453753
37734.3,453753
37736,453753
37733.7,453753
37733.8,453753
37735.9,453753
37735.5,453753
37730.7,453753
37724,453753
37726.3,453753
37724.3,453753
37728.3,453753
37732.3,453753
37734.6,453753
37733.3,453753
37734.4,453753
37733.7,453753
37732.6,453753
37728.8,453753
37733.9,453753
37733.2,453753
37732.1,453753
37734.5,453753
37732.1,453753
37731.2,453753
37733.4,453753
37734.2,453753
37734.2,453753
37735.8,453753
37733.1,453753
37734.1,453753
37728.2,453753
37727.5,453753
37730.9,453753
37729.4,453753
37736.2,453753
37734,453753
37734.1,453753
37734.3,453753
37733.3,453753
37736.4,453753
37736.5,453753
37734.7,453753
37735.4,453753
37735.8,453753
37735.7,453753
37730.6,453753
37730.3,453753
37735.3,453753
37735.4,453753
37736.2,453753
37734.5,453753
37732.8,453753
37731.5,453753
37734,453753
37731.6,453753
37734.2,453753
37736.8,453753
37734.5,453753
37732.8,453753
37734.2,453753
37733,453753
37735.2,453753
37733.5,453753
37731.8,453753
37729.8,453753
37733.2,453753
37733.4,453753
37731.8,453753
37734.3,453753
37732.4,453753
37732,453753
37733.2,453753
37729.2,453753
37732.8,453753
37734.2,453753
37731.4,453753
37726.3,453753
37732.4,453753
37734.2,453753
37733.5,453753
37731.4,453753
37725.5,453753
37735.2,453753
37733.6,453753
37734.1,453753
37728,453753
37732.7,453753
37733.4,453753
37731.2,453753
37731.4,453753
37734.8,453753
37733.6,453753
37731.2,453753
37730.5,453753
37732,453753
37731.6,453753
37735.8,453753
37734.8,453753
37732.1,453753
37734.1,453753
37736,453753
37733,453753
37735.3,453753
37736.1,453753
37736,453753
37734.3,453753
37734.5,453753
37736.6,453753
37736.1,453753
37735.2,453753
37732.5,453753
37733.6,453753
37735.1,453753
37734.8,453753
37735.2,453753
37736.2,453753
37736.1,453753
37732.1,453753
37734.6,453753
37735.8,453753
37734.2,453753
37733.5,453753
37733.3,453753
37734.6,453753
37735.4,453753
37735.6,453753
37731.8,453753
37726.8,453753
37725.3,453753
37731.5,453753
37734.3,453753
37732.5,453753
37732,453753
37734.4,453753
37734.5,453753
37734.9,453753
37734.3,453753
37734.3,453753
37733.2,453753
37730.3,453753
37731,453753
37734.8,453753
37733.3,453753
37732.2,453753
37725.1,453753
37732.1,453753
37733.3,453753
37732.7,453753
37734.1,453753
37732.9,453753
37732.3,453753
37733.8,453753
37732.4,453753
37733.6,453753
37730.7,453753
37733.5,453753
37729.8,453753
37727.2,453753
37733.2,453753
37733.6,453753
37734.6,453753
37729.9,453753
37734.3,453753
37723.3,453753
37733.3,453753
37732.9,453753
37733.6,453753
37737.2,453753
37736.1,453753
37735.8,453753
37735.9,453753
37734.9,453753
37735.5,453753
37731.4,453753
37735,453753
37737.1,453753
37732.8,453753
37735.4,453753
37734.1,453753
37734.3,453753
37732.5,453753
37734.2,453753
37733.9,453753
37733.8,453753
37733.7,453753
37734.8,453753
37733.2,453753
37734.6,453753
37733.2,453753
37733.7,453753
37733.6,453753
37727.4,453753
37731.1,453753
37730.6,453753
37722,453753
37728.7,453753
37732.4,453753
37731.5,453753
37734.4,453753
37730.2,453753
37728.6,453753
37728.5,453753
37732.2,453753
37734,453753
37734.7,453753
37733.1,453753
37731.3,453753
37733.2,453753
37733.7,453753
37730.7,453753
37732.6,453753
37726.6,453753
37731.4,453753
37733.3,453753
37733.1,453753
37733,453753
37734.9,453753
37734.6,453753
37735.6,453753
37724.9,453753
37732.6,453753
37733.8,453753
37732.7,453753
37731.9,453753
37734.8,453753
37734.7,453753
37733.4,453753
37735.3,453753
37735.3,453753
37734.8,453753
37735.1,453753
37734.2,453753
37732.5,453753
37731.9,453753
37733.5,453753
37734.4,453753
37735,453753
37733.6,453753
37735.2,453753
37734.2,453753
37734,453753
37735.8,453753
37732.1,453753
37732.9,453753
37734.7,453753
37734.8,453753
37724.7,453753
37735.3,453753
37734.2,453753
37731.5,453753
37735.9,453753
37733.8,453753
37734.4,453753
37732.9,453753
37732,453753
37729.4,453753
37716.5,453753
37732,453753
37732.9,453753
37734.3,453753
37735.8,453753
37734.9,453753
37733,453753
37731.1,453753
37734.1,453753
37734.4,453753
37729.4,453753
37730.8,453753
37734,453753
37734.3,453753
37735.3,453753
37733.1,453753
37729.8,453753
37731.5,453753
37731.6,453753
37732.4,453753
37733.8,453753
37730.9,453753
37735.6,453753
37735.3,453753
37733.3,453753
37734,453753
37735.5,453753
37732.7,453753
37734.9,453753
37734.5,453753
37735.3,453753
37732.1,453753
37732.5,453753
37732.2,453753
37732.9,453753
37734.2,453753
37734.1,453753
37727.9,453753
37712.9,453753
37716.9,453753
37734.6,453753
37732.9,453753
37735.6,453753
37733,453753
37734.1,453753
37733.1,453753
37735,453753
37734.9,453753
37735.5,453753
37732.5,453753
37734.4,453753
37733.3,453753
37724.2,453753
37730.3,453753
37735,453753
37734.9,453753
37732.6,453753
37732.3,453753
37733.1,453753
37735,453753
37736.4,453753
37734.1,453753
37732.9,453753
37734.7,453753
37730.8,453753
37731.3,453753
37733.4,453753
37735.4,453753
37731.7,453753
37734.2,453753
37735.5,453753
37729.8,453753
37731.6,453753
37733.8,453753
37733.9,453753
37735.7,453753
37734.3,453753
37735.8,453753
37734.4,453753
37734.7,453753
37734.4,453753
37735.5,453753
37736.2,453753
37735.2,453753
37733.9,453753
37732.6,453753
37736,453753
37734.6,453753
37733.3,453753
37732.9,453753
37735.1,453753
37734.4,453753
37735.1,453753
37733.3,453753
37735.5,453753
37732,453753
37736.3,453753
37732.9,453753
37733.3,453753
37728.9,453753
37726,453753
37733.2,453753
37732.7,453753
37733,453753
37736,453753
37734.3,453753
37733.5,453753
37733.7,453753
37734.5,453753
37737,453753
37734.5,453753
37732.1,453753
37729.2,453753
37733.3,453753
37732.5,453753
37732.2,453753
37736.1,453753
37734.8,453753
37731.9,453753
37732.2,453753
37732.5,453753
37736.3,453753
37734.4,453753
37731.8,453753
37734.4,453753
37734.2,453753
37736.5,453753
37735.3,453753
37736.5,453753
37733.1,453753
37732.2,453753
37734.1,453753
37733.2,453753
37734.8,453753
37734,453753
37734.3,453753
37735.1,453753
37733.4,453753
37735.5,453753
37733.8,453753
37732,453753
37731.5,453753
37734.5,453753
37732.9,453753
37735.4,453753
37732.9,453753
37727.7,453753
37726.7,453753
37732.6,453753
37733.8,453753
37732.9,453753
37731.6,453753
37733.3,453753
37732.2,453753
37734.1,453753
37730.7,453753
37734.9,453753
37732.3,453753
37716.7,453753
37735.4,453753
37735.1,453753
37732.8,453753
37734.1,453753
37728.6,453753
37732.5,453753
37732.8,453753
37732.2,453753
37730.1,453753
37733.6,453753
37733.4,453753
37734.8,453753
37732.6,453753
37735.4,453753
37734,453753
37735.7,453753
37733.7,453753
37734.8,453753
37733.4,453753
37736.1,453753
37733.8,453753
37733.1,453753
37721.5,453753
37734.1,453753
37732.6,453753
37728.7,453753
37731.6,453753
37732.1,453753
37735.1,453753
37733.6,453753
37733.8,453753
37735.5,453753
37734.1,453753
37734.3,453753
37732.9,453753
37732.4,453753
37734.9,453753
37736,453753
37733.1,453753
37732.5,453753
37732.6,453753
37690.7,453753
37616.4,453753
37712.4,453753
37732.8,453753
37729.2,453753
37730,453753
37733.8,453753
37731.9,453753
37733.9,453753
37735.7,453753
37732.2,453753
37725.5,453753
37732.7,453753
37733,453753
37735.2,453753
37735,453753
37733.9,453753
37731.5,453753
37731,453753
37733.4,453753
37733.1,453753
37734.5,453753
37734.7,453753
37734.6,453753
37735.9,453753
37735.4,453753
37730.3,453753
37737.2,453753
37736.1,453753
37734.8,453753
37736.3,453753
37734.5,453753
37734.8,453753
37736.5,453753
37736,453753
37735.4,453753
37732.3,453753
37734,453753
37735.1,453753
37733.8,453753
37733,453753
37734,453753
37736.1,453753
37733.2,453753
37732.2,453753
37730.8,453753
37722.2,453753
37732.1,453753
37736.2,453753
37730.3,453753
37730.4,453753
37730.9,453753
37734.9,453753
37733.8,453753
37734.2,453753
37734.7,453753
37736.5,453753
37733.8,453753
37735.2,453753
37734,453753
37729.9,453753
37731.4,453753
37734,453753
37734.7,453753
37733.7,453753
37733.6,453753
37734.2,453753
37734.8,453753
37734.5,453753
37729.8,453753
37731.8,453753
37735.3,453753
37735.6,453753
37732.9,453753
37730.6,453753
37737,453753
37736.3,453753
37736.7,453753
37736.3,453753
37732.4,453753
37730.8,453753
37735.6,453753
37733.4,453753
37734.3,453753
37735.1,453753
37736.9,453753
37736.3,453753
37736.6,453753
37734.5,453753
37734.5,453753
37734.3,453753
37735.6,453753
37733.5,453753
37733.3,453753
37728.3,453753
37732.4,453753
37731.9,453753
37730.4,453753
37734.8,453753
37734.9,453753
37735.3,453753
37734.3,453753
37734.5,453753
37730.9,453753
37733.3,453753
37735.2,453753
37734.5,453753
37734.2,453753
37734.7,453753
37735.5,453753
37736.5,453753
37737.1,453753
37734.4,453753
37731.9,453753
37735,453753
37733.6,453753
37734.8,453753
37735.5,453753
37734.6,453753
37735.1,453753
37734.9,453753
37736.2,453753
37734.5,453753
37733.3,453753
37731,453753
37730.7,453753
37734.4,453753
37733.7,453753
37725.5,453753
37735.2,453753
37733.1,453753
37733.3,453753
37733.8,453753
37734,453753
37732.4,453753
37734.8,453753
37734.3,453753
37732.9,453753
37734.1,453753
37734.9,453753
37735.1,453753
37733.7,453753
37734.4,453753
37736.4,453753
37734.5,453753
37735.5,453753
37733.9,453753
37733,453753
37732.8,453753
37737,453753
37735.8,453753
37733.7,453753
37736.3,453753
37735.3,453753
37734.3,453753
37729.9,453753
37733.6,453753
37731.9,453753
37735.2,453753
37733.5,453753
37734.5,453753
37733.9,453753
37734.2,453753
37733.6,453753
37735.8,453753
37725.8,453753
37732.5,453753
37731.1,453753
37734.8,453753
37724.6,453753
37734.2,453753
37734.4,453753
37734.5,453753
37735.3,453753
37736.7,453753
37736.7,453753
37735.1,453753
37732.9,453753
37734.7,453753
37734.9,453753
37733.1,453753
37735.8,453753
37735.7,453753
37735.1,453753
37733.3,453753
37734.4,453753
37735.9,453753
37734.7,453753
37732.8,453753
37734.7,453753
37735,453753
37733.8,453753
37730.4,453753
37736.1,453753
37736.3,453753
37734.3,453753
37734.2,453753
37734.5,453753
37733.3,453753
37734.5,453753
37725.9,453753
37731.4,453753
37732.5,453753
37735.1,453753
37734.6,453753
37736.2,453753
37735.4,453753
37735.4,453753
37733,453753
37735.6,453753
37735.7,453753
37732.6,453753
37730.5,453753
37734,453753
37735.4,453753
37731.9,453753
37732.5,453753
37736.4,453753
37736.6,453753
37736.9,453753
37734.2,453753
37733,453753
37731.4,453753
37731.2,453753
37734.8,453753
37734,453753
37733.1,453753
37726.9,453753
37729.2,453753
37726.6,453753
37734.4,453753
37734.1,453753
37735.4,453753
37732.4,453753
37734.3,453753
37734.6,453753
37736.1,453753
37735.4,453753
37736,453753
37734,453753
37736.8,453753
37735.5,453753
37735.3,453753
37733.3,453753
37733.2,453753
37736.8,453753
37736,453753
37737.2,453753
37735.1,453753
37734.1,453753
37735.9,453753
37734.3,453753
37734,453753
37735.2,453753
37734.5,453753
37732.9,453753
37733.5,453753
37733.2,453753
37733.4,453753
37732.7,453753
37733.4,453753
37733.6,453753
37729.4,453753
37733.5,453753
37734.8,453753
37736.1,453753
37733,453753
37732.8,453753
37735.2,453753
37735.6,453753
37735.2,453753
37733.1,453753
37735.7,453753
37734.9,453753
37733.2,453753
37735.6,453753
37735.3,453753
37734.3,453753
37735.4,453753
37732.8,453753
37725.9,453753
37733.7,453753
37732.9,453753
37734.3,453753
37730.3,453753
37724.2,453753
37733.3,453753
37734.5,453753
37734.7,453753
37729.1,453753
37730.1,453753
37732.9,453753
37726.5,453753
37730.9,453753
37733.5,453753
37735,453753
37733.2,453753
37736.7,453753
37724.7,453753
37732.1,453753
37732.8,453753
37731.9,453753
37736.4,453753
37734,453753
37735.3,453753
37736.7,453753
37734.9,453753
37734.6,453753
37734.2,453753
37735.4,453753
37735.8,453753
37733.6,453753
37732.6,453753
37729.4,453753
37725.6,453753
37733.7,453753
37735.4,453753
37733.5,453753
37731.8,453753
37734.1,453753
37735.7,453753
37735.9,453753
37736.7,453753
37735.5,453753
37736,453753
37735.6,453753
37734.4,453753
37732.5,453753
37736.6,453753
37735.3,453753
37736.4,453753
37734.5,453753
37734.4,453753
37734.3,453753
37734.1,453753
37732.9,453753
37734.3,453753
37734.8,453753
37734.9,453753
37736.4,453753
37734,453753
37731.7,453753
37732.5,453753
37735,453753
37735.3,453753
37735.7,453753
37736.4,453753
37734.8,453753
37727.5,453753
37733.4,453753
37734.8,453753
37734.6,453753
37728.6,453753
37730.7,453753
37736.7,453753
37734.5,453753
37735.7,453753
37736,453546
