TRACE,NSNPS_JACKKNIFE
37743,453753
37741.1,453753
37739.4,453753
37739.9,453753
37738.2,453753
37741.3,453753
37740.4,453753
37739.2,453753
37740,453753
37740.3,453753
37742,453753
37741.3,453753
37743.8,453753
37740.3,453753
37740,453753
37739.9,453753
37739.1,453753
37732.9,453753
37735.7,453753
37738.2,453753
37742.1,453753
37741.9,453753
37739.6,453753
37741.5,453753
37741.5,453753
37739.7,453753
37740.5,453753
37738.7,453753
37737.9,453753
37739.1,453753
37740.4,453753
37739.2,453753
37739.6,453753
37738.9,453753
37741.5,453753
37740,453753
37738.7,453753
37737.8,453753
37739.6,453753
37740.9,453753
37741.1,453753
37739.5,453753
37740.8,453753
37736.4,453753
37735.5,453753
37739.9,453753
37739.6,453753
37742.2,453753
37741.9,453753
37740.5,453753
37740.7,453753
37738.9,453753
37736.9,453753
37738.2,453753
37738.7,453753
37741.1,453753
37741.5,453753
37737,453753
37739.1,453753
37738.8,453753
37740.1,453753
37742.5,453753
37742.2,453753
37742,453753
37740.4,453753
37741,453753
37740.7,453753
37739.4,453753
37741,453753
37740,453753
37733,453753
37741.2,453753
37741,453753
37742.2,453753
37741,453753
37741.4,453753
37741.9,453753
37739.9,453753
37742.5,453753
37740.3,453753
37737.6,453753
37741.5,453753
37742.9,453753
37742.4,453753
37741.9,453753
37742.5,453753
37741.6,453753
37741.9,453753
37741.9,453753
37740.9,453753
37737.9,453753
37738.8,453753
37742.1,453753
37723.6,453753
37741.4,453753
37739.9,453753
37740.1,453753
37741.5,453753
37740.4,453753
37740.5,453753
37739.4,453753
37740.3,453753
37738.9,453753
37736.3,453753
37738.6,453753
37737.2,453753
37740.2,453753
37741,453753
37741.1,453753
37740.9,453753
37740.6,453753
37740.6,453753
37739.7,453753
37736.3,453753
37736.1,453753
37737.2,453753
37741,453753
37740.6,453753
37739.9,453753
37736.6,453753
37737.7,453753
37740.9,453753
37737.6,453753
37741.1,453753
37740.4,453753
37739.6,453753
37739.9,453753
37740.8,453753
37737.7,453753
37740.7,453753
37740.3,453753
37740.1,453753
37739,453753
37740.3,453753
37737.5,453753
37741,453753
37741.3,453753
37741.3,453753
37737.3,453753
37739.8,453753
37734.3,453753
37732.9,453753
37740.9,453753
37737.7,453753
37738.6,453753
37737.7,453753
37740.3,453753
37740.3,453753
37739.2,453753
37740.9,453753
37737.9,453753
37741.5,453753
37740.9,453753
37741.4,453753
37740.8,453753
37739.6,453753
37740.3,453753
37740.1,453753
37740.9,453753
37740,453753
37739.1,453753
37737.9,453753
37742,453753
37742.2,453753
37742.2,453753
37741.4,453753
37740.2,453753
37740.7,453753
37740.6,453753
37741.6,453753
37738.4,453753
37740.9,453753
37740.1,453753
37741.8,453753
37741.2,453753
37741.3,453753
37740.5,453753
37738.7,453753
37739.9,453753
37739.2,453753
37740.2,453753
37720.7,453753
37726.1,453753
37740.4,453753
37738.7,453753
37741.4,453753
37739.8,453753
37740.1,453753
37740.1,453753
37740.5,453753
37741.6,453753
37741.2,453753
37738.3,453753
37733.7,453753
37731.5,453753
37730.8,453753
37735.3,453753
37736.4,453753
37739.1,453753
37740.9,453753
37739.7,453753
37741.5,453753
37742,453753
37737,453753
37741,453753
37743,453753
37740,453753
37739.1,453753
37738.9,453753
37737.2,453753
37740.3,453753
37739.7,453753
37740.6,453753
37741.8,453753
37738.9,453753
37739.8,453753
37734.1,453753
37736.4,453753
37738.7,453753
37736.9,453753
37741.8,453753
37742.6,453753
37742.3,453753
37742.4,453753
37740,453753
37741.8,453753
37742.3,453753
37741.4,453753
37741.3,453753
37742.5,453753
37739.9,453753
37738.6,453753
37738.6,453753
37742.6,453753
37741.9,453753
37741,453753
37738.7,453753
37740.8,453753
37737.5,453753
37742.2,453753
37739.3,453753
37742,453753
37740.9,453753
37740.8,453753
37739.9,453753
37741.2,453753
37741.3,453753
37738.1,453753
37741,453753
37737.3,453753
37735.9,453753
37738.5,453753
37740.7,453753
37741.3,453753
37737.9,453753
37738.3,453753
37740.4,453753
37740.4,453753
37735.8,453753
37740.3,453753
37739.9,453753
37737.1,453753
37733.1,453753
37738.5,453753
37740.2,453753
37737.6,453753
37736.9,453753
37733.3,453753
37741,453753
37741.9,453753
37740.1,453753
37735,453753
37738.3,453753
37737.3,453753
37738.4,453753
37738,453753
37742.2,453753
37739.8,453753
37739,453753
37737.5,453753
37739,453753
37739.8,453753
37741.1,453753
37742.7,453753
37740.1,453753
37741.7,453753
37740.8,453753
37740.4,453753
37739.8,453753
37742.2,453753
37742.3,453753
37740.4,453753
37742.5,453753
37740.8,453753
37742,453753
37740.8,453753
37739.5,453753
37740.1,453753
37741.9,453753
37741.3,453753
37741.2,453753
37740.7,453753
37742.6,453753
37740.7,453753
37739.5,453753
37740,453753
37740.9,453753
37742.7,453753
37739.8,453753
37742.1,453753
37740.3,453753
37739.9,453753
37738.1,453753
37731,453753
37728.2,453753
37739.6,453753
37740.3,453753
37739.6,453753
37736.6,453753
37739.1,453753
37739.2,453753
37741.5,453753
37741.3,453753
37741.8,453753
37740.1,453753
37736.3,453753
37737.5,453753
37740.5,453753
37739.7,453753
37737.5,453753
37730.8,453753
37738.5,453753
37739.8,453753
37741.2,453753
37739,453753
37739.7,453753
37738.9,453753
37739.5,453753
37742,453753
37738.3,453753
37734.2,453753
37739.9,453753
37732.9,453753
37734.3,453753
37738.1,453753
37738.9,453753
37741.8,453753
37736.7,453753
37739.9,453753
37729.4,453753
37738.9,453753
37739.1,453753
37740.8,453753
37744,453753
37742,453753
37743.2,453753
37741.2,453753
37741,453753
37738.9,453753
37739.8,453753
37742.1,453753
37741.3,453753
37742.6,453753
37741.9,453753
37740.8,453753
37739.8,453753
37740.8,453753
37741.7,453753
37738.9,453753
37739.8,453753
37740.7,453753
37739.3,453753
37740.4,453753
37740.7,453753
37740.1,453753
37742.8,453753
37739.9,453753
37733.6,453753
37737.9,453753
37734.8,453753
37724.8,453753
37732.8,453753
37737.7,453753
37738.7,453753
37739.5,453753
37735.1,453753
37735.9,453753
37737.1,453753
37739,453753
37740.9,453753
37739.5,453753
37737.9,453753
37738.1,453753
37741.4,453753
37741,453753
37739.8,453753
37738.7,453753
37737.4,453753
37735.5,453753
37739.8,453753
37740.5,453753
37741.6,453753
37741.1,453753
37740.1,453753
37741.1,453753
37729.4,453753
37739.7,453753
37739.4,453753
37740.5,453753
37741,453753
37741.2,453753
37739.9,453753
37738.6,453753
37740.6,453753
37744.3,453753
37741.8,453753
37742.2,453753
37740.6,453753
37739.2,453753
37739.5,453753
37740.1,453753
37739.6,453753
37739.5,453753
37739.4,453753
37742.4,453753
37739.3,453753
37742.1,453753
37740.9,453753
37737.8,453753
37739.7,453753
37740.1,453753
37740.4,453753
37735.2,453753
37740.2,453753
37740.9,453753
37741.7,453753
37741.1,453753
37739.1,453753
37739.4,453753
37740.4,453753
37738.3,453753
37736.4,453753
37727.2,453753
37738,453753
37740.2,453753
37739.3,453753
37741.1,453753
37741.1,453753
37738.6,453753
37738.1,453753
37740,453753
37740.7,453753
37737.6,453753
37738.6,453753
37740.3,453753
37739.8,453753
37740.8,453753
37739.7,453753
37738,453753
37736.1,453753
37736.8,453753
37739.2,453753
37740.9,453753
37738.3,453753
37742.2,453753
37739.2,453753
37739.8,453753
37741.1,453753
37742,453753
37741.1,453753
37741.7,453753
37741.8,453753
37742.1,453753
37739,453753
37738.3,453753
37740.2,453753
37740.4,453753
37741.5,453753
37740.6,453753
37735.2,453753
37727.4,453753
37729.5,453753
37739.8,453753
37740.6,453753
37740.7,453753
37738.6,453753
37740.1,453753
37738.1,453753
37742.3,453753
37740.4,453753
37741.1,453753
37738.5,453753
37739.2,453753
37740.9,453753
37730.5,453753
37737.9,453753
37739.8,453753
37740,453753
37740.6,453753
37737.9,453753
37738.9,453753
37741.7,453753
37742.9,453753
37739.7,453753
37736.9,453753
37740.1,453753
37739.9,453753
37739.5,453753
37739.6,453753
37740.5,453753
37741.1,453753
37739.9,453753
37739.2,453753
37735.5,453753
37739.3,453753
37740.6,453753
37741.1,453753
37743,453753
37740.8,453753
37741.6,453753
37738.8,453753
37741.4,453753
37740.7,453753
37741.1,453753
37741.6,453753
37742,453753
37741.2,453753
37739.9,453753
37741.4,453753
37742.5,453753
37742.1,453753
37741,453753
37743.4,453753
37741.7,453753
37740.9,453753
37740.9,453753
37741.2,453753
37739.3,453753
37742.2,453753
37737.3,453753
37738.9,453753
37735.9,453753
37732.8,453753
37741.6,453753
37738,453753
37741.3,453753
37741.8,453753
37740,453753
37741.4,453753
37741.7,453753
37740.5,453753
37742.1,453753
37740.8,453753
37736.5,453753
37735.1,453753
37740.7,453753
37739.1,453753
37739.8,453753
37741.8,453753
37740.5,453753
37737.3,453753
37740.7,453753
37739.4,453753
37742.1,453753
37738.9,453753
37738.3,453753
37739.6,453753
37741.4,453753
37742.3,453753
37742.5,453753
37741.3,453753
37738.9,453753
37739.8,453753
37742.1,453753
37742,453753
37740.1,453753
37741.6,453753
37740.8,453753
37740.9,453753
37742.2,453753
37741.1,453753
37742.4,453753
37738.9,453753
37739.1,453753
37741.1,453753
37741,453753
37742.1,453753
37737.3,453753
37735,453753
37731.5,453753
37739.3,453753
37740,453753
37740.7,453753
37737.9,453753
37739.9,453753
37739.8,453753
37740.1,453753
37738.5,453753
37740.2,453753
37738.4,453753
37721.4,453753
37741.7,453753
37742.4,453753
37740.1,453753
37739.9,453753
37736.3,453753
37738.9,453753
37739.9,453753
37739.2,453753
37734.7,453753
37741,453753
37740.7,453753
37740.9,453753
37741.1,453753
37741.3,453753
37740.8,453753
37742,453753
37741.3,453753
37740.1,453753
37738.4,453753
37742.9,453753
37740.5,453753
37739.1,453753
37729.9,453753
37741.7,453753
37734.7,453753
37733.1,453753
37737.5,453753
37738.9,453753
37741.6,453753
37738.6,453753
37740.5,453753
37742.4,453753
37740.8,453753
37741.6,453753
37736.8,453753
37739.8,453753
37741.2,453753
37742.2,453753
37739.9,453753
37742.2,453753
37741.5,453753
37697.8,453753
37629.6,453753
37717.8,453753
37738.8,453753
37737.5,453753
37738.3,453753
37743.2,453753
37738.2,453753
37739.9,453753
37740.3,453753
37738.7,453753
37727,453753
37737.1,453753
37738.6,453753
37740.3,453753
37742.5,453753
37738.6,453753
37737.5,453753
37737.6,453753
37737.8,453753
37738.2,453753
37739.7,453753
37741.1,453753
37741,453753
37743.1,453753
37742.1,453753
37738.6,453753
37742,453753
37741.4,453753
37741.2,453753
37740.9,453753
37740.5,453753
37740.1,453753
37740.5,453753
37742,453753
37740.4,453753
37740.5,453753
37741.5,453753
37740.9,453753
37741.3,453753
37740.1,453753
37739.1,453753
37741.2,453753
37741,453753
37738.7,453753
37735.7,453753
37729.1,453753
37736.9,453753
37740.8,453753
37736,453753
37735.6,453753
37739,453753
37739.4,453753
37742,453753
37739.6,453753
37739.7,453753
37739.4,453753
37740.5,453753
37740.1,453753
37738.5,453753
37736.5,453753
37737.3,453753
37740.1,453753
37740.2,453753
37735.7,453753
37739.3,453753
37740.3,453753
37740.8,453753
37740.4,453753
37740,453753
37738.4,453753
37741.9,453753
37743.4,453753
37738.3,453753
37735.7,453753
37741.1,453753
37742.7,453753
37742.9,453753
37743.7,453753
37740.6,453753
37737.5,453753
37743,453753
37739.5,453753
37740.5,453753
37742.2,453753
37741.9,453753
37742.2,453753
37740.9,453753
37739.5,453753
37741,453753
37743.5,453753
37741.9,453753
37738.5,453753
37737.8,453753
37736.4,453753
37739.9,453753
37738.4,453753
37739.4,453753
37741.7,453753
37742.8,453753
37739.8,453753
37740.3,453753
37738.1,453753
37737.8,453753
37739.2,453753
37741.6,453753
37739.7,453753
37741.2,453753
37741.9,453753
37741.1,453753
37743,453753
37740.9,453753
37741.1,453753
37738.1,453753
37741.4,453753
37739,453753
37740.9,453753
37743.8,453753
37741.1,453753
37741.6,453753
37741,453753
37742.2,453753
37741.4,453753
37738.4,453753
37739.2,453753
37737.7,453753
37738.9,453753
37741,453753
37735.9,453753
37741,453753
37737,453753
37741.5,453753
37739.6,453753
37737.8,453753
37737.7,453753
37741.2,453753
37739.6,453753
37740.1,453753
37741.8,453753
37740.1,453753
37741,453753
37742.4,453753
37742,453753
37743.2,453753
37741.7,453753
37742.4,453753
37740.9,453753
37739.7,453753
37740.4,453753
37742.7,453753
37742.8,453753
37741.7,453753
37742.3,453753
37742.3,453753
37742,453753
37737.3,453753
37740.7,453753
37735.6,453753
37740.8,453753
37740.4,453753
37741.5,453753
37743,453753
37739.8,453753
37741.8,453753
37742.3,453753
37735.4,453753
37736.3,453753
37738.2,453753
37740.3,453753
37733.4,453753
37739.9,453753
37740.7,453753
37742.1,453753
37742.6,453753
37741.2,453753
37741.1,453753
37741.4,453753
37740.2,453753
37740.1,453753
37736.5,453753
37740.9,453753
37742.9,453753
37740.7,453753
37740.5,453753
37740.5,453753
37742.4,453753
37739.8,453753
37741.8,453753
37740.6,453753
37741.3,453753
37741.1,453753
37737.1,453753
37737.6,453753
37741.5,453753
37741.4,453753
37741.7,453753
37740,453753
37741.6,453753
37740,453753
37741.1,453753
37734.2,453753
37734.3,453753
37739.9,453753
37740.1,453753
37741.4,453753
37742.7,453753
37741.5,453753
37740.6,453753
37740.4,453753
37741.1,453753
37742.9,453753
37740.1,453753
37732.8,453753
37740.6,453753
37742.4,453753
37740.8,453753
37742.6,453753
37742.3,453753
37742.2,453753
37741.9,453753
37741.2,453753
37738.4,453753
37739.8,453753
37738.9,453753
37741.9,453753
37741,453753
37739.7,453753
37732.7,453753
37734.1,453753
37727.5,453753
37741.4,453753
37740.2,453753
37741.9,453753
37738.1,453753
37740.1,453753
37741.7,453753
37739.9,453753
37742.4,453753
37742.6,453753
37740.5,453753
37741.5,453753
37739.7,453753
37741.2,453753
37738.7,453753
37739.1,453753
37742.5,453753
37743.4,453753
37743.5,453753
37740.2,453753
37742.5,453753
37742.8,453753
37738.9,453753
37741.5,453753
37742.2,453753
37739.5,453753
37741,453753
37739.5,453753
37740.5,453753
37738.2,453753
37739.8,453753
37740.9,453753
37740.4,453753
37736.8,453753
37741,453753
37742.3,453753
37742.1,453753
37740.7,453753
37739.6,453753
37741.4,453753
37739.1,453753
37742.7,453753
37741.2,453753
37742,453753
37740.4,453753
37743.1,453753
37743,453753
37741.7,453753
37741.1,453753
37740.1,453753
37739.8,453753
37729.2,453753
37740.9,453753
37738.8,453753
37740.7,453753
37736.2,453753
37731.4,453753
37739,453753
37741.1,453753
37740.3,453753
37733.3,453753
37738.5,453753
37736.8,453753
37730,453753
37740.2,453753
37740.5,453753
37741.3,453753
37740.1,453753
37742.2,453753
37728.8,453753
37735.2,453753
37739.3,453753
37740.6,453753
37741.3,453753
37740.7,453753
37740.8,453753
37742.2,453753
37743.2,453753
37741.6,453753
37740,453753
37743.6,453753
37741.7,453753
37740.6,453753
37739.9,453753
37737.1,453753
37734,453753
37740.8,453753
37740.2,453753
37741.1,453753
37738,453753
37740.9,453753
37740.6,453753
37742,453753
37741.4,453753
37740.9,453753
37742.2,453753
37743.2,453753
37741.6,453753
37739.7,453753
37743.6,453753
37741.7,453753
37742.4,453753
37740.6,453753
37742.3,453753
37742,453753
37740.7,453753
37741.1,453753
37739.9,453753
37739.7,453753
37740.8,453753
37741.1,453753
37739.7,453753
37740.5,453753
37737.8,453753
37740.3,453753
37742.7,453753
37741,453753
37742.5,453753
37740.1,453753
37736.3,453753
37741,453753
37740.8,453753
37741.6,453753
37735.4,453753
37736.4,453753
37741.7,453753
37741.2,453753
37742.3,453753
37743.2,453546
