TRACE,NSNPS_JACKKNIFE
37619.3,453753
37620.2,453753
37618.6,453753
37619.8,453753
37617.5,453753
37619.8,453753
37618,453753
37617.9,453753
37619.9,453753
37618.6,453753
37619.3,453753
37616,453753
37620,453753
37618.8,453753
37619.9,453753
37617.4,453753
37618.2,453753
37613.2,453753
37611.3,453753
37617.5,453753
37620.1,453753
37618.4,453753
37617.1,453753
37617.9,453753
37619.7,453753
37618.6,453753
37616.9,453753
37617.1,453753
37617.4,453753
37620.2,453753
37619.9,453753
37617.1,453753
37618.2,453753
37616.6,453753
37617.4,453753
37617.6,453753
37618.9,453753
37619.2,453753
37618.3,453753
37619.2,453753
37618.8,453753
37619.9,453753
37618,453753
37616.1,453753
37616.4,453753
37618.7,453753
37618.9,453753
37618.4,453753
37621.2,453753
37618.9,453753
37620.1,453753
37617.3,453753
37616.5,453753
37618.3,453753
37616,453753
37619.4,453753
37618.9,453753
37614.6,453753
37616.1,453753
37615.4,453753
37619.5,453753
37619.4,453753
37619.8,453753
37617,453753
37618,453753
37618.5,453753
37618.1,453753
37615,453753
37617.7,453753
37618.1,453753
37612.3,453753
37619.4,453753
37618.2,453753
37619.5,453753
37619.3,453753
37619.9,453753
37620.1,453753
37617.3,453753
37619.5,453753
37618.7,453753
37616.9,453753
37617.9,453753
37620.7,453753
37620.8,453753
37620.9,453753
37619.6,453753
37619,453753
37620.1,453753
37617.6,453753
37619.1,453753
37616.7,453753
37616.8,453753
37618.1,453753
37607.2,453753
37618,453753
37617.3,453753
37617.7,453753
37619.1,453753
37618.2,453753
37620.3,453753
37617.1,453753
37618.2,453753
37615.9,453753
37614.9,453753
37616.1,453753
37618.1,453753
37618.4,453753
37619.6,453753
37618.1,453753
37616.9,453753
37620.9,453753
37617.7,453753
37615.7,453753
37615.7,453753
37614.2,453753
37615.8,453753
37619.1,453753
37619.7,453753
37617.2,453753
37616.1,453753
37616.1,453753
37620.1,453753
37617.1,453753
37617.3,453753
37619.5,453753
37616.6,453753
37617.6,453753
37618.1,453753
37617.3,453753
37619.5,453753
37617.8,453753
37617.6,453753
37617.1,453753
37618.5,453753
37617.4,453753
37618.1,453753
37618.5,453753
37619.2,453753
37615.8,453753
37619.1,453753
37614.9,453753
37611.6,453753
37617.3,453753
37617.7,453753
37614.8,453753
37615.9,453753
37617.4,453753
37617,453753
37618.3,453753
37618.4,453753
37617.4,453753
37619.5,453753
37619,453753
37619,453753
37618.8,453753
37619.7,453753
37617.9,453753
37619.2,453753
37618.9,453753
37618.8,453753
37616.7,453753
37618.8,453753
37619.3,453753
37621.1,453753
37620.4,453753
37620.4,453753
37618.9,453753
37619.4,453753
37618.2,453753
37617.5,453753
37618.7,453753
37618.7,453753
37619.3,453753
37618.9,453753
37619.8,453753
37619.7,453753
37618.1,453753
37619,453753
37616.4,453753
37619.1,453753
37616.8,453753
37604.5,453753
37603.8,453753
37617.6,453753
37616.9,453753
37621.6,453753
37620.8,453753
37619.1,453753
37618.5,453753
37618.6,453753
37620.2,453753
37619.6,453753
37615.1,453753
37611.2,453753
37611.4,453753
37609.7,453753
37612,453753
37617.4,453753
37618.7,453753
37618,453753
37618.3,453753
37620.4,453753
37617.6,453753
37617.1,453753
37616.7,453753
37619.3,453753
37617.9,453753
37618.4,453753
37616.7,453753
37614.9,453753
37616.8,453753
37617.9,453753
37618.7,453753
37617.4,453753
37616.9,453753
37618.1,453753
37613,453753
37611.7,453753
37616.6,453753
37613.6,453753
37619.6,453753
37621.7,453753
37619.3,453753
37620.2,453753
37616.4,453753
37620.4,453753
37619.4,453753
37620,453753
37621.1,453753
37620.9,453753
37618.1,453753
37615.9,453753
37617.9,453753
37620.2,453753
37619.7,453753
37620.9,453753
37617.7,453753
37617.3,453753
37617,453753
37620.1,453753
37619,453753
37619.1,453753
37620.5,453753
37617.8,453753
37617.7,453753
37617.3,453753
37617.9,453753
37617.5,453753
37620.4,453753
37615.6,453753
37617.4,453753
37618.7,453753
37617.1,453753
37617.5,453753
37615.7,453753
37615.9,453753
37617.6,453753
37616,453753
37613.8,453753
37617.6,453753
37619.6,453753
37618,453753
37611.9,453753
37618,453753
37616.4,453753
37616.4,453753
37616.3,453753
37612,453753
37619.3,453753
37617.1,453753
37619.3,453753
37613,453753
37617.2,453753
37618.2,453753
37619.6,453753
37615.1,453753
37620.5,453753
37619.6,453753
37617,453753
37614.8,453753
37617.5,453753
37618.6,453753
37618.5,453753
37619.7,453753
37617.2,453753
37620.3,453753
37617.6,453753
37617.8,453753
37617.3,453753
37620.2,453753
37620.3,453753
37619.6,453753
37619.6,453753
37620.9,453753
37619.7,453753
37619.2,453753
37619.5,453753
37618.4,453753
37622.1,453753
37617.6,453753
37618.9,453753
37619.3,453753
37621.1,453753
37619.2,453753
37619.4,453753
37618.2,453753
37619.4,453753
37618.4,453753
37618.6,453753
37619.9,453753
37618.6,453753
37619.3,453753
37615.9,453753
37609.5,453753
37607.7,453753
37617.3,453753
37618,453753
37615.1,453753
37615.5,453753
37618.3,453753
37618.7,453753
37619.5,453753
37617.3,453753
37619.4,453753
37617.9,453753
37616.7,453753
37616.9,453753
37618.7,453753
37615.9,453753
37618.6,453753
37609,453753
37617.3,453753
37616.7,453753
37619.2,453753
37618.1,453753
37618.9,453753
37617.4,453753
37618.6,453753
37618.5,453753
37615.7,453753
37613.8,453753
37618.9,453753
37611.6,453753
37613.2,453753
37619.1,453753
37617,453753
37617.8,453753
37616.2,453753
37617.3,453753
37607.5,453753
37618.2,453753
37618.5,453753
37618.8,453753
37621.4,453753
37620.9,453753
37620.4,453753
37621.5,453753
37618.9,453753
37619.7,453753
37620.3,453753
37619.7,453753
37620.1,453753
37619.3,453753
37619.5,453753
37616.8,453753
37619.1,453753
37618,453753
37619.5,453753
37617.1,453753
37618.9,453753
37619.6,453753
37620.4,453753
37618,453753
37618.4,453753
37618.1,453753
37617.3,453753
37616.7,453753
37611.5,453753
37615,453753
37615.4,453753
37605.8,453753
37611.7,453753
37616.6,453753
37618.2,453753
37616.5,453753
37613.6,453753
37614,453753
37615.5,453753
37616.3,453753
37617.9,453753
37619.1,453753
37615.4,453753
37615.9,453753
37620.3,453753
37617.2,453753
37617.7,453753
37616.9,453753
37613.4,453753
37615.7,453753
37618.3,453753
37618.8,453753
37618.8,453753
37618.7,453753
37616.9,453753
37619.8,453753
37610.2,453753
37617.2,453753
37617.1,453753
37618.5,453753
37618.3,453753
37619.5,453753
37620,453753
37619.4,453753
37619.9,453753
37620.6,453753
37619.2,453753
37619.4,453753
37618.7,453753
37616.6,453753
37616.8,453753
37618,453753
37619,453753
37620.2,453753
37616.3,453753
37619.9,453753
37617.9,453753
37618.7,453753
37618.9,453753
37617.4,453753
37617.7,453753
37618.2,453753
37618.7,453753
37614,453753
37620.8,453753
37619.3,453753
37617.8,453753
37618.4,453753
37616.5,453753
37615.7,453753
37617.2,453753
37618.6,453753
37614.6,453753
37600.1,453753
37617.8,453753
37617.5,453753
37618.2,453753
37619.6,453753
37619.8,453753
37618.5,453753
37616.6,453753
37619.9,453753
37620.3,453753
37614.3,453753
37615.4,453753
37620.5,453753
37619.1,453753
37619.9,453753
37618,453753
37614.8,453753
37615.7,453753
37615.4,453753
37614.8,453753
37620.5,453753
37616.9,453753
37620.7,453753
37618.4,453753
37616.8,453753
37618.4,453753
37620.7,453753
37617.1,453753
37619.2,453753
37620.4,453753
37618.9,453753
37618.1,453753
37614.5,453753
37618.4,453753
37617,453753
37618.5,453753
37619,453753
37614,453753
37601.6,453753
37605.2,453753
37617.2,453753
37618.8,453753
37619.5,453753
37618.9,453753
37618.6,453753
37616.5,453753
37620.8,453753
37620.1,453753
37620.3,453753
37617.6,453753
37617.6,453753
37619.2,453753
37612.2,453753
37615.9,453753
37618.5,453753
37617.5,453753
37619.2,453753
37616.2,453753
37616.5,453753
37619.3,453753
37619,453753
37616.6,453753
37617.3,453753
37617.8,453753
37614.8,453753
37616.4,453753
37618.8,453753
37621.4,453753
37617.8,453753
37617.1,453753
37617.3,453753
37613.7,453753
37615.5,453753
37619.4,453753
37619.2,453753
37619.3,453753
37620.1,453753
37620.3,453753
37619,453753
37619.9,453753
37618.4,453753
37619.1,453753
37620,453753
37618.6,453753
37617.4,453753
37618,453753
37621.2,453753
37619.9,453753
37618.5,453753
37619,453753
37619.2,453753
37620.8,453753
37619.7,453753
37614.8,453753
37619.3,453753
37618.2,453753
37620.5,453753
37617.4,453753
37618.5,453753
37614.3,453753
37611.3,453753
37620,453753
37615.6,453753
37618.4,453753
37618.8,453753
37618.5,453753
37618.2,453753
37618.6,453753
37620,453753
37620.1,453753
37619,453753
37616.7,453753
37612.5,453753
37620,453753
37618,453753
37616.9,453753
37619.7,453753
37616.9,453753
37615.9,453753
37619,453753
37618.5,453753
37618.9,453753
37617.4,453753
37617,453753
37619.7,453753
37620.4,453753
37620.8,453753
37618,453753
37620.4,453753
37619.9,453753
37617.4,453753
37619.3,453753
37620.5,453753
37619.2,453753
37620.1,453753
37620.4,453753
37619.6,453753
37618.8,453753
37619.4,453753
37619.4,453753
37617.1,453753
37617.5,453753
37618.2,453753
37618.6,453753
37619.4,453753
37618.5,453753
37616.5,453753
37610.7,453753
37617.4,453753
37618.9,453753
37619,453753
37615.4,453753
37618.9,453753
37617.7,453753
37618.5,453753
37615.8,453753
37620.4,453753
37618.1,453753
37602.6,453753
37618.2,453753
37620.5,453753
37615.4,453753
37619.3,453753
37614.4,453753
37615.5,453753
37617.9,453753
37615.3,453753
37615.5,453753
37618.7,453753
37619.4,453753
37620,453753
37618.6,453753
37619.4,453753
37618.4,453753
37619,453753
37618.6,453753
37620.4,453753
37618.6,453753
37620.4,453753
37620.9,453753
37619.1,453753
37608.3,453753
37618.7,453753
37616.2,453753
37612,453753
37617.8,453753
37615.4,453753
37619.6,453753
37619.2,453753
37619.6,453753
37619.8,453753
37619.3,453753
37619.2,453753
37616.5,453753
37616.4,453753
37619.7,453753
37619.1,453753
37618.5,453753
37617.1,453753
37619.2,453753
37576.6,453753
37500.2,453753
37596.4,453753
37616.6,453753
37616.6,453753
37617.2,453753
37618.8,453753
37617.1,453753
37617.6,453753
37620.8,453753
37615.7,453753
37607.8,453753
37616.3,453753
37614.6,453753
37618.3,453753
37619.8,453753
37618.3,453753
37616,453753
37615.3,453753
37617.6,453753
37616.4,453753
37619.6,453753
37620.1,453753
37619.8,453753
37621.9,453753
37620.1,453753
37617.2,453753
37621.1,453753
37620.2,453753
37620.1,453753
37621.5,453753
37618.1,453753
37620.6,453753
37620.9,453753
37619.8,453753
37618.7,453753
37615.8,453753
37618.3,453753
37619.7,453753
37619.4,453753
37619.8,453753
37619,453753
37620,453753
37616.7,453753
37618.7,453753
37616.4,453753
37602.6,453753
37617.9,453753
37615.8,453753
37616.5,453753
37618.7,453753
37615.6,453753
37617.1,453753
37616.8,453753
37616.1,453753
37619.1,453753
37618.2,453753
37617,453753
37620.2,453753
37616.3,453753
37612.5,453753
37613.6,453753
37619.1,453753
37618.4,453753
37618.3,453753
37619.2,453753
37619.3,453753
37618.5,453753
37618.2,453753
37617.9,453753
37618.4,453753
37620.8,453753
37620.3,453753
37618.2,453753
37611.3,453753
37619.6,453753
37620.4,453753
37621.1,453753
37620.3,453753
37618.8,453753
37616.4,453753
37620.2,453753
37618.5,453753
37618.3,453753
37619.9,453753
37620.9,453753
37619.9,453753
37619.3,453753
37618,453753
37618.5,453753
37618.9,453753
37619.9,453753
37618.2,453753
37616.3,453753
37613.5,453753
37617,453753
37616.3,453753
37615.4,453753
37617.5,453753
37619.5,453753
37617.8,453753
37617.2,453753
37616.5,453753
37619.2,453753
37617.2,453753
37619.5,453753
37617.9,453753
37619.2,453753
37618,453753
37618,453753
37620.7,453753
37620.1,453753
37621,453753
37618.9,453753
37621.1,453753
37619.1,453753
37621,453753
37620.1,453753
37619.2,453753
37619.2,453753
37620.2,453753
37619.2,453753
37618.4,453753
37616.2,453753
37616.3,453753
37615.1,453753
37615.3,453753
37619.4,453753
37612.2,453753
37618.8,453753
37618.4,453753
37618,453753
37617.5,453753
37616.8,453753
37617.8,453753
37618.3,453753
37616.5,453753
37617.9,453753
37620,453753
37619,453753
37619.8,453753
37619.3,453753
37618.1,453753
37620.8,453753
37617.5,453753
37618.9,453753
37619.1,453753
37617,453753
37618.4,453753
37620,453753
37620.3,453753
37616.6,453753
37620.9,453753
37618.9,453753
37618.2,453753
37615.5,453753
37617.5,453753
37616.7,453753
37619.5,453753
37618.6,453753
37620,453753
37619.2,453753
37616.6,453753
37618.6,453753
37620.6,453753
37610.9,453753
37614.6,453753
37617.1,453753
37619.1,453753
37612.1,453753
37618.8,453753
37617.1,453753
37620.2,453753
37620.3,453753
37619.3,453753
37621.2,453753
37619.4,453753
37618.1,453753
37621.7,453753
37616.3,453753
37618.7,453753
37621,453753
37620.7,453753
37618.6,453753
37618.7,453753
37619.1,453753
37618,453753
37620.8,453753
37618.8,453753
37618,453753
37619.5,453753
37615.6,453753
37618.1,453753
37619.2,453753
37618.5,453753
37619.6,453753
37620,453753
37619.8,453753
37620,453753
37617.8,453753
37613.6,453753
37614.4,453753
37618.1,453753
37618.9,453753
37620.1,453753
37620.4,453753
37618,453753
37619.2,453753
37619.6,453753
37620.2,453753
37619.3,453753
37616.5,453753
37615,453753
37618.6,453753
37621.5,453753
37618.1,453753
37616.2,453753
37620.8,453753
37620,453753
37620.8,453753
37618.7,453753
37616.6,453753
37615.7,453753
37615.5,453753
37619.2,453753
37618.8,453753
37618.4,453753
37611.3,453753
37614.4,453753
37612,453753
37619.1,453753
37617.2,453753
37620.9,453753
37616,453753
37618.8,453753
37620.3,453753
37620.5,453753
37618.8,453753
37621.3,453753
37619.5,453753
37619.7,453753
37619.6,453753
37619,453753
37616,453753
37619,453753
37620.3,453753
37620.9,453753
37621.9,453753
37618.5,453753
37620.2,453753
37619.1,453753
37618.7,453753
37619.8,453753
37618.4,453753
37618.2,453753
37619.9,453753
37616.9,453753
37618.4,453753
37616,453753
37617.9,453753
37618.9,453753
37618.9,453753
37615.5,453753
37616.9,453753
37619.1,453753
37619.3,453753
37619.2,453753
37618.3,453753
37619.6,453753
37619.5,453753
37620.2,453753
37618.7,453753
37619.7,453753
37618.9,453753
37618.4,453753
37619.8,453753
37620.6,453753
37619.4,453753
37618.7,453753
37616.6,453753
37609.4,453753
37617.9,453753
37617.9,453753
37618.5,453753
37615.4,453753
37609.5,453753
37617.4,453753
37619.1,453753
37618.1,453753
37614,453753
37616.4,453753
37614.2,453753
37608.1,453753
37616.7,453753
37619,453753
37619.1,453753
37617.4,453753
37622.1,453753
37606.6,453753
37612.8,453753
37616.5,453753
37618.2,453753
37620.3,453753
37618.7,453753
37622.1,453753
37620.6,453753
37620.7,453753
37620.7,453753
37619.2,453753
37619.6,453753
37618.7,453753
37617.7,453753
37617,453753
37613,453753
37613.1,453753
37618.1,453753
37619.6,453753
37619.6,453753
37617.4,453753
37618.1,453753
37619.6,453753
37620.3,453753
37619.3,453753
37620.2,453753
37620,453753
37620.7,453753
37620,453753
37619.5,453753
37621.5,453753
37620.1,453753
37620.3,453753
37619.9,453753
37620.6,453753
37618.9,453753
37618.4,453753
37617.9,453753
37618.7,453753
37617.8,453753
37619.5,453753
37619.1,453753
37620.1,453753
37617.2,453753
37617.5,453753
37618.6,453753
37620.3,453753
37618.8,453753
37620.2,453753
37619.4,453753
37612,453753
37617.1,453753
37620.1,453753
37619,453753
37613,453753
37617.5,453753
37621.3,453753
37620.5,453753
37621.2,453753
37619.2,453546
