TRACE,NSNPS_JACKKNIFE
37600.6,453753
37600.7,453753
37598.9,453753
37600.9,453753
37598.9,453753
37599.2,453753
37598,453753
37597.1,453753
37598.7,453753
37598.3,453753
37599.5,453753
37594.7,453753
37601,453753
37598.3,453753
37599.6,453753
37601.3,453753
37598.4,453753
37594.4,453753
37594.8,453753
37596.7,453753
37600,453753
37599.9,453753
37599,453753
37600,453753
37599.5,453753
37599.5,453753
37596.7,453753
37595.3,453753
37598.3,453753
37599.9,453753
37598.1,453753
37598.8,453753
37599.3,453753
37597.3,453753
37599.1,453753
37598.5,453753
37597,453753
37597.3,453753
37598.8,453753
37600.4,453753
37599.5,453753
37600.4,453753
37596.8,453753
37596.1,453753
37592.7,453753
37597.4,453753
37599.5,453753
37600.8,453753
37599.7,453753
37599.9,453753
37599.2,453753
37596.5,453753
37597.4,453753
37597.3,453753
37595.9,453753
37598.9,453753
37599,453753
37593.9,453753
37599.1,453753
37597.2,453753
37598.8,453753
37601.3,453753
37600.9,453753
37598.7,453753
37596.9,453753
37599.3,453753
37596.3,453753
37597.8,453753
37598.4,453753
37596.7,453753
37592.8,453753
37599.3,453753
37601,453753
37600.9,453753
37601.9,453753
37600.7,453753
37602.4,453753
37600.1,453753
37600.5,453753
37597.8,453753
37593.6,453753
37598.9,453753
37599.9,453753
37601.5,453753
37600.8,453753
37598.3,453753
37600.1,453753
37600.1,453753
37598.5,453753
37599.9,453753
37598.3,453753
37594.9,453753
37600.4,453753
37586.2,453753
37597.7,453753
37598.5,453753
37600.3,453753
37598.3,453753
37598.5,453753
37600.5,453753
37596.3,453753
37597.6,453753
37597.5,453753
37596.4,453753
37595.4,453753
37597.8,453753
37598.3,453753
37598.3,453753
37599.3,453753
37597.5,453753
37598.5,453753
37599.1,453753
37597.4,453753
37596.8,453753
37597,453753
37597.5,453753
37599.4,453753
37598.5,453753
37597.2,453753
37594.9,453753
37598.6,453753
37600.4,453753
37596.5,453753
37599.9,453753
37599.1,453753
37598.6,453753
37598.9,453753
37597.9,453753
37597.7,453753
37599.2,453753
37598,453753
37599.4,453753
37596.5,453753
37598.5,453753
37597.2,453753
37599.3,453753
37600.8,453753
37598.9,453753
37596.3,453753
37599.2,453753
37594.3,453753
37593.3,453753
37598.6,453753
37596.9,453753
37597.6,453753
37596.3,453753
37597.3,453753
37598.4,453753
37599,453753
37599.8,453753
37599.7,453753
37600,453753
37599,453753
37598.1,453753
37598,453753
37598.7,453753
37600.7,453753
37600.9,453753
37600,453753
37602.3,453753
37600.1,453753
37597.7,453753
37599.6,453753
37600.4,453753
37599.8,453753
37600.2,453753
37600.3,453753
37600.2,453753
37600.7,453753
37597.8,453753
37598.4,453753
37598.3,453753
37600.1,453753
37599.5,453753
37600.4,453753
37599.8,453753
37597.7,453753
37597.2,453753
37597.1,453753
37598.1,453753
37596.5,453753
37584.5,453753
37585.2,453753
37596.9,453753
37597.8,453753
37600.6,453753
37599.5,453753
37600.3,453753
37600.6,453753
37597.6,453753
37600.1,453753
37600.5,453753
37595.7,453753
37588.3,453753
37590.6,453753
37586.3,453753
37590.5,453753
37595.5,453753
37600.2,453753
37600,453753
37597.4,453753
37599.6,453753
37599.4,453753
37595.1,453753
37597.6,453753
37598.3,453753
37599.3,453753
37598.7,453753
37598,453753
37595.4,453753
37599,453753
37599.4,453753
37600,453753
37599.1,453753
37596.4,453753
37598.9,453753
37593.2,453753
37592.3,453753
37595.2,453753
37593.9,453753
37599.9,453753
37599.7,453753
37599.6,453753
37599.6,453753
37595.1,453753
37600,453753
37600.9,453753
37600.3,453753
37601.3,453753
37600.5,453753
37599.2,453753
37596.6,453753
37595.9,453753
37600,453753
37601.6,453753
37600.9,453753
37598.1,453753
37600.2,453753
37597.2,453753
37597.7,453753
37596.7,453753
37599.8,453753
37599.6,453753
37599.7,453753
37599.1,453753
37598.3,453753
37599.3,453753
37598.4,453753
37599,453753
37596.5,453753
37594.5,453753
37599.1,453753
37596.4,453753
37595.6,453753
37597.3,453753
37596.4,453753
37597.7,453753
37598.6,453753
37597.3,453753
37597.7,453753
37599.4,453753
37597.2,453753
37593.5,453753
37598.6,453753
37597.9,453753
37595.8,453753
37597.4,453753
37592.8,453753
37598.7,453753
37598.1,453753
37596.1,453753
37593.8,453753
37599.2,453753
37597.6,453753
37598.6,453753
37598.8,453753
37599,453753
37598.3,453753
37598.4,453753
37594.5,453753
37598.3,453753
37598.5,453753
37599,453753
37596.2,453753
37596,453753
37599.8,453753
37599.8,453753
37597,453753
37598.4,453753
37600.1,453753
37600.2,453753
37600.7,453753
37600.3,453753
37598.9,453753
37600.8,453753
37599.6,453753
37599.1,453753
37597.6,453753
37600.2,453753
37600.5,453753
37598.9,453753
37599.2,453753
37601.7,453753
37598,453753
37599.9,453753
37599.6,453753
37599.9,453753
37596.8,453753
37599.2,453753
37598.7,453753
37600.4,453753
37599.1,453753
37596.7,453753
37591,453753
37587.3,453753
37597,453753
37598.6,453753
37598.2,453753
37598.4,453753
37597.5,453753
37599.5,453753
37597.7,453753
37599.3,453753
37599,453753
37599,453753
37596.2,453753
37596.7,453753
37597.2,453753
37597.8,453753
37594.7,453753
37591.5,453753
37596.2,453753
37598.9,453753
37601,453753
37598.1,453753
37598.8,453753
37596.9,453753
37597.4,453753
37598.7,453753
37596.5,453753
37594.9,453753
37597.6,453753
37592.4,453753
37591,453753
37599.8,453753
37596.6,453753
37600.4,453753
37596.1,453753
37595.2,453753
37587.2,453753
37600,453753
37599.8,453753
37601.3,453753
37602.2,453753
37600.3,453753
37600.6,453753
37600.4,453753
37600.1,453753
37599.3,453753
37599.7,453753
37600.1,453753
37601.2,453753
37599.3,453753
37602.3,453753
37597.5,453753
37600.3,453753
37600,453753
37599.9,453753
37598.9,453753
37600,453753
37601,453753
37597,453753
37597.9,453753
37598.4,453753
37597.8,453753
37599.4,453753
37595.4,453753
37592,453753
37597.6,453753
37594.8,453753
37586.1,453753
37592.3,453753
37596,453753
37598.3,453753
37597.6,453753
37593.9,453753
37592.1,453753
37594.7,453753
37598.3,453753
37596.3,453753
37599.3,453753
37594.7,453753
37594.7,453753
37597.4,453753
37597.9,453753
37596.8,453753
37595.8,453753
37594.7,453753
37594.8,453753
37598.7,453753
37599.7,453753
37598.8,453753
37599,453753
37599.4,453753
37601.8,453753
37588,453753
37596.7,453753
37596.3,453753
37596.4,453753
37599.7,453753
37598.7,453753
37600.6,453753
37599.5,453753
37600.3,453753
37599.9,453753
37600.6,453753
37599.8,453753
37598.7,453753
37596,453753
37597.3,453753
37597.8,453753
37598.5,453753
37599.1,453753
37597.8,453753
37598.4,453753
37601,453753
37599.4,453753
37597.8,453753
37595,453753
37597.8,453753
37601.1,453753
37598.9,453753
37594.6,453753
37599.2,453753
37598.9,453753
37598.2,453753
37598.1,453753
37599.3,453753
37598.5,453753
37597.7,453753
37596.8,453753
37596.4,453753
37584.5,453753
37597.8,453753
37598.4,453753
37598.2,453753
37600.7,453753
37600.2,453753
37597.4,453753
37594.7,453753
37598.3,453753
37596.5,453753
37594.9,453753
37596.6,453753
37599.7,453753
37598.8,453753
37598.7,453753
37598.5,453753
37596.1,453753
37596.9,453753
37595.8,453753
37597.2,453753
37600.1,453753
37597.8,453753
37600.4,453753
37599.9,453753
37598.2,453753
37598.8,453753
37601,453753
37598.2,453753
37602.1,453753
37600.5,453753
37599.4,453753
37597.5,453753
37598.3,453753
37598.3,453753
37597.1,453753
37600.1,453753
37599.9,453753
37592.1,453753
37577.6,453753
37583.8,453753
37596.5,453753
37599.6,453753
37597.9,453753
37597.4,453753
37598.5,453753
37595.5,453753
37600.6,453753
37600,453753
37600,453753
37596.8,453753
37599.4,453753
37597.8,453753
37589,453753
37596,453753
37597,453753
37597.4,453753
37598,453753
37596.8,453753
37597.9,453753
37598.5,453753
37598.4,453753
37598.4,453753
37599.1,453753
37598.2,453753
37595.3,453753
37597.8,453753
37598.6,453753
37599.3,453753
37599.4,453753
37598.2,453753
37598,453753
37594.5,453753
37594.6,453753
37596.5,453753
37598.5,453753
37600.8,453753
37599.4,453753
37600.9,453753
37597.4,453753
37600.2,453753
37599.8,453753
37599.9,453753
37599.9,453753
37598.6,453753
37597.1,453753
37599,453753
37599.8,453753
37600,453753
37598.3,453753
37599.7,453753
37600.9,453753
37599.8,453753
37599.9,453753
37599.8,453753
37599,453753
37596.9,453753
37601.6,453753
37597.1,453753
37598.7,453753
37594.8,453753
37591.9,453753
37598,453753
37596.4,453753
37599.9,453753
37598.6,453753
37598.7,453753
37599.2,453753
37600.9,453753
37598.8,453753
37599.8,453753
37600.1,453753
37596,453753
37594.4,453753
37596.1,453753
37597.2,453753
37598.5,453753
37599.9,453753
37598.2,453753
37597.1,453753
37598.6,453753
37599.3,453753
37600.5,453753
37599.8,453753
37598.3,453753
37599.3,453753
37599.5,453753
37599.8,453753
37598.7,453753
37598.6,453753
37598.3,453753
37598.4,453753
37600.1,453753
37598.5,453753
37599.8,453753
37598.9,453753
37599.7,453753
37598.3,453753
37599.9,453753
37599.6,453753
37601.1,453753
37596.9,453753
37599.2,453753
37601.3,453753
37599,453753
37598.5,453753
37597.4,453753
37593.7,453753
37589.8,453753
37597,453753
37598,453753
37599.8,453753
37596.7,453753
37598.2,453753
37597.9,453753
37598.2,453753
37599.4,453753
37599.7,453753
37599.6,453753
37585.3,453753
37598.2,453753
37599.1,453753
37600.4,453753
37599.4,453753
37597,453753
37596.6,453753
37597.6,453753
37595.4,453753
37593,453753
37597.4,453753
37598.2,453753
37600.1,453753
37597.4,453753
37600.5,453753
37601.5,453753
37599.6,453753
37598.4,453753
37600.1,453753
37597.9,453753
37600.4,453753
37600.8,453753
37598.4,453753
37587.2,453753
37598.7,453753
37597.5,453753
37595.2,453753
37596.2,453753
37597.4,453753
37599.6,453753
37598.1,453753
37597.5,453753
37601,453753
37600.2,453753
37598.9,453753
37597.6,453753
37597,453753
37598.7,453753
37598.8,453753
37599.8,453753
37599.3,453753
37599.2,453753
37554.8,453753
37483.2,453753
37579.4,453753
37597,453753
37595.6,453753
37596.3,453753
37598.7,453753
37596.2,453753
37598,453753
37599.9,453753
37599.7,453753
37588.9,453753
37596.6,453753
37596.7,453753
37599.4,453753
37598.4,453753
37598.1,453753
37596.8,453753
37597,453753
37598.8,453753
37597.6,453753
37599.6,453753
37598.7,453753
37599.8,453753
37601,453753
37600.1,453753
37596.1,453753
37600.7,453753
37599.8,453753
37599.4,453753
37600.8,453753
37597.9,453753
37598,453753
37599.9,453753
37600.2,453753
37598.8,453753
37595.6,453753
37598.6,453753
37599.6,453753
37598.2,453753
37596.8,453753
37599.1,453753
37599.3,453753
37597.8,453753
37598.2,453753
37594.1,453753
37584.5,453753
37596.8,453753
37597.9,453753
37595.4,453753
37598.2,453753
37598,453753
37598.2,453753
37595.6,453753
37599.5,453753
37600.9,453753
37599.2,453753
37598.9,453753
37600.8,453753
37600.8,453753
37593.3,453753
37595.5,453753
37598.8,453753
37597.3,453753
37598.5,453753
37598.3,453753
37599.4,453753
37598.8,453753
37600.9,453753
37598.3,453753
37597.7,453753
37598.5,453753
37600.4,453753
37600.1,453753
37594.5,453753
37601,453753
37601.4,453753
37599.4,453753
37601.5,453753
37598.7,453753
37598.1,453753
37600.6,453753
37600.1,453753
37598.5,453753
37600.4,453753
37600.7,453753
37600.7,453753
37599.7,453753
37599.4,453753
37598.4,453753
37597.5,453753
37600.7,453753
37597.3,453753
37596.3,453753
37594.5,453753
37597.9,453753
37598.2,453753
37596.6,453753
37599.3,453753
37600.8,453753
37598.3,453753
37599.5,453753
37598.4,453753
37597.5,453753
37599.1,453753
37600.7,453753
37598.5,453753
37600.7,453753
37599.2,453753
37600.2,453753
37601,453753
37600.4,453753
37598.8,453753
37600.3,453753
37600,453753
37598.7,453753
37598.3,453753
37599.9,453753
37600.3,453753
37598.9,453753
37600,453753
37599.4,453753
37598.8,453753
37597.6,453753
37598,453753
37595.9,453753
37598.5,453753
37599.8,453753
37591.7,453753
37600.8,453753
37597.9,453753
37596.4,453753
37598.5,453753
37596.5,453753
37596.9,453753
37601,453753
37598.7,453753
37597.9,453753
37600.2,453753
37600.6,453753
37600.3,453753
37599.8,453753
37598.9,453753
37600.1,453753
37601.6,453753
37600,453753
37600.7,453753
37598.2,453753
37599.3,453753
37600.5,453753
37599.9,453753
37600.6,453753
37602.2,453753
37599,453753
37598.7,453753
37595.8,453753
37600.1,453753
37595.3,453753
37600.5,453753
37597.9,453753
37599.9,453753
37600,453753
37599.2,453753
37599.9,453753
37601.8,453753
37592.8,453753
37596.6,453753
37596.6,453753
37599.3,453753
37593.1,453753
37599.5,453753
37598.6,453753
37599.6,453753
37601.8,453753
37599.2,453753
37600.9,453753
37602,453753
37600,453753
37598.4,453753
37596.5,453753
37598.9,453753
37600.1,453753
37599.6,453753
37599.3,453753
37599.7,453753
37599,453753
37599.4,453753
37601.2,453753
37599.5,453753
37598.7,453753
37599.9,453753
37597.3,453753
37595.7,453753
37601.7,453753
37598.9,453753
37600.1,453753
37599.4,453753
37597.9,453753
37598.1,453753
37597.4,453753
37594.3,453753
37594,453753
37598,453753
37598.1,453753
37598.7,453753
37599.6,453753
37599.1,453753
37600.7,453753
37597.8,453753
37599.6,453753
37598.9,453753
37596.5,453753
37594.2,453753
37598.4,453753
37598.7,453753
37597.7,453753
37596.6,453753
37602.1,453753
37601.5,453753
37601.6,453753
37598.2,453753
37596.6,453753
37596.8,453753
37595.8,453753
37600.3,453753
37598.6,453753
37598.3,453753
37593.1,453753
37594.8,453753
37589.7,453753
37600.3,453753
37600.6,453753
37601.5,453753
37594.1,453753
37598.7,453753
37599.9,453753
37599,453753
37600.5,453753
37601.6,453753
37599.8,453753
37600.9,453753
37600.3,453753
37599,453753
37597.1,453753
37599,453753
37601,453753
37601.9,453753
37601,453753
37601.4,453753
37601.4,453753
37600.8,453753
37596.8,453753
37599.2,453753
37597.8,453753
37599,453753
37599.5,453753
37598.7,453753
37599.9,453753
37596.5,453753
37599.6,453753
37600.2,453753
37599.2,453753
37595.6,453753
37600.2,453753
37599.8,453753
37598.9,453753
37599.2,453753
37600.2,453753
37600.9,453753
37600.3,453753
37601.4,453753
37599.2,453753
37601.5,453753
37599.3,453753
37600.6,453753
37600.1,453753
37600.1,453753
37598.8,453753
37600.7,453753
37597.8,453753
37591.2,453753
37598,453753
37597.6,453753
37598.8,453753
37595.6,453753
37589.9,453753
37598.2,453753
37599.4,453753
37598,453753
37594.2,453753
37596.7,453753
37596,453753
37589.9,453753
37598.3,453753
37599.2,453753
37600.4,453753
37599.6,453753
37601,453753
37588.2,453753
37593.3,453753
37597,453753
37597,453753
37600.4,453753
37598.5,453753
37600.6,453753
37600.3,453753
37600.3,453753
37600.2,453753
37599.2,453753
37598.8,453753
37598.1,453753
37598.4,453753
37596.8,453753
37594.1,453753
37594,453753
37598.1,453753
37600.7,453753
37601,453753
37598.7,453753
37598.9,453753
37600.5,453753
37600,453753
37601.7,453753
37599.7,453753
37601.1,453753
37601.1,453753
37598.8,453753
37597.4,453753
37600.1,453753
37601.4,453753
37599.6,453753
37599.2,453753
37600.7,453753
37599.6,453753
37598.2,453753
37598.9,453753
37598.5,453753
37599,453753
37600.4,453753
37600.4,453753
37599.2,453753
37596.4,453753
37597.2,453753
37601.1,453753
37601.4,453753
37600.3,453753
37601.8,453753
37600.5,453753
37593.3,453753
37598.4,453753
37600.5,453753
37598.4,453753
37593.4,453753
37593.9,453753
37600.2,453753
37599.6,453753
37600.6,453753
37600.3,453546
