TRACE,NSNPS_JACKKNIFE
37637,453753
37638,453753
37635,453753
37634.7,453753
37634.3,453753
37635.4,453753
37633.3,453753
37632.9,453753
37634.4,453753
37634.4,453753
37634.6,453753
37630.8,453753
37637,453753
37632.3,453753
37633.1,453753
37635,453753
37632.6,453753
37629.5,453753
37630.8,453753
37633.7,453753
37636.3,453753
37636.7,453753
37635.2,453753
37634.7,453753
37635.3,453753
37634.2,453753
37633.6,453753
37631.4,453753
37634.8,453753
37634,453753
37633.4,453753
37634.3,453753
37634.6,453753
37632.5,453753
37632.9,453753
37635.7,453753
37633.5,453753
37634.3,453753
37636.2,453753
37633.5,453753
37636.2,453753
37635.1,453753
37635.6,453753
37631.2,453753
37631.6,453753
37636,453753
37635.5,453753
37635.7,453753
37635.1,453753
37636.9,453753
37635.2,453753
37631.7,453753
37631.9,453753
37634,453753
37631.7,453753
37633.9,453753
37633.3,453753
37631.9,453753
37632.9,453753
37631.9,453753
37634.8,453753
37637,453753
37636.4,453753
37634.8,453753
37635,453753
37636.8,453753
37633.8,453753
37634.5,453753
37633.3,453753
37634.5,453753
37628.3,453753
37634.6,453753
37635.8,453753
37637.7,453753
37636.2,453753
37635.7,453753
37636.3,453753
37635.8,453753
37636.4,453753
37634,453753
37632.2,453753
37634.6,453753
37635.2,453753
37636.7,453753
37636.5,453753
37635.7,453753
37636.1,453753
37637.2,453753
37634.9,453753
37635.9,453753
37634.5,453753
37633,453753
37634.7,453753
37623.7,453753
37633.7,453753
37633.5,453753
37634.6,453753
37633.7,453753
37635.6,453753
37636.5,453753
37632.8,453753
37633.5,453753
37633.1,453753
37631.9,453753
37630.6,453753
37631.7,453753
37633.9,453753
37634.5,453753
37633.2,453753
37635.5,453753
37636.6,453753
37634.5,453753
37632.9,453753
37629.4,453753
37631.7,453753
37632,453753
37634.9,453753
37633.7,453753
37633,453753
37630.7,453753
37632.6,453753
37636.3,453753
37634.8,453753
37634.8,453753
37633.2,453753
37633,453753
37636.1,453753
37635.8,453753
37632.6,453753
37634.5,453753
37634.7,453753
37633.5,453753
37635.1,453753
37634.6,453753
37633.5,453753
37634.7,453753
37635.2,453753
37635.9,453753
37630.7,453753
37635.4,453753
37629.8,453753
37626.9,453753
37634.7,453753
37633.5,453753
37631.7,453753
37632.1,453753
37634.4,453753
37634.1,453753
37635,453753
37633.8,453753
37635.1,453753
37634.2,453753
37634.8,453753
37634.1,453753
37634.6,453753
37634.6,453753
37635.2,453753
37634.4,453753
37636.1,453753
37634.3,453753
37634.2,453753
37633,453753
37635.3,453753
37637.6,453753
37636.8,453753
37636.1,453753
37634.7,453753
37636.5,453753
37636.7,453753
37635.1,453753
37634.8,453753
37634,453753
37635.8,453753
37634.5,453753
37636.8,453753
37635.4,453753
37633.6,453753
37633.1,453753
37634.6,453753
37632.2,453753
37631.9,453753
37615.7,453753
37618.5,453753
37634,453753
37633.1,453753
37636.3,453753
37637.8,453753
37635.2,453753
37636.5,453753
37635.7,453753
37637,453753
37636,453753
37632.3,453753
37625.3,453753
37626.3,453753
37625.5,453753
37626.4,453753
37632.7,453753
37635.2,453753
37633,453753
37634.9,453753
37637.5,453753
37634.6,453753
37629.4,453753
37633.3,453753
37634.4,453753
37633.7,453753
37634,453753
37632.8,453753
37629.5,453753
37633.4,453753
37633.8,453753
37634.9,453753
37633.9,453753
37633.6,453753
37634.1,453753
37627,453753
37628.4,453753
37633.5,453753
37629.4,453753
37636.5,453753
37636.9,453753
37635.3,453753
37634.4,453753
37632.6,453753
37635.5,453753
37636.4,453753
37635.2,453753
37636.1,453753
37638.1,453753
37634.4,453753
37628.6,453753
37631.4,453753
37636.4,453753
37635.7,453753
37635.4,453753
37633.9,453753
37635.3,453753
37632.6,453753
37635.3,453753
37632.5,453753
37634.5,453753
37635.9,453753
37634.9,453753
37634.3,453753
37635,453753
37636,453753
37633.4,453753
37634.2,453753
37632.7,453753
37630.2,453753
37634.9,453753
37634.9,453753
37631.4,453753
37633.9,453753
37632.3,453753
37633.2,453753
37634.2,453753
37631.2,453753
37634.3,453753
37636.3,453753
37632,453753
37630.5,453753
37634.9,453753
37635.1,453753
37632.1,453753
37633.5,453753
37629.2,453753
37634.1,453753
37635,453753
37635.2,453753
37627.4,453753
37633.6,453753
37634.4,453753
37632.4,453753
37631.4,453753
37636.1,453753
37634.7,453753
37634.6,453753
37630.5,453753
37633.3,453753
37633,453753
37636,453753
37634,453753
37633.2,453753
37634.8,453753
37633.6,453753
37634.5,453753
37633.6,453753
37634.5,453753
37634.8,453753
37635.5,453753
37635,453753
37634.2,453753
37635.5,453753
37635.9,453753
37634.7,453753
37634.4,453753
37635.8,453753
37634.5,453753
37636.3,453753
37636.9,453753
37636.8,453753
37634.3,453753
37636.7,453753
37636.8,453753
37633.9,453753
37634.5,453753
37634.2,453753
37636.9,453753
37635.2,453753
37633.9,453753
37631.1,453753
37626.3,453753
37624.5,453753
37632.4,453753
37634.3,453753
37631.6,453753
37632.9,453753
37634.5,453753
37633.6,453753
37634.2,453753
37633.2,453753
37635.9,453753
37634.7,453753
37632.4,453753
37633,453753
37633.8,453753
37633,453753
37633.1,453753
37627.3,453753
37631.5,453753
37636.5,453753
37635.4,453753
37632.9,453753
37634.9,453753
37632.3,453753
37636.4,453753
37634.3,453753
37633.9,453753
37630.6,453753
37634.3,453753
37625.7,453753
37626.2,453753
37633.9,453753
37632.3,453753
37634.9,453753
37631.5,453753
37632,453753
37621.4,453753
37635.1,453753
37635.1,453753
37635,453753
37636.7,453753
37635.9,453753
37636.9,453753
37635.8,453753
37635.6,453753
37634.6,453753
37635.8,453753
37633.8,453753
37635.9,453753
37636.2,453753
37635.9,453753
37634.7,453753
37635.3,453753
37633.9,453753
37636.4,453753
37635.2,453753
37634.8,453753
37635.7,453753
37633.2,453753
37633.7,453753
37634.1,453753
37634.8,453753
37635.9,453753
37632.1,453753
37628.2,453753
37631.7,453753
37629.1,453753
37620.3,453753
37629.5,453753
37631.8,453753
37634.2,453753
37631.1,453753
37630.6,453753
37630.1,453753
37629.8,453753
37634.7,453753
37635.4,453753
37633.1,453753
37632.5,453753
37631.8,453753
37634.6,453753
37633.3,453753
37632,453753
37632.2,453753
37629.6,453753
37631.9,453753
37634.2,453753
37633.7,453753
37636.1,453753
37634.7,453753
37635.3,453753
37635.4,453753
37627.1,453753
37633.4,453753
37632.9,453753
37633.6,453753
37635.7,453753
37634.5,453753
37636,453753
37636.8,453753
37633.7,453753
37634.5,453753
37636.7,453753
37635.4,453753
37636.7,453753
37631.9,453753
37634.1,453753
37634.8,453753
37633.7,453753
37637.2,453753
37633.7,453753
37635,453753
37635,453753
37634.8,453753
37635.5,453753
37631.5,453753
37633.9,453753
37634.5,453753
37635.4,453753
37627.2,453753
37634.7,453753
37636.1,453753
37634.2,453753
37636,453753
37631.9,453753
37636.5,453753
37631.7,453753
37633.7,453753
37632.5,453753
37622.9,453753
37633.3,453753
37633.9,453753
37635.9,453753
37636.4,453753
37635.3,453753
37633.9,453753
37630.5,453753
37633.9,453753
37635,453753
37629.8,453753
37635.2,453753
37636,453753
37633.1,453753
37634.6,453753
37635,453753
37631.7,453753
37632.6,453753
37631.6,453753
37632.9,453753
37635.3,453753
37632.9,453753
37636.9,453753
37635.9,453753
37635.4,453753
37635.1,453753
37635.3,453753
37634.2,453753
37638,453753
37637.5,453753
37636.1,453753
37634.6,453753
37634.9,453753
37633.6,453753
37634.3,453753
37635.6,453753
37634.8,453753
37629,453753
37614.6,453753
37618,453753
37635.2,453753
37635.2,453753
37636,453753
37634.6,453753
37634,453753
37630.9,453753
37634.9,453753
37635,453753
37635.7,453753
37633.3,453753
37633.6,453753
37633.3,453753
37623.9,453753
37632.4,453753
37633.6,453753
37633.3,453753
37632,453753
37634.9,453753
37633.3,453753
37635.5,453753
37636.3,453753
37633.1,453753
37635.3,453753
37633.7,453753
37633.2,453753
37633.2,453753
37634.7,453753
37636.7,453753
37632.4,453753
37634.9,453753
37632.8,453753
37628.4,453753
37631.2,453753
37634.8,453753
37634.9,453753
37635.6,453753
37634.7,453753
37636.6,453753
37634,453753
37636.1,453753
37634.8,453753
37635.3,453753
37635.2,453753
37635.4,453753
37636.9,453753
37634.9,453753
37636.3,453753
37637.5,453753
37634.2,453753
37637,453753
37636.2,453753
37636,453753
37636.1,453753
37633.7,453753
37635.7,453753
37632.6,453753
37635.7,453753
37631.8,453753
37635.7,453753
37632.9,453753
37628.2,453753
37635.8,453753
37632.5,453753
37635.2,453753
37637.6,453753
37635.7,453753
37632.5,453753
37635.6,453753
37634.7,453753
37635.8,453753
37634.3,453753
37632,453753
37630.7,453753
37634.8,453753
37634.6,453753
37634.2,453753
37636.2,453753
37635.3,453753
37633.3,453753
37635.6,453753
37633.7,453753
37635.3,453753
37634.5,453753
37632,453753
37635.3,453753
37636.1,453753
37637.6,453753
37636,453753
37637.1,453753
37635.9,453753
37633.2,453753
37634.5,453753
37635.1,453753
37635.7,453753
37635.4,453753
37634.9,453753
37635.6,453753
37636.2,453753
37634.3,453753
37635.7,453753
37632.7,453753
37634.5,453753
37635,453753
37635.4,453753
37636.3,453753
37633.8,453753
37632.1,453753
37627.9,453753
37632.9,453753
37633.7,453753
37633.5,453753
37633.6,453753
37634,453753
37634,453753
37633.7,453753
37632.5,453753
37634.5,453753
37634.2,453753
37613,453753
37637.3,453753
37636,453753
37632,453753
37635.1,453753
37633.9,453753
37632.7,453753
37635.2,453753
37633.1,453753
37628.8,453753
37634.6,453753
37632.7,453753
37634.3,453753
37634.6,453753
37637.3,453753
37634.3,453753
37635,453753
37633.8,453753
37634,453753
37633.9,453753
37636.2,453753
37635.1,453753
37634.4,453753
37625.4,453753
37635.6,453753
37630.4,453753
37629.1,453753
37632.9,453753
37632.8,453753
37635.6,453753
37635.3,453753
37635.8,453753
37637.8,453753
37635.5,453753
37634.6,453753
37632.9,453753
37633.6,453753
37635.4,453753
37634.7,453753
37634.8,453753
37632.2,453753
37635.5,453753
37592.2,453753
37524.1,453753
37613.8,453753
37631.5,453753
37632,453753
37631.2,453753
37635.1,453753
37632.2,453753
37633.8,453753
37635.5,453753
37633.6,453753
37624.4,453753
37633.4,453753
37630.9,453753
37633.8,453753
37635.2,453753
37632.5,453753
37632.3,453753
37631.5,453753
37633,453753
37635.2,453753
37634.1,453753
37635.3,453753
37635.9,453753
37635.6,453753
37635.5,453753
37632.4,453753
37637.7,453753
37635.9,453753
37635.3,453753
37636.3,453753
37635.3,453753
37635.2,453753
37636.5,453753
37636.9,453753
37636.6,453753
37634.6,453753
37635.2,453753
37635.4,453753
37633.4,453753
37634.6,453753
37636.3,453753
37635,453753
37635.3,453753
37634.2,453753
37631.6,453753
37623.3,453753
37633.3,453753
37633.7,453753
37630.2,453753
37632,453753
37631,453753
37633.3,453753
37632.4,453753
37634.1,453753
37635,453753
37636.1,453753
37633.8,453753
37635.2,453753
37634.4,453753
37629.8,453753
37630.5,453753
37637.1,453753
37633.4,453753
37633.6,453753
37635.5,453753
37636.3,453753
37635.9,453753
37635.5,453753
37632.2,453753
37631.5,453753
37634.1,453753
37635.7,453753
37633.4,453753
37630.4,453753
37636.5,453753
37636,453753
37637.9,453753
37635.8,453753
37633.8,453753
37632,453753
37636.7,453753
37632.5,453753
37633.9,453753
37636.8,453753
37635.7,453753
37635.1,453753
37634.9,453753
37635.4,453753
37634.9,453753
37634.8,453753
37635.2,453753
37632.5,453753
37632.8,453753
37628.9,453753
37633.1,453753
37632.2,453753
37633.7,453753
37631.8,453753
37635.5,453753
37633.2,453753
37635.1,453753
37633.3,453753
37633.6,453753
37633.4,453753
37636,453753
37633.5,453753
37634.9,453753
37634.9,453753
37636.5,453753
37635.3,453753
37636.8,453753
37636.3,453753
37635.2,453753
37635,453753
37633.3,453753
37636.2,453753
37636.8,453753
37635.7,453753
37634,453753
37634.5,453753
37636.8,453753
37635.8,453753
37634.2,453753
37632.2,453753
37632.8,453753
37633.6,453753
37634.9,453753
37628.6,453753
37634.3,453753
37632.5,453753
37632.8,453753
37633.2,453753
37633.5,453753
37633.5,453753
37633.6,453753
37632.7,453753
37634.3,453753
37635.1,453753
37634.1,453753
37635.1,453753
37636,453753
37633.8,453753
37636.6,453753
37635.8,453753
37634.8,453753
37636.3,453753
37633,453753
37636.9,453753
37636.2,453753
37636.8,453753
37634.7,453753
37636.8,453753
37636.8,453753
37634.5,453753
37629.6,453753
37636.1,453753
37630.8,453753
37636.3,453753
37635.9,453753
37635.1,453753
37634.7,453753
37635,453753
37634.7,453753
37636,453753
37628.3,453753
37631.5,453753
37632.6,453753
37636,453753
37627.9,453753
37633.5,453753
37633.6,453753
37634.8,453753
37636.2,453753
37635.1,453753
37636.1,453753
37635.6,453753
37634.9,453753
37635.8,453753
37632.4,453753
37632.5,453753
37636.4,453753
37634.3,453753
37636.3,453753
37633,453753
37635.3,453753
37635.6,453753
37636.3,453753
37634.6,453753
37635.8,453753
37636.9,453753
37631.2,453753
37632.5,453753
37636.9,453753
37635.1,453753
37636.1,453753
37634,453753
37634.3,453753
37633.5,453753
37634.4,453753
37629.6,453753
37631.8,453753
37635.4,453753
37634.4,453753
37635.8,453753
37635.8,453753
37634.5,453753
37635.3,453753
37635.4,453753
37635.5,453753
37634.4,453753
37632.4,453753
37631.4,453753
37636.5,453753
37635.5,453753
37635.8,453753
37633.7,453753
37636.6,453753
37636.1,453753
37636.9,453753
37635,453753
37633.3,453753
37631.3,453753
37633.7,453753
37636.4,453753
37634.7,453753
37633.5,453753
37628.5,453753
37630.1,453753
37627.8,453753
37635.4,453753
37633.4,453753
37636.5,453753
37632.4,453753
37635.4,453753
37635,453753
37634.7,453753
37636.5,453753
37635.9,453753
37636.4,453753
37635.5,453753
37636.3,453753
37635.6,453753
37633.5,453753
37634.4,453753
37636.1,453753
37637.6,453753
37637.2,453753
37636.8,453753
37635.6,453753
37635.8,453753
37634.6,453753
37635.4,453753
37634,453753
37633.3,453753
37633.9,453753
37632.9,453753
37634,453753
37633.1,453753
37632,453753
37635.7,453753
37637,453753
37630.1,453753
37634.3,453753
37635.8,453753
37635.3,453753
37635.3,453753
37635,453753
37636,453753
37635,453753
37637.4,453753
37634.6,453753
37637,453753
37636.8,453753
37633.7,453753
37637.4,453753
37637,453753
37636.3,453753
37634.2,453753
37632.4,453753
37622,453753
37632.7,453753
37632.4,453753
37634.1,453753
37631.7,453753
37626.5,453753
37632.6,453753
37634.2,453753
37632.5,453753
37631.3,453753
37632.2,453753
37634.6,453753
37625,453753
37634.8,453753
37636.2,453753
37636.2,453753
37633.9,453753
37637.5,453753
37625.8,453753
37631.2,453753
37634.1,453753
37633.5,453753
37636.1,453753
37634.1,453753
37636.3,453753
37636.2,453753
37636.7,453753
37634.5,453753
37633.1,453753
37636.7,453753
37634.1,453753
37632.9,453753
37633.9,453753
37627.7,453753
37627.2,453753
37633.7,453753
37635.4,453753
37634.6,453753
37633.6,453753
37633.9,453753
37636.5,453753
37635.1,453753
37636.6,453753
37636.3,453753
37635.5,453753
37636.9,453753
37635.7,453753
37634.4,453753
37637.2,453753
37634.6,453753
37635.8,453753
37635.5,453753
37634.4,453753
37635.5,453753
37633.4,453753
37636,453753
37634.7,453753
37635.2,453753
37636.9,453753
37636.8,453753
37635.9,453753
37633.8,453753
37630.6,453753
37636.4,453753
37635.8,453753
37636.4,453753
37637.4,453753
37633.7,453753
37627.9,453753
37635.1,453753
37637.5,453753
37635.7,453753
37628.5,453753
37629.9,453753
37635.1,453753
37636.8,453753
37636.5,453753
37639.1,453546
