TRACE,NSNPS_JACKKNIFE
37615,453753
37614.8,453753
37612.2,453753
37613.3,453753
37612.1,453753
37612.2,453753
37612.3,453753
37612.1,453753
37614.3,453753
37612.4,453753
37611.1,453753
37609.8,453753
37614.2,453753
37610.8,453753
37612.8,453753
37613.1,453753
37612.3,453753
37606.6,453753
37607.2,453753
37610.1,453753
37612.2,453753
37612.2,453753
37611.5,453753
37613.2,453753
37614.2,453753
37611.5,453753
37611,453753
37610.2,453753
37611.9,453753
37612.5,453753
37613.6,453753
37612.1,453753
37611.3,453753
37610.1,453753
37611.1,453753
37614,453753
37612.7,453753
37609.6,453753
37612.3,453753
37612.1,453753
37614.6,453753
37613.4,453753
37612.1,453753
37607.9,453753
37608.8,453753
37610.6,453753
37611.7,453753
37612.2,453753
37612.9,453753
37614.5,453753
37612.7,453753
37609.9,453753
37610.5,453753
37613.1,453753
37609.4,453753
37613.2,453753
37610.7,453753
37608,453753
37610,453753
37609.3,453753
37612.4,453753
37613.4,453753
37613.2,453753
37612,453753
37611.4,453753
37613.5,453753
37611.8,453753
37612.4,453753
37612.9,453753
37609.3,453753
37606.3,453753
37611.4,453753
37612.6,453753
37612.3,453753
37612.2,453753
37613.9,453753
37613.7,453753
37611.4,453753
37614.5,453753
37611,453753
37609.8,453753
37611.6,453753
37613.5,453753
37613.2,453753
37613.9,453753
37613.1,453753
37613.2,453753
37614.4,453753
37613.9,453753
37612.2,453753
37609.5,453753
37608.6,453753
37611.7,453753
37595.1,453753
37611.9,453753
37611.4,453753
37612.5,453753
37611.5,453753
37612.1,453753
37612.7,453753
37611.7,453753
37611.5,453753
37609.1,453753
37608.3,453753
37608.8,453753
37611,453753
37613.1,453753
37610.5,453753
37614,453753
37613,453753
37611.5,453753
37611,453753
37611,453753
37606.8,453753
37609.7,453753
37609.8,453753
37612.2,453753
37613.5,453753
37609.9,453753
37608,453753
37607.1,453753
37613.9,453753
37612.3,453753
37612.9,453753
37613.5,453753
37612,453753
37609.8,453753
37612,453753
37609.8,453753
37610,453753
37609.2,453753
37612.6,453753
37610.3,453753
37613.3,453753
37608.6,453753
37612.6,453753
37611.7,453753
37614.3,453753
37608.8,453753
37613,453753
37605.1,453753
37605,453753
37611,453753
37609.6,453753
37610.5,453753
37610.2,453753
37610.2,453753
37611.7,453753
37612.6,453753
37612.3,453753
37612.4,453753
37614,453753
37612.7,453753
37612.7,453753
37612.9,453753
37610.2,453753
37611.2,453753
37613.5,453753
37613.2,453753
37612.9,453753
37611,453753
37612.2,453753
37614.3,453753
37614.2,453753
37614.9,453753
37614.4,453753
37612.9,453753
37614.3,453753
37611.9,453753
37611.4,453753
37609.9,453753
37612.3,453753
37613.1,453753
37610.3,453753
37613.5,453753
37612.8,453753
37612.2,453753
37611.8,453753
37610.4,453753
37611.1,453753
37610.2,453753
37598.6,453753
37599.4,453753
37611.2,453753
37610.4,453753
37612.8,453753
37612.6,453753
37613.4,453753
37613.5,453753
37612.3,453753
37613.7,453753
37613.7,453753
37609.5,453753
37605.2,453753
37605.7,453753
37607.5,453753
37606.7,453753
37608.4,453753
37612.4,453753
37612.3,453753
37611.1,453753
37612.5,453753
37611.3,453753
37609,453753
37611.6,453753
37612.3,453753
37612.3,453753
37611.6,453753
37612.1,453753
37607,453753
37612,453753
37612.8,453753
37611.7,453753
37613,453753
37610.2,453753
37611.7,453753
37605,453753
37604.8,453753
37610.6,453753
37604.1,453753
37614.4,453753
37612.4,453753
37612.8,453753
37612.1,453753
37610.3,453753
37615,453753
37612.8,453753
37613.3,453753
37615.4,453753
37614.1,453753
37611.4,453753
37609.9,453753
37610.8,453753
37612.5,453753
37613.4,453753
37613.4,453753
37609.8,453753
37611.5,453753
37607.7,453753
37611.7,453753
37612.2,453753
37613.3,453753
37612.3,453753
37612,453753
37612.2,453753
37611.9,453753
37611.3,453753
37613.2,453753
37611.5,453753
37608.6,453753
37606.9,453753
37611.7,453753
37610.6,453753
37610.9,453753
37610.5,453753
37609.8,453753
37611.6,453753
37612.2,453753
37608,453753
37613,453753
37613.3,453753
37610.9,453753
37603.3,453753
37612.5,453753
37611.3,453753
37610.9,453753
37611.7,453753
37600.4,453753
37612.6,453753
37609.5,453753
37610.9,453753
37607.2,453753
37611,453753
37611.1,453753
37611.7,453753
37608.6,453753
37612,453753
37613.4,453753
37612.4,453753
37610.6,453753
37610.9,453753
37611.8,453753
37611,453753
37611.9,453753
37609.1,453753
37613.3,453753
37612.9,453753
37612.4,453753
37612,453753
37613.5,453753
37613.7,453753
37614.5,453753
37613.3,453753
37612.1,453753
37614.3,453753
37612.6,453753
37611.7,453753
37612.5,453753
37615,453753
37613.5,453753
37613.2,453753
37613.7,453753
37614.4,453753
37611.8,453753
37610.8,453753
37612.7,453753
37612.9,453753
37614,453753
37612.7,453753
37613.1,453753
37613.6,453753
37613.9,453753
37611.7,453753
37605.8,453753
37601.6,453753
37609.7,453753
37612.5,453753
37611,453753
37609.7,453753
37612.5,453753
37612.6,453753
37613.2,453753
37611.7,453753
37611,453753
37609.3,453753
37611.6,453753
37610,453753
37611.7,453753
37610.4,453753
37610.7,453753
37600.6,453753
37611.7,453753
37612,453753
37613.1,453753
37612.8,453753
37612.5,453753
37613.2,453753
37612.9,453753
37612.6,453753
37609.4,453753
37608.8,453753
37611.5,453753
37604,453753
37605.1,453753
37611,453753
37609,453753
37612.2,453753
37611.8,453753
37610.9,453753
37599.4,453753
37611.6,453753
37612.6,453753
37612.4,453753
37614.4,453753
37613.8,453753
37614.5,453753
37613.9,453753
37613.9,453753
37613,453753
37613,453753
37612.7,453753
37613.1,453753
37613,453753
37613.4,453753
37613.8,453753
37614.2,453753
37612.3,453753
37612.5,453753
37610.9,453753
37612.9,453753
37611.8,453753
37611.1,453753
37611.7,453753
37611.3,453753
37613.1,453753
37612.4,453753
37608.6,453753
37607.8,453753
37610,453753
37609,453753
37601.2,453753
37609.3,453753
37609.7,453753
37611.7,453753
37609.9,453753
37605.5,453753
37607.9,453753
37607.6,453753
37610.9,453753
37612.1,453753
37610.7,453753
37609.9,453753
37610.6,453753
37612.7,453753
37611.6,453753
37609.5,453753
37609.3,453753
37606.3,453753
37606.8,453753
37611.7,453753
37612.5,453753
37611.4,453753
37613.4,453753
37611.7,453753
37614,453753
37605.5,453753
37610.9,453753
37611,453753
37611.1,453753
37613.3,453753
37612.8,453753
37612.8,453753
37612.6,453753
37613.7,453753
37613.7,453753
37611.8,453753
37614.5,453753
37612.4,453753
37610.7,453753
37610.5,453753
37612.4,453753
37612.5,453753
37612.8,453753
37609.6,453753
37612.5,453753
37612.1,453753
37612.9,453753
37611.3,453753
37609.3,453753
37611.6,453753
37610.2,453753
37612.6,453753
37606.3,453753
37613.2,453753
37612,453753
37613.1,453753
37613.1,453753
37610.7,453753
37612.7,453753
37611.2,453753
37610.3,453753
37608.1,453753
37594.5,453753
37612.3,453753
37612.4,453753
37610.9,453753
37612.6,453753
37613.8,453753
37611.1,453753
37607.5,453753
37610.9,453753
37611.5,453753
37608.3,453753
37609.3,453753
37614,453753
37613,453753
37611.4,453753
37613.1,453753
37611.2,453753
37606.6,453753
37608.6,453753
37612.8,453753
37614,453753
37610.3,453753
37615.5,453753
37612.3,453753
37610.7,453753
37614.3,453753
37612.7,453753
37610.6,453753
37612.4,453753
37613.2,453753
37613.3,453753
37609.5,453753
37608,453753
37612.1,453753
37609.1,453753
37612,453753
37612.6,453753
37604.5,453753
37588.6,453753
37595.6,453753
37609.4,453753
37612,453753
37612,453753
37611.6,453753
37610.7,453753
37608.1,453753
37611.4,453753
37613.4,453753
37612.1,453753
37609.3,453753
37612.3,453753
37610.8,453753
37604.5,453753
37609,453753
37611.8,453753
37612.5,453753
37612.1,453753
37611.6,453753
37611.2,453753
37612.8,453753
37612.9,453753
37611,453753
37611.5,453753
37610.9,453753
37608.9,453753
37611.3,453753
37611.2,453753
37612.7,453753
37611.4,453753
37609.7,453753
37610.4,453753
37606.8,453753
37608.1,453753
37611.9,453753
37613.5,453753
37613.8,453753
37612.4,453753
37613.7,453753
37611.9,453753
37613,453753
37612,453753
37614.2,453753
37614.1,453753
37613.4,453753
37612,453753
37612.8,453753
37614.4,453753
37613,453753
37613.2,453753
37612.3,453753
37613.7,453753
37612.5,453753
37613.5,453753
37610.8,453753
37614.7,453753
37612.5,453753
37614.3,453753
37608.6,453753
37612.9,453753
37607.5,453753
37604.5,453753
37612.7,453753
37610.7,453753
37611.1,453753
37614.3,453753
37612.4,453753
37612.4,453753
37612.7,453753
37613.2,453753
37613.7,453753
37613.6,453753
37610.9,453753
37608.7,453753
37610.9,453753
37611,453753
37611.7,453753
37612.4,453753
37611.9,453753
37610.6,453753
37610.8,453753
37609.2,453753
37612.6,453753
37611.8,453753
37609.4,453753
37611.5,453753
37611.7,453753
37612.6,453753
37612.6,453753
37614.2,453753
37613.8,453753
37612.9,453753
37613.2,453753
37613.7,453753
37611.6,453753
37611.1,453753
37612.3,453753
37612.2,453753
37613,453753
37613.1,453753
37612.4,453753
37611.2,453753
37611.1,453753
37611.3,453753
37612.2,453753
37612,453753
37611.4,453753
37607.3,453753
37601.3,453753
37610.4,453753
37611.2,453753
37612.9,453753
37610.9,453753
37612.3,453753
37611.6,453753
37612.3,453753
37611.6,453753
37612.5,453753
37611.4,453753
37598.5,453753
37613.1,453753
37614,453753
37611.2,453753
37614,453753
37610.5,453753
37608.8,453753
37610.9,453753
37609.2,453753
37608.3,453753
37610.6,453753
37613,453753
37614.2,453753
37614.4,453753
37613.6,453753
37613.2,453753
37613.2,453753
37611.4,453753
37613.8,453753
37612.5,453753
37613.4,453753
37612.6,453753
37611.4,453753
37601.9,453753
37613.6,453753
37608.3,453753
37605.5,453753
37611.8,453753
37611.1,453753
37613.7,453753
37610.6,453753
37612.2,453753
37612.4,453753
37614.3,453753
37613.7,453753
37609.4,453753
37609.6,453753
37614.7,453753
37612.1,453753
37611.8,453753
37609.9,453753
37611.6,453753
37566.1,453753
37492.2,453753
37589.6,453753
37607.4,453753
37608.7,453753
37607.8,453753
37613.6,453753
37609.9,453753
37610.5,453753
37612.5,453753
37609.8,453753
37602.8,453753
37610.1,453753
37609.8,453753
37610.2,453753
37613.1,453753
37611.6,453753
37609.7,453753
37609.5,453753
37610.2,453753
37611.1,453753
37611,453753
37613.1,453753
37611.1,453753
37614.5,453753
37612.3,453753
37609,453753
37612.3,453753
37613.5,453753
37613.7,453753
37613.5,453753
37612.9,453753
37613,453753
37612.8,453753
37612.9,453753
37613.6,453753
37610,453753
37613.2,453753
37612.9,453753
37612.3,453753
37612.3,453753
37611.4,453753
37615.1,453753
37610.9,453753
37613.1,453753
37607,453753
37597.1,453753
37610.7,453753
37611.4,453753
37608.1,453753
37610.4,453753
37611.7,453753
37611.1,453753
37611.1,453753
37612,453753
37613.2,453753
37610.8,453753
37611.7,453753
37614.7,453753
37611.8,453753
37608.9,453753
37607.9,453753
37611.9,453753
37611.9,453753
37611.1,453753
37611.8,453753
37612.8,453753
37613.4,453753
37612,453753
37612.6,453753
37611.3,453753
37612.3,453753
37613.3,453753
37610.4,453753
37608.3,453753
37614.4,453753
37615.3,453753
37614.5,453753
37613.6,453753
37613.6,453753
37610.3,453753
37614.4,453753
37611.7,453753
37611.8,453753
37613.8,453753
37612.8,453753
37614.5,453753
37612.2,453753
37613.1,453753
37613.7,453753
37611.9,453753
37614.2,453753
37611.5,453753
37610,453753
37606.3,453753
37611.6,453753
37610.4,453753
37609.6,453753
37612.4,453753
37612.8,453753
37613.2,453753
37611.7,453753
37609.3,453753
37610.7,453753
37611.8,453753
37613.5,453753
37611,453753
37612.5,453753
37612.9,453753
37613.5,453753
37614.3,453753
37613.6,453753
37614,453753
37612,453753
37614,453753
37611.5,453753
37615,453753
37614.9,453753
37613.3,453753
37612.5,453753
37613.7,453753
37614.9,453753
37611.5,453753
37611.6,453753
37610.9,453753
37607.8,453753
37613.2,453753
37610.4,453753
37607.7,453753
37612.1,453753
37611.8,453753
37612.6,453753
37612.8,453753
37611.9,453753
37610.4,453753
37612.7,453753
37611.7,453753
37612.1,453753
37611.8,453753
37612.3,453753
37612.9,453753
37611.2,453753
37612.1,453753
37613.9,453753
37612.7,453753
37614,453753
37611.8,453753
37610.8,453753
37611.6,453753
37615,453753
37613.4,453753
37612.9,453753
37615.7,453753
37613,453753
37611.8,453753
37607,453753
37612.7,453753
37609.5,453753
37612.3,453753
37612.8,453753
37614.2,453753
37611.4,453753
37610.5,453753
37613.3,453753
37613.6,453753
37604.9,453753
37608.2,453753
37608.8,453753
37612.4,453753
37603.8,453753
37612.7,453753
37612.7,453753
37613,453753
37615.7,453753
37613.4,453753
37612.6,453753
37614.1,453753
37612.5,453753
37613.8,453753
37610.2,453753
37610.5,453753
37614.6,453753
37612.2,453753
37613.6,453753
37612.5,453753
37613.5,453753
37615.1,453753
37612.5,453753
37610.3,453753
37611.3,453753
37612.8,453753
37612.4,453753
37611.4,453753
37614.1,453753
37610.8,453753
37613.1,453753
37612.2,453753
37611.5,453753
37612.5,453753
37612.1,453753
37603.3,453753
37610.6,453753
37610.8,453753
37611.4,453753
37611.9,453753
37614.2,453753
37612.7,453753
37613.1,453753
37613.3,453753
37612.6,453753
37613.8,453753
37611.2,453753
37607.2,453753
37613,453753
37611.8,453753
37611.3,453753
37610.3,453753
37613.8,453753
37614.9,453753
37614,453753
37613.7,453753
37612.7,453753
37608.9,453753
37608.5,453753
37613.8,453753
37612,453753
37609.9,453753
37609,453753
37607,453753
37602.7,453753
37612.5,453753
37613.2,453753
37614.5,453753
37608,453753
37613.3,453753
37613.8,453753
37612.9,453753
37613.2,453753
37614.1,453753
37612.3,453753
37613.7,453753
37611.4,453753
37612.8,453753
37611.2,453753
37611.3,453753
37613.9,453753
37615,453753
37613.8,453753
37614.6,453753
37613.8,453753
37614.6,453753
37611.7,453753
37612.8,453753
37613.4,453753
37611,453753
37611.7,453753
37610.1,453753
37612.1,453753
37609.8,453753
37610.8,453753
37611,453753
37612.8,453753
37609.4,453753
37612.3,453753
37612.9,453753
37614.2,453753
37612.8,453753
37612.6,453753
37612,453753
37613.8,453753
37614.2,453753
37612.3,453753
37613.5,453753
37612.3,453753
37613.6,453753
37612.2,453753
37614.4,453753
37614.3,453753
37612.8,453753
37610.8,453753
37604.6,453753
37611.2,453753
37612.2,453753
37612.2,453753
37610.8,453753
37605.2,453753
37612.3,453753
37613,453753
37610.7,453753
37604.9,453753
37611.3,453753
37607.9,453753
37602.7,453753
37609.2,453753
37612.4,453753
37611.2,453753
37611,453753
37613.7,453753
37602.6,453753
37606.9,453753
37611.4,453753
37612.5,453753
37615.2,453753
37611.6,453753
37614.3,453753
37614.9,453753
37613.9,453753
37614.3,453753
37613.2,453753
37612.6,453753
37611.5,453753
37611.2,453753
37610.7,453753
37607,453753
37608.4,453753
37610.8,453753
37612.8,453753
37612.2,453753
37612.4,453753
37612.3,453753
37611.8,453753
37613.4,453753
37614.1,453753
37613.8,453753
37614.1,453753
37613,453753
37612.6,453753
37612.6,453753
37614.5,453753
37614,453753
37612.7,453753
37612.4,453753
37614.3,453753
37612.1,453753
37612.7,453753
37611.6,453753
37612.2,453753
37612,453753
37615.3,453753
37613.6,453753
37614.1,453753
37611.7,453753
37611,453753
37612,453753
37613.9,453753
37612.1,453753
37614.3,453753
37611.8,453753
37607.3,453753
37611.9,453753
37613.2,453753
37613.2,453753
37607.6,453753
37609.8,453753
37613.1,453753
37612.8,453753
37613.3,453753
37613.8,453546
