TRACE,NSNPS_JACKKNIFE
709191,453753
709186,453753
709079,453753
709123,453753
709113,453753
709143,453753
709024,453753
709051,453753
709110,453753
709015,453753
709118,453753
708920,453753
709182,453753
709058,453753
709164,453753
709124,453753
708980,453753
708742,453753
708786,453753
708949,453753
709093,453753
709129,453753
709029,453753
709121,453753
709141,453753
709113,453753
708958,453753
708967,453753
709061,453753
709069,453753
709061,453753
709055,453753
709039,453753
709049,453753
709091,453753
709090,453753
709022,453753
708980,453753
709076,453753
709082,453753
709145,453753
709089,453753
709027,453753
708802,453753
708915,453753
709001,453753
709088,453753
709103,453753
709146,453753
709134,453753
709145,453753
708874,453753
708955,453753
709019,453753
708917,453753
709066,453753
709054,453753
708816,453753
708925,453753
708942,453753
709110,453753
709185,453753
709129,453753
709058,453753
709051,453753
709101,453753
709035,453753
709006,453753
709047,453753
708995,453753
708702,453753
709078,453753
709119,453753
709175,453753
709150,453753
709119,453753
709190,453753
709148,453753
709191,453753
709089,453753
708935,453753
709097,453753
709172,453753
709206,453753
709200,453753
709147,453753
709183,453753
709206,453753
709130,453753
709127,453753
708942,453753
708901,453753
709117,453753
708340,453753
709086,453753
708977,453753
709095,453753
709111,453753
709072,453753
709164,453753
709008,453753
709012,453753
708898,453753
708864,453753
708906,453753
708930,453753
709092,453753
709085,453753
709089,453753
709060,453753
709116,453753
709022,453753
708987,453753
708876,453753
708842,453753
708857,453753
709085,453753
709029,453753
709012,453753
708939,453753
708979,453753
709170,453753
709028,453753
709028,453753
709144,453753
709022,453753
708987,453753
709040,453753
708976,453753
709071,453753
708969,453753
709033,453753
708987,453753
709084,453753
708952,453753
709087,453753
709130,453753
709118,453753
708929,453753
709090,453753
708772,453753
708651,453753
709027,453753
708968,453753
708917,453753
708942,453753
709029,453753
709003,453753
709114,453753
709097,453753
709122,453753
709140,453753
709120,453753
709084,453753
709092,453753
709093,453753
709107,453753
709157,453753
709162,453753
709104,453753
709048,453753
709100,453753
709128,453753
709198,453753
709215,453753
709186,453753
709128,453753
709142,453753
709137,453753
709066,453753
709027,453753
709089,453753
709115,453753
709080,453753
709107,453753
709082,453753
709078,453753
709023,453753
708977,453753
709039,453753
708947,453753
708158,453753
708286,453753
709055,453753
708984,453753
709152,453753
709140,453753
709135,453753
709146,453753
709112,453753
709193,453753
709177,453753
708884,453753
708598,453753
708601,453753
708432,453753
708731,453753
708934,453753
709107,453753
709059,453753
709002,453753
709096,453753
709075,453753
708854,453753
709076,453753
709064,453753
709023,453753
709135,453753
709007,453753
708829,453753
709062,453753
709109,453753
709116,453753
709143,453753
708940,453753
708996,453753
708663,453753
708654,453753
708909,453753
708784,453753
709173,453753
709134,453753
709127,453753
709140,453753
708985,453753
709136,453753
709159,453753
709149,453753
709158,453753
709158,453753
709072,453753
708839,453753
708939,453753
709184,453753
709189,453753
709142,453753
709020,453753
709028,453753
708868,453753
709140,453753
708974,453753
709148,453753
709187,453753
709124,453753
709103,453753
709092,453753
709043,453753
709069,453753
709116,453753
708880,453753
708784,453753
709087,453753
709071,453753
708969,453753
708997,453753
708981,453753
709031,453753
709041,453753
708891,453753
709045,453753
709168,453753
708959,453753
708544,453753
709005,453753
709011,453753
708972,453753
708940,453753
708646,453753
709076,453753
709106,453753
709035,453753
708707,453753
709031,453753
708973,453753
708950,453753
708965,453753
709124,453753
709085,453753
708974,453753
708848,453753
709035,453753
708954,453753
709126,453753
709052,453753
708991,453753
709115,453753
709124,453753
709049,453753
709077,453753
709159,453753
709180,453753
709163,453753
709170,453753
709159,453753
709193,453753
709136,453753
709072,453753
709060,453753
709194,453753
709139,453753
709186,453753
709117,453753
709236,453753
709066,453753
709171,453753
709169,453753
709108,453753
709113,453753
709078,453753
709174,453753
709151,453753
709073,453753
708904,453753
708584,453753
708361,453753
708950,453753
709092,453753
708914,453753
708921,453753
709015,453753
709101,453753
709120,453753
709044,453753
709081,453753
709046,453753
708972,453753
709001,453753
709029,453753
709013,453753
708882,453753
708508,453753
708981,453753
709080,453753
709101,453753
709024,453753
709090,453753
708967,453753
709053,453753
709147,453753
708938,453753
708852,453753
709019,453753
708674,453753
708590,453753
709078,453753
708940,453753
709124,453753
709012,453753
708998,453753
708124,453753
709079,453753
709097,453753
709100,453753
709180,453753
709204,453753
709201,453753
709198,453753
709171,453753
709104,453753
709130,453753
709153,453753
709207,453753
709104,453753
709152,453753
709094,453753
709142,453753
709078,453753
709141,453753
709014,453753
709129,453753
709102,453753
709026,453753
709065,453753
709086,453753
709025,453753
709017,453753
708946,453753
708642,453753
708901,453753
708889,453753
708355,453753
708744,453753
708922,453753
709075,453753
708935,453753
708793,453753
708824,453753
708729,453753
708979,453753
709080,453753
709013,453753
708888,453753
708959,453753
709059,453753
708995,453753
708932,453753
708929,453753
708721,453753
708850,453753
709107,453753
709049,453753
709087,453753
709079,453753
709061,453753
709190,453753
708563,453753
709012,453753
709014,453753
709022,453753
709127,453753
709115,453753
709141,453753
709073,453753
709129,453753
709191,453753
709154,453753
709155,453753
709064,453753
708904,453753
708972,453753
709022,453753
709082,453753
709116,453753
709017,453753
709145,453753
709091,453753
709148,453753
709090,453753
708967,453753
709041,453753
709051,453753
709126,453753
708802,453753
709055,453753
709093,453753
709062,453753
709111,453753
709041,453753
709043,453753
708988,453753
709013,453753
708870,453753
708197,453753
708944,453753
708994,453753
709082,453753
709138,453753
709171,453753
708978,453753
708881,453753
709040,453753
709089,453753
708841,453753
708902,453753
709141,453753
709082,453753
709073,453753
709035,453753
708956,453753
708935,453753
708894,453753
709018,453753
709163,453753
709013,453753
709215,453753
709158,453753
709047,453753
709074,453753
709157,453753
709065,453753
709198,453753
709211,453753
709137,453753
709004,453753
708961,453753
709053,453753
708981,453753
709078,453753
709163,453753
708694,453753
707688,453753
708041,453753
709034,453753
709098,453753
709142,453753
709041,453753
709035,453753
708887,453753
709127,453753
709113,453753
709115,453753
708982,453753
709098,453753
709076,453753
708551,453753
708935,453753
709050,453753
709051,453753
709083,453753
708977,453753
709024,453753
709175,453753
709137,453753
709033,453753
709007,453753
709062,453753
708923,453753
708948,453753
709065,453753
709165,453753
709055,453753
708997,453753
708993,453753
708920,453753
708917,453753
709117,453753
709111,453753
709136,453753
709149,453753
709182,453753
709053,453753
709137,453753
709116,453753
709131,453753
709168,453753
709165,453753
709066,453753
709048,453753
709168,453753
709178,453753
709058,453753
709133,453753
709151,453753
709130,453753
709068,453753
709006,453753
709143,453753
709044,453753
709133,453753
708967,453753
709026,453753
708759,453753
708628,453753
709068,453753
708992,453753
709055,453753
709107,453753
709082,453753
709061,453753
709113,453753
709099,453753
709140,453753
709114,453753
708947,453753
708857,453753
709032,453753
709056,453753
709015,453753
709138,453753
709079,453753
708979,453753
709097,453753
708997,453753
709134,453753
709048,453753
708969,453753
709095,453753
709074,453753
709190,453753
709128,453753
709197,453753
709011,453753
709013,453753
709141,453753
709129,453753
709122,453753
709103,453753
709107,453753
709104,453753
709107,453753
709093,453753
709130,453753
708948,453753
708992,453753
709060,453753
709091,453753
709126,453753
709008,453753
708845,453753
708615,453753
708999,453753
709065,453753
709097,453753
708899,453753
709037,453753
708985,453753
708997,453753
709018,453753
709086,453753
709006,453753
708087,453753
709102,453753
709127,453753
708980,453753
709097,453753
708984,453753
709021,453753
709073,453753
708936,453753
708765,453753
709036,453753
709036,453753
709121,453753
709115,453753
709177,453753
709087,453753
709119,453753
709100,453753
709148,453753
709091,453753
709240,453753
709084,453753
708998,453753
708496,453753
709131,453753
708811,453753
708661,453753
708972,453753
708941,453753
709191,453753
709051,453753
709093,453753
709203,453753
709179,453753
709104,453753
708952,453753
708972,453753
709082,453753
709141,453753
709046,453753
709024,453753
709085,453753
706595,453753
703136,453753
707841,453753
708960,453753
708922,453753
708869,453753
709097,453753
708980,453753
709071,453753
709169,453753
709027,453753
708444,453753
708878,453753
708935,453753
709044,453753
709148,453753
709039,453753
708926,453753
708896,453753
708975,453753
709059,453753
709087,453753
709153,453753
709093,453753
709208,453753
709112,453753
708933,453753
709196,453753
709152,453753
709203,453753
709207,453753
709058,453753
709099,453753
709160,453753
709213,453753
709144,453753
709017,453753
709113,453753
709097,453753
709097,453753
709060,453753
709079,453753
709117,453753
709095,453753
709086,453753
708835,453753
708320,453753
708951,453753
709004,453753
708826,453753
709006,453753
709002,453753
708985,453753
708991,453753
709022,453753
709137,453753
709095,453753
709049,453753
709140,453753
709063,453753
708843,453753
708856,453753
709075,453753
709049,453753
708970,453753
709109,453753
709068,453753
709084,453753
709130,453753
708992,453753
708987,453753
709150,453753
709171,453753
708958,453753
708822,453753
709188,453753
709241,453753
709193,453753
709202,453753
709062,453753
708936,453753
709212,453753
709038,453753
709100,453753
709171,453753
709157,453753
709165,453753
709096,453753
709108,453753
709107,453753
709048,453753
709138,453753
709009,453753
708982,453753
708825,453753
709018,453753
709014,453753
708961,453753
709062,453753
709173,453753
709069,453753
709034,453753
709009,453753
708935,453753
709008,453753
709117,453753
709034,453753
709085,453753
709136,453753
709131,453753
709218,453753
709222,453753
709172,453753
709078,453753
709137,453753
709068,453753
709163,453753
709204,453753
709172,453753
709112,453753
709155,453753
709198,453753
709101,453753
708959,453753
708907,453753
708905,453753
709039,453753
709081,453753
708795,453753
709115,453753
708981,453753
708995,453753
709030,453753
709002,453753
708961,453753
709109,453753
709009,453753
709042,453753
709053,453753
709086,453753
709138,453753
709130,453753
709075,453753
709194,453753
709187,453753
709166,453753
709138,453753
708978,453753
709110,453753
709229,453753
709185,453753
709104,453753
709219,453753
709154,453753
709052,453753
708830,453753
709090,453753
708878,453753
709079,453753
709099,453753
709177,453753
709127,453753
708988,453753
709092,453753
709174,453753
708603,453753
708863,453753
708948,453753
709078,453753
708585,453753
709114,453753
709080,453753
709160,453753
709216,453753
709178,453753
709196,453753
709186,453753
709107,453753
709169,453753
708964,453753
709018,453753
709218,453753
709111,453753
709160,453753
709079,453753
709148,453753
709163,453753
709194,453753
709073,453753
709120,453753
709166,453753
709013,453753
708914,453753
709160,453753
709095,453753
709167,453753
709048,453753
709056,453753
709097,453753
709080,453753
708658,453753
708767,453753
708978,453753
709095,453753
709141,453753
709189,453753
709081,453753
709121,453753
709105,453753
709185,453753
709170,453753
708979,453753
708816,453753
709110,453753
709174,453753
709039,453753
708974,453753
709184,453753
709203,453753
709229,453753
709085,453753
709012,453753
709013,453753
708955,453753
709204,453753
709090,453753
708971,453753
708763,453753
708794,453753
708538,453753
709136,453753
709043,453753
709200,453753
708881,453753
709102,453753
709154,453753
709156,453753
709156,453753
709179,453753
709116,453753
709176,453753
709111,453753
709101,453753
708955,453753
709035,453753
709203,453753
709249,453753
709246,453753
709145,453753
709175,453753
709120,453753
709047,453753
709105,453753
709104,453753
709079,453753
709072,453753
709059,453753
709062,453753
708913,453753
708964,453753
709073,453753
709070,453753
708857,453753
709074,453753
709134,453753
709188,453753
709074,453753
709110,453753
709174,453753
709119,453753
709152,453753
709138,453753
709197,453753
709152,453753
709089,453753
709160,453753
709206,453753
709122,453753
709076,453753
708939,453753
708455,453753
709058,453753
709085,453753
709095,453753
708895,453753
708537,453753
708999,453753
709119,453753
709022,453753
708738,453753
708855,453753
708908,453753
708461,453753
708994,453753
709117,453753
709155,453753
709013,453753
709206,453753
708403,453753
708761,453753
708976,453753
709006,453753
709192,453753
709039,453753
709183,453753
709202,453753
709170,453753
709142,453753
709098,453753
709176,453753
709103,453753
709099,453753
708982,453753
708699,453753
708619,453753
709063,453753
709116,453753
709126,453753
709079,453753
709069,453753
709145,453753
709171,453753
709171,453753
709205,453753
709164,453753
709195,453753
709128,453753
709004,453753
709212,453753
709203,453753
709160,453753
709103,453753
709170,453753
709107,453753
709064,453753
709089,453753
709103,453753
709078,453753
709186,453753
709207,453753
709096,453753
709066,453753
708914,453753
709156,453753
709152,453753
709144,453753
709203,453753
709099,453753
708782,453753
709076,453753
709149,453753
709110,453753
708812,453753
708887,453753
709160,453753
709156,453753
709165,453753
709291,453546
