TRACE,NSNPS_JACKKNIFE
710207,453753
710206,453753
710129,453753
710135,453753
710097,453753
710158,453753
710037,453753
710040,453753
710136,453753
710069,453753
710149,453753
709945,453753
710200,453753
710088,453753
710158,453753
710147,453753
710013,453753
709747,453753
709831,453753
709964,453753
710138,453753
710169,453753
710095,453753
710145,453753
710160,453753
710124,453753
709982,453753
709946,453753
710074,453753
710088,453753
710080,453753
710029,453753
710042,453753
710002,453753
710079,453753
710101,453753
710050,453753
710014,453753
710107,453753
710110,453753
710151,453753
710128,453753
710067,453753
709883,453753
709945,453753
710009,453753
710107,453753
710133,453753
710188,453753
710139,453753
710171,453753
709963,453753
709974,453753
710066,453753
709933,453753
710086,453753
710099,453753
709873,453753
710019,453753
709973,453753
710088,453753
710168,453753
710159,453753
710119,453753
710045,453753
710122,453753
710059,453753
710018,453753
710061,453753
710003,453753
709793,453753
710134,453753
710133,453753
710222,453753
710179,453753
710170,453753
710183,453753
710134,453753
710172,453753
710134,453753
709932,453753
710128,453753
710182,453753
710229,453753
710221,453753
710159,453753
710190,453753
710216,453753
710136,453753
710129,453753
709967,453753
709899,453753
710127,453753
709046,453753
710113,453753
710062,453753
710103,453753
710077,453753
710085,453753
710152,453753
709993,453753
710033,453753
709981,453753
709936,453753
709915,453753
709930,453753
710108,453753
710122,453753
710119,453753
710074,453753
710129,453753
710055,453753
709994,453753
709878,453753
709862,453753
709921,453753
710069,453753
710090,453753
710028,453753
709974,453753
709953,453753
710180,453753
710006,453753
710082,453753
710100,453753
710067,453753
709986,453753
710009,453753
710022,453753
710074,453753
709979,453753
710044,453753
710032,453753
710075,453753
709968,453753
710126,453753
710117,453753
710140,453753
709939,453753
710089,453753
709763,453753
709667,453753
710056,453753
709975,453753
709944,453753
709954,453753
710019,453753
710063,453753
710111,453753
710103,453753
710065,453753
710152,453753
710177,453753
710092,453753
710122,453753
710112,453753
710145,453753
710147,453753
710168,453753
710089,453753
710053,453753
710094,453753
710154,453753
710214,453753
710197,453753
710190,453753
710172,453753
710163,453753
710128,453753
710091,453753
710022,453753
710115,453753
710122,453753
710096,453753
710140,453753
710089,453753
710110,453753
710043,453753
709992,453753
710055,453753
709992,453753
709068,453753
709227,453753
710055,453753
709988,453753
710160,453753
710162,453753
710167,453753
710153,453753
710133,453753
710205,453753
710167,453753
709916,453753
709641,453753
709690,453753
709609,453753
709745,453753
709955,453753
710114,453753
710058,453753
710028,453753
710126,453753
710126,453753
709825,453753
710090,453753
710067,453753
710028,453753
710122,453753
710022,453753
709915,453753
710069,453753
710147,453753
710144,453753
710141,453753
710000,453753
710050,453753
709763,453753
709760,453753
709893,453753
709830,453753
710219,453753
710176,453753
710130,453753
710150,453753
710008,453753
710166,453753
710186,453753
710174,453753
710171,453753
710194,453753
710067,453753
709910,453753
709960,453753
710226,453753
710212,453753
710187,453753
710045,453753
710059,453753
709886,453753
710126,453753
710031,453753
710150,453753
710189,453753
710135,453753
710112,453753
710095,453753
710072,453753
710119,453753
710123,453753
709925,453753
709863,453753
710099,453753
710127,453753
709983,453753
710021,453753
709985,453753
710020,453753
710034,453753
709858,453753
710063,453753
710158,453753
709959,453753
709725,453753
710043,453753
710071,453753
710025,453753
709995,453753
709577,453753
710140,453753
710092,453753
710055,453753
709757,453753
710040,453753
710028,453753
710006,453753
709890,453753
710143,453753
710139,453753
710060,453753
709854,453753
710068,453753
709981,453753
710139,453753
710081,453753
710031,453753
710148,453753
710144,453753
710086,453753
710117,453753
710157,453753
710209,453753
710166,453753
710216,453753
710158,453753
710236,453753
710165,453753
710092,453753
710087,453753
710235,453753
710162,453753
710203,453753
710138,453753
710268,453753
710107,453753
710179,453753
710160,453753
710079,453753
710126,453753
710085,453753
710198,453753
710157,453753
710044,453753
709898,453753
709633,453753
709452,453753
709958,453753
710104,453753
710018,453753
709989,453753
710055,453753
710046,453753
710149,453753
710105,453753
710089,453753
710024,453753
709998,453753
710065,453753
710049,453753
710032,453753
709953,453753
709586,453753
709999,453753
710082,453753
710101,453753
710082,453753
710101,453753
709984,453753
710047,453753
710146,453753
709916,453753
709908,453753
710125,453753
709654,453753
709603,453753
710060,453753
709998,453753
710126,453753
709985,453753
710044,453753
709109,453753
710101,453753
710097,453753
710152,453753
710207,453753
710226,453753
710201,453753
710208,453753
710189,453753
710108,453753
710115,453753
710169,453753
710226,453753
710149,453753
710169,453753
710053,453753
710165,453753
710078,453753
710162,453753
710089,453753
710140,453753
710117,453753
710068,453753
710053,453753
710091,453753
710084,453753
710137,453753
710004,453753
709638,453753
709966,453753
709891,453753
709276,453753
709750,453753
709868,453753
710045,453753
710001,453753
709829,453753
709870,453753
709799,453753
709981,453753
710133,453753
710063,453753
709957,453753
709973,453753
710095,453753
710040,453753
709953,453753
709914,453753
709725,453753
709894,453753
710124,453753
710091,453753
710114,453753
710105,453753
710099,453753
710181,453753
709645,453753
710025,453753
710032,453753
710023,453753
710098,453753
710114,453753
710147,453753
710096,453753
710169,453753
710211,453753
710179,453753
710159,453753
710121,453753
709942,453753
710006,453753
710066,453753
710136,453753
710133,453753
710063,453753
710155,453753
710086,453753
710138,453753
710130,453753
709963,453753
710073,453753
710084,453753
710146,453753
709767,453753
710108,453753
710130,453753
710098,453753
710118,453753
710032,453753
710036,453753
710018,453753
710048,453753
709875,453753
709044,453753
709978,453753
710056,453753
710145,453753
710180,453753
710191,453753
710016,453753
709959,453753
710092,453753
710118,453753
709886,453753
709955,453753
710168,453753
710085,453753
710094,453753
710100,453753
709986,453753
709932,453753
709923,453753
710043,453753
710189,453753
710029,453753
710207,453753
710163,453753
710068,453753
710118,453753
710176,453753
710043,453753
710209,453753
710225,453753
710158,453753
710009,453753
709944,453753
710034,453753
710003,453753
710097,453753
710136,453753
709664,453753
708661,453753
709098,453753
710086,453753
710124,453753
710156,453753
710054,453753
710071,453753
709961,453753
710137,453753
710110,453753
710145,453753
709974,453753
710054,453753
710059,453753
709567,453753
709909,453753
710046,453753
710028,453753
710106,453753
710006,453753
710045,453753
710176,453753
710195,453753
710047,453753
709928,453753
710080,453753
709927,453753
709990,453753
710075,453753
710167,453753
710045,453753
710035,453753
710060,453753
709852,453753
709822,453753
710126,453753
710139,453753
710176,453753
710201,453753
710189,453753
710068,453753
710144,453753
710134,453753
710148,453753
710176,453753
710176,453753
710077,453753
710106,453753
710199,453753
710186,453753
710146,453753
710160,453753
710160,453753
710171,453753
710136,453753
709995,453753
710148,453753
710028,453753
710176,453753
709986,453753
710054,453753
709791,453753
709551,453753
710097,453753
710035,453753
710094,453753
710167,453753
710094,453753
710075,453753
710132,453753
710137,453753
710168,453753
710132,453753
709978,453753
709901,453753
710078,453753
710055,453753
710060,453753
710162,453753
710093,453753
709948,453753
710123,453753
710094,453753
710130,453753
710095,453753
709990,453753
710112,453753
710122,453753
710172,453753
710149,453753
710211,453753
710027,453753
710057,453753
710156,453753
710149,453753
710148,453753
710105,453753
710116,453753
710140,453753
710144,453753
710136,453753
710167,453753
710005,453753
710079,453753
710088,453753
710103,453753
710183,453753
710060,453753
709822,453753
709559,453753
710031,453753
710101,453753
710148,453753
709951,453753
710075,453753
709972,453753
710013,453753
710032,453753
710121,453753
710009,453753
708839,453753
710129,453753
710143,453753
710021,453753
710102,453753
709937,453753
710006,453753
710060,453753
710013,453753
709773,453753
710077,453753
710125,453753
710150,453753
710126,453753
710204,453753
710121,453753
710125,453753
710114,453753
710188,453753
710114,453753
710249,453753
710111,453753
710019,453753
709403,453753
710150,453753
709859,453753
709778,453753
709991,453753
709993,453753
710202,453753
710045,453753
710088,453753
710245,453753
710182,453753
710106,453753
709953,453753
710013,453753
710096,453753
710194,453753
710066,453753
710043,453753
710107,453753
707172,453753
703263,453753
708679,453753
709943,453753
709929,453753
709882,453753
710118,453753
709965,453753
710036,453753
710165,453753
710058,453753
709318,453753
709876,453753
709916,453753
710043,453753
710190,453753
710065,453753
710000,453753
709929,453753
710046,453753
710036,453753
710105,453753
710145,453753
710123,453753
710216,453753
710155,453753
709963,453753
710218,453753
710163,453753
710204,453753
710208,453753
710121,453753
710112,453753
710178,453753
710241,453753
710196,453753
710051,453753
710129,453753
710142,453753
710110,453753
710088,453753
710109,453753
710174,453753
710038,453753
710064,453753
709839,453753
709247,453753
710002,453753
710084,453753
709862,453753
709970,453753
709978,453753
710013,453753
710011,453753
710086,453753
710157,453753
710115,453753
710048,453753
710145,453753
710072,453753
709858,453753
709892,453753
710134,453753
710053,453753
709955,453753
710137,453753
710081,453753
710135,453753
710129,453753
709979,453753
710041,453753
710182,453753
710196,453753
710009,453753
709839,453753
710229,453753
710260,453753
710199,453753
710223,453753
710048,453753
709917,453753
710217,453753
710100,453753
710072,453753
710171,453753
710208,453753
710163,453753
710112,453753
710129,453753
710117,453753
710133,453753
710160,453753
710042,453753
710006,453753
709817,453753
710027,453753
709982,453753
709968,453753
710046,453753
710195,453753
710054,453753
710066,453753
709987,453753
709930,453753
710023,453753
710153,453753
710087,453753
710108,453753
710155,453753
710162,453753
710241,453753
710206,453753
710216,453753
710097,453753
710158,453753
710091,453753
710147,453753
710208,453753
710152,453753
710130,453753
710176,453753
710247,453753
710125,453753
710001,453753
709971,453753
709924,453753
710073,453753
710126,453753
709766,453753
710148,453753
710002,453753
710052,453753
710021,453753
710008,453753
709981,453753
710095,453753
710017,453753
710062,453753
710069,453753
710106,453753
710155,453753
710133,453753
710087,453753
710215,453753
710214,453753
710172,453753
710156,453753
710020,453753
710125,453753
710238,453753
710214,453753
710131,453753
710243,453753
710173,453753
710101,453753
709891,453753
710119,453753
709912,453753
710120,453753
710085,453753
710189,453753
710135,453753
710035,453753
710107,453753
710198,453753
709666,453753
709890,453753
709997,453753
710111,453753
709556,453753
710111,453753
710056,453753
710185,453753
710246,453753
710173,453753
710242,453753
710194,453753
710136,453753
710172,453753
710016,453753
710004,453753
710242,453753
710174,453753
710158,453753
710126,453753
710152,453753
710149,453753
710192,453753
710111,453753
710115,453753
710186,453753
709962,453753
709939,453753
710191,453753
710129,453753
710171,453753
710109,453753
710093,453753
710130,453753
710077,453753
709705,453753
709733,453753
710011,453753
710104,453753
710165,453753
710185,453753
710116,453753
710154,453753
710147,453753
710183,453753
710171,453753
710028,453753
709795,453753
710162,453753
710178,453753
710059,453753
709999,453753
710207,453753
710259,453753
710236,453753
710155,453753
710006,453753
709940,453753
709978,453753
710204,453753
710121,453753
710006,453753
709746,453753
709823,453753
709543,453753
710139,453753
710076,453753
710241,453753
709848,453753
710130,453753
710149,453753
710149,453753
710181,453753
710200,453753
710172,453753
710188,453753
710117,453753
710114,453753
710000,453753
710075,453753
710231,453753
710229,453753
710280,453753
710200,453753
710199,453753
710178,453753
710049,453753
710152,453753
710170,453753
710102,453753
710067,453753
710032,453753
710095,453753
710003,453753
709994,453753
710107,453753
710078,453753
709835,453753
710080,453753
710170,453753
710165,453753
710101,453753
710118,453753
710176,453753
710148,453753
710214,453753
710129,453753
710172,453753
710158,453753
710131,453753
710195,453753
710195,453753
710156,453753
710114,453753
709974,453753
709454,453753
710071,453753
710098,453753
710133,453753
709862,453753
709636,453753
710031,453753
710118,453753
710046,453753
709788,453753
709937,453753
709936,453753
709467,453753
710001,453753
710142,453753
710178,453753
710054,453753
710210,453753
709426,453753
709820,453753
710018,453753
710058,453753
710203,453753
710024,453753
710212,453753
710221,453753
710217,453753
710177,453753
710120,453753
710204,453753
710102,453753
710058,453753
709994,453753
709763,453753
709743,453753
710096,453753
710149,453753
710162,453753
710074,453753
710087,453753
710150,453753
710170,453753
710194,453753
710213,453753
710219,453753
710196,453753
710160,453753
710022,453753
710233,453753
710218,453753
710206,453753
710155,453753
710192,453753
710122,453753
710086,453753
710085,453753
710105,453753
710136,453753
710184,453753
710238,453753
710162,453753
710052,453753
709935,453753
710159,453753
710182,453753
710150,453753
710204,453753
710112,453753
709801,453753
710087,453753
710147,453753
710146,453753
709755,453753
709893,453753
710228,453753
710191,453753
710199,453753
710272,453546
