TRACE,NSNPS_JACKKNIFE
709694,453753
709690,453753
709591,453753
709653,453753
709598,453753
709648,453753
709537,453753
709558,453753
709555,453753
709493,453753
709587,453753
709409,453753
709666,453753
709589,453753
709661,453753
709620,453753
709487,453753
709283,453753
709292,453753
709449,453753
709629,453753
709615,453753
709558,453753
709633,453753
709623,453753
709607,453753
709449,453753
709405,453753
709553,453753
709550,453753
709531,453753
709486,453753
709544,453753
709492,453753
709548,453753
709582,453753
709555,453753
709486,453753
709569,453753
709611,453753
709628,453753
709570,453753
709503,453753
709369,453753
709391,453753
709533,453753
709570,453753
709581,453753
709635,453753
709628,453753
709627,453753
709404,453753
709427,453753
709505,453753
709374,453753
709568,453753
709546,453753
709309,453753
709472,453753
709430,453753
709593,453753
709649,453753
709640,453753
709586,453753
709541,453753
709599,453753
709582,453753
709494,453753
709513,453753
709483,453753
709240,453753
709581,453753
709601,453753
709698,453753
709662,453753
709638,453753
709673,453753
709612,453753
709680,453753
709590,453753
709391,453753
709572,453753
709652,453753
709689,453753
709677,453753
709649,453753
709672,453753
709684,453753
709601,453753
709624,453753
709432,453753
709322,453753
709602,453753
708649,453753
709570,453753
709527,453753
709604,453753
709588,453753
709580,453753
709617,453753
709465,453753
709494,453753
709477,453753
709369,453753
709405,453753
709458,453753
709580,453753
709596,453753
709576,453753
709536,453753
709607,453753
709571,453753
709453,453753
709340,453753
709338,453753
709385,453753
709609,453753
709542,453753
709495,453753
709422,453753
709478,453753
709665,453753
709489,453753
709532,453753
709601,453753
709539,453753
709501,453753
709495,453753
709442,453753
709532,453753
709411,453753
709562,453753
709519,453753
709580,453753
709447,453753
709553,453753
709599,453753
709639,453753
709419,453753
709580,453753
709218,453753
709068,453753
709499,453753
709451,453753
709473,453753
709457,453753
709520,453753
709517,453753
709571,453753
709592,453753
709588,453753
709649,453753
709620,453753
709601,453753
709616,453753
709578,453753
709565,453753
709623,453753
709672,453753
709593,453753
709554,453753
709557,453753
709636,453753
709676,453753
709677,453753
709653,453753
709637,453753
709628,453753
709591,453753
709577,453753
709500,453753
709586,453753
709566,453753
709581,453753
709601,453753
709572,453753
709576,453753
709513,453753
709454,453753
709496,453753
709442,453753
708633,453753
708852,453753
709508,453753
709456,453753
709661,453753
709617,453753
709628,453753
709619,453753
709583,453753
709684,453753
709644,453753
709343,453753
709038,453753
709171,453753
709003,453753
709199,453753
709395,453753
709581,453753
709488,453753
709479,453753
709613,453753
709577,453753
709326,453753
709537,453753
709583,453753
709528,453753
709584,453753
709493,453753
709301,453753
709545,453753
709627,453753
709615,453753
709609,453753
709437,453753
709468,453753
709195,453753
709203,453753
709370,453753
709210,453753
709677,453753
709667,453753
709618,453753
709592,453753
709504,453753
709632,453753
709675,453753
709647,453753
709639,453753
709639,453753
709516,453753
709376,453753
709409,453753
709685,453753
709692,453753
709674,453753
709550,453753
709534,453753
709382,453753
709582,453753
709512,453753
709634,453753
709686,453753
709605,453753
709597,453753
709554,453753
709549,453753
709566,453753
709581,453753
709390,453753
709343,453753
709571,453753
709568,453753
709448,453753
709475,453753
709478,453753
709507,453753
709527,453753
709263,453753
709552,453753
709659,453753
709448,453753
709096,453753
709449,453753
709526,453753
709455,453753
709462,453753
709030,453753
709595,453753
709566,453753
709521,453753
709207,453753
709528,453753
709516,453753
709484,453753
709392,453753
709602,453753
709581,453753
709485,453753
709320,453753
709534,453753
709463,453753
709601,453753
709585,453753
709479,453753
709601,453753
709631,453753
709525,453753
709574,453753
709636,453753
709649,453753
709674,453753
709679,453753
709640,453753
709698,453753
709654,453753
709587,453753
709563,453753
709679,453753
709618,453753
709671,453753
709591,453753
709717,453753
709596,453753
709636,453753
709648,453753
709575,453753
709596,453753
709569,453753
709687,453753
709651,453753
709541,453753
709354,453753
709097,453753
708885,453753
709456,453753
709600,453753
709437,453753
709485,453753
709518,453753
709595,453753
709599,453753
709528,453753
709564,453753
709499,453753
709447,453753
709452,453753
709508,453753
709477,453753
709424,453753
708926,453753
709490,453753
709572,453753
709613,453753
709531,453753
709627,453753
709482,453753
709559,453753
709614,453753
709372,453753
709290,453753
709535,453753
709121,453753
709105,453753
709517,453753
709406,453753
709603,453753
709485,453753
709531,453753
708727,453753
709587,453753
709569,453753
709581,453753
709691,453753
709672,453753
709678,453753
709667,453753
709690,453753
709605,453753
709580,453753
709621,453753
709683,453753
709611,453753
709647,453753
709558,453753
709643,453753
709574,453753
709603,453753
709535,453753
709613,453753
709567,453753
709546,453753
709563,453753
709587,453753
709513,453753
709564,453753
709421,453753
709113,453753
709417,453753
709384,453753
708712,453753
709164,453753
709385,453753
709533,453753
709421,453753
709289,453753
709317,453753
709268,453753
709462,453753
709533,453753
709541,453753
709345,453753
709445,453753
709571,453753
709436,453753
709414,453753
709442,453753
709250,453753
709341,453753
709572,453753
709549,453753
709563,453753
709588,453753
709557,453753
709649,453753
708968,453753
709510,453753
709535,453753
709578,453753
709613,453753
709596,453753
709612,453753
709571,453753
709640,453753
709680,453753
709633,453753
709641,453753
709596,453753
709388,453753
709469,453753
709550,453753
709608,453753
709591,453753
709475,453753
709625,453753
709593,453753
709634,453753
709572,453753
709428,453753
709554,453753
709535,453753
709604,453753
709241,453753
709563,453753
709598,453753
709575,453753
709606,453753
709529,453753
709503,453753
709499,453753
709497,453753
709328,453753
708606,453753
709471,453753
709503,453753
709584,453753
709648,453753
709653,453753
709478,453753
709392,453753
709541,453753
709535,453753
709345,453753
709390,453753
709605,453753
709529,453753
709594,453753
709508,453753
709403,453753
709416,453753
709397,453753
709482,453753
709644,453753
709469,453753
709683,453753
709656,453753
709538,453753
709558,453753
709638,453753
709528,453753
709685,453753
709683,453753
709645,453753
709523,453753
709394,453753
709537,453753
709509,453753
709581,453753
709612,453753
709225,453753
708476,453753
708740,453753
709516,453753
709575,453753
709609,453753
709534,453753
709567,453753
709393,453753
709622,453753
709581,453753
709630,453753
709431,453753
709526,453753
709535,453753
709017,453753
709451,453753
709538,453753
709521,453753
709569,453753
709488,453753
709500,453753
709621,453753
709677,453753
709553,453753
709455,453753
709518,453753
709390,453753
709470,453753
709547,453753
709645,453753
709551,453753
709525,453753
709491,453753
709312,453753
709341,453753
709567,453753
709584,453753
709633,453753
709654,453753
709666,453753
709554,453753
709637,453753
709601,453753
709605,453753
709641,453753
709638,453753
709570,453753
709540,453753
709649,453753
709657,453753
709562,453753
709629,453753
709650,453753
709631,453753
709580,453753
709492,453753
709624,453753
709500,453753
709610,453753
709413,453753
709537,453753
709318,453753
709070,453753
709584,453753
709481,453753
709556,453753
709625,453753
709541,453753
709554,453753
709610,453753
709579,453753
709654,453753
709613,453753
709403,453753
709324,453753
709562,453753
709508,453753
709511,453753
709611,453753
709574,453753
709470,453753
709589,453753
709518,453753
709607,453753
709540,453753
709474,453753
709572,453753
709582,453753
709665,453753
709607,453753
709692,453753
709520,453753
709532,453753
709607,453753
709603,453753
709612,453753
709564,453753
709592,453753
709596,453753
709598,453753
709614,453753
709632,453753
709495,453753
709496,453753
709575,453753
709587,453753
709645,453753
709484,453753
709271,453753
708992,453753
709474,453753
709545,453753
709609,453753
709402,453753
709524,453753
709430,453753
709481,453753
709464,453753
709594,453753
709503,453753
708400,453753
709580,453753
709629,453753
709502,453753
709593,453753
709429,453753
709510,453753
709553,453753
709482,453753
709253,453753
709510,453753
709516,453753
709635,453753
709621,453753
709665,453753
709578,453753
709590,453753
709560,453753
709638,453753
709597,453753
709717,453753
709588,453753
709509,453753
708955,453753
709640,453753
709341,453753
709193,453753
709429,453753
709458,453753
709660,453753
709548,453753
709594,453753
709672,453753
709671,453753
709631,453753
709476,453753
709494,453753
709595,453753
709663,453753
709551,453753
709513,453753
709552,453753
706951,453753
703112,453753
708286,453753
709451,453753
709403,453753
709375,453753
709633,453753
709470,453753
709566,453753
709661,453753
709514,453753
708951,453753
709350,453753
709420,453753
709537,453753
709652,453753
709507,453753
709409,453753
709423,453753
709522,453753
709516,453753
709557,453753
709606,453753
709596,453753
709698,453753
709611,453753
709418,453753
709679,453753
709650,453753
709652,453753
709680,453753
709593,453753
709603,453753
709638,453753
709687,453753
709652,453753
709550,453753
709626,453753
709605,453753
709545,453753
709570,453753
709579,453753
709642,453753
709511,453753
709542,453753
709343,453753
708707,453753
709451,453753
709498,453753
709318,453753
709458,453753
709447,453753
709503,453753
709434,453753
709570,453753
709634,453753
709560,453753
709518,453753
709613,453753
709551,453753
709353,453753
709359,453753
709591,453753
709510,453753
709447,453753
709581,453753
709543,453753
709563,453753
709590,453753
709454,453753
709509,453753
709656,453753
709654,453753
709475,453753
709315,453753
709678,453753
709721,453753
709684,453753
709669,453753
709533,453753
709420,453753
709684,453753
709538,453753
709565,453753
709660,453753
709655,453753
709655,453753
709587,453753
709584,453753
709583,453753
709581,453753
709638,453753
709478,453753
709486,453753
709305,453753
709469,453753
709497,453753
709375,453753
709534,453753
709646,453753
709567,453753
709556,453753
709493,453753
709379,453753
709534,453753
709639,453753
709549,453753
709588,453753
709590,453753
709608,453753
709713,453753
709684,453753
709671,453753
709558,453753
709657,453753
709532,453753
709639,453753
709675,453753
709627,453753
709595,453753
709628,453753
709681,453753
709578,453753
709449,453753
709365,453753
709421,453753
709510,453753
709580,453753
709203,453753
709620,453753
709508,453753
709496,453753
709506,453753
709509,453753
709460,453753
709579,453753
709558,453753
709563,453753
709569,453753
709597,453753
709643,453753
709612,453753
709572,453753
709695,453753
709659,453753
709674,453753
709621,453753
709518,453753
709579,453753
709705,453753
709671,453753
709598,453753
709694,453753
709661,453753
709558,453753
709329,453753
709579,453753
709386,453753
709572,453753
709608,453753
709648,453753
709574,453753
709486,453753
709588,453753
709642,453753
709249,453753
709397,453753
709470,453753
709603,453753
709155,453753
709606,453753
709571,453753
709648,453753
709726,453753
709663,453753
709713,453753
709648,453753
709569,453753
709671,453753
709482,453753
709494,453753
709685,453753
709639,453753
709614,453753
709582,453753
709613,453753
709620,453753
709666,453753
709536,453753
709588,453753
709630,453753
709452,453753
709361,453753
709640,453753
709571,453753
709640,453753
709550,453753
709550,453753
709604,453753
709531,453753
709210,453753
709257,453753
709446,453753
709539,453753
709617,453753
709658,453753
709577,453753
709628,453753
709606,453753
709679,453753
709645,453753
709470,453753
709297,453753
709601,453753
709647,453753
709538,453753
709443,453753
709674,453753
709712,453753
709716,453753
709595,453753
709447,453753
709425,453753
709440,453753
709669,453753
709542,453753
709485,453753
709164,453753
709262,453753
708993,453753
709587,453753
709531,453753
709701,453753
709365,453753
709600,453753
709616,453753
709612,453753
709638,453753
709673,453753
709621,453753
709670,453753
709601,453753
709610,453753
709469,453753
709540,453753
709701,453753
709703,453753
709742,453753
709648,453753
709696,453753
709640,453753
709513,453753
709620,453753
709622,453753
709564,453753
709519,453753
709519,453753
709559,453753
709423,453753
709496,453753
709581,453753
709555,453753
709306,453753
709562,453753
709614,453753
709658,453753
709589,453753
709573,453753
709659,453753
709577,453753
709655,453753
709593,453753
709659,453753
709632,453753
709566,453753
709637,453753
709696,453753
709611,453753
709563,453753
709449,453753
708945,453753
709548,453753
709505,453753
709562,453753
709379,453753
709117,453753
709470,453753
709601,453753
709528,453753
709255,453753
709431,453753
709374,453753
709001,453753
709452,453753
709582,453753
709656,453753
709471,453753
709684,453753
708891,453753
709297,453753
709494,453753
709487,453753
709669,453753
709475,453753
709683,453753
709697,453753
709653,453753
709606,453753
709600,453753
709659,453753
709599,453753
709537,453753
709450,453753
709243,453753
709152,453753
709529,453753
709592,453753
709625,453753
709507,453753
709554,453753
709620,453753
709654,453753
709660,453753
709689,453753
709677,453753
709693,453753
709661,453753
709541,453753
709721,453753
709687,453753
709634,453753
709621,453753
709666,453753
709627,453753
709539,453753
709576,453753
709556,453753
709559,453753
709648,453753
709698,453753
709614,453753
709538,453753
709394,453753
709650,453753
709653,453753
709616,453753
709653,453753
709586,453753
709244,453753
709559,453753
709631,453753
709630,453753
709282,453753
709414,453753
709696,453753
709663,453753
709662,453753
709710,453546
