TRACE,NSNPS_JACKKNIFE
710125,453753
710147,453753
710071,453753
710073,453753
710034,453753
710092,453753
710004,453753
709979,453753
710030,453753
709984,453753
710051,453753
709897,453753
710124,453753
710009,453753
710094,453753
710039,453753
709952,453753
709687,453753
709770,453753
709902,453753
710081,453753
710091,453753
710048,453753
710051,453753
710064,453753
710071,453753
709884,453753
709931,453753
710034,453753
709994,453753
710002,453753
709967,453753
709985,453753
709953,453753
710035,453753
710034,453753
709997,453753
709950,453753
710027,453753
710084,453753
710099,453753
710047,453753
710000,453753
709769,453753
709819,453753
709968,453753
710048,453753
710034,453753
710078,453753
710082,453753
710074,453753
709850,453753
709847,453753
709975,453753
709822,453753
710014,453753
710013,453753
709800,453753
709925,453753
709932,453753
710057,453753
710111,453753
710090,453753
710041,453753
709991,453753
710058,453753
710012,453753
709954,453753
709978,453753
709953,453753
709681,453753
710038,453753
710058,453753
710138,453753
710103,453753
710079,453753
710155,453753
710067,453753
710115,453753
710064,453753
709857,453753
710041,453753
710131,453753
710160,453753
710139,453753
710129,453753
710160,453753
710149,453753
710094,453753
710081,453753
709903,453753
709807,453753
710068,453753
709319,453753
710027,453753
709962,453753
710053,453753
710029,453753
709999,453753
710092,453753
709901,453753
709992,453753
709923,453753
709813,453753
709874,453753
709911,453753
710031,453753
710066,453753
710053,453753
710040,453753
710066,453753
710000,453753
709935,453753
709843,453753
709787,453753
709772,453753
710027,453753
710033,453753
709949,453753
709894,453753
709910,453753
710094,453753
709919,453753
709992,453753
710078,453753
710003,453753
709970,453753
709981,453753
709878,453753
710005,453753
709939,453753
710002,453753
709981,453753
710039,453753
709872,453753
710037,453753
710062,453753
710064,453753
709862,453753
710004,453753
709753,453753
709607,453753
709978,453753
709920,453753
709918,453753
709918,453753
709983,453753
709978,453753
710022,453753
710039,453753
710077,453753
710049,453753
710093,453753
710067,453753
710020,453753
710062,453753
710057,453753
710066,453753
710141,453753
710037,453753
709989,453753
710003,453753
710108,453753
710161,453753
710153,453753
710136,453753
710067,453753
710082,453753
710089,453753
710010,453753
709922,453753
710068,453753
710048,453753
710007,453753
710079,453753
710055,453753
710025,453753
709960,453753
709938,453753
709992,453753
709925,453753
709027,453753
709275,453753
710014,453753
709926,453753
710117,453753
710073,453753
710108,453753
710100,453753
710035,453753
710145,453753
710109,453753
709840,453753
709612,453753
709604,453753
709433,453753
709662,453753
709884,453753
710049,453753
709992,453753
709933,453753
710079,453753
710070,453753
709830,453753
709999,453753
710025,453753
709960,453753
710020,453753
709952,453753
709858,453753
710006,453753
710029,453753
710083,453753
710090,453753
709935,453753
709964,453753
709673,453753
709690,453753
709874,453753
709730,453753
710116,453753
710102,453753
710044,453753
710070,453753
709952,453753
710082,453753
710134,453753
710102,453753
710100,453753
710116,453753
709979,453753
709872,453753
709892,453753
710142,453753
710130,453753
710108,453753
709942,453753
709962,453753
709870,453753
710063,453753
709921,453753
710083,453753
710119,453753
710032,453753
710036,453753
709995,453753
710017,453753
710069,453753
710062,453753
709847,453753
709824,453753
710044,453753
710029,453753
709948,453753
709961,453753
709926,453753
709974,453753
709996,453753
709810,453753
709997,453753
710105,453753
709892,453753
709542,453753
709930,453753
709956,453753
709953,453753
709912,453753
709604,453753
710053,453753
710051,453753
709964,453753
709703,453753
709955,453753
709950,453753
709900,453753
709798,453753
710049,453753
710076,453753
709933,453753
709787,453753
709972,453753
709947,453753
710057,453753
710042,453753
709913,453753
710058,453753
710061,453753
710009,453753
710022,453753
710083,453753
710138,453753
710138,453753
710142,453753
710089,453753
710135,453753
710112,453753
710031,453753
709996,453753
710131,453753
710084,453753
710118,453753
710101,453753
710183,453753
710040,453753
710096,453753
710127,453753
710044,453753
710065,453753
710020,453753
710114,453753
710112,453753
710047,453753
709883,453753
709542,453753
709432,453753
709900,453753
710020,453753
709891,453753
709951,453753
710000,453753
710043,453753
710061,453753
709968,453753
710010,453753
709954,453753
709893,453753
709961,453753
709976,453753
709980,453753
709908,453753
709492,453753
709962,453753
710045,453753
710055,453753
710002,453753
710049,453753
709912,453753
710024,453753
710059,453753
709886,453753
709740,453753
709957,453753
709548,453753
709605,453753
710041,453753
709877,453753
710067,453753
709931,453753
709973,453753
709092,453753
710016,453753
710030,453753
710045,453753
710168,453753
710146,453753
710121,453753
710168,453753
710173,453753
710078,453753
710052,453753
710114,453753
710126,453753
710038,453753
710089,453753
710020,453753
710092,453753
710048,453753
710088,453753
710013,453753
710073,453753
710047,453753
710012,453753
709999,453753
710053,453753
709974,453753
709999,453753
709854,453753
709568,453753
709878,453753
709841,453753
709222,453753
709626,453753
709855,453753
710008,453753
709885,453753
709756,453753
709726,453753
709736,453753
709921,453753
710048,453753
709975,453753
709852,453753
709916,453753
709997,453753
709955,453753
709894,453753
709901,453753
709699,453753
709836,453753
710072,453753
710006,453753
710051,453753
710051,453753
709981,453753
710115,453753
709433,453753
709988,453753
709974,453753
709952,453753
710079,453753
710058,453753
710083,453753
710021,453753
710064,453753
710128,453753
710102,453753
710092,453753
710050,453753
709888,453753
709920,453753
709981,453753
710070,453753
710102,453753
709987,453753
710084,453753
710048,453753
710064,453753
710053,453753
709931,453753
709983,453753
709972,453753
710098,453753
709672,453753
709996,453753
710048,453753
710005,453753
710025,453753
709985,453753
709944,453753
709972,453753
709995,453753
709796,453753
709039,453753
709905,453753
709975,453753
710048,453753
710133,453753
710093,453753
709934,453753
709870,453753
710003,453753
710011,453753
709823,453753
709873,453753
710077,453753
710002,453753
710062,453753
710015,453753
709876,453753
709844,453753
709847,453753
709976,453753
710120,453753
709928,453753
710141,453753
710109,453753
709998,453753
710058,453753
710118,453753
709994,453753
710168,453753
710154,453753
710097,453753
709946,453753
709893,453753
710014,453753
710017,453753
710058,453753
710076,453753
709656,453753
708781,453753
709044,453753
710034,453753
710035,453753
710051,453753
709959,453753
710005,453753
709824,453753
710065,453753
710039,453753
710080,453753
709920,453753
710031,453753
710004,453753
709513,453753
709893,453753
710014,453753
709987,453753
710016,453753
709943,453753
709982,453753
710095,453753
710107,453753
709982,453753
709866,453753
710020,453753
709890,453753
709902,453753
710012,453753
710121,453753
709961,453753
709975,453753
709974,453753
709774,453753
709807,453753
710070,453753
710094,453753
710091,453753
710097,453753
710143,453753
709982,453753
710070,453753
710060,453753
710079,453753
710108,453753
710097,453753
710059,453753
710011,453753
710132,453753
710123,453753
710043,453753
710079,453753
710096,453753
710077,453753
710038,453753
709954,453753
710097,453753
709931,453753
710128,453753
709889,453753
709981,453753
709759,453753
709602,453753
710037,453753
709936,453753
709971,453753
710106,453753
710022,453753
710030,453753
710083,453753
710076,453753
710111,453753
710055,453753
709863,453753
709823,453753
710000,453753
709986,453753
709994,453753
710087,453753
710033,453753
709923,453753
710026,453753
709954,453753
710090,453753
710035,453753
709956,453753
710080,453753
710074,453753
710143,453753
710070,453753
710161,453753
709980,453753
709996,453753
710097,453753
710104,453753
710071,453753
710068,453753
710054,453753
710055,453753
710047,453753
710071,453753
710104,453753
709935,453753
709979,453753
710019,453753
710013,453753
710093,453753
709911,453753
709742,453753
709489,453753
709923,453753
710006,453753
710065,453753
709861,453753
710009,453753
709874,453753
709938,453753
709994,453753
710028,453753
709928,453753
708961,453753
710075,453753
710093,453753
710000,453753
710032,453753
709930,453753
709943,453753
710033,453753
709945,453753
709674,453753
709990,453753
709997,453753
710078,453753
710061,453753
710125,453753
710035,453753
710059,453753
710046,453753
710092,453753
710082,453753
710170,453753
710040,453753
709978,453753
709396,453753
710045,453753
709731,453753
709638,453753
709911,453753
709925,453753
710118,453753
709984,453753
710026,453753
710175,453753
710131,453753
710074,453753
709904,453753
709960,453753
710061,453753
710096,453753
710016,453753
709971,453753
710033,453753
707217,453753
702465,453753
708628,453753
709887,453753
709864,453753
709808,453753
710036,453753
709902,453753
710023,453753
710084,453753
709948,453753
709386,453753
709789,453753
709874,453753
710017,453753
710078,453753
709975,453753
709846,453753
709837,453753
709939,453753
709998,453753
710045,453753
710062,453753
710074,453753
710133,453753
710056,453753
709869,453753
710117,453753
710080,453753
710122,453753
710161,453753
710060,453753
710061,453753
710089,453753
710146,453753
710093,453753
709975,453753
710089,453753
710078,453753
710032,453753
710032,453753
710009,453753
710077,453753
709991,453753
710023,453753
709767,453753
708971,453753
709893,453753
710032,453753
709788,453753
709884,453753
709977,453753
709973,453753
709963,453753
710007,453753
710080,453753
710056,453753
709953,453753
710071,453753
710009,453753
709759,453753
709830,453753
710075,453753
710001,453753
709920,453753
710044,453753
710029,453753
710020,453753
710075,453753
709935,453753
709964,453753
710110,453753
710113,453753
709937,453753
709773,453753
710124,453753
710169,453753
710165,453753
710146,453753
710002,453753
709865,453753
710151,453753
710025,453753
710004,453753
710097,453753
710125,453753
710132,453753
710065,453753
710079,453753
710046,453753
710033,453753
710091,453753
709953,453753
709935,453753
709740,453753
709980,453753
709967,453753
709895,453753
710001,453753
710139,453753
709997,453753
710028,453753
709989,453753
709885,453753
709938,453753
710079,453753
709993,453753
710045,453753
710077,453753
710082,453753
710178,453753
710146,453753
710138,453753
710005,453753
710094,453753
710013,453753
710100,453753
710136,453753
710094,453753
710065,453753
710091,453753
710146,453753
710030,453753
709951,453753
709858,453753
709866,453753
709979,453753
710014,453753
709706,453753
710061,453753
709917,453753
709962,453753
709979,453753
709997,453753
709870,453753
710047,453753
709964,453753
710011,453753
710031,453753
710021,453753
710057,453753
710107,453753
710017,453753
710146,453753
710132,453753
710118,453753
710087,453753
709892,453753
710067,453753
710165,453753
710138,453753
710043,453753
710164,453753
710118,453753
710018,453753
709785,453753
710053,453753
709830,453753
710021,453753
710037,453753
710109,453753
710060,453753
709972,453753
710044,453753
710136,453753
709617,453753
709830,453753
709917,453753
710045,453753
709488,453753
710056,453753
710035,453753
710144,453753
710184,453753
710099,453753
710131,453753
710117,453753
710064,453753
710085,453753
709958,453753
709920,453753
710151,453753
710084,453753
710100,453753
710033,453753
710096,453753
710087,453753
710119,453753
710028,453753
710062,453753
710116,453753
709876,453753
709856,453753
710133,453753
710051,453753
710108,453753
710003,453753
710002,453753
710034,453753
710027,453753
709632,453753
709741,453753
709896,453753
709989,453753
710113,453753
710133,453753
710007,453753
710081,453753
710036,453753
710133,453753
710132,453753
709934,453753
709746,453753
710064,453753
710094,453753
710000,453753
709901,453753
710141,453753
710181,453753
710187,453753
710068,453753
709938,453753
709907,453753
709915,453753
710142,453753
710075,453753
709973,453753
709708,453753
709806,453753
709434,453753
710083,453753
709994,453753
710170,453753
709793,453753
710035,453753
710069,453753
710088,453753
710137,453753
710152,453753
710093,453753
710109,453753
710076,453753
710033,453753
709918,453753
710019,453753
710167,453753
710176,453753
710192,453753
710110,453753
710123,453753
710110,453753
709959,453753
710064,453753
710070,453753
710020,453753
709990,453753
709952,453753
710009,453753
709886,453753
709943,453753
710012,453753
710007,453753
709834,453753
710016,453753
710091,453753
710112,453753
710041,453753
710039,453753
710105,453753
710083,453753
710131,453753
710046,453753
710132,453753
710099,453753
710034,453753
710092,453753
710149,453753
710062,453753
710037,453753
709913,453753
709411,453753
710022,453753
709996,453753
710043,453753
709833,453753
709522,453753
709912,453753
710073,453753
710004,453753
709731,453753
709849,453753
709819,453753
709443,453753
709959,453753
710064,453753
710103,453753
709996,453753
710143,453753
709359,453753
709738,453753
709905,453753
709955,453753
710131,453753
709988,453753
710151,453753
710118,453753
710137,453753
710097,453753
710054,453753
710140,453753
710040,453753
709984,453753
709943,453753
709737,453753
709659,453753
709985,453753
710073,453753
710089,453753
709987,453753
710048,453753
710088,453753
710104,453753
710138,453753
710148,453753
710161,453753
710144,453753
710104,453753
709965,453753
710160,453753
710167,453753
710119,453753
710079,453753
710108,453753
710076,453753
710030,453753
710011,453753
710016,453753
710037,453753
710101,453753
710158,453753
710063,453753
710009,453753
709887,453753
710110,453753
710101,453753
710058,453753
710143,453753
710072,453753
709730,453753
710030,453753
710106,453753
710093,453753
709772,453753
709819,453753
710129,453753
710107,453753
710114,453753
710189,453546
