TRACE,NSNPS_JACKKNIFE
709475,453753
709460,453753
709389,453753
709431,453753
709380,453753
709441,453753
709316,453753
709286,453753
709389,453753
709311,453753
709387,453753
709258,453753
709487,453753
709362,453753
709419,453753
709395,453753
709326,453753
709054,453753
709049,453753
709229,453753
709397,453753
709407,453753
709341,453753
709418,453753
709420,453753
709407,453753
709274,453753
709240,453753
709355,453753
709342,453753
709330,453753
709268,453753
709347,453753
709328,453753
709374,453753
709351,453753
709353,453753
709291,453753
709375,453753
709384,453753
709414,453753
709396,453753
709295,453753
709189,453753
709176,453753
709314,453753
709353,453753
709386,453753
709414,453753
709452,453753
709431,453753
709186,453753
709237,453753
709324,453753
709248,453753
709329,453753
709342,453753
709069,453753
709264,453753
709204,453753
709378,453753
709446,453753
709420,453753
709352,453753
709345,453753
709386,453753
709328,453753
709273,453753
709295,453753
709264,453753
709029,453753
709388,453753
709406,453753
709474,453753
709435,453753
709424,453753
709499,453753
709419,453753
709466,453753
709407,453753
709212,453753
709371,453753
709445,453753
709483,453753
709490,453753
709429,453753
709447,453753
709471,453753
709402,453753
709409,453753
709216,453753
709187,453753
709381,453753
708679,453753
709351,453753
709278,453753
709355,453753
709373,453753
709357,453753
709417,453753
709256,453753
709288,453753
709220,453753
709151,453753
709229,453753
709221,453753
709392,453753
709392,453753
709371,453753
709389,453753
709401,453753
709326,453753
709262,453753
709162,453753
709103,453753
709179,453753
709357,453753
709347,453753
709285,453753
709240,453753
709227,453753
709439,453753
709264,453753
709341,453753
709408,453753
709279,453753
709279,453753
709320,453753
709227,453753
709330,453753
709311,453753
709322,453753
709310,453753
709346,453753
709248,453753
709367,453753
709393,453753
709390,453753
709202,453753
709380,453753
709043,453753
708919,453753
709298,453753
709246,453753
709218,453753
709193,453753
709330,453753
709307,453753
709387,453753
709379,453753
709368,453753
709408,453753
709424,453753
709383,453753
709390,453753
709378,453753
709422,453753
709414,453753
709471,453753
709360,453753
709311,453753
709348,453753
709425,453753
709501,453753
709498,453753
709451,453753
709426,453753
709416,453753
709395,453753
709391,453753
709310,453753
709392,453753
709381,453753
709356,453753
709422,453753
709365,453753
709380,453753
709331,453753
709287,453753
709269,453753
709249,453753
708357,453753
708580,453753
709326,453753
709263,453753
709464,453753
709439,453753
709422,453753
709396,453753
709370,453753
709494,453753
709418,453753
709133,453753
708838,453753
708941,453753
708844,453753
709010,453753
709220,453753
709339,453753
709331,453753
709308,453753
709401,453753
709378,453753
709188,453753
709359,453753
709317,453753
709333,453753
709403,453753
709282,453753
709143,453753
709326,453753
709387,453753
709398,453753
709412,453753
709235,453753
709289,453753
708996,453753
709032,453753
709139,453753
709056,453753
709474,453753
709449,453753
709395,453753
709424,453753
709234,453753
709413,453753
709461,453753
709395,453753
709443,453753
709455,453753
709324,453753
709189,453753
709210,453753
709456,453753
709464,453753
709461,453753
709321,453753
709351,453753
709149,453753
709383,453753
709278,453753
709433,453753
709462,453753
709380,453753
709381,453753
709347,453753
709337,453753
709372,453753
709390,453753
709179,453753
709109,453753
709364,453753
709341,453753
709215,453753
709277,453753
709280,453753
709313,453753
709336,453753
709070,453753
709348,453753
709435,453753
709273,453753
708776,453753
709299,453753
709322,453753
709245,453753
709260,453753
708901,453753
709368,453753
709329,453753
709307,453753
709097,453753
709309,453753
709260,453753
709282,453753
709191,453753
709433,453753
709407,453753
709291,453753
709128,453753
709305,453753
709303,453753
709386,453753
709361,453753
709257,453753
709419,453753
709427,453753
709326,453753
709346,453753
709450,453753
709468,453753
709459,453753
709454,453753
709416,453753
709465,453753
709435,453753
709336,453753
709336,453753
709485,453753
709437,453753
709464,453753
709431,453753
709485,453753
709364,453753
709454,453753
709450,453753
709360,453753
709390,453753
709367,453753
709417,453753
709443,453753
709365,453753
709185,453753
708872,453753
708664,453753
709219,453753
709334,453753
709232,453753
709260,453753
709297,453753
709374,453753
709420,453753
709335,453753
709338,453753
709271,453753
709254,453753
709264,453753
709265,453753
709311,453753
709177,453753
708801,453753
709308,453753
709348,453753
709380,453753
709350,453753
709371,453753
709271,453753
709325,453753
709410,453753
709231,453753
709166,453753
709336,453753
708885,453753
708889,453753
709342,453753
709140,453753
709396,453753
709244,453753
709285,453753
708504,453753
709372,453753
709382,453753
709407,453753
709514,453753
709482,453753
709441,453753
709473,453753
709483,453753
709396,453753
709408,453753
709408,453753
709484,453753
709398,453753
709460,453753
709355,453753
709426,453753
709363,453753
709423,453753
709330,453753
709421,453753
709380,453753
709313,453753
709325,453753
709375,453753
709349,453753
709362,453753
709230,453753
708974,453753
709210,453753
709160,453753
708611,453753
709031,453753
709169,453753
709305,453753
709208,453753
709016,453753
709082,453753
709012,453753
709265,453753
709385,453753
709329,453753
709217,453753
709283,453753
709354,453753
709297,453753
709262,453753
709227,453753
708991,453753
709101,453753
709367,453753
709348,453753
709373,453753
709411,453753
709370,453753
709448,453753
708779,453753
709320,453753
709342,453753
709307,453753
709401,453753
709411,453753
709421,453753
709353,453753
709387,453753
709481,453753
709462,453753
709401,453753
709369,453753
709192,453753
709257,453753
709315,453753
709397,453753
709397,453753
709264,453753
709409,453753
709366,453753
709423,453753
709385,453753
709269,453753
709321,453753
709338,453753
709424,453753
709015,453753
709346,453753
709421,453753
709393,453753
709386,453753
709320,453753
709323,453753
709255,453753
709247,453753
709151,453753
708457,453753
709282,453753
709331,453753
709376,453753
709448,453753
709426,453753
709250,453753
709201,453753
709297,453753
709398,453753
709121,453753
709228,453753
709438,453753
709324,453753
709378,453753
709356,453753
709253,453753
709189,453753
709192,453753
709331,453753
709455,453753
709296,453753
709468,453753
709428,453753
709357,453753
709365,453753
709430,453753
709330,453753
709496,453753
709472,453753
709422,453753
709341,453753
709249,453753
709311,453753
709275,453753
709402,453753
709413,453753
708855,453753
707645,453753
708036,453753
709335,453753
709389,453753
709395,453753
709339,453753
709341,453753
709175,453753
709408,453753
709409,453753
709403,453753
709226,453753
709380,453753
709331,453753
708930,453753
709204,453753
709309,453753
709287,453753
709346,453753
709271,453753
709302,453753
709429,453753
709428,453753
709307,453753
709245,453753
709318,453753
709215,453753
709273,453753
709411,453753
709437,453753
709341,453753
709360,453753
709318,453753
709156,453753
709181,453753
709389,453753
709427,453753
709413,453753
709465,453753
709469,453753
709333,453753
709428,453753
709410,453753
709405,453753
709421,453753
709413,453753
709347,453753
709332,453753
709460,453753
709448,453753
709399,453753
709423,453753
709449,453753
709405,453753
709397,453753
709281,453753
709429,453753
709271,453753
709441,453753
709228,453753
709286,453753
709062,453753
708886,453753
709354,453753
709248,453753
709358,453753
709429,453753
709336,453753
709334,453753
709415,453753
709398,453753
709436,453753
709385,453753
709261,453753
709158,453753
709355,453753
709304,453753
709349,453753
709414,453753
709365,453753
709261,453753
709359,453753
709300,453753
709385,453753
709336,453753
709259,453753
709373,453753
709375,453753
709447,453753
709370,453753
709482,453753
709291,453753
709296,453753
709407,453753
709416,453753
709394,453753
709380,453753
709411,453753
709411,453753
709388,453753
709402,453753
709437,453753
709290,453753
709288,453753
709349,453753
709367,453753
709401,453753
709288,453753
709116,453753
708842,453753
709282,453753
709372,453753
709375,453753
709237,453753
709322,453753
709257,453753
709299,453753
709319,453753
709414,453753
709315,453753
707910,453753
709406,453753
709437,453753
709281,453753
709343,453753
709230,453753
709266,453753
709339,453753
709287,453753
708972,453753
709320,453753
709323,453753
709418,453753
709414,453753
709456,453753
709376,453753
709393,453753
709380,453753
709447,453753
709403,453753
709493,453753
709378,453753
709305,453753
708707,453753
709431,453753
709099,453753
708983,453753
709301,453753
709226,453753
709445,453753
709354,453753
709372,453753
709482,453753
709442,453753
709405,453753
709264,453753
709267,453753
709386,453753
709436,453753
709320,453753
709297,453753
709358,453753
706959,453753
703084,453753
707986,453753
709233,453753
709226,453753
709157,453753
709394,453753
709233,453753
709366,453753
709429,453753
709298,453753
708689,453753
709181,453753
709221,453753
709352,453753
709468,453753
709330,453753
709229,453753
709222,453753
709271,453753
709351,453753
709376,453753
709410,453753
709402,453753
709509,453753
709420,453753
709244,453753
709485,453753
709426,453753
709448,453753
709470,453753
709366,453753
709390,453753
709436,453753
709446,453753
709457,453753
709316,453753
709387,453753
709412,453753
709344,453753
709368,453753
709362,453753
709424,453753
709335,453753
709344,453753
709078,453753
708485,453753
709253,453753
709343,453753
709098,453753
709218,453753
709290,453753
709277,453753
709291,453753
709329,453753
709427,453753
709376,453753
709306,453753
709398,453753
709353,453753
709103,453753
709165,453753
709373,453753
709305,453753
709170,453753
709382,453753
709357,453753
709361,453753
709399,453753
709242,453753
709253,453753
709451,453753
709455,453753
709305,453753
709102,453753
709475,453753
709502,453753
709479,453753
709490,453753
709353,453753
709249,453753
709487,453753
709343,453753
709381,453753
709435,453753
709435,453753
709458,453753
709403,453753
709392,453753
709386,453753
709380,453753
709402,453753
709311,453753
709270,453753
709054,453753
709260,453753
709254,453753
709249,453753
709311,453753
709459,453753
709353,453753
709357,453753
709305,453753
709245,453753
709325,453753
709411,453753
709325,453753
709396,453753
709419,453753
709397,453753
709514,453753
709476,453753
709465,453753
709354,453753
709413,453753
709364,453753
709420,453753
709458,453753
709455,453753
709414,453753
709448,453753
709486,453753
709390,453753
709270,453753
709178,453753
709170,453753
709362,453753
709345,453753
709030,453753
709415,453753
709293,453753
709276,453753
709253,453753
709303,453753
709245,453753
709364,453753
709334,453753
709349,453753
709355,453753
709359,453753
709434,453753
709406,453753
709363,453753
709487,453753
709470,453753
709471,453753
709414,453753
709310,453753
709385,453753
709498,453753
709479,453753
709417,453753
709488,453753
709461,453753
709329,453753
709049,453753
709392,453753
709136,453753
709354,453753
709368,453753
709453,453753
709367,453753
709290,453753
709352,453753
709439,453753
708899,453753
709152,453753
709261,453753
709385,453753
708946,453753
709403,453753
709370,453753
709454,453753
709511,453753
709452,453753
709484,453753
709452,453753
709360,453753
709464,453753
709280,453753
709300,453753
709504,453753
709436,453753
709435,453753
709409,453753
709419,453753
709396,453753
709486,453753
709349,453753
709365,453753
709456,453753
709270,453753
709210,453753
709446,453753
709382,453753
709470,453753
709339,453753
709343,453753
709374,453753
709339,453753
708957,453753
709025,453753
709293,453753
709339,453753
709426,453753
709456,453753
709405,453753
709413,453753
709420,453753
709480,453753
709462,453753
709238,453753
709059,453753
709409,453753
709430,453753
709295,453753
709237,453753
709504,453753
709497,453753
709511,453753
709393,453753
709278,453753
709229,453753
709211,453753
709479,453753
709420,453753
709249,453753
709016,453753
709088,453753
708795,453753
709407,453753
709347,453753
709485,453753
709128,453753
709388,453753
709417,453753
709457,453753
709448,453753
709490,453753
709429,453753
709461,453753
709372,453753
709406,453753
709248,453753
709310,453753
709529,453753
709503,453753
709553,453753
709438,453753
709482,453753
709432,453753
709318,453753
709428,453753
709425,453753
709370,453753
709347,453753
709311,453753
709345,453753
709204,453753
709232,453753
709344,453753
709338,453753
709153,453753
709348,453753
709435,453753
709440,453753
709379,453753
709394,453753
709452,453753
709387,453753
709466,453753
709423,453753
709477,453753
709436,453753
709384,453753
709456,453753
709492,453753
709420,453753
709356,453753
709276,453753
708760,453753
709315,453753
709301,453753
709399,453753
709221,453753
708887,453753
709265,453753
709458,453753
709356,453753
708988,453753
709194,453753
709192,453753
708788,453753
709296,453753
709413,453753
709415,453753
709272,453753
709475,453753
708734,453753
709059,453753
709289,453753
709338,453753
709478,453753
709330,453753
709488,453753
709482,453753
709454,453753
709423,453753
709383,453753
709441,453753
709390,453753
709320,453753
709277,453753
708963,453753
708877,453753
709336,453753
709412,453753
709407,453753
709292,453753
709397,453753
709419,453753
709434,453753
709460,453753
709483,453753
709502,453753
709484,453753
709442,453753
709324,453753
709504,453753
709477,453753
709447,453753
709408,453753
709454,453753
709421,453753
709374,453753
709367,453753
709386,453753
709347,453753
709445,453753
709482,453753
709374,453753
709343,453753
709223,453753
709432,453753
709422,453753
709411,453753
709485,453753
709361,453753
709065,453753
709361,453753
709463,453753
709432,453753
709081,453753
709167,453753
709489,453753
709426,453753
709477,453753
709558,453546
