TRACE,NSNPS_JACKKNIFE
709810,453753
709763,453753
709744,453753
709736,453753
709702,453753
709769,453753
709626,453753
709631,453753
709715,453753
709664,453753
709712,453753
709536,453753
709799,453753
709679,453753
709754,453753
709715,453753
709635,453753
709402,453753
709450,453753
709549,453753
709738,453753
709751,453753
709690,453753
709721,453753
709749,453753
709675,453753
709572,453753
709554,453753
709644,453753
709691,453753
709667,453753
709633,453753
709677,453753
709649,453753
709686,453753
709691,453753
709685,453753
709635,453753
709708,453753
709733,453753
709754,453753
709736,453753
709671,453753
709461,453753
709529,453753
709631,453753
709690,453753
709719,453753
709753,453753
709754,453753
709780,453753
709467,453753
709568,453753
709652,453753
709502,453753
709655,453753
709692,453753
709481,453753
709577,453753
709520,453753
709718,453753
709754,453753
709764,453753
709698,453753
709647,453753
709702,453753
709667,453753
709602,453753
709617,453753
709573,453753
709385,453753
709731,453753
709721,453753
709813,453753
709765,453753
709746,453753
709820,453753
709733,453753
709757,453753
709697,453753
709511,453753
709694,453753
709790,453753
709816,453753
709809,453753
709742,453753
709788,453753
709816,453753
709746,453753
709739,453753
709538,453753
709491,453753
709724,453753
708818,453753
709707,453753
709619,453753
709705,453753
709682,453753
709671,453753
709772,453753
709622,453753
709633,453753
709553,453753
709514,453753
709544,453753
709533,453753
709688,453753
709710,453753
709738,453753
709691,453753
709725,453753
709661,453753
709591,453753
709477,453753
709442,453753
709478,453753
709693,453753
709691,453753
709618,453753
709511,453753
709565,453753
709769,453753
709623,453753
709682,453753
709699,453753
709667,453753
709617,453753
709659,453753
709530,453753
709700,453753
709563,453753
709689,453753
709604,453753
709699,453753
709512,453753
709686,453753
709735,453753
709729,453753
709509,453753
709676,453753
709337,453753
709209,453753
709611,453753
709554,453753
709555,453753
709478,453753
709646,453753
709618,453753
709692,453753
709711,453753
709710,453753
709754,453753
709726,453753
709698,453753
709699,453753
709703,453753
709751,453753
709749,453753
709768,453753
709667,453753
709638,453753
709689,453753
709722,453753
709832,453753
709824,453753
709780,453753
709755,453753
709733,453753
709737,453753
709688,453753
709610,453753
709708,453753
709713,453753
709694,453753
709747,453753
709669,453753
709730,453753
709623,453753
709595,453753
709616,453753
709603,453753
708663,453753
708800,453753
709685,453753
709631,453753
709793,453753
709758,453753
709779,453753
709754,453753
709735,453753
709794,453753
709772,453753
709505,453753
709164,453753
709286,453753
709072,453753
709291,453753
709485,453753
709696,453753
709634,453753
709611,453753
709739,453753
709678,453753
709439,453753
709676,453753
709700,453753
709613,453753
709718,453753
709641,453753
709566,453753
709661,453753
709691,453753
709752,453753
709735,453753
709576,453753
709622,453753
709350,453753
709321,453753
709497,453753
709373,453753
709808,453753
709754,453753
709711,453753
709743,453753
709603,453753
709748,453753
709788,453753
709768,453753
709766,453753
709790,453753
709691,453753
709580,453753
709532,453753
709824,453753
709812,453753
709794,453753
709619,453753
709647,453753
709594,453753
709704,453753
709593,453753
709765,453753
709806,453753
709684,453753
709702,453753
709694,453753
709682,453753
709687,453753
709734,453753
709450,453753
709479,453753
709715,453753
709670,453753
709577,453753
709594,453753
709555,453753
709632,453753
709677,453753
709416,453753
709677,453753
709753,453753
709575,453753
709270,453753
709609,453753
709626,453753
709579,453753
709617,453753
709168,453753
709700,453753
709655,453753
709634,453753
709289,453753
709626,453753
709572,453753
709592,453753
709539,453753
709720,453753
709748,453753
709617,453753
709499,453753
709632,453753
709570,453753
709705,453753
709704,453753
709603,453753
709699,453753
709740,453753
709670,453753
709664,453753
709764,453753
709788,453753
709787,453753
709790,453753
709763,453753
709814,453753
709777,453753
709682,453753
709633,453753
709799,453753
709740,453753
709774,453753
709735,453753
709844,453753
709706,453753
709762,453753
709776,453753
709710,453753
709737,453753
709663,453753
709784,453753
709763,453753
709671,453753
709494,453753
709231,453753
709013,453753
709555,453753
709701,453753
709562,453753
709589,453753
709670,453753
709720,453753
709753,453753
709659,453753
709676,453753
709602,453753
709527,453753
709606,453753
709643,453753
709625,453753
709519,453753
709195,453753
709634,453753
709685,453753
709722,453753
709669,453753
709696,453753
709575,453753
709696,453753
709750,453753
709535,453753
709497,453753
709643,453753
709235,453753
709272,453753
709638,453753
709568,453753
709670,453753
709562,453753
709606,453753
708771,453753
709696,453753
709711,453753
709730,453753
709825,453753
709824,453753
709786,453753
709817,453753
709828,453753
709733,453753
709683,453753
709784,453753
709809,453753
709727,453753
709762,453753
709662,453753
709730,453753
709713,453753
709770,453753
709623,453753
709726,453753
709722,453753
709641,453753
709659,453753
709718,453753
709655,453753
709676,453753
709553,453753
709210,453753
709509,453753
709488,453753
708867,453753
709301,453753
709489,453753
709662,453753
709556,453753
709390,453753
709424,453753
709364,453753
709583,453753
709710,453753
709671,453753
709559,453753
709516,453753
709682,453753
709613,453753
709584,453753
709560,453753
709319,453753
709461,453753
709712,453753
709676,453753
709744,453753
709707,453753
709690,453753
709791,453753
709149,453753
709610,453753
709621,453753
709657,453753
709718,453753
709741,453753
709741,453753
709679,453753
709757,453753
709789,453753
709779,453753
709778,453753
709691,453753
709517,453753
709569,453753
709665,453753
709696,453753
709743,453753
709582,453753
709750,453753
709718,453753
709726,453753
709712,453753
709569,453753
709671,453753
709648,453753
709753,453753
709443,453753
709685,453753
709716,453753
709678,453753
709730,453753
709616,453753
709644,453753
709593,453753
709606,453753
709441,453753
708795,453753
709588,453753
709647,453753
709669,453753
709751,453753
709765,453753
709613,453753
709511,453753
709645,453753
709710,453753
709468,453753
709494,453753
709759,453753
709678,453753
709723,453753
709685,453753
709577,453753
709460,453753
709496,453753
709608,453753
709793,453753
709663,453753
709796,453753
709769,453753
709644,453753
709687,453753
709747,453753
709691,453753
709812,453753
709803,453753
709731,453753
709618,453753
709535,453753
709648,453753
709644,453753
709734,453753
709715,453753
709174,453753
708066,453753
708376,453753
709647,453753
709716,453753
709707,453753
709661,453753
709698,453753
709510,453753
709712,453753
709719,453753
709736,453753
709583,453753
709684,453753
709643,453753
709124,453753
709537,453753
709700,453753
709601,453753
709734,453753
709637,453753
709645,453753
709779,453753
709736,453753
709673,453753
709591,453753
709697,453753
709540,453753
709605,453753
709645,453753
709780,453753
709636,453753
709656,453753
709610,453753
709415,453753
709483,453753
709740,453753
709722,453753
709762,453753
709778,453753
709797,453753
709646,453753
709749,453753
709737,453753
709726,453753
709760,453753
709768,453753
709688,453753
709652,453753
709773,453753
709758,453753
709708,453753
709767,453753
709786,453753
709761,453753
709718,453753
709575,453753
709763,453753
709636,453753
709792,453753
709519,453753
709626,453753
709365,453753
709246,453753
709718,453753
709607,453753
709677,453753
709766,453753
709654,453753
709664,453753
709715,453753
709724,453753
709753,453753
709716,453753
709589,453753
709533,453753
709661,453753
709605,453753
709698,453753
709749,453753
709692,453753
709557,453753
709673,453753
709630,453753
709757,453753
709702,453753
709613,453753
709740,453753
709736,453753
709809,453753
709717,453753
709807,453753
709654,453753
709659,453753
709744,453753
709754,453753
709755,453753
709708,453753
709732,453753
709736,453753
709725,453753
709714,453753
709758,453753
709615,453753
709629,453753
709683,453753
709698,453753
709720,453753
709623,453753
709418,453753
709210,453753
709583,453753
709699,453753
709735,453753
709526,453753
709667,453753
709575,453753
709643,453753
709614,453753
709711,453753
709612,453753
708684,453753
709731,453753
709738,453753
709645,453753
709687,453753
709560,453753
709616,453753
709660,453753
709600,453753
709384,453753
709688,453753
709681,453753
709740,453753
709740,453753
709784,453753
709704,453753
709747,453753
709687,453753
709776,453753
709707,453753
709827,453753
709690,453753
709644,453753
709117,453753
709747,453753
709467,453753
709327,453753
709624,453753
709593,453753
709800,453753
709696,453753
709697,453753
709847,453753
709765,453753
709738,453753
709638,453753
709616,453753
709693,453753
709741,453753
709651,453753
709650,453753
709677,453753
707097,453753
703271,453753
708410,453753
709563,453753
709515,453753
709500,453753
709713,453753
709580,453753
709663,453753
709766,453753
709645,453753
709117,453753
709485,453753
709546,453753
709670,453753
709767,453753
709627,453753
709575,453753
709501,453753
709634,453753
709654,453753
709716,453753
709726,453753
709726,453753
709814,453753
709712,453753
709493,453753
709795,453753
709740,453753
709814,453753
709795,453753
709710,453753
709722,453753
709772,453753
709813,453753
709744,453753
709648,453753
709742,453753
709730,453753
709698,453753
709695,453753
709705,453753
709757,453753
709675,453753
709650,453753
709463,453753
708822,453753
709544,453753
709642,453753
709449,453753
709562,453753
709570,453753
709582,453753
709622,453753
709665,453753
709749,453753
709703,453753
709602,453753
709728,453753
709669,453753
709506,453753
709502,453753
709735,453753
709663,453753
709582,453753
709724,453753
709678,453753
709673,453753
709728,453753
709565,453753
709596,453753
709765,453753
709786,453753
709609,453753
709466,453753
709812,453753
709828,453753
709818,453753
709807,453753
709662,453753
709546,453753
709807,453753
709679,453753
709716,453753
709815,453753
709738,453753
709778,453753
709746,453753
709725,453753
709712,453753
709711,453753
709741,453753
709619,453753
709554,453753
709429,453753
709633,453753
709628,453753
709579,453753
709635,453753
709795,453753
709706,453753
709686,453753
709611,453753
709550,453753
709659,453753
709745,453753
709665,453753
709729,453753
709725,453753
709772,453753
709841,453753
709822,453753
709757,453753
709681,453753
709756,453753
709702,453753
709754,453753
709800,453753
709770,453753
709709,453753
709739,453753
709815,453753
709714,453753
709537,453753
709516,453753
709525,453753
709661,453753
709721,453753
709404,453753
709720,453753
709642,453753
709619,453753
709621,453753
709606,453753
709595,453753
709686,453753
709643,453753
709662,453753
709713,453753
709697,453753
709756,453753
709723,453753
709641,453753
709819,453753
709786,453753
709795,453753
709740,453753
709628,453753
709688,453753
709832,453753
709796,453753
709725,453753
709830,453753
709787,453753
709710,453753
709441,453753
709726,453753
709462,453753
709708,453753
709705,453753
709754,453753
709704,453753
709617,453753
709713,453753
709791,453753
709304,453753
709483,453753
709575,453753
709707,453753
709194,453753
709719,453753
709706,453753
709777,453753
709845,453753
709770,453753
709824,453753
709792,453753
709707,453753
709762,453753
709572,453753
709636,453753
709823,453753
709763,453753
709765,453753
709752,453753
709738,453753
709755,453753
709793,453753
709687,453753
709697,453753
709759,453753
709615,453753
709519,453753
709792,453753
709725,453753
709768,453753
709668,453753
709699,453753
709704,453753
709678,453753
709274,453753
709431,453753
709614,453753
709668,453753
709733,453753
709800,453753
709723,453753
709739,453753
709747,453753
709773,453753
709785,453753
709659,453753
709477,453753
709734,453753
709775,453753
709643,453753
709546,453753
709810,453753
709824,453753
709861,453753
709729,453753
709613,453753
709559,453753
709584,453753
709803,453753
709744,453753
709614,453753
709372,453753
709377,453753
709122,453753
709744,453753
709672,453753
709831,453753
709473,453753
709700,453753
709749,453753
709761,453753
709783,453753
709808,453753
709753,453753
709787,453753
709732,453753
709708,453753
709584,453753
709657,453753
709831,453753
709860,453753
709853,453753
709769,453753
709785,453753
709752,453753
709641,453753
709736,453753
709730,453753
709688,453753
709668,453753
709626,453753
709712,453753
709588,453753
709607,453753
709685,453753
709619,453753
709475,453753
709672,453753
709754,453753
709763,453753
709679,453753
709713,453753
709797,453753
709713,453753
709808,453753
709747,453753
709792,453753
709775,453753
709717,453753
709780,453753
709825,453753
709751,453753
709707,453753
709558,453753
709018,453753
709696,453753
709638,453753
709684,453753
709520,453753
709223,453753
709641,453753
709772,453753
709666,453753
709361,453753
709528,453753
709538,453753
709102,453753
709615,453753
709705,453753
709773,453753
709632,453753
709817,453753
709045,453753
709377,453753
709605,453753
709619,453753
709798,453753
709609,453753
709786,453753
709802,453753
709793,453753
709758,453753
709727,453753
709808,453753
709733,453753
709692,453753
709589,453753
709331,453753
709324,453753
709667,453753
709698,453753
709719,453753
709635,453753
709677,453753
709745,453753
709772,453753
709805,453753
709775,453753
709812,453753
709799,453753
709737,453753
709621,453753
709811,453753
709816,453753
709764,453753
709708,453753
709784,453753
709755,453753
709687,453753
709673,453753
709698,453753
709710,453753
709793,453753
709832,453753
709707,453753
709636,453753
709501,453753
709772,453753
709746,453753
709758,453753
709817,453753
709730,453753
709368,453753
709693,453753
709763,453753
709747,453753
709432,453753
709462,453753
709810,453753
709759,453753
709803,453753
709917,453546
