TRACE,NSNPS_JACKKNIFE
709417,453753
709403,453753
709321,453753
709338,453753
709305,453753
709369,453753
709261,453753
709218,453753
709312,453753
709268,453753
709305,453753
709136,453753
709387,453753
709340,453753
709369,453753
709352,453753
709225,453753
708955,453753
709050,453753
709158,453753
709352,453753
709378,453753
709297,453753
709338,453753
709380,453753
709324,453753
709191,453753
709178,453753
709303,453753
709317,453753
709291,453753
709254,453753
709266,453753
709246,453753
709283,453753
709305,453753
709258,453753
709216,453753
709318,453753
709331,453753
709370,453753
709322,453753
709255,453753
709084,453753
709175,453753
709267,453753
709319,453753
709352,453753
709368,453753
709360,453753
709354,453753
709106,453753
709171,453753
709283,453753
709115,453753
709245,453753
709277,453753
709115,453753
709188,453753
709165,453753
709312,453753
709376,453753
709363,453753
709317,453753
709264,453753
709332,453753
709306,453753
709227,453753
709236,453753
709227,453753
708961,453753
709327,453753
709318,453753
709381,453753
709361,453753
709377,453753
709404,453753
709345,453753
709420,453753
709334,453753
709126,453753
709325,453753
709387,453753
709455,453753
709426,453753
709357,453753
709407,453753
709397,453753
709338,453753
709318,453753
709185,453753
709145,453753
709305,453753
708495,453753
709330,453753
709221,453753
709315,453753
709317,453753
709305,453753
709397,453753
709217,453753
709224,453753
709190,453753
709106,453753
709135,453753
709170,453753
709320,453753
709326,453753
709307,453753
709299,453753
709346,453753
709283,453753
709204,453753
709074,453753
709066,453753
709087,453753
709308,453753
709306,453753
709220,453753
709137,453753
709188,453753
709386,453753
709209,453753
709283,453753
709305,453753
709280,453753
709239,453753
709273,453753
709205,453753
709279,453753
709182,453753
709268,453753
709250,453753
709306,453753
709183,453753
709296,453753
709336,453753
709380,453753
709155,453753
709301,453753
709015,453753
708857,453753
709262,453753
709201,453753
709130,453753
709165,453753
709240,453753
709256,453753
709300,453753
709314,453753
709324,453753
709389,453753
709350,453753
709316,453753
709302,453753
709311,453753
709354,453753
709353,453753
709388,453753
709307,453753
709239,453753
709305,453753
709359,453753
709428,453753
709436,453753
709394,453753
709350,453753
709383,453753
709371,453753
709299,453753
709163,453753
709310,453753
709327,453753
709322,453753
709348,453753
709308,453753
709338,453753
709229,453753
709181,453753
709209,453753
709170,453753
708286,453753
708448,453753
709266,453753
709189,453753
709382,453753
709365,453753
709395,453753
709352,453753
709357,453753
709422,453753
709411,453753
709093,453753
708840,453753
708851,453753
708762,453753
708953,453753
709135,453753
709297,453753
709260,453753
709251,453753
709351,453753
709306,453753
709072,453753
709276,453753
709312,453753
709249,453753
709305,453753
709252,453753
709044,453753
709269,453753
709313,453753
709360,453753
709347,453753
709213,453753
709254,453753
708836,453753
708918,453753
709094,453753
709009,453753
709423,453753
709380,453753
709316,453753
709314,453753
709216,453753
709346,453753
709388,453753
709372,453753
709385,453753
709395,453753
709240,453753
709098,453753
709134,453753
709428,453753
709440,453753
709359,453753
709279,453753
709267,453753
709094,453753
709316,453753
709229,453753
709352,453753
709406,453753
709340,453753
709326,453753
709301,453753
709298,453753
709294,453753
709329,453753
709170,453753
709063,453753
709324,453753
709269,453753
709173,453753
709192,453753
709199,453753
709262,453753
709267,453753
709003,453753
709284,453753
709389,453753
709202,453753
708826,453753
709236,453753
709263,453753
709196,453753
709252,453753
708687,453753
709325,453753
709297,453753
709253,453753
709057,453753
709248,453753
709232,453753
709207,453753
709153,453753
709354,453753
709336,453753
709248,453753
709066,453753
709293,453753
709228,453753
709361,453753
709320,453753
709227,453753
709329,453753
709386,453753
709277,453753
709294,453753
709371,453753
709418,453753
709400,453753
709372,453753
709370,453753
709411,453753
709353,453753
709295,453753
709302,453753
709403,453753
709351,453753
709389,453753
709372,453753
709461,453753
709274,453753
709367,453753
709356,453753
709311,453753
709362,453753
709318,453753
709367,453753
709381,453753
709249,453753
709120,453753
708839,453753
708678,453753
709158,453753
709267,453753
709153,453753
709182,453753
709201,453753
709271,453753
709343,453753
709264,453753
709303,453753
709202,453753
709161,453753
709198,453753
709237,453753
709277,453753
709193,453753
708659,453753
709226,453753
709290,453753
709326,453753
709303,453753
709318,453753
709174,453753
709270,453753
709348,453753
709164,453753
709065,453753
709257,453753
708835,453753
708847,453753
709296,453753
709148,453753
709351,453753
709124,453753
709223,453753
708589,453753
709295,453753
709306,453753
709322,453753
709434,453753
709420,453753
709397,453753
709438,453753
709438,453753
709345,453753
709320,453753
709350,453753
709395,453753
709340,453753
709392,453753
709301,453753
709361,453753
709302,453753
709381,453753
709248,453753
709314,453753
709330,453753
709258,453753
709295,453753
709330,453753
709271,453753
709293,453753
709178,453753
708727,453753
709123,453753
709064,453753
708447,453753
708924,453753
709183,453753
709248,453753
709181,453753
708990,453753
709020,453753
709017,453753
709192,453753
709306,453753
709261,453753
709152,453753
709157,453753
709311,453753
709270,453753
709205,453753
709201,453753
708961,453753
709072,453753
709335,453753
709256,453753
709314,453753
709342,453753
709300,453753
709413,453753
708787,453753
709233,453753
709222,453753
709290,453753
709346,453753
709377,453753
709394,453753
709310,453753
709346,453753
709391,453753
709369,453753
709371,453753
709312,453753
709129,453753
709206,453753
709281,453753
709316,453753
709354,453753
709247,453753
709376,453753
709334,453753
709346,453753
709328,453753
709104,453753
709281,453753
709294,453753
709340,453753
709016,453753
709312,453753
709339,453753
709293,453753
709320,453753
709240,453753
709243,453753
709208,453753
709210,453753
709067,453753
708447,453753
709209,453753
709271,453753
709339,453753
709392,453753
709365,453753
709215,453753
709135,453753
709232,453753
709297,453753
709100,453753
709119,453753
709347,453753
709291,453753
709338,453753
709304,453753
709153,453753
709121,453753
709101,453753
709244,453753
709382,453753
709214,453753
709437,453753
709349,453753
709279,453753
709290,453753
709399,453753
709251,453753
709443,453753
709407,453753
709381,453753
709224,453753
709135,453753
709235,453753
709233,453753
709344,453753
709357,453753
709025,453753
708244,453753
708498,453753
709295,453753
709279,453753
709341,453753
709239,453753
709303,453753
709128,453753
709343,453753
709314,453753
709313,453753
709161,453753
709290,453753
709269,453753
708767,453753
709185,453753
709288,453753
709223,453753
709290,453753
709223,453753
709240,453753
709359,453753
709378,453753
709260,453753
709161,453753
709260,453753
709140,453753
709198,453753
709241,453753
709373,453753
709197,453753
709244,453753
709224,453753
709074,453753
709079,453753
709341,453753
709343,453753
709384,453753
709352,453753
709403,453753
709257,453753
709339,453753
709343,453753
709320,453753
709376,453753
709348,453753
709297,453753
709303,453753
709396,453753
709403,453753
709296,453753
709377,453753
709390,453753
709370,453753
709325,453753
709245,453753
709378,453753
709223,453753
709369,453753
709149,453753
709268,453753
709022,453753
708886,453753
709309,453753
709161,453753
709284,453753
709389,453753
709291,453753
709294,453753
709341,453753
709324,453753
709364,453753
709333,453753
709185,453753
709089,453753
709266,453753
709269,453753
709272,453753
709339,453753
709286,453753
709172,453753
709315,453753
709216,453753
709336,453753
709295,453753
709263,453753
709317,453753
709319,453753
709370,453753
709339,453753
709415,453753
709263,453753
709293,453753
709361,453753
709388,453753
709350,453753
709321,453753
709361,453753
709337,453753
709314,453753
709344,453753
709378,453753
709154,453753
709190,453753
709289,453753
709286,453753
709332,453753
709224,453753
709039,453753
708715,453753
709217,453753
709294,453753
709310,453753
709110,453753
709271,453753
709223,453753
709257,453753
709239,453753
709328,453753
709237,453753
708233,453753
709369,453753
709346,453753
709222,453753
709310,453753
709152,453753
709190,453753
709289,453753
709194,453753
709029,453753
709275,453753
709274,453753
709360,453753
709347,453753
709402,453753
709327,453753
709343,453753
709297,453753
709366,453753
709344,453753
709429,453753
709324,453753
709272,453753
708592,453753
709377,453753
709100,453753
708905,453753
709203,453753
709207,453753
709382,453753
709301,453753
709333,453753
709432,453753
709399,453753
709337,453753
709211,453753
709199,453753
709284,453753
709349,453753
709262,453753
709223,453753
709288,453753
706702,453753
702797,453753
708006,453753
709146,453753
709115,453753
709087,453753
709326,453753
709190,453753
709293,453753
709369,453753
709253,453753
708749,453753
709101,453753
709161,453753
709247,453753
709393,453753
709244,453753
709165,453753
709147,453753
709256,453753
709280,453753
709318,453753
709329,453753
709318,453753
709421,453753
709339,453753
709151,453753
709413,453753
709353,453753
709398,453753
709422,453753
709322,453753
709335,453753
709376,453753
709446,453753
709376,453753
709225,453753
709356,453753
709329,453753
709291,453753
709285,453753
709305,453753
709352,453753
709264,453753
709261,453753
709056,453753
708404,453753
709155,453753
709280,453753
709057,453753
709191,453753
709246,453753
709218,453753
709226,453753
709276,453753
709367,453753
709298,453753
709252,453753
709337,453753
709253,453753
709025,453753
709095,453753
709327,453753
709291,453753
709200,453753
709310,453753
709326,453753
709278,453753
709339,453753
709232,453753
709170,453753
709389,453753
709410,453753
709250,453753
709034,453753
709411,453753
709458,453753
709403,453753
709406,453753
709306,453753
709172,453753
709419,453753
709290,453753
709294,453753
709384,453753
709402,453753
709416,453753
709326,453753
709332,453753
709300,453753
709282,453753
709381,453753
709249,453753
709184,453753
709030,453753
709217,453753
709186,453753
709185,453753
709277,453753
709404,453753
709287,453753
709245,453753
709266,453753
709166,453753
709243,453753
709325,453753
709293,453753
709348,453753
709365,453753
709333,453753
709456,453753
709427,453753
709389,453753
709306,453753
709386,453753
709276,453753
709357,453753
709402,453753
709387,453753
709336,453753
709372,453753
709420,453753
709285,453753
709201,453753
709107,453753
709101,453753
709259,453753
709326,453753
708852,453753
709337,453753
709249,453753
709244,453753
709239,453753
709226,453753
709160,453753
709317,453753
709239,453753
709280,453753
709268,453753
709327,453753
709342,453753
709359,453753
709313,453753
709439,453753
709359,453753
709395,453753
709319,453753
709205,453753
709350,453753
709459,453753
709394,453753
709320,453753
709423,453753
709403,453753
709291,453753
709091,453753
709331,453753
709090,453753
709298,453753
709319,453753
709393,453753
709326,453753
709201,453753
709304,453753
709396,453753
708808,453753
709136,453753
709167,453753
709302,453753
708800,453753
709326,453753
709279,453753
709406,453753
709456,453753
709387,453753
709451,453753
709415,453753
709316,453753
709411,453753
709236,453753
709228,453753
709450,453753
709385,453753
709394,453753
709338,453753
709348,453753
709341,453753
709404,453753
709292,453753
709327,453753
709384,453753
709202,453753
709152,453753
709409,453753
709335,453753
709355,453753
709276,453753
709299,453753
709352,453753
709312,453753
708891,453753
709013,453753
709222,453753
709300,453753
709400,453753
709398,453753
709333,453753
709362,453753
709339,453753
709402,453753
709419,453753
709222,453753
709071,453753
709358,453753
709399,453753
709279,453753
709224,453753
709430,453753
709420,453753
709431,453753
709344,453753
709216,453753
709178,453753
709125,453753
709407,453753
709318,453753
709195,453753
708980,453753
709071,453753
708669,453753
709387,453753
709264,453753
709434,453753
709092,453753
709274,453753
709359,453753
709379,453753
709390,453753
709439,453753
709354,453753
709432,453753
709340,453753
709327,453753
709234,453753
709305,453753
709417,453753
709465,453753
709470,453753
709374,453753
709423,453753
709386,453753
709264,453753
709333,453753
709358,453753
709311,453753
709308,453753
709274,453753
709286,453753
709189,453753
709206,453753
709306,453753
709274,453753
709112,453753
709309,453753
709355,453753
709377,453753
709306,453753
709299,453753
709396,453753
709309,453753
709396,453753
709352,453753
709408,453753
709376,453753
709351,453753
709397,453753
709421,453753
709362,453753
709300,453753
709172,453753
708672,453753
709229,453753
709242,453753
709330,453753
709101,453753
708752,453753
709195,453753
709357,453753
709282,453753
708971,453753
709141,453753
709149,453753
708743,453753
709228,453753
709328,453753
709369,453753
709247,453753
709428,453753
708598,453753
709009,453753
709148,453753
709196,453753
709407,453753
709197,453753
709436,453753
709409,453753
709417,453753
709376,453753
709339,453753
709419,453753
709334,453753
709281,453753
709196,453753
708979,453753
708875,453753
709301,453753
709327,453753
709364,453753
709252,453753
709306,453753
709357,453753
709403,453753
709409,453753
709407,453753
709429,453753
709429,453753
709364,453753
709255,453753
709450,453753
709437,453753
709389,453753
709384,453753
709375,453753
709365,453753
709304,453753
709268,453753
709301,453753
709285,453753
709380,453753
709444,453753
709341,453753
709273,453753
709114,453753
709376,453753
709357,453753
709345,453753
709424,453753
709333,453753
708976,453753
709309,453753
709388,453753
709331,453753
709006,453753
709121,453753
709432,453753
709367,453753
709412,453753
709444,453546
