TRACE,NSNPS_JACKKNIFE
710462,453753
710434,453753
710356,453753
710398,453753
710339,453753
710395,453753
710315,453753
710288,453753
710365,453753
710307,453753
710358,453753
710165,453753
710432,453753
710334,453753
710414,453753
710389,453753
710276,453753
710010,453753
710104,453753
710219,453753
710371,453753
710415,453753
710294,453753
710376,453753
710404,453753
710341,453753
710229,453753
710229,453753
710340,453753
710299,453753
710326,453753
710309,453753
710298,453753
710243,453753
710349,453753
710366,453753
710307,453753
710218,453753
710356,453753
710355,453753
710385,453753
710381,453753
710298,453753
710111,453753
710131,453753
710253,453753
710357,453753
710382,453753
710413,453753
710410,453753
710423,453753
710117,453753
710237,453753
710279,453753
710171,453753
710360,453753
710311,453753
710117,453753
710250,453753
710206,453753
710365,453753
710412,453753
710415,453753
710369,453753
710301,453753
710346,453753
710347,453753
710273,453753
710298,453753
710255,453753
709982,453753
710361,453753
710395,453753
710446,453753
710414,453753
710398,453753
710460,453753
710371,453753
710446,453753
710361,453753
710176,453753
710363,453753
710408,453753
710462,453753
710453,453753
710402,453753
710455,453753
710446,453753
710375,453753
710375,453753
710219,453753
710107,453753
710370,453753
709415,453753
710329,453753
710246,453753
710336,453753
710354,453753
710331,453753
710429,453753
710261,453753
710283,453753
710259,453753
710139,453753
710186,453753
710196,453753
710362,453753
710358,453753
710349,453753
710337,453753
710408,453753
710299,453753
710233,453753
710134,453753
710102,453753
710149,453753
710346,453753
710318,453753
710250,453753
710188,453753
710178,453753
710433,453753
710222,453753
710305,453753
710356,453753
710314,453753
710236,453753
710263,453753
710231,453753
710327,453753
710234,453753
710311,453753
710267,453753
710363,453753
710204,453753
710323,453753
710375,453753
710408,453753
710202,453753
710335,453753
709998,453753
709824,453753
710297,453753
710251,453753
710231,453753
710159,453753
710297,453753
710296,453753
710323,453753
710361,453753
710357,453753
710388,453753
710426,453753
710344,453753
710412,453753
710346,453753
710371,453753
710365,453753
710443,453753
710363,453753
710269,453753
710339,453753
710396,453753
710475,453753
710463,453753
710426,453753
710393,453753
710394,453753
710374,453753
710343,453753
710250,453753
710363,453753
710359,453753
710344,453753
710396,453753
710311,453753
710344,453753
710298,453753
710220,453753
710285,453753
710245,453753
709473,453753
709526,453753
710339,453753
710222,453753
710439,453753
710411,453753
710417,453753
710395,453753
710346,453753
710481,453753
710400,453753
710150,453753
709843,453753
709921,453753
709747,453753
709947,453753
710171,453753
710343,453753
710284,453753
710253,453753
710387,453753
710357,453753
710070,453753
710316,453753
710328,453753
710303,453753
710348,453753
710245,453753
710144,453753
710273,453753
710350,453753
710375,453753
710390,453753
710201,453753
710284,453753
709889,453753
709966,453753
710169,453753
710028,453753
710428,453753
710409,453753
710360,453753
710359,453753
710271,453753
710397,453753
710444,453753
710409,453753
710422,453753
710425,453753
710275,453753
710156,453753
710225,453753
710472,453753
710437,453753
710426,453753
710313,453753
710315,453753
710166,453753
710321,453753
710281,453753
710407,453753
710444,453753
710354,453753
710354,453753
710312,453753
710325,453753
710351,453753
710382,453753
710179,453753
710105,453753
710354,453753
710315,453753
710252,453753
710253,453753
710242,453753
710262,453753
710305,453753
710085,453753
710324,453753
710392,453753
710221,453753
709862,453753
710246,453753
710289,453753
710246,453753
710267,453753
709853,453753
710369,453753
710313,453753
710317,453753
710096,453753
710281,453753
710228,453753
710237,453753
710196,453753
710376,453753
710382,453753
710270,453753
710073,453753
710274,453753
710235,453753
710360,453753
710322,453753
710236,453753
710392,453753
710386,453753
710292,453753
710332,453753
710439,453753
710426,453753
710426,453753
710423,453753
710399,453753
710431,453753
710415,453753
710354,453753
710364,453753
710476,453753
710402,453753
710429,453753
710391,453753
710493,453753
710363,453753
710403,453753
710413,453753
710357,453753
710385,453753
710332,453753
710427,453753
710420,453753
710327,453753
710134,453753
709874,453753
709716,453753
710259,453753
710319,453753
710216,453753
710250,453753
710284,453753
710353,453753
710383,453753
710288,453753
710378,453753
710321,453753
710241,453753
710280,453753
710300,453753
710294,453753
710196,453753
709779,453753
710257,453753
710347,453753
710380,453753
710316,453753
710368,453753
710221,453753
710405,453753
710391,453753
710185,453753
710091,453753
710275,453753
709952,453753
709916,453753
710373,453753
710201,453753
710362,453753
710279,453753
710287,453753
709527,453753
710358,453753
710363,453753
710372,453753
710477,453753
710475,453753
710432,453753
710459,453753
710450,453753
710373,453753
710374,453753
710370,453753
710439,453753
710394,453753
710421,453753
710343,453753
710403,453753
710345,453753
710410,453753
710315,453753
710391,453753
710353,453753
710340,453753
710320,453753
710383,453753
710287,453753
710342,453753
710206,453753
709844,453753
710223,453753
710199,453753
709582,453753
709957,453753
710153,453753
710273,453753
710214,453753
710076,453753
710073,453753
709998,453753
710227,453753
710355,453753
710279,453753
710174,453753
710199,453753
710329,453753
710270,453753
710173,453753
710161,453753
710043,453753
710048,453753
710354,453753
710332,453753
710367,453753
710336,453753
710330,453753
710430,453753
709760,453753
710246,453753
710274,453753
710309,453753
710387,453753
710370,453753
710377,453753
710355,453753
710393,453753
710457,453753
710430,453753
710424,453753
710373,453753
710149,453753
710231,453753
710315,453753
710343,453753
710391,453753
710245,453753
710414,453753
710368,453753
710399,453753
710382,453753
710199,453753
710332,453753
710317,453753
710410,453753
710035,453753
710343,453753
710366,453753
710354,453753
710365,453753
710305,453753
710303,453753
710263,453753
710259,453753
710107,453753
709384,453753
710242,453753
710286,453753
710353,453753
710425,453753
710438,453753
710257,453753
710174,453753
710288,453753
710347,453753
710132,453753
710171,453753
710400,453753
710316,453753
710346,453753
710297,453753
710222,453753
710163,453753
710177,453753
710272,453753
710424,453753
710319,453753
710453,453753
710399,453753
710289,453753
710330,453753
710400,453753
710327,453753
710472,453753
710448,453753
710395,453753
710299,453753
710190,453753
710270,453753
710266,453753
710391,453753
710380,453753
710075,453753
709234,453753
709530,453753
710302,453753
710352,453753
710402,453753
710310,453753
710366,453753
710186,453753
710393,453753
710360,453753
710380,453753
710211,453753
710341,453753
710278,453753
709811,453753
710171,453753
710332,453753
710318,453753
710342,453753
710253,453753
710300,453753
710405,453753
710424,453753
710280,453753
710203,453753
710312,453753
710141,453753
710230,453753
710329,453753
710428,453753
710320,453753
710293,453753
710269,453753
710101,453753
710125,453753
710362,453753
710396,453753
710402,453753
710396,453753
710448,453753
710317,453753
710363,453753
710392,453753
710380,453753
710427,453753
710390,453753
710337,453753
710353,453753
710424,453753
710410,453753
710315,453753
710395,453753
710429,453753
710396,453753
710391,453753
710291,453753
710398,453753
710315,453753
710444,453753
710195,453753
710301,453753
710025,453753
709821,453753
710362,453753
710261,453753
710331,453753
710417,453753
710308,453753
710353,453753
710385,453753
710360,453753
710415,453753
710383,453753
710179,453753
710143,453753
710324,453753
710291,453753
710294,453753
710409,453753
710348,453753
710245,453753
710385,453753
710265,453753
710404,453753
710325,453753
710248,453753
710404,453753
710388,453753
710431,453753
710394,453753
710469,453753
710298,453753
710315,453753
710417,453753
710397,453753
710371,453753
710380,453753
710371,453753
710383,453753
710383,453753
710380,453753
710410,453753
710240,453753
710239,453753
710304,453753
710363,453753
710408,453753
710258,453753
710067,453753
709849,453753
710254,453753
710303,453753
710401,453753
710157,453753
710354,453753
710228,453753
710291,453753
710222,453753
710369,453753
710284,453753
709299,453753
710378,453753
710411,453753
710277,453753
710346,453753
710174,453753
710246,453753
710359,453753
710246,453753
710030,453753
710299,453753
710313,453753
710396,453753
710388,453753
710437,453753
710353,453753
710359,453753
710365,453753
710407,453753
710359,453753
710493,453753
710380,453753
710276,453753
709595,453753
710417,453753
710169,453753
709987,453753
710251,453753
710185,453753
710446,453753
710334,453753
710321,453753
710480,453753
710447,453753
710399,453753
710228,453753
710269,453753
710336,453753
710421,453753
710336,453753
710292,453753
710298,453753
707658,453753
703461,453753
709044,453753
710214,453753
710197,453753
710106,453753
710377,453753
710200,453753
710328,453753
710396,453753
710269,453753
709745,453753
710122,453753
710144,453753
710330,453753
710430,453753
710287,453753
710222,453753
710169,453753
710305,453753
710276,453753
710372,453753
710375,453753
710379,453753
710480,453753
710381,453753
710202,453753
710465,453753
710432,453753
710431,453753
710461,453753
710339,453753
710361,453753
710423,453753
710449,453753
710403,453753
710263,453753
710405,453753
710397,453753
710303,453753
710329,453753
710347,453753
710395,453753
710318,453753
710308,453753
710068,453753
709485,453753
710238,453753
710265,453753
710069,453753
710178,453753
710224,453753
710294,453753
710271,453753
710307,453753
710420,453753
710367,453753
710267,453753
710411,453753
710331,453753
710099,453753
710152,453753
710356,453753
710303,453753
710191,453753
710387,453753
710364,453753
710344,453753
710376,453753
710232,453753
710270,453753
710402,453753
710422,453753
710232,453753
710077,453753
710452,453753
710484,453753
710464,453753
710437,453753
710317,453753
710239,453753
710478,453753
710334,453753
710346,453753
710440,453753
710445,453753
710457,453753
710376,453753
710399,453753
710335,453753
710357,453753
710416,453753
710242,453753
710245,453753
710012,453753
710242,453753
710262,453753
710251,453753
710319,453753
710460,453753
710341,453753
710359,453753
710301,453753
710208,453753
710264,453753
710394,453753
710323,453753
710352,453753
710409,453753
710385,453753
710505,453753
710453,453753
710443,453753
710321,453753
710422,453753
710327,453753
710431,453753
710441,453753
710431,453753
710371,453753
710413,453753
710463,453753
710389,453753
710233,453753
710210,453753
710175,453753
710322,453753
710354,453753
709936,453753
710384,453753
710260,453753
710287,453753
710244,453753
710298,453753
710218,453753
710338,453753
710267,453753
710316,453753
710358,453753
710344,453753
710389,453753
710382,453753
710350,453753
710483,453753
710433,453753
710455,453753
710414,453753
710279,453753
710347,453753
710480,453753
710459,453753
710395,453753
710479,453753
710448,453753
710337,453753
710128,453753
710361,453753
710129,453753
710346,453753
710355,453753
710424,453753
710348,453753
710286,453753
710364,453753
710435,453753
709886,453753
710129,453753
710187,453753
710352,453753
709838,453753
710369,453753
710329,453753
710432,453753
710514,453753
710439,453753
710490,453753
710442,453753
710372,453753
710443,453753
710288,453753
710233,453753
710476,453753
710399,453753
710411,453753
710373,453753
710391,453753
710396,453753
710424,453753
710359,453753
710400,453753
710410,453753
710214,453753
710204,453753
710455,453753
710341,453753
710413,453753
710308,453753
710304,453753
710336,453753
710318,453753
709940,453753
710076,453753
710306,453753
710339,453753
710418,453753
710417,453753
710367,453753
710374,453753
710396,453753
710447,453753
710415,453753
710277,453753
710093,453753
710387,453753
710424,453753
710345,453753
710217,453753
710465,453753
710479,453753
710489,453753
710384,453753
710266,453753
710195,453753
710217,453753
710454,453753
710378,453753
710267,453753
710062,453753
710038,453753
709851,453753
710400,453753
710293,453753
710480,453753
710150,453753
710381,453753
710391,453753
710399,453753
710444,453753
710456,453753
710393,453753
710430,453753
710396,453753
710353,453753
710258,453753
710318,453753
710485,453753
710506,453753
710495,453753
710403,453753
710468,453753
710431,453753
710307,453753
710386,453753
710373,453753
710352,453753
710310,453753
710304,453753
710348,453753
710241,453753
710296,453753
710339,453753
710307,453753
710116,453753
710334,453753
710396,453753
710404,453753
710342,453753
710330,453753
710425,453753
710388,453753
710410,453753
710358,453753
710435,453753
710385,453753
710387,453753
710447,453753
710452,453753
710381,453753
710373,453753
710203,453753
709732,453753
710318,453753
710314,453753
710357,453753
710148,453753
709848,453753
710257,453753
710396,453753
710305,453753
709942,453753
710161,453753
710244,453753
709801,453753
710249,453753
710364,453753
710400,453753
710253,453753
710461,453753
709638,453753
709975,453753
710248,453753
710319,453753
710457,453753
710297,453753
710447,453753
710448,453753
710454,453753
710397,453753
710339,453753
710423,453753
710338,453753
710310,453753
710240,453753
709961,453753
709898,453753
710316,453753
710351,453753
710376,453753
710321,453753
710357,453753
710422,453753
710445,453753
710445,453753
710456,453753
710476,453753
710472,453753
710411,453753
710331,453753
710483,453753
710471,453753
710448,453753
710392,453753
710421,453753
710401,453753
710350,453753
710352,453753
710356,453753
710344,453753
710416,453753
710455,453753
710375,453753
710340,453753
710168,453753
710419,453753
710426,453753
710371,453753
710444,453753
710358,453753
710001,453753
710324,453753
710410,453753
710405,453753
710005,453753
710090,453753
710454,453753
710421,453753
710461,453753
710524,453546
