TRACE,NSNPS_JACKKNIFE
709663,453753
709645,453753
709582,453753
709625,453753
709549,453753
709599,453753
709505,453753
709533,453753
709571,453753
709503,453753
709559,453753
709436,453753
709626,453753
709541,453753
709623,453753
709572,453753
709480,453753
709181,453753
709256,453753
709388,453753
709582,453753
709608,453753
709537,453753
709572,453753
709617,453753
709592,453753
709452,453753
709387,453753
709502,453753
709542,453753
709556,453753
709502,453753
709545,453753
709475,453753
709554,453753
709564,453753
709507,453753
709473,453753
709568,453753
709617,453753
709604,453753
709581,453753
709517,453753
709285,453753
709396,453753
709477,453753
709569,453753
709541,453753
709603,453753
709627,453753
709619,453753
709353,453753
709419,453753
709480,453753
709320,453753
709533,453753
709534,453753
709332,453753
709412,453753
709438,453753
709544,453753
709624,453753
709617,453753
709590,453753
709502,453753
709574,453753
709503,453753
709446,453753
709501,453753
709451,453753
709252,453753
709575,453753
709591,453753
709639,453753
709639,453753
709626,453753
709659,453753
709593,453753
709651,453753
709569,453753
709396,453753
709564,453753
709611,453753
709676,453753
709677,453753
709618,453753
709642,453753
709657,453753
709604,453753
709578,453753
709406,453753
709350,453753
709582,453753
708757,453753
709577,453753
709436,453753
709553,453753
709561,453753
709541,453753
709613,453753
709471,453753
709513,453753
709434,453753
709363,453753
709408,453753
709418,453753
709552,453753
709559,453753
709555,453753
709547,453753
709614,453753
709535,453753
709458,453753
709369,453753
709322,453753
709410,453753
709554,453753
709531,453753
709478,453753
709396,453753
709428,453753
709633,453753
709416,453753
709537,453753
709565,453753
709540,453753
709472,453753
709510,453753
709449,453753
709539,453753
709433,453753
709550,453753
709502,453753
709520,453753
709423,453753
709512,453753
709607,453753
709582,453753
709448,453753
709543,453753
709197,453753
709074,453753
709518,453753
709425,453753
709401,453753
709377,453753
709464,453753
709502,453753
709533,453753
709581,453753
709586,453753
709585,453753
709607,453753
709562,453753
709565,453753
709519,453753
709600,453753
709603,453753
709658,453753
709574,453753
709520,453753
709500,453753
709578,453753
709675,453753
709663,453753
709654,453753
709613,453753
709603,453753
709601,453753
709535,453753
709499,453753
709547,453753
709574,453753
709557,453753
709606,453753
709548,453753
709563,453753
709468,453753
709466,453753
709496,453753
709481,453753
708511,453753
708633,453753
709525,453753
709449,453753
709641,453753
709607,453753
709616,453753
709609,453753
709550,453753
709671,453753
709628,453753
709367,453753
709064,453753
709140,453753
709016,453753
709189,453753
709383,453753
709544,453753
709456,453753
709476,453753
709602,453753
709570,453753
709318,453753
709528,453753
709506,453753
709499,453753
709531,453753
709495,453753
709302,453753
709492,453753
709557,453753
709586,453753
709606,453753
709442,453753
709474,453753
709138,453753
709134,453753
709344,453753
709181,453753
709658,453753
709626,453753
709565,453753
709584,453753
709460,453753
709621,453753
709656,453753
709607,453753
709667,453753
709627,453753
709529,453753
709387,453753
709409,453753
709669,453753
709675,453753
709654,453753
709527,453753
709490,453753
709392,453753
709535,453753
709467,453753
709613,453753
709667,453753
709589,453753
709549,453753
709562,453753
709544,453753
709539,453753
709563,453753
709360,453753
709316,453753
709575,453753
709527,453753
709437,453753
709455,453753
709433,453753
709522,453753
709517,453753
709299,453753
709511,453753
709643,453753
709391,453753
709050,453753
709444,453753
709500,453753
709433,453753
709436,453753
709167,453753
709592,453753
709543,453753
709483,453753
709258,453753
709488,453753
709465,453753
709458,453753
709369,453753
709575,453753
709589,453753
709470,453753
709300,453753
709490,453753
709443,453753
709569,453753
709553,453753
709494,453753
709579,453753
709588,453753
709466,453753
709533,453753
709603,453753
709649,453753
709675,453753
709654,453753
709588,453753
709633,453753
709614,453753
709583,453753
709570,453753
709644,453753
709631,453753
709618,453753
709588,453753
709686,453753
709535,453753
709620,453753
709600,453753
709561,453753
709579,453753
709515,453753
709632,453753
709629,453753
709562,453753
709344,453753
709004,453753
708853,453753
709398,453753
709551,453753
709453,453753
709449,453753
709497,453753
709573,453753
709597,453753
709511,453753
709537,453753
709512,453753
709431,453753
709468,453753
709468,453753
709515,453753
709437,453753
708917,453753
709509,453753
709526,453753
709585,453753
709512,453753
709555,453753
709401,453753
709542,453753
709579,453753
709387,453753
709347,453753
709541,453753
709127,453753
709080,453753
709561,453753
709442,453753
709587,453753
709452,453753
709502,453753
708616,453753
709554,453753
709548,453753
709593,453753
709669,453753
709653,453753
709637,453753
709649,453753
709678,453753
709560,453753
709582,453753
709598,453753
709633,453753
709577,453753
709624,453753
709549,453753
709618,453753
709532,453753
709614,453753
709547,453753
709605,453753
709542,453753
709510,453753
709526,453753
709556,453753
709516,453753
709526,453753
709378,453753
709075,453753
709377,453753
709356,453753
708722,453753
709231,453753
709377,453753
709490,453753
709398,453753
709271,453753
709288,453753
709259,453753
709478,453753
709572,453753
709501,453753
709463,453753
709423,453753
709534,453753
709484,453753
709445,453753
709410,453753
709254,453753
709313,453753
709532,453753
709516,453753
709547,453753
709599,453753
709526,453753
709653,453753
708974,453753
709478,453753
709480,453753
709512,453753
709578,453753
709573,453753
709623,453753
709528,453753
709604,453753
709634,453753
709633,453753
709615,453753
709570,453753
709343,453753
709435,453753
709536,453753
709563,453753
709592,453753
709454,453753
709591,453753
709565,453753
709599,453753
709549,453753
709431,453753
709526,453753
709512,453753
709630,453753
709150,453753
709486,453753
709569,453753
709567,453753
709595,453753
709467,453753
709478,453753
709473,453753
709448,453753
709335,453753
708631,453753
709437,453753
709494,453753
709595,453753
709632,453753
709627,453753
709436,453753
709351,453753
709533,453753
709582,453753
709271,453753
709338,453753
709595,453753
709535,453753
709554,453753
709536,453753
709415,453753
709365,453753
709368,453753
709496,453753
709643,453753
709488,453753
709656,453753
709613,453753
709485,453753
709563,453753
709640,453753
709518,453753
709678,453753
709687,453753
709581,453753
709445,453753
709384,453753
709503,453753
709472,453753
709584,453753
709587,453753
709145,453753
708125,453753
708403,453753
709524,453753
709574,453753
709574,453753
709510,453753
709571,453753
709414,453753
709583,453753
709582,453753
709597,453753
709379,453753
709521,453753
709513,453753
708989,453753
709373,453753
709531,453753
709490,453753
709560,453753
709481,453753
709514,453753
709619,453753
709611,453753
709518,453753
709418,453753
709504,453753
709407,453753
709434,453753
709522,453753
709611,453753
709514,453753
709485,453753
709521,453753
709334,453753
709365,453753
709590,453753
709594,453753
709636,453753
709630,453753
709634,453753
709521,453753
709629,453753
709603,453753
709589,453753
709640,453753
709604,453753
709572,453753
709545,453753
709641,453753
709642,453753
709595,453753
709633,453753
709625,453753
709621,453753
709586,453753
709492,453753
709619,453753
709505,453753
709638,453753
709439,453753
709471,453753
709302,453753
709074,453753
709544,453753
709482,453753
709534,453753
709612,453753
709545,453753
709534,453753
709615,453753
709541,453753
709596,453753
709577,453753
709426,453753
709342,453753
709544,453753
709495,453753
709515,453753
709601,453753
709567,453753
709447,453753
709559,453753
709513,453753
709604,453753
709571,453753
709464,453753
709580,453753
709563,453753
709648,453753
709563,453753
709691,453753
709476,453753
709542,453753
709611,453753
709601,453753
709622,453753
709583,453753
709601,453753
709589,453753
709570,453753
709580,453753
709609,453753
709445,453753
709442,453753
709552,453753
709562,453753
709605,453753
709470,453753
709221,453753
708943,453753
709468,453753
709513,453753
709595,453753
709393,453753
709537,453753
709458,453753
709471,453753
709471,453753
709571,453753
709458,453753
708506,453753
709587,453753
709604,453753
709488,453753
709554,453753
709439,453753
709499,453753
709530,453753
709484,453753
709234,453753
709497,453753
709493,453753
709625,453753
709567,453753
709624,453753
709574,453753
709584,453753
709605,453753
709626,453753
709590,453753
709693,453753
709589,453753
709518,453753
709017,453753
709607,453753
709319,453753
709161,453753
709485,453753
709436,453753
709615,453753
709491,453753
709589,453753
709671,453753
709636,453753
709565,453753
709404,453753
709489,453753
709527,453753
709609,453753
709555,453753
709464,453753
709526,453753
706680,453753
702513,453753
708175,453753
709439,453753
709399,453753
709351,453753
709586,453753
709435,453753
709552,453753
709627,453753
709470,453753
708936,453753
709353,453753
709389,453753
709506,453753
709634,453753
709494,453753
709433,453753
709421,453753
709491,453753
709455,453753
709579,453753
709585,453753
709588,453753
709664,453753
709598,453753
709424,453753
709667,453753
709637,453753
709624,453753
709666,453753
709577,453753
709589,453753
709648,453753
709659,453753
709637,453753
709485,453753
709588,453753
709586,453753
709555,453753
709570,453753
709569,453753
709616,453753
709535,453753
709540,453753
709302,453753
708684,453753
709422,453753
709498,453753
709299,453753
709408,453753
709481,453753
709474,453753
709430,453753
709552,453753
709635,453753
709563,453753
709499,453753
709570,453753
709529,453753
709315,453753
709369,453753
709579,453753
709536,453753
709453,453753
709570,453753
709541,453753
709533,453753
709572,453753
709466,453753
709451,453753
709599,453753
709658,453753
709484,453753
709285,453753
709676,453753
709702,453753
709659,453753
709669,453753
709510,453753
709461,453753
709680,453753
709533,453753
709581,453753
709615,453753
709643,453753
709653,453753
709564,453753
709551,453753
709584,453753
709557,453753
709602,453753
709436,453753
709390,453753
709218,453753
709436,453753
709440,453753
709410,453753
709532,453753
709654,453753
709547,453753
709571,453753
709468,453753
709401,453753
709467,453753
709607,453753
709548,453753
709582,453753
709581,453753
709610,453753
709699,453753
709679,453753
709662,453753
709530,453753
709629,453753
709514,453753
709614,453753
709663,453753
709619,453753
709584,453753
709613,453753
709671,453753
709548,453753
709443,453753
709383,453753
709392,453753
709522,453753
709546,453753
709199,453753
709599,453753
709461,453753
709455,453753
709485,453753
709492,453753
709447,453753
709598,453753
709509,453753
709541,453753
709535,453753
709561,453753
709603,453753
709577,453753
709529,453753
709681,453753
709625,453753
709635,453753
709622,453753
709471,453753
709583,453753
709701,453753
709652,453753
709597,453753
709678,453753
709618,453753
709528,453753
709303,453753
709578,453753
709329,453753
709551,453753
709540,453753
709643,453753
709565,453753
709465,453753
709555,453753
709626,453753
709121,453753
709304,453753
709395,453753
709578,453753
709062,453753
709583,453753
709564,453753
709632,453753
709707,453753
709645,453753
709668,453753
709645,453753
709586,453753
709630,453753
709450,453753
709474,453753
709676,453753
709629,453753
709604,453753
709578,453753
709605,453753
709599,453753
709647,453753
709556,453753
709578,453753
709615,453753
709413,453753
709416,453753
709640,453753
709576,453753
709618,453753
709556,453753
709551,453753
709563,453753
709559,453753
709172,453753
709253,453753
709487,453753
709548,453753
709587,453753
709635,453753
709573,453753
709619,453753
709593,453753
709673,453753
709663,453753
709472,453753
709301,453753
709567,453753
709616,453753
709548,453753
709440,453753
709653,453753
709674,453753
709682,453753
709611,453753
709437,453753
709417,453753
709368,453753
709656,453753
709621,453753
709449,453753
709220,453753
709304,453753
708857,453753
709622,453753
709512,453753
709666,453753
709307,453753
709574,453753
709607,453753
709649,453753
709619,453753
709659,453753
709642,453753
709642,453753
709553,453753
709593,453753
709462,453753
709536,453753
709695,453753
709712,453753
709730,453753
709658,453753
709679,453753
709629,453753
709491,453753
709545,453753
709562,453753
709552,453753
709548,453753
709511,453753
709548,453753
709417,453753
709472,453753
709557,453753
709531,453753
709326,453753
709521,453753
709633,453753
709612,453753
709555,453753
709550,453753
709622,453753
709593,453753
709642,453753
709585,453753
709644,453753
709599,453753
709583,453753
709602,453753
709672,453753
709577,453753
709560,453753
709450,453753
708951,453753
709513,453753
709518,453753
709546,453753
709352,453753
709045,453753
709449,453753
709590,453753
709505,453753
709176,453753
709364,453753
709422,453753
708962,453753
709440,453753
709594,453753
709613,453753
709513,453753
709689,453753
708925,453753
709233,453753
709464,453753
709507,453753
709645,453753
709491,453753
709647,453753
709686,453753
709653,453753
709617,453753
709581,453753
709652,453753
709561,453753
709532,453753
709446,453753
709248,453753
709125,453753
709473,453753
709594,453753
709584,453753
709510,453753
709547,453753
709612,453753
709648,453753
709640,453753
709674,453753
709673,453753
709683,453753
709616,453753
709491,453753
709680,453753
709662,453753
709637,453753
709617,453753
709658,453753
709595,453753
709534,453753
709555,453753
709556,453753
709546,453753
709622,453753
709681,453753
709599,453753
709529,453753
709370,453753
709621,453753
709634,453753
709609,453753
709695,453753
709564,453753
709233,453753
709578,453753
709645,453753
709610,453753
709325,453753
709380,453753
709662,453753
709634,453753
709647,453753
709678,453546
