TRACE,NSNPS_JACKKNIFE
709625,453753
709629,453753
709526,453753
709549,453753
709506,453753
709565,453753
709448,453753
709423,453753
709532,453753
709485,453753
709535,453753
709402,453753
709618,453753
709508,453753
709559,453753
709532,453753
709434,453753
709205,453753
709281,453753
709354,453753
709514,453753
709587,453753
709491,453753
709554,453753
709575,453753
709526,453753
709381,453753
709360,453753
709497,453753
709503,453753
709480,453753
709496,453753
709498,453753
709429,453753
709531,453753
709528,453753
709475,453753
709456,453753
709526,453753
709489,453753
709546,453753
709523,453753
709461,453753
709253,453753
709339,453753
709429,453753
709544,453753
709524,453753
709555,453753
709577,453753
709585,453753
709328,453753
709364,453753
709452,453753
709370,453753
709481,453753
709492,453753
709239,453753
709392,453753
709392,453753
709516,453753
709595,453753
709569,453753
709505,453753
709477,453753
709534,453753
709486,453753
709426,453753
709457,453753
709412,453753
709134,453753
709510,453753
709580,453753
709620,453753
709601,453753
709556,453753
709639,453753
709553,453753
709613,453753
709532,453753
709325,453753
709528,453753
709587,453753
709630,453753
709609,453753
709553,453753
709584,453753
709608,453753
709543,453753
709562,453753
709358,453753
709277,453753
709506,453753
708645,453753
709512,453753
709413,453753
709523,453753
709534,453753
709485,453753
709605,453753
709419,453753
709441,453753
709395,453753
709260,453753
709330,453753
709281,453753
709521,453753
709514,453753
709536,453753
709471,453753
709535,453753
709474,453753
709412,453753
709289,453753
709260,453753
709337,453753
709505,453753
709510,453753
709427,453753
709361,453753
709385,453753
709569,453753
709386,453753
709493,453753
709533,453753
709436,453753
709414,453753
709480,453753
709373,453753
709503,453753
709398,453753
709484,453753
709421,453753
709552,453753
709430,453753
709524,453753
709566,453753
709552,453753
709323,453753
709534,453753
709289,453753
709177,453753
709459,453753
709385,453753
709369,453753
709359,453753
709441,453753
709429,453753
709507,453753
709543,453753
709538,453753
709557,453753
709552,453753
709547,453753
709530,453753
709536,453753
709551,453753
709539,453753
709611,453753
709490,453753
709477,453753
709488,453753
709555,453753
709621,453753
709621,453753
709601,453753
709570,453753
709566,453753
709555,453753
709504,453753
709442,453753
709510,453753
709525,453753
709521,453753
709538,453753
709452,453753
709511,453753
709442,453753
709413,453753
709469,453753
709418,453753
708384,453753
708566,453753
709478,453753
709398,453753
709590,453753
709561,453753
709583,453753
709538,453753
709513,453753
709614,453753
709571,453753
709343,453753
709000,453753
709030,453753
708871,453753
709142,453753
709349,453753
709526,453753
709441,453753
709396,453753
709545,453753
709531,453753
709284,453753
709500,453753
709482,453753
709451,453753
709537,453753
709421,453753
709301,453753
709461,453753
709532,453753
709564,453753
709566,453753
709446,453753
709443,453753
709104,453753
709187,453753
709347,453753
709245,453753
709629,453753
709603,453753
709537,453753
709522,453753
709411,453753
709568,453753
709607,453753
709563,453753
709587,453753
709584,453753
709454,453753
709328,453753
709393,453753
709616,453753
709621,453753
709599,453753
709450,453753
709473,453753
709356,453753
709529,453753
709435,453753
709578,453753
709601,453753
709516,453753
709527,453753
709495,453753
709484,453753
709501,453753
709554,453753
709324,453753
709278,453753
709537,453753
709485,453753
709388,453753
709410,453753
709424,453753
709447,453753
709461,453753
709222,453753
709469,453753
709581,453753
709385,453753
709040,453753
709405,453753
709423,453753
709380,453753
709440,453753
709084,453753
709572,453753
709526,453753
709444,453753
709183,453753
709464,453753
709416,453753
709448,453753
709297,453753
709559,453753
709542,453753
709469,453753
709314,453753
709452,453753
709459,453753
709532,453753
709511,453753
709422,453753
709499,453753
709562,453753
709453,453753
709521,453753
709584,453753
709582,453753
709590,453753
709604,453753
709578,453753
709580,453753
709560,453753
709508,453753
709495,453753
709624,453753
709589,453753
709573,453753
709575,453753
709654,453753
709502,453753
709585,453753
709583,453753
709542,453753
709521,453753
709461,453753
709585,453753
709578,453753
709494,453753
709328,453753
709067,453753
708793,453753
709403,453753
709501,453753
709349,453753
709383,453753
709438,453753
709520,453753
709541,453753
709487,453753
709526,453753
709442,453753
709368,453753
709423,453753
709487,453753
709435,453753
709377,453753
708904,453753
709444,453753
709526,453753
709517,453753
709488,453753
709535,453753
709412,453753
709504,453753
709543,453753
709398,453753
709262,453753
709467,453753
708978,453753
708993,453753
709474,453753
709341,453753
709534,453753
709382,453753
709451,453753
708578,453753
709513,453753
709510,453753
709528,453753
709669,453753
709634,453753
709592,453753
709623,453753
709620,453753
709545,453753
709506,453753
709573,453753
709603,453753
709570,453753
709559,453753
709484,453753
709575,453753
709483,453753
709565,453753
709489,453753
709544,453753
709516,453753
709499,453753
709492,453753
709556,453753
709481,453753
709504,453753
709355,453753
709033,453753
709335,453753
709300,453753
708781,453753
709163,453753
709306,453753
709456,453753
709380,453753
709207,453753
709276,453753
709229,453753
709368,453753
709531,453753
709454,453753
709290,453753
709372,453753
709491,453753
709438,453753
709346,453753
709368,453753
709171,453753
709286,453753
709508,453753
709484,453753
709515,453753
709503,453753
709470,453753
709589,453753
709000,453753
709438,453753
709453,453753
709442,453753
709521,453753
709556,453753
709586,453753
709508,453753
709573,453753
709628,453753
709581,453753
709583,453753
709507,453753
709380,453753
709449,453753
709492,453753
709499,453753
709533,453753
709431,453753
709565,453753
709503,453753
709543,453753
709543,453753
709391,453753
709507,453753
709500,453753
709557,453753
709085,453753
709476,453753
709517,453753
709542,453753
709513,453753
709483,453753
709440,453753
709422,453753
709436,453753
709254,453753
708684,453753
709425,453753
709465,453753
709512,453753
709604,453753
709597,453753
709405,453753
709272,453753
709458,453753
709538,453753
709300,453753
709373,453753
709570,453753
709503,453753
709551,453753
709533,453753
709390,453753
709338,453753
709348,453753
709455,453753
709560,453753
709438,453753
709626,453753
709580,453753
709486,453753
709490,453753
709568,453753
709490,453753
709638,453753
709618,453753
709612,453753
709468,453753
709386,453753
709500,453753
709401,453753
709541,453753
709567,453753
709171,453753
708386,453753
708638,453753
709484,453753
709516,453753
709566,453753
709471,453753
709484,453753
709292,453753
709574,453753
709513,453753
709537,453753
709385,453753
709479,453753
709488,453753
708963,453753
709356,453753
709478,453753
709442,453753
709487,453753
709458,453753
709432,453753
709580,453753
709613,453753
709443,453753
709378,453753
709473,453753
709354,453753
709381,453753
709462,453753
709588,453753
709477,453753
709471,453753
709437,453753
709317,453753
709339,453753
709523,453753
709526,453753
709591,453753
709571,453753
709604,453753
709463,453753
709571,453753
709530,453753
709550,453753
709568,453753
709550,453753
709503,453753
709466,453753
709601,453753
709575,453753
709557,453753
709553,453753
709588,453753
709568,453753
709542,453753
709371,453753
709585,453753
709434,453753
709561,453753
709347,453753
709420,453753
709278,453753
709106,453753
709504,453753
709430,453753
709511,453753
709577,453753
709495,453753
709460,453753
709544,453753
709576,453753
709584,453753
709543,453753
709410,453753
709294,453753
709443,453753
709403,453753
709446,453753
709547,453753
709518,453753
709407,453753
709541,453753
709376,453753
709539,453753
709503,453753
709451,453753
709524,453753
709525,453753
709607,453753
709551,453753
709629,453753
709414,453753
709490,453753
709574,453753
709559,453753
709556,453753
709522,453753
709553,453753
709551,453753
709526,453753
709560,453753
709592,453753
709414,453753
709424,453753
709492,453753
709518,453753
709563,453753
709420,453753
709262,453753
708936,453753
709412,453753
709520,453753
709519,453753
709382,453753
709496,453753
709352,453753
709407,453753
709430,453753
709539,453753
709425,453753
708352,453753
709520,453753
709538,453753
709422,453753
709540,453753
709381,453753
709431,453753
709445,453753
709396,453753
709175,453753
709437,453753
709492,453753
709542,453753
709520,453753
709606,453753
709499,453753
709553,453753
709518,453753
709592,453753
709521,453753
709659,453753
709537,453753
709454,453753
708910,453753
709586,453753
709256,453753
709161,453753
709419,453753
709348,453753
709607,453753
709503,453753
709498,453753
709636,453753
709591,453753
709559,453753
709413,453753
709435,453753
709545,453753
709580,453753
709470,453753
709464,453753
709469,453753
706811,453753
703191,453753
708278,453753
709369,453753
709393,453753
709352,453753
709530,453753
709398,453753
709495,453753
709591,453753
709469,453753
708982,453753
709305,453753
709332,453753
709451,453753
709597,453753
709510,453753
709352,453753
709353,453753
709409,453753
709488,453753
709546,453753
709538,453753
709518,453753
709636,453753
709559,453753
709357,453753
709619,453753
709566,453753
709577,453753
709632,453753
709499,453753
709535,453753
709581,453753
709606,453753
709548,453753
709440,453753
709541,453753
709516,453753
709500,453753
709511,453753
709515,453753
709562,453753
709447,453753
709486,453753
709288,453753
708654,453753
709399,453753
709484,453753
709234,453753
709349,453753
709429,453753
709456,453753
709401,453753
709471,453753
709568,453753
709553,453753
709438,453753
709542,453753
709522,453753
709245,453753
709293,453753
709551,453753
709465,453753
709411,453753
709513,453753
709487,453753
709480,453753
709496,453753
709370,453753
709385,453753
709576,453753
709602,453753
709441,453753
709264,453753
709633,453753
709656,453753
709651,453753
709617,453753
709476,453753
709352,453753
709654,453753
709534,453753
709503,453753
709610,453753
709591,453753
709575,453753
709531,453753
709534,453753
709510,453753
709535,453753
709570,453753
709427,453753
709406,453753
709262,453753
709427,453753
709385,453753
709371,453753
709470,453753
709585,453753
709468,453753
709487,453753
709435,453753
709383,453753
709440,453753
709559,453753
709486,453753
709533,453753
709556,453753
709542,453753
709644,453753
709626,453753
709612,453753
709506,453753
709594,453753
709477,453753
709566,453753
709620,453753
709555,453753
709555,453753
709607,453753
709640,453753
709515,453753
709397,453753
709332,453753
709338,453753
709450,453753
709513,453753
709211,453753
709560,453753
709483,453753
709434,453753
709449,453753
709444,453753
709387,453753
709514,453753
709462,453753
709498,453753
709508,453753
709503,453753
709529,453753
709521,453753
709509,453753
709630,453753
709567,453753
709603,453753
709571,453753
709411,453753
709521,453753
709648,453753
709598,453753
709553,453753
709651,453753
709593,453753
709460,453753
709251,453753
709549,453753
709350,453753
709507,453753
709503,453753
709568,453753
709511,453753
709428,453753
709539,453753
709587,453753
709132,453753
709291,453753
709354,453753
709513,453753
708995,453753
709545,453753
709517,453753
709602,453753
709676,453753
709595,453753
709630,453753
709588,453753
709514,453753
709578,453753
709388,453753
709401,453753
709659,453753
709548,453753
709570,453753
709516,453753
709539,453753
709556,453753
709599,453753
709501,453753
709533,453753
709582,453753
709410,453753
709367,453753
709583,453753
709476,453753
709591,453753
709497,453753
709499,453753
709557,453753
709462,453753
709081,453753
709202,453753
709434,453753
709473,453753
709562,453753
709623,453753
709518,453753
709545,453753
709549,453753
709618,453753
709607,453753
709417,453753
709223,453753
709554,453753
709616,453753
709488,453753
709368,453753
709629,453753
709632,453753
709664,453753
709535,453753
709431,453753
709372,453753
709352,453753
709627,453753
709539,453753
709416,453753
709184,453753
709245,453753
709029,453753
709574,453753
709509,453753
709629,453753
709316,453753
709513,453753
709584,453753
709589,453753
709571,453753
709623,453753
709588,453753
709581,453753
709527,453753
709551,453753
709382,453753
709472,453753
709659,453753
709656,453753
709688,453753
709555,453753
709605,453753
709580,453753
709482,453753
709546,453753
709555,453753
709505,453753
709473,453753
709464,453753
709490,453753
709396,453753
709417,453753
709524,453753
709463,453753
709317,453753
709497,453753
709561,453753
709574,453753
709479,453753
709526,453753
709579,453753
709558,453753
709606,453753
709550,453753
709579,453753
709555,453753
709475,453753
709581,453753
709634,453753
709531,453753
709479,453753
709367,453753
708961,453753
709448,453753
709469,453753
709517,453753
709326,453753
709042,453753
709381,453753
709553,453753
709475,453753
709152,453753
709324,453753
709313,453753
708771,453753
709474,453753
709569,453753
709573,453753
709462,453753
709617,453753
708810,453753
709189,453753
709422,453753
709454,453753
709624,453753
709407,453753
709621,453753
709616,453753
709616,453753
709551,453753
709544,453753
709601,453753
709533,453753
709457,453753
709420,453753
709162,453753
709146,453753
709451,453753
709516,453753
709559,453753
709490,453753
709483,453753
709526,453753
709583,453753
709593,453753
709606,453753
709605,453753
709616,453753
709551,453753
709432,453753
709631,453753
709608,453753
709593,453753
709556,453753
709589,453753
709552,453753
709475,453753
709474,453753
709507,453753
709505,453753
709577,453753
709611,453753
709543,453753
709432,453753
709336,453753
709579,453753
709575,453753
709562,453753
709621,453753
709548,453753
709168,453753
709511,453753
709600,453753
709526,453753
709267,453753
709336,453753
709630,453753
709558,453753
709585,453753
709712,453546
