TRACE,NSNPS_JACKKNIFE
707957,453753
707947,453753
707873,453753
707907,453753
707876,453753
707924,453753
707796,453753
707804,453753
707872,453753
707779,453753
707841,453753
707678,453753
707933,453753
707813,453753
707902,453753
707855,453753
707796,453753
707472,453753
707553,453753
707715,453753
707873,453753
707921,453753
707801,453753
707904,453753
707910,453753
707866,453753
707739,453753
707712,453753
707844,453753
707838,453753
707832,453753
707819,453753
707831,453753
707772,453753
707854,453753
707841,453753
707815,453753
707753,453753
707875,453753
707848,453753
707891,453753
707880,453753
707798,453753
707601,453753
707685,453753
707787,453753
707876,453753
707862,453753
707921,453753
707925,453753
707930,453753
707668,453753
707743,453753
707793,453753
707656,453753
707809,453753
707786,453753
707597,453753
707771,453753
707736,453753
707879,453753
707912,453753
707918,453753
707844,453753
707806,453753
707881,453753
707825,453753
707746,453753
707802,453753
707747,453753
707514,453753
707865,453753
707892,453753
707957,453753
707898,453753
707880,453753
707961,453753
707855,453753
707949,453753
707883,453753
707711,453753
707875,453753
707912,453753
707976,453753
707973,453753
707915,453753
707944,453753
707951,453753
707892,453753
707888,453753
707671,453753
707635,453753
707872,453753
707080,453753
707862,453753
707789,453753
707851,453753
707883,453753
707855,453753
707929,453753
707706,453753
707798,453753
707702,453753
707651,453753
707688,453753
707718,453753
707839,453753
707895,453753
707866,453753
707833,453753
707900,453753
707815,453753
707744,453753
707628,453753
707588,453753
707663,453753
707829,453753
707820,453753
707779,453753
707656,453753
707751,453753
707938,453753
707756,453753
707836,453753
707834,453753
707831,453753
707756,453753
707787,453753
707673,453753
707812,453753
707737,453753
707835,453753
707755,453753
707818,453753
707705,453753
707833,453753
707894,453753
707902,453753
707698,453753
707871,453753
707515,453753
707418,453753
707780,453753
707720,453753
707705,453753
707658,453753
707799,453753
707801,453753
707877,453753
707872,453753
707878,453753
707881,453753
707909,453753
707853,453753
707828,453753
707850,453753
707883,453753
707915,453753
707947,453753
707846,453753
707794,453753
707822,453753
707898,453753
707957,453753
707969,453753
707941,453753
707897,453753
707914,453753
707874,453753
707821,453753
707764,453753
707848,453753
707858,453753
707862,453753
707917,453753
707851,453753
707851,453753
707745,453753
707725,453753
707781,453753
707751,453753
706899,453753
707010,453753
707828,453753
707767,453753
707944,453753
707890,453753
707934,453753
707921,453753
707868,453753
707945,453753
707921,453753
707656,453753
707347,453753
707362,453753
707211,453753
707537,453753
707703,453753
707868,453753
707813,453753
707757,453753
707882,453753
707852,453753
707622,453753
707853,453753
707837,453753
707794,453753
707865,453753
707745,453753
707673,453753
707827,453753
707859,453753
707888,453753
707917,453753
707717,453753
707765,453753
707488,453753
707496,453753
707660,453753
707500,453753
707979,453753
707907,453753
707889,453753
707880,453753
707775,453753
707901,453753
707925,453753
707911,453753
707939,453753
707941,453753
707790,453753
707665,453753
707656,453753
707941,453753
707939,453753
707951,453753
707822,453753
707799,453753
707702,453753
707864,453753
707760,453753
707910,453753
707935,453753
707865,453753
707863,453753
707840,453753
707848,453753
707846,453753
707908,453753
707664,453753
707614,453753
707861,453753
707838,453753
707726,453753
707736,453753
707693,453753
707762,453753
707758,453753
707624,453753
707792,453753
707920,453753
707712,453753
707471,453753
707752,453753
707785,453753
707739,453753
707723,453753
707288,453753
707891,453753
707831,453753
707807,453753
707561,453753
707781,453753
707744,453753
707738,453753
707710,453753
707883,453753
707899,453753
707796,453753
707568,453753
707790,453753
707782,453753
707868,453753
707836,453753
707746,453753
707844,453753
707878,453753
707798,453753
707835,453753
707915,453753
707955,453753
707929,453753
707928,453753
707904,453753
707983,453753
707908,453753
707842,453753
707833,453753
707958,453753
707900,453753
707928,453753
707881,453753
707992,453753
707824,453753
707888,453753
707933,453753
707867,453753
707882,453753
707825,453753
707936,453753
707913,453753
707832,453753
707650,453753
707356,453753
707214,453753
707715,453753
707856,453753
707684,453753
707761,453753
707791,453753
707854,453753
707906,453753
707803,453753
707855,453753
707800,453753
707678,453753
707745,453753
707822,453753
707777,453753
707684,453753
707426,453753
707757,453753
707835,453753
707878,453753
707823,453753
707852,453753
707714,453753
707834,453753
707893,453753
707658,453753
707577,453753
707794,453753
707411,453753
707341,453753
707847,453753
707697,453753
707899,453753
707754,453753
707764,453753
707203,453753
707818,453753
707846,453753
707898,453753
707961,453753
707971,453753
707949,453753
707962,453753
707978,453753
707891,453753
707872,453753
707909,453753
707964,453753
707904,453753
707911,453753
707844,453753
707908,453753
707828,453753
707922,453753
707807,453753
707874,453753
707858,453753
707823,453753
707801,453753
707833,453753
707801,453753
707831,453753
707693,453753
707382,453753
707686,453753
707643,453753
706991,453753
707440,453753
707628,453753
707806,453753
707747,453753
707537,453753
707595,453753
707513,453753
707721,453753
707867,453753
707791,453753
707673,453753
707720,453753
707812,453753
707778,453753
707751,453753
707735,453753
707542,453753
707633,453753
707869,453753
707806,453753
707835,453753
707871,453753
707834,453753
707935,453753
707269,453753
707767,453753
707817,453753
707759,453753
707862,453753
707917,453753
707916,453753
707841,453753
707883,453753
707976,453753
707918,453753
707898,453753
707868,453753
707722,453753
707759,453753
707803,453753
707842,453753
707865,453753
707770,453753
707914,453753
707849,453753
707931,453753
707878,453753
707747,453753
707828,453753
707838,453753
707906,453753
707446,453753
707870,453753
707860,453753
707863,453753
707879,453753
707790,453753
707778,453753
707741,453753
707769,453753
707603,453753
706929,453753
707759,453753
707784,453753
707862,453753
707935,453753
707935,453753
707715,453753
707725,453753
707813,453753
707838,453753
707600,453753
707749,453753
707931,453753
707801,453753
707854,453753
707815,453753
707746,453753
707705,453753
707725,453753
707792,453753
707940,453753
707805,453753
707947,453753
707903,453753
707836,453753
707867,453753
707929,453753
707770,453753
707968,453753
707980,453753
707905,453753
707784,453753
707696,453753
707811,453753
707748,453753
707855,453753
707882,453753
707541,453753
706691,453753
706952,453753
707806,453753
707867,453753
707879,453753
707791,453753
707863,453753
707709,453753
707890,453753
707861,453753
707888,453753
707695,453753
707845,453753
707841,453753
707253,453753
707669,453753
707830,453753
707776,453753
707844,453753
707778,453753
707786,453753
707937,453753
707910,453753
707796,453753
707719,453753
707779,453753
707701,453753
707715,453753
707836,453753
707926,453753
707790,453753
707774,453753
707796,453753
707567,453753
707652,453753
707889,453753
707874,453753
707911,453753
707937,453753
707948,453753
707786,453753
707893,453753
707854,453753
707892,453753
707883,453753
707893,453753
707851,453753
707855,453753
707915,453753
707964,453753
707855,453753
707941,453753
707934,453753
707905,453753
707866,453753
707726,453753
707929,453753
707736,453753
707952,453753
707694,453753
707822,453753
707648,453753
707400,453753
707846,453753
707772,453753
707858,453753
707916,453753
707845,453753
707815,453753
707879,453753
707869,453753
707918,453753
707884,453753
707686,453753
707659,453753
707811,453753
707781,453753
707795,453753
707894,453753
707824,453753
707748,453753
707869,453753
707789,453753
707888,453753
707841,453753
707737,453753
707867,453753
707878,453753
707950,453753
707863,453753
707949,453753
707794,453753
707820,453753
707905,453753
707936,453753
707880,453753
707857,453753
707860,453753
707863,453753
707895,453753
707906,453753
707911,453753
707747,453753
707768,453753
707825,453753
707832,453753
707914,453753
707785,453753
707533,453753
707275,453753
707779,453753
707834,453753
707882,453753
707709,453753
707838,453753
707747,453753
707772,453753
707774,453753
707853,453753
707797,453753
706619,453753
707881,453753
707910,453753
707762,453753
707827,453753
707682,453753
707764,453753
707841,453753
707748,453753
707490,453753
707778,453753
707836,453753
707896,453753
707893,453753
707964,453753
707811,453753
707873,453753
707864,453753
707952,453753
707875,453753
707985,453753
707914,453753
707771,453753
707263,453753
707902,453753
707661,453753
707490,453753
707802,453753
707706,453753
707931,453753
707792,453753
707850,453753
707957,453753
707941,453753
707868,453753
707718,453753
707769,453753
707866,453753
707902,453753
707825,453753
707806,453753
707825,453753
705391,453753
701922,453753
706647,453753
707688,453753
707687,453753
707607,453753
707895,453753
707716,453753
707840,453753
707913,453753
707798,453753
707241,453753
707633,453753
707689,453753
707796,453753
707920,453753
707825,453753
707703,453753
707643,453753
707769,453753
707826,453753
707854,453753
707885,453753
707891,453753
707975,453753
707860,453753
707736,453753
707944,453753
707912,453753
707946,453753
707954,453753
707839,453753
707867,453753
707913,453753
707974,453753
707904,453753
707793,453753
707908,453753
707870,453753
707827,453753
707808,453753
707852,453753
707916,453753
707829,453753
707834,453753
707582,453753
706981,453753
707736,453753
707777,453753
707565,453753
707693,453753
707672,453753
707721,453753
707744,453753
707810,453753
707931,453753
707848,453753
707790,453753
707824,453753
707804,453753
707592,453753
707647,453753
707865,453753
707827,453753
707740,453753
707861,453753
707841,453753
707837,453753
707875,453753
707762,453753
707758,453753
707915,453753
707931,453753
707779,453753
707591,453753
707953,453753
707990,453753
707959,453753
707961,453753
707811,453753
707731,453753
707984,453753
707859,453753
707836,453753
707944,453753
707946,453753
707946,453753
707868,453753
707875,453753
707885,453753
707852,453753
707905,453753
707784,453753
707780,453753
707600,453753
707776,453753
707739,453753
707717,453753
707814,453753
707935,453753
707828,453753
707841,453753
707787,453753
707657,453753
707750,453753
707904,453753
707812,453753
707859,453753
707887,453753
707904,453753
707998,453753
707964,453753
707937,453753
707859,453753
707942,453753
707833,453753
707918,453753
707955,453753
707912,453753
707883,453753
707909,453753
707964,453753
707854,453753
707763,453753
707661,453753
707642,453753
707795,453753
707844,453753
707450,453753
707886,453753
707763,453753
707806,453753
707774,453753
707700,453753
707682,453753
707842,453753
707773,453753
707844,453753
707874,453753
707885,453753
707906,453753
707889,453753
707783,453753
707974,453753
707930,453753
707930,453753
707903,453753
707779,453753
707857,453753
708017,453753
707957,453753
707873,453753
707960,453753
707932,453753
707847,453753
707632,453753
707856,453753
707696,453753
707854,453753
707830,453753
707944,453753
707879,453753
707799,453753
707853,453753
707929,453753
707417,453753
707623,453753
707734,453753
707873,453753
707296,453753
707869,453753
707853,453753
707931,453753
707999,453753
707921,453753
707973,453753
707957,453753
707868,453753
707959,453753
707766,453753
707770,453753
707998,453753
707944,453753
707920,453753
707858,453753
707909,453753
707929,453753
707936,453753
707850,453753
707871,453753
707925,453753
707734,453753
707656,453753
707938,453753
707889,453753
707935,453753
707794,453753
707854,453753
707878,453753
707812,453753
707481,453753
707579,453753
707763,453753
707841,453753
707916,453753
707943,453753
707850,453753
707876,453753
707884,453753
707966,453753
707933,453753
707745,453753
707567,453753
707881,453753
707922,453753
707832,453753
707759,453753
707976,453753
707972,453753
707993,453753
707885,453753
707742,453753
707709,453753
707695,453753
707948,453753
707873,453753
707762,453753
707498,453753
707576,453753
707209,453753
707900,453753
707829,453753
707965,453753
707688,453753
707858,453753
707934,453753
707910,453753
707944,453753
707961,453753
707891,453753
707953,453753
707891,453753
707883,453753
707732,453753
707807,453753
707978,453753
708012,453753
708006,453753
707925,453753
707953,453753
707896,453753
707831,453753
707879,453753
707861,453753
707862,453753
707823,453753
707817,453753
707837,453753
707698,453753
707757,453753
707827,453753
707831,453753
707597,453753
707821,453753
707908,453753
707909,453753
707852,453753
707853,453753
707926,453753
707884,453753
707958,453753
707862,453753
707967,453753
707902,453753
707892,453753
707925,453753
707962,453753
707890,453753
707870,453753
707719,453753
707257,453753
707793,453753
707797,453753
707836,453753
707715,453753
707315,453753
707748,453753
707894,453753
707798,453753
707516,453753
707670,453753
707651,453753
707270,453753
707774,453753
707898,453753
707940,453753
707793,453753
707973,453753
707277,453753
707613,453753
707757,453753
707792,453753
707946,453753
707781,453753
707941,453753
707962,453753
707958,453753
707894,453753
707843,453753
707938,453753
707851,453753
707811,453753
707736,453753
707481,453753
707459,453753
707802,453753
707863,453753
707899,453753
707851,453753
707869,453753
707896,453753
707926,453753
707953,453753
707960,453753
707972,453753
707945,453753
707914,453753
707809,453753
708004,453753
707963,453753
707942,453753
707915,453753
707947,453753
707895,453753
707821,453753
707796,453753
707826,453753
707844,453753
707900,453753
707958,453753
707878,453753
707818,453753
707678,453753
707897,453753
707941,453753
707888,453753
707967,453753
707849,453753
707536,453753
707848,453753
707941,453753
707906,453753
707494,453753
707632,453753
707952,453753
707931,453753
707952,453753
708065,453546
