TRACE,NSNPS_JACKKNIFE
711086,453753
711052,453753
710984,453753
711040,453753
710925,453753
711041,453753
710942,453753
710926,453753
710990,453753
710887,453753
710979,453753
710832,453753
711103,453753
710941,453753
711029,453753
710997,453753
710901,453753
710665,453753
710732,453753
710881,453753
710988,453753
711048,453753
710933,453753
711014,453753
711037,453753
710995,453753
710869,453753
710847,453753
710965,453753
710985,453753
710968,453753
710949,453753
710942,453753
710920,453753
710956,453753
710992,453753
710921,453753
710906,453753
710976,453753
711010,453753
711038,453753
710984,453753
710931,453753
710739,453753
710788,453753
710884,453753
710982,453753
711007,453753
711020,453753
711022,453753
711029,453753
710795,453753
710847,453753
710903,453753
710796,453753
710946,453753
710957,453753
710753,453753
710872,453753
710802,453753
710988,453753
711046,453753
711032,453753
710968,453753
710919,453753
711004,453753
710981,453753
710836,453753
710893,453753
710910,453753
710669,453753
710960,453753
711019,453753
711086,453753
711014,453753
711053,453753
711095,453753
711036,453753
711076,453753
711029,453753
710773,453753
710982,453753
711043,453753
711102,453753
711088,453753
711025,453753
711066,453753
711059,453753
710994,453753
711002,453753
710789,453753
710776,453753
711013,453753
710164,453753
711013,453753
710888,453753
710957,453753
710992,453753
710990,453753
711041,453753
710851,453753
710932,453753
710815,453753
710758,453753
710810,453753
710804,453753
711001,453753
710983,453753
711017,453753
710977,453753
710996,453753
710938,453753
710884,453753
710790,453753
710712,453753
710756,453753
710981,453753
710973,453753
710906,453753
710807,453753
710833,453753
711039,453753
710898,453753
710931,453753
711000,453753
710946,453753
710895,453753
710946,453753
710873,453753
710958,453753
710904,453753
710977,453753
710927,453753
710987,453753
710855,453753
710973,453753
711003,453753
711026,453753
710777,453753
710981,453753
710655,453753
710536,453753
710911,453753
710810,453753
710833,453753
710799,453753
710964,453753
710885,453753
710994,453753
710960,453753
710953,453753
711028,453753
711064,453753
710985,453753
711003,453753
711018,453753
711001,453753
711033,453753
711061,453753
710990,453753
710913,453753
710936,453753
711006,453753
711087,453753
711084,453753
711078,453753
711022,453753
711039,453753
711019,453753
710974,453753
710865,453753
710993,453753
710983,453753
710977,453753
711021,453753
710955,453753
710993,453753
710919,453753
710875,453753
710910,453753
710872,453753
709872,453753
710114,453753
710960,453753
710875,453753
711041,453753
711043,453753
711037,453753
711015,453753
711000,453753
711086,453753
711032,453753
710762,453753
710501,453753
710491,453753
710347,453753
710594,453753
710788,453753
710987,453753
710906,453753
710906,453753
710992,453753
710992,453753
710749,453753
710993,453753
710971,453753
710909,453753
710983,453753
710853,453753
710723,453753
710908,453753
711012,453753
711033,453753
711018,453753
710847,453753
710887,453753
710488,453753
710583,453753
710771,453753
710648,453753
711075,453753
711031,453753
710997,453753
711020,453753
710913,453753
711007,453753
711070,453753
711035,453753
711064,453753
711065,453753
710925,453753
710771,453753
710876,453753
711089,453753
711079,453753
711072,453753
710904,453753
710938,453753
710759,453753
711005,453753
710922,453753
711035,453753
711081,453753
711005,453753
711023,453753
710956,453753
710934,453753
710999,453753
711003,453753
710828,453753
710741,453753
711001,453753
710967,453753
710901,453753
710878,453753
710849,453753
710907,453753
710972,453753
710725,453753
710946,453753
711027,453753
710819,453753
710427,453753
710899,453753
710913,453753
710846,453753
710851,453753
710421,453753
710961,453753
710960,453753
710942,453753
710646,453753
710940,453753
710892,453753
710827,453753
710827,453753
711014,453753
711020,453753
710882,453753
710692,453753
710901,453753
710883,453753
711021,453753
710950,453753
710877,453753
710997,453753
711033,453753
710975,453753
710968,453753
711021,453753
711097,453753
711047,453753
711085,453753
711005,453753
711059,453753
711040,453753
710942,453753
710950,453753
711077,453753
711043,453753
711062,453753
710997,453753
711099,453753
710998,453753
711028,453753
711048,453753
710990,453753
710997,453753
710919,453753
711058,453753
711045,453753
710954,453753
710801,453753
710478,453753
710277,453753
710782,453753
710955,453753
710816,453753
710903,453753
710917,453753
710962,453753
711033,453753
710987,453753
710993,453753
710907,453753
710841,453753
710926,453753
710945,453753
710921,453753
710846,453753
710290,453753
710909,453753
710983,453753
710985,453753
710962,453753
710998,453753
710810,453753
710971,453753
710986,453753
710826,453753
710726,453753
710931,453753
710490,453753
710403,453753
710948,453753
710777,453753
711005,453753
710896,453753
710889,453753
710049,453753
710937,453753
710960,453753
710981,453753
711101,453753
711092,453753
711074,453753
711087,453753
711098,453753
711004,453753
710980,453753
711041,453753
711093,453753
711001,453753
711057,453753
710952,453753
711023,453753
710960,453753
711024,453753
710958,453753
711004,453753
710991,453753
710927,453753
710956,453753
710984,453753
710935,453753
710984,453753
710831,453753
710422,453753
710744,453753
710773,453753
710223,453753
710604,453753
710789,453753
710956,453753
710816,453753
710648,453753
710687,453753
710655,453753
710847,453753
710961,453753
710941,453753
710821,453753
710867,453753
710967,453753
710906,453753
710846,453753
710830,453753
710637,453753
710746,453753
710971,453753
710944,453753
710963,453753
710959,453753
710969,453753
711095,453753
710572,453753
710914,453753
710906,453753
710905,453753
710983,453753
711037,453753
711028,453753
710974,453753
711020,453753
711081,453753
711039,453753
711036,453753
710995,453753
710793,453753
710890,453753
710934,453753
710960,453753
711023,453753
710926,453753
711058,453753
710995,453753
711013,453753
710987,453753
710819,453753
710950,453753
710965,453753
711016,453753
710616,453753
710956,453753
710962,453753
710971,453753
710992,453753
710896,453753
710909,453753
710877,453753
710887,453753
710733,453753
710040,453753
710905,453753
710938,453753
710978,453753
711038,453753
711056,453753
710850,453753
710834,453753
710929,453753
710979,453753
710726,453753
710816,453753
711041,453753
710942,453753
710992,453753
710968,453753
710876,453753
710787,453753
710768,453753
710903,453753
711064,453753
710936,453753
711066,453753
711045,453753
710950,453753
710978,453753
711005,453753
710912,453753
711088,453753
711108,453753
711054,453753
710912,453753
710805,453753
710949,453753
710883,453753
710993,453753
711022,453753
710531,453753
709605,453753
710009,453753
710930,453753
710994,453753
711031,453753
710922,453753
710964,453753
710800,453753
711001,453753
710967,453753
711017,453753
710803,453753
710956,453753
710926,453753
710449,453753
710813,453753
710973,453753
710927,453753
710973,453753
710883,453753
710915,453753
711036,453753
711057,453753
710872,453753
710871,453753
710939,453753
710836,453753
710856,453753
710956,453753
711067,453753
710917,453753
710894,453753
710915,453753
710738,453753
710757,453753
710984,453753
711008,453753
711040,453753
711072,453753
711046,453753
710931,453753
710986,453753
711013,453753
710985,453753
711001,453753
711027,453753
710977,453753
710959,453753
711066,453753
711042,453753
711007,453753
711044,453753
711045,453753
711029,453753
710986,453753
710920,453753
711038,453753
710940,453753
711050,453753
710807,453753
710944,453753
710682,453753
710480,453753
710993,453753
710892,453753
710953,453753
711014,453753
710956,453753
710940,453753
711023,453753
711002,453753
711053,453753
711022,453753
710835,453753
710803,453753
710971,453753
710921,453753
710880,453753
710995,453753
710959,453753
710866,453753
710991,453753
710908,453753
711035,453753
710962,453753
710866,453753
710991,453753
711011,453753
711066,453753
710975,453753
711100,453753
710921,453753
710934,453753
711016,453753
711054,453753
711023,453753
711012,453753
711015,453753
711025,453753
711020,453753
711017,453753
711041,453753
710864,453753
710872,453753
710965,453753
710986,453753
711027,453753
710887,453753
710663,453753
710420,453753
710877,453753
710917,453753
710963,453753
710827,453753
710957,453753
710907,453753
710920,453753
710889,453753
711019,453753
710905,453753
709609,453753
711004,453753
710997,453753
710922,453753
710987,453753
710812,453753
710879,453753
710912,453753
710863,453753
710662,453753
710949,453753
710947,453753
711029,453753
710996,453753
711059,453753
710955,453753
710957,453753
710943,453753
711045,453753
711013,453753
711098,453753
711019,453753
710921,453753
710402,453753
711058,453753
710760,453753
710620,453753
710855,453753
710886,453753
711070,453753
710935,453753
710962,453753
711087,453753
711061,453753
710995,453753
710870,453753
710906,453753
710958,453753
711040,453753
710941,453753
710941,453753
710982,453753
708610,453753
704861,453753
709651,453753
710839,453753
710847,453753
710765,453753
711010,453753
710867,453753
710953,453753
711058,453753
710923,453753
710257,453753
710765,453753
710844,453753
710940,453753
711058,453753
710926,453753
710860,453753
710798,453753
710905,453753
710888,453753
710989,453753
710994,453753
710998,453753
711081,453753
711004,453753
710809,453753
711095,453753
711023,453753
711056,453753
711065,453753
710986,453753
710997,453753
711051,453753
711061,453753
711055,453753
710910,453753
711030,453753
711023,453753
710943,453753
710961,453753
710991,453753
711043,453753
710949,453753
710941,453753
710739,453753
710101,453753
710869,453753
710933,453753
710648,453753
710840,453753
710890,453753
710864,453753
710868,453753
710928,453753
711033,453753
710995,453753
710910,453753
710999,453753
710945,453753
710752,453753
710774,453753
710983,453753
710949,453753
710872,453753
710989,453753
710980,453753
710969,453753
710993,453753
710841,453753
710877,453753
711041,453753
711088,453753
710868,453753
710767,453753
711093,453753
711097,453753
711080,453753
711087,453753
710927,453753
710804,453753
711101,453753
710940,453753
710991,453753
711045,453753
711060,453753
711080,453753
711038,453753
711008,453753
710972,453753
710999,453753
711054,453753
710879,453753
710861,453753
710689,453753
710859,453753
710860,453753
710865,453753
710961,453753
711072,453753
710930,453753
710954,453753
710866,453753
710792,453753
710891,453753
711035,453753
710940,453753
711007,453753
711043,453753
711017,453753
711129,453753
711085,453753
711077,453753
710964,453753
711018,453753
710990,453753
711061,453753
711076,453753
711054,453753
711029,453753
711047,453753
711089,453753
710963,453753
710868,453753
710805,453753
710794,453753
710930,453753
710998,453753
710656,453753
711041,453753
710907,453753
710893,453753
710896,453753
710886,453753
710867,453753
710985,453753
710903,453753
710948,453753
710983,453753
710977,453753
711024,453753
711020,453753
710968,453753
711094,453753
711083,453753
711071,453753
711025,453753
710913,453753
710973,453753
711132,453753
711063,453753
711005,453753
711100,453753
711059,453753
710960,453753
710692,453753
710985,453753
710733,453753
710957,453753
710982,453753
711064,453753
710987,453753
710883,453753
710997,453753
711062,453753
710512,453753
710761,453753
710786,453753
710972,453753
710509,453753
710996,453753
710971,453753
711047,453753
711115,453753
711063,453753
711090,453753
711066,453753
711003,453753
711071,453753
710908,453753
710863,453753
711102,453753
711049,453753
711048,453753
710981,453753
711023,453753
711037,453753
711086,453753
710958,453753
711003,453753
711044,453753
710858,453753
710756,453753
711094,453753
710992,453753
711037,453753
710950,453753
710947,453753
710990,453753
710938,453753
710550,453753
710690,453753
710909,453753
710958,453753
711038,453753
711066,453753
711006,453753
711024,453753
711006,453753
711053,453753
711061,453753
710904,453753
710699,453753
711039,453753
711044,453753
710928,453753
710838,453753
711096,453753
711114,453753
711112,453753
711018,453753
710838,453753
710803,453753
710828,453753
711070,453753
711022,453753
710902,453753
710635,453753
710743,453753
710321,453753
711016,453753
710937,453753
711106,453753
710705,453753
710994,453753
711021,453753
711017,453753
711038,453753
711083,453753
711036,453753
711081,453753
711007,453753
711027,453753
710882,453753
710986,453753
711101,453753
711124,453753
711137,453753
711022,453753
711090,453753
711027,453753
710913,453753
711012,453753
711017,453753
711001,453753
710934,453753
710931,453753
710950,453753
710828,453753
710882,453753
710973,453753
710938,453753
710773,453753
710985,453753
711019,453753
711060,453753
710958,453753
710996,453753
711047,453753
711012,453753
711064,453753
710998,453753
711057,453753
711039,453753
710971,453753
711073,453753
711098,453753
711053,453753
710997,453753
710860,453753
710408,453753
710930,453753
710942,453753
710991,453753
710828,453753
710437,453753
710882,453753
711035,453753
710912,453753
710615,453753
710801,453753
710843,453753
710362,453753
710880,453753
711018,453753
711036,453753
710909,453753
711110,453753
710346,453753
710745,453753
710890,453753
710940,453753
711070,453753
710868,453753
711106,453753
711087,453753
711103,453753
711046,453753
711016,453753
711044,453753
710976,453753
710929,453753
710837,453753
710622,453753
710584,453753
710940,453753
711019,453753
711042,453753
710926,453753
710942,453753
711032,453753
711073,453753
711094,453753
711084,453753
711109,453753
711095,453753
711030,453753
710912,453753
711088,453753
711080,453753
711046,453753
711017,453753
711061,453753
710983,453753
710982,453753
710959,453753
710974,453753
710994,453753
711021,453753
711093,453753
710978,453753
710954,453753
710760,453753
711061,453753
711022,453753
711033,453753
711080,453753
710962,453753
710735,453753
710964,453753
711077,453753
711023,453753
710630,453753
710775,453753
711089,453753
711050,453753
711076,453753
711150,453546
