TRACE,NSNPS_JACKKNIFE
710339,453753
710326,453753
710245,453753
710279,453753
710236,453753
710275,453753
710152,453753
710151,453753
710236,453753
710193,453753
710261,453753
710057,453753
710306,453753
710214,453753
710257,453753
710253,453753
710139,453753
709856,453753
709938,453753
710107,453753
710269,453753
710276,453753
710187,453753
710239,453753
710256,453753
710235,453753
710089,453753
710065,453753
710196,453753
710215,453753
710223,453753
710129,453753
710224,453753
710117,453753
710212,453753
710202,453753
710186,453753
710143,453753
710234,453753
710271,453753
710268,453753
710234,453753
710140,453753
709957,453753
710019,453753
710162,453753
710213,453753
710241,453753
710298,453753
710287,453753
710285,453753
709988,453753
710099,453753
710111,453753
710024,453753
710196,453753
710206,453753
709983,453753
710138,453753
710054,453753
710232,453753
710280,453753
710255,453753
710203,453753
710168,453753
710252,453753
710202,453753
710137,453753
710158,453753
710089,453753
709828,453753
710230,453753
710265,453753
710336,453753
710314,453753
710278,453753
710308,453753
710271,453753
710319,453753
710237,453753
710049,453753
710215,453753
710302,453753
710341,453753
710350,453753
710280,453753
710305,453753
710325,453753
710256,453753
710260,453753
710098,453753
709995,453753
710253,453753
709567,453753
710212,453753
710140,453753
710241,453753
710221,453753
710200,453753
710313,453753
710108,453753
710168,453753
710058,453753
710053,453753
710045,453753
710117,453753
710218,453753
710232,453753
710228,453753
710220,453753
710217,453753
710180,453753
710099,453753
709991,453753
709938,453753
710071,453753
710220,453753
710202,453753
710116,453753
710045,453753
710076,453753
710293,453753
710070,453753
710162,453753
710227,453753
710188,453753
710123,453753
710180,453753
710082,453753
710171,453753
710082,453753
710174,453753
710133,453753
710232,453753
710064,453753
710236,453753
710264,453753
710266,453753
710021,453753
710232,453753
709873,453753
709748,453753
710174,453753
710105,453753
710056,453753
710024,453753
710197,453753
710135,453753
710225,453753
710220,453753
710240,453753
710296,453753
710262,453753
710218,453753
710248,453753
710225,453753
710259,453753
710253,453753
710315,453753
710216,453753
710184,453753
710211,453753
710266,453753
710334,453753
710346,453753
710305,453753
710251,453753
710264,453753
710254,453753
710214,453753
710134,453753
710219,453753
710237,453753
710222,453753
710253,453753
710202,453753
710227,453753
710155,453753
710130,453753
710144,453753
710108,453753
709164,453753
709366,453753
710197,453753
710131,453753
710321,453753
710249,453753
710281,453753
710284,453753
710251,453753
710348,453753
710304,453753
710035,453753
709775,453753
709758,453753
709581,453753
709842,453753
710027,453753
710265,453753
710182,453753
710138,453753
710257,453753
710252,453753
710018,453753
710173,453753
710223,453753
710177,453753
710260,453753
710134,453753
709981,453753
710174,453753
710260,453753
710255,453753
710269,453753
710091,453753
710149,453753
709814,453753
709840,453753
710037,453753
709957,453753
710333,453753
710265,453753
710276,453753
710237,453753
710136,453753
710260,453753
710296,453753
710271,453753
710312,453753
710330,453753
710188,453753
710015,453753
710069,453753
710344,453753
710332,453753
710300,453753
710176,453753
710214,453753
710053,453753
710232,453753
710109,453753
710284,453753
710300,453753
710250,453753
710210,453753
710209,453753
710201,453753
710215,453753
710275,453753
710033,453753
709967,453753
710215,453753
710187,453753
710111,453753
710165,453753
710134,453753
710161,453753
710210,453753
709973,453753
710231,453753
710267,453753
710130,453753
709727,453753
710139,453753
710157,453753
710108,453753
710140,453753
709683,453753
710239,453753
710203,453753
710183,453753
709860,453753
710169,453753
710131,453753
710118,453753
710061,453753
710242,453753
710249,453753
710172,453753
710027,453753
710183,453753
710124,453753
710211,453753
710206,453753
710090,453753
710266,453753
710259,453753
710166,453753
710226,453753
710279,453753
710302,453753
710307,453753
710316,453753
710278,453753
710323,453753
710288,453753
710211,453753
710217,453753
710340,453753
710284,453753
710302,453753
710229,453753
710381,453753
710241,453753
710244,453753
710292,453753
710241,453753
710226,453753
710193,453753
710305,453753
710281,453753
710218,453753
710046,453753
709778,453753
709644,453753
710104,453753
710212,453753
710058,453753
710084,453753
710154,453753
710238,453753
710272,453753
710204,453753
710190,453753
710151,453753
710049,453753
710102,453753
710126,453753
710129,453753
710053,453753
709687,453753
710162,453753
710182,453753
710290,453753
710225,453753
710267,453753
710134,453753
710202,453753
710239,453753
710060,453753
709969,453753
710134,453753
709813,453753
709766,453753
710209,453753
710124,453753
710253,453753
710112,453753
710161,453753
709425,453753
710233,453753
710205,453753
710247,453753
710363,453753
710337,453753
710303,453753
710343,453753
710334,453753
710260,453753
710256,453753
710289,453753
710339,453753
710275,453753
710299,453753
710212,453753
710301,453753
710224,453753
710277,453753
710167,453753
710237,453753
710236,453753
710189,453753
710216,453753
710205,453753
710172,453753
710180,453753
710066,453753
709745,453753
710066,453753
710003,453753
709441,453753
709822,453753
709996,453753
710183,453753
710092,453753
709931,453753
709871,453753
709855,453753
710098,453753
710210,453753
710136,453753
710077,453753
710130,453753
710182,453753
710109,453753
710088,453753
710069,453753
709854,453753
709955,453753
710222,453753
710201,453753
710225,453753
710218,453753
710227,453753
710300,453753
709685,453753
710155,453753
710152,453753
710169,453753
710244,453753
710254,453753
710260,453753
710214,453753
710278,453753
710326,453753
710288,453753
710280,453753
710235,453753
710061,453753
710124,453753
710157,453753
710221,453753
710253,453753
710163,453753
710307,453753
710189,453753
710256,453753
710255,453753
710104,453753
710215,453753
710203,453753
710265,453753
709887,453753
710209,453753
710216,453753
710220,453753
710245,453753
710161,453753
710141,453753
710119,453753
710109,453753
709976,453753
709298,453753
710071,453753
710196,453753
710248,453753
710306,453753
710275,453753
710094,453753
710059,453753
710200,453753
710201,453753
709990,453753
710034,453753
710273,453753
710178,453753
710245,453753
710184,453753
710108,453753
710067,453753
710044,453753
710152,453753
710314,453753
710172,453753
710328,453753
710282,453753
710142,453753
710228,453753
710279,453753
710137,453753
710340,453753
710362,453753
710262,453753
710137,453753
710076,453753
710156,453753
710136,453753
710255,453753
710257,453753
709849,453753
708887,453753
709167,453753
710204,453753
710223,453753
710259,453753
710202,453753
710211,453753
710022,453753
710218,453753
710233,453753
710234,453753
710054,453753
710192,453753
710173,453753
709618,453753
710031,453753
710206,453753
710138,453753
710213,453753
710127,453753
710175,453753
710276,453753
710290,453753
710161,453753
710057,453753
710191,453753
710060,453753
710101,453753
710195,453753
710287,453753
710189,453753
710179,453753
710173,453753
709983,453753
710049,453753
710259,453753
710242,453753
710308,453753
710282,453753
710312,453753
710198,453753
710249,453753
710240,453753
710206,453753
710284,453753
710276,453753
710211,453753
710179,453753
710321,453753
710312,453753
710230,453753
710293,453753
710302,453753
710279,453753
710231,453753
710143,453753
710297,453753
710178,453753
710303,453753
709937,453753
710166,453753
709971,453753
709819,453753
710257,453753
710111,453753
710170,453753
710293,453753
710177,453753
710173,453753
710277,453753
710244,453753
710292,453753
710238,453753
710062,453753
709990,453753
710217,453753
710156,453753
710175,453753
710287,453753
710186,453753
710106,453753
710247,453753
710145,453753
710239,453753
710181,453753
710137,453753
710251,453753
710263,453753
710330,453753
710256,453753
710309,453753
710166,453753
710168,453753
710270,453753
710293,453753
710255,453753
710255,453753
710300,453753
710265,453753
710238,453753
710263,453753
710266,453753
710106,453753
710127,453753
710170,453753
710185,453753
710286,453753
710113,453753
709932,453753
709710,453753
710094,453753
710224,453753
710251,453753
710049,453753
710221,453753
710127,453753
710166,453753
710132,453753
710231,453753
710152,453753
709053,453753
710239,453753
710247,453753
710180,453753
710228,453753
710099,453753
710127,453753
710204,453753
710146,453753
709903,453753
710186,453753
710192,453753
710272,453753
710251,453753
710326,453753
710244,453753
710267,453753
710168,453753
710311,453753
710269,453753
710329,453753
710243,453753
710181,453753
709480,453753
710262,453753
709986,453753
709840,453753
710125,453753
710042,453753
710312,453753
710212,453753
710232,453753
710346,453753
710285,453753
710246,453753
710102,453753
710097,453753
710229,453753
710294,453753
710179,453753
710178,453753
710215,453753
707383,453753
702920,453753
708786,453753
710082,453753
710072,453753
709970,453753
710263,453753
710091,453753
710199,453753
710299,453753
710174,453753
709569,453753
710007,453753
710046,453753
710178,453753
710294,453753
710162,453753
710044,453753
710059,453753
710162,453753
710161,453753
710250,453753
710249,453753
710236,453753
710337,453753
710253,453753
710084,453753
710313,453753
710277,453753
710317,453753
710322,453753
710223,453753
710251,453753
710284,453753
710301,453753
710271,453753
710167,453753
710275,453753
710275,453753
710218,453753
710202,453753
710192,453753
710279,453753
710219,453753
710188,453753
709884,453753
709205,453753
710119,453753
710156,453753
709907,453753
710081,453753
710057,453753
710085,453753
710106,453753
710215,453753
710302,453753
710218,453753
710183,453753
710267,453753
710188,453753
709947,453753
710013,453753
710264,453753
710160,453753
710081,453753
710229,453753
710212,453753
710192,453753
710225,453753
710078,453753
710161,453753
710319,453753
710320,453753
710107,453753
709914,453753
710346,453753
710367,453753
710341,453753
710327,453753
710171,453753
710102,453753
710339,453753
710198,453753
710207,453753
710280,453753
710285,453753
710311,453753
710268,453753
710226,453753
710223,453753
710249,453753
710251,453753
710166,453753
710145,453753
709968,453753
710142,453753
710115,453753
710112,453753
710225,453753
710336,453753
710222,453753
710251,453753
710158,453753
710035,453753
710126,453753
710255,453753
710209,453753
710229,453753
710268,453753
710242,453753
710374,453753
710330,453753
710303,453753
710237,453753
710288,453753
710197,453753
710275,453753
710315,453753
710274,453753
710276,453753
710311,453753
710334,453753
710226,453753
710100,453753
710031,453753
710048,453753
710206,453753
710249,453753
709833,453753
710254,453753
710131,453753
710143,453753
710152,453753
710183,453753
710075,453753
710251,453753
710161,453753
710217,453753
710241,453753
710217,453753
710268,453753
710247,453753
710185,453753
710330,453753
710301,453753
710290,453753
710268,453753
710169,453753
710270,453753
710386,453753
710320,453753
710257,453753
710339,453753
710322,453753
710177,453753
709993,453753
710229,453753
709988,453753
710215,453753
710209,453753
710294,453753
710226,453753
710133,453753
710199,453753
710321,453753
709806,453753
710034,453753
710091,453753
710243,453753
709816,453753
710246,453753
710218,453753
710302,453753
710361,453753
710322,453753
710353,453753
710309,453753
710241,453753
710289,453753
710095,453753
710124,453753
710348,453753
710253,453753
710264,453753
710224,453753
710273,453753
710269,453753
710313,453753
710192,453753
710245,453753
710302,453753
710122,453753
710046,453753
710298,453753
710234,453753
710296,453753
710172,453753
710228,453753
710253,453753
710214,453753
709834,453753
709880,453753
710131,453753
710207,453753
710285,453753
710318,453753
710262,453753
710265,453753
710263,453753
710304,453753
710322,453753
710142,453753
709979,453753
710245,453753
710310,453753
710166,453753
710093,453753
710341,453753
710332,453753
710359,453753
710279,453753
710115,453753
710110,453753
710115,453753
710316,453753
710257,453753
710097,453753
709862,453753
709976,453753
709600,453753
710258,453753
710173,453753
710356,453753
709978,453753
710236,453753
710275,453753
710290,453753
710299,453753
710349,453753
710287,453753
710307,453753
710252,453753
710273,453753
710075,453753
710147,453753
710345,453753
710386,453753
710391,453753
710299,453753
710330,453753
710274,453753
710201,453753
710263,453753
710261,453753
710243,453753
710208,453753
710144,453753
710233,453753
710075,453753
710130,453753
710203,453753
710158,453753
710003,453753
710189,453753
710288,453753
710296,453753
710227,453753
710247,453753
710295,453753
710252,453753
710310,453753
710235,453753
710312,453753
710297,453753
710237,453753
710298,453753
710337,453753
710264,453753
710229,453753
710102,453753
709646,453753
710176,453753
710185,453753
710215,453753
710006,453753
709706,453753
710113,453753
710276,453753
710222,453753
709899,453753
710092,453753
710096,453753
709571,453753
710130,453753
710243,453753
710285,453753
710199,453753
710320,453753
709636,453753
709964,453753
710132,453753
710192,453753
710310,453753
710158,453753
710334,453753
710310,453753
710325,453753
710298,453753
710240,453753
710305,453753
710246,453753
710201,453753
710133,453753
709911,453753
709867,453753
710199,453753
710251,453753
710252,453753
710170,453753
710233,453753
710280,453753
710299,453753
710316,453753
710335,453753
710364,453753
710332,453753
710306,453753
710150,453753
710353,453753
710325,453753
710305,453753
710283,453753
710311,453753
710239,453753
710189,453753
710221,453753
710213,453753
710211,453753
710272,453753
710331,453753
710230,453753
710216,453753
710045,453753
710300,453753
710315,453753
710235,453753
710326,453753
710240,453753
709885,453753
710192,453753
710324,453753
710301,453753
709933,453753
710015,453753
710313,453753
710269,453753
710332,453753
710408,453546
