TRACE,NSNPS_JACKKNIFE
708848,453753
708866,453753
708736,453753
708795,453753
708744,453753
708804,453753
708720,453753
708718,453753
708776,453753
708716,453753
708753,453753
708632,453753
708835,453753
708729,453753
708805,453753
708769,453753
708668,453753
708375,453753
708413,453753
708586,453753
708813,453753
708824,453753
708709,453753
708778,453753
708805,453753
708797,453753
708637,453753
708592,453753
708767,453753
708755,453753
708680,453753
708678,453753
708706,453753
708661,453753
708760,453753
708749,453753
708702,453753
708677,453753
708741,453753
708757,453753
708799,453753
708743,453753
708716,453753
708501,453753
708610,453753
708671,453753
708730,453753
708790,453753
708787,453753
708832,453753
708837,453753
708487,453753
708635,453753
708679,453753
708593,453753
708727,453753
708739,453753
708569,453753
708654,453753
708627,453753
708753,453753
708827,453753
708826,453753
708728,453753
708719,453753
708755,453753
708758,453753
708651,453753
708686,453753
708684,453753
708390,453753
708734,453753
708780,453753
708848,453753
708813,453753
708795,453753
708865,453753
708763,453753
708862,453753
708777,453753
708577,453753
708787,453753
708832,453753
708872,453753
708880,453753
708817,453753
708841,453753
708838,453753
708768,453753
708755,453753
708594,453753
708537,453753
708778,453753
708001,453753
708763,453753
708626,453753
708770,453753
708729,453753
708745,453753
708813,453753
708620,453753
708696,453753
708646,453753
708573,453753
708579,453753
708594,453753
708783,453753
708777,453753
708754,453753
708728,453753
708787,453753
708686,453753
708643,453753
708525,453753
708500,453753
708598,453753
708774,453753
708743,453753
708681,453753
708543,453753
708627,453753
708838,453753
708650,453753
708709,453753
708746,453753
708699,453753
708692,453753
708711,453753
708631,453753
708716,453753
708621,453753
708742,453753
708680,453753
708749,453753
708608,453753
708745,453753
708795,453753
708767,453753
708558,453753
708732,453753
708358,453753
708245,453753
708694,453753
708614,453753
708626,453753
708591,453753
708711,453753
708694,453753
708751,453753
708754,453753
708770,453753
708796,453753
708803,453753
708761,453753
708747,453753
708784,453753
708783,453753
708767,453753
708853,453753
708756,453753
708685,453753
708718,453753
708820,453753
708881,453753
708859,453753
708859,453753
708776,453753
708812,453753
708783,453753
708739,453753
708621,453753
708737,453753
708763,453753
708748,453753
708802,453753
708718,453753
708725,453753
708666,453753
708664,453753
708680,453753
708648,453753
707717,453753
707849,453753
708711,453753
708654,453753
708819,453753
708805,453753
708847,453753
708811,453753
708769,453753
708849,453753
708822,453753
708548,453753
708255,453753
708287,453753
708172,453753
708324,453753
708606,453753
708764,453753
708691,453753
708656,453753
708768,453753
708748,453753
708528,453753
708725,453753
708730,453753
708681,453753
708766,453753
708648,453753
708572,453753
708723,453753
708774,453753
708815,453753
708812,453753
708615,453753
708664,453753
708306,453753
708389,453753
708558,453753
708376,453753
708854,453753
708829,453753
708774,453753
708786,453753
708655,453753
708808,453753
708835,453753
708804,453753
708839,453753
708844,453753
708684,453753
708585,453753
708612,453753
708864,453753
708879,453753
708806,453753
708689,453753
708719,453753
708565,453753
708773,453753
708668,453753
708824,453753
708836,453753
708749,453753
708752,453753
708734,453753
708733,453753
708732,453753
708765,453753
708541,453753
708446,453753
708759,453753
708724,453753
708580,453753
708649,453753
708637,453753
708699,453753
708698,453753
708470,453753
708741,453753
708798,453753
708592,453753
708250,453753
708637,453753
708659,453753
708654,453753
708648,453753
708229,453753
708768,453753
708701,453753
708700,453753
708444,453753
708675,453753
708653,453753
708642,453753
708575,453753
708803,453753
708781,453753
708675,453753
708497,453753
708678,453753
708640,453753
708773,453753
708732,453753
708649,453753
708771,453753
708779,453753
708711,453753
708745,453753
708806,453753
708841,453753
708828,453753
708852,453753
708797,453753
708848,453753
708810,453753
708723,453753
708738,453753
708849,453753
708792,453753
708835,453753
708806,453753
708894,453753
708708,453753
708801,453753
708792,453753
708737,453753
708783,453753
708704,453753
708834,453753
708805,453753
708724,453753
708578,453753
708259,453753
708164,453753
708598,453753
708743,453753
708594,453753
708647,453753
708702,453753
708697,453753
708764,453753
708694,453753
708771,453753
708662,453753
708604,453753
708637,453753
708716,453753
708658,453753
708598,453753
708182,453753
708682,453753
708719,453753
708767,453753
708739,453753
708771,453753
708606,453753
708692,453753
708793,453753
708625,453753
708496,453753
708716,453753
708292,453753
708286,453753
708741,453753
708605,453753
708765,453753
708645,453753
708678,453753
708064,453753
708742,453753
708760,453753
708771,453753
708866,453753
708850,453753
708844,453753
708858,453753
708860,453753
708776,453753
708750,453753
708817,453753
708865,453753
708783,453753
708805,453753
708718,453753
708821,453753
708749,453753
708782,453753
708713,453753
708774,453753
708751,453753
708732,453753
708710,453753
708738,453753
708680,453753
708730,453753
708549,453753
708275,453753
708566,453753
708553,453753
707977,453753
708389,453753
708611,453753
708683,453753
708575,453753
708439,453753
708489,453753
708407,453753
708589,453753
708712,453753
708707,453753
708585,453753
708669,453753
708709,453753
708699,453753
708618,453753
708609,453753
708417,453753
708520,453753
708741,453753
708740,453753
708750,453753
708760,453753
708744,453753
708832,453753
708164,453753
708679,453753
708685,453753
708680,453753
708778,453753
708779,453753
708803,453753
708741,453753
708805,453753
708870,453753
708825,453753
708813,453753
708748,453753
708547,453753
708613,453753
708713,453753
708742,453753
708767,453753
708644,453753
708807,453753
708744,453753
708807,453753
708735,453753
708595,453753
708736,453753
708750,453753
708793,453753
708497,453753
708724,453753
708791,453753
708756,453753
708770,453753
708719,453753
708700,453753
708667,453753
708684,453753
708525,453753
707736,453753
708618,453753
708689,453753
708762,453753
708832,453753
708832,453753
708655,453753
708557,453753
708660,453753
708742,453753
708516,453753
708607,453753
708827,453753
708719,453753
708774,453753
708745,453753
708638,453753
708548,453753
708566,453753
708665,453753
708808,453753
708649,453753
708846,453753
708809,453753
708690,453753
708749,453753
708835,453753
708721,453753
708861,453753
708873,453753
708810,453753
708661,453753
708573,453753
708685,453753
708665,453753
708774,453753
708808,453753
708411,453753
707494,453753
707817,453753
708680,453753
708765,453753
708797,453753
708730,453753
708763,453753
708606,453753
708774,453753
708776,453753
708761,453753
708589,453753
708747,453753
708694,453753
708194,453753
708556,453753
708707,453753
708665,453753
708759,453753
708662,453753
708686,453753
708800,453753
708835,453753
708675,453753
708650,453753
708713,453753
708596,453753
708643,453753
708748,453753
708831,453753
708684,453753
708661,453753
708682,453753
708487,453753
708552,453753
708755,453753
708782,453753
708805,453753
708800,453753
708830,453753
708686,453753
708782,453753
708774,453753
708776,453753
708815,453753
708801,453753
708722,453753
708687,453753
708813,453753
708847,453753
708759,453753
708773,453753
708823,453753
708792,453753
708755,453753
708626,453753
708780,453753
708616,453753
708823,453753
708575,453753
708693,453753
708483,453753
708304,453753
708728,453753
708655,453753
708710,453753
708800,453753
708716,453753
708721,453753
708776,453753
708782,453753
708811,453753
708795,453753
708616,453753
708543,453753
708696,453753
708630,453753
708712,453753
708799,453753
708741,453753
708582,453753
708772,453753
708686,453753
708783,453753
708745,453753
708645,453753
708771,453753
708754,453753
708851,453753
708746,453753
708849,453753
708738,453753
708698,453753
708785,453753
708810,453753
708772,453753
708790,453753
708788,453753
708788,453753
708768,453753
708774,453753
708837,453753
708658,453753
708631,453753
708722,453753
708748,453753
708810,453753
708692,453753
708428,453753
708190,453753
708672,453753
708744,453753
708774,453753
708625,453753
708739,453753
708660,453753
708681,453753
708670,453753
708792,453753
708643,453753
707712,453753
708801,453753
708787,453753
708676,453753
708758,453753
708570,453753
708690,453753
708695,453753
708622,453753
708472,453753
708708,453753
708723,453753
708799,453753
708771,453753
708834,453753
708740,453753
708792,453753
708761,453753
708816,453753
708754,453753
708871,453753
708773,453753
708675,453753
708154,453753
708801,453753
708512,453753
708348,453753
708567,453753
708658,453753
708826,453753
708726,453753
708743,453753
708870,453753
708825,453753
708795,453753
708620,453753
708679,453753
708747,453753
708802,453753
708719,453753
708727,453753
708754,453753
706233,453753
702771,453753
707451,453753
708619,453753
708627,453753
708478,453753
708777,453753
708624,453753
708723,453753
708798,453753
708658,453753
708020,453753
708573,453753
708567,453753
708715,453753
708800,453753
708738,453753
708586,453753
708548,453753
708701,453753
708704,453753
708753,453753
708774,453753
708776,453753
708875,453753
708808,453753
708591,453753
708834,453753
708819,453753
708835,453753
708834,453753
708710,453753
708781,453753
708828,453753
708860,453753
708797,453753
708694,453753
708787,453753
708792,453753
708702,453753
708701,453753
708737,453753
708827,453753
708713,453753
708710,453753
708509,453753
707838,453753
708602,453753
708729,453753
708508,453753
708609,453753
708593,453753
708687,453753
708688,453753
708733,453753
708819,453753
708753,453753
708706,453753
708773,453753
708724,453753
708503,453753
708551,453753
708787,453753
708712,453753
708638,453753
708741,453753
708729,453753
708750,453753
708781,453753
708623,453753
708653,453753
708828,453753
708840,453753
708688,453753
708490,453753
708853,453753
708882,453753
708874,453753
708850,453753
708718,453753
708624,453753
708854,453753
708740,453753
708737,453753
708829,453753
708824,453753
708842,453753
708811,453753
708777,453753
708725,453753
708752,453753
708811,453753
708665,453753
708629,453753
708444,453753
708650,453753
708656,453753
708589,453753
708714,453753
708842,453753
708687,453753
708716,453753
708650,453753
708607,453753
708665,453753
708779,453753
708727,453753
708753,453753
708788,453753
708769,453753
708871,453753
708836,453753
708842,453753
708731,453753
708803,453753
708726,453753
708805,453753
708848,453753
708809,453753
708771,453753
708807,453753
708850,453753
708745,453753
708624,453753
708608,453753
708563,453753
708739,453753
708763,453753
708388,453753
708783,453753
708672,453753
708712,453753
708692,453753
708705,453753
708638,453753
708743,453753
708682,453753
708733,453753
708732,453753
708755,453753
708813,453753
708789,453753
708710,453753
708865,453753
708838,453753
708839,453753
708783,453753
708667,453753
708761,453753
708908,453753
708839,453753
708760,453753
708891,453753
708822,453753
708705,453753
708467,453753
708771,453753
708511,453753
708756,453753
708739,453753
708797,453753
708751,453753
708673,453753
708754,453753
708833,453753
708399,453753
708572,453753
708602,453753
708781,453753
708341,453753
708779,453753
708755,453753
708841,453753
708905,453753
708854,453753
708895,453753
708834,453753
708768,453753
708821,453753
708604,453753
708628,453753
708859,453753
708791,453753
708785,453753
708730,453753
708800,453753
708802,453753
708841,453753
708709,453753
708783,453753
708837,453753
708610,453753
708537,453753
708844,453753
708756,453753
708827,453753
708723,453753
708726,453753
708769,453753
708722,453753
708334,453753
708477,453753
708643,453753
708742,453753
708808,453753
708858,453753
708742,453753
708760,453753
708794,453753
708837,453753
708831,453753
708646,453753
708517,453753
708781,453753
708824,453753
708734,453753
708621,453753
708861,453753
708878,453753
708883,453753
708791,453753
708593,453753
708629,453753
708619,453753
708858,453753
708763,453753
708661,453753
708375,453753
708421,453753
707945,453753
708824,453753
708685,453753
708878,453753
708501,453753
708744,453753
708789,453753
708814,453753
708814,453753
708853,453753
708798,453753
708855,453753
708792,453753
708789,453753
708655,453753
708693,453753
708862,453753
708904,453753
708917,453753
708803,453753
708874,453753
708809,453753
708672,453753
708802,453753
708778,453753
708735,453753
708703,453753
708659,453753
708722,453753
708620,453753
708664,453753
708725,453753
708717,453753
708510,453753
708739,453753
708792,453753
708804,453753
708736,453753
708764,453753
708821,453753
708797,453753
708820,453753
708789,453753
708848,453753
708821,453753
708770,453753
708809,453753
708863,453753
708816,453753
708742,453753
708598,453753
708052,453753
708726,453753
708695,453753
708735,453753
708576,453753
708288,453753
708649,453753
708804,453753
708709,453753
708400,453753
708560,453753
708586,453753
708124,453753
708644,453753
708793,453753
708810,453753
708668,453753
708860,453753
708180,453753
708514,453753
708657,453753
708684,453753
708839,453753
708691,453753
708883,453753
708858,453753
708860,453753
708792,453753
708766,453753
708814,453753
708763,453753
708710,453753
708649,453753
708446,453753
708308,453753
708687,453753
708760,453753
708787,453753
708717,453753
708746,453753
708792,453753
708810,453753
708853,453753
708837,453753
708859,453753
708844,453753
708791,453753
708692,453753
708863,453753
708858,453753
708851,453753
708780,453753
708843,453753
708798,453753
708751,453753
708739,453753
708756,453753
708728,453753
708819,453753
708881,453753
708754,453753
708718,453753
708590,453753
708836,453753
708831,453753
708792,453753
708842,453753
708742,453753
708417,453753
708746,453753
708842,453753
708791,453753
708421,453753
708542,453753
708860,453753
708815,453753
708841,453753
708896,453546
