TRACE,NSNPS_JACKKNIFE
711276,453753
711273,453753
711191,453753
711270,453753
711188,453753
711257,453753
711108,453753
711103,453753
711210,453753
711121,453753
711231,453753
711015,453753
711280,453753
711164,453753
711251,453753
711206,453753
711093,453753
710849,453753
710916,453753
711068,453753
711219,453753
711237,453753
711139,453753
711221,453753
711240,453753
711187,453753
711033,453753
711072,453753
711193,453753
711202,453753
711161,453753
711110,453753
711137,453753
711110,453753
711185,453753
711197,453753
711151,453753
711122,453753
711199,453753
711194,453753
711252,453753
711198,453753
711163,453753
710955,453753
711017,453753
711074,453753
711181,453753
711225,453753
711229,453753
711253,453753
711240,453753
710923,453753
711035,453753
711105,453753
711015,453753
711174,453753
711138,453753
710888,453753
711076,453753
711047,453753
711158,453753
711271,453753
711243,453753
711157,453753
711125,453753
711191,453753
711165,453753
711079,453753
711117,453753
711066,453753
710827,453753
711195,453753
711212,453753
711311,453753
711256,453753
711257,453753
711289,453753
711224,453753
711304,453753
711196,453753
711046,453753
711177,453753
711283,453753
711318,453753
711283,453753
711252,453753
711277,453753
711290,453753
711204,453753
711206,453753
711070,453753
711025,453753
711219,453753
710388,453753
711221,453753
711100,453753
711161,453753
711173,453753
711190,453753
711254,453753
711054,453753
711141,453753
711047,453753
711006,453753
711011,453753
711045,453753
711243,453753
711191,453753
711184,453753
711224,453753
711234,453753
711127,453753
711068,453753
710970,453753
711008,453753
710970,453753
711177,453753
711147,453753
711099,453753
710988,453753
711055,453753
711251,453753
711072,453753
711156,453753
711198,453753
711113,453753
711084,453753
711116,453753
711042,453753
711144,453753
711107,453753
711179,453753
711126,453753
711183,453753
711074,453753
711166,453753
711236,453753
711219,453753
711008,453753
711153,453753
710779,453753
710684,453753
711114,453753
711073,453753
711058,453753
711060,453753
711120,453753
711121,453753
711185,453753
711220,453753
711201,453753
711225,453753
711225,453753
711189,453753
711227,453753
711203,453753
711221,453753
711219,453753
711306,453753
711205,453753
711147,453753
711154,453753
711243,453753
711294,453753
711307,453753
711278,453753
711219,453753
711244,453753
711202,453753
711181,453753
711089,453753
711211,453753
711176,453753
711176,453753
711217,453753
711198,453753
711200,453753
711111,453753
711059,453753
711100,453753
711089,453753
710221,453753
710247,453753
711153,453753
711098,453753
711255,453753
711236,453753
711267,453753
711236,453753
711187,453753
711281,453753
711252,453753
710954,453753
710704,453753
710747,453753
710586,453753
710808,453753
711031,453753
711199,453753
711100,453753
711106,453753
711238,453753
711212,453753
710917,453753
711172,453753
711154,453753
711107,453753
711203,453753
711133,453753
710921,453753
711159,453753
711194,453753
711206,453753
711242,453753
711103,453753
711097,453753
710780,453753
710790,453753
710985,453753
710908,453753
711294,453753
711260,453753
711199,453753
711218,453753
711087,453753
711236,453753
711259,453753
711237,453753
711279,453753
711262,453753
711134,453753
711035,453753
711000,453753
711305,453753
711295,453753
711277,453753
711117,453753
711153,453753
710998,453753
711219,453753
711090,453753
711222,453753
711281,453753
711187,453753
711163,453753
711174,453753
711149,453753
711173,453753
711205,453753
711024,453753
710962,453753
711204,453753
711181,453753
711046,453753
711112,453753
711070,453753
711120,453753
711137,453753
710926,453753
711157,453753
711261,453753
711054,453753
710675,453753
711100,453753
711127,453753
711062,453753
711050,453753
710592,453753
711203,453753
711188,453753
711109,453753
710889,453753
711124,453753
711098,453753
711037,453753
711039,453753
711226,453753
711218,453753
711116,453753
710927,453753
711118,453753
711113,453753
711211,453753
711183,453753
711076,453753
711209,453753
711240,453753
711146,453753
711205,453753
711263,453753
711267,453753
711283,453753
711283,453753
711204,453753
711257,453753
711251,453753
711164,453753
711151,453753
711290,453753
711246,453753
711238,453753
711213,453753
711318,453753
711187,453753
711244,453753
711240,453753
711204,453753
711195,453753
711171,453753
711251,453753
711246,453753
711164,453753
710985,453753
710661,453753
710539,453753
711051,453753
711164,453753
711051,453753
711128,453753
711111,453753
711207,453753
711195,453753
711169,453753
711192,453753
711124,453753
711029,453753
711058,453753
711116,453753
711127,453753
711016,453753
710619,453753
711146,453753
711148,453753
711202,453753
711174,453753
711177,453753
711056,453753
711175,453753
711224,453753
711011,453753
710915,453753
711115,453753
710705,453753
710692,453753
711187,453753
711088,453753
711204,453753
711043,453753
711108,453753
710076,453753
711174,453753
711170,453753
711183,453753
711304,453753
711301,453753
711243,453753
711297,453753
711302,453753
711205,453753
711197,453753
711254,453753
711269,453753
711237,453753
711258,453753
711124,453753
711226,453753
711178,453753
711213,453753
711155,453753
711202,453753
711219,453753
711172,453753
711133,453753
711192,453753
711130,453753
711191,453753
711008,453753
710656,453753
710997,453753
711008,453753
710391,453753
710851,453753
711056,453753
711139,453753
711049,453753
710866,453753
710862,453753
710864,453753
711049,453753
711203,453753
711151,453753
711059,453753
711037,453753
711155,453753
711062,453753
711016,453753
711050,453753
710880,453753
710964,453753
711221,453753
711182,453753
711219,453753
711212,453753
711192,453753
711272,453753
710644,453753
711099,453753
711108,453753
711117,453753
711209,453753
711241,453753
711236,453753
711195,453753
711216,453753
711280,453753
711241,453753
711235,453753
711180,453753
711000,453753
711021,453753
711159,453753
711211,453753
711248,453753
711101,453753
711238,453753
711164,453753
711241,453753
711198,453753
711040,453753
711184,453753
711132,453753
711211,453753
710844,453753
711147,453753
711163,453753
711182,453753
711212,453753
711126,453753
711125,453753
711088,453753
711102,453753
710971,453753
710217,453753
711060,453753
711139,453753
711188,453753
711273,453753
711232,453753
711071,453753
711012,453753
711099,453753
711180,453753
710929,453753
711010,453753
711231,453753
711179,453753
711170,453753
711161,453753
711048,453753
710998,453753
710992,453753
711086,453753
711270,453753
711118,453753
711306,453753
711236,453753
711139,453753
711169,453753
711239,453753
711153,453753
711300,453753
711304,453753
711247,453753
711141,453753
711032,453753
711146,453753
711121,453753
711187,453753
711245,453753
710879,453753
710211,453753
710480,453753
711181,453753
711193,453753
711215,453753
711103,453753
711187,453753
710997,453753
711242,453753
711177,453753
711215,453753
711047,453753
711202,453753
711168,453753
710661,453753
711021,453753
711190,453753
711099,453753
711176,453753
711113,453753
711121,453753
711227,453753
711291,453753
711147,453753
711096,453753
711140,453753
711003,453753
711059,453753
711183,453753
711243,453753
711127,453753
711129,453753
711128,453753
710984,453753
710979,453753
711209,453753
711191,453753
711233,453753
711256,453753
711273,453753
711150,453753
711261,453753
711196,453753
711219,453753
711264,453753
711246,453753
711204,453753
711152,453753
711263,453753
711281,453753
711208,453753
711235,453753
711299,453753
711233,453753
711205,453753
711121,453753
711246,453753
711128,453753
711277,453753
710972,453753
711144,453753
710887,453753
710712,453753
711198,453753
711108,453753
711150,453753
711250,453753
711145,453753
711144,453753
711223,453753
711178,453753
711295,453753
711216,453753
711055,453753
710990,453753
711167,453753
711120,453753
711124,453753
711231,453753
711151,453753
711042,453753
711204,453753
711133,453753
711223,453753
711136,453753
711105,453753
711190,453753
711209,453753
711278,453753
711235,453753
711288,453753
711151,453753
711168,453753
711240,453753
711260,453753
711243,453753
711199,453753
711220,453753
711213,453753
711200,453753
711245,453753
711222,453753
711115,453753
711102,453753
711152,453753
711173,453753
711230,453753
711111,453753
710941,453753
710605,453753
711123,453753
711177,453753
711189,453753
711004,453753
711178,453753
711092,453753
711137,453753
711106,453753
711231,453753
711100,453753
709973,453753
711218,453753
711236,453753
711128,453753
711177,453753
711020,453753
711088,453753
711181,453753
711089,453753
710923,453753
711167,453753
711127,453753
711235,453753
711221,453753
711263,453753
711209,453753
711212,453753
711213,453753
711270,453753
711227,453753
711288,453753
711222,453753
711103,453753
710593,453753
711258,453753
710919,453753
710807,453753
711041,453753
711038,453753
711275,453753
711133,453753
711206,453753
711321,453753
711275,453753
711221,453753
711066,453753
711120,453753
711211,453753
711249,453753
711129,453753
711120,453753
711144,453753
708290,453753
703453,453753
709821,453753
711053,453753
711041,453753
710951,453753
711188,453753
711048,453753
711174,453753
711257,453753
711105,453753
710439,453753
711002,453753
710988,453753
711144,453753
711250,453753
711101,453753
711038,453753
711024,453753
711127,453753
711117,453753
711207,453753
711216,453753
711213,453753
711294,453753
711257,453753
711040,453753
711299,453753
711252,453753
711269,453753
711299,453753
711168,453753
711220,453753
711274,453753
711282,453753
711249,453753
711111,453753
711248,453753
711199,453753
711183,453753
711185,453753
711196,453753
711269,453753
711139,453753
711160,453753
710930,453753
710257,453753
711071,453753
711170,453753
710922,453753
711054,453753
711052,453753
711096,453753
711063,453753
711149,453753
711217,453753
711173,453753
711128,453753
711207,453753
711179,453753
710926,453753
710966,453753
711224,453753
711154,453753
711052,453753
711224,453753
711172,453753
711171,453753
711212,453753
711106,453753
711034,453753
711234,453753
711271,453753
711117,453753
710947,453753
711258,453753
711311,453753
711294,453753
711272,453753
711148,453753
711013,453753
711304,453753
711207,453753
711181,453753
711247,453753
711276,453753
711270,453753
711187,453753
711205,453753
711197,453753
711193,453753
711245,453753
711102,453753
711129,453753
710900,453753
711091,453753
711083,453753
711063,453753
711186,453753
711284,453753
711173,453753
711183,453753
711133,453753
711035,453753
711128,453753
711224,453753
711192,453753
711192,453753
711236,453753
711232,453753
711330,453753
711303,453753
711268,453753
711184,453753
711255,453753
711162,453753
711249,453753
711267,453753
711267,453753
711209,453753
711267,453753
711304,453753
711193,453753
711077,453753
711005,453753
711044,453753
711137,453753
711189,453753
710908,453753
711214,453753
711101,453753
711121,453753
711125,453753
711111,453753
710993,453753
711181,453753
711134,453753
711156,453753
711179,453753
711192,453753
711260,453753
711218,453753
711174,453753
711302,453753
711280,453753
711291,453753
711256,453753
711109,453753
711175,453753
711333,453753
711293,453753
711221,453753
711297,453753
711255,453753
711178,453753
710961,453753
711203,453753
710971,453753
711187,453753
711159,453753
711248,453753
711211,453753
711096,453753
711180,453753
711267,453753
710772,453753
710965,453753
711047,453753
711214,453753
710750,453753
711200,453753
711158,453753
711279,453753
711331,453753
711278,453753
711328,453753
711289,453753
711178,453753
711261,453753
711068,453753
711058,453753
711305,453753
711245,453753
711246,453753
711200,453753
711242,453753
711242,453753
711285,453753
711146,453753
711212,453753
711259,453753
711090,453753
711017,453753
711296,453753
711209,453753
711250,453753
711165,453753
711180,453753
711205,453753
711153,453753
710771,453753
710898,453753
711070,453753
711171,453753
711255,453753
711264,453753
711197,453753
711230,453753
711221,453753
711281,453753
711248,453753
711083,453753
710921,453753
711225,453753
711228,453753
711153,453753
711058,453753
711277,453753
711295,453753
711309,453753
711221,453753
711101,453753
711040,453753
711036,453753
711293,453753
711241,453753
711055,453753
710864,453753
710880,453753
710424,453753
711237,453753
711140,453753
711288,453753
710971,453753
711190,453753
711250,453753
711242,453753
711270,453753
711304,453753
711231,453753
711283,453753
711234,453753
711211,453753
711086,453753
711148,453753
711294,453753
711332,453753
711349,453753
711249,453753
711297,453753
711254,453753
711158,453753
711213,453753
711208,453753
711170,453753
711148,453753
711136,453753
711213,453753
711080,453753
711088,453753
711183,453753
711148,453753
710967,453753
711164,453753
711246,453753
711258,453753
711183,453753
711204,453753
711264,453753
711208,453753
711267,453753
711227,453753
711280,453753
711252,453753
711216,453753
711245,453753
711285,453753
711244,453753
711217,453753
711076,453753
710590,453753
711176,453753
711126,453753
711206,453753
710992,453753
710698,453753
711095,453753
711222,453753
711146,453753
710869,453753
710990,453753
711019,453753
710641,453753
711106,453753
711185,453753
711257,453753
711182,453753
711280,453753
710420,453753
710861,453753
711087,453753
711166,453753
711295,453753
711148,453753
711287,453753
711300,453753
711291,453753
711233,453753
711203,453753
711251,453753
711173,453753
711168,453753
711067,453753
710847,453753
710782,453753
711137,453753
711220,453753
711216,453753
711090,453753
711191,453753
711231,453753
711225,453753
711285,453753
711282,453753
711305,453753
711302,453753
711242,453753
711148,453753
711314,453753
711299,453753
711261,453753
711233,453753
711253,453753
711184,453753
711157,453753
711164,453753
711186,453753
711173,453753
711258,453753
711294,453753
711204,453753
711137,453753
710974,453753
711248,453753
711240,453753
711243,453753
711286,453753
711199,453753
710858,453753
711170,453753
711255,453753
711212,453753
710805,453753
710949,453753
711287,453753
711247,453753
711292,453753
711314,453546
