TRACE,NSNPS_JACKKNIFE
711810,453753
711806,453753
711756,453753
711754,453753
711705,453753
711775,453753
711680,453753
711656,453753
711770,453753
711677,453753
711705,453753
711600,453753
711814,453753
711672,453753
711764,453753
711712,453753
711648,453753
711390,453753
711419,453753
711545,453753
711725,453753
711773,453753
711736,453753
711749,453753
711802,453753
711726,453753
711588,453753
711555,453753
711694,453753
711716,453753
711689,453753
711678,453753
711698,453753
711645,453753
711705,453753
711727,453753
711699,453753
711646,453753
711711,453753
711715,453753
711747,453753
711712,453753
711628,453753
711505,453753
711565,453753
711651,453753
711726,453753
711754,453753
711764,453753
711803,453753
711787,453753
711545,453753
711566,453753
711658,453753
711552,453753
711696,453753
711686,453753
711466,453753
711602,453753
711564,453753
711720,453753
711800,453753
711766,453753
711718,453753
711633,453753
711740,453753
711707,453753
711560,453753
711688,453753
711638,453753
711390,453753
711724,453753
711759,453753
711834,453753
711782,453753
711756,453753
711824,453753
711756,453753
711809,453753
711716,453753
711569,453753
711714,453753
711778,453753
711825,453753
711848,453753
711763,453753
711790,453753
711841,453753
711729,453753
711771,453753
711549,453753
711522,453753
711767,453753
710767,453753
711726,453753
711623,453753
711736,453753
711723,453753
711698,453753
711786,453753
711613,453753
711645,453753
711607,453753
711507,453753
711568,453753
711583,453753
711717,453753
711729,453753
711709,453753
711716,453753
711760,453753
711672,453753
711582,453753
711441,453753
711448,453753
711586,453753
711723,453753
711702,453753
711578,453753
711568,453753
711552,453753
711779,453753
711639,453753
711711,453753
711743,453753
711672,453753
711651,453753
711665,453753
711579,453753
711699,453753
711616,453753
711711,453753
711631,453753
711716,453753
711532,453753
711725,453753
711755,453753
711761,453753
711557,453753
711718,453753
711410,453753
711274,453753
711669,453753
711595,453753
711609,453753
711516,453753
711661,453753
711620,453753
711714,453753
711729,453753
711770,453753
711774,453753
711758,453753
711717,453753
711741,453753
711727,453753
711734,453753
711762,453753
711800,453753
711737,453753
711676,453753
711690,453753
711758,453753
711823,453753
711830,453753
711781,453753
711776,453753
711779,453753
711752,453753
711704,453753
711661,453753
711722,453753
711720,453753
711724,453753
711780,453753
711697,453753
711718,453753
711629,453753
711621,453753
711666,453753
711613,453753
710656,453753
710870,453753
711650,453753
711560,453753
711806,453753
711718,453753
711756,453753
711758,453753
711711,453753
711832,453753
711797,453753
711517,453753
711231,453753
711237,453753
711082,453753
711368,453753
711560,453753
711730,453753
711688,453753
711594,453753
711770,453753
711712,453753
711463,453753
711712,453753
711724,453753
711653,453753
711749,453753
711616,453753
711571,453753
711689,453753
711724,453753
711738,453753
711765,453753
711614,453753
711639,453753
711355,453753
711311,453753
711519,453753
711384,453753
711819,453753
711778,453753
711767,453753
711714,453753
711665,453753
711743,453753
711819,453753
711786,453753
711793,453753
711801,453753
711647,453753
711523,453753
711532,453753
711838,453753
711805,453753
711815,453753
711684,453753
711655,453753
711531,453753
711717,453753
711642,453753
711767,453753
711829,453753
711748,453753
711712,453753
711676,453753
711700,453753
711704,453753
711751,453753
711543,453753
711483,453753
711729,453753
711703,453753
711571,453753
711666,453753
711570,453753
711636,453753
711658,453753
711498,453753
711697,453753
711760,453753
711589,453753
711293,453753
711670,453753
711667,453753
711643,453753
711622,453753
711230,453753
711717,453753
711689,453753
711636,453753
711298,453753
711639,453753
711623,453753
711616,453753
711551,453753
711751,453753
711733,453753
711653,453753
711416,453753
711675,453753
711649,453753
711756,453753
711730,453753
711587,453753
711735,453753
711758,453753
711649,453753
711668,453753
711766,453753
711818,453753
711800,453753
711809,453753
711767,453753
711819,453753
711765,453753
711706,453753
711697,453753
711830,453753
711752,453753
711803,453753
711743,453753
711871,453753
711705,453753
711778,453753
711767,453753
711696,453753
711729,453753
711722,453753
711796,453753
711790,453753
711703,453753
711534,453753
711258,453753
711143,453753
711558,453753
711670,453753
711542,453753
711567,453753
711673,453753
711691,453753
711738,453753
711652,453753
711702,453753
711644,453753
711547,453753
711626,453753
711645,453753
711672,453753
711578,453753
711140,453753
711634,453753
711698,453753
711733,453753
711687,453753
711732,453753
711631,453753
711698,453753
711739,453753
711593,453753
711489,453753
711697,453753
711227,453753
711237,453753
711690,453753
711583,453753
711711,453753
711561,453753
711640,453753
710630,453753
711702,453753
711702,453753
711749,453753
711854,453753
711837,453753
711793,453753
711837,453753
711821,453753
711758,453753
711770,453753
711791,453753
711779,453753
711766,453753
711777,453753
711672,453753
711766,453753
711737,453753
711780,453753
711663,453753
711741,453753
711717,453753
711667,453753
711679,453753
711720,453753
711691,453753
711722,453753
711575,453753
711275,453753
711526,453753
711491,453753
710854,453753
711402,453753
711524,453753
711685,453753
711568,453753
711472,453753
711459,453753
711379,453753
711581,453753
711698,453753
711666,453753
711512,453753
711606,453753
711670,453753
711636,453753
711534,453753
711557,453753
711379,453753
711511,453753
711740,453753
711709,453753
711733,453753
711733,453753
711662,453753
711811,453753
711121,453753
711665,453753
711642,453753
711665,453753
711747,453753
711801,453753
711777,453753
711709,453753
711752,453753
711830,453753
711807,453753
711768,453753
711718,453753
711557,453753
711590,453753
711646,453753
711721,453753
711737,453753
711651,453753
711787,453753
711737,453753
711768,453753
711753,453753
711563,453753
711648,453753
711676,453753
711791,453753
711408,453753
711730,453753
711755,453753
711704,453753
711728,453753
711640,453753
711652,453753
711630,453753
711610,453753
711465,453753
710635,453753
711612,453753
711645,453753
711743,453753
711789,453753
711787,453753
711596,453753
711546,453753
711710,453753
711713,453753
711382,453753
711498,453753
711772,453753
711633,453753
711736,453753
711692,453753
711622,453753
711553,453753
711508,453753
711621,453753
711816,453753
711615,453753
711834,453753
711762,453753
711674,453753
711694,453753
711791,453753
711650,453753
711855,453753
711835,453753
711794,453753
711671,453753
711581,453753
711675,453753
711598,453753
711765,453753
711768,453753
711371,453753
710521,453753
710795,453753
711666,453753
711727,453753
711763,453753
711655,453753
711694,453753
711525,453753
711752,453753
711706,453753
711766,453753
711562,453753
711704,453753
711656,453753
711160,453753
711525,453753
711662,453753
711643,453753
711758,453753
711617,453753
711652,453753
711767,453753
711787,453753
711640,453753
711584,453753
711652,453753
711517,453753
711544,453753
711694,453753
711782,453753
711637,453753
711649,453753
711641,453753
711398,453753
711493,453753
711729,453753
711751,453753
711789,453753
711794,453753
711825,453753
711679,453753
711751,453753
711773,453753
711735,453753
711763,453753
711786,453753
711704,453753
711684,453753
711805,453753
711806,453753
711729,453753
711768,453753
711806,453753
711778,453753
711743,453753
711652,453753
711787,453753
711608,453753
711801,453753
711564,453753
711651,453753
711422,453753
711185,453753
711718,453753
711604,453753
711718,453753
711772,453753
711679,453753
711690,453753
711759,453753
711727,453753
711818,453753
711722,453753
711583,453753
711503,453753
711715,453753
711644,453753
711672,453753
711757,453753
711678,453753
711590,453753
711728,453753
711643,453753
711778,453753
711666,453753
711589,453753
711747,453753
711692,453753
711811,453753
711761,453753
711838,453753
711669,453753
711709,453753
711763,453753
711761,453753
711738,453753
711737,453753
711757,453753
711729,453753
711759,453753
711740,453753
711789,453753
711640,453753
711664,453753
711718,453753
711733,453753
711765,453753
711623,453753
711412,453753
711153,453753
711604,453753
711701,453753
711726,453753
711551,453753
711699,453753
711606,453753
711649,453753
711628,453753
711725,453753
711570,453753
710633,453753
711771,453753
711753,453753
711637,453753
711710,453753
711545,453753
711637,453753
711661,453753
711632,453753
711399,453753
711675,453753
711684,453753
711779,453753
711745,453753
711825,453753
711730,453753
711751,453753
711726,453753
711773,453753
711736,453753
711834,453753
711743,453753
711665,453753
711195,453753
711778,453753
711469,453753
711311,453753
711606,453753
711614,453753
711795,453753
711687,453753
711705,453753
711857,453753
711808,453753
711747,453753
711577,453753
711629,453753
711684,453753
711790,453753
711701,453753
711681,453753
711695,453753
709187,453753
704989,453753
710396,453753
711612,453753
711541,453753
711487,453753
711717,453753
711563,453753
711701,453753
711793,453753
711626,453753
711130,453753
711533,453753
711540,453753
711657,453753
711765,453753
711655,453753
711584,453753
711532,453753
711654,453753
711688,453753
711754,453753
711733,453753
711718,453753
711817,453753
711709,453753
711490,453753
711825,453753
711780,453753
711788,453753
711817,453753
711745,453753
711759,453753
711794,453753
711826,453753
711772,453753
711644,453753
711755,453753
711748,453753
711683,453753
711704,453753
711704,453753
711785,453753
711664,453753
711653,453753
711436,453753
710758,453753
711585,453753
711685,453753
711484,453753
711540,453753
711589,453753
711638,453753
711614,453753
711690,453753
711778,453753
711737,453753
711662,453753
711754,453753
711723,453753
711476,453753
711483,453753
711741,453753
711659,453753
711583,453753
711738,453753
711698,453753
711696,453753
711744,453753
711613,453753
711624,453753
711788,453753
711785,453753
711616,453753
711461,453753
711816,453753
711856,453753
711825,453753
711818,453753
711650,453753
711572,453753
711832,453753
711684,453753
711718,453753
711776,453753
711805,453753
711810,453753
711731,453753
711748,453753
711720,453753
711748,453753
711766,453753
711642,453753
711642,453753
711382,453753
711622,453753
711591,453753
711606,453753
711649,453753
711824,453753
711676,453753
711707,453753
711682,453753
711573,453753
711660,453753
711755,453753
711686,453753
711737,453753
711769,453753
711756,453753
711874,453753
711846,453753
711794,453753
711723,453753
711768,453753
711647,453753
711742,453753
711808,453753
711775,453753
711762,453753
711777,453753
711836,453753
711722,453753
711607,453753
711534,453753
711527,453753
711677,453753
711733,453753
711422,453753
711755,453753
711619,453753
711662,453753
711670,453753
711581,453753
711596,453753
711724,453753
711631,453753
711660,453753
711719,453753
711727,453753
711781,453753
711765,453753
711666,453753
711841,453753
711804,453753
711793,453753
711778,453753
711641,453753
711725,453753
711870,453753
711824,453753
711764,453753
711842,453753
711783,453753
711714,453753
711459,453753
711717,453753
711499,453753
711700,453753
711709,453753
711790,453753
711736,453753
711660,453753
711737,453753
711818,453753
711250,453753
711501,453753
711583,453753
711732,453753
711301,453753
711752,453753
711727,453753
711806,453753
711874,453753
711804,453753
711867,453753
711815,453753
711716,453753
711794,453753
711636,453753
711654,453753
711854,453753
711791,453753
711775,453753
711750,453753
711760,453753
711809,453753
711783,453753
711694,453753
711719,453753
711808,453753
711571,453753
711567,453753
711810,453753
711730,453753
711797,453753
711703,453753
711711,453753
711730,453753
711702,453753
711399,453753
711456,453753
711618,453753
711717,453753
711756,453753
711822,453753
711732,453753
711786,453753
711750,453753
711809,453753
711802,453753
711657,453753
711426,453753
711752,453753
711786,453753
711705,453753
711590,453753
711843,453753
711829,453753
711847,453753
711750,453753
711601,453753
711547,453753
711564,453753
711809,453753
711736,453753
711624,453753
711391,453753
711476,453753
711116,453753
711777,453753
711721,453753
711831,453753
711489,453753
711749,453753
711769,453753
711789,453753
711803,453753
711840,453753
711760,453753
711823,453753
711730,453753
711744,453753
711616,453753
711683,453753
711838,453753
711871,453753
711879,453753
711767,453753
711809,453753
711808,453753
711676,453753
711763,453753
711750,453753
711716,453753
711703,453753
711656,453753
711687,453753
711578,453753
711592,453753
711695,453753
711653,453753
711542,453753
711702,453753
711761,453753
711801,453753
711702,453753
711734,453753
711798,453753
711768,453753
711837,453753
711760,453753
711809,453753
711779,453753
711766,453753
711804,453753
711805,453753
711780,453753
711721,453753
711637,453753
711142,453753
711677,453753
711674,453753
711716,453753
711529,453753
711188,453753
711632,453753
711772,453753
711670,453753
711379,453753
711562,453753
711532,453753
711070,453753
711601,453753
711779,453753
711786,453753
711662,453753
711801,453753
711058,453753
711420,453753
711635,453753
711657,453753
711829,453753
711622,453753
711834,453753
711834,453753
711803,453753
711741,453753
711725,453753
711804,453753
711745,453753
711677,453753
711658,453753
711387,453753
711308,453753
711690,453753
711729,453753
711776,453753
711665,453753
711706,453753
711756,453753
711772,453753
711821,453753
711818,453753
711848,453753
711804,453753
711766,453753
711689,453753
711842,453753
711839,453753
711791,453753
711756,453753
711791,453753
711748,453753
711666,453753
711723,453753
711715,453753
711713,453753
711778,453753
711838,453753
711715,453753
711684,453753
711561,453753
711800,453753
711791,453753
711765,453753
711826,453753
711729,453753
711362,453753
711715,453753
711795,453753
711748,453753
711420,453753
711523,453753
711836,453753
711761,453753
711810,453753
711934,453546
