TRACE,NSNPS_JACKKNIFE
711403,453753
711369,453753
711309,453753
711332,453753
711268,453753
711347,453753
711191,453753
711182,453753
711281,453753
711253,453753
711271,453753
711154,453753
711375,453753
711255,453753
711345,453753
711295,453753
711245,453753
710910,453753
711012,453753
711142,453753
711318,453753
711378,453753
711255,453753
711340,453753
711340,453753
711279,453753
711176,453753
711108,453753
711279,453753
711264,453753
711259,453753
711260,453753
711266,453753
711206,453753
711277,453753
711280,453753
711209,453753
711208,453753
711270,453753
711313,453753
711319,453753
711312,453753
711233,453753
711079,453753
711108,453753
711187,453753
711277,453753
711282,453753
711336,453753
711348,453753
711354,453753
711050,453753
711120,453753
711216,453753
711104,453753
711288,453753
711235,453753
711013,453753
711168,453753
711124,453753
711295,453753
711348,453753
711365,453753
711297,453753
711251,453753
711283,453753
711273,453753
711224,453753
711196,453753
711171,453753
710916,453753
711279,453753
711329,453753
711364,453753
711335,453753
711349,453753
711392,453753
711305,453753
711403,453753
711299,453753
711097,453753
711270,453753
711365,453753
711399,453753
711393,453753
711337,453753
711366,453753
711367,453753
711331,453753
711323,453753
711143,453753
711083,453753
711284,453753
710520,453753
711300,453753
711222,453753
711274,453753
711244,453753
711259,453753
711349,453753
711161,453753
711212,453753
711195,453753
711116,453753
711116,453753
711144,453753
711281,453753
711298,453753
711277,453753
711261,453753
711315,453753
711230,453753
711165,453753
711055,453753
711014,453753
711073,453753
711263,453753
711258,453753
711196,453753
711125,453753
711167,453753
711356,453753
711150,453753
711241,453753
711304,453753
711197,453753
711228,453753
711235,453753
711141,453753
711242,453753
711193,453753
711239,453753
711182,453753
711237,453753
711157,453753
711296,453753
711288,453753
711328,453753
711114,453753
711244,453753
710911,453753
710854,453753
711210,453753
711143,453753
711116,453753
711089,453753
711181,453753
711215,453753
711275,453753
711314,453753
711319,453753
711310,453753
711335,453753
711279,453753
711305,453753
711305,453753
711299,453753
711327,453753
711367,453753
711307,453753
711281,453753
711256,453753
711306,453753
711387,453753
711381,453753
711360,453753
711336,453753
711349,453753
711309,453753
711263,453753
711166,453753
711301,453753
711333,453753
711292,453753
711340,453753
711248,453753
711278,453753
711184,453753
711177,453753
711209,453753
711148,453753
710273,453753
710448,453753
711287,453753
711200,453753
711369,453753
711299,453753
711362,453753
711322,453753
711269,453753
711360,453753
711336,453753
711052,453753
710800,453753
710819,453753
710680,453753
710898,453753
711153,453753
711260,453753
711268,453753
711199,453753
711320,453753
711254,453753
711072,453753
711249,453753
711262,453753
711214,453753
711311,453753
711173,453753
711127,453753
711228,453753
711291,453753
711313,453753
711317,453753
711138,453753
711184,453753
710846,453753
710874,453753
711126,453753
710955,453753
711374,453753
711343,453753
711318,453753
711288,453753
711197,453753
711311,453753
711367,453753
711315,453753
711370,453753
711334,453753
711242,453753
711061,453753
711139,453753
711390,453753
711390,453753
711388,453753
711246,453753
711208,453753
711174,453753
711304,453753
711190,453753
711332,453753
711369,453753
711289,453753
711276,453753
711282,453753
711262,453753
711272,453753
711317,453753
711044,453753
711014,453753
711279,453753
711293,453753
711156,453753
711201,453753
711184,453753
711183,453753
711217,453753
711023,453753
711247,453753
711359,453753
711123,453753
710861,453753
711217,453753
711237,453753
711198,453753
711206,453753
710759,453753
711311,453753
711266,453753
711245,453753
710912,453753
711228,453753
711155,453753
711153,453753
711103,453753
711311,453753
711326,453753
711238,453753
711063,453753
711226,453753
711153,453753
711324,453753
711290,453753
711167,453753
711307,453753
711345,453753
711263,453753
711267,453753
711355,453753
711367,453753
711373,453753
711374,453753
711327,453753
711376,453753
711339,453753
711263,453753
711292,453753
711391,453753
711332,453753
711350,453753
711302,453753
711435,453753
711272,453753
711336,453753
711344,453753
711257,453753
711315,453753
711254,453753
711360,453753
711348,453753
711258,453753
711118,453753
710879,453753
710608,453753
711128,453753
711232,453753
711150,453753
711172,453753
711218,453753
711294,453753
711294,453753
711252,453753
711244,453753
711188,453753
711163,453753
711205,453753
711225,453753
711223,453753
711133,453753
710705,453753
711222,453753
711268,453753
711300,453753
711256,453753
711297,453753
711173,453753
711251,453753
711331,453753
711159,453753
711002,453753
711225,453753
710914,453753
710799,453753
711278,453753
711181,453753
711285,453753
711165,453753
711187,453753
710300,453753
711275,453753
711271,453753
711292,453753
711403,453753
711394,453753
711384,453753
711405,453753
711377,453753
711324,453753
711303,453753
711324,453753
711381,453753
711330,453753
711360,453753
711257,453753
711336,453753
711275,453753
711339,453753
711253,453753
711299,453753
711304,453753
711253,453753
711230,453753
711309,453753
711248,453753
711282,453753
711161,453753
710822,453753
711170,453753
711091,453753
710527,453753
710899,453753
711103,453753
711229,453753
711099,453753
710988,453753
710960,453753
711003,453753
711169,453753
711296,453753
711259,453753
711114,453753
711184,453753
711284,453753
711202,453753
711135,453753
711145,453753
710971,453753
711010,453753
711260,453753
711265,453753
711286,453753
711289,453753
711254,453753
711367,453753
710844,453753
711191,453753
711231,453753
711232,453753
711292,453753
711316,453753
711323,453753
711257,453753
711354,453753
711382,453753
711354,453753
711350,453753
711279,453753
711096,453753
711158,453753
711275,453753
711294,453753
711306,453753
711238,453753
711341,453753
711318,453753
711355,453753
711289,453753
711169,453753
711232,453753
711270,453753
711296,453753
710897,453753
711223,453753
711305,453753
711272,453753
711294,453753
711217,453753
711197,453753
711197,453753
711206,453753
711033,453753
710186,453753
711143,453753
711233,453753
711300,453753
711365,453753
711338,453753
711125,453753
711100,453753
711256,453753
711274,453753
711068,453753
711131,453753
711358,453753
711274,453753
711281,453753
711261,453753
711154,453753
711067,453753
711097,453753
711214,453753
711347,453753
711223,453753
711392,453753
711359,453753
711238,453753
711264,453753
711326,453753
711225,453753
711398,453753
711407,453753
711347,453753
711174,453753
711115,453753
711256,453753
711212,453753
711291,453753
711316,453753
710949,453753
710168,453753
710464,453753
711240,453753
711293,453753
711297,453753
711227,453753
711291,453753
711168,453753
711321,453753
711287,453753
711307,453753
711132,453753
711206,453753
711212,453753
710738,453753
711148,453753
711232,453753
711182,453753
711293,453753
711182,453753
711241,453753
711355,453753
711348,453753
711233,453753
711109,453753
711237,453753
711170,453753
711174,453753
711277,453753
711340,453753
711252,453753
711236,453753
711219,453753
711009,453753
711070,453753
711334,453753
711336,453753
711340,453753
711347,453753
711383,453753
711263,453753
711319,453753
711312,453753
711299,453753
711331,453753
711317,453753
711286,453753
711295,453753
711376,453753
711373,453753
711314,453753
711342,453753
711360,453753
711336,453753
711282,453753
711178,453753
711347,453753
711215,453753
711326,453753
711061,453753
711230,453753
711026,453753
710871,453753
711265,453753
711157,453753
711261,453753
711337,453753
711248,453753
711276,453753
711312,453753
711284,453753
711346,453753
711324,453753
711161,453753
711030,453753
711251,453753
711228,453753
711251,453753
711320,453753
711269,453753
711176,453753
711280,453753
711218,453753
711313,453753
711246,453753
711185,453753
711295,453753
711304,453753
711366,453753
711313,453753
711406,453753
711235,453753
711253,453753
711314,453753
711380,453753
711337,453753
711302,453753
711335,453753
711303,453753
711296,453753
711338,453753
711353,453753
711191,453753
711213,453753
711280,453753
711289,453753
711336,453753
711182,453753
710981,453753
710670,453753
711190,453753
711236,453753
711299,453753
711140,453753
711268,453753
711165,453753
711196,453753
711216,453753
711327,453753
711185,453753
710078,453753
711324,453753
711321,453753
711208,453753
711279,453753
711150,453753
711179,453753
711267,453753
711174,453753
710951,453753
711235,453753
711232,453753
711315,453753
711328,453753
711376,453753
711273,453753
711317,453753
711274,453753
711324,453753
711276,453753
711418,453753
711299,453753
711218,453753
710678,453753
711358,453753
711056,453753
710894,453753
711186,453753
711134,453753
711352,453753
711264,453753
711287,453753
711406,453753
711373,453753
711312,453753
711190,453753
711174,453753
711314,453753
711345,453753
711229,453753
711194,453753
711227,453753
708625,453753
704211,453753
709969,453753
711127,453753
711126,453753
710989,453753
711307,453753
711151,453753
711236,453753
711351,453753
711236,453753
710665,453753
711101,453753
711125,453753
711252,453753
711361,453753
711264,453753
711126,453753
711100,453753
711212,453753
711215,453753
711285,453753
711296,453753
711302,453753
711406,453753
711325,453753
711114,453753
711364,453753
711345,453753
711354,453753
711397,453753
711281,453753
711317,453753
711356,453753
711399,453753
711355,453753
711218,453753
711327,453753
711312,453753
711270,453753
711249,453753
711272,453753
711335,453753
711247,453753
711267,453753
710983,453753
710233,453753
711161,453753
711221,453753
711046,453753
711122,453753
711174,453753
711158,453753
711195,453753
711262,453753
711337,453753
711302,453753
711226,453753
711313,453753
711256,453753
711037,453753
711044,453753
711298,453753
711209,453753
711179,453753
711309,453753
711268,453753
711291,453753
711284,453753
711185,453753
711190,453753
711339,453753
711363,453753
711184,453753
711018,453753
711386,453753
711421,453753
711412,453753
711365,453753
711239,453753
711120,453753
711425,453753
711243,453753
711297,453753
711355,453753
711383,453753
711352,453753
711310,453753
711320,453753
711273,453753
711274,453753
711336,453753
711218,453753
711212,453753
711024,453753
711214,453753
711208,453753
711158,453753
711261,453753
711383,453753
711228,453753
711263,453753
711245,453753
711118,453753
711217,453753
711344,453753
711250,453753
711275,453753
711319,453753
711330,453753
711412,453753
711379,453753
711364,453753
711238,453753
711353,453753
711246,453753
711338,453753
711391,453753
711349,453753
711333,453753
711366,453753
711408,453753
711296,453753
711168,453753
711105,453753
711126,453753
711221,453753
711285,453753
710767,453753
711316,453753
711200,453753
711214,453753
711219,453753
711212,453753
711163,453753
711321,453753
711192,453753
711279,453753
711307,453753
711269,453753
711338,453753
711353,453753
711251,453753
711390,453753
711371,453753
711363,453753
711314,453753
711229,453753
711283,453753
711419,453753
711385,453753
711329,453753
711391,453753
711348,453753
711242,453753
711028,453753
711316,453753
711078,453753
711295,453753
711305,453753
711332,453753
711283,453753
711222,453753
711274,453753
711374,453753
710909,453753
711078,453753
711158,453753
711274,453753
710731,453753
711281,453753
711238,453753
711362,453753
711421,453753
711368,453753
711399,453753
711379,453753
711280,453753
711367,453753
711156,453753
711199,453753
711417,453753
711373,453753
711324,453753
711300,453753
711337,453753
711328,453753
711400,453753
711258,453753
711315,453753
711377,453753
711153,453753
711085,453753
711377,453753
711311,453753
711359,453753
711283,453753
711271,453753
711284,453753
711258,453753
710864,453753
710956,453753
711165,453753
711260,453753
711345,453753
711366,453753
711299,453753
711306,453753
711348,453753
711385,453753
711355,453753
711171,453753
711051,453753
711319,453753
711349,453753
711282,453753
711171,453753
711386,453753
711402,453753
711424,453753
711314,453753
711180,453753
711112,453753
711135,453753
711379,453753
711296,453753
711203,453753
710870,453753
711017,453753
710755,453753
711350,453753
711282,453753
711431,453753
711096,453753
711288,453753
711320,453753
711351,453753
711361,453753
711400,453753
711345,453753
711355,453753
711323,453753
711283,453753
711163,453753
711247,453753
711425,453753
711437,453753
711444,453753
711351,453753
711393,453753
711350,453753
711230,453753
711292,453753
711318,453753
711243,453753
711258,453753
711206,453753
711289,453753
711113,453753
711156,453753
711252,453753
711228,453753
711075,453753
711296,453753
711348,453753
711353,453753
711273,453753
711270,453753
711349,453753
711292,453753
711391,453753
711309,453753
711383,453753
711343,453753
711304,453753
711367,453753
711410,453753
711329,453753
711297,453753
711170,453753
710652,453753
711269,453753
711212,453753
711310,453753
711109,453753
710794,453753
711209,453753
711318,453753
711225,453753
710837,453753
711052,453753
711131,453753
710664,453753
711162,453753
711312,453753
711351,453753
711206,453753
711389,453753
710589,453753
711003,453753
711242,453753
711259,453753
711381,453753
711204,453753
711374,453753
711376,453753
711389,453753
711326,453753
711303,453753
711333,453753
711262,453753
711277,453753
711196,453753
710990,453753
710897,453753
711221,453753
711270,453753
711324,453753
711238,453753
711294,453753
711333,453753
711348,453753
711389,453753
711372,453753
711382,453753
711404,453753
711323,453753
711232,453753
711401,453753
711396,453753
711372,453753
711308,453753
711357,453753
711332,453753
711280,453753
711279,453753
711295,453753
711277,453753
711345,453753
711392,453753
711313,453753
711254,453753
711085,453753
711367,453753
711360,453753
711324,453753
711384,453753
711294,453753
710966,453753
711248,453753
711373,453753
711304,453753
710947,453753
711048,453753
711386,453753
711352,453753
711391,453753
711411,453546
