TRACE,NSNPS_JACKKNIFE
710070,453753
710075,453753
710012,453753
710044,453753
709926,453753
710033,453753
709881,453753
709925,453753
709993,453753
709904,453753
710001,453753
709824,453753
710061,453753
709950,453753
710050,453753
709992,453753
709918,453753
709576,453753
709633,453753
709828,453753
710013,453753
710039,453753
709949,453753
710010,453753
710015,453753
709978,453753
709858,453753
709835,453753
709896,453753
709972,453753
709940,453753
709907,453753
709932,453753
709881,453753
709981,453753
709994,453753
709928,453753
709848,453753
709973,453753
709985,453753
710012,453753
709972,453753
709916,453753
709760,453753
709817,453753
709920,453753
709963,453753
709972,453753
710020,453753
710024,453753
710036,453753
709763,453753
709855,453753
709889,453753
709793,453753
709921,453753
709931,453753
709731,453753
709841,453753
709836,453753
709982,453753
710020,453753
710034,453753
709987,453753
709933,453753
709972,453753
709959,453753
709864,453753
709895,453753
709858,453753
709599,453753
709990,453753
709992,453753
710064,453753
710035,453753
710034,453753
710069,453753
709988,453753
710059,453753
709991,453753
709785,453753
709971,453753
710043,453753
710075,453753
710071,453753
710001,453753
710055,453753
710082,453753
709993,453753
710017,453753
709829,453753
709735,453753
710004,453753
709142,453753
710002,453753
709866,453753
709994,453753
709951,453753
709964,453753
710039,453753
709856,453753
709930,453753
709884,453753
709761,453753
709792,453753
709843,453753
709986,453753
709971,453753
709975,453753
709957,453753
710006,453753
709942,453753
709881,453753
709766,453753
709721,453753
709708,453753
709981,453753
709933,453753
709875,453753
709824,453753
709811,453753
710045,453753
709906,453753
709929,453753
709965,453753
709916,453753
709858,453753
709899,453753
709803,453753
709893,453753
709846,453753
709946,453753
709893,453753
709973,453753
709830,453753
709966,453753
710009,453753
710017,453753
709754,453753
709983,453753
709630,453753
709498,453753
709911,453753
709797,453753
709826,453753
709802,453753
709928,453753
709927,453753
709959,453753
709976,453753
709972,453753
710023,453753
710003,453753
709946,453753
709957,453753
709983,453753
710043,453753
709998,453753
710058,453753
709971,453753
709926,453753
709964,453753
710009,453753
710100,453753
710068,453753
710048,453753
710034,453753
710038,453753
710028,453753
709948,453753
709890,453753
709928,453753
710000,453753
709965,453753
710016,453753
709916,453753
709992,453753
709916,453753
709898,453753
709853,453753
709862,453753
709073,453753
709170,453753
709939,453753
709876,453753
710044,453753
710004,453753
710037,453753
710011,453753
710002,453753
710090,453753
710041,453753
709758,453753
709457,453753
709558,453753
709423,453753
709630,453753
709774,453753
709960,453753
709926,453753
709864,453753
710005,453753
709970,453753
709680,453753
709920,453753
709969,453753
709910,453753
709966,453753
709879,453753
709707,453753
709915,453753
709997,453753
709984,453753
709992,453753
709849,453753
709904,453753
709497,453753
709586,453753
709778,453753
709669,453753
710080,453753
710041,453753
709994,453753
709992,453753
709848,453753
709997,453753
710040,453753
710020,453753
710046,453753
710072,453753
709889,453753
709762,453753
709794,453753
710086,453753
710076,453753
710043,453753
709923,453753
709919,453753
709812,453753
709996,453753
709898,453753
710017,453753
710065,453753
710031,453753
710003,453753
709944,453753
709915,453753
709966,453753
709991,453753
709768,453753
709764,453753
710000,453753
709969,453753
709843,453753
709866,453753
709862,453753
709909,453753
709935,453753
709698,453753
709936,453753
710036,453753
709846,453753
709494,453753
709862,453753
709903,453753
709844,453753
709878,453753
709460,453753
709981,453753
709942,453753
709915,453753
709634,453753
709922,453753
709895,453753
709878,453753
709736,453753
710001,453753
710017,453753
709893,453753
709733,453753
709934,453753
709888,453753
709980,453753
709988,453753
709888,453753
710002,453753
710029,453753
709958,453753
709954,453753
710045,453753
710056,453753
710058,453753
710059,453753
710014,453753
710060,453753
710034,453753
709982,453753
709951,453753
710068,453753
710011,453753
710040,453753
710009,453753
710098,453753
709968,453753
710035,453753
710037,453753
709982,453753
709989,453753
709951,453753
710068,453753
710027,453753
709948,453753
709775,453753
709474,453753
709262,453753
709852,453753
709933,453753
709804,453753
709832,453753
709913,453753
709953,453753
709977,453753
709907,453753
709956,453753
709905,453753
709841,453753
709862,453753
709884,453753
709893,453753
709839,453753
709485,453753
709897,453753
709959,453753
710006,453753
709953,453753
710006,453753
709844,453753
709962,453753
709974,453753
709825,453753
709716,453753
709934,453753
709566,453753
709580,453753
709962,453753
709816,453753
709986,453753
709835,453753
709906,453753
708948,453753
709950,453753
709978,453753
709992,453753
710096,453753
710100,453753
710055,453753
710100,453753
710077,453753
710007,453753
709984,453753
710065,453753
710065,453753
709986,453753
710035,453753
709947,453753
710045,453753
709951,453753
710019,453753
709997,453753
710018,453753
709965,453753
709956,453753
709946,453753
709961,453753
709938,453753
709971,453753
709813,453753
709479,453753
709801,453753
709729,453753
709098,453753
709545,453753
709779,453753
709928,453753
709855,453753
709718,453753
709722,453753
709640,453753
709850,453753
709951,453753
709908,453753
709804,453753
709867,453753
709926,453753
709904,453753
709803,453753
709792,453753
709620,453753
709698,453753
709954,453753
709944,453753
709985,453753
709938,453753
709930,453753
710046,453753
709487,453753
709891,453753
709899,453753
709935,453753
709986,453753
709985,453753
710003,453753
709952,453753
710029,453753
710080,453753
710048,453753
710020,453753
709976,453753
709786,453753
709834,453753
709924,453753
710003,453753
709979,453753
709865,453753
710021,453753
709980,453753
709998,453753
710011,453753
709783,453753
709906,453753
709917,453753
709999,453753
709586,453753
709973,453753
710000,453753
709977,453753
709985,453753
709883,453753
709870,453753
709872,453753
709896,453753
709683,453753
708954,453753
709851,453753
709908,453753
709972,453753
710031,453753
710040,453753
709872,453753
709795,453753
709933,453753
709983,453753
709722,453753
709811,453753
710013,453753
709949,453753
710003,453753
709955,453753
709817,453753
709798,453753
709791,453753
709895,453753
710026,453753
709859,453753
710061,453753
710021,453753
709940,453753
709999,453753
710035,453753
709954,453753
710105,453753
710096,453753
710046,453753
709857,453753
709855,453753
709938,453753
709911,453753
709978,453753
709994,453753
709336,453753
708246,453753
708636,453753
709930,453753
709976,453753
710010,453753
709889,453753
709944,453753
709791,453753
710004,453753
709975,453753
710022,453753
709872,453753
709953,453753
709932,453753
709462,453753
709838,453753
709945,453753
709885,453753
709926,453753
709884,453753
709914,453753
710012,453753
710028,453753
709917,453753
709845,453753
709925,453753
709796,453753
709873,453753
709954,453753
710057,453753
709915,453753
709910,453753
709910,453753
709701,453753
709744,453753
710014,453753
710002,453753
710026,453753
710049,453753
710064,453753
709930,453753
710005,453753
710001,453753
709978,453753
710020,453753
710005,453753
709950,453753
709951,453753
710053,453753
710051,453753
709981,453753
710031,453753
710066,453753
710023,453753
710004,453753
709880,453753
710037,453753
709877,453753
710027,453753
709800,453753
709908,453753
709723,453753
709584,453753
709973,453753
709884,453753
709931,453753
710034,453753
709943,453753
709914,453753
709982,453753
710000,453753
710054,453753
709993,453753
709856,453753
709744,453753
709935,453753
709899,453753
709946,453753
710028,453753
709912,453753
709846,453753
709973,453753
709877,453753
710014,453753
709941,453753
709888,453753
709980,453753
709989,453753
710041,453753
710003,453753
710106,453753
709925,453753
709922,453753
710034,453753
710041,453753
710005,453753
709954,453753
709975,453753
710007,453753
709988,453753
710030,453753
710029,453753
709854,453753
709869,453753
709949,453753
709954,453753
710012,453753
709885,453753
709673,453753
709415,453753
709822,453753
709949,453753
709989,453753
709874,453753
709933,453753
709820,453753
709900,453753
709916,453753
709994,453753
709905,453753
708855,453753
709979,453753
709993,453753
709901,453753
709978,453753
709833,453753
709889,453753
709980,453753
709868,453753
709603,453753
709914,453753
709911,453753
709991,453753
709993,453753
710044,453753
709991,453753
709960,453753
709966,453753
710044,453753
709951,453753
710097,453753
709996,453753
709884,453753
709436,453753
710029,453753
709642,453753
709473,453753
709834,453753
709831,453753
710065,453753
709964,453753
709996,453753
710107,453753
710069,453753
710017,453753
709844,453753
709868,453753
709958,453753
710013,453753
709958,453753
709876,453753
709961,453753
707788,453753
704517,453753
708715,453753
709793,453753
709811,453753
709721,453753
709974,453753
709830,453753
709975,453753
710041,453753
709923,453753
709440,453753
709751,453753
709811,453753
709943,453753
710017,453753
709923,453753
709822,453753
709797,453753
709899,453753
709914,453753
709989,453753
710010,453753
710005,453753
710090,453753
710033,453753
709835,453753
710090,453753
710023,453753
710028,453753
710076,453753
709966,453753
709991,453753
710040,453753
710080,453753
710031,453753
709870,453753
710015,453753
709975,453753
709938,453753
709946,453753
709975,453753
710023,453753
709934,453753
709930,453753
709682,453753
709111,453753
709858,453753
709917,453753
709747,453753
709807,453753
709818,453753
709859,453753
709839,453753
709942,453753
710034,453753
709989,453753
709913,453753
709984,453753
709971,453753
709736,453753
709739,453753
709973,453753
709936,453753
709802,453753
709978,453753
709941,453753
709974,453753
710017,453753
709865,453753
709890,453753
710049,453753
710049,453753
709874,453753
709729,453753
710077,453753
710105,453753
710092,453753
710091,453753
709914,453753
709810,453753
710074,453753
709959,453753
709943,453753
710054,453753
710044,453753
710057,453753
710001,453753
710027,453753
709992,453753
709994,453753
710037,453753
709868,453753
709876,453753
709674,453753
709857,453753
709843,453753
709842,453753
709948,453753
710054,453753
709942,453753
709978,453753
709886,453753
709804,453753
709871,453753
710008,453753
709935,453753
709983,453753
710043,453753
709998,453753
710124,453753
710075,453753
710059,453753
709962,453753
710030,453753
709932,453753
710031,453753
710054,453753
710028,453753
709983,453753
710047,453753
710090,453753
709964,453753
709843,453753
709817,453753
709789,453753
709933,453753
709969,453753
709625,453753
709985,453753
709915,453753
709912,453753
709892,453753
709879,453753
709820,453753
709986,453753
709888,453753
709963,453753
709954,453753
709980,453753
710023,453753
710021,453753
709969,453753
710097,453753
710071,453753
710053,453753
710025,453753
709905,453753
709980,453753
710096,453753
710086,453753
710005,453753
710097,453753
710051,453753
709977,453753
709709,453753
709979,453753
709779,453753
709980,453753
709962,453753
710033,453753
709975,453753
709899,453753
710009,453753
710046,453753
709523,453753
709738,453753
709837,453753
709976,453753
709495,453753
709983,453753
709965,453753
710065,453753
710122,453753
710057,453753
710096,453753
710045,453753
709980,453753
710048,453753
709826,453753
709896,453753
710083,453753
710008,453753
710000,453753
709975,453753
710044,453753
710019,453753
710062,453753
709954,453753
710008,453753
710038,453753
709863,453753
709809,453753
710049,453753
710009,453753
710047,453753
709914,453753
709944,453753
709987,453753
709961,453753
709600,453753
709617,453753
709867,453753
709947,453753
709999,453753
710046,453753
709974,453753
710022,453753
710031,453753
710040,453753
710068,453753
709900,453753
709751,453753
709988,453753
710059,453753
709927,453753
709858,453753
710065,453753
710101,453753
710083,453753
710014,453753
709867,453753
709795,453753
709843,453753
710079,453753
709987,453753
709893,453753
709571,453753
709676,453753
709450,453753
710028,453753
709941,453753
710080,453753
709787,453753
709971,453753
710028,453753
710012,453753
710066,453753
710071,453753
710004,453753
710060,453753
710011,453753
709986,453753
709881,453753
709951,453753
710115,453753
710124,453753
710122,453753
710059,453753
710079,453753
710054,453753
709892,453753
709998,453753
710036,453753
709950,453753
709912,453753
709912,453753
709952,453753
709807,453753
709832,453753
709945,453753
709877,453753
709761,453753
709979,453753
710019,453753
710033,453753
709980,453753
710019,453753
710063,453753
710004,453753
710055,453753
709986,453753
710041,453753
710011,453753
709966,453753
710022,453753
710088,453753
710022,453753
709979,453753
709875,453753
709447,453753
709960,453753
709946,453753
709990,453753
709775,453753
709380,453753
709838,453753
710016,453753
709916,453753
709681,453753
709809,453753
709817,453753
709389,453753
709888,453753
710005,453753
710022,453753
709867,453753
710074,453753
709331,453753
709710,453753
709876,453753
709875,453753
710071,453753
709946,453753
710076,453753
710085,453753
710097,453753
710032,453753
709980,453753
710024,453753
709988,453753
709917,453753
709883,453753
709671,453753
709564,453753
709954,453753
709980,453753
710002,453753
709930,453753
710012,453753
710042,453753
710027,453753
710066,453753
710075,453753
710074,453753
710080,453753
710003,453753
709903,453753
710087,453753
710089,453753
710046,453753
710009,453753
710048,453753
710008,453753
709962,453753
709962,453753
709965,453753
709962,453753
710026,453753
710067,453753
709952,453753
709945,453753
709817,453753
710047,453753
710042,453753
710013,453753
710089,453753
710008,453753
709674,453753
709945,453753
710053,453753
710000,453753
709629,453753
709755,453753
710081,453753
710043,453753
710089,453753
710117,453546
