TRACE,NSNPS_JACKKNIFE
709448,453753
709453,453753
709363,453753
709386,453753
709314,453753
709409,453753
709288,453753
709302,453753
709374,453753
709283,453753
709359,453753
709183,453753
709433,453753
709324,453753
709387,453753
709363,453753
709281,453753
708949,453753
709037,453753
709209,453753
709389,453753
709425,453753
709336,453753
709393,453753
709422,453753
709366,453753
709248,453753
709214,453753
709304,453753
709298,453753
709335,453753
709282,453753
709344,453753
709309,453753
709339,453753
709348,453753
709317,453753
709282,453753
709352,453753
709375,453753
709392,453753
709364,453753
709300,453753
709095,453753
709173,453753
709259,453753
709364,453753
709363,453753
709401,453753
709446,453753
709404,453753
709167,453753
709205,453753
709260,453753
709187,453753
709336,453753
709330,453753
709105,453753
709235,453753
709207,453753
709357,453753
709418,453753
709409,453753
709360,453753
709290,453753
709385,453753
709312,453753
709267,453753
709306,453753
709244,453753
709028,453753
709358,453753
709398,453753
709434,453753
709425,453753
709396,453753
709451,453753
709395,453753
709448,453753
709364,453753
709150,453753
709347,453753
709436,453753
709486,453753
709445,453753
709402,453753
709425,453753
709464,453753
709369,453753
709364,453753
709158,453753
709148,453753
709351,453753
708537,453753
709349,453753
709255,453753
709344,453753
709331,453753
709331,453753
709434,453753
709268,453753
709284,453753
709219,453753
709170,453753
709228,453753
709202,453753
709367,453753
709337,453753
709351,453753
709316,453753
709382,453753
709315,453753
709208,453753
709155,453753
709146,453753
709101,453753
709319,453753
709341,453753
709265,453753
709179,453753
709187,453753
709444,453753
709235,453753
709303,453753
709381,453753
709333,453753
709259,453753
709265,453753
709222,453753
709299,453753
709219,453753
709331,453753
709264,453753
709339,453753
709198,453753
709344,453753
709370,453753
709445,453753
709160,453753
709331,453753
709046,453753
708997,453753
709263,453753
709222,453753
709256,453753
709216,453753
709310,453753
709301,453753
709341,453753
709332,453753
709341,453753
709407,453753
709396,453753
709367,453753
709354,453753
709376,453753
709390,453753
709399,453753
709447,453753
709336,453753
709325,453753
709335,453753
709394,453753
709463,453753
709474,453753
709453,453753
709406,453753
709429,453753
709381,453753
709335,453753
709283,453753
709322,453753
709349,453753
709366,453753
709390,453753
709311,453753
709362,453753
709300,453753
709235,453753
709265,453753
709238,453753
708330,453753
708545,453753
709332,453753
709269,453753
709429,453753
709386,453753
709429,453753
709402,453753
709377,453753
709444,453753
709436,453753
709122,453753
708824,453753
708911,453753
708795,453753
709013,453753
709177,453753
709356,453753
709283,453753
709265,453753
709383,453753
709352,453753
709097,453753
709343,453753
709337,453753
709254,453753
709354,453753
709246,453753
709139,453753
709272,453753
709358,453753
709364,453753
709402,453753
709259,453753
709209,453753
708902,453753
708963,453753
709115,453753
709045,453753
709471,453753
709401,453753
709386,453753
709398,453753
709249,453753
709394,453753
709422,453753
709390,453753
709430,453753
709437,453753
709281,453753
709117,453753
709153,453753
709464,453753
709429,453753
709424,453753
709256,453753
709284,453753
709202,453753
709345,453753
709261,453753
709401,453753
709452,453753
709355,453753
709344,453753
709353,453753
709300,453753
709360,453753
709364,453753
709164,453753
709091,453753
709359,453753
709333,453753
709211,453753
709264,453753
709211,453753
709255,453753
709328,453753
709115,453753
709308,453753
709400,453753
709213,453753
708837,453753
709283,453753
709279,453753
709234,453753
709223,453753
708856,453753
709356,453753
709324,453753
709322,453753
708979,453753
709283,453753
709276,453753
709249,453753
709180,453753
709374,453753
709372,453753
709256,453753
709049,453753
709290,453753
709236,453753
709335,453753
709337,453753
709220,453753
709354,453753
709376,453753
709292,453753
709343,453753
709411,453753
709450,453753
709431,453753
709443,453753
709403,453753
709419,453753
709389,453753
709293,453753
709321,453753
709459,453753
709417,453753
709449,453753
709374,453753
709488,453753
709319,453753
709404,453753
709387,453753
709361,453753
709369,453753
709335,453753
709412,453753
709409,453753
709348,453753
709151,453753
708885,453753
708759,453753
709217,453753
709338,453753
709191,453753
709236,453753
709255,453753
709339,453753
709348,453753
709314,453753
709344,453753
709267,453753
709209,453753
709257,453753
709287,453753
709237,453753
709191,453753
708713,453753
709253,453753
709309,453753
709352,453753
709306,453753
709350,453753
709254,453753
709342,453753
709378,453753
709148,453753
709070,453753
709313,453753
708938,453753
708940,453753
709346,453753
709187,453753
709359,453753
709221,453753
709285,453753
708499,453753
709319,453753
709341,453753
709358,453753
709471,453753
709486,453753
709438,453753
709467,453753
709436,453753
709354,453753
709376,453753
709402,453753
709435,453753
709352,453753
709409,453753
709333,453753
709420,453753
709319,453753
709389,453753
709297,453753
709384,453753
709343,453753
709319,453753
709319,453753
709339,453753
709317,453753
709325,453753
709170,453753
708855,453753
709182,453753
709089,453753
708487,453753
709020,453753
709153,453753
709282,453753
709201,453753
709070,453753
709109,453753
709023,453753
709244,453753
709371,453753
709283,453753
709181,453753
709190,453753
709307,453753
709285,453753
709257,453753
709233,453753
708945,453753
709120,453753
709345,453753
709313,453753
709320,453753
709382,453753
709366,453753
709454,453753
708742,453753
709281,453753
709258,453753
709297,453753
709364,453753
709381,453753
709407,453753
709363,453753
709397,453753
709437,453753
709432,453753
709395,453753
709328,453753
709141,453753
709250,453753
709295,453753
709361,453753
709413,453753
709268,453753
709439,453753
709334,453753
709393,453753
709374,453753
709223,453753
709294,453753
709296,453753
709402,453753
709019,453753
709326,453753
709367,453753
709346,453753
709363,453753
709325,453753
709280,453753
709257,453753
709233,453753
709082,453753
708239,453753
709222,453753
709286,453753
709363,453753
709442,453753
709400,453753
709220,453753
709109,453753
709315,453753
709353,453753
709119,453753
709170,453753
709407,453753
709317,453753
709354,453753
709297,453753
709208,453753
709176,453753
709178,453753
709261,453753
709421,453753
709247,453753
709439,453753
709400,453753
709327,453753
709330,453753
709404,453753
709304,453753
709452,453753
709477,453753
709425,453753
709277,453753
709220,453753
709284,453753
709261,453753
709362,453753
709388,453753
708945,453753
707991,453753
708283,453753
709283,453753
709355,453753
709382,453753
709291,453753
709367,453753
709163,453753
709362,453753
709374,453753
709397,453753
709209,453753
709304,453753
709306,453753
708767,453753
709157,453753
709310,453753
709284,453753
709350,453753
709260,453753
709274,453753
709403,453753
709385,453753
709297,453753
709196,453753
709321,453753
709202,453753
709234,453753
709321,453753
709437,453753
709299,453753
709283,453753
709238,453753
709118,453753
709088,453753
709365,453753
709359,453753
709405,453753
709417,453753
709429,453753
709346,453753
709413,453753
709357,453753
709396,453753
709425,453753
709394,453753
709351,453753
709347,453753
709437,453753
709444,453753
709348,453753
709384,453753
709419,453753
709417,453753
709371,453753
709299,453753
709378,453753
709277,453753
709432,453753
709144,453753
709282,453753
709081,453753
708924,453753
709355,453753
709244,453753
709331,453753
709411,453753
709298,453753
709319,453753
709389,453753
709364,453753
709426,453753
709392,453753
709222,453753
709130,453753
709310,453753
709264,453753
709277,453753
709390,453753
709331,453753
709229,453753
709364,453753
709302,453753
709406,453753
709294,453753
709252,453753
709350,453753
709389,453753
709449,453753
709372,453753
709456,453753
709288,453753
709321,453753
709406,453753
709392,453753
709370,453753
709360,453753
709393,453753
709369,453753
709372,453753
709385,453753
709384,453753
709280,453753
709297,453753
709329,453753
709343,453753
709385,453753
709232,453753
709120,453753
708816,453753
709232,453753
709332,453753
709396,453753
709206,453753
709334,453753
709208,453753
709278,453753
709278,453753
709350,453753
709246,453753
708209,453753
709370,453753
709372,453753
709221,453753
709368,453753
709181,453753
709283,453753
709317,453753
709234,453753
709115,453753
709324,453753
709297,453753
709389,453753
709361,453753
709429,453753
709332,453753
709343,453753
709390,453753
709425,453753
709366,453753
709492,453753
709355,453753
709251,453753
708686,453753
709397,453753
709115,453753
708913,453753
709244,453753
709235,453753
709456,453753
709308,453753
709333,453753
709478,453753
709434,453753
709395,453753
709244,453753
709297,453753
709346,453753
709410,453753
709285,453753
709301,453753
709314,453753
706841,453753
702619,453753
708070,453753
709216,453753
709177,453753
709126,453753
709379,453753
709242,453753
709315,453753
709406,453753
709266,453753
708699,453753
709180,453753
709196,453753
709312,453753
709386,453753
709297,453753
709207,453753
709190,453753
709253,453753
709259,453753
709371,453753
709362,453753
709374,453753
709480,453753
709387,453753
709163,453753
709457,453753
709418,453753
709450,453753
709462,453753
709328,453753
709374,453753
709442,453753
709458,453753
709415,453753
709287,453753
709411,453753
709372,453753
709327,453753
709332,453753
709342,453753
709409,453753
709322,453753
709320,453753
709098,453753
708305,453753
709230,453753
709299,453753
709078,453753
709217,453753
709243,453753
709259,453753
709197,453753
709315,453753
709430,453753
709314,453753
709275,453753
709362,453753
709336,453753
709122,453753
709124,453753
709342,453753
709293,453753
709198,453753
709394,453753
709339,453753
709356,453753
709358,453753
709212,453753
709240,453753
709436,453753
709434,453753
709236,453753
709062,453753
709445,453753
709463,453753
709437,453753
709440,453753
709341,453753
709270,453753
709480,453753
709355,453753
709334,453753
709409,453753
709436,453753
709422,453753
709371,453753
709388,453753
709372,453753
709360,453753
709398,453753
709284,453753
709235,453753
709099,453753
709256,453753
709236,453753
709200,453753
709320,453753
709453,453753
709344,453753
709316,453753
709269,453753
709194,453753
709274,453753
709397,453753
709298,453753
709364,453753
709412,453753
709394,453753
709471,453753
709456,453753
709446,453753
709356,453753
709400,453753
709343,453753
709424,453753
709451,453753
709422,453753
709398,453753
709417,453753
709458,453753
709350,453753
709221,453753
709183,453753
709186,453753
709302,453753
709326,453753
709064,453753
709368,453753
709276,453753
709261,453753
709266,453753
709253,453753
709219,453753
709342,453753
709306,453753
709341,453753
709357,453753
709357,453753
709405,453753
709354,453753
709333,453753
709466,453753
709446,453753
709444,453753
709384,453753
709253,453753
709353,453753
709491,453753
709469,453753
709362,453753
709453,453753
709403,453753
709317,453753
709070,453753
709366,453753
709160,453753
709364,453753
709381,453753
709405,453753
709372,453753
709278,453753
709353,453753
709431,453753
708891,453753
709122,453753
709193,453753
709344,453753
708856,453753
709372,453753
709351,453753
709400,453753
709496,453753
709432,453753
709440,453753
709450,453753
709349,453753
709413,453753
709261,453753
709260,453753
709454,453753
709419,453753
709413,453753
709359,453753
709409,453753
709416,453753
709429,453753
709296,453753
709365,453753
709436,453753
709247,453753
709124,453753
709415,453753
709386,453753
709419,453753
709328,453753
709342,453753
709358,453753
709311,453753
708984,453753
709099,453753
709245,453753
709310,453753
709410,453753
709433,453753
709372,453753
709407,453753
709380,453753
709433,453753
709427,453753
709293,453753
709079,453753
709400,453753
709367,453753
709316,453753
709224,453753
709452,453753
709493,453753
709471,453753
709363,453753
709202,453753
709205,453753
709170,453753
709452,453753
709346,453753
709229,453753
708939,453753
709101,453753
708873,453753
709410,453753
709322,453753
709448,453753
709089,453753
709374,453753
709399,453753
709392,453753
709441,453753
709450,453753
709388,453753
709428,453753
709377,453753
709349,453753
709246,453753
709326,453753
709475,453753
709496,453753
709520,453753
709438,453753
709469,453753
709389,453753
709335,453753
709398,453753
709373,453753
709330,453753
709311,453753
709270,453753
709329,453753
709169,453753
709210,453753
709335,453753
709315,453753
709196,453753
709327,453753
709384,453753
709373,453753
709359,453753
709366,453753
709428,453753
709398,453753
709441,453753
709394,453753
709449,453753
709408,453753
709382,453753
709411,453753
709464,453753
709397,453753
709356,453753
709211,453753
708673,453753
709275,453753
709307,453753
709365,453753
709204,453753
708912,453753
709238,453753
709361,453753
709311,453753
708983,453753
709146,453753
709199,453753
708835,453753
709246,453753
709383,453753
709418,453753
709284,453753
709465,453753
708613,453753
709024,453753
709222,453753
709307,453753
709468,453753
709263,453753
709451,453753
709482,453753
709476,453753
709419,453753
709348,453753
709419,453753
709341,453753
709311,453753
709225,453753
709010,453753
708941,453753
709310,453753
709355,453753
709374,453753
709309,453753
709286,453753
709414,453753
709409,453753
709463,453753
709424,453753
709441,453753
709458,453753
709395,453753
709311,453753
709447,453753
709460,453753
709428,453753
709389,453753
709419,453753
709387,453753
709340,453753
709332,453753
709329,453753
709331,453753
709404,453753
709456,453753
709377,453753
709315,453753
709182,453753
709422,453753
709404,453753
709398,453753
709430,453753
709338,453753
708987,453753
709326,453753
709428,453753
709388,453753
709015,453753
709134,453753
709453,453753
709421,453753
709442,453753
709534,453546
