TRACE,NSNPS_JACKKNIFE
710644,453753
710629,453753
710554,453753
710590,453753
710556,453753
710639,453753
710468,453753
710478,453753
710554,453753
710465,453753
710554,453753
710403,453753
710649,453753
710511,453753
710603,453753
710561,453753
710474,453753
710155,453753
710245,453753
710401,453753
710572,453753
710624,453753
710542,453753
710591,453753
710630,453753
710557,453753
710433,453753
710393,453753
710523,453753
710562,453753
710527,453753
710497,453753
710475,453753
710494,453753
710559,453753
710554,453753
710501,453753
710474,453753
710530,453753
710540,453753
710598,453753
710574,453753
710499,453753
710289,453753
710399,453753
710469,453753
710526,453753
710547,453753
710612,453753
710626,453753
710630,453753
710346,453753
710448,453753
710471,453753
710406,453753
710524,453753
710510,453753
710296,453753
710464,453753
710425,453753
710527,453753
710640,453753
710612,453753
710545,453753
710501,453753
710568,453753
710552,453753
710475,453753
710505,453753
710461,453753
710163,453753
710558,453753
710583,453753
710652,453753
710631,453753
710615,453753
710656,453753
710580,453753
710642,453753
710594,453753
710391,453753
710569,453753
710658,453753
710665,453753
710659,453753
710583,453753
710616,453753
710657,453753
710548,453753
710597,453753
710401,453753
710323,453753
710559,453753
709891,453753
710549,453753
710501,453753
710539,453753
710552,453753
710537,453753
710619,453753
710406,453753
710486,453753
710393,453753
710362,453753
710403,453753
710341,453753
710568,453753
710534,453753
710561,453753
710537,453753
710590,453753
710478,453753
710474,453753
710311,453753
710254,453753
710346,453753
710544,453753
710520,453753
710482,453753
710397,453753
710435,453753
710615,453753
710475,453753
710514,453753
710571,453753
710533,453753
710455,453753
710507,453753
710414,453753
710547,453753
710445,453753
710502,453753
710445,453753
710576,453753
710421,453753
710573,453753
710554,453753
710583,453753
710407,453753
710544,453753
710201,453753
710158,453753
710488,453753
710450,453753
710426,453753
710374,453753
710509,453753
710475,453753
710550,453753
710574,453753
710540,453753
710598,453753
710592,453753
710545,453753
710555,453753
710572,453753
710595,453753
710579,453753
710635,453753
710554,453753
710532,453753
710536,453753
710580,453753
710663,453753
710684,453753
710633,453753
710566,453753
710622,453753
710596,453753
710576,453753
710435,453753
710553,453753
710574,453753
710545,453753
710574,453753
710506,453753
710545,453753
710478,453753
710462,453753
710459,453753
710417,453753
709549,453753
709588,453753
710554,453753
710468,453753
710652,453753
710616,453753
710655,453753
710611,453753
710552,453753
710639,453753
710624,453753
710364,453753
710061,453753
710072,453753
710007,453753
710240,453753
710390,453753
710510,453753
710509,453753
710466,453753
710573,453753
710530,453753
710293,453753
710508,453753
710542,453753
710493,453753
710542,453753
710467,453753
710348,453753
710510,453753
710557,453753
710561,453753
710618,453753
710432,453753
710481,453753
710076,453753
710143,453753
710329,453753
710275,453753
710651,453753
710624,453753
710586,453753
710595,453753
710461,453753
710620,453753
710632,453753
710603,453753
710628,453753
710624,453753
710501,453753
710363,453753
710402,453753
710650,453753
710688,453753
710649,453753
710507,453753
710475,453753
710330,453753
710547,453753
710449,453753
710604,453753
710625,453753
710548,453753
710560,453753
710523,453753
710528,453753
710551,453753
710578,453753
710373,453753
710275,453753
710580,453753
710542,453753
710407,453753
710473,453753
710470,453753
710459,453753
710491,453753
710245,453753
710523,453753
710617,453753
710432,453753
710065,453753
710457,453753
710491,453753
710425,453753
710429,453753
710128,453753
710593,453753
710538,453753
710473,453753
710217,453753
710471,453753
710458,453753
710445,453753
710397,453753
710592,453753
710574,453753
710474,453753
710294,453753
710504,453753
710463,453753
710590,453753
710536,453753
710415,453753
710578,453753
710592,453753
710478,453753
710525,453753
710626,453753
710648,453753
710611,453753
710650,453753
710584,453753
710661,453753
710618,453753
710557,453753
710530,453753
710680,453753
710602,453753
710623,453753
710629,453753
710681,453753
710529,453753
710582,453753
710604,453753
710575,453753
710561,453753
710495,453753
710645,453753
710636,453753
710558,453753
710349,453753
710088,453753
709830,453753
710420,453753
710536,453753
710373,453753
710415,453753
710494,453753
710539,453753
710581,453753
710519,453753
710543,453753
710480,453753
710368,453753
710490,453753
710455,453753
710465,453753
710423,453753
710034,453753
710470,453753
710532,453753
710564,453753
710536,453753
710576,453753
710428,453753
710534,453753
710585,453753
710399,453753
710275,453753
710478,453753
710126,453753
710031,453753
710557,453753
710415,453753
710587,453753
710435,453753
710448,453753
709737,453753
710538,453753
710546,453753
710566,453753
710675,453753
710685,453753
710628,453753
710655,453753
710655,453753
710573,453753
710575,453753
710629,453753
710649,453753
710581,453753
710622,453753
710524,453753
710581,453753
710533,453753
710605,453753
710508,453753
710583,453753
710559,453753
710521,453753
710538,453753
710533,453753
710498,453753
710540,453753
710393,453753
710088,453753
710380,453753
710316,453753
709748,453753
710184,453753
710366,453753
710512,453753
710396,453753
710240,453753
710250,453753
710241,453753
710428,453753
710528,453753
710490,453753
710405,453753
710402,453753
710581,453753
710495,453753
710428,453753
710417,453753
710194,453753
710328,453753
710563,453753
710556,453753
710539,453753
710556,453753
710537,453753
710632,453753
710080,453753
710488,453753
710488,453753
710499,453753
710574,453753
710587,453753
710577,453753
710535,453753
710623,453753
710653,453753
710612,453753
710609,453753
710565,453753
710407,453753
710450,453753
710520,453753
710580,453753
710574,453753
710455,453753
710628,453753
710585,453753
710569,453753
710548,453753
710406,453753
710514,453753
710530,453753
710610,453753
710200,453753
710515,453753
710570,453753
710532,453753
710580,453753
710483,453753
710487,453753
710452,453753
710413,453753
710295,453753
709591,453753
710435,453753
710509,453753
710555,453753
710624,453753
710595,453753
710430,453753
710381,453753
710507,453753
710576,453753
710393,453753
710437,453753
710621,453753
710502,453753
710546,453753
710507,453753
710417,453753
710426,453753
710374,453753
710519,453753
710631,453753
710453,453753
710648,453753
710633,453753
710516,453753
710531,453753
710613,453753
710495,453753
710672,453753
710663,453753
710616,453753
710441,453753
710397,453753
710466,453753
710453,453753
710578,453753
710622,453753
710213,453753
709278,453753
709494,453753
710509,453753
710550,453753
710569,453753
710501,453753
710553,453753
710371,453753
710592,453753
710589,453753
710581,453753
710366,453753
710545,453753
710491,453753
710028,453753
710374,453753
710490,453753
710486,453753
710526,453753
710458,453753
710496,453753
710604,453753
710621,453753
710506,453753
710424,453753
710527,453753
710378,453753
710446,453753
710509,453753
710633,453753
710452,453753
710503,453753
710509,453753
710357,453753
710346,453753
710594,453753
710559,453753
710595,453753
710618,453753
710640,453753
710528,453753
710572,453753
710596,453753
710582,453753
710627,453753
710612,453753
710554,453753
710545,453753
710625,453753
710621,453753
710541,453753
710596,453753
710619,453753
710602,453753
710563,453753
710453,453753
710587,453753
710408,453753
710610,453753
710395,453753
710505,453753
710264,453753
710103,453753
710536,453753
710458,453753
710543,453753
710614,453753
710533,453753
710529,453753
710583,453753
710548,453753
710609,453753
710573,453753
710419,453753
710356,453753
710496,453753
710468,453753
710503,453753
710593,453753
710527,453753
710402,453753
710533,453753
710471,453753
710574,453753
710567,453753
710491,453753
710591,453753
710578,453753
710612,453753
710554,453753
710671,453753
710508,453753
710489,453753
710606,453753
710600,453753
710591,453753
710556,453753
710595,453753
710575,453753
710596,453753
710595,453753
710585,453753
710432,453753
710430,453753
710555,453753
710574,453753
710583,453753
710451,453753
710277,453753
709986,453753
710463,453753
710526,453753
710581,453753
710425,453753
710515,453753
710405,453753
710480,453753
710451,453753
710592,453753
710481,453753
709417,453753
710596,453753
710605,453753
710496,453753
710564,453753
710365,453753
710475,453753
710518,453753
710461,453753
710227,453753
710489,453753
710517,453753
710608,453753
710563,453753
710637,453753
710545,453753
710582,453753
710544,453753
710618,453753
710555,453753
710690,453753
710587,453753
710498,453753
709949,453753
710624,453753
710270,453753
710150,453753
710461,453753
710471,453753
710636,453753
710517,453753
710564,453753
710638,453753
710642,453753
710574,453753
710401,453753
710441,453753
710555,453753
710626,453753
710509,453753
710469,453753
710541,453753
707856,453753
703980,453753
709216,453753
710382,453753
710402,453753
710351,453753
710578,453753
710373,453753
710542,453753
710609,453753
710465,453753
709884,453753
710321,453753
710362,453753
710514,453753
710599,453753
710527,453753
710412,453753
710365,453753
710491,453753
710505,453753
710554,453753
710598,453753
710568,453753
710650,453753
710588,453753
710398,453753
710664,453753
710615,453753
710619,453753
710643,453753
710528,453753
710588,453753
710593,453753
710652,453753
710605,453753
710460,453753
710583,453753
710573,453753
710521,453753
710546,453753
710540,453753
710589,453753
710500,453753
710525,453753
710291,453753
709676,453753
710419,453753
710512,453753
710276,453753
710375,453753
710468,453753
710458,453753
710413,453753
710550,453753
710610,453753
710578,453753
710497,453753
710604,453753
710528,453753
710290,453753
710290,453753
710563,453753
710486,453753
710439,453753
710573,453753
710572,453753
710533,453753
710617,453753
710483,453753
710459,453753
710636,453753
710622,453753
710452,453753
710283,453753
710654,453753
710689,453753
710689,453753
710648,453753
710480,453753
710366,453753
710688,453753
710537,453753
710579,453753
710621,453753
710604,453753
710647,453753
710561,453753
710553,453753
710531,453753
710543,453753
710578,453753
710484,453753
710429,453753
710213,453753
710427,453753
710449,453753
710402,453753
710513,453753
710651,453753
710561,453753
710557,453753
710491,453753
710382,453753
710480,453753
710594,453753
710502,453753
710585,453753
710582,453753
710588,453753
710681,453753
710654,453753
710636,453753
710526,453753
710599,453753
710537,453753
710625,453753
710645,453753
710619,453753
710616,453753
710627,453753
710667,453753
710520,453753
710438,453753
710374,453753
710384,453753
710524,453753
710546,453753
710104,453753
710568,453753
710495,453753
710485,453753
710485,453753
710458,453753
710443,453753
710562,453753
710515,453753
710542,453753
710531,453753
710545,453753
710594,453753
710565,453753
710509,453753
710661,453753
710630,453753
710613,453753
710585,453753
710466,453753
710517,453753
710701,453753
710652,453753
710599,453753
710691,453753
710629,453753
710546,453753
710289,453753
710555,453753
710372,453753
710551,453753
710531,453753
710638,453753
710564,453753
710470,453753
710539,453753
710632,453753
710140,453753
710354,453753
710370,453753
710519,453753
709968,453753
710555,453753
710542,453753
710627,453753
710714,453753
710647,453753
710651,453753
710651,453753
710561,453753
710628,453753
710433,453753
710483,453753
710672,453753
710580,453753
710619,453753
710573,453753
710622,453753
710588,453753
710647,453753
710525,453753
710597,453753
710629,453753
710443,453753
710400,453753
710666,453753
710552,453753
710628,453753
710521,453753
710524,453753
710578,453753
710538,453753
710142,453753
710241,453753
710497,453753
710566,453753
710630,453753
710654,453753
710556,453753
710622,453753
710598,453753
710640,453753
710641,453753
710460,453753
710270,453753
710586,453753
710611,453753
710529,453753
710393,453753
710660,453753
710670,453753
710676,453753
710594,453753
710441,453753
710414,453753
710410,453753
710610,453753
710564,453753
710397,453753
710205,453753
710242,453753
709867,453753
710594,453753
710498,453753
710679,453753
710331,453753
710577,453753
710604,453753
710625,453753
710633,453753
710660,453753
710593,453753
710641,453753
710590,453753
710590,453753
710461,453753
710521,453753
710697,453753
710700,453753
710719,453753
710632,453753
710654,453753
710605,453753
710512,453753
710606,453753
710596,453753
710541,453753
710535,453753
710487,453753
710536,453753
710415,453753
710457,453753
710519,453753
710509,453753
710299,453753
710526,453753
710624,453753
710588,453753
710528,453753
710602,453753
710627,453753
710576,453753
710637,453753
710592,453753
710635,453753
710614,453753
710549,453753
710607,453753
710692,453753
710593,453753
710555,453753
710403,453753
709892,453753
710505,453753
710521,453753
710573,453753
710326,453753
710048,453753
710479,453753
710603,453753
710498,453753
710215,453753
710390,453753
710382,453753
709943,453753
710457,453753
710597,453753
710592,453753
710466,453753
710675,453753
709822,453753
710279,453753
710424,453753
710473,453753
710659,453753
710514,453753
710660,453753
710659,453753
710662,453753
710621,453753
710559,453753
710640,453753
710568,453753
710514,453753
710453,453753
710167,453753
710099,453753
710502,453753
710572,453753
710597,453753
710473,453753
710544,453753
710617,453753
710622,453753
710649,453753
710636,453753
710657,453753
710632,453753
710597,453753
710512,453753
710678,453753
710676,453753
710638,453753
710566,453753
710640,453753
710606,453753
710551,453753
710543,453753
710553,453753
710534,453753
710613,453753
710654,453753
710552,453753
710506,453753
710352,453753
710626,453753
710626,453753
710581,453753
710635,453753
710547,453753
710183,453753
710536,453753
710607,453753
710584,453753
710207,453753
710284,453753
710641,453753
710635,453753
710640,453753
710703,453546
