TRACE,NSNPS_JACKKNIFE
710298,453753
710271,453753
710197,453753
710233,453753
710175,453753
710248,453753
710131,453753
710087,453753
710192,453753
710100,453753
710193,453753
709983,453753
710261,453753
710185,453753
710249,453753
710174,453753
710108,453753
709845,453753
709956,453753
710024,453753
710207,453753
710253,453753
710148,453753
710216,453753
710244,453753
710203,453753
710062,453753
710016,453753
710157,453753
710167,453753
710136,453753
710144,453753
710149,453753
710097,453753
710148,453753
710161,453753
710112,453753
710093,453753
710191,453753
710201,453753
710225,453753
710220,453753
710133,453753
709879,453753
709994,453753
710108,453753
710179,453753
710190,453753
710229,453753
710244,453753
710238,453753
709977,453753
710075,453753
710107,453753
710039,453753
710159,453753
710139,453753
709914,453753
710061,453753
710053,453753
710174,453753
710277,453753
710232,453753
710204,453753
710138,453753
710204,453753
710195,453753
710052,453753
710108,453753
710090,453753
709838,453753
710193,453753
710215,453753
710302,453753
710263,453753
710234,453753
710286,453753
710227,453753
710297,453753
710200,453753
710018,453753
710192,453753
710270,453753
710282,453753
710284,453753
710237,453753
710259,453753
710315,453753
710172,453753
710192,453753
710048,453753
709991,453753
710217,453753
709350,453753
710191,453753
710121,453753
710206,453753
710167,453753
710163,453753
710252,453753
710087,453753
710123,453753
710030,453753
709989,453753
710015,453753
710039,453753
710218,453753
710189,453753
710200,453753
710162,453753
710213,453753
710142,453753
710070,453753
709985,453753
709956,453753
709953,453753
710198,453753
710174,453753
710114,453753
710016,453753
710029,453753
710289,453753
710059,453753
710153,453753
710179,453753
710132,453753
710084,453753
710165,453753
710033,453753
710135,453753
710048,453753
710150,453753
710061,453753
710208,453753
710043,453753
710181,453753
710229,453753
710219,453753
709997,453753
710205,453753
709839,453753
709738,453753
710116,453753
710013,453753
710040,453753
710021,453753
710123,453753
710118,453753
710158,453753
710198,453753
710204,453753
710234,453753
710227,453753
710172,453753
710222,453753
710196,453753
710218,453753
710232,453753
710283,453753
710214,453753
710155,453753
710177,453753
710215,453753
710285,453753
710292,453753
710279,453753
710230,453753
710233,453753
710231,453753
710182,453753
710092,453753
710185,453753
710198,453753
710182,453753
710226,453753
710164,453753
710192,453753
710134,453753
710093,453753
710129,453753
710071,453753
709072,453753
709249,453753
710166,453753
710091,453753
710274,453753
710222,453753
710234,453753
710269,453753
710193,453753
710287,453753
710239,453753
709997,453753
709718,453753
709756,453753
709602,453753
709866,453753
710060,453753
710216,453753
710149,453753
710103,453753
710231,453753
710166,453753
709920,453753
710166,453753
710175,453753
710133,453753
710189,453753
710047,453753
709900,453753
710105,453753
710213,453753
710179,453753
710235,453753
710082,453753
710088,453753
709736,453753
709781,453753
709997,453753
709895,453753
710297,453753
710253,453753
710199,453753
710181,453753
710071,453753
710225,453753
710258,453753
710208,453753
710269,453753
710271,453753
710099,453753
710008,453753
710088,453753
710282,453753
710266,453753
710257,453753
710152,453753
710140,453753
710022,453753
710198,453753
710114,453753
710241,453753
710268,453753
710188,453753
710170,453753
710166,453753
710148,453753
710162,453753
710220,453753
710022,453753
709936,453753
710186,453753
710170,453753
710017,453753
710053,453753
710067,453753
710126,453753
710128,453753
709932,453753
710172,453753
710256,453753
710052,453753
709640,453753
710117,453753
710146,453753
710094,453753
710093,453753
709819,453753
710181,453753
710176,453753
710117,453753
709810,453753
710129,453753
710073,453753
710070,453753
710017,453753
710217,453753
710214,453753
710115,453753
709919,453753
710122,453753
710100,453753
710200,453753
710156,453753
710086,453753
710164,453753
710240,453753
710128,453753
710198,453753
710252,453753
710272,453753
710236,453753
710262,453753
710235,453753
710282,453753
710219,453753
710137,453753
710168,453753
710292,453753
710230,453753
710244,453753
710232,453753
710312,453753
710190,453753
710260,453753
710235,453753
710173,453753
710201,453753
710176,453753
710271,453753
710242,453753
710153,453753
709985,453753
709733,453753
709450,453753
710031,453753
710182,453753
709987,453753
710060,453753
710128,453753
710129,453753
710226,453753
710126,453753
710172,453753
710113,453753
710052,453753
710089,453753
710131,453753
710131,453753
710059,453753
709632,453753
710086,453753
710145,453753
710202,453753
710165,453753
710206,453753
710068,453753
710156,453753
710196,453753
710030,453753
709931,453753
710121,453753
709742,453753
709664,453753
710115,453753
710002,453753
710207,453753
710069,453753
710106,453753
709266,453753
710162,453753
710170,453753
710193,453753
710286,453753
710299,453753
710273,453753
710298,453753
710297,453753
710203,453753
710213,453753
710262,453753
710288,453753
710240,453753
710250,453753
710151,453753
710220,453753
710179,453753
710249,453753
710146,453753
710226,453753
710192,453753
710165,453753
710160,453753
710194,453753
710110,453753
710173,453753
710036,453753
709762,453753
710028,453753
709984,453753
709328,453753
709719,453753
710026,453753
710132,453753
710042,453753
709911,453753
709931,453753
709853,453753
710074,453753
710198,453753
710146,453753
710037,453753
710055,453753
710146,453753
710122,453753
710060,453753
710046,453753
709867,453753
709957,453753
710212,453753
710167,453753
710195,453753
710167,453753
710162,453753
710265,453753
709673,453753
710089,453753
710115,453753
710168,453753
710211,453753
710214,453753
710252,453753
710174,453753
710238,453753
710285,453753
710247,453753
710239,453753
710195,453753
710000,453753
710048,453753
710117,453753
710176,453753
710217,453753
710113,453753
710250,453753
710184,453753
710226,453753
710201,453753
709983,453753
710138,453753
710145,453753
710221,453753
709799,453753
710180,453753
710202,453753
710186,453753
710211,453753
710141,453753
710109,453753
710077,453753
710066,453753
709882,453753
709206,453753
710089,453753
710116,453753
710188,453753
710258,453753
710254,453753
710047,453753
709982,453753
710132,453753
710189,453753
709892,453753
710016,453753
710217,453753
710160,453753
710207,453753
710168,453753
710058,453753
709992,453753
710026,453753
710113,453753
710270,453753
710077,453753
710273,453753
710244,453753
710183,453753
710222,453753
710230,453753
710156,453753
710304,453753
710299,453753
710264,453753
710108,453753
710014,453753
710146,453753
710083,453753
710181,453753
710242,453753
709974,453753
709262,453753
709464,453753
710166,453753
710209,453753
710210,453753
710171,453753
710157,453753
709987,453753
710198,453753
710177,453753
710251,453753
710060,453753
710158,453753
710128,453753
709664,453753
710027,453753
710162,453753
710094,453753
710160,453753
710088,453753
710152,453753
710236,453753
710254,453753
710152,453753
710093,453753
710135,453753
710043,453753
710069,453753
710135,453753
710243,453753
710138,453753
710167,453753
710094,453753
709936,453753
709956,453753
710219,453753
710229,453753
710259,453753
710244,453753
710267,453753
710150,453753
710249,453753
710179,453753
710224,453753
710260,453753
710251,453753
710164,453753
710201,453753
710277,453753
710262,453753
710170,453753
710253,453753
710269,453753
710241,453753
710201,453753
710147,453753
710236,453753
710077,453753
710261,453753
710058,453753
710115,453753
709889,453753
709743,453753
710191,453753
710089,453753
710157,453753
710232,453753
710145,453753
710158,453753
710224,453753
710199,453753
710258,453753
710217,453753
710048,453753
709959,453753
710171,453753
710157,453753
710126,453753
710232,453753
710179,453753
710065,453753
710187,453753
710095,453753
710228,453753
710125,453753
710105,453753
710198,453753
710204,453753
710258,453753
710244,453753
710286,453753
710123,453753
710159,453753
710247,453753
710228,453753
710206,453753
710201,453753
710202,453753
710177,453753
710209,453753
710242,453753
710246,453753
710112,453753
710102,453753
710183,453753
710183,453753
710260,453753
710103,453753
709902,453753
709625,453753
710092,453753
710158,453753
710197,453753
710069,453753
710165,453753
710032,453753
710104,453753
710096,453753
710191,453753
710078,453753
708691,453753
710195,453753
710227,453753
710123,453753
710186,453753
710052,453753
710120,453753
710159,453753
710063,453753
709876,453753
710152,453753
710169,453753
710227,453753
710189,453753
710266,453753
710209,453753
710215,453753
710168,453753
710254,453753
710208,453753
710328,453753
710194,453753
710100,453753
709557,453753
710226,453753
709932,453753
709762,453753
710054,453753
710100,453753
710274,453753
710180,453753
710167,453753
710292,453753
710272,453753
710227,453753
710085,453753
710075,453753
710211,453753
710230,453753
710153,453753
710102,453753
710168,453753
707448,453753
703422,453753
708955,453753
710034,453753
710005,453753
709948,453753
710195,453753
710081,453753
710205,453753
710229,453753
710115,453753
709551,453753
709959,453753
709990,453753
710142,453753
710236,453753
710105,453753
710008,453753
710009,453753
710092,453753
710142,453753
710197,453753
710209,453753
710195,453753
710317,453753
710225,453753
710049,453753
710288,453753
710248,453753
710252,453753
710305,453753
710183,453753
710206,453753
710249,453753
710303,453753
710232,453753
710111,453753
710215,453753
710223,453753
710174,453753
710145,453753
710163,453753
710242,453753
710149,453753
710160,453753
709894,453753
709168,453753
710063,453753
710138,453753
709886,453753
710048,453753
710026,453753
710084,453753
710100,453753
710150,453753
710208,453753
710191,453753
710111,453753
710221,453753
710140,453753
709928,453753
709975,453753
710213,453753
710119,453753
710040,453753
710193,453753
710185,453753
710119,453753
710214,453753
710046,453753
710076,453753
710254,453753
710237,453753
710067,453753
709924,453753
710287,453753
710328,453753
710297,453753
710273,453753
710144,453753
710077,453753
710307,453753
710158,453753
710156,453753
710250,453753
710253,453753
710258,453753
710193,453753
710218,453753
710193,453753
710210,453753
710239,453753
710091,453753
710036,453753
709936,453753
710079,453753
710104,453753
710026,453753
710145,453753
710277,453753
710180,453753
710149,453753
710118,453753
710053,453753
710114,453753
710228,453753
710164,453753
710212,453753
710201,453753
710225,453753
710331,453753
710302,453753
710263,453753
710177,453753
710233,453753
710169,453753
710237,453753
710286,453753
710231,453753
710256,453753
710248,453753
710302,453753
710209,453753
710057,453753
710038,453753
709998,453753
710136,453753
710177,453753
709743,453753
710204,453753
710082,453753
710096,453753
710114,453753
710106,453753
710029,453753
710202,453753
710140,453753
710197,453753
710166,453753
710182,453753
710244,453753
710217,453753
710151,453753
710300,453753
710282,453753
710270,453753
710194,453753
710131,453753
710178,453753
710330,453753
710283,453753
710190,453753
710312,453753
710250,453753
710136,453753
709930,453753
710212,453753
709954,453753
710166,453753
710175,453753
710267,453753
710205,453753
710091,453753
710167,453753
710269,453753
709794,453753
709952,453753
710036,453753
710188,453753
709624,453753
710192,453753
710162,453753
710274,453753
710323,453753
710238,453753
710326,453753
710277,453753
710209,453753
710264,453753
710084,453753
710083,453753
710288,453753
710244,453753
710249,453753
710192,453753
710242,453753
710269,453753
710285,453753
710134,453753
710174,453753
710277,453753
710007,453753
709969,453753
710265,453753
710188,453753
710247,453753
710147,453753
710179,453753
710190,453753
710171,453753
709803,453753
709869,453753
710062,453753
710165,453753
710264,453753
710292,453753
710201,453753
710219,453753
710222,453753
710271,453753
710253,453753
710058,453753
709961,453753
710225,453753
710263,453753
710147,453753
710074,453753
710275,453753
710279,453753
710321,453753
710220,453753
710082,453753
710064,453753
710063,453753
710285,453753
710197,453753
710109,453753
709822,453753
709905,453753
709612,453753
710234,453753
710158,453753
710295,453753
709994,453753
710189,453753
710240,453753
710236,453753
710241,453753
710283,453753
710219,453753
710280,453753
710233,453753
710210,453753
710059,453753
710130,453753
710296,453753
710327,453753
710332,453753
710243,453753
710296,453753
710216,453753
710164,453753
710218,453753
710209,453753
710199,453753
710158,453753
710170,453753
710173,453753
709998,453753
710073,453753
710174,453753
710125,453753
709998,453753
710152,453753
710222,453753
710274,453753
710188,453753
710200,453753
710279,453753
710208,453753
710259,453753
710240,453753
710278,453753
710263,453753
710219,453753
710275,453753
710305,453753
710230,453753
710207,453753
710067,453753
709579,453753
710137,453753
710144,453753
710196,453753
709955,453753
709595,453753
710070,453753
710210,453753
710130,453753
709875,453753
710031,453753
710016,453753
709537,453753
710106,453753
710238,453753
710256,453753
710132,453753
710290,453753
709503,453753
709885,453753
710076,453753
710117,453753
710310,453753
710121,453753
710287,453753
710314,453753
710286,453753
710236,453753
710200,453753
710242,453753
710213,453753
710163,453753
710102,453753
709880,453753
709757,453753
710121,453753
710197,453753
710222,453753
710074,453753
710158,453753
710235,453753
710259,453753
710281,453753
710294,453753
710288,453753
710298,453753
710239,453753
710159,453753
710313,453753
710319,453753
710268,453753
710236,453753
710270,453753
710239,453753
710179,453753
710189,453753
710179,453753
710162,453753
710266,453753
710308,453753
710219,453753
710158,453753
709976,453753
710263,453753
710262,453753
710224,453753
710300,453753
710219,453753
709805,453753
710107,453753
710262,453753
710217,453753
709885,453753
709965,453753
710299,453753
710230,453753
710299,453753
710350,453546
