TRACE,NSNPS_JACKKNIFE
712073,453753
712058,453753
711964,453753
711970,453753
711931,453753
712023,453753
711871,453753
711877,453753
711989,453753
711893,453753
711959,453753
711816,453753
712036,453753
711895,453753
712035,453753
711980,453753
711895,453753
711541,453753
711589,453753
711850,453753
711976,453753
712029,453753
711923,453753
711998,453753
712026,453753
711963,453753
711862,453753
711804,453753
711886,453753
711912,453753
711929,453753
711911,453753
711888,453753
711897,453753
711958,453753
711971,453753
711912,453753
711902,453753
711959,453753
711971,453753
711997,453753
711991,453753
711934,453753
711655,453753
711751,453753
711874,453753
711982,453753
711997,453753
712033,453753
712018,453753
712018,453753
711741,453753
711784,453753
711893,453753
711746,453753
711902,453753
711916,453753
711683,453753
711881,453753
711828,453753
711988,453753
712028,453753
712021,453753
711977,453753
711950,453753
711987,453753
711925,453753
711840,453753
711886,453753
711880,453753
711559,453753
711952,453753
712000,453753
712045,453753
712036,453753
712005,453753
712058,453753
711968,453753
712033,453753
711967,453753
711807,453753
711951,453753
712042,453753
712069,453753
712075,453753
712007,453753
712029,453753
712051,453753
711958,453753
711985,453753
711799,453753
711747,453753
711973,453753
710966,453753
711981,453753
711886,453753
711951,453753
711919,453753
711935,453753
712024,453753
711880,453753
711910,453753
711829,453753
711764,453753
711817,453753
711819,453753
711973,453753
711989,453753
711965,453753
711937,453753
711997,453753
711893,453753
711805,453753
711710,453753
711700,453753
711762,453753
711914,453753
711934,453753
711876,453753
711800,453753
711820,453753
712034,453753
711843,453753
711901,453753
711979,453753
711884,453753
711844,453753
711889,453753
711811,453753
711937,453753
711831,453753
711906,453753
711841,453753
711914,453753
711802,453753
711977,453753
711997,453753
711976,453753
711800,453753
711931,453753
711684,453753
711538,453753
711896,453753
711805,453753
711784,453753
711801,453753
711877,453753
711933,453753
711949,453753
711951,453753
711953,453753
712006,453753
711994,453753
711944,453753
711958,453753
711973,453753
711992,453753
711984,453753
712033,453753
711976,453753
711887,453753
711905,453753
711982,453753
712076,453753
712071,453753
712055,453753
711997,453753
712009,453753
712015,453753
711966,453753
711845,453753
711934,453753
711985,453753
711951,453753
711985,453753
711962,453753
711965,453753
711902,453753
711853,453753
711871,453753
711822,453753
710871,453753
710893,453753
711952,453753
711836,453753
712031,453753
711987,453753
712017,453753
712010,453753
711950,453753
712048,453753
712009,453753
711737,453753
711404,453753
711527,453753
711361,453753
711558,453753
711764,453753
711959,453753
711893,453753
711860,453753
711981,453753
711953,453753
711683,453753
711914,453753
711913,453753
711893,453753
711980,453753
711857,453753
711786,453753
711921,453753
711962,453753
711983,453753
711993,453753
711849,453753
711912,453753
711599,453753
711589,453753
711773,453753
711657,453753
712070,453753
712015,453753
711969,453753
711966,453753
711858,453753
711980,453753
712022,453753
712004,453753
712043,453753
712030,453753
711892,453753
711696,453753
711823,453753
712060,453753
712049,453753
712027,453753
711932,453753
711914,453753
711758,453753
711959,453753
711896,453753
712012,453753
712037,453753
711957,453753
711946,453753
711935,453753
711949,453753
711949,453753
711962,453753
711779,453753
711690,453753
711943,453753
711940,453753
711846,453753
711903,453753
711828,453753
711895,453753
711869,453753
711703,453753
711941,453753
711998,453753
711825,453753
711435,453753
711872,453753
711863,453753
711813,453753
711829,453753
711506,453753
711982,453753
711957,453753
711868,453753
711561,453753
711901,453753
711843,453753
711802,453753
711745,453753
711976,453753
711974,453753
711892,453753
711712,453753
711901,453753
711832,453753
711944,453753
711929,453753
711842,453753
711963,453753
712008,453753
711886,453753
711927,453753
712043,453753
712046,453753
712017,453753
712038,453753
711987,453753
712024,453753
711998,453753
711964,453753
711923,453753
712091,453753
711997,453753
712027,453753
711976,453753
712082,453753
711977,453753
712029,453753
712014,453753
711938,453753
711951,453753
711903,453753
712011,453753
712016,453753
711932,453753
711768,453753
711456,453753
711334,453753
711832,453753
711935,453753
711756,453753
711834,453753
711910,453753
711932,453753
711994,453753
711926,453753
711926,453753
711896,453753
711824,453753
711873,453753
711887,453753
711866,453753
711770,453753
711458,453753
711889,453753
711913,453753
711965,453753
711890,453753
711978,453753
711830,453753
711946,453753
711984,453753
711760,453753
711698,453753
711901,453753
711530,453753
711420,453753
711932,453753
711815,453753
711995,453753
711833,453753
711816,453753
711030,453753
711942,453753
711931,453753
711954,453753
712088,453753
712057,453753
712038,453753
712071,453753
712061,453753
711992,453753
711980,453753
712000,453753
712023,453753
711974,453753
712006,453753
711919,453753
712031,453753
711941,453753
712007,453753
711937,453753
711992,453753
711945,453753
711891,453753
711925,453753
711997,453753
711913,453753
711972,453753
711790,453753
711458,453753
711781,453753
711702,453753
711123,453753
711531,453753
711730,453753
711927,453753
711819,453753
711620,453753
711710,453753
711628,453753
711845,453753
711955,453753
711903,453753
711771,453753
711824,453753
711932,453753
711882,453753
711806,453753
711823,453753
711555,453753
711686,453753
711957,453753
711957,453753
711984,453753
711965,453753
711930,453753
712049,453753
711360,453753
711893,453753
711886,453753
711910,453753
711993,453753
712015,453753
712014,453753
711970,453753
712006,453753
712033,453753
712026,453753
712011,453753
711968,453753
711769,453753
711834,453753
711917,453753
711946,453753
712014,453753
711848,453753
712023,453753
711955,453753
712002,453753
711944,453753
711797,453753
711911,453753
711919,453753
712038,453753
711680,453753
711929,453753
711966,453753
711954,453753
711951,453753
711886,453753
711887,453753
711850,453753
711876,453753
711690,453753
711022,453753
711821,453753
711895,453753
711955,453753
712042,453753
712017,453753
711835,453753
711762,453753
711940,453753
712002,453753
711676,453753
711776,453753
712013,453753
711956,453753
711943,453753
711906,453753
711860,453753
711784,453753
711788,453753
711911,453753
712020,453753
711827,453753
712070,453753
712023,453753
711935,453753
711953,453753
712039,453753
711902,453753
712090,453753
712090,453753
712009,453753
711874,453753
711786,453753
711923,453753
711877,453753
711954,453753
711954,453753
711556,453753
710600,453753
710900,453753
711904,453753
711967,453753
711977,453753
711891,453753
711903,453753
711730,453753
711943,453753
711961,453753
711984,453753
711791,453753
711911,453753
711899,453753
711393,453753
711800,453753
711917,453753
711888,453753
711933,453753
711905,453753
711926,453753
712018,453753
712043,453753
711900,453753
711841,453753
711915,453753
711788,453753
711809,453753
711934,453753
712027,453753
711892,453753
711904,453753
711878,453753
711775,453753
711720,453753
711950,453753
711963,453753
711988,453753
712032,453753
712034,453753
711906,453753
712004,453753
711969,453753
711969,453753
712010,453753
712013,453753
711958,453753
711931,453753
712023,453753
712034,453753
711939,453753
712008,453753
712053,453753
711997,453753
711992,453753
711854,453753
712019,453753
711830,453753
712021,453753
711833,453753
711914,453753
711621,453753
711496,453753
711954,453753
711853,453753
711921,453753
712016,453753
711921,453753
711927,453753
712009,453753
711951,453753
712026,453753
711992,453753
711819,453753
711712,453753
711910,453753
711864,453753
711926,453753
711994,453753
711888,453753
711848,453753
711950,453753
711872,453753
712006,453753
711954,453753
711877,453753
711956,453753
711955,453753
712023,453753
711945,453753
712049,453753
711898,453753
711931,453753
712007,453753
712022,453753
712003,453753
711970,453753
711956,453753
711966,453753
711968,453753
712008,453753
712011,453753
711851,453753
711877,453753
711941,453753
711958,453753
711985,453753
711851,453753
711660,453753
711356,453753
711901,453753
711934,453753
711977,453753
711822,453753
711908,453753
711833,453753
711865,453753
711851,453753
712005,453753
711868,453753
710850,453753
711976,453753
711988,453753
711904,453753
711965,453753
711742,453753
711868,453753
711909,453753
711814,453753
711656,453753
711913,453753
711926,453753
711998,453753
711990,453753
712047,453753
711929,453753
711993,453753
711986,453753
712029,453753
711945,453753
712065,453753
711972,453753
711883,453753
711312,453753
712025,453753
711646,453753
711464,453753
711851,453753
711812,453753
712065,453753
711906,453753
711972,453753
712076,453753
712047,453753
711965,453753
711847,453753
711873,453753
711961,453753
712012,453753
711941,453753
711895,453753
711964,453753
709333,453753
705400,453753
710582,453753
711816,453753
711780,453753
711664,453753
711958,453753
711826,453753
711947,453753
712033,453753
711876,453753
711293,453753
711784,453753
711770,453753
711853,453753
712027,453753
711926,453753
711794,453753
711814,453753
711886,453753
711885,453753
711969,453753
711974,453753
711977,453753
712052,453753
711986,453753
711778,453753
712062,453753
712002,453753
712047,453753
712040,453753
711955,453753
711983,453753
712027,453753
712037,453753
712039,453753
711865,453753
711985,453753
711982,453753
711937,453753
711918,453753
711942,453753
712001,453753
711922,453753
711908,453753
711711,453753
711116,453753
711825,453753
711928,453753
711671,453753
711810,453753
711824,453753
711843,453753
711803,453753
711919,453753
711997,453753
711945,453753
711896,453753
711991,453753
711930,453753
711721,453753
711768,453753
711960,453753
711900,453753
711780,453753
711946,453753
711921,453753
711946,453753
711988,453753
711865,453753
711842,453753
712009,453753
712036,453753
711837,453753
711701,453753
712078,453753
712086,453753
712064,453753
712065,453753
711925,453753
711852,453753
712073,453753
711943,453753
711924,453753
712049,453753
712004,453753
712060,453753
711989,453753
711997,453753
711965,453753
711964,453753
712013,453753
711891,453753
711843,453753
711674,453753
711842,453753
711880,453753
711842,453753
711905,453753
712037,453753
711921,453753
711978,453753
711913,453753
711799,453753
711848,453753
711999,453753
711937,453753
711965,453753
712007,453753
711993,453753
712103,453753
712039,453753
712035,453753
711956,453753
712008,453753
711920,453753
711988,453753
712044,453753
711999,453753
711986,453753
712025,453753
712077,453753
711962,453753
711819,453753
711754,453753
711778,453753
711936,453753
711966,453753
711528,453753
711996,453753
711836,453753
711881,453753
711868,453753
711865,453753
711803,453753
711944,453753
711865,453753
711942,453753
711944,453753
711992,453753
712010,453753
711985,453753
711925,453753
712066,453753
712038,453753
712008,453753
712004,453753
711899,453753
711965,453753
712087,453753
712039,453753
711969,453753
712071,453753
712023,453753
711964,453753
711718,453753
711948,453753
711807,453753
711944,453753
711939,453753
712015,453753
711957,453753
711874,453753
711948,453753
712032,453753
711584,453753
711720,453753
711763,453753
711971,453753
711495,453753
711967,453753
711941,453753
712037,453753
712093,453753
712032,453753
712078,453753
712050,453753
711992,453753
712044,453753
711877,453753
711836,453753
712074,453753
712024,453753
712020,453753
711945,453753
712018,453753
711990,453753
712036,453753
711928,453753
711961,453753
712034,453753
711813,453753
711789,453753
712021,453753
711969,453753
712049,453753
711902,453753
711927,453753
711976,453753
711930,453753
711567,453753
711687,453753
711827,453753
711901,453753
712007,453753
712054,453753
711961,453753
712000,453753
711996,453753
712041,453753
712031,453753
711846,453753
711700,453753
711994,453753
712038,453753
711921,453753
711855,453753
712067,453753
712083,453753
712089,453753
712008,453753
711844,453753
711790,453753
711795,453753
712053,453753
711958,453753
711844,453753
711502,453753
711686,453753
711367,453753
712019,453753
711923,453753
712066,453753
711705,453753
711944,453753
712030,453753
711997,453753
712049,453753
712054,453753
711991,453753
712043,453753
711972,453753
712015,453753
711862,453753
711889,453753
712090,453753
712104,453753
712120,453753
712013,453753
712042,453753
712026,453753
711905,453753
712009,453753
711987,453753
711947,453753
711936,453753
711865,453753
711979,453753
711756,453753
711832,453753
711903,453753
711914,453753
711728,453753
711940,453753
712021,453753
712006,453753
711931,453753
711957,453753
712047,453753
711989,453753
712065,453753
711991,453753
712073,453753
712020,453753
711978,453753
712015,453753
712061,453753
712017,453753
711966,453753
711776,453753
711248,453753
711929,453753
711910,453753
711965,453753
711816,453753
711469,453753
711873,453753
712003,453753
711900,453753
711601,453753
711764,453753
711780,453753
711412,453753
711843,453753
711999,453753
712025,453753
711885,453753
712074,453753
711307,453753
711694,453753
711820,453753
711880,453753
712023,453753
711902,453753
712035,453753
712054,453753
712066,453753
712014,453753
711962,453753
712009,453753
711981,453753
711910,453753
711839,453753
711592,453753
711487,453753
711949,453753
711999,453753
712007,453753
711852,453753
711954,453753
711978,453753
711998,453753
712031,453753
712051,453753
712057,453753
712083,453753
712012,453753
711885,453753
712086,453753
712067,453753
712011,453753
711968,453753
712045,453753
711984,453753
711952,453753
711958,453753
711926,453753
711950,453753
712009,453753
712094,453753
711986,453753
711926,453753
711773,453753
712032,453753
712031,453753
711997,453753
712048,453753
711946,453753
711550,453753
711912,453753
712048,453753
711973,453753
711788,453753
711804,453753
712033,453753
712027,453753
712054,453753
712117,453546
