TRACE,NSNPS_JACKKNIFE
711965,453753
711974,453753
711881,453753
711926,453753
711862,453753
711938,453753
711810,453753
711827,453753
711903,453753
711802,453753
711895,453753
711687,453753
711951,453753
711836,453753
711918,453753
711922,453753
711826,453753
711562,453753
711623,453753
711706,453753
711884,453753
711966,453753
711829,453753
711931,453753
711925,453753
711885,453753
711707,453753
711709,453753
711846,453753
711860,453753
711833,453753
711791,453753
711813,453753
711787,453753
711853,453753
711889,453753
711854,453753
711775,453753
711861,453753
711904,453753
711922,453753
711903,453753
711815,453753
711624,453753
711689,453753
711796,453753
711865,453753
711881,453753
711915,453753
711937,453753
711944,453753
711688,453753
711738,453753
711800,453753
711743,453753
711837,453753
711857,453753
711640,453753
711781,453753
711769,453753
711863,453753
711937,453753
711894,453753
711850,453753
711816,453753
711870,453753
711823,453753
711754,453753
711784,453753
711754,453753
711531,453753
711881,453753
711873,453753
711942,453753
711940,453753
711930,453753
711980,453753
711893,453753
711965,453753
711882,453753
711683,453753
711889,453753
711960,453753
711982,453753
711989,453753
711932,453753
711976,453753
711992,453753
711920,453753
711898,453753
711675,453753
711613,453753
711869,453753
711182,453753
711900,453753
711786,453753
711871,453753
711855,453753
711875,453753
711960,453753
711763,453753
711832,453753
711743,453753
711713,453753
711668,453753
711713,453753
711871,453753
711869,453753
711886,453753
711849,453753
711906,453753
711847,453753
711776,453753
711630,453753
711638,453753
711722,453753
711856,453753
711851,453753
711813,453753
711741,453753
711735,453753
711966,453753
711804,453753
711793,453753
711892,453753
711794,453753
711809,453753
711790,453753
711744,453753
711826,453753
711757,453753
711886,453753
711779,453753
711859,453753
711772,453753
711871,453753
711903,453753
711885,453753
711710,453753
711853,453753
711518,453753
711427,453753
711801,453753
711703,453753
711702,453753
711714,453753
711817,453753
711771,453753
711869,453753
711872,453753
711898,453753
711928,453753
711936,453753
711858,453753
711876,453753
711883,453753
711919,453753
711922,453753
711976,453753
711879,453753
711860,453753
711840,453753
711889,453753
711980,453753
711974,453753
711953,453753
711910,453753
711922,453753
711890,453753
711844,453753
711773,453753
711901,453753
711908,453753
711853,453753
711931,453753
711822,453753
711923,453753
711799,453753
711754,453753
711780,453753
711799,453753
710962,453753
710990,453753
711814,453753
711763,453753
711933,453753
711905,453753
711934,453753
711922,453753
711856,453753
711966,453753
711942,453753
711661,453753
711393,453753
711484,453753
711312,453753
711503,453753
711717,453753
711869,453753
711827,453753
711803,453753
711914,453753
711867,453753
711630,453753
711849,453753
711847,453753
711727,453753
711852,453753
711797,453753
711650,453753
711783,453753
711878,453753
711921,453753
711949,453753
711744,453753
711791,453753
711474,453753
711459,453753
711644,453753
711580,453753
711984,453753
711947,453753
711889,453753
711856,453753
711736,453753
711905,453753
711957,453753
711915,453753
711944,453753
711958,453753
711803,453753
711677,453753
711694,453753
711944,453753
711977,453753
711941,453753
711768,453753
711798,453753
711662,453753
711883,453753
711789,453753
711901,453753
711958,453753
711879,453753
711866,453753
711858,453753
711850,453753
711860,453753
711882,453753
711657,453753
711634,453753
711875,453753
711834,453753
711716,453753
711752,453753
711732,453753
711788,453753
711804,453753
711549,453753
711838,453753
711962,453753
711750,453753
711449,453753
711802,453753
711803,453753
711763,453753
711798,453753
711373,453753
711910,453753
711824,453753
711792,453753
711513,453753
711796,453753
711797,453753
711768,453753
711676,453753
711916,453753
711925,453753
711792,453753
711630,453753
711808,453753
711774,453753
711913,453753
711873,453753
711777,453753
711918,453753
711910,453753
711832,453753
711829,453753
711921,453753
711958,453753
711939,453753
711990,453753
711897,453753
711955,453753
711935,453753
711868,453753
711866,453753
711981,453753
711914,453753
711954,453753
711918,453753
711994,453753
711901,453753
711942,453753
711964,453753
711887,453753
711908,453753
711828,453753
711931,453753
711916,453753
711851,453753
711680,453753
711348,453753
711266,453753
711737,453753
711862,453753
711753,453753
711745,453753
711801,453753
711850,453753
711902,453753
711840,453753
711837,453753
711788,453753
711693,453753
711769,453753
711828,453753
711787,453753
711728,453753
711188,453753
711839,453753
711873,453753
711855,453753
711818,453753
711891,453753
711719,453753
711831,453753
711881,453753
711732,453753
711598,453753
711849,453753
711428,453753
711458,453753
711802,453753
711721,453753
711886,453753
711784,453753
711794,453753
710935,453753
711831,453753
711883,453753
711885,453753
711986,453753
711976,453753
711935,453753
711965,453753
711957,453753
711870,453753
711891,453753
711936,453753
711981,453753
711907,453753
711954,453753
711845,453753
711917,453753
711859,453753
711923,453753
711870,453753
711906,453753
711893,453753
711823,453753
711831,453753
711884,453753
711834,453753
711845,453753
711690,453753
711385,453753
711664,453753
711656,453753
711024,453753
711597,453753
711681,453753
711792,453753
711721,453753
711565,453753
711554,453753
711583,453753
711732,453753
711866,453753
711809,453753
711693,453753
711755,453753
711834,453753
711791,453753
711746,453753
711713,453753
711535,453753
711645,453753
711888,453753
711818,453753
711855,453753
711850,453753
711824,453753
711934,453753
711295,453753
711797,453753
711817,453753
711828,453753
711873,453753
711878,453753
711921,453753
711869,453753
711918,453753
711946,453753
711948,453753
711942,453753
711870,453753
711708,453753
711760,453753
711838,453753
711868,453753
711922,453753
711771,453753
711927,453753
711872,453753
711892,453753
711880,453753
711691,453753
711855,453753
711824,453753
711935,453753
711466,453753
711826,453753
711888,453753
711885,453753
711860,453753
711769,453753
711789,453753
711772,453753
711770,453753
711676,453753
710890,453753
711754,453753
711830,453753
711884,453753
711920,453753
711924,453753
711746,453753
711681,453753
711823,453753
711840,453753
711603,453753
711673,453753
711915,453753
711860,453753
711872,453753
711844,453753
711764,453753
711693,453753
711692,453753
711793,453753
711933,453753
711809,453753
711963,453753
711924,453753
711821,453753
711873,453753
711952,453753
711814,453753
711995,453753
712000,453753
711931,453753
711774,453753
711725,453753
711801,453753
711787,453753
711868,453753
711908,453753
711431,453753
710487,453753
710818,453753
711842,453753
711855,453753
711884,453753
711824,453753
711865,453753
711692,453753
711891,453753
711871,453753
711885,453753
711713,453753
711821,453753
711842,453753
711357,453753
711697,453753
711838,453753
711827,453753
711889,453753
711784,453753
711813,453753
711928,453753
711940,453753
711839,453753
711781,453753
711819,453753
711703,453753
711729,453753
711834,453753
711937,453753
711794,453753
711799,453753
711805,453753
711633,453753
711632,453753
711892,453753
711872,453753
711936,453753
711940,453753
711960,453753
711812,453753
711941,453753
711893,453753
711899,453753
711928,453753
711918,453753
711867,453753
711826,453753
711939,453753
711925,453753
711863,453753
711908,453753
711944,453753
711931,453753
711882,453753
711781,453753
711936,453753
711791,453753
711916,453753
711653,453753
711816,453753
711539,453753
711361,453753
711847,453753
711787,453753
711839,453753
711942,453753
711849,453753
711838,453753
711904,453753
711902,453753
711942,453753
711890,453753
711721,453753
711668,453753
711819,453753
711823,453753
711830,453753
711926,453753
711855,453753
711691,453753
711890,453753
711765,453753
711919,453753
711878,453753
711768,453753
711918,453753
711894,453753
711950,453753
711905,453753
711997,453753
711761,453753
711822,453753
711933,453753
711957,453753
711926,453753
711876,453753
711879,453753
711917,453753
711887,453753
711910,453753
711931,453753
711769,453753
711768,453753
711856,453753
711881,453753
711914,453753
711751,453753
711538,453753
711330,453753
711820,453753
711846,453753
711894,453753
711737,453753
711849,453753
711772,453753
711750,453753
711770,453753
711900,453753
711814,453753
710884,453753
711893,453753
711905,453753
711803,453753
711900,453753
711719,453753
711803,453753
711865,453753
711737,453753
711510,453753
711845,453753
711831,453753
711912,453753
711889,453753
711984,453753
711850,453753
711894,453753
711867,453753
711940,453753
711874,453753
712016,453753
711856,453753
711762,453753
711178,453753
711923,453753
711652,453753
711534,453753
711708,453753
711725,453753
711934,453753
711831,453753
711872,453753
711987,453753
711973,453753
711884,453753
711750,453753
711785,453753
711865,453753
711939,453753
711838,453753
711790,453753
711838,453753
708755,453753
704166,453753
710475,453753
711698,453753
711722,453753
711644,453753
711858,453753
711748,453753
711845,453753
711920,453753
711770,453753
711182,453753
711689,453753
711745,453753
711818,453753
711934,453753
711835,453753
711700,453753
711706,453753
711800,453753
711792,453753
711855,453753
711877,453753
711885,453753
711996,453753
711888,453753
711722,453753
711946,453753
711922,453753
711937,453753
711956,453753
711870,453753
711894,453753
711945,453753
711991,453753
711944,453753
711821,453753
711906,453753
711886,453753
711868,453753
711825,453753
711870,453753
711900,453753
711860,453753
711802,453753
711611,453753
710924,453753
711747,453753
711836,453753
711564,453753
711722,453753
711744,453753
711791,453753
711732,453753
711816,453753
711893,453753
711872,453753
711814,453753
711891,453753
711821,453753
711612,453753
711693,453753
711859,453753
711824,453753
711762,453753
711902,453753
711863,453753
711855,453753
711892,453753
711742,453753
711761,453753
711927,453753
711965,453753
711790,453753
711651,453753
711979,453753
712001,453753
711961,453753
711973,453753
711814,453753
711732,453753
711982,453753
711838,453753
711842,453753
711933,453753
711961,453753
711944,453753
711854,453753
711895,453753
711858,453753
711877,453753
711910,453753
711805,453753
711773,453753
711579,453753
711789,453753
711785,453753
711752,453753
711857,453753
711962,453753
711853,453753
711855,453753
711779,453753
711688,453753
711766,453753
711913,453753
711843,453753
711834,453753
711890,453753
711889,453753
712014,453753
711989,453753
711952,453753
711837,453753
711950,453753
711825,453753
711906,453753
711962,453753
711946,453753
711897,453753
711926,453753
711989,453753
711843,453753
711721,453753
711691,453753
711703,453753
711793,453753
711874,453753
711369,453753
711908,453753
711792,453753
711793,453753
711780,453753
711756,453753
711758,453753
711884,453753
711802,453753
711843,453753
711833,453753
711888,453753
711914,453753
711912,453753
711822,453753
711978,453753
711973,453753
711970,453753
711922,453753
711768,453753
711887,453753
712001,453753
711968,453753
711903,453753
711998,453753
711930,453753
711831,453753
711620,453753
711862,453753
711682,453753
711911,453753
711834,453753
711936,453753
711838,453753
711810,453753
711867,453753
711908,453753
711388,453753
711613,453753
711749,453753
711870,453753
711352,453753
711892,453753
711870,453753
711955,453753
711993,453753
711954,453753
712006,453753
711953,453753
711883,453753
711954,453753
711715,453753
711759,453753
711999,453753
711932,453753
711915,453753
711880,453753
711933,453753
711911,453753
711980,453753
711873,453753
711908,453753
711926,453753
711741,453753
711706,453753
711953,453753
711901,453753
711923,453753
711838,453753
711863,453753
711880,453753
711817,453753
711490,453753
711565,453753
711797,453753
711844,453753
711945,453753
711970,453753
711865,453753
711929,453753
711906,453753
711921,453753
711967,453753
711746,453753
711595,453753
711923,453753
711943,453753
711802,453753
711747,453753
711978,453753
711990,453753
712019,453753
711929,453753
711770,453753
711738,453753
711726,453753
711982,453753
711885,453753
711825,453753
711534,453753
711593,453753
711263,453753
711924,453753
711844,453753
711991,453753
711575,453753
711866,453753
711917,453753
711949,453753
711912,453753
711986,453753
711920,453753
711967,453753
711905,453753
711901,453753
711785,453753
711848,453753
712005,453753
712025,453753
712030,453753
711938,453753
711990,453753
711946,453753
711793,453753
711900,453753
711890,453753
711857,453753
711844,453753
711811,453753
711825,453753
711719,453753
711757,453753
711864,453753
711784,453753
711595,453753
711843,453753
711929,453753
711938,453753
711857,453753
711885,453753
711952,453753
711904,453753
711974,453753
711925,453753
711935,453753
711913,453753
711901,453753
711921,453753
711979,453753
711950,453753
711865,453753
711721,453753
711193,453753
711835,453753
711810,453753
711892,453753
711650,453753
711303,453753
711758,453753
711925,453753
711847,453753
711582,453753
711672,453753
711706,453753
711390,453753
711770,453753
711908,453753
711934,453753
711785,453753
711991,453753
711186,453753
711656,453753
711769,453753
711838,453753
711959,453753
711782,453753
711965,453753
711974,453753
711970,453753
711944,453753
711903,453753
711944,453753
711883,453753
711811,453753
711753,453753
711531,453753
711471,453753
711850,453753
711919,453753
711911,453753
711799,453753
711867,453753
711910,453753
711950,453753
711960,453753
711968,453753
711974,453753
711967,453753
711949,453753
711819,453753
711984,453753
711985,453753
711960,453753
711868,453753
711955,453753
711896,453753
711835,453753
711839,453753
711881,453753
711873,453753
711953,453753
711991,453753
711888,453753
711839,453753
711735,453753
711928,453753
711942,453753
711886,453753
711960,453753
711896,453753
711539,453753
711845,453753
711955,453753
711916,453753
711534,453753
711686,453753
711978,453753
711925,453753
711966,453753
711995,453546
