TRACE,NSNPS_JACKKNIFE
709368,453753
709330,453753
709303,453753
709290,453753
709221,453753
709323,453753
709199,453753
709208,453753
709290,453753
709188,453753
709277,453753
709105,453753
709345,453753
709256,453753
709313,453753
709259,453753
709200,453753
708874,453753
708941,453753
709135,453753
709282,453753
709327,453753
709231,453753
709277,453753
709309,453753
709267,453753
709150,453753
709109,453753
709239,453753
709254,453753
709228,453753
709205,453753
709219,453753
709207,453753
709251,453753
709231,453753
709208,453753
709157,453753
709271,453753
709265,453753
709305,453753
709259,453753
709204,453753
708976,453753
709093,453753
709205,453753
709243,453753
709266,453753
709324,453753
709322,453753
709311,453753
709041,453753
709117,453753
709165,453753
709145,453753
709231,453753
709242,453753
709018,453753
709123,453753
709104,453753
709278,453753
709319,453753
709320,453753
709262,453753
709238,453753
709280,453753
709230,453753
709167,453753
709190,453753
709156,453753
708928,453753
709284,453753
709281,453753
709370,453753
709343,453753
709319,453753
709347,453753
709271,453753
709370,453753
709276,453753
709083,453753
709252,453753
709345,453753
709386,453753
709363,453753
709288,453753
709354,453753
709379,453753
709277,453753
709297,453753
709094,453753
709091,453753
709248,453753
708243,453753
709243,453753
709208,453753
709273,453753
709260,453753
709233,453753
709319,453753
709121,453753
709162,453753
709160,453753
709069,453753
709084,453753
709102,453753
709269,453753
709280,453753
709288,453753
709238,453753
709272,453753
709199,453753
709164,453753
709085,453753
709042,453753
709094,453753
709237,453753
709254,453753
709155,453753
709097,453753
709167,453753
709325,453753
709194,453753
709242,453753
709261,453753
709205,453753
709134,453753
709213,453753
709106,453753
709217,453753
709183,453753
709244,453753
709196,453753
709269,453753
709108,453753
709254,453753
709286,453753
709281,453753
709103,453753
709278,453753
708953,453753
708871,453753
709184,453753
709154,453753
709113,453753
709098,453753
709187,453753
709190,453753
709286,453753
709246,453753
709253,453753
709288,453753
709270,453753
709281,453753
709290,453753
709274,453753
709293,453753
709287,453753
709340,453753
709263,453753
709237,453753
709253,453753
709310,453753
709364,453753
709377,453753
709361,453753
709299,453753
709315,453753
709289,453753
709254,453753
709166,453753
709283,453753
709295,453753
709262,453753
709296,453753
709213,453753
709281,453753
709175,453753
709161,453753
709206,453753
709126,453753
708202,453753
708415,453753
709240,453753
709173,453753
709328,453753
709266,453753
709351,453753
709317,453753
709263,453753
709334,453753
709320,453753
709081,453753
708765,453753
708866,453753
708640,453753
708890,453753
709137,453753
709238,453753
709233,453753
709203,453753
709308,453753
709252,453753
709037,453753
709234,453753
709266,453753
709194,453753
709308,453753
709197,453753
709009,453753
709243,453753
709285,453753
709301,453753
709309,453753
709146,453753
709173,453753
708836,453753
708892,453753
709083,453753
708973,453753
709378,453753
709319,453753
709292,453753
709301,453753
709167,453753
709305,453753
709324,453753
709328,453753
709355,453753
709336,453753
709213,453753
709024,453753
709055,453753
709371,453753
709360,453753
709354,453753
709216,453753
709220,453753
709054,453753
709270,453753
709175,453753
709329,453753
709345,453753
709257,453753
709271,453753
709218,453753
709220,453753
709262,453753
709276,453753
709073,453753
709045,453753
709291,453753
709233,453753
709128,453753
709166,453753
709174,453753
709163,453753
709213,453753
708988,453753
709222,453753
709329,453753
709164,453753
708758,453753
709179,453753
709191,453753
709133,453753
709176,453753
708803,453753
709292,453753
709243,453753
709189,453753
708962,453753
709187,453753
709167,453753
709156,453753
709136,453753
709282,453753
709264,453753
709191,453753
709003,453753
709205,453753
709193,453753
709290,453753
709262,453753
709200,453753
709280,453753
709306,453753
709203,453753
709255,453753
709315,453753
709350,453753
709330,453753
709359,453753
709299,453753
709359,453753
709324,453753
709225,453753
709234,453753
709367,453753
709292,453753
709358,453753
709286,453753
709387,453753
709253,453753
709340,453753
709317,453753
709254,453753
709262,453753
709251,453753
709325,453753
709302,453753
709242,453753
709031,453753
708825,453753
708570,453753
709141,453753
709252,453753
709113,453753
709123,453753
709172,453753
709249,453753
709260,453753
709247,453753
709270,453753
709183,453753
709091,453753
709142,453753
709211,453753
709193,453753
709082,453753
708808,453753
709189,453753
709273,453753
709282,453753
709211,453753
709264,453753
709116,453753
709224,453753
709282,453753
709103,453753
708963,453753
709208,453753
708890,453753
708852,453753
709253,453753
709071,453753
709291,453753
709143,453753
709165,453753
708523,453753
709264,453753
709268,453753
709270,453753
709367,453753
709390,453753
709342,453753
709345,453753
709370,453753
709298,453753
709266,453753
709324,453753
709339,453753
709287,453753
709336,453753
709232,453753
709336,453753
709247,453753
709320,453753
709234,453753
709309,453753
709258,453753
709217,453753
709238,453753
709277,453753
709206,453753
709252,453753
709111,453753
708701,453753
709068,453753
709045,453753
708318,453753
708898,453753
709094,453753
709219,453753
709152,453753
708973,453753
708961,453753
708924,453753
709115,453753
709280,453753
709207,453753
709063,453753
709108,453753
709210,453753
709146,453753
709110,453753
709121,453753
708894,453753
708984,453753
709255,453753
709249,453753
709260,453753
709253,453753
709257,453753
709352,453753
708714,453753
709187,453753
709193,453753
709206,453753
709278,453753
709284,453753
709303,453753
709269,453753
709316,453753
709371,453753
709317,453753
709348,453753
709298,453753
709096,453753
709126,453753
709229,453753
709243,453753
709318,453753
709225,453753
709341,453753
709285,453753
709330,453753
709282,453753
709102,453753
709238,453753
709252,453753
709287,453753
708979,453753
709243,453753
709253,453753
709255,453753
709280,453753
709221,453753
709194,453753
709200,453753
709120,453753
709008,453753
708283,453753
709151,453753
709219,453753
709285,453753
709333,453753
709295,453753
709179,453753
709089,453753
709222,453753
709244,453753
709010,453753
709081,453753
709348,453753
709237,453753
709251,453753
709250,453753
709085,453753
709068,453753
709092,453753
709201,453753
709343,453753
709152,453753
709357,453753
709337,453753
709223,453753
709281,453753
709319,453753
709171,453753
709389,453753
709384,453753
709306,453753
709198,453753
709136,453753
709234,453753
709135,453753
709296,453753
709335,453753
708792,453753
707900,453753
708236,453753
709201,453753
709260,453753
709300,453753
709217,453753
709276,453753
709138,453753
709273,453753
709254,453753
709292,453753
709129,453753
709212,453753
709207,453753
708651,453753
709081,453753
709238,453753
709167,453753
709245,453753
709151,453753
709211,453753
709327,453753
709341,453753
709209,453753
709160,453753
709201,453753
709086,453753
709147,453753
709251,453753
709350,453753
709197,453753
709202,453753
709202,453753
708965,453753
709055,453753
709309,453753
709282,453753
709298,453753
709348,453753
709343,453753
709178,453753
709314,453753
709273,453753
709277,453753
709330,453753
709308,453753
709270,453753
709227,453753
709343,453753
709365,453753
709261,453753
709304,453753
709342,453753
709326,453753
709303,453753
709148,453753
709316,453753
709193,453753
709331,453753
709051,453753
709204,453753
708972,453753
708794,453753
709271,453753
709134,453753
709202,453753
709325,453753
709214,453753
709271,453753
709319,453753
709284,453753
709305,453753
709285,453753
709116,453753
709081,453753
709232,453753
709233,453753
709211,453753
709306,453753
709231,453753
709140,453753
709295,453753
709212,453753
709316,453753
709234,453753
709198,453753
709281,453753
709276,453753
709348,453753
709276,453753
709376,453753
709195,453753
709209,453753
709319,453753
709323,453753
709286,453753
709276,453753
709283,453753
709282,453753
709287,453753
709291,453753
709305,453753
709156,453753
709171,453753
709256,453753
709267,453753
709336,453753
709173,453753
708964,453753
708670,453753
709171,453753
709229,453753
709280,453753
709114,453753
709211,453753
709136,453753
709191,453753
709141,453753
709263,453753
709178,453753
708151,453753
709283,453753
709270,453753
709185,453753
709286,453753
709097,453753
709162,453753
709265,453753
709180,453753
708973,453753
709210,453753
709262,453753
709335,453753
709274,453753
709336,453753
709278,453753
709290,453753
709243,453753
709341,453753
709263,453753
709377,453753
709255,453753
709227,453753
708641,453753
709318,453753
709045,453753
708915,453753
709170,453753
709109,453753
709365,453753
709220,453753
709259,453753
709369,453753
709344,453753
709301,453753
709141,453753
709185,453753
709257,453753
709324,453753
709224,453753
709208,453753
709253,453753
706798,453753
702908,453753
707945,453753
709149,453753
709107,453753
709049,453753
709263,453753
709094,453753
709244,453753
709307,453753
709162,453753
708553,453753
709085,453753
709135,453753
709221,453753
709322,453753
709177,453753
709074,453753
709084,453753
709153,453753
709212,453753
709270,453753
709313,453753
709293,453753
709382,453753
709281,453753
709114,453753
709365,453753
709320,453753
709351,453753
709358,453753
709230,453753
709258,453753
709357,453753
709366,453753
709308,453753
709196,453753
709314,453753
709257,453753
709229,453753
709235,453753
709263,453753
709323,453753
709213,453753
709205,453753
709056,453753
708469,453753
709140,453753
709221,453753
709011,453753
709124,453753
709118,453753
709155,453753
709196,453753
709270,453753
709327,453753
709278,453753
709183,453753
709277,453753
709242,453753
708979,453753
708993,453753
709274,453753
709204,453753
709092,453753
709289,453753
709293,453753
709251,453753
709272,453753
709156,453753
709165,453753
709304,453753
709344,453753
709154,453753
709070,453753
709360,453753
709415,453753
709368,453753
709380,453753
709183,453753
709096,453753
709371,453753
709246,453753
709250,453753
709333,453753
709339,453753
709331,453753
709291,453753
709278,453753
709260,453753
709244,453753
709284,453753
709159,453753
709152,453753
708977,453753
709184,453753
709139,453753
709120,453753
709255,453753
709375,453753
709231,453753
709221,453753
709194,453753
709104,453753
709193,453753
709314,453753
709219,453753
709286,453753
709284,453753
709277,453753
709411,453753
709367,453753
709336,453753
709296,453753
709328,453753
709244,453753
709305,453753
709368,453753
709343,453753
709281,453753
709307,453753
709381,453753
709278,453753
709140,453753
709051,453753
709101,453753
709222,453753
709245,453753
708914,453753
709281,453753
709208,453753
709199,453753
709181,453753
709156,453753
709157,453753
709257,453753
709198,453753
709239,453753
709250,453753
709247,453753
709323,453753
709282,453753
709273,453753
709397,453753
709339,453753
709336,453753
709311,453753
709157,453753
709283,453753
709404,453753
709359,453753
709299,453753
709377,453753
709337,453753
709261,453753
709051,453753
709284,453753
709111,453753
709282,453753
709265,453753
709335,453753
709274,453753
709194,453753
709234,453753
709335,453753
708819,453753
709029,453753
709095,453753
709298,453753
708777,453753
709270,453753
709256,453753
709323,453753
709398,453753
709333,453753
709400,453753
709342,453753
709279,453753
709345,453753
709161,453753
709173,453753
709397,453753
709287,453753
709332,453753
709281,453753
709287,453753
709304,453753
709341,453753
709224,453753
709285,453753
709314,453753
709152,453753
709068,453753
709359,453753
709282,453753
709317,453753
709212,453753
709244,453753
709258,453753
709212,453753
708839,453753
709007,453753
709164,453753
709241,453753
709313,453753
709372,453753
709268,453753
709294,453753
709293,453753
709344,453753
709327,453753
709230,453753
709029,453753
709318,453753
709336,453753
709250,453753
709194,453753
709378,453753
709369,453753
709417,453753
709272,453753
709190,453753
709092,453753
709132,453753
709369,453753
709261,453753
709175,453753
708893,453753
709009,453753
708755,453753
709295,453753
709267,453753
709380,453753
708982,453753
709274,453753
709300,453753
709329,453753
709330,453753
709367,453753
709315,453753
709340,453753
709287,453753
709281,453753
709170,453753
709184,453753
709390,453753
709428,453753
709395,453753
709330,453753
709382,453753
709312,453753
709218,453753
709309,453753
709301,453753
709266,453753
709222,453753
709193,453753
709231,453753
709127,453753
709160,453753
709237,453753
709208,453753
708994,453753
709248,453753
709325,453753
709331,453753
709225,453753
709289,453753
709348,453753
709290,453753
709350,453753
709301,453753
709362,453753
709341,453753
709296,453753
709343,453753
709397,453753
709301,453753
709263,453753
709141,453753
708554,453753
709214,453753
709238,453753
709259,453753
709063,453753
708702,453753
709149,453753
709295,453753
709202,453753
708876,453753
709096,453753
709098,453753
708605,453753
709140,453753
709258,453753
709311,453753
709198,453753
709361,453753
708610,453753
708971,453753
709173,453753
709192,453753
709370,453753
709140,453753
709380,453753
709367,453753
709366,453753
709316,453753
709265,453753
709342,453753
709261,453753
709224,453753
709176,453753
708923,453753
708797,453753
709224,453753
709319,453753
709320,453753
709221,453753
709248,453753
709315,453753
709334,453753
709400,453753
709368,453753
709373,453753
709364,453753
709309,453753
709204,453753
709390,453753
709372,453753
709332,453753
709304,453753
709327,453753
709295,453753
709259,453753
709242,453753
709258,453753
709260,453753
709340,453753
709383,453753
709301,453753
709183,453753
709104,453753
709336,453753
709312,453753
709307,453753
709354,453753
709273,453753
708893,453753
709226,453753
709342,453753
709308,453753
708975,453753
709054,453753
709370,453753
709327,453753
709323,453753
709454,453546
