TRACE,NSNPS_JACKKNIFE
709718,453753
709718,453753
709648,453753
709693,453753
709629,453753
709702,453753
709591,453753
709578,453753
709650,453753
709563,453753
709638,453753
709492,453753
709711,453753
709598,453753
709683,453753
709645,453753
709565,453753
709297,453753
709349,453753
709509,453753
709656,453753
709703,453753
709596,453753
709656,453753
709713,453753
709629,453753
709490,453753
709476,453753
709631,453753
709622,453753
709629,453753
709594,453753
709601,453753
709536,453753
709634,453753
709624,453753
709609,453753
709538,453753
709638,453753
709660,453753
709684,453753
709637,453753
709540,453753
709378,453753
709449,453753
709515,453753
709619,453753
709640,453753
709692,453753
709715,453753
709685,453753
709443,453753
709511,453753
709601,453753
709502,453753
709628,453753
709605,453753
709430,453753
709522,453753
709513,453753
709614,453753
709718,453753
709669,453753
709618,453753
709598,453753
709664,453753
709592,453753
709503,453753
709574,453753
709562,453753
709286,453753
709633,453753
709660,453753
709733,453753
709687,453753
709657,453753
709718,453753
709661,453753
709732,453753
709620,453753
709412,453753
709637,453753
709724,453753
709761,453753
709734,453753
709705,453753
709718,453753
709734,453753
709648,453753
709642,453753
709471,453753
709448,453753
709668,453753
708700,453753
709624,453753
709565,453753
709628,453753
709640,453753
709589,453753
709692,453753
709553,453753
709570,453753
709499,453753
709419,453753
709484,453753
709446,453753
709621,453753
709637,453753
709627,453753
709617,453753
709664,453753
709587,453753
709553,453753
709420,453753
709389,453753
709412,453753
709603,453753
709591,453753
709557,453753
709464,453753
709451,453753
709684,453753
709524,453753
709586,453753
709638,453753
709609,453753
709522,453753
709525,453753
709457,453753
709590,453753
709523,453753
709571,453753
709571,453753
709618,453753
709529,453753
709617,453753
709650,453753
709671,453753
709472,453753
709598,453753
709311,453753
709231,453753
709574,453753
709485,453753
709467,453753
709448,453753
709548,453753
709562,453753
709617,453753
709604,453753
709649,453753
709660,453753
709684,453753
709643,453753
709670,453753
709625,453753
709676,453753
709676,453753
709717,453753
709668,453753
709584,453753
709621,453753
709668,453753
709741,453753
709760,453753
709697,453753
709677,453753
709663,453753
709643,453753
709595,453753
709523,453753
709638,453753
709677,453753
709645,453753
709675,453753
709612,453753
709641,453753
709586,453753
709526,453753
709510,453753
709506,453753
708635,453753
708820,453753
709597,453753
709519,453753
709693,453753
709672,453753
709698,453753
709725,453753
709616,453753
709723,453753
709684,453753
709420,453753
709190,453753
709168,453753
708976,453753
709221,453753
709466,453753
709643,453753
709579,453753
709544,453753
709685,453753
709617,453753
709367,453753
709573,453753
709600,453753
709545,453753
709627,453753
709542,453753
709407,453753
709601,453753
709653,453753
709688,453753
709683,453753
709536,453753
709548,453753
709197,453753
709267,453753
709455,453753
709343,453753
709715,453753
709704,453753
709665,453753
709675,453753
709522,453753
709690,453753
709714,453753
709708,453753
709704,453753
709706,453753
709583,453753
709379,453753
709417,453753
709734,453753
709726,453753
709705,453753
709590,453753
709605,453753
709464,453753
709638,453753
709525,453753
709684,453753
709722,453753
709628,453753
709629,453753
709577,453753
709596,453753
709652,453753
709667,453753
709421,453753
709398,453753
709626,453753
709581,453753
709471,453753
709546,453753
709513,453753
709541,453753
709608,453753
709422,453753
709615,453753
709709,453753
709528,453753
709169,453753
709543,453753
709573,453753
709495,453753
709523,453753
709163,453753
709653,453753
709618,453753
709559,453753
709255,453753
709568,453753
709531,453753
709493,453753
709498,453753
709665,453753
709643,453753
709535,453753
709416,453753
709579,453753
709533,453753
709654,453753
709620,453753
709527,453753
709632,453753
709664,453753
709587,453753
709611,453753
709684,453753
709681,453753
709721,453753
709712,453753
709685,453753
709703,453753
709658,453753
709613,453753
709618,453753
709750,453753
709682,453753
709717,453753
709675,453753
709767,453753
709614,453753
709694,453753
709671,453753
709655,453753
709664,453753
709619,453753
709712,453753
709700,453753
709611,453753
709446,453753
709135,453753
709010,453753
709508,453753
709603,453753
709473,453753
709541,453753
709547,453753
709640,453753
709646,453753
709587,453753
709629,453753
709538,453753
709509,453753
709532,453753
709575,453753
709576,453753
709521,453753
709193,453753
709556,453753
709594,453753
709630,453753
709584,453753
709645,453753
709516,453753
709609,453753
709672,453753
709459,453753
709436,453753
709580,453753
709151,453753
709156,453753
709608,453753
709477,453753
709648,453753
709499,453753
709507,453753
708825,453753
709644,453753
709623,453753
709657,453753
709761,453753
709753,453753
709737,453753
709742,453753
709755,453753
709671,453753
709633,453753
709707,453753
709740,453753
709640,453753
709692,453753
709584,453753
709670,453753
709631,453753
709658,453753
709610,453753
709671,453753
709637,453753
709580,453753
709561,453753
709633,453753
709539,453753
709625,453753
709487,453753
709237,453753
709527,453753
709420,453753
708892,453753
709250,453753
709424,453753
709575,453753
709490,453753
709320,453753
709363,453753
709390,453753
709532,453753
709640,453753
709585,453753
709484,453753
709480,453753
709608,453753
709533,453753
709490,453753
709476,453753
709252,453753
709379,453753
709603,453753
709632,453753
709649,453753
709646,453753
709590,453753
709726,453753
709132,453753
709557,453753
709584,453753
709596,453753
709661,453753
709658,453753
709671,453753
709621,453753
709675,453753
709732,453753
709676,453753
709690,453753
709641,453753
709478,453753
709504,453753
709621,453753
709657,453753
709693,453753
709532,453753
709699,453753
709637,453753
709642,453753
709643,453753
709508,453753
709621,453753
709618,453753
709679,453753
709257,453753
709607,453753
709668,453753
709665,453753
709645,453753
709552,453753
709548,453753
709519,453753
709534,453753
709411,453753
708714,453753
709528,453753
709598,453753
709651,453753
709708,453753
709683,453753
709494,453753
709433,453753
709603,453753
709616,453753
709405,453753
709483,453753
709691,453753
709600,453753
709646,453753
709635,453753
709505,453753
709438,453753
709467,453753
709554,453753
709675,453753
709545,453753
709735,453753
709697,453753
709583,453753
709634,453753
709701,453753
709549,453753
709746,453753
709743,453753
709708,453753
709526,453753
709467,453753
709603,453753
709560,453753
709650,453753
709676,453753
709274,453753
708446,453753
708621,453753
709580,453753
709632,453753
709653,453753
709602,453753
709613,453753
709435,453753
709663,453753
709665,453753
709637,453753
709484,453753
709589,453753
709596,453753
709004,453753
709441,453753
709600,453753
709592,453753
709613,453753
709520,453753
709555,453753
709674,453753
709695,453753
709559,453753
709493,453753
709600,453753
709461,453753
709481,453753
709623,453753
709703,453753
709558,453753
709573,453753
709571,453753
709406,453753
709388,453753
709649,453753
709647,453753
709691,453753
709709,453753
709725,453753
709597,453753
709672,453753
709660,453753
709671,453753
709688,453753
709679,453753
709596,453753
709587,453753
709703,453753
709724,453753
709620,453753
709685,453753
709723,453753
709689,453753
709654,453753
709515,453753
709686,453753
709528,453753
709717,453753
709421,453753
709578,453753
709350,453753
709208,453753
709627,453753
709508,453753
709590,453753
709715,453753
709608,453753
709599,453753
709692,453753
709644,453753
709712,453753
709660,453753
709518,453753
709378,453753
709574,453753
709571,453753
709575,453753
709662,453753
709605,453753
709457,453753
709615,453753
709573,453753
709639,453753
709616,453753
709536,453753
709622,453753
709648,453753
709707,453753
709653,453753
709730,453753
709531,453753
709599,453753
709679,453753
709689,453753
709673,453753
709634,453753
709650,453753
709681,453753
709645,453753
709684,453753
709704,453753
709522,453753
709558,453753
709637,453753
709630,453753
709669,453753
709552,453753
709326,453753
709086,453753
709531,453753
709603,453753
709658,453753
709447,453753
709571,453753
709500,453753
709531,453753
709582,453753
709649,453753
709540,453753
708423,453753
709658,453753
709697,453753
709560,453753
709640,453753
709434,453753
709547,453753
709610,453753
709531,453753
709368,453753
709591,453753
709604,453753
709685,453753
709656,453753
709719,453753
709634,453753
709659,453753
709614,453753
709716,453753
709656,453753
709749,453753
709646,453753
709570,453753
709036,453753
709687,453753
709345,453753
709150,453753
709528,453753
709500,453753
709733,453753
709625,453753
709614,453753
709751,453753
709723,453753
709673,453753
709505,453753
709540,453753
709624,453753
709692,453753
709566,453753
709542,453753
709611,453753
707110,453753
702996,453753
708346,453753
709462,453753
709481,453753
709432,453753
709658,453753
709475,453753
709596,453753
709698,453753
709601,453753
709045,453753
709387,453753
709454,453753
709568,453753
709680,453753
709573,453753
709524,453753
709437,453753
709519,453753
709552,453753
709663,453753
709649,453753
709657,453753
709747,453753
709640,453753
709461,453753
709736,453753
709686,453753
709705,453753
709718,453753
709642,453753
709655,453753
709706,453753
709754,453753
709691,453753
709548,453753
709653,453753
709650,453753
709640,453753
709616,453753
709646,453753
709678,453753
709603,453753
709605,453753
709356,453753
708742,453753
709483,453753
709595,453753
709333,453753
709466,453753
709494,453753
709524,453753
709547,453753
709600,453753
709681,453753
709632,453753
709594,453753
709670,453753
709598,453753
709350,453753
709431,453753
709647,453753
709587,453753
709518,453753
709658,453753
709635,453753
709586,453753
709680,453753
709530,453753
709501,453753
709675,453753
709709,453753
709512,453753
709380,453753
709758,453753
709778,453753
709737,453753
709739,453753
709595,453753
709492,453753
709743,453753
709619,453753
709618,453753
709708,453753
709732,453753
709724,453753
709656,453753
709664,453753
709644,453753
709603,453753
709693,453753
709536,453753
709526,453753
709317,453753
709517,453753
709536,453753
709500,453753
709582,453753
709724,453753
709607,453753
709623,453753
709525,453753
709466,453753
709543,453753
709661,453753
709588,453753
709641,453753
709676,453753
709662,453753
709782,453753
709745,453753
709726,453753
709629,453753
709702,453753
709603,453753
709678,453753
709719,453753
709712,453753
709668,453753
709700,453753
709760,453753
709651,453753
709517,453753
709449,453753
709495,453753
709549,453753
709618,453753
709172,453753
709674,453753
709568,453753
709557,453753
709551,453753
709585,453753
709516,453753
709665,453753
709530,453753
709605,453753
709624,453753
709630,453753
709676,453753
709676,453753
709572,453753
709743,453753
709688,453753
709712,453753
709676,453753
709575,453753
709633,453753
709765,453753
709742,453753
709649,453753
709758,453753
709692,453753
709605,453753
709365,453753
709652,453753
709452,453753
709643,453753
709607,453753
709701,453753
709660,453753
709580,453753
709659,453753
709711,453753
709243,453753
709388,453753
709518,453753
709636,453753
709111,453753
709637,453753
709610,453753
709700,453753
709768,453753
709701,453753
709746,453753
709725,453753
709673,453753
709707,453753
709510,453753
709535,453753
709742,453753
709687,453753
709673,453753
709669,453753
709679,453753
709709,453753
709733,453753
709597,453753
709631,453753
709706,453753
709499,453753
709454,453753
709722,453753
709670,453753
709723,453753
709602,453753
709614,453753
709657,453753
709649,453753
709226,453753
709275,453753
709519,453753
709586,453753
709685,453753
709699,453753
709625,453753
709688,453753
709661,453753
709687,453753
709733,453753
709515,453753
709343,453753
709658,453753
709693,453753
709589,453753
709492,453753
709723,453753
709752,453753
709773,453753
709659,453753
709509,453753
709481,453753
709513,453753
709714,453753
709660,453753
709541,453753
709241,453753
709290,453753
709030,453753
709679,453753
709607,453753
709751,453753
709425,453753
709633,453753
709682,453753
709665,453753
709692,453753
709732,453753
709701,453753
709723,453753
709650,453753
709654,453753
709534,453753
709602,453753
709760,453753
709800,453753
709781,453753
709716,453753
709714,453753
709649,453753
709582,453753
709676,453753
709677,453753
709648,453753
709612,453753
709591,453753
709605,453753
709488,453753
709479,453753
709580,453753
709584,453753
709416,453753
709626,453753
709683,453753
709694,453753
709606,453753
709653,453753
709691,453753
709659,453753
709721,453753
709663,453753
709722,453753
709673,453753
709633,453753
709686,453753
709736,453753
709684,453753
709618,453753
709481,453753
708993,453753
709567,453753
709594,453753
709631,453753
709427,453753
709081,453753
709535,453753
709683,453753
709594,453753
709265,453753
709451,453753
709429,453753
709097,453753
709539,453753
709686,453753
709703,453753
709560,453753
709738,453753
708916,453753
709354,453753
709536,453753
709550,453753
709705,453753
709622,453753
709727,453753
709727,453753
709747,453753
709693,453753
709663,453753
709720,453753
709624,453753
709624,453753
709545,453753
709281,453753
709225,453753
709581,453753
709644,453753
709682,453753
709583,453753
709608,453753
709687,453753
709714,453753
709728,453753
709729,453753
709749,453753
709711,453753
709704,453753
709570,453753
709744,453753
709736,453753
709719,453753
709670,453753
709721,453753
709664,453753
709612,453753
709590,453753
709671,453753
709645,453753
709688,453753
709744,453753
709666,453753
709605,453753
709418,453753
709707,453753
709716,453753
709666,453753
709724,453753
709612,453753
709326,453753
709639,453753
709709,453753
709628,453753
709309,453753
709409,453753
709722,453753
709691,453753
709737,453753
709818,453546
