TRACE,NSNPS_JACKKNIFE
709558,453753
709564,453753
709474,453753
709490,453753
709463,453753
709527,453753
709377,453753
709404,453753
709468,453753
709403,453753
709469,453753
709263,453753
709545,453753
709431,453753
709502,453753
709475,453753
709366,453753
709106,453753
709185,453753
709342,453753
709466,453753
709510,453753
709436,453753
709465,453753
709507,453753
709461,453753
709325,453753
709337,453753
709441,453753
709463,453753
709438,453753
709385,453753
709411,453753
709369,453753
709471,453753
709464,453753
709395,453753
709336,453753
709437,453753
709479,453753
709510,453753
709466,453753
709397,453753
709111,453753
709287,453753
709368,453753
709468,453753
709453,453753
709501,453753
709521,453753
709514,453753
709267,453753
709330,453753
709398,453753
709292,453753
709422,453753
709444,453753
709212,453753
709304,453753
709325,453753
709426,453753
709521,453753
709491,453753
709431,453753
709431,453753
709469,453753
709395,453753
709346,453753
709395,453753
709342,453753
709086,453753
709455,453753
709490,453753
709564,453753
709539,453753
709504,453753
709563,453753
709476,453753
709549,453753
709471,453753
709248,453753
709471,453753
709514,453753
709567,453753
709580,453753
709512,453753
709547,453753
709562,453753
709507,453753
709477,453753
709268,453753
709208,453753
709471,453753
708561,453753
709456,453753
709366,453753
709471,453753
709446,453753
709424,453753
709498,453753
709304,453753
709364,453753
709301,453753
709233,453753
709312,453753
709266,453753
709487,453753
709475,453753
709457,453753
709441,453753
709454,453753
709406,453753
709357,453753
709206,453753
709183,453753
709260,453753
709435,453753
709425,453753
709348,453753
709284,453753
709332,453753
709521,453753
709341,453753
709425,453753
709471,453753
709420,453753
709370,453753
709411,453753
709347,453753
709426,453753
709318,453753
709423,453753
709368,453753
709433,453753
709311,453753
709437,453753
709475,453753
709468,453753
709265,453753
709453,453753
709116,453753
709058,453753
709397,453753
709360,453753
709307,453753
709301,453753
709403,453753
709398,453753
709433,453753
709433,453753
709439,453753
709503,453753
709504,453753
709419,453753
709439,453753
709474,453753
709494,453753
709495,453753
709518,453753
709478,453753
709430,453753
709436,453753
709480,453753
709551,453753
709572,453753
709564,453753
709493,453753
709498,453753
709465,453753
709427,453753
709348,453753
709445,453753
709471,453753
709464,453753
709500,453753
709470,453753
709463,453753
709407,453753
709339,453753
709382,453753
709342,453753
708553,453753
708605,453753
709411,453753
709350,453753
709531,453753
709491,453753
709500,453753
709530,453753
709468,453753
709553,453753
709523,453753
709235,453753
708968,453753
708965,453753
708845,453753
709070,453753
709292,453753
709443,453753
709417,453753
709371,453753
709500,453753
709469,453753
709187,453753
709433,453753
709410,453753
709363,453753
709476,453753
709338,453753
709309,453753
709401,453753
709467,453753
709494,453753
709463,453753
709281,453753
709380,453753
708986,453753
709091,453753
709251,453753
709085,453753
709568,453753
709527,453753
709467,453753
709474,453753
709337,453753
709500,453753
709531,453753
709508,453753
709540,453753
709527,453753
709422,453753
709233,453753
709308,453753
709523,453753
709538,453753
709523,453753
709384,453753
709401,453753
709244,453753
709462,453753
709384,453753
709484,453753
709570,453753
709468,453753
709420,453753
709438,453753
709410,453753
709459,453753
709503,453753
709287,453753
709178,453753
709510,453753
709434,453753
709317,453753
709393,453753
709352,453753
709386,453753
709382,453753
709167,453753
709451,453753
709508,453753
709326,453753
708919,453753
709344,453753
709378,453753
709334,453753
709360,453753
708910,453753
709494,453753
709411,453753
709424,453753
709101,453753
709405,453753
709353,453753
709352,453753
709297,453753
709502,453753
709479,453753
709385,453753
709176,453753
709400,453753
709335,453753
709473,453753
709444,453753
709286,453753
709468,453753
709517,453753
709416,453753
709445,453753
709504,453753
709559,453753
709544,453753
709554,453753
709517,453753
709541,453753
709508,453753
709466,453753
709455,453753
709552,453753
709514,453753
709501,453753
709488,453753
709586,453753
709438,453753
709485,453753
709527,453753
709444,453753
709470,453753
709429,453753
709514,453753
709493,453753
709428,453753
709279,453753
709025,453753
708826,453753
709335,453753
709418,453753
709241,453753
709319,453753
709350,453753
709465,453753
709503,453753
709393,453753
709440,453753
709330,453753
709336,453753
709367,453753
709390,453753
709385,453753
709296,453753
708906,453753
709398,453753
709429,453753
709476,453753
709411,453753
709466,453753
709308,453753
709433,453753
709472,453753
709273,453753
709205,453753
709391,453753
708960,453753
708952,453753
709443,453753
709317,453753
709463,453753
709355,453753
709370,453753
708674,453753
709437,453753
709440,453753
709479,453753
709562,453753
709561,453753
709538,453753
709553,453753
709573,453753
709457,453753
709460,453753
709505,453753
709551,453753
709488,453753
709521,453753
709434,453753
709500,453753
709449,453753
709506,453753
709411,453753
709474,453753
709441,453753
709405,453753
709407,453753
709447,453753
709426,453753
709452,453753
709345,453753
708946,453753
709269,453753
709268,453753
708701,453753
709150,453753
709303,453753
709385,453753
709290,453753
709164,453753
709184,453753
709106,453753
709325,453753
709452,453753
709397,453753
709280,453753
709306,453753
709407,453753
709345,453753
709333,453753
709301,453753
709101,453753
709182,453753
709461,453753
709418,453753
709438,453753
709489,453753
709431,453753
709549,453753
708841,453753
709376,453753
709401,453753
709398,453753
709508,453753
709464,453753
709526,453753
709418,453753
709516,453753
709562,453753
709522,453753
709525,453753
709473,453753
709263,453753
709349,453753
709424,453753
709481,453753
709490,453753
709337,453753
709534,453753
709466,453753
709494,453753
709492,453753
709264,453753
709425,453753
709409,453753
709515,453753
709108,453753
709436,453753
709456,453753
709463,453753
709471,453753
709385,453753
709383,453753
709360,453753
709346,453753
709235,453753
708704,453753
709357,453753
709386,453753
709483,453753
709518,453753
709485,453753
709354,453753
709276,453753
709410,453753
709480,453753
709208,453753
709272,453753
709511,453753
709410,453753
709465,453753
709437,453753
709341,453753
709264,453753
709310,453753
709409,453753
709538,453753
709373,453753
709561,453753
709502,453753
709406,453753
709432,453753
709520,453753
709355,453753
709576,453753
709579,453753
709538,453753
709404,453753
709290,453753
709450,453753
709407,453753
709469,453753
709500,453753
709209,453753
708509,453753
708708,453753
709393,453753
709434,453753
709441,453753
709396,453753
709497,453753
709333,453753
709498,453753
709433,453753
709516,453753
709316,453753
709401,453753
709413,453753
708883,453753
709268,453753
709412,453753
709371,453753
709447,453753
709384,453753
709407,453753
709541,453753
709517,453753
709380,453753
709324,453753
709414,453753
709267,453753
709354,453753
709412,453753
709525,453753
709393,453753
709413,453753
709389,453753
709208,453753
709276,453753
709497,453753
709496,453753
709522,453753
709492,453753
709551,453753
709399,453753
709500,453753
709495,453753
709496,453753
709506,453753
709504,453753
709444,453753
709414,453753
709549,453753
709539,453753
709457,453753
709530,453753
709539,453753
709512,453753
709480,453753
709380,453753
709512,453753
709381,453753
709513,453753
709302,453753
709402,453753
709199,453753
708989,453753
709431,453753
709349,453753
709402,453753
709530,453753
709421,453753
709419,453753
709501,453753
709471,453753
709544,453753
709438,453753
709281,453753
709222,453753
709424,453753
709385,453753
709398,453753
709502,453753
709412,453753
709317,453753
709446,453753
709369,453753
709506,453753
709401,453753
709316,453753
709466,453753
709454,453753
709537,453753
709510,453753
709570,453753
709425,453753
709432,453753
709514,453753
709510,453753
709472,453753
709477,453753
709496,453753
709470,453753
709481,453753
709482,453753
709505,453753
709378,453753
709316,453753
709455,453753
709462,453753
709509,453753
709414,453753
709192,453753
708967,453753
709346,453753
709435,453753
709469,453753
709262,453753
709427,453753
709311,453753
709384,453753
709380,453753
709455,453753
709345,453753
708426,453753
709446,453753
709514,453753
709418,453753
709477,453753
709310,453753
709373,453753
709404,453753
709369,453753
709110,453753
709420,453753
709447,453753
709511,453753
709456,453753
709533,453753
709469,453753
709508,453753
709455,453753
709539,453753
709474,453753
709570,453753
709438,453753
709394,453753
708858,453753
709514,453753
709211,453753
709099,453753
709349,453753
709343,453753
709554,453753
709459,453753
709433,453753
709550,453753
709542,453753
709483,453753
709306,453753
709368,453753
709431,453753
709512,453753
709403,453753
709407,453753
709449,453753
706779,453753
702658,453753
708091,453753
709302,453753
709226,453753
709181,453753
709480,453753
709284,453753
709398,453753
709516,453753
709385,453753
708816,453753
709257,453753
709341,453753
709405,453753
709520,453753
709440,453753
709290,453753
709298,453753
709393,453753
709438,453753
709458,453753
709486,453753
709478,453753
709545,453753
709464,453753
709251,453753
709547,453753
709505,453753
709510,453753
709549,453753
709454,453753
709492,453753
709507,453753
709541,453753
709528,453753
709385,453753
709504,453753
709460,453753
709452,453753
709459,453753
709416,453753
709492,453753
709423,453753
709420,453753
709169,453753
708505,453753
709299,453753
709444,453753
709230,453753
709317,453753
709341,453753
709316,453753
709322,453753
709433,453753
709524,453753
709466,453753
709377,453753
709480,453753
709416,453753
709200,453753
709231,453753
709482,453753
709416,453753
709288,453753
709493,453753
709445,453753
709435,453753
709496,453753
709333,453753
709384,453753
709518,453753
709553,453753
709331,453753
709168,453753
709554,453753
709590,453753
709559,453753
709548,453753
709420,453753
709323,453753
709573,453753
709465,453753
709464,453753
709519,453753
709505,453753
709539,453753
709455,453753
709466,453753
709465,453753
709456,453753
709489,453753
709367,453753
709345,453753
709214,453753
709341,453753
709357,453753
709312,453753
709360,453753
709532,453753
709478,453753
709419,453753
709390,453753
709321,453753
709385,453753
709493,453753
709446,453753
709474,453753
709494,453753
709489,453753
709613,453753
709562,453753
709521,453753
709402,453753
709517,453753
709457,453753
709508,453753
709543,453753
709515,453753
709481,453753
709533,453753
709562,453753
709468,453753
709320,453753
709265,453753
709254,453753
709393,453753
709460,453753
709067,453753
709501,453753
709392,453753
709386,453753
709392,453753
709399,453753
709343,453753
709441,453753
709395,453753
709433,453753
709453,453753
709445,453753
709466,453753
709476,453753
709423,453753
709570,453753
709541,453753
709551,453753
709483,453753
709373,453753
709428,453753
709587,453753
709537,453753
709476,453753
709590,453753
709514,453753
709447,453753
709175,453753
709438,453753
709272,453753
709451,453753
709466,453753
709509,453753
709470,453753
709420,453753
709461,453753
709550,453753
709042,453753
709226,453753
709318,453753
709471,453753
708953,453753
709443,453753
709438,453753
709519,453753
709595,453753
709565,453753
709568,453753
709535,453753
709483,453753
709537,453753
709353,453753
709386,453753
709593,453753
709496,453753
709485,453753
709480,453753
709524,453753
709508,453753
709531,453753
709424,453753
709462,453753
709525,453753
709320,453753
709254,453753
709547,453753
709467,453753
709524,453753
709433,453753
709408,453753
709472,453753
709483,453753
709050,453753
709204,453753
709350,453753
709408,453753
709535,453753
709537,453753
709465,453753
709515,453753
709505,453753
709528,453753
709518,453753
709392,453753
709150,453753
709490,453753
709519,453753
709392,453753
709372,453753
709556,453753
709578,453753
709589,453753
709488,453753
709312,453753
709346,453753
709305,453753
709576,453753
709458,453753
709336,453753
709082,453753
709139,453753
708803,453753
709512,453753
709404,453753
709561,453753
709185,453753
709446,453753
709497,453753
709518,453753
709533,453753
709547,453753
709507,453753
709525,453753
709479,453753
709481,453753
709357,453753
709386,453753
709582,453753
709582,453753
709617,453753
709508,453753
709544,453753
709512,453753
709395,453753
709491,453753
709509,453753
709478,453753
709431,453753
709377,453753
709417,453753
709288,453753
709360,453753
709415,453753
709428,453753
709250,453753
709439,453753
709516,453753
709515,453753
709442,453753
709479,453753
709527,453753
709479,453753
709548,453753
709486,453753
709558,453753
709491,453753
709457,453753
709514,453753
709575,453753
709512,453753
709433,453753
709322,453753
708810,453753
709414,453753
709419,453753
709439,453753
709257,453753
708990,453753
709360,453753
709495,453753
709394,453753
709149,453753
709292,453753
709318,453753
708791,453753
709392,453753
709497,453753
709488,453753
709430,453753
709582,453753
708746,453753
709111,453753
709314,453753
709395,453753
709581,453753
709367,453753
709535,453753
709567,453753
709563,453753
709518,453753
709419,453753
709522,453753
709448,453753
709403,453753
709311,453753
709078,453753
708984,453753
709417,453753
709462,453753
709507,453753
709376,453753
709436,453753
709496,453753
709536,453753
709548,453753
709544,453753
709561,453753
709550,453753
709525,453753
709444,453753
709572,453753
709566,453753
709527,453753
709489,453753
709533,453753
709453,453753
709445,453753
709412,453753
709454,453753
709453,453753
709519,453753
709579,453753
709459,453753
709424,453753
709315,453753
709521,453753
709516,453753
709478,453753
709553,453753
709459,453753
709183,453753
709441,453753
709524,453753
709492,453753
709124,453753
709249,453753
709570,453753
709518,453753
709541,453753
709607,453546
