TRACE,NSNPS_JACKKNIFE
709322,453753
709325,453753
709237,453753
709250,453753
709199,453753
709272,453753
709162,453753
709175,453753
709238,453753
709164,453753
709193,453753
709070,453753
709307,453753
709221,453753
709257,453753
709217,453753
709139,453753
708877,453753
708925,453753
709092,453753
709258,453753
709283,453753
709192,453753
709229,453753
709274,453753
709230,453753
709082,453753
709071,453753
709171,453753
709211,453753
709167,453753
709164,453753
709185,453753
709159,453753
709194,453753
709237,453753
709141,453753
709136,453753
709203,453753
709222,453753
709255,453753
709224,453753
709166,453753
708977,453753
709032,453753
709174,453753
709226,453753
709207,453753
709251,453753
709249,453753
709272,453753
709033,453753
709071,453753
709159,453753
709058,453753
709211,453753
709181,453753
708973,453753
709099,453753
709044,453753
709220,453753
709298,453753
709270,453753
709237,453753
709190,453753
709231,453753
709181,453753
709131,453753
709139,453753
709117,453753
708891,453753
709212,453753
709255,453753
709307,453753
709279,453753
709259,453753
709327,453753
709239,453753
709318,453753
709190,453753
708991,453753
709180,453753
709285,453753
709334,453753
709329,453753
709290,453753
709310,453753
709323,453753
709212,453753
709237,453753
709016,453753
709007,453753
709238,453753
708412,453753
709238,453753
709145,453753
709189,453753
709216,453753
709173,453753
709282,453753
709113,453753
709132,453753
709077,453753
709021,453753
709059,453753
709069,453753
709231,453753
709227,453753
709217,453753
709195,453753
709242,453753
709189,453753
709094,453753
709000,453753
708927,453753
709040,453753
709183,453753
709199,453753
709138,453753
709018,453753
709088,453753
709300,453753
709098,453753
709169,453753
709254,453753
709182,453753
709156,453753
709148,453753
709070,453753
709181,453753
709120,453753
709185,453753
709117,453753
709202,453753
709098,453753
709213,453753
709244,453753
709269,453753
708983,453753
709191,453753
708877,453753
708769,453753
709160,453753
709113,453753
709075,453753
709088,453753
709137,453753
709160,453753
709209,453753
709250,453753
709203,453753
709239,453753
709261,453753
709234,453753
709215,453753
709205,453753
709283,453753
709251,453753
709296,453753
709233,453753
709160,453753
709206,453753
709256,453753
709327,453753
709319,453753
709296,453753
709269,453753
709265,453753
709245,453753
709190,453753
709119,453753
709200,453753
709232,453753
709204,453753
709252,453753
709202,453753
709234,453753
709151,453753
709115,453753
709139,453753
709095,453753
708119,453753
708363,453753
709161,453753
709094,453753
709311,453753
709252,453753
709296,453753
709266,453753
709223,453753
709316,453753
709292,453753
709019,453753
708712,453753
708717,453753
708563,453753
708854,453753
709066,453753
709179,453753
709186,453753
709111,453753
709249,453753
709248,453753
709006,453753
709172,453753
709204,453753
709117,453753
709207,453753
709108,453753
708913,453753
709153,453753
709241,453753
709248,453753
709262,453753
709066,453753
709134,453753
708762,453753
708797,453753
709006,453753
708905,453753
709304,453753
709268,453753
709264,453753
709252,453753
709114,453753
709256,453753
709276,453753
709272,453753
709291,453753
709309,453753
709174,453753
708989,453753
709084,453753
709330,453753
709311,453753
709308,453753
709116,453753
709150,453753
709078,453753
709214,453753
709160,453753
709262,453753
709305,453753
709206,453753
709206,453753
709197,453753
709182,453753
709213,453753
709231,453753
708975,453753
708927,453753
709250,453753
709160,453753
709093,453753
709099,453753
709089,453753
709137,453753
709159,453753
708868,453753
709171,453753
709279,453753
709063,453753
708798,453753
709154,453753
709174,453753
709115,453753
709082,453753
708645,453753
709226,453753
709212,453753
709143,453753
708871,453753
709107,453753
709100,453753
709111,453753
709059,453753
709236,453753
709242,453753
709137,453753
708982,453753
709121,453753
709133,453753
709250,453753
709190,453753
709077,453753
709223,453753
709253,453753
709150,453753
709200,453753
709278,453753
709311,453753
709302,453753
709312,453753
709283,453753
709294,453753
709270,453753
709203,453753
709186,453753
709301,453753
709263,453753
709269,453753
709262,453753
709339,453753
709174,453753
709250,453753
709267,453753
709251,453753
709244,453753
709188,453753
709269,453753
709279,453753
709140,453753
708983,453753
708719,453753
708404,453753
709078,453753
709202,453753
709043,453753
709095,453753
709162,453753
709232,453753
709240,453753
709205,453753
709218,453753
709117,453753
709070,453753
709103,453753
709167,453753
709144,453753
709059,453753
708749,453753
709113,453753
709193,453753
709228,453753
709155,453753
709207,453753
709056,453753
709188,453753
709223,453753
709062,453753
708961,453753
709186,453753
708848,453753
708778,453753
709241,453753
709075,453753
709233,453753
709107,453753
709118,453753
708429,453753
709191,453753
709232,453753
709214,453753
709337,453753
709320,453753
709294,453753
709331,453753
709294,453753
709220,453753
709235,453753
709253,453753
709303,453753
709224,453753
709248,453753
709196,453753
709261,453753
709215,453753
709264,453753
709204,453753
709257,453753
709234,453753
709170,453753
709180,453753
709232,453753
709191,453753
709189,453753
709067,453753
708762,453753
709085,453753
709035,453753
708506,453753
708823,453753
709048,453753
709174,453753
709049,453753
708921,453753
708914,453753
708877,453753
709080,453753
709190,453753
709128,453753
709109,453753
709077,453753
709177,453753
709141,453753
709100,453753
709063,453753
708897,453753
708941,453753
709198,453753
709175,453753
709216,453753
709219,453753
709188,453753
709301,453753
708606,453753
709141,453753
709127,453753
709129,453753
709234,453753
709260,453753
709267,453753
709188,453753
709251,453753
709313,453753
709278,453753
709277,453753
709216,453753
709014,453753
709078,453753
709167,453753
709194,453753
709240,453753
709107,453753
709282,453753
709226,453753
709255,453753
709267,453753
709095,453753
709166,453753
709164,453753
709244,453753
708970,453753
709192,453753
709210,453753
709181,453753
709215,453753
709125,453753
709126,453753
709139,453753
709118,453753
708926,453753
708182,453753
709124,453753
709144,453753
709212,453753
709292,453753
709269,453753
709098,453753
708990,453753
709161,453753
709240,453753
708951,453753
709081,453753
709274,453753
709182,453753
709233,453753
709149,453753
709116,453753
709064,453753
709053,453753
709127,453753
709275,453753
709133,453753
709293,453753
709274,453753
709131,453753
709194,453753
709278,453753
709177,453753
709351,453753
709330,453753
709275,453753
709134,453753
709071,453753
709177,453753
709120,453753
709230,453753
709243,453753
708860,453753
708036,453753
708298,453753
709181,453753
709203,453753
709228,453753
709176,453753
709185,453753
709027,453753
709244,453753
709225,453753
709228,453753
709073,453753
709184,453753
709182,453753
708611,453753
709020,453753
709139,453753
709158,453753
709235,453753
709118,453753
709174,453753
709302,453753
709255,453753
709147,453753
709050,453753
709143,453753
709039,453753
709105,453753
709198,453753
709293,453753
709194,453753
709165,453753
709118,453753
708943,453753
708951,453753
709220,453753
709214,453753
709270,453753
709270,453753
709306,453753
709179,453753
709263,453753
709236,453753
709248,453753
709274,453753
709236,453753
709199,453753
709188,453753
709306,453753
709279,453753
709222,453753
709253,453753
709286,453753
709263,453753
709253,453753
709120,453753
709260,453753
709113,453753
709259,453753
708987,453753
709207,453753
708889,453753
708704,453753
709181,453753
709141,453753
709179,453753
709273,453753
709230,453753
709197,453753
709246,453753
709231,453753
709278,453753
709257,453753
709079,453753
708972,453753
709161,453753
709134,453753
709173,453753
709219,453753
709219,453753
709105,453753
709240,453753
709156,453753
709235,453753
709197,453753
709130,453753
709235,453753
709202,453753
709279,453753
709254,453753
709319,453753
709164,453753
709190,453753
709266,453753
709258,453753
709263,453753
709235,453753
709215,453753
709249,453753
709229,453753
709235,453753
709292,453753
709109,453753
709139,453753
709224,453753
709218,453753
709250,453753
709141,453753
708957,453753
708685,453753
709125,453753
709190,453753
709238,453753
709056,453753
709155,453753
709041,453753
709128,453753
709134,453753
709227,453753
709136,453753
707958,453753
709207,453753
709258,453753
709145,453753
709218,453753
709089,453753
709094,453753
709202,453753
709080,453753
708970,453753
709155,453753
709161,453753
709270,453753
709203,453753
709291,453753
709232,453753
709248,453753
709229,453753
709280,453753
709202,453753
709335,453753
709239,453753
709139,453753
708685,453753
709241,453753
708957,453753
708793,453753
709089,453753
709079,453753
709295,453753
709154,453753
709194,453753
709335,453753
709293,453753
709236,453753
709076,453753
709143,453753
709221,453753
709275,453753
709185,453753
709142,453753
709200,453753
706556,453753
702471,453753
707883,453753
709025,453753
709055,453753
708985,453753
709247,453753
709095,453753
709198,453753
709293,453753
709152,453753
708537,453753
709034,453753
709054,453753
709156,453753
709280,453753
709176,453753
709093,453753
709029,453753
709135,453753
709163,453753
709227,453753
709219,453753
709253,453753
709313,453753
709256,453753
709053,453753
709310,453753
709276,453753
709292,453753
709303,453753
709216,453753
709242,453753
709266,453753
709316,453753
709263,453753
709185,453753
709247,453753
709232,453753
709208,453753
709176,453753
709224,453753
709274,453753
709209,453753
709185,453753
708990,453753
708233,453753
709093,453753
709142,453753
708905,453753
709085,453753
709102,453753
709144,453753
709134,453753
709183,453753
709279,453753
709206,453753
709164,453753
709238,453753
709173,453753
708956,453753
709003,453753
709219,453753
709194,453753
709067,453753
709230,453753
709192,453753
709204,453753
709241,453753
709132,453753
709119,453753
709278,453753
709289,453753
709068,453753
708955,453753
709304,453753
709366,453753
709333,453753
709326,453753
709176,453753
709071,453753
709332,453753
709186,453753
709216,453753
709290,453753
709293,453753
709293,453753
709223,453753
709254,453753
709222,453753
709220,453753
709273,453753
709120,453753
709117,453753
708946,453753
709108,453753
709118,453753
709059,453753
709146,453753
709315,453753
709170,453753
709171,453753
709151,453753
709086,453753
709126,453753
709300,453753
709204,453753
709250,453753
709245,453753
709235,453753
709345,453753
709322,453753
709309,453753
709163,453753
709264,453753
709165,453753
709279,453753
709300,453753
709312,453753
709259,453753
709280,453753
709328,453753
709194,453753
709084,453753
709072,453753
709039,453753
709197,453753
709206,453753
708784,453753
709241,453753
709149,453753
709154,453753
709114,453753
709126,453753
709081,453753
709217,453753
709167,453753
709195,453753
709178,453753
709187,453753
709258,453753
709245,453753
709176,453753
709323,453753
709272,453753
709291,453753
709267,453753
709106,453753
709199,453753
709357,453753
709299,453753
709234,453753
709335,453753
709286,453753
709195,453753
708954,453753
709227,453753
709035,453753
709208,453753
709190,453753
709270,453753
709249,453753
709127,453753
709208,453753
709305,453753
708761,453753
708967,453753
709013,453753
709234,453753
708744,453753
709244,453753
709183,453753
709281,453753
709364,453753
709305,453753
709339,453753
709298,453753
709224,453753
709302,453753
709155,453753
709122,453753
709327,453753
709286,453753
709275,453753
709250,453753
709263,453753
709276,453753
709326,453753
709156,453753
709220,453753
709272,453753
709103,453753
709022,453753
709292,453753
709252,453753
709272,453753
709210,453753
709214,453753
709230,453753
709188,453753
708819,453753
708952,453753
709086,453753
709153,453753
709266,453753
709308,453753
709245,453753
709263,453753
709238,453753
709311,453753
709289,453753
709153,453753
708887,453753
709255,453753
709288,453753
709227,453753
709078,453753
709325,453753
709334,453753
709335,453753
709229,453753
709092,453753
709099,453753
709090,453753
709303,453753
709249,453753
709088,453753
708847,453753
708947,453753
708600,453753
709237,453753
709195,453753
709357,453753
708981,453753
709211,453753
709274,453753
709272,453753
709288,453753
709308,453753
709260,453753
709303,453753
709235,453753
709220,453753
709080,453753
709167,453753
709321,453753
709391,453753
709375,453753
709253,453753
709327,453753
709249,453753
709168,453753
709241,453753
709250,453753
709216,453753
709138,453753
709134,453753
709185,453753
709068,453753
709105,453753
709197,453753
709174,453753
708977,453753
709218,453753
709262,453753
709284,453753
709200,453753
709223,453753
709292,453753
709238,453753
709284,453753
709256,453753
709300,453753
709269,453753
709237,453753
709300,453753
709319,453753
709258,453753
709208,453753
709099,453753
708644,453753
709158,453753
709163,453753
709189,453753
708982,453753
708650,453753
709107,453753
709228,453753
709178,453753
708814,453753
709028,453753
709055,453753
708605,453753
709119,453753
709256,453753
709295,453753
709147,453753
709326,453753
708543,453753
708841,453753
709127,453753
709165,453753
709305,453753
709218,453753
709339,453753
709323,453753
709330,453753
709265,453753
709211,453753
709284,453753
709214,453753
709184,453753
709097,453753
708849,453753
708741,453753
709164,453753
709224,453753
709263,453753
709142,453753
709190,453753
709281,453753
709272,453753
709282,453753
709330,453753
709339,453753
709309,453753
709279,453753
709143,453753
709341,453753
709329,453753
709275,453753
709247,453753
709300,453753
709249,453753
709172,453753
709229,453753
709202,453753
709240,453753
709268,453753
709339,453753
709234,453753
709185,453753
709034,453753
709291,453753
709275,453753
709278,453753
709329,453753
709195,453753
708901,453753
709202,453753
709280,453753
709251,453753
708894,453753
708999,453753
709328,453753
709270,453753
709320,453753
709381,453546
