TRACE,NSNPS_JACKKNIFE
711934,453753
711904,453753
711848,453753
711862,453753
711799,453753
711893,453753
711766,453753
711773,453753
711830,453753
711783,453753
711825,453753
711681,453753
711888,453753
711776,453753
711841,453753
711849,453753
711749,453753
711474,453753
711519,453753
711715,453753
711858,453753
711889,453753
711804,453753
711848,453753
711884,453753
711839,453753
711696,453753
711632,453753
711765,453753
711793,453753
711783,453753
711740,453753
711787,453753
711714,453753
711811,453753
711805,453753
711762,453753
711697,453753
711816,453753
711830,453753
711852,453753
711868,453753
711785,453753
711581,453753
711622,453753
711758,453753
711793,453753
711816,453753
711908,453753
711871,453753
711869,453753
711653,453753
711661,453753
711753,453753
711651,453753
711780,453753
711806,453753
711552,453753
711714,453753
711689,453753
711829,453753
711904,453753
711858,453753
711818,453753
711809,453753
711844,453753
711824,453753
711715,453753
711760,453753
711703,453753
711497,453753
711871,453753
711855,453753
711924,453753
711903,453753
711870,453753
711907,453753
711838,453753
711921,453753
711842,453753
711626,453753
711828,453753
711875,453753
711934,453753
711939,453753
711858,453753
711917,453753
711947,453753
711827,453753
711825,453753
711644,453753
711620,453753
711863,453753
710855,453753
711830,453753
711699,453753
711815,453753
711836,453753
711800,453753
711885,453753
711725,453753
711742,453753
711701,453753
711635,453753
711550,453753
711687,453753
711788,453753
711813,453753
711830,453753
711816,453753
711852,453753
711793,453753
711712,453753
711613,453753
711527,453753
711599,453753
711855,453753
711813,453753
711706,453753
711673,453753
711686,453753
711907,453753
711727,453753
711782,453753
711848,453753
711739,453753
711757,453753
711743,453753
711689,453753
711792,453753
711678,453753
711765,453753
711729,453753
711792,453753
711675,453753
711808,453753
711826,453753
711840,453753
711618,453753
711785,453753
711492,453753
711391,453753
711746,453753
711689,453753
711661,453753
711628,453753
711772,453753
711731,453753
711824,453753
711829,453753
711859,453753
711880,453753
711856,453753
711832,453753
711836,453753
711825,453753
711844,453753
711843,453753
711900,453753
711827,453753
711773,453753
711815,453753
711869,453753
711952,453753
711921,453753
711869,453753
711856,453753
711869,453753
711845,453753
711812,453753
711722,453753
711838,453753
711848,453753
711822,453753
711889,453753
711777,453753
711829,453753
711737,453753
711738,453753
711795,453753
711704,453753
710760,453753
710973,453753
711801,453753
711742,453753
711899,453753
711884,453753
711892,453753
711852,453753
711843,453753
711919,453753
711873,453753
711611,453753
711274,453753
711367,453753
711311,453753
711425,453753
711605,453753
711847,453753
711733,453753
711775,453753
711836,453753
711829,453753
711647,453753
711817,453753
711835,453753
711749,453753
711835,453753
711759,453753
711610,453753
711780,453753
711845,453753
711866,453753
711857,453753
711682,453753
711750,453753
711375,453753
711413,453753
711633,453753
711360,453753
711915,453753
711866,453753
711810,453753
711861,453753
711716,453753
711869,453753
711906,453753
711866,453753
711882,453753
711886,453753
711758,453753
711592,453753
711667,453753
711928,453753
711948,453753
711911,453753
711744,453753
711760,453753
711617,453753
711787,453753
711770,453753
711894,453753
711918,453753
711821,453753
711807,453753
711809,453753
711829,453753
711832,453753
711840,453753
711632,453753
711588,453753
711816,453753
711813,453753
711670,453753
711716,453753
711708,453753
711724,453753
711771,453753
711585,453753
711758,453753
711877,453753
711667,453753
711326,453753
711750,453753
711762,453753
711682,453753
711711,453753
711286,453753
711845,453753
711793,453753
711775,453753
711445,453753
711746,453753
711718,453753
711712,453753
711667,453753
711847,453753
711847,453753
711744,453753
711565,453753
711740,453753
711724,453753
711827,453753
711806,453753
711684,453753
711843,453753
711865,453753
711797,453753
711791,453753
711881,453753
711914,453753
711911,453753
711899,453753
711860,453753
711903,453753
711875,453753
711808,453753
711789,453753
711914,453753
711863,453753
711900,453753
711892,453753
711955,453753
711815,453753
711895,453753
711852,453753
711835,453753
711813,453753
711783,453753
711905,453753
711889,453753
711776,453753
711614,453753
711373,453753
711214,453753
711700,453753
711805,453753
711664,453753
711714,453753
711731,453753
711782,453753
711847,453753
711813,453753
711789,453753
711722,453753
711639,453753
711674,453753
711734,453753
711724,453753
711685,453753
711238,453753
711737,453753
711790,453753
711858,453753
711798,453753
711856,453753
711707,453753
711782,453753
711847,453753
711686,453753
711552,453753
711795,453753
711360,453753
711246,453753
711789,453753
711644,453753
711840,453753
711681,453753
711720,453753
710683,453753
711826,453753
711811,453753
711820,453753
711946,453753
711915,453753
711917,453753
711929,453753
711929,453753
711853,453753
711840,453753
711889,453753
711926,453753
711865,453753
711868,453753
711770,453753
711854,453753
711826,453753
711871,453753
711777,453753
711846,453753
711832,453753
711761,453753
711766,453753
711804,453753
711757,453753
711809,453753
711699,453753
711359,453753
711688,453753
711604,453753
711039,453753
711388,453753
711638,453753
711777,453753
711688,453753
711557,453753
711500,453753
711492,453753
711711,453753
711818,453753
711782,453753
711685,453753
711688,453753
711803,453753
711748,453753
711690,453753
711660,453753
711435,453753
711533,453753
711824,453753
711807,453753
711784,453753
711803,453753
711799,453753
711888,453753
711159,453753
711723,453753
711730,453753
711796,453753
711850,453753
711837,453753
711879,453753
711794,453753
711875,453753
711930,453753
711902,453753
711891,453753
711810,453753
711589,453753
711735,453753
711776,453753
711804,453753
711838,453753
711706,453753
711853,453753
711817,453753
711859,453753
711822,453753
711622,453753
711796,453753
711772,453753
711864,453753
711515,453753
711777,453753
711827,453753
711795,453753
711821,453753
711756,453753
711772,453753
711731,453753
711744,453753
711605,453753
710806,453753
711702,453753
711740,453753
711855,453753
711888,453753
711881,453753
711740,453753
711638,453753
711788,453753
711842,453753
711617,453753
711648,453753
711860,453753
711791,453753
711832,453753
711791,453753
711693,453753
711611,453753
711660,453753
711774,453753
711894,453753
711718,453753
711920,453753
711880,453753
711758,453753
711795,453753
711878,453753
711762,453753
711963,453753
711943,453753
711877,453753
711712,453753
711613,453753
711777,453753
711764,453753
711806,453753
711852,453753
711469,453753
710638,453753
710871,453753
711788,453753
711824,453753
711851,453753
711787,453753
711818,453753
711688,453753
711851,453753
711832,453753
711839,453753
711691,453753
711774,453753
711760,453753
711242,453753
711650,453753
711819,453753
711776,453753
711831,453753
711735,453753
711757,453753
711871,453753
711898,453753
711760,453753
711686,453753
711777,453753
711681,453753
711693,453753
711829,453753
711884,453753
711753,453753
711769,453753
711732,453753
711583,453753
711618,453753
711794,453753
711856,453753
711882,453753
711893,453753
711909,453753
711818,453753
711855,453753
711843,453753
711835,453753
711899,453753
711861,453753
711783,453753
711790,453753
711897,453753
711902,453753
711787,453753
711872,453753
711893,453753
711859,453753
711837,453753
711750,453753
711862,453753
711722,453753
711893,453753
711582,453753
711762,453753
711522,453753
711346,453753
711809,453753
711736,453753
711789,453753
711893,453753
711781,453753
711786,453753
711853,453753
711897,453753
711885,453753
711861,453753
711653,453753
711607,453753
711800,453753
711737,453753
711771,453753
711875,453753
711800,453753
711669,453753
711846,453753
711757,453753
711883,453753
711782,453753
711779,453753
711812,453753
711844,453753
711912,453753
711867,453753
711918,453753
711723,453753
711732,453753
711897,453753
711890,453753
711854,453753
711857,453753
711836,453753
711826,453753
711830,453753
711833,453753
711872,453753
711723,453753
711741,453753
711800,453753
711815,453753
711855,453753
711715,453753
711559,453753
711325,453753
711674,453753
711785,453753
711850,453753
711654,453753
711813,453753
711722,453753
711721,453753
711752,453753
711837,453753
711730,453753
710426,453753
711842,453753
711847,453753
711749,453753
711843,453753
711693,453753
711748,453753
711778,453753
711719,453753
711432,453753
711762,453753
711755,453753
711898,453753
711847,453753
711921,453753
711809,453753
711834,453753
711855,453753
711871,453753
711845,453753
711951,453753
711795,453753
711743,453753
711211,453753
711856,453753
711590,453753
711410,453753
711708,453753
711717,453753
711884,453753
711782,453753
711777,453753
711930,453753
711914,453753
711860,453753
711764,453753
711733,453753
711845,453753
711860,453753
711763,453753
711769,453753
711805,453753
708969,453753
705002,453753
710604,453753
711691,453753
711662,453753
711583,453753
711848,453753
711666,453753
711796,453753
711874,453753
711732,453753
711160,453753
711599,453753
711677,453753
711789,453753
711883,453753
711768,453753
711642,453753
711617,453753
711760,453753
711740,453753
711813,453753
711843,453753
711838,453753
711962,453753
711867,453753
711705,453753
711912,453753
711884,453753
711883,453753
711915,453753
711805,453753
711833,453753
711893,453753
711918,453753
711867,453753
711774,453753
711871,453753
711836,453753
711792,453753
711760,453753
711790,453753
711875,453753
711802,453753
711765,453753
711558,453753
710996,453753
711674,453753
711759,453753
711568,453753
711696,453753
711634,453753
711739,453753
711730,453753
711789,453753
711849,453753
711827,453753
711770,453753
711863,453753
711795,453753
711533,453753
711565,453753
711822,453753
711734,453753
711665,453753
711818,453753
711783,453753
711783,453753
711826,453753
711740,453753
711766,453753
711899,453753
711912,453753
711708,453753
711586,453753
711903,453753
711945,453753
711949,453753
711931,453753
711788,453753
711669,453753
711922,453753
711840,453753
711821,453753
711904,453753
711894,453753
711882,453753
711836,453753
711845,453753
711784,453753
711804,453753
711877,453753
711732,453753
711683,453753
711601,453753
711712,453753
711709,453753
711653,453753
711805,453753
711900,453753
711781,453753
711764,453753
711753,453753
711627,453753
711754,453753
711853,453753
711770,453753
711848,453753
711858,453753
711843,453753
711959,453753
711939,453753
711918,453753
711820,453753
711855,453753
711761,453753
711870,453753
711923,453753
711875,453753
711852,453753
711840,453753
711936,453753
711816,453753
711679,453753
711639,453753
711671,453753
711810,453753
711828,453753
711383,453753
711851,453753
711745,453753
711749,453753
711735,453753
711717,453753
711703,453753
711834,453753
711729,453753
711773,453753
711808,453753
711808,453753
711866,453753
711856,453753
711808,453753
711924,453753
711895,453753
711895,453753
711877,453753
711735,453753
711829,453753
711943,453753
711940,453753
711851,453753
711921,453753
711885,453753
711770,453753
711555,453753
711833,453753
711625,453753
711834,453753
711830,453753
711847,453753
711829,453753
711732,453753
711837,453753
711931,453753
711403,453753
711594,453753
711662,453753
711823,453753
711308,453753
711839,453753
711828,453753
711907,453753
711947,453753
711904,453753
711943,453753
711912,453753
711777,453753
711912,453753
711713,453753
711730,453753
711945,453753
711846,453753
711881,453753
711818,453753
711860,453753
711863,453753
711917,453753
711778,453753
711813,453753
711910,453753
711672,453753
711646,453753
711904,453753
711825,453753
711899,453753
711796,453753
711787,453753
711849,453753
711812,453753
711455,453753
711485,453753
711722,453753
711776,453753
711865,453753
711905,453753
711827,453753
711879,453753
711843,453753
711895,453753
711883,453753
711734,453753
711509,453753
711837,453753
711887,453753
711795,453753
711722,453753
711930,453753
711921,453753
711958,453753
711863,453753
711684,453753
711652,453753
711682,453753
711918,453753
711837,453753
711749,453753
711441,453753
711486,453753
711030,453753
711830,453753
711786,453753
711932,453753
711577,453753
711828,453753
711866,453753
711847,453753
711886,453753
711921,453753
711836,453753
711905,453753
711833,453753
711834,453753
711691,453753
711781,453753
711976,453753
711971,453753
711960,453753
711884,453753
711890,453753
711878,453753
711764,453753
711832,453753
711826,453753
711799,453753
711803,453753
711784,453753
711787,453753
711674,453753
711703,453753
711819,453753
711780,453753
711604,453753
711803,453753
711885,453753
711883,453753
711827,453753
711819,453753
711903,453753
711839,453753
711916,453753
711849,453753
711905,453753
711894,453753
711842,453753
711882,453753
711926,453753
711867,453753
711846,453753
711628,453753
711084,453753
711773,453753
711759,453753
711809,453753
711661,453753
711272,453753
711727,453753
711864,453753
711773,453753
711487,453753
711663,453753
711703,453753
711258,453753
711686,453753
711855,453753
711880,453753
711740,453753
711906,453753
711114,453753
711577,453753
711714,453753
711750,453753
711902,453753
711736,453753
711931,453753
711910,453753
711912,453753
711861,453753
711801,453753
711891,453753
711826,453753
711807,453753
711720,453753
711494,453753
711412,453753
711780,453753
711823,453753
711870,453753
711786,453753
711822,453753
711857,453753
711891,453753
711911,453753
711900,453753
711909,453753
711939,453753
711869,453753
711744,453753
711933,453753
711950,453753
711897,453753
711866,453753
711879,453753
711838,453753
711798,453753
711833,453753
711831,453753
711836,453753
711871,453753
711930,453753
711864,453753
711768,453753
711631,453753
711907,453753
711901,453753
711842,453753
711911,453753
711829,453753
711525,453753
711771,453753
711904,453753
711828,453753
711517,453753
711641,453753
711923,453753
711866,453753
711895,453753
712010,453546
