TRACE,NSNPS_JACKKNIFE
711355,453753
711332,453753
711266,453753
711295,453753
711246,453753
711305,453753
711175,453753
711230,453753
711265,453753
711185,453753
711258,453753
711103,453753
711350,453753
711196,453753
711303,453753
711283,453753
711229,453753
710936,453753
710942,453753
711100,453753
711284,453753
711291,453753
711236,453753
711315,453753
711324,453753
711275,453753
711145,453753
711094,453753
711242,453753
711237,453753
711230,453753
711209,453753
711240,453753
711184,453753
711256,453753
711237,453753
711195,453753
711184,453753
711250,453753
711285,453753
711319,453753
711271,453753
711224,453753
711029,453753
711078,453753
711184,453753
711243,453753
711287,453753
711334,453753
711297,453753
711325,453753
711050,453753
711108,453753
711170,453753
711074,453753
711265,453753
711239,453753
710988,453753
711127,453753
711089,453753
711270,453753
711331,453753
711311,453753
711201,453753
711210,453753
711273,453753
711229,453753
711104,453753
711189,453753
711170,453753
710921,453753
711267,453753
711275,453753
711364,453753
711296,453753
711300,453753
711351,453753
711283,453753
711323,453753
711292,453753
711107,453753
711270,453753
711315,453753
711373,453753
711355,453753
711301,453753
711341,453753
711359,453753
711257,453753
711264,453753
711069,453753
711060,453753
711299,453753
710527,453753
711271,453753
711127,453753
711258,453753
711231,453753
711259,453753
711312,453753
711134,453753
711154,453753
711114,453753
710987,453753
711042,453753
711096,453753
711277,453753
711266,453753
711251,453753
711223,453753
711287,453753
711224,453753
711149,453753
711051,453753
711018,453753
711010,453753
711247,453753
711234,453753
711117,453753
711080,453753
711161,453753
711327,453753
711154,453753
711228,453753
711274,453753
711224,453753
711188,453753
711231,453753
711075,453753
711176,453753
711117,453753
711228,453753
711146,453753
711235,453753
711137,453753
711264,453753
711295,453753
711289,453753
711079,453753
711240,453753
710887,453753
710826,453753
711186,453753
711130,453753
711053,453753
711128,453753
711169,453753
711196,453753
711261,453753
711265,453753
711243,453753
711288,453753
711316,453753
711285,453753
711274,453753
711261,453753
711301,453753
711312,453753
711360,453753
711263,453753
711162,453753
711251,453753
711308,453753
711345,453753
711385,453753
711341,453753
711308,453753
711284,453753
711277,453753
711246,453753
711148,453753
711278,453753
711276,453753
711225,453753
711268,453753
711229,453753
711252,453753
711200,453753
711183,453753
711220,453753
711134,453753
710231,453753
710368,453753
711267,453753
711145,453753
711345,453753
711335,453753
711294,453753
711289,453753
711231,453753
711364,453753
711344,453753
711070,453753
710740,453753
710760,453753
710594,453753
710859,453753
711091,453753
711253,453753
711215,453753
711172,453753
711284,453753
711252,453753
710985,453753
711261,453753
711210,453753
711153,453753
711262,453753
711165,453753
710985,453753
711187,453753
711247,453753
711302,453753
711298,453753
711157,453753
711184,453753
710828,453753
710876,453753
711034,453753
710838,453753
711351,453753
711332,453753
711272,453753
711291,453753
711133,453753
711266,453753
711335,453753
711287,453753
711343,453753
711337,453753
711233,453753
711054,453753
711108,453753
711381,453753
711350,453753
711334,453753
711181,453753
711221,453753
711059,453753
711251,453753
711158,453753
711299,453753
711349,453753
711240,453753
711245,453753
711241,453753
711231,453753
711268,453753
711272,453753
711079,453753
711028,453753
711277,453753
711242,453753
711123,453753
711193,453753
711151,453753
711171,453753
711207,453753
710921,453753
711209,453753
711319,453753
711136,453753
710814,453753
711172,453753
711190,453753
711110,453753
711181,453753
710796,453753
711276,453753
711261,453753
711194,453753
710910,453753
711205,453753
711163,453753
711132,453753
711080,453753
711292,453753
711273,453753
711152,453753
710960,453753
711179,453753
711150,453753
711264,453753
711248,453753
711112,453753
711258,453753
711300,453753
711210,453753
711244,453753
711311,453753
711339,453753
711334,453753
711354,453753
711327,453753
711340,453753
711313,453753
711241,453753
711241,453753
711362,453753
711314,453753
711330,453753
711294,453753
711395,453753
711276,453753
711302,453753
711337,453753
711266,453753
711253,453753
711245,453753
711332,453753
711307,453753
711253,453753
711003,453753
710730,453753
710585,453753
711149,453753
711243,453753
711104,453753
711154,453753
711180,453753
711229,453753
711265,453753
711251,453753
711272,453753
711131,453753
711121,453753
711142,453753
711197,453753
711186,453753
711092,453753
710679,453753
711163,453753
711235,453753
711253,453753
711202,453753
711257,453753
711098,453753
711237,453753
711251,453753
711076,453753
710972,453753
711211,453753
710831,453753
710790,453753
711264,453753
711144,453753
711261,453753
711125,453753
711191,453753
710469,453753
711238,453753
711263,453753
711238,453753
711370,453753
711355,453753
711330,453753
711361,453753
711367,453753
711297,453753
711283,453753
711322,453753
711355,453753
711303,453753
711304,453753
711216,453753
711290,453753
711254,453753
711296,453753
711201,453753
711243,453753
711259,453753
711237,453753
711199,453753
711267,453753
711195,453753
711231,453753
711084,453753
710754,453753
711087,453753
711048,453753
710399,453753
710866,453753
711098,453753
711209,453753
711108,453753
710974,453753
710974,453753
710941,453753
711126,453753
711262,453753
711219,453753
711077,453753
711143,453753
711191,453753
711178,453753
711110,453753
711108,453753
710877,453753
711024,453753
711257,453753
711263,453753
711242,453753
711283,453753
711209,453753
711345,453753
710718,453753
711167,453753
711177,453753
711206,453753
711267,453753
711310,453753
711300,453753
711229,453753
711288,453753
711354,453753
711302,453753
711322,453753
711275,453753
711065,453753
711133,453753
711171,453753
711245,453753
711290,453753
711193,453753
711332,453753
711254,453753
711305,453753
711269,453753
711078,453753
711203,453753
711251,453753
711305,453753
710916,453753
711251,453753
711241,453753
711260,453753
711272,453753
711179,453753
711172,453753
711163,453753
711165,453753
711030,453753
710110,453753
711134,453753
711219,453753
711260,453753
711347,453753
711315,453753
711122,453753
711082,453753
711233,453753
711287,453753
711002,453753
711074,453753
711302,453753
711221,453753
711307,453753
711222,453753
711104,453753
711071,453753
711095,453753
711149,453753
711329,453753
711133,453753
711337,453753
711319,453753
711236,453753
711263,453753
711325,453753
711209,453753
711362,453753
711384,453753
711312,453753
711174,453753
711081,453753
711212,453753
711170,453753
711269,453753
711283,453753
710990,453753
710309,453753
710494,453753
711192,453753
711267,453753
711286,453753
711224,453753
711229,453753
711042,453753
711269,453753
711275,453753
711279,453753
711089,453753
711244,453753
711211,453753
710737,453753
711091,453753
711205,453753
711194,453753
711236,453753
711162,453753
711193,453753
711320,453753
711333,453753
711181,453753
711149,453753
711217,453753
711099,453753
711131,453753
711255,453753
711309,453753
711200,453753
711210,453753
711179,453753
711047,453753
711058,453753
711284,453753
711279,453753
711298,453753
711284,453753
711341,453753
711204,453753
711278,453753
711302,453753
711282,453753
711324,453753
711302,453753
711226,453753
711206,453753
711344,453753
711341,453753
711249,453753
711292,453753
711334,453753
711314,453753
711276,453753
711164,453753
711299,453753
711165,453753
711334,453753
711086,453753
711216,453753
710972,453753
710798,453753
711261,453753
711137,453753
711208,453753
711324,453753
711232,453753
711253,453753
711288,453753
711301,453753
711329,453753
711288,453753
711123,453753
711052,453753
711198,453753
711160,453753
711159,453753
711283,453753
711247,453753
711110,453753
711265,453753
711200,453753
711302,453753
711245,453753
711122,453753
711277,453753
711289,453753
711347,453753
711278,453753
711372,453753
711212,453753
711231,453753
711297,453753
711308,453753
711322,453753
711280,453753
711299,453753
711303,453753
711287,453753
711287,453753
711310,453753
711158,453753
711141,453753
711225,453753
711268,453753
711331,453753
711157,453753
711019,453753
710726,453753
711172,453753
711241,453753
711288,453753
711129,453753
711215,453753
711115,453753
711175,453753
711129,453753
711267,453753
711171,453753
710221,453753
711306,453753
711303,453753
711146,453753
711247,453753
711108,453753
711172,453753
711257,453753
711105,453753
710866,453753
711224,453753
711221,453753
711286,453753
711300,453753
711331,453753
711251,453753
711263,453753
711247,453753
711326,453753
711255,453753
711382,453753
711285,453753
711200,453753
710622,453753
711326,453753
711038,453753
710821,453753
711154,453753
711127,453753
711336,453753
711260,453753
711249,453753
711380,453753
711343,453753
711282,453753
711137,453753
711146,453753
711268,453753
711299,453753
711205,453753
711216,453753
711252,453753
708641,453753
704731,453753
709867,453753
711130,453753
711085,453753
711077,453753
711275,453753
711095,453753
711210,453753
711297,453753
711189,453753
710548,453753
711046,453753
711057,453753
711194,453753
711316,453753
711197,453753
711113,453753
711067,453753
711181,453753
711201,453753
711275,453753
711274,453753
711269,453753
711367,453753
711277,453753
711081,453753
711360,453753
711330,453753
711345,453753
711356,453753
711247,453753
711292,453753
711310,453753
711377,453753
711316,453753
711160,453753
711324,453753
711270,453753
711255,453753
711217,453753
711233,453753
711311,453753
711216,453753
711228,453753
710986,453753
710354,453753
711073,453753
711212,453753
710908,453753
711070,453753
711110,453753
711140,453753
711124,453753
711243,453753
711309,453753
711251,453753
711148,453753
711288,453753
711232,453753
710964,453753
711031,453753
711282,453753
711197,453753
711097,453753
711270,453753
711245,453753
711250,453753
711260,453753
711162,453753
711151,453753
711336,453753
711313,453753
711127,453753
710961,453753
711358,453753
711368,453753
711367,453753
711359,453753
711214,453753
711117,453753
711372,453753
711226,453753
711260,453753
711326,453753
711325,453753
711343,453753
711285,453753
711277,453753
711236,453753
711286,453753
711321,453753
711166,453753
711174,453753
711009,453753
711123,453753
711120,453753
711114,453753
711238,453753
711363,453753
711237,453753
711233,453753
711158,453753
711079,453753
711193,453753
711274,453753
711240,453753
711297,453753
711297,453753
711299,453753
711398,453753
711362,453753
711351,453753
711222,453753
711318,453753
711233,453753
711303,453753
711367,453753
711300,453753
711274,453753
711325,453753
711365,453753
711275,453753
711129,453753
711112,453753
711076,453753
711224,453753
711251,453753
710938,453753
711315,453753
711215,453753
711169,453753
711137,453753
711152,453753
711095,453753
711248,453753
711178,453753
711224,453753
711226,453753
711280,453753
711298,453753
711287,453753
711196,453753
711393,453753
711335,453753
711318,453753
711315,453753
711172,453753
711253,453753
711371,453753
711346,453753
711274,453753
711368,453753
711325,453753
711234,453753
711012,453753
711253,453753
711004,453753
711252,453753
711247,453753
711325,453753
711278,453753
711180,453753
711265,453753
711335,453753
710801,453753
711033,453753
711132,453753
711246,453753
710724,453753
711280,453753
711253,453753
711305,453753
711409,453753
711337,453753
711384,453753
711347,453753
711269,453753
711358,453753
711109,453753
711186,453753
711369,453753
711325,453753
711311,453753
711244,453753
711299,453753
711297,453753
711359,453753
711267,453753
711279,453753
711310,453753
711151,453753
711103,453753
711344,453753
711263,453753
711323,453753
711229,453753
711245,453753
711257,453753
711199,453753
710834,453753
710884,453753
711137,453753
711227,453753
711271,453753
711358,453753
711260,453753
711317,453753
711263,453753
711335,453753
711355,453753
711186,453753
711023,453753
711271,453753
711298,453753
711210,453753
711101,453753
711340,453753
711377,453753
711365,453753
711296,453753
711150,453753
711124,453753
711074,453753
711354,453753
711239,453753
711125,453753
710881,453753
710955,453753
710555,453753
711323,453753
711209,453753
711395,453753
711033,453753
711275,453753
711303,453753
711325,453753
711319,453753
711361,453753
711350,453753
711347,453753
711267,453753
711281,453753
711156,453753
711226,453753
711390,453753
711397,453753
711431,453753
711343,453753
711368,453753
711303,453753
711235,453753
711288,453753
711284,453753
711229,453753
711224,453753
711213,453753
711251,453753
711119,453753
711134,453753
711217,453753
711194,453753
711051,453753
711261,453753
711301,453753
711348,453753
711281,453753
711250,453753
711351,453753
711306,453753
711323,453753
711293,453753
711339,453753
711299,453753
711249,453753
711347,453753
711375,453753
711310,453753
711225,453753
711120,453753
710554,453753
711216,453753
711211,453753
711279,453753
711036,453753
710725,453753
711147,453753
711323,453753
711232,453753
710941,453753
711071,453753
711113,453753
710591,453753
711171,453753
711294,453753
711317,453753
711199,453753
711369,453753
710580,453753
710983,453753
711143,453753
711189,453753
711349,453753
711205,453753
711364,453753
711369,453753
711364,453753
711311,453753
711240,453753
711296,453753
711263,453753
711200,453753
711122,453753
710858,453753
710851,453753
711228,453753
711260,453753
711295,453753
711141,453753
711248,453753
711292,453753
711351,453753
711344,453753
711367,453753
711368,453753
711372,453753
711294,453753
711173,453753
711387,453753
711361,453753
711331,453753
711286,453753
711338,453753
711294,453753
711221,453753
711231,453753
711251,453753
711248,453753
711317,453753
711363,453753
711258,453753
711231,453753
711071,453753
711334,453753
711320,453753
711279,453753
711370,453753
711266,453753
710898,453753
711232,453753
711341,453753
711301,453753
710994,453753
711035,453753
711360,453753
711321,453753
711344,453753
711403,453546
