TRACE,NSNPS_JACKKNIFE
711100,453753
711087,453753
711018,453753
711016,453753
710952,453753
711030,453753
710921,453753
710931,453753
710997,453753
710950,453753
710968,453753
710811,453753
711067,453753
710941,453753
711000,453753
710980,453753
710878,453753
710658,453753
710720,453753
710834,453753
711009,453753
711015,453753
710975,453753
711009,453753
711029,453753
710994,453753
710864,453753
710821,453753
710969,453753
710977,453753
710956,453753
710950,453753
710938,453753
710916,453753
710996,453753
710985,453753
710940,453753
710907,453753
710982,453753
711021,453753
711039,453753
710993,453753
710912,453753
710725,453753
710786,453753
710916,453753
710989,453753
710976,453753
711038,453753
711056,453753
711027,453753
710733,453753
710808,453753
710907,453753
710819,453753
710931,453753
710941,453753
710734,453753
710844,453753
710835,453753
711001,453753
711042,453753
711062,453753
710979,453753
710954,453753
710970,453753
710944,453753
710899,453753
710924,453753
710859,453753
710632,453753
710991,453753
711015,453753
711063,453753
711053,453753
711028,453753
711067,453753
710991,453753
711074,453753
710975,453753
710824,453753
710977,453753
711040,453753
711086,453753
711102,453753
711003,453753
711081,453753
711080,453753
710998,453753
711020,453753
710831,453753
710763,453753
711009,453753
710089,453753
710977,453753
710892,453753
710986,453753
710986,453753
710938,453753
711028,453753
710860,453753
710882,453753
710886,453753
710809,453753
710804,453753
710824,453753
710997,453753
711004,453753
711007,453753
710970,453753
711020,453753
710921,453753
710887,453753
710766,453753
710723,453753
710783,453753
710969,453753
710972,453753
710924,453753
710853,453753
710844,453753
711067,453753
710886,453753
710955,453753
710996,453753
710909,453753
710896,453753
710951,453753
710855,453753
710957,453753
710885,453753
710960,453753
710906,453753
710998,453753
710824,453753
710977,453753
710988,453753
711035,453753
710835,453753
710974,453753
710711,453753
710601,453753
710904,453753
710881,453753
710854,453753
710784,453753
710899,453753
710922,453753
710961,453753
710972,453753
711013,453753
711006,453753
711031,453753
710964,453753
710978,453753
710988,453753
710998,453753
711025,453753
711077,453753
711003,453753
710952,453753
710968,453753
711039,453753
711080,453753
711086,453753
711055,453753
711026,453753
711031,453753
711010,453753
710969,453753
710890,453753
710967,453753
710995,453753
710962,453753
711006,453753
710972,453753
710982,453753
710917,453753
710893,453753
710909,453753
710848,453753
709986,453753
710101,453753
710970,453753
710880,453753
711043,453753
711010,453753
711044,453753
711016,453753
710960,453753
711087,453753
711073,453753
710783,453753
710430,453753
710511,453753
710324,453753
710542,453753
710799,453753
710962,453753
710891,453753
710869,453753
711016,453753
710976,453753
710737,453753
710951,453753
710922,453753
710906,453753
711003,453753
710887,453753
710768,453753
710943,453753
710976,453753
711034,453753
711036,453753
710831,453753
710887,453753
710547,453753
710580,453753
710728,453753
710598,453753
711073,453753
711044,453753
710996,453753
710982,453753
710826,453753
711017,453753
711050,453753
711031,453753
711030,453753
711091,453753
710968,453753
710669,453753
710740,453753
711083,453753
711083,453753
711066,453753
710889,453753
710912,453753
710833,453753
710996,453753
710884,453753
711034,453753
711057,453753
710993,453753
710978,453753
710942,453753
710956,453753
710983,453753
711011,453753
710750,453753
710713,453753
710970,453753
710961,453753
710870,453753
710890,453753
710884,453753
710886,453753
710951,453753
710735,453753
710945,453753
711053,453753
710831,453753
710460,453753
710877,453753
710944,453753
710894,453753
710858,453753
710559,453753
711000,453753
710978,453753
710937,453753
710610,453753
710934,453753
710880,453753
710851,453753
710824,453753
711019,453753
711018,453753
710897,453753
710727,453753
710900,453753
710930,453753
710987,453753
710921,453753
710878,453753
710990,453753
711040,453753
710953,453753
710974,453753
711034,453753
711050,453753
711060,453753
711081,453753
711026,453753
711072,453753
711026,453753
710961,453753
710956,453753
711051,453753
711025,453753
711054,453753
711013,453753
711123,453753
710940,453753
711020,453753
711017,453753
710969,453753
710996,453753
710961,453753
711042,453753
711033,453753
710963,453753
710811,453753
710553,453753
710353,453753
710833,453753
710962,453753
710826,453753
710884,453753
710893,453753
710945,453753
711033,453753
710922,453753
710983,453753
710890,453753
710788,453753
710848,453753
710907,453753
710926,453753
710806,453753
710443,453753
710881,453753
710959,453753
710966,453753
710952,453753
711011,453753
710830,453753
710968,453753
711028,453753
710812,453753
710668,453753
710894,453753
710534,453753
710461,453753
710962,453753
710863,453753
711017,453753
710907,453753
710904,453753
709908,453753
710972,453753
710966,453753
711015,453753
711118,453753
711086,453753
711057,453753
711082,453753
711083,453753
710997,453753
710975,453753
711025,453753
711091,453753
711018,453753
711059,453753
710965,453753
711014,453753
710965,453753
711032,453753
710949,453753
711014,453753
710985,453753
710952,453753
710938,453753
710973,453753
710946,453753
710971,453753
710850,453753
710544,453753
710848,453753
710746,453753
710140,453753
710625,453753
710767,453753
710926,453753
710835,453753
710625,453753
710712,453753
710674,453753
710872,453753
711013,453753
710895,453753
710812,453753
710837,453753
710942,453753
710893,453753
710857,453753
710807,453753
710571,453753
710703,453753
710954,453753
710929,453753
710972,453753
710971,453753
710921,453753
711052,453753
710386,453753
710850,453753
710917,453753
710923,453753
711011,453753
711001,453753
711025,453753
710941,453753
710983,453753
711060,453753
711053,453753
711039,453753
710997,453753
710776,453753
710876,453753
710936,453753
710983,453753
710990,453753
710866,453753
711048,453753
710978,453753
711033,453753
711003,453753
710815,453753
710925,453753
710947,453753
711019,453753
710642,453753
710956,453753
710984,453753
710962,453753
711001,453753
710871,453753
710887,453753
710830,453753
710877,453753
710739,453753
710057,453753
710890,453753
710974,453753
710992,453753
711045,453753
711039,453753
710850,453753
710790,453753
710936,453753
710974,453753
710741,453753
710813,453753
711043,453753
710953,453753
710969,453753
710979,453753
710853,453753
710809,453753
710768,453753
710892,453753
711040,453753
710887,453753
711067,453753
711043,453753
710931,453753
711012,453753
711025,453753
710900,453753
711087,453753
711092,453753
711027,453753
710873,453753
710815,453753
710946,453753
710877,453753
711018,453753
711024,453753
710559,453753
709546,453753
709845,453753
710932,453753
710978,453753
710990,453753
710902,453753
710980,453753
710810,453753
711025,453753
710994,453753
710999,453753
710881,453753
710929,453753
710950,453753
710449,453753
710774,453753
710927,453753
710904,453753
711007,453753
710916,453753
710912,453753
711004,453753
711039,453753
710890,453753
710859,453753
710953,453753
710783,453753
710883,453753
710950,453753
711049,453753
710869,453753
710884,453753
710895,453753
710723,453753
710762,453753
711028,453753
710985,453753
711025,453753
711042,453753
711062,453753
710942,453753
711028,453753
711011,453753
710975,453753
711035,453753
711030,453753
710962,453753
710933,453753
711029,453753
711062,453753
710981,453753
711018,453753
711048,453753
711020,453753
710984,453753
710937,453753
711047,453753
710886,453753
711041,453753
710737,453753
710929,453753
710690,453753
710510,453753
710987,453753
710867,453753
710952,453753
711039,453753
710949,453753
710969,453753
711012,453753
710988,453753
711019,453753
711046,453753
710826,453753
710748,453753
710963,453753
710921,453753
710941,453753
711033,453753
710974,453753
710822,453753
710999,453753
710952,453753
711018,453753
710941,453753
710885,453753
711031,453753
710972,453753
711059,453753
710993,453753
711093,453753
710936,453753
710919,453753
711018,453753
711032,453753
711012,453753
710986,453753
711019,453753
711006,453753
711024,453753
710998,453753
711059,453753
710867,453753
710876,453753
710964,453753
710989,453753
711031,453753
710900,453753
710710,453753
710487,453753
710875,453753
710958,453753
711008,453753
710835,453753
710934,453753
710812,453753
710882,453753
710885,453753
710987,453753
710881,453753
709673,453753
711018,453753
711050,453753
710883,453753
710972,453753
710864,453753
710890,453753
710944,453753
710862,453753
710695,453753
710906,453753
710915,453753
711020,453753
711012,453753
711067,453753
710962,453753
711003,453753
710966,453753
711047,453753
711004,453753
711085,453753
710990,453753
710940,453753
710392,453753
711037,453753
710717,453753
710567,453753
710859,453753
710849,453753
711043,453753
710926,453753
710991,453753
711097,453753
711060,453753
711013,453753
710816,453753
710848,453753
710979,453753
711037,453753
710962,453753
710924,453753
710978,453753
708541,453753
704726,453753
709685,453753
710817,453753
710781,453753
710718,453753
711006,453753
710823,453753
710969,453753
711048,453753
710898,453753
710340,453753
710739,453753
710722,453753
710941,453753
711034,453753
710913,453753
710811,453753
710848,453753
710885,453753
710900,453753
710971,453753
710969,453753
710982,453753
711108,453753
711021,453753
710828,453753
711080,453753
711030,453753
711036,453753
711075,453753
710978,453753
710992,453753
711046,453753
711090,453753
711044,453753
710906,453753
711016,453753
710982,453753
710977,453753
710930,453753
710973,453753
711045,453753
710964,453753
710953,453753
710772,453753
710160,453753
710839,453753
710906,453753
710714,453753
710856,453753
710910,453753
710897,453753
710886,453753
710929,453753
711023,453753
710967,453753
710916,453753
710999,453753
710956,453753
710737,453753
710775,453753
711007,453753
710941,453753
710851,453753
711000,453753
710976,453753
710993,453753
711001,453753
710894,453753
710858,453753
711056,453753
711059,453753
710883,453753
710735,453753
711078,453753
711120,453753
711091,453753
711062,453753
710932,453753
710809,453753
711093,453753
710971,453753
710999,453753
711045,453753
711065,453753
711044,453753
711023,453753
711005,453753
710996,453753
710979,453753
711044,453753
710915,453753
710884,453753
710702,453753
710912,453753
710878,453753
710830,453753
710918,453753
711093,453753
710949,453753
710957,453753
710911,453753
710804,453753
710898,453753
711026,453753
710941,453753
710991,453753
711008,453753
711013,453753
711113,453753
711096,453753
711072,453753
710939,453753
711049,453753
710941,453753
711058,453753
711048,453753
711006,453753
711041,453753
711048,453753
711098,453753
710958,453753
710847,453753
710825,453753
710786,453753
710926,453753
710992,453753
710488,453753
711005,453753
710877,453753
710908,453753
710907,453753
710916,453753
710848,453753
710981,453753
710901,453753
710955,453753
710960,453753
710968,453753
711039,453753
711019,453753
710955,453753
711104,453753
711050,453753
711047,453753
710998,453753
710914,453753
710958,453753
711102,453753
711089,453753
711015,453753
711103,453753
711054,453753
710964,453753
710727,453753
710966,453753
710762,453753
711006,453753
710968,453753
711021,453753
710978,453753
710885,453753
710997,453753
711052,453753
710600,453753
710773,453753
710818,453753
710973,453753
710450,453753
710979,453753
710975,453753
711069,453753
711128,453753
711054,453753
711088,453753
711071,453753
710983,453753
711049,453753
710877,453753
710902,453753
711115,453753
711030,453753
711034,453753
710996,453753
711011,453753
711051,453753
711057,453753
710944,453753
711036,453753
711070,453753
710831,453753
710797,453753
711074,453753
710952,453753
711041,453753
710979,453753
710937,453753
710959,453753
710982,453753
710579,453753
710699,453753
710868,453753
710946,453753
711025,453753
711054,453753
710980,453753
711019,453753
711020,453753
711072,453753
711064,453753
710926,453753
710719,453753
711035,453753
711053,453753
710953,453753
710895,453753
711083,453753
711078,453753
711103,453753
711029,453753
710852,453753
710852,453753
710830,453753
711087,453753
710990,453753
710898,453753
710604,453753
710659,453753
710312,453753
711022,453753
710942,453753
711119,453753
710777,453753
710990,453753
711049,453753
711062,453753
711046,453753
711088,453753
711016,453753
711083,453753
710956,453753
710974,453753
710887,453753
710954,453753
711126,453753
711122,453753
711133,453753
711033,453753
711060,453753
711019,453753
710889,453753
710987,453753
711003,453753
710972,453753
710966,453753
710906,453753
710980,453753
710849,453753
710884,453753
710983,453753
710925,453753
710764,453753
710963,453753
711004,453753
711061,453753
710967,453753
710973,453753
711064,453753
711007,453753
711083,453753
711018,453753
711048,453753
711045,453753
711002,453753
711060,453753
711082,453753
711039,453753
710963,453753
710860,453753
710371,453753
710910,453753
710938,453753
710978,453753
710772,453753
710400,453753
710866,453753
711018,453753
710917,453753
710613,453753
710782,453753
710754,453753
710192,453753
710907,453753
711007,453753
711036,453753
710928,453753
711102,453753
710341,453753
710691,453753
710857,453753
710902,453753
711076,453753
710938,453753
711087,453753
711071,453753
711082,453753
711015,453753
711001,453753
711055,453753
710974,453753
710957,453753
710886,453753
710634,453753
710458,453753
710928,453753
711020,453753
711011,453753
710899,453753
710975,453753
711002,453753
711063,453753
711078,453753
711044,453753
711079,453753
711092,453753
711027,453753
710933,453753
711082,453753
711103,453753
711048,453753
710985,453753
711047,453753
710999,453753
710973,453753
710975,453753
710979,453753
710987,453753
711058,453753
711100,453753
710985,453753
710908,453753
710736,453753
711042,453753
711045,453753
711026,453753
711081,453753
711015,453753
710662,453753
710965,453753
711067,453753
711030,453753
710672,453753
710761,453753
711085,453753
711054,453753
711067,453753
711146,453546
