TRACE,NSNPS_JACKKNIFE
711003,453753
710984,453753
710910,453753
710924,453753
710891,453753
710956,453753
710831,453753
710794,453753
710890,453753
710837,453753
710904,453753
710757,453753
710976,453753
710888,453753
710937,453753
710927,453753
710855,453753
710560,453753
710597,453753
710742,453753
710937,453753
710961,453753
710874,453753
710907,453753
710956,453753
710891,453753
710770,453753
710744,453753
710875,453753
710864,453753
710847,453753
710879,453753
710876,453753
710827,453753
710899,453753
710920,453753
710843,453753
710807,453753
710876,453753
710936,453753
710936,453753
710904,453753
710842,453753
710614,453753
710775,453753
710798,453753
710899,453753
710897,453753
710962,453753
710953,453753
710939,453753
710675,453753
710768,453753
710800,453753
710674,453753
710855,453753
710850,453753
710628,453753
710748,453753
710677,453753
710884,453753
710951,453753
710933,453753
710900,453753
710854,453753
710914,453753
710874,453753
710777,453753
710850,453753
710792,453753
710535,453753
710900,453753
710920,453753
711007,453753
710941,453753
710935,453753
711003,453753
710911,453753
710958,453753
710894,453753
710677,453753
710931,453753
710971,453753
711012,453753
710987,453753
710943,453753
710974,453753
710977,453753
710899,453753
710929,453753
710708,453753
710664,453753
710900,453753
710095,453753
710911,453753
710818,453753
710874,453753
710865,453753
710890,453753
710957,453753
710768,453753
710812,453753
710765,453753
710707,453753
710759,453753
710748,453753
710903,453753
710889,453753
710910,453753
710866,453753
710913,453753
710872,453753
710769,453753
710621,453753
710613,453753
710707,453753
710920,453753
710856,453753
710788,453753
710698,453753
710765,453753
710948,453753
710812,453753
710868,453753
710931,453753
710860,453753
710825,453753
710864,453753
710756,453753
710843,453753
710766,453753
710871,453753
710787,453753
710863,453753
710685,453753
710876,453753
710913,453753
710924,453753
710729,453753
710884,453753
710506,453753
710467,453753
710824,453753
710745,453753
710765,453753
710664,453753
710839,453753
710857,453753
710909,453753
710919,453753
710852,453753
710898,453753
710952,453753
710897,453753
710877,453753
710892,453753
710922,453753
710911,453753
710994,453753
710899,453753
710870,453753
710853,453753
710932,453753
711001,453753
710990,453753
710996,453753
710954,453753
710922,453753
710915,453753
710881,453753
710768,453753
710885,453753
710938,453753
710857,453753
710931,453753
710887,453753
710894,453753
710805,453753
710787,453753
710838,453753
710759,453753
709868,453753
709891,453753
710852,453753
710747,453753
710952,453753
710928,453753
710966,453753
710951,453753
710908,453753
711005,453753
710981,453753
710690,453753
710302,453753
710371,453753
710251,453753
710513,453753
710737,453753
710888,453753
710796,453753
710785,453753
710953,453753
710902,453753
710607,453753
710864,453753
710886,453753
710812,453753
710893,453753
710767,453753
710669,453753
710846,453753
710895,453753
710937,453753
710930,453753
710780,453753
710808,453753
710549,453753
710522,453753
710670,453753
710638,453753
710989,453753
710957,453753
710920,453753
710938,453753
710812,453753
710953,453753
710993,453753
710913,453753
710969,453753
710977,453753
710849,453753
710697,453753
710727,453753
711015,453753
710987,453753
710974,453753
710823,453753
710832,453753
710788,453753
710882,453753
710797,453753
710946,453753
710987,453753
710876,453753
710869,453753
710870,453753
710878,453753
710873,453753
710916,453753
710662,453753
710633,453753
710897,453753
710883,453753
710786,453753
710783,453753
710771,453753
710834,453753
710874,453753
710589,453753
710862,453753
710942,453753
710756,453753
710392,453753
710779,453753
710838,453753
710806,453753
710758,453753
710325,453753
710897,453753
710865,453753
710823,453753
710518,453753
710814,453753
710793,453753
710757,453753
710721,453753
710937,453753
710903,453753
710819,453753
710688,453753
710823,453753
710795,453753
710921,453753
710895,453753
710777,453753
710905,453753
710932,453753
710858,453753
710873,453753
710965,453753
710970,453753
710963,453753
710975,453753
710948,453753
710976,453753
710963,453753
710865,453753
710853,453753
710973,453753
710931,453753
710966,453753
710929,453753
711024,453753
710864,453753
710946,453753
710941,453753
710904,453753
710927,453753
710888,453753
710977,453753
710925,453753
710880,453753
710699,453753
710372,453753
710149,453753
710737,453753
710868,453753
710723,453753
710797,453753
710824,453753
710877,453753
710906,453753
710872,453753
710861,453753
710788,453753
710709,453753
710787,453753
710817,453753
710818,453753
710773,453753
710212,453753
710809,453753
710862,453753
710891,453753
710853,453753
710914,453753
710771,453753
710852,453753
710935,453753
710730,453753
710709,453753
710844,453753
710482,453753
710420,453753
710858,453753
710753,453753
710894,453753
710718,453753
710816,453753
709915,453753
710853,453753
710879,453753
710913,453753
711011,453753
711007,453753
710958,453753
710992,453753
711004,453753
710918,453753
710867,453753
710941,453753
710976,453753
710922,453753
710953,453753
710871,453753
710927,453753
710856,453753
710946,453753
710847,453753
710914,453753
710907,453753
710829,453753
710860,453753
710905,453753
710852,453753
710865,453753
710721,453753
710431,453753
710744,453753
710669,453753
710102,453753
710535,453753
710693,453753
710862,453753
710748,453753
710611,453753
710637,453753
710554,453753
710791,453753
710896,453753
710842,453753
710703,453753
710797,453753
710863,453753
710791,453753
710743,453753
710747,453753
710512,453753
710620,453753
710878,453753
710885,453753
710923,453753
710917,453753
710853,453753
710980,453753
710336,453753
710814,453753
710837,453753
710829,453753
710933,453753
710905,453753
710961,453753
710877,453753
710918,453753
711004,453753
710973,453753
710936,453753
710896,453753
710677,453753
710749,453753
710864,453753
710911,453753
710904,453753
710786,453753
710958,453753
710925,453753
710930,453753
710887,453753
710766,453753
710873,453753
710855,453753
710930,453753
710494,453753
710844,453753
710900,453753
710912,453753
710875,453753
710816,453753
710836,453753
710767,453753
710792,453753
710637,453753
709950,453753
710781,453753
710826,453753
710882,453753
710948,453753
710956,453753
710739,453753
710699,453753
710834,453753
710866,453753
710652,453753
710712,453753
710945,453753
710853,453753
710915,453753
710879,453753
710758,453753
710691,453753
710717,453753
710821,453753
710961,453753
710810,453753
710990,453753
710958,453753
710834,453753
710884,453753
710946,453753
710866,453753
710992,453753
711020,453753
710976,453753
710798,453753
710758,453753
710861,453753
710809,453753
710918,453753
710959,453753
710468,453753
709601,453753
709772,453753
710824,453753
710883,453753
710920,453753
710849,453753
710888,453753
710677,453753
710932,453753
710908,453753
710922,453753
710706,453753
710843,453753
710854,453753
710309,453753
710722,453753
710841,453753
710851,453753
710904,453753
710778,453753
710858,453753
710951,453753
710956,453753
710842,453753
710803,453753
710848,453753
710734,453753
710787,453753
710879,453753
710949,453753
710840,453753
710857,453753
710811,453753
710546,453753
710670,453753
710892,453753
710909,453753
710982,453753
710971,453753
710966,453753
710832,453753
710943,453753
710931,453753
710927,453753
710966,453753
710923,453753
710866,453753
710879,453753
710969,453753
710984,453753
710891,453753
710936,453753
710990,453753
710938,453753
710924,453753
710794,453753
710935,453753
710791,453753
710950,453753
710675,453753
710824,453753
710628,453753
710451,453753
710904,453753
710792,453753
710862,453753
710953,453753
710854,453753
710834,453753
710898,453753
710893,453753
710938,453753
710935,453753
710740,453753
710635,453753
710867,453753
710812,453753
710813,453753
710943,453753
710872,453753
710758,453753
710897,453753
710829,453753
710933,453753
710861,453753
710783,453753
710899,453753
710876,453753
710965,453753
710907,453753
710992,453753
710849,453753
710834,453753
710920,453753
710942,453753
710937,453753
710903,453753
710929,453753
710909,453753
710917,453753
710951,453753
710955,453753
710796,453753
710822,453753
710882,453753
710889,453753
710913,453753
710787,453753
710555,453753
710255,453753
710768,453753
710854,453753
710941,453753
710744,453753
710867,453753
710756,453753
710844,453753
710818,453753
710919,453753
710793,453753
709616,453753
710920,453753
710955,453753
710825,453753
710886,453753
710797,453753
710777,453753
710852,453753
710774,453753
710530,453753
710848,453753
710879,453753
710933,453753
710882,453753
710980,453753
710894,453753
710914,453753
710900,453753
710947,453753
710940,453753
711033,453753
710923,453753
710816,453753
710258,453753
710940,453753
710604,453753
710464,453753
710807,453753
710738,453753
710974,453753
710833,453753
710905,453753
711003,453753
710982,453753
710934,453753
710803,453753
710813,453753
710850,453753
710942,453753
710866,453753
710829,453753
710871,453753
708235,453753
704682,453753
709545,453753
710665,453753
710738,453753
710679,453753
710917,453753
710741,453753
710864,453753
710949,453753
710793,453753
710089,453753
710700,453753
710712,453753
710811,453753
710952,453753
710857,453753
710706,453753
710703,453753
710789,453753
710822,453753
710889,453753
710916,453753
710939,453753
711000,453753
710928,453753
710734,453753
710976,453753
710950,453753
710976,453753
710970,453753
710893,453753
710908,453753
710967,453753
711015,453753
710955,453753
710838,453753
710928,453753
710914,453753
710843,453753
710882,453753
710865,453753
710955,453753
710875,453753
710859,453753
710568,453753
709971,453753
710759,453753
710854,453753
710553,453753
710758,453753
710783,453753
710780,453753
710773,453753
710867,453753
710960,453753
710868,453753
710823,453753
710916,453753
710864,453753
710666,453753
710685,453753
710915,453753
710854,453753
710758,453753
710916,453753
710896,453753
710883,453753
710912,453753
710776,453753
710793,453753
710966,453753
710988,453753
710768,453753
710602,453753
710994,453753
711011,453753
710989,453753
710991,453753
710825,453753
710748,453753
711009,453753
710840,453753
710880,453753
710988,453753
710988,453753
710957,453753
710927,453753
710905,453753
710868,453753
710858,453753
710933,453753
710807,453753
710797,453753
710601,453753
710734,453753
710781,453753
710723,453753
710853,453753
710990,453753
710885,453753
710856,453753
710815,453753
710724,453753
710826,453753
710922,453753
710870,453753
710905,453753
710933,453753
710928,453753
711025,453753
710990,453753
710980,453753
710898,453753
710927,453753
710848,453753
710942,453753
710975,453753
710941,453753
710917,453753
710958,453753
711007,453753
710903,453753
710766,453753
710732,453753
710666,453753
710841,453753
710876,453753
710409,453753
710886,453753
710808,453753
710827,453753
710834,453753
710801,453753
710749,453753
710904,453753
710818,453753
710840,453753
710882,453753
710885,453753
710949,453753
710907,453753
710849,453753
711015,453753
710940,453753
710948,453753
710947,453753
710833,453753
710930,453753
711029,453753
710988,453753
710908,453753
711027,453753
710964,453753
710879,453753
710649,453753
710909,453753
710672,453753
710883,453753
710881,453753
710947,453753
710898,453753
710818,453753
710902,453753
710979,453753
710371,453753
710671,453753
710729,453753
710903,453753
710446,453753
710928,453753
710881,453753
710967,453753
711034,453753
710980,453753
710999,453753
710986,453753
710930,453753
710982,453753
710739,453753
710799,453753
711003,453753
710943,453753
710949,453753
710882,453753
710939,453753
710977,453753
710982,453753
710896,453753
710897,453753
710956,453753
710788,453753
710661,453753
710973,453753
710919,453753
710959,453753
710837,453753
710860,453753
710906,453753
710862,453753
710464,453753
710632,453753
710744,453753
710841,453753
710933,453753
710971,453753
710869,453753
710914,453753
710951,453753
710971,453753
710952,453753
710814,453753
710622,453753
710917,453753
710951,453753
710842,453753
710797,453753
710994,453753
711016,453753
711000,453753
710927,453753
710771,453753
710768,453753
710769,453753
710993,453753
710915,453753
710798,453753
710578,453753
710593,453753
710299,453753
710954,453753
710843,453753
711005,453753
710729,453753
710895,453753
710943,453753
710929,453753
710962,453753
710995,453753
710944,453753
710983,453753
710912,453753
710915,453753
710786,453753
710865,453753
711021,453753
711052,453753
711045,453753
710940,453753
710997,453753
710930,453753
710825,453753
710937,453753
710943,453753
710908,453753
710854,453753
710829,453753
710859,453753
710725,453753
710795,453753
710898,453753
710870,453753
710643,453753
710905,453753
710948,453753
710945,453753
710881,453753
710905,453753
710964,453753
710940,453753
710984,453753
710928,453753
710973,453753
710955,453753
710892,453753
710964,453753
711023,453753
710952,453753
710881,453753
710751,453753
710158,453753
710830,453753
710842,453753
710863,453753
710662,453753
710379,453753
710771,453753
710902,453753
710867,453753
710582,453753
710735,453753
710762,453753
710162,453753
710804,453753
710918,453753
710957,453753
710801,453753
710984,453753
710105,453753
710570,453753
710785,453753
710842,453753
710966,453753
710839,453753
710991,453753
710995,453753
710991,453753
710938,453753
710927,453753
710965,453753
710887,453753
710854,453753
710793,453753
710564,453753
710422,453753
710855,453753
710915,453753
710928,453753
710814,453753
710859,453753
710940,453753
710934,453753
710976,453753
710964,453753
711012,453753
710985,453753
710962,453753
710850,453753
711019,453753
710992,453753
710970,453753
710922,453753
710965,453753
710931,453753
710840,453753
710847,453753
710886,453753
710878,453753
710951,453753
711004,453753
710904,453753
710828,453753
710746,453753
710962,453753
710940,453753
710920,453753
710977,453753
710906,453753
710601,453753
710875,453753
710958,453753
710910,453753
710556,453753
710688,453753
710999,453753
710950,453753
710976,453753
711055,453546
