TRACE,NSNPS_JACKKNIFE
710353,453753
710318,453753
710227,453753
710264,453753
710232,453753
710308,453753
710183,453753
710203,453753
710239,453753
710182,453753
710230,453753
710069,453753
710315,453753
710190,453753
710295,453753
710237,453753
710138,453753
709824,453753
709924,453753
710106,453753
710250,453753
710288,453753
710197,453753
710256,453753
710293,453753
710272,453753
710114,453753
710067,453753
710231,453753
710190,453753
710173,453753
710191,453753
710223,453753
710128,453753
710210,453753
710258,453753
710206,453753
710183,453753
710238,453753
710270,453753
710295,453753
710270,453753
710183,453753
710019,453753
710021,453753
710203,453753
710242,453753
710228,453753
710273,453753
710278,453753
710311,453753
710003,453753
710146,453753
710144,453753
710037,453753
710223,453753
710208,453753
709981,453753
710115,453753
710110,453753
710237,453753
710314,453753
710290,453753
710231,453753
710171,453753
710227,453753
710202,453753
710110,453753
710148,453753
710128,453753
709845,453753
710227,453753
710249,453753
710329,453753
710285,453753
710298,453753
710350,453753
710255,453753
710330,453753
710237,453753
710057,453753
710251,453753
710319,453753
710355,453753
710335,453753
710286,453753
710320,453753
710360,453753
710265,453753
710242,453753
710062,453753
710034,453753
710273,453753
709343,453753
710217,453753
710128,453753
710223,453753
710214,453753
710197,453753
710278,453753
710092,453753
710159,453753
710109,453753
710004,453753
710102,453753
710113,453753
710218,453753
710243,453753
710240,453753
710214,453753
710246,453753
710189,453753
710117,453753
709983,453753
710000,453753
710036,453753
710240,453753
710200,453753
710111,453753
710034,453753
710067,453753
710327,453753
710148,453753
710182,453753
710252,453753
710206,453753
710123,453753
710172,453753
710113,453753
710210,453753
710101,453753
710188,453753
710128,453753
710200,453753
710076,453753
710250,453753
710267,453753
710255,453753
710049,453753
710231,453753
709865,453753
709788,453753
710170,453753
710115,453753
710092,453753
710068,453753
710146,453753
710153,453753
710246,453753
710240,453753
710191,453753
710281,453753
710263,453753
710245,453753
710247,453753
710247,453753
710256,453753
710288,453753
710300,453753
710228,453753
710178,453753
710221,453753
710258,453753
710351,453753
710349,453753
710299,453753
710273,453753
710267,453753
710239,453753
710230,453753
710116,453753
710250,453753
710253,453753
710217,453753
710290,453753
710157,453753
710213,453753
710127,453753
710143,453753
710179,453753
710113,453753
709191,453753
709352,453753
710222,453753
710142,453753
710325,453753
710257,453753
710311,453753
710262,453753
710245,453753
710341,453753
710315,453753
710019,453753
709686,453753
709752,453753
709631,453753
709926,453753
710061,453753
710213,453753
710176,453753
710176,453753
710271,453753
710236,453753
710003,453753
710176,453753
710200,453753
710158,453753
710225,453753
710150,453753
709994,453753
710216,453753
710244,453753
710272,453753
710296,453753
710126,453753
710129,453753
709805,453753
709796,453753
709985,453753
709847,453753
710330,453753
710290,453753
710254,453753
710260,453753
710132,453753
710254,453753
710313,453753
710306,453753
710292,453753
710308,453753
710158,453753
710041,453753
710057,453753
710324,453753
710342,453753
710307,453753
710188,453753
710179,453753
710083,453753
710227,453753
710127,453753
710278,453753
710332,453753
710260,453753
710231,453753
710220,453753
710224,453753
710231,453753
710258,453753
710009,453753
709963,453753
710222,453753
710222,453753
710128,453753
710126,453753
710124,453753
710157,453753
710214,453753
709939,453753
710200,453753
710305,453753
710096,453753
709732,453753
710131,453753
710182,453753
710112,453753
710100,453753
709717,453753
710262,453753
710227,453753
710139,453753
709841,453753
710168,453753
710120,453753
710109,453753
710070,453753
710267,453753
710245,453753
710133,453753
709951,453753
710192,453753
710117,453753
710239,453753
710217,453753
710141,453753
710247,453753
710275,453753
710156,453753
710230,453753
710282,453753
710349,453753
710301,453753
710318,453753
710273,453753
710320,453753
710278,453753
710216,453753
710236,453753
710335,453753
710276,453753
710297,453753
710289,453753
710365,453753
710221,453753
710295,453753
710269,453753
710276,453753
710233,453753
710223,453753
710300,453753
710302,453753
710207,453753
710035,453753
709756,453753
709645,453753
710105,453753
710198,453753
710061,453753
710115,453753
710198,453753
710219,453753
710269,453753
710224,453753
710188,453753
710167,453753
710049,453753
710118,453753
710190,453753
710160,453753
710054,453753
709789,453753
710155,453753
710183,453753
710213,453753
710194,453753
710215,453753
710088,453753
710227,453753
710263,453753
710046,453753
709919,453753
710202,453753
709742,453753
709721,453753
710213,453753
710086,453753
710256,453753
710139,453753
710206,453753
709561,453753
710214,453753
710237,453753
710254,453753
710354,453753
710342,453753
710309,453753
710345,453753
710325,453753
710272,453753
710272,453753
710310,453753
710338,453753
710265,453753
710307,453753
710220,453753
710278,453753
710224,453753
710264,453753
710189,453753
710242,453753
710261,453753
710192,453753
710212,453753
710228,453753
710196,453753
710200,453753
710095,453753
709701,453753
710057,453753
710008,453753
709396,453753
709819,453753
710049,453753
710176,453753
710053,453753
709931,453753
709961,453753
709940,453753
710097,453753
710217,453753
710214,453753
710080,453753
710117,453753
710182,453753
710149,453753
710102,453753
710106,453753
709827,453753
709972,453753
710251,453753
710185,453753
710250,453753
710228,453753
710224,453753
710328,453753
709725,453753
710159,453753
710171,453753
710186,453753
710274,453753
710248,453753
710310,453753
710210,453753
710280,453753
710319,453753
710319,453753
710278,453753
710236,453753
710085,453753
710152,453753
710186,453753
710211,453753
710254,453753
710129,453753
710266,453753
710220,453753
710232,453753
710259,453753
710112,453753
710189,453753
710184,453753
710297,453753
709885,453753
710205,453753
710236,453753
710238,453753
710240,453753
710165,453753
710124,453753
710152,453753
710130,453753
710029,453753
709325,453753
710052,453753
710178,453753
710251,453753
710302,453753
710280,453753
710124,453753
710046,453753
710189,453753
710248,453753
710033,453753
710114,453753
710265,453753
710160,453753
710210,453753
710222,453753
710102,453753
710054,453753
710028,453753
710149,453753
710316,453753
710157,453753
710344,453753
710308,453753
710183,453753
710224,453753
710275,453753
710178,453753
710346,453753
710373,453753
710283,453753
710164,453753
710078,453753
710180,453753
710167,453753
710224,453753
710266,453753
709799,453753
708716,453753
709055,453753
710189,453753
710221,453753
710231,453753
710139,453753
710222,453753
710004,453753
710284,453753
710267,453753
710254,453753
710061,453753
710193,453753
710179,453753
709703,453753
710082,453753
710207,453753
710176,453753
710197,453753
710137,453753
710177,453753
710265,453753
710333,453753
710159,453753
710077,453753
710173,453753
710086,453753
710083,453753
710182,453753
710286,453753
710200,453753
710157,453753
710144,453753
710048,453753
710000,453753
710247,453753
710210,453753
710275,453753
710317,453753
710333,453753
710194,453753
710267,453753
710281,453753
710273,453753
710300,453753
710275,453753
710222,453753
710207,453753
710308,453753
710332,453753
710229,453753
710274,453753
710291,453753
710279,453753
710244,453753
710157,453753
710291,453753
710118,453753
710288,453753
710078,453753
710172,453753
709960,453753
709812,453753
710237,453753
710123,453753
710204,453753
710289,453753
710222,453753
710212,453753
710287,453753
710254,453753
710304,453753
710257,453753
710106,453753
710045,453753
710195,453753
710169,453753
710168,453753
710289,453753
710225,453753
710146,453753
710257,453753
710162,453753
710278,453753
710171,453753
710127,453753
710248,453753
710233,453753
710300,453753
710283,453753
710355,453753
710188,453753
710161,453753
710277,453753
710283,453753
710226,453753
710240,453753
710251,453753
710308,453753
710244,453753
710279,453753
710304,453753
710099,453753
710121,453753
710230,453753
710264,453753
710306,453753
710159,453753
709947,453753
709629,453753
710072,453753
710171,453753
710256,453753
710077,453753
710160,453753
710078,453753
710145,453753
710164,453753
710275,453753
710131,453753
709232,453753
710268,453753
710296,453753
710186,453753
710237,453753
710108,453753
710169,453753
710206,453753
710113,453753
709892,453753
710181,453753
710200,453753
710290,453753
710253,453753
710318,453753
710225,453753
710262,453753
710203,453753
710289,453753
710228,453753
710360,453753
710220,453753
710162,453753
709635,453753
710283,453753
709995,453753
709808,453753
710121,453753
710066,453753
710328,453753
710191,453753
710221,453753
710339,453753
710301,453753
710275,453753
710095,453753
710147,453753
710242,453753
710291,453753
710202,453753
710176,453753
710174,453753
707499,453753
703553,453753
709013,453753
710113,453753
710043,453753
709966,453753
710258,453753
710093,453753
710205,453753
710281,453753
710133,453753
709515,453753
710039,453753
710077,453753
710162,453753
710291,453753
710161,453753
710099,453753
710056,453753
710150,453753
710148,453753
710235,453753
710258,453753
710258,453753
710349,453753
710252,453753
710100,453753
710329,453753
710271,453753
710300,453753
710317,453753
710215,453753
710258,453753
710306,453753
710325,453753
710275,453753
710176,453753
710286,453753
710255,453753
710238,453753
710191,453753
710230,453753
710296,453753
710198,453753
710194,453753
709962,453753
709285,453753
710095,453753
710199,453753
709929,453753
710056,453753
710103,453753
710154,453753
710119,453753
710189,453753
710319,453753
710243,453753
710152,453753
710279,453753
710175,453753
709970,453753
709966,453753
710242,453753
710164,453753
710076,453753
710211,453753
710194,453753
710225,453753
710255,453753
710114,453753
710116,453753
710299,453753
710297,453753
710146,453753
710002,453753
710340,453753
710369,453753
710328,453753
710340,453753
710218,453753
710108,453753
710344,453753
710235,453753
710246,453753
710314,453753
710324,453753
710311,453753
710259,453753
710275,453753
710227,453753
710237,453753
710296,453753
710156,453753
710112,453753
709936,453753
710130,453753
710120,453753
710099,453753
710185,453753
710329,453753
710231,453753
710239,453753
710170,453753
710082,453753
710186,453753
710249,453753
710210,453753
710268,453753
710281,453753
710264,453753
710388,453753
710328,453753
710326,453753
710212,453753
710289,453753
710206,453753
710267,453753
710311,453753
710268,453753
710231,453753
710295,453753
710338,453753
710200,453753
710119,453753
710053,453753
710080,453753
710177,453753
710203,453753
709917,453753
710274,453753
710148,453753
710142,453753
710129,453753
710124,453753
710091,453753
710240,453753
710169,453753
710228,453753
710229,453753
710237,453753
710299,453753
710264,453753
710231,453753
710346,453753
710277,453753
710311,453753
710278,453753
710158,453753
710243,453753
710384,453753
710329,453753
710263,453753
710346,453753
710305,453753
710226,453753
709997,453753
710241,453753
710030,453753
710212,453753
710241,453753
710300,453753
710210,453753
710147,453753
710247,453753
710289,453753
709858,453753
709998,453753
710121,453753
710229,453753
709819,453753
710226,453753
710211,453753
710296,453753
710345,453753
710295,453753
710332,453753
710315,453753
710232,453753
710301,453753
710107,453753
710157,453753
710358,453753
710295,453753
710308,453753
710238,453753
710301,453753
710281,453753
710332,453753
710205,453753
710243,453753
710312,453753
710118,453753
710048,453753
710322,453753
710252,453753
710252,453753
710187,453753
710191,453753
710252,453753
710213,453753
709881,453753
709976,453753
710128,453753
710195,453753
710283,453753
710317,453753
710215,453753
710257,453753
710266,453753
710322,453753
710319,453753
710167,453753
709906,453753
710249,453753
710299,453753
710174,453753
710109,453753
710336,453753
710342,453753
710371,453753
710265,453753
710114,453753
710063,453753
710028,453753
710355,453753
710239,453753
710148,453753
709893,453753
709978,453753
709512,453753
710285,453753
710188,453753
710351,453753
709997,453753
710232,453753
710290,453753
710303,453753
710333,453753
710325,453753
710293,453753
710309,453753
710255,453753
710282,453753
710148,453753
710232,453753
710354,453753
710369,453753
710388,453753
710296,453753
710330,453753
710255,453753
710186,453753
710253,453753
710248,453753
710220,453753
710208,453753
710168,453753
710181,453753
710093,453753
710123,453753
710214,453753
710217,453753
710002,453753
710216,453753
710302,453753
710273,453753
710231,453753
710233,453753
710313,453753
710271,453753
710319,453753
710279,453753
710319,453753
710291,453753
710221,453753
710302,453753
710326,453753
710267,453753
710231,453753
710096,453753
709593,453753
710163,453753
710174,453753
710244,453753
710049,453753
709701,453753
710133,453753
710249,453753
710218,453753
709923,453753
710047,453753
710070,453753
709643,453753
710126,453753
710266,453753
710277,453753
710127,453753
710332,453753
709634,453753
709915,453753
710138,453753
710166,453753
710319,453753
710168,453753
710348,453753
710362,453753
710315,453753
710299,453753
710239,453753
710318,453753
710236,453753
710216,453753
710170,453753
709884,453753
709837,453753
710209,453753
710233,453753
710265,453753
710141,453753
710204,453753
710283,453753
710286,453753
710301,453753
710345,453753
710334,453753
710349,453753
710309,453753
710183,453753
710357,453753
710335,453753
710293,453753
710243,453753
710330,453753
710241,453753
710217,453753
710222,453753
710240,453753
710229,453753
710284,453753
710350,453753
710250,453753
710201,453753
710090,453753
710297,453753
710310,453753
710266,453753
710323,453753
710250,453753
709926,453753
710200,453753
710320,453753
710292,453753
709927,453753
709979,453753
710328,453753
710274,453753
710337,453753
710411,453546
