TRACE,NSNPS_JACKKNIFE
709043,453753
709008,453753
708978,453753
708956,453753
708916,453753
709001,453753
708871,453753
708890,453753
708958,453753
708874,453753
708929,453753
708785,453753
709015,453753
708890,453753
708978,453753
708937,453753
708828,453753
708582,453753
708651,453753
708806,453753
708958,453753
708992,453753
708897,453753
708969,453753
709004,453753
708963,453753
708812,453753
708801,453753
708929,453753
708917,453753
708907,453753
708819,453753
708887,453753
708831,453753
708889,453753
708921,453753
708874,453753
708835,453753
708976,453753
708947,453753
708971,453753
708961,453753
708867,453753
708651,453753
708738,453753
708867,453753
708920,453753
708916,453753
709011,453753
708985,453753
709002,453753
708753,453753
708810,453753
708807,453753
708745,453753
708906,453753
708921,453753
708694,453753
708845,453753
708775,453753
708943,453753
709014,453753
708972,453753
708962,453753
708903,453753
708922,453753
708904,453753
708830,453753
708864,453753
708839,453753
708584,453753
708934,453753
708965,453753
709033,453753
709018,453753
708985,453753
709039,453753
708974,453753
709028,453753
708924,453753
708761,453753
708968,453753
709004,453753
709056,453753
709050,453753
708989,453753
709007,453753
709031,453753
708962,453753
708960,453753
708717,453753
708732,453753
708949,453753
708129,453753
708935,453753
708834,453753
708934,453753
708930,453753
708897,453753
708968,453753
708831,453753
708866,453753
708809,453753
708701,453753
708845,453753
708803,453753
708934,453753
708957,453753
708940,453753
708900,453753
708954,453753
708891,453753
708806,453753
708656,453753
708670,453753
708691,453753
708908,453753
708873,453753
708837,453753
708765,453753
708820,453753
709025,453753
708856,453753
708905,453753
708951,453753
708875,453753
708821,453753
708885,453753
708781,453753
708874,453753
708857,453753
708901,453753
708839,453753
708929,453753
708785,453753
708915,453753
708972,453753
708952,453753
708745,453753
708919,453753
708630,453753
708505,453753
708852,453753
708771,453753
708737,453753
708768,453753
708860,453753
708845,453753
708938,453753
708932,453753
708941,453753
708981,453753
708971,453753
708915,453753
708953,453753
708960,453753
708961,453753
708975,453753
709002,453753
708948,453753
708865,453753
708889,453753
708978,453753
709036,453753
709016,453753
709032,453753
708961,453753
708956,453753
708951,453753
708909,453753
708832,453753
708941,453753
708943,453753
708929,453753
708952,453753
708901,453753
708920,453753
708861,453753
708809,453753
708828,453753
708764,453753
707879,453753
707986,453753
708898,453753
708797,453753
709006,453753
708984,453753
709001,453753
708951,453753
708953,453753
709020,453753
708994,453753
708727,453753
708404,453753
708502,453753
708335,453753
708578,453753
708790,453753
708912,453753
708876,453753
708870,453753
708969,453753
708897,453753
708661,453753
708913,453753
708885,453753
708852,453753
708934,453753
708831,453753
708687,453753
708896,453753
708916,453753
708947,453753
708968,453753
708831,453753
708859,453753
708573,453753
708602,453753
708711,453753
708602,453753
709039,453753
708994,453753
708943,453753
708969,453753
708757,453753
708960,453753
708999,453753
708965,453753
709040,453753
709025,453753
708899,453753
708727,453753
708744,453753
709036,453753
709038,453753
708987,453753
708875,453753
708912,453753
708776,453753
708948,453753
708806,453753
708967,453753
709019,453753
708939,453753
708911,453753
708922,453753
708930,453753
708917,453753
708957,453753
708777,453753
708685,453753
708952,453753
708905,453753
708833,453753
708850,453753
708805,453753
708858,453753
708887,453753
708627,453753
708901,453753
708964,453753
708778,453753
708487,453753
708820,453753
708862,453753
708801,453753
708818,453753
708382,453753
708942,453753
708905,453753
708847,453753
708545,453753
708844,453753
708822,453753
708786,453753
708767,453753
708986,453753
708959,453753
708858,453753
708653,453753
708860,453753
708854,453753
708939,453753
708908,453753
708821,453753
708930,453753
708975,453753
708897,453753
708949,453753
709008,453753
709029,453753
709016,453753
709013,453753
709003,453753
708991,453753
708979,453753
708929,453753
708910,453753
709040,453753
708977,453753
709025,453753
708975,453753
709064,453753
708923,453753
708962,453753
709008,453753
708928,453753
708953,453753
708883,453753
709000,453753
708975,453753
708875,453753
708711,453753
708416,453753
708292,453753
708791,453753
708908,453753
708803,453753
708823,453753
708880,453753
708931,453753
708950,453753
708896,453753
708914,453753
708829,453753
708796,453753
708828,453753
708851,453753
708876,453753
708748,453753
708379,453753
708840,453753
708907,453753
708935,453753
708882,453753
708938,453753
708789,453753
708898,453753
708952,453753
708757,453753
708692,453753
708897,453753
708478,453753
708346,453753
708929,453753
708760,453753
708946,453753
708811,453753
708860,453753
708062,453753
708926,453753
708943,453753
708909,453753
709036,453753
709025,453753
709027,453753
709044,453753
709039,453753
708954,453753
708950,453753
708981,453753
709058,453753
708965,453753
709004,453753
708907,453753
708977,453753
708943,453753
708984,453753
708881,453753
708976,453753
708957,453753
708881,453753
708907,453753
708930,453753
708882,453753
708898,453753
708749,453753
708423,453753
708708,453753
708685,453753
708182,453753
708555,453753
708745,453753
708870,453753
708815,453753
708615,453753
708689,453753
708649,453753
708815,453753
708956,453753
708910,453753
708737,453753
708798,453753
708882,453753
708850,453753
708760,453753
708773,453753
708592,453753
708700,453753
708916,453753
708886,453753
708933,453753
708947,453753
708867,453753
709037,453753
708440,453753
708828,453753
708826,453753
708869,453753
708928,453753
708944,453753
708982,453753
708933,453753
708976,453753
709046,453753
709005,453753
708963,453753
708910,453753
708785,453753
708822,453753
708880,453753
708929,453753
708965,453753
708893,453753
708991,453753
708944,453753
708956,453753
708935,453753
708781,453753
708866,453753
708899,453753
708973,453753
708622,453753
708924,453753
708958,453753
708940,453753
708917,453753
708867,453753
708863,453753
708796,453753
708845,453753
708714,453753
707978,453753
708796,453753
708877,453753
708949,453753
709009,453753
708997,453753
708816,453753
708765,453753
708876,453753
708908,453753
708687,453753
708791,453753
708993,453753
708916,453753
708955,453753
708917,453753
708804,453753
708764,453753
708781,453753
708864,453753
709015,453753
708824,453753
709037,453753
709001,453753
708885,453753
708921,453753
708996,453753
708864,453753
709040,453753
709053,453753
709009,453753
708851,453753
708781,453753
708912,453753
708870,453753
708938,453753
708975,453753
708636,453753
707851,453753
708009,453753
708863,453753
708931,453753
708946,453753
708872,453753
708910,453753
708727,453753
708963,453753
708939,453753
708957,453753
708798,453753
708904,453753
708907,453753
708394,453753
708775,453753
708882,453753
708860,453753
708911,453753
708834,453753
708897,453753
708986,453753
708996,453753
708866,453753
708771,453753
708868,453753
708761,453753
708760,453753
708898,453753
709007,453753
708879,453753
708874,453753
708864,453753
708698,453753
708730,453753
708953,453753
708972,453753
708989,453753
708994,453753
709033,453753
708914,453753
708948,453753
708963,453753
708935,453753
708986,453753
708965,453753
708920,453753
708913,453753
709021,453753
709001,453753
708929,453753
708986,453753
709003,453753
708988,453753
708935,453753
708859,453753
708972,453753
708853,453753
708985,453753
708727,453753
708872,453753
708613,453753
708496,453753
708912,453753
708850,453753
708911,453753
709000,453753
708941,453753
708877,453753
708959,453753
708942,453753
708992,453753
708957,453753
708770,453753
708706,453753
708896,453753
708862,453753
708867,453753
708960,453753
708885,453753
708835,453753
708935,453753
708797,453753
708979,453753
708909,453753
708830,453753
708959,453753
708950,453753
708998,453753
708960,453753
709045,453753
708876,453753
708882,453753
708995,453753
708976,453753
708959,453753
708942,453753
708949,453753
708975,453753
708949,453753
708954,453753
708974,453753
708844,453753
708791,453753
708924,453753
708911,453753
708995,453753
708819,453753
708666,453753
708414,453753
708819,453753
708880,453753
708918,453753
708751,453753
708896,453753
708796,453753
708842,453753
708857,453753
708946,453753
708810,453753
707763,453753
708962,453753
708982,453753
708852,453753
708954,453753
708808,453753
708835,453753
708880,453753
708782,453753
708563,453753
708845,453753
708905,453753
708957,453753
708946,453753
708996,453753
708945,453753
708980,453753
708963,453753
708992,453753
708936,453753
709072,453753
708968,453753
708915,453753
708331,453753
708978,453753
708715,453753
708525,453753
708828,453753
708856,453753
709004,453753
708909,453753
708926,453753
709048,453753
709022,453753
708962,453753
708787,453753
708856,453753
708924,453753
708979,453753
708885,453753
708859,453753
708922,453753
706352,453753
702456,453753
707587,453753
708740,453753
708756,453753
708683,453753
708927,453753
708788,453753
708878,453753
708984,453753
708806,453753
708238,453753
708728,453753
708762,453753
708914,453753
708973,453753
708888,453753
708743,453753
708731,453753
708833,453753
708853,453753
708907,453753
708943,453753
708950,453753
709058,453753
708973,453753
708773,453753
709059,453753
708996,453753
709003,453753
709043,453753
708909,453753
708935,453753
708995,453753
709034,453753
708993,453753
708833,453753
708983,453753
708992,453753
708921,453753
708938,453753
708918,453753
708972,453753
708907,453753
708899,453753
708657,453753
708052,453753
708804,453753
708874,453753
708671,453753
708782,453753
708766,453753
708836,453753
708773,453753
708876,453753
708984,453753
708929,453753
708876,453753
708957,453753
708893,453753
708657,453753
708713,453753
708931,453753
708862,453753
708783,453753
708954,453753
708917,453753
708912,453753
708942,453753
708785,453753
708809,453753
708976,453753
708988,453753
708832,453753
708679,453753
709029,453753
709070,453753
709051,453753
709029,453753
708871,453753
708778,453753
709036,453753
708904,453753
708939,453753
709013,453753
709020,453753
709008,453753
708953,453753
708949,453753
708936,453753
708915,453753
709002,453753
708841,453753
708835,453753
708600,453753
708824,453753
708780,453753
708803,453753
708853,453753
709034,453753
708926,453753
708885,453753
708820,453753
708729,453753
708850,453753
708958,453753
708882,453753
708912,453753
708958,453753
708952,453753
709065,453753
709050,453753
709025,453753
708910,453753
708991,453753
708884,453753
709012,453753
709031,453753
709032,453753
708943,453753
708982,453753
709041,453753
708909,453753
708794,453753
708688,453753
708762,453753
708887,453753
708936,453753
708615,453753
708993,453753
708801,453753
708882,453753
708869,453753
708827,453753
708802,453753
708921,453753
708856,453753
708884,453753
708947,453753
708928,453753
708989,453753
708961,453753
708888,453753
709041,453753
709006,453753
708999,453753
708996,453753
708890,453753
708919,453753
709077,453753
709010,453753
708952,453753
709039,453753
708987,453753
708875,453753
708694,453753
708956,453753
708768,453753
708925,453753
708949,453753
709006,453753
708918,453753
708829,453753
708937,453753
709011,453753
708459,453753
708707,453753
708776,453753
708922,453753
708449,453753
708928,453753
708914,453753
709020,453753
709075,453753
708996,453753
709056,453753
709025,453753
708957,453753
708999,453753
708800,453753
708826,453753
709045,453753
708953,453753
708969,453753
708924,453753
708969,453753
708982,453753
709021,453753
708922,453753
708953,453753
708988,453753
708787,453753
708744,453753
709023,453753
708943,453753
708998,453753
708896,453753
708936,453753
708957,453753
708932,453753
708525,453753
708615,453753
708850,453753
708904,453753
708967,453753
709043,453753
708940,453753
708976,453753
708940,453753
708999,453753
708991,453753
708856,453753
708681,453753
708943,453753
709008,453753
708915,453753
708882,453753
709052,453753
709042,453753
709075,453753
708969,453753
708843,453753
708810,453753
708772,453753
709036,453753
708972,453753
708800,453753
708500,453753
708617,453753
708222,453753
708974,453753
708913,453753
709056,453753
708707,453753
708942,453753
708979,453753
708984,453753
709018,453753
709032,453753
708978,453753
709030,453753
708945,453753
708964,453753
708767,453753
708860,453753
709053,453753
709065,453753
709085,453753
709018,453753
709056,453753
709017,453753
708832,453753
708934,453753
708950,453753
708928,453753
708910,453753
708860,453753
708918,453753
708771,453753
708828,453753
708920,453753
708873,453753
708693,453753
708923,453753
708964,453753
708988,453753
708922,453753
708930,453753
709026,453753
708981,453753
709026,453753
708971,453753
709002,453753
709001,453753
708943,453753
708985,453753
709032,453753
708955,453753
708939,453753
708843,453753
708358,453753
708908,453753
708882,453753
708953,453753
708687,453753
708348,453753
708807,453753
708947,453753
708893,453753
708615,453753
708711,453753
708771,453753
708352,453753
708844,453753
708964,453753
709003,453753
708851,453753
709036,453753
708191,453753
708665,453753
708817,453753
708885,453753
709011,453753
708874,453753
709051,453753
709039,453753
709033,453753
708994,453753
708943,453753
708993,453753
708948,453753
708917,453753
708812,453753
708573,453753
708489,453753
708891,453753
708924,453753
708966,453753
708841,453753
708904,453753
708963,453753
709006,453753
709024,453753
709030,453753
709049,453753
709022,453753
708955,453753
708830,453753
709049,453753
709028,453753
708999,453753
708974,453753
708997,453753
708981,453753
708896,453753
708914,453753
708950,453753
708929,453753
708972,453753
709045,453753
708960,453753
708875,453753
708706,453753
708994,453753
708993,453753
708975,453753
709044,453753
708931,453753
708594,453753
708927,453753
708974,453753
708961,453753
708639,453753
708723,453753
709021,453753
708988,453753
709041,453753
709077,453546
