TRACE,NSNPS_JACKKNIFE
709251,453753
709235,453753
709202,453753
709193,453753
709112,453753
709224,453753
709082,453753
709069,453753
709161,453753
709104,453753
709134,453753
708990,453753
709251,453753
709118,453753
709206,453753
709161,453753
709085,453753
708802,453753
708893,453753
709011,453753
709191,453753
709215,453753
709132,453753
709179,453753
709228,453753
709165,453753
709034,453753
708991,453753
709124,453753
709146,453753
709126,453753
709080,453753
709095,453753
709077,453753
709146,453753
709183,453753
709096,453753
709074,453753
709154,453753
709165,453753
709206,453753
709174,453753
709081,453753
708892,453753
708952,453753
709069,453753
709152,453753
709160,453753
709213,453753
709215,453753
709194,453753
708944,453753
709035,453753
709063,453753
708959,453753
709128,453753
709118,453753
708889,453753
709047,453753
709035,453753
709149,453753
709222,453753
709205,453753
709190,453753
709125,453753
709209,453753
709135,453753
709043,453753
709074,453753
709028,453753
708808,453753
709187,453753
709174,453753
709247,453753
709196,453753
709199,453753
709247,453753
709197,453753
709236,453753
709184,453753
708960,453753
709150,453753
709222,453753
709285,453753
709277,453753
709190,453753
709220,453753
709249,453753
709185,453753
709164,453753
708953,453753
708948,453753
709189,453753
708436,453753
709174,453753
709049,453753
709140,453753
709146,453753
709162,453753
709205,453753
709052,453753
709112,453753
709060,453753
708956,453753
709017,453753
708979,453753
709148,453753
709143,453753
709164,453753
709162,453753
709181,453753
709103,453753
709030,453753
708937,453753
708906,453753
708985,453753
709160,453753
709151,453753
709040,453753
708991,453753
709005,453753
709231,453753
709049,453753
709109,453753
709165,453753
709107,453753
709101,453753
709077,453753
709046,453753
709151,453753
709043,453753
709112,453753
709048,453753
709151,453753
709017,453753
709137,453753
709179,453753
709186,453753
708925,453753
709141,453753
708717,453753
708601,453753
709084,453753
709024,453753
708967,453753
708966,453753
709102,453753
709081,453753
709157,453753
709151,453753
709192,453753
709217,453753
709203,453753
709192,453753
709156,453753
709155,453753
709191,453753
709187,453753
709232,453753
709152,453753
709087,453753
709125,453753
709201,453753
709278,453753
709268,453753
709212,453753
709223,453753
709199,453753
709166,453753
709163,453753
709077,453753
709153,453753
709157,453753
709156,453753
709206,453753
709158,453753
709170,453753
709111,453753
709041,453753
709061,453753
709061,453753
708270,453753
708414,453753
709135,453753
709090,453753
709212,453753
709184,453753
709181,453753
709209,453753
709148,453753
709262,453753
709228,453753
708939,453753
708675,453753
708691,453753
708583,453753
708789,453753
708966,453753
709144,453753
709110,453753
709048,453753
709190,453753
709155,453753
708903,453753
709120,453753
709134,453753
709079,453753
709159,453753
709082,453753
708953,453753
709122,453753
709157,453753
709179,453753
709197,453753
709039,453753
709076,453753
708714,453753
708810,453753
708964,453753
708805,453753
709262,453753
709194,453753
709193,453753
709178,453753
709041,453753
709217,453753
709233,453753
709200,453753
709227,453753
709235,453753
709105,453753
708948,453753
708995,453753
709265,453753
709242,453753
709252,453753
709084,453753
709104,453753
708969,453753
709171,453753
709086,453753
709211,453753
709262,453753
709177,453753
709150,453753
709145,453753
709134,453753
709170,453753
709175,453753
708902,453753
708882,453753
709114,453753
709145,453753
709039,453753
709092,453753
709029,453753
709058,453753
709092,453753
708889,453753
709143,453753
709232,453753
709053,453753
708726,453753
709056,453753
709081,453753
709010,453753
709058,453753
708640,453753
709169,453753
709131,453753
709086,453753
708775,453753
709096,453753
709075,453753
709034,453753
708950,453753
709198,453753
709174,453753
709079,453753
708859,453753
709066,453753
709049,453753
709175,453753
709167,453753
709042,453753
709156,453753
709197,453753
709103,453753
709136,453753
709239,453753
709248,453753
709219,453753
709248,453753
709205,453753
709249,453753
709212,453753
709143,453753
709105,453753
709268,453753
709220,453753
709243,453753
709205,453753
709289,453753
709112,453753
709213,453753
709217,453753
709169,453753
709185,453753
709132,453753
709232,453753
709220,453753
709102,453753
708945,453753
708645,453753
708504,453753
708995,453753
709128,453753
708967,453753
709076,453753
709092,453753
709142,453753
709155,453753
709147,453753
709170,453753
709089,453753
708982,453753
709025,453753
709086,453753
709093,453753
709006,453753
708608,453753
709062,453753
709138,453753
709185,453753
709116,453753
709165,453753
709057,453753
709131,453753
709186,453753
709014,453753
708877,453753
709078,453753
708696,453753
708688,453753
709156,453753
709005,453753
709189,453753
709022,453753
709092,453753
708386,453753
709139,453753
709167,453753
709162,453753
709279,453753
709250,453753
709261,453753
709236,453753
709248,453753
709191,453753
709168,453753
709184,453753
709232,453753
709174,453753
709252,453753
709109,453753
709195,453753
709149,453753
709184,453753
709123,453753
709179,453753
709165,453753
709127,453753
709145,453753
709167,453753
709113,453753
709148,453753
708983,453753
708637,453753
708941,453753
708952,453753
708420,453753
708757,453753
708969,453753
709092,453753
708986,453753
708862,453753
708869,453753
708858,453753
709029,453753
709148,453753
709084,453753
709017,453753
708986,453753
709094,453753
709079,453753
708970,453753
709017,453753
708829,453753
708944,453753
709157,453753
709105,453753
709116,453753
709171,453753
709114,453753
709244,453753
708732,453753
709072,453753
709087,453753
709110,453753
709177,453753
709183,453753
709193,453753
709155,453753
709207,453753
709262,453753
709236,453753
709186,453753
709163,453753
708986,453753
709022,453753
709130,453753
709151,453753
709145,453753
709071,453753
709200,453753
709163,453753
709197,453753
709172,453753
708991,453753
709118,453753
709166,453753
709215,453753
708890,453753
709121,453753
709146,453753
709158,453753
709163,453753
709087,453753
709089,453753
709084,453753
709024,453753
708888,453753
708095,453753
709028,453753
709128,453753
709160,453753
709228,453753
709237,453753
709070,453753
708977,453753
709122,453753
709164,453753
708898,453753
708995,453753
709215,453753
709125,453753
709136,453753
709157,453753
709040,453753
708976,453753
708967,453753
709073,453753
709224,453753
709082,453753
709261,453753
709194,453753
709106,453753
709132,453753
709211,453753
709110,453753
709266,453753
709266,453753
709234,453753
709086,453753
709020,453753
709115,453753
709087,453753
709174,453753
709199,453753
708860,453753
708169,453753
708401,453753
709086,453753
709134,453753
709169,453753
709107,453753
709129,453753
708940,453753
709194,453753
709145,453753
709188,453753
708997,453753
709075,453753
709097,453753
708568,453753
709009,453753
709086,453753
709084,453753
709165,453753
709045,453753
709104,453753
709202,453753
709210,453753
709119,453753
709011,453753
709119,453753
708994,453753
709039,453753
709122,453753
709220,453753
709123,453753
709084,453753
709072,453753
708867,453753
708911,453753
709160,453753
709181,453753
709208,453753
709212,453753
709247,453753
709098,453753
709216,453753
709213,453753
709180,453753
709228,453753
709201,453753
709158,453753
709129,453753
709255,453753
709223,453753
709176,453753
709232,453753
709195,453753
709213,453753
709175,453753
709058,453753
709235,453753
709071,453753
709217,453753
709001,453753
709095,453753
708890,453753
708728,453753
709161,453753
709038,453753
709113,453753
709202,453753
709126,453753
709118,453753
709172,453753
709145,453753
709226,453753
709161,453753
709030,453753
708964,453753
709130,453753
709112,453753
709120,453753
709212,453753
709140,453753
708989,453753
709168,453753
709081,453753
709182,453753
709132,453753
709099,453753
709162,453753
709169,453753
709258,453753
709181,453753
709269,453753
709112,453753
709131,453753
709195,453753
709201,453753
709190,453753
709189,453753
709175,453753
709185,453753
709174,453753
709182,453753
709231,453753
709051,453753
709060,453753
709116,453753
709142,453753
709209,453753
709098,453753
708898,453753
708604,453753
709011,453753
709109,453753
709199,453753
708995,453753
709100,453753
709015,453753
709069,453753
709103,453753
709164,453753
709084,453753
708255,453753
709188,453753
709176,453753
709060,453753
709180,453753
709027,453753
709076,453753
709093,453753
709041,453753
708782,453753
709110,453753
709118,453753
709204,453753
709187,453753
709227,453753
709152,453753
709173,453753
709150,453753
709224,453753
709168,453753
709283,453753
709154,453753
709102,453753
708529,453753
709215,453753
708865,453753
708712,453753
709057,453753
709041,453753
709238,453753
709104,453753
709170,453753
709279,453753
709241,453753
709182,453753
709077,453753
709077,453753
709153,453753
709184,453753
709104,453753
709106,453753
709145,453753
706466,453753
701988,453753
707701,453753
708967,453753
708955,453753
708963,453753
709150,453753
709037,453753
709134,453753
709228,453753
709070,453753
708534,453753
708938,453753
708973,453753
709116,453753
709213,453753
709125,453753
708983,453753
708981,453753
709102,453753
709103,453753
709134,453753
709158,453753
709189,453753
709288,453753
709164,453753
709027,453753
709274,453753
709214,453753
709229,453753
709238,453753
709152,453753
709194,453753
709242,453753
709275,453753
709191,453753
709077,453753
709202,453753
709155,453753
709143,453753
709139,453753
709151,453753
709205,453753
709105,453753
709111,453753
708898,453753
708199,453753
709030,453753
709122,453753
708941,453753
708989,453753
709027,453753
709048,453753
709033,453753
709133,453753
709227,453753
709129,453753
709082,453753
709188,453753
709117,453753
708908,453753
708965,453753
709194,453753
709106,453753
709013,453753
709168,453753
709152,453753
709164,453753
709174,453753
709042,453753
709057,453753
709218,453753
709227,453753
709028,453753
708906,453753
709256,453753
709289,453753
709276,453753
709245,453753
709138,453753
709000,453753
709260,453753
709122,453753
709130,453753
709239,453753
709238,453753
709230,453753
709175,453753
709175,453753
709180,453753
709155,453753
709181,453753
709047,453753
709008,453753
708882,453753
709093,453753
709053,453753
709005,453753
709059,453753
709270,453753
709102,453753
709147,453753
709099,453753
709020,453753
709108,453753
709182,453753
709089,453753
709141,453753
709227,453753
709163,453753
709281,453753
709263,453753
709235,453753
709164,453753
709224,453753
709140,453753
709218,453753
709236,453753
709202,453753
709198,453753
709207,453753
709267,453753
709146,453753
709021,453753
708972,453753
708958,453753
709120,453753
709158,453753
708743,453753
709197,453753
709077,453753
709077,453753
709083,453753
709058,453753
709016,453753
709132,453753
709097,453753
709127,453753
709148,453753
709156,453753
709184,453753
709165,453753
709104,453753
709255,453753
709232,453753
709248,453753
709182,453753
709095,453753
709169,453753
709300,453753
709245,453753
709182,453753
709254,453753
709232,453753
709153,453753
708891,453753
709182,453753
708962,453753
709165,453753
709172,453753
709229,453753
709160,453753
709082,453753
709143,453753
709216,453753
708707,453753
708900,453753
709005,453753
709156,453753
708671,453753
709171,453753
709121,453753
709228,453753
709290,453753
709240,453753
709295,453753
709228,453753
709179,453753
709239,453753
709023,453753
709041,453753
709292,453753
709211,453753
709205,453753
709156,453753
709207,453753
709200,453753
709259,453753
709143,453753
709186,453753
709207,453753
709023,453753
708983,453753
709244,453753
709139,453753
709204,453753
709144,453753
709132,453753
709172,453753
709108,453753
708725,453753
708878,453753
709015,453753
709119,453753
709217,453753
709242,453753
709186,453753
709209,453753
709184,453753
709222,453753
709251,453753
709072,453753
708885,453753
709183,453753
709214,453753
709106,453753
709085,453753
709275,453753
709265,453753
709298,453753
709194,453753
709047,453753
708995,453753
709014,453753
709251,453753
709171,453753
709038,453753
708751,453753
708813,453753
708471,453753
709195,453753
709131,453753
709271,453753
708927,453753
709154,453753
709208,453753
709207,453753
709218,453753
709245,453753
709216,453753
709246,453753
709185,453753
709164,453753
709050,453753
709130,453753
709264,453753
709295,453753
709316,453753
709188,453753
709253,453753
709194,453753
709111,453753
709170,453753
709195,453753
709106,453753
709110,453753
709100,453753
709127,453753
708967,453753
709034,453753
709148,453753
709119,453753
708954,453753
709107,453753
709194,453753
709221,453753
709137,453753
709172,453753
709212,453753
709180,453753
709256,453753
709200,453753
709245,453753
709213,453753
709163,453753
709213,453753
709270,453753
709234,453753
709163,453753
709059,453753
708531,453753
709092,453753
709096,453753
709171,453753
708953,453753
708683,453753
709086,453753
709192,453753
709110,453753
708765,453753
708965,453753
708986,453753
708529,453753
709121,453753
709176,453753
709226,453753
709081,453753
709262,453753
708448,453753
708888,453753
709064,453753
709062,453753
709241,453753
709081,453753
709245,453753
709250,453753
709260,453753
709189,453753
709157,453753
709223,453753
709167,453753
709123,453753
709028,453753
708793,453753
708751,453753
709128,453753
709167,453753
709201,453753
709078,453753
709154,453753
709183,453753
709244,453753
709253,453753
709247,453753
709250,453753
709250,453753
709219,453753
709101,453753
709255,453753
709271,453753
709237,453753
709171,453753
709228,453753
709193,453753
709128,453753
709129,453753
709118,453753
709146,453753
709232,453753
709278,453753
709174,453753
709101,453753
708958,453753
709202,453753
709199,453753
709192,453753
709285,453753
709166,453753
708872,453753
709128,453753
709223,453753
709202,453753
708809,453753
708953,453753
709246,453753
709203,453753
709250,453753
709248,453546
