TRACE,NSNPS_JACKKNIFE
710895,453753
710897,453753
710812,453753
710862,453753
710784,453753
710842,453753
710734,453753
710720,453753
710811,453753
710747,453753
710833,453753
710637,453753
710878,453753
710788,453753
710839,453753
710834,453753
710693,453753
710463,453753
710530,453753
710643,453753
710826,453753
710846,453753
710753,453753
710841,453753
710842,453753
710829,453753
710688,453753
710706,453753
710776,453753
710778,453753
710769,453753
710741,453753
710746,453753
710712,453753
710770,453753
710773,453753
710790,453753
710721,453753
710783,453753
710825,453753
710836,453753
710828,453753
710738,453753
710552,453753
710585,453753
710722,453753
710797,453753
710803,453753
710845,453753
710847,453753
710834,453753
710560,453753
710709,453753
710747,453753
710609,453753
710822,453753
710774,453753
710567,453753
710699,453753
710642,453753
710803,453753
710873,453753
710852,453753
710801,453753
710722,453753
710810,453753
710765,453753
710714,453753
710734,453753
710662,453753
710467,453753
710822,453753
710825,453753
710908,453753
710845,453753
710830,453753
710895,453753
710827,453753
710877,453753
710786,453753
710581,453753
710795,453753
710895,453753
710925,453753
710914,453753
710860,453753
710892,453753
710876,453753
710792,453753
710811,453753
710671,453753
710594,453753
710826,453753
709670,453753
710811,453753
710704,453753
710771,453753
710772,453753
710803,453753
710851,453753
710717,453753
710736,453753
710626,453753
710584,453753
710610,453753
710646,453753
710831,453753
710780,453753
710777,453753
710744,453753
710835,453753
710763,453753
710692,453753
710552,453753
710579,453753
710605,453753
710764,453753
710788,453753
710710,453753
710606,453753
710696,453753
710870,453753
710691,453753
710775,453753
710819,453753
710758,453753
710723,453753
710713,453753
710643,453753
710793,453753
710695,453753
710789,453753
710709,453753
710775,453753
710656,453753
710781,453753
710833,453753
710819,453753
710638,453753
710792,453753
710420,453753
710325,453753
710711,453753
710678,453753
710679,453753
710565,453753
710755,453753
710740,453753
710800,453753
710835,453753
710820,453753
710834,453753
710832,453753
710779,453753
710796,453753
710823,453753
710822,453753
710851,453753
710905,453753
710794,453753
710750,453753
710755,453753
710858,453753
710892,453753
710900,453753
710856,453753
710861,453753
710859,453753
710822,453753
710799,453753
710705,453753
710806,453753
710835,453753
710789,453753
710859,453753
710769,453753
710807,453753
710726,453753
710687,453753
710688,453753
710687,453753
709799,453753
709860,453753
710786,453753
710678,453753
710881,453753
710848,453753
710848,453753
710852,453753
710822,453753
710918,453753
710867,453753
710557,453753
710272,453753
710319,453753
710252,453753
710433,453753
710626,453753
710828,453753
710723,453753
710699,453753
710837,453753
710811,453753
710541,453753
710769,453753
710760,453753
710737,453753
710803,453753
710703,453753
710596,453753
710735,453753
710791,453753
710825,453753
710834,453753
710675,453753
710727,453753
710402,453753
710389,453753
710586,453753
710494,453753
710905,453753
710841,453753
710829,453753
710840,453753
710697,453753
710824,453753
710850,453753
710855,453753
710868,453753
710870,453753
710757,453753
710569,453753
710652,453753
710895,453753
710892,453753
710888,453753
710775,453753
710730,453753
710616,453753
710823,453753
710706,453753
710847,453753
710887,453753
710801,453753
710768,453753
710772,453753
710795,453753
710791,453753
710823,453753
710564,453753
710495,453753
710821,453753
710776,453753
710662,453753
710683,453753
710690,453753
710731,453753
710760,453753
710525,453753
710734,453753
710844,453753
710640,453753
710376,453753
710700,453753
710725,453753
710673,453753
710657,453753
710207,453753
710786,453753
710763,453753
710746,453753
710433,453753
710737,453753
710696,453753
710669,453753
710615,453753
710838,453753
710798,453753
710665,453753
710477,453753
710717,453753
710674,453753
710789,453753
710790,453753
710685,453753
710818,453753
710861,453753
710735,453753
710789,453753
710852,453753
710886,453753
710857,453753
710896,453753
710852,453753
710903,453753
710851,453753
710801,453753
710816,453753
710914,453753
710850,453753
710885,453753
710828,453753
710952,453753
710773,453753
710833,453753
710854,453753
710785,453753
710817,453753
710752,453753
710856,453753
710856,453753
710767,453753
710563,453753
710299,453753
710205,453753
710689,453753
710758,453753
710653,453753
710673,453753
710758,453753
710761,453753
710838,453753
710773,453753
710795,453753
710732,453753
710670,453753
710690,453753
710725,453753
710741,453753
710624,453753
710321,453753
710724,453753
710764,453753
710816,453753
710740,453753
710814,453753
710660,453753
710769,453753
710831,453753
710633,453753
710507,453753
710701,453753
710324,453753
710243,453753
710758,453753
710604,453753
710825,453753
710661,453753
710724,453753
709976,453753
710793,453753
710772,453753
710819,453753
710894,453753
710895,453753
710881,453753
710884,453753
710901,453753
710866,453753
710820,453753
710849,453753
710903,453753
710836,453753
710865,453753
710743,453753
710869,453753
710808,453753
710842,453753
710742,453753
710827,453753
710772,453753
710746,453753
710751,453753
710820,453753
710766,453753
710812,453753
710709,453753
710310,453753
710613,453753
710602,453753
709944,453753
710439,453753
710571,453753
710779,453753
710694,453753
710509,453753
710557,453753
710415,453753
710662,453753
710798,453753
710740,453753
710615,453753
710672,453753
710740,453753
710696,453753
710690,453753
710624,453753
710487,453753
710579,453753
710798,453753
710774,453753
710797,453753
710825,453753
710769,453753
710906,453753
710273,453753
710740,453753
710742,453753
710725,453753
710831,453753
710831,453753
710838,453753
710782,453753
710847,453753
710881,453753
710848,453753
710873,453753
710781,453753
710624,453753
710690,453753
710761,453753
710812,453753
710827,453753
710723,453753
710890,453753
710782,453753
710807,453753
710811,453753
710630,453753
710749,453753
710778,453753
710829,453753
710483,453753
710804,453753
710797,453753
710807,453753
710777,453753
710751,453753
710731,453753
710683,453753
710689,453753
710507,453753
709794,453753
710696,453753
710724,453753
710832,453753
710879,453753
710849,453753
710684,453753
710624,453753
710784,453753
710783,453753
710583,453753
710631,453753
710858,453753
710743,453753
710792,453753
710775,453753
710656,453753
710608,453753
710610,453753
710713,453753
710878,453753
710703,453753
710874,453753
710850,453753
710787,453753
710827,453753
710846,453753
710731,453753
710916,453753
710928,453753
710875,453753
710717,453753
710634,453753
710774,453753
710668,453753
710797,453753
710826,453753
710457,453753
709634,453753
709899,453753
710777,453753
710791,453753
710828,453753
710715,453753
710797,453753
710629,453753
710829,453753
710851,453753
710819,453753
710660,453753
710768,453753
710763,453753
710261,453753
710627,453753
710766,453753
710731,453753
710787,453753
710716,453753
710738,453753
710876,453753
710854,453753
710728,453753
710649,453753
710774,453753
710612,453753
710608,453753
710768,453753
710858,453753
710744,453753
710749,453753
710737,453753
710553,453753
710585,453753
710805,453753
710810,453753
710839,453753
710880,453753
710884,453753
710734,453753
710856,453753
710826,453753
710819,453753
710839,453753
710842,453753
710787,453753
710765,453753
710880,453753
710876,453753
710794,453753
710835,453753
710864,453753
710843,453753
710849,453753
710778,453753
710852,453753
710725,453753
710880,453753
710669,453753
710737,453753
710532,453753
710381,453753
710784,453753
710686,453753
710790,453753
710824,453753
710764,453753
710773,453753
710814,453753
710807,453753
710854,453753
710794,453753
710646,453753
710595,453753
710742,453753
710733,453753
710758,453753
710864,453753
710741,453753
710623,453753
710790,453753
710711,453753
710854,453753
710782,453753
710686,453753
710807,453753
710794,453753
710891,453753
710838,453753
710896,453753
710729,453753
710751,453753
710838,453753
710860,453753
710838,453753
710824,453753
710848,453753
710855,453753
710802,453753
710823,453753
710858,453753
710730,453753
710694,453753
710783,453753
710805,453753
710823,453753
710697,453753
710516,453753
710246,453753
710696,453753
710773,453753
710788,453753
710664,453753
710774,453753
710660,453753
710740,453753
710695,453753
710841,453753
710690,453753
709488,453753
710817,453753
710837,453753
710713,453753
710791,453753
710709,453753
710740,453753
710776,453753
710725,453753
710503,453753
710739,453753
710751,453753
710849,453753
710810,453753
710877,453753
710775,453753
710812,453753
710796,453753
710864,453753
710809,453753
710915,453753
710806,453753
710711,453753
710192,453753
710840,453753
710500,453753
710377,453753
710675,453753
710643,453753
710859,453753
710756,453753
710787,453753
710920,453753
710894,453753
710818,453753
710678,453753
710727,453753
710765,453753
710831,453753
710773,453753
710722,453753
710772,453753
708071,453753
703815,453753
709411,453753
710648,453753
710636,453753
710583,453753
710827,453753
710624,453753
710801,453753
710852,453753
710719,453753
710124,453753
710565,453753
710618,453753
710715,453753
710864,453753
710761,453753
710650,453753
710644,453753
710727,453753
710767,453753
710774,453753
710844,453753
710816,453753
710897,453753
710822,453753
710591,453753
710872,453753
710844,453753
710881,453753
710898,453753
710788,453753
710822,453753
710859,453753
710892,453753
710851,453753
710742,453753
710819,453753
710814,453753
710778,453753
710791,453753
710753,453753
710820,453753
710778,453753
710761,453753
710529,453753
709916,453753
710698,453753
710731,453753
710571,453753
710595,453753
710690,453753
710691,453753
710707,453753
710758,453753
710848,453753
710799,453753
710716,453753
710866,453753
710763,453753
710585,453753
710587,453753
710814,453753
710740,453753
710642,453753
710790,453753
710776,453753
710816,453753
710800,453753
710686,453753
710703,453753
710857,453753
710863,453753
710728,453753
710578,453753
710889,453753
710940,453753
710900,453753
710902,453753
710760,453753
710654,453753
710912,453753
710799,453753
710810,453753
710841,453753
710851,453753
710863,453753
710814,453753
710817,453753
710785,453753
710784,453753
710856,453753
710737,453753
710724,453753
710504,453753
710683,453753
710661,453753
710638,453753
710763,453753
710862,453753
710780,453753
710766,453753
710738,453753
710657,453753
710716,453753
710843,453753
710778,453753
710801,453753
710830,453753
710858,453753
710943,453753
710913,453753
710898,453753
710739,453753
710871,453753
710757,453753
710837,453753
710876,453753
710878,453753
710845,453753
710822,453753
710906,453753
710810,453753
710675,453753
710644,453753
710621,453753
710775,453753
710789,453753
710446,453753
710829,453753
710707,453753
710696,453753
710725,453753
710720,453753
710674,453753
710802,453753
710732,453753
710749,453753
710778,453753
710790,453753
710869,453753
710819,453753
710779,453753
710929,453753
710846,453753
710861,453753
710810,453753
710670,453753
710794,453753
710932,453753
710893,453753
710848,453753
710898,453753
710863,453753
710785,453753
710523,453753
710829,453753
710600,453753
710798,453753
710790,453753
710877,453753
710822,453753
710715,453753
710795,453753
710873,453753
710351,453753
710575,453753
710654,453753
710793,453753
710228,453753
710803,453753
710801,453753
710839,453753
710933,453753
710887,453753
710931,453753
710877,453753
710812,453753
710881,453753
710692,453753
710682,453753
710909,453753
710838,453753
710829,453753
710835,453753
710825,453753
710834,453753
710872,453753
710766,453753
710789,453753
710891,453753
710713,453753
710651,453753
710865,453753
710781,453753
710857,453753
710741,453753
710775,453753
710823,453753
710788,453753
710378,453753
710479,453753
710667,453753
710776,453753
710845,453753
710895,453753
710794,453753
710855,453753
710805,453753
710868,453753
710870,453753
710700,453753
710504,453753
710827,453753
710835,453753
710755,453753
710659,453753
710895,453753
710907,453753
710931,453753
710844,453753
710650,453753
710660,453753
710658,453753
710908,453753
710796,453753
710690,453753
710450,453753
710510,453753
710254,453753
710833,453753
710766,453753
710923,453753
710616,453753
710799,453753
710859,453753
710846,453753
710854,453753
710897,453753
710852,453753
710884,453753
710806,453753
710800,453753
710687,453753
710768,453753
710927,453753
710962,453753
710977,453753
710873,453753
710879,453753
710852,453753
710751,453753
710832,453753
710847,453753
710786,453753
710756,453753
710742,453753
710770,453753
710664,453753
710672,453753
710808,453753
710780,453753
710590,453753
710773,453753
710833,453753
710865,453753
710762,453753
710800,453753
710874,453753
710808,453753
710890,453753
710824,453753
710896,453753
710838,453753
710805,453753
710888,453753
710915,453753
710840,453753
710797,453753
710649,453753
710165,453753
710739,453753
710743,453753
710797,453753
710614,453753
710229,453753
710710,453753
710847,453753
710743,453753
710459,453753
710622,453753
710665,453753
710241,453753
710714,453753
710823,453753
710850,453753
710734,453753
710894,453753
710165,453753
710502,453753
710671,453753
710735,453753
710863,453753
710716,453753
710920,453753
710911,453753
710888,453753
710866,453753
710792,453753
710870,453753
710759,453753
710740,453753
710677,453753
710445,453753
710451,453753
710755,453753
710812,453753
710829,453753
710708,453753
710791,453753
710825,453753
710848,453753
710873,453753
710894,453753
710893,453753
710910,453753
710862,453753
710732,453753
710920,453753
710926,453753
710869,453753
710848,453753
710874,453753
710835,453753
710800,453753
710766,453753
710811,453753
710777,453753
710856,453753
710901,453753
710808,453753
710776,453753
710625,453753
710875,453753
710857,453753
710838,453753
710898,453753
710813,453753
710433,453753
710793,453753
710886,453753
710829,453753
710529,453753
710612,453753
710912,453753
710858,453753
710873,453753
710970,453546
