TRACE,NSNPS_JACKKNIFE
712323,453753
712294,453753
712246,453753
712255,453753
712221,453753
712283,453753
712170,453753
712162,453753
712244,453753
712121,453753
712237,453753
712010,453753
712299,453753
712161,453753
712259,453753
712197,453753
712128,453753
711857,453753
711909,453753
712066,453753
712254,453753
712256,453753
712190,453753
712240,453753
712293,453753
712263,453753
712143,453753
712113,453753
712195,453753
712181,453753
712171,453753
712174,453753
712171,453753
712144,453753
712221,453753
712235,453753
712191,453753
712130,453753
712213,453753
712240,453753
712244,453753
712220,453753
712138,453753
711885,453753
712012,453753
712147,453753
712221,453753
712211,453753
712266,453753
712243,453753
712259,453753
712026,453753
712054,453753
712129,453753
711984,453753
712165,453753
712174,453753
711990,453753
712116,453753
712082,453753
712201,453753
712293,453753
712277,453753
712217,453753
712177,453753
712220,453753
712178,453753
712136,453753
712132,453753
712097,453753
711842,453753
712200,453753
712263,453753
712303,453753
712272,453753
712269,453753
712316,453753
712238,453753
712332,453753
712236,453753
712068,453753
712246,453753
712331,453753
712357,453753
712348,453753
712273,453753
712321,453753
712322,453753
712226,453753
712241,453753
712072,453753
711998,453753
712257,453753
711189,453753
712201,453753
712140,453753
712240,453753
712230,453753
712219,453753
712289,453753
712113,453753
712164,453753
712042,453753
711999,453753
712048,453753
712049,453753
712254,453753
712219,453753
712231,453753
712202,453753
712277,453753
712192,453753
712092,453753
712031,453753
712019,453753
712028,453753
712194,453753
712182,453753
712140,453753
712038,453753
712063,453753
712268,453753
712145,453753
712190,453753
712208,453753
712117,453753
712131,453753
712189,453753
712110,453753
712179,453753
712099,453753
712201,453753
712108,453753
712184,453753
712037,453753
712199,453753
712237,453753
712259,453753
712033,453753
712193,453753
711851,453753
711730,453753
712149,453753
712098,453753
712038,453753
712082,453753
712136,453753
712180,453753
712218,453753
712221,453753
712225,453753
712276,453753
712261,453753
712237,453753
712241,453753
712218,453753
712238,453753
712235,453753
712307,453753
712222,453753
712179,453753
712206,453753
712277,453753
712317,453753
712330,453753
712293,453753
712245,453753
712252,453753
712247,453753
712215,453753
712103,453753
712200,453753
712219,453753
712180,453753
712264,453753
712197,453753
712220,453753
712174,453753
712085,453753
712113,453753
712110,453753
711171,453753
711340,453753
712171,453753
712093,453753
712290,453753
712246,453753
712305,453753
712279,453753
712230,453753
712312,453753
712283,453753
712029,453753
711759,453753
711759,453753
711638,453753
711840,453753
712016,453753
712211,453753
712166,453753
712144,453753
712249,453753
712212,453753
711941,453753
712163,453753
712209,453753
712148,453753
712208,453753
712107,453753
711991,453753
712173,453753
712215,453753
712243,453753
712247,453753
712069,453753
712137,453753
711790,453753
711861,453753
712027,453753
711949,453753
712303,453753
712273,453753
712247,453753
712226,453753
712136,453753
712275,453753
712280,453753
712260,453753
712299,453753
712304,453753
712148,453753
711972,453753
712033,453753
712313,453753
712325,453753
712308,453753
712159,453753
712158,453753
712043,453753
712256,453753
712125,453753
712273,453753
712290,453753
712215,453753
712203,453753
712202,453753
712211,453753
712203,453753
712218,453753
712010,453753
711947,453753
712210,453753
712212,453753
712097,453753
712126,453753
712091,453753
712137,453753
712156,453753
711913,453753
712143,453753
712281,453753
712087,453753
711752,453753
712122,453753
712149,453753
712104,453753
712145,453753
711602,453753
712242,453753
712179,453753
712121,453753
711867,453753
712165,453753
712123,453753
712117,453753
712024,453753
712258,453753
712238,453753
712144,453753
711949,453753
712137,453753
712109,453753
712269,453753
712188,453753
712104,453753
712215,453753
712266,453753
712179,453753
712217,453753
712273,453753
712299,453753
712308,453753
712308,453753
712259,453753
712283,453753
712245,453753
712214,453753
712170,453753
712301,453753
712288,453753
712278,453753
712224,453753
712359,453753
712214,453753
712252,453753
712277,453753
712192,453753
712260,453753
712189,453753
712287,453753
712272,453753
712208,453753
712016,453753
711738,453753
711559,453753
712078,453753
712179,453753
712061,453753
712090,453753
712170,453753
712184,453753
712227,453753
712168,453753
712210,453753
712157,453753
712051,453753
712094,453753
712155,453753
712162,453753
712091,453753
711667,453753
712153,453753
712175,453753
712231,453753
712173,453753
712189,453753
712070,453753
712181,453753
712251,453753
712025,453753
711913,453753
712133,453753
711765,453753
711689,453753
712164,453753
712011,453753
712201,453753
712043,453753
712137,453753
711486,453753
712243,453753
712203,453753
712251,453753
712358,453753
712332,453753
712294,453753
712317,453753
712319,453753
712242,453753
712227,453753
712242,453753
712319,453753
712254,453753
712272,453753
712236,453753
712258,453753
712234,453753
712260,453753
712199,453753
712264,453753
712242,453753
712186,453753
712142,453753
712237,453753
712128,453753
712212,453753
712072,453753
711687,453753
712032,453753
711994,453753
711426,453753
711840,453753
712016,453753
712154,453753
712097,453753
711933,453753
711939,453753
711843,453753
712078,453753
712196,453753
712192,453753
712056,453753
712094,453753
712187,453753
712192,453753
712064,453753
712038,453753
711819,453753
712007,453753
712206,453753
712188,453753
712226,453753
712227,453753
712204,453753
712329,453753
711687,453753
712133,453753
712163,453753
712192,453753
712235,453753
712258,453753
712254,453753
712193,453753
712254,453753
712300,453753
712303,453753
712261,453753
712201,453753
712045,453753
712098,453753
712153,453753
712206,453753
712238,453753
712140,453753
712257,453753
712249,453753
712268,453753
712218,453753
712081,453753
712188,453753
712199,453753
712257,453753
711957,453753
712206,453753
712205,453753
712181,453753
712208,453753
712147,453753
712101,453753
712135,453753
712137,453753
711976,453753
711245,453753
712088,453753
712147,453753
712252,453753
712284,453753
712273,453753
712113,453753
712076,453753
712189,453753
712231,453753
711981,453753
712074,453753
712252,453753
712182,453753
712217,453753
712180,453753
712086,453753
712044,453753
712048,453753
712171,453753
712290,453753
712095,453753
712310,453753
712282,453753
712188,453753
712230,453753
712258,453753
712146,453753
712327,453753
712337,453753
712282,453753
712133,453753
712095,453753
712181,453753
712140,453753
712260,453753
712240,453753
711812,453753
710992,453753
711245,453753
712170,453753
712212,453753
712224,453753
712164,453753
712200,453753
712046,453753
712218,453753
712210,453753
712275,453753
712098,453753
712196,453753
712173,453753
711696,453753
712068,453753
712181,453753
712126,453753
712214,453753
712137,453753
712159,453753
712265,453753
712292,453753
712196,453753
712049,453753
712153,453753
712024,453753
712110,453753
712198,453753
712280,453753
712160,453753
712178,453753
712163,453753
711962,453753
711956,453753
712268,453753
712263,453753
712273,453753
712278,453753
712269,453753
712172,453753
712248,453753
712244,453753
712216,453753
712282,453753
712255,453753
712210,453753
712189,453753
712289,453753
712316,453753
712213,453753
712265,453753
712299,453753
712258,453753
712236,453753
712118,453753
712250,453753
712120,453753
712267,453753
711954,453753
712126,453753
711917,453753
711786,453753
712183,453753
712110,453753
712193,453753
712259,453753
712172,453753
712180,453753
712227,453753
712255,453753
712288,453753
712241,453753
712077,453753
711980,453753
712171,453753
712142,453753
712159,453753
712270,453753
712230,453753
712109,453753
712218,453753
712131,453753
712259,453753
712192,453753
712085,453753
712232,453753
712210,453753
712287,453753
712243,453753
712335,453753
712188,453753
712209,453753
712253,453753
712236,453753
712263,453753
712225,453753
712249,453753
712258,453753
712234,453753
712237,453753
712280,453753
712100,453753
712114,453753
712190,453753
712191,453753
712278,453753
712144,453753
711910,453753
711720,453753
712086,453753
712179,453753
712233,453753
712071,453753
712205,453753
712065,453753
712153,453753
712131,453753
712230,453753
712094,453753
710975,453753
712215,453753
712236,453753
712129,453753
712214,453753
712082,453753
712115,453753
712209,453753
712081,453753
711873,453753
712191,453753
712202,453753
712246,453753
712230,453753
712281,453753
712225,453753
712254,453753
712199,453753
712249,453753
712243,453753
712339,453753
712251,453753
712115,453753
711643,453753
712297,453753
711915,453753
711819,453753
712111,453753
712140,453753
712278,453753
712134,453753
712200,453753
712290,453753
712288,453753
712275,453753
712029,453753
712138,453753
712211,453753
712230,453753
712131,453753
712131,453753
712192,453753
709511,453753
704480,453753
710894,453753
712070,453753
712020,453753
712003,453753
712218,453753
712053,453753
712202,453753
712278,453753
712131,453753
711559,453753
711990,453753
712046,453753
712154,453753
712286,453753
712167,453753
712036,453753
712009,453753
712133,453753
712109,453753
712198,453753
712271,453753
712239,453753
712328,453753
712249,453753
712075,453753
712316,453753
712280,453753
712296,453753
712335,453753
712197,453753
712218,453753
712271,453753
712318,453753
712265,453753
712160,453753
712258,453753
712251,453753
712205,453753
712190,453753
712213,453753
712271,453753
712193,453753
712162,453753
711898,453753
711229,453753
712082,453753
712156,453753
711956,453753
712041,453753
712084,453753
712078,453753
712107,453753
712212,453753
712283,453753
712209,453753
712159,453753
712215,453753
712166,453753
711955,453753
711989,453753
712239,453753
712159,453753
712046,453753
712236,453753
712211,453753
712236,453753
712247,453753
712114,453753
712107,453753
712277,453753
712302,453753
712088,453753
711924,453753
712301,453753
712361,453753
712323,453753
712337,453753
712166,453753
712036,453753
712322,453753
712211,453753
712199,453753
712310,453753
712285,453753
712303,453753
712200,453753
712246,453753
712253,453753
712218,453753
712278,453753
712129,453753
712079,453753
711957,453753
712124,453753
712080,453753
712057,453753
712187,453753
712305,453753
712190,453753
712199,453753
712121,453753
712016,453753
712116,453753
712257,453753
712158,453753
712212,453753
712255,453753
712227,453753
712349,453753
712318,453753
712307,453753
712222,453753
712263,453753
712211,453753
712277,453753
712304,453753
712264,453753
712232,453753
712284,453753
712329,453753
712164,453753
712078,453753
712002,453753
712029,453753
712159,453753
712213,453753
711799,453753
712237,453753
712137,453753
712104,453753
712155,453753
712129,453753
712096,453753
712233,453753
712133,453753
712185,453753
712175,453753
712232,453753
712264,453753
712239,453753
712161,453753
712350,453753
712263,453753
712294,453753
712263,453753
712154,453753
712199,453753
712332,453753
712329,453753
712263,453753
712317,453753
712283,453753
712183,453753
711934,453753
712227,453753
711993,453753
712200,453753
712202,453753
712272,453753
712234,453753
712158,453753
712203,453753
712304,453753
711743,453753
711973,453753
712048,453753
712222,453753
711776,453753
712234,453753
712198,453753
712284,453753
712353,453753
712311,453753
712339,453753
712304,453753
712209,453753
712286,453753
712059,453753
712124,453753
712344,453753
712257,453753
712264,453753
712221,453753
712268,453753
712268,453753
712305,453753
712188,453753
712237,453753
712268,453753
712055,453753
711981,453753
712288,453753
712239,453753
712306,453753
712187,453753
712189,453753
712187,453753
712168,453753
711807,453753
711878,453753
712120,453753
712229,453753
712254,453753
712288,453753
712204,453753
712253,453753
712261,453753
712307,453753
712314,453753
712132,453753
711904,453753
712249,453753
712286,453753
712159,453753
712044,453753
712335,453753
712335,453753
712341,453753
712270,453753
712122,453753
712083,453753
712029,453753
712320,453753
712185,453753
712083,453753
711828,453753
711937,453753
711587,453753
712268,453753
712194,453753
712328,453753
711971,453753
712188,453753
712261,453753
712288,453753
712295,453753
712309,453753
712277,453753
712317,453753
712250,453753
712230,453753
712077,453753
712145,453753
712373,453753
712358,453753
712378,453753
712306,453753
712303,453753
712271,453753
712152,453753
712232,453753
712229,453753
712190,453753
712138,453753
712160,453753
712215,453753
712064,453753
712105,453753
712201,453753
712158,453753
712027,453753
712226,453753
712240,453753
712262,453753
712219,453753
712225,453753
712280,453753
712253,453753
712308,453753
712215,453753
712292,453753
712261,453753
712249,453753
712288,453753
712328,453753
712255,453753
712226,453753
712041,453753
711537,453753
712165,453753
712160,453753
712217,453753
711994,453753
711678,453753
712120,453753
712254,453753
712169,453753
711794,453753
712066,453753
712046,453753
711576,453753
712107,453753
712234,453753
712267,453753
712161,453753
712300,453753
711626,453753
711874,453753
712120,453753
712126,453753
712297,453753
712156,453753
712313,453753
712328,453753
712340,453753
712265,453753
712208,453753
712274,453753
712212,453753
712192,453753
712144,453753
711924,453753
711832,453753
712211,453753
712207,453753
712243,453753
712143,453753
712204,453753
712238,453753
712290,453753
712301,453753
712315,453753
712311,453753
712306,453753
712282,453753
712153,453753
712328,453753
712307,453753
712296,453753
712262,453753
712313,453753
712231,453753
712189,453753
712186,453753
712239,453753
712220,453753
712267,453753
712334,453753
712211,453753
712152,453753
712020,453753
712294,453753
712287,453753
712242,453753
712300,453753
712255,453753
711900,453753
712214,453753
712269,453753
712242,453753
711915,453753
712033,453753
712330,453753
712290,453753
712313,453753
712379,453546
