TRACE,NSNPS_JACKKNIFE
710848,453753
710806,453753
710761,453753
710776,453753
710710,453753
710821,453753
710675,453753
710690,453753
710745,453753
710636,453753
710752,453753
710628,453753
710813,453753
710702,453753
710799,453753
710767,453753
710624,453753
710386,453753
710463,453753
710614,453753
710751,453753
710807,453753
710737,453753
710764,453753
710820,453753
710772,453753
710619,453753
710616,453753
710700,453753
710745,453753
710718,453753
710674,453753
710682,453753
710628,453753
710734,453753
710732,453753
710692,453753
710621,453753
710739,453753
710744,453753
710787,453753
710736,453753
710687,453753
710469,453753
710549,453753
710633,453753
710751,453753
710775,453753
710801,453753
710796,453753
710763,453753
710524,453753
710611,453753
710674,453753
710536,453753
710728,453753
710692,453753
710522,453753
710600,453753
710632,453753
710757,453753
710796,453753
710794,453753
710704,453753
710684,453753
710759,453753
710736,453753
710650,453753
710667,453753
710614,453753
710393,453753
710743,453753
710778,453753
710839,453753
710811,453753
710781,453753
710840,453753
710777,453753
710840,453753
710759,453753
710527,453753
710744,453753
710816,453753
710849,453753
710840,453753
710815,453753
710819,453753
710846,453753
710777,453753
710787,453753
710576,453753
710464,453753
710761,453753
709969,453753
710713,453753
710614,453753
710704,453753
710740,453753
710739,453753
710780,453753
710625,453753
710698,453753
710623,453753
710576,453753
710563,453753
710608,453753
710743,453753
710773,453753
710759,453753
710742,453753
710749,453753
710718,453753
710639,453753
710524,453753
710555,453753
710615,453753
710715,453753
710724,453753
710629,453753
710577,453753
710589,453753
710809,453753
710667,453753
710740,453753
710724,453753
710697,453753
710664,453753
710744,453753
710603,453753
710721,453753
710673,453753
710710,453753
710632,453753
710718,453753
710658,453753
710732,453753
710765,453753
710777,453753
710610,453753
710745,453753
710402,453753
710350,453753
710715,453753
710624,453753
710583,453753
710574,453753
710666,453753
710686,453753
710727,453753
710750,453753
710752,453753
710765,453753
710814,453753
710719,453753
710765,453753
710738,453753
710775,453753
710776,453753
710839,453753
710766,453753
710673,453753
710717,453753
710774,453753
710844,453753
710866,453753
710813,453753
710777,453753
710778,453753
710763,453753
710714,453753
710627,453753
710734,453753
710752,453753
710717,453753
710774,453753
710759,453753
710739,453753
710663,453753
710620,453753
710647,453753
710634,453753
709750,453753
709918,453753
710745,453753
710676,453753
710832,453753
710810,453753
710808,453753
710794,453753
710749,453753
710858,453753
710832,453753
710499,453753
710203,453753
710292,453753
710198,453753
710383,453753
710567,453753
710744,453753
710653,453753
710636,453753
710759,453753
710757,453753
710522,453753
710724,453753
710701,453753
710667,453753
710763,453753
710615,453753
710563,453753
710665,453753
710723,453753
710762,453753
710768,453753
710585,453753
710685,453753
710304,453753
710370,453753
710543,453753
710423,453753
710831,453753
710809,453753
710770,453753
710766,453753
710661,453753
710767,453753
710829,453753
710770,453753
710825,453753
710816,453753
710669,453753
710566,453753
710578,453753
710830,453753
710825,453753
710812,453753
710700,453753
710653,453753
710590,453753
710761,453753
710650,453753
710788,453753
710806,453753
710744,453753
710726,453753
710710,453753
710728,453753
710733,453753
710751,453753
710551,453753
710512,453753
710739,453753
710736,453753
710628,453753
710641,453753
710599,453753
710666,453753
710687,453753
710494,453753
710681,453753
710819,453753
710612,453753
710159,453753
710643,453753
710678,453753
710566,453753
710627,453753
710148,453753
710746,453753
710708,453753
710688,453753
710341,453753
710664,453753
710614,453753
710570,453753
710515,453753
710780,453753
710790,453753
710669,453753
710485,453753
710673,453753
710641,453753
710747,453753
710706,453753
710642,453753
710764,453753
710754,453753
710728,453753
710764,453753
710810,453753
710812,453753
710820,453753
710816,453753
710793,453753
710829,453753
710796,453753
710716,453753
710755,453753
710837,453753
710807,453753
710829,453753
710776,453753
710872,453753
710741,453753
710810,453753
710813,453753
710743,453753
710746,453753
710740,453753
710809,453753
710771,453753
710706,453753
710522,453753
710217,453753
710104,453753
710621,453753
710725,453753
710613,453753
710597,453753
710662,453753
710713,453753
710787,453753
710701,453753
710725,453753
710666,453753
710561,453753
710629,453753
710688,453753
710664,453753
710557,453753
710208,453753
710675,453753
710698,453753
710749,453753
710696,453753
710735,453753
710608,453753
710733,453753
710731,453753
710561,453753
710475,453753
710674,453753
710340,453753
710317,453753
710715,453753
710598,453753
710777,453753
710565,453753
710654,453753
710065,453753
710752,453753
710724,453753
710740,453753
710833,453753
710854,453753
710808,453753
710840,453753
710830,453753
710759,453753
710767,453753
710813,453753
710862,453753
710800,453753
710815,453753
710705,453753
710820,453753
710714,453753
710775,453753
710693,453753
710781,453753
710727,453753
710709,453753
710689,453753
710738,453753
710668,453753
710743,453753
710543,453753
710141,453753
710536,453753
710557,453753
709892,453753
710387,453753
710538,453753
710691,453753
710592,453753
710439,453753
710493,453753
710427,453753
710606,453753
710719,453753
710724,453753
710561,453753
710611,453753
710657,453753
710639,453753
710598,453753
710564,453753
710402,453753
710546,453753
710728,453753
710730,453753
710744,453753
710741,453753
710734,453753
710827,453753
710302,453753
710623,453753
710660,453753
710693,453753
710772,453753
710765,453753
710814,453753
710752,453753
710785,453753
710807,453753
710806,453753
710794,453753
710758,453753
710587,453753
710624,453753
710696,453753
710745,453753
710767,453753
710647,453753
710810,453753
710747,453753
710790,453753
710752,453753
710601,453753
710712,453753
710696,453753
710761,453753
710477,453753
710741,453753
710773,453753
710724,453753
710753,453753
710701,453753
710652,453753
710640,453753
710644,453753
710451,453753
709757,453753
710622,453753
710694,453753
710739,453753
710823,453753
710796,453753
710645,453753
710541,453753
710678,453753
710741,453753
710430,453753
710589,453753
710779,453753
710704,453753
710750,453753
710720,453753
710570,453753
710579,453753
710521,453753
710658,453753
710814,453753
710681,453753
710839,453753
710801,453753
710715,453753
710736,453753
710799,453753
710706,453753
710866,453753
710879,453753
710806,453753
710685,453753
710591,453753
710719,453753
710660,453753
710758,453753
710774,453753
710453,453753
709768,453753
710027,453753
710715,453753
710737,453753
710764,453753
710685,453753
710710,453753
710550,453753
710768,453753
710732,453753
710755,453753
710632,453753
710713,453753
710701,453753
710172,453753
710540,453753
710686,453753
710670,453753
710694,453753
710610,453753
710658,453753
710775,453753
710808,453753
710724,453753
710632,453753
710699,453753
710542,453753
710595,453753
710699,453753
710817,453753
710676,453753
710679,453753
710653,453753
710487,453753
710573,453753
710761,453753
710790,453753
710806,453753
710799,453753
710835,453753
710703,453753
710780,453753
710781,453753
710744,453753
710803,453753
710787,453753
710719,453753
710742,453753
710825,453753
710836,453753
710715,453753
710755,453753
710797,453753
710818,453753
710735,453753
710602,453753
710771,453753
710638,453753
710815,453753
710504,453753
710690,453753
710453,453753
710269,453753
710723,453753
710641,453753
710713,453753
710805,453753
710709,453753
710711,453753
710753,453753
710773,453753
710803,453753
710746,453753
710578,453753
710496,453753
710698,453753
710650,453753
710685,453753
710770,453753
710736,453753
710620,453753
710719,453753
710658,453753
710762,453753
710703,453753
710598,453753
710771,453753
710768,453753
710822,453753
710784,453753
710842,453753
710687,453753
710696,453753
710793,453753
710761,453753
710778,453753
710762,453753
710739,453753
710783,453753
710756,453753
710778,453753
710792,453753
710664,453753
710621,453753
710727,453753
710766,453753
710823,453753
710667,453753
710471,453753
710268,453753
710648,453753
710718,453753
710729,453753
710590,453753
710723,453753
710611,453753
710630,453753
710657,453753
710759,453753
710671,453753
709674,453753
710752,453753
710765,453753
710671,453753
710729,453753
710590,453753
710648,453753
710699,453753
710605,453753
710405,453753
710679,453753
710704,453753
710767,453753
710742,453753
710823,453753
710746,453753
710759,453753
710751,453753
710794,453753
710751,453753
710863,453753
710734,453753
710678,453753
709943,453753
710791,453753
710509,453753
710396,453753
710634,453753
710626,453753
710828,453753
710715,453753
710720,453753
710864,453753
710827,453753
710780,453753
710669,453753
710630,453753
710755,453753
710796,453753
710691,453753
710652,453753
710715,453753
707839,453753
703183,453753
709314,453753
710581,453753
710534,453753
710521,453753
710757,453753
710595,453753
710733,453753
710793,453753
710662,453753
710103,453753
710566,453753
710577,453753
710712,453753
710813,453753
710713,453753
710600,453753
710539,453753
710681,453753
710702,453753
710769,453753
710767,453753
710790,453753
710841,453753
710742,453753
710550,453753
710839,453753
710790,453753
710809,453753
710833,453753
710719,453753
710759,453753
710814,453753
710847,453753
710823,453753
710684,453753
710778,453753
710754,453753
710729,453753
710723,453753
710743,453753
710787,453753
710655,453753
710717,453753
710489,453753
709901,453753
710612,453753
710725,453753
710522,453753
710584,453753
710617,453753
710630,453753
710612,453753
710672,453753
710805,453753
710743,453753
710668,453753
710756,453753
710713,453753
710476,453753
710514,453753
710749,453753
710706,453753
710605,453753
710761,453753
710716,453753
710742,453753
710772,453753
710645,453753
710610,453753
710813,453753
710814,453753
710654,453753
710471,453753
710835,453753
710870,453753
710845,453753
710836,453753
710683,453753
710575,453753
710867,453753
710724,453753
710738,453753
710817,453753
710813,453753
710832,453753
710757,453753
710778,453753
710747,453753
710719,453753
710780,453753
710652,453753
710655,453753
710392,453753
710625,453753
710645,453753
710608,453753
710730,453753
710844,453753
710698,453753
710717,453753
710685,453753
710591,453753
710710,453753
710789,453753
710694,453753
710752,453753
710779,453753
710724,453753
710880,453753
710868,453753
710827,453753
710718,453753
710808,453753
710703,453753
710782,453753
710815,453753
710815,453753
710783,453753
710804,453753
710858,453753
710725,453753
710605,453753
710545,453753
710581,453753
710687,453753
710743,453753
710382,453753
710783,453753
710631,453753
710679,453753
710661,453753
710631,453753
710596,453753
710727,453753
710660,453753
710705,453753
710724,453753
710747,453753
710787,453753
710757,453753
710713,453753
710853,453753
710807,453753
710825,453753
710779,453753
710647,453753
710777,453753
710872,453753
710839,453753
710757,453753
710845,453753
710788,453753
710733,453753
710508,453753
710774,453753
710533,453753
710719,453753
710723,453753
710798,453753
710742,453753
710679,453753
710745,453753
710813,453753
710285,453753
710525,453753
710623,453753
710728,453753
710223,453753
710743,453753
710745,453753
710831,453753
710880,453753
710798,453753
710870,453753
710814,453753
710800,453753
710805,453753
710608,453753
710672,453753
710864,453753
710801,453753
710793,453753
710755,453753
710792,453753
710778,453753
710816,453753
710699,453753
710735,453753
710827,453753
710604,453753
710558,453753
710794,453753
710749,453753
710844,453753
710718,453753
710689,453753
710775,453753
710734,453753
710317,453753
710368,453753
710628,453753
710712,453753
710795,453753
710842,453753
710757,453753
710781,453753
710792,453753
710816,453753
710848,453753
710640,453753
710471,453753
710775,453753
710824,453753
710660,453753
710652,453753
710868,453753
710877,453753
710891,453753
710785,453753
710600,453753
710557,453753
710527,453753
710826,453753
710748,453753
710626,453753
710438,453753
710475,453753
710146,453753
710782,453753
710720,453753
710867,453753
710534,453753
710737,453753
710785,453753
710804,453753
710814,453753
710842,453753
710804,453753
710823,453753
710730,453753
710776,453753
710588,453753
710702,453753
710872,453753
710883,453753
710904,453753
710806,453753
710810,453753
710812,453753
710695,453753
710762,453753
710771,453753
710745,453753
710675,453753
710675,453753
710718,453753
710596,453753
710635,453753
710734,453753
710704,453753
710491,453753
710741,453753
710767,453753
710794,453753
710719,453753
710721,453753
710811,453753
710773,453753
710828,453753
710755,453753
710828,453753
710800,453753
710750,453753
710797,453753
710848,453753
710797,453753
710779,453753
710610,453753
710075,453753
710697,453753
710720,453753
710757,453753
710546,453753
710186,453753
710621,453753
710770,453753
710694,453753
710428,453753
710597,453753
710547,453753
710069,453753
710610,453753
710766,453753
710788,453753
710660,453753
710845,453753
710052,453753
710421,453753
710574,453753
710664,453753
710824,453753
710669,453753
710832,453753
710852,453753
710848,453753
710787,453753
710732,453753
710825,453753
710735,453753
710692,453753
710640,453753
710428,453753
710328,453753
710651,453753
710775,453753
710782,453753
710689,453753
710736,453753
710810,453753
710819,453753
710844,453753
710822,453753
710853,453753
710821,453753
710793,453753
710677,453753
710879,453753
710860,453753
710827,453753
710783,453753
710826,453753
710772,453753
710724,453753
710734,453753
710755,453753
710751,453753
710794,453753
710829,453753
710758,453753
710672,453753
710508,453753
710805,453753
710792,453753
710764,453753
710845,453753
710748,453753
710383,453753
710727,453753
710818,453753
710777,453753
710440,453753
710538,453753
710862,453753
710835,453753
710840,453753
710913,453546
