TRACE,NSNPS_JACKKNIFE
708756,453753
708741,453753
708677,453753
708683,453753
708678,453753
708759,453753
708619,453753
708616,453753
708668,453753
708585,453753
708659,453753
708488,453753
708746,453753
708636,453753
708701,453753
708639,453753
708555,453753
708359,453753
708421,453753
708579,453753
708662,453753
708740,453753
708657,453753
708691,453753
708682,453753
708675,453753
708511,453753
708503,453753
708606,453753
708636,453753
708594,453753
708604,453753
708624,453753
708585,453753
708647,453753
708646,453753
708618,453753
708544,453753
708673,453753
708697,453753
708699,453753
708667,453753
708586,453753
708348,453753
708485,453753
708598,453753
708638,453753
708658,453753
708699,453753
708693,453753
708722,453753
708466,453753
708536,453753
708601,453753
708510,453753
708621,453753
708620,453753
708409,453753
708501,453753
708506,453753
708668,453753
708706,453753
708701,453753
708709,453753
708615,453753
708673,453753
708659,453753
708553,453753
708567,453753
708527,453753
708291,453753
708665,453753
708678,453753
708763,453753
708730,453753
708716,453753
708758,453753
708676,453753
708761,453753
708665,453753
708467,453753
708630,453753
708714,453753
708784,453753
708760,453753
708733,453753
708739,453753
708756,453753
708682,453753
708680,453753
708519,453753
708411,453753
708661,453753
707923,453753
708650,453753
708588,453753
708644,453753
708691,453753
708646,453753
708728,453753
708525,453753
708630,453753
708542,453753
708457,453753
708443,453753
708532,453753
708680,453753
708672,453753
708668,453753
708638,453753
708708,453753
708585,453753
708542,453753
708443,453753
708368,453753
708504,453753
708641,453753
708620,453753
708541,453753
708454,453753
708529,453753
708730,453753
708556,453753
708648,453753
708702,453753
708606,453753
708575,453753
708622,453753
708523,453753
708612,453753
708551,453753
708622,453753
708562,453753
708657,453753
708536,453753
708632,453753
708710,453753
708682,453753
708488,453753
708636,453753
708354,453753
708227,453753
708611,453753
708530,453753
708544,453753
708501,453753
708614,453753
708607,453753
708654,453753
708672,453753
708647,453753
708713,453753
708681,453753
708668,453753
708646,453753
708687,453753
708690,453753
708718,453753
708733,453753
708661,453753
708631,453753
708639,453753
708704,453753
708772,453753
708784,453753
708746,453753
708685,453753
708696,453753
708677,453753
708646,453753
708556,453753
708673,453753
708691,453753
708682,453753
708694,453753
708650,453753
708657,453753
708606,453753
708552,453753
708581,453753
708513,453753
707548,453753
707776,453753
708613,453753
708565,453753
708735,453753
708711,453753
708729,453753
708701,453753
708667,453753
708777,453753
708718,453753
708469,453753
708167,453753
708247,453753
708059,453753
708313,453753
708540,453753
708687,453753
708589,453753
708612,453753
708698,453753
708649,453753
708377,453753
708622,453753
708639,453753
708626,453753
708667,453753
708537,453753
708427,453753
708567,453753
708656,453753
708695,453753
708713,453753
708527,453753
708584,453753
708204,453753
708165,453753
708394,453753
708407,453753
708765,453753
708697,453753
708686,453753
708689,453753
708562,453753
708715,453753
708751,453753
708703,453753
708710,453753
708751,453753
708635,453753
708450,453753
708456,453753
708749,453753
708762,453753
708733,453753
708573,453753
708588,453753
708506,453753
708669,453753
708564,453753
708669,453753
708749,453753
708649,453753
708646,453753
708629,453753
708602,453753
708643,453753
708690,453753
708461,453753
708433,453753
708665,453753
708650,453753
708528,453753
708584,453753
708592,453753
708576,453753
708637,453753
708416,453753
708630,453753
708709,453753
708554,453753
708140,453753
708575,453753
708621,453753
708542,453753
708557,453753
708238,453753
708681,453753
708657,453753
708594,453753
708343,453753
708621,453753
708562,453753
708487,453753
708413,453753
708691,453753
708681,453753
708616,453753
708369,453753
708636,453753
708603,453753
708742,453753
708656,453753
708541,453753
708672,453753
708707,453753
708613,453753
708636,453753
708721,453753
708731,453753
708756,453753
708737,453753
708717,453753
708751,453753
708718,453753
708646,453753
708629,453753
708784,453753
708696,453753
708733,453753
708703,453753
708794,453753
708655,453753
708678,453753
708734,453753
708675,453753
708653,453753
708639,453753
708734,453753
708717,453753
708647,453753
708448,453753
708156,453753
707958,453753
708492,453753
708608,453753
708510,453753
708519,453753
708616,453753
708608,453753
708679,453753
708657,453753
708621,453753
708582,453753
708576,453753
708579,453753
708601,453753
708578,453753
708448,453753
708041,453753
708531,453753
708643,453753
708687,453753
708611,453753
708669,453753
708528,453753
708664,453753
708696,453753
708489,453753
708424,453753
708581,453753
708219,453753
708157,453753
708637,453753
708527,453753
708677,453753
708487,453753
708596,453753
707627,453753
708655,453753
708660,453753
708674,453753
708773,453753
708772,453753
708725,453753
708783,453753
708756,453753
708693,453753
708684,453753
708684,453753
708783,453753
708701,453753
708710,453753
708646,453753
708700,453753
708652,453753
708706,453753
708615,453753
708678,453753
708657,453753
708648,453753
708616,453753
708648,453753
708635,453753
708634,453753
708497,453753
708157,453753
708482,453753
708460,453753
707894,453753
708289,453753
708417,453753
708603,453753
708500,453753
708355,453753
708406,453753
708295,453753
708529,453753
708657,453753
708596,453753
708474,453753
708543,453753
708627,453753
708606,453753
708559,453753
708491,453753
708229,453753
708396,453753
708671,453753
708645,453753
708659,453753
708711,453753
708644,453753
708750,453753
708145,453753
708565,453753
708613,453753
708614,453753
708694,453753
708680,453753
708714,453753
708638,453753
708720,453753
708747,453753
708705,453753
708719,453753
708679,453753
708517,453753
708571,453753
708583,453753
708634,453753
708660,453753
708581,453753
708709,453753
708658,453753
708703,453753
708690,453753
708488,453753
708615,453753
708635,453753
708679,453753
708237,453753
708636,453753
708652,453753
708669,453753
708664,453753
708594,453753
708589,453753
708548,453753
708573,453753
708415,453753
707607,453753
708550,453753
708638,453753
708669,453753
708703,453753
708723,453753
708560,453753
708495,453753
708587,453753
708624,453753
708422,453753
708475,453753
708712,453753
708638,453753
708684,453753
708647,453753
708531,453753
708494,453753
708485,453753
708578,453753
708709,453753
708593,453753
708752,453753
708720,453753
708625,453753
708675,453753
708721,453753
708649,453753
708779,453753
708778,453753
708700,453753
708581,453753
708529,453753
708615,453753
708600,453753
708679,453753
708679,453753
708299,453753
707426,453753
707689,453753
708620,453753
708650,453753
708708,453753
708594,453753
708649,453753
708492,453753
708680,453753
708646,453753
708676,453753
708503,453753
708638,453753
708619,453753
708092,453753
708485,453753
708633,453753
708597,453753
708650,453753
708597,453753
708572,453753
708726,453753
708722,453753
708618,453753
708532,453753
708622,453753
708473,453753
708538,453753
708647,453753
708720,453753
708607,453753
708576,453753
708556,453753
708444,453753
708461,453753
708682,453753
708681,453753
708701,453753
708703,453753
708729,453753
708596,453753
708687,453753
708679,453753
708672,453753
708713,453753
708734,453753
708638,453753
708628,453753
708711,453753
708720,453753
708653,453753
708714,453753
708706,453753
708714,453753
708691,453753
708571,453753
708717,453753
708541,453753
708719,453753
708440,453753
708620,453753
708321,453753
708172,453753
708641,453753
708545,453753
708589,453753
708716,453753
708617,453753
708625,453753
708681,453753
708677,453753
708744,453753
708692,453753
708493,453753
708440,453753
708609,453753
708609,453753
708603,453753
708685,453753
708621,453753
708512,453753
708650,453753
708591,453753
708695,453753
708630,453753
708580,453753
708672,453753
708679,453753
708738,453753
708688,453753
708768,453753
708597,453753
708603,453753
708740,453753
708721,453753
708667,453753
708646,453753
708680,453753
708698,453753
708709,453753
708695,453753
708703,453753
708566,453753
708570,453753
708641,453753
708673,453753
708689,453753
708569,453753
708384,453753
708048,453753
708571,453753
708617,453753
708661,453753
708535,453753
708635,453753
708521,453753
708562,453753
708588,453753
708675,453753
708566,453753
707478,453753
708661,453753
708687,453753
708581,453753
708670,453753
708509,453753
708582,453753
708661,453753
708547,453753
708301,453753
708588,453753
708652,453753
708701,453753
708683,453753
708762,453753
708647,453753
708688,453753
708669,453753
708741,453753
708689,453753
708773,453753
708663,453753
708603,453753
708123,453753
708712,453753
708445,453753
708286,453753
708565,453753
708548,453753
708754,453753
708600,453753
708627,453753
708764,453753
708736,453753
708691,453753
708557,453753
708590,453753
708628,453753
708711,453753
708616,453753
708601,453753
708651,453753
706229,453753
702820,453753
707438,453753
708521,453753
708444,453753
708424,453753
708665,453753
708495,453753
708618,453753
708744,453753
708587,453753
707907,453753
708417,453753
708516,453753
708625,453753
708712,453753
708624,453753
708451,453753
708463,453753
708573,453753
708616,453753
708659,453753
708683,453753
708671,453753
708759,453753
708706,453753
708496,453753
708773,453753
708727,453753
708751,453753
708767,453753
708651,453753
708682,453753
708709,453753
708755,453753
708702,453753
708596,453753
708684,453753
708691,453753
708646,453753
708650,453753
708667,453753
708716,453753
708626,453753
708631,453753
708354,453753
707779,453753
708515,453753
708607,453753
708396,453753
708462,453753
708546,453753
708567,453753
708538,453753
708657,453753
708733,453753
708636,453753
708570,453753
708690,453753
708635,453753
708379,453753
708426,453753
708668,453753
708620,453753
708563,453753
708694,453753
708627,453753
708621,453753
708666,453753
708577,453753
708543,453753
708704,453753
708759,453753
708567,453753
708419,453753
708750,453753
708788,453753
708766,453753
708753,453753
708613,453753
708520,453753
708779,453753
708671,453753
708670,453753
708740,453753
708753,453753
708749,453753
708652,453753
708663,453753
708663,453753
708656,453753
708711,453753
708576,453753
708523,453753
708372,453753
708561,453753
708576,453753
708508,453753
708616,453753
708744,453753
708636,453753
708638,453753
708602,453753
708533,453753
708604,453753
708695,453753
708613,453753
708654,453753
708689,453753
708689,453753
708814,453753
708762,453753
708744,453753
708619,453753
708709,453753
708651,453753
708745,453753
708765,453753
708736,453753
708683,453753
708726,453753
708768,453753
708654,453753
708580,453753
708514,453753
708466,453753
708600,453753
708681,453753
708372,453753
708682,453753
708582,453753
708588,453753
708565,453753
708568,453753
708518,453753
708689,453753
708543,453753
708643,453753
708666,453753
708662,453753
708697,453753
708699,453753
708649,453753
708772,453753
708721,453753
708754,453753
708704,453753
708619,453753
708658,453753
708799,453753
708756,453753
708692,453753
708790,453753
708747,453753
708625,453753
708375,453753
708658,453753
708466,453753
708651,453753
708654,453753
708731,453753
708683,453753
708571,453753
708665,453753
708730,453753
708211,453753
708425,453753
708517,453753
708680,453753
708183,453753
708669,453753
708638,453753
708736,453753
708796,453753
708773,453753
708788,453753
708736,453753
708665,453753
708735,453753
708531,453753
708586,453753
708782,453753
708730,453753
708708,453753
708666,453753
708702,453753
708708,453753
708748,453753
708652,453753
708682,453753
708729,453753
708540,453753
708507,453753
708732,453753
708668,453753
708741,453753
708641,453753
708572,453753
708673,453753
708636,453753
708325,453753
708338,453753
708535,453753
708639,453753
708711,453753
708760,453753
708668,453753
708685,453753
708701,453753
708744,453753
708748,453753
708539,453753
708387,453753
708669,453753
708724,453753
708644,453753
708534,453753
708762,453753
708788,453753
708779,453753
708694,453753
708545,453753
708516,453753
708521,453753
708742,453753
708662,453753
708554,453753
708276,453753
708366,453753
708163,453753
708727,453753
708659,453753
708773,453753
708406,453753
708644,453753
708712,453753
708717,453753
708751,453753
708765,453753
708740,453753
708750,453753
708704,453753
708741,453753
708542,453753
708594,453753
708782,453753
708796,453753
708828,453753
708743,453753
708753,453753
708701,453753
708609,453753
708684,453753
708681,453753
708662,453753
708603,453753
708595,453753
708659,453753
708495,453753
708518,453753
708615,453753
708594,453753
708422,453753
708652,453753
708697,453753
708740,453753
708675,453753
708649,453753
708725,453753
708699,453753
708759,453753
708687,453753
708755,453753
708716,453753
708658,453753
708716,453753
708763,453753
708703,453753
708681,453753
708523,453753
708021,453753
708610,453753
708638,453753
708682,453753
708396,453753
708130,453753
708614,453753
708689,453753
708629,453753
708251,453753
708490,453753
708484,453753
708141,453753
708590,453753
708703,453753
708725,453753
708625,453753
708766,453753
708039,453753
708376,453753
708577,453753
708617,453753
708771,453753
708591,453753
708776,453753
708788,453753
708774,453753
708712,453753
708651,453753
708725,453753
708675,453753
708603,453753
708575,453753
708286,453753
708238,453753
708602,453753
708660,453753
708687,453753
708609,453753
708647,453753
708708,453753
708760,453753
708767,453753
708737,453753
708762,453753
708769,453753
708719,453753
708578,453753
708772,453753
708758,453753
708728,453753
708688,453753
708748,453753
708696,453753
708665,453753
708662,453753
708660,453753
708661,453753
708734,453753
708777,453753
708666,453753
708603,453753
708468,453753
708716,453753
708748,453753
708681,453753
708758,453753
708647,453753
708288,453753
708606,453753
708729,453753
708742,453753
708329,453753
708445,453753
708751,453753
708723,453753
708725,453753
708816,453546
