TRACE,NSNPS_JACKKNIFE
712771,453753
712721,453753
712666,453753
712692,453753
712632,453753
712720,453753
712580,453753
712590,453753
712663,453753
712606,453753
712652,453753
712501,453753
712744,453753
712642,453753
712698,453753
712681,453753
712555,453753
712308,453753
712414,453753
712495,453753
712687,453753
712695,453753
712631,453753
712691,453753
712708,453753
712660,453753
712537,453753
712514,453753
712603,453753
712629,453753
712637,453753
712610,453753
712622,453753
712590,453753
712646,453753
712632,453753
712621,453753
712535,453753
712664,453753
712671,453753
712678,453753
712665,453753
712570,453753
712325,453753
712423,453753
712591,453753
712611,453753
712650,453753
712708,453753
712668,453753
712709,453753
712455,453753
712505,453753
712567,453753
712438,453753
712603,453753
712630,453753
712423,453753
712557,453753
712504,453753
712675,453753
712728,453753
712670,453753
712661,453753
712605,453753
712698,453753
712592,453753
712561,453753
712583,453753
712529,453753
712310,453753
712663,453753
712688,453753
712768,453753
712738,453753
712731,453753
712763,453753
712677,453753
712747,453753
712634,453753
712476,453753
712667,453753
712752,453753
712768,453753
712763,453753
712690,453753
712730,453753
712750,453753
712696,453753
712687,453753
712525,453753
712445,453753
712691,453753
711767,453753
712685,453753
712559,453753
712636,453753
712624,453753
712668,453753
712702,453753
712578,453753
712628,453753
712536,453753
712432,453753
712487,453753
712502,453753
712671,453753
712660,453753
712676,453753
712597,453753
712684,453753
712639,453753
712581,453753
712477,453753
712376,453753
712487,453753
712639,453753
712654,453753
712543,453753
712454,453753
712505,453753
712724,453753
712548,453753
712590,453753
712667,453753
712626,453753
712536,453753
712596,453753
712523,453753
712643,453753
712524,453753
712641,453753
712562,453753
712673,453753
712490,453753
712658,453753
712687,453753
712687,453753
712488,453753
712622,453753
712282,453753
712196,453753
712580,453753
712488,453753
712509,453753
712519,453753
712622,453753
712570,453753
712667,453753
712686,453753
712663,453753
712665,453753
712701,453753
712647,453753
712655,453753
712686,453753
712672,453753
712679,453753
712734,453753
712705,453753
712584,453753
712601,453753
712673,453753
712774,453753
712782,453753
712751,453753
712713,453753
712713,453753
712708,453753
712637,453753
712536,453753
712618,453753
712669,453753
712641,453753
712696,453753
712624,453753
712639,453753
712573,453753
712547,453753
712577,453753
712518,453753
711648,453753
711652,453753
712648,453753
712539,453753
712727,453753
712716,453753
712711,453753
712712,453753
712644,453753
712750,453753
712704,453753
712437,453753
712117,453753
712245,453753
712026,453753
712258,453753
712434,453753
712622,453753
712605,453753
712586,453753
712701,453753
712633,453753
712409,453753
712623,453753
712636,453753
712586,453753
712664,453753
712580,453753
712439,453753
712600,453753
712653,453753
712687,453753
712673,453753
712539,453753
712572,453753
712210,453753
712281,453753
712464,453753
712347,453753
712740,453753
712722,453753
712667,453753
712654,453753
712556,453753
712705,453753
712722,453753
712694,453753
712735,453753
712735,453753
712610,453753
712445,453753
712465,453753
712743,453753
712774,453753
712729,453753
712602,453753
712608,453753
712499,453753
712642,453753
712551,453753
712724,453753
712736,453753
712669,453753
712659,453753
712634,453753
712594,453753
712701,453753
712667,453753
712459,453753
712426,453753
712651,453753
712640,453753
712514,453753
712553,453753
712515,453753
712589,453753
712621,453753
712376,453753
712614,453753
712695,453753
712487,453753
712148,453753
712554,453753
712596,453753
712504,453753
712510,453753
712244,453753
712659,453753
712644,453753
712613,453753
712283,453753
712567,453753
712550,453753
712507,453753
712465,453753
712675,453753
712674,453753
712567,453753
712365,453753
712603,453753
712556,453753
712668,453753
712590,453753
712568,453753
712671,453753
712675,453753
712618,453753
712639,453753
712725,453753
712751,453753
712727,453753
712741,453753
712699,453753
712768,453753
712706,453753
712612,453753
712644,453753
712768,453753
712672,453753
712714,453753
712693,453753
712778,453753
712641,453753
712730,453753
712710,453753
712658,453753
712678,453753
712641,453753
712732,453753
712715,453753
712636,453753
712452,453753
712200,453753
711944,453753
712514,453753
712637,453753
712515,453753
712561,453753
712593,453753
712612,453753
712670,453753
712579,453753
712647,453753
712577,453753
712495,453753
712547,453753
712623,453753
712592,453753
712511,453753
712167,453753
712595,453753
712626,453753
712671,453753
712626,453753
712664,453753
712523,453753
712633,453753
712707,453753
712479,453753
712458,453753
712627,453753
712189,453753
712214,453753
712628,453753
712501,453753
712689,453753
712498,453753
712560,453753
711979,453753
712635,453753
712632,453753
712667,453753
712788,453753
712761,453753
712717,453753
712773,453753
712756,453753
712668,453753
712668,453753
712704,453753
712736,453753
712671,453753
712735,453753
712614,453753
712687,453753
712677,453753
712711,453753
712607,453753
712691,453753
712663,453753
712593,453753
712620,453753
712670,453753
712571,453753
712621,453753
712481,453753
712121,453753
712462,453753
712458,453753
711783,453753
712304,453753
712439,453753
712605,453753
712494,453753
712339,453753
712353,453753
712314,453753
712547,453753
712683,453753
712631,453753
712476,453753
712556,453753
712640,453753
712565,453753
712485,453753
712511,453753
712273,453753
712392,453753
712618,453753
712614,453753
712652,453753
712671,453753
712624,453753
712735,453753
712207,453753
712549,453753
712560,453753
712603,453753
712694,453753
712711,453753
712699,453753
712615,453753
712705,453753
712750,453753
712711,453753
712706,453753
712666,453753
712429,453753
712545,453753
712607,453753
712678,453753
712700,453753
712567,453753
712706,453753
712626,453753
712681,453753
712632,453753
712485,453753
712604,453753
712603,453753
712696,453753
712318,453753
712619,453753
712628,453753
712647,453753
712671,453753
712590,453753
712582,453753
712575,453753
712518,453753
712390,453753
711509,453753
712536,453753
712597,453753
712653,453753
712706,453753
712729,453753
712508,453753
712429,453753
712596,453753
712656,453753
712433,453753
712514,453753
712712,453753
712620,453753
712625,453753
712637,453753
712511,453753
712446,453753
712463,453753
712520,453753
712756,453753
712573,453753
712757,453753
712702,453753
712589,453753
712657,453753
712759,453753
712569,453753
712765,453753
712767,453753
712688,453753
712582,453753
712467,453753
712577,453753
712552,453753
712649,453753
712711,453753
712219,453753
711268,453753
711577,453753
712571,453753
712672,453753
712702,453753
712614,453753
712626,453753
712453,453753
712706,453753
712658,453753
712653,453753
712491,453753
712632,453753
712602,453753
712044,453753
712468,453753
712596,453753
712599,453753
712623,453753
712507,453753
712580,453753
712733,453753
712730,453753
712585,453753
712578,453753
712593,453753
712493,453753
712503,453753
712619,453753
712732,453753
712550,453753
712581,453753
712582,453753
712362,453753
712412,453753
712651,453753
712692,453753
712710,453753
712727,453753
712725,453753
712589,453753
712685,453753
712674,453753
712679,453753
712724,453753
712723,453753
712649,453753
712615,453753
712746,453753
712730,453753
712641,453753
712688,453753
712740,453753
712696,453753
712672,453753
712564,453753
712698,453753
712518,453753
712708,453753
712492,453753
712577,453753
712387,453753
712185,453753
712626,453753
712555,453753
712607,453753
712716,453753
712648,453753
712633,453753
712708,453753
712664,453753
712718,453753
712696,453753
712530,453753
712427,453753
712617,453753
712566,453753
712586,453753
712700,453753
712638,453753
712524,453753
712628,453753
712565,453753
712696,453753
712599,453753
712551,453753
712661,453753
712650,453753
712718,453753
712675,453753
712756,453753
712590,453753
712624,453753
712739,453753
712717,453753
712706,453753
712684,453753
712679,453753
712679,453753
712676,453753
712687,453753
712692,453753
712573,453753
712541,453753
712645,453753
712658,453753
712698,453753
712530,453753
712361,453753
712071,453753
712566,453753
712609,453753
712668,453753
712547,453753
712605,453753
712509,453753
712563,453753
712592,453753
712678,453753
712556,453753
711218,453753
712691,453753
712698,453753
712616,453753
712667,453753
712536,453753
712592,453753
712648,453753
712529,453753
712372,453753
712610,453753
712616,453753
712715,453753
712668,453753
712739,453753
712667,453753
712689,453753
712651,453753
712734,453753
712680,453753
712759,453753
712637,453753
712567,453753
712028,453753
712739,453753
712386,453753
712231,453753
712534,453753
712498,453753
712735,453753
712645,453753
712646,453753
712779,453753
712739,453753
712687,453753
712573,453753
712583,453753
712667,453753
712712,453753
712598,453753
712606,453753
712619,453753
709847,453753
705568,453753
711276,453753
712494,453753
712498,453753
712388,453753
712649,453753
712536,453753
712582,453753
712723,453753
712621,453753
712043,453753
712421,453753
712496,453753
712584,453753
712713,453753
712622,453753
712499,453753
712447,453753
712568,453753
712612,453753
712654,453753
712689,453753
712688,453753
712760,453753
712705,453753
712500,453753
712760,453753
712708,453753
712722,453753
712754,453753
712657,453753
712665,453753
712735,453753
712734,453753
712693,453753
712606,453753
712667,453753
712654,453753
712610,453753
712616,453753
712656,453753
712733,453753
712632,453753
712609,453753
712413,453753
711658,453753
712492,453753
712618,453753
712366,453753
712516,453753
712534,453753
712590,453753
712537,453753
712605,453753
712694,453753
712669,453753
712582,453753
712674,453753
712604,453753
712363,453753
712400,453753
712679,453753
712594,453753
712479,453753
712639,453753
712632,453753
712653,453753
712696,453753
712550,453753
712533,453753
712734,453753
712736,453753
712548,453753
712405,453753
712750,453753
712784,453753
712765,453753
712745,453753
712597,453753
712487,453753
712773,453753
712633,453753
712630,453753
712726,453753
712737,453753
712721,453753
712686,453753
712687,453753
712676,453753
712639,453753
712706,453753
712549,453753
712535,453753
712298,453753
712523,453753
712528,453753
712523,453753
712607,453753
712740,453753
712639,453753
712661,453753
712557,453753
712506,453753
712592,453753
712712,453753
712613,453753
712669,453753
712708,453753
712658,453753
712793,453753
712743,453753
712725,453753
712650,453753
712726,453753
712647,453753
712683,453753
712723,453753
712709,453753
712656,453753
712699,453753
712758,453753
712649,453753
712527,453753
712488,453753
712466,453753
712607,453753
712670,453753
712312,453753
712648,453753
712571,453753
712616,453753
712586,453753
712557,453753
712535,453753
712661,453753
712563,453753
712605,453753
712651,453753
712636,453753
712715,453753
712689,453753
712656,453753
712774,453753
712742,453753
712719,453753
712694,453753
712562,453753
712673,453753
712785,453753
712744,453753
712675,453753
712777,453753
712718,453753
712618,453753
712379,453753
712654,453753
712463,453753
712626,453753
712650,453753
712695,453753
712681,453753
712590,453753
712665,453753
712719,453753
712210,453753
712432,453753
712514,453753
712650,453753
712138,453753
712682,453753
712581,453753
712729,453753
712811,453753
712732,453753
712758,453753
712719,453753
712674,453753
712718,453753
712546,453753
712569,453753
712769,453753
712698,453753
712697,453753
712676,453753
712716,453753
712706,453753
712758,453753
712642,453753
712659,453753
712705,453753
712576,453753
712507,453753
712743,453753
712675,453753
712734,453753
712615,453753
712638,453753
712623,453753
712652,453753
712279,453753
712365,453753
712566,453753
712588,453753
712701,453753
712757,453753
712680,453753
712680,453753
712652,453753
712729,453753
712737,453753
712535,453753
712406,453753
712690,453753
712736,453753
712559,453753
712526,453753
712761,453753
712765,453753
712779,453753
712710,453753
712545,453753
712485,453753
712523,453753
712760,453753
712633,453753
712585,453753
712246,453753
712372,453753
712057,453753
712662,453753
712605,453753
712761,453753
712377,453753
712680,453753
712688,453753
712690,453753
712727,453753
712748,453753
712689,453753
712759,453753
712669,453753
712673,453753
712570,453753
712597,453753
712783,453753
712801,453753
712804,453753
712705,453753
712748,453753
712729,453753
712603,453753
712699,453753
712689,453753
712631,453753
712608,453753
712591,453753
712636,453753
712504,453753
712573,453753
712649,453753
712609,453753
712442,453753
712617,453753
712701,453753
712729,453753
712638,453753
712628,453753
712733,453753
712704,453753
712730,453753
712664,453753
712751,453753
712747,453753
712640,453753
712738,453753
712742,453753
712693,453753
712652,453753
712549,453753
712105,453753
712613,453753
712610,453753
712638,453753
712439,453753
712081,453753
712550,453753
712694,453753
712624,453753
712260,453753
712477,453753
712486,453753
712024,453753
712560,453753
712712,453753
712716,453753
712599,453753
712754,453753
711900,453753
712326,453753
712531,453753
712601,453753
712729,453753
712588,453753
712736,453753
712740,453753
712726,453753
712701,453753
712640,453753
712709,453753
712640,453753
712599,453753
712550,453753
712279,453753
712302,453753
712608,453753
712687,453753
712700,453753
712618,453753
712653,453753
712679,453753
712735,453753
712729,453753
712751,453753
712755,453753
712736,453753
712735,453753
712631,453753
712763,453753
712761,453753
712730,453753
712695,453753
712726,453753
712687,453753
712605,453753
712607,453753
712642,453753
712612,453753
712700,453753
712760,453753
712695,453753
712611,453753
712457,453753
712722,453753
712718,453753
712700,453753
712763,453753
712675,453753
712321,453753
712637,453753
712725,453753
712688,453753
712332,453753
712454,453753
712751,453753
712715,453753
712732,453753
712825,453546
