TRACE,NSNPS_JACKKNIFE
710889,453753
710879,453753
710817,453753
710807,453753
710757,453753
710831,453753
710711,453753
710691,453753
710800,453753
710705,453753
710770,453753
710624,453753
710849,453753
710726,453753
710807,453753
710780,453753
710684,453753
710460,453753
710520,453753
710599,453753
710801,453753
710821,453753
710764,453753
710811,453753
710823,453753
710777,453753
710626,453753
710617,453753
710719,453753
710732,453753
710744,453753
710738,453753
710738,453753
710714,453753
710770,453753
710767,453753
710713,453753
710703,453753
710763,453753
710803,453753
710803,453753
710784,453753
710744,453753
710593,453753
710568,453753
710710,453753
710742,453753
710783,453753
710830,453753
710826,453753
710837,453753
710531,453753
710626,453753
710710,453753
710627,453753
710761,453753
710746,453753
710560,453753
710690,453753
710657,453753
710756,453753
710840,453753
710809,453753
710757,453753
710740,453753
710806,453753
710768,453753
710699,453753
710722,453753
710649,453753
710402,453753
710793,453753
710809,453753
710883,453753
710848,453753
710815,453753
710876,453753
710831,453753
710849,453753
710809,453753
710618,453753
710793,453753
710845,453753
710864,453753
710892,453753
710848,453753
710841,453753
710885,453753
710786,453753
710802,453753
710577,453753
710550,453753
710811,453753
709955,453753
710781,453753
710655,453753
710772,453753
710761,453753
710798,453753
710857,453753
710641,453753
710701,453753
710626,453753
710566,453753
710628,453753
710594,453753
710787,453753
710806,453753
710804,453753
710793,453753
710802,453753
710706,453753
710690,453753
710531,453753
710497,453753
710610,453753
710764,453753
710760,453753
710663,453753
710601,453753
710601,453753
710838,453753
710717,453753
710750,453753
710791,453753
710682,453753
710686,453753
710776,453753
710675,453753
710732,453753
710657,453753
710750,453753
710655,453753
710753,453753
710636,453753
710763,453753
710806,453753
710802,453753
710582,453753
710754,453753
710432,453753
710299,453753
710730,453753
710634,453753
710561,453753
710598,453753
710686,453753
710695,453753
710764,453753
710756,453753
710765,453753
710815,453753
710827,453753
710749,453753
710759,453753
710775,453753
710790,453753
710820,453753
710872,453753
710782,453753
710684,453753
710742,453753
710819,453753
710883,453753
710893,453753
710861,453753
710824,453753
710827,453753
710799,453753
710758,453753
710666,453753
710815,453753
710818,453753
710784,453753
710845,453753
710766,453753
710808,453753
710734,453753
710662,453753
710722,453753
710672,453753
709784,453753
709950,453753
710758,453753
710690,453753
710832,453753
710811,453753
710870,453753
710838,453753
710760,453753
710893,453753
710836,453753
710571,453753
710320,453753
710345,453753
710185,453753
710413,453753
710591,453753
710774,453753
710727,453753
710746,453753
710822,453753
710780,453753
710549,453753
710765,453753
710750,453753
710709,453753
710795,453753
710635,453753
710520,453753
710712,453753
710765,453753
710819,453753
710832,453753
710686,453753
710716,453753
710333,453753
710324,453753
710569,453753
710456,453753
710859,453753
710861,453753
710804,453753
710828,453753
710688,453753
710799,453753
710861,453753
710815,453753
710845,453753
710854,453753
710678,453753
710596,453753
710596,453753
710869,453753
710871,453753
710845,453753
710732,453753
710742,453753
710608,453753
710813,453753
710705,453753
710832,453753
710868,453753
710769,453753
710764,453753
710749,453753
710745,453753
710755,453753
710815,453753
710587,453753
710538,453753
710795,453753
710759,453753
710625,453753
710709,453753
710662,453753
710686,453753
710709,453753
710476,453753
710751,453753
710832,453753
710639,453753
710273,453753
710704,453753
710699,453753
710672,453753
710667,453753
710278,453753
710796,453753
710754,453753
710719,453753
710447,453753
710706,453753
710658,453753
710647,453753
710606,453753
710824,453753
710801,453753
710740,453753
710566,453753
710733,453753
710686,453753
710773,453753
710770,453753
710678,453753
710809,453753
710815,453753
710691,453753
710750,453753
710827,453753
710884,453753
710830,453753
710854,453753
710856,453753
710868,453753
710836,453753
710746,453753
710766,453753
710886,453753
710824,453753
710859,453753
710808,453753
710911,453753
710809,453753
710814,453753
710798,453753
710758,453753
710806,453753
710744,453753
710832,453753
710829,453753
710758,453753
710571,453753
710248,453753
710082,453753
710668,453753
710769,453753
710633,453753
710692,453753
710740,453753
710778,453753
710828,453753
710732,453753
710790,453753
710711,453753
710621,453753
710650,453753
710712,453753
710716,453753
710645,453753
710179,453753
710698,453753
710782,453753
710777,453753
710754,453753
710774,453753
710618,453753
710760,453753
710828,453753
710635,453753
710471,453753
710715,453753
710382,453753
710341,453753
710765,453753
710618,453753
710770,453753
710702,453753
710700,453753
709916,453753
710814,453753
710775,453753
710773,453753
710908,453753
710893,453753
710871,453753
710881,453753
710904,453753
710795,453753
710780,453753
710871,453753
710872,453753
710822,453753
710861,453753
710761,453753
710843,453753
710785,453753
710825,453753
710708,453753
710791,453753
710772,453753
710712,453753
710737,453753
710775,453753
710746,453753
710799,453753
710599,453753
710267,453753
710612,453753
710536,453753
709940,453753
710383,453753
710582,453753
710719,453753
710661,453753
710510,453753
710535,453753
710444,453753
710606,453753
710767,453753
710771,453753
710631,453753
710664,453753
710752,453753
710690,453753
710576,453753
710625,453753
710448,453753
710564,453753
710791,453753
710766,453753
710759,453753
710766,453753
710803,453753
710867,453753
710314,453753
710737,453753
710738,453753
710737,453753
710813,453753
710780,453753
710841,453753
710776,453753
710837,453753
710877,453753
710838,453753
710827,453753
710797,453753
710599,453753
710668,453753
710745,453753
710748,453753
710806,453753
710660,453753
710828,453753
710771,453753
710832,453753
710777,453753
710665,453753
710748,453753
710749,453753
710804,453753
710422,453753
710746,453753
710806,453753
710809,453753
710807,453753
710735,453753
710732,453753
710708,453753
710648,453753
710489,453753
709751,453753
710644,453753
710718,453753
710809,453753
710852,453753
710830,453753
710671,453753
710637,453753
710715,453753
710758,453753
710539,453753
710592,453753
710854,453753
710741,453753
710779,453753
710753,453753
710640,453753
710610,453753
710627,453753
710690,453753
710850,453753
710658,453753
710880,453753
710876,453753
710730,453753
710770,453753
710841,453753
710718,453753
710873,453753
710894,453753
710843,453753
710714,453753
710665,453753
710750,453753
710710,453753
710781,453753
710801,453753
710419,453753
709636,453753
709918,453753
710711,453753
710788,453753
710819,453753
710727,453753
710764,453753
710580,453753
710792,453753
710792,453753
710802,453753
710615,453753
710719,453753
710731,453753
710194,453753
710608,453753
710735,453753
710720,453753
710759,453753
710682,453753
710723,453753
710849,453753
710845,453753
710710,453753
710688,453753
710731,453753
710640,453753
710660,453753
710754,453753
710851,453753
710704,453753
710682,453753
710708,453753
710523,453753
710588,453753
710801,453753
710791,453753
710833,453753
710842,453753
710840,453753
710746,453753
710830,453753
710786,453753
710797,453753
710850,453753
710832,453753
710761,453753
710759,453753
710838,453753
710858,453753
710792,453753
710809,453753
710870,453753
710818,453753
710791,453753
710713,453753
710822,453753
710652,453753
710850,453753
710569,453753
710741,453753
710558,453753
710396,453753
710761,453753
710689,453753
710739,453753
710838,453753
710755,453753
710771,453753
710816,453753
710763,453753
710871,453753
710788,453753
710622,453753
710590,453753
710757,453753
710694,453753
710709,453753
710808,453753
710780,453753
710625,453753
710758,453753
710715,453753
710843,453753
710745,453753
710679,453753
710820,453753
710804,453753
710847,453753
710828,453753
710886,453753
710736,453753
710727,453753
710825,453753
710799,453753
710813,453753
710786,453753
710792,453753
710801,453753
710797,453753
710836,453753
710852,453753
710668,453753
710697,453753
710771,453753
710774,453753
710821,453753
710673,453753
710439,453753
710166,453753
710634,453753
710757,453753
710817,453753
710603,453753
710736,453753
710671,453753
710633,453753
710715,453753
710787,453753
710692,453753
709567,453753
710817,453753
710830,453753
710705,453753
710803,453753
710634,453753
710700,453753
710747,453753
710645,453753
710471,453753
710711,453753
710706,453753
710794,453753
710811,453753
710860,453753
710775,453753
710831,453753
710819,453753
710830,453753
710796,453753
710913,453753
710816,453753
710681,453753
710156,453753
710821,453753
710522,453753
710370,453753
710644,453753
710637,453753
710880,453753
710733,453753
710785,453753
710913,453753
710871,453753
710811,453753
710668,453753
710724,453753
710820,453753
710837,453753
710766,453753
710714,453753
710760,453753
707968,453753
703810,453753
709434,453753
710638,453753
710595,453753
710533,453753
710811,453753
710614,453753
710746,453753
710823,453753
710665,453753
710041,453753
710545,453753
710616,453753
710758,453753
710854,453753
710725,453753
710617,453753
710584,453753
710695,453753
710747,453753
710803,453753
710819,453753
710796,453753
710888,453753
710788,453753
710579,453753
710865,453753
710861,453753
710863,453753
710884,453753
710768,453753
710767,453753
710851,453753
710874,453753
710809,453753
710684,453753
710816,453753
710800,453753
710725,453753
710764,453753
710751,453753
710816,453753
710753,453753
710737,453753
710532,453753
709927,453753
710627,453753
710753,453753
710482,453753
710663,453753
710674,453753
710657,453753
710619,453753
710735,453753
710839,453753
710757,453753
710713,453753
710815,453753
710765,453753
710530,453753
710526,453753
710806,453753
710742,453753
710666,453753
710799,453753
710761,453753
710769,453753
710790,453753
710654,453753
710662,453753
710823,453753
710845,453753
710655,453753
710518,453753
710861,453753
710915,453753
710876,453753
710891,453753
710741,453753
710613,453753
710881,453753
710770,453753
710763,453753
710822,453753
710861,453753
710849,453753
710769,453753
710792,453753
710787,453753
710772,453753
710811,453753
710673,453753
710694,453753
710496,453753
710689,453753
710667,453753
710627,453753
710705,453753
710892,453753
710719,453753
710755,453753
710693,453753
710634,453753
710704,453753
710789,453753
710766,453753
710789,453753
710832,453753
710812,453753
710923,453753
710878,453753
710855,453753
710768,453753
710842,453753
710754,453753
710809,453753
710867,453753
710847,453753
710794,453753
710865,453753
710891,453753
710781,453753
710696,453753
710564,453753
710593,453753
710741,453753
710765,453753
710408,453753
710816,453753
710645,453753
710667,453753
710707,453753
710708,453753
710670,453753
710777,453753
710667,453753
710730,453753
710740,453753
710757,453753
710826,453753
710782,453753
710746,453753
710905,453753
710851,453753
710858,453753
710815,453753
710714,453753
710810,453753
710929,453753
710879,453753
710794,453753
710898,453753
710856,453753
710753,453753
710474,453753
710769,453753
710526,453753
710788,453753
710788,453753
710843,453753
710806,453753
710718,453753
710768,453753
710857,453753
710254,453753
710605,453753
710615,453753
710775,453753
710329,453753
710807,453753
710763,453753
710850,453753
710924,453753
710833,453753
710887,453753
710871,453753
710777,453753
710854,453753
710701,453753
710710,453753
710910,453753
710811,453753
710808,453753
710800,453753
710815,453753
710835,453753
710827,453753
710733,453753
710787,453753
710842,453753
710646,453753
710574,453753
710838,453753
710780,453753
710844,453753
710758,453753
710766,453753
710779,453753
710753,453753
710399,453753
710509,453753
710668,453753
710754,453753
710833,453753
710869,453753
710779,453753
710843,453753
710836,453753
710861,453753
710872,453753
710716,453753
710539,453753
710823,453753
710852,453753
710739,453753
710647,453753
710865,453753
710887,453753
710894,453753
710806,453753
710680,453753
710582,453753
710619,453753
710885,453753
710795,453753
710687,453753
710362,453753
710475,453753
710178,453753
710833,453753
710704,453753
710919,453753
710524,453753
710774,453753
710841,453753
710809,453753
710845,453753
710877,453753
710820,453753
710861,453753
710827,453753
710799,453753
710652,453753
710734,453753
710909,453753
710910,453753
710939,453753
710861,453753
710872,453753
710823,453753
710742,453753
710814,453753
710845,453753
710731,453753
710753,453753
710730,453753
710758,453753
710660,453753
710689,453753
710748,453753
710729,453753
710517,453753
710757,453753
710814,453753
710814,453753
710750,453753
710756,453753
710860,453753
710833,453753
710855,453753
710816,453753
710864,453753
710854,453753
710785,453753
710843,453753
710895,453753
710832,453753
710784,453753
710684,453753
710172,453753
710751,453753
710712,453753
710772,453753
710585,453753
710313,453753
710675,453753
710804,453753
710739,453753
710384,453753
710606,453753
710614,453753
710261,453753
710652,453753
710817,453753
710848,453753
710703,453753
710882,453753
710070,453753
710480,453753
710627,453753
710684,453753
710893,453753
710705,453753
710878,453753
710902,453753
710851,453753
710812,453753
710784,453753
710857,453753
710786,453753
710770,453753
710652,453753
710483,453753
710343,453753
710703,453753
710800,453753
710817,453753
710710,453753
710761,453753
710822,453753
710838,453753
710875,453753
710859,453753
710871,453753
710892,453753
710815,453753
710736,453753
710896,453753
710903,453753
710856,453753
710773,453753
710852,453753
710826,453753
710756,453753
710762,453753
710782,453753
710757,453753
710821,453753
710901,453753
710812,453753
710741,453753
710598,453753
710862,453753
710840,453753
710803,453753
710880,453753
710779,453753
710443,453753
710752,453753
710857,453753
710812,453753
710506,453753
710570,453753
710885,453753
710837,453753
710892,453753
710963,453546
