TRACE,NSNPS_JACKKNIFE
711172,453753
711149,453753
711087,453753
711104,453753
711045,453753
711116,453753
710985,453753
710966,453753
711076,453753
711008,453753
711075,453753
710922,453753
711153,453753
711053,453753
711101,453753
711062,453753
711018,453753
710693,453753
710702,453753
710885,453753
711080,453753
711114,453753
711050,453753
711093,453753
711102,453753
711067,453753
710934,453753
710919,453753
711025,453753
711028,453753
711022,453753
711014,453753
711021,453753
710979,453753
711067,453753
711067,453753
711014,453753
710953,453753
711074,453753
711073,453753
711109,453753
711080,453753
710980,453753
710806,453753
710817,453753
710979,453753
711051,453753
711055,453753
711137,453753
711096,453753
711142,453753
710918,453753
710937,453753
710993,453753
710859,453753
711023,453753
711001,453753
710801,453753
710912,453753
710934,453753
711077,453753
711116,453753
711109,453753
711037,453753
711000,453753
711060,453753
711022,453753
710954,453753
710961,453753
710933,453753
710632,453753
711075,453753
711064,453753
711167,453753
711128,453753
711099,453753
711173,453753
711083,453753
711147,453753
711055,453753
710867,453753
711068,453753
711126,453753
711176,453753
711153,453753
711090,453753
711135,453753
711173,453753
711083,453753
711075,453753
710925,453753
710885,453753
711083,453753
710223,453753
711054,453753
710953,453753
711047,453753
711048,453753
711058,453753
711110,453753
710940,453753
711004,453753
710952,453753
710878,453753
710909,453753
710942,453753
711073,453753
711046,453753
711078,453753
711042,453753
711076,453753
711025,453753
710939,453753
710834,453753
710779,453753
710853,453753
711044,453753
711004,453753
710973,453753
710914,453753
710963,453753
711144,453753
710971,453753
711037,453753
711065,453753
710984,453753
710944,453753
710986,453753
710943,453753
711046,453753
710971,453753
711021,453753
710943,453753
711053,453753
710914,453753
711043,453753
711082,453753
711078,453753
710889,453753
711033,453753
710777,453753
710656,453753
711016,453753
710909,453753
710875,453753
710925,453753
711017,453753
711008,453753
711050,453753
711041,453753
711068,453753
711124,453753
711089,453753
711036,453753
711073,453753
711070,453753
711083,453753
711094,453753
711146,453753
711104,453753
710991,453753
711022,453753
711096,453753
711162,453753
711174,453753
711120,453753
711109,453753
711076,453753
711079,453753
711055,453753
710970,453753
711076,453753
711073,453753
711057,453753
711083,453753
711006,453753
711072,453753
710967,453753
710953,453753
710997,453753
710904,453753
710012,453753
710132,453753
711044,453753
710969,453753
711152,453753
711087,453753
711134,453753
711127,453753
711096,453753
711143,453753
711123,453753
710841,453753
710586,453753
710620,453753
710414,453753
710636,453753
710928,453753
711078,453753
710995,453753
710979,453753
711117,453753
711071,453753
710809,453753
711035,453753
711040,453753
711013,453753
711089,453753
710944,453753
710777,453753
710992,453753
711067,453753
711086,453753
711128,453753
710964,453753
710993,453753
710625,453753
710734,453753
710829,453753
710755,453753
711174,453753
711123,453753
711070,453753
711090,453753
710964,453753
711094,453753
711159,453753
711120,453753
711132,453753
711150,453753
710982,453753
710834,453753
710883,453753
711155,453753
711157,453753
711142,453753
711013,453753
710976,453753
710849,453753
711034,453753
710961,453753
711087,453753
711145,453753
711055,453753
711072,453753
711057,453753
711045,453753
711067,453753
711081,453753
710877,453753
710838,453753
711052,453753
711017,453753
710923,453753
710983,453753
710913,453753
710963,453753
711016,453753
710825,453753
711011,453753
711106,453753
710951,453753
710590,453753
711004,453753
710979,453753
710922,453753
710933,453753
710427,453753
711067,453753
711026,453753
710988,453753
710693,453753
711001,453753
710934,453753
710957,453753
710837,453753
711106,453753
711083,453753
710998,453753
710828,453753
710981,453753
710939,453753
711048,453753
711015,453753
710964,453753
711065,453753
711118,453753
710977,453753
711061,453753
711111,453753
711157,453753
711151,453753
711149,453753
711094,453753
711163,453753
711130,453753
711036,453753
711061,453753
711154,453753
711109,453753
711148,453753
711090,453753
711179,453753
711012,453753
711092,453753
711119,453753
711066,453753
711062,453753
711052,453753
711133,453753
711102,453753
711020,453753
710865,453753
710547,453753
710340,453753
710925,453753
711029,453753
710977,453753
710928,453753
710999,453753
711033,453753
711077,453753
711024,453753
711068,453753
710957,453753
710920,453753
710944,453753
710996,453753
710984,453753
710839,453753
710518,453753
711021,453753
711072,453753
711072,453753
711024,453753
711094,453753
710946,453753
711050,453753
711081,453753
710861,453753
710819,453753
711055,453753
710636,453753
710507,453753
710996,453753
710900,453753
711068,453753
710930,453753
710997,453753
710141,453753
711041,453753
711092,453753
711069,453753
711165,453753
711186,453753
711135,453753
711171,453753
711169,453753
711083,453753
711056,453753
711112,453753
711147,453753
711075,453753
711131,453753
711034,453753
711106,453753
711046,453753
711115,453753
711003,453753
711085,453753
711055,453753
711036,453753
711028,453753
711061,453753
710998,453753
711049,453753
710933,453753
710581,453753
710893,453753
710805,453753
710077,453753
710591,453753
710881,453753
711015,453753
710913,453753
710784,453753
710805,453753
710755,453753
710942,453753
711075,453753
710999,453753
710926,453753
710927,453753
711043,453753
710954,453753
710966,453753
710906,453753
710668,453753
710841,453753
711060,453753
711045,453753
711071,453753
711069,453753
711034,453753
711145,453753
710544,453753
710963,453753
710997,453753
710984,453753
711080,453753
711106,453753
711093,453753
711032,453753
711101,453753
711140,453753
711096,453753
711110,453753
711066,453753
710856,453753
710932,453753
711020,453753
711038,453753
711108,453753
710959,453753
711130,453753
711096,453753
711101,453753
711082,453753
710901,453753
711026,453753
711015,453753
711127,453753
710685,453753
711006,453753
711085,453753
711044,453753
711081,453753
710991,453753
711016,453753
710958,453753
710952,453753
710786,453753
710101,453753
710945,453753
711019,453753
711065,453753
711129,453753
711115,453753
710917,453753
710883,453753
711034,453753
711039,453753
710769,453753
710873,453753
711129,453753
711038,453753
711090,453753
711027,453753
710900,453753
710824,453753
710867,453753
710986,453753
711134,453753
710999,453753
711170,453753
711097,453753
711000,453753
711058,453753
711115,453753
710998,453753
711196,453753
711182,453753
711130,453753
710951,453753
710887,453753
710995,453753
710952,453753
711076,453753
711089,453753
710583,453753
709470,453753
709880,453753
711039,453753
711097,453753
711094,453753
711030,453753
711017,453753
710808,453753
711095,453753
711069,453753
711090,453753
710894,453753
711010,453753
711026,453753
710532,453753
710893,453753
711023,453753
711006,453753
711020,453753
710906,453753
711008,453753
711133,453753
711121,453753
710998,453753
710916,453753
711007,453753
710895,453753
710935,453753
711019,453753
711105,453753
710982,453753
710979,453753
710970,453753
710833,453753
710852,453753
711106,453753
711094,453753
711106,453753
711134,453753
711133,453753
711020,453753
711111,453753
711096,453753
711078,453753
711124,453753
711117,453753
711044,453753
711041,453753
711123,453753
711124,453753
711067,453753
711111,453753
711131,453753
711102,453753
711088,453753
711014,453753
711109,453753
710985,453753
711098,453753
710872,453753
710974,453753
710761,453753
710541,453753
711073,453753
710960,453753
711043,453753
711121,453753
711035,453753
711025,453753
711098,453753
711070,453753
711117,453753
711104,453753
710899,453753
710855,453753
711024,453753
711004,453753
711007,453753
711102,453753
711012,453753
710959,453753
711070,453753
710980,453753
711103,453753
711024,453753
710953,453753
711065,453753
711077,453753
711141,453753
711104,453753
711167,453753
711035,453753
710993,453753
711138,453753
711138,453753
711081,453753
711062,453753
711112,453753
711101,453753
711073,453753
711096,453753
711118,453753
710949,453753
710951,453753
711055,453753
711068,453753
711110,453753
710975,453753
710745,453753
710540,453753
710932,453753
711020,453753
711073,453753
710893,453753
711037,453753
710980,453753
710952,453753
710970,453753
711092,453753
711000,453753
710032,453753
711054,453753
711108,453753
710970,453753
711055,453753
710913,453753
710979,453753
711017,453753
710927,453753
710694,453753
711052,453753
711019,453753
711105,453753
711089,453753
711149,453753
711061,453753
711078,453753
711038,453753
711155,453753
711059,453753
711203,453753
711072,453753
710991,453753
710273,453753
711130,453753
710767,453753
710601,453753
710933,453753
710915,453753
711142,453753
711006,453753
711080,453753
711181,453753
711126,453753
711104,453753
710943,453753
710991,453753
711061,453753
711107,453753
711039,453753
711007,453753
711019,453753
708239,453753
704658,453753
709600,453753
710924,453753
710872,453753
710842,453753
711086,453753
710897,453753
711031,453753
711122,453753
711001,453753
710268,453753
710858,453753
710880,453753
710994,453753
711119,453753
711022,453753
710951,453753
710905,453753
710996,453753
710986,453753
711069,453753
711110,453753
711106,453753
711166,453753
711087,453753
710870,453753
711176,453753
711128,453753
711139,453753
711157,453753
711079,453753
711082,453753
711139,453753
711141,453753
711111,453753
710988,453753
711079,453753
711075,453753
711034,453753
711032,453753
711027,453753
711105,453753
711051,453753
711055,453753
710822,453753
710281,453753
710919,453753
711002,453753
710806,453753
710900,453753
710950,453753
710971,453753
710959,453753
711041,453753
711102,453753
711059,453753
711022,453753
711085,453753
711015,453753
710767,453753
710826,453753
711057,453753
710999,453753
710949,453753
711084,453753
711031,453753
711048,453753
711097,453753
710930,453753
710922,453753
711127,453753
711142,453753
710996,453753
710846,453753
711168,453753
711201,453753
711164,453753
711168,453753
710979,453753
710873,453753
711186,453753
711035,453753
711034,453753
711115,453753
711144,453753
711134,453753
711065,453753
711109,453753
711076,453753
711048,453753
711116,453753
710929,453753
710952,453753
710758,453753
710985,453753
710953,453753
710923,453753
711017,453753
711171,453753
711047,453753
711045,453753
710997,453753
710869,453753
710975,453753
711104,453753
711015,453753
711057,453753
711085,453753
711095,453753
711206,453753
711137,453753
711144,453753
711026,453753
711120,453753
711039,453753
711136,453753
711150,453753
711119,453753
711069,453753
711129,453753
711163,453753
711027,453753
710923,453753
710842,453753
710932,453753
711000,453753
711068,453753
710656,453753
711084,453753
710980,453753
710987,453753
710964,453753
710983,453753
710945,453753
711063,453753
710992,453753
711016,453753
711074,453753
711067,453753
711098,453753
711090,453753
711029,453753
711190,453753
711166,453753
711170,453753
711118,453753
710985,453753
711070,453753
711203,453753
711162,453753
711065,453753
711191,453753
711147,453753
711027,453753
710846,453753
711077,453753
710902,453753
711082,453753
711051,453753
711113,453753
711085,453753
711017,453753
711055,453753
711144,453753
710633,453753
710790,453753
710916,453753
711097,453753
710599,453753
711070,453753
711041,453753
711115,453753
711201,453753
711162,453753
711180,453753
711175,453753
711034,453753
711156,453753
710951,453753
710985,453753
711173,453753
711131,453753
711124,453753
711069,453753
711068,453753
711122,453753
711150,453753
711049,453753
711066,453753
711136,453753
710965,453753
710867,453753
711134,453753
711072,453753
711109,453753
711028,453753
711057,453753
711071,453753
711057,453753
710663,453753
710752,453753
710937,453753
711053,453753
711102,453753
711152,453753
711073,453753
711109,453753
711057,453753
711150,453753
711114,453753
710983,453753
710815,453753
711071,453753
711131,453753
711077,453753
710955,453753
711162,453753
711179,453753
711195,453753
711084,453753
710965,453753
710929,453753
710935,453753
711160,453753
711099,453753
710926,453753
710680,453753
710719,453753
710420,453753
711088,453753
711037,453753
711177,453753
710830,453753
711098,453753
711113,453753
711120,453753
711143,453753
711163,453753
711104,453753
711135,453753
711089,453753
711074,453753
710955,453753
711018,453753
711189,453753
711209,453753
711239,453753
711135,453753
711180,453753
711139,453753
711005,453753
711069,453753
711085,453753
711070,453753
711040,453753
711027,453753
711032,453753
710930,453753
710954,453753
711039,453753
711007,453753
710838,453753
711066,453753
711085,453753
711120,453753
711022,453753
711042,453753
711143,453753
711047,453753
711135,453753
711121,453753
711140,453753
711104,453753
711075,453753
711118,453753
711166,453753
711109,453753
711040,453753
710913,453753
710365,453753
711052,453753
711032,453753
711035,453753
710863,453753
710497,453753
710918,453753
711080,453753
711051,453753
710773,453753
710851,453753
710932,453753
710329,453753
710964,453753
711082,453753
711129,453753
710982,453753
711183,453753
710332,453753
710731,453753
710962,453753
710998,453753
711172,453753
711000,453753
711147,453753
711174,453753
711153,453753
711117,453753
711101,453753
711131,453753
711052,453753
711026,453753
710952,453753
710703,453753
710659,453753
711031,453753
711105,453753
711106,453753
710987,453753
711019,453753
711118,453753
711126,453753
711141,453753
711170,453753
711199,453753
711162,453753
711125,453753
711003,453753
711190,453753
711173,453753
711138,453753
711076,453753
711144,453753
711115,453753
711065,453753
711004,453753
711053,453753
711078,453753
711113,453753
711160,453753
711074,453753
710989,453753
710889,453753
711122,453753
711119,453753
711111,453753
711174,453753
711068,453753
710759,453753
711076,453753
711135,453753
711113,453753
710745,453753
710853,453753
711145,453753
711097,453753
711147,453753
711226,453546
