TRACE,NSNPS_JACKKNIFE
710772,453753
710747,453753
710717,453753
710679,453753
710638,453753
710729,453753
710590,453753
710599,453753
710670,453753
710599,453753
710677,453753
710516,453753
710728,453753
710635,453753
710702,453753
710659,453753
710587,453753
710284,453753
710314,453753
710540,453753
710670,453753
710700,453753
710615,453753
710688,453753
710709,453753
710623,453753
710514,453753
710485,453753
710633,453753
710623,453753
710662,453753
710635,453753
710585,453753
710581,453753
710671,453753
710662,453753
710610,453753
710562,453753
710650,453753
710679,453753
710705,453753
710645,453753
710599,453753
710418,453753
710480,453753
710591,453753
710649,453753
710638,453753
710694,453753
710709,453753
710717,453753
710522,453753
710526,453753
710596,453753
710475,453753
710641,453753
710626,453753
710437,453753
710568,453753
710501,453753
710646,453753
710749,453753
710700,453753
710680,453753
710589,453753
710676,453753
710650,453753
710590,453753
710582,453753
710560,453753
710297,453753
710668,453753
710701,453753
710760,453753
710735,453753
710718,453753
710768,453753
710655,453753
710767,453753
710651,453753
710510,453753
710682,453753
710738,453753
710783,453753
710788,453753
710726,453753
710745,453753
710754,453753
710688,453753
710682,453753
710536,453753
710438,453753
710692,453753
709739,453753
710635,453753
710548,453753
710658,453753
710636,453753
710633,453753
710723,453753
710558,453753
710550,453753
710544,453753
710426,453753
710538,453753
710478,453753
710667,453753
710650,453753
710624,453753
710656,453753
710698,453753
710580,453753
710495,453753
710438,453753
710435,453753
710455,453753
710642,453753
710629,453753
710560,453753
710484,453753
710515,453753
710716,453753
710543,453753
710607,453753
710674,453753
710592,453753
710568,453753
710586,453753
710513,453753
710621,453753
710553,453753
710609,453753
710543,453753
710648,453753
710504,453753
710610,453753
710690,453753
710679,453753
710499,453753
710646,453753
710301,453753
710232,453753
710593,453753
710540,453753
710480,453753
710441,453753
710606,453753
710564,453753
710658,453753
710673,453753
710641,453753
710692,453753
710665,453753
710666,453753
710678,453753
710664,453753
710707,453753
710700,453753
710741,453753
710685,453753
710601,453753
710610,453753
710698,453753
710787,453753
710777,453753
710743,453753
710697,453753
710717,453753
710676,453753
710613,453753
710549,453753
710638,453753
710658,453753
710658,453753
710684,453753
710614,453753
710652,453753
710591,453753
710546,453753
710578,453753
710516,453753
709727,453753
709940,453753
710607,453753
710526,453753
710759,453753
710726,453753
710711,453753
710714,453753
710646,453753
710751,453753
710741,453753
710488,453753
710186,453753
710180,453753
710060,453753
710268,453753
710480,453753
710680,453753
710600,453753
710566,453753
710668,453753
710619,453753
710356,453753
710664,453753
710641,453753
710560,453753
710670,453753
710537,453753
710439,453753
710662,453753
710664,453753
710685,453753
710718,453753
710545,453753
710579,453753
710239,453753
710298,453753
710406,453753
710362,453753
710752,453753
710718,453753
710684,453753
710703,453753
710543,453753
710678,453753
710718,453753
710706,453753
710735,453753
710743,453753
710635,453753
710483,453753
710539,453753
710761,453753
710755,453753
710718,453753
710597,453753
710607,453753
710492,453753
710686,453753
710558,453753
710693,453753
710750,453753
710655,453753
710663,453753
710600,453753
710643,453753
710658,453753
710656,453753
710433,453753
710397,453753
710657,453753
710632,453753
710537,453753
710534,453753
710515,453753
710603,453753
710607,453753
710338,453753
710612,453753
710699,453753
710538,453753
710165,453753
710559,453753
710580,453753
710497,453753
710546,453753
710176,453753
710665,453753
710635,453753
710577,453753
710281,453753
710584,453753
710576,453753
710527,453753
710483,453753
710691,453753
710705,453753
710593,453753
710404,453753
710600,453753
710560,453753
710657,453753
710623,453753
710510,453753
710682,453753
710707,453753
710607,453753
710598,453753
710707,453753
710723,453753
710723,453753
710730,453753
710695,453753
710736,453753
710678,453753
710658,453753
710653,453753
710758,453753
710693,453753
710712,453753
710700,453753
710785,453753
710644,453753
710688,453753
710720,453753
710625,453753
710635,453753
710639,453753
710719,453753
710715,453753
710641,453753
710467,453753
710119,453753
709971,453753
710505,453753
710660,453753
710485,453753
710550,453753
710582,453753
710646,453753
710697,453753
710623,453753
710646,453753
710578,453753
710494,453753
710565,453753
710557,453753
710596,453753
710482,453753
710092,453753
710607,453753
710628,453753
710665,453753
710608,453753
710655,453753
710537,453753
710611,453753
710693,453753
710488,453753
710430,453753
710595,453753
710173,453753
710167,453753
710593,453753
710498,453753
710661,453753
710577,453753
710619,453753
709710,453753
710637,453753
710627,453753
710687,453753
710779,453753
710773,453753
710734,453753
710780,453753
710747,453753
710660,453753
710696,453753
710729,453753
710734,453753
710694,453753
710716,453753
710582,453753
710692,453753
710672,453753
710703,453753
710613,453753
710676,453753
710648,453753
710663,453753
710650,453753
710662,453753
710588,453753
710643,453753
710513,453753
710156,453753
710506,453753
710434,453753
709814,453753
710286,453753
710454,453753
710595,453753
710511,453753
710358,453753
710380,453753
710344,453753
710531,453753
710666,453753
710586,453753
710444,453753
710537,453753
710620,453753
710556,453753
710515,453753
710529,453753
710311,453753
710404,453753
710636,453753
710674,453753
710661,453753
710674,453753
710593,453753
710757,453753
710047,453753
710569,453753
710570,453753
710601,453753
710648,453753
710688,453753
710723,453753
710614,453753
710689,453753
710730,453753
710724,453753
710699,453753
710677,453753
710430,453753
710529,453753
710598,453753
710636,453753
710670,453753
710582,453753
710722,453753
710671,453753
710689,453753
710658,453753
710509,453753
710632,453753
710649,453753
710682,453753
710382,453753
710647,453753
710656,453753
710629,453753
710655,453753
710559,453753
710593,453753
710579,453753
710581,453753
710406,453753
709626,453753
710538,453753
710605,453753
710672,453753
710723,453753
710704,453753
710528,453753
710438,453753
710616,453753
710692,453753
710386,453753
710478,453753
710721,453753
710612,453753
710665,453753
710642,453753
710552,453753
710494,453753
710526,453753
710588,453753
710719,453753
710572,453753
710745,453753
710701,453753
710607,453753
710627,453753
710715,453753
710600,453753
710779,453753
710776,453753
710719,453753
710571,453753
710497,453753
710591,453753
710598,453753
710664,453753
710724,453753
710256,453753
709366,453753
709633,453753
710612,453753
710648,453753
710672,453753
710597,453753
710644,453753
710437,453753
710680,453753
710662,453753
710697,453753
710502,453753
710655,453753
710611,453753
710104,453753
710493,453753
710592,453753
710602,453753
710639,453753
710553,453753
710610,453753
710704,453753
710738,453753
710616,453753
710516,453753
710613,453753
710499,453753
710538,453753
710642,453753
710710,453753
710615,453753
710598,453753
710562,453753
710361,453753
710415,453753
710685,453753
710670,453753
710708,453753
710704,453753
710766,453753
710599,453753
710686,453753
710704,453753
710686,453753
710719,453753
710701,453753
710649,453753
710621,453753
710716,453753
710728,453753
710655,453753
710700,453753
710730,453753
710704,453753
710691,453753
710530,453753
710701,453753
710609,453753
710703,453753
710426,453753
710601,453753
710343,453753
710192,453753
710646,453753
710553,453753
710628,453753
710706,453753
710629,453753
710640,453753
710695,453753
710673,453753
710715,453753
710676,453753
710484,453753
710426,453753
710634,453753
710584,453753
710633,453753
710694,453753
710643,453753
710505,453753
710668,453753
710584,453753
710690,453753
710615,453753
710530,453753
710660,453753
710652,453753
710752,453753
710683,453753
710775,453753
710561,453753
710608,453753
710699,453753
710731,453753
710674,453753
710667,453753
710696,453753
710672,453753
710689,453753
710688,453753
710690,453753
710544,453753
710513,453753
710669,453753
710672,453753
710711,453753
710559,453753
710377,453753
710053,453753
710550,453753
710607,453753
710657,453753
710472,453753
710650,453753
710527,453753
710576,453753
710581,453753
710664,453753
710562,453753
709632,453753
710657,453753
710700,453753
710584,453753
710633,453753
710478,453753
710565,453753
710596,453753
710527,453753
710376,453753
710647,453753
710630,453753
710731,453753
710668,453753
710743,453753
710690,453753
710665,453753
710657,453753
710711,453753
710690,453753
710781,453753
710690,453753
710623,453753
710075,453753
710732,453753
710413,453753
710182,453753
710556,453753
710510,453753
710751,453753
710625,453753
710662,453753
710776,453753
710743,453753
710680,453753
710556,453753
710559,453753
710629,453753
710710,453753
710614,453753
710579,453753
710625,453753
707695,453753
703244,453753
709238,453753
710477,453753
710452,453753
710440,453753
710682,453753
710540,453753
710598,453753
710688,453753
710567,453753
709923,453753
710435,453753
710458,453753
710600,453753
710726,453753
710620,453753
710529,453753
710533,453753
710592,453753
710602,453753
710674,453753
710675,453753
710617,453753
710773,453753
710722,453753
710526,453753
710766,453753
710737,453753
710724,453753
710750,453753
710657,453753
710664,453753
710703,453753
710751,453753
710711,453753
710609,453753
710699,453753
710663,453753
710660,453753
710642,453753
710619,453753
710700,453753
710603,453753
710615,453753
710384,453753
709764,453753
710546,453753
710622,453753
710378,453753
710495,453753
710560,453753
710564,453753
710547,453753
710610,453753
710698,453753
710619,453753
710617,453753
710701,453753
710612,453753
710399,453753
710454,453753
710664,453753
710593,453753
710447,453753
710670,453753
710663,453753
710639,453753
710704,453753
710578,453753
710565,453753
710719,453753
710740,453753
710566,453753
710356,453753
710762,453753
710785,453753
710764,453753
710742,453753
710605,453753
710518,453753
710780,453753
710613,453753
710638,453753
710727,453753
710737,453753
710736,453753
710633,453753
710675,453753
710642,453753
710648,453753
710711,453753
710545,453753
710553,453753
710400,453753
710547,453753
710538,453753
710516,453753
710574,453753
710722,453753
710661,453753
710658,453753
710570,453753
710518,453753
710579,453753
710685,453753
710595,453753
710676,453753
710687,453753
710690,453753
710809,453753
710753,453753
710744,453753
710641,453753
710687,453753
710627,453753
710721,453753
710746,453753
710699,453753
710691,453753
710701,453753
710742,453753
710659,453753
710535,453753
710495,453753
710448,453753
710623,453753
710668,453753
710376,453753
710663,453753
710574,453753
710590,453753
710571,453753
710566,453753
710561,453753
710657,453753
710595,453753
710619,453753
710633,453753
710661,453753
710688,453753
710660,453753
710633,453753
710752,453753
710741,453753
710754,453753
710690,453753
710597,453753
710693,453753
710813,453753
710747,453753
710693,453753
710790,453753
710727,453753
710660,453753
710426,453753
710690,453753
710455,453753
710636,453753
710650,453753
710721,453753
710632,453753
710583,453753
710649,453753
710689,453753
710237,453753
710424,453753
710522,453753
710659,453753
710114,453753
710651,453753
710623,453753
710753,453753
710798,453753
710737,453753
710782,453753
710738,453753
710679,453753
710742,453753
710594,453753
710566,453753
710783,453753
710725,453753
710706,453753
710666,453753
710696,453753
710712,453753
710763,453753
710630,453753
710667,453753
710733,453753
710532,453753
710491,453753
710745,453753
710676,453753
710752,453753
710646,453753
710640,453753
710673,453753
710625,453753
710263,453753
710326,453753
710574,453753
710637,453753
710672,453753
710751,453753
710651,453753
710694,453753
710673,453753
710731,453753
710728,453753
710623,453753
710342,453753
710694,453753
710704,453753
710639,453753
710564,453753
710758,453753
710764,453753
710767,453753
710667,453753
710509,453753
710522,453753
710488,453753
710737,453753
710658,453753
710586,453753
710218,453753
710380,453753
709913,453753
710684,453753
710601,453753
710773,453753
710420,453753
710685,453753
710696,453753
710703,453753
710721,453753
710767,453753
710705,453753
710724,453753
710683,453753
710715,453753
710521,453753
710624,453753
710780,453753
710807,453753
710809,453753
710722,453753
710761,453753
710690,453753
710621,453753
710681,453753
710680,453753
710657,453753
710639,453753
710612,453753
710623,453753
710476,453753
710518,453753
710627,453753
710599,453753
710416,453753
710590,453753
710682,453753
710732,453753
710633,453753
710670,453753
710753,453753
710700,453753
710735,453753
710694,453753
710734,453753
710711,453753
710656,453753
710712,453753
710750,453753
710716,453753
710644,453753
710500,453753
709956,453753
710597,453753
710629,453753
710658,453753
710394,453753
710107,453753
710546,453753
710719,453753
710634,453753
710302,453753
710472,453753
710484,453753
710060,453753
710576,453753
710671,453753
710693,453753
710595,453753
710768,453753
710047,453753
710338,453753
710525,453753
710538,453753
710739,453753
710572,453753
710755,453753
710756,453753
710743,453753
710706,453753
710672,453753
710736,453753
710687,453753
710611,453753
710613,453753
710392,453753
710288,453753
710609,453753
710693,453753
710699,453753
710594,453753
710624,453753
710715,453753
710726,453753
710745,453753
710750,453753
710778,453753
710756,453753
710703,453753
710616,453753
710769,453753
710782,453753
710751,453753
710704,453753
710752,453753
710703,453753
710619,453753
710650,453753
710663,453753
710670,453753
710728,453753
710760,453753
710665,453753
710626,453753
710425,453753
710753,453753
710738,453753
710665,453753
710746,453753
710684,453753
710315,453753
710633,453753
710733,453753
710673,453753
710329,453753
710450,453753
710728,453753
710700,453753
710759,453753
710804,453546
