TRACE,NSNPS_JACKKNIFE
712141,453753
712131,453753
712037,453753
712100,453753
712010,453753
712094,453753
711975,453753
711981,453753
712045,453753
711977,453753
712030,453753
711862,453753
712115,453753
711996,453753
712086,453753
712041,453753
711943,453753
711690,453753
711724,453753
711887,453753
712052,453753
712091,453753
711992,453753
712054,453753
712100,453753
712048,453753
711899,453753
711880,453753
711981,453753
712011,453753
712030,453753
711974,453753
711965,453753
711954,453753
712020,453753
712014,453753
712008,453753
711906,453753
712007,453753
712060,453753
712071,453753
712039,453753
711963,453753
711770,453753
711863,453753
711963,453753
712042,453753
712047,453753
712079,453753
712087,453753
712084,453753
711808,453753
711881,453753
711969,453753
711853,453753
711976,453753
712004,453753
711731,453753
711893,453753
711858,453753
712028,453753
712077,453753
712089,453753
712051,453753
711964,453753
712025,453753
711976,453753
711936,453753
711977,453753
711919,453753
711723,453753
712043,453753
712055,453753
712143,453753
712118,453753
712075,453753
712125,453753
712059,453753
712121,453753
712012,453753
711845,453753
712021,453753
712124,453753
712136,453753
712109,453753
712054,453753
712127,453753
712113,453753
712064,453753
712050,453753
711879,453753
711822,453753
712034,453753
711032,453753
712032,453753
711922,453753
712026,453753
712023,453753
712015,453753
712090,453753
711904,453753
711951,453753
711886,453753
711825,453753
711872,453753
711861,453753
712037,453753
712024,453753
712040,453753
712042,453753
712083,453753
711991,453753
711922,453753
711817,453753
711812,453753
711797,453753
712004,453753
711976,453753
711943,453753
711893,453753
711898,453753
712079,453753
711945,453753
712011,453753
712060,453753
711957,453753
711946,453753
712006,453753
711897,453753
712012,453753
711903,453753
711987,453753
711960,453753
712054,453753
711860,453753
712001,453753
712046,453753
712047,453753
711835,453753
711987,453753
711665,453753
711602,453753
711969,453753
711899,453753
711901,453753
711830,453753
711968,453753
711973,453753
712016,453753
712051,453753
712043,453753
712103,453753
712057,453753
712025,453753
712042,453753
712011,453753
712073,453753
712070,453753
712119,453753
712035,453753
711930,453753
712002,453753
712041,453753
712136,453753
712147,453753
712122,453753
712059,453753
712092,453753
712044,453753
712021,453753
711907,453753
712035,453753
712048,453753
712024,453753
712047,453753
711994,453753
712002,453753
711942,453753
711925,453753
711966,453753
711893,453753
710997,453753
711111,453753
711992,453753
711901,453753
712116,453753
712079,453753
712069,453753
712079,453753
712039,453753
712111,453753
712073,453753
711857,453753
711527,453753
711508,453753
711363,453753
711619,453753
711853,453753
712009,453753
711964,453753
711946,453753
712072,453753
712018,453753
711787,453753
712006,453753
712021,453753
711987,453753
712035,453753
711960,453753
711735,453753
711973,453753
712029,453753
712016,453753
712061,453753
711888,453753
711931,453753
711638,453753
711617,453753
711803,453753
711674,453753
712111,453753
712092,453753
712058,453753
712064,453753
711913,453753
712045,453753
712098,453753
712096,453753
712118,453753
712100,453753
711973,453753
711838,453753
711851,453753
712130,453753
712112,453753
712125,453753
711997,453753
711960,453753
711830,453753
712022,453753
711944,453753
712076,453753
712126,453753
712027,453753
712040,453753
712005,453753
712014,453753
712034,453753
712023,453753
711834,453753
711780,453753
712042,453753
712020,453753
711943,453753
711916,453753
711903,453753
711992,453753
711984,453753
711779,453753
711998,453753
712079,453753
711858,453753
711516,453753
711961,453753
711948,453753
711877,453753
711908,453753
711459,453753
712033,453753
712032,453753
711960,453753
711716,453753
711971,453753
711917,453753
711906,453753
711850,453753
712072,453753
712056,453753
711972,453753
711809,453753
711994,453753
711909,453753
712031,453753
711999,453753
711936,453753
712039,453753
712056,453753
711960,453753
711995,453753
712089,453753
712124,453753
712099,453753
712100,453753
712075,453753
712102,453753
712091,453753
712057,453753
712016,453753
712138,453753
712093,453753
712106,453753
712058,453753
712147,453753
712020,453753
712089,453753
712104,453753
712031,453753
712041,453753
711997,453753
712085,453753
712077,453753
711978,453753
711807,453753
711508,453753
711299,453753
711879,453753
712006,453753
711862,453753
711932,453753
711955,453753
712017,453753
712066,453753
712000,453753
712014,453753
711979,453753
711868,453753
711927,453753
711975,453753
711979,453753
711862,453753
711374,453753
711960,453753
712001,453753
712060,453753
711967,453753
712017,453753
711877,453753
711986,453753
712072,453753
711849,453753
711732,453753
711963,453753
711617,453753
711497,453753
712032,453753
711887,453753
712055,453753
711899,453753
711948,453753
711048,453753
712010,453753
712020,453753
712044,453753
712139,453753
712150,453753
712101,453753
712135,453753
712121,453753
712021,453753
712030,453753
712101,453753
712122,453753
712073,453753
712083,453753
711985,453753
712081,453753
712017,453753
712073,453753
711956,453753
712038,453753
712065,453753
711997,453753
711993,453753
712030,453753
712035,453753
712014,453753
711909,453753
711589,453753
711849,453753
711826,453753
711175,453753
711638,453753
711788,453753
711982,453753
711869,453753
711754,453753
711712,453753
711725,453753
711928,453753
712011,453753
711946,453753
711844,453753
711916,453753
711968,453753
711920,453753
711884,453753
711847,453753
711674,453753
711752,453753
712011,453753
712024,453753
712030,453753
712049,453753
712001,453753
712124,453753
711599,453753
711968,453753
711964,453753
711987,453753
712019,453753
712045,453753
712068,453753
712014,453753
712090,453753
712137,453753
712077,453753
712088,453753
712035,453753
711854,453753
711906,453753
711982,453753
712037,453753
712029,453753
711938,453753
712085,453753
712026,453753
712068,453753
712037,453753
711895,453753
711969,453753
712005,453753
712060,453753
711577,453753
711999,453753
712058,453753
712039,453753
712053,453753
711966,453753
711950,453753
711919,453753
711933,453753
711764,453753
711015,453753
711920,453753
711972,453753
712040,453753
712091,453753
712082,453753
711933,453753
711831,453753
711970,453753
712011,453753
711778,453753
711856,453753
712094,453753
712002,453753
712025,453753
712024,453753
711911,453753
711834,453753
711865,453753
711960,453753
712084,453753
711949,453753
712115,453753
712067,453753
711993,453753
712008,453753
712071,453753
711995,453753
712139,453753
712133,453753
712078,453753
711930,453753
711876,453753
711989,453753
711972,453753
712036,453753
712047,453753
711682,453753
710850,453753
711084,453753
711975,453753
712041,453753
712050,453753
711971,453753
712000,453753
711785,453753
712060,453753
712041,453753
712075,453753
711938,453753
711985,453753
712009,453753
711532,453753
711845,453753
711997,453753
711943,453753
712003,453753
711939,453753
711953,453753
712104,453753
712073,453753
711959,453753
711910,453753
711967,453753
711842,453753
711896,453753
712010,453753
712103,453753
711966,453753
711971,453753
711976,453753
711817,453753
711776,453753
712038,453753
712053,453753
712086,453753
712102,453753
712131,453753
711989,453753
712063,453753
712056,453753
712056,453753
712096,453753
712040,453753
712012,453753
711998,453753
712107,453753
712101,453753
712059,453753
712090,453753
712096,453753
712092,453753
712077,453753
711982,453753
712063,453753
711991,453753
712105,453753
711856,453753
711977,453753
711747,453753
711568,453753
712014,453753
711909,453753
712008,453753
712076,453753
711995,453753
712036,453753
712072,453753
712067,453753
712052,453753
712049,453753
711891,453753
711826,453753
711986,453753
711982,453753
711966,453753
712096,453753
712008,453753
711893,453753
712001,453753
711976,453753
712075,453753
712011,453753
711971,453753
712030,453753
712060,453753
712104,453753
712041,453753
712134,453753
711975,453753
711933,453753
712058,453753
712104,453753
712053,453753
712051,453753
712064,453753
712076,453753
712042,453753
712066,453753
712071,453753
711911,453753
711936,453753
712001,453753
712035,453753
712057,453753
711971,453753
711699,453753
711386,453753
711948,453753
711991,453753
712055,453753
711828,453753
712009,453753
711874,453753
711937,453753
711912,453753
712056,453753
711901,453753
710893,453753
712031,453753
712101,453753
711953,453753
712014,453753
711878,453753
711983,453753
712036,453753
711938,453753
711670,453753
711987,453753
711958,453753
712073,453753
712037,453753
712116,453753
712037,453753
712062,453753
712031,453753
712102,453753
712038,453753
712130,453753
712040,453753
711929,453753
711304,453753
712080,453753
711799,453753
711621,453753
711930,453753
711919,453753
712123,453753
711979,453753
712025,453753
712165,453753
712094,453753
712034,453753
711948,453753
711978,453753
712000,453753
712066,453753
711968,453753
711970,453753
712046,453753
709145,453753
704183,453753
710582,453753
711919,453753
711877,453753
711810,453753
712041,453753
711866,453753
711998,453753
712083,453753
711937,453753
711290,453753
711831,453753
711897,453753
711981,453753
712089,453753
711980,453753
711893,453753
711795,453753
711926,453753
711947,453753
712043,453753
712068,453753
712031,453753
712125,453753
712057,453753
711871,453753
712138,453753
712103,453753
712082,453753
712107,453753
712027,453753
712033,453753
712087,453753
712151,453753
712097,453753
712008,453753
712077,453753
712048,453753
712025,453753
712014,453753
712049,453753
712089,453753
711981,453753
711976,453753
711701,453753
711086,453753
711865,453753
711964,453753
711776,453753
711833,453753
711922,453753
711917,453753
711904,453753
711987,453753
712060,453753
712022,453753
711955,453753
712044,453753
711975,453753
711803,453753
711789,453753
712037,453753
711996,453753
711886,453753
712032,453753
712004,453753
712029,453753
712079,453753
711911,453753
711945,453753
712082,453753
712112,453753
711919,453753
711712,453753
712129,453753
712150,453753
712129,453753
712133,453753
711978,453753
711837,453753
712129,453753
711990,453753
712015,453753
712112,453753
712085,453753
712101,453753
712050,453753
712070,453753
712016,453753
712014,453753
712064,453753
711918,453753
711901,453753
711722,453753
711912,453753
711943,453753
711844,453753
711986,453753
712123,453753
712010,453753
712024,453753
711917,453753
711832,453753
711925,453753
712065,453753
711986,453753
712037,453753
712074,453753
712042,453753
712178,453753
712139,453753
712123,453753
712006,453753
712077,453753
711970,453753
712078,453753
712118,453753
712079,453753
712054,453753
712067,453753
712130,453753
712014,453753
711921,453753
711871,453753
711848,453753
711962,453753
712015,453753
711576,453753
712060,453753
711971,453753
711936,453753
711953,453753
711903,453753
711929,453753
712005,453753
711968,453753
712000,453753
712009,453753
712037,453753
712066,453753
712076,453753
711992,453753
712140,453753
712122,453753
712084,453753
712072,453753
711977,453753
712051,453753
712167,453753
712136,453753
712064,453753
712136,453753
712109,453753
711985,453753
711775,453753
712054,453753
711858,453753
712025,453753
712050,453753
712112,453753
712003,453753
711927,453753
712018,453753
712090,453753
711522,453753
711785,453753
711868,453753
712031,453753
711527,453753
712036,453753
711991,453753
712121,453753
712153,453753
712113,453753
712127,453753
712124,453753
712031,453753
712112,453753
711911,453753
711927,453753
712144,453753
712078,453753
712067,453753
712031,453753
712064,453753
712072,453753
712126,453753
711996,453753
712037,453753
712087,453753
711906,453753
711855,453753
712122,453753
712030,453753
712101,453753
711971,453753
712006,453753
712022,453753
711973,453753
711638,453753
711732,453753
711924,453753
711988,453753
712050,453753
712107,453753
712027,453753
712062,453753
712070,453753
712103,453753
712105,453753
711974,453753
711796,453753
712053,453753
712094,453753
711983,453753
711923,453753
712141,453753
712152,453753
712144,453753
712035,453753
711939,453753
711859,453753
711856,453753
712110,453753
712055,453753
711951,453753
711758,453753
711744,453753
711501,453753
712072,453753
711978,453753
712168,453753
711816,453753
712035,453753
712071,453753
712093,453753
712107,453753
712115,453753
712063,453753
712126,453753
712037,453753
712062,453753
711961,453753
711983,453753
712128,453753
712170,453753
712198,453753
712097,453753
712126,453753
712099,453753
712008,453753
712062,453753
712076,453753
711984,453753
712003,453753
711973,453753
711993,453753
711861,453753
711920,453753
711985,453753
711996,453753
711797,453753
712044,453753
712066,453753
712073,453753
712010,453753
712010,453753
712096,453753
712057,453753
712114,453753
712067,453753
712126,453753
712058,453753
712056,453753
712081,453753
712129,453753
712055,453753
712038,453753
711919,453753
711381,453753
711977,453753
711999,453753
712024,453753
711768,453753
711546,453753
711947,453753
712089,453753
711999,453753
711708,453753
711830,453753
711846,453753
711351,453753
711963,453753
712061,453753
712105,453753
711912,453753
712167,453753
711322,453753
711747,453753
711947,453753
711949,453753
712104,453753
711942,453753
712104,453753
712128,453753
712127,453753
712094,453753
712034,453753
712107,453753
712009,453753
711995,453753
711948,453753
711698,453753
711586,453753
711994,453753
712035,453753
712053,453753
711952,453753
712010,453753
712077,453753
712087,453753
712107,453753
712112,453753
712139,453753
712121,453753
712063,453753
711969,453753
712136,453753
712144,453753
712083,453753
712034,453753
712106,453753
712069,453753
711996,453753
712024,453753
712031,453753
712020,453753
712081,453753
712149,453753
712033,453753
712014,453753
711831,453753
712093,453753
712088,453753
712078,453753
712128,453753
712036,453753
711705,453753
712009,453753
712108,453753
712043,453753
711731,453753
711813,453753
712130,453753
712068,453753
712114,453753
712233,453546
