TRACE,NSNPS_JACKKNIFE
711947,453753
711916,453753
711865,453753
711905,453753
711827,453753
711926,453753
711826,453753
711792,453753
711882,453753
711769,453753
711851,453753
711755,453753
711917,453753
711837,453753
711907,453753
711882,453753
711775,453753
711493,453753
711539,453753
711738,453753
711875,453753
711896,453753
711805,453753
711882,453753
711869,453753
711862,453753
711696,453753
711700,453753
711794,453753
711811,453753
711819,453753
711814,453753
711825,453753
711801,453753
711817,453753
711840,453753
711781,453753
711766,453753
711827,453753
711851,453753
711867,453753
711866,453753
711781,453753
711615,453753
711638,453753
711754,453753
711847,453753
711851,453753
711902,453753
711902,453753
711907,453753
711614,453753
711743,453753
711771,453753
711691,453753
711839,453753
711806,453753
711604,453753
711762,453753
711669,453753
711858,453753
711912,453753
711909,453753
711865,453753
711816,453753
711867,453753
711832,453753
711752,453753
711749,453753
711725,453753
711397,453753
711823,453753
711908,453753
711949,453753
711916,453753
711886,453753
711956,453753
711902,453753
711942,453753
711867,453753
711686,453753
711851,453753
711932,453753
711970,453753
711944,453753
711885,453753
711945,453753
711984,453753
711889,453753
711886,453753
711724,453753
711636,453753
711872,453753
710806,453753
711861,453753
711746,453753
711823,453753
711831,453753
711843,453753
711923,453753
711757,453753
711814,453753
711713,453753
711643,453753
711666,453753
711691,453753
711877,453753
711853,453753
711857,453753
711805,453753
711868,453753
711802,453753
711687,453753
711623,453753
711628,453753
711667,453753
711809,453753
711818,453753
711756,453753
711676,453753
711728,453753
711922,453753
711768,453753
711796,453753
711888,453753
711821,453753
711735,453753
711792,453753
711753,453753
711808,453753
711691,453753
711814,453753
711761,453753
711835,453753
711665,453753
711847,453753
711890,453753
711913,453753
711721,453753
711843,453753
711477,453753
711370,453753
711773,453753
711736,453753
711719,453753
711704,453753
711808,453753
711763,453753
711815,453753
711863,453753
711848,453753
711881,453753
711888,453753
711848,453753
711844,453753
711874,453753
711850,453753
711891,453753
711926,453753
711851,453753
711767,453753
711782,453753
711892,453753
711971,453753
711962,453753
711947,453753
711870,453753
711901,453753
711852,453753
711821,453753
711745,453753
711862,453753
711896,453753
711848,453753
711906,453753
711819,453753
711864,453753
711785,453753
711746,453753
711753,453753
711685,453753
710758,453753
710874,453753
711781,453753
711721,453753
711942,453753
711891,453753
711885,453753
711856,453753
711860,453753
711949,453753
711885,453753
711643,453753
711391,453753
711424,453753
711255,453753
711505,453753
711708,453753
711844,453753
711807,453753
711772,453753
711881,453753
711856,453753
711556,453753
711792,453753
711831,453753
711813,453753
711833,453753
711745,453753
711691,453753
711792,453753
711825,453753
711879,453753
711892,453753
711735,453753
711772,453753
711457,453753
711471,453753
711674,453753
711592,453753
711945,453753
711896,453753
711881,453753
711867,453753
711765,453753
711889,453753
711925,453753
711873,453753
711906,453753
711947,453753
711815,453753
711671,453753
711722,453753
711935,453753
711938,453753
711927,453753
711804,453753
711815,453753
711638,453753
711842,453753
711735,453753
711905,453753
711962,453753
711894,453753
711855,453753
711824,453753
711812,453753
711869,453753
711862,453753
711627,453753
711589,453753
711865,453753
711808,453753
711724,453753
711758,453753
711713,453753
711788,453753
711780,453753
711540,453753
711829,453753
711931,453753
711731,453753
711385,453753
711757,453753
711786,453753
711707,453753
711719,453753
711392,453753
711874,453753
711841,453753
711771,453753
711478,453753
711769,453753
711741,453753
711697,453753
711655,453753
711882,453753
711851,453753
711748,453753
711520,453753
711787,453753
711767,453753
711886,453753
711822,453753
711696,453753
711861,453753
711873,453753
711810,453753
711825,453753
711896,453753
711933,453753
711931,453753
711951,453753
711872,453753
711940,453753
711882,453753
711866,453753
711825,453753
711938,453753
711907,453753
711918,453753
711908,453753
711984,453753
711817,453753
711941,453753
711892,453753
711844,453753
711867,453753
711819,453753
711914,453753
711912,453753
711803,453753
711656,453753
711364,453753
711265,453753
711753,453753
711861,453753
711681,453753
711728,453753
711795,453753
711815,453753
711877,453753
711794,453753
711818,453753
711752,453753
711638,453753
711758,453753
711769,453753
711725,453753
711678,453753
711270,453753
711761,453753
711805,453753
711852,453753
711818,453753
711843,453753
711730,453753
711812,453753
711879,453753
711641,453753
711579,453753
711800,453753
711414,453753
711352,453753
711829,453753
711696,453753
711872,453753
711696,453753
711764,453753
710954,453753
711837,453753
711863,453753
711867,453753
711957,453753
711972,453753
711949,453753
711964,453753
711947,453753
711874,453753
711859,453753
711874,453753
711957,453753
711831,453753
711950,453753
711845,453753
711899,453753
711860,453753
711884,453753
711829,453753
711872,453753
711867,453753
711837,453753
711794,453753
711851,453753
711782,453753
711846,453753
711692,453753
711364,453753
711686,453753
711628,453753
710888,453753
711465,453753
711603,453753
711827,453753
711700,453753
711549,453753
711579,453753
711527,453753
711711,453753
711840,453753
711783,453753
711738,453753
711723,453753
711815,453753
711789,453753
711678,453753
711704,453753
711487,453753
711598,453753
711843,453753
711850,453753
711843,453753
711837,453753
711811,453753
711939,453753
711403,453753
711794,453753
711778,453753
711797,453753
711890,453753
711887,453753
711908,453753
711791,453753
711849,453753
711959,453753
711933,453753
711895,453753
711840,453753
711663,453753
711716,453753
711798,453753
711855,453753
711875,453753
711769,453753
711926,453753
711872,453753
711876,453753
711862,453753
711693,453753
711785,453753
711824,453753
711877,453753
711537,453753
711842,453753
711853,453753
711798,453753
711836,453753
711766,453753
711761,453753
711781,453753
711779,453753
711574,453753
710755,453753
711723,453753
711774,453753
711836,453753
711918,453753
711909,453753
711770,453753
711679,453753
711782,453753
711879,453753
711629,453753
711716,453753
711892,453753
711822,453753
711859,453753
711808,453753
711705,453753
711644,453753
711634,453753
711774,453753
711912,453753
711709,453753
711956,453753
711898,453753
711810,453753
711837,453753
711917,453753
711768,453753
711985,453753
711959,453753
711879,453753
711807,453753
711675,453753
711788,453753
711732,453753
711865,453753
711906,453753
711479,453753
710652,453753
710852,453753
711806,453753
711835,453753
711911,453753
711772,453753
711835,453753
711688,453753
711853,453753
711828,453753
711888,453753
711675,453753
711825,453753
711814,453753
711344,453753
711691,453753
711831,453753
711817,453753
711839,453753
711731,453753
711768,453753
711889,453753
711907,453753
711789,453753
711702,453753
711827,453753
711681,453753
711743,453753
711810,453753
711930,453753
711780,453753
711774,453753
711764,453753
711621,453753
711653,453753
711876,453753
711887,453753
711907,453753
711893,453753
711948,453753
711802,453753
711895,453753
711869,453753
711850,453753
711919,453753
711864,453753
711861,453753
711854,453753
711932,453753
711934,453753
711847,453753
711910,453753
711916,453753
711904,453753
711867,453753
711756,453753
711882,453753
711731,453753
711892,453753
711663,453753
711795,453753
711564,453753
711428,453753
711870,453753
711733,453753
711800,453753
711896,453753
711807,453753
711821,453753
711902,453753
711865,453753
711923,453753
711892,453753
711713,453753
711614,453753
711811,453753
711770,453753
711802,453753
711884,453753
711850,453753
711756,453753
711827,453753
711791,453753
711871,453753
711811,453753
711730,453753
711863,453753
711881,453753
711903,453753
711885,453753
711942,453753
711789,453753
711808,453753
711883,453753
711914,453753
711889,453753
711880,453753
711872,453753
711887,453753
711864,453753
711892,453753
711906,453753
711780,453753
711757,453753
711842,453753
711835,453753
711914,453753
711758,453753
711526,453753
711290,453753
711760,453753
711847,453753
711857,453753
711718,453753
711781,453753
711671,453753
711737,453753
711765,453753
711846,453753
711754,453753
710453,453753
711862,453753
711895,453753
711775,453753
711857,453753
711699,453753
711751,453753
711789,453753
711734,453753
711528,453753
711812,453753
711803,453753
711892,453753
711880,453753
711944,453753
711862,453753
711868,453753
711856,453753
711940,453753
711865,453753
711969,453753
711821,453753
711758,453753
711361,453753
711928,453753
711592,453753
711392,453753
711737,453753
711746,453753
711932,453753
711820,453753
711847,453753
711962,453753
711940,453753
711858,453753
711729,453753
711730,453753
711854,453753
711893,453753
711796,453753
711823,453753
711813,453753
709399,453753
705549,453753
710525,453753
711722,453753
711674,453753
711659,453753
711873,453753
711738,453753
711864,453753
711930,453753
711810,453753
711261,453753
711608,453753
711696,453753
711790,453753
711920,453753
711802,453753
711701,453753
711677,453753
711733,453753
711795,453753
711842,453753
711873,453753
711862,453753
711942,453753
711875,453753
711710,453753
711933,453753
711920,453753
711935,453753
711958,453753
711836,453753
711858,453753
711915,453753
711940,453753
711896,453753
711775,453753
711867,453753
711853,453753
711801,453753
711846,453753
711832,453753
711900,453753
711805,453753
711811,453753
711610,453753
710916,453753
711697,453753
711803,453753
711553,453753
711694,453753
711687,453753
711721,453753
711747,453753
711815,453753
711904,453753
711872,453753
711776,453753
711882,453753
711805,453753
711589,453753
711605,453753
711872,453753
711777,453753
711688,453753
711871,453753
711830,453753
711844,453753
711854,453753
711760,453753
711729,453753
711919,453753
711926,453753
711697,453753
711602,453753
711929,453753
711963,453753
711966,453753
711926,453753
711792,453753
711693,453753
711969,453753
711810,453753
711849,453753
711926,453753
711931,453753
711929,453753
711877,453753
711880,453753
711862,453753
711848,453753
711900,453753
711755,453753
711715,453753
711578,453753
711738,453753
711772,453753
711739,453753
711814,453753
711934,453753
711824,453753
711841,453753
711772,453753
711689,453753
711772,453753
711877,453753
711799,453753
711853,453753
711893,453753
711913,453753
711981,453753
711957,453753
711920,453753
711825,453753
711894,453753
711828,453753
711911,453753
711942,453753
711922,453753
711878,453753
711927,453753
711965,453753
711821,453753
711691,453753
711651,453753
711699,453753
711802,453753
711830,453753
711486,453753
711889,453753
711778,453753
711768,453753
711768,453753
711761,453753
711720,453753
711824,453753
711777,453753
711815,453753
711862,453753
711834,453753
711887,453753
711911,453753
711785,453753
711970,453753
711934,453753
711934,453753
711893,453753
711733,453753
711856,453753
711978,453753
711951,453753
711894,453753
711967,453753
711908,453753
711867,453753
711594,453753
711851,453753
711641,453753
711855,453753
711867,453753
711923,453753
711884,453753
711763,453753
711867,453753
711952,453753
711337,453753
711603,453753
711669,453753
711872,453753
711401,453753
711840,453753
711841,453753
711929,453753
711992,453753
711941,453753
711974,453753
711939,453753
711861,453753
711915,453753
711736,453753
711763,453753
711974,453753
711904,453753
711904,453753
711879,453753
711895,453753
711917,453753
711960,453753
711842,453753
711849,453753
711896,453753
711737,453753
711638,453753
711947,453753
711852,453753
711917,453753
711784,453753
711839,453753
711851,453753
711814,453753
711493,453753
711588,453753
711808,453753
711824,453753
711913,453753
711955,453753
711844,453753
711880,453753
711875,453753
711925,453753
711927,453753
711801,453753
711578,453753
711884,453753
711935,453753
711797,453753
711743,453753
711967,453753
711975,453753
711970,453753
711877,453753
711721,453753
711726,453753
711708,453753
711942,453753
711860,453753
711808,453753
711538,453753
711576,453753
711291,453753
711883,453753
711811,453753
711992,453753
711652,453753
711831,453753
711873,453753
711915,453753
711906,453753
711969,453753
711879,453753
711923,453753
711880,453753
711875,453753
711721,453753
711803,453753
711976,453753
711987,453753
712003,453753
711925,453753
711955,453753
711891,453753
711816,453753
711857,453753
711870,453753
711843,453753
711802,453753
711793,453753
711869,453753
711695,453753
711727,453753
711864,453753
711815,453753
711655,453753
711850,453753
711895,453753
711907,453753
711808,453753
711847,453753
711911,453753
711914,453753
711950,453753
711886,453753
711929,453753
711894,453753
711895,453753
711920,453753
711959,453753
711901,453753
711842,453753
711692,453753
711143,453753
711806,453753
711801,453753
711826,453753
711600,453753
711295,453753
711767,453753
711847,453753
711802,453753
711489,453753
711635,453753
711675,453753
711180,453753
711757,453753
711849,453753
711927,453753
711754,453753
711938,453753
711177,453753
711518,453753
711746,453753
711778,453753
711947,453753
711791,453753
711947,453753
711941,453753
711943,453753
711912,453753
711875,453753
711940,453753
711857,453753
711790,453753
711772,453753
711514,453753
711437,453753
711800,453753
711875,453753
711905,453753
711760,453753
711817,453753
711899,453753
711934,453753
711943,453753
711944,453753
711960,453753
711943,453753
711902,453753
711749,453753
711985,453753
711951,453753
711918,453753
711888,453753
711927,453753
711857,453753
711825,453753
711819,453753
711818,453753
711843,453753
711916,453753
711971,453753
711850,453753
711771,453753
711659,453753
711911,453753
711895,453753
711896,453753
711942,453753
711856,453753
711485,453753
711788,453753
711899,453753
711849,453753
711532,453753
711615,453753
711944,453753
711919,453753
711955,453753
712025,453546
