TRACE,NSNPS_JACKKNIFE
710663,453753
710678,453753
710589,453753
710598,453753
710556,453753
710662,453753
710538,453753
710514,453753
710610,453753
710505,453753
710588,453753
710404,453753
710664,453753
710552,453753
710600,453753
710592,453753
710513,453753
710248,453753
710274,453753
710459,453753
710595,453753
710630,453753
710560,453753
710620,453753
710650,453753
710587,453753
710423,453753
710430,453753
710548,453753
710554,453753
710535,453753
710505,453753
710481,453753
710487,453753
710553,453753
710567,453753
710539,453753
710487,453753
710566,453753
710584,453753
710604,453753
710596,453753
710529,453753
710276,453753
710375,453753
710482,453753
710592,453753
710560,453753
710632,453753
710611,453753
710614,453753
710366,453753
710426,453753
710499,453753
710378,453753
710519,453753
710544,453753
710350,453753
710443,453753
710419,453753
710591,453753
710650,453753
710635,453753
710595,453753
710543,453753
710595,453753
710557,453753
710442,453753
710485,453753
710422,453753
710213,453753
710564,453753
710610,453753
710666,453753
710642,453753
710631,453753
710660,453753
710590,453753
710663,453753
710621,453753
710397,453753
710584,453753
710630,453753
710701,453753
710676,453753
710625,453753
710650,453753
710673,453753
710598,453753
710564,453753
710366,453753
710344,453753
710604,453753
709701,453753
710569,453753
710477,453753
710576,453753
710575,453753
710554,453753
710642,453753
710439,453753
710481,453753
710417,453753
710348,453753
710422,453753
710438,453753
710591,453753
710576,453753
710599,453753
710553,453753
710612,453753
710538,453753
710434,453753
710388,453753
710349,453753
710449,453753
710585,453753
710559,453753
710450,453753
710418,453753
710440,453753
710636,453753
710461,453753
710531,453753
710610,453753
710477,453753
710518,453753
710585,453753
710482,453753
710557,453753
710478,453753
710532,453753
710478,453753
710558,453753
710441,453753
710567,453753
710600,453753
710624,453753
710405,453753
710569,453753
710226,453753
710115,453753
710518,453753
710449,453753
710422,453753
710447,453753
710517,453753
710478,453753
710572,453753
710554,453753
710571,453753
710606,453753
710594,453753
710536,453753
710574,453753
710585,453753
710596,453753
710618,453753
710660,453753
710565,453753
710530,453753
710541,453753
710596,453753
710676,453753
710692,453753
710664,453753
710609,453753
710633,453753
710612,453753
710568,453753
710489,453753
710569,453753
710583,453753
710567,453753
710598,453753
710533,453753
710571,453753
710533,453753
710470,453753
710499,453753
710480,453753
709511,453753
709668,453753
710526,453753
710481,453753
710653,453753
710606,453753
710641,453753
710611,453753
710560,453753
710684,453753
710631,453753
710336,453753
710051,453753
710103,453753
709983,453753
710138,453753
710428,453753
710589,453753
710503,453753
710494,453753
710596,453753
710543,453753
710318,453753
710543,453753
710534,453753
710505,453753
710544,453753
710539,453753
710379,453753
710514,453753
710588,453753
710608,453753
710627,453753
710426,453753
710480,453753
710154,453753
710232,453753
710359,453753
710179,453753
710662,453753
710629,453753
710594,453753
710592,453753
710401,453753
710635,453753
710675,453753
710627,453753
710644,453753
710672,453753
710498,453753
710380,453753
710421,453753
710677,453753
710668,453753
710638,453753
710512,453753
710504,453753
710424,453753
710590,453753
710452,453753
710628,453753
710666,453753
710579,453753
710593,453753
710547,453753
710534,453753
710584,453753
710588,453753
710406,453753
710337,453753
710579,453753
710545,453753
710442,453753
710465,453753
710439,453753
710490,453753
710513,453753
710270,453753
710529,453753
710612,453753
710466,453753
710136,453753
710508,453753
710500,453753
710457,453753
710470,453753
710031,453753
710597,453753
710581,453753
710524,453753
710223,453753
710515,453753
710441,453753
710460,453753
710430,453753
710610,453753
710595,453753
710476,453753
710319,453753
710546,453753
710508,453753
710604,453753
710576,453753
710458,453753
710593,453753
710616,453753
710518,453753
710563,453753
710662,453753
710677,453753
710638,453753
710683,453753
710615,453753
710655,453753
710619,453753
710564,453753
710529,453753
710667,453753
710627,453753
710651,453753
710585,453753
710679,453753
710536,453753
710637,453753
710619,453753
710559,453753
710587,453753
710554,453753
710654,453753
710620,453753
710559,453753
710341,453753
710053,453753
709809,453753
710430,453753
710556,453753
710386,453753
710442,453753
710513,453753
710545,453753
710569,453753
710550,453753
710584,453753
710469,453753
710435,453753
710458,453753
710533,453753
710509,453753
710388,453753
710100,453753
710518,453753
710526,453753
710583,453753
710531,453753
710564,453753
710451,453753
710530,453753
710584,453753
710403,453753
710258,453753
710504,453753
710099,453753
710109,453753
710559,453753
710420,453753
710605,453753
710465,453753
710470,453753
709652,453753
710562,453753
710532,453753
710578,453753
710698,453753
710691,453753
710649,453753
710677,453753
710683,453753
710572,453753
710567,453753
710640,453753
710665,453753
710599,453753
710630,453753
710526,453753
710608,453753
710558,453753
710598,453753
710512,453753
710602,453753
710604,453753
710527,453753
710536,453753
710598,453753
710549,453753
710569,453753
710354,453753
710052,453753
710423,453753
710361,453753
709739,453753
710169,453753
710399,453753
710508,453753
710436,453753
710292,453753
710299,453753
710235,453753
710480,453753
710574,453753
710523,453753
710411,453753
710478,453753
710544,453753
710448,453753
710401,453753
710434,453753
710225,453753
710309,453753
710588,453753
710558,453753
710590,453753
710546,453753
710532,453753
710671,453753
710074,453753
710481,453753
710500,453753
710508,453753
710590,453753
710608,453753
710635,453753
710567,453753
710617,453753
710658,453753
710631,453753
710624,453753
710582,453753
710384,453753
710424,453753
710547,453753
710579,453753
710624,453753
710493,453753
710633,453753
710564,453753
710606,453753
710590,453753
710398,453753
710524,453753
710541,453753
710635,453753
710238,453753
710540,453753
710574,453753
710574,453753
710581,453753
710523,453753
710528,453753
710517,453753
710513,453753
710305,453753
709548,453753
710451,453753
710489,453753
710583,453753
710644,453753
710652,453753
710481,453753
710410,453753
710541,453753
710588,453753
710315,453753
710406,453753
710630,453753
710567,453753
710595,453753
710539,453753
710457,453753
710403,453753
710414,453753
710505,453753
710625,453753
710500,453753
710669,453753
710629,453753
710508,453753
710553,453753
710639,453753
710497,453753
710669,453753
710680,453753
710639,453753
710490,453753
710409,453753
710545,453753
710481,453753
710584,453753
710622,453753
710143,453753
709125,453753
709385,453753
710535,453753
710574,453753
710579,453753
710535,453753
710551,453753
710378,453753
710580,453753
710606,453753
710609,453753
710417,453753
710536,453753
710523,453753
710012,453753
710399,453753
710533,453753
710515,453753
710555,453753
710504,453753
710529,453753
710646,453753
710637,453753
710529,453753
710481,453753
710509,453753
710406,453753
710472,453753
710534,453753
710643,453753
710479,453753
710538,453753
710545,453753
710327,453753
710364,453753
710556,453753
710573,453753
710637,453753
710626,453753
710675,453753
710545,453753
710598,453753
710608,453753
710598,453753
710634,453753
710638,453753
710531,453753
710578,453753
710642,453753
710656,453753
710575,453753
710630,453753
710640,453753
710615,453753
710555,453753
710507,453753
710643,453753
710488,453753
710647,453753
710381,453753
710508,453753
710295,453753
710102,453753
710548,453753
710458,453753
710568,453753
710617,453753
710518,453753
710557,453753
710614,453753
710592,453753
710594,453753
710578,453753
710396,453753
710371,453753
710560,453753
710493,453753
710464,453753
710598,453753
710538,453753
710437,453753
710549,453753
710499,453753
710638,453753
710520,453753
710475,453753
710598,453753
710611,453753
710657,453753
710616,453753
710669,453753
710554,453753
710546,453753
710623,453753
710631,453753
710600,453753
710585,453753
710588,453753
710604,453753
710611,453753
710624,453753
710622,453753
710478,453753
710510,453753
710574,453753
710577,453753
710612,453753
710462,453753
710316,453753
710007,453753
710483,453753
710540,453753
710584,453753
710429,453753
710525,453753
710430,453753
710494,453753
710498,453753
710613,453753
710489,453753
709418,453753
710585,453753
710626,453753
710471,453753
710571,453753
710426,453753
710468,453753
710529,453753
710433,453753
710199,453753
710540,453753
710540,453753
710612,453753
710577,453753
710647,453753
710568,453753
710592,453753
710557,453753
710628,453753
710588,453753
710691,453753
710598,453753
710550,453753
710053,453753
710648,453753
710304,453753
710133,453753
710464,453753
710416,453753
710638,453753
710576,453753
710574,453753
710699,453753
710647,453753
710600,453753
710487,453753
710518,453753
710568,453753
710632,453753
710509,453753
710486,453753
710532,453753
707470,453753
703037,453753
709033,453753
710398,453753
710414,453753
710346,453753
710583,453753
710404,453753
710546,453753
710616,453753
710487,453753
710046,453753
710365,453753
710389,453753
710499,453753
710642,453753
710514,453753
710397,453753
710404,453753
710480,453753
710496,453753
710567,453753
710579,453753
710601,453753
710684,453753
710569,453753
710365,453753
710665,453753
710650,453753
710667,453753
710684,453753
710577,453753
710578,453753
710641,453753
710677,453753
710632,453753
710520,453753
710619,453753
710590,453753
710554,453753
710584,453753
710613,453753
710647,453753
710523,453753
710526,453753
710288,453753
709552,453753
710443,453753
710537,453753
710289,453753
710423,453753
710444,453753
710420,453753
710417,453753
710541,453753
710613,453753
710558,453753
710536,453753
710604,453753
710544,453753
710266,453753
710348,453753
710572,453753
710526,453753
710432,453753
710589,453753
710568,453753
710575,453753
710609,453753
710415,453753
710459,453753
710624,453753
710646,453753
710427,453753
710299,453753
710677,453753
710695,453753
710685,453753
710673,453753
710518,453753
710427,453753
710699,453753
710555,453753
710559,453753
710625,453753
710635,453753
710664,453753
710547,453753
710567,453753
710564,453753
710547,453753
710627,453753
710460,453753
710449,453753
710224,453753
710471,453753
710452,453753
710418,453753
710503,453753
710669,453753
710534,453753
710544,453753
710512,453753
710402,453753
710508,453753
710600,453753
710542,453753
710563,453753
710572,453753
710615,453753
710707,453753
710689,453753
710657,453753
710568,453753
710624,453753
710515,453753
710630,453753
710668,453753
710657,453753
710583,453753
710648,453753
710668,453753
710581,453753
710466,453753
710398,453753
710369,453753
710542,453753
710538,453753
710155,453753
710599,453753
710468,453753
710500,453753
710509,453753
710498,453753
710452,453753
710592,453753
710495,453753
710563,453753
710562,453753
710567,453753
710631,453753
710589,453753
710547,453753
710682,453753
710647,453753
710657,453753
710629,453753
710482,453753
710536,453753
710726,453753
710666,453753
710600,453753
710698,453753
710641,453753
710529,453753
710346,453753
710590,453753
710339,453753
710591,453753
710573,453753
710653,453753
710571,453753
710545,453753
710551,453753
710663,453753
710115,453753
710369,453753
710425,453753
710567,453753
710041,453753
710571,453753
710560,453753
710634,453753
710700,453753
710643,453753
710714,453753
710665,453753
710542,453753
710649,453753
710444,453753
710491,453753
710700,453753
710629,453753
710614,453753
710569,453753
710620,453753
710647,453753
710659,453753
710528,453753
710601,453753
710662,453753
710449,453753
710391,453753
710657,453753
710552,453753
710655,453753
710555,453753
710541,453753
710558,453753
710526,453753
710168,453753
710266,453753
710442,453753
710550,453753
710618,453753
710666,453753
710575,453753
710600,453753
710614,453753
710661,453753
710640,453753
710486,453753
710305,453753
710600,453753
710629,453753
710537,453753
710470,453753
710676,453753
710690,453753
710700,453753
710577,453753
710453,453753
710436,453753
710440,453753
710682,453753
710599,453753
710424,453753
710182,453753
710319,453753
709878,453753
710605,453753
710554,453753
710685,453753
710313,453753
710566,453753
710635,453753
710647,453753
710636,453753
710685,453753
710659,453753
710673,453753
710598,453753
710610,453753
710460,453753
710542,453753
710698,453753
710705,453753
710737,453753
710654,453753
710678,453753
710613,453753
710499,453753
710614,453753
710616,453753
710574,453753
710553,453753
710547,453753
710540,453753
710421,453753
710517,453753
710575,453753
710521,453753
710359,453753
710545,453753
710614,453753
710638,453753
710592,453753
710564,453753
710648,453753
710623,453753
710659,453753
710594,453753
710653,453753
710619,453753
710622,453753
710658,453753
710685,453753
710615,453753
710613,453753
710452,453753
709993,453753
710517,453753
710520,453753
710587,453753
710422,453753
710026,453753
710441,453753
710602,453753
710523,453753
710175,453753
710372,453753
710446,453753
710059,453753
710441,453753
710580,453753
710631,453753
710502,453753
710671,453753
709959,453753
710247,453753
710429,453753
710537,453753
710665,453753
710489,453753
710657,453753
710671,453753
710653,453753
710614,453753
710589,453753
710650,453753
710593,453753
710516,453753
710455,453753
710219,453753
710161,453753
710560,453753
710614,453753
710620,453753
710522,453753
710564,453753
710632,453753
710638,453753
710669,453753
710689,453753
710685,453753
710681,453753
710645,453753
710522,453753
710707,453753
710696,453753
710652,453753
710585,453753
710641,453753
710589,453753
710531,453753
710547,453753
710545,453753
710596,453753
710618,453753
710708,453753
710592,453753
710508,453753
710435,453753
710650,453753
710652,453753
710614,453753
710700,453753
710599,453753
710267,453753
710539,453753
710652,453753
710609,453753
710206,453753
710339,453753
710676,453753
710642,453753
710659,453753
710715,453546
