TRACE,NSNPS_JACKKNIFE
711737,453753
711724,453753
711669,453753
711646,453753
711605,453753
711674,453753
711559,453753
711533,453753
711642,453753
711546,453753
711643,453753
711454,453753
711712,453753
711573,453753
711674,453753
711644,453753
711530,453753
711231,453753
711259,453753
711463,453753
711649,453753
711686,453753
711587,453753
711651,453753
711657,453753
711616,453753
711495,453753
711461,453753
711560,453753
711599,453753
711581,453753
711541,453753
711550,453753
711549,453753
711568,453753
711605,453753
711565,453753
711535,453753
711638,453753
711654,453753
711668,453753
711628,453753
711575,453753
711357,453753
711445,453753
711583,453753
711607,453753
711642,453753
711667,453753
711685,453753
711656,453753
711417,453753
711462,453753
711551,453753
711449,453753
711615,453753
711600,453753
711351,453753
711441,453753
711456,453753
711636,453753
711704,453753
711695,453753
711624,453753
711568,453753
711610,453753
711595,453753
711487,453753
711562,453753
711461,453753
711250,453753
711606,453753
711646,453753
711712,453753
711725,453753
711668,453753
711726,453753
711655,453753
711699,453753
711623,453753
711430,453753
711629,453753
711706,453753
711761,453753
711739,453753
711654,453753
711724,453753
711723,453753
711655,453753
711654,453753
711452,453753
711445,453753
711633,453753
710911,453753
711619,453753
711530,453753
711622,453753
711642,453753
711628,453753
711713,453753
711535,453753
711576,453753
711455,453753
711420,453753
711427,453753
711485,453753
711609,453753
711621,453753
711623,453753
711609,453753
711635,453753
711566,453753
711470,453753
711404,453753
711335,453753
711422,453753
711626,453753
711619,453753
711520,453753
711465,453753
711463,453753
711691,453753
711516,453753
711567,453753
711633,453753
711548,453753
711535,453753
711561,453753
711464,453753
711598,453753
711518,453753
711580,453753
711524,453753
711625,453753
711475,453753
711589,453753
711662,453753
711677,453753
711483,453753
711617,453753
711312,453753
711245,453753
711556,453753
711499,453753
711505,453753
711436,453753
711569,453753
711544,453753
711616,453753
711593,453753
711597,453753
711688,453753
711676,453753
711647,453753
711618,453753
711653,453753
711661,453753
711642,453753
711712,453753
711622,453753
711589,453753
711613,453753
711667,453753
711747,453753
711751,453753
711684,453753
711652,453753
711673,453753
711654,453753
711602,453753
711528,453753
711609,453753
711640,453753
711620,453753
711685,453753
711588,453753
711610,453753
711553,453753
711507,453753
711534,453753
711474,453753
710444,453753
710630,453753
711575,453753
711547,453753
711702,453753
711660,453753
711671,453753
711677,453753
711637,453753
711730,453753
711692,453753
711422,453753
711093,453753
711192,453753
711030,453753
711195,453753
711454,453753
711601,453753
711564,453753
711566,453753
711679,453753
711631,453753
711371,453753
711609,453753
711603,453753
711554,453753
711626,453753
711495,453753
711419,453753
711577,453753
711639,453753
711657,453753
711648,453753
711497,453753
711577,453753
711214,453753
711230,453753
711401,453753
711307,453753
711720,453753
711709,453753
711623,453753
711661,453753
711545,453753
711674,453753
711713,453753
711693,453753
711725,453753
711700,453753
711591,453753
711370,453753
711506,453753
711711,453753
711728,453753
711698,453753
711575,453753
711562,453753
711449,453753
711642,453753
711536,453753
711680,453753
711701,453753
711635,453753
711624,453753
711587,453753
711596,453753
711603,453753
711608,453753
711419,453753
711385,453753
711613,453753
711568,453753
711493,453753
711520,453753
711505,453753
711538,453753
711583,453753
711361,453753
711593,453753
711696,453753
711491,453753
711108,453753
711538,453753
711521,453753
711516,453753
711502,453753
711033,453753
711625,453753
711616,453753
711557,453753
711231,453753
711568,453753
711512,453753
711493,453753
711384,453753
711632,453753
711653,453753
711517,453753
711330,453753
711564,453753
711536,453753
711634,453753
711624,453753
711512,453753
711638,453753
711678,453753
711557,453753
711617,453753
711673,453753
711689,453753
711696,453753
711723,453753
711668,453753
711702,453753
711683,453753
711597,453753
711600,453753
711712,453753
711629,453753
711701,453753
711641,453753
711754,453753
711567,453753
711648,453753
711674,453753
711600,453753
711628,453753
711603,453753
711693,453753
711677,453753
711557,453753
711441,453753
711111,453753
710890,453753
711491,453753
711619,453753
711432,453753
711504,453753
711560,453753
711602,453753
711670,453753
711582,453753
711617,453753
711560,453753
711543,453753
711512,453753
711548,453753
711580,453753
711455,453753
711094,453753
711560,453753
711582,453753
711657,453753
711602,453753
711615,453753
711477,453753
711602,453753
711663,453753
711462,453753
711306,453753
711529,453753
711208,453753
711141,453753
711598,453753
711487,453753
711601,453753
711496,453753
711535,453753
710874,453753
711615,453753
711624,453753
711628,453753
711738,453753
711716,453753
711680,453753
711733,453753
711724,453753
711646,453753
711652,453753
711667,453753
711705,453753
711655,453753
711715,453753
711604,453753
711658,453753
711558,453753
711624,453753
711593,453753
711611,453753
711634,453753
711581,453753
711559,453753
711643,453753
711583,453753
711648,453753
711449,453753
711092,453753
711456,453753
711380,453753
710884,453753
711254,453753
711375,453753
711511,453753
711479,453753
711332,453753
711323,453753
711273,453753
711465,453753
711625,453753
711569,453753
711453,453753
711496,453753
711602,453753
711535,453753
711487,453753
711475,453753
711326,453753
711370,453753
711611,453753
711568,453753
711611,453753
711624,453753
711597,453753
711708,453753
711062,453753
711536,453753
711564,453753
711545,453753
711632,453753
711643,453753
711666,453753
711583,453753
711651,453753
711733,453753
711683,453753
711665,453753
711643,453753
711414,453753
711485,453753
711577,453753
711605,453753
711672,453753
711541,453753
711674,453753
711635,453753
711651,453753
711643,453753
711427,453753
711620,453753
711573,453753
711678,453753
711278,453753
711575,453753
711617,453753
711640,453753
711655,453753
711555,453753
711538,453753
711505,453753
711533,453753
711355,453753
710595,453753
711523,453753
711560,453753
711642,453753
711705,453753
711698,453753
711529,453753
711442,453753
711562,453753
711634,453753
711359,453753
711442,453753
711672,453753
711569,453753
711627,453753
711612,453753
711527,453753
711461,453753
711451,453753
711551,453753
711714,453753
711548,453753
711725,453753
711691,453753
711591,453753
711618,453753
711690,453753
711584,453753
711739,453753
711724,453753
711698,453753
711533,453753
711462,453753
711587,453753
711548,453753
711628,453753
711665,453753
711227,453753
710465,453753
710605,453753
711568,453753
711631,453753
711650,453753
711572,453753
711600,453753
711398,453753
711622,453753
711588,453753
711630,453753
711490,453753
711593,453753
711599,453753
711055,453753
711469,453753
711597,453753
711559,453753
711605,453753
711564,453753
711538,453753
711678,453753
711682,453753
711550,453753
711497,453753
711592,453753
711458,453753
711507,453753
711574,453753
711690,453753
711575,453753
711566,453753
711564,453753
711349,453753
711381,453753
711633,453753
711626,453753
711664,453753
711685,453753
711706,453753
711586,453753
711650,453753
711655,453753
711649,453753
711679,453753
711637,453753
711620,453753
711591,453753
711705,453753
711709,453753
711627,453753
711680,453753
711686,453753
711671,453753
711607,453753
711497,453753
711669,453753
711511,453753
711689,453753
711442,453753
711553,453753
711341,453753
711176,453753
711623,453753
711487,453753
711576,453753
711681,453753
711643,453753
711589,453753
711665,453753
711636,453753
711682,453753
711640,453753
711483,453753
711444,453753
711610,453753
711543,453753
711589,453753
711692,453753
711614,453753
711519,453753
711628,453753
711558,453753
711674,453753
711598,453753
711545,453753
711636,453753
711646,453753
711710,453753
711652,453753
711755,453753
711515,453753
711581,453753
711682,453753
711658,453753
711642,453753
711615,453753
711675,453753
711666,453753
711639,453753
711677,453753
711690,453753
711488,453753
711539,453753
711591,453753
711623,453753
711631,453753
711518,453753
711358,453753
711051,453753
711515,453753
711593,453753
711636,453753
711457,453753
711591,453753
711508,453753
711515,453753
711546,453753
711667,453753
711558,453753
710538,453753
711654,453753
711684,453753
711531,453753
711624,453753
711501,453753
711527,453753
711620,453753
711511,453753
711290,453753
711567,453753
711591,453753
711666,453753
711622,453753
711726,453753
711616,453753
711649,453753
711609,453753
711701,453753
711664,453753
711768,453753
711625,453753
711578,453753
710961,453753
711682,453753
711377,453753
711230,453753
711488,453753
711487,453753
711726,453753
711584,453753
711620,453753
711742,453753
711708,453753
711651,453753
711529,453753
711526,453753
711644,453753
711681,453753
711574,453753
711547,453753
711608,453753
708846,453753
704239,453753
710234,453753
711541,453753
711456,453753
711392,453753
711641,453753
711480,453753
711610,453753
711658,453753
711558,453753
711019,453753
711383,453753
711450,453753
711574,453753
711691,453753
711597,453753
711468,453753
711418,453753
711564,453753
711547,453753
711646,453753
711661,453753
711676,453753
711743,453753
711630,453753
711460,453753
711693,453753
711666,453753
711690,453753
711715,453753
711605,453753
711659,453753
711677,453753
711728,453753
711658,453753
711563,453753
711661,453753
711637,453753
711614,453753
711611,453753
711634,453753
711698,453753
711577,453753
711575,453753
711376,453753
710782,453753
711464,453753
711624,453753
711391,453753
711483,453753
711546,453753
711523,453753
711475,453753
711570,453753
711676,453753
711625,453753
711539,453753
711660,453753
711562,453753
711338,453753
711412,453753
711643,453753
711586,453753
711476,453753
711641,453753
711599,453753
711606,453753
711656,453753
711528,453753
711464,453753
711645,453753
711711,453753
711501,453753
711363,453753
711730,453753
711719,453753
711747,453753
711708,453753
711578,453753
711471,453753
711733,453753
711620,453753
711642,453753
711703,453753
711688,453753
711708,453753
711626,453753
711628,453753
711620,453753
711619,453753
711677,453753
711516,453753
711524,453753
711361,453753
711511,453753
711499,453753
711479,453753
711580,453753
711692,453753
711614,453753
711576,453753
711574,453753
711455,453753
711576,453753
711655,453753
711582,453753
711658,453753
711662,453753
711662,453753
711750,453753
711738,453753
711698,453753
711633,453753
711695,453753
711601,453753
711694,453753
711725,453753
711668,453753
711646,453753
711694,453753
711734,453753
711604,453753
711506,453753
711434,453753
711444,453753
711593,453753
711632,453753
711265,453753
711665,453753
711509,453753
711574,453753
711548,453753
711513,453753
711483,453753
711634,453753
711526,453753
711558,453753
711641,453753
711628,453753
711641,453753
711645,453753
711588,453753
711744,453753
711697,453753
711726,453753
711673,453753
711564,453753
711622,453753
711746,453753
711719,453753
711660,453753
711716,453753
711679,453753
711611,453753
711353,453753
711590,453753
711420,453753
711633,453753
711626,453753
711671,453753
711607,453753
711539,453753
711646,453753
711693,453753
711168,453753
711416,453753
711515,453753
711620,453753
711077,453753
711636,453753
711571,453753
711711,453753
711754,453753
711675,453753
711741,453753
711712,453753
711644,453753
711705,453753
711508,453753
711518,453753
711757,453753
711661,453753
711660,453753
711615,453753
711659,453753
711662,453753
711702,453753
711550,453753
711610,453753
711684,453753
711458,453753
711476,453753
711693,453753
711635,453753
711722,453753
711601,453753
711603,453753
711651,453753
711586,453753
711222,453753
711309,453753
711507,453753
711583,453753
711677,453753
711726,453753
711598,453753
711685,453753
711655,453753
711728,453753
711704,453753
711512,453753
711261,453753
711660,453753
711684,453753
711612,453753
711485,453753
711735,453753
711751,453753
711766,453753
711659,453753
711511,453753
711452,453753
711465,453753
711711,453753
711642,453753
711561,453753
711254,453753
711339,453753
710935,453753
711662,453753
711597,453753
711751,453753
711425,453753
711628,453753
711685,453753
711677,453753
711666,453753
711744,453753
711672,453753
711693,453753
711642,453753
711663,453753
711509,453753
711596,453753
711756,453753
711786,453753
711792,453753
711694,453753
711706,453753
711664,453753
711579,453753
711647,453753
711670,453753
711614,453753
711586,453753
711578,453753
711592,453753
711469,453753
711476,453753
711590,453753
711557,453753
711335,453753
711582,453753
711660,453753
711683,453753
711585,453753
711613,453753
711702,453753
711659,453753
711716,453753
711646,453753
711726,453753
711680,453753
711646,453753
711675,453753
711715,453753
711654,453753
711621,453753
711541,453753
711066,453753
711623,453753
711576,453753
711623,453753
711402,453753
711179,453753
711525,453753
711658,453753
711561,453753
711187,453753
711422,453753
711453,453753
711094,453753
711528,453753
711628,453753
711674,453753
711569,453753
711732,453753
710939,453753
711249,453753
711498,453753
711565,453753
711700,453753
711589,453753
711726,453753
711736,453753
711695,453753
711670,453753
711619,453753
711686,453753
711621,453753
711565,453753
711533,453753
711299,453753
711256,453753
711573,453753
711637,453753
711645,453753
711537,453753
711596,453753
711667,453753
711692,453753
711691,453753
711715,453753
711740,453753
711701,453753
711667,453753
711545,453753
711719,453753
711733,453753
711673,453753
711610,453753
711695,453753
711635,453753
711605,453753
711590,453753
711597,453753
711624,453753
711678,453753
711729,453753
711631,453753
711572,453753
711412,453753
711712,453753
711710,453753
711652,453753
711711,453753
711632,453753
711291,453753
711618,453753
711681,453753
711639,453753
711333,453753
711387,453753
711708,453753
711687,453753
711704,453753
711767,453546
