TRACE,NSNPS_JACKKNIFE
711445,453753
711438,453753
711330,453753
711402,453753
711355,453753
711429,453753
711310,453753
711226,453753
711337,453753
711304,453753
711376,453753
711196,453753
711420,453753
711308,453753
711396,453753
711370,453753
711294,453753
711055,453753
711060,453753
711176,453753
711404,453753
711386,453753
711278,453753
711368,453753
711365,453753
711338,453753
711225,453753
711199,453753
711299,453753
711262,453753
711302,453753
711288,453753
711310,453753
711257,453753
711326,453753
711337,453753
711286,453753
711251,453753
711330,453753
711348,453753
711381,453753
711369,453753
711274,453753
711048,453753
711143,453753
711253,453753
711354,453753
711351,453753
711378,453753
711395,453753
711407,453753
711158,453753
711193,453753
711275,453753
711161,453753
711319,453753
711303,453753
711073,453753
711227,453753
711182,453753
711322,453753
711406,453753
711389,453753
711325,453753
711300,453753
711341,453753
711285,453753
711231,453753
711282,453753
711262,453753
710923,453753
711358,453753
711357,453753
711403,453753
711381,453753
711366,453753
711441,453753
711374,453753
711421,453753
711341,453753
711140,453753
711362,453753
711415,453753
711443,453753
711448,453753
711369,453753
711427,453753
711434,453753
711369,453753
711343,453753
711189,453753
711116,453753
711332,453753
710508,453753
711302,453753
711214,453753
711335,453753
711340,453753
711322,453753
711376,453753
711210,453753
711280,453753
711178,453753
711118,453753
711204,453753
711163,453753
711323,453753
711361,453753
711371,453753
711345,453753
711346,453753
711297,453753
711219,453753
711150,453753
711052,453753
711109,453753
711327,453753
711315,453753
711217,453753
711196,453753
711212,453753
711404,453753
711269,453753
711295,453753
711351,453753
711278,453753
711249,453753
711293,453753
711226,453753
711317,453753
711251,453753
711325,453753
711228,453753
711323,453753
711199,453753
711327,453753
711356,453753
711367,453753
711184,453753
711352,453753
711003,453753
710898,453753
711265,453753
711216,453753
711191,453753
711188,453753
711247,453753
711284,453753
711328,453753
711336,453753
711346,453753
711388,453753
711367,453753
711305,453753
711333,453753
711333,453753
711355,453753
711386,453753
711445,453753
711361,453753
711321,453753
711289,453753
711364,453753
711461,453753
711463,453753
711396,453753
711413,453753
711399,453753
711356,453753
711347,453753
711273,453753
711332,453753
711349,453753
711355,453753
711361,453753
711281,453753
711344,453753
711265,453753
711237,453753
711288,453753
711185,453753
710343,453753
710535,453753
711308,453753
711237,453753
711395,453753
711378,453753
711385,453753
711392,453753
711343,453753
711440,453753
711395,453753
711173,453753
710880,453753
710881,453753
710679,453753
710913,453753
711163,453753
711328,453753
711271,453753
711251,453753
711341,453753
711329,453753
711118,453753
711304,453753
711280,453753
711257,453753
711306,453753
711277,453753
711153,453753
711278,453753
711338,453753
711372,453753
711381,453753
711241,453753
711273,453753
710949,453753
710935,453753
711140,453753
711064,453753
711438,453753
711393,453753
711372,453753
711378,453753
711250,453753
711401,453753
711429,453753
711361,453753
711422,453753
711418,453753
711310,453753
711156,453753
711127,453753
711452,453753
711448,453753
711416,453753
711274,453753
711266,453753
711153,453753
711332,453753
711230,453753
711384,453753
711449,453753
711372,453753
711375,453753
711298,453753
711318,453753
711300,453753
711368,453753
711134,453753
711100,453753
711333,453753
711274,453753
711185,453753
711229,453753
711225,453753
711306,453753
711299,453753
711160,453753
711310,453753
711399,453753
711249,453753
710845,453753
711241,453753
711241,453753
711163,453753
711225,453753
710783,453753
711377,453753
711300,453753
711293,453753
711013,453753
711263,453753
711240,453753
711212,453753
711131,453753
711354,453753
711365,453753
711250,453753
711088,453753
711288,453753
711222,453753
711329,453753
711308,453753
711232,453753
711341,453753
711375,453753
711291,453753
711322,453753
711424,453753
711437,453753
711396,453753
711421,453753
711362,453753
711419,453753
711388,453753
711269,453753
711341,453753
711424,453753
711362,453753
711409,453753
711376,453753
711477,453753
711335,453753
711382,453753
711408,453753
711358,453753
711364,453753
711293,453753
711411,453753
711404,453753
711331,453753
711125,453753
710869,453753
710719,453753
711213,453753
711346,453753
711157,453753
711211,453753
711288,453753
711318,453753
711387,453753
711313,453753
711312,453753
711256,453753
711176,453753
711206,453753
711255,453753
711265,453753
711194,453753
710778,453753
711284,453753
711335,453753
711332,453753
711305,453753
711349,453753
711171,453753
711351,453753
711355,453753
711150,453753
711107,453753
711311,453753
710910,453753
710895,453753
711305,453753
711208,453753
711338,453753
711189,453753
711279,453753
710332,453753
711308,453753
711322,453753
711365,453753
711433,453753
711451,453753
711437,453753
711442,453753
711437,453753
711349,453753
711372,453753
711405,453753
711443,453753
711344,453753
711407,453753
711366,453753
711396,453753
711307,453753
711402,453753
711287,453753
711385,453753
711348,453753
711300,453753
711287,453753
711342,453753
711283,453753
711340,453753
711173,453753
710837,453753
711148,453753
711122,453753
710465,453753
710895,453753
711101,453753
711291,453753
711202,453753
711087,453753
711034,453753
711024,453753
711216,453753
711316,453753
711279,453753
711198,453753
711153,453753
711306,453753
711210,453753
711195,453753
711176,453753
710910,453753
711119,453753
711343,453753
711340,453753
711358,453753
711342,453753
711297,453753
711417,453753
710800,453753
711229,453753
711259,453753
711288,453753
711358,453753
711371,453753
711398,453753
711332,453753
711374,453753
711450,453753
711420,453753
711398,453753
711332,453753
711110,453753
711188,453753
711237,453753
711341,453753
711369,453753
711221,453753
711367,453753
711311,453753
711340,453753
711344,453753
711183,453753
711283,453753
711330,453753
711355,453753
710973,453753
711298,453753
711330,453753
711330,453753
711349,453753
711246,453753
711252,453753
711225,453753
711215,453753
711091,453753
710348,453753
711235,453753
711281,453753
711338,453753
711412,453753
711401,453753
711243,453753
711139,453753
711276,453753
711335,453753
711083,453753
711189,453753
711388,453753
711305,453753
711340,453753
711312,453753
711189,453753
711134,453753
711172,453753
711272,453753
711412,453753
711271,453753
711433,453753
711403,453753
711262,453753
711296,453753
711404,453753
711297,453753
711458,453753
711460,453753
711381,453753
711252,453753
711166,453753
711300,453753
711228,453753
711347,453753
711402,453753
710838,453753
709738,453753
710104,453753
711309,453753
711350,453753
711376,453753
711278,453753
711339,453753
711187,453753
711364,453753
711356,453753
711385,453753
711195,453753
711309,453753
711258,453753
710800,453753
711207,453753
711300,453753
711284,453753
711346,453753
711241,453753
711265,453753
711413,453753
711418,453753
711292,453753
711197,453753
711283,453753
711177,453753
711221,453753
711320,453753
711387,453753
711286,453753
711268,453753
711258,453753
711130,453753
711123,453753
711382,453753
711348,453753
711382,453753
711409,453753
711404,453753
711275,453753
711353,453753
711369,453753
711354,453753
711386,453753
711403,453753
711346,453753
711298,453753
711414,453753
711422,453753
711350,453753
711375,453753
711426,453753
711367,453753
711368,453753
711255,453753
711382,453753
711222,453753
711402,453753
711136,453753
711256,453753
711032,453753
710865,453753
711334,453753
711262,453753
711335,453753
711386,453753
711333,453753
711289,453753
711362,453753
711374,453753
711412,453753
711391,453753
711226,453753
711150,453753
711317,453753
711259,453753
711291,453753
711358,453753
711334,453753
711225,453753
711332,453753
711250,453753
711368,453753
711344,453753
711221,453753
711360,453753
711350,453753
711409,453753
711342,453753
711437,453753
711273,453753
711277,453753
711400,453753
711388,453753
711384,453753
711353,453753
711385,453753
711357,453753
711348,453753
711377,453753
711388,453753
711251,453753
711237,453753
711341,453753
711329,453753
711391,453753
711268,453753
711021,453753
710742,453753
711238,453753
711318,453753
711346,453753
711177,453753
711298,453753
711218,453753
711266,453753
711266,453753
711349,453753
711213,453753
710093,453753
711372,453753
711398,453753
711255,453753
711317,453753
711211,453753
711231,453753
711333,453753
711181,453753
711054,453753
711250,453753
711247,453753
711393,453753
711362,453753
711409,453753
711341,453753
711333,453753
711378,453753
711414,453753
711378,453753
711479,453753
711357,453753
711262,453753
710711,453753
711399,453753
711117,453753
710943,453753
711234,453753
711205,453753
711412,453753
711270,453753
711325,453753
711433,453753
711423,453753
711385,453753
711193,453753
711238,453753
711327,453753
711400,453753
711280,453753
711275,453753
711353,453753
708861,453753
705096,453753
710102,453753
711153,453753
711140,453753
711155,453753
711348,453753
711192,453753
711313,453753
711370,453753
711286,453753
710721,453753
711131,453753
711142,453753
711322,453753
711388,453753
711283,453753
711200,453753
711129,453753
711224,453753
711259,453753
711339,453753
711351,453753
711346,453753
711450,453753
711398,453753
711180,453753
711414,453753
711359,453753
711428,453753
711461,453753
711326,453753
711348,453753
711431,453753
711432,453753
711367,453753
711271,453753
711390,453753
711357,453753
711298,453753
711339,453753
711347,453753
711384,453753
711320,453753
711320,453753
711071,453753
710423,453753
711180,453753
711290,453753
711023,453753
711196,453753
711239,453753
711257,453753
711241,453753
711295,453753
711387,453753
711347,453753
711270,453753
711353,453753
711304,453753
711058,453753
711129,453753
711382,453753
711295,453753
711240,453753
711338,453753
711308,453753
711332,453753
711402,453753
711217,453753
711235,453753
711410,453753
711398,453753
711249,453753
711054,453753
711432,453753
711481,453753
711443,453753
711446,453753
711258,453753
711173,453753
711439,453753
711317,453753
711349,453753
711438,453753
711423,453753
711423,453753
711383,453753
711343,453753
711347,453753
711355,453753
711396,453753
711233,453753
711251,453753
711024,453753
711234,453753
711243,453753
711226,453753
711306,453753
711419,453753
711320,453753
711328,453753
711269,453753
711266,453753
711255,453753
711357,453753
711328,453753
711391,453753
711391,453753
711382,453753
711464,453753
711454,453753
711426,453753
711288,453753
711393,453753
711301,453753
711397,453753
711442,453753
711397,453753
711384,453753
711453,453753
711476,453753
711349,453753
711205,453753
711169,453753
711113,453753
711274,453753
711354,453753
711019,453753
711362,453753
711233,453753
711260,453753
711284,453753
711278,453753
711226,453753
711370,453753
711254,453753
711341,453753
711317,453753
711326,453753
711380,453753
711384,453753
711305,453753
711427,453753
711411,453753
711391,453753
711382,453753
711293,453753
711330,453753
711478,453753
711418,453753
711355,453753
711456,453753
711382,453753
711327,453753
711112,453753
711337,453753
711071,453753
711336,453753
711315,453753
711385,453753
711336,453753
711258,453753
711330,453753
711421,453753
710846,453753
711149,453753
711166,453753
711356,453753
710935,453753
711351,453753
711317,453753
711436,453753
711484,453753
711426,453753
711474,453753
711425,453753
711372,453753
711420,453753
711215,453753
711229,453753
711455,453753
711408,453753
711406,453753
711339,453753
711392,453753
711394,453753
711406,453753
711307,453753
711349,453753
711409,453753
711229,453753
711189,453753
711431,453753
711352,453753
711396,453753
711313,453753
711301,453753
711355,453753
711322,453753
710969,453753
710983,453753
711250,453753
711281,453753
711386,453753
711419,453753
711374,453753
711397,453753
711390,453753
711412,453753
711422,453753
711253,453753
711096,453753
711377,453753
711426,453753
711283,453753
711205,453753
711440,453753
711458,453753
711487,453753
711368,453753
711255,453753
711180,453753
711164,453753
711461,453753
711336,453753
711279,453753
710991,453753
711018,453753
710827,453753
711385,453753
711331,453753
711471,453753
711050,453753
711333,453753
711375,453753
711396,453753
711413,453753
711442,453753
711390,453753
711432,453753
711353,453753
711341,453753
711209,453753
711326,453753
711497,453753
711487,453753
711482,453753
711378,453753
711423,453753
711384,453753
711314,453753
711353,453753
711338,453753
711338,453753
711270,453753
711288,453753
711322,453753
711176,453753
711273,453753
711328,453753
711300,453753
711065,453753
711305,453753
711388,453753
711387,453753
711329,453753
711341,453753
711404,453753
711344,453753
711418,453753
711390,453753
711423,453753
711408,453753
711352,453753
711378,453753
711456,453753
711374,453753
711356,453753
711211,453753
710734,453753
711305,453753
711320,453753
711354,453753
711111,453753
710813,453753
711258,453753
711366,453753
711307,453753
710936,453753
711162,453753
711150,453753
710718,453753
711255,453753
711373,453753
711353,453753
711262,453753
711437,453753
710636,453753
711043,453753
711239,453753
711256,453753
711432,453753
711290,453753
711434,453753
711435,453753
711456,453753
711387,453753
711355,453753
711411,453753
711331,453753
711286,453753
711242,453753
710949,453753
710887,453753
711331,453753
711357,453753
711373,453753
711300,453753
711324,453753
711354,453753
711407,453753
711425,453753
711437,453753
711451,453753
711443,453753
711349,453753
711278,453753
711466,453753
711465,453753
711384,453753
711373,453753
711401,453753
711358,453753
711337,453753
711302,453753
711325,453753
711326,453753
711419,453753
711440,453753
711358,453753
711322,453753
711183,453753
711403,453753
711388,453753
711366,453753
711462,453753
711333,453753
711027,453753
711334,453753
711404,453753
711391,453753
711055,453753
711092,453753
711435,453753
711413,453753
711426,453753
711499,453546
