TRACE,NSNPS_JACKKNIFE
711996,453753
711982,453753
711913,453753
711945,453753
711903,453753
711967,453753
711874,453753
711826,453753
711887,453753
711839,453753
711928,453753
711739,453753
711992,453753
711874,453753
711933,453753
711868,453753
711837,453753
711517,453753
711555,453753
711750,453753
711926,453753
711955,453753
711853,453753
711950,453753
711969,453753
711892,453753
711777,453753
711726,453753
711866,453753
711864,453753
711859,453753
711825,453753
711874,453753
711813,453753
711851,453753
711898,453753
711829,453753
711806,453753
711878,453753
711897,453753
711955,453753
711907,453753
711863,453753
711608,453753
711727,453753
711802,453753
711891,453753
711900,453753
711991,453753
711923,453753
711963,453753
711696,453753
711754,453753
711819,453753
711729,453753
711869,453753
711889,453753
711593,453753
711782,453753
711746,453753
711920,453753
711949,453753
711954,453753
711901,453753
711827,453753
711896,453753
711882,453753
711796,453753
711874,453753
711757,453753
711512,453753
711893,453753
711892,453753
711994,453753
711976,453753
711933,453753
711992,453753
711895,453753
711988,453753
711911,453753
711672,453753
711899,453753
711977,453753
712007,453753
712002,453753
711931,453753
712001,453753
712001,453753
711922,453753
711948,453753
711731,453753
711700,453753
711898,453753
710931,453753
711894,453753
711826,453753
711914,453753
711879,453753
711893,453753
711941,453753
711759,453753
711804,453753
711729,453753
711647,453753
711707,453753
711721,453753
711906,453753
711885,453753
711906,453753
711871,453753
711904,453753
711892,453753
711778,453753
711680,453753
711663,453753
711654,453753
711898,453753
711857,453753
711803,453753
711736,453753
711737,453753
711971,453753
711784,453753
711866,453753
711922,453753
711869,453753
711806,453753
711821,453753
711753,453753
711884,453753
711780,453753
711834,453753
711804,453753
711854,453753
711756,453753
711883,453753
711906,453753
711935,453753
711700,453753
711877,453753
711575,453753
711483,453753
711863,453753
711722,453753
711738,453753
711712,453753
711838,453753
711833,453753
711878,453753
711910,453753
711878,453753
711941,453753
711937,453753
711902,453753
711903,453753
711910,453753
711925,453753
711916,453753
711985,453753
711938,453753
711850,453753
711864,453753
711934,453753
711993,453753
712002,453753
711978,453753
711932,453753
711950,453753
711927,453753
711880,453753
711792,453753
711894,453753
711928,453753
711909,453753
711909,453753
711896,453753
711875,453753
711808,453753
711806,453753
711798,453753
711757,453753
710844,453753
710980,453753
711855,453753
711811,453753
711969,453753
711947,453753
711960,453753
711957,453753
711892,453753
712008,453753
711958,453753
711675,453753
711423,453753
711392,453753
711313,453753
711509,453753
711729,453753
711879,453753
711822,453753
711771,453753
711911,453753
711912,453753
711665,453753
711880,453753
711882,453753
711797,453753
711904,453753
711790,453753
711663,453753
711826,453753
711893,453753
711930,453753
711949,453753
711764,453753
711816,453753
711447,453753
711453,453753
711681,453753
711639,453753
712003,453753
711967,453753
711910,453753
711899,453753
711791,453753
711965,453753
711984,453753
711962,453753
711981,453753
711981,453753
711850,453753
711683,453753
711750,453753
712003,453753
711994,453753
711979,453753
711840,453753
711858,453753
711716,453753
711915,453753
711809,453753
711934,453753
712019,453753
711938,453753
711893,453753
711873,453753
711855,453753
711866,453753
711886,453753
711688,453753
711641,453753
711887,453753
711906,453753
711792,453753
711816,453753
711748,453753
711800,453753
711847,453753
711619,453753
711864,453753
711964,453753
711775,453753
711377,453753
711789,453753
711817,453753
711809,453753
711804,453753
711248,453753
711883,453753
711899,453753
711792,453753
711456,453753
711825,453753
711776,453753
711749,453753
711686,453753
711903,453753
711922,453753
711833,453753
711675,453753
711840,453753
711811,453753
711940,453753
711898,453753
711775,453753
711902,453753
711935,453753
711826,453753
711890,453753
711978,453753
711972,453753
711985,453753
711991,453753
711954,453753
712002,453753
711936,453753
711858,453753
711875,453753
712005,453753
711943,453753
711970,453753
711944,453753
712024,453753
711881,453753
711950,453753
711942,453753
711918,453753
711930,453753
711875,453753
711982,453753
711949,453753
711864,453753
711702,453753
711425,453753
711241,453753
711750,453753
711885,453753
711714,453753
711751,453753
711807,453753
711875,453753
711944,453753
711843,453753
711876,453753
711829,453753
711761,453753
711818,453753
711865,453753
711833,453753
711700,453753
711221,453753
711818,453753
711896,453753
711917,453753
711879,453753
711900,453753
711771,453753
711895,453753
711919,453753
711707,453753
711573,453753
711814,453753
711402,453753
711335,453753
711865,453753
711745,453753
711914,453753
711795,453753
711848,453753
711013,453753
711888,453753
711870,453753
711905,453753
712021,453753
712013,453753
711993,453753
712010,453753
712014,453753
711927,453753
711936,453753
711973,453753
712008,453753
711878,453753
711957,453753
711869,453753
711934,453753
711899,453753
711954,453753
711837,453753
711914,453753
711889,453753
711871,453753
711847,453753
711894,453753
711846,453753
711869,453753
711683,453753
711375,453753
711735,453753
711660,453753
711035,453753
711512,453753
711723,453753
711836,453753
711763,453753
711593,453753
711592,453753
711580,453753
711767,453753
711907,453753
711852,453753
711752,453753
711723,453753
711859,453753
711796,453753
711793,453753
711752,453753
711516,453753
711661,453753
711884,453753
711869,453753
711922,453753
711915,453753
711874,453753
711985,453753
711278,453753
711826,453753
711823,453753
711848,453753
711899,453753
711926,453753
711954,453753
711887,453753
711937,453753
711984,453753
711963,453753
711942,453753
711892,453753
711724,453753
711786,453753
711884,453753
711879,453753
711940,453753
711828,453753
711965,453753
711898,453753
711930,453753
711892,453753
711749,453753
711870,453753
711880,453753
711930,453753
711567,453753
711888,453753
711899,453753
711882,453753
711912,453753
711807,453753
711836,453753
711802,453753
711827,453753
711604,453753
710989,453753
711770,453753
711828,453753
711891,453753
711982,453753
711961,453753
711790,453753
711753,453753
711868,453753
711891,453753
711596,453753
711695,453753
711950,453753
711870,453753
711881,453753
711881,453753
711747,453753
711740,453753
711677,453753
711815,453753
711963,453753
711809,453753
711998,453753
711943,453753
711865,453753
711903,453753
711936,453753
711833,453753
712033,453753
712004,453753
711949,453753
711818,453753
711734,453753
711855,453753
711836,453753
711894,453753
711940,453753
711586,453753
710828,453753
711077,453753
711856,453753
711883,453753
711913,453753
711873,453753
711890,453753
711710,453753
711949,453753
711918,453753
711917,453753
711774,453753
711878,453753
711867,453753
711341,453753
711720,453753
711881,453753
711840,453753
711879,453753
711828,453753
711800,453753
711932,453753
711949,453753
711821,453753
711812,453753
711835,453753
711739,453753
711782,453753
711868,453753
711962,453753
711851,453753
711839,453753
711828,453753
711672,453753
711691,453753
711906,453753
711921,453753
711932,453753
711978,453753
711985,453753
711862,453753
711950,453753
711919,453753
711925,453753
711964,453753
711931,453753
711864,453753
711877,453753
711980,453753
711982,453753
711906,453753
711959,453753
711966,453753
711950,453753
711937,453753
711780,453753
711959,453753
711812,453753
711960,453753
711699,453753
711802,453753
711676,453753
711498,453753
711871,453753
711755,453753
711872,453753
711944,453753
711869,453753
711844,453753
711945,453753
711922,453753
711951,453753
711899,453753
711710,453753
711657,453753
711868,453753
711819,453753
711833,453753
711937,453753
711867,453753
711768,453753
711885,453753
711829,453753
711934,453753
711874,453753
711788,453753
711915,453753
711898,453753
711981,453753
711935,453753
712012,453753
711853,453753
711864,453753
711933,453753
711971,453753
711953,453753
711903,453753
711933,453753
711936,453753
711911,453753
711936,453753
711944,453753
711808,453753
711788,453753
711900,453753
711894,453753
711943,453753
711832,453753
711633,453753
711360,453753
711752,453753
711872,453753
711942,453753
711743,453753
711854,453753
711756,453753
711798,453753
711812,453753
711910,453753
711775,453753
710663,453753
711916,453753
711929,453753
711769,453753
711893,453753
711772,453753
711768,453753
711866,453753
711780,453753
711600,453753
711837,453753
711854,453753
711928,453753
711932,453753
712009,453753
711905,453753
711903,453753
711886,453753
711968,453753
711888,453753
712012,453753
711920,453753
711811,453753
711200,453753
711961,453753
711633,453753
711525,453753
711779,453753
711784,453753
711994,453753
711858,453753
711886,453753
712018,453753
711989,453753
711919,453753
711801,453753
711851,453753
711909,453753
711966,453753
711843,453753
711842,453753
711892,453753
709105,453753
704492,453753
710438,453753
711731,453753
711750,453753
711674,453753
711926,453753
711771,453753
711881,453753
711959,453753
711805,453753
711331,453753
711710,453753
711708,453753
711842,453753
711947,453753
711862,453753
711701,453753
711678,453753
711811,453753
711849,453753
711896,453753
711945,453753
711919,453753
712033,453753
711913,453753
711692,453753
711994,453753
711932,453753
711961,453753
711993,453753
711893,453753
711918,453753
711965,453753
711995,453753
711924,453753
711806,453753
711931,453753
711915,453753
711880,453753
711870,453753
711907,453753
711954,453753
711861,453753
711858,453753
711665,453753
711028,453753
711790,453753
711869,453753
711615,453753
711802,453753
711776,453753
711783,453753
711778,453753
711861,453753
711955,453753
711916,453753
711837,453753
711910,453753
711860,453753
711602,453753
711650,453753
711932,453753
711871,453753
711771,453753
711935,453753
711884,453753
711899,453753
711908,453753
711803,453753
711790,453753
711956,453753
711988,453753
711798,453753
711611,453753
711978,453753
712026,453753
712009,453753
712028,453753
711881,453753
711779,453753
712013,453753
711872,453753
711885,453753
711962,453753
711989,453753
711983,453753
711944,453753
711897,453753
711897,453753
711885,453753
711933,453753
711816,453753
711765,453753
711657,453753
711808,453753
711816,453753
711799,453753
711878,453753
712003,453753
711875,453753
711878,453753
711829,453753
711685,453753
711829,453753
711926,453753
711829,453753
711894,453753
711917,453753
711923,453753
712036,453753
711997,453753
711990,453753
711868,453753
711961,453753
711854,453753
711942,453753
712005,453753
711921,453753
711953,453753
711957,453753
712011,453753
711908,453753
711797,453753
711721,453753
711725,453753
711862,453753
711915,453753
711535,453753
711930,453753
711792,453753
711816,453753
711802,453753
711841,453753
711750,453753
711914,453753
711854,453753
711879,453753
711867,453753
711909,453753
711940,453753
711926,453753
711852,453753
712000,453753
711976,453753
711994,453753
711943,453753
711785,453753
711849,453753
712031,453753
711987,453753
711923,453753
712003,453753
711963,453753
711881,453753
711651,453753
711916,453753
711659,453753
711907,453753
711872,453753
711973,453753
711893,453753
711787,453753
711883,453753
711980,453753
711377,453753
711694,453753
711750,453753
711874,453753
711440,453753
711906,453753
711887,453753
711944,453753
712036,453753
711972,453753
712037,453753
711973,453753
711897,453753
711969,453753
711783,453753
711825,453753
712017,453753
711953,453753
711948,453753
711890,453753
711950,453753
711944,453753
711972,453753
711881,453753
711905,453753
711968,453753
711738,453753
711736,453753
712000,453753
711899,453753
711969,453753
711872,453753
711872,453753
711889,453753
711881,453753
711482,453753
711584,453753
711780,453753
711859,453753
711934,453753
711999,453753
711903,453753
711938,453753
711928,453753
711983,453753
711980,453753
711782,453753
711622,453753
711905,453753
711969,453753
711855,453753
711819,453753
712005,453753
712014,453753
712036,453753
711940,453753
711738,453753
711743,453753
711757,453753
711991,453753
711918,453753
711858,453753
711533,453753
711627,453753
711452,453753
711915,453753
711849,453753
712017,453753
711658,453753
711892,453753
711927,453753
711965,453753
711957,453753
712009,453753
711959,453753
711986,453753
711912,453753
711943,453753
711785,453753
711837,453753
712030,453753
712038,453753
712052,453753
711983,453753
711974,453753
711954,453753
711869,453753
711982,453753
711939,453753
711888,453753
711886,453753
711835,453753
711863,453753
711749,453753
711813,453753
711890,453753
711849,453753
711652,453753
711915,453753
711949,453753
711936,453753
711897,453753
711857,453753
711974,453753
711909,453753
711991,453753
711915,453753
711994,453753
711943,453753
711904,453753
711966,453753
712016,453753
711934,453753
711916,453753
711755,453753
711219,453753
711807,453753
711863,453753
711903,453753
711704,453753
711399,453753
711819,453753
711902,453753
711827,453753
711515,453753
711743,453753
711756,453753
711165,453753
711807,453753
711916,453753
711930,453753
711809,453753
711994,453753
711218,453753
711609,453753
711785,453753
711822,453753
711985,453753
711789,453753
712003,453753
711994,453753
711993,453753
711948,453753
711892,453753
711960,453753
711878,453753
711878,453753
711791,453753
711500,453753
711475,453753
711882,453753
711907,453753
711959,453753
711860,453753
711922,453753
711939,453753
711968,453753
711962,453753
711999,453753
711988,453753
711994,453753
711953,453753
711855,453753
712027,453753
711996,453753
711983,453753
711953,453753
711970,453753
711945,453753
711892,453753
711879,453753
711882,453753
711890,453753
711953,453753
711996,453753
711930,453753
711837,453753
711761,453753
711986,453753
711977,453753
711959,453753
711984,453753
711912,453753
711602,453753
711884,453753
711968,453753
711943,453753
711613,453753
711710,453753
711989,453753
711970,453753
711985,453753
712075,453546
