TRACE,NSNPS_JACKKNIFE
707819,453753
707818,453753
707758,453753
707759,453753
707712,453753
707782,453753
707635,453753
707656,453753
707694,453753
707649,453753
707706,453753
707563,453753
707791,453753
707701,453753
707768,453753
707728,453753
707659,453753
707343,453753
707441,453753
707595,453753
707738,453753
707775,453753
707650,453753
707751,453753
707746,453753
707724,453753
707560,453753
707542,453753
707654,453753
707701,453753
707676,453753
707639,453753
707676,453753
707643,453753
707700,453753
707686,453753
707674,453753
707602,453753
707723,453753
707715,453753
707775,453753
707718,453753
707634,453753
707451,453753
707534,453753
707612,453753
707721,453753
707733,453753
707749,453753
707748,453753
707729,453753
707504,453753
707604,453753
707611,453753
707482,453753
707693,453753
707704,453753
707493,453753
707592,453753
707572,453753
707723,453753
707779,453753
707766,453753
707713,453753
707667,453753
707716,453753
707682,453753
707634,453753
707667,453753
707600,453753
707350,453753
707696,453753
707769,453753
707804,453753
707755,453753
707767,453753
707819,453753
707729,453753
707797,453753
707716,453753
707529,453753
707721,453753
707794,453753
707836,453753
707815,453753
707769,453753
707781,453753
707800,453753
707727,453753
707723,453753
707530,453753
707542,453753
707738,453753
706833,453753
707718,453753
707643,453753
707704,453753
707700,453753
707700,453753
707771,453753
707592,453753
707606,453753
707636,453753
707555,453753
707542,453753
707582,453753
707725,453753
707725,453753
707673,453753
707695,453753
707746,453753
707687,453753
707619,453753
707483,453753
707495,453753
707551,453753
707697,453753
707680,453753
707621,453753
707500,453753
707576,453753
707792,453753
707628,453753
707658,453753
707736,453753
707649,453753
707598,453753
707646,453753
707585,453753
707661,453753
707614,453753
707677,453753
707624,453753
707686,453753
707534,453753
707683,453753
707727,453753
707745,453753
707536,453753
707716,453753
707379,453753
707235,453753
707620,453753
707582,453753
707579,453753
707535,453753
707638,453753
707623,453753
707711,453753
707712,453753
707710,453753
707764,453753
707740,453753
707711,453753
707702,453753
707733,453753
707774,453753
707757,453753
707754,453753
707718,453753
707662,453753
707648,453753
707729,453753
707822,453753
707834,453753
707789,453753
707731,453753
707764,453753
707771,453753
707679,453753
707577,453753
707714,453753
707735,453753
707687,453753
707747,453753
707686,453753
707688,453753
707652,453753
707627,453753
707661,453753
707575,453753
706768,453753
706873,453753
707671,453753
707568,453753
707785,453753
707780,453753
707778,453753
707740,453753
707681,453753
707823,453753
707777,453753
707470,453753
707271,453753
707267,453753
707183,453753
707336,453753
707530,453753
707706,453753
707628,453753
707630,453753
707732,453753
707725,453753
707452,453753
707690,453753
707687,453753
707656,453753
707714,453753
707602,453753
707499,453753
707676,453753
707689,453753
707723,453753
707730,453753
707575,453753
707620,453753
707218,453753
707276,453753
707526,453753
707451,453753
707797,453753
707776,453753
707736,453753
707756,453753
707623,453753
707752,453753
707789,453753
707763,453753
707757,453753
707797,453753
707660,453753
707448,453753
707499,453753
707809,453753
707818,453753
707778,453753
707613,453753
707692,453753
707544,453753
707731,453753
707631,453753
707761,453753
707805,453753
707703,453753
707714,453753
707659,453753
707667,453753
707680,453753
707754,453753
707569,453753
707481,453753
707721,453753
707676,453753
707577,453753
707636,453753
707611,453753
707613,453753
707658,453753
707458,453753
707663,453753
707751,453753
707588,453753
707210,453753
707608,453753
707656,453753
707607,453753
707589,453753
707206,453753
707745,453753
707698,453753
707605,453753
707414,453753
707621,453753
707592,453753
707580,453753
707550,453753
707728,453753
707748,453753
707641,453753
707444,453753
707630,453753
707597,453753
707740,453753
707691,453753
707596,453753
707716,453753
707748,453753
707668,453753
707711,453753
707770,453753
707770,453753
707765,453753
707804,453753
707742,453753
707801,453753
707755,453753
707662,453753
707679,453753
707826,453753
707753,453753
707783,453753
707777,453753
707832,453753
707684,453753
707759,453753
707742,453753
707687,453753
707739,453753
707683,453753
707775,453753
707757,453753
707676,453753
707539,453753
707210,453753
707018,453753
707562,453753
707683,453753
707580,453753
707593,453753
707675,453753
707708,453753
707735,453753
707677,453753
707662,453753
707643,453753
707508,453753
707619,453753
707632,453753
707620,453753
707591,453753
707196,453753
707639,453753
707707,453753
707713,453753
707668,453753
707714,453753
707580,453753
707672,453753
707736,453753
707544,453753
707427,453753
707673,453753
707272,453753
707218,453753
707703,453753
707513,453753
707722,453753
707547,453753
707626,453753
706965,453753
707696,453753
707691,453753
707719,453753
707814,453753
707819,453753
707801,453753
707790,453753
707787,453753
707717,453753
707733,453753
707746,453753
707822,453753
707741,453753
707766,453753
707669,453753
707774,453753
707724,453753
707763,453753
707650,453753
707743,453753
707728,453753
707639,453753
707675,453753
707715,453753
707675,453753
707694,453753
707539,453753
707257,453753
707549,453753
707467,453753
706814,453753
707339,453753
707535,453753
707671,453753
707574,453753
707405,453753
707346,453753
707424,453753
707584,453753
707703,453753
707667,453753
707576,453753
707570,453753
707667,453753
707616,453753
707533,453753
707569,453753
707399,453753
707489,453753
707711,453753
707695,453753
707667,453753
707718,453753
707648,453753
707790,453753
707219,453753
707652,453753
707660,453753
707653,453753
707723,453753
707747,453753
707766,453753
707673,453753
707750,453753
707791,453753
707772,453753
707756,453753
707712,453753
707537,453753
707598,453753
707656,453753
707680,453753
707754,453753
707634,453753
707755,453753
707670,453753
707746,453753
707735,453753
707573,453753
707659,453753
707675,453753
707772,453753
707377,453753
707695,453753
707739,453753
707733,453753
707699,453753
707645,453753
707613,453753
707626,453753
707663,453753
707439,453753
706803,453753
707579,453753
707607,453753
707725,453753
707770,453753
707765,453753
707605,453753
707567,453753
707651,453753
707746,453753
707479,453753
707542,453753
707763,453753
707665,453753
707709,453753
707691,453753
707523,453753
707497,453753
707502,453753
707626,453753
707771,453753
707603,453753
707819,453753
707777,453753
707674,453753
707689,453753
707756,453753
707690,453753
707851,453753
707830,453753
707749,453753
707613,453753
707532,453753
707675,453753
707629,453753
707698,453753
707748,453753
707416,453753
706676,453753
706874,453753
707692,453753
707708,453753
707740,453753
707652,453753
707694,453753
707511,453753
707727,453753
707707,453753
707759,453753
707561,453753
707693,453753
707681,453753
707144,453753
707558,453753
707681,453753
707637,453753
707661,453753
707608,453753
707645,453753
707791,453753
707795,453753
707618,453753
707573,453753
707697,453753
707527,453753
707612,453753
707678,453753
707772,453753
707669,453753
707646,453753
707646,453753
707451,453753
707467,453753
707734,453753
707712,453753
707786,453753
707777,453753
707794,453753
707641,453753
707738,453753
707740,453753
707742,453753
707742,453753
707779,453753
707676,453753
707682,453753
707805,453753
707789,453753
707699,453753
707778,453753
707801,453753
707759,453753
707734,453753
707603,453753
707748,453753
707625,453753
707755,453753
707533,453753
707655,453753
707493,453753
707317,453753
707707,453753
707598,453753
707662,453753
707749,453753
707671,453753
707705,453753
707739,453753
707728,453753
707759,453753
707755,453753
707601,453753
707501,453753
707694,453753
707642,453753
707643,453753
707754,453753
707688,453753
707545,453753
707690,453753
707640,453753
707776,453753
707664,453753
707574,453753
707686,453753
707710,453753
707782,453753
707729,453753
707817,453753
707688,453753
707690,453753
707771,453753
707771,453753
707731,453753
707713,453753
707724,453753
707763,453753
707763,453753
707747,453753
707769,453753
707613,453753
707652,453753
707674,453753
707720,453753
707767,453753
707568,453753
707382,453753
707105,453753
707612,453753
707705,453753
707716,453753
707566,453753
707666,453753
707580,453753
707634,453753
707625,453753
707748,453753
707634,453753
706262,453753
707715,453753
707749,453753
707612,453753
707731,453753
707551,453753
707654,453753
707694,453753
707587,453753
707383,453753
707648,453753
707669,453753
707754,453753
707752,453753
707773,453753
707716,453753
707778,453753
707711,453753
707783,453753
707739,453753
707823,453753
707726,453753
707633,453753
707030,453753
707755,453753
707472,453753
707315,453753
707593,453753
707560,453753
707797,453753
707670,453753
707712,453753
707826,453753
707800,453753
707745,453753
707611,453753
707621,453753
707696,453753
707744,453753
707660,453753
707655,453753
707702,453753
705202,453753
701218,453753
706395,453753
707525,453753
707488,453753
707448,453753
707738,453753
707624,453753
707690,453753
707780,453753
707658,453753
707045,453753
707462,453753
707541,453753
707658,453753
707779,453753
707660,453753
707553,453753
707505,453753
707620,453753
707631,453753
707732,453753
707762,453753
707719,453753
707828,453753
707747,453753
707548,453753
707805,453753
707773,453753
707790,453753
707830,453753
707676,453753
707730,453753
707781,453753
707810,453753
707772,453753
707636,453753
707740,453753
707737,453753
707681,453753
707695,453753
707723,453753
707739,453753
707653,453753
707664,453753
707467,453753
706800,453753
707570,453753
707659,453753
707444,453753
707515,453753
707578,453753
707629,453753
707587,453753
707661,453753
707749,453753
707720,453753
707659,453753
707738,453753
707682,453753
707488,453753
707489,453753
707738,453753
707658,453753
707588,453753
707680,453753
707689,453753
707703,453753
707742,453753
707632,453753
707634,453753
707762,453753
707767,453753
707594,453753
707440,453753
707811,453753
707842,453753
707820,453753
707811,453753
707692,453753
707560,453753
707820,453753
707665,453753
707680,453753
707790,453753
707778,453753
707808,453753
707744,453753
707736,453753
707703,453753
707701,453753
707762,453753
707612,453753
707597,453753
707449,453753
707597,453753
707613,453753
707578,453753
707684,453753
707805,453753
707686,453753
707695,453753
707650,453753
707520,453753
707641,453753
707728,453753
707688,453753
707740,453753
707772,453753
707725,453753
707848,453753
707795,453753
707781,453753
707719,453753
707774,453753
707694,453753
707772,453753
707781,453753
707779,453753
707728,453753
707764,453753
707810,453753
707720,453753
707563,453753
707555,453753
707569,453753
707688,453753
707723,453753
707328,453753
707746,453753
707593,453753
707654,453753
707647,453753
707618,453753
707565,453753
707686,453753
707618,453753
707673,453753
707714,453753
707713,453753
707735,453753
707741,453753
707689,453753
707809,453753
707781,453753
707794,453753
707755,453753
707604,453753
707722,453753
707830,453753
707809,453753
707760,453753
707827,453753
707752,453753
707713,453753
707446,453753
707731,453753
707514,453753
707693,453753
707690,453753
707765,453753
707699,453753
707638,453753
707700,453753
707786,453753
707300,453753
707528,453753
707574,453753
707719,453753
707236,453753
707703,453753
707695,453753
707789,453753
707844,453753
707811,453753
707826,453753
707791,453753
707726,453753
707774,453753
707578,453753
707617,453753
707838,453753
707768,453753
707731,453753
707703,453753
707774,453753
707780,453753
707787,453753
707700,453753
707725,453753
707751,453753
707573,453753
707532,453753
707800,453753
707709,453753
707788,453753
707691,453753
707693,453753
707758,453753
707661,453753
707329,453753
707370,453753
707619,453753
707656,453753
707773,453753
707810,453753
707742,453753
707763,453753
707776,453753
707801,453753
707785,453753
707641,453753
707425,453753
707721,453753
707804,453753
707658,453753
707568,453753
707814,453753
707826,453753
707841,453753
707770,453753
707618,453753
707535,453753
707563,453753
707786,453753
707726,453753
707628,453753
707353,453753
707441,453753
707103,453753
707759,453753
707680,453753
707817,453753
707491,453753
707731,453753
707761,453753
707760,453753
707799,453753
707820,453753
707748,453753
707788,453753
707750,453753
707726,453753
707605,453753
707661,453753
707866,453753
707855,453753
707877,453753
707787,453753
707818,453753
707785,453753
707678,453753
707718,453753
707769,453753
707730,453753
707673,453753
707665,453753
707668,453753
707535,453753
707620,453753
707698,453753
707661,453753
707441,453753
707708,453753
707762,453753
707735,453753
707702,453753
707704,453753
707790,453753
707733,453753
707808,453753
707748,453753
707783,453753
707747,453753
707717,453753
707776,453753
707820,453753
707782,453753
707737,453753
707618,453753
707150,453753
707684,453753
707648,453753
707720,453753
707505,453753
707219,453753
707607,453753
707756,453753
707669,453753
707413,453753
707544,453753
707507,453753
707054,453753
707601,453753
707727,453753
707770,453753
707635,453753
707801,453753
706984,453753
707455,453753
707599,453753
707613,453753
707818,453753
707621,453753
707821,453753
707811,453753
707817,453753
707766,453753
707699,453753
707782,453753
707722,453753
707666,453753
707626,453753
707370,453753
707337,453753
707693,453753
707733,453753
707772,453753
707671,453753
707711,453753
707766,453753
707787,453753
707785,453753
707796,453753
707788,453753
707799,453753
707728,453753
707618,453753
707830,453753
707808,453753
707766,453753
707735,453753
707786,453753
707735,453753
707699,453753
707705,453753
707702,453753
707673,453753
707773,453753
707826,453753
707729,453753
707674,453753
707541,453753
707772,453753
707781,453753
707741,453753
707793,453753
707716,453753
707388,453753
707695,453753
707775,453753
707745,453753
707415,453753
707512,453753
707822,453753
707774,453753
707771,453753
707839,453546
