TRACE,NSNPS_JACKKNIFE
712156,453753
712133,453753
712099,453753
712125,453753
712045,453753
712139,453753
712009,453753
711987,453753
712058,453753
711994,453753
712038,453753
711931,453753
712157,453753
712036,453753
712118,453753
712100,453753
711974,453753
711609,453753
711683,453753
711910,453753
712090,453753
712119,453753
712049,453753
712115,453753
712160,453753
712094,453753
711946,453753
711882,453753
712036,453753
712018,453753
712023,453753
712018,453753
711991,453753
711983,453753
712046,453753
712055,453753
712002,453753
711977,453753
712086,453753
712067,453753
712103,453753
712082,453753
712000,453753
711782,453753
711877,453753
712005,453753
712074,453753
712058,453753
712132,453753
712129,453753
712116,453753
711875,453753
711890,453753
711971,453753
711868,453753
712043,453753
712039,453753
711806,453753
711946,453753
711938,453753
712088,453753
712140,453753
712119,453753
712019,453753
712000,453753
712079,453753
712038,453753
711961,453753
711976,453753
711979,453753
711698,453753
712062,453753
712066,453753
712153,453753
712132,453753
712131,453753
712177,453753
712094,453753
712181,453753
712045,453753
711862,453753
712078,453753
712141,453753
712201,453753
712177,453753
712130,453753
712144,453753
712145,453753
712054,453753
712093,453753
711932,453753
711828,453753
712071,453753
711315,453753
712074,453753
711958,453753
712068,453753
712066,453753
712050,453753
712140,453753
711955,453753
712014,453753
711890,453753
711842,453753
711912,453753
711908,453753
712046,453753
712056,453753
712068,453753
712012,453753
712109,453753
712054,453753
711990,453753
711821,453753
711821,453753
711922,453753
712075,453753
712017,453753
711930,453753
711867,453753
711947,453753
712133,453753
711983,453753
711998,453753
712059,453753
712047,453753
712002,453753
712022,453753
711924,453753
712025,453753
711933,453753
712044,453753
711965,453753
712035,453753
711919,453753
712060,453753
712084,453753
712115,453753
711887,453753
712051,453753
711727,453753
711583,453753
712018,453753
711921,453753
711933,453753
711867,453753
711974,453753
712006,453753
712053,453753
712100,453753
712022,453753
712120,453753
712080,453753
712068,453753
712100,453753
712100,453753
712129,453753
712108,453753
712159,453753
712061,453753
712031,453753
712039,453753
712090,453753
712176,453753
712177,453753
712129,453753
712115,453753
712115,453753
712087,453753
712070,453753
711950,453753
712051,453753
712053,453753
712069,453753
712103,453753
712039,453753
712058,453753
711973,453753
711946,453753
711967,453753
711946,453753
711123,453753
711206,453753
712055,453753
711950,453753
712140,453753
712084,453753
712131,453753
712098,453753
712084,453753
712170,453753
712119,453753
711822,453753
711562,453753
711617,453753
711437,453753
711730,453753
711905,453753
712078,453753
712004,453753
711933,453753
712083,453753
712071,453753
711788,453753
712026,453753
712030,453753
711984,453753
712075,453753
711964,453753
711804,453753
712016,453753
712051,453753
712098,453753
712092,453753
711924,453753
711981,453753
711601,453753
711657,453753
711795,453753
711752,453753
712152,453753
712151,453753
712103,453753
712100,453753
711940,453753
712078,453753
712164,453753
712116,453753
712155,453753
712136,453753
712026,453753
711790,453753
711862,453753
712180,453753
712138,453753
712154,453753
712028,453753
711999,453753
711851,453753
712076,453753
711941,453753
712104,453753
712157,453753
712056,453753
712063,453753
712066,453753
712045,453753
712062,453753
712087,453753
711832,453753
711835,453753
712061,453753
712057,453753
711912,453753
711939,453753
711915,453753
711989,453753
712013,453753
711814,453753
712040,453753
712131,453753
711931,453753
711539,453753
711953,453753
712015,453753
711927,453753
711922,453753
711483,453753
712084,453753
712063,453753
712023,453753
711788,453753
711942,453753
711945,453753
711925,453753
711934,453753
712081,453753
712089,453753
711999,453753
711813,453753
711998,453753
711961,453753
712094,453753
712084,453753
712005,453753
712067,453753
712103,453753
711964,453753
712048,453753
712124,453753
712147,453753
712147,453753
712143,453753
712079,453753
712137,453753
712119,453753
712053,453753
712043,453753
712155,453753
712108,453753
712126,453753
712093,453753
712196,453753
712056,453753
712102,453753
712133,453753
712072,453753
712092,453753
712068,453753
712147,453753
712133,453753
712053,453753
711877,453753
711633,453753
711480,453753
711949,453753
712083,453753
711899,453753
711950,453753
712042,453753
712062,453753
712077,453753
712022,453753
712062,453753
711975,453753
711866,453753
711927,453753
711992,453753
712015,453753
711877,453753
711618,453753
711973,453753
712046,453753
712093,453753
712000,453753
712080,453753
711962,453753
712051,453753
712091,453753
711903,453753
711769,453753
712032,453753
711625,453753
711605,453753
712039,453753
711914,453753
712112,453753
711957,453753
711999,453753
711285,453753
712056,453753
712067,453753
712068,453753
712198,453753
712178,453753
712159,453753
712168,453753
712173,453753
712097,453753
712098,453753
712123,453753
712163,453753
712111,453753
712125,453753
712017,453753
712119,453753
712074,453753
712121,453753
712023,453753
712084,453753
712068,453753
712063,453753
712036,453753
712069,453753
712003,453753
712057,453753
711933,453753
711537,453753
711864,453753
711864,453753
711258,453753
711677,453753
711883,453753
711998,453753
711913,453753
711789,453753
711812,453753
711729,453753
711988,453753
712068,453753
711999,453753
711853,453753
711938,453753
712059,453753
711995,453753
711898,453753
711946,453753
711732,453753
711824,453753
712056,453753
712010,453753
712066,453753
712060,453753
712033,453753
712138,453753
711535,453753
712000,453753
712016,453753
712012,453753
712090,453753
712080,453753
712116,453753
712040,453753
712089,453753
712131,453753
712134,453753
712134,453753
712050,453753
711864,453753
711922,453753
712046,453753
712080,453753
712120,453753
711994,453753
712082,453753
712082,453753
712107,453753
712077,453753
711866,453753
712045,453753
712041,453753
712119,453753
711714,453753
712060,453753
712063,453753
712049,453753
712079,453753
711985,453753
711991,453753
711968,453753
711961,453753
711813,453753
711031,453753
711958,453753
712008,453753
712072,453753
712149,453753
712119,453753
711980,453753
711883,453753
712016,453753
712049,453753
711848,453753
711907,453753
712115,453753
712035,453753
712075,453753
712005,453753
711962,453753
711865,453753
711897,453753
711957,453753
712143,453753
712002,453753
712170,453753
712129,453753
712060,453753
712082,453753
712112,453753
712027,453753
712190,453753
712183,453753
712145,453753
712011,453753
711940,453753
712005,453753
711964,453753
712055,453753
712087,453753
711640,453753
710697,453753
710983,453753
712028,453753
712056,453753
712088,453753
712045,453753
712045,453753
711890,453753
712097,453753
712054,453753
712073,453753
711979,453753
712038,453753
711997,453753
711511,453753
711902,453753
712017,453753
712016,453753
712088,453753
711948,453753
711999,453753
712123,453753
712164,453753
711993,453753
711923,453753
712035,453753
711918,453753
711949,453753
712026,453753
712136,453753
712012,453753
712030,453753
712008,453753
711810,453753
711878,453753
712108,453753
712089,453753
712116,453753
712135,453753
712167,453753
712004,453753
712094,453753
712084,453753
712086,453753
712144,453753
712106,453753
712046,453753
712029,453753
712142,453753
712119,453753
712062,453753
712099,453753
712146,453753
712118,453753
712085,453753
711984,453753
712117,453753
711966,453753
712115,453753
711840,453753
711969,453753
711726,453753
711595,453753
712062,453753
711968,453753
712031,453753
712112,453753
712022,453753
712031,453753
712107,453753
712096,453753
712140,453753
712090,453753
711957,453753
711879,453753
712040,453753
712005,453753
712026,453753
712089,453753
712048,453753
711926,453753
712070,453753
711945,453753
712082,453753
712027,453753
712007,453753
712081,453753
712057,453753
712134,453753
712124,453753
712184,453753
712029,453753
712019,453753
712140,453753
712092,453753
712099,453753
712076,453753
712076,453753
712105,453753
712067,453753
712114,453753
712113,453753
711958,453753
711964,453753
712039,453753
712071,453753
712127,453753
711976,453753
711751,453753
711390,453753
711919,453753
712030,453753
712092,453753
711960,453753
712024,453753
711961,453753
711989,453753
712022,453753
712079,453753
712017,453753
710629,453753
712105,453753
712136,453753
712038,453753
712093,453753
711971,453753
711986,453753
712043,453753
711956,453753
711705,453753
712014,453753
712018,453753
712107,453753
712105,453753
712148,453753
712076,453753
712097,453753
712071,453753
712128,453753
712110,453753
712190,453753
712057,453753
712013,453753
711319,453753
712116,453753
711816,453753
711698,453753
711918,453753
711901,453753
712150,453753
712001,453753
712056,453753
712207,453753
712125,453753
712090,453753
711927,453753
711946,453753
712072,453753
712130,453753
712019,453753
711995,453753
712060,453753
709218,453753
705160,453753
710677,453753
711910,453753
711885,453753
711845,453753
712115,453753
711927,453753
712048,453753
712106,453753
711989,453753
711331,453753
711866,453753
711929,453753
712030,453753
712117,453753
711975,453753
711884,453753
711845,453753
712007,453753
712002,453753
712084,453753
712090,453753
712062,453753
712187,453753
712114,453753
711905,453753
712163,453753
712123,453753
712160,453753
712185,453753
712065,453753
712071,453753
712115,453753
712143,453753
712119,453753
712012,453753
712093,453753
712063,453753
712052,453753
712037,453753
712078,453753
712133,453753
712044,453753
712015,453753
711785,453753
711112,453753
711946,453753
712036,453753
711763,453753
711905,453753
711957,453753
711917,453753
711940,453753
712011,453753
712117,453753
712084,453753
711981,453753
712106,453753
712055,453753
711838,453753
711843,453753
712093,453753
712059,453753
711938,453753
712065,453753
712036,453753
712036,453753
712081,453753
711972,453753
711940,453753
712123,453753
712134,453753
711943,453753
711791,453753
712172,453753
712185,453753
712158,453753
712173,453753
712032,453753
711933,453753
712176,453753
712043,453753
712044,453753
712151,453753
712163,453753
712136,453753
712101,453753
712092,453753
712040,453753
712080,453753
712123,453753
711951,453753
711936,453753
711766,453753
711972,453753
711945,453753
711955,453753
712043,453753
712160,453753
712026,453753
712055,453753
711998,453753
711912,453753
712029,453753
712109,453753
712052,453753
712077,453753
712097,453753
712086,453753
712216,453753
712183,453753
712127,453753
712036,453753
712096,453753
712071,453753
712129,453753
712148,453753
712105,453753
712111,453753
712127,453753
712195,453753
712087,453753
711921,453753
711907,453753
711887,453753
712016,453753
712081,453753
711734,453753
712063,453753
711990,453753
711983,453753
711951,453753
711976,453753
711922,453753
712081,453753
712044,453753
712072,453753
712059,453753
712054,453753
712104,453753
712079,453753
712051,453753
712178,453753
712132,453753
712151,453753
712124,453753
711976,453753
712069,453753
712218,453753
712155,453753
712081,453753
712167,453753
712128,453753
712044,453753
711816,453753
712063,453753
711853,453753
712060,453753
712083,453753
712137,453753
712069,453753
711984,453753
712055,453753
712141,453753
711651,453753
711847,453753
711881,453753
712080,453753
711581,453753
712102,453753
712060,453753
712145,453753
712199,453753
712176,453753
712191,453753
712137,453753
712043,453753
712144,453753
711946,453753
711928,453753
712183,453753
712098,453753
712126,453753
712070,453753
712106,453753
712136,453753
712145,453753
712008,453753
712050,453753
712123,453753
711952,453753
711938,453753
712169,453753
712090,453753
712134,453753
712053,453753
712052,453753
712083,453753
712060,453753
711606,453753
711769,453753
711960,453753
712022,453753
712118,453753
712136,453753
712084,453753
712117,453753
712092,453753
712134,453753
712144,453753
711940,453753
711763,453753
712074,453753
712136,453753
712032,453753
711956,453753
712135,453753
712162,453753
712190,453753
712103,453753
711974,453753
711933,453753
711928,453753
712173,453753
712082,453753
711975,453753
711701,453753
711803,453753
711531,453753
712121,453753
712041,453753
712191,453753
711868,453753
712064,453753
712095,453753
712127,453753
712144,453753
712178,453753
712127,453753
712167,453753
712091,453753
712076,453753
711914,453753
712037,453753
712198,453753
712218,453753
712226,453753
712139,453753
712156,453753
712126,453753
712022,453753
712088,453753
712092,453753
712062,453753
712047,453753
712032,453753
712037,453753
711922,453753
711939,453753
712055,453753
712013,453753
711816,453753
712051,453753
712093,453753
712120,453753
712047,453753
712053,453753
712152,453753
712098,453753
712148,453753
712066,453753
712145,453753
712112,453753
712083,453753
712123,453753
712188,453753
712117,453753
712042,453753
711929,453753
711461,453753
712020,453753
712035,453753
712076,453753
711854,453753
711542,453753
711982,453753
712134,453753
712031,453753
711666,453753
711869,453753
711879,453753
711516,453753
711946,453753
712109,453753
712110,453753
712010,453753
712192,453753
711391,453753
711808,453753
711942,453753
712009,453753
712165,453753
711964,453753
712176,453753
712172,453753
712151,453753
712130,453753
712062,453753
712109,453753
712072,453753
712046,453753
711993,453753
711681,453753
711666,453753
712060,453753
712067,453753
712099,453753
712017,453753
712072,453753
712113,453753
712135,453753
712150,453753
712151,453753
712195,453753
712163,453753
712110,453753
711997,453753
712173,453753
712156,453753
712135,453753
712087,453753
712135,453753
712090,453753
712025,453753
712065,453753
712067,453753
712063,453753
712149,453753
712167,453753
712102,453753
712039,453753
711931,453753
712146,453753
712162,453753
712097,453753
712152,453753
712067,453753
711720,453753
712046,453753
712111,453753
712090,453753
711728,453753
711787,453753
712178,453753
712095,453753
712161,453753
712225,453546
