TRACE,NSNPS_JACKKNIFE
708925,453753
708925,453753
708876,453753
708890,453753
708836,453753
708913,453753
708817,453753
708790,453753
708836,453753
708768,453753
708858,453753
708707,453753
708916,453753
708826,453753
708894,453753
708889,453753
708782,453753
708502,453753
708573,453753
708726,453753
708875,453753
708895,453753
708838,453753
708881,453753
708911,453753
708888,453753
708696,453753
708673,453753
708833,453753
708814,453753
708827,453753
708787,453753
708771,453753
708766,453753
708813,453753
708828,453753
708823,453753
708741,453753
708805,453753
708851,453753
708871,453753
708825,453753
708800,453753
708595,453753
708645,453753
708771,453753
708828,453753
708847,453753
708908,453753
708902,453753
708884,453753
708614,453753
708705,453753
708755,453753
708663,453753
708832,453753
708790,453753
708542,453753
708747,453753
708699,453753
708867,453753
708898,453753
708924,453753
708850,453753
708824,453753
708867,453753
708802,453753
708787,453753
708805,453753
708747,453753
708528,453753
708874,453753
708865,453753
708927,453753
708912,453753
708902,453753
708957,453753
708873,453753
708950,453753
708824,453753
708663,453753
708850,453753
708909,453753
708964,453753
708951,453753
708886,453753
708943,453753
708969,453753
708861,453753
708867,453753
708663,453753
708666,453753
708854,453753
707968,453753
708878,453753
708768,453753
708853,453753
708828,453753
708825,453753
708910,453753
708762,453753
708794,453753
708691,453753
708605,453753
708673,453753
708737,453753
708836,453753
708854,453753
708867,453753
708812,453753
708873,453753
708805,453753
708739,453753
708646,453753
708591,453753
708621,453753
708816,453753
708807,453753
708753,453753
708714,453753
708755,453753
708919,453753
708762,453753
708831,453753
708847,453753
708831,453753
708759,453753
708782,453753
708699,453753
708820,453753
708690,453753
708804,453753
708737,453753
708829,453753
708717,453753
708854,453753
708889,453753
708855,453753
708664,453753
708850,453753
708504,453753
708439,453753
708785,453753
708719,453753
708705,453753
708626,453753
708782,453753
708777,453753
708851,453753
708859,453753
708892,453753
708893,453753
708892,453753
708852,453753
708841,453753
708842,453753
708883,453753
708863,453753
708943,453753
708831,453753
708770,453753
708819,453753
708875,453753
708949,453753
708952,453753
708910,453753
708902,453753
708895,453753
708907,453753
708862,453753
708759,453753
708858,453753
708854,453753
708834,453753
708902,453753
708838,453753
708851,453753
708768,453753
708750,453753
708786,453753
708733,453753
707843,453753
708029,453753
708805,453753
708732,453753
708915,453753
708870,453753
708913,453753
708906,453753
708840,453753
708935,453753
708908,453753
708641,453753
708326,453753
708378,453753
708258,453753
708503,453753
708701,453753
708852,453753
708777,453753
708735,453753
708883,453753
708852,453753
708585,453753
708813,453753
708843,453753
708763,453753
708841,453753
708776,453753
708651,453753
708793,453753
708841,453753
708866,453753
708897,453753
708735,453753
708772,453753
708441,453753
708434,453753
708650,453753
708495,453753
708963,453753
708919,453753
708880,453753
708884,453753
708762,453753
708872,453753
708940,453753
708888,453753
708901,453753
708914,453753
708781,453753
708675,453753
708717,453753
708931,453753
708946,453753
708910,453753
708768,453753
708795,453753
708647,453753
708834,453753
708734,453753
708908,453753
708948,453753
708829,453753
708858,453753
708831,453753
708800,453753
708818,453753
708865,453753
708641,453753
708635,453753
708859,453753
708806,453753
708725,453753
708736,453753
708737,453753
708772,453753
708819,453753
708583,453753
708797,453753
708925,453753
708709,453753
708406,453753
708756,453753
708759,453753
708707,453753
708735,453753
708392,453753
708880,453753
708863,453753
708794,453753
708477,453753
708776,453753
708727,453753
708695,453753
708694,453753
708861,453753
708866,453753
708760,453753
708618,453753
708789,453753
708742,453753
708850,453753
708856,453753
708740,453753
708868,453753
708877,453753
708770,453753
708822,453753
708885,453753
708914,453753
708934,453753
708958,453753
708893,453753
708938,453753
708892,453753
708836,453753
708827,453753
708985,453753
708892,453753
708902,453753
708885,453753
708970,453753
708850,453753
708886,453753
708907,453753
708826,453753
708846,453753
708826,453753
708923,453753
708916,453753
708845,453753
708643,453753
708330,453753
708141,453753
708736,453753
708825,453753
708698,453753
708765,453753
708822,453753
708838,453753
708863,453753
708807,453753
708845,453753
708772,453753
708696,453753
708761,453753
708798,453753
708813,453753
708702,453753
708263,453753
708788,453753
708849,453753
708874,453753
708815,453753
708874,453753
708698,453753
708831,453753
708892,453753
708678,453753
708547,453753
708789,453753
708433,453753
708476,453753
708847,453753
708693,453753
708869,453753
708740,453753
708778,453753
707902,453753
708848,453753
708854,453753
708876,453753
708958,453753
708960,453753
708937,453753
708955,453753
708939,453753
708867,453753
708850,453753
708906,453753
708953,453753
708865,453753
708913,453753
708797,453753
708881,453753
708829,453753
708902,453753
708811,453753
708877,453753
708856,453753
708819,453753
708830,453753
708816,453753
708826,453753
708840,453753
708644,453753
708356,453753
708694,453753
708600,453753
707927,453753
708411,453753
708627,453753
708795,453753
708711,453753
708571,453753
708575,453753
708516,453753
708711,453753
708811,453753
708768,453753
708647,453753
708686,453753
708796,453753
708722,453753
708722,453753
708679,453753
708457,453753
708670,453753
708833,453753
708821,453753
708857,453753
708851,453753
708814,453753
708915,453753
708309,453753
708748,453753
708776,453753
708797,453753
708869,453753
708881,453753
708924,453753
708854,453753
708893,453753
708946,453753
708908,453753
708902,453753
708871,453753
708702,453753
708737,453753
708818,453753
708839,453753
708848,453753
708731,453753
708920,453753
708847,453753
708866,453753
708870,453753
708713,453753
708806,453753
708806,453753
708912,453753
708569,453753
708860,453753
708849,453753
708851,453753
708869,453753
708803,453753
708757,453753
708750,453753
708734,453753
708628,453753
707819,453753
708744,453753
708800,453753
708841,453753
708886,453753
708902,453753
708741,453753
708678,453753
708803,453753
708844,453753
708565,453753
708712,453753
708874,453753
708821,453753
708848,453753
708818,453753
708696,453753
708734,453753
708668,453753
708772,453753
708902,453753
708744,453753
708955,453753
708899,453753
708823,453753
708840,453753
708902,453753
708806,453753
708979,453753
708982,453753
708931,453753
708795,453753
708686,453753
708777,453753
708734,453753
708864,453753
708882,453753
708438,453753
707412,453753
707720,453753
708810,453753
708815,453753
708842,453753
708783,453753
708808,453753
708662,453753
708859,453753
708842,453753
708883,453753
708694,453753
708821,453753
708785,453753
708412,453753
708683,453753
708819,453753
708786,453753
708820,453753
708737,453753
708779,453753
708896,453753
708919,453753
708780,453753
708700,453753
708852,453753
708637,453753
708737,453753
708804,453753
708920,453753
708775,453753
708790,453753
708787,453753
708569,453753
708602,453753
708881,453753
708875,453753
708889,453753
708920,453753
708950,453753
708797,453753
708876,453753
708881,453753
708833,453753
708890,453753
708912,453753
708813,453753
708824,453753
708904,453753
708926,453753
708860,453753
708887,453753
708914,453753
708892,453753
708859,453753
708762,453753
708925,453753
708745,453753
708908,453753
708614,453753
708798,453753
708640,453753
708508,453753
708833,453753
708751,453753
708825,453753
708907,453753
708787,453753
708821,453753
708888,453753
708886,453753
708884,453753
708866,453753
708762,453753
708669,453753
708810,453753
708735,453753
708814,453753
708902,453753
708811,453753
708691,453753
708858,453753
708745,453753
708884,453753
708807,453753
708743,453753
708851,453753
708858,453753
708924,453753
708863,453753
708962,453753
708810,453753
708756,453753
708913,453753
708931,453753
708894,453753
708866,453753
708868,453753
708868,453753
708864,453753
708860,453753
708900,453753
708738,453753
708707,453753
708822,453753
708855,453753
708892,453753
708780,453753
708597,453753
708330,453753
708739,453753
708817,453753
708841,453753
708687,453753
708801,453753
708706,453753
708755,453753
708756,453753
708876,453753
708733,453753
707246,453753
708886,453753
708892,453753
708774,453753
708840,453753
708662,453753
708795,453753
708829,453753
708753,453753
708486,453753
708814,453753
708827,453753
708915,453753
708870,453753
708914,453753
708818,453753
708872,453753
708843,453753
708929,453753
708869,453753
708961,453753
708868,453753
708799,453753
708299,453753
708903,453753
708605,453753
708475,453753
708723,453753
708730,453753
708942,453753
708784,453753
708834,453753
708971,453753
708915,453753
708904,453753
708697,453753
708755,453753
708860,453753
708881,453753
708777,453753
708755,453753
708804,453753
706381,453753
702539,453753
707602,453753
708716,453753
708668,453753
708627,453753
708872,453753
708717,453753
708816,453753
708873,453753
708747,453753
708119,453753
708679,453753
708612,453753
708751,453753
708901,453753
708790,453753
708719,453753
708680,453753
708761,453753
708771,453753
708871,453753
708860,453753
708879,453753
708946,453753
708871,453753
708697,453753
708953,453753
708905,453753
708943,453753
708932,453753
708838,453753
708880,453753
708910,453753
708953,453753
708912,453753
708763,453753
708901,453753
708874,453753
708798,453753
708820,453753
708849,453753
708903,453753
708815,453753
708792,453753
708593,453753
707883,453753
708689,453753
708786,453753
708611,453753
708734,453753
708698,453753
708748,453753
708749,453753
708813,453753
708892,453753
708871,453753
708790,453753
708874,453753
708824,453753
708512,453753
708621,453753
708871,453753
708804,453753
708707,453753
708879,453753
708825,453753
708871,453753
708842,453753
708715,453753
708696,453753
708913,453753
708917,453753
708777,453753
708625,453753
708960,453753
708955,453753
708975,453753
708945,453753
708790,453753
708711,453753
708961,453753
708817,453753
708810,453753
708921,453753
708922,453753
708911,453753
708874,453753
708873,453753
708850,453753
708836,453753
708906,453753
708762,453753
708724,453753
708586,453753
708756,453753
708755,453753
708697,453753
708819,453753
708951,453753
708810,453753
708843,453753
708786,453753
708648,453753
708782,453753
708901,453753
708817,453753
708850,453753
708908,453753
708871,453753
708973,453753
708945,453753
708928,453753
708817,453753
708878,453753
708796,453753
708869,453753
708904,453753
708895,453753
708895,453753
708927,453753
708965,453753
708825,453753
708732,453753
708648,453753
708599,453753
708824,453753
708868,453753
708387,453753
708884,453753
708775,453753
708778,453753
708791,453753
708755,453753
708730,453753
708822,453753
708772,453753
708828,453753
708820,453753
708835,453753
708893,453753
708861,453753
708798,453753
708967,453753
708906,453753
708938,453753
708878,453753
708792,453753
708874,453753
708987,453753
708931,453753
708858,453753
708956,453753
708906,453753
708799,453753
708599,453753
708830,453753
708645,453753
708828,453753
708848,453753
708916,453753
708864,453753
708756,453753
708834,453753
708916,453753
708410,453753
708645,453753
708689,453753
708833,453753
708399,453753
708849,453753
708834,453753
708917,453753
708994,453753
708908,453753
708965,453753
708905,453753
708880,453753
708905,453753
708745,453753
708770,453753
708961,453753
708898,453753
708887,453753
708847,453753
708897,453753
708915,453753
708933,453753
708772,453753
708858,453753
708908,453753
708694,453753
708667,453753
708932,453753
708851,453753
708911,453753
708830,453753
708839,453753
708869,453753
708817,453753
708453,453753
708545,453753
708767,453753
708828,453753
708858,453753
708919,453753
708842,453753
708891,453753
708894,453753
708943,453753
708941,453753
708767,453753
708589,453753
708860,453753
708882,453753
708789,453753
708730,453753
708938,453753
708972,453753
708974,453753
708902,453753
708762,453753
708699,453753
708703,453753
708931,453753
708868,453753
708751,453753
708440,453753
708565,453753
708170,453753
708882,453753
708808,453753
708956,453753
708578,453753
708853,453753
708881,453753
708919,453753
708928,453753
708970,453753
708899,453753
708916,453753
708868,453753
708872,453753
708709,453753
708802,453753
708955,453753
709006,453753
709002,453753
708943,453753
708936,453753
708894,453753
708791,453753
708883,453753
708865,453753
708822,453753
708805,453753
708782,453753
708821,453753
708707,453753
708764,453753
708840,453753
708831,453753
708627,453753
708835,453753
708889,453753
708891,453753
708814,453753
708831,453753
708934,453753
708836,453753
708924,453753
708882,453753
708921,453753
708896,453753
708817,453753
708928,453753
708940,453753
708889,453753
708866,453753
708708,453753
708207,453753
708791,453753
708780,453753
708836,453753
708583,453753
708269,453753
708756,453753
708895,453753
708823,453753
708496,453753
708683,453753
708690,453753
708268,453753
708756,453753
708896,453753
708908,453753
708768,453753
708943,453753
708116,453753
708536,453753
708760,453753
708797,453753
708940,453753
708752,453753
708962,453753
708962,453753
708935,453753
708906,453753
708861,453753
708943,453753
708837,453753
708810,453753
708741,453753
708491,453753
708462,453753
708798,453753
708862,453753
708894,453753
708775,453753
708833,453753
708909,453753
708913,453753
708930,453753
708931,453753
708953,453753
708945,453753
708905,453753
708787,453753
708950,453753
708965,453753
708915,453753
708862,453753
708925,453753
708875,453753
708820,453753
708837,453753
708828,453753
708845,453753
708901,453753
708943,453753
708842,453753
708812,453753
708652,453753
708922,453753
708925,453753
708891,453753
708949,453753
708844,453753
708487,453753
708830,453753
708892,453753
708843,453753
708520,453753
708639,453753
708956,453753
708913,453753
708932,453753
709024,453546
