TRACE,NSNPS_JACKKNIFE
711256,453753
711252,453753
711163,453753
711178,453753
711125,453753
711209,453753
711095,453753
711065,453753
711148,453753
711079,453753
711146,453753
710928,453753
711210,453753
711099,453753
711192,453753
711137,453753
711044,453753
710758,453753
710866,453753
711013,453753
711114,453753
711180,453753
711117,453753
711132,453753
711195,453753
711152,453753
711015,453753
711003,453753
711125,453753
711103,453753
711101,453753
711068,453753
711081,453753
711036,453753
711126,453753
711123,453753
711088,453753
711031,453753
711138,453753
711129,453753
711159,453753
711157,453753
711063,453753
710862,453753
710962,453753
711048,453753
711145,453753
711167,453753
711180,453753
711186,453753
711219,453753
710928,453753
711011,453753
711029,453753
710971,453753
711099,453753
711112,453753
710872,453753
711014,453753
710998,453753
711090,453753
711224,453753
711193,453753
711110,453753
711088,453753
711149,453753
711099,453753
711016,453753
711061,453753
710985,453753
710792,453753
711161,453753
711183,453753
711226,453753
711208,453753
711177,453753
711197,453753
711131,453753
711242,453753
711111,453753
711000,453753
711165,453753
711187,453753
711247,453753
711227,453753
711181,453753
711222,453753
711211,453753
711164,453753
711155,453753
710982,453753
710961,453753
711174,453753
710518,453753
711133,453753
710991,453753
711121,453753
711152,453753
711100,453753
711181,453753
711017,453753
711102,453753
711016,453753
710936,453753
710997,453753
710949,453753
711151,453753
711110,453753
711140,453753
711131,453753
711163,453753
711093,453753
711011,453753
710895,453753
710933,453753
710851,453753
711097,453753
711098,453753
711025,453753
710929,453753
710990,453753
711211,453753
711040,453753
711098,453753
711156,453753
711084,453753
711005,453753
711056,453753
710948,453753
711072,453753
710975,453753
711107,453753
711069,453753
711097,453753
711007,453753
711125,453753
711159,453753
711159,453753
710883,453753
711133,453753
710770,453753
710731,453753
711060,453753
711034,453753
710976,453753
710997,453753
711067,453753
711048,453753
711103,453753
711128,453753
711159,453753
711181,453753
711193,453753
711133,453753
711117,453753
711154,453753
711149,453753
711184,453753
711234,453753
711127,453753
711073,453753
711086,453753
711185,453753
711224,453753
711254,453753
711205,453753
711139,453753
711191,453753
711161,453753
711104,453753
711016,453753
711136,453753
711126,453753
711114,453753
711163,453753
711069,453753
711137,453753
711043,453753
711021,453753
711079,453753
711034,453753
710058,453753
710307,453753
711101,453753
711029,453753
711219,453753
711172,453753
711196,453753
711183,453753
711127,453753
711244,453753
711196,453753
710876,453753
710631,453753
710700,453753
710565,453753
710740,453753
710974,453753
711139,453753
711085,453753
711064,453753
711178,453753
711121,453753
710898,453753
711115,453753
711130,453753
711046,453753
711170,453753
711070,453753
710929,453753
711075,453753
711159,453753
711159,453753
711176,453753
710990,453753
711030,453753
710710,453753
710740,453753
710899,453753
710826,453753
711231,453753
711203,453753
711142,453753
711151,453753
711103,453753
711163,453753
711223,453753
711169,453753
711212,453753
711179,453753
711124,453753
710936,453753
710943,453753
711238,453753
711228,453753
711222,453753
711053,453753
711109,453753
710933,453753
711154,453753
711026,453753
711193,453753
711233,453753
711122,453753
711128,453753
711090,453753
711104,453753
711138,453753
711130,453753
710913,453753
710902,453753
711154,453753
711129,453753
711010,453753
711029,453753
711032,453753
711054,453753
711074,453753
710849,453753
711072,453753
711191,453753
710983,453753
710680,453753
711040,453753
711049,453753
710977,453753
711051,453753
710633,453753
711128,453753
711124,453753
711083,453753
710765,453753
711053,453753
711031,453753
711000,453753
710916,453753
711138,453753
711155,453753
711057,453753
710912,453753
711076,453753
711028,453753
711163,453753
711114,453753
711042,453753
711151,453753
711164,453753
711094,453753
711112,453753
711188,453753
711225,453753
711207,453753
711236,453753
711179,453753
711244,453753
711195,453753
711121,453753
711110,453753
711232,453753
711171,453753
711192,453753
711172,453753
711260,453753
711157,453753
711172,453753
711190,453753
711152,453753
711139,453753
711134,453753
711191,453753
711180,453753
711124,453753
710967,453753
710666,453753
710429,453753
710975,453753
711118,453753
710986,453753
711012,453753
711056,453753
711118,453753
711141,453753
711094,453753
711114,453753
711026,453753
710951,453753
711022,453753
711083,453753
711102,453753
710955,453753
710567,453753
711086,453753
711113,453753
711125,453753
711119,453753
711145,453753
711026,453753
711105,453753
711167,453753
710960,453753
710844,453753
711062,453753
710723,453753
710706,453753
711119,453753
710976,453753
711120,453753
711043,453753
711048,453753
709977,453753
711128,453753
711123,453753
711164,453753
711259,453753
711229,453753
711231,453753
711250,453753
711229,453753
711138,453753
711153,453753
711195,453753
711213,453753
711170,453753
711174,453753
711111,453753
711200,453753
711105,453753
711164,453753
711087,453753
711175,453753
711142,453753
711107,453753
711102,453753
711133,453753
711087,453753
711113,453753
711008,453753
710655,453753
710953,453753
710852,453753
710251,453753
710698,453753
710913,453753
711074,453753
710990,453753
710799,453753
710851,453753
710783,453753
711001,453753
711146,453753
711084,453753
710979,453753
711002,453753
711125,453753
711016,453753
711002,453753
710972,453753
710817,453753
710870,453753
711117,453753
711130,453753
711130,453753
711110,453753
711125,453753
711222,453753
710699,453753
711041,453753
711078,453753
711076,453753
711137,453753
711159,453753
711180,453753
711103,453753
711200,453753
711231,453753
711203,453753
711179,453753
711144,453753
710937,453753
711033,453753
711076,453753
711123,453753
711163,453753
711044,453753
711197,453753
711164,453753
711166,453753
711161,453753
710958,453753
711068,453753
711085,453753
711172,453753
710731,453753
711120,453753
711139,453753
711114,453753
711132,453753
711066,453753
711082,453753
711065,453753
711048,453753
710872,453753
710064,453753
710990,453753
711077,453753
711128,453753
711192,453753
711207,453753
710999,453753
710958,453753
711072,453753
711142,453753
710826,453753
710963,453753
711190,453753
711106,453753
711145,453753
711109,453753
711012,453753
710965,453753
710950,453753
711075,453753
711192,453753
711062,453753
711248,453753
711203,453753
711084,453753
711125,453753
711213,453753
711099,453753
711235,453753
711259,453753
711206,453753
711064,453753
710998,453753
711049,453753
711045,453753
711169,453753
711184,453753
710671,453753
709754,453753
710002,453753
711089,453753
711146,453753
711152,453753
711061,453753
711120,453753
710953,453753
711143,453753
711126,453753
711158,453753
710977,453753
711115,453753
711108,453753
710573,453753
710946,453753
711084,453753
711059,453753
711122,453753
711040,453753
711079,453753
711192,453753
711188,453753
711080,453753
710990,453753
711072,453753
710946,453753
711020,453753
711130,453753
711194,453753
711045,453753
711021,453753
711039,453753
710936,453753
710961,453753
711145,453753
711159,453753
711167,453753
711198,453753
711221,453753
711083,453753
711184,453753
711187,453753
711137,453753
711191,453753
711158,453753
711152,453753
711110,453753
711215,453753
711222,453753
711121,453753
711174,453753
711218,453753
711165,453753
711129,453753
710993,453753
711210,453753
711053,453753
711187,453753
710972,453753
711013,453753
710822,453753
710684,453753
711145,453753
711011,453753
711120,453753
711183,453753
711084,453753
711110,453753
711173,453753
711163,453753
711197,453753
711173,453753
710972,453753
710940,453753
711071,453753
711054,453753
711053,453753
711206,453753
711143,453753
710984,453753
711141,453753
711092,453753
711174,453753
711100,453753
711048,453753
711149,453753
711152,453753
711199,453753
711151,453753
711232,453753
711086,453753
711094,453753
711162,453753
711176,453753
711158,453753
711168,453753
711148,453753
711132,453753
711155,453753
711177,453753
711189,453753
711005,453753
711060,453753
711099,453753
711118,453753
711179,453753
711001,453753
710875,453753
710585,453753
711024,453753
711122,453753
711169,453753
710980,453753
711113,453753
711020,453753
711061,453753
711054,453753
711169,453753
711050,453753
709976,453753
711160,453753
711149,453753
711065,453753
711136,453753
710967,453753
711042,453753
711122,453753
710999,453753
710786,453753
711130,453753
711088,453753
711182,453753
711163,453753
711232,453753
711151,453753
711157,453753
711149,453753
711201,453753
711188,453753
711243,453753
711115,453753
711055,453753
710450,453753
711191,453753
710908,453753
710779,453753
711036,453753
710986,453753
711242,453753
711100,453753
711116,453753
711235,453753
711212,453753
711156,453753
711048,453753
711078,453753
711136,453753
711165,453753
711082,453753
711053,453753
711109,453753
708480,453753
704177,453753
709774,453753
710992,453753
710936,453753
710932,453753
711174,453753
710977,453753
711106,453753
711179,453753
711074,453753
710501,453753
710952,453753
710934,453753
711085,453753
711216,453753
711102,453753
710958,453753
710946,453753
711049,453753
711108,453753
711150,453753
711164,453753
711133,453753
711239,453753
711179,453753
710959,453753
711236,453753
711201,453753
711208,453753
711231,453753
711123,453753
711140,453753
711172,453753
711233,453753
711195,453753
711037,453753
711148,453753
711156,453753
711095,453753
711087,453753
711125,453753
711214,453753
711116,453753
711090,453753
710845,453753
710237,453753
711003,453753
711099,453753
710814,453753
711000,453753
710994,453753
711032,453753
710995,453753
711118,453753
711172,453753
711125,453753
711078,453753
711154,453753
711106,453753
710831,453753
710872,453753
711138,453753
711059,453753
710979,453753
711150,453753
711116,453753
711149,453753
711172,453753
711011,453753
711000,453753
711199,453753
711198,453753
711035,453753
710866,453753
711236,453753
711279,453753
711254,453753
711228,453753
711084,453753
710994,453753
711249,453753
711124,453753
711137,453753
711207,453753
711209,453753
711221,453753
711147,453753
711166,453753
711129,453753
711135,453753
711191,453753
711011,453753
710986,453753
710849,453753
711014,453753
711034,453753
710971,453753
711083,453753
711211,453753
711080,453753
711117,453753
711079,453753
710912,453753
711023,453753
711181,453753
711067,453753
711139,453753
711169,453753
711145,453753
711264,453753
711245,453753
711218,453753
711135,453753
711184,453753
711120,453753
711174,453753
711204,453753
711195,453753
711154,453753
711217,453753
711267,453753
711114,453753
711022,453753
710935,453753
710923,453753
711102,453753
711113,453753
710730,453753
711151,453753
711014,453753
711050,453753
711051,453753
711053,453753
711042,453753
711153,453753
711067,453753
711097,453753
711114,453753
711142,453753
711181,453753
711157,453753
711088,453753
711252,453753
711195,453753
711225,453753
711154,453753
711071,453753
711124,453753
711287,453753
711222,453753
711189,453753
711239,453753
711192,453753
711088,453753
710889,453753
711137,453753
710961,453753
711137,453753
711126,453753
711198,453753
711163,453753
711067,453753
711157,453753
711214,453753
710710,453753
710947,453753
711031,453753
711129,453753
710604,453753
711133,453753
711135,453753
711204,453753
711303,453753
711214,453753
711265,453753
711241,453753
711130,453753
711204,453753
711032,453753
711070,453753
711252,453753
711160,453753
711196,453753
711154,453753
711172,453753
711177,453753
711194,453753
711108,453753
711209,453753
711212,453753
710995,453753
710959,453753
711226,453753
711151,453753
711220,453753
711104,453753
711123,453753
711130,453753
711091,453753
710718,453753
710858,453753
711074,453753
711122,453753
711151,453753
711238,453753
711156,453753
711176,453753
711189,453753
711217,453753
711212,453753
711020,453753
710843,453753
711209,453753
711195,453753
711105,453753
710996,453753
711232,453753
711250,453753
711263,453753
711136,453753
711024,453753
710956,453753
710982,453753
711251,453753
711141,453753
711065,453753
710751,453753
710835,453753
710500,453753
711190,453753
711092,453753
711268,453753
710939,453753
711148,453753
711190,453753
711193,453753
711210,453753
711237,453753
711208,453753
711221,453753
711187,453753
711161,453753
711010,453753
711083,453753
711262,453753
711278,453753
711287,453753
711188,453753
711251,453753
711169,453753
711062,453753
711165,453753
711171,453753
711156,453753
711111,453753
711060,453753
711082,453753
710980,453753
711038,453753
711125,453753
711089,453753
710892,453753
711146,453753
711188,453753
711201,453753
711111,453753
711172,453753
711207,453753
711157,453753
711249,453753
711166,453753
711216,453753
711193,453753
711155,453753
711185,453753
711240,453753
711172,453753
711144,453753
711016,453753
710627,453753
711066,453753
711072,453753
711127,453753
710972,453753
710551,453753
711018,453753
711156,453753
711103,453753
710794,453753
710950,453753
711003,453753
710508,453753
711028,453753
711182,453753
711198,453753
711076,453753
711247,453753
710434,453753
710842,453753
711082,453753
711085,453753
711224,453753
711047,453753
711227,453753
711231,453753
711236,453753
711180,453753
711143,453753
711222,453753
711135,453753
711082,453753
711046,453753
710772,453753
710692,453753
711099,453753
711134,453753
711180,453753
711066,453753
711098,453753
711175,453753
711213,453753
711227,453753
711234,453753
711245,453753
711213,453753
711171,453753
711064,453753
711256,453753
711223,453753
711199,453753
711148,453753
711195,453753
711163,453753
711115,453753
711101,453753
711146,453753
711162,453753
711210,453753
711252,453753
711174,453753
711088,453753
710937,453753
711234,453753
711195,453753
711173,453753
711249,453753
711152,453753
710763,453753
711105,453753
711201,453753
711183,453753
710849,453753
710936,453753
711234,453753
711207,453753
711236,453753
711286,453546
