TRACE,NSNPS_JACKKNIFE
710431,453753
710380,453753
710332,453753
710343,453753
710300,453753
710357,453753
710267,453753
710255,453753
710309,453753
710242,453753
710324,453753
710121,453753
710384,453753
710222,453753
710346,453753
710316,453753
710234,453753
709986,453753
710035,453753
710172,453753
710289,453753
710337,453753
710266,453753
710319,453753
710347,453753
710317,453753
710203,453753
710136,453753
710290,453753
710271,453753
710260,453753
710222,453753
710291,453753
710212,453753
710295,453753
710313,453753
710258,453753
710226,453753
710300,453753
710316,453753
710325,453753
710313,453753
710246,453753
710065,453753
710108,453753
710210,453753
710294,453753
710317,453753
710362,453753
710360,453753
710362,453753
710130,453753
710169,453753
710207,453753
710133,453753
710256,453753
710251,453753
710003,453753
710164,453753
710161,453753
710301,453753
710359,453753
710345,453753
710278,453753
710242,453753
710313,453753
710209,453753
710224,453753
710231,453753
710185,453753
709968,453753
710281,453753
710313,453753
710399,453753
710373,453753
710366,453753
710380,453753
710314,453753
710405,453753
710299,453753
710085,453753
710301,453753
710357,453753
710423,453753
710387,453753
710361,453753
710382,453753
710410,453753
710320,453753
710334,453753
710142,453753
710095,453753
710327,453753
709568,453753
710299,453753
710214,453753
710322,453753
710277,453753
710280,453753
710386,453753
710193,453753
710230,453753
710184,453753
710031,453753
710157,453753
710119,453753
710332,453753
710323,453753
710287,453753
710288,453753
710330,453753
710272,453753
710148,453753
710031,453753
710016,453753
710102,453753
710286,453753
710241,453753
710207,453753
710135,453753
710164,453753
710383,453753
710204,453753
710272,453753
710321,453753
710223,453753
710231,453753
710257,453753
710164,453753
710263,453753
710199,453753
710268,453753
710215,453753
710291,453753
710184,453753
710257,453753
710325,453753
710329,453753
710128,453753
710261,453753
709925,453753
709857,453753
710230,453753
710152,453753
710117,453753
710151,453753
710240,453753
710253,453753
710302,453753
710321,453753
710301,453753
710368,453753
710350,453753
710291,453753
710301,453753
710317,453753
710325,453753
710360,453753
710396,453753
710312,453753
710276,453753
710259,453753
710325,453753
710411,453753
710396,453753
710376,453753
710318,453753
710344,453753
710342,453753
710321,453753
710202,453753
710319,453753
710348,453753
710276,453753
710334,453753
710277,453753
710292,453753
710257,453753
710209,453753
710219,453753
710186,453753
709205,453753
709453,453753
710278,453753
710193,453753
710360,453753
710346,453753
710368,453753
710357,453753
710298,453753
710400,453753
710385,453753
710110,453753
709790,453753
709802,453753
709706,453753
709946,453753
710139,453753
710289,453753
710198,453753
710228,453753
710326,453753
710287,453753
710113,453753
710269,453753
710303,453753
710206,453753
710261,453753
710241,453753
710078,453753
710218,453753
710292,453753
710355,453753
710354,453753
710192,453753
710245,453753
709804,453753
709891,453753
710118,453753
709971,453753
710394,453753
710347,453753
710320,453753
710303,453753
710240,453753
710343,453753
710382,453753
710342,453753
710372,453753
710397,453753
710249,453753
710071,453753
710159,453753
710403,453753
710389,453753
710358,453753
710206,453753
710267,453753
710050,453753
710288,453753
710174,453753
710354,453753
710389,453753
710284,453753
710296,453753
710280,453753
710291,453753
710281,453753
710343,453753
710094,453753
710052,453753
710302,453753
710308,453753
710206,453753
710187,453753
710162,453753
710234,453753
710264,453753
710065,453753
710264,453753
710369,453753
710165,453753
709766,453753
710170,453753
710236,453753
710139,453753
710205,453753
709840,453753
710312,453753
710280,453753
710247,453753
709939,453753
710225,453753
710157,453753
710148,453753
710115,453753
710316,453753
710336,453753
710181,453753
710023,453753
710234,453753
710212,453753
710325,453753
710294,453753
710219,453753
710334,453753
710348,453753
710261,453753
710295,453753
710361,453753
710391,453753
710369,453753
710400,453753
710326,453753
710410,453753
710306,453753
710275,453753
710278,453753
710403,453753
710344,453753
710388,453753
710356,453753
710441,453753
710291,453753
710351,453753
710362,453753
710297,453753
710311,453753
710261,453753
710370,453753
710355,453753
710291,453753
710142,453753
709818,453753
709648,453753
710147,453753
710264,453753
710121,453753
710192,453753
710259,453753
710288,453753
710331,453753
710275,453753
710299,453753
710230,453753
710151,453753
710211,453753
710292,453753
710235,453753
710159,453753
709901,453753
710253,453753
710294,453753
710309,453753
710274,453753
710330,453753
710133,453753
710279,453753
710360,453753
710101,453753
710023,453753
710259,453753
709832,453753
709711,453753
710279,453753
710137,453753
710284,453753
710200,453753
710220,453753
709222,453753
710287,453753
710278,453753
710301,453753
710425,453753
710428,453753
710357,453753
710398,453753
710421,453753
710354,453753
710329,453753
710355,453753
710402,453753
710316,453753
710373,453753
710274,453753
710349,453753
710307,453753
710333,453753
710264,453753
710333,453753
710309,453753
710252,453753
710265,453753
710318,453753
710249,453753
710303,453753
710144,453753
709810,453753
710131,453753
710119,453753
709457,453753
709957,453753
710128,453753
710255,453753
710170,453753
710016,453753
710023,453753
709980,453753
710160,453753
710320,453753
710256,453753
710174,453753
710200,453753
710273,453753
710189,453753
710142,453753
710146,453753
709956,453753
710053,453753
710267,453753
710285,453753
710302,453753
710326,453753
710286,453753
710369,453753
709728,453753
710225,453753
710253,453753
710256,453753
710336,453753
710328,453753
710346,453753
710327,453753
710319,453753
710415,453753
710374,453753
710342,453753
710284,453753
710137,453753
710201,453753
710258,453753
710293,453753
710342,453753
710218,453753
710354,453753
710294,453753
710336,453753
710323,453753
710150,453753
710284,453753
710275,453753
710321,453753
709976,453753
710294,453753
710305,453753
710303,453753
710319,453753
710216,453753
710184,453753
710164,453753
710227,453753
710047,453753
709258,453753
710188,453753
710241,453753
710286,453753
710375,453753
710379,453753
710229,453753
710101,453753
710211,453753
710308,453753
710105,453753
710157,453753
710355,453753
710256,453753
710305,453753
710266,453753
710157,453753
710098,453753
710114,453753
710211,453753
710355,453753
710196,453753
710418,453753
710362,453753
710267,453753
710253,453753
710363,453753
710258,453753
710394,453753
710403,453753
710361,453753
710232,453753
710123,453753
710291,453753
710206,453753
710315,453753
710338,453753
709941,453753
709065,453753
709315,453753
710227,453753
710287,453753
710316,453753
710222,453753
710292,453753
710172,453753
710337,453753
710291,453753
710320,453753
710165,453753
710286,453753
710280,453753
709767,453753
710176,453753
710259,453753
710243,453753
710300,453753
710203,453753
710209,453753
710382,453753
710384,453753
710254,453753
710155,453753
710263,453753
710086,453753
710162,453753
710300,453753
710369,453753
710241,453753
710268,453753
710256,453753
710033,453753
710077,453753
710311,453753
710332,453753
710368,453753
710357,453753
710396,453753
710265,453753
710331,453753
710332,453753
710324,453753
710362,453753
710350,453753
710292,453753
710276,453753
710374,453753
710370,453753
710288,453753
710353,453753
710375,453753
710339,453753
710324,453753
710184,453753
710316,453753
710218,453753
710353,453753
710089,453753
710247,453753
709929,453753
709780,453753
710241,453753
710203,453753
710276,453753
710352,453753
710238,453753
710264,453753
710328,453753
710356,453753
710353,453753
710329,453753
710187,453753
710085,453753
710223,453753
710241,453753
710307,453753
710349,453753
710276,453753
710137,453753
710311,453753
710241,453753
710331,453753
710234,453753
710187,453753
710319,453753
710323,453753
710362,453753
710314,453753
710371,453753
710216,453753
710298,453753
710357,453753
710351,453753
710347,453753
710332,453753
710348,453753
710331,453753
710315,453753
710343,453753
710377,453753
710194,453753
710236,453753
710283,453753
710318,453753
710356,453753
710231,453753
709984,453753
709763,453753
710193,453753
710279,453753
710332,453753
710155,453753
710253,453753
710168,453753
710245,453753
710239,453753
710319,453753
710236,453753
709140,453753
710337,453753
710360,453753
710206,453753
710302,453753
710121,453753
710222,453753
710281,453753
710138,453753
709968,453753
710286,453753
710247,453753
710339,453753
710330,453753
710377,453753
710294,453753
710333,453753
710297,453753
710364,453753
710329,453753
710396,453753
710286,453753
710226,453753
709780,453753
710368,453753
710051,453753
709847,453753
710193,453753
710204,453753
710371,453753
710235,453753
710279,453753
710404,453753
710373,453753
710350,453753
710186,453753
710197,453753
710293,453753
710364,453753
710277,453753
710204,453753
710284,453753
707780,453753
703515,453753
709053,453753
710130,453753
710117,453753
710032,453753
710338,453753
710170,453753
710272,453753
710338,453753
710206,453753
709664,453753
710040,453753
710163,453753
710258,453753
710367,453753
710225,453753
710121,453753
710112,453753
710221,453753
710271,453753
710314,453753
710312,453753
710308,453753
710397,453753
710337,453753
710121,453753
710411,453753
710371,453753
710358,453753
710381,453753
710294,453753
710314,453753
710374,453753
710405,453753
710334,453753
710216,453753
710342,453753
710324,453753
710257,453753
710282,453753
710273,453753
710338,453753
710263,453753
710264,453753
710014,453753
709422,453753
710216,453753
710291,453753
710097,453753
710104,453753
710171,453753
710221,453753
710218,453753
710270,453753
710343,453753
710302,453753
710255,453753
710325,453753
710294,453753
710018,453753
710076,453753
710329,453753
710266,453753
710192,453753
710332,453753
710308,453753
710285,453753
710329,453753
710219,453753
710167,453753
710359,453753
710415,453753
710196,453753
710049,453753
710409,453753
710437,453753
710417,453753
710393,453753
710264,453753
710178,453753
710418,453753
710284,453753
710309,453753
710358,453753
710376,453753
710387,453753
710340,453753
710305,453753
710295,453753
710324,453753
710360,453753
710221,453753
710211,453753
710013,453753
710226,453753
710212,453753
710123,453753
710271,453753
710403,453753
710256,453753
710313,453753
710250,453753
710150,453753
710210,453753
710344,453753
710256,453753
710297,453753
710348,453753
710293,453753
710432,453753
710430,453753
710391,453753
710262,453753
710380,453753
710254,453753
710349,453753
710400,453753
710345,453753
710323,453753
710372,453753
710412,453753
710278,453753
710167,453753
710101,453753
710148,453753
710227,453753
710310,453753
709848,453753
710323,453753
710219,453753
710220,453753
710195,453753
710208,453753
710191,453753
710308,453753
710250,453753
710281,453753
710280,453753
710292,453753
710381,453753
710299,453753
710258,453753
710421,453753
710366,453753
710400,453753
710334,453753
710218,453753
710324,453753
710448,453753
710402,453753
710345,453753
710421,453753
710357,453753
710268,453753
710044,453753
710310,453753
710125,453753
710276,453753
710314,453753
710354,453753
710323,453753
710247,453753
710322,453753
710393,453753
709921,453753
710081,453753
710163,453753
710301,453753
709786,453753
710331,453753
710274,453753
710379,453753
710452,453753
710399,453753
710428,453753
710389,453753
710274,453753
710350,453753
710167,453753
710200,453753
710428,453753
710373,453753
710352,453753
710322,453753
710349,453753
710350,453753
710372,453753
710237,453753
710335,453753
710372,453753
710179,453753
710127,453753
710379,453753
710303,453753
710360,453753
710252,453753
710286,453753
710307,453753
710274,453753
709843,453753
709929,453753
710192,453753
710248,453753
710346,453753
710379,453753
710284,453753
710349,453753
710367,453753
710363,453753
710365,453753
710175,453753
710046,453753
710315,453753
710351,453753
710242,453753
710202,453753
710390,453753
710422,453753
710435,453753
710314,453753
710202,453753
710134,453753
710146,453753
710381,453753
710321,453753
710232,453753
709924,453753
709965,453753
709686,453753
710347,453753
710266,453753
710423,453753
710079,453753
710326,453753
710349,453753
710351,453753
710351,453753
710379,453753
710351,453753
710397,453753
710310,453753
710296,453753
710197,453753
710262,453753
710438,453753
710449,453753
710466,453753
710363,453753
710390,453753
710354,453753
710238,453753
710309,453753
710297,453753
710298,453753
710259,453753
710257,453753
710286,453753
710168,453753
710195,453753
710262,453753
710253,453753
710038,453753
710276,453753
710361,453753
710388,453753
710307,453753
710297,453753
710380,453753
710356,453753
710391,453753
710347,453753
710379,453753
710366,453753
710302,453753
710368,453753
710431,453753
710332,453753
710315,453753
710168,453753
709701,453753
710247,453753
710251,453753
710307,453753
710098,453753
709765,453753
710206,453753
710349,453753
710274,453753
710005,453753
710126,453753
710107,453753
709668,453753
710191,453753
710307,453753
710366,453753
710204,453753
710438,453753
709616,453753
710080,453753
710206,453753
710249,453753
710393,453753
710229,453753
710398,453753
710397,453753
710412,453753
710372,453753
710311,453753
710371,453753
710323,453753
710264,453753
710220,453753
709976,453753
709840,453753
710257,453753
710313,453753
710309,453753
710216,453753
710257,453753
710328,453753
710363,453753
710386,453753
710404,453753
710388,453753
710416,453753
710358,453753
710276,453753
710436,453753
710397,453753
710383,453753
710319,453753
710370,453753
710339,453753
710277,453753
710263,453753
710273,453753
710265,453753
710382,453753
710395,453753
710331,453753
710295,453753
710135,453753
710371,453753
710356,453753
710332,453753
710400,453753
710331,453753
709965,453753
710269,453753
710367,453753
710312,453753
709974,453753
710112,453753
710394,453753
710352,453753
710400,453753
710484,453546
