TRACE,NSNPS_JACKKNIFE
708205,453753
708197,453753
708118,453753
708129,453753
708079,453753
708167,453753
708075,453753
708020,453753
708106,453753
708012,453753
708089,453753
707924,453753
708168,453753
708111,453753
708136,453753
708107,453753
708019,453753
707730,453753
707785,453753
707951,453753
708126,453753
708145,453753
708056,453753
708131,453753
708145,453753
708122,453753
707956,453753
707954,453753
708065,453753
708063,453753
708056,453753
707996,453753
708032,453753
708021,453753
708079,453753
708079,453753
708036,453753
707980,453753
708060,453753
708094,453753
708117,453753
708126,453753
708036,453753
707834,453753
707880,453753
708000,453753
708088,453753
708127,453753
708154,453753
708140,453753
708154,453753
707893,453753
707992,453753
707991,453753
707901,453753
708081,453753
708047,453753
707825,453753
707988,453753
707960,453753
708121,453753
708144,453753
708147,453753
708097,453753
708022,453753
708114,453753
708051,453753
707999,453753
708039,453753
707978,453753
707728,453753
708101,453753
708129,453753
708171,453753
708147,453753
708131,453753
708166,453753
708093,453753
708183,453753
708078,453753
707899,453753
708109,453753
708171,453753
708212,453753
708193,453753
708110,453753
708171,453753
708225,453753
708144,453753
708128,453753
707954,453753
707886,453753
708113,453753
707351,453753
708093,453753
707989,453753
708105,453753
708068,453753
708087,453753
708157,453753
707970,453753
708018,453753
707976,453753
707879,453753
707923,453753
707970,453753
708091,453753
708091,453753
708108,453753
708082,453753
708116,453753
708026,453753
707933,453753
707864,453753
707815,453753
707857,453753
708103,453753
708079,453753
707989,453753
707962,453753
707928,453753
708151,453753
708008,453753
708041,453753
708094,453753
708020,453753
708003,453753
708066,453753
707948,453753
708052,453753
707979,453753
708032,453753
708015,453753
708072,453753
707922,453753
708061,453753
708110,453753
708147,453753
707936,453753
708073,453753
707783,453753
707647,453753
708050,453753
707972,453753
707928,453753
707958,453753
708033,453753
708057,453753
708096,453753
708110,453753
708096,453753
708126,453753
708126,453753
708101,453753
708138,453753
708098,453753
708132,453753
708151,453753
708158,453753
708096,453753
708042,453753
708060,453753
708138,453753
708197,453753
708195,453753
708164,453753
708121,453753
708128,453753
708139,453753
708081,453753
707941,453753
708107,453753
708114,453753
708118,453753
708145,453753
708096,453753
708081,453753
708013,453753
707987,453753
708016,453753
707943,453753
707036,453753
707156,453753
708043,453753
707973,453753
708156,453753
708137,453753
708154,453753
708142,453753
708102,453753
708187,453753
708152,453753
707924,453753
707636,453753
707656,453753
707486,453753
707754,453753
707939,453753
708061,453753
708016,453753
708025,453753
708098,453753
708071,453753
707801,453753
708036,453753
708097,453753
708036,453753
708098,453753
708011,453753
707849,453753
708029,453753
708092,453753
708088,453753
708134,453753
707978,453753
708012,453753
707712,453753
707728,453753
707866,453753
707747,453753
708172,453753
708148,453753
708116,453753
708127,453753
707947,453753
708148,453753
708184,453753
708142,453753
708154,453753
708178,453753
708029,453753
707874,453753
707944,453753
708214,453753
708177,453753
708153,453753
708019,453753
708060,453753
707909,453753
708096,453753
707987,453753
708131,453753
708195,453753
708097,453753
708104,453753
708042,453753
708018,453753
708096,453753
708104,453753
707946,453753
707830,453753
708071,453753
708066,453753
707999,453753
708006,453753
707999,453753
707984,453753
708035,453753
707838,453753
708059,453753
708158,453753
707945,453753
707584,453753
707955,453753
708033,453753
707928,453753
708005,453753
707664,453753
708104,453753
708092,453753
708009,453753
707787,453753
708003,453753
707969,453753
707975,453753
707927,453753
708123,453753
708130,453753
708015,453753
707887,453753
708036,453753
708010,453753
708108,453753
708044,453753
708009,453753
708106,453753
708108,453753
708017,453753
708042,453753
708163,453753
708163,453753
708158,453753
708175,453753
708129,453753
708174,453753
708135,453753
708102,453753
708054,453753
708200,453753
708126,453753
708159,453753
708121,453753
708210,453753
708049,453753
708144,453753
708147,453753
708075,453753
708121,453753
708064,453753
708153,453753
708159,453753
708081,453753
707926,453753
707616,453753
707322,453753
707954,453753
708069,453753
707904,453753
707995,453753
708020,453753
708074,453753
708131,453753
708064,453753
708071,453753
708013,453753
707939,453753
707965,453753
708030,453753
707991,453753
707954,453753
707471,453753
708004,453753
708062,453753
708105,453753
708026,453753
708100,453753
707937,453753
708069,453753
708130,453753
707921,453753
707836,453753
708076,453753
707740,453753
707693,453753
708048,453753
707913,453753
708092,453753
707956,453753
708021,453753
707353,453753
708084,453753
708071,453753
708118,453753
708212,453753
708194,453753
708166,453753
708197,453753
708196,453753
708095,453753
708087,453753
708131,453753
708173,453753
708135,453753
708154,453753
708022,453753
708139,453753
708076,453753
708119,453753
708018,453753
708105,453753
708110,453753
708057,453753
708067,453753
708090,453753
708015,453753
708085,453753
707937,453753
707627,453753
707931,453753
707836,453753
707236,453753
707738,453753
707941,453753
708043,453753
707965,453753
707744,453753
707812,453753
707775,453753
707973,453753
708136,453753
708032,453753
707923,453753
707984,453753
708067,453753
707993,453753
707903,453753
707917,453753
707762,453753
707823,453753
708092,453753
708066,453753
708058,453753
708090,453753
708091,453753
708156,453753
707525,453753
707990,453753
708000,453753
708015,453753
708078,453753
708129,453753
708158,453753
708116,453753
708144,453753
708158,453753
708146,453753
708126,453753
708095,453753
707897,453753
707961,453753
708032,453753
708092,453753
708123,453753
708013,453753
708171,453753
708085,453753
708153,453753
708119,453753
707930,453753
708047,453753
708043,453753
708124,453753
707786,453753
708072,453753
708127,453753
708075,453753
708104,453753
708034,453753
707967,453753
708039,453753
708033,453753
707791,453753
707082,453753
707987,453753
708049,453753
708076,453753
708143,453753
708162,453753
707981,453753
707920,453753
708077,453753
708112,453753
707824,453753
707921,453753
708125,453753
708059,453753
708101,453753
708057,453753
707968,453753
707917,453753
707920,453753
708025,453753
708137,453753
707994,453753
708209,453753
708161,453753
708035,453753
708084,453753
708130,453753
708047,453753
708196,453753
708207,453753
708154,453753
708005,453753
707930,453753
708031,453753
708013,453753
708092,453753
708140,453753
707726,453753
706986,453753
707241,453753
708041,453753
708096,453753
708119,453753
708064,453753
708085,453753
707904,453753
708101,453753
708095,453753
708110,453753
707949,453753
708066,453753
708019,453753
707544,453753
707942,453753
708053,453753
708034,453753
708085,453753
707985,453753
708002,453753
708169,453753
708147,453753
708032,453753
707952,453753
708023,453753
707912,453753
707984,453753
708065,453753
708146,453753
708059,453753
708010,453753
708019,453753
707877,453753
707881,453753
708108,453753
708078,453753
708165,453753
708181,453753
708185,453753
708074,453753
708127,453753
708109,453753
708146,453753
708168,453753
708135,453753
708065,453753
708048,453753
708176,453753
708164,453753
708045,453753
708123,453753
708154,453753
708119,453753
708098,453753
707977,453753
708133,453753
707990,453753
708139,453753
707963,453753
708037,453753
707781,453753
707596,453753
708091,453753
707998,453753
708091,453753
708134,453753
708076,453753
708041,453753
708109,453753
708104,453753
708158,453753
708106,453753
707961,453753
707878,453753
708063,453753
708054,453753
708050,453753
708131,453753
708087,453753
707950,453753
708073,453753
707997,453753
708125,453753
708050,453753
708008,453753
708100,453753
708088,453753
708162,453753
708139,453753
708190,453753
708012,453753
708032,453753
708152,453753
708175,453753
708144,453753
708080,453753
708115,453753
708106,453753
708102,453753
708107,453753
708130,453753
707976,453753
708001,453753
708104,453753
708053,453753
708144,453753
708005,453753
707807,453753
707541,453753
707980,453753
708058,453753
708124,453753
707962,453753
708066,453753
707962,453753
707997,453753
708004,453753
708109,453753
708013,453753
706857,453753
708124,453753
708117,453753
708017,453753
708097,453753
707948,453753
708016,453753
708062,453753
707963,453753
707745,453753
708062,453753
708053,453753
708131,453753
708121,453753
708166,453753
708076,453753
708120,453753
708108,453753
708143,453753
708118,453753
708211,453753
708129,453753
708049,453753
707317,453753
708147,453753
707855,453753
707687,453753
707976,453753
707956,453753
708170,453753
708058,453753
708061,453753
708219,453753
708165,453753
708121,453753
707915,453753
707983,453753
708076,453753
708140,453753
708044,453753
708052,453753
708088,453753
705473,453753
701539,453753
706656,453753
707896,453753
707923,453753
707882,453753
708078,453753
707923,453753
708055,453753
708157,453753
708014,453753
707444,453753
707897,453753
707892,453753
708036,453753
708150,453753
708038,453753
707923,453753
707908,453753
707979,453753
708059,453753
708091,453753
708106,453753
708127,453753
708200,453753
708117,453753
707968,453753
708173,453753
708182,453753
708191,453753
708176,453753
708075,453753
708114,453753
708166,453753
708198,453753
708166,453753
708027,453753
708117,453753
708134,453753
708058,453753
708076,453753
708088,453753
708127,453753
708077,453753
708059,453753
707826,453753
707145,453753
707996,453753
708063,453753
707800,453753
707940,453753
707976,453753
707988,453753
707965,453753
708028,453753
708137,453753
708091,453753
708040,453753
708096,453753
708050,453753
707880,453753
707896,453753
708111,453753
708052,453753
707949,453753
708088,453753
708086,453753
708098,453753
708122,453753
707985,453753
707964,453753
708172,453753
708168,453753
707974,453753
707825,453753
708199,453753
708219,453753
708201,453753
708200,453753
708061,453753
707925,453753
708202,453753
708078,453753
708080,453753
708183,453753
708174,453753
708166,453753
708097,453753
708100,453753
708072,453753
708078,453753
708130,453753
708001,453753
708011,453753
707842,453753
708017,453753
707974,453753
707941,453753
708046,453753
708160,453753
708053,453753
708083,453753
708018,453753
707918,453753
708033,453753
708100,453753
708060,453753
708101,453753
708097,453753
708109,453753
708207,453753
708182,453753
708188,453753
708080,453753
708135,453753
708049,453753
708152,453753
708172,453753
708157,453753
708111,453753
708145,453753
708211,453753
708070,453753
707939,453753
707931,453753
707889,453753
708028,453753
708076,453753
707651,453753
708101,453753
707999,453753
708051,453753
708015,453753
708011,453753
707951,453753
708099,453753
708004,453753
708062,453753
708080,453753
708105,453753
708121,453753
708112,453753
708054,453753
708193,453753
708184,453753
708187,453753
708103,453753
708020,453753
708120,453753
708231,453753
708185,453753
708114,453753
708201,453753
708171,453753
708092,453753
707854,453753
708093,453753
707918,453753
708091,453753
708085,453753
708160,453753
708102,453753
708037,453753
708089,453753
708136,453753
707553,453753
707900,453753
707947,453753
708102,453753
707575,453753
708065,453753
708081,453753
708177,453753
708215,453753
708182,453753
708210,453753
708169,453753
708104,453753
708162,453753
707956,453753
707992,453753
708231,453753
708149,453753
708124,453753
708106,453753
708142,453753
708160,453753
708195,453753
708048,453753
708093,453753
708161,453753
707988,453753
707872,453753
708164,453753
708106,453753
708185,453753
708082,453753
708065,453753
708111,453753
708059,453753
707672,453753
707718,453753
708003,453753
708040,453753
708144,453753
708182,453753
708100,453753
708124,453753
708166,453753
708200,453753
708179,453753
708007,453753
707840,453753
708126,453753
708152,453753
708080,453753
707911,453753
708162,453753
708215,453753
708233,453753
708152,453753
707984,453753
707948,453753
707972,453753
708189,453753
708093,453753
707970,453753
707640,453753
707797,453753
707414,453753
708163,453753
708047,453753
708201,453753
707868,453753
708092,453753
708138,453753
708140,453753
708176,453753
708196,453753
708138,453753
708164,453753
708095,453753
708131,453753
707985,453753
708062,453753
708211,453753
708237,453753
708241,453753
708147,453753
708182,453753
708141,453753
708027,453753
708125,453753
708117,453753
708097,453753
708033,453753
708011,453753
708090,453753
707934,453753
707986,453753
708056,453753
708029,453753
707922,453753
708092,453753
708145,453753
708151,453753
708098,453753
708096,453753
708181,453753
708123,453753
708185,453753
708139,453753
708175,453753
708158,453753
708091,453753
708142,453753
708198,453753
708139,453753
708080,453753
707954,453753
707455,453753
708030,453753
708035,453753
708100,453753
707871,453753
707643,453753
707990,453753
708116,453753
708022,453753
707727,453753
707904,453753
707862,453753
707521,453753
708004,453753
708141,453753
708152,453753
708009,453753
708194,453753
707424,453753
707778,453753
707980,453753
708042,453753
708185,453753
708032,453753
708203,453753
708210,453753
708197,453753
708151,453753
708107,453753
708139,453753
708051,453753
708031,453753
707992,453753
707740,453753
707757,453753
708038,453753
708132,453753
708135,453753
708044,453753
708057,453753
708137,453753
708164,453753
708174,453753
708190,453753
708207,453753
708196,453753
708140,453753
708027,453753
708196,453753
708186,453753
708155,453753
708115,453753
708176,453753
708110,453753
708041,453753
708091,453753
708078,453753
708070,453753
708166,453753
708197,453753
708115,453753
708067,453753
707886,453753
708146,453753
708151,453753
708090,453753
708179,453753
708079,453753
707763,453753
708063,453753
708182,453753
708116,453753
707795,453753
707909,453753
708180,453753
708151,453753
708179,453753
708255,453546
