TRACE,NSNPS_JACKKNIFE
711512,453753
711482,453753
711415,453753
711473,453753
711398,453753
711492,453753
711352,453753
711367,453753
711389,453753
711347,453753
711423,453753
711260,453753
711493,453753
711410,453753
711445,453753
711405,453753
711331,453753
711070,453753
711142,453753
711275,453753
711461,453753
711465,453753
711386,453753
711442,453753
711464,453753
711403,453753
711244,453753
711258,453753
711377,453753
711404,453753
711395,453753
711377,453753
711370,453753
711319,453753
711392,453753
711385,453753
711365,453753
711341,453753
711421,453753
711431,453753
711430,453753
711434,453753
711344,453753
711166,453753
711199,453753
711333,453753
711394,453753
711412,453753
711471,453753
711474,453753
711470,453753
711160,453753
711233,453753
711322,453753
711148,453753
711376,453753
711386,453753
711248,453753
711292,453753
711254,453753
711427,453753
711487,453753
711482,453753
711425,453753
711341,453753
711422,453753
711389,453753
711291,453753
711356,453753
711281,453753
711054,453753
711398,453753
711432,453753
711486,453753
711493,453753
711475,453753
711505,453753
711431,453753
711500,453753
711383,453753
711226,453753
711400,453753
711505,453753
711549,453753
711521,453753
711440,453753
711511,453753
711519,453753
711435,453753
711404,453753
711275,453753
711209,453753
711447,453753
710362,453753
711401,453753
711305,453753
711389,453753
711410,453753
711422,453753
711462,453753
711251,453753
711357,453753
711278,453753
711243,453753
711219,453753
711282,453753
711426,453753
711433,453753
711397,453753
711347,453753
711428,453753
711417,453753
711315,453753
711200,453753
711127,453753
711181,453753
711373,453753
711358,453753
711292,453753
711253,453753
711334,453753
711477,453753
711324,453753
711382,453753
711426,453753
711341,453753
711299,453753
711351,453753
711299,453753
711383,453753
711307,453753
711340,453753
711348,453753
711412,453753
711262,453753
711395,453753
711437,453753
711454,453753
711204,453753
711431,453753
711116,453753
710971,453753
711341,453753
711274,453753
711268,453753
711257,453753
711305,453753
711338,453753
711394,453753
711443,453753
711425,453753
711446,453753
711465,453753
711434,453753
711428,453753
711433,453753
711461,453753
711466,453753
711489,453753
711440,453753
711384,453753
711355,453753
711437,453753
711508,453753
711517,453753
711507,453753
711456,453753
711486,453753
711419,453753
711406,453753
711311,453753
711420,453753
711413,453753
711405,453753
711462,453753
711388,453753
711409,453753
711329,453753
711323,453753
711332,453753
711309,453753
710356,453753
710556,453753
711374,453753
711324,453753
711480,453753
711448,453753
711443,453753
711487,453753
711398,453753
711521,453753
711476,453753
711177,453753
710910,453753
711001,453753
710887,453753
711069,453753
711246,453753
711418,453753
711351,453753
711330,453753
711456,453753
711401,453753
711111,453753
711363,453753
711411,453753
711316,453753
711425,453753
711296,453753
711152,453753
711344,453753
711409,453753
711435,453753
711453,453753
711284,453753
711321,453753
711131,453753
711059,453753
711209,453753
711127,453753
711520,453753
711487,453753
711443,453753
711445,453753
711266,453753
711463,453753
711481,453753
711451,453753
711485,453753
711465,453753
711385,453753
711215,453753
711273,453753
711499,453753
711501,453753
711504,453753
711347,453753
711404,453753
711226,453753
711428,453753
711360,453753
711438,453753
711505,453753
711434,453753
711413,453753
711383,453753
711409,453753
711387,453753
711436,453753
711193,453753
711148,453753
711432,453753
711375,453753
711281,453753
711326,453753
711286,453753
711359,453753
711365,453753
711185,453753
711352,453753
711464,453753
711274,453753
710896,453753
711334,453753
711350,453753
711264,453753
711323,453753
710850,453753
711422,453753
711438,453753
711336,453753
711075,453753
711332,453753
711306,453753
711256,453753
711213,453753
711429,453753
711448,453753
711300,453753
711132,453753
711357,453753
711323,453753
711412,453753
711406,453753
711348,453753
711457,453753
711450,453753
711375,453753
711403,453753
711471,453753
711524,453753
711499,453753
711513,453753
711465,453753
711505,453753
711470,453753
711408,453753
711393,453753
711525,453753
711475,453753
711504,453753
711467,453753
711537,453753
711388,453753
711461,453753
711477,453753
711409,453753
711444,453753
711404,453753
711487,453753
711481,453753
711405,453753
711184,453753
710960,453753
710742,453753
711295,453753
711396,453753
711284,453753
711307,453753
711387,453753
711358,453753
711464,453753
711336,453753
711418,453753
711308,453753
711231,453753
711296,453753
711362,453753
711322,453753
711246,453753
710863,453753
711352,453753
711383,453753
711421,453753
711372,453753
711425,453753
711261,453753
711407,453753
711438,453753
711227,453753
711150,453753
711359,453753
710999,453753
710949,453753
711401,453753
711286,453753
711440,453753
711258,453753
711288,453753
710431,453753
711418,453753
711419,453753
711419,453753
711538,453753
711520,453753
711500,453753
711509,453753
711496,453753
711450,453753
711432,453753
711479,453753
711502,453753
711444,453753
711491,453753
711384,453753
711477,453753
711443,453753
711467,453753
711383,453753
711438,453753
711418,453753
711389,453753
711385,453753
711407,453753
711328,453753
711415,453753
711272,453753
710905,453753
711229,453753
711214,453753
710614,453753
711079,453753
711259,453753
711360,453753
711264,453753
711121,453753
711104,453753
711057,453753
711323,453753
711402,453753
711357,453753
711273,453753
711286,453753
711380,453753
711315,453753
711250,453753
711263,453753
711067,453753
711181,453753
711398,453753
711361,453753
711400,453753
711423,453753
711374,453753
711486,453753
710922,453753
711370,453753
711374,453753
711377,453753
711414,453753
711456,453753
711475,453753
711406,453753
711462,453753
711494,453753
711494,453753
711477,453753
711402,453753
711199,453753
711301,453753
711364,453753
711429,453753
711455,453753
711294,453753
711476,453753
711408,453753
711439,453753
711413,453753
711242,453753
711369,453753
711365,453753
711468,453753
711135,453753
711414,453753
711411,453753
711363,453753
711406,453753
711320,453753
711358,453753
711295,453753
711301,453753
711229,453753
710420,453753
711294,453753
711378,453753
711435,453753
711486,453753
711491,453753
711331,453753
711244,453753
711367,453753
711411,453753
711170,453753
711259,453753
711453,453753
711369,453753
711436,453753
711391,453753
711282,453753
711229,453753
711238,453753
711337,453753
711455,453753
711347,453753
711497,453753
711461,453753
711357,453753
711397,453753
711466,453753
711382,453753
711540,453753
711538,453753
711455,453753
711342,453753
711292,453753
711367,453753
711315,453753
711402,453753
711456,453753
711112,453753
710385,453753
710604,453753
711373,453753
711395,453753
711435,453753
711349,453753
711385,453753
711244,453753
711456,453753
711430,453753
711440,453753
711286,453753
711371,453753
711350,453753
710885,453753
711280,453753
711388,453753
711302,453753
711389,453753
711322,453753
711345,453753
711468,453753
711475,453753
711345,453753
711242,453753
711390,453753
711241,453753
711308,453753
711389,453753
711493,453753
711339,453753
711353,453753
711321,453753
711146,453753
711200,453753
711413,453753
711418,453753
711459,453753
711477,453753
711488,453753
711361,453753
711438,453753
711483,453753
711428,453753
711461,453753
711450,453753
711386,453753
711402,453753
711503,453753
711503,453753
711417,453753
711443,453753
711504,453753
711474,453753
711448,453753
711310,453753
711464,453753
711353,453753
711463,453753
711283,453753
711337,453753
711146,453753
710927,453753
711393,453753
711270,453753
711391,453753
711463,453753
711388,453753
711382,453753
711438,453753
711412,453753
711487,453753
711429,453753
711264,453753
711232,453753
711396,453753
711323,453753
711349,453753
711451,453753
711396,453753
711265,453753
711431,453753
711354,453753
711426,453753
711375,453753
711351,453753
711405,453753
711423,453753
711495,453753
711429,453753
711523,453753
711352,453753
711369,453753
711463,453753
711465,453753
711451,453753
711430,453753
711464,453753
711445,453753
711451,453753
711451,453753
711478,453753
711296,453753
711259,453753
711378,453753
711387,453753
711449,453753
711311,453753
711157,453753
710911,453753
711319,453753
711382,453753
711433,453753
711263,453753
711367,453753
711265,453753
711339,453753
711330,453753
711445,453753
711323,453753
710245,453753
711434,453753
711453,453753
711352,453753
711432,453753
711279,453753
711347,453753
711388,453753
711256,453753
711072,453753
711367,453753
711371,453753
711459,453753
711426,453753
711511,453753
711434,453753
711445,453753
711396,453753
711494,453753
711426,453753
711537,453753
711425,453753
711334,453753
710829,453753
711483,453753
711134,453753
710952,453753
711312,453753
711269,453753
711503,453753
711362,453753
711403,453753
711521,453753
711488,453753
711466,453753
711292,453753
711291,453753
711420,453753
711463,453753
711378,453753
711361,453753
711395,453753
708862,453753
704395,453753
710028,453753
711251,453753
711207,453753
711164,453753
711450,453753
711307,453753
711351,453753
711464,453753
711344,453753
710687,453753
711173,453753
711197,453753
711394,453753
711452,453753
711386,453753
711249,453753
711259,453753
711321,453753
711386,453753
711404,453753
711451,453753
711465,453753
711511,453753
711437,453753
711246,453753
711526,453753
711483,453753
711490,453753
711510,453753
711441,453753
711455,453753
711482,453753
711510,453753
711456,453753
711343,453753
711455,453753
711432,453753
711395,453753
711365,453753
711420,453753
711462,453753
711381,453753
711351,453753
711158,453753
710379,453753
711276,453753
711357,453753
711155,453753
711281,453753
711303,453753
711341,453753
711278,453753
711387,453753
711466,453753
711418,453753
711346,453753
711426,453753
711385,453753
711167,453753
711180,453753
711410,453753
711378,453753
711263,453753
711423,453753
711430,453753
711426,453753
711442,453753
711297,453753
711303,453753
711471,453753
711471,453753
711309,453753
711144,453753
711506,453753
711532,453753
711519,453753
711524,453753
711361,453753
711247,453753
711497,453753
711390,453753
711389,453753
711498,453753
711493,453753
711478,453753
711434,453753
711442,453753
711398,453753
711379,453753
711442,453753
711299,453753
711334,453753
711133,453753
711326,453753
711319,453753
711292,453753
711366,453753
711506,453753
711398,453753
711413,453753
711302,453753
711242,453753
711303,453753
711452,453753
711379,453753
711426,453753
711457,453753
711440,453753
711550,453753
711518,453753
711523,453753
711416,453753
711471,453753
711396,453753
711460,453753
711511,453753
711463,453753
711444,453753
711511,453753
711520,453753
711397,453753
711268,453753
711232,453753
711234,453753
711378,453753
711428,453753
711040,453753
711436,453753
711310,453753
711334,453753
711337,453753
711319,453753
711277,453753
711431,453753
711350,453753
711376,453753
711405,453753
711406,453753
711451,453753
711424,453753
711382,453753
711536,453753
711490,453753
711491,453753
711433,453753
711346,453753
711426,453753
711539,453753
711501,453753
711420,453753
711528,453753
711469,453753
711391,453753
711209,453753
711445,453753
711210,453753
711400,453753
711396,453753
711458,453753
711406,453753
711289,453753
711423,453753
711488,453753
710967,453753
711171,453753
711248,453753
711417,453753
710928,453753
711419,453753
711392,453753
711488,453753
711546,453753
711503,453753
711548,453753
711479,453753
711410,453753
711500,453753
711325,453753
711351,453753
711531,453753
711476,453753
711460,453753
711436,453753
711485,453753
711473,453753
711504,453753
711391,453753
711410,453753
711483,453753
711342,453753
711202,453753
711482,453753
711456,453753
711510,453753
711348,453753
711400,453753
711416,453753
711396,453753
711019,453753
711122,453753
711310,453753
711384,453753
711429,453753
711492,453753
711418,453753
711458,453753
711454,453753
711507,453753
711476,453753
711299,453753
711105,453753
711428,453753
711470,453753
711352,453753
711275,453753
711529,453753
711549,453753
711556,453753
711424,453753
711294,453753
711226,453753
711237,453753
711510,453753
711441,453753
711304,453753
711024,453753
711082,453753
710704,453753
711451,453753
711368,453753
711555,453753
711170,453753
711423,453753
711445,453753
711448,453753
711505,453753
711523,453753
711449,453753
711477,453753
711425,453753
711455,453753
711314,453753
711382,453753
711526,453753
711574,453753
711581,453753
711453,453753
711503,453753
711438,453753
711350,453753
711459,453753
711436,453753
711392,453753
711421,453753
711342,453753
711407,453753
711282,453753
711306,453753
711404,453753
711374,453753
711186,453753
711418,453753
711464,453753
711459,453753
711394,453753
711390,453753
711495,453753
711481,453753
711525,453753
711422,453753
711479,453753
711471,453753
711419,453753
711478,453753
711506,453753
711462,453753
711419,453753
711272,453753
710726,453753
711387,453753
711395,453753
711405,453753
711201,453753
710910,453753
711318,453753
711441,453753
711367,453753
711067,453753
711234,453753
711225,453753
710804,453753
711303,453753
711462,453753
711449,453753
711291,453753
711503,453753
710746,453753
711095,453753
711274,453753
711351,453753
711465,453753
711356,453753
711550,453753
711541,453753
711513,453753
711477,453753
711408,453753
711475,453753
711424,453753
711375,453753
711338,453753
711056,453753
710996,453753
711360,453753
711430,453753
711456,453753
711301,453753
711393,453753
711439,453753
711482,453753
711491,453753
711508,453753
711532,453753
711516,453753
711453,453753
711334,453753
711532,453753
711526,453753
711468,453753
711437,453753
711489,453753
711436,453753
711370,453753
711401,453753
711411,453753
711403,453753
711463,453753
711510,453753
711431,453753
711341,453753
711248,453753
711472,453753
711477,453753
711456,453753
711537,453753
711415,453753
711071,453753
711353,453753
711520,453753
711453,453753
711078,453753
711192,453753
711502,453753
711486,453753
711507,453753
711566,453546
