TRACE,NSNPS_JACKKNIFE
712534,453753
712513,453753
712464,453753
712489,453753
712405,453753
712491,453753
712396,453753
712357,453753
712425,453753
712387,453753
712453,453753
712259,453753
712525,453753
712424,453753
712483,453753
712442,453753
712354,453753
712140,453753
712157,453753
712337,453753
712468,453753
712520,453753
712406,453753
712461,453753
712481,453753
712441,453753
712311,453753
712281,453753
712430,453753
712438,453753
712390,453753
712377,453753
712376,453753
712306,453753
712413,453753
712418,453753
712388,453753
712337,453753
712440,453753
712443,453753
712493,453753
712462,453753
712375,453753
712212,453753
712289,453753
712349,453753
712437,453753
712445,453753
712484,453753
712494,453753
712499,453753
712214,453753
712295,453753
712337,453753
712277,453753
712395,453753
712416,453753
712181,453753
712350,453753
712284,453753
712426,453753
712527,453753
712517,453753
712459,453753
712419,453753
712446,453753
712418,453753
712341,453753
712384,453753
712333,453753
712014,453753
712423,453753
712445,453753
712533,453753
712501,453753
712497,453753
712532,453753
712454,453753
712535,453753
712443,453753
712247,453753
712426,453753
712512,453753
712578,453753
712542,453753
712505,453753
712515,453753
712530,453753
712428,453753
712437,453753
712258,453753
712207,453753
712456,453753
711457,453753
712435,453753
712349,453753
712417,453753
712426,453753
712454,453753
712509,453753
712318,453753
712383,453753
712284,453753
712227,453753
712277,453753
712298,453753
712445,453753
712445,453753
712451,453753
712438,453753
712473,453753
712371,453753
712297,453753
712180,453753
712159,453753
712224,453753
712424,453753
712426,453753
712358,453753
712286,453753
712303,453753
712516,453753
712348,453753
712394,453753
712453,453753
712384,453753
712343,453753
712352,453753
712291,453753
712376,453753
712332,453753
712390,453753
712378,453753
712410,453753
712298,453753
712408,453753
712444,453753
712459,453753
712224,453753
712427,453753
712076,453753
711953,453753
712339,453753
712308,453753
712334,453753
712268,453753
712381,453753
712367,453753
712433,453753
712423,453753
712421,453753
712465,453753
712469,453753
712420,453753
712462,453753
712469,453753
712470,453753
712458,453753
712519,453753
712434,453753
712390,453753
712423,453753
712480,453753
712551,453753
712543,453753
712502,453753
712473,453753
712505,453753
712450,453753
712422,453753
712316,453753
712442,453753
712446,453753
712430,453753
712492,453753
712402,453753
712461,453753
712368,453753
712311,453753
712362,453753
712306,453753
711420,453753
711603,453753
712393,453753
712330,453753
712518,453753
712502,453753
712504,453753
712493,453753
712455,453753
712566,453753
712509,453753
712184,453753
711940,453753
711994,453753
711870,453753
712042,453753
712296,453753
712438,453753
712385,453753
712360,453753
712463,453753
712436,453753
712206,453753
712414,453753
712426,453753
712372,453753
712444,453753
712329,453753
712177,453753
712396,453753
712432,453753
712465,453753
712451,453753
712246,453753
712345,453753
712034,453753
712037,453753
712197,453753
712187,453753
712540,453753
712503,453753
712472,453753
712488,453753
712334,453753
712477,453753
712491,453753
712485,453753
712526,453753
712541,453753
712417,453753
712241,453753
712239,453753
712545,453753
712536,453753
712526,453753
712392,453753
712376,453753
712235,453753
712441,453753
712356,453753
712480,453753
712512,453753
712453,453753
712459,453753
712421,453753
712414,453753
712405,453753
712467,453753
712242,453753
712224,453753
712429,453753
712405,453753
712311,453753
712315,453753
712320,453753
712301,453753
712377,453753
712129,453753
712386,453753
712515,453753
712267,453753
711913,453753
712368,453753
712359,453753
712303,453753
712323,453753
711805,453753
712433,453753
712411,453753
712377,453753
712150,453753
712343,453753
712313,453753
712288,453753
712284,453753
712486,453753
712454,453753
712365,453753
712143,453753
712380,453753
712318,453753
712436,453753
712408,453753
712285,453753
712459,453753
712471,453753
712364,453753
712406,453753
712500,453753
712526,453753
712510,453753
712508,453753
712509,453753
712543,453753
712489,453753
712447,453753
712426,453753
712524,453753
712490,453753
712506,453753
712485,453753
712559,453753
712449,453753
712476,453753
712520,453753
712443,453753
712448,453753
712401,453753
712503,453753
712497,453753
712416,453753
712256,453753
711978,453753
711834,453753
712351,453753
712438,453753
712254,453753
712297,453753
712358,453753
712403,453753
712453,453753
712397,453753
712446,453753
712345,453753
712246,453753
712304,453753
712315,453753
712382,453753
712310,453753
711855,453753
712386,453753
712418,453753
712473,453753
712395,453753
712434,453753
712287,453753
712420,453753
712484,453753
712289,453753
712115,453753
712373,453753
711989,453753
711966,453753
712371,453753
712308,453753
712449,453753
712276,453753
712363,453753
711576,453753
712415,453753
712441,453753
712434,453753
712540,453753
712554,453753
712518,453753
712546,453753
712536,453753
712428,453753
712439,453753
712497,453753
712537,453753
712459,453753
712491,453753
712426,453753
712490,453753
712425,453753
712490,453753
712425,453753
712453,453753
712448,453753
712377,453753
712403,453753
712448,453753
712385,453753
712455,453753
712274,453753
711894,453753
712274,453753
712198,453753
711552,453753
712072,453753
712301,453753
712417,453753
712302,453753
712119,453753
712147,453753
712143,453753
712325,453753
712410,453753
712381,453753
712299,453753
712302,453753
712384,453753
712343,453753
712287,453753
712264,453753
712078,453753
712147,453753
712428,453753
712419,453753
712454,453753
712447,453753
712416,453753
712539,453753
711829,453753
712365,453753
712345,453753
712378,453753
712447,453753
712478,453753
712505,453753
712416,453753
712476,453753
712536,453753
712507,453753
712482,453753
712433,453753
712224,453753
712317,453753
712381,453753
712430,453753
712497,453753
712377,453753
712498,453753
712450,453753
712467,453753
712467,453753
712316,453753
712377,453753
712417,453753
712489,453753
712056,453753
712421,453753
712457,453753
712438,453753
712457,453753
712382,453753
712363,453753
712342,453753
712336,453753
712202,453753
711551,453753
712279,453753
712367,453753
712455,453753
712510,453753
712510,453753
712318,453753
712256,453753
712378,453753
712459,453753
712208,453753
712227,453753
712481,453753
712405,453753
712441,453753
712432,453753
712333,453753
712275,453753
712228,453753
712366,453753
712505,453753
712349,453753
712526,453753
712500,453753
712401,453753
712385,453753
712478,453753
712381,453753
712538,453753
712543,453753
712482,453753
712377,453753
712312,453753
712408,453753
712323,453753
712423,453753
712486,453753
712018,453753
711041,453753
711195,453753
712392,453753
712411,453753
712473,453753
712386,453753
712416,453753
712232,453753
712488,453753
712470,453753
712444,453753
712319,453753
712433,453753
712417,453753
711909,453753
712295,453753
712360,453753
712380,453753
712431,453753
712364,453753
712382,453753
712486,453753
712500,453753
712362,453753
712318,453753
712385,453753
712281,453753
712318,453753
712420,453753
712518,453753
712375,453753
712367,453753
712378,453753
712214,453753
712185,453753
712451,453753
712473,453753
712497,453753
712498,453753
712524,453753
712418,453753
712440,453753
712449,453753
712484,453753
712496,453753
712464,453753
712415,453753
712414,453753
712536,453753
712542,453753
712446,453753
712486,453753
712518,453753
712495,453753
712441,453753
712350,453753
712482,453753
712312,453753
712529,453753
712231,453753
712382,453753
712157,453753
712002,453753
712450,453753
712366,453753
712405,453753
712500,453753
712438,453753
712409,453753
712490,453753
712473,453753
712495,453753
712475,453753
712307,453753
712243,453753
712399,453753
712380,453753
712385,453753
712502,453753
712416,453753
712319,453753
712423,453753
712350,453753
712477,453753
712404,453753
712335,453753
712468,453753
712478,453753
712515,453753
712453,453753
712569,453753
712380,453753
712377,453753
712479,453753
712525,453753
712470,453753
712468,453753
712450,453753
712468,453753
712449,453753
712484,453753
712474,453753
712340,453753
712360,453753
712428,453753
712468,453753
712463,453753
712347,453753
712138,453753
711842,453753
712320,453753
712405,453753
712471,453753
712277,453753
712381,453753
712294,453753
712351,453753
712316,453753
712457,453753
712369,453753
711306,453753
712454,453753
712468,453753
712376,453753
712477,453753
712331,453753
712352,453753
712416,453753
712363,453753
712126,453753
712375,453753
712399,453753
712497,453753
712468,453753
712529,453753
712420,453753
712439,453753
712426,453753
712543,453753
712466,453753
712560,453753
712439,453753
712393,453753
711795,453753
712484,453753
712207,453753
712078,453753
712330,453753
712297,453753
712520,453753
712398,453753
712408,453753
712540,453753
712531,453753
712504,453753
712342,453753
712358,453753
712435,453753
712473,453753
712410,453753
712344,453753
712398,453753
709753,453753
705346,453753
711050,453753
712289,453753
712248,453753
712195,453753
712472,453753
712275,453753
712407,453753
712504,453753
712366,453753
711765,453753
712220,453753
712258,453753
712411,453753
712481,453753
712332,453753
712249,453753
712267,453753
712370,453753
712348,453753
712446,453753
712474,453753
712472,453753
712553,453753
712474,453753
712250,453753
712530,453753
712503,453753
712534,453753
712524,453753
712452,453753
712443,453753
712497,453753
712540,453753
712492,453753
712397,453753
712454,453753
712438,453753
712387,453753
712387,453753
712427,453753
712476,453753
712406,453753
712396,453753
712187,453753
711507,453753
712282,453753
712403,453753
712178,453753
712294,453753
712376,453753
712331,453753
712324,453753
712383,453753
712452,453753
712443,453753
712370,453753
712470,453753
712400,453753
712126,453753
712181,453753
712459,453753
712401,453753
712303,453753
712436,453753
712447,453753
712417,453753
712482,453753
712337,453753
712305,453753
712518,453753
712512,453753
712342,453753
712203,453753
712567,453753
712554,453753
712545,453753
712551,453753
712397,453753
712251,453753
712573,453753
712429,453753
712440,453753
712484,453753
712515,453753
712521,453753
712425,453753
712452,453753
712441,453753
712428,453753
712501,453753
712342,453753
712348,453753
712178,453753
712325,453753
712361,453753
712298,453753
712403,453753
712525,453753
712418,453753
712414,453753
712342,453753
712291,453753
712380,453753
712462,453753
712435,453753
712450,453753
712479,453753
712455,453753
712573,453753
712541,453753
712543,453753
712435,453753
712496,453753
712428,453753
712500,453753
712524,453753
712500,453753
712481,453753
712511,453753
712550,453753
712459,453753
712306,453753
712249,453753
712235,453753
712385,453753
712415,453753
712017,453753
712467,453753
712326,453753
712362,453753
712337,453753
712378,453753
712299,453753
712454,453753
712349,453753
712423,453753
712421,453753
712456,453753
712487,453753
712494,453753
712388,453753
712540,453753
712525,453753
712527,453753
712489,453753
712348,453753
712412,453753
712552,453753
712558,453753
712484,453753
712559,453753
712510,453753
712423,453753
712224,453753
712467,453753
712207,453753
712415,453753
712426,453753
712473,453753
712398,453753
712330,453753
712447,453753
712514,453753
712007,453753
712196,453753
712314,453753
712456,453753
711932,453753
712438,453753
712438,453753
712508,453753
712578,453753
712522,453753
712574,453753
712542,453753
712425,453753
712511,453753
712341,453753
712366,453753
712551,453753
712475,453753
712504,453753
712458,453753
712477,453753
712479,453753
712512,453753
712414,453753
712466,453753
712502,453753
712317,453753
712277,453753
712527,453753
712486,453753
712534,453753
712427,453753
712430,453753
712416,453753
712412,453753
712020,453753
712156,453753
712347,453753
712411,453753
712463,453753
712520,453753
712425,453753
712497,453753
712491,453753
712532,453753
712528,453753
712360,453753
712164,453753
712475,453753
712492,453753
712402,453753
712343,453753
712539,453753
712560,453753
712554,453753
712485,453753
712368,453753
712322,453753
712343,453753
712558,453753
712441,453753
712359,453753
712110,453753
712078,453753
711681,453753
712469,453753
712396,453753
712558,453753
712177,453753
712419,453753
712483,453753
712487,453753
712512,453753
712549,453753
712491,453753
712516,453753
712487,453753
712443,453753
712298,453753
712374,453753
712565,453753
712599,453753
712581,453753
712539,453753
712539,453753
712483,453753
712411,453753
712462,453753
712467,453753
712434,453753
712388,453753
712411,453753
712445,453753
712256,453753
712344,453753
712424,453753
712392,453753
712208,453753
712431,453753
712498,453753
712499,453753
712423,453753
712436,453753
712524,453753
712475,453753
712524,453753
712470,453753
712533,453753
712493,453753
712448,453753
712471,453753
712555,453753
712469,453753
712417,453753
712269,453753
711692,453753
712424,453753
712408,453753
712477,453753
712232,453753
711969,453753
712349,453753
712463,453753
712391,453753
712051,453753
712228,453753
712225,453753
711833,453753
712355,453753
712451,453753
712483,453753
712394,453753
712550,453753
711825,453753
712128,453753
712321,453753
712400,453753
712533,453753
712364,453753
712544,453753
712548,453753
712535,453753
712507,453753
712448,453753
712523,453753
712422,453753
712394,453753
712315,453753
712063,453753
711967,453753
712380,453753
712450,453753
712494,453753
712387,453753
712414,453753
712468,453753
712474,453753
712523,453753
712518,453753
712539,453753
712533,453753
712508,453753
712374,453753
712545,453753
712558,453753
712511,453753
712480,453753
712516,453753
712488,453753
712424,453753
712436,453753
712430,453753
712439,453753
712491,453753
712551,453753
712445,453753
712362,453753
712248,453753
712497,453753
712499,453753
712464,453753
712549,453753
712444,453753
712062,453753
712407,453753
712519,453753
712478,453753
712108,453753
712182,453753
712550,453753
712497,453753
712519,453753
712580,453546
