TRACE,NSNPS_JACKKNIFE
709063,453753
709064,453753
708960,453753
709029,453753
708947,453753
709018,453753
708928,453753
708915,453753
708992,453753
708934,453753
708965,453753
708857,453753
709062,453753
708920,453753
709013,453753
708977,453753
708896,453753
708642,453753
708648,453753
708808,453753
708993,453753
709024,453753
708985,453753
708998,453753
709014,453753
708975,453753
708804,453753
708830,453753
708942,453753
708956,453753
708934,453753
708922,453753
708916,453753
708885,453753
708972,453753
708981,453753
708928,453753
708899,453753
708987,453753
709004,453753
709025,453753
708968,453753
708943,453753
708713,453753
708735,453753
708885,453753
709001,453753
708980,453753
709018,453753
709015,453753
709052,453753
708750,453753
708819,453753
708905,453753
708805,453753
708933,453753
708935,453753
708730,453753
708854,453753
708816,453753
708983,453753
709043,453753
709007,453753
708964,453753
708915,453753
708967,453753
708941,453753
708871,453753
708916,453753
708866,453753
708642,453753
708978,453753
708982,453753
709072,453753
709000,453753
709019,453753
709063,453753
708990,453753
709045,453753
708953,453753
708808,453753
708994,453753
709055,453753
709088,453753
709062,453753
709009,453753
709054,453753
709086,453753
708983,453753
708985,453753
708846,453753
708748,453753
708980,453753
708052,453753
708958,453753
708892,453753
708972,453753
708962,453753
708963,453753
709008,453753
708817,453753
708890,453753
708835,453753
708766,453753
708796,453753
708820,453753
708975,453753
708979,453753
708982,453753
708932,453753
708993,453753
708950,453753
708866,453753
708744,453753
708701,453753
708822,453753
708950,453753
708968,453753
708857,453753
708787,453753
708822,453753
709021,453753
708840,453753
708912,453753
708980,453753
708898,453753
708876,453753
708912,453753
708810,453753
708934,453753
708867,453753
708930,453753
708862,453753
708948,453753
708825,453753
708963,453753
708969,453753
708993,453753
708826,453753
708937,453753
708669,453753
708554,453753
708934,453753
708833,453753
708825,453753
708746,453753
708901,453753
708890,453753
708934,453753
708974,453753
708956,453753
709018,453753
708977,453753
708948,453753
708988,453753
709003,453753
709003,453753
709004,453753
709034,453753
708978,453753
708946,453753
708958,453753
708997,453753
709069,453753
709077,453753
709050,453753
709025,453753
709011,453753
709001,453753
708968,453753
708831,453753
708963,453753
708990,453753
708944,453753
709019,453753
708970,453753
708954,453753
708899,453753
708805,453753
708880,453753
708843,453753
708034,453753
708186,453753
708951,453753
708858,453753
709060,453753
709014,453753
709046,453753
709001,453753
708954,453753
709081,453753
709043,453753
708800,453753
708523,453753
708510,453753
708418,453753
708568,453753
708781,453753
708951,453753
708899,453753
708892,453753
708986,453753
708947,453753
708730,453753
708952,453753
708924,453753
708904,453753
708954,453753
708867,453753
708739,453753
708877,453753
708957,453753
708968,453753
708976,453753
708838,453753
708861,453753
708546,453753
708623,453753
708737,453753
708700,453753
709057,453753
709046,453753
708993,453753
709002,453753
708885,453753
708992,453753
709048,453753
709017,453753
709018,453753
709050,453753
708942,453753
708720,453753
708797,453753
709071,453753
709060,453753
709028,453753
708916,453753
708895,453753
708772,453753
708995,453753
708867,453753
709007,453753
709056,453753
708967,453753
708983,453753
708947,453753
708925,453753
708952,453753
709007,453753
708733,453753
708710,453753
708981,453753
708956,453753
708829,453753
708856,453753
708829,453753
708853,453753
708902,453753
708676,453753
708930,453753
709013,453753
708824,453753
708536,453753
708882,453753
708900,453753
708861,453753
708864,453753
708504,453753
709008,453753
708944,453753
708895,453753
708561,453753
708859,453753
708873,453753
708817,453753
708801,453753
708991,453753
708984,453753
708895,453753
708737,453753
708901,453753
708863,453753
708983,453753
708961,453753
708866,453753
708974,453753
709007,453753
708889,453753
708963,453753
709017,453753
709061,453753
709011,453753
709078,453753
709014,453753
709039,453753
709012,453753
708936,453753
708979,453753
709057,453753
709007,453753
709062,453753
708974,453753
709108,453753
708939,453753
709045,453753
709038,453753
708972,453753
708992,453753
708939,453753
709029,453753
709015,453753
708941,453753
708771,453753
708497,453753
708316,453753
708850,453753
708945,453753
708783,453753
708860,453753
708909,453753
708946,453753
708981,453753
708893,453753
708944,453753
708860,453753
708871,453753
708868,453753
708898,453753
708903,453753
708831,453753
708400,453753
708890,453753
708928,453753
708974,453753
708934,453753
708967,453753
708854,453753
708961,453753
708983,453753
708801,453753
708743,453753
708885,453753
708602,453753
708522,453753
708923,453753
708795,453753
708974,453753
708833,453753
708902,453753
708237,453753
708964,453753
708940,453753
708983,453753
709081,453753
709098,453753
709081,453753
709079,453753
709042,453753
708970,453753
708954,453753
709024,453753
709085,453753
709029,453753
709033,453753
708978,453753
709015,453753
708947,453753
709010,453753
708933,453753
709000,453753
708972,453753
708933,453753
708946,453753
708979,453753
708934,453753
708983,453753
708820,453753
708467,453753
708807,453753
708782,453753
708253,453753
708606,453753
708769,453753
708910,453753
708780,453753
708619,453753
708637,453753
708639,453753
708855,453753
708927,453753
708922,453753
708812,453753
708861,453753
708931,453753
708842,453753
708834,453753
708803,453753
708580,453753
708725,453753
708963,453753
708976,453753
709000,453753
708987,453753
708884,453753
709033,453753
708584,453753
708928,453753
708947,453753
708905,453753
708958,453753
709001,453753
709026,453753
708949,453753
708988,453753
709058,453753
709003,453753
709026,453753
708960,453753
708766,453753
708838,453753
708920,453753
708955,453753
709040,453753
708850,453753
709018,453753
708986,453753
709026,453753
708975,453753
708801,453753
708950,453753
708904,453753
709019,453753
708644,453753
708942,453753
708978,453753
708965,453753
709009,453753
708882,453753
708889,453753
708880,453753
708889,453753
708713,453753
707955,453753
708860,453753
708894,453753
708985,453753
709050,453753
709040,453753
708820,453753
708754,453753
708944,453753
708984,453753
708747,453753
708795,453753
709003,453753
708944,453753
708982,453753
708929,453753
708794,453753
708837,453753
708841,453753
708916,453753
709040,453753
708886,453753
709080,453753
709031,453753
708936,453753
708960,453753
709031,453753
708919,453753
709069,453753
709096,453753
709006,453753
708886,453753
708771,453753
708904,453753
708861,453753
708964,453753
709009,453753
708587,453753
707696,453753
707964,453753
708917,453753
708971,453753
708970,453753
708945,453753
708953,453753
708796,453753
709035,453753
708972,453753
709025,453753
708849,453753
708939,453753
708942,453753
708339,453753
708757,453753
708930,453753
708896,453753
708919,453753
708862,453753
708924,453753
709008,453753
709044,453753
708870,453753
708792,453753
708902,453753
708768,453753
708839,453753
708948,453753
709038,453753
708888,453753
708917,453753
708870,453753
708698,453753
708772,453753
708982,453753
709002,453753
709018,453753
709002,453753
709070,453753
708932,453753
708999,453753
709012,453753
709000,453753
709017,453753
709017,453753
708950,453753
708954,453753
709038,453753
709051,453753
708949,453753
708977,453753
709068,453753
709022,453753
709007,453753
708828,453753
708988,453753
708885,453753
709016,453753
708810,453753
708899,453753
708729,453753
708622,453753
708964,453753
708852,453753
708939,453753
709027,453753
708925,453753
708910,453753
708986,453753
708984,453753
709022,453753
708996,453753
708808,453753
708728,453753
708907,453753
708911,453753
708910,453753
709009,453753
708937,453753
708846,453753
708973,453753
708884,453753
709032,453753
708904,453753
708855,453753
708963,453753
708970,453753
709036,453753
708995,453753
709065,453753
708897,453753
708906,453753
709019,453753
709037,453753
709010,453753
708996,453753
708979,453753
708980,453753
708979,453753
709024,453753
709038,453753
708874,453753
708893,453753
708988,453753
708977,453753
709018,453753
708870,453753
708705,453753
708431,453753
708860,453753
708943,453753
709010,453753
708875,453753
708953,453753
708878,453753
708883,453753
708871,453753
708988,453753
708871,453753
707936,453753
708955,453753
709005,453753
708904,453753
708992,453753
708836,453753
708881,453753
708953,453753
708816,453753
708622,453753
708890,453753
708946,453753
709008,453753
708985,453753
709043,453753
708988,453753
708996,453753
708972,453753
709036,453753
708975,453753
709097,453753
708982,453753
708905,453753
708409,453753
709037,453753
708643,453753
708462,453753
708832,453753
708833,453753
709051,453753
708927,453753
708962,453753
709070,453753
709043,453753
708994,453753
708841,453753
708882,453753
708961,453753
709026,453753
708957,453753
708934,453753
708944,453753
706294,453753
702704,453753
707619,453753
708825,453753
708809,453753
708711,453753
708982,453753
708816,453753
708952,453753
709051,453753
708874,453753
708252,453753
708764,453753
708818,453753
708931,453753
709031,453753
708919,453753
708800,453753
708834,453753
708897,453753
708916,453753
708978,453753
708995,453753
708995,453753
709082,453753
709011,453753
708818,453753
709071,453753
709013,453753
709046,453753
709064,453753
708956,453753
708978,453753
709022,453753
709047,453753
709045,453753
708916,453753
709017,453753
709011,453753
708948,453753
708932,453753
708954,453753
709020,453753
708904,453753
708931,453753
708681,453753
708104,453753
708826,453753
708933,453753
708703,453753
708822,453753
708854,453753
708889,453753
708861,453753
708938,453753
709027,453753
708978,453753
708900,453753
708997,453753
708941,453753
708705,453753
708700,453753
708978,453753
708913,453753
708862,453753
708977,453753
708972,453753
708966,453753
709029,453753
708814,453753
708817,453753
709015,453753
709024,453753
708881,453753
708719,453753
709064,453753
709102,453753
709071,453753
709075,453753
708937,453753
708782,453753
709050,453753
708927,453753
708961,453753
709041,453753
709051,453753
709032,453753
708994,453753
708972,453753
708962,453753
708985,453753
708994,453753
708921,453753
708853,453753
708631,453753
708864,453753
708832,453753
708838,453753
708933,453753
709062,453753
708931,453753
708926,453753
708902,453753
708841,453753
708879,453753
708991,453753
708919,453753
708977,453753
708993,453753
709014,453753
709102,453753
709070,453753
709061,453753
708975,453753
709051,453753
708931,453753
709018,453753
709045,453753
709004,453753
709046,453753
709046,453753
709075,453753
708952,453753
708838,453753
708783,453753
708787,453753
708945,453753
708975,453753
708647,453753
708990,453753
708915,453753
708865,453753
708914,453753
708859,453753
708846,453753
708969,453753
708921,453753
708930,453753
708965,453753
708969,453753
709024,453753
709008,453753
708939,453753
709096,453753
709054,453753
709072,453753
709032,453753
708888,453753
709008,453753
709093,453753
709076,453753
709009,453753
709106,453753
709037,453753
708955,453753
708657,453753
708974,453753
708769,453753
708954,453753
708958,453753
709014,453753
708963,453753
708879,453753
708960,453753
709035,453753
708540,453753
708769,453753
708776,453753
708947,453753
708500,453753
708988,453753
708943,453753
709057,453753
709104,453753
709030,453753
709059,453753
709056,453753
708994,453753
709057,453753
708893,453753
708859,453753
709081,453753
709032,453753
709024,453753
708998,453753
709010,453753
709026,453753
709070,453753
708949,453753
709003,453753
709020,453753
708811,453753
708734,453753
709069,453753
708982,453753
709031,453753
708933,453753
708935,453753
708960,453753
708949,453753
708561,453753
708686,453753
708880,453753
708926,453753
709022,453753
709047,453753
708967,453753
709022,453753
709008,453753
709044,453753
709038,453753
708887,453753
708704,453753
708984,453753
709039,453753
708919,453753
708864,453753
709063,453753
709075,453753
709079,453753
709004,453753
708864,453753
708808,453753
708796,453753
709091,453753
708987,453753
708844,453753
708604,453753
708723,453753
708554,453753
709014,453753
708924,453753
709086,453753
708737,453753
708982,453753
709021,453753
709016,453753
709032,453753
709072,453753
709028,453753
709063,453753
708966,453753
709008,453753
708866,453753
708912,453753
709108,453753
709105,453753
709105,453753
709036,453753
709066,453753
708966,453753
708883,453753
708984,453753
709000,453753
708948,453753
708913,453753
708914,453753
708966,453753
708842,453753
708850,453753
708945,453753
708932,453753
708726,453753
708970,453753
709002,453753
709033,453753
708936,453753
708935,453753
709051,453753
709038,453753
709062,453753
709003,453753
709048,453753
709024,453753
708975,453753
709027,453753
709085,453753
709037,453753
708987,453753
708816,453753
708350,453753
708924,453753
708912,453753
708979,453753
708739,453753
708471,453753
708889,453753
709015,453753
708920,453753
708586,453753
708768,453753
708733,453753
708438,453753
708884,453753
709004,453753
709021,453753
708853,453753
709049,453753
708283,453753
708665,453753
708855,453753
708941,453753
709085,453753
708874,453753
709074,453753
709073,453753
709082,453753
709009,453753
708966,453753
709020,453753
708959,453753
708940,453753
708869,453753
708657,453753
708592,453753
708952,453753
708964,453753
709011,453753
708943,453753
708972,453753
708976,453753
709034,453753
709064,453753
709074,453753
709070,453753
709068,453753
709040,453753
708905,453753
709096,453753
709084,453753
709045,453753
709014,453753
709040,453753
708971,453753
708955,453753
708935,453753
708933,453753
708936,453753
709034,453753
709081,453753
708958,453753
708900,453753
708735,453753
709029,453753
709033,453753
708966,453753
709051,453753
708972,453753
708621,453753
708932,453753
709034,453753
708994,453753
708650,453753
708706,453753
709074,453753
709020,453753
709082,453753
709153,453546
