TRACE,NSNPS_JACKKNIFE
710770,453753
710748,453753
710644,453753
710697,453753
710606,453753
710702,453753
710605,453753
710550,453753
710677,453753
710558,453753
710648,453753
710511,453753
710742,453753
710620,453753
710711,453753
710679,453753
710571,453753
710233,453753
710359,453753
710472,453753
710679,453753
710698,453753
710643,453753
710677,453753
710693,453753
710645,453753
710554,453753
710515,453753
710572,453753
710633,453753
710610,453753
710581,453753
710598,453753
710562,453753
710599,453753
710639,453753
710620,453753
710547,453753
710648,453753
710653,453753
710713,453753
710673,453753
710587,453753
710344,453753
710474,453753
710604,453753
710634,453753
710662,453753
710725,453753
710712,453753
710706,453753
710440,453753
710521,453753
710583,453753
710476,453753
710631,453753
710634,453753
710393,453753
710524,453753
710487,453753
710627,453753
710729,453753
710718,453753
710645,453753
710626,453753
710641,453753
710583,453753
710560,453753
710592,453753
710561,453753
710328,453753
710636,453753
710682,453753
710743,453753
710722,453753
710697,453753
710742,453753
710665,453753
710720,453753
710640,453753
710456,453753
710642,453753
710719,453753
710757,453753
710752,453753
710684,453753
710728,453753
710755,453753
710654,453753
710660,453753
710515,453753
710447,453753
710656,453753
709904,453753
710653,453753
710554,453753
710631,453753
710634,453753
710614,453753
710697,453753
710504,453753
710606,453753
710483,453753
710411,453753
710478,453753
710471,453753
710647,453753
710646,453753
710656,453753
710650,453753
710669,453753
710586,453753
710498,453753
710448,453753
710394,453753
710475,453753
710620,453753
710641,453753
710546,453753
710523,453753
710480,453753
710706,453753
710510,453753
710601,453753
710658,453753
710613,453753
710560,453753
710608,453753
710501,453753
710602,453753
710538,453753
710590,453753
710556,453753
710611,453753
710499,453753
710608,453753
710687,453753
710676,453753
710497,453753
710648,453753
710262,453753
710123,453753
710580,453753
710488,453753
710500,453753
710459,453753
710593,453753
710576,453753
710629,453753
710651,453753
710661,453753
710687,453753
710683,453753
710657,453753
710630,453753
710649,453753
710706,453753
710663,453753
710738,453753
710656,453753
710598,453753
710599,453753
710694,453753
710762,453753
710743,453753
710713,453753
710661,453753
710702,453753
710683,453753
710612,453753
710532,453753
710618,453753
710666,453753
710630,453753
710671,453753
710653,453753
710648,453753
710550,453753
710535,453753
710596,453753
710538,453753
709685,453753
709783,453753
710591,453753
710539,453753
710720,453753
710677,453753
710706,453753
710717,453753
710676,453753
710741,453753
710714,453753
710481,453753
710112,453753
710212,453753
710051,453753
710154,453753
710477,453753
710651,453753
710583,453753
710559,453753
710650,453753
710621,453753
710362,453753
710624,453753
710632,453753
710568,453753
710638,453753
710525,453753
710400,453753
710615,453753
710661,453753
710669,453753
710668,453753
710523,453753
710593,453753
710215,453753
710303,453753
710435,453753
710363,453753
710728,453753
710708,453753
710636,453753
710655,453753
710500,453753
710690,453753
710748,453753
710692,453753
710700,453753
710719,453753
710620,453753
710373,453753
710473,453753
710732,453753
710743,453753
710713,453753
710587,453753
710600,453753
710516,453753
710662,453753
710580,453753
710703,453753
710739,453753
710648,453753
710649,453753
710627,453753
710613,453753
710633,453753
710664,453753
710477,453753
710420,453753
710654,453753
710613,453753
710516,453753
710574,453753
710571,453753
710597,453753
710592,453753
710421,453753
710591,453753
710696,453753
710524,453753
710195,453753
710558,453753
710566,453753
710499,453753
710538,453753
710060,453753
710637,453753
710643,453753
710636,453753
710256,453753
710539,453753
710542,453753
710521,453753
710498,453753
710679,453753
710692,453753
710549,453753
710386,453753
710568,453753
710542,453753
710707,453753
710597,453753
710557,453753
710635,453753
710677,453753
710569,453753
710612,453753
710716,453753
710721,453753
710737,453753
710727,453753
710704,453753
710717,453753
710688,453753
710637,453753
710650,453753
710729,453753
710689,453753
710716,453753
710684,453753
710761,453753
710663,453753
710705,453753
710699,453753
710659,453753
710648,453753
710589,453753
710712,453753
710687,453753
710641,453753
710430,453753
710134,453753
710012,453753
710510,453753
710623,453753
710510,453753
710557,453753
710622,453753
710647,453753
710646,453753
710604,453753
710641,453753
710552,453753
710495,453753
710524,453753
710585,453753
710587,453753
710481,453753
710084,453753
710558,453753
710594,453753
710672,453753
710603,453753
710636,453753
710532,453753
710646,453753
710666,453753
710493,453753
710380,453753
710612,453753
710199,453753
710169,453753
710603,453753
710448,453753
710637,453753
710505,453753
710521,453753
709694,453753
710613,453753
710640,453753
710631,453753
710773,453753
710751,453753
710737,453753
710747,453753
710740,453753
710679,453753
710673,453753
710698,453753
710737,453753
710676,453753
710694,453753
710618,453753
710691,453753
710647,453753
710679,453753
710578,453753
710666,453753
710676,453753
710621,453753
710626,453753
710667,453753
710607,453753
710617,453753
710503,453753
710206,453753
710482,453753
710414,453753
709814,453753
710313,453753
710432,453753
710623,453753
710517,453753
710349,453753
710346,453753
710359,453753
710534,453753
710656,453753
710579,453753
710479,453753
710495,453753
710605,453753
710535,453753
710481,453753
710474,453753
710278,453753
710442,453753
710634,453753
710643,453753
710649,453753
710656,453753
710605,453753
710729,453753
710107,453753
710550,453753
710578,453753
710624,453753
710680,453753
710664,453753
710692,453753
710601,453753
710687,453753
710760,453753
710731,453753
710699,453753
710669,453753
710473,453753
710518,453753
710586,453753
710606,453753
710684,453753
710577,453753
710690,453753
710656,453753
710674,453753
710662,453753
710510,453753
710624,453753
710584,453753
710696,453753
710356,453753
710649,453753
710663,453753
710620,453753
710665,453753
710527,453753
710595,453753
710524,453753
710529,453753
710443,453753
709721,453753
710508,453753
710612,453753
710648,453753
710715,453753
710707,453753
710491,453753
710447,453753
710562,453753
710648,453753
710406,453753
710501,453753
710701,453753
710625,453753
710650,453753
710615,453753
710528,453753
710469,453753
710451,453753
710594,453753
710710,453753
710581,453753
710760,453753
710716,453753
710615,453753
710656,453753
710710,453753
710608,453753
710766,453753
710769,453753
710683,453753
710583,453753
710447,453753
710571,453753
710553,453753
710620,453753
710669,453753
710172,453753
709099,453753
709488,453753
710632,453753
710673,453753
710681,453753
710565,453753
710579,453753
710425,453753
710678,453753
710663,453753
710675,453753
710539,453753
710604,453753
710602,453753
709996,453753
710497,453753
710601,453753
710548,453753
710609,453753
710579,453753
710585,453753
710680,453753
710724,453753
710583,453753
710511,453753
710581,453753
710459,453753
710542,453753
710610,453753
710743,453753
710586,453753
710563,453753
710579,453753
710437,453753
710380,453753
710679,453753
710662,453753
710699,453753
710684,453753
710732,453753
710587,453753
710679,453753
710684,453753
710667,453753
710680,453753
710712,453753
710604,453753
710592,453753
710725,453753
710731,453753
710627,453753
710723,453753
710709,453753
710704,453753
710640,453753
710530,453753
710705,453753
710558,453753
710699,453753
710489,453753
710549,453753
710356,453753
710228,453753
710642,453753
710564,453753
710621,453753
710684,453753
710614,453753
710617,453753
710670,453753
710667,453753
710687,453753
710655,453753
710499,453753
710407,453753
710644,453753
710585,453753
710624,453753
710670,453753
710613,453753
710494,453753
710636,453753
710550,453753
710697,453753
710603,453753
710518,453753
710669,453753
710690,453753
710732,453753
710668,453753
710753,453753
710619,453753
710599,453753
710692,453753
710704,453753
710677,453753
710655,453753
710657,453753
710645,453753
710667,453753
710670,453753
710691,453753
710576,453753
710534,453753
710629,453753
710639,453753
710667,453753
710585,453753
710371,453753
710109,453753
710506,453753
710631,453753
710662,453753
710491,453753
710579,453753
710516,453753
710557,453753
710553,453753
710682,453753
710556,453753
709675,453753
710631,453753
710698,453753
710581,453753
710645,453753
710527,453753
710535,453753
710610,453753
710525,453753
710363,453753
710622,453753
710604,453753
710704,453753
710665,453753
710726,453753
710654,453753
710653,453753
710662,453753
710715,453753
710663,453753
710772,453753
710673,453753
710598,453753
710145,453753
710694,453753
710380,453753
710205,453753
710518,453753
710529,453753
710732,453753
710599,453753
710616,453753
710763,453753
710711,453753
710700,453753
710510,453753
710535,453753
710658,453753
710692,453753
710604,453753
710569,453753
710646,453753
707982,453753
703912,453753
709307,453753
710497,453753
710435,453753
710444,453753
710673,453753
710521,453753
710662,453753
710699,453753
710578,453753
709868,453753
710398,453753
710476,453753
710611,453753
710701,453753
710623,453753
710495,453753
710443,453753
710571,453753
710575,453753
710635,453753
710647,453753
710665,453753
710757,453753
710668,453753
710467,453753
710758,453753
710700,453753
710728,453753
710748,453753
710615,453753
710663,453753
710728,453753
710750,453753
710671,453753
710607,453753
710688,453753
710631,453753
710638,453753
710619,453753
710632,453753
710678,453753
710576,453753
710609,453753
710375,453753
709818,453753
710491,453753
710588,453753
710380,453753
710486,453753
710533,453753
710554,453753
710539,453753
710602,453753
710712,453753
710637,453753
710569,453753
710678,453753
710614,453753
710408,453753
710408,453753
710639,453753
710600,453753
710463,453753
710643,453753
710643,453753
710623,453753
710648,453753
710568,453753
710568,453753
710706,453753
710723,453753
710541,453753
710381,453753
710733,453753
710771,453753
710748,453753
710746,453753
710596,453753
710515,453753
710771,453753
710647,453753
710635,453753
710695,453753
710710,453753
710735,453753
710688,453753
710666,453753
710632,453753
710639,453753
710676,453753
710549,453753
710543,453753
710369,453753
710551,453753
710548,453753
710507,453753
710586,453753
710730,453753
710605,453753
710659,453753
710562,453753
710490,453753
710529,453753
710684,453753
710619,453753
710673,453753
710680,453753
710658,453753
710776,453753
710745,453753
710736,453753
710616,453753
710676,453753
710629,453753
710691,453753
710725,453753
710691,453753
710686,453753
710724,453753
710765,453753
710632,453753
710533,453753
710495,453753
710454,453753
710601,453753
710670,453753
710241,453753
710699,453753
710579,453753
710603,453753
710574,453753
710558,453753
710539,453753
710654,453753
710591,453753
710612,453753
710671,453753
710668,453753
710691,453753
710683,453753
710606,453753
710741,453753
710733,453753
710724,453753
710681,453753
710541,453753
710653,453753
710750,453753
710732,453753
710662,453753
710759,453753
710680,453753
710640,453753
710402,453753
710645,453753
710424,453753
710669,453753
710629,453753
710723,453753
710676,453753
710580,453753
710632,453753
710731,453753
710191,453753
710440,453753
710487,453753
710644,453753
710190,453753
710677,453753
710645,453753
710720,453753
710802,453753
710737,453753
710765,453753
710745,453753
710658,453753
710709,453753
710528,453753
710554,453753
710751,453753
710714,453753
710693,453753
710631,453753
710684,453753
710681,453753
710718,453753
710653,453753
710653,453753
710674,453753
710505,453753
710476,453753
710742,453753
710661,453753
710730,453753
710636,453753
710628,453753
710663,453753
710620,453753
710264,453753
710339,453753
710528,453753
710617,453753
710689,453753
710721,453753
710653,453753
710686,453753
710684,453753
710709,453753
710712,453753
710535,453753
710418,453753
710665,453753
710732,453753
710633,453753
710492,453753
710758,453753
710763,453753
710780,453753
710695,453753
710563,453753
710510,453753
710500,453753
710747,453753
710658,453753
710557,453753
710294,453753
710361,453753
710128,453753
710674,453753
710608,453753
710771,453753
710405,453753
710653,453753
710684,453753
710691,453753
710700,453753
710754,453753
710695,453753
710717,453753
710661,453753
710665,453753
710530,453753
710591,453753
710744,453753
710779,453753
710794,453753
710714,453753
710733,453753
710680,453753
710599,453753
710677,453753
710665,453753
710642,453753
710588,453753
710585,453753
710636,453753
710476,453753
710471,453753
710586,453753
710594,453753
710413,453753
710638,453753
710698,453753
710701,453753
710646,453753
710665,453753
710692,453753
710695,453753
710740,453753
710660,453753
710734,453753
710709,453753
710662,453753
710714,453753
710753,453753
710669,453753
710661,453753
710528,453753
710071,453753
710579,453753
710631,453753
710663,453753
710410,453753
710102,453753
710550,453753
710697,453753
710600,453753
710276,453753
710474,453753
710485,453753
710059,453753
710550,453753
710672,453753
710702,453753
710575,453753
710732,453753
709936,453753
710341,453753
710544,453753
710571,453753
710718,453753
710561,453753
710757,453753
710756,453753
710757,453753
710687,453753
710667,453753
710731,453753
710657,453753
710629,453753
710586,453753
710355,453753
710212,453753
710624,453753
710684,453753
710712,453753
710565,453753
710647,453753
710701,453753
710722,453753
710730,453753
710736,453753
710751,453753
710757,453753
710681,453753
710574,453753
710761,453753
710748,453753
710740,453753
710672,453753
710739,453753
710668,453753
710618,453753
710630,453753
710626,453753
710625,453753
710710,453753
710755,453753
710630,453753
710566,453753
710477,453753
710707,453753
710694,453753
710703,453753
710731,453753
710670,453753
710325,453753
710641,453753
710726,453753
710659,453753
710381,453753
710461,453753
710749,453753
710703,453753
710733,453753
710815,453546
