TRACE,NSNPS_JACKKNIFE
710519,453753
710518,453753
710424,453753
710449,453753
710381,453753
710480,453753
710356,453753
710331,453753
710438,453753
710349,453753
710405,453753
710234,453753
710493,453753
710392,453753
710467,453753
710426,453753
710324,453753
710024,453753
710092,453753
710275,453753
710428,453753
710475,453753
710358,453753
710426,453753
710468,453753
710427,453753
710269,453753
710277,453753
710369,453753
710372,453753
710407,453753
710346,453753
710351,453753
710335,453753
710413,453753
710410,453753
710389,453753
710307,453753
710403,453753
710452,453753
710480,453753
710448,453753
710365,453753
710148,453753
710216,453753
710313,453753
710414,453753
710380,453753
710454,453753
710483,453753
710470,453753
710227,453753
710264,453753
710344,453753
710227,453753
710424,453753
710391,453753
710180,453753
710272,453753
710276,453753
710405,453753
710483,453753
710460,453753
710416,453753
710381,453753
710425,453753
710361,453753
710325,453753
710337,453753
710306,453753
710037,453753
710419,453753
710443,453753
710486,453753
710471,453753
710477,453753
710511,453753
710441,453753
710503,453753
710387,453753
710206,453753
710424,453753
710490,453753
710514,453753
710498,453753
710465,453753
710491,453753
710515,453753
710455,453753
710423,453753
710243,453753
710211,453753
710412,453753
709781,453753
710397,453753
710334,453753
710392,453753
710373,453753
710435,453753
710491,453753
710313,453753
710322,453753
710292,453753
710175,453753
710254,453753
710257,453753
710393,453753
710421,453753
710430,453753
710390,453753
710440,453753
710383,453753
710283,453753
710131,453753
710175,453753
710205,453753
710405,453753
710406,453753
710332,453753
710220,453753
710305,453753
710495,453753
710308,453753
710347,453753
710385,453753
710376,453753
710317,453753
710365,453753
710234,453753
710361,453753
710305,453753
710357,453753
710321,453753
710379,453753
710235,453753
710409,453753
710440,453753
710457,453753
710229,453753
710391,453753
710078,453753
709946,453753
710340,453753
710238,453753
710252,453753
710234,453753
710366,453753
710342,453753
710382,453753
710442,453753
710414,453753
710471,453753
710457,453753
710396,453753
710449,453753
710412,453753
710439,453753
710458,453753
710480,453753
710411,453753
710367,453753
710405,453753
710486,453753
710544,453753
710514,453753
710497,453753
710428,453753
710461,453753
710435,453753
710407,453753
710318,453753
710386,453753
710440,453753
710412,453753
710441,453753
710383,453753
710395,453753
710321,453753
710302,453753
710356,453753
710303,453753
709500,453753
709588,453753
710368,453753
710339,453753
710487,453753
710478,453753
710462,453753
710467,453753
710410,453753
710491,453753
710493,453753
710211,453753
709851,453753
709923,453753
709771,453753
710033,453753
710240,453753
710402,453753
710361,453753
710317,453753
710444,453753
710398,453753
710182,453753
710393,453753
710403,453753
710326,453753
710407,453753
710297,453753
710204,453753
710396,453753
710415,453753
710431,453753
710439,453753
710303,453753
710344,453753
710042,453753
710047,453753
710203,453753
710125,453753
710531,453753
710494,453753
710456,453753
710445,453753
710298,453753
710456,453753
710515,453753
710453,453753
710473,453753
710513,453753
710378,453753
710166,453753
710235,453753
710506,453753
710513,453753
710491,453753
710352,453753
710338,453753
710246,453753
710387,453753
710299,453753
710480,453753
710524,453753
710419,453753
710415,453753
710415,453753
710404,453753
710410,453753
710432,453753
710210,453753
710176,453753
710422,453753
710397,453753
710313,453753
710323,453753
710250,453753
710340,453753
710324,453753
710182,453753
710368,453753
710467,453753
710256,453753
709921,453753
710328,453753
710368,453753
710337,453753
710262,453753
709998,453753
710417,453753
710389,453753
710352,453753
710086,453753
710371,453753
710316,453753
710300,453753
710265,453753
710443,453753
710451,453753
710304,453753
710143,453753
710344,453753
710285,453753
710422,453753
710383,453753
710254,453753
710410,453753
710441,453753
710413,453753
710401,453753
710463,453753
710498,453753
710515,453753
710481,453753
710471,453753
710485,453753
710447,453753
710371,453753
710385,453753
710534,453753
710457,453753
710493,453753
710454,453753
710552,453753
710386,453753
710450,453753
710465,453753
710412,453753
710415,453753
710390,453753
710493,453753
710483,453753
710406,453753
710193,453753
709950,453753
709808,453753
710281,453753
710394,453753
710239,453753
710314,453753
710355,453753
710421,453753
710456,453753
710375,453753
710387,453753
710351,453753
710287,453753
710326,453753
710319,453753
710350,453753
710303,453753
709812,453753
710328,453753
710400,453753
710450,453753
710368,453753
710385,453753
710266,453753
710387,453753
710422,453753
710214,453753
710175,453753
710338,453753
709944,453753
709934,453753
710379,453753
710239,453753
710443,453753
710300,453753
710379,453753
709355,453753
710401,453753
710410,453753
710405,453753
710523,453753
710514,453753
710506,453753
710543,453753
710499,453753
710426,453753
710436,453753
710445,453753
710521,453753
710427,453753
710481,453753
710378,453753
710474,453753
710369,453753
710442,453753
710359,453753
710483,453753
710404,453753
710371,453753
710342,453753
710398,453753
710351,453753
710373,453753
710293,453753
710006,453753
710273,453753
710197,453753
709533,453753
709972,453753
710236,453753
710357,453753
710265,453753
710087,453753
710104,453753
710068,453753
710314,453753
710395,453753
710351,453753
710248,453753
710250,453753
710381,453753
710315,453753
710246,453753
710267,453753
710067,453753
710166,453753
710382,453753
710348,453753
710407,453753
710414,453753
710384,453753
710495,453753
709935,453753
710352,453753
710367,453753
710411,453753
710444,453753
710464,453753
710461,453753
710402,453753
710451,453753
710500,453753
710453,453753
710458,453753
710408,453753
710312,453753
710294,453753
710375,453753
710403,453753
710467,453753
710305,453753
710446,453753
710420,453753
710467,453753
710465,453753
710218,453753
710386,453753
710392,453753
710434,453753
710096,453753
710401,453753
710426,453753
710412,453753
710431,453753
710352,453753
710316,453753
710306,453753
710337,453753
710208,453753
709342,453753
710301,453753
710332,453753
710426,453753
710514,453753
710480,453753
710314,453753
710233,453753
710358,453753
710384,453753
710138,453753
710225,453753
710490,453753
710365,453753
710417,453753
710387,453753
710228,453753
710196,453753
710290,453753
710341,453753
710494,453753
710325,453753
710504,453753
710474,453753
710378,453753
710413,453753
710486,453753
710390,453753
710534,453753
710520,453753
710496,453753
710334,453753
710199,453753
710359,453753
710346,453753
710400,453753
710449,453753
710109,453753
709388,453753
709558,453753
710385,453753
710446,453753
710448,453753
710363,453753
710377,453753
710225,453753
710447,453753
710432,453753
710447,453753
710297,453753
710377,453753
710361,453753
709845,453753
710212,453753
710375,453753
710344,453753
710406,453753
710320,453753
710314,453753
710464,453753
710475,453753
710349,453753
710287,453753
710354,453753
710198,453753
710308,453753
710391,453753
710452,453753
710373,453753
710357,453753
710340,453753
710174,453753
710167,453753
710412,453753
710448,453753
710459,453753
710470,453753
710500,453753
710378,453753
710441,453753
710432,453753
710459,453753
710479,453753
710433,453753
710393,453753
710400,453753
710499,453753
710479,453753
710386,453753
710459,453753
710490,453753
710472,453753
710459,453753
710352,453753
710461,453753
710340,453753
710475,453753
710240,453753
710350,453753
710114,453753
709966,453753
710376,453753
710317,453753
710404,453753
710483,453753
710379,453753
710368,453753
710443,453753
710421,453753
710472,453753
710446,453753
710218,453753
710187,453753
710378,453753
710339,453753
710344,453753
710452,453753
710393,453753
710307,453753
710420,453753
710361,453753
710460,453753
710382,453753
710324,453753
710414,453753
710419,453753
710506,453753
710462,453753
710538,453753
710339,453753
710337,453753
710463,453753
710465,453753
710435,453753
710409,453753
710422,453753
710442,453753
710433,453753
710452,453753
710459,453753
710312,453753
710317,453753
710387,453753
710405,453753
710478,453753
710312,453753
710118,453753
709869,453753
710304,453753
710384,453753
710429,453753
710276,453753
710386,453753
710304,453753
710344,453753
710315,453753
710442,453753
710309,453753
709303,453753
710452,453753
710457,453753
710354,453753
710414,453753
710293,453753
710312,453753
710384,453753
710263,453753
710093,453753
710381,453753
710337,453753
710461,453753
710426,453753
710511,453753
710418,453753
710440,453753
710413,453753
710482,453753
710419,453753
710560,453753
710422,453753
710325,453753
709685,453753
710440,453753
710179,453753
709953,453753
710285,453753
710273,453753
710488,453753
710396,453753
710427,453753
710503,453753
710500,453753
710460,453753
710302,453753
710336,453753
710382,453753
710483,453753
710351,453753
710367,453753
710416,453753
707612,453753
702714,453753
709066,453753
710253,453753
710209,453753
710195,453753
710435,453753
710296,453753
710372,453753
710473,453753
710345,453753
709767,453753
710203,453753
710246,453753
710383,453753
710468,453753
710364,453753
710224,453753
710249,453753
710309,453753
710375,453753
710424,453753
710446,453753
710435,453753
710525,453753
710437,453753
710248,453753
710504,453753
710462,453753
710491,453753
710523,453753
710404,453753
710431,453753
710476,453753
710521,453753
710472,453753
710353,453753
710437,453753
710443,453753
710403,453753
710370,453753
710360,453753
710441,453753
710372,453753
710353,453753
710146,453753
709488,453753
710271,453753
710349,453753
710176,453753
710240,453753
710313,453753
710284,453753
710277,453753
710384,453753
710490,453753
710428,453753
710345,453753
710459,453753
710384,453753
710173,453753
710221,453753
710442,453753
710396,453753
710285,453753
710428,453753
710416,453753
710379,453753
710450,453753
710342,453753
710324,453753
710464,453753
710487,453753
710264,453753
710117,453753
710524,453753
710547,453753
710518,453753
710521,453753
710352,453753
710245,453753
710527,453753
710358,453753
710371,453753
710491,453753
710478,453753
710481,453753
710409,453753
710420,453753
710380,453753
710355,453753
710471,453753
710318,453753
710325,453753
710096,453753
710296,453753
710302,453753
710304,453753
710385,453753
710509,453753
710389,453753
710401,453753
710344,453753
710277,453753
710333,453753
710439,453753
710404,453753
710404,453753
710425,453753
710433,453753
710551,453753
710503,453753
710510,453753
710424,453753
710459,453753
710395,453753
710456,453753
710475,453753
710437,453753
710452,453753
710467,453753
710516,453753
710423,453753
710292,453753
710213,453753
710236,453753
710361,453753
710385,453753
710076,453753
710397,453753
710321,453753
710334,453753
710338,453753
710320,453753
710261,453753
710428,453753
710344,453753
710392,453753
710396,453753
710410,453753
710436,453753
710418,453753
710425,453753
710535,453753
710493,453753
710492,453753
710449,453753
710310,453753
710424,453753
710557,453753
710500,453753
710422,453753
710522,453753
710503,453753
710354,453753
710145,453753
710445,453753
710185,453753
710402,453753
710428,453753
710476,453753
710403,453753
710347,453753
710414,453753
710484,453753
709923,453753
710174,453753
710209,453753
710390,453753
709955,453753
710425,453753
710412,453753
710487,453753
710556,453753
710490,453753
710508,453753
710495,453753
710406,453753
710474,453753
710300,453753
710348,453753
710534,453753
710471,453753
710463,453753
710459,453753
710415,453753
710470,453753
710504,453753
710385,453753
710450,453753
710463,453753
710308,453753
710285,453753
710485,453753
710422,453753
710501,453753
710414,453753
710389,453753
710414,453753
710381,453753
710024,453753
710101,453753
710307,453753
710372,453753
710463,453753
710481,453753
710434,453753
710484,453753
710461,453753
710501,453753
710473,453753
710331,453753
710184,453753
710445,453753
710472,453753
710423,453753
710267,453753
710523,453753
710525,453753
710523,453753
710462,453753
710288,453753
710285,453753
710300,453753
710524,453753
710423,453753
710335,453753
710076,453753
710095,453753
709704,453753
710462,453753
710361,453753
710549,453753
710201,453753
710421,453753
710437,453753
710452,453753
710440,453753
710511,453753
710450,453753
710512,453753
710440,453753
710418,453753
710304,453753
710386,453753
710558,453753
710561,453753
710572,453753
710442,453753
710521,453753
710456,453753
710356,453753
710427,453753
710435,453753
710409,453753
710373,453753
710369,453753
710387,453753
710272,453753
710292,453753
710384,453753
710350,453753
710161,453753
710397,453753
710445,453753
710455,453753
710373,453753
710429,453753
710499,453753
710421,453753
710508,453753
710464,453753
710491,453753
710445,453753
710424,453753
710477,453753
710533,453753
710473,453753
710441,453753
710312,453753
709840,453753
710359,453753
710343,453753
710403,453753
710124,453753
709906,453753
710302,453753
710430,453753
710402,453753
709993,453753
710229,453753
710258,453753
709819,453753
710312,453753
710434,453753
710472,453753
710327,453753
710523,453753
709865,453753
710096,453753
710309,453753
710335,453753
710486,453753
710339,453753
710529,453753
710533,453753
710501,453753
710457,453753
710426,453753
710474,453753
710415,453753
710375,453753
710289,453753
710073,453753
709961,453753
710394,453753
710426,453753
710443,453753
710340,453753
710410,453753
710462,453753
710502,453753
710492,453753
710516,453753
710521,453753
710537,453753
710472,453753
710338,453753
710530,453753
710516,453753
710470,453753
710435,453753
710488,453753
710451,453753
710378,453753
710396,453753
710417,453753
710403,453753
710462,453753
710529,453753
710419,453753
710369,453753
710253,453753
710466,453753
710463,453753
710444,453753
710527,453753
710438,453753
710058,453753
710398,453753
710483,453753
710439,453753
710032,453753
710145,453753
710516,453753
710481,453753
710494,453753
710595,453546
