TRACE,NSNPS_JACKKNIFE
709912,453753
709915,453753
709835,453753
709864,453753
709832,453753
709878,453753
709795,453753
709773,453753
709811,453753
709722,453753
709820,453753
709627,453753
709912,453753
709808,453753
709851,453753
709807,453753
709707,453753
709501,453753
709535,453753
709664,453753
709822,453753
709872,453753
709804,453753
709884,453753
709853,453753
709827,453753
709731,453753
709689,453753
709768,453753
709818,453753
709784,453753
709748,453753
709752,453753
709736,453753
709822,453753
709808,453753
709789,453753
709746,453753
709816,453753
709822,453753
709875,453753
709855,453753
709763,453753
709492,453753
709644,453753
709737,453753
709818,453753
709849,453753
709885,453753
709881,453753
709880,453753
709538,453753
709659,453753
709758,453753
709633,453753
709813,453753
709796,453753
709566,453753
709712,453753
709703,453753
709822,453753
709879,453753
709871,453753
709828,453753
709806,453753
709842,453753
709804,453753
709741,453753
709752,453753
709702,453753
709442,453753
709791,453753
709836,453753
709905,453753
709900,453753
709855,453753
709911,453753
709840,453753
709908,453753
709834,453753
709612,453753
709828,453753
709905,453753
709946,453753
709948,453753
709861,453753
709895,453753
709924,453753
709845,453753
709852,453753
709669,453753
709640,453753
709864,453753
708899,453753
709799,453753
709727,453753
709770,453753
709833,453753
709803,453753
709867,453753
709723,453753
709753,453753
709665,453753
709586,453753
709673,453753
709662,453753
709820,453753
709802,453753
709838,453753
709819,453753
709852,453753
709801,453753
709692,453753
709555,453753
709572,453753
709592,453753
709802,453753
709779,453753
709736,453753
709656,453753
709676,453753
709904,453753
709735,453753
709777,453753
709837,453753
709745,453753
709743,453753
709741,453753
709682,453753
709759,453753
709732,453753
709759,453753
709725,453753
709795,453753
709650,453753
709804,453753
709827,453753
709854,453753
709622,453753
709823,453753
709520,453753
709432,453753
709752,453753
709688,453753
709684,453753
709579,453753
709759,453753
709760,453753
709813,453753
709830,453753
709837,453753
709868,453753
709852,453753
709802,453753
709824,453753
709836,453753
709852,453753
709870,453753
709917,453753
709818,453753
709800,453753
709784,453753
709891,453753
709933,453753
709921,453753
709926,453753
709853,453753
709898,453753
709878,453753
709797,453753
709705,453753
709816,453753
709809,453753
709815,453753
709881,453753
709805,453753
709841,453753
709730,453753
709705,453753
709742,453753
709678,453753
708680,453753
708892,453753
709799,453753
709713,453753
709883,453753
709854,453753
709890,453753
709884,453753
709845,453753
709935,453753
709909,453753
709639,453753
709303,453753
709332,453753
709210,453753
709485,453753
709642,453753
709818,453753
709742,453753
709729,453753
709875,453753
709829,453753
709523,453753
709773,453753
709801,453753
709776,453753
709822,453753
709721,453753
709608,453753
709744,453753
709825,453753
709858,453753
709851,453753
709673,453753
709725,453753
709317,453753
709442,453753
709651,453753
709487,453753
709904,453753
709880,453753
709835,453753
709836,453753
709718,453753
709876,453753
709891,453753
709866,453753
709886,453753
709880,453753
709787,453753
709577,453753
709651,453753
709929,453753
709920,453753
709884,453753
709766,453753
709783,453753
709657,453753
709824,453753
709703,453753
709888,453753
709921,453753
709840,453753
709821,453753
709767,453753
709792,453753
709816,453753
709809,453753
709622,453753
709579,453753
709790,453753
709787,453753
709698,453753
709735,453753
709725,453753
709767,453753
709779,453753
709477,453753
709799,453753
709873,453753
709666,453753
709343,453753
709733,453753
709762,453753
709706,453753
709693,453753
709257,453753
709829,453753
709816,453753
709741,453753
709460,453753
709750,453753
709700,453753
709692,453753
709689,453753
709820,453753
709844,453753
709721,453753
709563,453753
709757,453753
709716,453753
709849,453753
709813,453753
709697,453753
709835,453753
709855,453753
709761,453753
709796,453753
709892,453753
709915,453753
709894,453753
709887,453753
709866,453753
709893,453753
709872,453753
709839,453753
709804,453753
709905,453753
709858,453753
709878,453753
709852,453753
709931,453753
709796,453753
709855,453753
709864,453753
709817,453753
709849,453753
709778,453753
709889,453753
709890,453753
709783,453753
709560,453753
709334,453753
709152,453753
709713,453753
709812,453753
709622,453753
709678,453753
709760,453753
709796,453753
709831,453753
709752,453753
709802,453753
709750,453753
709700,453753
709741,453753
709754,453753
709758,453753
709682,453753
709225,453753
709738,453753
709793,453753
709854,453753
709777,453753
709802,453753
709661,453753
709815,453753
709813,453753
709653,453753
709564,453753
709772,453753
709351,453753
709400,453753
709814,453753
709654,453753
709849,453753
709693,453753
709734,453753
708876,453753
709832,453753
709826,453753
709833,453753
709933,453753
709939,453753
709916,453753
709937,453753
709919,453753
709848,453753
709839,453753
709907,453753
709927,453753
709864,453753
709893,453753
709774,453753
709857,453753
709790,453753
709889,453753
709792,453753
709831,453753
709815,453753
709787,453753
709759,453753
709805,453753
709731,453753
709815,453753
709675,453753
709335,453753
709620,453753
709554,453753
708987,453753
709402,453753
709600,453753
709769,453753
709693,453753
709527,453753
709519,453753
709499,453753
709674,453753
709814,453753
709746,453753
709637,453753
709658,453753
709809,453753
709721,453753
709665,453753
709685,453753
709411,453753
709565,453753
709782,453753
709771,453753
709820,453753
709847,453753
709794,453753
709902,453753
709261,453753
709739,453753
709765,453753
709750,453753
709853,453753
709842,453753
709871,453753
709841,453753
709864,453753
709910,453753
709878,453753
709879,453753
709828,453753
709675,453753
709745,453753
709799,453753
709829,453753
709863,453753
709716,453753
709884,453753
709812,453753
709873,453753
709862,453753
709669,453753
709772,453753
709788,453753
709858,453753
709505,453753
709832,453753
709834,453753
709827,453753
709797,453753
709744,453753
709739,453753
709741,453753
709723,453753
709653,453753
708899,453753
709706,453753
709742,453753
709812,453753
709894,453753
709894,453753
709713,453753
709584,453753
709756,453753
709844,453753
709570,453753
709639,453753
709878,453753
709765,453753
709806,453753
709801,453753
709698,453753
709623,453753
709623,453753
709702,453753
709879,453753
709713,453753
709917,453753
709864,453753
709758,453753
709822,453753
709855,453753
709740,453753
709918,453753
709925,453753
709879,453753
709767,453753
709675,453753
709786,453753
709711,453753
709836,453753
709867,453753
709413,453753
708545,453753
708836,453753
709787,453753
709800,453753
709841,453753
709773,453753
709787,453753
709605,453753
709855,453753
709851,453753
709866,453753
709674,453753
709782,453753
709782,453753
709274,453753
709636,453753
709731,453753
709757,453753
709826,453753
709729,453753
709732,453753
709862,453753
709889,453753
709748,453753
709704,453753
709799,453753
709631,453753
709711,453753
709781,453753
709898,453753
709758,453753
709753,453753
709757,453753
709603,453753
709644,453753
709836,453753
709836,453753
709875,453753
709881,453753
709893,453753
709800,453753
709868,453753
709838,453753
709834,453753
709883,453753
709889,453753
709818,453753
709763,453753
709904,453753
709878,453753
709852,453753
709870,453753
709882,453753
709851,453753
709849,453753
709730,453753
709890,453753
709732,453753
709883,453753
709647,453753
709739,453753
709536,453753
709344,453753
709841,453753
709697,453753
709798,453753
709886,453753
709790,453753
709810,453753
709824,453753
709855,453753
709872,453753
709854,453753
709675,453753
709592,453753
709763,453753
709759,453753
709759,453753
709850,453753
709794,453753
709694,453753
709837,453753
709701,453753
709858,453753
709809,453753
709740,453753
709849,453753
709836,453753
709905,453753
709842,453753
709940,453753
709750,453753
709788,453753
709886,453753
709893,453753
709846,453753
709846,453753
709837,453753
709822,453753
709851,453753
709853,453753
709879,453753
709733,453753
709708,453753
709811,453753
709801,453753
709865,453753
709707,453753
709523,453753
709343,453753
709709,453753
709790,453753
709846,453753
709661,453753
709794,453753
709737,453753
709738,453753
709674,453753
709838,453753
709754,453753
708650,453753
709818,453753
709887,453753
709751,453753
709811,453753
709702,453753
709721,453753
709787,453753
709693,453753
709480,453753
709784,453753
709782,453753
709863,453753
709842,453753
709887,453753
709789,453753
709850,453753
709799,453753
709893,453753
709821,453753
709935,453753
709833,453753
709733,453753
709188,453753
709878,453753
709581,453753
709404,453753
709651,453753
709693,453753
709897,453753
709779,453753
709834,453753
709948,453753
709913,453753
709851,453753
709688,453753
709713,453753
709801,453753
709859,453753
709747,453753
709738,453753
709806,453753
707011,453753
703202,453753
708519,453753
709684,453753
709686,453753
709582,453753
709841,453753
709655,453753
709789,453753
709878,453753
709731,453753
709121,453753
709600,453753
709625,453753
709796,453753
709889,453753
709777,453753
709713,453753
709640,453753
709737,453753
709794,453753
709811,453753
709836,453753
709843,453753
709917,453753
709831,453753
709653,453753
709911,453753
709895,453753
709915,453753
709916,453753
709801,453753
709798,453753
709877,453753
709927,453753
709852,453753
709756,453753
709840,453753
709853,453753
709807,453753
709794,453753
709809,453753
709858,453753
709804,453753
709779,453753
709500,453753
708863,453753
709743,453753
709762,453753
709496,453753
709621,453753
709677,453753
709699,453753
709724,453753
709759,453753
709842,453753
709794,453753
709760,453753
709822,453753
709802,453753
709545,453753
709564,453753
709815,453753
709777,453753
709674,453753
709823,453753
709796,453753
709846,453753
709848,453753
709707,453753
709700,453753
709883,453753
709906,453753
709703,453753
709552,453753
709932,453753
709960,453753
709930,453753
709924,453753
709771,453753
709648,453753
709919,453753
709841,453753
709802,453753
709873,453753
709897,453753
709913,453753
709833,453753
709845,453753
709823,453753
709830,453753
709882,453753
709759,453753
709714,453753
709524,453753
709737,453753
709722,453753
709672,453753
709752,453753
709929,453753
709785,453753
709823,453753
709751,453753
709646,453753
709710,453753
709898,453753
709799,453753
709826,453753
709881,453753
709837,453753
709961,453753
709938,453753
709908,453753
709801,453753
709856,453753
709767,453753
709861,453753
709925,453753
709870,453753
709880,453753
709896,453753
709927,453753
709800,453753
709684,453753
709665,453753
709608,453753
709762,453753
709815,453753
709402,453753
709857,453753
709785,453753
709745,453753
709761,453753
709744,453753
709639,453753
709845,453753
709746,453753
709801,453753
709770,453753
709835,453753
709827,453753
709869,453753
709798,453753
709935,453753
709898,453753
709922,453753
709870,453753
709758,453753
709864,453753
709957,453753
709912,453753
709864,453753
709954,453753
709895,453753
709782,453753
709574,453753
709844,453753
709618,453753
709813,453753
709818,453753
709894,453753
709852,453753
709730,453753
709794,453753
709894,453753
709380,453753
709612,453753
709690,453753
709809,453753
709308,453753
709819,453753
709813,453753
709902,453753
709940,453753
709905,453753
709945,453753
709916,453753
709829,453753
709905,453753
709723,453753
709737,453753
709947,453753
709858,453753
709876,453753
709838,453753
709863,453753
709876,453753
709893,453753
709800,453753
709805,453753
709870,453753
709667,453753
709658,453753
709898,453753
709826,453753
709894,453753
709800,453753
709804,453753
709811,453753
709799,453753
709426,453753
709518,453753
709704,453753
709801,453753
709867,453753
709905,453753
709807,453753
709875,453753
709855,453753
709886,453753
709901,453753
709683,453753
709492,453753
709843,453753
709871,453753
709727,453753
709718,453753
709939,453753
709933,453753
709909,453753
709860,453753
709719,453753
709650,453753
709702,453753
709924,453753
709816,453753
709746,453753
709488,453753
709530,453753
709292,453753
709843,453753
709779,453753
709927,453753
709636,453753
709859,453753
709877,453753
709889,453753
709896,453753
709930,453753
709827,453753
709912,453753
709826,453753
709865,453753
709719,453753
709794,453753
709948,453753
709967,453753
709962,453753
709892,453753
709920,453753
709851,453753
709743,453753
709826,453753
709870,453753
709786,453753
709799,453753
709757,453753
709806,453753
709678,453753
709716,453753
709811,453753
709760,453753
709584,453753
709827,453753
709871,453753
709882,453753
709817,453753
709812,453753
709886,453753
709860,453753
709923,453753
709851,453753
709923,453753
709878,453753
709860,453753
709895,453753
709939,453753
709848,453753
709820,453753
709697,453753
709219,453753
709761,453753
709787,453753
709829,453753
709584,453753
709328,453753
709726,453753
709853,453753
709783,453753
709447,453753
709621,453753
709644,453753
709198,453753
709753,453753
709853,453753
709882,453753
709735,453753
709937,453753
709178,453753
709545,453753
709716,453753
709771,453753
709904,453753
709773,453753
709920,453753
709951,453753
709924,453753
709854,453753
709814,453753
709880,453753
709817,453753
709761,453753
709709,453753
709541,453753
709403,453753
709785,453753
709837,453753
709865,453753
709760,453753
709813,453753
709855,453753
709895,453753
709897,453753
709918,453753
709946,453753
709939,453753
709870,453753
709779,453753
709950,453753
709936,453753
709888,453753
709848,453753
709917,453753
709849,453753
709790,453753
709838,453753
709819,453753
709814,453753
709875,453753
709940,453753
709811,453753
709751,453753
709623,453753
709901,453753
709883,453753
709858,453753
709901,453753
709821,453753
709472,453753
709808,453753
709879,453753
709870,453753
709505,453753
709585,453753
709922,453753
709896,453753
709899,453753
709966,453546
