TRACE,NSNPS_JACKKNIFE
709145,453753
709126,453753
709029,453753
709084,453753
709019,453753
709118,453753
708997,453753
709003,453753
709010,453753
708982,453753
709055,453753
708881,453753
709120,453753
709032,453753
709086,453753
709026,453753
708947,453753
708703,453753
708740,453753
708940,453753
709070,453753
709077,453753
709017,453753
709067,453753
709107,453753
709046,453753
708936,453753
708879,453753
708999,453753
708991,453753
708992,453753
708945,453753
709001,453753
708928,453753
709040,453753
709036,453753
709000,453753
708977,453753
709051,453753
709050,453753
709084,453753
709062,453753
708996,453753
708744,453753
708865,453753
708949,453753
709065,453753
709018,453753
709134,453753
709078,453753
709098,453753
708869,453753
708921,453753
708946,453753
708836,453753
708995,453753
708983,453753
708821,453753
708941,453753
708896,453753
709026,453753
709111,453753
709099,453753
709021,453753
708977,453753
709062,453753
708989,453753
708936,453753
708988,453753
708895,453753
708643,453753
709038,453753
709051,453753
709141,453753
709120,453753
709089,453753
709139,453753
709047,453753
709133,453753
709024,453753
708864,453753
709061,453753
709115,453753
709148,453753
709162,453753
709079,453753
709160,453753
709148,453753
709071,453753
709084,453753
708901,453753
708847,453753
709051,453753
708049,453753
709033,453753
708938,453753
709052,453753
709056,453753
709031,453753
709106,453753
708906,453753
708988,453753
708908,453753
708798,453753
708857,453753
708894,453753
709049,453753
709064,453753
709066,453753
709021,453753
709068,453753
708978,453753
708924,453753
708812,453753
708795,453753
708863,453753
709031,453753
709024,453753
708956,453753
708871,453753
708939,453753
709118,453753
708965,453753
709008,453753
709015,453753
708968,453753
708934,453753
708986,453753
708911,453753
708990,453753
708918,453753
709022,453753
708960,453753
709043,453753
708918,453753
709024,453753
709073,453753
709108,453753
708845,453753
709047,453753
708650,453753
708492,453753
708961,453753
708919,453753
708909,453753
708880,453753
708992,453753
708982,453753
709035,453753
709045,453753
709041,453753
709078,453753
709065,453753
709055,453753
709042,453753
709071,453753
709064,453753
709032,453753
709123,453753
709065,453753
708999,453753
709034,453753
709052,453753
709170,453753
709141,453753
709129,453753
709055,453753
709070,453753
709063,453753
709040,453753
708926,453753
709050,453753
709050,453753
709040,453753
709087,453753
708990,453753
709069,453753
708966,453753
708927,453753
708951,453753
708959,453753
708038,453753
708117,453753
709018,453753
708919,453753
709128,453753
709075,453753
709087,453753
709105,453753
709057,453753
709123,453753
709105,453753
708846,453753
708506,453753
708532,453753
708438,453753
708636,453753
708839,453753
709007,453753
708955,453753
708966,453753
709102,453753
709017,453753
708819,453753
709019,453753
709005,453753
708957,453753
709048,453753
708933,453753
708807,453753
708995,453753
709053,453753
709036,453753
709099,453753
708919,453753
708938,453753
708561,453753
708679,453753
708854,453753
708705,453753
709117,453753
709104,453753
709068,453753
709054,453753
708910,453753
709079,453753
709115,453753
709088,453753
709116,453753
709138,453753
708954,453753
708862,453753
708886,453753
709164,453753
709125,453753
709107,453753
708992,453753
709002,453753
708885,453753
709027,453753
708961,453753
709090,453753
709128,453753
709059,453753
709044,453753
709001,453753
709062,453753
709010,453753
709071,453753
708825,453753
708790,453753
709044,453753
709005,453753
708930,453753
708937,453753
708937,453753
708977,453753
708990,453753
708705,453753
709019,453753
709096,453753
708881,453753
708515,453753
708939,453753
708953,453753
708934,453753
708938,453753
708606,453753
709045,453753
709038,453753
708964,453753
708669,453753
708982,453753
708939,453753
708908,453753
708858,453753
709088,453753
709077,453753
708943,453753
708761,453753
708999,453753
708948,453753
709025,453753
709035,453753
708938,453753
709067,453753
709102,453753
709018,453753
709010,453753
709105,453753
709143,453753
709129,453753
709140,453753
709080,453753
709124,453753
709069,453753
709043,453753
709029,453753
709150,453753
709076,453753
709112,453753
709072,453753
709156,453753
709016,453753
709086,453753
709095,453753
709015,453753
709043,453753
709026,453753
709128,453753
709108,453753
709023,453753
708833,453753
708530,453753
708371,453753
708899,453753
709037,453753
708866,453753
708912,453753
708952,453753
709003,453753
709060,453753
709009,453753
709010,453753
708951,453753
708880,453753
708950,453753
709002,453753
708994,453753
708880,453753
708440,453753
708977,453753
708988,453753
709075,453753
708961,453753
709065,453753
708897,453753
709024,453753
709056,453753
708842,453753
708823,453753
708975,453753
708603,453753
708562,453753
709020,453753
708928,453753
709078,453753
708891,453753
708931,453753
708303,453753
709049,453753
709030,453753
709065,453753
709155,453753
709152,453753
709128,453753
709152,453753
709131,453753
709060,453753
709065,453753
709102,453753
709141,453753
709051,453753
709137,453753
709006,453753
709101,453753
709007,453753
709085,453753
708984,453753
709059,453753
709035,453753
709020,453753
709003,453753
709028,453753
708991,453753
708988,453753
708903,453753
708563,453753
708864,453753
708833,453753
708294,453753
708671,453753
708861,453753
708983,453753
708900,453753
708700,453753
708715,453753
708720,453753
708946,453753
709039,453753
709011,453753
708804,453753
708859,453753
709003,453753
708981,453753
708908,453753
708856,453753
708643,453753
708813,453753
709031,453753
709049,453753
709063,453753
709028,453753
708998,453753
709136,453753
708530,453753
708981,453753
708984,453753
708997,453753
709072,453753
709084,453753
709110,453753
709033,453753
709081,453753
709136,453753
709109,453753
709075,453753
709042,453753
708862,453753
708919,453753
709002,453753
709055,453753
709080,453753
708960,453753
709101,453753
709051,453753
709060,453753
709065,453753
708860,453753
708983,453753
709012,453753
709084,453753
708668,453753
709015,453753
709015,453753
709040,453753
709064,453753
708974,453753
708968,453753
708959,453753
708933,453753
708826,453753
708065,453753
708931,453753
708994,453753
709062,453753
709131,453753
709088,453753
708935,453753
708823,453753
708980,453753
709033,453753
708837,453753
708924,453753
709063,453753
709022,453753
709056,453753
709017,453753
708898,453753
708826,453753
708872,453753
708997,453753
709118,453753
708964,453753
709134,453753
709094,453753
708977,453753
709041,453753
709122,453753
709004,453753
709158,453753
709163,453753
709126,453753
708964,453753
708915,453753
708993,453753
708958,453753
709061,453753
709093,453753
708608,453753
707763,453753
707978,453753
709017,453753
709070,453753
709098,453753
708996,453753
709035,453753
708832,453753
709098,453753
709071,453753
709069,453753
708927,453753
709026,453753
708996,453753
708535,453753
708871,453753
709010,453753
708968,453753
709044,453753
708958,453753
708960,453753
709098,453753
709093,453753
708988,453753
708877,453753
708999,453753
708860,453753
708896,453753
709044,453753
709101,453753
708993,453753
709001,453753
708967,453753
708775,453753
708820,453753
709044,453753
709034,453753
709093,453753
709118,453753
709125,453753
709000,453753
709072,453753
709076,453753
709050,453753
709096,453753
709078,453753
709054,453753
708998,453753
709132,453753
709135,453753
709023,453753
709109,453753
709116,453753
709092,453753
709038,453753
708954,453753
709083,453753
708928,453753
709103,453753
708884,453753
708975,453753
708758,453753
708604,453753
709040,453753
708959,453753
708970,453753
709089,453753
708988,453753
708978,453753
709076,453753
709069,453753
709091,453753
709087,453753
708903,453753
708823,453753
708964,453753
708985,453753
708979,453753
709062,453753
709010,453753
708898,453753
709044,453753
708919,453753
709098,453753
709010,453753
708945,453753
709069,453753
709061,453753
709114,453753
709064,453753
709128,453753
708994,453753
708996,453753
709096,453753
709109,453753
709094,453753
709055,453753
709068,453753
709070,453753
709068,453753
709069,453753
709116,453753
708953,453753
708933,453753
709014,453753
709042,453753
709087,453753
708913,453753
708805,453753
708556,453753
708898,453753
708990,453753
709062,453753
708871,453753
709018,453753
708957,453753
708958,453753
708950,453753
709053,453753
708957,453753
707927,453753
709057,453753
709051,453753
709002,453753
709041,453753
708898,453753
708925,453753
709022,453753
708921,453753
708718,453753
708980,453753
709005,453753
709092,453753
709066,453753
709134,453753
709054,453753
709074,453753
709021,453753
709110,453753
709062,453753
709181,453753
709039,453753
708980,453753
708478,453753
709102,453753
708769,453753
708617,453753
708905,453753
708904,453753
709109,453753
709013,453753
709056,453753
709183,453753
709123,453753
709083,453753
708947,453753
708968,453753
709037,453753
709118,453753
709018,453753
709000,453753
709012,453753
706781,453753
703144,453753
707856,453753
708905,453753
708889,453753
708822,453753
709069,453753
708881,453753
708995,453753
709100,453753
708948,453753
708314,453753
708826,453753
708861,453753
708994,453753
709105,453753
708999,453753
708885,453753
708867,453753
708932,453753
708981,453753
709058,453753
709091,453753
709058,453753
709182,453753
709040,453753
708894,453753
709145,453753
709104,453753
709129,453753
709146,453753
709055,453753
709054,453753
709116,453753
709160,453753
709086,453753
708969,453753
709068,453753
709057,453753
709034,453753
709023,453753
709054,453753
709085,453753
709010,453753
709027,453753
708799,453753
708179,453753
708938,453753
708982,453753
708827,453753
708878,453753
708945,453753
708956,453753
708913,453753
709024,453753
709125,453753
709023,453753
708958,453753
709040,453753
709021,453753
708753,453753
708812,453753
709038,453753
708968,453753
708879,453753
709054,453753
709052,453753
709017,453753
709078,453753
708943,453753
708919,453753
709111,453753
709107,453753
708966,453753
708753,453753
709154,453753
709181,453753
709165,453753
709121,453753
708981,453753
708845,453753
709149,453753
709013,453753
709014,453753
709098,453753
709123,453753
709103,453753
709046,453753
709049,453753
709026,453753
709035,453753
709107,453753
708961,453753
708915,453753
708735,453753
708937,453753
708947,453753
708849,453753
708980,453753
709114,453753
708995,453753
708974,453753
708972,453753
708898,453753
708964,453753
709079,453753
708978,453753
709073,453753
709087,453753
709063,453753
709183,453753
709144,453753
709124,453753
709027,453753
709088,453753
709005,453753
709100,453753
709125,453753
709097,453753
709054,453753
709088,453753
709156,453753
709068,453753
708898,453753
708852,453753
708847,453753
708995,453753
709019,453753
708581,453753
709056,453753
708961,453753
708955,453753
708983,453753
708961,453753
708911,453753
709059,453753
708933,453753
708992,453753
709028,453753
709038,453753
709100,453753
709060,453753
708992,453753
709138,453753
709106,453753
709139,453753
709078,453753
708939,453753
709062,453753
709161,453753
709155,453753
709072,453753
709161,453753
709125,453753
709026,453753
708819,453753
709030,453753
708830,453753
709040,453753
709034,453753
709116,453753
709030,453753
708972,453753
709022,453753
709127,453753
708525,453753
708797,453753
708923,453753
709037,453753
708569,453753
709038,453753
709027,453753
709140,453753
709175,453753
709114,453753
709155,453753
709143,453753
709027,453753
709122,453753
708925,453753
708932,453753
709168,453753
709095,453753
709091,453753
709045,453753
709079,453753
709083,453753
709103,453753
709010,453753
709087,453753
709133,453753
708976,453753
708890,453753
709127,453753
709036,453753
709124,453753
709014,453753
709032,453753
709052,453753
709029,453753
708631,453753
708729,453753
708931,453753
709044,453753
709086,453753
709154,453753
709092,453753
709085,453753
709095,453753
709130,453753
709142,453753
708983,453753
708778,453753
709072,453753
709086,453753
709048,453753
708924,453753
709168,453753
709154,453753
709165,453753
709055,453753
708925,453753
708894,453753
708924,453753
709167,453753
709036,453753
708977,453753
708683,453753
708670,453753
708401,453753
709098,453753
708988,453753
709153,453753
708758,453753
709025,453753
709080,453753
709091,453753
709099,453753
709136,453753
709114,453753
709135,453753
709004,453753
709053,453753
708906,453753
709023,453753
709180,453753
709183,453753
709187,453753
709106,453753
709140,453753
709081,453753
708970,453753
709055,453753
709084,453753
709027,453753
709012,453753
708999,453753
709012,453753
708902,453753
708930,453753
709031,453753
708983,453753
708801,453753
709003,453753
709094,453753
709068,453753
709024,453753
709041,453753
709108,453753
709083,453753
709137,453753
709072,453753
709143,453753
709102,453753
709034,453753
709101,453753
709151,453753
709068,453753
709054,453753
708939,453753
708405,453753
708976,453753
709002,453753
709031,453753
708822,453753
708545,453753
708949,453753
709087,453753
709018,453753
708714,453753
708879,453753
708931,453753
708492,453753
708944,453753
709071,453753
709105,453753
708977,453753
709140,453753
708449,453753
708729,453753
708922,453753
708982,453753
709121,453753
708938,453753
709152,453753
709158,453753
709108,453753
709107,453753
709052,453753
709119,453753
709075,453753
709000,453753
708957,453753
708666,453753
708613,453753
709010,453753
709069,453753
709080,453753
708945,453753
709014,453753
709078,453753
709103,453753
709133,453753
709139,453753
709132,453753
709137,453753
709094,453753
708985,453753
709176,453753
709179,453753
709131,453753
709060,453753
709121,453753
709090,453753
709007,453753
709025,453753
709055,453753
709047,453753
709117,453753
709147,453753
709007,453753
709003,453753
708811,453753
709128,453753
709122,453753
709053,453753
709128,453753
709048,453753
708784,453753
709027,453753
709104,453753
709056,453753
708779,453753
708868,453753
709167,453753
709114,453753
709157,453753
709204,453546
