TRACE,NSNPS_JACKKNIFE
711280,453753
711277,453753
711171,453753
711240,453753
711162,453753
711267,453753
711107,453753
711131,453753
711193,453753
711122,453753
711176,453753
711035,453753
711270,453753
711128,453753
711261,453753
711188,453753
711094,453753
710807,453753
710877,453753
711060,453753
711199,453753
711238,453753
711128,453753
711204,453753
711233,453753
711199,453753
711025,453753
710988,453753
711139,453753
711171,453753
711150,453753
711145,453753
711129,453753
711107,453753
711171,453753
711183,453753
711117,453753
711131,453753
711179,453753
711184,453753
711224,453753
711202,453753
711113,453753
710946,453753
711019,453753
711113,453753
711147,453753
711221,453753
711226,453753
711221,453753
711248,453753
710960,453753
711069,453753
711104,453753
710981,453753
711148,453753
711160,453753
710948,453753
711069,453753
711034,453753
711189,453753
711265,453753
711250,453753
711171,453753
711143,453753
711215,453753
711172,453753
711081,453753
711120,453753
711069,453753
710806,453753
711202,453753
711248,453753
711283,453753
711273,453753
711268,453753
711284,453753
711205,453753
711303,453753
711199,453753
711007,453753
711180,453753
711261,453753
711283,453753
711285,453753
711249,453753
711267,453753
711285,453753
711215,453753
711195,453753
711017,453753
710978,453753
711198,453753
710319,453753
711173,453753
711071,453753
711198,453753
711202,453753
711200,453753
711244,453753
711091,453753
711120,453753
711031,453753
710986,453753
711032,453753
711046,453753
711174,453753
711208,453753
711164,453753
711161,453753
711220,453753
711138,453753
711081,453753
710961,453753
710905,453753
710906,453753
711191,453753
711147,453753
711099,453753
711033,453753
711062,453753
711253,453753
711086,453753
711157,453753
711194,453753
711127,453753
711110,453753
711121,453753
711043,453753
711143,453753
711104,453753
711166,453753
711052,453753
711160,453753
711041,453753
711211,453753
711191,453753
711220,453753
710980,453753
711162,453753
710794,453753
710688,453753
711126,453753
711075,453753
711062,453753
710999,453753
711118,453753
711126,453753
711210,453753
711203,453753
711144,453753
711232,453753
711260,453753
711205,453753
711207,453753
711195,453753
711209,453753
711216,453753
711288,453753
711197,453753
711093,453753
711123,453753
711212,453753
711284,453753
711277,453753
711280,453753
711214,453753
711240,453753
711218,453753
711150,453753
711104,453753
711166,453753
711226,453753
711162,453753
711225,453753
711197,453753
711203,453753
711132,453753
711090,453753
711131,453753
711067,453753
710131,453753
710224,453753
711184,453753
711144,453753
711252,453753
711219,453753
711247,453753
711257,453753
711198,453753
711291,453753
711248,453753
710972,453753
710707,453753
710708,453753
710615,453753
710733,453753
710977,453753
711170,453753
711126,453753
711119,453753
711224,453753
711183,453753
710923,453753
711136,453753
711175,453753
711105,453753
711193,453753
711081,453753
711058,453753
711119,453753
711173,453753
711216,453753
711227,453753
711059,453753
711093,453753
710818,453753
710824,453753
710958,453753
710877,453753
711289,453753
711233,453753
711205,453753
711230,453753
711120,453753
711225,453753
711236,453753
711245,453753
711247,453753
711277,453753
711167,453753
710964,453753
710996,453753
711302,453753
711253,453753
711252,453753
711165,453753
711117,453753
710980,453753
711204,453753
711134,453753
711224,453753
711279,453753
711182,453753
711199,453753
711183,453753
711145,453753
711155,453753
711190,453753
711038,453753
710946,453753
711181,453753
711189,453753
711087,453753
711079,453753
711111,453753
711108,453753
711151,453753
710951,453753
711156,453753
711261,453753
711084,453753
710593,453753
711087,453753
711128,453753
711078,453753
711092,453753
710739,453753
711196,453753
711192,453753
711111,453753
710764,453753
711097,453753
711114,453753
711068,453753
711033,453753
711230,453753
711210,453753
711066,453753
710935,453753
711103,453753
711080,453753
711208,453753
711178,453753
711109,453753
711204,453753
711236,453753
711117,453753
711182,453753
711246,453753
711268,453753
711261,453753
711268,453753
711250,453753
711288,453753
711243,453753
711165,453753
711166,453753
711298,453753
711228,453753
711267,453753
711223,453753
711314,453753
711150,453753
711258,453753
711237,453753
711181,453753
711215,453753
711184,453753
711293,453753
711241,453753
711181,453753
710968,453753
710715,453753
710605,453753
711079,453753
711173,453753
711039,453753
711094,453753
711093,453753
711147,453753
711211,453753
711132,453753
711170,453753
711106,453753
711037,453753
711069,453753
711155,453753
711121,453753
710991,453753
710660,453753
711094,453753
711158,453753
711211,453753
711141,453753
711196,453753
711045,453753
711165,453753
711225,453753
711030,453753
710935,453753
711101,453753
710586,453753
710642,453753
711131,453753
711009,453753
711218,453753
711070,453753
711111,453753
710311,453753
711148,453753
711142,453753
711212,453753
711304,453753
711314,453753
711272,453753
711297,453753
711283,453753
711217,453753
711221,453753
711249,453753
711271,453753
711180,453753
711243,453753
711144,453753
711239,453753
711154,453753
711235,453753
711119,453753
711204,453753
711180,453753
711159,453753
711135,453753
711223,453753
711176,453753
711193,453753
710990,453753
710670,453753
711018,453753
710957,453753
710408,453753
710793,453753
711014,453753
711131,453753
711062,453753
710898,453753
710919,453753
710904,453753
711050,453753
711186,453753
711154,453753
711013,453753
711060,453753
711157,453753
711104,453753
711037,453753
711013,453753
710741,453753
710946,453753
711171,453753
711178,453753
711159,453753
711158,453753
711173,453753
711251,453753
710701,453753
711125,453753
711106,453753
711092,453753
711182,453753
711181,453753
711213,453753
711171,453753
711224,453753
711294,453753
711245,453753
711225,453753
711212,453753
710953,453753
711064,453753
711151,453753
711201,453753
711230,453753
711114,453753
711244,453753
711210,453753
711214,453753
711215,453753
711004,453753
711143,453753
711164,453753
711232,453753
710820,453753
711139,453753
711181,453753
711160,453753
711187,453753
711106,453753
711122,453753
711105,453753
711090,453753
710918,453753
710194,453753
711083,453753
711146,453753
711168,453753
711274,453753
711257,453753
711088,453753
711003,453753
711121,453753
711172,453753
710890,453753
710975,453753
711247,453753
711173,453753
711204,453753
711126,453753
711021,453753
711027,453753
711042,453753
711115,453753
711252,453753
711085,453753
711266,453753
711257,453753
711146,453753
711185,453753
711257,453753
711142,453753
711323,453753
711320,453753
711226,453753
711088,453753
711070,453753
711127,453753
711112,453753
711216,453753
711224,453753
710740,453753
709776,453753
710070,453753
711157,453753
711181,453753
711205,453753
711133,453753
711165,453753
711019,453753
711220,453753
711207,453753
711211,453753
711063,453753
711142,453753
711169,453753
710589,453753
711012,453753
711121,453753
711118,453753
711142,453753
711078,453753
711122,453753
711255,453753
711274,453753
711148,453753
711026,453753
711130,453753
710976,453753
711080,453753
711167,453753
711248,453753
711116,453753
711132,453753
711112,453753
710955,453753
710979,453753
711203,453753
711203,453753
711255,453753
711268,453753
711270,453753
711151,453753
711222,453753
711235,453753
711220,453753
711229,453753
711215,453753
711220,453753
711144,453753
711250,453753
711281,453753
711183,453753
711241,453753
711243,453753
711232,453753
711189,453753
711118,453753
711237,453753
711105,453753
711228,453753
711052,453753
711104,453753
710948,453753
710788,453753
711156,453753
711060,453753
711148,453753
711242,453753
711211,453753
711166,453753
711217,453753
711216,453753
711259,453753
711241,453753
711078,453753
710964,453753
711138,453753
711151,453753
711093,453753
711226,453753
711185,453753
711052,453753
711211,453753
711112,453753
711252,453753
711165,453753
711041,453753
711195,453753
711216,453753
711288,453753
711218,453753
711302,453753
711130,453753
711133,453753
711247,453753
711244,453753
711225,453753
711191,453753
711213,453753
711203,453753
711199,453753
711197,453753
711219,453753
711082,453753
711080,453753
711179,453753
711162,453753
711219,453753
711102,453753
710913,453753
710629,453753
711080,453753
711168,453753
711205,453753
711012,453753
711160,453753
711039,453753
711113,453753
711137,453753
711209,453753
711038,453753
710067,453753
711205,453753
711225,453753
711112,453753
711200,453753
711059,453753
711089,453753
711156,453753
711071,453753
710811,453753
711140,453753
711153,453753
711242,453753
711217,453753
711257,453753
711204,453753
711183,453753
711183,453753
711270,453753
711200,453753
711319,453753
711199,453753
711138,453753
710678,453753
711239,453753
710981,453753
710822,453753
711100,453753
711057,453753
711281,453753
711142,453753
711204,453753
711319,453753
711271,453753
711215,453753
711045,453753
711094,453753
711196,453753
711228,453753
711169,453753
711103,453753
711163,453753
708820,453753
705639,453753
710000,453753
711031,453753
711020,453753
710931,453753
711176,453753
711039,453753
711105,453753
711227,453753
711114,453753
710485,453753
710944,453753
710969,453753
711125,453753
711241,453753
711145,453753
711046,453753
711001,453753
711067,453753
711120,453753
711195,453753
711251,453753
711213,453753
711303,453753
711219,453753
711036,453753
711276,453753
711268,453753
711264,453753
711262,453753
711181,453753
711206,453753
711260,453753
711285,453753
711234,453753
711145,453753
711213,453753
711226,453753
711153,453753
711151,453753
711155,453753
711233,453753
711150,453753
711099,453753
710962,453753
710379,453753
711052,453753
711131,453753
710951,453753
711077,453753
711096,453753
711062,453753
711109,453753
711146,453753
711239,453753
711204,453753
711165,453753
711214,453753
711170,453753
710885,453753
710958,453753
711211,453753
711123,453753
711046,453753
711219,453753
711190,453753
711193,453753
711227,453753
711065,453753
711107,453753
711230,453753
711266,453753
711099,453753
710931,453753
711289,453753
711346,453753
711305,453753
711300,453753
711156,453753
711065,453753
711289,453753
711164,453753
711176,453753
711244,453753
711252,453753
711250,453753
711201,453753
711201,453753
711177,453753
711186,453753
711246,453753
711106,453753
711071,453753
710908,453753
711083,453753
711086,453753
711076,453753
711151,453753
711293,453753
711148,453753
711140,453753
711101,453753
711017,453753
711138,453753
711227,453753
711126,453753
711195,453753
711227,453753
711197,453753
711332,453753
711303,453753
711266,453753
711191,453753
711261,453753
711194,453753
711262,453753
711256,453753
711257,453753
711207,453753
711251,453753
711301,453753
711206,453753
711069,453753
711017,453753
711043,453753
711157,453753
711193,453753
710812,453753
711225,453753
711109,453753
711102,453753
711090,453753
711073,453753
711048,453753
711183,453753
711115,453753
711172,453753
711180,453753
711198,453753
711228,453753
711200,453753
711145,453753
711297,453753
711279,453753
711262,453753
711208,453753
711153,453753
711213,453753
711317,453753
711282,453753
711195,453753
711296,453753
711227,453753
711151,453753
710941,453753
711183,453753
710936,453753
711180,453753
711185,453753
711256,453753
711206,453753
711123,453753
711194,453753
711254,453753
710739,453753
710964,453753
711031,453753
711187,453753
710618,453753
711209,453753
711164,453753
711255,453753
711328,453753
711258,453753
711296,453753
711261,453753
711192,453753
711250,453753
711052,453753
711124,453753
711321,453753
711206,453753
711214,453753
711166,453753
711243,453753
711228,453753
711260,453753
711152,453753
711188,453753
711242,453753
711059,453753
710999,453753
711252,453753
711194,453753
711261,453753
711155,453753
711166,453753
711204,453753
711156,453753
710746,453753
710889,453753
711086,453753
711170,453753
711238,453753
711288,453753
711191,453753
711229,453753
711208,453753
711281,453753
711268,453753
711099,453753
710874,453753
711230,453753
711266,453753
711152,453753
711082,453753
711313,453753
711304,453753
711319,453753
711263,453753
711089,453753
711052,453753
711018,453753
711287,453753
711200,453753
711044,453753
710855,453753
710876,453753
710626,453753
711234,453753
711120,453753
711318,453753
710936,453753
711204,453753
711222,453753
711270,453753
711258,453753
711286,453753
711216,453753
711276,453753
711150,453753
711208,453753
711062,453753
711110,453753
711312,453753
711333,453753
711345,453753
711248,453753
711276,453753
711241,453753
711108,453753
711223,453753
711206,453753
711165,453753
711158,453753
711129,453753
711190,453753
711045,453753
711082,453753
711189,453753
711152,453753
710960,453753
711185,453753
711243,453753
711247,453753
711153,453753
711171,453753
711273,453753
711187,453753
711260,453753
711216,453753
711285,453753
711241,453753
711183,453753
711248,453753
711316,453753
711219,453753
711192,453753
711033,453753
710417,453753
711148,453753
711118,453753
711144,453753
711000,453753
710610,453753
711071,453753
711223,453753
711120,453753
710786,453753
710982,453753
711030,453753
710624,453753
711119,453753
711215,453753
711238,453753
711134,453753
711288,453753
710616,453753
710880,453753
711121,453753
711153,453753
711266,453753
711138,453753
711304,453753
711301,453753
711277,453753
711236,453753
711189,453753
711260,453753
711213,453753
711139,453753
711103,453753
710856,453753
710810,453753
711177,453753
711219,453753
711231,453753
711096,453753
711147,453753
711212,453753
711264,453753
711269,453753
711288,453753
711286,453753
711317,453753
711252,453753
711158,453753
711303,453753
711306,453753
711245,453753
711216,453753
711249,453753
711187,453753
711150,453753
711141,453753
711191,453753
711175,453753
711247,453753
711289,453753
711180,453753
711164,453753
710962,453753
711256,453753
711263,453753
711207,453753
711287,453753
711202,453753
710787,453753
711172,453753
711287,453753
711214,453753
710814,453753
710958,453753
711294,453753
711237,453753
711300,453753
711374,453546
