TRACE,NSNPS_JACKKNIFE
709241,453753
709228,453753
709172,453753
709194,453753
709151,453753
709184,453753
709078,453753
709076,453753
709119,453753
709065,453753
709119,453753
709003,453753
709192,453753
709113,453753
709182,453753
709152,453753
709044,453753
708816,453753
708856,453753
708996,453753
709147,453753
709211,453753
709123,453753
709179,453753
709198,453753
709157,453753
709070,453753
709029,453753
709093,453753
709093,453753
709121,453753
709069,453753
709118,453753
709036,453753
709149,453753
709114,453753
709084,453753
709057,453753
709139,453753
709142,453753
709170,453753
709132,453753
709072,453753
708930,453753
708959,453753
709071,453753
709105,453753
709155,453753
709197,453753
709204,453753
709192,453753
708916,453753
708995,453753
709036,453753
708968,453753
709088,453753
709122,453753
708913,453753
709045,453753
708994,453753
709133,453753
709204,453753
709177,453753
709135,453753
709087,453753
709132,453753
709093,453753
709046,453753
709085,453753
709014,453753
708746,453753
709154,453753
709168,453753
709244,453753
709220,453753
709179,453753
709250,453753
709160,453753
709226,453753
709159,453753
708971,453753
709148,453753
709227,453753
709247,453753
709255,453753
709192,453753
709186,453753
709233,453753
709172,453753
709162,453753
708949,453753
708914,453753
709152,453753
708192,453753
709139,453753
709073,453753
709111,453753
709132,453753
709147,453753
709223,453753
709008,453753
709037,453753
709025,453753
708947,453753
708976,453753
708972,453753
709139,453753
709139,453753
709151,453753
709153,453753
709170,453753
709085,453753
709036,453753
708919,453753
708826,453753
708929,453753
709111,453753
709098,453753
709038,453753
708961,453753
708991,453753
709240,453753
709037,453753
709115,453753
709189,453753
709099,453753
709077,453753
709093,453753
709010,453753
709091,453753
709044,453753
709106,453753
709054,453753
709147,453753
709014,453753
709143,453753
709138,453753
709190,453753
708955,453753
709131,453753
708843,453753
708741,453753
709077,453753
708988,453753
708994,453753
708950,453753
709087,453753
709093,453753
709124,453753
709130,453753
709160,453753
709179,453753
709192,453753
709127,453753
709135,453753
709127,453753
709161,453753
709183,453753
709220,453753
709144,453753
709104,453753
709095,453753
709164,453753
709260,453753
709259,453753
709242,453753
709174,453753
709165,453753
709151,453753
709128,453753
709030,453753
709142,453753
709180,453753
709122,453753
709174,453753
709130,453753
709161,453753
709094,453753
709053,453753
709076,453753
709025,453753
708248,453753
708213,453753
709114,453753
709032,453753
709226,453753
709216,453753
709214,453753
709181,453753
709159,453753
709246,453753
709213,453753
708924,453753
708620,453753
708679,453753
708556,453753
708739,453753
708927,453753
709145,453753
709057,453753
709013,453753
709182,453753
709141,453753
708883,453753
709124,453753
709127,453753
709067,453753
709145,453753
709094,453753
708891,453753
709054,453753
709142,453753
709153,453753
709177,453753
709018,453753
709088,453753
708731,453753
708754,453753
708895,453753
708756,453753
709225,453753
709208,453753
709166,453753
709179,453753
709068,453753
709193,453753
709233,453753
709184,453753
709241,453753
709237,453753
709077,453753
708937,453753
708960,453753
709245,453753
709244,453753
709186,453753
709090,453753
709105,453753
708968,453753
709137,453753
709049,453753
709194,453753
709256,453753
709132,453753
709153,453753
709133,453753
709114,453753
709109,453753
709174,453753
708957,453753
708882,453753
709141,453753
709121,453753
708992,453753
709063,453753
709022,453753
709066,453753
709099,453753
708868,453753
709108,453753
709224,453753
709003,453753
708670,453753
709026,453753
709086,453753
709046,453753
709009,453753
708601,453753
709158,453753
709143,453753
709072,453753
708822,453753
709057,453753
709043,453753
709035,453753
708934,453753
709172,453753
709162,453753
709057,453753
708897,453753
709107,453753
708997,453753
709113,453753
709087,453753
708994,453753
709136,453753
709173,453753
709090,453753
709151,453753
709201,453753
709236,453753
709206,453753
709250,453753
709189,453753
709208,453753
709192,453753
709117,453753
709106,453753
709248,453753
709192,453753
709216,453753
709194,453753
709254,453753
709155,453753
709191,453753
709186,453753
709162,453753
709159,453753
709121,453753
709197,453753
709205,453753
709088,453753
708889,453753
708651,453753
708606,453753
709019,453753
709105,453753
709028,453753
709003,453753
709087,453753
709135,453753
709165,453753
709076,453753
709138,453753
709037,453753
709018,453753
709043,453753
709082,453753
709058,453753
708992,453753
708518,453753
709033,453753
709127,453753
709135,453753
709115,453753
709142,453753
709017,453753
709112,453753
709151,453753
708944,453753
708937,453753
709079,453753
708703,453753
708648,453753
709134,453753
708958,453753
709125,453753
708990,453753
709050,453753
708422,453753
709159,453753
709116,453753
709154,453753
709267,453753
709261,453753
709232,453753
709231,453753
709239,453753
709154,453753
709155,453753
709214,453753
709233,453753
709204,453753
709212,453753
709104,453753
709189,453753
709134,453753
709183,453753
709088,453753
709175,453753
709158,453753
709094,453753
709073,453753
709168,453753
709078,453753
709119,453753
708998,453753
708578,453753
708909,453753
708920,453753
708327,453753
708744,453753
708993,453753
709093,453753
709005,453753
708899,453753
708867,453753
708800,453753
708966,453753
709152,453753
709096,453753
708960,453753
709016,453753
709088,453753
709046,453753
708998,453753
708999,453753
708775,453753
708902,453753
709133,453753
709124,453753
709122,453753
709151,453753
709104,453753
709237,453753
708709,453753
709043,453753
709050,453753
709148,453753
709181,453753
709174,453753
709168,453753
709141,453753
709202,453753
709201,453753
709219,453753
709193,453753
709119,453753
708948,453753
709029,453753
709102,453753
709134,453753
709185,453753
709057,453753
709200,453753
709164,453753
709167,453753
709138,453753
708995,453753
709108,453753
709096,453753
709152,453753
708796,453753
709096,453753
709158,453753
709127,453753
709145,453753
709079,453753
709068,453753
709029,453753
709037,453753
708927,453753
708254,453753
709007,453753
709081,453753
709150,453753
709191,453753
709177,453753
708994,453753
708975,453753
709074,453753
709144,453753
708901,453753
708987,453753
709194,453753
709104,453753
709136,453753
709125,453753
708998,453753
708946,453753
708945,453753
709073,453753
709203,453753
709053,453753
709250,453753
709207,453753
709090,453753
709137,453753
709178,453753
709057,453753
709259,453753
709249,453753
709224,453753
709053,453753
709012,453753
709100,453753
709066,453753
709141,453753
709185,453753
708730,453753
707792,453753
708128,453753
709087,453753
709161,453753
709184,453753
709105,453753
709094,453753
708913,453753
709179,453753
709133,453753
709175,453753
709029,453753
709128,453753
709090,453753
708537,453753
708957,453753
709122,453753
709085,453753
709121,453753
709032,453753
709088,453753
709210,453753
709206,453753
709077,453753
709014,453753
709091,453753
708974,453753
709042,453753
709096,453753
709201,453753
709067,453753
709097,453753
709045,453753
708890,453753
708908,453753
709142,453753
709155,453753
709216,453753
709186,453753
709228,453753
709118,453753
709178,453753
709175,453753
709152,453753
709209,453753
709166,453753
709079,453753
709124,453753
709203,453753
709205,453753
709119,453753
709187,453753
709230,453753
709199,453753
709166,453753
709042,453753
709194,453753
709011,453753
709202,453753
708969,453753
709078,453753
708812,453753
708656,453753
709110,453753
709046,453753
709093,453753
709191,453753
709125,453753
709129,453753
709189,453753
709133,453753
709205,453753
709182,453753
709005,453753
708913,453753
709113,453753
709073,453753
709087,453753
709175,453753
709119,453753
709024,453753
709140,453753
709054,453753
709175,453753
709079,453753
709091,453753
709139,453753
709146,453753
709225,453753
709166,453753
709223,453753
709078,453753
709125,453753
709181,453753
709213,453753
709210,453753
709157,453753
709192,453753
709184,453753
709151,453753
709169,453753
709202,453753
709044,453753
709057,453753
709117,453753
709125,453753
709178,453753
709055,453753
708892,453753
708625,453753
709012,453753
709123,453753
709163,453753
708967,453753
709094,453753
709038,453753
709030,453753
709095,453753
709154,453753
709036,453753
708023,453753
709168,453753
709191,453753
709052,453753
709144,453753
708986,453753
709059,453753
709122,453753
709021,453753
708851,453753
709068,453753
709082,453753
709187,453753
709136,453753
709219,453753
709169,453753
709149,453753
709171,453753
709217,453753
709158,453753
709278,453753
709168,453753
709095,453753
708415,453753
709205,453753
708851,453753
708672,453753
709035,453753
708972,453753
709199,453753
709101,453753
709127,453753
709252,453753
709209,453753
709152,453753
709117,453753
709015,453753
709141,453753
709205,453753
709120,453753
709074,453753
709107,453753
706722,453753
702498,453753
707907,453753
709004,453753
708959,453753
708888,453753
709143,453753
709019,453753
709139,453753
709189,453753
709078,453753
708461,453753
708881,453753
708962,453753
709106,453753
709215,453753
709083,453753
709013,453753
708969,453753
709055,453753
709049,453753
709134,453753
709149,453753
709152,453753
709243,453753
709157,453753
708977,453753
709219,453753
709203,453753
709210,453753
709253,453753
709147,453753
709171,453753
709211,453753
709228,453753
709162,453753
709051,453753
709184,453753
709168,453753
709138,453753
709088,453753
709134,453753
709199,453753
709100,453753
709132,453753
708888,453753
708267,453753
709009,453753
709095,453753
708874,453753
708977,453753
709016,453753
709037,453753
709018,453753
709103,453753
709180,453753
709141,453753
709066,453753
709163,453753
709124,453753
708870,453753
708930,453753
709148,453753
709064,453753
708993,453753
709159,453753
709119,453753
709165,453753
709140,453753
709038,453753
709019,453753
709210,453753
709212,453753
709021,453753
708855,453753
709250,453753
709282,453753
709237,453753
709255,453753
709081,453753
708985,453753
709268,453753
709097,453753
709152,453753
709226,453753
709216,453753
709210,453753
709132,453753
709160,453753
709097,453753
709123,453753
709193,453753
709047,453753
709030,453753
708871,453753
709026,453753
709034,453753
709039,453753
709110,453753
709224,453753
709129,453753
709143,453753
709102,453753
708931,453753
709047,453753
709188,453753
709113,453753
709121,453753
709187,453753
709166,453753
709273,453753
709249,453753
709215,453753
709147,453753
709200,453753
709139,453753
709221,453753
709224,453753
709216,453753
709160,453753
709193,453753
709233,453753
709120,453753
708992,453753
708977,453753
708952,453753
709054,453753
709117,453753
708823,453753
709188,453753
709019,453753
709089,453753
709046,453753
709032,453753
709021,453753
709153,453753
709070,453753
709090,453753
709121,453753
709144,453753
709163,453753
709154,453753
709100,453753
709249,453753
709216,453753
709197,453753
709172,453753
709063,453753
709154,453753
709272,453753
709222,453753
709170,453753
709254,453753
709220,453753
709124,453753
708879,453753
709147,453753
708945,453753
709143,453753
709142,453753
709193,453753
709107,453753
709071,453753
709139,453753
709185,453753
708669,453753
708881,453753
708965,453753
709125,453753
708658,453753
709147,453753
709083,453753
709195,453753
709289,453753
709203,453753
709251,453753
709209,453753
709149,453753
709202,453753
709021,453753
709046,453753
709262,453753
709203,453753
709190,453753
709181,453753
709183,453753
709189,453753
709236,453753
709109,453753
709163,453753
709202,453753
709017,453753
708901,453753
709216,453753
709146,453753
709187,453753
709086,453753
709117,453753
709142,453753
709123,453753
708754,453753
708825,453753
709034,453753
709082,453753
709207,453753
709210,453753
709135,453753
709181,453753
709190,453753
709229,453753
709210,453753
709053,453753
708891,453753
709164,453753
709221,453753
709091,453753
709010,453753
709257,453753
709253,453753
709269,453753
709158,453753
709054,453753
708946,453753
708947,453753
709229,453753
709196,453753
709042,453753
708776,453753
708877,453753
708592,453753
709200,453753
709064,453753
709256,453753
708884,453753
709151,453753
709201,453753
709211,453753
709212,453753
709248,453753
709217,453753
709237,453753
709159,453753
709171,453753
709030,453753
709077,453753
709250,453753
709300,453753
709293,453753
709221,453753
709239,453753
709201,453753
709097,453753
709170,453753
709163,453753
709128,453753
709074,453753
709077,453753
709128,453753
708939,453753
709049,453753
709105,453753
709081,453753
708900,453753
709127,453753
709176,453753
709185,453753
709162,453753
709162,453753
709232,453753
709176,453753
709241,453753
709151,453753
709225,453753
709206,453753
709138,453753
709214,453753
709235,453753
709209,453753
709131,453753
708978,453753
708419,453753
709082,453753
709109,453753
709107,453753
708937,453753
708654,453753
709044,453753
709183,453753
709100,453753
708734,453753
708931,453753
708991,453753
708543,453753
709068,453753
709174,453753
709195,453753
709020,453753
709244,453753
708432,453753
708822,453753
709068,453753
709103,453753
709254,453753
709023,453753
709235,453753
709261,453753
709233,453753
709182,453753
709136,453753
709225,453753
709162,453753
709093,453753
709028,453753
708855,453753
708763,453753
709090,453753
709158,453753
709193,453753
709041,453753
709132,453753
709153,453753
709182,453753
709216,453753
709226,453753
709235,453753
709254,453753
709187,453753
709096,453753
709265,453753
709251,453753
709202,453753
709160,453753
709201,453753
709167,453753
709101,453753
709122,453753
709154,453753
709135,453753
709185,453753
709245,453753
709149,453753
709119,453753
708972,453753
709231,453753
709221,453753
709162,453753
709248,453753
709146,453753
708761,453753
709106,453753
709198,453753
709168,453753
708826,453753
708930,453753
709254,453753
709216,453753
709248,453753
709287,453546
