TRACE,NSNPS_JACKKNIFE
712952,453753
712903,453753
712842,453753
712869,453753
712810,453753
712918,453753
712762,453753
712773,453753
712837,453753
712773,453753
712815,453753
712688,453753
712931,453753
712825,453753
712859,453753
712863,453753
712784,453753
712490,453753
712555,453753
712699,453753
712851,453753
712887,453753
712805,453753
712855,453753
712868,453753
712810,453753
712695,453753
712661,453753
712779,453753
712836,453753
712794,453753
712751,453753
712793,453753
712730,453753
712772,453753
712813,453753
712781,453753
712752,453753
712825,453753
712850,453753
712886,453753
712843,453753
712786,453753
712568,453753
712651,453753
712742,453753
712815,453753
712820,453753
712852,453753
712864,453753
712903,453753
712613,453753
712688,453753
712757,453753
712623,453753
712821,453753
712795,453753
712554,453753
712727,453753
712696,453753
712839,453753
712890,453753
712872,453753
712790,453753
712760,453753
712849,453753
712795,453753
712737,453753
712746,453753
712696,453753
712439,453753
712839,453753
712850,453753
712930,453753
712915,453753
712900,453753
712920,453753
712842,453753
712934,453753
712840,453753
712629,453753
712819,453753
712895,453753
712931,453753
712919,453753
712844,453753
712892,453753
712928,453753
712844,453753
712872,453753
712671,453753
712647,453753
712815,453753
712005,453753
712813,453753
712736,453753
712786,453753
712818,453753
712847,453753
712892,453753
712703,453753
712773,453753
712674,453753
712608,453753
712692,453753
712678,453753
712859,453753
712849,453753
712844,453753
712818,453753
712858,453753
712786,453753
712723,453753
712625,453753
712601,453753
712626,453753
712840,453753
712799,453753
712736,453753
712698,453753
712696,453753
712908,453753
712752,453753
712828,453753
712836,453753
712759,453753
712719,453753
712765,453753
712726,453753
712830,453753
712655,453753
712764,453753
712753,453753
712816,453753
712676,453753
712789,453753
712845,453753
712878,453753
712650,453753
712833,453753
712532,453753
712483,453753
712744,453753
712665,453753
712647,453753
712638,453753
712717,453753
712799,453753
712821,453753
712838,453753
712840,453753
712888,453753
712876,453753
712842,453753
712842,453753
712842,453753
712883,453753
712887,453753
712900,453753
712839,453753
712769,453753
712812,453753
712877,453753
712946,453753
712942,453753
712879,453753
712888,453753
712879,453753
712869,453753
712806,453753
712729,453753
712797,453753
712819,453753
712825,453753
712903,453753
712797,453753
712847,453753
712733,453753
712695,453753
712755,453753
712695,453753
711839,453753
711977,453753
712753,453753
712689,453753
712912,453753
712880,453753
712905,453753
712852,453753
712824,453753
712926,453753
712897,453753
712610,453753
712309,453753
712380,453753
712273,453753
712447,453753
712675,453753
712802,453753
712752,453753
712750,453753
712833,453753
712803,453753
712561,453753
712801,453753
712843,453753
712756,453753
712827,453753
712714,453753
712590,453753
712751,453753
712848,453753
712829,453753
712874,453753
712696,453753
712736,453753
712444,453753
712428,453753
712615,453753
712520,453753
712935,453753
712890,453753
712871,453753
712832,453753
712716,453753
712879,453753
712908,453753
712894,453753
712902,453753
712893,453753
712739,453753
712632,453753
712698,453753
712945,453753
712915,453753
712899,453753
712737,453753
712783,453753
712616,453753
712813,453753
712752,453753
712895,453753
712944,453753
712816,453753
712828,453753
712809,453753
712818,453753
712856,453753
712844,453753
712608,453753
712637,453753
712801,453753
712814,453753
712701,453753
712751,453753
712696,453753
712748,453753
712758,453753
712530,453753
712805,453753
712878,453753
712680,453753
712373,453753
712723,453753
712769,453753
712738,453753
712717,453753
712241,453753
712829,453753
712813,453753
712773,453753
712467,453753
712772,453753
712747,453753
712688,453753
712639,453753
712873,453753
712869,453753
712762,453753
712510,453753
712790,453753
712704,453753
712854,453753
712790,453753
712692,453753
712834,453753
712862,453753
712794,453753
712812,453753
712896,453753
712917,453753
712889,453753
712906,453753
712893,453753
712915,453753
712877,453753
712796,453753
712803,453753
712919,453753
712904,453753
712898,453753
712892,453753
712960,453753
712812,453753
712885,453753
712892,453753
712825,453753
712827,453753
712814,453753
712901,453753
712925,453753
712793,453753
712604,453753
712289,453753
712116,453753
712724,453753
712825,453753
712714,453753
712703,453753
712778,453753
712824,453753
712869,453753
712826,453753
712826,453753
712738,453753
712643,453753
712748,453753
712769,453753
712744,453753
712661,453753
712337,453753
712731,453753
712805,453753
712845,453753
712803,453753
712829,453753
712690,453753
712833,453753
712843,453753
712658,453753
712546,453753
712775,453753
712427,453753
712219,453753
712762,453753
712711,453753
712836,453753
712706,453753
712717,453753
711908,453753
712831,453753
712798,453753
712815,453753
712950,453753
712940,453753
712913,453753
712938,453753
712936,453753
712848,453753
712846,453753
712872,453753
712888,453753
712861,453753
712889,453753
712782,453753
712880,453753
712848,453753
712911,453753
712789,453753
712869,453753
712843,453753
712786,453753
712791,453753
712801,453753
712760,453753
712808,453753
712654,453753
712357,453753
712661,453753
712646,453753
711946,453753
712407,453753
712632,453753
712783,453753
712697,453753
712471,453753
712547,453753
712505,453753
712699,453753
712831,453753
712800,453753
712696,453753
712707,453753
712802,453753
712736,453753
712722,453753
712709,453753
712488,453753
712615,453753
712805,453753
712810,453753
712838,453753
712858,453753
712799,453753
712899,453753
712184,453753
712761,453753
712773,453753
712778,453753
712866,453753
712868,453753
712885,453753
712813,453753
712875,453753
712936,453753
712909,453753
712898,453753
712850,453753
712657,453753
712663,453753
712817,453753
712817,453753
712890,453753
712743,453753
712870,453753
712850,453753
712859,453753
712844,453753
712648,453753
712779,453753
712787,453753
712905,453753
712505,453753
712836,453753
712836,453753
712810,453753
712825,453753
712745,453753
712808,453753
712743,453753
712716,453753
712613,453753
711880,453753
712698,453753
712762,453753
712852,453753
712895,453753
712898,453753
712755,453753
712612,453753
712755,453753
712840,453753
712577,453753
712672,453753
712896,453753
712788,453753
712867,453753
712816,453753
712693,453753
712661,453753
712636,453753
712745,453753
712894,453753
712730,453753
712948,453753
712876,453753
712785,453753
712805,453753
712887,453753
712739,453753
712958,453753
712934,453753
712900,453753
712743,453753
712677,453753
712777,453753
712750,453753
712852,453753
712880,453753
712441,453753
711663,453753
711859,453753
712769,453753
712831,453753
712897,453753
712713,453753
712826,453753
712649,453753
712860,453753
712812,453753
712855,453753
712690,453753
712790,453753
712812,453753
712275,453753
712675,453753
712782,453753
712764,453753
712811,453753
712726,453753
712761,453753
712887,453753
712896,453753
712811,453753
712734,453753
712778,453753
712661,453753
712727,453753
712815,453753
712888,453753
712772,453753
712775,453753
712748,453753
712612,453753
712601,453753
712846,453753
712847,453753
712909,453753
712893,453753
712925,453753
712760,453753
712891,453753
712841,453753
712836,453753
712858,453753
712883,453753
712813,453753
712758,453753
712921,453753
712891,453753
712823,453753
712869,453753
712904,453753
712867,453753
712816,453753
712751,453753
712876,453753
712742,453753
712909,453753
712613,453753
712774,453753
712471,453753
712330,453753
712835,453753
712738,453753
712790,453753
712860,453753
712781,453753
712811,453753
712880,453753
712847,453753
712884,453753
712864,453753
712668,453753
712622,453753
712782,453753
712761,453753
712793,453753
712878,453753
712797,453753
712697,453753
712833,453753
712708,453753
712873,453753
712787,453753
712724,453753
712841,453753
712857,453753
712910,453753
712866,453753
712921,453753
712765,453753
712759,453753
712865,453753
712873,453753
712847,453753
712836,453753
712872,453753
712847,453753
712863,453753
712870,453753
712886,453753
712706,453753
712720,453753
712817,453753
712833,453753
712867,453753
712726,453753
712551,453753
712278,453753
712705,453753
712753,453753
712852,453753
712726,453753
712796,453753
712663,453753
712754,453753
712749,453753
712845,453753
712732,453753
711947,453753
712855,453753
712858,453753
712732,453753
712835,453753
712720,453753
712724,453753
712776,453753
712751,453753
712468,453753
712778,453753
712790,453753
712860,453753
712866,453753
712907,453753
712824,453753
712860,453753
712846,453753
712894,453753
712802,453753
712948,453753
712816,453753
712731,453753
712254,453753
712911,453753
712591,453753
712433,453753
712733,453753
712702,453753
712903,453753
712843,453753
712806,453753
712955,453753
712921,453753
712838,453753
712697,453753
712761,453753
712836,453753
712874,453753
712801,453753
712748,453753
712801,453753
709839,453753
704447,453753
711351,453753
712656,453753
712647,453753
712614,453753
712833,453753
712674,453753
712793,453753
712865,453753
712726,453753
712036,453753
712605,453753
712713,453753
712768,453753
712892,453753
712794,453753
712694,453753
712674,453753
712757,453753
712771,453753
712839,453753
712854,453753
712842,453753
712934,453753
712846,453753
712660,453753
712922,453753
712874,453753
712921,453753
712909,453753
712825,453753
712868,453753
712888,453753
712953,453753
712886,453753
712740,453753
712896,453753
712871,453753
712812,453753
712813,453753
712839,453753
712878,453753
712817,453753
712779,453753
712552,453753
711934,453753
712645,453753
712758,453753
712535,453753
712673,453753
712686,453753
712729,453753
712699,453753
712833,453753
712870,453753
712799,453753
712773,453753
712857,453753
712825,453753
712561,453753
712621,453753
712839,453753
712757,453753
712697,453753
712824,453753
712819,453753
712814,453753
712848,453753
712716,453753
712708,453753
712878,453753
712922,453753
712720,453753
712584,453753
712904,453753
712948,453753
712949,453753
712938,453753
712786,453753
712669,453753
712950,453753
712808,453753
712826,453753
712905,453753
712905,453753
712894,453753
712843,453753
712842,453753
712833,453753
712827,453753
712876,453753
712753,453753
712735,453753
712568,453753
712719,453753
712728,453753
712640,453753
712763,453753
712934,453753
712797,453753
712846,453753
712754,453753
712657,453753
712771,453753
712874,453753
712756,453753
712841,453753
712896,453753
712844,453753
712977,453753
712943,453753
712893,453753
712816,453753
712878,453753
712811,453753
712901,453753
712915,453753
712913,453753
712843,453753
712876,453753
712944,453753
712845,453753
712708,453753
712643,453753
712691,453753
712786,453753
712804,453753
712394,453753
712861,453753
712732,453753
712780,453753
712747,453753
712751,453753
712691,453753
712873,453753
712806,453753
712809,453753
712809,453753
712833,453753
712888,453753
712850,453753
712789,453753
712954,453753
712913,453753
712907,453753
712852,453753
712701,453753
712855,453753
712951,453753
712933,453753
712855,453753
712933,453753
712914,453753
712800,453753
712597,453753
712834,453753
712618,453753
712816,453753
712812,453753
712887,453753
712848,453753
712752,453753
712831,453753
712918,453753
712370,453753
712602,453753
712665,453753
712803,453753
712329,453753
712834,453753
712822,453753
712904,453753
712970,453753
712923,453753
712965,453753
712917,453753
712851,453753
712901,453753
712714,453753
712730,453753
712960,453753
712906,453753
712849,453753
712813,453753
712894,453753
712872,453753
712939,453753
712804,453753
712844,453753
712882,453753
712682,453753
712674,453753
712884,453753
712817,453753
712919,453753
712799,453753
712825,453753
712829,453753
712806,453753
712438,453753
712547,453753
712746,453753
712799,453753
712890,453753
712930,453753
712837,453753
712882,453753
712869,453753
712925,453753
712909,453753
712705,453753
712556,453753
712864,453753
712902,453753
712781,453753
712696,453753
712926,453753
712942,453753
712958,453753
712881,453753
712709,453753
712660,453753
712657,453753
712930,453753
712838,453753
712741,453753
712470,453753
712542,453753
712223,453753
712883,453753
712771,453753
712936,453753
712542,453753
712849,453753
712886,453753
712875,453753
712883,453753
712927,453753
712871,453753
712910,453753
712853,453753
712869,453753
712719,453753
712784,453753
712923,453753
712976,453753
712977,453753
712919,453753
712915,453753
712893,453753
712785,453753
712847,453753
712844,453753
712804,453753
712773,453753
712777,453753
712819,453753
712670,453753
712794,453753
712832,453753
712789,453753
712594,453753
712814,453753
712887,453753
712886,453753
712786,453753
712854,453753
712873,453753
712872,453753
712935,453753
712848,453753
712928,453753
712896,453753
712838,453753
712893,453753
712934,453753
712858,453753
712841,453753
712712,453753
712197,453753
712767,453753
712759,453753
712836,453753
712640,453753
712273,453753
712710,453753
712871,453753
712773,453753
712465,453753
712606,453753
712625,453753
712243,453753
712722,453753
712852,453753
712888,453753
712789,453753
712937,453753
712125,453753
712541,453753
712718,453753
712726,453753
712898,453753
712708,453753
712947,453753
712937,453753
712946,453753
712898,453753
712875,453753
712909,453753
712837,453753
712766,453753
712712,453753
712502,453753
712394,453753
712793,453753
712831,453753
712883,453753
712761,453753
712838,453753
712886,453753
712896,453753
712934,453753
712911,453753
712933,453753
712928,453753
712881,453753
712768,453753
712944,453753
712931,453753
712879,453753
712854,453753
712907,453753
712882,453753
712783,453753
712848,453753
712821,453753
712804,453753
712885,453753
712944,453753
712826,453753
712744,453753
712614,453753
712884,453753
712903,453753
712873,453753
712916,453753
712820,453753
712493,453753
712835,453753
712905,453753
712843,453753
712476,453753
712597,453753
712928,453753
712889,453753
712922,453753
712987,453546
