TRACE,NSNPS_JACKKNIFE
712221,453753
712216,453753
712133,453753
712164,453753
712079,453753
712167,453753
712052,453753
712019,453753
712098,453753
712054,453753
712082,453753
711918,453753
712195,453753
712094,453753
712167,453753
712122,453753
712058,453753
711752,453753
711814,453753
711952,453753
712133,453753
712173,453753
712074,453753
712148,453753
712174,453753
712137,453753
711995,453753
711937,453753
712090,453753
712106,453753
712092,453753
712074,453753
712074,453753
712040,453753
712066,453753
712120,453753
712101,453753
712023,453753
712114,453753
712095,453753
712155,453753
712104,453753
712043,453753
711802,453753
711918,453753
712060,453753
712109,453753
712142,453753
712147,453753
712147,453753
712186,453753
711917,453753
711904,453753
712038,453753
711934,453753
712118,453753
712088,453753
711843,453753
711988,453753
711980,453753
712118,453753
712170,453753
712154,453753
712104,453753
712050,453753
712115,453753
712102,453753
711985,453753
712047,453753
712003,453753
711702,453753
712127,453753
712150,453753
712202,453753
712173,453753
712121,453753
712208,453753
712129,453753
712200,453753
712117,453753
711977,453753
712124,453753
712178,453753
712230,453753
712200,453753
712186,453753
712209,453753
712207,453753
712140,453753
712133,453753
711913,453753
711885,453753
712129,453753
711213,453753
712093,453753
712039,453753
712096,453753
712129,453753
712096,453753
712148,453753
711997,453753
712064,453753
711983,453753
711909,453753
711956,453753
711940,453753
712125,453753
712109,453753
712135,453753
712114,453753
712107,453753
712070,453753
711983,453753
711880,453753
711912,453753
711872,453753
712084,453753
712041,453753
712002,453753
711933,453753
711985,453753
712182,453753
711998,453753
712053,453753
712128,453753
712096,453753
712014,453753
712041,453753
711923,453753
712024,453753
711994,453753
712073,453753
712006,453753
712089,453753
711945,453753
712104,453753
712121,453753
712133,453753
711934,453753
712097,453753
711790,453753
711700,453753
712043,453753
712000,453753
711988,453753
711920,453753
712047,453753
712030,453753
712100,453753
712136,453753
712116,453753
712142,453753
712141,453753
712095,453753
712113,453753
712131,453753
712110,453753
712179,453753
712187,453753
712121,453753
712069,453753
712108,453753
712178,453753
712228,453753
712202,453753
712176,453753
712122,453753
712188,453753
712125,453753
712107,453753
711981,453753
712096,453753
712125,453753
712083,453753
712144,453753
712142,453753
712094,453753
712016,453753
712044,453753
712051,453753
712006,453753
711230,453753
711258,453753
712049,453753
711995,453753
712208,453753
712164,453753
712166,453753
712139,453753
712123,453753
712227,453753
712175,453753
711904,453753
711565,453753
711618,453753
711555,453753
711721,453753
711957,453753
712108,453753
712034,453753
712003,453753
712133,453753
712123,453753
711881,453753
712073,453753
712089,453753
712030,453753
712132,453753
712007,453753
711875,453753
712056,453753
712136,453753
712140,453753
712151,453753
711978,453753
712025,453753
711719,453753
711778,453753
711914,453753
711833,453753
712196,453753
712153,453753
712145,453753
712146,453753
712005,453753
712160,453753
712203,453753
712125,453753
712189,453753
712183,453753
712054,453753
711888,453753
711936,453753
712212,453753
712218,453753
712204,453753
712035,453753
712000,453753
711954,453753
712131,453753
712009,453753
712167,453753
712225,453753
712122,453753
712113,453753
712060,453753
712064,453753
712082,453753
712117,453753
711908,453753
711841,453753
712106,453753
712098,453753
712008,453753
712067,453753
711994,453753
712051,453753
712072,453753
711850,453753
712092,453753
712179,453753
712007,453753
711583,453753
711983,453753
712028,453753
711970,453753
711987,453753
711645,453753
712109,453753
712103,453753
712042,453753
711849,453753
712055,453753
712016,453753
711987,453753
711905,453753
712147,453753
712144,453753
712059,453753
711871,453753
712038,453753
712051,453753
712078,453753
712100,453753
712014,453753
712110,453753
712127,453753
712024,453753
712123,453753
712166,453753
712211,453753
712191,453753
712218,453753
712153,453753
712167,453753
712157,453753
712069,453753
712103,453753
712201,453753
712168,453753
712167,453753
712147,453753
712262,453753
712122,453753
712157,453753
712160,453753
712088,453753
712139,453753
712084,453753
712194,453753
712151,453753
712056,453753
711944,453753
711657,453753
711369,453753
711958,453753
712076,453753
711918,453753
712020,453753
712065,453753
712128,453753
712126,453753
712112,453753
712082,453753
711999,453753
711913,453753
711988,453753
712044,453753
712036,453753
711951,453753
711455,453753
712013,453753
712084,453753
712115,453753
712068,453753
712131,453753
711965,453753
712061,453753
712134,453753
711991,453753
711834,453753
712062,453753
711685,453753
711640,453753
712083,453753
711974,453753
712123,453753
711971,453753
712030,453753
711201,453753
712075,453753
712103,453753
712101,453753
712222,453753
712212,453753
712201,453753
712220,453753
712196,453753
712133,453753
712134,453753
712151,453753
712171,453753
712157,453753
712173,453753
712108,453753
712137,453753
712120,453753
712133,453753
712079,453753
712118,453753
712135,453753
712038,453753
712061,453753
712108,453753
712034,453753
712108,453753
711887,453753
711694,453753
711947,453753
711917,453753
711283,453753
711742,453753
711899,453753
712080,453753
711955,453753
711783,453753
711770,453753
711748,453753
711961,453753
712123,453753
712060,453753
711969,453753
711946,453753
712079,453753
711941,453753
711944,453753
711992,453753
711768,453753
711877,453753
712110,453753
712099,453753
712102,453753
712076,453753
712091,453753
712191,453753
711664,453753
712036,453753
712036,453753
712057,453753
712142,453753
712142,453753
712135,453753
712091,453753
712176,453753
712196,453753
712183,453753
712154,453753
712117,453753
711941,453753
712011,453753
712048,453753
712106,453753
712133,453753
712005,453753
712163,453753
712132,453753
712146,453753
712165,453753
711970,453753
712042,453753
712080,453753
712153,453753
711740,453753
712105,453753
712119,453753
712098,453753
712100,453753
712017,453753
712063,453753
712030,453753
712041,453753
711906,453753
711228,453753
711966,453753
712049,453753
712125,453753
712187,453753
712152,453753
711968,453753
711914,453753
712077,453753
712119,453753
711840,453753
711953,453753
712150,453753
712056,453753
712125,453753
712100,453753
712000,453753
711907,453753
711921,453753
712032,453753
712197,453753
712012,453753
712215,453753
712187,453753
712077,453753
712121,453753
712153,453753
712054,453753
712246,453753
712235,453753
712202,453753
712011,453753
711975,453753
712074,453753
711993,453753
712135,453753
712156,453753
711745,453753
710999,453753
711230,453753
712058,453753
712123,453753
712135,453753
712016,453753
712119,453753
711951,453753
712159,453753
712111,453753
712125,453753
711954,453753
712050,453753
712079,453753
711619,453753
711961,453753
712089,453753
712052,453753
712103,453753
711995,453753
712041,453753
712152,453753
712161,453753
712040,453753
711950,453753
712092,453753
711934,453753
712021,453753
712076,453753
712196,453753
712041,453753
712062,453753
712034,453753
711812,453753
711925,453753
712122,453753
712109,453753
712149,453753
712173,453753
712190,453753
712056,453753
712123,453753
712140,453753
712121,453753
712159,453753
712145,453753
712130,453753
712098,453753
712173,453753
712206,453753
712108,453753
712164,453753
712203,453753
712182,453753
712133,453753
712022,453753
712155,453753
712027,453753
712183,453753
711867,453753
712030,453753
711813,453753
711640,453753
712120,453753
712031,453753
712061,453753
712162,453753
712122,453753
712123,453753
712148,453753
712132,453753
712185,453753
712125,453753
711980,453753
711905,453753
712090,453753
712039,453753
712060,453753
712140,453753
712094,453753
711985,453753
712106,453753
712033,453753
712140,453753
712081,453753
712016,453753
712114,453753
712118,453753
712192,453753
712145,453753
712221,453753
712013,453753
712065,453753
712149,453753
712175,453753
712132,453753
712140,453753
712145,453753
712112,453753
712130,453753
712137,453753
712162,453753
711981,453753
712012,453753
712088,453753
712117,453753
712167,453753
712032,453753
711834,453753
711635,453753
712040,453753
712122,453753
712103,453753
711912,453753
712066,453753
712020,453753
712032,453753
711993,453753
712121,453753
711997,453753
710700,453753
712106,453753
712149,453753
712040,453753
712111,453753
711973,453753
712009,453753
712079,453753
711977,453753
711787,453753
712067,453753
712065,453753
712153,453753
712134,453753
712181,453753
712090,453753
712122,453753
712114,453753
712185,453753
712118,453753
712221,453753
712106,453753
712019,453753
711404,453753
712170,453753
711850,453753
711692,453753
712011,453753
711953,453753
712157,453753
712072,453753
712113,453753
712216,453753
712209,453753
712137,453753
711957,453753
712000,453753
712117,453753
712156,453753
712072,453753
712039,453753
712099,453753
709427,453753
704486,453753
710763,453753
711922,453753
711939,453753
711842,453753
712081,453753
711914,453753
712086,453753
712137,453753
712058,453753
711363,453753
711865,453753
711934,453753
712051,453753
712182,453753
712062,453753
712007,453753
711961,453753
712046,453753
712109,453753
712097,453753
712147,453753
712117,453753
712229,453753
712136,453753
711941,453753
712206,453753
712199,453753
712198,453753
712228,453753
712112,453753
712144,453753
712152,453753
712222,453753
712170,453753
712038,453753
712149,453753
712116,453753
712075,453753
712111,453753
712097,453753
712169,453753
712044,453753
712059,453753
711843,453753
711223,453753
711943,453753
712038,453753
711836,453753
711951,453753
711987,453753
712027,453753
711993,453753
712086,453753
712161,453753
712124,453753
712070,453753
712144,453753
712079,453753
711853,453753
711894,453753
712089,453753
712067,453753
711937,453753
712105,453753
712080,453753
712119,453753
712149,453753
711985,453753
712008,453753
712160,453753
712195,453753
712010,453753
711847,453753
712187,453753
712241,453753
712199,453753
712201,453753
712054,453753
711936,453753
712229,453753
712102,453753
712142,453753
712202,453753
712182,453753
712199,453753
712135,453753
712122,453753
712125,453753
712090,453753
712166,453753
712036,453753
711961,453753
711844,453753
711999,453753
711993,453753
711967,453753
712044,453753
712195,453753
712094,453753
712095,453753
712064,453753
711966,453753
712063,453753
712142,453753
712078,453753
712112,453753
712150,453753
712112,453753
712235,453753
712207,453753
712199,453753
712089,453753
712174,453753
712113,453753
712164,453753
712191,453753
712159,453753
712126,453753
712166,453753
712228,453753
712123,453753
711995,453753
711914,453753
711937,453753
712078,453753
712114,453753
711821,453753
712154,453753
711999,453753
712028,453753
712032,453753
711999,453753
711996,453753
712096,453753
712052,453753
712105,453753
712113,453753
712134,453753
712142,453753
712124,453753
712100,453753
712224,453753
712209,453753
712204,453753
712161,453753
712077,453753
712141,453753
712251,453753
712195,453753
712134,453753
712210,453753
712173,453753
712072,453753
711827,453753
712138,453753
711873,453753
712116,453753
712129,453753
712177,453753
712147,453753
711989,453753
712114,453753
712172,453753
711585,453753
711914,453753
711950,453753
712111,453753
711607,453753
712098,453753
712105,453753
712167,453753
712224,453753
712195,453753
712214,453753
712198,453753
712128,453753
712164,453753
711983,453753
712021,453753
712212,453753
712151,453753
712155,453753
712114,453753
712159,453753
712133,453753
712211,453753
712076,453753
712110,453753
712190,453753
711980,453753
711932,453753
712173,453753
712166,453753
712171,453753
712082,453753
712080,453753
712107,453753
712082,453753
711700,453753
711717,453753
712004,453753
712063,453753
712151,453753
712189,453753
712102,453753
712139,453753
712142,453753
712171,453753
712180,453753
712044,453753
711851,453753
712166,453753
712180,453753
712110,453753
712007,453753
712208,453753
712219,453753
712215,453753
712125,453753
711992,453753
711963,453753
711926,453753
712196,453753
712096,453753
712011,453753
711755,453753
711770,453753
711521,453753
712168,453753
712055,453753
712238,453753
711864,453753
712137,453753
712157,453753
712145,453753
712187,453753
712219,453753
712147,453753
712180,453753
712148,453753
712158,453753
711981,453753
712034,453753
712246,453753
712260,453753
712263,453753
712151,453753
712203,453753
712165,453753
712025,453753
712104,453753
712153,453753
712105,453753
712078,453753
712028,453753
712119,453753
711927,453753
711994,453753
712064,453753
712038,453753
711904,453753
712109,453753
712173,453753
712160,453753
712103,453753
712123,453753
712176,453753
712129,453753
712208,453753
712151,453753
712204,453753
712157,453753
712134,453753
712185,453753
712218,453753
712127,453753
712094,453753
711996,453753
711495,453753
712062,453753
712090,453753
712122,453753
711903,453753
711639,453753
712012,453753
712153,453753
712050,453753
711798,453753
711957,453753
711930,453753
711460,453753
711997,453753
712154,453753
712175,453753
712024,453753
712207,453753
711424,453753
711839,453753
712035,453753
712059,453753
712215,453753
712059,453753
712193,453753
712202,453753
712213,453753
712164,453753
712148,453753
712170,453753
712119,453753
712022,453753
712008,453753
711768,453753
711718,453753
712062,453753
712128,453753
712139,453753
712063,453753
712087,453753
712158,453753
712177,453753
712193,453753
712189,453753
712224,453753
712205,453753
712154,453753
712048,453753
712223,453753
712245,453753
712163,453753
712163,453753
712197,453753
712109,453753
712051,453753
712082,453753
712143,453753
712088,453753
712156,453753
712217,453753
712134,453753
712025,453753
711934,453753
712180,453753
712194,453753
712139,453753
712218,453753
712076,453753
711768,453753
712088,453753
712180,453753
712115,453753
711759,453753
711866,453753
712189,453753
712185,453753
712221,453753
712284,453546
