TRACE,NSNPS_JACKKNIFE
710990,453753
710982,453753
710912,453753
710924,453753
710863,453753
710948,453753
710812,453753
710806,453753
710901,453753
710843,453753
710900,453753
710747,453753
710964,453753
710830,453753
710932,453753
710868,453753
710796,453753
710595,453753
710623,453753
710722,453753
710923,453753
710949,453753
710869,453753
710887,453753
710957,453753
710888,453753
710755,453753
710746,453753
710852,453753
710864,453753
710840,453753
710834,453753
710839,453753
710819,453753
710867,453753
710894,453753
710849,453753
710812,453753
710905,453753
710898,453753
710940,453753
710926,453753
710830,453753
710641,453753
710728,453753
710808,453753
710896,453753
710905,453753
710938,453753
710935,453753
710931,453753
710653,453753
710734,453753
710791,453753
710738,453753
710853,453753
710855,453753
710656,453753
710769,453753
710721,453753
710901,453753
710935,453753
710943,453753
710901,453753
710844,453753
710867,453753
710869,453753
710783,453753
710810,453753
710772,453753
710551,453753
710883,453753
710898,453753
710985,453753
710956,453753
710904,453753
710973,453753
710920,453753
710973,453753
710893,453753
710747,453753
710871,453753
710965,453753
711008,453753
710986,453753
710939,453753
710986,453753
710972,453753
710895,453753
710904,453753
710742,453753
710694,453753
710940,453753
710008,453753
710883,453753
710814,453753
710854,453753
710872,453753
710872,453753
710929,453753
710750,453753
710792,453753
710721,453753
710673,453753
710717,453753
710733,453753
710899,453753
710865,453753
710872,453753
710883,453753
710901,453753
710823,453753
710754,453753
710633,453753
710589,453753
710656,453753
710887,453753
710837,453753
710791,453753
710714,453753
710770,453753
710979,453753
710744,453753
710858,453753
710886,453753
710861,453753
710785,453753
710839,453753
710740,453753
710856,453753
710751,453753
710822,453753
710779,453753
710890,453753
710705,453753
710899,453753
710890,453753
710900,453753
710721,453753
710878,453753
710591,453753
710450,453753
710814,453753
710712,453753
710714,453753
710703,453753
710845,453753
710838,453753
710892,453753
710902,453753
710901,453753
710929,453753
710932,453753
710865,453753
710899,453753
710915,453753
710913,453753
710875,453753
710963,453753
710909,453753
710811,453753
710861,453753
710937,453753
710992,453753
711005,453753
710959,453753
710925,453753
710935,453753
710927,453753
710871,453753
710789,453753
710896,453753
710924,453753
710868,453753
710923,453753
710893,453753
710870,453753
710805,453753
710785,453753
710772,453753
710791,453753
709768,453753
710047,453753
710842,453753
710776,453753
710975,453753
710889,453753
710941,453753
710942,453753
710843,453753
710988,453753
710947,453753
710667,453753
710386,453753
710437,453753
710266,453753
710448,453753
710692,453753
710898,453753
710831,453753
710811,453753
710925,453753
710871,453753
710610,453753
710847,453753
710876,453753
710787,453753
710869,453753
710800,453753
710658,453753
710829,453753
710894,453753
710900,453753
710919,453753
710726,453753
710802,453753
710495,453753
710514,453753
710663,453753
710563,453753
710985,453753
710956,453753
710934,453753
710915,453753
710691,453753
710884,453753
710941,453753
710937,453753
710946,453753
710944,453753
710851,453753
710711,453753
710700,453753
710992,453753
710993,453753
710943,453753
710824,453753
710819,453753
710721,453753
710904,453753
710785,453753
710920,453753
710966,453753
710914,453753
710869,453753
710887,453753
710890,453753
710861,453753
710891,453753
710654,453753
710660,453753
710916,453753
710876,453753
710754,453753
710764,453753
710800,453753
710813,453753
710840,453753
710594,453753
710841,453753
710958,453753
710770,453753
710398,453753
710820,453753
710798,453753
710746,453753
710785,453753
710427,453753
710888,453753
710848,453753
710824,453753
710637,453753
710802,453753
710803,453753
710780,453753
710714,453753
710923,453753
710900,453753
710817,453753
710633,453753
710816,453753
710771,453753
710903,453753
710865,453753
710806,453753
710886,453753
710921,453753
710834,453753
710853,453753
710949,453753
710985,453753
710941,453753
710952,453753
710900,453753
710978,453753
710916,453753
710880,453753
710851,453753
710998,453753
710935,453753
710953,453753
710885,453753
711018,453753
710869,453753
710930,453753
710970,453753
710912,453753
710889,453753
710844,453753
710961,453753
710945,453753
710861,453753
710638,453753
710375,453753
710252,453753
710729,453753
710867,453753
710767,453753
710761,453753
710847,453753
710832,453753
710908,453753
710836,453753
710888,453753
710813,453753
710712,453753
710771,453753
710801,453753
710822,453753
710724,453753
710350,453753
710826,453753
710878,453753
710901,453753
710845,453753
710907,453753
710742,453753
710854,453753
710933,453753
710699,453753
710649,453753
710803,453753
710379,453753
710399,453753
710878,453753
710745,453753
710861,453753
710746,453753
710800,453753
709836,453753
710881,453753
710866,453753
710878,453753
711008,453753
710990,453753
710968,453753
710976,453753
710991,453753
710908,453753
710885,453753
710940,453753
710993,453753
710901,453753
710940,453753
710840,453753
710937,453753
710844,453753
710899,453753
710823,453753
710915,453753
710893,453753
710851,453753
710818,453753
710888,453753
710813,453753
710895,453753
710707,453753
710388,453753
710722,453753
710630,453753
710061,453753
710589,453753
710714,453753
710811,453753
710716,453753
710605,453753
710646,453753
710512,453753
710745,453753
710912,453753
710820,453753
710653,453753
710774,453753
710871,453753
710786,453753
710732,453753
710759,453753
710579,453753
710620,453753
710891,453753
710872,453753
710905,453753
710925,453753
710812,453753
710973,453753
710358,453753
710775,453753
710827,453753
710825,453753
710895,453753
710892,453753
710924,453753
710852,453753
710909,453753
710969,453753
710957,453753
710936,453753
710894,453753
710708,453753
710760,453753
710812,453753
710895,453753
710905,453753
710766,453753
710941,453753
710882,453753
710895,453753
710904,453753
710725,453753
710819,453753
710885,453753
710908,453753
710492,453753
710849,453753
710877,453753
710858,453753
710902,453753
710821,453753
710807,453753
710751,453753
710812,453753
710596,453753
709827,453753
710779,453753
710848,453753
710885,453753
710974,453753
710962,453753
710771,453753
710678,453753
710843,453753
710890,453753
710690,453753
710708,453753
710954,453753
710848,453753
710878,453753
710862,453753
710757,453753
710733,453753
710680,453753
710824,453753
710951,453753
710805,453753
710980,453753
710932,453753
710849,453753
710875,453753
710925,453753
710854,453753
711013,453753
711000,453753
710944,453753
710800,453753
710721,453753
710830,453753
710825,453753
710889,453753
710917,453753
710479,453753
709668,453753
709833,453753
710853,453753
710877,453753
710909,453753
710791,453753
710844,453753
710640,453753
710912,453753
710865,453753
710923,453753
710763,453753
710803,453753
710852,453753
710293,453753
710694,453753
710838,453753
710789,453753
710898,453753
710784,453753
710831,453753
710931,453753
710922,453753
710814,453753
710740,453753
710848,453753
710703,453753
710746,453753
710869,453753
710937,453753
710815,453753
710802,453753
710778,453753
710627,453753
710682,453753
710899,453753
710897,453753
710923,453753
710934,453753
710985,453753
710863,453753
710921,453753
710929,453753
710908,453753
710943,453753
710915,453753
710881,453753
710834,453753
710975,453753
710961,453753
710878,453753
710960,453753
710962,453753
710905,453753
710916,453753
710805,453753
710923,453753
710784,453753
710942,453753
710686,453753
710795,453753
710626,453753
710472,453753
710867,453753
710777,453753
710846,453753
710916,453753
710874,453753
710850,453753
710934,453753
710896,453753
710983,453753
710904,453753
710735,453753
710672,453753
710856,453753
710826,453753
710829,453753
710896,453753
710853,453753
710741,453753
710902,453753
710764,453753
710922,453753
710814,453753
710745,453753
710880,453753
710879,453753
710985,453753
710914,453753
710992,453753
710810,453753
710819,453753
710926,453753
710938,453753
710908,453753
710877,453753
710911,453753
710932,453753
710912,453753
710934,453753
710947,453753
710766,453753
710822,453753
710897,453753
710896,453753
710922,453753
710797,453753
710610,453753
710427,453753
710784,453753
710827,453753
710935,453753
710722,453753
710870,453753
710735,453753
710793,453753
710830,453753
710902,453753
710780,453753
709304,453753
710897,453753
710932,453753
710810,453753
710891,453753
710741,453753
710766,453753
710842,453753
710729,453753
710558,453753
710817,453753
710857,453753
710924,453753
710917,453753
710970,453753
710861,453753
710919,453753
710873,453753
710964,453753
710914,453753
711026,453753
710885,453753
710797,453753
710185,453753
710948,453753
710621,453753
710474,453753
710725,453753
710758,453753
710976,453753
710861,453753
710851,453753
711001,453753
710954,453753
710924,453753
710766,453753
710781,453753
710893,453753
710950,453753
710842,453753
710809,453753
710882,453753
708483,453753
704170,453753
709633,453753
710706,453753
710698,453753
710671,453753
710904,453753
710760,453753
710870,453753
710931,453753
710844,453753
710255,453753
710668,453753
710641,453753
710839,453753
710933,453753
710834,453753
710718,453753
710702,453753
710820,453753
710830,453753
710897,453753
710911,453753
710923,453753
711001,453753
710938,453753
710724,453753
710992,453753
710947,453753
710975,453753
710982,453753
710866,453753
710895,453753
710955,453753
710988,453753
710935,453753
710839,453753
710921,453753
710874,453753
710839,453753
710864,453753
710896,453753
710946,453753
710840,453753
710839,453753
710613,453753
710036,453753
710726,453753
710857,453753
710559,453753
710722,453753
710806,453753
710833,453753
710765,453753
710843,453753
710937,453753
710869,453753
710841,453753
710910,453753
710844,453753
710594,453753
710649,453753
710908,453753
710833,453753
710770,453753
710888,453753
710866,453753
710863,453753
710884,453753
710767,453753
710727,453753
710960,453753
710947,453753
710787,453753
710663,453753
710992,453753
711009,453753
710963,453753
710991,453753
710838,453753
710710,453753
710998,453753
710851,453753
710862,453753
710947,453753
710987,453753
710952,453753
710895,453753
710910,453753
710877,453753
710880,453753
710938,453753
710768,453753
710760,453753
710590,453753
710779,453753
710817,453753
710724,453753
710818,453753
710977,453753
710844,453753
710879,453753
710807,453753
710709,453753
710867,453753
710904,453753
710815,453753
710878,453753
710918,453753
710885,453753
711032,453753
710992,453753
710944,453753
710867,453753
710929,453753
710860,453753
710962,453753
710967,453753
710959,453753
710903,453753
710932,453753
711023,453753
710864,453753
710754,453753
710722,453753
710719,453753
710856,453753
710865,453753
710538,453753
710946,453753
710784,453753
710795,453753
710748,453753
710781,453753
710752,453753
710866,453753
710803,453753
710862,453753
710868,453753
710878,453753
710933,453753
710901,453753
710836,453753
710994,453753
710962,453753
710975,453753
710926,453753
710832,453753
710922,453753
711021,453753
710993,453753
710873,453753
710989,453753
710950,453753
710857,453753
710599,453753
710902,453753
710665,453753
710854,453753
710879,453753
710942,453753
710893,453753
710782,453753
710868,453753
710942,453753
710400,453753
710664,453753
710736,453753
710906,453753
710389,453753
710916,453753
710880,453753
710947,453753
710999,453753
710957,453753
710994,453753
710964,453753
710892,453753
710971,453753
710789,453753
710797,453753
711023,453753
710939,453753
710920,453753
710894,453753
710906,453753
710921,453753
710990,453753
710856,453753
710890,453753
710945,453753
710774,453753
710699,453753
710943,453753
710889,453753
710950,453753
710874,453753
710866,453753
710884,453753
710846,453753
710500,453753
710594,453753
710763,453753
710871,453753
710929,453753
710981,453753
710888,453753
710925,453753
710908,453753
710969,453753
710944,453753
710803,453753
710653,453753
710906,453753
710953,453753
710838,453753
710795,453753
710987,453753
711007,453753
711008,453753
710918,453753
710799,453753
710728,453753
710735,453753
710976,453753
710887,453753
710805,453753
710476,453753
710541,453753
710173,453753
710915,453753
710855,453753
711010,453753
710634,453753
710872,453753
710924,453753
710911,453753
710926,453753
710965,453753
710932,453753
710944,453753
710899,453753
710899,453753
710776,453753
710849,453753
711021,453753
711033,453753
711029,453753
710958,453753
710963,453753
710898,453753
710824,453753
710907,453753
710940,453753
710898,453753
710857,453753
710819,453753
710845,453753
710745,453753
710733,453753
710874,453753
710822,453753
710629,453753
710870,453753
710926,453753
710928,453753
710844,453753
710908,453753
710967,453753
710908,453753
710982,453753
710915,453753
710956,453753
710944,453753
710883,453753
710927,453753
711006,453753
710932,453753
710901,453753
710775,453753
710274,453753
710828,453753
710804,453753
710912,453753
710655,453753
710337,453753
710763,453753
710926,453753
710834,453753
710559,453753
710689,453753
710695,453753
710371,453753
710803,453753
710879,453753
710953,453753
710812,453753
711009,453753
710197,453753
710573,453753
710757,453753
710792,453753
710966,453753
710811,453753
710997,453753
710991,453753
710980,453753
710951,453753
710878,453753
710961,453753
710900,453753
710838,453753
710813,453753
710600,453753
710516,453753
710837,453753
710901,453753
710911,453753
710832,453753
710870,453753
710900,453753
710956,453753
710966,453753
710956,453753
711011,453753
710990,453753
710905,453753
710795,453753
711008,453753
711004,453753
710949,453753
710884,453753
710938,453753
710896,453753
710896,453753
710875,453753
710861,453753
710895,453753
710938,453753
710986,453753
710888,453753
710808,453753
710732,453753
710961,453753
710952,453753
710911,453753
710994,453753
710874,453753
710568,453753
710863,453753
710969,453753
710936,453753
710588,453753
710663,453753
710999,453753
710937,453753
710982,453753
711068,453546
