TRACE,NSNPS_JACKKNIFE
710204,453753
710139,453753
710093,453753
710137,453753
710079,453753
710153,453753
710034,453753
710033,453753
710118,453753
710030,453753
710119,453753
709984,453753
710150,453753
710064,453753
710163,453753
710095,453753
710018,453753
709714,453753
709757,453753
709957,453753
710085,453753
710134,453753
710062,453753
710111,453753
710110,453753
710110,453753
709954,453753
709921,453753
710066,453753
710092,453753
710083,453753
710017,453753
710048,453753
710058,453753
710088,453753
710072,453753
710036,453753
710037,453753
710084,453753
710067,453753
710116,453753
710081,453753
709995,453753
709780,453753
709831,453753
710014,453753
710074,453753
710100,453753
710158,453753
710144,453753
710138,453753
709887,453753
709990,453753
709999,453753
709963,453753
710098,453753
710075,453753
709826,453753
709974,453753
709942,453753
710091,453753
710145,453753
710156,453753
710076,453753
710035,453753
710108,453753
710036,453753
710027,453753
710029,453753
709954,453753
709646,453753
710098,453753
710126,453753
710171,453753
710174,453753
710150,453753
710196,453753
710122,453753
710188,453753
710111,453753
709903,453753
710090,453753
710147,453753
710208,453753
710205,453753
710144,453753
710159,453753
710183,453753
710094,453753
710114,453753
709897,453753
709867,453753
710094,453753
709269,453753
710110,453753
710049,453753
710102,453753
710106,453753
710079,453753
710136,453753
709980,453753
710035,453753
709977,453753
709884,453753
709871,453753
709954,453753
710100,453753
710101,453753
710113,453753
710069,453753
710098,453753
710080,453753
709979,453753
709887,453753
709850,453753
709876,453753
710083,453753
710045,453753
710017,453753
709908,453753
709967,453753
710196,453753
710005,453753
710051,453753
710093,453753
710024,453753
710003,453753
710036,453753
709924,453753
710027,453753
709944,453753
710055,453753
710015,453753
710076,453753
709951,453753
710079,453753
710127,453753
710105,453753
709863,453753
710052,453753
709775,453753
709670,453753
710030,453753
709942,453753
709970,453753
709913,453753
710039,453753
710004,453753
710072,453753
710072,453753
710099,453753
710141,453753
710147,453753
710094,453753
710091,453753
710088,453753
710101,453753
710130,453753
710175,453753
710128,453753
710026,453753
710071,453753
710129,453753
710208,453753
710211,453753
710181,453753
710092,453753
710119,453753
710106,453753
710056,453753
709974,453753
710091,453753
710092,453753
710090,453753
710144,453753
710077,453753
710079,453753
710016,453753
709983,453753
710055,453753
710001,453753
709103,453753
709233,453753
710088,453753
709964,453753
710162,453753
710131,453753
710143,453753
710146,453753
710134,453753
710186,453753
710172,453753
709917,453753
709596,453753
709644,453753
709505,453753
709716,453753
709943,453753
710076,453753
710041,453753
710027,453753
710108,453753
710073,453753
709865,453753
710077,453753
710044,453753
710032,453753
710083,453753
709978,453753
709886,453753
710066,453753
710087,453753
710133,453753
710134,453753
709933,453753
710005,453753
709628,453753
709688,453753
709852,453753
709755,453753
710172,453753
710160,453753
710097,453753
710095,453753
709992,453753
710142,453753
710179,453753
710125,453753
710149,453753
710154,453753
710033,453753
709855,453753
709932,453753
710173,453753
710197,453753
710157,453753
710011,453753
710040,453753
709950,453753
710126,453753
710011,453753
710161,453753
710178,453753
710092,453753
710087,453753
710056,453753
710055,453753
710056,453753
710136,453753
709928,453753
709866,453753
710090,453753
710047,453753
709961,453753
709979,453753
709984,453753
709982,453753
710024,453753
709817,453753
710056,453753
710146,453753
709928,453753
709634,453753
709987,453753
709993,453753
709994,453753
710013,453753
709409,453753
710091,453753
710061,453753
710015,453753
709747,453753
710008,453753
709991,453753
709959,453753
709949,453753
710126,453753
710116,453753
710015,453753
709845,453753
710027,453753
709988,453753
710078,453753
710068,453753
710006,453753
710106,453753
710103,453753
710027,453753
710052,453753
710149,453753
710182,453753
710157,453753
710194,453753
710135,453753
710197,453753
710122,453753
710079,453753
710070,453753
710168,453753
710144,453753
710181,453753
710108,453753
710229,453753
710059,453753
710171,453753
710139,453753
710091,453753
710106,453753
710063,453753
710167,453753
710146,453753
710062,453753
709869,453753
709557,453753
709372,453753
709990,453753
710096,453753
709950,453753
709979,453753
710021,453753
710097,453753
710107,453753
710095,453753
710062,453753
710023,453753
709928,453753
709981,453753
710045,453753
710042,453753
709936,453753
709589,453753
709995,453753
710084,453753
710113,453753
710029,453753
710108,453753
709932,453753
710071,453753
710117,453753
709924,453753
709860,453753
710024,453753
709643,453753
709600,453753
710077,453753
709916,453753
710083,453753
709953,453753
710022,453753
709111,453753
710066,453753
710054,453753
710077,453753
710202,453753
710217,453753
710168,453753
710186,453753
710190,453753
710110,453753
710082,453753
710152,453753
710191,453753
710094,453753
710155,453753
710017,453753
710128,453753
710095,453753
710142,453753
710011,453753
710124,453753
710117,453753
710062,453753
710092,453753
710100,453753
710057,453753
710064,453753
709924,453753
709581,453753
709939,453753
709910,453753
709333,453753
709736,453753
709918,453753
710021,453753
709967,453753
709815,453753
709800,453753
709720,453753
709977,453753
710047,453753
710041,453753
709912,453753
709962,453753
710053,453753
709997,453753
709921,453753
709925,453753
709790,453753
709795,453753
710083,453753
710079,453753
710088,453753
710115,453753
710077,453753
710186,453753
709542,453753
710010,453753
710006,453753
710021,453753
710136,453753
710138,453753
710165,453753
710077,453753
710127,453753
710169,453753
710164,453753
710144,453753
710078,453753
709900,453753
709931,453753
710047,453753
710117,453753
710141,453753
710022,453753
710161,453753
710114,453753
710143,453753
710114,453753
709938,453753
710042,453753
710047,453753
710119,453753
709788,453753
710072,453753
710096,453753
710086,453753
710095,453753
710042,453753
709988,453753
709974,453753
709976,453753
709820,453753
709040,453753
709986,453753
710046,453753
710095,453753
710148,453753
710132,453753
710010,453753
709942,453753
710056,453753
710110,453753
709809,453753
709909,453753
710134,453753
710051,453753
710067,453753
710080,453753
709946,453753
709906,453753
709919,453753
709961,453753
710147,453753
710030,453753
710184,453753
710127,453753
710051,453753
710072,453753
710151,453753
710044,453753
710185,453753
710209,453753
710129,453753
710029,453753
709935,453753
710028,453753
709990,453753
710107,453753
710131,453753
709761,453753
708904,453753
709177,453753
710051,453753
710100,453753
710114,453753
710019,453753
710039,453753
709877,453753
710108,453753
710114,453753
710127,453753
709965,453753
710049,453753
710063,453753
709540,453753
709917,453753
710078,453753
710043,453753
710106,453753
709991,453753
710000,453753
710134,453753
710159,453753
710007,453753
709937,453753
710039,453753
709880,453753
709990,453753
710054,453753
710156,453753
710036,453753
709998,453753
710014,453753
709849,453753
709895,453753
710103,453753
710111,453753
710115,453753
710167,453753
710181,453753
710039,453753
710135,453753
710107,453753
710114,453753
710145,453753
710121,453753
710086,453753
710049,453753
710184,453753
710154,453753
710125,453753
710157,453753
710145,453753
710114,453753
710106,453753
710011,453753
710138,453753
709987,453753
710150,453753
709800,453753
709980,453753
709800,453753
709632,453753
710094,453753
710005,453753
710056,453753
710127,453753
710078,453753
710041,453753
710105,453753
710126,453753
710160,453753
710095,453753
709959,453753
709860,453753
710035,453753
710024,453753
710042,453753
710153,453753
710069,453753
709930,453753
710080,453753
710008,453753
710136,453753
710069,453753
709990,453753
710114,453753
710085,453753
710200,453753
710122,453753
710196,453753
710035,453753
710032,453753
710135,453753
710133,453753
710116,453753
710137,453753
710109,453753
710108,453753
710110,453753
710121,453753
710145,453753
709959,453753
709990,453753
710085,453753
710084,453753
710137,453753
710001,453753
709813,453753
709497,453753
710010,453753
710064,453753
710119,453753
709956,453753
710085,453753
709973,453753
709978,453753
709994,453753
710108,453753
709998,453753
708923,453753
710082,453753
710135,453753
710062,453753
710075,453753
709932,453753
710005,453753
710053,453753
709979,453753
709767,453753
710029,453753
710066,453753
710130,453753
710098,453753
710160,453753
710084,453753
710119,453753
710078,453753
710152,453753
710107,453753
710227,453753
710097,453753
710043,453753
709419,453753
710150,453753
709811,453753
709642,453753
709925,453753
709912,453753
710160,453753
710073,453753
710074,453753
710203,453753
710184,453753
710118,453753
709986,453753
709986,453753
710100,453753
710144,453753
710064,453753
709999,453753
710071,453753
707377,453753
703154,453753
708680,453753
709964,453753
709959,453753
709832,453753
710080,453753
709927,453753
710068,453753
710125,453753
709998,453753
709425,453753
709873,453753
709933,453753
710086,453753
710134,453753
710077,453753
709949,453753
709881,453753
710003,453753
710020,453753
710087,453753
710114,453753
710121,453753
710186,453753
710131,453753
709921,453753
710180,453753
710133,453753
710145,453753
710207,453753
710075,453753
710096,453753
710163,453753
710191,453753
710119,453753
709999,453753
710127,453753
710115,453753
710084,453753
710058,453753
710093,453753
710157,453753
710071,453753
710030,453753
709840,453753
709278,453753
709986,453753
710043,453753
709821,453753
709936,453753
709979,453753
709968,453753
709952,453753
710024,453753
710137,453753
710115,453753
710051,453753
710123,453753
710074,453753
709829,453753
709860,453753
710107,453753
710041,453753
709928,453753
710103,453753
710089,453753
710083,453753
710102,453753
709971,453753
709986,453753
710141,453753
710163,453753
709990,453753
709830,453753
710187,453753
710227,453753
710184,453753
710203,453753
710007,453753
709953,453753
710197,453753
710073,453753
710084,453753
710152,453753
710182,453753
710175,453753
710099,453753
710102,453753
710095,453753
710081,453753
710147,453753
709997,453753
709966,453753
709825,453753
710028,453753
709928,453753
709970,453753
710016,453753
710187,453753
710064,453753
710039,453753
710030,453753
709923,453753
709997,453753
710126,453753
710075,453753
710096,453753
710108,453753
710124,453753
710224,453753
710203,453753
710164,453753
710078,453753
710150,453753
710066,453753
710120,453753
710191,453753
710154,453753
710113,453753
710126,453753
710206,453753
710088,453753
709937,453753
709924,453753
709913,453753
710053,453753
710090,453753
709785,453753
710115,453753
709982,453753
710011,453753
709998,453753
710030,453753
709944,453753
710089,453753
709996,453753
710059,453753
710091,453753
710082,453753
710127,453753
710119,453753
710068,453753
710210,453753
710173,453753
710166,453753
710119,453753
710028,453753
710085,453753
710223,453753
710197,453753
710111,453753
710208,453753
710150,453753
710080,453753
709831,453753
710092,453753
709847,453753
710089,453753
710091,453753
710168,453753
710111,453753
710001,453753
710084,453753
710155,453753
709623,453753
709878,453753
709957,453753
710087,453753
709601,453753
710111,453753
710063,453753
710164,453753
710229,453753
710158,453753
710203,453753
710175,453753
710104,453753
710177,453753
709980,453753
710001,453753
710212,453753
710130,453753
710128,453753
710115,453753
710148,453753
710162,453753
710187,453753
710053,453753
710126,453753
710149,453753
709933,453753
709920,453753
710150,453753
710091,453753
710171,453753
710053,453753
710057,453753
710091,453753
710077,453753
709642,453753
709749,453753
709972,453753
710063,453753
710145,453753
710180,453753
710097,453753
710159,453753
710131,453753
710164,453753
710177,453753
709985,453753
709760,453753
710132,453753
710170,453753
710003,453753
710024,453753
710206,453753
710228,453753
710202,453753
710135,453753
710011,453753
709903,453753
709927,453753
710185,453753
710102,453753
710012,453753
709724,453753
709778,453753
709407,453753
710141,453753
710077,453753
710205,453753
709905,453753
710109,453753
710128,453753
710165,453753
710181,453753
710184,453753
710149,453753
710178,453753
710110,453753
710114,453753
709999,453753
710051,453753
710203,453753
710230,453753
710253,453753
710156,453753
710200,453753
710141,453753
710033,453753
710111,453753
710118,453753
710068,453753
710038,453753
710038,453753
710057,453753
709945,453753
709986,453753
710087,453753
710059,453753
709846,453753
710054,453753
710122,453753
710149,453753
710065,453753
710117,453753
710158,453753
710131,453753
710177,453753
710101,453753
710169,453753
710142,453753
710088,453753
710157,453753
710180,453753
710140,453753
710093,453753
709929,453753
709452,453753
710056,453753
710055,453753
710097,453753
709869,453753
709594,453753
710001,453753
710123,453753
710034,453753
709734,453753
709895,453753
709936,453753
709469,453753
709968,453753
710125,453753
710163,453753
710036,453753
710184,453753
709449,453753
709777,453753
709948,453753
710027,453753
710178,453753
710037,453753
710207,453753
710186,453753
710164,453753
710127,453753
710135,453753
710163,453753
710116,453753
710058,453753
709985,453753
709777,453753
709696,453753
710049,453753
710114,453753
710175,453753
710045,453753
710093,453753
710120,453753
710164,453753
710165,453753
710183,453753
710217,453753
710178,453753
710133,453753
710034,453753
710198,453753
710204,453753
710141,453753
710128,453753
710160,453753
710100,453753
710065,453753
710060,453753
710104,453753
710112,453753
710138,453753
710192,453753
710079,453753
709993,453753
709915,453753
710156,453753
710154,453753
710141,453753
710198,453753
710103,453753
709732,453753
710075,453753
710171,453753
710113,453753
709738,453753
709864,453753
710179,453753
710128,453753
710192,453753
710260,453546
