TRACE,NSNPS_JACKKNIFE
710903,453753
710879,453753
710834,453753
710877,453753
710800,453753
710863,453753
710730,453753
710750,453753
710833,453753
710733,453753
710793,453753
710635,453753
710898,453753
710764,453753
710826,453753
710815,453753
710749,453753
710460,453753
710540,453753
710681,453753
710828,453753
710866,453753
710805,453753
710851,453753
710884,453753
710825,453753
710684,453753
710630,453753
710783,453753
710811,453753
710759,453753
710748,453753
710782,453753
710728,453753
710793,453753
710786,453753
710742,453753
710730,453753
710794,453753
710829,453753
710856,453753
710820,453753
710748,453753
710524,453753
710638,453753
710769,453753
710800,453753
710803,453753
710855,453753
710851,453753
710868,453753
710563,453753
710678,453753
710710,453753
710641,453753
710762,453753
710777,453753
710583,453753
710685,453753
710654,453753
710815,453753
710878,453753
710854,453753
710792,453753
710753,453753
710813,453753
710798,453753
710754,453753
710768,453753
710711,453753
710413,453753
710805,453753
710844,453753
710894,453753
710863,453753
710874,453753
710913,453753
710850,453753
710918,453753
710822,453753
710677,453753
710825,453753
710880,453753
710940,453753
710911,453753
710830,453753
710892,453753
710903,453753
710841,453753
710818,453753
710678,453753
710575,453753
710805,453753
709994,453753
710812,453753
710704,453753
710789,453753
710801,453753
710815,453753
710858,453753
710633,453753
710745,453753
710722,453753
710571,453753
710667,453753
710676,453753
710840,453753
710823,453753
710790,453753
710778,453753
710860,453753
710769,453753
710702,453753
710584,453753
710551,453753
710635,453753
710798,453753
710778,453753
710732,453753
710662,453753
710678,453753
710854,453753
710714,453753
710781,453753
710796,453753
710774,453753
710715,453753
710732,453753
710674,453753
710774,453753
710707,453753
710771,453753
710709,453753
710801,453753
710638,453753
710777,453753
710849,453753
710831,453753
710648,453753
710807,453753
710424,453753
710244,453753
710736,453753
710667,453753
710660,453753
710554,453753
710765,453753
710713,453753
710782,453753
710821,453753
710793,453753
710855,453753
710846,453753
710791,453753
710818,453753
710784,453753
710825,453753
710820,453753
710880,453753
710823,453753
710721,453753
710763,453753
710863,453753
710911,453753
710931,453753
710884,453753
710843,453753
710862,453753
710813,453753
710820,453753
710703,453753
710814,453753
710804,453753
710825,453753
710816,453753
710777,453753
710787,453753
710727,453753
710711,453753
710731,453753
710666,453753
709655,453753
709807,453753
710772,453753
710726,453753
710860,453753
710841,453753
710881,453753
710831,453753
710806,453753
710883,453753
710892,453753
710650,453753
710282,453753
710292,453753
710266,453753
710427,453753
710633,453753
710800,453753
710751,453753
710705,453753
710852,453753
710811,453753
710597,453753
710795,453753
710798,453753
710729,453753
710783,453753
710745,453753
710645,453753
710721,453753
710799,453753
710815,453753
710844,453753
710679,453753
710735,453753
710355,453753
710383,453753
710568,453753
710475,453753
710871,453753
710866,453753
710836,453753
710822,453753
710731,453753
710873,453753
710901,453753
710831,453753
710867,453753
710895,453753
710779,453753
710594,453753
710670,453753
710907,453753
710904,453753
710890,453753
710727,453753
710748,453753
710584,453753
710816,453753
710735,453753
710859,453753
710894,453753
710809,453753
710805,453753
710785,453753
710790,453753
710794,453753
710813,453753
710585,453753
710592,453753
710802,453753
710805,453753
710701,453753
710693,453753
710663,453753
710738,453753
710726,453753
710519,453753
710765,453753
710844,453753
710702,453753
710303,453753
710689,453753
710736,453753
710696,453753
710676,453753
710335,453753
710840,453753
710782,453753
710692,453753
710448,453753
710744,453753
710686,453753
710671,453753
710625,453753
710824,453753
710799,453753
710772,453753
710508,453753
710769,453753
710724,453753
710842,453753
710795,453753
710716,453753
710817,453753
710846,453753
710748,453753
710811,453753
710863,453753
710895,453753
710873,453753
710895,453753
710849,453753
710884,453753
710860,453753
710776,453753
710768,453753
710907,453753
710855,453753
710886,453753
710861,453753
710944,453753
710766,453753
710853,453753
710854,453753
710821,453753
710824,453753
710792,453753
710905,453753
710862,453753
710764,453753
710557,453753
710260,453753
710050,453753
710620,453753
710789,453753
710648,453753
710684,453753
710714,453753
710787,453753
710836,453753
710761,453753
710782,453753
710683,453753
710641,453753
710697,453753
710734,453753
710724,453753
710661,453753
710191,453753
710701,453753
710787,453753
710837,453753
710741,453753
710810,453753
710693,453753
710773,453753
710824,453753
710623,453753
710552,453753
710751,453753
710365,453753
710335,453753
710804,453753
710683,453753
710817,453753
710675,453753
710733,453753
709886,453753
710786,453753
710784,453753
710828,453753
710930,453753
710923,453753
710877,453753
710938,453753
710912,453753
710828,453753
710822,453753
710871,453753
710900,453753
710828,453753
710853,453753
710738,453753
710857,453753
710792,453753
710863,453753
710754,453753
710830,453753
710835,453753
710776,453753
710762,453753
710780,453753
710761,453753
710801,453753
710638,453753
710287,453753
710619,453753
710585,453753
709949,453753
710402,453753
710607,453753
710747,453753
710660,453753
710517,453753
710549,453753
710453,453753
710673,453753
710801,453753
710753,453753
710657,453753
710685,453753
710770,453753
710703,453753
710634,453753
710650,453753
710477,453753
710559,453753
710808,453753
710780,453753
710806,453753
710829,453753
710774,453753
710889,453753
710292,453753
710710,453753
710728,453753
710750,453753
710810,453753
710822,453753
710858,453753
710782,453753
710885,453753
710903,453753
710830,453753
710879,453753
710795,453753
710655,453753
710728,453753
710754,453753
710833,453753
710818,453753
710715,453753
710853,453753
710774,453753
710838,453753
710808,453753
710662,453753
710760,453753
710760,453753
710846,453753
710465,453753
710795,453753
710792,453753
710795,453753
710817,453753
710749,453753
710752,453753
710708,453753
710756,453753
710530,453753
709768,453753
710680,453753
710742,453753
710846,453753
710883,453753
710890,453753
710704,453753
710636,453753
710750,453753
710801,453753
710597,453753
710623,453753
710853,453753
710779,453753
710787,453753
710799,453753
710651,453753
710643,453753
710629,453753
710725,453753
710876,453753
710699,453753
710909,453753
710864,453753
710786,453753
710825,453753
710882,453753
710766,453753
710935,453753
710940,453753
710883,453753
710686,453753
710684,453753
710781,453753
710750,453753
710831,453753
710869,453753
710384,453753
709499,453753
709743,453753
710726,453753
710801,453753
710803,453753
710735,453753
710791,453753
710643,453753
710844,453753
710832,453753
710835,453753
710687,453753
710788,453753
710764,453753
710270,453753
710627,453753
710754,453753
710721,453753
710792,453753
710671,453753
710707,453753
710856,453753
710861,453753
710758,453753
710690,453753
710752,453753
710582,453753
710690,453753
710786,453753
710857,453753
710742,453753
710734,453753
710715,453753
710562,453753
710557,453753
710836,453753
710810,453753
710851,453753
710884,453753
710870,453753
710752,453753
710809,453753
710842,453753
710838,453753
710886,453753
710849,453753
710814,453753
710769,453753
710872,453753
710871,453753
710824,453753
710831,453753
710861,453753
710841,453753
710847,453753
710725,453753
710868,453753
710720,453753
710863,453753
710555,453753
710756,453753
710571,453753
710400,453753
710789,453753
710707,453753
710780,453753
710887,453753
710767,453753
710771,453753
710846,453753
710823,453753
710872,453753
710810,453753
710709,453753
710579,453753
710776,453753
710729,453753
710756,453753
710843,453753
710823,453753
710665,453753
710825,453753
710755,453753
710860,453753
710784,453753
710695,453753
710812,453753
710821,453753
710887,453753
710822,453753
710920,453753
710732,453753
710733,453753
710864,453753
710854,453753
710859,453753
710809,453753
710827,453753
710825,453753
710835,453753
710852,453753
710831,453753
710668,453753
710731,453753
710767,453753
710822,453753
710867,453753
710730,453753
710515,453753
710279,453753
710699,453753
710789,453753
710817,453753
710672,453753
710767,453753
710681,453753
710719,453753
710720,453753
710845,453753
710717,453753
709694,453753
710821,453753
710845,453753
710739,453753
710831,453753
710699,453753
710746,453753
710780,453753
710705,453753
710423,453753
710799,453753
710747,453753
710858,453753
710868,453753
710895,453753
710823,453753
710860,453753
710795,453753
710862,453753
710843,453753
710944,453753
710817,453753
710721,453753
710226,453753
710861,453753
710614,453753
710446,453753
710728,453753
710710,453753
710871,453753
710766,453753
710807,453753
710923,453753
710882,453753
710835,453753
710660,453753
710702,453753
710783,453753
710865,453753
710769,453753
710755,453753
710782,453753
708149,453753
704270,453753
709392,453753
710631,453753
710641,453753
710620,453753
710826,453753
710667,453753
710804,453753
710870,453753
710721,453753
710155,453753
710622,453753
710650,453753
710731,453753
710862,453753
710781,453753
710628,453753
710607,453753
710736,453753
710748,453753
710815,453753
710832,453753
710851,453753
710913,453753
710817,453753
710636,453753
710910,453753
710875,453753
710875,453753
710928,453753
710804,453753
710835,453753
710867,453753
710906,453753
710859,453753
710738,453753
710827,453753
710812,453753
710762,453753
710781,453753
710809,453753
710883,453753
710789,453753
710773,453753
710542,453753
709979,453753
710677,453753
710725,453753
710527,453753
710663,453753
710703,453753
710719,453753
710684,453753
710774,453753
710845,453753
710839,453753
710753,453753
710824,453753
710778,453753
710568,453753
710598,453753
710837,453753
710778,453753
710653,453753
710815,453753
710800,453753
710788,453753
710825,453753
710705,453753
710685,453753
710857,453753
710889,453753
710693,453753
710528,453753
710916,453753
710930,453753
710926,453753
710926,453753
710737,453753
710624,453753
710899,453753
710789,453753
710777,453753
710861,453753
710862,453753
710878,453753
710785,453753
710812,453753
710806,453753
710804,453753
710854,453753
710695,453753
710708,453753
710531,453753
710694,453753
710700,453753
710658,453753
710762,453753
710915,453753
710767,453753
710764,453753
710757,453753
710606,453753
710694,453753
710857,453753
710750,453753
710789,453753
710825,453753
710814,453753
710923,453753
710911,453753
710905,453753
710782,453753
710853,453753
710797,453753
710853,453753
710891,453753
710878,453753
710852,453753
710891,453753
710928,453753
710781,453753
710667,453753
710599,453753
710605,453753
710754,453753
710801,453753
710296,453753
710838,453753
710729,453753
710765,453753
710715,453753
710721,453753
710649,453753
710798,453753
710767,453753
710765,453753
710786,453753
710812,453753
710856,453753
710851,453753
710784,453753
710919,453753
710888,453753
710895,453753
710838,453753
710746,453753
710836,453753
710954,453753
710912,453753
710823,453753
710933,453753
710870,453753
710759,453753
710583,453753
710804,453753
710587,453753
710810,453753
710779,453753
710853,453753
710807,453753
710719,453753
710801,453753
710876,453753
710276,453753
710583,453753
710661,453753
710813,453753
710326,453753
710813,453753
710747,453753
710871,453753
710946,453753
710884,453753
710938,453753
710901,453753
710798,453753
710882,453753
710653,453753
710747,453753
710908,453753
710872,453753
710837,453753
710841,453753
710847,453753
710850,453753
710895,453753
710742,453753
710804,453753
710856,453753
710683,453753
710628,453753
710880,453753
710846,453753
710859,453753
710802,453753
710762,453753
710809,453753
710736,453753
710425,453753
710483,453753
710711,453753
710760,453753
710838,453753
710894,453753
710834,453753
710829,453753
710847,453753
710877,453753
710863,453753
710715,453753
710539,453753
710842,453753
710882,453753
710781,453753
710668,453753
710906,453753
710940,453753
710935,453753
710859,453753
710704,453753
710642,453753
710670,453753
710879,453753
710792,453753
710688,453753
710411,453753
710505,453753
710157,453753
710853,453753
710774,453753
710940,453753
710579,453753
710807,453753
710874,453753
710859,453753
710850,453753
710896,453753
710863,453753
710898,453753
710843,453753
710803,453753
710748,453753
710787,453753
710948,453753
710963,453753
710994,453753
710889,453753
710883,453753
710868,453753
710747,453753
710819,453753
710844,453753
710790,453753
710749,453753
710728,453753
710794,453753
710644,453753
710713,453753
710811,453753
710800,453753
710525,453753
710776,453753
710884,453753
710846,453753
710769,453753
710809,453753
710848,453753
710853,453753
710898,453753
710821,453753
710862,453753
710859,453753
710810,453753
710889,453753
710910,453753
710835,453753
710818,453753
710669,453753
710120,453753
710761,453753
710773,453753
710800,453753
710593,453753
710293,453753
710716,453753
710807,453753
710751,453753
710455,453753
710605,453753
710610,453753
710225,453753
710726,453753
710835,453753
710891,453753
710708,453753
710925,453753
710226,453753
710521,453753
710695,453753
710715,453753
710887,453753
710732,453753
710900,453753
710918,453753
710909,453753
710858,453753
710812,453753
710859,453753
710823,453753
710774,453753
710730,453753
710494,453753
710356,453753
710768,453753
710828,453753
710812,453753
710764,453753
710749,453753
710839,453753
710866,453753
710867,453753
710897,453753
710912,453753
710910,453753
710868,453753
710754,453753
710909,453753
710917,453753
710873,453753
710827,453753
710855,453753
710841,453753
710766,453753
710789,453753
710833,453753
710772,453753
710857,453753
710920,453753
710834,453753
710805,453753
710618,453753
710877,453753
710913,453753
710854,453753
710912,453753
710832,453753
710486,453753
710782,453753
710857,453753
710863,453753
710459,453753
710577,453753
710905,453753
710867,453753
710903,453753
710963,453546
