TRACE,NSNPS_JACKKNIFE
710554,453753
710539,453753
710499,453753
710468,453753
710441,453753
710512,453753
710408,453753
710384,453753
710460,453753
710407,453753
710466,453753
710330,453753
710531,453753
710443,453753
710514,453753
710505,453753
710374,453753
710147,453753
710189,453753
710328,453753
710484,453753
710505,453753
710440,453753
710511,453753
710516,453753
710497,453753
710324,453753
710297,453753
710427,453753
710436,453753
710424,453753
710392,453753
710405,453753
710347,453753
710451,453753
710446,453753
710424,453753
710359,453753
710449,453753
710484,453753
710521,453753
710489,453753
710405,453753
710181,453753
710228,453753
710354,453753
710440,453753
710440,453753
710476,453753
710541,453753
710517,453753
710224,453753
710332,453753
710377,453753
710220,453753
710416,453753
710419,453753
710285,453753
710336,453753
710296,453753
710466,453753
710538,453753
710526,453753
710454,453753
710394,453753
710472,453753
710423,453753
710360,453753
710422,453753
710351,453753
710026,453753
710460,453753
710485,453753
710539,453753
710518,453753
710488,453753
710554,453753
710487,453753
710548,453753
710490,453753
710317,453753
710466,453753
710530,453753
710567,453753
710576,453753
710480,453753
710542,453753
710566,453753
710456,453753
710483,453753
710328,453753
710218,453753
710478,453753
709559,453753
710457,453753
710348,453753
710489,453753
710445,453753
710451,453753
710508,453753
710317,453753
710368,453753
710322,453753
710230,453753
710306,453753
710290,453753
710482,453753
710468,453753
710480,453753
710416,453753
710472,453753
710432,453753
710329,453753
710255,453753
710222,453753
710283,453753
710431,453753
710412,453753
710358,453753
710337,453753
710331,453753
710511,453753
710341,453753
710416,453753
710482,453753
710397,453753
710379,453753
710393,453753
710317,453753
710428,453753
710335,453753
710448,453753
710357,453753
710479,453753
710304,453753
710435,453753
710455,453753
710489,453753
710243,453753
710459,453753
710133,453753
709962,453753
710379,453753
710291,453753
710307,453753
710252,453753
710390,453753
710395,453753
710451,453753
710462,453753
710436,453753
710503,453753
710497,453753
710427,453753
710475,453753
710467,453753
710490,453753
710510,453753
710554,453753
710485,453753
710429,453753
710450,453753
710495,453753
710580,453753
710560,453753
710564,453753
710517,453753
710541,453753
710483,453753
710452,453753
710376,453753
710435,453753
710500,453753
710459,453753
710498,453753
710433,453753
710485,453753
710391,453753
710297,453753
710365,453753
710311,453753
709432,453753
709545,453753
710457,453753
710387,453753
710559,453753
710493,453753
710530,453753
710497,453753
710474,453753
710575,453753
710553,453753
710274,453753
709932,453753
709934,453753
709812,453753
710019,453753
710271,453753
710452,453753
710427,453753
710389,453753
710480,453753
710458,453753
710212,453753
710423,453753
710438,453753
710401,453753
710463,453753
710341,453753
710185,453753
710377,453753
710477,453753
710481,453753
710499,453753
710314,453753
710379,453753
710032,453753
710058,453753
710199,453753
710127,453753
710570,453753
710522,453753
710488,453753
710496,453753
710363,453753
710499,453753
710555,453753
710497,453753
710512,453753
710526,453753
710392,453753
710211,453753
710316,453753
710546,453753
710575,453753
710531,453753
710407,453753
710398,453753
710290,453753
710483,453753
710371,453753
710535,453753
710560,453753
710458,453753
710447,453753
710448,453753
710440,453753
710459,453753
710482,453753
710280,453753
710226,453753
710460,453753
710464,453753
710331,453753
710357,453753
710336,453753
710387,453753
710400,453753
710229,453753
710415,453753
710506,453753
710334,453753
710062,453753
710358,453753
710407,453753
710353,453753
710338,453753
709981,453753
710509,453753
710456,453753
710362,453753
710176,453753
710366,453753
710356,453753
710363,453753
710239,453753
710500,453753
710474,453753
710378,453753
710234,453753
710383,453753
710378,453753
710475,453753
710445,453753
710341,453753
710474,453753
710520,453753
710434,453753
710448,453753
710535,453753
710544,453753
710513,453753
710544,453753
710500,453753
710535,453753
710543,453753
710471,453753
710457,453753
710568,453753
710514,453753
710533,453753
710505,453753
710586,453753
710442,453753
710519,453753
710527,453753
710457,453753
710474,453753
710403,453753
710537,453753
710495,453753
710431,453753
710289,453753
709956,453753
709799,453753
710333,453753
710477,453753
710308,453753
710323,453753
710349,453753
710441,453753
710520,453753
710412,453753
710468,453753
710413,453753
710308,453753
710382,453753
710391,453753
710387,453753
710260,453753
709876,453753
710398,453753
710401,453753
710463,453753
710402,453753
710481,453753
710321,453753
710424,453753
710487,453753
710312,453753
710189,453753
710403,453753
710063,453753
709956,453753
710438,453753
710287,453753
710497,453753
710324,453753
710369,453753
709529,453753
710446,453753
710411,453753
710484,453753
710569,453753
710585,453753
710553,453753
710563,453753
710559,453753
710480,453753
710446,453753
710496,453753
710537,453753
710495,453753
710519,453753
710408,453753
710528,453753
710445,453753
710494,453753
710401,453753
710503,453753
710476,453753
710433,453753
710402,453753
710441,453753
710395,453753
710434,453753
710268,453753
709955,453753
710293,453753
710233,453753
709645,453753
710081,453753
710283,453753
710393,453753
710303,453753
710121,453753
710142,453753
710125,453753
710329,453753
710466,453753
710387,453753
710289,453753
710323,453753
710431,453753
710379,453753
710326,453753
710327,453753
710106,453753
710240,453753
710440,453753
710433,453753
710448,453753
710494,453753
710432,453753
710535,453753
709865,453753
710370,453753
710385,453753
710403,453753
710477,453753
710485,453753
710514,453753
710464,453753
710497,453753
710569,453753
710516,453753
710511,453753
710488,453753
710328,453753
710361,453753
710424,453753
710466,453753
710509,453753
710330,453753
710520,453753
710455,453753
710521,453753
710490,453753
710282,453753
710399,453753
710426,453753
710487,453753
710109,453753
710426,453753
710465,453753
710449,453753
710459,453753
710368,453753
710379,453753
710373,453753
710343,453753
710198,453753
709422,453753
710361,453753
710404,453753
710473,453753
710515,453753
710537,453753
710350,453753
710297,453753
710439,453753
710457,453753
710237,453753
710285,453753
710529,453753
710447,453753
710469,453753
710421,453753
710336,453753
710297,453753
710295,453753
710391,453753
710477,453753
710366,453753
710564,453753
710529,453753
710403,453753
710440,453753
710546,453753
710409,453753
710565,453753
710557,453753
710504,453753
710395,453753
710298,453753
710423,453753
710377,453753
710459,453753
710507,453753
710109,453753
709410,453753
709579,453753
710413,453753
710439,453753
710504,453753
710406,453753
710483,453753
710298,453753
710487,453753
710453,453753
710476,453753
710300,453753
710441,453753
710451,453753
709947,453753
710279,453753
710401,453753
710411,453753
710471,453753
710378,453753
710394,453753
710538,453753
710542,453753
710397,453753
710303,453753
710400,453753
710263,453753
710351,453753
710418,453753
710512,453753
710406,453753
710399,453753
710403,453753
710163,453753
710261,453753
710487,453753
710484,453753
710507,453753
710511,453753
710551,453753
710427,453753
710505,453753
710474,453753
710461,453753
710519,453753
710490,453753
710493,453753
710425,453753
710526,453753
710523,453753
710464,453753
710522,453753
710542,453753
710473,453753
710506,453753
710420,453753
710526,453753
710372,453753
710528,453753
710341,453753
710417,453753
710148,453753
710002,453753
710461,453753
710353,453753
710457,453753
710512,453753
710422,453753
710447,453753
710511,453753
710492,453753
710528,453753
710483,453753
710304,453753
710224,453753
710415,453753
710410,453753
710422,453753
710520,453753
710426,453753
710312,453753
710447,453753
710402,453753
710486,453753
710438,453753
710395,453753
710465,453753
710476,453753
710541,453753
710466,453753
710567,453753
710381,453753
710403,453753
710510,453753
710520,453753
710482,453753
710468,453753
710441,453753
710481,453753
710461,453753
710516,453753
710519,453753
710383,453753
710368,453753
710464,453753
710465,453753
710515,453753
710383,453753
710148,453753
709880,453753
710367,453753
710444,453753
710475,453753
710293,453753
710413,453753
710331,453753
710370,453753
710365,453753
710491,453753
710398,453753
709422,453753
710480,453753
710513,453753
710364,453753
710473,453753
710296,453753
710326,453753
710419,453753
710359,453753
710107,453753
710424,453753
710430,453753
710483,453753
710500,453753
710540,453753
710435,453753
710461,453753
710471,453753
710532,453753
710463,453753
710576,453753
710500,453753
710402,453753
709868,453753
710506,453753
710224,453753
710071,453753
710328,453753
710399,453753
710533,453753
710399,453753
710436,453753
710556,453753
710535,453753
710499,453753
710399,453753
710390,453753
710455,453753
710499,453753
710417,453753
710383,453753
710461,453753
707705,453753
703634,453753
709125,453753
710238,453753
710226,453753
710235,453753
710490,453753
710318,453753
710429,453753
710516,453753
710396,453753
709785,453753
710250,453753
710303,453753
710434,453753
710532,453753
710412,453753
710320,453753
710299,453753
710347,453753
710417,453753
710485,453753
710489,453753
710485,453753
710586,453753
710521,453753
710331,453753
710561,453753
710524,453753
710516,453753
710549,453753
710457,453753
710475,453753
710525,453753
710549,453753
710499,453753
710425,453753
710510,453753
710482,453753
710472,453753
710469,453753
710482,453753
710531,453753
710436,453753
710421,453753
710226,453753
709504,453753
710311,453753
710414,453753
710213,453753
710327,453753
710348,453753
710363,453753
710357,453753
710427,453753
710502,453753
710463,453753
710385,453753
710513,453753
710401,453753
710196,453753
710215,453753
710481,453753
710387,453753
710347,453753
710465,453753
710461,453753
710449,453753
710454,453753
710340,453753
710373,453753
710531,453753
710540,453753
710380,453753
710199,453753
710539,453753
710585,453753
710552,453753
710564,453753
710406,453753
710293,453753
710581,453753
710455,453753
710465,453753
710523,453753
710518,453753
710541,453753
710446,453753
710477,453753
710480,453753
710439,453753
710514,453753
710342,453753
710357,453753
710162,453753
710334,453753
710308,453753
710325,453753
710423,453753
710553,453753
710441,453753
710459,453753
710412,453753
710323,453753
710304,453753
710482,453753
710426,453753
710456,453753
710492,453753
710496,453753
710609,453753
710564,453753
710534,453753
710444,453753
710524,453753
710407,453753
710519,453753
710554,453753
710521,453753
710506,453753
710534,453753
710571,453753
710458,453753
710323,453753
710274,453753
710250,453753
710406,453753
710445,453753
710142,453753
710505,453753
710392,453753
710401,453753
710370,453753
710401,453753
710364,453753
710464,453753
710396,453753
710396,453753
710403,453753
710471,453753
710495,453753
710503,453753
710475,453753
710576,453753
710549,453753
710543,453753
710509,453753
710404,453753
710455,453753
710590,453753
710574,453753
710473,453753
710591,453753
710549,453753
710448,453753
710227,453753
710486,453753
710247,453753
710425,453753
710448,453753
710547,453753
710496,453753
710376,453753
710438,453753
710548,453753
710098,453753
710230,453753
710325,453753
710455,453753
709914,453753
710492,453753
710438,453753
710520,453753
710600,453753
710550,453753
710580,453753
710536,453753
710477,453753
710563,453753
710400,453753
710384,453753
710564,453753
710524,453753
710487,453753
710465,453753
710500,453753
710524,453753
710547,453753
710405,453753
710472,453753
710516,453753
710315,453753
710298,453753
710561,453753
710466,453753
710561,453753
710431,453753
710409,453753
710489,453753
710453,453753
710002,453753
710157,453753
710348,453753
710464,453753
710495,453753
710539,453753
710452,453753
710499,453753
710485,453753
710529,453753
710567,453753
710377,453753
710185,453753
710501,453753
710523,453753
710413,453753
710327,453753
710558,453753
710579,453753
710589,453753
710469,453753
710339,453753
710339,453753
710354,453753
710570,453753
710479,453753
710390,453753
710159,453753
710171,453753
709963,453753
710504,453753
710397,453753
710598,453753
710230,453753
710436,453753
710529,453753
710510,453753
710556,453753
710556,453753
710506,453753
710548,453753
710447,453753
710467,453753
710347,453753
710418,453753
710577,453753
710603,453753
710612,453753
710526,453753
710567,453753
710489,453753
710406,453753
710485,453753
710498,453753
710436,453753
710421,453753
710429,453753
710430,453753
710290,453753
710326,453753
710437,453753
710415,453753
710231,453753
710441,453753
710464,453753
710505,453753
710432,453753
710464,453753
710551,453753
710511,453753
710549,453753
710478,453753
710562,453753
710490,453753
710465,453753
710531,453753
710565,453753
710515,453753
710459,453753
710301,453753
709838,453753
710410,453753
710447,453753
710485,453753
710280,453753
709987,453753
710378,453753
710479,453753
710413,453753
710121,453753
710248,453753
710316,453753
709934,453753
710342,453753
710484,453753
710486,453753
710369,453753
710553,453753
709766,453753
710190,453753
710362,453753
710320,453753
710536,453753
710390,453753
710578,453753
710571,453753
710573,453753
710516,453753
710468,453753
710524,453753
710425,453753
710419,453753
710365,453753
710108,453753
709991,453753
710440,453753
710490,453753
710492,453753
710395,453753
710428,453753
710512,453753
710524,453753
710553,453753
710553,453753
710560,453753
710566,453753
710502,453753
710359,453753
710566,453753
710566,453753
710564,453753
710492,453753
710555,453753
710501,453753
710419,453753
710462,453753
710475,453753
710455,453753
710499,453753
710584,453753
710469,453753
710459,453753
710274,453753
710501,453753
710520,453753
710502,453753
710561,453753
710476,453753
710151,453753
710445,453753
710559,453753
710486,453753
710180,453753
710248,453753
710587,453753
710522,453753
710558,453753
710557,453546
