TRACE,NSNPS_JACKKNIFE
710464,453753
710440,453753
710357,453753
710399,453753
710324,453753
710422,453753
710274,453753
710256,453753
710367,453753
710305,453753
710352,453753
710195,453753
710438,453753
710349,453753
710416,453753
710364,453753
710258,453753
710072,453753
710126,453753
710197,453753
710361,453753
710421,453753
710331,453753
710372,453753
710385,453753
710345,453753
710235,453753
710206,453753
710321,453753
710277,453753
710302,453753
710291,453753
710285,453753
710262,453753
710359,453753
710333,453753
710290,453753
710277,453753
710328,453753
710348,453753
710384,453753
710355,453753
710296,453753
710094,453753
710175,453753
710248,453753
710334,453753
710318,453753
710413,453753
710408,453753
710434,453753
710133,453753
710213,453753
710247,453753
710131,453753
710343,453753
710312,453753
710102,453753
710253,453753
710204,453753
710355,453753
710404,453753
710382,453753
710350,453753
710244,453753
710347,453753
710340,453753
710310,453753
710297,453753
710246,453753
709949,453753
710359,453753
710355,453753
710446,453753
710438,453753
710415,453753
710463,453753
710371,453753
710457,453753
710371,453753
710164,453753
710385,453753
710437,453753
710466,453753
710450,453753
710403,453753
710430,453753
710455,453753
710374,453753
710377,453753
710168,453753
710135,453753
710376,453753
709553,453753
710330,453753
710319,453753
710345,453753
710370,453753
710330,453753
710408,453753
710252,453753
710283,453753
710228,453753
710114,453753
710125,453753
710219,453753
710372,453753
710360,453753
710369,453753
710353,453753
710391,453753
710313,453753
710250,453753
710096,453753
710077,453753
710179,453753
710325,453753
710329,453753
710235,453753
710184,453753
710233,453753
710406,453753
710247,453753
710330,453753
710395,453753
710298,453753
710239,453753
710316,453753
710229,453753
710322,453753
710251,453753
710315,453753
710257,453753
710365,453753
710216,453753
710353,453753
710369,453753
710392,453753
710161,453753
710341,453753
710051,453753
709978,453753
710260,453753
710200,453753
710177,453753
710178,453753
710281,453753
710326,453753
710339,453753
710327,453753
710355,453753
710393,453753
710367,453753
710368,453753
710366,453753
710350,453753
710405,453753
710382,453753
710437,453753
710352,453753
710292,453753
710339,453753
710392,453753
710477,453753
710468,453753
710422,453753
710380,453753
710415,453753
710364,453753
710316,453753
710261,453753
710338,453753
710392,453753
710336,453753
710392,453753
710316,453753
710370,453753
710273,453753
710222,453753
710258,453753
710236,453753
709406,453753
709534,453753
710334,453753
710202,453753
710445,453753
710381,453753
710417,453753
710409,453753
710340,453753
710429,453753
710432,453753
710131,453753
709820,453753
709841,453753
709726,453753
709977,453753
710152,453753
710340,453753
710289,453753
710263,453753
710375,453753
710357,453753
710121,453753
710336,453753
710348,453753
710248,453753
710355,453753
710245,453753
710099,453753
710292,453753
710356,453753
710372,453753
710388,453753
710214,453753
710271,453753
709974,453753
709928,453753
710127,453753
710081,453753
710451,453753
710394,453753
710386,453753
710376,453753
710244,453753
710401,453753
710436,453753
710421,453753
710437,453753
710433,453753
710298,453753
710101,453753
710166,453753
710435,453753
710429,453753
710420,453753
710300,453753
710287,453753
710154,453753
710360,453753
710258,453753
710399,453753
710436,453753
710342,453753
710367,453753
710337,453753
710302,453753
710321,453753
710365,453753
710159,453753
710122,453753
710356,453753
710326,453753
710226,453753
710237,453753
710253,453753
710275,453753
710262,453753
710053,453753
710314,453753
710399,453753
710200,453753
709797,453753
710218,453753
710257,453753
710226,453753
710241,453753
709792,453753
710339,453753
710322,453753
710209,453753
710052,453753
710241,453753
710241,453753
710237,453753
710159,453753
710377,453753
710357,453753
710260,453753
710103,453753
710288,453753
710248,453753
710374,453753
710339,453753
710234,453753
710373,453753
710362,453753
710333,453753
710349,453753
710427,453753
710421,453753
710424,453753
710447,453753
710399,453753
710433,453753
710399,453753
710327,453753
710334,453753
710435,453753
710410,453753
710443,453753
710393,453753
710495,453753
710353,453753
710424,453753
710423,453753
710353,453753
710393,453753
710339,453753
710430,453753
710401,453753
710331,453753
710146,453753
709908,453753
709709,453753
710215,453753
710352,453753
710195,453753
710226,453753
710257,453753
710349,453753
710384,453753
710327,453753
710340,453753
710280,453753
710171,453753
710211,453753
710277,453753
710293,453753
710183,453753
709866,453753
710270,453753
710337,453753
710346,453753
710303,453753
710367,453753
710221,453753
710293,453753
710363,453753
710199,453753
710106,453753
710292,453753
709872,453753
709877,453753
710360,453753
710259,453753
710377,453753
710261,453753
710282,453753
709451,453753
710354,453753
710340,453753
710354,453753
710460,453753
710471,453753
710439,453753
710478,453753
710457,453753
710371,453753
710350,453753
710404,453753
710446,453753
710384,453753
710423,453753
710330,453753
710389,453753
710321,453753
710387,453753
710335,453753
710385,453753
710316,453753
710297,453753
710306,453753
710339,453753
710299,453753
710354,453753
710218,453753
709831,453753
710121,453753
710114,453753
709463,453753
709997,453753
710178,453753
710309,453753
710189,453753
710033,453753
710096,453753
710044,453753
710249,453753
710329,453753
710297,453753
710175,453753
710232,453753
710343,453753
710260,453753
710214,453753
710191,453753
710034,453753
710098,453753
710348,453753
710328,453753
710367,453753
710370,453753
710315,453753
710449,453753
709773,453753
710274,453753
710274,453753
710282,453753
710387,453753
710376,453753
710404,453753
710333,453753
710381,453753
710441,453753
710409,453753
710398,453753
710348,453753
710125,453753
710232,453753
710329,453753
710362,453753
710369,453753
710259,453753
710395,453753
710347,453753
710372,453753
710358,453753
710164,453753
710343,453753
710338,453753
710349,453753
710031,453753
710303,453753
710380,453753
710329,453753
710380,453753
710287,453753
710296,453753
710263,453753
710276,453753
710132,453753
709409,453753
710246,453753
710295,453753
710380,453753
710424,453753
710411,453753
710275,453753
710156,453753
710289,453753
710358,453753
710127,453753
710214,453753
710407,453753
710329,453753
710352,453753
710324,453753
710213,453753
710174,453753
710181,453753
710304,453753
710396,453753
710250,453753
710465,453753
710413,453753
710311,453753
710340,453753
710434,453753
710313,453753
710461,453753
710469,453753
710425,453753
710269,453753
710188,453753
710280,453753
710242,453753
710357,453753
710370,453753
709843,453753
708902,453753
709219,453753
710302,453753
710385,453753
710364,453753
710309,453753
710360,453753
710190,453753
710355,453753
710368,453753
710372,453753
710229,453753
710329,453753
710312,453753
709824,453753
710205,453753
710332,453753
710265,453753
710351,453753
710236,453753
710259,453753
710399,453753
710428,453753
710319,453753
710252,453753
710317,453753
710183,453753
710234,453753
710344,453753
710419,453753
710286,453753
710244,453753
710217,453753
710123,453753
710107,453753
710376,453753
710372,453753
710421,453753
710428,453753
710432,453753
710328,453753
710378,453753
710369,453753
710370,453753
710406,453753
710357,453753
710330,453753
710295,453753
710424,453753
710411,453753
710366,453753
710406,453753
710407,453753
710391,453753
710391,453753
710253,453753
710411,453753
710238,453753
710403,453753
710155,453753
710301,453753
710049,453753
709899,453753
710355,453753
710244,453753
710335,453753
710425,453753
710319,453753
710295,453753
710399,453753
710386,453753
710402,453753
710366,453753
710198,453753
710114,453753
710349,453753
710327,453753
710321,453753
710385,453753
710323,453753
710236,453753
710326,453753
710280,453753
710394,453753
710315,453753
710254,453753
710381,453753
710371,453753
710427,453753
710385,453753
710462,453753
710317,453753
710308,453753
710410,453753
710386,453753
710380,453753
710353,453753
710376,453753
710374,453753
710346,453753
710382,453753
710428,453753
710227,453753
710254,453753
710351,453753
710335,453753
710383,453753
710239,453753
710111,453753
709869,453753
710239,453753
710310,453753
710355,453753
710204,453753
710311,453753
710159,453753
710263,453753
710243,453753
710367,453753
710229,453753
709020,453753
710360,453753
710389,453753
710276,453753
710324,453753
710248,453753
710230,453753
710341,453753
710199,453753
709994,453753
710322,453753
710333,453753
710407,453753
710385,453753
710452,453753
710333,453753
710373,453753
710364,453753
710423,453753
710338,453753
710472,453753
710327,453753
710278,453753
709758,453753
710412,453753
710080,453753
709912,453753
710200,453753
710201,453753
710435,453753
710305,453753
710362,453753
710452,453753
710413,453753
710378,453753
710245,453753
710262,453753
710340,453753
710405,453753
710285,453753
710287,453753
710344,453753
707597,453753
703871,453753
709070,453753
710201,453753
710137,453753
710075,453753
710392,453753
710257,453753
710333,453753
710399,453753
710259,453753
709795,453753
710144,453753
710207,453753
710288,453753
710411,453753
710292,453753
710216,453753
710157,453753
710256,453753
710288,453753
710322,453753
710345,453753
710374,453753
710464,453753
710371,453753
710152,453753
710460,453753
710413,453753
710429,453753
710435,453753
710351,453753
710400,453753
710437,453753
710461,453753
710417,453753
710297,453753
710381,453753
710376,453753
710350,453753
710333,453753
710358,453753
710425,453753
710307,453753
710316,453753
710103,453753
709617,453753
710211,453753
710276,453753
710094,453753
710205,453753
710210,453753
710235,453753
710277,453753
710331,453753
710426,453753
710342,453753
710210,453753
710377,453753
710296,453753
710152,453753
710118,453753
710362,453753
710307,453753
710261,453753
710353,453753
710339,453753
710333,453753
710382,453753
710245,453753
710239,453753
710406,453753
710430,453753
710221,453753
710035,453753
710455,453753
710488,453753
710464,453753
710433,453753
710324,453753
710194,453753
710466,453753
710344,453753
710316,453753
710433,453753
710449,453753
710424,453753
710370,453753
710385,453753
710346,453753
710356,453753
710433,453753
710272,453753
710244,453753
709997,453753
710232,453753
710250,453753
710185,453753
710324,453753
710458,453753
710300,453753
710330,453753
710290,453753
710176,453753
710277,453753
710376,453753
710346,453753
710356,453753
710375,453753
710388,453753
710494,453753
710454,453753
710427,453753
710333,453753
710416,453753
710307,453753
710409,453753
710442,453753
710417,453753
710389,453753
710433,453753
710471,453753
710343,453753
710202,453753
710191,453753
710172,453753
710283,453753
710347,453753
710028,453753
710387,453753
710279,453753
710277,453753
710308,453753
710263,453753
710218,453753
710352,453753
710276,453753
710293,453753
710364,453753
710361,453753
710416,453753
710371,453753
710321,453753
710454,453753
710445,453753
710451,453753
710405,453753
710276,453753
710362,453753
710489,453753
710441,453753
710372,453753
710470,453753
710418,453753
710297,453753
710108,453753
710321,453753
710100,453753
710381,453753
710346,453753
710404,453753
710355,453753
710241,453753
710330,453753
710433,453753
709902,453753
710112,453753
710194,453753
710361,453753
709875,453753
710358,453753
710350,453753
710429,453753
710487,453753
710408,453753
710483,453753
710449,453753
710347,453753
710420,453753
710225,453753
710277,453753
710482,453753
710373,453753
710407,453753
710364,453753
710405,453753
710409,453753
710445,453753
710338,453753
710388,453753
710436,453753
710229,453753
710140,453753
710430,453753
710358,453753
710439,453753
710307,453753
710324,453753
710361,453753
710306,453753
709957,453753
710003,453753
710221,453753
710364,453753
710418,453753
710426,453753
710338,453753
710406,453753
710358,453753
710420,453753
710408,453753
710233,453753
710046,453753
710396,453753
710417,453753
710325,453753
710270,453753
710467,453753
710475,453753
710481,453753
710395,453753
710204,453753
710196,453753
710172,453753
710433,453753
710358,453753
710296,453753
709988,453753
710029,453753
709741,453753
710413,453753
710309,453753
710472,453753
710099,453753
710356,453753
710420,453753
710388,453753
710413,453753
710450,453753
710391,453753
710445,453753
710380,453753
710392,453753
710251,453753
710305,453753
710482,453753
710488,453753
710505,453753
710432,453753
710440,453753
710409,453753
710317,453753
710399,453753
710386,453753
710347,453753
710328,453753
710290,453753
710309,453753
710198,453753
710243,453753
710359,453753
710328,453753
710122,453753
710315,453753
710364,453753
710442,453753
710324,453753
710353,453753
710426,453753
710364,453753
710445,453753
710387,453753
710447,453753
710399,453753
710345,453753
710426,453753
710469,453753
710391,453753
710333,453753
710203,453753
709680,453753
710344,453753
710328,453753
710358,453753
710121,453753
709895,453753
710231,453753
710374,453753
710349,453753
709939,453753
710145,453753
710172,453753
709792,453753
710259,453753
710407,453753
710422,453753
710277,453753
710453,453753
709768,453753
710043,453753
710208,453753
710255,453753
710433,453753
710302,453753
710461,453753
710444,453753
710430,453753
710402,453753
710367,453753
710438,453753
710355,453753
710324,453753
710250,453753
710024,453753
710020,453753
710299,453753
710379,453753
710398,453753
710268,453753
710371,453753
710414,453753
710411,453753
710427,453753
710453,453753
710465,453753
710459,453753
710393,453753
710275,453753
710456,453753
710453,453753
710439,453753
710374,453753
710425,453753
710381,453753
710300,453753
710345,453753
710354,453753
710338,453753
710428,453753
710477,453753
710360,453753
710310,453753
710141,453753
710422,453753
710415,453753
710377,453753
710469,453753
710357,453753
710046,453753
710324,453753
710416,453753
710365,453753
710051,453753
710172,453753
710451,453753
710414,453753
710472,453753
710490,453546
