TRACE,NSNPS_JACKKNIFE
711590,453753
711604,453753
711539,453753
711529,453753
711462,453753
711531,453753
711457,453753
711404,453753
711519,453753
711433,453753
711495,453753
711329,453753
711585,453753
711517,453753
711560,453753
711513,453753
711419,453753
711142,453753
711191,453753
711350,453753
711500,453753
711549,453753
711480,453753
711517,453753
711542,453753
711503,453753
711367,453753
711352,453753
711467,453753
711459,453753
711450,453753
711457,453753
711459,453753
711414,453753
711491,453753
711470,453753
711421,453753
711401,453753
711494,453753
711502,453753
711531,453753
711495,453753
711455,453753
711205,453753
711266,453753
711417,453753
711463,453753
711509,453753
711549,453753
711544,453753
711550,453753
711258,453753
711385,453753
711417,453753
711298,453753
711442,453753
711471,453753
711259,453753
711392,453753
711365,453753
711484,453753
711580,453753
711543,453753
711475,453753
711443,453753
711511,453753
711456,453753
711382,453753
711389,453753
711341,453753
711111,453753
711501,453753
711545,453753
711589,453753
711591,453753
711554,453753
711589,453753
711526,453753
711593,453753
711502,453753
711329,453753
711506,453753
711545,453753
711608,453753
711600,453753
711536,453753
711588,453753
711602,453753
711529,453753
711532,453753
711335,453753
711302,453753
711519,453753
710789,453753
711474,453753
711407,453753
711483,453753
711520,453753
711494,453753
711536,453753
711341,453753
711400,453753
711357,453753
711288,453753
711294,453753
711297,453753
711506,453753
711493,453753
711479,453753
711461,453753
711556,453753
711473,453753
711362,453753
711280,453753
711216,453753
711199,453753
711489,453753
711490,453753
711410,453753
711332,453753
711355,453753
711557,453753
711411,453753
711466,453753
711518,453753
711384,453753
711361,453753
711440,453753
711307,453753
711436,453753
711331,453753
711481,453753
711395,453753
711495,453753
711334,453753
711485,453753
711497,453753
711543,453753
711318,453753
711466,453753
711130,453753
711025,453753
711445,453753
711337,453753
711355,453753
711313,453753
711437,453753
711421,453753
711517,453753
711486,453753
711473,453753
711512,453753
711537,453753
711508,453753
711505,453753
711511,453753
711520,453753
711540,453753
711589,453753
711494,453753
711424,453753
711469,453753
711528,453753
711622,453753
711599,453753
711571,453753
711539,453753
711543,453753
711541,453753
711478,453753
711379,453753
711489,453753
711492,453753
711485,453753
711537,453753
711494,453753
711498,453753
711415,453753
711376,453753
711431,453753
711366,453753
710549,453753
710748,453753
711471,453753
711374,453753
711587,453753
711558,453753
711542,453753
711544,453753
711489,453753
711596,453753
711567,453753
711293,453753
711024,453753
711040,453753
710871,453753
711053,453753
711300,453753
711526,453753
711400,453753
711387,453753
711492,453753
711492,453753
711257,453753
711485,453753
711482,453753
711426,453753
711482,453753
711424,453753
711352,453753
711445,453753
711502,453753
711513,453753
711514,453753
711340,453753
711388,453753
711112,453753
711043,453753
711296,453753
711178,453753
711588,453753
711553,453753
711521,453753
711512,453753
711431,453753
711544,453753
711591,453753
711515,453753
711550,453753
711576,453753
711445,453753
711315,453753
711313,453753
711597,453753
711587,453753
711572,453753
711463,453753
711450,453753
711298,453753
711489,453753
711433,453753
711534,453753
711589,453753
711493,453753
711492,453753
711447,453753
711486,453753
711479,453753
711516,453753
711307,453753
711265,453753
711499,453753
711466,453753
711348,453753
711406,453753
711396,453753
711424,453753
711414,453753
711161,453753
711456,453753
711569,453753
711375,453753
711075,453753
711396,453753
711438,453753
711361,453753
711399,453753
710967,453753
711493,453753
711480,453753
711440,453753
711114,453753
711453,453753
711390,453753
711366,453753
711306,453753
711505,453753
711534,453753
711426,453753
711290,453753
711441,453753
711412,453753
711483,453753
711502,453753
711372,453753
711501,453753
711528,453753
711446,453753
711472,453753
711547,453753
711570,453753
711564,453753
711586,453753
711508,453753
711577,453753
711588,453753
711485,453753
711496,453753
711593,453753
711533,453753
711572,453753
711533,453753
711615,453753
711472,453753
711541,453753
711569,453753
711492,453753
711508,453753
711469,453753
711569,453753
711549,453753
711476,453753
711275,453753
710978,453753
710738,453753
711362,453753
711504,453753
711324,453753
711402,453753
711435,453753
711471,453753
711509,453753
711476,453753
711486,453753
711419,453753
711316,453753
711372,453753
711412,453753
711402,453753
711351,453753
710948,453753
711409,453753
711459,453753
711502,453753
711416,453753
711516,453753
711369,453753
711487,453753
711540,453753
711335,453753
711209,453753
711417,453753
711068,453753
711034,453753
711488,453753
711345,453753
711520,453753
711339,453753
711423,453753
710621,453753
711497,453753
711495,453753
711486,453753
711605,453753
711607,453753
711602,453753
711614,453753
711627,453753
711520,453753
711519,453753
711554,453753
711582,453753
711483,453753
711542,453753
711432,453753
711528,453753
711466,453753
711518,453753
711466,453753
711494,453753
711522,453753
711462,453753
711486,453753
711497,453753
711444,453753
711481,453753
711311,453753
710932,453753
711308,453753
711257,453753
710618,453753
711060,453753
711298,453753
711428,453753
711361,453753
711152,453753
711206,453753
711191,453753
711334,453753
711489,453753
711444,453753
711351,453753
711357,453753
711459,453753
711420,453753
711344,453753
711325,453753
711172,453753
711249,453753
711487,453753
711487,453753
711475,453753
711500,453753
711445,453753
711548,453753
710982,453753
711419,453753
711393,453753
711411,453753
711533,453753
711497,453753
711512,453753
711476,453753
711533,453753
711603,453753
711586,453753
711563,453753
711477,453753
711309,453753
711348,453753
711433,453753
711471,453753
711527,453753
711372,453753
711558,453753
711483,453753
711554,453753
711478,453753
711373,453753
711474,453753
711461,453753
711524,453753
711091,453753
711487,453753
711465,453753
711485,453753
711504,453753
711426,453753
711409,453753
711341,453753
711374,453753
711238,453753
710446,453753
711380,453753
711437,453753
711496,453753
711546,453753
711550,453753
711403,453753
711313,453753
711456,453753
711502,453753
711244,453753
711328,453753
711543,453753
711422,453753
711472,453753
711494,453753
711347,453753
711322,453753
711299,453753
711426,453753
711580,453753
711392,453753
711606,453753
711562,453753
711487,453753
711513,453753
711552,453753
711429,453753
711609,453753
711600,453753
711531,453753
711405,453753
711351,453753
711459,453753
711433,453753
711526,453753
711540,453753
710973,453753
710087,453753
710399,453753
711457,453753
711477,453753
711515,453753
711455,453753
711471,453753
711341,453753
711491,453753
711497,453753
711550,453753
711372,453753
711495,453753
711439,453753
710947,453753
711336,453753
711463,453753
711425,453753
711464,453753
711391,453753
711444,453753
711542,453753
711545,453753
711445,453753
711384,453753
711435,453753
711328,453753
711378,453753
711466,453753
711549,453753
711448,453753
711435,453753
711407,453753
711231,453753
711304,453753
711498,453753
711521,453753
711533,453753
711541,453753
711586,453753
711431,453753
711524,453753
711547,453753
711515,453753
711562,453753
711546,453753
711473,453753
711479,453753
711567,453753
711561,453753
711486,453753
711550,453753
711575,453753
711569,453753
711518,453753
711392,453753
711541,453753
711399,453753
711546,453753
711407,453753
711453,453753
711216,453753
711033,453753
711483,453753
711405,453753
711469,453753
711527,453753
711439,453753
711453,453753
711506,453753
711505,453753
711571,453753
711520,453753
711377,453753
711227,453753
711442,453753
711409,453753
711409,453753
711521,453753
711464,453753
711402,453753
711495,453753
711427,453753
711528,453753
711444,453753
711400,453753
711488,453753
711545,453753
711568,453753
711534,453753
711598,453753
711445,453753
711445,453753
711559,453753
711553,453753
711540,453753
711518,453753
711506,453753
711505,453753
711501,453753
711545,453753
711552,453753
711351,453753
711403,453753
711466,453753
711479,453753
711543,453753
711414,453753
711205,453753
710896,453753
711383,453753
711465,453753
711497,453753
711334,453753
711451,453753
711354,453753
711418,453753
711410,453753
711499,453753
711422,453753
710180,453753
711504,453753
711554,453753
711424,453753
711493,453753
711382,453753
711374,453753
711451,453753
711367,453753
711118,453753
711453,453753
711433,453753
711555,453753
711559,453753
711554,453753
711494,453753
711536,453753
711514,453753
711543,453753
711527,453753
711634,453753
711505,453753
711428,453753
710979,453753
711545,453753
711214,453753
711104,453753
711419,453753
711376,453753
711589,453753
711463,453753
711521,453753
711591,453753
711586,453753
711512,453753
711332,453753
711411,453753
711493,453753
711522,453753
711439,453753
711443,453753
711485,453753
708587,453753
704255,453753
710112,453753
711387,453753
711310,453753
711237,453753
711512,453753
711319,453753
711462,453753
711558,453753
711397,453753
710812,453753
711248,453753
711276,453753
711411,453753
711534,453753
711444,453753
711297,453753
711316,453753
711406,453753
711401,453753
711517,453753
711525,453753
711525,453753
711613,453753
711508,453753
711315,453753
711595,453753
711558,453753
711571,453753
711608,453753
711487,453753
711513,453753
711548,453753
711616,453753
711549,453753
711420,453753
711517,453753
711537,453753
711484,453753
711479,453753
711506,453753
711538,453753
711477,453753
711470,453753
711238,453753
710792,453753
711365,453753
711445,453753
711256,453753
711364,453753
711410,453753
711384,453753
711356,453753
711449,453753
711548,453753
711520,453753
711403,453753
711519,453753
711468,453753
711224,453753
711240,453753
711504,453753
711439,453753
711353,453753
711499,453753
711506,453753
711490,453753
711500,453753
711391,453753
711412,453753
711554,453753
711571,453753
711389,453753
711234,453753
711589,453753
711630,453753
711629,453753
711608,453753
711416,453753
711344,453753
711611,453753
711492,453753
711473,453753
711549,453753
711559,453753
711561,453753
711513,453753
711489,453753
711505,453753
711508,453753
711523,453753
711408,453753
711412,453753
711232,453753
711429,453753
711341,453753
711343,453753
711449,453753
711583,453753
711452,453753
711478,453753
711391,453753
711311,453753
711428,453753
711541,453753
711450,453753
711494,453753
711549,453753
711535,453753
711652,453753
711606,453753
711584,453753
711472,453753
711568,453753
711479,453753
711521,453753
711591,453753
711551,453753
711506,453753
711568,453753
711608,453753
711466,453753
711369,453753
711324,453753
711297,453753
711472,453753
711508,453753
711114,453753
711521,453753
711435,453753
711412,453753
711408,453753
711401,453753
711364,453753
711523,453753
711420,453753
711448,453753
711524,453753
711502,453753
711532,453753
711507,453753
711481,453753
711600,453753
711564,453753
711555,453753
711524,453753
711393,453753
711504,453753
711626,453753
711606,453753
711522,453753
711625,453753
711566,453753
711473,453753
711236,453753
711518,453753
711264,453753
711482,453753
711491,453753
711566,453753
711499,453753
711392,453753
711488,453753
711562,453753
711062,453753
711248,453753
711360,453753
711503,453753
710946,453753
711524,453753
711470,453753
711579,453753
711639,453753
711568,453753
711618,453753
711575,453753
711505,453753
711568,453753
711348,453753
711392,453753
711602,453753
711554,453753
711555,453753
711506,453753
711555,453753
711528,453753
711581,453753
711490,453753
711513,453753
711546,453753
711366,453753
711358,453753
711585,453753
711515,453753
711577,453753
711475,453753
711484,453753
711481,453753
711460,453753
711114,453753
711181,453753
711359,453753
711467,453753
711559,453753
711593,453753
711492,453753
711518,453753
711506,453753
711582,453753
711547,453753
711351,453753
711250,453753
711546,453753
711550,453753
711447,453753
711406,453753
711600,453753
711592,453753
711619,453753
711505,453753
711398,453753
711341,453753
711364,453753
711579,453753
711529,453753
711400,453753
711113,453753
711187,453753
711025,453753
711543,453753
711459,453753
711592,453753
711203,453753
711539,453753
711517,453753
711535,453753
711581,453753
711604,453753
711558,453753
711564,453753
711488,453753
711515,453753
711370,453753
711441,453753
711620,453753
711647,453753
711661,453753
711579,453753
711581,453753
711542,453753
711462,453753
711553,453753
711540,453753
711491,453753
711460,453753
711423,453753
711480,453753
711360,453753
711369,453753
711489,453753
711448,453753
711250,453753
711481,453753
711541,453753
711540,453753
711485,453753
711496,453753
711572,453753
711520,453753
711560,453753
711531,453753
711580,453753
711542,453753
711506,453753
711537,453753
711608,453753
711548,453753
711465,453753
711333,453753
710796,453753
711461,453753
711468,453753
711516,453753
711327,453753
710968,453753
711402,453753
711520,453753
711413,453753
711122,453753
711312,453753
711352,453753
710992,453753
711404,453753
711536,453753
711542,453753
711396,453753
711602,453753
710883,453753
711186,453753
711369,453753
711384,453753
711604,453753
711447,453753
711621,453753
711601,453753
711603,453753
711515,453753
711515,453753
711556,453753
711473,453753
711458,453753
711384,453753
711122,453753
711127,453753
711443,453753
711496,453753
711499,453753
711437,453753
711455,453753
711535,453753
711547,453753
711579,453753
711578,453753
711601,453753
711585,453753
711545,453753
711433,453753
711620,453753
711599,453753
711542,453753
711510,453753
711557,453753
711508,453753
711467,453753
711472,453753
711485,453753
711501,453753
711550,453753
711595,453753
711505,453753
711417,453753
711321,453753
711569,453753
711539,453753
711544,453753
711605,453753
711511,453753
711160,453753
711454,453753
711568,453753
711534,453753
711247,453753
711294,453753
711598,453753
711562,453753
711561,453753
711632,453546
