>>> SUM-RHE arguments
python3 sumrhe.py 		--pheno /home/bronsonj/sumrhe/sumrhe/data/sumstats/sums_0.4_test_ldsc/sim_10k_0.sumstat
		--bim /home/bronsonj/sumrhe/sumrhe/10k_split.bim
		--trace /home/bronsonj/sumrhe/sumrhe/data/sumtrace/trace_10k_ref.tr
		--max-chisq 100.0
		--filter-both-sides --out
		./out
Analysis started at: 2024-03-25 15:43:03 PDT
Reading in trace summaries from /home/bronsonj/sumrhe/sumrhe/data/sumtrace/trace_10k_ref.tr
-- avg. jackknife LDscore sum:	1650605.183
-- number of jackknife blocks:	1000
-- genome-wide LDscore sum:	1652377.421
Reading a single phenotype sumstat file
Matched 454207 SNPs in phenotype sim_10k_0, out of 454207 SNPs (0 missing)
Filtering SNPs with chi-sq greater than 100.0
Removed 0 SNPs with chi-sq above the threshold
Calculated the denominator for phenotype sim_10k_0
^^^ Phenotype 0 Estimated total heritability (h^2): 0.47093 SE: 0.05385
Analysis ended at: 2024-03-25 15:43:04 PDT
run time: 1.224 s
Saved log in ./out.log
