TRACE,NSNPS_JACKKNIFE
10886,453753
10886.1,453753
10886.1,453753
10886.2,453753
10886.5,453753
10885.7,453753
10885.9,453753
10886.2,453753
10885.8,453753
10886.1,453753
10885.8,453753
10885.5,453753
10886.3,453753
10885.8,453753
10886.2,453753
10886,453753
10886.2,453753
10884.8,453753
10885.1,453753
10885.9,453753
10885.9,453753
10886.2,453753
10885.9,453753
10886.3,453753
10885.8,453753
10885.4,453753
10886.2,453753
10886.1,453753
10886.1,453753
10886.1,453753
10885.6,453753
10885.7,453753
10885.2,453753
10885.9,453753
10886.3,453753
10886.7,453753
10886.4,453753
10886,453753
10885.9,453753
10886.3,453753
10886.3,453753
10886.2,453753
10886.2,453753
10885.5,453753
10885.7,453753
10886,453753
10886,453753
10886,453753
10886.2,453753
10886.3,453753
10886,453753
10886,453753
10885.8,453753
10886.4,453753
10886.1,453753
10885.8,453753
10886.5,453753
10885.5,453753
10886.3,453753
10885.8,453753
10886.2,453753
10886.2,453753
10886.1,453753
10885.8,453753
10885.7,453753
10886,453753
10885.9,453753
10885.4,453753
10885.2,453753
10885.9,453753
10885.6,453753
10886.3,453753
10886.2,453753
10886,453753
10886.1,453753
10886.4,453753
10886,453753
10886,453753
10886.2,453753
10886,453753
10886,453753
10886,453753
10886.3,453753
10886.1,453753
10886.5,453753
10885.8,453753
10886.1,453753
10886.1,453753
10886.4,453753
10886,453753
10885.9,453753
10885.6,453753
10885.9,453753
10884.5,453753
10885.7,453753
10885.5,453753
10885.8,453753
10886.2,453753
10885.7,453753
10886.4,453753
10886.2,453753
10886.2,453753
10886.1,453753
10885.8,453753
10885.9,453753
10885.6,453753
10886.6,453753
10886,453753
10885.8,453753
10886.1,453753
10886.1,453753
10885.4,453753
10885.7,453753
10885.4,453753
10885.1,453753
10885.9,453753
10885.9,453753
10886.2,453753
10885.6,453753
10885.6,453753
10886,453753
10886.5,453753
10886.1,453753
10885.9,453753
10886.1,453753
10886.1,453753
10885.8,453753
10886.1,453753
10885.3,453753
10885.7,453753
10885.7,453753
10885.6,453753
10885.9,453753
10885.4,453753
10886,453753
10886.5,453753
10886.4,453753
10886.4,453753
10885.5,453753
10886.3,453753
10885.6,453753
10885.6,453753
10885.7,453753
10885.7,453753
10885.8,453753
10886.2,453753
10886,453753
10885.8,453753
10886.4,453753
10886.4,453753
10886.2,453753
10886.2,453753
10886.1,453753
10886,453753
10885.9,453753
10885.8,453753
10886.1,453753
10886.4,453753
10886.4,453753
10885.9,453753
10885.8,453753
10885.9,453753
10886.5,453753
10886.5,453753
10886.3,453753
10886.5,453753
10886.3,453753
10886,453753
10886.4,453753
10886.3,453753
10886.2,453753
10886,453753
10886.3,453753
10886.4,453753
10886.2,453753
10886,453753
10885.9,453753
10886.3,453753
10886.6,453753
10886.1,453753
10885.9,453753
10883.8,453753
10884.3,453753
10885.9,453753
10885.8,453753
10886,453753
10886.2,453753
10886.1,453753
10886.2,453753
10885.7,453753
10886.3,453753
10886.2,453753
10885.4,453753
10885.3,453753
10885.6,453753
10885.3,453753
10885.4,453753
10885.8,453753
10886.4,453753
10886.3,453753
10885.7,453753
10886.2,453753
10886.1,453753
10885.7,453753
10885.8,453753
10885.9,453753
10885.6,453753
10886.2,453753
10885.8,453753
10885.3,453753
10886.2,453753
10885.5,453753
10885.9,453753
10886.4,453753
10886.5,453753
10886.4,453753
10884.9,453753
10885.9,453753
10885.5,453753
10885.9,453753
10886.4,453753
10886.3,453753
10886.3,453753
10886.7,453753
10886,453753
10886,453753
10885.8,453753
10886.2,453753
10886.4,453753
10886.1,453753
10886,453753
10885.4,453753
10885.4,453753
10886.3,453753
10886.1,453753
10885.6,453753
10885.9,453753
10885.9,453753
10885.6,453753
10885.9,453753
10885.7,453753
10886.1,453753
10885.9,453753
10885.7,453753
10886.2,453753
10886.2,453753
10885.7,453753
10886.1,453753
10886.3,453753
10885.7,453753
10885.7,453753
10886.1,453753
10886.3,453753
10885.9,453753
10886.1,453753
10885.9,453753
10886,453753
10885.7,453753
10885.4,453753
10886.1,453753
10886,453753
10885.9,453753
10885.5,453753
10885.4,453753
10885.7,453753
10885.3,453753
10885.8,453753
10884.6,453753
10885.9,453753
10886,453753
10886,453753
10885.6,453753
10885.9,453753
10886.1,453753
10885.6,453753
10885.5,453753
10886.6,453753
10886.1,453753
10885.9,453753
10886.2,453753
10885.8,453753
10886.2,453753
10886.2,453753
10886.7,453753
10886,453753
10885.8,453753
10886.1,453753
10886,453753
10886.6,453753
10885.9,453753
10886.1,453753
10885.9,453753
10886.4,453753
10886.4,453753
10886.4,453753
10885.9,453753
10885.9,453753
10886.1,453753
10886.7,453753
10886.5,453753
10886.3,453753
10886.1,453753
10886.1,453753
10886.3,453753
10886.1,453753
10885.4,453753
10886,453753
10885.7,453753
10885.9,453753
10886.3,453753
10886.2,453753
10885.5,453753
10885.4,453753
10884.4,453753
10884.8,453753
10885.7,453753
10886.1,453753
10885.8,453753
10885.5,453753
10885.8,453753
10885.9,453753
10886.3,453753
10886.1,453753
10886,453753
10885.6,453753
10886.1,453753
10886.3,453753
10886,453753
10885.4,453753
10885.7,453753
10884.4,453753
10886.2,453753
10886.3,453753
10886.1,453753
10886.1,453753
10886.4,453753
10885.5,453753
10885.5,453753
10886,453753
10885.9,453753
10886,453753
10886,453753
10884.7,453753
10885.3,453753
10886.2,453753
10885.6,453753
10885.8,453753
10885.8,453753
10885.9,453753
10884.2,453753
10886.2,453753
10886.1,453753
10886.5,453753
10886,453753
10886.7,453753
10885.8,453753
10886.3,453753
10886.1,453753
10885.9,453753
10886.3,453753
10885.3,453753
10886,453753
10886.4,453753
10886,453753
10885.9,453753
10886.1,453753
10885.7,453753
10886.1,453753
10886,453753
10886,453753
10885.8,453753
10886.1,453753
10886.3,453753
10886.4,453753
10886.2,453753
10886.4,453753
10886.3,453753
10885.7,453753
10885.6,453753
10885.4,453753
10884,453753
10884.6,453753
10885.8,453753
10886.1,453753
10885.7,453753
10885.4,453753
10886,453753
10885.8,453753
10886,453753
10886.1,453753
10886.4,453753
10885.5,453753
10886,453753
10886,453753
10885.9,453753
10885,453753
10886,453753
10884.7,453753
10885.6,453753
10886.1,453753
10885.9,453753
10886.4,453753
10886.2,453753
10886.3,453753
10886.3,453753
10885.5,453753
10886.1,453753
10886.1,453753
10886.2,453753
10886,453753
10886.2,453753
10885.9,453753
10886.1,453753
10886.2,453753
10886.3,453753
10886,453753
10886.1,453753
10886.1,453753
10885.8,453753
10886.1,453753
10886,453753
10886.3,453753
10886.1,453753
10885.8,453753
10886.4,453753
10886.2,453753
10886.2,453753
10885.7,453753
10885.9,453753
10885.9,453753
10886.2,453753
10886.1,453753
10885.8,453753
10885.5,453753
10885.7,453753
10886.1,453753
10885.9,453753
10885.9,453753
10885.8,453753
10886,453753
10885.9,453753
10885.6,453753
10884.6,453753
10885.8,453753
10885.8,453753
10885.7,453753
10886.5,453753
10885.6,453753
10885.8,453753
10885.9,453753
10886.2,453753
10886.1,453753
10885.5,453753
10885.2,453753
10886,453753
10886.2,453753
10886.2,453753
10886.2,453753
10886.1,453753
10885.9,453753
10885.4,453753
10885.6,453753
10885.9,453753
10885.8,453753
10886.4,453753
10885.9,453753
10885.8,453753
10886.1,453753
10886.3,453753
10886,453753
10886.1,453753
10886,453753
10885.8,453753
10885.8,453753
10885.9,453753
10886.1,453753
10885.5,453753
10885.7,453753
10886.2,453753
10885.1,453753
10883.6,453753
10884.1,453753
10885.7,453753
10886.2,453753
10886.2,453753
10885.9,453753
10885.7,453753
10885.7,453753
10886.6,453753
10885.7,453753
10886.2,453753
10885.9,453753
10886.2,453753
10886.2,453753
10885.3,453753
10885.6,453753
10886.1,453753
10886,453753
10886.1,453753
10885.7,453753
10886.2,453753
10886.4,453753
10886.1,453753
10885.5,453753
10885.8,453753
10885.5,453753
10885.3,453753
10885.3,453753
10886.5,453753
10885.7,453753
10886.1,453753
10886.1,453753
10886,453753
10886.2,453753
10885.6,453753
10886.5,453753
10885.7,453753
10886.4,453753
10886,453753
10886.5,453753
10885.8,453753
10886,453753
10886.1,453753
10886.3,453753
10886.2,453753
10885.8,453753
10885.9,453753
10886.4,453753
10886.2,453753
10886.8,453753
10886.1,453753
10886.1,453753
10885.6,453753
10886.2,453753
10886.1,453753
10886,453753
10886.2,453753
10886.2,453753
10886.3,453753
10885.7,453753
10885.6,453753
10885.5,453753
10884.8,453753
10885.5,453753
10885.6,453753
10885.5,453753
10886.2,453753
10886.1,453753
10886.1,453753
10886,453753
10886.1,453753
10886.1,453753
10885.9,453753
10886.3,453753
10885.8,453753
10885.9,453753
10886,453753
10886.1,453753
10886.6,453753
10885.9,453753
10885.4,453753
10885.8,453753
10885.1,453753
10886.2,453753
10885.8,453753
10886.4,453753
10886.1,453753
10886.1,453753
10886.2,453753
10886,453753
10886.4,453753
10886.2,453753
10885.7,453753
10886,453753
10886.1,453753
10886.5,453753
10885.8,453753
10885.8,453753
10885.9,453753
10886.4,453753
10885.7,453753
10886,453753
10885.8,453753
10886,453753
10885.6,453753
10886.1,453753
10886.1,453753
10886,453753
10885.2,453753
10884.8,453753
10886,453753
10886.5,453753
10886,453753
10886.1,453753
10885.5,453753
10886.4,453753
10886.2,453753
10885.7,453753
10886.1,453753
10885.8,453753
10883.9,453753
10886.4,453753
10885.9,453753
10885.7,453753
10886.2,453753
10886.2,453753
10885.9,453753
10886.3,453753
10886.1,453753
10885.4,453753
10885.4,453753
10886.1,453753
10885.9,453753
10886.3,453753
10886.4,453753
10886.3,453753
10886.3,453753
10886.3,453753
10886,453753
10886.6,453753
10885.9,453753
10886.5,453753
10885.9,453753
10885,453753
10886.3,453753
10885.5,453753
10885.6,453753
10886.3,453753
10886.1,453753
10886.2,453753
10885.6,453753
10886.2,453753
10886.2,453753
10886.1,453753
10886,453753
10885.5,453753
10886,453753
10885.9,453753
10885.9,453753
10885.9,453753
10886.5,453753
10885.9,453753
10881.7,453753
10874.9,453753
10883.9,453753
10885.8,453753
10885.8,453753
10885.1,453753
10886.2,453753
10885.4,453753
10886.4,453753
10886.4,453753
10886.4,453753
10884.9,453753
10885.9,453753
10885.8,453753
10886.3,453753
10886.3,453753
10885.9,453753
10886.1,453753
10885.6,453753
10885.9,453753
10886.1,453753
10886,453753
10886,453753
10886.1,453753
10885.9,453753
10886.2,453753
10885.9,453753
10886.4,453753
10886,453753
10886.1,453753
10886.1,453753
10885.7,453753
10885.9,453753
10886.5,453753
10886.4,453753
10885.9,453753
10885.8,453753
10885.8,453753
10886.1,453753
10885.8,453753
10886.1,453753
10885.9,453753
10886.2,453753
10885.8,453753
10885.9,453753
10885.6,453753
10884.4,453753
10885.4,453753
10885.8,453753
10885,453753
10885.3,453753
10886.1,453753
10886,453753
10886.2,453753
10886.1,453753
10886.1,453753
10886.2,453753
10885.7,453753
10886.1,453753
10886,453753
10885.3,453753
10885.3,453753
10886.5,453753
10886.5,453753
10885.6,453753
10885.8,453753
10886.4,453753
10886.1,453753
10886.7,453753
10885.8,453753
10886.1,453753
10886.2,453753
10886,453753
10885.9,453753
10885.3,453753
10886.5,453753
10886.4,453753
10886.2,453753
10886.5,453753
10885.8,453753
10885.2,453753
10886.4,453753
10886,453753
10886,453753
10885.9,453753
10886.1,453753
10885.9,453753
10886.3,453753
10886.2,453753
10886,453753
10886.1,453753
10886.1,453753
10886.4,453753
10886.1,453753
10885.5,453753
10886.2,453753
10886.3,453753
10885.4,453753
10885.8,453753
10886.2,453753
10886,453753
10886,453753
10886.2,453753
10885.9,453753
10885.4,453753
10886.2,453753
10886.2,453753
10886.1,453753
10886.3,453753
10886.3,453753
10886.5,453753
10886,453753
10886.3,453753
10886.1,453753
10886,453753
10885.9,453753
10885.9,453753
10886.3,453753
10886.6,453753
10885.8,453753
10886.1,453753
10886.3,453753
10886.1,453753
10886.1,453753
10885.5,453753
10885.8,453753
10885.9,453753
10886.3,453753
10886.1,453753
10885.6,453753
10885.4,453753
10886.1,453753
10885.7,453753
10886.1,453753
10885.9,453753
10885.9,453753
10885.9,453753
10885.7,453753
10885.8,453753
10886.1,453753
10886.3,453753
10886.5,453753
10885.8,453753
10886.1,453753
10886,453753
10886.5,453753
10885.7,453753
10885.7,453753
10886.1,453753
10886.2,453753
10886.1,453753
10886.1,453753
10886,453753
10886.3,453753
10886.1,453753
10885.5,453753
10885.8,453753
10885.7,453753
10886.3,453753
10886.1,453753
10886,453753
10886.2,453753
10886.2,453753
10886.2,453753
10886.1,453753
10885.2,453753
10885.3,453753
10886.1,453753
10886,453753
10885.6,453753
10886,453753
10886.2,453753
10886,453753
10885.9,453753
10886.2,453753
10886.1,453753
10885.9,453753
10886.8,453753
10886.7,453753
10885.9,453753
10885.8,453753
10885.9,453753
10886,453753
10886.3,453753
10885.9,453753
10886.2,453753
10885.9,453753
10886.4,453753
10886,453753
10886.1,453753
10886.6,453753
10885.6,453753
10885.9,453753
10886.5,453753
10886.3,453753
10885.9,453753
10886,453753
10885.8,453753
10885.9,453753
10885.9,453753
10885.4,453753
10885.8,453753
10885.7,453753
10886.1,453753
10886.4,453753
10885.8,453753
10885.8,453753
10886,453753
10886.1,453753
10886.3,453753
10886,453753
10885.8,453753
10885.6,453753
10885.5,453753
10885.8,453753
10886.2,453753
10885.9,453753
10886.3,453753
10886.2,453753
10886.6,453753
10886.1,453753
10886.1,453753
10885.7,453753
10885.4,453753
10886.2,453753
10886.2,453753
10885.5,453753
10885.3,453753
10885.4,453753
10885.5,453753
10886.3,453753
10886,453753
10886.3,453753
10885.5,453753
10886,453753
10886.5,453753
10886.2,453753
10885.9,453753
10885.7,453753
10886.3,453753
10886,453753
10886.2,453753
10886.3,453753
10885.6,453753
10886,453753
10886.3,453753
10886.3,453753
10886.1,453753
10886.2,453753
10886.6,453753
10886,453753
10885.9,453753
10886.4,453753
10885.7,453753
10886,453753
10886.6,453753
10885.6,453753
10885.5,453753
10886.3,453753
10885.8,453753
10886,453753
10885.9,453753
10885.4,453753
10885.9,453753
10886.3,453753
10886.3,453753
10886.1,453753
10886.1,453753
10886.1,453753
10886.3,453753
10886.1,453753
10886.2,453753
10886.7,453753
10886.3,453753
10886.4,453753
10886.3,453753
10886.5,453753
10886.3,453753
10886.1,453753
10886.1,453753
10886,453753
10886.1,453753
10885.9,453753
10885.7,453753
10886,453753
10884.9,453753
10886.1,453753
10886.4,453753
10885.9,453753
10885.2,453753
10885.9,453753
10886.8,453753
10885.2,453753
10886,453753
10886.4,453753
10886,453753
10886.3,453753
10885.9,453753
10885.2,453753
10885.3,453753
10886.1,453753
10885.9,453753
10886.2,453753
10885.7,453753
10886.4,453753
10886.3,453753
10886.3,453753
10886.2,453753
10886.1,453753
10886.2,453753
10886.3,453753
10886,453753
10886.3,453753
10885.2,453753
10884.7,453753
10885.7,453753
10885.9,453753
10885.9,453753
10885.4,453753
10885.9,453753
10886.2,453753
10886.2,453753
10886.3,453753
10886.5,453753
10886.5,453753
10886.1,453753
10885.9,453753
10885.6,453753
10886.1,453753
10886.1,453753
10886.3,453753
10886.4,453753
10886.7,453753
10886.3,453753
10886.1,453753
10886.3,453753
10886,453753
10886.4,453753
10886.3,453753
10886.1,453753
10886.5,453753
10885.7,453753
10885.8,453753
10886.3,453753
10885.5,453753
10886.3,453753
10885.9,453753
10886.3,453753
10885.4,453753
10885.5,453753
10886.2,453753
10885.9,453753
10885.2,453753
10885.6,453753
10886.1,453753
10886.1,453753
10886.4,453753
10886.5,453546
