TRACE,NSNPS_JACKKNIFE
10876.3,453753
10876.7,453753
10876.5,453753
10876.2,453753
10876.5,453753
10876.3,453753
10876.3,453753
10876.2,453753
10876.2,453753
10876.3,453753
10876.5,453753
10875.7,453753
10876.3,453753
10876.1,453753
10876.7,453753
10876.7,453753
10875.8,453753
10875.9,453753
10875.7,453753
10875.8,453753
10875.7,453753
10876.1,453753
10876.5,453753
10876.4,453753
10876.5,453753
10876.4,453753
10876.5,453753
10875.9,453753
10876.2,453753
10876.4,453753
10876.4,453753
10875.7,453753
10876.5,453753
10875.7,453753
10876.3,453753
10876.4,453753
10876.1,453753
10875.9,453753
10876.3,453753
10876,453753
10876.4,453753
10876.2,453753
10876.2,453753
10875.8,453753
10876.4,453753
10876.2,453753
10876,453753
10876.1,453753
10876.4,453753
10876.6,453753
10876.1,453753
10876.4,453753
10876.4,453753
10876.2,453753
10875.9,453753
10876.5,453753
10876.4,453753
10875.5,453753
10876.5,453753
10876.3,453753
10876.2,453753
10876.6,453753
10876.7,453753
10876.1,453753
10875.8,453753
10876.2,453753
10875.6,453753
10876.2,453753
10876,453753
10876.2,453753
10876,453753
10876.3,453753
10875.5,453753
10876.5,453753
10876.2,453753
10876.3,453753
10876.6,453753
10876.4,453753
10876.8,453753
10876.3,453753
10875.7,453753
10876.2,453753
10876.3,453753
10876.6,453753
10876.4,453753
10876.3,453753
10876.4,453753
10876.2,453753
10876.2,453753
10876.2,453753
10876.4,453753
10876.2,453753
10876,453753
10875.3,453753
10876,453753
10875.7,453753
10876.6,453753
10876,453753
10876.3,453753
10876.6,453753
10875.8,453753
10875.7,453753
10875.7,453753
10875.6,453753
10875.5,453753
10876.2,453753
10876.3,453753
10875.9,453753
10876.4,453753
10875.9,453753
10876,453753
10876.2,453753
10876.3,453753
10875.7,453753
10876,453753
10876.3,453753
10876.1,453753
10875.8,453753
10876.4,453753
10875.9,453753
10875.8,453753
10876.5,453753
10876.3,453753
10876.3,453753
10876.6,453753
10876.1,453753
10876.1,453753
10876.1,453753
10876.3,453753
10876,453753
10876,453753
10876.1,453753
10875.7,453753
10876.4,453753
10875.4,453753
10876.5,453753
10876.1,453753
10876.3,453753
10876,453753
10876.1,453753
10875.8,453753
10875.6,453753
10876.5,453753
10876.1,453753
10875.6,453753
10875.3,453753
10875.9,453753
10876.5,453753
10876.8,453753
10876.3,453753
10876.2,453753
10876.1,453753
10876.5,453753
10876.3,453753
10876.2,453753
10876.3,453753
10876.7,453753
10876.1,453753
10876.2,453753
10876.2,453753
10875.7,453753
10876,453753
10876.1,453753
10876.1,453753
10876.6,453753
10876.3,453753
10876.5,453753
10876.3,453753
10876.1,453753
10876.2,453753
10876,453753
10876.3,453753
10875.8,453753
10876.1,453753
10876.2,453753
10876.5,453753
10876.2,453753
10876.3,453753
10876.5,453753
10876.3,453753
10876.1,453753
10874.4,453753
10874.4,453753
10876,453753
10876.1,453753
10875.9,453753
10876.4,453753
10876.2,453753
10876.8,453753
10875.9,453753
10876.5,453753
10876.1,453753
10876.1,453753
10875.9,453753
10875.4,453753
10875.3,453753
10876,453753
10876.2,453753
10876.6,453753
10875.7,453753
10875.8,453753
10876.1,453753
10876.3,453753
10876.2,453753
10876.3,453753
10876.5,453753
10876.2,453753
10876.4,453753
10876.1,453753
10875.7,453753
10876,453753
10876.5,453753
10876.4,453753
10876.4,453753
10876.6,453753
10876.2,453753
10875.2,453753
10874.8,453753
10875.9,453753
10875.4,453753
10876.2,453753
10876.5,453753
10875.9,453753
10876.3,453753
10876,453753
10876.1,453753
10876.6,453753
10876.4,453753
10876.3,453753
10876.5,453753
10876.1,453753
10875.7,453753
10875.8,453753
10876.2,453753
10876.4,453753
10876.8,453753
10876.1,453753
10876.4,453753
10875.9,453753
10875.9,453753
10876.1,453753
10876.6,453753
10876.6,453753
10876.3,453753
10876.1,453753
10875.8,453753
10875.9,453753
10876,453753
10876,453753
10876.3,453753
10875.9,453753
10876.2,453753
10876.5,453753
10876.1,453753
10875.5,453753
10876.4,453753
10876,453753
10876.5,453753
10875.9,453753
10876.4,453753
10876.5,453753
10876.1,453753
10875.6,453753
10875.9,453753
10876.3,453753
10876,453753
10875.8,453753
10875.4,453753
10876.3,453753
10875.9,453753
10876.1,453753
10875.4,453753
10876.1,453753
10876.2,453753
10875.5,453753
10876,453753
10876.9,453753
10876.4,453753
10875.9,453753
10875.9,453753
10875.8,453753
10875.8,453753
10876.7,453753
10876.1,453753
10876.2,453753
10876.1,453753
10876.1,453753
10876.4,453753
10876.5,453753
10876.3,453753
10876.3,453753
10876.5,453753
10876.8,453753
10876.5,453753
10876.6,453753
10876.4,453753
10875.7,453753
10876.5,453753
10876.6,453753
10876.6,453753
10876,453753
10876.5,453753
10876.4,453753
10876.4,453753
10876.3,453753
10876.3,453753
10876.6,453753
10876.2,453753
10876.2,453753
10876.8,453753
10876.8,453753
10876.7,453753
10876.7,453753
10875.9,453753
10874.9,453753
10875.9,453753
10876.4,453753
10875.9,453753
10876.4,453753
10876.1,453753
10875.9,453753
10876.1,453753
10876.2,453753
10876.5,453753
10876.2,453753
10876.4,453753
10876.3,453753
10876.2,453753
10875.9,453753
10876.1,453753
10875.3,453753
10876.2,453753
10876.7,453753
10875.8,453753
10876,453753
10876.5,453753
10875.6,453753
10876.5,453753
10876.1,453753
10876.5,453753
10876.4,453753
10876.1,453753
10874.7,453753
10874.7,453753
10875.9,453753
10876,453753
10876.1,453753
10876.1,453753
10875.9,453753
10874.8,453753
10876.8,453753
10876,453753
10876.2,453753
10876.4,453753
10876.4,453753
10876,453753
10876.1,453753
10876.1,453753
10876.1,453753
10876.6,453753
10876.7,453753
10875.8,453753
10876.5,453753
10876.4,453753
10876.4,453753
10876.3,453753
10876.4,453753
10876.5,453753
10876.4,453753
10876.3,453753
10876.6,453753
10876.1,453753
10876.3,453753
10875.8,453753
10876.5,453753
10875.9,453753
10876.4,453753
10875.3,453753
10875.9,453753
10876,453753
10874.9,453753
10875.7,453753
10876,453753
10875.9,453753
10876.3,453753
10875.7,453753
10875.9,453753
10875.7,453753
10876.6,453753
10876.9,453753
10876,453753
10876.1,453753
10875.7,453753
10876.6,453753
10876,453753
10876,453753
10875.6,453753
10876,453753
10876.2,453753
10876.1,453753
10876.6,453753
10876,453753
10875.9,453753
10876.6,453753
10876.8,453753
10875.2,453753
10876.1,453753
10876.5,453753
10875.9,453753
10876,453753
10875.9,453753
10876.3,453753
10876.3,453753
10876.9,453753
10876.5,453753
10876.5,453753
10876.3,453753
10876.3,453753
10876.1,453753
10875.8,453753
10875.9,453753
10876.1,453753
10876.7,453753
10876.2,453753
10876.4,453753
10876.4,453753
10875.7,453753
10876.4,453753
10875.9,453753
10876.2,453753
10876.3,453753
10876.4,453753
10876,453753
10876.6,453753
10875.7,453753
10876.3,453753
10876.4,453753
10875.8,453753
10876.1,453753
10876.1,453753
10876.1,453753
10875.3,453753
10874.6,453753
10876.2,453753
10876.6,453753
10876.1,453753
10875.9,453753
10876.2,453753
10875.6,453753
10875.3,453753
10875.6,453753
10876.5,453753
10875.9,453753
10876,453753
10876.4,453753
10876,453753
10876.6,453753
10875.9,453753
10875.8,453753
10876,453753
10876.3,453753
10876.2,453753
10876.4,453753
10876.4,453753
10876.6,453753
10876.2,453753
10876.7,453753
10876.2,453753
10876.7,453753
10876.5,453753
10876.2,453753
10876.3,453753
10876.1,453753
10875.7,453753
10875.4,453753
10876.6,453753
10876.1,453753
10876.3,453753
10876.3,453753
10875.4,453753
10873.3,453753
10874.2,453753
10876.2,453753
10876.3,453753
10876.4,453753
10876,453753
10876.3,453753
10876,453753
10876,453753
10876.1,453753
10876.2,453753
10876.1,453753
10876.3,453753
10876,453753
10875.6,453753
10875.8,453753
10876.1,453753
10876.7,453753
10876.4,453753
10876.6,453753
10876.2,453753
10876.4,453753
10876.2,453753
10876.1,453753
10876.5,453753
10876.2,453753
10875.8,453753
10875.6,453753
10876.4,453753
10876.4,453753
10876,453753
10876.1,453753
10875.8,453753
10876.1,453753
10875.9,453753
10876.3,453753
10876.2,453753
10876.3,453753
10876.2,453753
10876,453753
10876.4,453753
10876.1,453753
10876.2,453753
10876,453753
10876.3,453753
10876.2,453753
10876.6,453753
10876,453753
10876.3,453753
10876.5,453753
10876.2,453753
10876.1,453753
10876.6,453753
10876.3,453753
10875.7,453753
10875.8,453753
10876.5,453753
10876,453753
10876.5,453753
10875.4,453753
10876,453753
10875.9,453753
10875.7,453753
10876.1,453753
10875.9,453753
10876.3,453753
10876.4,453753
10876.1,453753
10875.9,453753
10876.4,453753
10876.6,453753
10876.3,453753
10876.3,453753
10876.4,453753
10876,453753
10876.3,453753
10875.7,453753
10876.6,453753
10876.7,453753
10876.2,453753
10876.1,453753
10876.2,453753
10876.2,453753
10876.3,453753
10876.1,453753
10875.9,453753
10876.2,453753
10876.4,453753
10876.4,453753
10876.3,453753
10876.3,453753
10876.2,453753
10876.3,453753
10876.3,453753
10876.2,453753
10875.8,453753
10876.3,453753
10876.6,453753
10876.2,453753
10876.3,453753
10876.2,453753
10876.1,453753
10875.8,453753
10876.1,453753
10876.2,453753
10876.3,453753
10875.8,453753
10876.2,453753
10875.5,453753
10875.4,453753
10875.6,453753
10875.9,453753
10876.2,453753
10876.4,453753
10876.2,453753
10875.9,453753
10876.1,453753
10876,453753
10876.7,453753
10876,453753
10873.7,453753
10876,453753
10876.2,453753
10876,453753
10876.5,453753
10876.3,453753
10876,453753
10876.2,453753
10875.5,453753
10875.5,453753
10876.5,453753
10876.5,453753
10876.4,453753
10876,453753
10876.3,453753
10876.6,453753
10876.5,453753
10876.3,453753
10876.3,453753
10875.9,453753
10876.9,453753
10876.3,453753
10875.8,453753
10875.8,453753
10875.9,453753
10876.2,453753
10875.3,453753
10876.4,453753
10875.6,453753
10876.3,453753
10876.2,453753
10876.6,453753
10876.8,453753
10876.5,453753
10876.1,453753
10875.6,453753
10875.6,453753
10875.7,453753
10876.3,453753
10875.6,453753
10875.9,453753
10876.1,453753
10871.4,453753
10862.2,453753
10874,453753
10876,453753
10875.5,453753
10876.1,453753
10876.4,453753
10876.3,453753
10876.3,453753
10876.7,453753
10876.4,453753
10874.9,453753
10875.9,453753
10876.5,453753
10875.8,453753
10876,453753
10876.1,453753
10876.3,453753
10875.8,453753
10875.8,453753
10875.9,453753
10876.5,453753
10876.4,453753
10876.3,453753
10876.4,453753
10875.8,453753
10876.2,453753
10876.5,453753
10876.6,453753
10876.5,453753
10876.4,453753
10876.5,453753
10876.2,453753
10875.9,453753
10876.3,453753
10876.5,453753
10876.2,453753
10876.3,453753
10876.5,453753
10876.1,453753
10876.6,453753
10876.4,453753
10876.5,453753
10876.1,453753
10876.4,453753
10876.1,453753
10874.4,453753
10876,453753
10876.4,453753
10876.1,453753
10876.1,453753
10876,453753
10875.8,453753
10876.2,453753
10875.7,453753
10876.6,453753
10875.9,453753
10876,453753
10876.6,453753
10876.1,453753
10875.5,453753
10875.7,453753
10876.4,453753
10875.9,453753
10876.5,453753
10876.3,453753
10876.4,453753
10875.7,453753
10876,453753
10875.8,453753
10875.9,453753
10876.5,453753
10876.3,453753
10875.9,453753
10876.3,453753
10876.4,453753
10876.9,453753
10876.2,453753
10876.3,453753
10876.2,453753
10875.6,453753
10876.8,453753
10876,453753
10876.2,453753
10876.4,453753
10876.4,453753
10876.3,453753
10876.1,453753
10876.4,453753
10876.4,453753
10875.8,453753
10876,453753
10876,453753
10875.9,453753
10876,453753
10876.5,453753
10876.5,453753
10876.2,453753
10876.6,453753
10876.3,453753
10875.6,453753
10876.1,453753
10876.5,453753
10876.5,453753
10875.9,453753
10876.4,453753
10875.9,453753
10876.4,453753
10876.6,453753
10875.9,453753
10876.5,453753
10876.2,453753
10876.6,453753
10876.2,453753
10876.6,453753
10876.1,453753
10876.3,453753
10876.4,453753
10876.3,453753
10875.9,453753
10876.1,453753
10876.1,453753
10876.1,453753
10876.1,453753
10875.9,453753
10875.8,453753
10876.4,453753
10876.4,453753
10875.8,453753
10876.4,453753
10875.6,453753
10876,453753
10875.9,453753
10876.3,453753
10876.3,453753
10876.6,453753
10875.9,453753
10875.7,453753
10876.2,453753
10876.1,453753
10876.4,453753
10876.3,453753
10876,453753
10876.6,453753
10876.4,453753
10876.3,453753
10876.6,453753
10876.5,453753
10876.4,453753
10876.4,453753
10876.3,453753
10876.3,453753
10876.5,453753
10876.3,453753
10876.4,453753
10875.4,453753
10876.5,453753
10875.6,453753
10876.1,453753
10876,453753
10876.2,453753
10876.5,453753
10876,453753
10876.4,453753
10876.3,453753
10875.6,453753
10875.8,453753
10875.5,453753
10876.4,453753
10875.2,453753
10876.1,453753
10875.5,453753
10876.8,453753
10876.4,453753
10876.7,453753
10876.2,453753
10876.4,453753
10876,453753
10876,453753
10876.2,453753
10876.2,453753
10876.7,453753
10876.1,453753
10876.6,453753
10876.6,453753
10876.9,453753
10875.9,453753
10876.4,453753
10876.4,453753
10876.2,453753
10876.4,453753
10876.2,453753
10875.8,453753
10876,453753
10876.1,453753
10876.3,453753
10876.6,453753
10876.4,453753
10876.4,453753
10875.9,453753
10875.6,453753
10876,453753
10876.1,453753
10876,453753
10876.4,453753
10876.4,453753
10876.1,453753
10876.2,453753
10876.2,453753
10876.3,453753
10875.9,453753
10875.9,453753
10876.3,453753
10876.6,453753
10876.2,453753
10876.4,453753
10876.1,453753
10876.7,453753
10876.5,453753
10876.3,453753
10876,453753
10876.5,453753
10876.4,453753
10875.4,453753
10876.5,453753
10876.2,453753
10876.2,453753
10875.7,453753
10875.3,453753
10875.3,453753
10876.5,453753
10876.7,453753
10876.6,453753
10875.8,453753
10876.2,453753
10876.7,453753
10876.3,453753
10876.2,453753
10876.6,453753
10876.4,453753
10876.2,453753
10875.9,453753
10876.5,453753
10876.2,453753
10876.3,453753
10876.4,453753
10876.6,453753
10876.3,453753
10876.5,453753
10876.3,453753
10876.9,453753
10875.7,453753
10876.3,453753
10876.1,453753
10876.7,453753
10876.4,453753
10875.9,453753
10875.8,453753
10876,453753
10875.9,453753
10876.1,453753
10875.9,453753
10876.1,453753
10876,453753
10876.4,453753
10876.2,453753
10876.2,453753
10876.3,453753
10876.2,453753
10876.2,453753
10876.8,453753
10876.1,453753
10876.4,453753
10876.4,453753
10876.3,453753
10876.4,453753
10876.3,453753
10876.3,453753
10875.7,453753
10875.6,453753
10874.8,453753
10876.2,453753
10876.5,453753
10876.8,453753
10875.7,453753
10875.2,453753
10876.5,453753
10876.2,453753
10876.4,453753
10875.6,453753
10875.8,453753
10875.8,453753
10875.2,453753
10876.3,453753
10876.4,453753
10876.3,453753
10875.8,453753
10876.3,453753
10875,453753
10875.5,453753
10876.1,453753
10876.1,453753
10876.3,453753
10876.1,453753
10876.3,453753
10876.1,453753
10876.5,453753
10876.3,453753
10876.4,453753
10876.4,453753
10875.7,453753
10876,453753
10876.1,453753
10875.9,453753
10875.5,453753
10876,453753
10876.7,453753
10876.2,453753
10876.4,453753
10876.7,453753
10876.3,453753
10876.4,453753
10876.8,453753
10876.4,453753
10876.5,453753
10876.2,453753
10876.1,453753
10876.1,453753
10876.3,453753
10876.5,453753
10876.4,453753
10876.5,453753
10876.3,453753
10876.8,453753
10876.2,453753
10876.4,453753
10875.9,453753
10876,453753
10876.1,453753
10876.3,453753
10875.9,453753
10876.1,453753
10876.2,453753
10876.4,453753
10876.4,453753
10876.6,453753
10876.6,453753
10876.2,453753
10875.8,453753
10876.1,453753
10876.3,453753
10876.3,453753
10876.1,453753
10875.9,453753
10876.6,453753
10876.7,453753
10876.6,453753
10876.6,453546
