TRACE,NSNPS_JACKKNIFE
10817.7,453753
10817.2,453753
10817.2,453753
10817.7,453753
10817,453753
10817.4,453753
10817.1,453753
10817,453753
10817.7,453753
10817.8,453753
10817.6,453753
10817.1,453753
10817.3,453753
10817.3,453753
10817.3,453753
10817.4,453753
10817.3,453753
10816.3,453753
10816.7,453753
10817.1,453753
10817.4,453753
10817.5,453753
10817.5,453753
10817.3,453753
10817.6,453753
10817.3,453753
10816.9,453753
10817.9,453753
10817,453753
10817.6,453753
10817.3,453753
10817.1,453753
10817.3,453753
10816.9,453753
10817.4,453753
10817.2,453753
10817.2,453753
10817.2,453753
10817.5,453753
10817.4,453753
10817.1,453753
10817,453753
10817.3,453753
10816.2,453753
10817,453753
10816.9,453753
10817.4,453753
10817.2,453753
10817.5,453753
10817,453753
10817.4,453753
10817.3,453753
10816.9,453753
10817.2,453753
10816.9,453753
10817.6,453753
10817.2,453753
10817.2,453753
10817.1,453753
10817.3,453753
10817.1,453753
10817.4,453753
10817.6,453753
10817.4,453753
10817.2,453753
10817.2,453753
10817,453753
10817.2,453753
10816.8,453753
10817.2,453753
10816.9,453753
10817.1,453753
10817.5,453753
10817.4,453753
10817.6,453753
10817.3,453753
10817.5,453753
10817.1,453753
10817.7,453753
10817.4,453753
10816.9,453753
10817.3,453753
10817.5,453753
10817.3,453753
10817.1,453753
10817.4,453753
10817.5,453753
10817.5,453753
10817.7,453753
10817.4,453753
10817,453753
10817,453753
10817.4,453753
10816.7,453753
10817.5,453753
10817.6,453753
10817.4,453753
10817.4,453753
10817.5,453753
10817,453753
10816.9,453753
10817.2,453753
10817.1,453753
10816.8,453753
10817.1,453753
10817.3,453753
10817.8,453753
10816.9,453753
10817.3,453753
10817,453753
10817.1,453753
10817.3,453753
10817.1,453753
10816.6,453753
10817.6,453753
10817.1,453753
10817.5,453753
10817.2,453753
10817.1,453753
10817.2,453753
10816.7,453753
10817.5,453753
10817.4,453753
10817.2,453753
10817.4,453753
10817.4,453753
10816.8,453753
10817.2,453753
10816.8,453753
10817.4,453753
10817.2,453753
10817.4,453753
10817.1,453753
10817.2,453753
10817.4,453753
10817.1,453753
10817.3,453753
10817.4,453753
10816.3,453753
10817.1,453753
10816.9,453753
10816.9,453753
10817.1,453753
10817.2,453753
10817.3,453753
10817.1,453753
10816.8,453753
10817.5,453753
10817.4,453753
10817.1,453753
10816.9,453753
10817.2,453753
10817.9,453753
10817.6,453753
10817.4,453753
10817.1,453753
10817.2,453753
10817.5,453753
10817.7,453753
10817.5,453753
10817.7,453753
10817.2,453753
10817.6,453753
10817.5,453753
10817.2,453753
10817.4,453753
10817.4,453753
10817.4,453753
10817.4,453753
10816.9,453753
10817.2,453753
10817.6,453753
10817.3,453753
10817.3,453753
10817,453753
10817.1,453753
10817.7,453753
10817.3,453753
10817.3,453753
10817.2,453753
10817.2,453753
10816.2,453753
10816.7,453753
10817.4,453753
10817,453753
10817.9,453753
10817.7,453753
10817.2,453753
10817.8,453753
10817.3,453753
10817.8,453753
10817.6,453753
10816.9,453753
10816.5,453753
10816.8,453753
10815.7,453753
10816.2,453753
10817.3,453753
10817.6,453753
10817.8,453753
10817.1,453753
10817.7,453753
10817.2,453753
10816.9,453753
10817.3,453753
10817.6,453753
10817,453753
10817.4,453753
10817.3,453753
10816.5,453753
10817.4,453753
10817.4,453753
10817.4,453753
10817.2,453753
10816.6,453753
10817.1,453753
10816.5,453753
10816.5,453753
10816.8,453753
10816.5,453753
10817.3,453753
10817.4,453753
10816.7,453753
10817.4,453753
10817.4,453753
10817.6,453753
10817.1,453753
10817.6,453753
10817.2,453753
10817.6,453753
10817,453753
10817.2,453753
10816.6,453753
10817.1,453753
10817.6,453753
10817.7,453753
10817.1,453753
10817,453753
10817.5,453753
10817.3,453753
10817.6,453753
10817.6,453753
10817.7,453753
10817.5,453753
10817.4,453753
10817.8,453753
10817.3,453753
10817.4,453753
10817.5,453753
10816.3,453753
10816.7,453753
10817,453753
10817.2,453753
10817,453753
10817.3,453753
10817.2,453753
10817.1,453753
10817.3,453753
10816.7,453753
10817.1,453753
10817.7,453753
10817.2,453753
10816,453753
10817.7,453753
10817.2,453753
10817.3,453753
10817,453753
10815.7,453753
10817.5,453753
10817.4,453753
10817.6,453753
10817.5,453753
10816.8,453753
10817,453753
10817,453753
10816.8,453753
10817.3,453753
10817,453753
10817.4,453753
10816.8,453753
10817.2,453753
10817.5,453753
10817.3,453753
10817.7,453753
10816.7,453753
10816.9,453753
10817.4,453753
10817,453753
10817,453753
10817.5,453753
10817.4,453753
10817.2,453753
10817.4,453753
10817.4,453753
10817.6,453753
10817.6,453753
10817.5,453753
10817.4,453753
10817.5,453753
10817,453753
10817.6,453753
10817.5,453753
10817.8,453753
10817.6,453753
10817.2,453753
10817.1,453753
10817.4,453753
10817.7,453753
10817.5,453753
10817.3,453753
10817.7,453753
10817.1,453753
10816.6,453753
10816.4,453753
10815.8,453753
10816.9,453753
10817.4,453753
10817,453753
10817.1,453753
10817.9,453753
10817.3,453753
10817.4,453753
10817.2,453753
10817.9,453753
10817.3,453753
10817,453753
10817.1,453753
10817.1,453753
10817.4,453753
10817.2,453753
10815.5,453753
10817.2,453753
10817.1,453753
10817.3,453753
10817.3,453753
10816.9,453753
10816.9,453753
10817.5,453753
10817.7,453753
10817.1,453753
10817.4,453753
10817.5,453753
10816.6,453753
10817.6,453753
10817.1,453753
10817.3,453753
10817.1,453753
10817.1,453753
10817.2,453753
10816.1,453753
10817.2,453753
10817.1,453753
10817.2,453753
10817.5,453753
10817.6,453753
10817.7,453753
10817.6,453753
10817.1,453753
10817.3,453753
10817.1,453753
10817.1,453753
10817.1,453753
10817.4,453753
10817.6,453753
10816.8,453753
10817.2,453753
10817.5,453753
10817.8,453753
10816.8,453753
10817.3,453753
10817.5,453753
10817.2,453753
10817.4,453753
10817.2,453753
10817.2,453753
10817,453753
10816.9,453753
10816.4,453753
10817.4,453753
10816.7,453753
10816.9,453753
10817.2,453753
10817.1,453753
10816.9,453753
10816.7,453753
10817.6,453753
10816.9,453753
10816.3,453753
10816.4,453753
10817.2,453753
10817,453753
10816.7,453753
10816.8,453753
10817.4,453753
10817,453753
10817.1,453753
10817.3,453753
10816.7,453753
10817.1,453753
10817.2,453753
10817.4,453753
10817.7,453753
10817.2,453753
10817.3,453753
10817.3,453753
10817,453753
10817.2,453753
10817.5,453753
10816.5,453753
10817.6,453753
10817.7,453753
10817.6,453753
10817.3,453753
10817.6,453753
10817.4,453753
10817.4,453753
10817.1,453753
10817.2,453753
10817,453753
10816.8,453753
10817.1,453753
10817.7,453753
10817.2,453753
10817.1,453753
10817.8,453753
10817.8,453753
10817.6,453753
10817,453753
10817.5,453753
10817.3,453753
10816.7,453753
10817.5,453753
10817.3,453753
10817.2,453753
10817.1,453753
10817.1,453753
10817.4,453753
10817.3,453753
10817,453753
10817.1,453753
10817.2,453753
10817,453753
10816.2,453753
10817.2,453753
10817.2,453753
10817.6,453753
10816.8,453753
10817.6,453753
10817.2,453753
10817.4,453753
10817.8,453753
10817.7,453753
10816.8,453753
10817.1,453753
10816.9,453753
10817.6,453753
10817.9,453753
10817.6,453753
10817.1,453753
10817.1,453753
10817,453753
10817.2,453753
10817.5,453753
10816.9,453753
10817.3,453753
10817.2,453753
10817.2,453753
10817.2,453753
10817.7,453753
10817.2,453753
10817.7,453753
10817.8,453753
10817.5,453753
10817.2,453753
10817.1,453753
10817.1,453753
10817.1,453753
10817.2,453753
10817.3,453753
10816.4,453753
10815.4,453753
10815.8,453753
10817.2,453753
10817.2,453753
10816.9,453753
10817.1,453753
10817.5,453753
10817.1,453753
10816.9,453753
10818,453753
10817.4,453753
10817.1,453753
10817,453753
10816.8,453753
10816.7,453753
10817.5,453753
10817.5,453753
10817.5,453753
10817.7,453753
10817.4,453753
10817.2,453753
10817,453753
10817.7,453753
10817.2,453753
10816.8,453753
10817.3,453753
10817.7,453753
10817.4,453753
10817.6,453753
10817.2,453753
10817.8,453753
10817.4,453753
10817.2,453753
10817.3,453753
10817.4,453753
10817.3,453753
10817.4,453753
10817.6,453753
10817.6,453753
10817.8,453753
10817.5,453753
10817.3,453753
10817.4,453753
10817.4,453753
10817.5,453753
10817.3,453753
10817.2,453753
10817.7,453753
10817.3,453753
10817.2,453753
10817.6,453753
10817.4,453753
10817.4,453753
10817.2,453753
10817.7,453753
10817.4,453753
10816.9,453753
10817.4,453753
10817.5,453753
10816.9,453753
10817.4,453753
10816.6,453753
10816.4,453753
10817.6,453753
10817.1,453753
10816.9,453753
10817.2,453753
10817,453753
10817.2,453753
10817.3,453753
10817.1,453753
10817.5,453753
10817.3,453753
10816.8,453753
10816.8,453753
10817.1,453753
10816.9,453753
10817.4,453753
10817.4,453753
10817.4,453753
10816.9,453753
10817.5,453753
10817.1,453753
10817.2,453753
10817.4,453753
10817.4,453753
10817.4,453753
10816.8,453753
10817.5,453753
10817.1,453753
10817.6,453753
10816.8,453753
10817.4,453753
10817.2,453753
10817.5,453753
10817.7,453753
10817.6,453753
10817.4,453753
10817.7,453753
10817.6,453753
10817,453753
10817.5,453753
10817.3,453753
10817.6,453753
10817,453753
10816.9,453753
10817.5,453753
10817,453753
10816.7,453753
10816.3,453753
10817,453753
10817.4,453753
10817.6,453753
10817.3,453753
10817.6,453753
10817.4,453753
10817.2,453753
10817.1,453753
10817.3,453753
10817.5,453753
10815.3,453753
10817.5,453753
10817.6,453753
10817.2,453753
10817.3,453753
10817,453753
10817.4,453753
10817.3,453753
10817.2,453753
10816.4,453753
10817.4,453753
10817.3,453753
10817.7,453753
10817.5,453753
10817.6,453753
10817.1,453753
10817.3,453753
10817,453753
10817.5,453753
10817.6,453753
10817.8,453753
10817.3,453753
10816.9,453753
10815.8,453753
10817.7,453753
10817.1,453753
10816.8,453753
10817.2,453753
10817.2,453753
10817.1,453753
10817.8,453753
10817.4,453753
10817.6,453753
10817,453753
10817.3,453753
10817.5,453753
10817.3,453753
10817.6,453753
10817.9,453753
10817.3,453753
10817.1,453753
10817.4,453753
10812.4,453753
10805,453753
10815.4,453753
10817.3,453753
10817.4,453753
10817.4,453753
10817.2,453753
10817,453753
10817.1,453753
10817.1,453753
10817.5,453753
10816.5,453753
10816.6,453753
10817.2,453753
10817.9,453753
10817.1,453753
10817.2,453753
10817,453753
10817.5,453753
10817.6,453753
10817.3,453753
10817.5,453753
10817.2,453753
10817.4,453753
10817.6,453753
10817.3,453753
10817.1,453753
10817.4,453753
10817.1,453753
10817.7,453753
10817.4,453753
10817.1,453753
10817.2,453753
10817.6,453753
10817.7,453753
10817,453753
10817.5,453753
10817.5,453753
10817,453753
10817.9,453753
10817.2,453753
10817.6,453753
10817.5,453753
10817.8,453753
10817.5,453753
10817.1,453753
10815.7,453753
10817.5,453753
10816.8,453753
10817.6,453753
10817.1,453753
10817.2,453753
10817.1,453753
10816.8,453753
10817.2,453753
10816.9,453753
10817.7,453753
10816.7,453753
10817.3,453753
10817.3,453753
10816.8,453753
10816.6,453753
10817.2,453753
10817.5,453753
10817.3,453753
10817.2,453753
10817.4,453753
10817.4,453753
10817.4,453753
10817.1,453753
10816.8,453753
10817.2,453753
10817.6,453753
10817,453753
10816.9,453753
10817.5,453753
10817.6,453753
10817.8,453753
10817.2,453753
10817.3,453753
10816.9,453753
10817.6,453753
10816.9,453753
10817,453753
10817.4,453753
10817.6,453753
10817.6,453753
10816.8,453753
10817.4,453753
10817.4,453753
10817.3,453753
10817.3,453753
10816.8,453753
10816.9,453753
10816.8,453753
10817.2,453753
10817.2,453753
10817.2,453753
10816.9,453753
10817.2,453753
10817.4,453753
10817.6,453753
10817.7,453753
10817,453753
10817.6,453753
10817.6,453753
10817.2,453753
10817.2,453753
10817.5,453753
10817.2,453753
10817.5,453753
10817.5,453753
10817.6,453753
10817.4,453753
10817.2,453753
10817.1,453753
10817.4,453753
10817.3,453753
10817.6,453753
10816.9,453753
10817.3,453753
10817.5,453753
10816.9,453753
10817.6,453753
10817.4,453753
10816.6,453753
10817.2,453753
10817.8,453753
10817.2,453753
10818.1,453753
10817.4,453753
10817.1,453753
10817.2,453753
10817.1,453753
10816.7,453753
10817.5,453753
10817.6,453753
10817.8,453753
10817,453753
10817.1,453753
10817.1,453753
10817.5,453753
10816.6,453753
10817,453753
10817.5,453753
10817.4,453753
10817.2,453753
10817.1,453753
10817.7,453753
10817.7,453753
10817.1,453753
10817.1,453753
10817.6,453753
10817.5,453753
10817,453753
10816.7,453753
10817.1,453753
10816.9,453753
10817.6,453753
10817.7,453753
10817.5,453753
10817.5,453753
10817.2,453753
10817.2,453753
10817.6,453753
10816.4,453753
10817.3,453753
10817.2,453753
10817.6,453753
10815.8,453753
10817.3,453753
10817.3,453753
10817.7,453753
10817.9,453753
10817.3,453753
10817.5,453753
10817.6,453753
10817.2,453753
10817.1,453753
10817.3,453753
10817.1,453753
10817.3,453753
10817.4,453753
10817.3,453753
10817.3,453753
10817.4,453753
10817.3,453753
10817.7,453753
10817.1,453753
10817.5,453753
10817.4,453753
10816.6,453753
10817.4,453753
10817.5,453753
10817.6,453753
10817.3,453753
10816.9,453753
10817,453753
10817.3,453753
10817.4,453753
10816.2,453753
10817,453753
10816.4,453753
10817,453753
10817.2,453753
10817.3,453753
10817.7,453753
10817.1,453753
10817.3,453753
10817.4,453753
10817.3,453753
10817.1,453753
10816.6,453753
10817.7,453753
10817.7,453753
10816.9,453753
10817.5,453753
10817.5,453753
10818,453753
10817.8,453753
10817.1,453753
10817,453753
10817.4,453753
10817.2,453753
10817.5,453753
10817.5,453753
10817.1,453753
10816.6,453753
10816.3,453753
10816.1,453753
10817.7,453753
10817.3,453753
10817.6,453753
10817.6,453753
10817.6,453753
10817.7,453753
10817.8,453753
10817.5,453753
10817.5,453753
10817.6,453753
10816.9,453753
10817.3,453753
10817.4,453753
10817.1,453753
10817.1,453753
10817.7,453753
10817.9,453753
10817.6,453753
10817.1,453753
10817.5,453753
10817.8,453753
10817.3,453753
10817.2,453753
10817.3,453753
10817.2,453753
10816.8,453753
10817.3,453753
10817.8,453753
10817.2,453753
10817,453753
10817.6,453753
10817.1,453753
10816.8,453753
10817.4,453753
10817,453753
10817.4,453753
10817.6,453753
10818,453753
10817.7,453753
10817.8,453753
10817.5,453753
10817.1,453753
10817.6,453753
10817.6,453753
10817.3,453753
10817.3,453753
10817.3,453753
10817.9,453753
10816.7,453753
10817,453753
10816,453753
10817.6,453753
10817.5,453753
10817.3,453753
10817.5,453753
10817,453753
10817.6,453753
10817.5,453753
10817.4,453753
10816.8,453753
10817.4,453753
10817.1,453753
10816.7,453753
10817,453753
10817.3,453753
10816.6,453753
10817.2,453753
10817.8,453753
10816.4,453753
10816.9,453753
10817,453753
10817.8,453753
10817.8,453753
10816.7,453753
10817.6,453753
10818,453753
10817.4,453753
10817.6,453753
10817.5,453753
10817.5,453753
10817.2,453753
10817.7,453753
10817.5,453753
10816.8,453753
10816.3,453753
10817.6,453753
10817.5,453753
10817.4,453753
10817,453753
10817.4,453753
10817.4,453753
10817.3,453753
10817.7,453753
10817.6,453753
10817.6,453753
10817.4,453753
10817.1,453753
10817.2,453753
10817.5,453753
10817.4,453753
10817.5,453753
10817.8,453753
10817.6,453753
10816.7,453753
10817.4,453753
10817.3,453753
10817.2,453753
10817.4,453753
10817.3,453753
10817.3,453753
10817,453753
10817.2,453753
10816.7,453753
10817.3,453753
10817.2,453753
10817.2,453753
10817.1,453753
10817.4,453753
10816.8,453753
10817.4,453753
10817,453753
10817.5,453753
10817.2,453753
10816.9,453753
10817.3,453753
10817.2,453753
10817.5,453753
10817.9,453546
