TRACE,NSNPS_JACKKNIFE
10869.7,453753
10869.2,453753
10868.9,453753
10869.4,453753
10868.7,453753
10869.4,453753
10869.1,453753
10869.3,453753
10868.9,453753
10868.3,453753
10869.1,453753
10869.5,453753
10869.3,453753
10868.8,453753
10869.1,453753
10868.8,453753
10869.1,453753
10868.4,453753
10868.5,453753
10868.5,453753
10869,453753
10869.6,453753
10869.1,453753
10869,453753
10869.5,453753
10869.2,453753
10869.1,453753
10868.8,453753
10868.5,453753
10869,453753
10869.2,453753
10869.5,453753
10869.4,453753
10869.1,453753
10869.2,453753
10869.3,453753
10869,453753
10869.2,453753
10869,453753
10869.4,453753
10869.2,453753
10869.1,453753
10868.9,453753
10868.3,453753
10868.7,453753
10869.1,453753
10869.2,453753
10869.6,453753
10869.2,453753
10869.2,453753
10869.4,453753
10869,453753
10868.4,453753
10868.9,453753
10868.7,453753
10869.3,453753
10869.2,453753
10868.3,453753
10869.1,453753
10868.6,453753
10869.3,453753
10869,453753
10869,453753
10869.4,453753
10868.9,453753
10869.6,453753
10869.8,453753
10868.8,453753
10869.2,453753
10868.8,453753
10868.5,453753
10869.1,453753
10869.3,453753
10869.5,453753
10869.2,453753
10868.8,453753
10869.4,453753
10869.3,453753
10868.9,453753
10869.3,453753
10868.7,453753
10869.7,453753
10869.2,453753
10869.5,453753
10869.3,453753
10869.4,453753
10869.4,453753
10869.3,453753
10869.1,453753
10869.2,453753
10868.9,453753
10868.3,453753
10868.9,453753
10868.2,453753
10869,453753
10868.4,453753
10869,453753
10869,453753
10869.2,453753
10868.9,453753
10869.2,453753
10869,453753
10869,453753
10868.8,453753
10868.3,453753
10869,453753
10869.3,453753
10869.4,453753
10869,453753
10869.3,453753
10869.3,453753
10868.9,453753
10869.3,453753
10868.6,453753
10868.6,453753
10869.2,453753
10869,453753
10868.9,453753
10869.5,453753
10869.1,453753
10868.8,453753
10869.4,453753
10869.2,453753
10869.4,453753
10868.9,453753
10868.9,453753
10868.8,453753
10868.9,453753
10869.4,453753
10869,453753
10868.7,453753
10868.9,453753
10869.3,453753
10869,453753
10869,453753
10868.8,453753
10869.1,453753
10868.9,453753
10869.2,453753
10869.4,453753
10869,453753
10868.4,453753
10868.7,453753
10868.8,453753
10869.1,453753
10868.7,453753
10869.6,453753
10868.8,453753
10869.1,453753
10869,453753
10869.6,453753
10869.2,453753
10868.7,453753
10869.1,453753
10869,453753
10869.1,453753
10869.5,453753
10869.6,453753
10869.4,453753
10869.1,453753
10869.3,453753
10869.1,453753
10869.2,453753
10869.4,453753
10868.8,453753
10869.1,453753
10869.6,453753
10868.9,453753
10869,453753
10869.3,453753
10868.9,453753
10868.8,453753
10868.9,453753
10869,453753
10869.1,453753
10869.3,453753
10869.4,453753
10869.2,453753
10868.9,453753
10868.9,453753
10868.9,453753
10867.3,453753
10866.7,453753
10869.1,453753
10869.1,453753
10869.1,453753
10869.3,453753
10869,453753
10869.3,453753
10869.7,453753
10869.1,453753
10869.5,453753
10868.8,453753
10868.4,453753
10868.5,453753
10868.5,453753
10868.2,453753
10868.8,453753
10869.1,453753
10869.2,453753
10869.3,453753
10869,453753
10869.4,453753
10868.9,453753
10869,453753
10868.8,453753
10869.5,453753
10869.1,453753
10869.3,453753
10868.8,453753
10868.9,453753
10869.1,453753
10869.6,453753
10869.1,453753
10869,453753
10868.7,453753
10868.4,453753
10868.7,453753
10868.4,453753
10867.8,453753
10869.5,453753
10868.9,453753
10869,453753
10868.5,453753
10868.9,453753
10869.3,453753
10869.2,453753
10869.1,453753
10869.4,453753
10869.5,453753
10869,453753
10869,453753
10868.7,453753
10869.5,453753
10869.2,453753
10869.1,453753
10869.1,453753
10868.9,453753
10869,453753
10869.2,453753
10869.3,453753
10869.5,453753
10869,453753
10869.4,453753
10869.3,453753
10869.2,453753
10869.3,453753
10868.7,453753
10869,453753
10868.5,453753
10868.6,453753
10868.9,453753
10869.1,453753
10869.1,453753
10869.3,453753
10868.7,453753
10868.8,453753
10868.6,453753
10868.6,453753
10868.7,453753
10869.3,453753
10868.9,453753
10868.8,453753
10869.1,453753
10869.1,453753
10868.5,453753
10868.7,453753
10867.9,453753
10869,453753
10869.5,453753
10869.1,453753
10868.6,453753
10869.1,453753
10868.7,453753
10869,453753
10869.2,453753
10869.2,453753
10868.9,453753
10868.9,453753
10868.1,453753
10869.2,453753
10869.3,453753
10868.8,453753
10869.1,453753
10868.6,453753
10869,453753
10869.4,453753
10869,453753
10869.5,453753
10869.2,453753
10869.8,453753
10869.2,453753
10869.1,453753
10869,453753
10869.1,453753
10869,453753
10869.2,453753
10869.2,453753
10869.7,453753
10869.8,453753
10869.1,453753
10869.1,453753
10869.3,453753
10868.9,453753
10869.2,453753
10869,453753
10868.9,453753
10868.8,453753
10869.5,453753
10868.9,453753
10869.1,453753
10868.9,453753
10868.2,453753
10867.8,453753
10867.6,453753
10869.2,453753
10869.5,453753
10869,453753
10869,453753
10868.8,453753
10868.8,453753
10869,453753
10868.9,453753
10869.5,453753
10869.5,453753
10869.2,453753
10869,453753
10868.8,453753
10869.4,453753
10869.1,453753
10867.1,453753
10868.8,453753
10868.8,453753
10869.1,453753
10869.2,453753
10869.2,453753
10868.9,453753
10869.2,453753
10869.2,453753
10869.1,453753
10868.9,453753
10868.6,453753
10868.1,453753
10867.9,453753
10869.1,453753
10868.7,453753
10869.1,453753
10869,453753
10869,453753
10867.1,453753
10869.2,453753
10869.5,453753
10869.4,453753
10869.2,453753
10869.5,453753
10869.5,453753
10869.4,453753
10869,453753
10869.2,453753
10869.3,453753
10869,453753
10869.6,453753
10869.1,453753
10869.2,453753
10869.5,453753
10868.9,453753
10869.1,453753
10869.4,453753
10869,453753
10869.3,453753
10869.5,453753
10868.8,453753
10869,453753
10869.6,453753
10868.8,453753
10869,453753
10868.7,453753
10868,453753
10868.7,453753
10868.6,453753
10868,453753
10868.5,453753
10869.2,453753
10868.6,453753
10868.7,453753
10868.3,453753
10868.6,453753
10868.4,453753
10868.8,453753
10869.1,453753
10869,453753
10869,453753
10868.7,453753
10869.2,453753
10868.3,453753
10868.8,453753
10868.8,453753
10868.5,453753
10868.4,453753
10869.2,453753
10869.1,453753
10868.9,453753
10868.9,453753
10868.9,453753
10869.4,453753
10868.2,453753
10868.7,453753
10868.6,453753
10868.9,453753
10868.7,453753
10868.9,453753
10869.2,453753
10869.1,453753
10869.5,453753
10869.6,453753
10869.4,453753
10869.6,453753
10869.5,453753
10869.3,453753
10868.6,453753
10868.7,453753
10869.3,453753
10869.2,453753
10868.7,453753
10869.3,453753
10869.3,453753
10869.5,453753
10869.5,453753
10869.1,453753
10868.9,453753
10869,453753
10869.2,453753
10868.3,453753
10869.9,453753
10869.1,453753
10869.1,453753
10869.1,453753
10869.5,453753
10868.7,453753
10868.7,453753
10869.8,453753
10869,453753
10867.4,453753
10869.3,453753
10868.1,453753
10869.4,453753
10869.4,453753
10869,453753
10868.7,453753
10868.3,453753
10869.1,453753
10869,453753
10868.7,453753
10868.3,453753
10869.5,453753
10869.4,453753
10868.9,453753
10868.9,453753
10868.8,453753
10869.2,453753
10868.9,453753
10868.8,453753
10869,453753
10868.9,453753
10868.9,453753
10869.1,453753
10869,453753
10869,453753
10869.1,453753
10869,453753
10869.3,453753
10869.2,453753
10869.5,453753
10868.9,453753
10868.8,453753
10869.1,453753
10869,453753
10868.9,453753
10869.2,453753
10868.4,453753
10867.4,453753
10867.6,453753
10869.2,453753
10869.2,453753
10869,453753
10868.9,453753
10869.2,453753
10869.1,453753
10869.3,453753
10869.2,453753
10869.3,453753
10869.2,453753
10868.8,453753
10869,453753
10868.2,453753
10869.1,453753
10869.4,453753
10868.8,453753
10869.8,453753
10869.3,453753
10868.8,453753
10869.1,453753
10869.3,453753
10869.4,453753
10868.4,453753
10869.4,453753
10868.5,453753
10868.9,453753
10869.1,453753
10869.1,453753
10868.6,453753
10869.5,453753
10868.9,453753
10868.6,453753
10868.9,453753
10869.6,453753
10869.2,453753
10868.9,453753
10869,453753
10869.4,453753
10868.9,453753
10869.3,453753
10869.6,453753
10869.2,453753
10869.3,453753
10869.7,453753
10869.3,453753
10868.9,453753
10869.3,453753
10869.6,453753
10869,453753
10869.4,453753
10869.3,453753
10869.6,453753
10868.5,453753
10868.7,453753
10869.4,453753
10869,453753
10869.2,453753
10868.2,453753
10869.6,453753
10868.4,453753
10868.5,453753
10869.2,453753
10868.7,453753
10869.1,453753
10869.2,453753
10868.9,453753
10868.8,453753
10869,453753
10869.2,453753
10869.2,453753
10869.5,453753
10868.9,453753
10868.6,453753
10869.3,453753
10869.4,453753
10869.1,453753
10869.6,453753
10869.2,453753
10868.8,453753
10869.4,453753
10868.7,453753
10869.3,453753
10868.8,453753
10869,453753
10869.2,453753
10869.1,453753
10869.4,453753
10868.8,453753
10869.6,453753
10869,453753
10869,453753
10869.3,453753
10868.9,453753
10869,453753
10868.7,453753
10869.2,453753
10869.2,453753
10869.5,453753
10869.2,453753
10869.3,453753
10868.8,453753
10868.6,453753
10869.2,453753
10869,453753
10869.1,453753
10868.7,453753
10868.8,453753
10869.2,453753
10868.5,453753
10869.2,453753
10869.3,453753
10868.6,453753
10869.3,453753
10869,453753
10868.9,453753
10868.9,453753
10869,453753
10869.3,453753
10866.6,453753
10869.3,453753
10869.4,453753
10869.7,453753
10869.2,453753
10868.9,453753
10869.3,453753
10869.1,453753
10868.6,453753
10868.4,453753
10869,453753
10869,453753
10869,453753
10868.9,453753
10869.2,453753
10869.2,453753
10869.3,453753
10869.2,453753
10869.1,453753
10869.1,453753
10869.2,453753
10869,453753
10868.8,453753
10868.6,453753
10869.3,453753
10868.7,453753
10868.5,453753
10869,453753
10868.6,453753
10869.1,453753
10868.7,453753
10869,453753
10869,453753
10869.4,453753
10869.1,453753
10868.7,453753
10868.9,453753
10868.8,453753
10869,453753
10869.3,453753
10869.1,453753
10869.5,453753
10864.8,453753
10857.8,453753
10867.2,453753
10868.2,453753
10869,453753
10868.8,453753
10868.8,453753
10869.2,453753
10869.3,453753
10869.5,453753
10868.9,453753
10867.3,453753
10868.8,453753
10869.3,453753
10869.3,453753
10868.8,453753
10869.2,453753
10869,453753
10868.6,453753
10868.8,453753
10868.9,453753
10868.8,453753
10869.5,453753
10869.2,453753
10869.1,453753
10869.6,453753
10868.9,453753
10869.5,453753
10868.9,453753
10869.3,453753
10869.5,453753
10869.2,453753
10869,453753
10868.9,453753
10869.1,453753
10869.5,453753
10869.2,453753
10869,453753
10868.9,453753
10868.9,453753
10869,453753
10869.2,453753
10869,453753
10869,453753
10869,453753
10869,453753
10866,453753
10868.9,453753
10869.1,453753
10868.9,453753
10868.8,453753
10868.9,453753
10869.4,453753
10869.1,453753
10868.9,453753
10869.4,453753
10869.3,453753
10869,453753
10869.3,453753
10868.7,453753
10868.4,453753
10868.7,453753
10869.1,453753
10868.9,453753
10869.2,453753
10868.5,453753
10869.1,453753
10869.3,453753
10869.3,453753
10869.2,453753
10868.7,453753
10869.5,453753
10869.4,453753
10868.6,453753
10868.7,453753
10869.6,453753
10869.5,453753
10869.2,453753
10869.6,453753
10869,453753
10869.4,453753
10869.1,453753
10869.8,453753
10868.9,453753
10868.7,453753
10869.3,453753
10869.4,453753
10869.3,453753
10869.3,453753
10869.1,453753
10869.4,453753
10869.5,453753
10868.8,453753
10869,453753
10868.9,453753
10869.5,453753
10868.9,453753
10869.1,453753
10869.2,453753
10869,453753
10868.7,453753
10869,453753
10869.1,453753
10869.2,453753
10868.9,453753
10868.7,453753
10869.1,453753
10869.1,453753
10869.3,453753
10869.3,453753
10869.5,453753
10869,453753
10869.1,453753
10869.3,453753
10869.3,453753
10868.9,453753
10869.4,453753
10869,453753
10869.1,453753
10869.2,453753
10869.4,453753
10869.2,453753
10868.7,453753
10869.3,453753
10869.1,453753
10868.7,453753
10869.2,453753
10869.1,453753
10868.2,453753
10868.7,453753
10868.8,453753
10868.6,453753
10869.1,453753
10868.7,453753
10869,453753
10868.9,453753
10869.4,453753
10869.1,453753
10869.2,453753
10869,453753
10869.4,453753
10868.9,453753
10868.8,453753
10869.3,453753
10869.2,453753
10869.5,453753
10869.2,453753
10869.2,453753
10869.1,453753
10869.1,453753
10868.9,453753
10869.4,453753
10869.6,453753
10869,453753
10869.4,453753
10869.2,453753
10869,453753
10868.5,453753
10869,453753
10869.3,453753
10869.1,453753
10869.1,453753
10868.6,453753
10869.3,453753
10869.2,453753
10868.1,453753
10868.6,453753
10868.1,453753
10869.3,453753
10868.5,453753
10869.1,453753
10869.1,453753
10869.6,453753
10869.5,453753
10869,453753
10869.2,453753
10869.2,453753
10869.6,453753
10869.5,453753
10869.2,453753
10868.9,453753
10869.2,453753
10868.9,453753
10869,453753
10869.6,453753
10869.5,453753
10869,453753
10869,453753
10868.7,453753
10869.4,453753
10869.3,453753
10868.6,453753
10869.2,453753
10869.5,453753
10869.5,453753
10869,453753
10869.5,453753
10869.3,453753
10869.1,453753
10869,453753
10867.6,453753
10868.5,453753
10869.2,453753
10869.5,453753
10869.2,453753
10869.3,453753
10869.1,453753
10869.1,453753
10869.3,453753
10869.2,453753
10869.3,453753
10869.4,453753
10868.4,453753
10869.2,453753
10869.6,453753
10868.9,453753
10869.2,453753
10869.5,453753
10869.1,453753
10869.3,453753
10869.2,453753
10869.2,453753
10868.8,453753
10868.9,453753
10869.1,453753
10868.5,453753
10868.7,453753
10868.6,453753
10868.3,453753
10868.6,453753
10869.1,453753
10868.7,453753
10869.7,453753
10869.4,453753
10869.1,453753
10869.3,453753
10869.5,453753
10869.4,453753
10869.5,453753
10869.3,453753
10869.4,453753
10869.4,453753
10869.5,453753
10869.1,453753
10869.2,453753
10869.2,453753
10869.5,453753
10869.2,453753
10869.2,453753
10869.3,453753
10869.1,453753
10868.9,453753
10868.8,453753
10869.3,453753
10869.4,453753
10869.4,453753
10869.3,453753
10869.2,453753
10869.1,453753
10868.6,453753
10869,453753
10869,453753
10868.7,453753
10868.9,453753
10869.6,453753
10869.2,453753
10868.9,453753
10869.1,453753
10869.6,453753
10869.3,453753
10869.3,453753
10869.3,453753
10869.3,453753
10869.2,453753
10869.3,453753
10869.3,453753
10869.2,453753
10868.7,453753
10869.1,453753
10868.9,453753
10867.8,453753
10869.3,453753
10869,453753
10869,453753
10869,453753
10868.1,453753
10869.1,453753
10869.3,453753
10869,453753
10868.7,453753
10869.1,453753
10868.6,453753
10868.1,453753
10868.3,453753
10869.2,453753
10869.6,453753
10868.9,453753
10869.2,453753
10868.1,453753
10868.3,453753
10869,453753
10869,453753
10869.4,453753
10868.7,453753
10869.4,453753
10869.3,453753
10869.4,453753
10869.3,453753
10868.9,453753
10869.2,453753
10869.2,453753
10868.9,453753
10869,453753
10869.2,453753
10868.8,453753
10869.2,453753
10868.9,453753
10869.8,453753
10868.9,453753
10868.9,453753
10868.9,453753
10869.2,453753
10868.7,453753
10869.3,453753
10869.3,453753
10869.5,453753
10869.1,453753
10868.6,453753
10869.4,453753
10869.3,453753
10868.7,453753
10869.5,453753
10869.1,453753
10869.2,453753
10868.7,453753
10869.2,453753
10869.8,453753
10869.4,453753
10869.2,453753
10869.3,453753
10869.8,453753
10869.1,453753
10869.2,453753
10869.3,453753
10869.4,453753
10869.3,453753
10868.7,453753
10869.1,453753
10868.5,453753
10869.1,453753
10869,453753
10868.8,453753
10868.4,453753
10868.9,453753
10868.9,453753
10869,453753
10869.1,453753
10869.4,453546
