TRACE,NSNPS_JACKKNIFE
10912.7,453753
10912.5,453753
10912.6,453753
10912.2,453753
10912.6,453753
10912.7,453753
10912,453753
10912.6,453753
10912.2,453753
10912.7,453753
10912.8,453753
10912.4,453753
10912.9,453753
10912.8,453753
10913.1,453753
10912.1,453753
10912.5,453753
10911.6,453753
10911.7,453753
10911.5,453753
10912.7,453753
10912.8,453753
10912.7,453753
10912.4,453753
10912.5,453753
10912.8,453753
10912.2,453753
10912.7,453753
10912.5,453753
10912.5,453753
10912.7,453753
10912.2,453753
10912.6,453753
10912.1,453753
10912.6,453753
10912.6,453753
10912.6,453753
10912.4,453753
10912.8,453753
10912.6,453753
10912.9,453753
10912.1,453753
10912.3,453753
10911.4,453753
10911.8,453753
10912.9,453753
10912.3,453753
10912.4,453753
10912.5,453753
10912.6,453753
10912.8,453753
10911.9,453753
10911.8,453753
10912.5,453753
10911.7,453753
10912.5,453753
10912.9,453753
10912,453753
10912.4,453753
10911.9,453753
10912.2,453753
10912.3,453753
10912.8,453753
10912.1,453753
10912.8,453753
10912.6,453753
10912.1,453753
10912.3,453753
10912.6,453753
10912.6,453753
10911.5,453753
10912.4,453753
10912.6,453753
10912.9,453753
10912.7,453753
10913.3,453753
10912.6,453753
10912.5,453753
10912.4,453753
10912.4,453753
10912.6,453753
10912.5,453753
10912.8,453753
10912.8,453753
10912.3,453753
10912.9,453753
10912.6,453753
10912.3,453753
10912.9,453753
10912.7,453753
10912.1,453753
10912.1,453753
10912.3,453753
10910.7,453753
10912.2,453753
10912.2,453753
10912.8,453753
10912.4,453753
10912.6,453753
10912.5,453753
10912.1,453753
10912.5,453753
10912.2,453753
10912.5,453753
10912,453753
10911.3,453753
10912.8,453753
10912.5,453753
10913,453753
10912.7,453753
10912.4,453753
10912.1,453753
10912,453753
10912,453753
10912.2,453753
10912.6,453753
10912.9,453753
10912.4,453753
10912.9,453753
10912.1,453753
10911.8,453753
10912.6,453753
10912.2,453753
10912.3,453753
10912.2,453753
10911.8,453753
10912.4,453753
10912.9,453753
10912.7,453753
10912.3,453753
10912.6,453753
10912.6,453753
10912.3,453753
10912.7,453753
10912,453753
10912.2,453753
10913,453753
10912.7,453753
10912.3,453753
10912.5,453753
10911.5,453753
10911.5,453753
10912.5,453753
10912.3,453753
10912.6,453753
10912.1,453753
10912.5,453753
10912.5,453753
10912.2,453753
10912.7,453753
10912.6,453753
10913.3,453753
10912.6,453753
10912.6,453753
10912.5,453753
10912,453753
10913,453753
10912.7,453753
10912.9,453753
10912.6,453753
10912.7,453753
10912.9,453753
10912.5,453753
10912.7,453753
10912.7,453753
10912.5,453753
10912.7,453753
10912.6,453753
10912.9,453753
10912.7,453753
10912.4,453753
10912.3,453753
10913.1,453753
10912.2,453753
10912.7,453753
10912.8,453753
10911.8,453753
10912.1,453753
10912.6,453753
10912.4,453753
10912.5,453753
10910.5,453753
10911,453753
10912.7,453753
10912.2,453753
10912.7,453753
10912.8,453753
10912.4,453753
10912.7,453753
10912.4,453753
10912.3,453753
10912.4,453753
10911.4,453753
10911.3,453753
10911.4,453753
10911.5,453753
10911.6,453753
10911.8,453753
10912.5,453753
10912.2,453753
10912.2,453753
10912.4,453753
10912.5,453753
10912.1,453753
10912.4,453753
10912.5,453753
10912.6,453753
10912,453753
10912.3,453753
10912,453753
10912.7,453753
10912.3,453753
10912.5,453753
10912.6,453753
10912,453753
10912,453753
10912,453753
10911.6,453753
10912.5,453753
10912,453753
10912.5,453753
10912.8,453753
10912.2,453753
10912.8,453753
10912.1,453753
10912.3,453753
10912.6,453753
10912.7,453753
10912.7,453753
10912.7,453753
10912.4,453753
10912.3,453753
10912.5,453753
10912.9,453753
10912.7,453753
10912.8,453753
10912.2,453753
10912.1,453753
10912.3,453753
10912.5,453753
10912.5,453753
10912.8,453753
10912.6,453753
10912.4,453753
10912.6,453753
10912.2,453753
10912.3,453753
10912.6,453753
10912.4,453753
10911.9,453753
10912.2,453753
10912.5,453753
10912.3,453753
10912.5,453753
10912.9,453753
10912.6,453753
10912.1,453753
10912.4,453753
10911.6,453753
10912.3,453753
10913.1,453753
10912.7,453753
10911.2,453753
10912.5,453753
10912.7,453753
10912.2,453753
10912.3,453753
10911.4,453753
10912.6,453753
10912.7,453753
10912.7,453753
10911.1,453753
10911.9,453753
10912.4,453753
10913,453753
10912.3,453753
10912.4,453753
10912.5,453753
10912,453753
10912.3,453753
10912.5,453753
10912.4,453753
10912.6,453753
10912.8,453753
10912.2,453753
10912.7,453753
10912.6,453753
10912.5,453753
10912.6,453753
10912.2,453753
10913.1,453753
10912.4,453753
10912.6,453753
10912.6,453753
10912.8,453753
10912.5,453753
10912.7,453753
10912.2,453753
10913,453753
10912.4,453753
10912.9,453753
10912.9,453753
10912.8,453753
10912.8,453753
10912.4,453753
10912.5,453753
10912.2,453753
10912.6,453753
10912.6,453753
10912.7,453753
10912.4,453753
10912.1,453753
10912.3,453753
10911.9,453753
10911.6,453753
10911.7,453753
10912.8,453753
10912.4,453753
10911.9,453753
10912.6,453753
10912.7,453753
10912.8,453753
10912.3,453753
10912.5,453753
10912.3,453753
10912.3,453753
10912.5,453753
10912,453753
10912.7,453753
10912.1,453753
10912.3,453753
10911.8,453753
10912.9,453753
10912.3,453753
10912.5,453753
10912.6,453753
10912.2,453753
10912.3,453753
10912.5,453753
10912.4,453753
10912.3,453753
10911.9,453753
10911.9,453753
10911.5,453753
10912.4,453753
10912.7,453753
10912.7,453753
10912.5,453753
10912.4,453753
10910.9,453753
10912.4,453753
10912.8,453753
10912.3,453753
10912.6,453753
10912.9,453753
10912.6,453753
10912.6,453753
10912.7,453753
10912.7,453753
10912.6,453753
10913.1,453753
10912.8,453753
10912.3,453753
10912.2,453753
10912.1,453753
10912.9,453753
10912.6,453753
10912.5,453753
10912.2,453753
10912.7,453753
10912.9,453753
10912.5,453753
10912.6,453753
10913,453753
10912.1,453753
10912.5,453753
10912.8,453753
10911.4,453753
10911.9,453753
10911.7,453753
10911,453753
10911.4,453753
10912.4,453753
10912.1,453753
10912.3,453753
10912.3,453753
10911.8,453753
10911.8,453753
10912.2,453753
10912.3,453753
10912.1,453753
10912.2,453753
10911.7,453753
10912.9,453753
10912.3,453753
10912.2,453753
10911.8,453753
10912.4,453753
10912.2,453753
10912.3,453753
10912.5,453753
10912.6,453753
10912.8,453753
10912.7,453753
10913,453753
10911.6,453753
10912.5,453753
10912.4,453753
10912,453753
10912.9,453753
10912.6,453753
10912.5,453753
10912.8,453753
10913,453753
10912.5,453753
10912.7,453753
10912.8,453753
10912.5,453753
10912.5,453753
10911.8,453753
10912.6,453753
10912.8,453753
10912.6,453753
10913,453753
10912.8,453753
10912.7,453753
10912.4,453753
10912.5,453753
10912.2,453753
10912.8,453753
10912.5,453753
10912.6,453753
10911.2,453753
10912.2,453753
10912.7,453753
10912.1,453753
10912.6,453753
10912.6,453753
10912.7,453753
10912.2,453753
10912.6,453753
10912,453753
10910.2,453753
10912.4,453753
10912.4,453753
10912.5,453753
10912.7,453753
10912.9,453753
10912.6,453753
10912.5,453753
10912.7,453753
10912.1,453753
10912,453753
10912.5,453753
10912.3,453753
10912.8,453753
10912.6,453753
10912.6,453753
10912.1,453753
10912.2,453753
10911.7,453753
10912.5,453753
10912.1,453753
10912.8,453753
10912.6,453753
10912.8,453753
10912.8,453753
10912.7,453753
10912.5,453753
10912.2,453753
10912.8,453753
10912.8,453753
10912.7,453753
10912.5,453753
10912.1,453753
10912.1,453753
10912,453753
10912.3,453753
10912.2,453753
10911.5,453753
10910,453753
10910.5,453753
10912.6,453753
10912.8,453753
10912.7,453753
10912.2,453753
10912.3,453753
10912.4,453753
10912.6,453753
10912.7,453753
10912.6,453753
10912.4,453753
10912.5,453753
10912.5,453753
10911.5,453753
10911.6,453753
10912.3,453753
10912.3,453753
10912.3,453753
10912.2,453753
10912.6,453753
10913,453753
10912.4,453753
10912.7,453753
10912.6,453753
10912.5,453753
10911.5,453753
10912.6,453753
10912.5,453753
10912.6,453753
10912.5,453753
10912.3,453753
10912.6,453753
10911.7,453753
10912.1,453753
10912.3,453753
10912.4,453753
10912.6,453753
10912.6,453753
10912.5,453753
10912.3,453753
10912.5,453753
10912.2,453753
10911.8,453753
10912.6,453753
10912.4,453753
10912.7,453753
10912.3,453753
10912.4,453753
10912.5,453753
10912.2,453753
10912.8,453753
10912.4,453753
10912.4,453753
10912.8,453753
10912,453753
10912.1,453753
10912.4,453753
10912.7,453753
10912.1,453753
10912.6,453753
10911.9,453753
10911.2,453753
10912.4,453753
10912.7,453753
10911.7,453753
10912.5,453753
10912.6,453753
10912.6,453753
10912.8,453753
10912.3,453753
10912.5,453753
10912.4,453753
10912.2,453753
10912.3,453753
10912.8,453753
10912.1,453753
10912.4,453753
10912.1,453753
10911.9,453753
10912,453753
10912.8,453753
10912.1,453753
10912.6,453753
10912.5,453753
10912.7,453753
10912.4,453753
10912.6,453753
10912.7,453753
10913,453753
10912.7,453753
10912.7,453753
10912.1,453753
10913.3,453753
10912.7,453753
10912.7,453753
10912.5,453753
10912.9,453753
10912.4,453753
10912.4,453753
10912.3,453753
10912.6,453753
10912.5,453753
10912.1,453753
10912.9,453753
10912.6,453753
10912.5,453753
10912.6,453753
10911.8,453753
10911.2,453753
10912.1,453753
10912.5,453753
10912.2,453753
10912.3,453753
10912.3,453753
10912.2,453753
10912.5,453753
10912.7,453753
10912.6,453753
10912.2,453753
10911.6,453753
10912.5,453753
10912.5,453753
10912,453753
10912.2,453753
10912.2,453753
10912.9,453753
10912.6,453753
10912.6,453753
10912.3,453753
10912.5,453753
10912,453753
10912.8,453753
10912.3,453753
10912.6,453753
10912.4,453753
10912.7,453753
10912.7,453753
10912.7,453753
10912.7,453753
10912.9,453753
10912.8,453753
10912.3,453753
10911.7,453753
10913,453753
10911.9,453753
10911.6,453753
10912.6,453753
10912.2,453753
10912.7,453753
10912.1,453753
10912.2,453753
10912.9,453753
10912.6,453753
10912.7,453753
10913.2,453753
10912.2,453753
10912.6,453753
10912.6,453753
10912.3,453753
10912.4,453753
10912.3,453753
10906.7,453753
10901.5,453753
10909.8,453753
10911.8,453753
10911.7,453753
10911.9,453753
10912.4,453753
10912.9,453753
10912.3,453753
10912.4,453753
10911.8,453753
10911.1,453753
10912.1,453753
10912.5,453753
10912.1,453753
10912.4,453753
10912.5,453753
10912.3,453753
10912.3,453753
10912.3,453753
10912.4,453753
10912.7,453753
10912.4,453753
10912.5,453753
10912.8,453753
10912.6,453753
10912.3,453753
10912.2,453753
10912.6,453753
10912.7,453753
10912.7,453753
10912.2,453753
10912.9,453753
10912.3,453753
10912.9,453753
10912.1,453753
10912.3,453753
10912.5,453753
10912.6,453753
10912.5,453753
10912.5,453753
10912.6,453753
10912.7,453753
10912.6,453753
10912.4,453753
10911.9,453753
10910.8,453753
10912.1,453753
10912.1,453753
10912.1,453753
10912.1,453753
10912,453753
10912.4,453753
10912.6,453753
10912.4,453753
10912.5,453753
10912.4,453753
10912.8,453753
10912.7,453753
10912.4,453753
10911.8,453753
10912.2,453753
10912.8,453753
10912.2,453753
10912.3,453753
10912.7,453753
10912.3,453753
10912.4,453753
10912.3,453753
10912.3,453753
10911.9,453753
10912.7,453753
10912.9,453753
10912.1,453753
10911.7,453753
10913,453753
10912.8,453753
10912.8,453753
10912.5,453753
10912.3,453753
10912.5,453753
10912.6,453753
10912.6,453753
10912.6,453753
10912.4,453753
10913.3,453753
10912.6,453753
10912.5,453753
10912.5,453753
10912.5,453753
10912.8,453753
10912.2,453753
10912.4,453753
10912.4,453753
10912.2,453753
10912.4,453753
10912.1,453753
10912.3,453753
10912.2,453753
10912.5,453753
10912.3,453753
10912.6,453753
10912.7,453753
10912.1,453753
10912.4,453753
10912.4,453753
10912.2,453753
10912.6,453753
10912.7,453753
10912.5,453753
10912.3,453753
10912.7,453753
10912.6,453753
10912.7,453753
10912.6,453753
10913,453753
10912.8,453753
10912.7,453753
10912.7,453753
10912.7,453753
10913,453753
10912.9,453753
10912.5,453753
10912.5,453753
10912.3,453753
10912.7,453753
10912.4,453753
10912.7,453753
10911.7,453753
10912.8,453753
10912.2,453753
10912.8,453753
10912.8,453753
10912.1,453753
10912.1,453753
10912.8,453753
10912.7,453753
10912.9,453753
10912.3,453753
10912.4,453753
10912.8,453753
10912.6,453753
10912.4,453753
10912.8,453753
10913.2,453753
10912.2,453753
10912.3,453753
10912.9,453753
10912.7,453753
10912.7,453753
10913,453753
10912.8,453753
10912.5,453753
10912.3,453753
10912.2,453753
10912.4,453753
10912.5,453753
10912.1,453753
10912.3,453753
10912.5,453753
10912.5,453753
10912.5,453753
10913.1,453753
10913,453753
10912.8,453753
10911.8,453753
10912.3,453753
10912,453753
10912.5,453753
10911,453753
10912.9,453753
10912.9,453753
10912.6,453753
10912.5,453753
10912.5,453753
10912.6,453753
10912.3,453753
10912,453753
10912.6,453753
10912.4,453753
10913.1,453753
10912.9,453753
10912.8,453753
10913,453753
10912.8,453753
10912.4,453753
10913.1,453753
10912.9,453753
10912.6,453753
10912.6,453753
10912.7,453753
10912.2,453753
10911.8,453753
10912.2,453753
10912.5,453753
10912.7,453753
10912.3,453753
10912.7,453753
10912.3,453753
10911.9,453753
10912,453753
10911.5,453753
10912.3,453753
10912.5,453753
10912.4,453753
10912.8,453753
10912.5,453753
10912.9,453753
10912.7,453753
10913,453753
10912.6,453753
10912.2,453753
10912.3,453753
10913,453753
10912.5,453753
10912.8,453753
10912.3,453753
10913.1,453753
10912.8,453753
10912.7,453753
10911.9,453753
10912.2,453753
10912,453753
10912.5,453753
10912.8,453753
10912.3,453753
10912.3,453753
10911.7,453753
10911.8,453753
10911.5,453753
10912.4,453753
10912.4,453753
10912.6,453753
10911.4,453753
10912.8,453753
10912.8,453753
10912.6,453753
10912.4,453753
10912.7,453753
10912.5,453753
10913,453753
10912.9,453753
10912.8,453753
10912.8,453753
10912,453753
10912.4,453753
10912.9,453753
10912.3,453753
10912.3,453753
10912.8,453753
10912.3,453753
10912.8,453753
10912.6,453753
10912.3,453753
10912.3,453753
10912.3,453753
10912.9,453753
10912.6,453753
10912.1,453753
10912.5,453753
10912.5,453753
10912.6,453753
10912.5,453753
10912.4,453753
10913,453753
10912.6,453753
10912.2,453753
10913,453753
10912.4,453753
10913.1,453753
10912.6,453753
10912.5,453753
10912.9,453753
10912.5,453753
10912.5,453753
10912.7,453753
10912.9,453753
10912.6,453753
10912.6,453753
10912.2,453753
10911.7,453753
10912,453753
10912.8,453753
10912.6,453753
10912.4,453753
10911.1,453753
10912.7,453753
10912.6,453753
10912.7,453753
10912.1,453753
10911.9,453753
10912,453753
10911.4,453753
10912.3,453753
10911.8,453753
10912.8,453753
10912.5,453753
10912.5,453753
10910.7,453753
10911.8,453753
10912.1,453753
10911.9,453753
10912.8,453753
10912.7,453753
10912.6,453753
10912.7,453753
10912.4,453753
10912.6,453753
10912.7,453753
10912.3,453753
10912.6,453753
10912.8,453753
10912.1,453753
10912.3,453753
10912,453753
10911.9,453753
10912.7,453753
10912.4,453753
10912.4,453753
10912.1,453753
10912.6,453753
10912.3,453753
10912.7,453753
10912.8,453753
10912.6,453753
10912.7,453753
10912.8,453753
10912.7,453753
10912.8,453753
10912.9,453753
10912.9,453753
10912.4,453753
10912.1,453753
10912.8,453753
10912.5,453753
10912.5,453753
10912.3,453753
10912.4,453753
10912.7,453753
10912.5,453753
10912.3,453753
10912.3,453753
10912,453753
10912.3,453753
10913,453753
10913.1,453753
10912.3,453753
10912.6,453753
10912.3,453753
10912.4,453753
10912.4,453753
10912.3,453753
10911.6,453753
10912,453753
10912.7,453753
10912.4,453753
10912.7,453753
10912.6,453546
