TRACE,NSNPS_JACKKNIFE
10885.1,453753
10885,453753
10885.3,453753
10885.1,453753
10884.4,453753
10884.8,453753
10884.9,453753
10884.7,453753
10884.6,453753
10885.1,453753
10884.6,453753
10884.3,453753
10885.1,453753
10884.6,453753
10884.9,453753
10885.1,453753
10885.1,453753
10884.6,453753
10884.2,453753
10884.7,453753
10885.2,453753
10884.4,453753
10884.9,453753
10885,453753
10884.9,453753
10885.1,453753
10884.8,453753
10885.1,453753
10884.4,453753
10884.6,453753
10884.7,453753
10884.7,453753
10885.1,453753
10884.9,453753
10884.6,453753
10884.7,453753
10883.9,453753
10884.8,453753
10884.4,453753
10884.9,453753
10884.5,453753
10884.8,453753
10885.1,453753
10883.8,453753
10884.5,453753
10883.9,453753
10885,453753
10884.8,453753
10884.4,453753
10884.8,453753
10885.2,453753
10884.4,453753
10884.9,453753
10884.1,453753
10884.3,453753
10884.5,453753
10884.5,453753
10884.2,453753
10884.9,453753
10883.9,453753
10884.9,453753
10885,453753
10885,453753
10884.5,453753
10884.6,453753
10884.4,453753
10885,453753
10884.6,453753
10884.7,453753
10884.6,453753
10883.9,453753
10885,453753
10884.8,453753
10885,453753
10884.7,453753
10884.7,453753
10885.1,453753
10884.8,453753
10884.9,453753
10884.7,453753
10884.7,453753
10884.9,453753
10884.8,453753
10884.9,453753
10884.8,453753
10885,453753
10885,453753
10885.1,453753
10884.8,453753
10885.3,453753
10884.8,453753
10884.7,453753
10884.7,453753
10883.2,453753
10884.5,453753
10884.3,453753
10885.1,453753
10884.9,453753
10884.7,453753
10885,453753
10884.4,453753
10884.5,453753
10884.7,453753
10884.2,453753
10884.7,453753
10884.8,453753
10885,453753
10884.9,453753
10885.2,453753
10884.4,453753
10884.7,453753
10884.3,453753
10884.6,453753
10884.3,453753
10884.4,453753
10885.1,453753
10885.3,453753
10885.2,453753
10884.2,453753
10884.4,453753
10884.9,453753
10885.4,453753
10884.9,453753
10884.6,453753
10884.4,453753
10884.2,453753
10884.2,453753
10885.1,453753
10885,453753
10885.1,453753
10884.7,453753
10884.6,453753
10884.9,453753
10884.5,453753
10883.9,453753
10884.8,453753
10884.6,453753
10884.8,453753
10883.7,453753
10884.7,453753
10884.4,453753
10883.7,453753
10885.1,453753
10884.2,453753
10884.2,453753
10884.8,453753
10884.6,453753
10884.6,453753
10885.1,453753
10884.8,453753
10885.1,453753
10884.7,453753
10884.5,453753
10884.8,453753
10885.2,453753
10885.3,453753
10884.5,453753
10884.4,453753
10885.2,453753
10885.2,453753
10884.6,453753
10885,453753
10884.8,453753
10884.9,453753
10884.4,453753
10884.9,453753
10884.7,453753
10885.2,453753
10884.7,453753
10885.4,453753
10884.8,453753
10884.6,453753
10884.7,453753
10885,453753
10885.2,453753
10884.6,453753
10884.8,453753
10884.9,453753
10884.7,453753
10884.5,453753
10884.3,453753
10882.7,453753
10883.2,453753
10884.5,453753
10884.9,453753
10885.3,453753
10884.7,453753
10884.6,453753
10885,453753
10884.8,453753
10884.6,453753
10884.7,453753
10884.2,453753
10884.2,453753
10883.8,453753
10883.5,453753
10884.2,453753
10884.7,453753
10885,453753
10884.8,453753
10884.6,453753
10885,453753
10884.5,453753
10884.4,453753
10884.5,453753
10884.7,453753
10884.7,453753
10884.9,453753
10884.8,453753
10884.7,453753
10885.2,453753
10884.5,453753
10884.7,453753
10885.1,453753
10884.7,453753
10884.9,453753
10883.8,453753
10883.9,453753
10884.1,453753
10884.3,453753
10885.3,453753
10885.4,453753
10885.1,453753
10884.5,453753
10884.4,453753
10885.1,453753
10884.7,453753
10885.1,453753
10885,453753
10884.5,453753
10884.3,453753
10884.3,453753
10884.6,453753
10884.7,453753
10885.3,453753
10884.9,453753
10884.5,453753
10884.8,453753
10883.9,453753
10884.8,453753
10884.5,453753
10884.9,453753
10884.7,453753
10884.9,453753
10884.9,453753
10884.6,453753
10884.9,453753
10885.2,453753
10884.6,453753
10884.7,453753
10884.1,453753
10885.2,453753
10884.4,453753
10884.4,453753
10884.6,453753
10884.3,453753
10884.9,453753
10885,453753
10883.8,453753
10884.7,453753
10884.8,453753
10884.5,453753
10884.4,453753
10884.5,453753
10884.6,453753
10883.9,453753
10884.5,453753
10883.2,453753
10884.9,453753
10884.9,453753
10884.5,453753
10883.9,453753
10885.6,453753
10884.9,453753
10884.8,453753
10884.4,453753
10884.7,453753
10884.6,453753
10884.7,453753
10884.1,453753
10884.5,453753
10885.1,453753
10884.6,453753
10884.8,453753
10885.1,453753
10884.9,453753
10884.8,453753
10884.7,453753
10884.5,453753
10885.1,453753
10885.1,453753
10884.8,453753
10885.3,453753
10884.7,453753
10884.7,453753
10884.6,453753
10884.8,453753
10884.7,453753
10884.9,453753
10884.6,453753
10885,453753
10884.8,453753
10885,453753
10885.1,453753
10885.1,453753
10885.1,453753
10885.1,453753
10884.9,453753
10885.1,453753
10885,453753
10885.1,453753
10884.5,453753
10884.8,453753
10884,453753
10883.6,453753
10884.4,453753
10884.8,453753
10884.4,453753
10884.5,453753
10885,453753
10884.5,453753
10884.9,453753
10884.8,453753
10884.9,453753
10884.6,453753
10884.9,453753
10884.7,453753
10885,453753
10885.1,453753
10884.2,453753
10883.9,453753
10884.3,453753
10884.7,453753
10885,453753
10885.1,453753
10885.2,453753
10884.4,453753
10884.3,453753
10884.5,453753
10884.8,453753
10884.1,453753
10884.5,453753
10884.3,453753
10884.2,453753
10884.7,453753
10883.9,453753
10884.7,453753
10884.9,453753
10884.6,453753
10882.6,453753
10884.6,453753
10884.8,453753
10884.5,453753
10885.2,453753
10885,453753
10885.1,453753
10885.2,453753
10885.3,453753
10885,453753
10885.1,453753
10884.9,453753
10884.7,453753
10884.8,453753
10884.6,453753
10885,453753
10884.7,453753
10884.6,453753
10885.2,453753
10884.1,453753
10884.8,453753
10885.2,453753
10885.1,453753
10884.3,453753
10884.8,453753
10885.2,453753
10884.6,453753
10884.5,453753
10883.8,453753
10884.4,453753
10885,453753
10883.6,453753
10884.2,453753
10884.5,453753
10884.7,453753
10884.5,453753
10884.1,453753
10884.4,453753
10884.3,453753
10884.9,453753
10885,453753
10884.6,453753
10884.5,453753
10884.6,453753
10884.9,453753
10884.8,453753
10885.1,453753
10884.5,453753
10884.3,453753
10884,453753
10885,453753
10884.6,453753
10884.9,453753
10884.9,453753
10884.2,453753
10885.1,453753
10884.1,453753
10884.4,453753
10884.7,453753
10884.7,453753
10884.8,453753
10884.9,453753
10884.9,453753
10885.2,453753
10885.3,453753
10884.8,453753
10884.7,453753
10885.1,453753
10884.6,453753
10884.5,453753
10884.5,453753
10884.8,453753
10885.3,453753
10885.1,453753
10884.7,453753
10884.8,453753
10884.9,453753
10884.8,453753
10885.1,453753
10884.6,453753
10884.7,453753
10884.8,453753
10885.1,453753
10884.3,453753
10884.8,453753
10884.8,453753
10884.7,453753
10885,453753
10884.8,453753
10885.2,453753
10884.4,453753
10885,453753
10885.1,453753
10883.2,453753
10884.3,453753
10884.8,453753
10884.9,453753
10885,453753
10884.9,453753
10884.3,453753
10884.4,453753
10884.6,453753
10884.9,453753
10883.5,453753
10884.8,453753
10884.6,453753
10884.7,453753
10884.6,453753
10884.9,453753
10884.5,453753
10884.2,453753
10884.5,453753
10885,453753
10884.8,453753
10885.3,453753
10884.6,453753
10884.7,453753
10884.7,453753
10884.8,453753
10885,453753
10884.5,453753
10885.1,453753
10884.8,453753
10884.8,453753
10885,453753
10884.6,453753
10884.6,453753
10885,453753
10885.3,453753
10884.8,453753
10884.1,453753
10882.2,453753
10882.7,453753
10884.3,453753
10885,453753
10884.9,453753
10884.8,453753
10885,453753
10884.9,453753
10884.8,453753
10884.5,453753
10884.6,453753
10885,453753
10884.4,453753
10885,453753
10884.1,453753
10884.5,453753
10885,453753
10884.5,453753
10884.7,453753
10884.6,453753
10884.4,453753
10884.7,453753
10885.1,453753
10883.9,453753
10884.7,453753
10884.5,453753
10884.6,453753
10884.4,453753
10885.1,453753
10884.5,453753
10884.5,453753
10885.1,453753
10884.6,453753
10884.1,453753
10884.8,453753
10884.9,453753
10884.7,453753
10885.1,453753
10884.7,453753
10885.1,453753
10884.6,453753
10884.9,453753
10884.9,453753
10884.9,453753
10885,453753
10885,453753
10884.8,453753
10884.4,453753
10884.9,453753
10884.8,453753
10885.1,453753
10884.8,453753
10884.4,453753
10884.7,453753
10884.6,453753
10884.7,453753
10885,453753
10884.3,453753
10884.7,453753
10884.9,453753
10884.5,453753
10884.5,453753
10884,453753
10884.4,453753
10884.6,453753
10884.7,453753
10884.7,453753
10884.9,453753
10885.2,453753
10885.3,453753
10884.4,453753
10885.1,453753
10884.6,453753
10884.9,453753
10884.9,453753
10884.6,453753
10884.8,453753
10884.8,453753
10884.6,453753
10884.5,453753
10884.4,453753
10884.6,453753
10884.3,453753
10884.3,453753
10884.8,453753
10884.1,453753
10884.9,453753
10884.6,453753
10884.7,453753
10884.2,453753
10884.7,453753
10884.5,453753
10884.7,453753
10884.9,453753
10884.9,453753
10885.1,453753
10884,453753
10884.9,453753
10884.2,453753
10884.5,453753
10884.8,453753
10885.2,453753
10884.9,453753
10884.4,453753
10885.2,453753
10884.7,453753
10884.7,453753
10884.5,453753
10884.2,453753
10883.6,453753
10884.3,453753
10884.4,453753
10884.9,453753
10884.7,453753
10884.3,453753
10884.5,453753
10885.1,453753
10884.6,453753
10884.7,453753
10884.6,453753
10883.5,453753
10884.5,453753
10884.8,453753
10884.6,453753
10884.5,453753
10884.4,453753
10884.5,453753
10884.9,453753
10884.9,453753
10884.3,453753
10885.1,453753
10884.3,453753
10885,453753
10884.5,453753
10884.9,453753
10884.6,453753
10884.7,453753
10884.9,453753
10884.6,453753
10884.5,453753
10885.1,453753
10884.6,453753
10884.4,453753
10883.9,453753
10884.6,453753
10883.8,453753
10884.1,453753
10884.2,453753
10884.8,453753
10884.6,453753
10884.9,453753
10885.1,453753
10885.5,453753
10885.1,453753
10884.6,453753
10884.8,453753
10884.6,453753
10884.9,453753
10885,453753
10885.4,453753
10884.6,453753
10884.9,453753
10879.7,453753
10872.6,453753
10881.8,453753
10884,453753
10884.5,453753
10884.5,453753
10885.1,453753
10884.3,453753
10884.8,453753
10884.6,453753
10884.4,453753
10883.5,453753
10884.7,453753
10884.2,453753
10884.4,453753
10884.4,453753
10884.7,453753
10884.8,453753
10884.8,453753
10884.6,453753
10884.6,453753
10884.6,453753
10884.9,453753
10884.6,453753
10884.7,453753
10884.5,453753
10884.3,453753
10884.9,453753
10885,453753
10884.7,453753
10884.7,453753
10884.5,453753
10884.4,453753
10884.9,453753
10884.9,453753
10885.1,453753
10884.7,453753
10884.9,453753
10884.9,453753
10884.7,453753
10884.7,453753
10885.1,453753
10884.9,453753
10885,453753
10885.2,453753
10883.9,453753
10883.2,453753
10884.4,453753
10885,453753
10883.9,453753
10885,453753
10884.4,453753
10884.7,453753
10884,453753
10884.5,453753
10884.7,453753
10885.4,453753
10885.3,453753
10884.7,453753
10884.8,453753
10883.6,453753
10884.2,453753
10884.7,453753
10884.6,453753
10884.8,453753
10885.1,453753
10884.9,453753
10884.6,453753
10884.5,453753
10884.9,453753
10884.8,453753
10885.2,453753
10885.2,453753
10885,453753
10884.4,453753
10884.8,453753
10884.7,453753
10885.2,453753
10885,453753
10884.9,453753
10884,453753
10884.7,453753
10885,453753
10885,453753
10884.9,453753
10884.8,453753
10884.9,453753
10884.9,453753
10884.8,453753
10884.6,453753
10884.5,453753
10885.1,453753
10884.7,453753
10884.7,453753
10885.3,453753
10885,453753
10884,453753
10884.5,453753
10884.7,453753
10884.6,453753
10885.1,453753
10884.9,453753
10884.9,453753
10884.4,453753
10884.4,453753
10884.7,453753
10884.5,453753
10885,453753
10884.7,453753
10884.8,453753
10885,453753
10885.2,453753
10885,453753
10884.7,453753
10884.9,453753
10884.8,453753
10884.8,453753
10884.9,453753
10884.6,453753
10884.8,453753
10884.8,453753
10885.2,453753
10884.8,453753
10884.1,453753
10884.3,453753
10884.9,453753
10884.5,453753
10885,453753
10884.8,453753
10884.4,453753
10884.1,453753
10884.7,453753
10885.1,453753
10884.3,453753
10884.5,453753
10884.5,453753
10884.2,453753
10884.7,453753
10884.6,453753
10885.1,453753
10884.8,453753
10884.6,453753
10885,453753
10884.8,453753
10885.1,453753
10884.8,453753
10884.8,453753
10883.9,453753
10884.7,453753
10884.9,453753
10885.1,453753
10884.9,453753
10885,453753
10885,453753
10884.9,453753
10884.2,453753
10884.8,453753
10884.9,453753
10884.7,453753
10884.5,453753
10885,453753
10885.1,453753
10884.4,453753
10884.6,453753
10884.8,453753
10883.8,453753
10884.7,453753
10884.4,453753
10885,453753
10884.2,453753
10885.1,453753
10884.8,453753
10884.6,453753
10885.2,453753
10885.2,453753
10885,453753
10884.9,453753
10884.7,453753
10884.8,453753
10884.3,453753
10884.6,453753
10884.7,453753
10885.4,453753
10885,453753
10884.5,453753
10884.7,453753
10885,453753
10885,453753
10884.8,453753
10884.6,453753
10884.9,453753
10884.8,453753
10884.9,453753
10885,453753
10884.4,453753
10884.5,453753
10884.4,453753
10884.6,453753
10885.1,453753
10884.6,453753
10884.6,453753
10884.9,453753
10884.2,453753
10884.7,453753
10884.6,453753
10885.1,453753
10884.3,453753
10885.2,453753
10884.9,453753
10885,453753
10884.8,453753
10884.3,453753
10884.6,453753
10885.1,453753
10885.4,453753
10884.8,453753
10884.7,453753
10884.7,453753
10884.9,453753
10884.9,453753
10884.7,453753
10884.3,453753
10884.7,453753
10884.4,453753
10885.1,453753
10885.1,453753
10884.7,453753
10883.5,453753
10883.8,453753
10883.4,453753
10884.8,453753
10885.1,453753
10885.1,453753
10884.5,453753
10884.7,453753
10884.7,453753
10884.7,453753
10884.9,453753
10885.2,453753
10885.1,453753
10884.5,453753
10884.6,453753
10885,453753
10884.4,453753
10884.7,453753
10885,453753
10885.3,453753
10885.2,453753
10884.9,453753
10885.2,453753
10885.1,453753
10884.7,453753
10885,453753
10884.9,453753
10885.1,453753
10884,453753
10885,453753
10884.6,453753
10884.3,453753
10883.9,453753
10884.9,453753
10884.2,453753
10884.1,453753
10884.5,453753
10884.5,453753
10884.9,453753
10885,453753
10884.9,453753
10885,453753
10884.7,453753
10885.2,453753
10885,453753
10884.9,453753
10885.1,453753
10884.9,453753
10885,453753
10885.1,453753
10885,453753
10884.9,453753
10884.5,453753
10883.3,453753
10884.6,453753
10884.6,453753
10884.8,453753
10884.3,453753
10883.8,453753
10884.8,453753
10885.3,453753
10884.5,453753
10884.1,453753
10884.5,453753
10884.3,453753
10884.5,453753
10884.7,453753
10884.9,453753
10884.6,453753
10884.5,453753
10885.3,453753
10884.2,453753
10884.2,453753
10884.2,453753
10884.6,453753
10885.2,453753
10884.5,453753
10884.8,453753
10885.1,453753
10884.6,453753
10884.9,453753
10885.1,453753
10884.7,453753
10884.5,453753
10884.7,453753
10884.3,453753
10884,453753
10884.2,453753
10884.6,453753
10884.8,453753
10884.9,453753
10884.4,453753
10884.7,453753
10885.1,453753
10885.2,453753
10885,453753
10884.9,453753
10885.1,453753
10885.1,453753
10884.9,453753
10884.6,453753
10885,453753
10884.7,453753
10885,453753
10884.8,453753
10884.8,453753
10884.8,453753
10885.4,453753
10884.8,453753
10885,453753
10884.7,453753
10885.3,453753
10884.7,453753
10884.7,453753
10884.5,453753
10884.3,453753
10884.9,453753
10884.7,453753
10885,453753
10884.8,453753
10884.9,453753
10883.6,453753
10884.6,453753
10884.9,453753
10884.6,453753
10883.7,453753
10884.7,453753
10885,453753
10885,453753
10885.5,453753
10885.6,453546
