TRACE,NSNPS_JACKKNIFE
10826.4,453753
10826.6,453753
10826.2,453753
10826.1,453753
10826.4,453753
10826,453753
10826.3,453753
10825.8,453753
10826.4,453753
10826.3,453753
10826.5,453753
10825.9,453753
10826.5,453753
10826.4,453753
10826.5,453753
10826.1,453753
10826,453753
10825.8,453753
10825.9,453753
10825.8,453753
10826.3,453753
10826.4,453753
10826.2,453753
10826.4,453753
10826.3,453753
10826.3,453753
10825.8,453753
10826.1,453753
10825.7,453753
10826.1,453753
10825.7,453753
10826,453753
10826.1,453753
10826.5,453753
10826,453753
10826.5,453753
10826.2,453753
10826.1,453753
10826.2,453753
10826.3,453753
10826.1,453753
10826,453753
10825.7,453753
10825.8,453753
10825.5,453753
10825.9,453753
10826.1,453753
10826.3,453753
10826.2,453753
10826.5,453753
10826.2,453753
10825.3,453753
10825.6,453753
10825.9,453753
10826,453753
10825.9,453753
10826.4,453753
10826.3,453753
10826,453753
10826,453753
10826.1,453753
10826.1,453753
10826.2,453753
10826.3,453753
10826.3,453753
10826.3,453753
10826,453753
10826.2,453753
10826.1,453753
10825.8,453753
10825.2,453753
10826.8,453753
10826.5,453753
10826.6,453753
10825.9,453753
10826.6,453753
10826.4,453753
10826.2,453753
10826.3,453753
10826.1,453753
10825.7,453753
10826.5,453753
10826.2,453753
10826.2,453753
10826.7,453753
10826.3,453753
10826.6,453753
10826.4,453753
10826.2,453753
10826.1,453753
10826.1,453753
10826.1,453753
10826,453753
10824,453753
10826.5,453753
10826.1,453753
10825.8,453753
10826.3,453753
10826.5,453753
10826.3,453753
10826.4,453753
10826.2,453753
10826.5,453753
10825.5,453753
10825.7,453753
10826.3,453753
10826.3,453753
10826.6,453753
10826,453753
10826.2,453753
10826.1,453753
10826.3,453753
10826.5,453753
10826.3,453753
10825.7,453753
10825.8,453753
10826.5,453753
10825.7,453753
10826.2,453753
10826.4,453753
10826.4,453753
10826.3,453753
10826,453753
10826.3,453753
10825.8,453753
10826.5,453753
10826.5,453753
10826.2,453753
10826.3,453753
10826.5,453753
10826.3,453753
10826.2,453753
10825.7,453753
10826.3,453753
10825.6,453753
10826.2,453753
10825.7,453753
10826.1,453753
10825.7,453753
10826,453753
10825,453753
10825,453753
10826.2,453753
10826.2,453753
10826.2,453753
10826.4,453753
10826,453753
10826.3,453753
10826,453753
10826.5,453753
10826.1,453753
10826,453753
10826,453753
10826.4,453753
10826.4,453753
10826.6,453753
10826.2,453753
10826.8,453753
10826.4,453753
10826.3,453753
10826.2,453753
10826.5,453753
10826.1,453753
10826.6,453753
10826.2,453753
10826.6,453753
10826.6,453753
10826.2,453753
10826.5,453753
10826.5,453753
10825.7,453753
10826.1,453753
10825.7,453753
10826.2,453753
10826.2,453753
10826.4,453753
10826.6,453753
10825.9,453753
10826.4,453753
10826.3,453753
10825.8,453753
10824.3,453753
10824.8,453753
10826.4,453753
10825.9,453753
10826.6,453753
10826.1,453753
10826.5,453753
10825.8,453753
10826.2,453753
10826.6,453753
10826.4,453753
10826.3,453753
10824.6,453753
10825.1,453753
10825.5,453753
10825.7,453753
10825.8,453753
10826.6,453753
10826.1,453753
10825.8,453753
10826.3,453753
10826.8,453753
10826,453753
10826.5,453753
10826.3,453753
10825.5,453753
10826.6,453753
10826.4,453753
10826,453753
10825.7,453753
10826,453753
10826.1,453753
10826.1,453753
10825.8,453753
10826.1,453753
10825.6,453753
10825.7,453753
10826.7,453753
10826.3,453753
10826.8,453753
10826.2,453753
10826.4,453753
10826.2,453753
10826.4,453753
10826.1,453753
10826.5,453753
10826.6,453753
10826.3,453753
10826.5,453753
10826.2,453753
10825.9,453753
10826.3,453753
10826.2,453753
10826.2,453753
10826.6,453753
10826.1,453753
10826.2,453753
10826.3,453753
10826,453753
10826.3,453753
10825.8,453753
10826.4,453753
10826.3,453753
10826.3,453753
10826.2,453753
10825.9,453753
10826.2,453753
10826.3,453753
10825.9,453753
10826.5,453753
10826.6,453753
10825.9,453753
10825.9,453753
10826,453753
10825.9,453753
10825.9,453753
10826.7,453753
10825.9,453753
10826.4,453753
10826.9,453753
10826.3,453753
10825.3,453753
10826.4,453753
10826.3,453753
10825.8,453753
10825.9,453753
10825.8,453753
10826.1,453753
10826.2,453753
10825.7,453753
10825.1,453753
10826.6,453753
10825.6,453753
10825.8,453753
10825.5,453753
10825.9,453753
10825.9,453753
10826.5,453753
10826.4,453753
10826.4,453753
10826.2,453753
10826.4,453753
10826.5,453753
10826.3,453753
10826.2,453753
10826.2,453753
10826.3,453753
10826.3,453753
10826.5,453753
10826.6,453753
10826.4,453753
10826.3,453753
10826.3,453753
10826.4,453753
10826.1,453753
10826.2,453753
10825.9,453753
10826.7,453753
10826.6,453753
10826.4,453753
10826.6,453753
10826.9,453753
10826,453753
10826.7,453753
10826.5,453753
10825.9,453753
10826.3,453753
10826.6,453753
10826,453753
10826.4,453753
10826.1,453753
10825.7,453753
10825,453753
10825,453753
10825.7,453753
10825.9,453753
10826.6,453753
10825.5,453753
10826,453753
10826.7,453753
10826.6,453753
10826,453753
10826.3,453753
10826.2,453753
10826.2,453753
10826.2,453753
10825.6,453753
10825.8,453753
10826.3,453753
10825.6,453753
10825.9,453753
10826,453753
10826.1,453753
10825.6,453753
10826.3,453753
10826.2,453753
10826.1,453753
10826.5,453753
10826.1,453753
10825.6,453753
10826.5,453753
10825.2,453753
10825.3,453753
10826.1,453753
10825.4,453753
10826.1,453753
10825.8,453753
10825.9,453753
10825.1,453753
10825.9,453753
10825.9,453753
10826.2,453753
10826.5,453753
10826.6,453753
10826.3,453753
10826.2,453753
10826.5,453753
10826,453753
10826.4,453753
10826.5,453753
10826.3,453753
10826.2,453753
10826.4,453753
10826.4,453753
10825.9,453753
10826.3,453753
10826.6,453753
10825.9,453753
10826.8,453753
10826.4,453753
10826.1,453753
10826,453753
10826.2,453753
10826.3,453753
10826.3,453753
10825.7,453753
10825.5,453753
10826.3,453753
10825.8,453753
10825.2,453753
10826,453753
10826.3,453753
10826.5,453753
10825.7,453753
10825.8,453753
10825.7,453753
10825.6,453753
10826.2,453753
10826.2,453753
10826,453753
10825.7,453753
10825.8,453753
10826.3,453753
10826,453753
10825.5,453753
10825.7,453753
10825.4,453753
10825.4,453753
10826,453753
10826.2,453753
10826.3,453753
10826.3,453753
10826,453753
10826.4,453753
10825,453753
10826,453753
10826.1,453753
10826,453753
10826.8,453753
10826.4,453753
10826.3,453753
10825.7,453753
10826.5,453753
10826.5,453753
10826.1,453753
10826.2,453753
10826.4,453753
10826.1,453753
10826,453753
10826.2,453753
10826.9,453753
10826.3,453753
10826.3,453753
10826.6,453753
10826.8,453753
10826.3,453753
10826.6,453753
10826.3,453753
10825.8,453753
10825.7,453753
10826.2,453753
10825.7,453753
10826,453753
10825.5,453753
10826.9,453753
10826.3,453753
10826.1,453753
10826.4,453753
10826.5,453753
10826.2,453753
10826,453753
10824.9,453753
10826.4,453753
10826.2,453753
10827,453753
10826.6,453753
10826.4,453753
10826.1,453753
10826.1,453753
10826.5,453753
10826.6,453753
10825.5,453753
10825.8,453753
10826.4,453753
10826.3,453753
10826.2,453753
10826,453753
10825.8,453753
10826.2,453753
10826.1,453753
10825.9,453753
10826.4,453753
10825.9,453753
10826,453753
10826,453753
10826.1,453753
10826.6,453753
10826.4,453753
10825.7,453753
10826.7,453753
10826.4,453753
10826,453753
10825.7,453753
10825.9,453753
10825.9,453753
10826.3,453753
10826,453753
10826.5,453753
10826.1,453753
10825,453753
10825.3,453753
10826.4,453753
10826.5,453753
10826.7,453753
10826.1,453753
10826.1,453753
10826.1,453753
10826.3,453753
10826.3,453753
10826.2,453753
10825.9,453753
10826.3,453753
10826.3,453753
10825.2,453753
10826.2,453753
10826.4,453753
10826.4,453753
10826.2,453753
10826.5,453753
10825.8,453753
10826.1,453753
10826.2,453753
10826,453753
10826.3,453753
10826.7,453753
10825.8,453753
10825.8,453753
10825.9,453753
10826.4,453753
10826.5,453753
10826,453753
10825.7,453753
10825.2,453753
10825.6,453753
10826.3,453753
10826.4,453753
10826.4,453753
10826.5,453753
10826,453753
10825.9,453753
10826.8,453753
10826.1,453753
10826.7,453753
10826.1,453753
10826.6,453753
10825.9,453753
10826.4,453753
10826.6,453753
10826.7,453753
10826.3,453753
10826.2,453753
10826.3,453753
10826.3,453753
10826.4,453753
10826.6,453753
10826.4,453753
10826,453753
10826.4,453753
10826.4,453753
10826.4,453753
10826.1,453753
10825.3,453753
10825.9,453753
10826.1,453753
10826.3,453753
10826.2,453753
10825.8,453753
10826,453753
10826.7,453753
10825.8,453753
10826.8,453753
10825.7,453753
10825.9,453753
10825.8,453753
10826.3,453753
10826.2,453753
10826,453753
10826.4,453753
10826.3,453753
10826,453753
10826.7,453753
10825.9,453753
10825.9,453753
10825.9,453753
10826,453753
10826.4,453753
10826.4,453753
10826.5,453753
10826.4,453753
10826,453753
10826.5,453753
10825.5,453753
10826.2,453753
10826.3,453753
10826.2,453753
10826.1,453753
10826.3,453753
10826.4,453753
10826.5,453753
10826.3,453753
10826.1,453753
10826.2,453753
10826.5,453753
10826.2,453753
10826.7,453753
10826.5,453753
10825.9,453753
10825.7,453753
10825.8,453753
10826.1,453753
10826.2,453753
10826.3,453753
10826.6,453753
10826.4,453753
10825.9,453753
10826.6,453753
10826,453753
10826.6,453753
10826.1,453753
10825.1,453753
10826.2,453753
10826.4,453753
10825.8,453753
10825.9,453753
10826.5,453753
10825.8,453753
10826.3,453753
10825.9,453753
10826.2,453753
10826.1,453753
10826,453753
10826.2,453753
10826.6,453753
10826.5,453753
10826.6,453753
10826.5,453753
10826.4,453753
10826.5,453753
10825.7,453753
10826.7,453753
10825.9,453753
10825.6,453753
10824.7,453753
10826.4,453753
10825.4,453753
10825.3,453753
10826.4,453753
10825.7,453753
10826.3,453753
10826.5,453753
10826.4,453753
10826.6,453753
10826.2,453753
10826.1,453753
10825.9,453753
10826.6,453753
10825.9,453753
10826.2,453753
10825.7,453753
10826.3,453753
10826.1,453753
10821.7,453753
10816.4,453753
10824.3,453753
10826.3,453753
10825.5,453753
10825.5,453753
10826.3,453753
10825.6,453753
10826.5,453753
10826.5,453753
10825.8,453753
10826.2,453753
10825.9,453753
10825.4,453753
10825.6,453753
10826,453753
10826.3,453753
10826.1,453753
10825.2,453753
10826.2,453753
10826.1,453753
10825.5,453753
10826.5,453753
10826.4,453753
10826.4,453753
10826.6,453753
10825.6,453753
10826.4,453753
10826.5,453753
10826,453753
10826.5,453753
10826.5,453753
10826.3,453753
10826.6,453753
10826.3,453753
10826.9,453753
10826.1,453753
10826.5,453753
10826.1,453753
10826.3,453753
10826,453753
10826,453753
10826.5,453753
10826.2,453753
10826.2,453753
10825.5,453753
10825.4,453753
10825.8,453753
10825.8,453753
10825.1,453753
10825.9,453753
10825.9,453753
10825.9,453753
10826.1,453753
10825.3,453753
10825.5,453753
10826.4,453753
10825.5,453753
10826.2,453753
10825.8,453753
10825.8,453753
10825.6,453753
10826.2,453753
10826,453753
10826.5,453753
10826.3,453753
10826.2,453753
10826.3,453753
10826.4,453753
10825.7,453753
10826,453753
10826.4,453753
10826.3,453753
10825.8,453753
10826.1,453753
10826.3,453753
10826.3,453753
10826.5,453753
10826,453753
10825.9,453753
10825.7,453753
10826.4,453753
10826.1,453753
10826.1,453753
10825.9,453753
10826.5,453753
10826.1,453753
10826.2,453753
10826.5,453753
10826.4,453753
10826.4,453753
10826.3,453753
10826.2,453753
10826.1,453753
10825.6,453753
10825.7,453753
10826,453753
10825.5,453753
10826.1,453753
10826.1,453753
10826.2,453753
10826.7,453753
10826.3,453753
10826,453753
10826.3,453753
10826.5,453753
10826.3,453753
10826.2,453753
10826.2,453753
10826.3,453753
10826.6,453753
10826.5,453753
10826.5,453753
10826.4,453753
10826.4,453753
10826.1,453753
10826.6,453753
10825.9,453753
10826.8,453753
10825.7,453753
10826.4,453753
10826.6,453753
10826.1,453753
10826.2,453753
10825.9,453753
10826.1,453753
10826.5,453753
10826.3,453753
10825.1,453753
10826.5,453753
10826.2,453753
10826,453753
10825.9,453753
10826.4,453753
10826,453753
10826.3,453753
10825.8,453753
10826.4,453753
10826.1,453753
10826.6,453753
10826.1,453753
10826.3,453753
10826.6,453753
10826.7,453753
10826.5,453753
10826.4,453753
10826.4,453753
10826.4,453753
10826.1,453753
10826,453753
10826.5,453753
10826.3,453753
10826.4,453753
10826.3,453753
10826.4,453753
10826.1,453753
10826,453753
10825.9,453753
10826.5,453753
10826,453753
10826.3,453753
10826.6,453753
10826.2,453753
10825.9,453753
10826.7,453753
10825.1,453753
10825.9,453753
10826.3,453753
10826.6,453753
10824.9,453753
10825.9,453753
10826.4,453753
10826.5,453753
10826.4,453753
10826.2,453753
10826.4,453753
10826.1,453753
10826.1,453753
10826.3,453753
10826.2,453753
10825.8,453753
10826.3,453753
10826.2,453753
10826.4,453753
10826.2,453753
10826.4,453753
10826.2,453753
10826.3,453753
10826.3,453753
10826,453753
10826.1,453753
10826,453753
10825.5,453753
10826.6,453753
10826.2,453753
10826.2,453753
10826.2,453753
10826.4,453753
10826.4,453753
10825.7,453753
10825.2,453753
10825.7,453753
10825.6,453753
10826.1,453753
10826.3,453753
10826.3,453753
10826.5,453753
10826.4,453753
10826.4,453753
10826.6,453753
10826.1,453753
10826.5,453753
10825.6,453753
10826,453753
10826.4,453753
10826.5,453753
10826.5,453753
10826.1,453753
10826.6,453753
10826.5,453753
10825.9,453753
10825.8,453753
10826.1,453753
10826.6,453753
10826.2,453753
10825.8,453753
10825.4,453753
10825.3,453753
10825.5,453753
10825.5,453753
10826.5,453753
10825.8,453753
10826.3,453753
10825.2,453753
10826.2,453753
10826.4,453753
10826.2,453753
10826.2,453753
10826.8,453753
10826.2,453753
10826.5,453753
10825.9,453753
10826.2,453753
10826,453753
10825.9,453753
10826.6,453753
10826.6,453753
10826.4,453753
10826.6,453753
10826.8,453753
10826.4,453753
10826,453753
10826.1,453753
10826,453753
10825.9,453753
10826,453753
10825.8,453753
10826.6,453753
10825.3,453753
10826.3,453753
10826.3,453753
10826.3,453753
10826.3,453753
10826.1,453753
10826,453753
10826.1,453753
10826.5,453753
10825.9,453753
10826.7,453753
10826.4,453753
10826.3,453753
10826.7,453753
10826.4,453753
10826.3,453753
10825.9,453753
10826.4,453753
10826.3,453753
10826.2,453753
10826.6,453753
10825.9,453753
10825.8,453753
10826.1,453753
10826,453753
10825.8,453753
10826.2,453753
10825.6,453753
10826,453753
10826.2,453753
10825.8,453753
10825.4,453753
10826.1,453753
10825.5,453753
10825.4,453753
10826,453753
10826.5,453753
10826.5,453753
10826,453753
10826.4,453753
10825.2,453753
10826.2,453753
10826.1,453753
10826.4,453753
10826.6,453753
10826,453753
10826.5,453753
10826.5,453753
10826.8,453753
10826.3,453753
10825.8,453753
10825.9,453753
10826.3,453753
10826.1,453753
10826.2,453753
10825.5,453753
10825.4,453753
10826,453753
10826.3,453753
10826,453753
10826.4,453753
10825.9,453753
10826.5,453753
10826.4,453753
10826.5,453753
10826.3,453753
10826.5,453753
10826.1,453753
10826.3,453753
10826.3,453753
10826.6,453753
10826.1,453753
10826,453753
10826.1,453753
10826.4,453753
10827,453753
10826.6,453753
10826.5,453753
10826,453753
10826,453753
10826.3,453753
10826.3,453753
10826,453753
10825.6,453753
10825.6,453753
10826.4,453753
10826.3,453753
10826.2,453753
10826.3,453753
10826.4,453753
10825.1,453753
10826.1,453753
10826.4,453753
10826.6,453753
10825.8,453753
10826.3,453753
10826.2,453753
10826.5,453753
10826.6,453753
10826.3,453546
