TRACE,NSNPS_JACKKNIFE
10880.1,453753
10880,453753
10879.3,453753
10879.8,453753
10880,453753
10879.4,453753
10879.4,453753
10879.5,453753
10879.7,453753
10879.8,453753
10879.4,453753
10879.7,453753
10879.8,453753
10879.8,453753
10879.7,453753
10879.6,453753
10880.2,453753
10879.1,453753
10879.1,453753
10879.3,453753
10879.5,453753
10879.6,453753
10879.8,453753
10879.6,453753
10879.5,453753
10880,453753
10879.7,453753
10880.1,453753
10879.3,453753
10879.8,453753
10879.4,453753
10879.6,453753
10879.1,453753
10879.7,453753
10878.9,453753
10879.1,453753
10879,453753
10879.7,453753
10879.3,453753
10880.1,453753
10879.9,453753
10880,453753
10879.5,453753
10878.7,453753
10879.1,453753
10880.2,453753
10879.6,453753
10879.8,453753
10879.6,453753
10879.7,453753
10879.6,453753
10879,453753
10879.3,453753
10880.1,453753
10879.5,453753
10879.7,453753
10879.5,453753
10879.9,453753
10879.8,453753
10879.5,453753
10879.6,453753
10880.1,453753
10880,453753
10880.1,453753
10879.5,453753
10879.6,453753
10879.3,453753
10879.1,453753
10879.8,453753
10879.3,453753
10879.5,453753
10879.6,453753
10880.2,453753
10879.8,453753
10880,453753
10880,453753
10880,453753
10880,453753
10879.9,453753
10879.5,453753
10879.2,453753
10879,453753
10880.3,453753
10879.9,453753
10879.9,453753
10879.8,453753
10880,453753
10880.4,453753
10880,453753
10879.6,453753
10879.8,453753
10879.8,453753
10880,453753
10878.7,453753
10880.1,453753
10879.7,453753
10879.6,453753
10880,453753
10879.9,453753
10879.7,453753
10879.1,453753
10879.9,453753
10879.6,453753
10879.6,453753
10879.6,453753
10879.7,453753
10879.9,453753
10879.7,453753
10879.8,453753
10879.7,453753
10880,453753
10879.1,453753
10879.5,453753
10879.3,453753
10879.5,453753
10879.7,453753
10879.6,453753
10879.5,453753
10879.5,453753
10879.4,453753
10880,453753
10880.1,453753
10879.3,453753
10879.5,453753
10879.7,453753
10879.3,453753
10879.7,453753
10879.7,453753
10879.9,453753
10879.2,453753
10878.8,453753
10879.4,453753
10879.6,453753
10880.1,453753
10879.7,453753
10879.8,453753
10879.8,453753
10880,453753
10879.3,453753
10880,453753
10878.9,453753
10878.5,453753
10879.7,453753
10879.3,453753
10879.4,453753
10879.9,453753
10879.3,453753
10879.5,453753
10880,453753
10879.9,453753
10879.6,453753
10879.6,453753
10879.8,453753
10879.9,453753
10879.4,453753
10879.7,453753
10879.8,453753
10879.8,453753
10880,453753
10880.3,453753
10879.9,453753
10879.6,453753
10879.6,453753
10879.9,453753
10879.8,453753
10880.1,453753
10880.3,453753
10879.8,453753
10879.5,453753
10880.5,453753
10879.6,453753
10879.6,453753
10879.8,453753
10880,453753
10879.5,453753
10879.2,453753
10879.8,453753
10879.6,453753
10879.2,453753
10879.1,453753
10879.7,453753
10877.8,453753
10878.7,453753
10879.6,453753
10880.4,453753
10879.8,453753
10879.6,453753
10879.9,453753
10879.7,453753
10879.5,453753
10880.3,453753
10880.1,453753
10879.6,453753
10879.3,453753
10878.9,453753
10878.7,453753
10879,453753
10879.5,453753
10879.9,453753
10879,453753
10879.5,453753
10879.8,453753
10879.9,453753
10879,453753
10879.9,453753
10879.9,453753
10879.5,453753
10879.6,453753
10879.7,453753
10879.3,453753
10879.3,453753
10879.6,453753
10879.6,453753
10879.8,453753
10879.7,453753
10879.7,453753
10879.3,453753
10878.3,453753
10878.9,453753
10878.8,453753
10880,453753
10879.8,453753
10879.7,453753
10880,453753
10879.9,453753
10880.1,453753
10880,453753
10879.9,453753
10879.7,453753
10879.6,453753
10879.1,453753
10879.7,453753
10879.1,453753
10879.8,453753
10879.9,453753
10879.6,453753
10879.9,453753
10879.6,453753
10879.9,453753
10880,453753
10879.8,453753
10879.8,453753
10879.7,453753
10879.9,453753
10880.3,453753
10879.3,453753
10879.7,453753
10879.4,453753
10879.6,453753
10879.3,453753
10879.7,453753
10879.5,453753
10879.8,453753
10879.5,453753
10879.5,453753
10879.6,453753
10879.7,453753
10879.8,453753
10879.3,453753
10879.5,453753
10879.8,453753
10879.6,453753
10878.3,453753
10879.7,453753
10879.6,453753
10879.4,453753
10879.8,453753
10878.3,453753
10879.9,453753
10879.2,453753
10879.4,453753
10879,453753
10879.7,453753
10879.5,453753
10879.8,453753
10879.9,453753
10880,453753
10879.8,453753
10879.9,453753
10879,453753
10879.2,453753
10879.5,453753
10879.7,453753
10879.6,453753
10879.4,453753
10879.3,453753
10880,453753
10879.9,453753
10880.3,453753
10880,453753
10879.9,453753
10880.1,453753
10880.2,453753
10880.1,453753
10879.9,453753
10879.8,453753
10880,453753
10879.4,453753
10879.9,453753
10879.8,453753
10880,453753
10880,453753
10880.3,453753
10879.7,453753
10879.7,453753
10879.9,453753
10880.2,453753
10879.7,453753
10879.5,453753
10880.1,453753
10879.7,453753
10879.6,453753
10879.5,453753
10878.7,453753
10878.4,453753
10879.5,453753
10879.9,453753
10879.3,453753
10879.7,453753
10879.5,453753
10879.4,453753
10879.6,453753
10879.8,453753
10879.6,453753
10879.5,453753
10879.2,453753
10879.4,453753
10879.5,453753
10879.9,453753
10879.3,453753
10879,453753
10879.6,453753
10879.7,453753
10879.9,453753
10879.5,453753
10879.5,453753
10879.3,453753
10879.6,453753
10880.1,453753
10879.7,453753
10879,453753
10879.6,453753
10878.8,453753
10878.6,453753
10879.4,453753
10879.7,453753
10879.7,453753
10879.9,453753
10879.7,453753
10878.8,453753
10879.8,453753
10879.5,453753
10879.3,453753
10880.1,453753
10880.1,453753
10880.1,453753
10880.2,453753
10879.8,453753
10880,453753
10879.5,453753
10879.6,453753
10879.8,453753
10879.5,453753
10879.9,453753
10879.8,453753
10879.5,453753
10879.7,453753
10879.6,453753
10879.5,453753
10880.3,453753
10879.7,453753
10879.3,453753
10879.8,453753
10879.7,453753
10879.4,453753
10879.6,453753
10879.3,453753
10878.7,453753
10879.2,453753
10879.4,453753
10878.5,453753
10878.8,453753
10879.7,453753
10879.9,453753
10879.9,453753
10879.3,453753
10878.9,453753
10879.4,453753
10879.7,453753
10879.6,453753
10879.7,453753
10879.3,453753
10879.7,453753
10879.5,453753
10880.1,453753
10879,453753
10879.6,453753
10878.9,453753
10878.7,453753
10879.9,453753
10879.5,453753
10879.8,453753
10880.1,453753
10880.1,453753
10879.7,453753
10879.4,453753
10879.4,453753
10879.7,453753
10879.6,453753
10880,453753
10879.5,453753
10880.1,453753
10879.9,453753
10879.7,453753
10879.7,453753
10879.8,453753
10880.2,453753
10879.6,453753
10879.9,453753
10879.3,453753
10880.1,453753
10879.8,453753
10879.8,453753
10879.8,453753
10879.8,453753
10879.9,453753
10879.5,453753
10879.7,453753
10880,453753
10879.7,453753
10879.4,453753
10879.7,453753
10878.6,453753
10879.9,453753
10879.5,453753
10880,453753
10879.9,453753
10879.6,453753
10879,453753
10879.5,453753
10879.3,453753
10878.8,453753
10877.2,453753
10879.5,453753
10879.3,453753
10880.2,453753
10879.7,453753
10879.9,453753
10879.6,453753
10879.4,453753
10879.8,453753
10878.9,453753
10878.6,453753
10879.6,453753
10879.7,453753
10880.1,453753
10879.9,453753
10879.6,453753
10879.2,453753
10879.7,453753
10879.2,453753
10880.1,453753
10879.1,453753
10879.3,453753
10880,453753
10879.6,453753
10880,453753
10879.6,453753
10879.6,453753
10879.9,453753
10879.9,453753
10879.6,453753
10879.6,453753
10879.2,453753
10879.8,453753
10880.1,453753
10879.6,453753
10879.7,453753
10879.6,453753
10878.5,453753
10878,453753
10877.8,453753
10880.2,453753
10880,453753
10880,453753
10879.4,453753
10879.8,453753
10879.8,453753
10879.6,453753
10880.1,453753
10879.4,453753
10879.2,453753
10879.7,453753
10879.6,453753
10879.5,453753
10880.1,453753
10879.8,453753
10879.4,453753
10880.1,453753
10879.9,453753
10879.6,453753
10879.7,453753
10879.7,453753
10879.6,453753
10879.1,453753
10879.3,453753
10879.9,453753
10879.2,453753
10880,453753
10879.6,453753
10880.2,453753
10879.6,453753
10879.5,453753
10878.9,453753
10879.7,453753
10879.8,453753
10879.4,453753
10879.3,453753
10879.7,453753
10880.1,453753
10879.8,453753
10879.6,453753
10879.6,453753
10880,453753
10879.9,453753
10879.3,453753
10879.7,453753
10880.1,453753
10879.5,453753
10879.7,453753
10879.9,453753
10879.9,453753
10879.4,453753
10879.2,453753
10879.8,453753
10879,453753
10880.3,453753
10879.4,453753
10880,453753
10879.5,453753
10879.3,453753
10879.8,453753
10878.6,453753
10879.9,453753
10879.4,453753
10879.9,453753
10879.7,453753
10879.5,453753
10879.6,453753
10879.7,453753
10879.6,453753
10879.6,453753
10879.6,453753
10879.3,453753
10879.4,453753
10879.6,453753
10879.4,453753
10879.6,453753
10880.1,453753
10880,453753
10880.1,453753
10880.1,453753
10879,453753
10879.7,453753
10880,453753
10879.2,453753
10880,453753
10879.9,453753
10879.7,453753
10879.1,453753
10880.1,453753
10879.5,453753
10879.7,453753
10879.7,453753
10879.8,453753
10879.8,453753
10879.8,453753
10879.7,453753
10880.3,453753
10879.8,453753
10879.9,453753
10879.7,453753
10879.8,453753
10880,453753
10879.3,453753
10880.1,453753
10879.8,453753
10879.8,453753
10879.4,453753
10879.4,453753
10879.2,453753
10879.2,453753
10879.9,453753
10880,453753
10879.7,453753
10879.2,453753
10879.8,453753
10879.5,453753
10879.7,453753
10879.3,453753
10879.1,453753
10879.6,453753
10880.3,453753
10879.6,453753
10879.7,453753
10879.8,453753
10879.5,453753
10879.3,453753
10879,453753
10879,453753
10879.6,453753
10879.7,453753
10879.9,453753
10879.5,453753
10880.1,453753
10880,453753
10879.9,453753
10879.4,453753
10880,453753
10879.9,453753
10880,453753
10879.4,453753
10879.5,453753
10877.8,453753
10879.8,453753
10879.4,453753
10879.1,453753
10879.7,453753
10879.5,453753
10880.1,453753
10879.6,453753
10880,453753
10879.5,453753
10879.9,453753
10879.9,453753
10878.8,453753
10879.6,453753
10879.5,453753
10879.6,453753
10879.1,453753
10879.8,453753
10879.6,453753
10874.8,453753
10867,453753
10877.1,453753
10879.8,453753
10879.8,453753
10879.5,453753
10879.4,453753
10879.8,453753
10879.5,453753
10879.9,453753
10879.7,453753
10877.7,453753
10879.5,453753
10879.4,453753
10879.5,453753
10880.2,453753
10879.6,453753
10879.7,453753
10879.3,453753
10879.9,453753
10879.7,453753
10880.1,453753
10880.1,453753
10879.5,453753
10879.6,453753
10879.9,453753
10879.2,453753
10879.9,453753
10880.3,453753
10879.9,453753
10879.9,453753
10879.7,453753
10879.6,453753
10879.4,453753
10880.3,453753
10880,453753
10879.4,453753
10879.9,453753
10879.8,453753
10879.8,453753
10879.8,453753
10879.6,453753
10879.6,453753
10879.5,453753
10879.5,453753
10879.2,453753
10878.4,453753
10879.4,453753
10879.2,453753
10879.6,453753
10879.8,453753
10879.1,453753
10879.9,453753
10879.5,453753
10879.7,453753
10879.7,453753
10879.7,453753
10879.4,453753
10880.2,453753
10879.7,453753
10879,453753
10879.7,453753
10880,453753
10879.6,453753
10879.4,453753
10880,453753
10879.7,453753
10879.5,453753
10879.3,453753
10879.6,453753
10879.7,453753
10879.9,453753
10879.5,453753
10879.5,453753
10879.1,453753
10879.8,453753
10880,453753
10880,453753
10879.8,453753
10879.3,453753
10879.2,453753
10879.9,453753
10879.8,453753
10879.9,453753
10879.2,453753
10879.9,453753
10879.8,453753
10879.7,453753
10879.9,453753
10880.3,453753
10879.8,453753
10879.4,453753
10880.1,453753
10879.7,453753
10879.2,453753
10880,453753
10879.6,453753
10879.6,453753
10879.5,453753
10880.2,453753
10879.8,453753
10879.5,453753
10879.4,453753
10879.8,453753
10879.4,453753
10879.6,453753
10879.7,453753
10880,453753
10879.8,453753
10879.6,453753
10880,453753
10879.9,453753
10879.9,453753
10879.7,453753
10879.9,453753
10879.8,453753
10879.5,453753
10879.7,453753
10879.8,453753
10879.8,453753
10879.5,453753
10879.6,453753
10879.6,453753
10880,453753
10879.4,453753
10879.2,453753
10879.1,453753
10879.9,453753
10879.7,453753
10879.9,453753
10879.3,453753
10879.7,453753
10879.6,453753
10879.3,453753
10879.4,453753
10879.8,453753
10879.7,453753
10879.8,453753
10879.5,453753
10879.5,453753
10879.9,453753
10879.6,453753
10879.8,453753
10879.7,453753
10879.8,453753
10879.6,453753
10879.4,453753
10879.5,453753
10880,453753
10880.1,453753
10880,453753
10879.6,453753
10880.2,453753
10879.7,453753
10879.4,453753
10879.6,453753
10879.5,453753
10879.3,453753
10879.6,453753
10879.6,453753
10879.7,453753
10879.9,453753
10879.7,453753
10879.5,453753
10879.2,453753
10878.7,453753
10879.5,453753
10879.2,453753
10879.9,453753
10878.3,453753
10879.7,453753
10880.1,453753
10879.8,453753
10879.9,453753
10879.9,453753
10879.8,453753
10879.9,453753
10879.2,453753
10879.7,453753
10879.6,453753
10879.7,453753
10879.8,453753
10879.4,453753
10879.8,453753
10879.6,453753
10879.9,453753
10879.7,453753
10880,453753
10879.5,453753
10879.8,453753
10879.5,453753
10879.6,453753
10880.3,453753
10880,453753
10879.7,453753
10879.8,453753
10879.5,453753
10879.3,453753
10879.7,453753
10879.6,453753
10878.8,453753
10879.6,453753
10879.2,453753
10879.7,453753
10880.3,453753
10879.6,453753
10879.7,453753
10880.2,453753
10879.6,453753
10880.2,453753
10879.8,453753
10879.6,453753
10879,453753
10879.6,453753
10879.9,453753
10879.7,453753
10879.4,453753
10880.3,453753
10880.2,453753
10880.2,453753
10879.3,453753
10879.7,453753
10879.5,453753
10878.5,453753
10879.8,453753
10879.8,453753
10879.4,453753
10879.5,453753
10879.3,453753
10878.7,453753
10879.9,453753
10879.4,453753
10880.2,453753
10879.4,453753
10879.8,453753
10879.7,453753
10880,453753
10879.8,453753
10880.1,453753
10879.6,453753
10879.5,453753
10879.9,453753
10879.6,453753
10879.4,453753
10879.7,453753
10880,453753
10880.1,453753
10879.9,453753
10879.9,453753
10880.3,453753
10879.5,453753
10880,453753
10879.7,453753
10879.7,453753
10879.6,453753
10879.9,453753
10879.8,453753
10879.9,453753
10879.8,453753
10879.6,453753
10880,453753
10879.9,453753
10878.9,453753
10879.9,453753
10879.8,453753
10879.7,453753
10879.8,453753
10879.9,453753
10879.9,453753
10879.3,453753
10880,453753
10880,453753
10880,453753
10879.5,453753
10879.8,453753
10880.1,453753
10880.2,453753
10879.7,453753
10880,453753
10879.3,453753
10877.8,453753
10879.6,453753
10880.2,453753
10879.6,453753
10880.1,453753
10878.3,453753
10879.7,453753
10880.1,453753
10879.4,453753
10879,453753
10879.5,453753
10879.5,453753
10877.8,453753
10879.4,453753
10879.8,453753
10880.2,453753
10879.5,453753
10880,453753
10877.9,453753
10878.5,453753
10880,453753
10880,453753
10880.8,453753
10879.7,453753
10879.6,453753
10880.2,453753
10879.8,453753
10879.7,453753
10880.1,453753
10879.7,453753
10879.8,453753
10879.5,453753
10879.5,453753
10879.3,453753
10878.9,453753
10879.7,453753
10879.9,453753
10880.1,453753
10879.3,453753
10879.7,453753
10879.9,453753
10880,453753
10879.4,453753
10880.2,453753
10879.9,453753
10879.9,453753
10879.4,453753
10879.5,453753
10879.9,453753
10879.4,453753
10879.8,453753
10880,453753
10879.7,453753
10880,453753
10879.4,453753
10879.9,453753
10879.5,453753
10879.4,453753
10879.9,453753
10880.4,453753
10880,453753
10879.8,453753
10879.2,453753
10879.9,453753
10879.2,453753
10880.3,453753
10880,453753
10879.6,453753
10879.5,453753
10879.6,453753
10879.7,453753
10880.6,453753
10879.2,453753
10879.4,453753
10879.6,453753
10880.2,453753
10880,453753
10880.5,453546
