TRACE,NSNPS_JACKKNIFE
10875.1,453753
10875.1,453753
10875.1,453753
10874.9,453753
10874.9,453753
10875,453753
10875.1,453753
10874.8,453753
10874.8,453753
10874.6,453753
10875.1,453753
10874.8,453753
10875.3,453753
10874.5,453753
10875.1,453753
10875.2,453753
10874.8,453753
10874.2,453753
10874.9,453753
10874.6,453753
10874.9,453753
10875.2,453753
10874.8,453753
10875,453753
10875.1,453753
10875,453753
10874.6,453753
10874.3,453753
10874.4,453753
10875,453753
10875.4,453753
10874.9,453753
10874.8,453753
10874.6,453753
10874.8,453753
10874.7,453753
10875,453753
10875,453753
10875,453753
10874.8,453753
10875.1,453753
10875,453753
10875.1,453753
10874.9,453753
10874.8,453753
10875,453753
10874.9,453753
10875.2,453753
10875,453753
10875.2,453753
10875.4,453753
10874.3,453753
10874.8,453753
10874.6,453753
10874.2,453753
10875.1,453753
10875.2,453753
10874.5,453753
10874.8,453753
10875.2,453753
10875.2,453753
10874.9,453753
10875.5,453753
10875.3,453753
10875,453753
10875.2,453753
10875.1,453753
10875.1,453753
10874.5,453753
10874.2,453753
10874.4,453753
10874.5,453753
10875.1,453753
10874.8,453753
10874.8,453753
10874.9,453753
10875.3,453753
10875,453753
10875.5,453753
10874.9,453753
10874.5,453753
10874.9,453753
10875.1,453753
10875.3,453753
10874.9,453753
10875.3,453753
10875.2,453753
10875.2,453753
10875.3,453753
10875.2,453753
10875.4,453753
10874.3,453753
10875,453753
10873,453753
10875.1,453753
10875.2,453753
10875.3,453753
10874.8,453753
10875,453753
10875.1,453753
10874.5,453753
10874.7,453753
10874.8,453753
10874.4,453753
10875.2,453753
10874.8,453753
10874.6,453753
10875,453753
10875,453753
10874.7,453753
10874.9,453753
10874.6,453753
10874.8,453753
10875,453753
10875.5,453753
10875,453753
10874.7,453753
10874.7,453753
10874.9,453753
10875.1,453753
10875.2,453753
10875.1,453753
10874.7,453753
10875,453753
10875.1,453753
10874.9,453753
10874.6,453753
10874.8,453753
10874.8,453753
10875.2,453753
10875.2,453753
10874.8,453753
10874.4,453753
10875.2,453753
10875,453753
10875.3,453753
10875.3,453753
10874.7,453753
10874.4,453753
10875.1,453753
10874.5,453753
10874.4,453753
10875,453753
10874.4,453753
10874.5,453753
10874.6,453753
10875,453753
10875.2,453753
10875.4,453753
10875,453753
10875.2,453753
10874.8,453753
10874.8,453753
10874.9,453753
10874.9,453753
10874.8,453753
10875.4,453753
10874.8,453753
10875.1,453753
10875.4,453753
10874.7,453753
10874.9,453753
10874.7,453753
10875.1,453753
10875.1,453753
10875.1,453753
10875,453753
10875.2,453753
10875.2,453753
10874.9,453753
10874.6,453753
10875.2,453753
10875,453753
10874.8,453753
10875,453753
10874.6,453753
10875.3,453753
10874.8,453753
10874.5,453753
10874.7,453753
10874.6,453753
10873,453753
10873.2,453753
10874.8,453753
10875.2,453753
10874.7,453753
10874.8,453753
10875,453753
10875.1,453753
10875.1,453753
10874.9,453753
10875.2,453753
10874,453753
10874.4,453753
10874.4,453753
10874.4,453753
10874.2,453753
10874.9,453753
10874.7,453753
10874.6,453753
10874.9,453753
10874.8,453753
10875.2,453753
10874.6,453753
10874.8,453753
10875.4,453753
10874.9,453753
10874.8,453753
10875,453753
10873.6,453753
10874.9,453753
10874.7,453753
10875,453753
10875.1,453753
10874.3,453753
10874.7,453753
10874.1,453753
10873.9,453753
10875.1,453753
10873.9,453753
10875.4,453753
10874.9,453753
10875,453753
10875.1,453753
10874.8,453753
10875.1,453753
10875,453753
10875.2,453753
10875.1,453753
10874.8,453753
10874.6,453753
10874.8,453753
10874.4,453753
10875.4,453753
10875.4,453753
10875.4,453753
10874.8,453753
10874.8,453753
10874.5,453753
10874.9,453753
10874.9,453753
10875.4,453753
10875.1,453753
10875.2,453753
10874.7,453753
10875.3,453753
10875.3,453753
10875.1,453753
10874.8,453753
10874.6,453753
10874.8,453753
10875.1,453753
10874.7,453753
10874.9,453753
10874.6,453753
10874.8,453753
10874,453753
10875,453753
10874.7,453753
10875.4,453753
10875.2,453753
10874.9,453753
10874.1,453753
10874.6,453753
10875,453753
10875,453753
10875.2,453753
10874,453753
10874.7,453753
10874.9,453753
10874.6,453753
10874.3,453753
10874.7,453753
10875.2,453753
10874.6,453753
10874.8,453753
10875.3,453753
10875.1,453753
10875.1,453753
10874.5,453753
10875.2,453753
10875.1,453753
10874.9,453753
10875.2,453753
10874.9,453753
10875.1,453753
10875.1,453753
10875.4,453753
10874.9,453753
10875.6,453753
10875.5,453753
10875.4,453753
10875.1,453753
10875.3,453753
10875.1,453753
10875.3,453753
10875.1,453753
10874.6,453753
10875.4,453753
10875,453753
10874.7,453753
10874.9,453753
10875.1,453753
10875.4,453753
10874.9,453753
10875.1,453753
10874.7,453753
10875,453753
10875.3,453753
10875.2,453753
10875,453753
10874.8,453753
10874.5,453753
10874.2,453753
10874.8,453753
10875.1,453753
10874.8,453753
10874.9,453753
10875.2,453753
10874.9,453753
10875.2,453753
10875.4,453753
10875.2,453753
10875.2,453753
10874.4,453753
10874.3,453753
10874.8,453753
10875.2,453753
10874.7,453753
10874.3,453753
10874.1,453753
10875,453753
10875.1,453753
10875.4,453753
10875,453753
10874.5,453753
10874.3,453753
10874.9,453753
10875.2,453753
10874.7,453753
10875,453753
10874.8,453753
10874.2,453753
10875,453753
10875,453753
10874.7,453753
10875.3,453753
10874.8,453753
10874.5,453753
10872.9,453753
10875.1,453753
10874.8,453753
10875,453753
10875,453753
10875.1,453753
10875,453753
10875.1,453753
10874.8,453753
10875.3,453753
10875,453753
10874.9,453753
10875.4,453753
10874.9,453753
10875,453753
10874.9,453753
10874.7,453753
10875.1,453753
10874.7,453753
10875.2,453753
10874.4,453753
10874.4,453753
10874.9,453753
10875.4,453753
10874.8,453753
10875.1,453753
10875,453753
10874.7,453753
10874.3,453753
10874,453753
10874.4,453753
10873.9,453753
10874.2,453753
10874.8,453753
10875.1,453753
10874.7,453753
10874.7,453753
10874,453753
10874.5,453753
10874.9,453753
10874.8,453753
10874.6,453753
10874.6,453753
10874.4,453753
10875.1,453753
10874.9,453753
10874.6,453753
10874.5,453753
10874.9,453753
10874.2,453753
10874.8,453753
10875,453753
10874.8,453753
10874.8,453753
10875.1,453753
10875.3,453753
10874.6,453753
10875.4,453753
10874.9,453753
10875,453753
10874.7,453753
10875,453753
10874.7,453753
10874.8,453753
10874.9,453753
10875.3,453753
10875,453753
10874.7,453753
10875.1,453753
10874.6,453753
10875.2,453753
10875,453753
10874.6,453753
10875.1,453753
10875,453753
10875.1,453753
10874.6,453753
10874.9,453753
10874.8,453753
10874.6,453753
10875.1,453753
10875.3,453753
10875.2,453753
10875,453753
10875.2,453753
10874.9,453753
10875.2,453753
10875.1,453753
10874.9,453753
10873.9,453753
10874.3,453753
10875.1,453753
10874.2,453753
10873,453753
10874.2,453753
10874.9,453753
10875,453753
10874.9,453753
10875.3,453753
10874.9,453753
10875.1,453753
10874.8,453753
10874.9,453753
10874.9,453753
10874.4,453753
10875.1,453753
10875.1,453753
10874.7,453753
10874.6,453753
10874.1,453753
10874.5,453753
10875.3,453753
10874.8,453753
10875,453753
10874.8,453753
10875.5,453753
10875.2,453753
10875.1,453753
10875.3,453753
10875.4,453753
10874.9,453753
10874.7,453753
10875,453753
10875.5,453753
10874.2,453753
10874.5,453753
10875.4,453753
10874.6,453753
10875.3,453753
10875.2,453753
10874.5,453753
10872.7,453753
10872.9,453753
10874.8,453753
10875,453753
10875.3,453753
10874.7,453753
10875.2,453753
10875,453753
10875.1,453753
10875,453753
10875.5,453753
10874.2,453753
10874.5,453753
10875.1,453753
10873.7,453753
10875.2,453753
10875,453753
10875.4,453753
10874.7,453753
10875.2,453753
10874.8,453753
10875.3,453753
10874.5,453753
10874.9,453753
10874.5,453753
10874.8,453753
10874.3,453753
10874.7,453753
10875.1,453753
10875.3,453753
10874.8,453753
10874.5,453753
10874.7,453753
10874.8,453753
10874.8,453753
10874.8,453753
10875.1,453753
10875.2,453753
10875.1,453753
10874.8,453753
10875.5,453753
10875.4,453753
10874.7,453753
10875.1,453753
10875,453753
10875,453753
10874.6,453753
10874.6,453753
10874.6,453753
10874.5,453753
10874.6,453753
10875.2,453753
10875.1,453753
10875.2,453753
10875.3,453753
10874.9,453753
10874.8,453753
10874.9,453753
10875.3,453753
10874.6,453753
10874.4,453753
10874.5,453753
10873.8,453753
10874.8,453753
10875.3,453753
10875.1,453753
10875,453753
10874.7,453753
10875.2,453753
10875.1,453753
10875.2,453753
10875,453753
10874.7,453753
10875.1,453753
10875,453753
10874.3,453753
10874.6,453753
10874.6,453753
10875,453753
10874.5,453753
10875,453753
10874.6,453753
10875.2,453753
10875,453753
10875,453753
10874.7,453753
10875.1,453753
10874.7,453753
10875,453753
10875.1,453753
10875.5,453753
10874.5,453753
10874.8,453753
10875.1,453753
10875,453753
10875.6,453753
10874.9,453753
10874.8,453753
10875.3,453753
10875.3,453753
10875.2,453753
10875.3,453753
10874.9,453753
10874.8,453753
10874.9,453753
10875.1,453753
10875.4,453753
10874.7,453753
10874.6,453753
10874.1,453753
10875.1,453753
10875.2,453753
10875.1,453753
10875.1,453753
10874.8,453753
10874.9,453753
10874.4,453753
10874.4,453753
10874.9,453753
10874.6,453753
10872.5,453753
10874.8,453753
10875,453753
10874.8,453753
10874.3,453753
10874.8,453753
10875,453753
10874.7,453753
10875.1,453753
10874.2,453753
10875,453753
10875.1,453753
10874.8,453753
10875.4,453753
10875,453753
10874.7,453753
10874.6,453753
10875,453753
10875.2,453753
10874.7,453753
10875.1,453753
10874.7,453753
10875,453753
10873.9,453753
10875.1,453753
10874.8,453753
10874.5,453753
10874.8,453753
10874.9,453753
10875.5,453753
10874.8,453753
10874.7,453753
10875.2,453753
10875.2,453753
10875.2,453753
10875.3,453753
10875.2,453753
10875.2,453753
10875.1,453753
10874.8,453753
10874.9,453753
10875,453753
10870.3,453753
10865.3,453753
10871.9,453753
10875.3,453753
10873.8,453753
10875,453753
10875.1,453753
10874.7,453753
10875,453753
10874.9,453753
10875.1,453753
10874.1,453753
10874.4,453753
10874.4,453753
10874.7,453753
10875,453753
10874.8,453753
10874.9,453753
10875.1,453753
10875,453753
10874.7,453753
10874.8,453753
10875,453753
10874.9,453753
10874.9,453753
10874.9,453753
10874.7,453753
10875.4,453753
10875.3,453753
10875.1,453753
10875.1,453753
10875,453753
10875.1,453753
10875,453753
10874.5,453753
10874.8,453753
10875.4,453753
10875.2,453753
10874.8,453753
10874.8,453753
10874.7,453753
10874.9,453753
10874.7,453753
10875.1,453753
10874.5,453753
10874.5,453753
10872.8,453753
10874.8,453753
10874.9,453753
10874.1,453753
10874.3,453753
10874.2,453753
10875,453753
10874.3,453753
10875.1,453753
10875.1,453753
10874.4,453753
10874.5,453753
10874.3,453753
10875,453753
10874.6,453753
10875.1,453753
10874.8,453753
10875.2,453753
10874.8,453753
10875.2,453753
10875.3,453753
10875,453753
10875.1,453753
10874.5,453753
10873.9,453753
10875.3,453753
10875.4,453753
10874.3,453753
10875.1,453753
10875.3,453753
10875.2,453753
10875,453753
10875,453753
10874.7,453753
10874.7,453753
10875.2,453753
10875.4,453753
10875.2,453753
10875,453753
10875,453753
10875.2,453753
10874.9,453753
10874.9,453753
10874.7,453753
10875.1,453753
10875.3,453753
10874.8,453753
10875,453753
10874.6,453753
10875,453753
10874.7,453753
10874.5,453753
10874.9,453753
10874.8,453753
10875.1,453753
10874.9,453753
10874.9,453753
10875,453753
10874.8,453753
10875.8,453753
10874.6,453753
10874.5,453753
10874.8,453753
10875.2,453753
10875,453753
10875.3,453753
10875,453753
10875,453753
10875.4,453753
10875,453753
10875.2,453753
10875.1,453753
10875,453753
10875.2,453753
10875.2,453753
10875.3,453753
10875,453753
10875.1,453753
10874.9,453753
10874.4,453753
10874.8,453753
10875.2,453753
10874.8,453753
10875.3,453753
10874.4,453753
10874.8,453753
10874.9,453753
10875.1,453753
10875.2,453753
10874.8,453753
10874.6,453753
10874.9,453753
10874.9,453753
10875.1,453753
10875.4,453753
10875,453753
10875.2,453753
10875.4,453753
10875.2,453753
10874.9,453753
10875.1,453753
10875,453753
10875.1,453753
10875.6,453753
10875.3,453753
10874.8,453753
10874.7,453753
10875.2,453753
10874.9,453753
10874.7,453753
10874.9,453753
10875.2,453753
10874.9,453753
10874.5,453753
10875.1,453753
10875.2,453753
10874.2,453753
10874.7,453753
10875.1,453753
10874.4,453753
10874.6,453753
10874.7,453753
10874.8,453753
10874.3,453753
10875.3,453753
10874.8,453753
10875.1,453753
10875.3,453753
10875.3,453753
10875.4,453753
10875.1,453753
10874.9,453753
10874.9,453753
10874.7,453753
10874.8,453753
10875.2,453753
10874.7,453753
10874.8,453753
10875,453753
10875,453753
10875.1,453753
10875.1,453753
10875.5,453753
10875.1,453753
10874.8,453753
10874.6,453753
10874.4,453753
10875.2,453753
10875.1,453753
10875.4,453753
10874.7,453753
10875.6,453753
10875,453753
10874.8,453753
10873.5,453753
10874.6,453753
10874.7,453753
10875.4,453753
10874.9,453753
10874.9,453753
10875.1,453753
10875,453753
10874.7,453753
10874.9,453753
10874.7,453753
10874.7,453753
10874.2,453753
10874.7,453753
10875.2,453753
10874.6,453753
10874.6,453753
10875,453753
10875.2,453753
10874.8,453753
10875,453753
10874.7,453753
10874.6,453753
10874.8,453753
10875.2,453753
10874.9,453753
10875.2,453753
10874.8,453753
10874.3,453753
10874.3,453753
10875.1,453753
10875.1,453753
10875.3,453753
10874.9,453753
10874.6,453753
10875,453753
10875.2,453753
10874.7,453753
10875,453753
10875.1,453753
10875.4,453753
10875,453753
10875,453753
10874.8,453753
10874.7,453753
10875.3,453753
10874.8,453753
10875.4,453753
10875.2,453753
10875,453753
10874.6,453753
10874.4,453753
10874.8,453753
10875,453753
10875.1,453753
10875.1,453753
10874.8,453753
10875.2,453753
10874.6,453753
10874.9,453753
10875,453753
10874.9,453753
10874.4,453753
10875,453753
10875.5,453753
10874.9,453753
10874.8,453753
10874.8,453753
10874.9,453753
10875.1,453753
10875,453753
10874.8,453753
10874.9,453753
10874.7,453753
10875.3,453753
10875.5,453753
10875.2,453753
10875.1,453753
10875.1,453753
10874.6,453753
10874.1,453753
10874.9,453753
10874.8,453753
10874.6,453753
10874.5,453753
10874.2,453753
10874.9,453753
10874.7,453753
10874.6,453753
10874.5,453753
10874.2,453753
10875,453753
10873.7,453753
10874.6,453753
10874.7,453753
10875.4,453753
10875.2,453753
10875.6,453753
10873.4,453753
10874.2,453753
10874.5,453753
10874.7,453753
10875.1,453753
10874.5,453753
10874.8,453753
10875.2,453753
10875,453753
10875.2,453753
10875.1,453753
10875,453753
10875.2,453753
10875.1,453753
10875,453753
10875.2,453753
10874.4,453753
10874.7,453753
10874.6,453753
10874.6,453753
10875.1,453753
10874.4,453753
10875.3,453753
10874.8,453753
10875,453753
10875,453753
10875.5,453753
10874.8,453753
10874.8,453753
10875.2,453753
10874.9,453753
10875.2,453753
10874.6,453753
10875.1,453753
10875.1,453753
10874.6,453753
10874.5,453753
10874.7,453753
10874.9,453753
10874.8,453753
10875.2,453753
10875.1,453753
10874.6,453753
10874.9,453753
10874.1,453753
10874.8,453753
10875.5,453753
10875.3,453753
10875.4,453753
10874.5,453753
10874.5,453753
10875,453753
10875,453753
10874.9,453753
10874.9,453753
10874.2,453753
10875.2,453753
10874.9,453753
10875.1,453753
10875.6,453546
