TRACE,NSNPS_JACKKNIFE
10865.6,453753
10865.5,453753
10865.2,453753
10865.4,453753
10865.7,453753
10865.3,453753
10865.4,453753
10864.9,453753
10864.8,453753
10865.1,453753
10865.2,453753
10864.3,453753
10865.4,453753
10864.7,453753
10865.4,453753
10865.3,453753
10865.5,453753
10864.5,453753
10864.5,453753
10864.8,453753
10865.1,453753
10865.3,453753
10865.4,453753
10865.3,453753
10865,453753
10865.2,453753
10864.9,453753
10864.5,453753
10865.4,453753
10865.6,453753
10865.2,453753
10865.4,453753
10864.7,453753
10864.9,453753
10865.6,453753
10864.8,453753
10864.6,453753
10864.8,453753
10865,453753
10865.4,453753
10865.1,453753
10865,453753
10864.8,453753
10865,453753
10865.1,453753
10864.9,453753
10865.3,453753
10865.4,453753
10865.5,453753
10865,453753
10865.1,453753
10864.7,453753
10864.4,453753
10865,453753
10864.6,453753
10864.8,453753
10865.3,453753
10864.4,453753
10864.9,453753
10864.2,453753
10865,453753
10865,453753
10865.3,453753
10865.6,453753
10865,453753
10864.8,453753
10864.7,453753
10865.5,453753
10865.1,453753
10864.9,453753
10864.4,453753
10865.2,453753
10865.4,453753
10865.5,453753
10865.1,453753
10865.4,453753
10865.3,453753
10864.6,453753
10865.6,453753
10865.2,453753
10865.5,453753
10864.9,453753
10865,453753
10865.4,453753
10865.3,453753
10865.1,453753
10864.9,453753
10865.4,453753
10865,453753
10865.2,453753
10864.7,453753
10865.2,453753
10865.2,453753
10864.3,453753
10865.1,453753
10864.6,453753
10864.9,453753
10865.1,453753
10865.4,453753
10864.6,453753
10864.8,453753
10865,453753
10864.8,453753
10864.3,453753
10864.7,453753
10865,453753
10865.5,453753
10864.8,453753
10865.2,453753
10865.1,453753
10865.5,453753
10865.4,453753
10865,453753
10865.2,453753
10865.2,453753
10864.6,453753
10864.9,453753
10865.1,453753
10864.9,453753
10864.8,453753
10865,453753
10865.2,453753
10865.5,453753
10864.8,453753
10865.5,453753
10864.6,453753
10865.1,453753
10864.9,453753
10865.1,453753
10865,453753
10864.9,453753
10865.2,453753
10864.7,453753
10865.4,453753
10865,453753
10864.9,453753
10865.6,453753
10865.2,453753
10865,453753
10865.4,453753
10864.7,453753
10864.2,453753
10864.6,453753
10865,453753
10865.4,453753
10864.8,453753
10865,453753
10864.6,453753
10865.4,453753
10865.3,453753
10864.7,453753
10865.2,453753
10865.5,453753
10865.4,453753
10865.7,453753
10865.5,453753
10865,453753
10865.1,453753
10864.9,453753
10865.5,453753
10865,453753
10864.8,453753
10865.1,453753
10865.3,453753
10865.3,453753
10865.6,453753
10865.1,453753
10865.4,453753
10865.3,453753
10865.2,453753
10865.1,453753
10865.3,453753
10865.3,453753
10864.7,453753
10864.8,453753
10865.6,453753
10864.9,453753
10865.1,453753
10864.8,453753
10865.1,453753
10865.6,453753
10863.7,453753
10863.9,453753
10864.8,453753
10865.6,453753
10865.6,453753
10865.1,453753
10864.8,453753
10865.1,453753
10865,453753
10865,453753
10865.5,453753
10864.9,453753
10864.3,453753
10864.5,453753
10864.4,453753
10864.6,453753
10865,453753
10864.7,453753
10865.1,453753
10865.1,453753
10865.3,453753
10865.4,453753
10864.5,453753
10864.8,453753
10864.8,453753
10864.9,453753
10865.1,453753
10865.2,453753
10864.9,453753
10864.9,453753
10865.1,453753
10865.7,453753
10864.8,453753
10864.8,453753
10865.1,453753
10864.5,453753
10865.1,453753
10865.3,453753
10865.2,453753
10865.3,453753
10865.5,453753
10865.1,453753
10864.8,453753
10865.2,453753
10865.2,453753
10865.1,453753
10864.7,453753
10865.2,453753
10865.3,453753
10864.7,453753
10864.2,453753
10864.6,453753
10865.7,453753
10865.6,453753
10865.3,453753
10865.2,453753
10865,453753
10864.7,453753
10865.2,453753
10865,453753
10864.7,453753
10865.1,453753
10865,453753
10865.1,453753
10864.9,453753
10865.3,453753
10865.5,453753
10865,453753
10865.1,453753
10865.1,453753
10864.9,453753
10865.1,453753
10864.8,453753
10864.9,453753
10865.3,453753
10865.2,453753
10864.9,453753
10864.7,453753
10865,453753
10865.2,453753
10865,453753
10864.2,453753
10865.1,453753
10864.9,453753
10865.2,453753
10865.3,453753
10863.9,453753
10865.2,453753
10865.1,453753
10864.6,453753
10864.2,453753
10865.2,453753
10865.2,453753
10864.7,453753
10865.4,453753
10865.4,453753
10865.4,453753
10865,453753
10864.8,453753
10865.4,453753
10865.4,453753
10865.1,453753
10865.2,453753
10865.1,453753
10865.1,453753
10865.2,453753
10865.3,453753
10865,453753
10865.3,453753
10865.3,453753
10865.2,453753
10865.6,453753
10865.1,453753
10865.2,453753
10864.5,453753
10865,453753
10865.1,453753
10865.3,453753
10865.6,453753
10865.3,453753
10865.3,453753
10865.6,453753
10865.2,453753
10865.2,453753
10865.4,453753
10865.4,453753
10865.3,453753
10864.9,453753
10865.2,453753
10865.3,453753
10864.7,453753
10865.1,453753
10864.1,453753
10864,453753
10864.8,453753
10865,453753
10865,453753
10865.2,453753
10865.1,453753
10865.1,453753
10865.1,453753
10864.8,453753
10864.8,453753
10864.9,453753
10864.2,453753
10865.2,453753
10865.5,453753
10865,453753
10864.5,453753
10864.8,453753
10864.8,453753
10865.2,453753
10865.2,453753
10864.9,453753
10865,453753
10864.3,453753
10865.2,453753
10865.1,453753
10865,453753
10864.7,453753
10864.8,453753
10864,453753
10863.9,453753
10865,453753
10864.7,453753
10865.1,453753
10864.7,453753
10865,453753
10863.8,453753
10865,453753
10865.2,453753
10865,453753
10865.4,453753
10865.3,453753
10865.5,453753
10865.4,453753
10865.2,453753
10865.1,453753
10865.1,453753
10865.1,453753
10865.4,453753
10865.4,453753
10865.1,453753
10865.1,453753
10865.2,453753
10865.1,453753
10865.4,453753
10865.1,453753
10865.4,453753
10865.1,453753
10864.9,453753
10865.2,453753
10865.2,453753
10865.3,453753
10865.1,453753
10864.9,453753
10864.5,453753
10865,453753
10864.5,453753
10863.1,453753
10864.7,453753
10864.7,453753
10865.2,453753
10865,453753
10864.5,453753
10864.4,453753
10864.3,453753
10865,453753
10865.4,453753
10865.1,453753
10864.9,453753
10864.7,453753
10865.3,453753
10864.9,453753
10865.1,453753
10865,453753
10864.5,453753
10865.2,453753
10865.1,453753
10864.9,453753
10864.9,453753
10865.3,453753
10865.5,453753
10865.3,453753
10863.8,453753
10864.8,453753
10865.3,453753
10865,453753
10865.3,453753
10865.3,453753
10865.1,453753
10865.2,453753
10865.3,453753
10865.9,453753
10865.3,453753
10864.8,453753
10865.1,453753
10865.2,453753
10864.7,453753
10865.1,453753
10865.2,453753
10865,453753
10865,453753
10865.1,453753
10865.2,453753
10865.3,453753
10865.1,453753
10864.9,453753
10865,453753
10865.5,453753
10865.2,453753
10864.6,453753
10865.3,453753
10865.1,453753
10865.2,453753
10864.8,453753
10865.3,453753
10864.9,453753
10865.1,453753
10865.2,453753
10864.9,453753
10863.2,453753
10864.7,453753
10864.9,453753
10865.3,453753
10865,453753
10865.6,453753
10864.5,453753
10864.6,453753
10864.5,453753
10865,453753
10864.9,453753
10864.6,453753
10865.3,453753
10865.3,453753
10865.5,453753
10865.1,453753
10864.8,453753
10864.6,453753
10864.8,453753
10864.8,453753
10865.3,453753
10865.1,453753
10865.5,453753
10865.4,453753
10865.1,453753
10865,453753
10865.2,453753
10864.5,453753
10865.3,453753
10864.9,453753
10865.7,453753
10864.8,453753
10864.2,453753
10864.8,453753
10864.8,453753
10865.3,453753
10865.2,453753
10864.3,453753
10863.1,453753
10863.8,453753
10864.7,453753
10865.1,453753
10865.1,453753
10865.1,453753
10865,453753
10864.7,453753
10865.2,453753
10865.4,453753
10865.3,453753
10864.9,453753
10864.9,453753
10865.2,453753
10864.6,453753
10865.2,453753
10865.3,453753
10864.9,453753
10865.6,453753
10865.4,453753
10864.9,453753
10865.7,453753
10865.5,453753
10865,453753
10864.9,453753
10864.9,453753
10865.2,453753
10865.4,453753
10865,453753
10865.6,453753
10864.9,453753
10865.4,453753
10865.2,453753
10864.6,453753
10864.3,453753
10865.1,453753
10865.2,453753
10865.3,453753
10865.3,453753
10865.6,453753
10865.3,453753
10864.6,453753
10865.3,453753
10865.4,453753
10865.6,453753
10865.6,453753
10865.1,453753
10865,453753
10864.9,453753
10865.4,453753
10865,453753
10864.8,453753
10865.2,453753
10864.9,453753
10865.1,453753
10865.1,453753
10865.5,453753
10864.4,453753
10864.9,453753
10864.6,453753
10865.2,453753
10864.6,453753
10864.9,453753
10865.2,453753
10865,453753
10864.7,453753
10865.2,453753
10865,453753
10865.1,453753
10865.4,453753
10865.3,453753
10865.3,453753
10865.2,453753
10864.5,453753
10865,453753
10865.1,453753
10865.1,453753
10864.7,453753
10865.5,453753
10864.9,453753
10865.2,453753
10864.9,453753
10865.4,453753
10865,453753
10864.9,453753
10865.2,453753
10865.4,453753
10865.7,453753
10865.3,453753
10865.3,453753
10865.3,453753
10864.6,453753
10864.7,453753
10865.6,453753
10865.4,453753
10865.2,453753
10865.1,453753
10865.1,453753
10865,453753
10865.3,453753
10865.1,453753
10865.4,453753
10864.4,453753
10865,453753
10864.9,453753
10865.2,453753
10865.2,453753
10864.9,453753
10864.5,453753
10863.8,453753
10865.1,453753
10865.1,453753
10865.4,453753
10865,453753
10864.8,453753
10864.4,453753
10865.2,453753
10864.9,453753
10865,453753
10865.4,453753
10863.8,453753
10865.5,453753
10865.5,453753
10864.6,453753
10864.9,453753
10865,453753
10864.7,453753
10865.2,453753
10865.2,453753
10864.7,453753
10865,453753
10864.9,453753
10865.1,453753
10865.4,453753
10865,453753
10864.7,453753
10865.3,453753
10864.8,453753
10865.3,453753
10865.3,453753
10865.1,453753
10864.8,453753
10864.9,453753
10864.1,453753
10865.1,453753
10864.2,453753
10864.8,453753
10865.2,453753
10864.3,453753
10865.4,453753
10865,453753
10865.1,453753
10865.4,453753
10865.2,453753
10864.7,453753
10864.9,453753
10865.2,453753
10865,453753
10865.4,453753
10864.9,453753
10865.6,453753
10865.2,453753
10860,453753
10855.6,453753
10862.4,453753
10864.3,453753
10865.1,453753
10865.3,453753
10865,453753
10864.6,453753
10865.5,453753
10865.7,453753
10865.1,453753
10863.6,453753
10864.4,453753
10864.4,453753
10865.5,453753
10865.1,453753
10865.3,453753
10865.1,453753
10865.2,453753
10865.1,453753
10865.3,453753
10864.8,453753
10865.1,453753
10865.2,453753
10865.1,453753
10865.1,453753
10864.8,453753
10865.4,453753
10865.5,453753
10864.8,453753
10865.2,453753
10865,453753
10864.8,453753
10864.9,453753
10865.1,453753
10865,453753
10865.2,453753
10865,453753
10865.7,453753
10864.8,453753
10865.3,453753
10864.9,453753
10865.1,453753
10865,453753
10864.9,453753
10864.4,453753
10863.9,453753
10864.7,453753
10865.4,453753
10864.4,453753
10864.7,453753
10864.9,453753
10864.7,453753
10864.6,453753
10865.1,453753
10865.1,453753
10865.2,453753
10865.3,453753
10865.2,453753
10865.1,453753
10864.7,453753
10864.9,453753
10865.2,453753
10865.5,453753
10864.9,453753
10865.5,453753
10865,453753
10864.9,453753
10865.2,453753
10864.9,453753
10864.9,453753
10865.3,453753
10865,453753
10865.1,453753
10865.3,453753
10865.2,453753
10865.5,453753
10865,453753
10865.1,453753
10864.8,453753
10864.6,453753
10865.1,453753
10865.2,453753
10864.7,453753
10865,453753
10865.3,453753
10865.1,453753
10865.3,453753
10865.3,453753
10865.4,453753
10865.1,453753
10864.6,453753
10865.3,453753
10864.6,453753
10864.6,453753
10865,453753
10864.6,453753
10864.1,453753
10864.9,453753
10865.7,453753
10865.3,453753
10865.3,453753
10864.8,453753
10864.8,453753
10864.9,453753
10865.3,453753
10864.4,453753
10865,453753
10865.4,453753
10865.3,453753
10865.3,453753
10865.4,453753
10865.4,453753
10865.2,453753
10865,453753
10865.2,453753
10865.3,453753
10865.3,453753
10865.2,453753
10865.1,453753
10865.1,453753
10865,453753
10865,453753
10864.8,453753
10864.7,453753
10864.8,453753
10864.7,453753
10865,453753
10864.8,453753
10865.6,453753
10864.7,453753
10864.7,453753
10865.2,453753
10865.4,453753
10864.9,453753
10865.1,453753
10864.9,453753
10865,453753
10865.4,453753
10864.9,453753
10864.6,453753
10865.4,453753
10865.5,453753
10865.4,453753
10865,453753
10865.5,453753
10864.7,453753
10864.6,453753
10865.3,453753
10865.4,453753
10865.2,453753
10864.9,453753
10865.5,453753
10865.5,453753
10865.2,453753
10864.8,453753
10865.2,453753
10864.5,453753
10865.3,453753
10864.8,453753
10865.3,453753
10865,453753
10865,453753
10865.4,453753
10865.4,453753
10864.1,453753
10864.8,453753
10864.7,453753
10864.8,453753
10863.6,453753
10865.5,453753
10865.1,453753
10865.6,453753
10865.1,453753
10864.9,453753
10865.4,453753
10865.5,453753
10865.2,453753
10865.2,453753
10864.7,453753
10865.3,453753
10865.2,453753
10865.1,453753
10865,453753
10865.2,453753
10865.1,453753
10864.9,453753
10865.1,453753
10865.3,453753
10865,453753
10865.2,453753
10865.2,453753
10864.9,453753
10865.1,453753
10865.3,453753
10865.1,453753
10865.5,453753
10864.8,453753
10865.2,453753
10864.7,453753
10864.2,453753
10864.8,453753
10865.3,453753
10865.1,453753
10865.3,453753
10865.2,453753
10865,453753
10864.9,453753
10865.2,453753
10865.1,453753
10865.1,453753
10864.9,453753
10864.8,453753
10865.3,453753
10864.7,453753
10864.9,453753
10865.3,453753
10865.3,453753
10865.4,453753
10865.4,453753
10865,453753
10864.8,453753
10864.9,453753
10864.9,453753
10865.3,453753
10865.2,453753
10864.8,453753
10864.6,453753
10865.1,453753
10863.7,453753
10865.6,453753
10865.1,453753
10865.6,453753
10865,453753
10865.2,453753
10865,453753
10865.5,453753
10865.3,453753
10865.5,453753
10865.5,453753
10865.2,453753
10865.5,453753
10865.4,453753
10864.8,453753
10865.4,453753
10865.3,453753
10865.6,453753
10865.7,453753
10865.1,453753
10865.2,453753
10865,453753
10864.7,453753
10864.7,453753
10865,453753
10865,453753
10865.1,453753
10865,453753
10865.1,453753
10864.7,453753
10865.1,453753
10865.6,453753
10864.8,453753
10865.4,453753
10865.1,453753
10865.3,453753
10865,453753
10864.9,453753
10865.1,453753
10865.3,453753
10864.9,453753
10865.4,453753
10865.4,453753
10865.4,453753
10865,453753
10864.9,453753
10864.9,453753
10865.3,453753
10865.4,453753
10865.1,453753
10864.9,453753
10863.9,453753
10865.3,453753
10865.4,453753
10865.3,453753
10865.3,453753
10864.7,453753
10865,453753
10865.1,453753
10864.9,453753
10865.1,453753
10864.7,453753
10864.6,453753
10864,453753
10864.8,453753
10865.2,453753
10865,453753
10864.5,453753
10865,453753
10864.4,453753
10864.6,453753
10864.7,453753
10864.9,453753
10865.5,453753
10865,453753
10865.1,453753
10865.3,453753
10865.2,453753
10865.3,453753
10864.9,453753
10865,453753
10864.9,453753
10865.4,453753
10865,453753
10865,453753
10864.1,453753
10865.2,453753
10865.3,453753
10865.2,453753
10865.5,453753
10864.9,453753
10864.8,453753
10865.1,453753
10865.5,453753
10865.6,453753
10865.4,453753
10865.2,453753
10865.7,453753
10864.8,453753
10865.6,453753
10865,453753
10865.1,453753
10864.7,453753
10865.3,453753
10865.2,453753
10865.5,453753
10865,453753
10865.1,453753
10865,453753
10865.5,453753
10865.4,453753
10864.9,453753
10865.2,453753
10864.3,453753
10865.5,453753
10865.2,453753
10864.9,453753
10865.1,453753
10865.4,453753
10864.1,453753
10864.7,453753
10864.8,453753
10864.7,453753
10865,453753
10864.8,453753
10865.1,453753
10865.2,453753
10865.2,453753
10865.2,453546
