TRACE,NSNPS_JACKKNIFE
10841.8,453753
10842.4,453753
10842.1,453753
10842.3,453753
10842.2,453753
10841.9,453753
10841.9,453753
10842.1,453753
10842.4,453753
10842.2,453753
10842.6,453753
10841.6,453753
10842.4,453753
10841.9,453753
10842.3,453753
10842.3,453753
10842,453753
10841.5,453753
10842,453753
10842.3,453753
10841.4,453753
10841.8,453753
10842,453753
10842.1,453753
10842.3,453753
10841.8,453753
10842.4,453753
10841.2,453753
10842.3,453753
10842.1,453753
10842.3,453753
10842,453753
10842.3,453753
10842,453753
10842.6,453753
10842.2,453753
10842.4,453753
10841.9,453753
10841.8,453753
10842.3,453753
10842.4,453753
10842,453753
10842.2,453753
10842,453753
10841.9,453753
10842.5,453753
10842,453753
10842.2,453753
10842.3,453753
10842.2,453753
10841.7,453753
10841.8,453753
10841.6,453753
10842,453753
10841.6,453753
10842,453753
10842,453753
10842,453753
10841.9,453753
10841.9,453753
10842.2,453753
10842.4,453753
10842,453753
10842,453753
10842.4,453753
10842.2,453753
10842.2,453753
10842.2,453753
10841.9,453753
10842.1,453753
10841.9,453753
10842.5,453753
10841.9,453753
10842.2,453753
10842.5,453753
10842.5,453753
10842.5,453753
10841.6,453753
10842.1,453753
10842.2,453753
10841.7,453753
10842.2,453753
10842.3,453753
10842.2,453753
10842.5,453753
10841.7,453753
10842.2,453753
10842.7,453753
10842.3,453753
10842.1,453753
10842,453753
10842,453753
10842.3,453753
10840.7,453753
10841.9,453753
10841.9,453753
10842.1,453753
10842,453753
10841.9,453753
10842.3,453753
10841.9,453753
10841.6,453753
10841.9,453753
10841.9,453753
10841.9,453753
10841.8,453753
10841.8,453753
10842,453753
10842.2,453753
10842.4,453753
10841.8,453753
10842.2,453753
10842.2,453753
10842.2,453753
10842.5,453753
10841.7,453753
10842,453753
10842.3,453753
10841.6,453753
10841.4,453753
10841.9,453753
10842.5,453753
10841.6,453753
10842.2,453753
10842.3,453753
10842.4,453753
10841.8,453753
10841.8,453753
10842,453753
10842,453753
10841.6,453753
10842.1,453753
10841.8,453753
10842.2,453753
10842.1,453753
10841.9,453753
10842.4,453753
10842.4,453753
10841.9,453753
10841.9,453753
10841.5,453753
10840.9,453753
10841.6,453753
10842.3,453753
10842.1,453753
10841.8,453753
10841.9,453753
10841.8,453753
10842.4,453753
10842.5,453753
10842.2,453753
10842.4,453753
10841.9,453753
10842.2,453753
10841.9,453753
10842.2,453753
10842,453753
10842.7,453753
10842.5,453753
10842.2,453753
10842.6,453753
10842,453753
10842.1,453753
10842.2,453753
10842.4,453753
10842.5,453753
10842.3,453753
10842.4,453753
10841.9,453753
10842.1,453753
10841.8,453753
10842.4,453753
10842,453753
10841.9,453753
10842.4,453753
10842.1,453753
10842.2,453753
10842.1,453753
10842.2,453753
10842.3,453753
10841.9,453753
10839.5,453753
10840.2,453753
10842.2,453753
10842.2,453753
10842.3,453753
10842.1,453753
10842,453753
10842.3,453753
10842.1,453753
10842.3,453753
10841.9,453753
10841.6,453753
10841.2,453753
10840.8,453753
10840.6,453753
10841.5,453753
10842.1,453753
10842.5,453753
10842.2,453753
10842.1,453753
10842.3,453753
10842.2,453753
10841.8,453753
10841.8,453753
10841.9,453753
10841.8,453753
10842.6,453753
10842.1,453753
10841.9,453753
10841.8,453753
10842.3,453753
10842.4,453753
10842.3,453753
10842.4,453753
10842.3,453753
10841.8,453753
10841.8,453753
10842.3,453753
10842,453753
10841.9,453753
10842.5,453753
10842.3,453753
10842.2,453753
10841.7,453753
10842.4,453753
10842.6,453753
10841.9,453753
10842.2,453753
10842.1,453753
10842,453753
10841.5,453753
10841.5,453753
10842.3,453753
10842.6,453753
10842.2,453753
10842.3,453753
10842.2,453753
10842,453753
10842,453753
10841.9,453753
10841.9,453753
10842.3,453753
10841.8,453753
10841.8,453753
10842.5,453753
10842.2,453753
10842.3,453753
10842.4,453753
10841.5,453753
10841.9,453753
10841.8,453753
10842.2,453753
10842.3,453753
10842.5,453753
10842.3,453753
10842,453753
10841.9,453753
10841.2,453753
10841.8,453753
10842.5,453753
10842.7,453753
10841,453753
10842.3,453753
10842.1,453753
10841.8,453753
10842.5,453753
10841.3,453753
10842.2,453753
10842,453753
10842.5,453753
10841.5,453753
10842,453753
10841.7,453753
10841.6,453753
10841.6,453753
10842.1,453753
10842.2,453753
10841.9,453753
10841.8,453753
10842.1,453753
10842,453753
10841.8,453753
10841.8,453753
10841.5,453753
10841.7,453753
10842.4,453753
10841.6,453753
10842.1,453753
10841.9,453753
10842.4,453753
10842.2,453753
10842.2,453753
10842.1,453753
10842.2,453753
10842.3,453753
10842.1,453753
10841.9,453753
10842.5,453753
10842.4,453753
10841.8,453753
10842.1,453753
10842.6,453753
10842.6,453753
10842.5,453753
10842.8,453753
10842,453753
10842.2,453753
10842.2,453753
10842,453753
10842.1,453753
10842,453753
10842.2,453753
10841.5,453753
10841.1,453753
10841.5,453753
10842.2,453753
10841.7,453753
10841.8,453753
10842.6,453753
10842.9,453753
10842.2,453753
10842.3,453753
10843,453753
10842.2,453753
10841.8,453753
10842.1,453753
10841.7,453753
10842.2,453753
10841.9,453753
10842,453753
10841.9,453753
10842.1,453753
10842.2,453753
10842.1,453753
10842.3,453753
10841.6,453753
10841.9,453753
10842.1,453753
10841.8,453753
10841.4,453753
10842.4,453753
10841.3,453753
10841.5,453753
10842.5,453753
10841.4,453753
10842.3,453753
10841.8,453753
10841.9,453753
10840.1,453753
10841.9,453753
10841.9,453753
10841.9,453753
10842.5,453753
10842.3,453753
10842.3,453753
10842.5,453753
10842.4,453753
10842.2,453753
10841.8,453753
10842.4,453753
10842.4,453753
10841.8,453753
10841.8,453753
10842.2,453753
10841.6,453753
10841.6,453753
10842.2,453753
10842.5,453753
10842.5,453753
10842.1,453753
10842,453753
10842.2,453753
10842.3,453753
10842.7,453753
10842.8,453753
10841.7,453753
10840.4,453753
10841.9,453753
10841.7,453753
10840.8,453753
10841.2,453753
10841.7,453753
10842.3,453753
10842.1,453753
10841.4,453753
10841.5,453753
10841.8,453753
10841.8,453753
10842,453753
10842.2,453753
10841.4,453753
10842.3,453753
10841.8,453753
10841.9,453753
10842.1,453753
10841.2,453753
10841.2,453753
10841.6,453753
10842.2,453753
10841.6,453753
10842.1,453753
10841.9,453753
10841.7,453753
10842.4,453753
10841.3,453753
10842.2,453753
10841.8,453753
10841.9,453753
10842.3,453753
10842.5,453753
10842.5,453753
10841.8,453753
10842.4,453753
10842,453753
10841.9,453753
10842,453753
10841.9,453753
10842,453753
10841.9,453753
10842,453753
10842.6,453753
10842.1,453753
10841.9,453753
10842.2,453753
10842.4,453753
10843,453753
10842.5,453753
10842,453753
10842.2,453753
10842.4,453753
10842.3,453753
10841.7,453753
10842.2,453753
10842.2,453753
10842.1,453753
10841.7,453753
10842.3,453753
10841.9,453753
10841.5,453753
10842.3,453753
10842,453753
10840.3,453753
10841.8,453753
10842.2,453753
10841.8,453753
10842.3,453753
10842.3,453753
10842,453753
10841.4,453753
10842.1,453753
10842.2,453753
10841.5,453753
10841.8,453753
10842.3,453753
10841.9,453753
10842,453753
10842.3,453753
10841.7,453753
10842.1,453753
10841.5,453753
10841.8,453753
10842.4,453753
10842,453753
10842.5,453753
10841.8,453753
10842.1,453753
10841.8,453753
10842.6,453753
10842,453753
10842.5,453753
10842.2,453753
10842.3,453753
10842.2,453753
10841.7,453753
10841.9,453753
10841.9,453753
10842.7,453753
10842.1,453753
10841.2,453753
10839.2,453753
10839.9,453753
10841.6,453753
10842.1,453753
10842.4,453753
10842.3,453753
10842.4,453753
10841.8,453753
10842.1,453753
10841.9,453753
10842.3,453753
10842.1,453753
10842.3,453753
10841.6,453753
10841.5,453753
10841.9,453753
10842.4,453753
10841.8,453753
10842.1,453753
10841.8,453753
10842.1,453753
10842.2,453753
10842.2,453753
10841.9,453753
10841.8,453753
10842,453753
10841.6,453753
10842,453753
10841.9,453753
10842.5,453753
10842,453753
10841.5,453753
10842.4,453753
10841.3,453753
10842.2,453753
10842.3,453753
10842.3,453753
10842.2,453753
10842.5,453753
10841.9,453753
10842.4,453753
10842.4,453753
10842.1,453753
10842.1,453753
10842.2,453753
10842.1,453753
10842.1,453753
10842.2,453753
10842.3,453753
10842.3,453753
10841.8,453753
10842.4,453753
10841.9,453753
10842.1,453753
10841.8,453753
10841.7,453753
10842.4,453753
10842.5,453753
10841.9,453753
10841.9,453753
10842.4,453753
10842.1,453753
10841.5,453753
10842.1,453753
10842.2,453753
10841.9,453753
10842.4,453753
10842.2,453753
10842.2,453753
10841.8,453753
10841.8,453753
10842.5,453753
10842.3,453753
10842.1,453753
10841.9,453753
10842.4,453753
10842,453753
10841.8,453753
10842.2,453753
10842,453753
10842.2,453753
10842.1,453753
10841.7,453753
10842.4,453753
10842.3,453753
10841.7,453753
10841.9,453753
10842.2,453753
10841.8,453753
10841.8,453753
10842.3,453753
10842,453753
10842,453753
10842.2,453753
10842.1,453753
10842.3,453753
10842.3,453753
10842,453753
10841.9,453753
10841.8,453753
10842.2,453753
10842.2,453753
10842.1,453753
10841.7,453753
10842.1,453753
10841.9,453753
10841.8,453753
10841.9,453753
10842,453753
10841.5,453753
10842,453753
10842.2,453753
10842.3,453753
10841.7,453753
10842.1,453753
10842.3,453753
10841.9,453753
10841.8,453753
10842.1,453753
10841.7,453753
10840.2,453753
10842.4,453753
10842,453753
10842.4,453753
10841.7,453753
10842.6,453753
10841.7,453753
10842.3,453753
10842,453753
10841.8,453753
10841.7,453753
10842.1,453753
10842.2,453753
10842.2,453753
10841.8,453753
10842.5,453753
10841.7,453753
10842.1,453753
10842.1,453753
10841.8,453753
10842.1,453753
10842.1,453753
10842.3,453753
10840.2,453753
10842.3,453753
10841.6,453753
10841.2,453753
10841.9,453753
10841.6,453753
10842.4,453753
10842.1,453753
10842.1,453753
10842.2,453753
10842.8,453753
10842.1,453753
10841.5,453753
10841.8,453753
10842.3,453753
10842.4,453753
10842.3,453753
10842.2,453753
10842.1,453753
10836.1,453753
10829.5,453753
10839,453753
10841.8,453753
10841.5,453753
10841.7,453753
10841.8,453753
10841.7,453753
10841.9,453753
10842.4,453753
10841.9,453753
10841.2,453753
10841.7,453753
10842.1,453753
10841.7,453753
10842.1,453753
10841.9,453753
10841.8,453753
10842.1,453753
10842,453753
10841.8,453753
10841.9,453753
10841.7,453753
10842.1,453753
10842.5,453753
10842.4,453753
10841.6,453753
10842.8,453753
10841.9,453753
10842.6,453753
10842.2,453753
10842,453753
10842.2,453753
10842.3,453753
10842.4,453753
10841.9,453753
10842.4,453753
10842.4,453753
10842.3,453753
10841.8,453753
10842.1,453753
10842.2,453753
10842.1,453753
10842.5,453753
10841.8,453753
10841.7,453753
10839.8,453753
10841.6,453753
10842.2,453753
10842.1,453753
10842,453753
10842,453753
10842.4,453753
10842.2,453753
10842.3,453753
10842.4,453753
10842,453753
10842.3,453753
10842.3,453753
10841.8,453753
10842,453753
10841.8,453753
10842.2,453753
10842.2,453753
10841.9,453753
10842,453753
10841.7,453753
10842.2,453753
10842.4,453753
10841.9,453753
10841.9,453753
10842,453753
10842.4,453753
10841.9,453753
10841.3,453753
10842.2,453753
10842.5,453753
10841.8,453753
10842.5,453753
10841.8,453753
10842,453753
10842.6,453753
10842.2,453753
10842,453753
10841.9,453753
10842.4,453753
10842.2,453753
10842.3,453753
10842.1,453753
10841.8,453753
10842.1,453753
10842.2,453753
10842.2,453753
10841.7,453753
10841.7,453753
10842.1,453753
10841.7,453753
10842,453753
10842,453753
10842.2,453753
10842,453753
10842.1,453753
10842.3,453753
10842,453753
10841.4,453753
10842.1,453753
10842.2,453753
10841.9,453753
10842,453753
10841.8,453753
10842.3,453753
10842.5,453753
10842.3,453753
10841.7,453753
10842.4,453753
10842,453753
10842,453753
10842.6,453753
10842.3,453753
10842.5,453753
10841.9,453753
10842.4,453753
10842.1,453753
10841.5,453753
10841.9,453753
10841.5,453753
10842.2,453753
10842.3,453753
10841,453753
10842,453753
10842,453753
10841.9,453753
10841.8,453753
10841.2,453753
10842.1,453753
10842.2,453753
10841.8,453753
10842,453753
10841.6,453753
10841.9,453753
10842.3,453753
10842.1,453753
10842,453753
10842.5,453753
10842.2,453753
10842,453753
10842.2,453753
10842.4,453753
10842,453753
10842.8,453753
10842.3,453753
10842.3,453753
10842.5,453753
10841.9,453753
10841.9,453753
10842,453753
10842.3,453753
10841.7,453753
10842.5,453753
10842,453753
10842.2,453753
10842.2,453753
10842.2,453753
10841.9,453753
10842.3,453753
10841.1,453753
10841.6,453753
10841.9,453753
10842.1,453753
10840.8,453753
10842.3,453753
10842,453753
10842.3,453753
10842.3,453753
10842.7,453753
10842.3,453753
10842.1,453753
10841.8,453753
10842.2,453753
10842.4,453753
10841.5,453753
10842.6,453753
10842.3,453753
10842,453753
10842.5,453753
10842.2,453753
10842.9,453753
10842.1,453753
10841.9,453753
10842.3,453753
10842.8,453753
10842,453753
10841.7,453753
10842.3,453753
10842.1,453753
10842,453753
10842,453753
10841.9,453753
10842.1,453753
10842.2,453753
10841.1,453753
10841.3,453753
10841.9,453753
10842.2,453753
10842.2,453753
10842.2,453753
10842.2,453753
10842.4,453753
10842.1,453753
10842.5,453753
10842.2,453753
10841.6,453753
10841.6,453753
10842.1,453753
10842.3,453753
10842.2,453753
10841.9,453753
10842.5,453753
10842.2,453753
10842.2,453753
10842.3,453753
10841.1,453753
10842.1,453753
10842.3,453753
10842.2,453753
10842.4,453753
10841.7,453753
10841.5,453753
10842.1,453753
10841.6,453753
10842.2,453753
10841.8,453753
10842.2,453753
10841.7,453753
10842.3,453753
10842.2,453753
10842,453753
10842,453753
10842,453753
10842.1,453753
10842.3,453753
10842.6,453753
10841.9,453753
10841.8,453753
10842.2,453753
10842.3,453753
10842.9,453753
10842.7,453753
10842.5,453753
10842.3,453753
10842.3,453753
10841.5,453753
10842.8,453753
10842,453753
10842,453753
10842.2,453753
10842,453753
10841.9,453753
10841.9,453753
10841.8,453753
10842.1,453753
10842.4,453753
10841.5,453753
10841.9,453753
10842.2,453753
10842.4,453753
10842,453753
10842,453753
10842.5,453753
10842.1,453753
10842.5,453753
10842.1,453753
10841.9,453753
10842.5,453753
10842.5,453753
10841.9,453753
10842,453753
10842.2,453753
10841.9,453753
10841.9,453753
10841.2,453753
10841.9,453753
10842.2,453753
10842.3,453753
10841.5,453753
10841.3,453753
10841.8,453753
10842.1,453753
10841.9,453753
10841.4,453753
10841.5,453753
10841.9,453753
10841.6,453753
10842.3,453753
10842.1,453753
10842.3,453753
10842.4,453753
10842.8,453753
10840.5,453753
10841.8,453753
10841.7,453753
10842.3,453753
10842.5,453753
10842.2,453753
10842.4,453753
10842.5,453753
10842.2,453753
10842.3,453753
10842,453753
10842.5,453753
10842.6,453753
10842.3,453753
10842.2,453753
10841.4,453753
10841.2,453753
10841.9,453753
10842.1,453753
10842.5,453753
10842.5,453753
10841.5,453753
10842.3,453753
10842.6,453753
10842.4,453753
10842.3,453753
10842,453753
10842.4,453753
10842,453753
10841.9,453753
10842.2,453753
10842.5,453753
10842.3,453753
10842.2,453753
10842,453753
10841.9,453753
10841.9,453753
10841.5,453753
10841.9,453753
10841.8,453753
10842.4,453753
10842.3,453753
10842.1,453753
10842.2,453753
10841.4,453753
10841.8,453753
10842.1,453753
10842.3,453753
10842.8,453753
10842.1,453753
10841.7,453753
10842.2,453753
10842.5,453753
10842.3,453753
10841.3,453753
10841.7,453753
10842.2,453753
10842.2,453753
10842.1,453753
10842.5,453546
