TRACE,NSNPS_JACKKNIFE
10888.5,453753
10888.3,453753
10888.4,453753
10888,453753
10888.1,453753
10888.3,453753
10888.1,453753
10888.1,453753
10888,453753
10887.9,453753
10888.1,453753
10887.8,453753
10888.4,453753
10888.4,453753
10888.1,453753
10888.4,453753
10888.1,453753
10888.2,453753
10887.1,453753
10887.5,453753
10888.1,453753
10888.2,453753
10888.3,453753
10888.6,453753
10887.9,453753
10888.4,453753
10887.8,453753
10887.5,453753
10887.9,453753
10888,453753
10888,453753
10887.9,453753
10887.6,453753
10888,453753
10888.5,453753
10888.2,453753
10887.8,453753
10888.5,453753
10888.5,453753
10888.2,453753
10888,453753
10888.1,453753
10888.2,453753
10887.3,453753
10888.4,453753
10888.4,453753
10888.4,453753
10888.4,453753
10888.5,453753
10888,453753
10888.4,453753
10887.7,453753
10887.7,453753
10888.1,453753
10887.4,453753
10888.4,453753
10887.7,453753
10888.2,453753
10888,453753
10887.6,453753
10888.3,453753
10888.8,453753
10888.5,453753
10888.4,453753
10888.3,453753
10888.7,453753
10888.2,453753
10887.9,453753
10887.8,453753
10888.1,453753
10887.6,453753
10888.3,453753
10887.9,453753
10888.1,453753
10888.8,453753
10888.5,453753
10888.5,453753
10888.3,453753
10888,453753
10888.3,453753
10888.2,453753
10888,453753
10888,453753
10888.5,453753
10888.9,453753
10888.5,453753
10888.4,453753
10888.6,453753
10888.4,453753
10888.4,453753
10887.1,453753
10888.4,453753
10888.3,453753
10887.2,453753
10888.4,453753
10887.3,453753
10887.9,453753
10888.1,453753
10888.4,453753
10887.8,453753
10887.6,453753
10888.2,453753
10887.8,453753
10887.7,453753
10888.5,453753
10887.9,453753
10888.6,453753
10888.2,453753
10888.3,453753
10888.3,453753
10888.3,453753
10887.8,453753
10888.1,453753
10887.6,453753
10887.1,453753
10888.2,453753
10888.3,453753
10887.7,453753
10888.6,453753
10888.1,453753
10888.1,453753
10888.2,453753
10888.4,453753
10888,453753
10887.7,453753
10888.4,453753
10888.2,453753
10888.1,453753
10887.7,453753
10888.1,453753
10887.7,453753
10887.8,453753
10888.3,453753
10888,453753
10887.8,453753
10888.2,453753
10887.7,453753
10888.4,453753
10887.4,453753
10888.1,453753
10888,453753
10887.5,453753
10888.4,453753
10887.9,453753
10887.3,453753
10888,453753
10888.1,453753
10888.4,453753
10888.2,453753
10888.3,453753
10888.3,453753
10888.2,453753
10888.8,453753
10888.4,453753
10888.4,453753
10888.1,453753
10888,453753
10888.4,453753
10888.5,453753
10888.2,453753
10888.1,453753
10888,453753
10888,453753
10888.6,453753
10888.3,453753
10888.3,453753
10887.7,453753
10888.4,453753
10888.1,453753
10887.7,453753
10888,453753
10888.3,453753
10889.1,453753
10888.2,453753
10888.1,453753
10888.4,453753
10887.5,453753
10887.9,453753
10888,453753
10887.8,453753
10888.1,453753
10886,453753
10885.7,453753
10888.2,453753
10887.6,453753
10888.2,453753
10888,453753
10888.5,453753
10888.1,453753
10888,453753
10888.2,453753
10888.4,453753
10887.6,453753
10887.6,453753
10887.5,453753
10886.2,453753
10886.8,453753
10888.3,453753
10887.8,453753
10888,453753
10888.1,453753
10888.5,453753
10888.6,453753
10887.1,453753
10888.3,453753
10888,453753
10887.8,453753
10887.9,453753
10888.1,453753
10888.3,453753
10888.1,453753
10888.1,453753
10888.3,453753
10888,453753
10887.9,453753
10888.2,453753
10887.3,453753
10887.8,453753
10888,453753
10887.6,453753
10888,453753
10888.4,453753
10888,453753
10887.9,453753
10888.5,453753
10888.1,453753
10888.6,453753
10887.4,453753
10888.1,453753
10888.4,453753
10888.2,453753
10887.7,453753
10888,453753
10888.6,453753
10888.1,453753
10888.1,453753
10887.6,453753
10888,453753
10887.8,453753
10888.3,453753
10887.2,453753
10888.3,453753
10888,453753
10888.4,453753
10888.6,453753
10887.8,453753
10888.1,453753
10888.1,453753
10888.3,453753
10888.2,453753
10887.8,453753
10888.4,453753
10888.3,453753
10887.7,453753
10888.1,453753
10887.7,453753
10887.8,453753
10888.4,453753
10887.8,453753
10888,453753
10888.6,453753
10888.4,453753
10886.9,453753
10888.4,453753
10888,453753
10888,453753
10888.1,453753
10886.9,453753
10888.1,453753
10888.4,453753
10888,453753
10888,453753
10888,453753
10887.7,453753
10887.9,453753
10887.8,453753
10888.2,453753
10887.6,453753
10888,453753
10887.9,453753
10888.3,453753
10888.2,453753
10888.3,453753
10888.3,453753
10888.2,453753
10888.4,453753
10888.2,453753
10888.1,453753
10888.1,453753
10888.4,453753
10888.2,453753
10888.3,453753
10888.4,453753
10887.7,453753
10888.3,453753
10887.7,453753
10888.3,453753
10888.2,453753
10888.5,453753
10887.6,453753
10888.5,453753
10888.3,453753
10888.5,453753
10888.1,453753
10887.8,453753
10888.6,453753
10888.2,453753
10888.3,453753
10887.8,453753
10888.5,453753
10888.3,453753
10887.6,453753
10888.4,453753
10887.5,453753
10887.2,453753
10888.4,453753
10888.5,453753
10887.7,453753
10888.1,453753
10888.4,453753
10888.3,453753
10888.8,453753
10887.9,453753
10887.8,453753
10888.1,453753
10888.1,453753
10887.9,453753
10888.3,453753
10887.9,453753
10887.8,453753
10886.2,453753
10887.8,453753
10888.5,453753
10888,453753
10888,453753
10888.1,453753
10887.5,453753
10887.9,453753
10888.5,453753
10888.1,453753
10887.5,453753
10888.4,453753
10887,453753
10886.6,453753
10888.2,453753
10888.2,453753
10887.8,453753
10887.6,453753
10887.5,453753
10887.1,453753
10888.1,453753
10888.6,453753
10888,453753
10888.1,453753
10888.4,453753
10888.4,453753
10888.4,453753
10888.8,453753
10888.2,453753
10887.7,453753
10888.2,453753
10888.1,453753
10888.2,453753
10888.2,453753
10888.1,453753
10887.8,453753
10888.3,453753
10888.7,453753
10887.8,453753
10888.3,453753
10888.7,453753
10887.7,453753
10888.4,453753
10888.1,453753
10888.6,453753
10888.3,453753
10888.2,453753
10887.6,453753
10887.8,453753
10887.5,453753
10887.6,453753
10886.7,453753
10887.7,453753
10888.5,453753
10888.7,453753
10887.6,453753
10887.5,453753
10887.4,453753
10887.9,453753
10887.9,453753
10888.1,453753
10887.5,453753
10888,453753
10888.1,453753
10888.1,453753
10887.7,453753
10888.1,453753
10887.6,453753
10887.4,453753
10887.9,453753
10888.2,453753
10888.3,453753
10888,453753
10888,453753
10888.3,453753
10887.4,453753
10888,453753
10888,453753
10888,453753
10888.7,453753
10888.2,453753
10888.3,453753
10888,453753
10888.4,453753
10888.1,453753
10888,453753
10888.3,453753
10888.1,453753
10887.5,453753
10888.4,453753
10887.8,453753
10888.3,453753
10888.1,453753
10887.9,453753
10888.2,453753
10888.9,453753
10887.9,453753
10888,453753
10888.4,453753
10888,453753
10888.2,453753
10887.9,453753
10887.9,453753
10888.6,453753
10888,453753
10888,453753
10888.1,453753
10888.4,453753
10887.5,453753
10888,453753
10888.3,453753
10887.7,453753
10886.5,453753
10887.7,453753
10888.2,453753
10888.1,453753
10888.2,453753
10888.4,453753
10888,453753
10888.2,453753
10888.1,453753
10888.2,453753
10888.1,453753
10888,453753
10888.2,453753
10888.2,453753
10887.9,453753
10888,453753
10887.8,453753
10888.1,453753
10887.8,453753
10888.2,453753
10888,453753
10888.1,453753
10888.4,453753
10888.4,453753
10888,453753
10888.1,453753
10888.4,453753
10887.9,453753
10888.2,453753
10888.7,453753
10888.3,453753
10887.5,453753
10887.4,453753
10888.5,453753
10888.2,453753
10888.2,453753
10888.1,453753
10887.7,453753
10886.6,453753
10887.2,453753
10887.7,453753
10888.2,453753
10888.5,453753
10887.9,453753
10888.3,453753
10887.8,453753
10888.4,453753
10887.9,453753
10888.1,453753
10887.9,453753
10888,453753
10887.7,453753
10886.9,453753
10887.8,453753
10888,453753
10887.9,453753
10888.4,453753
10888,453753
10887.9,453753
10888.6,453753
10888.1,453753
10887.9,453753
10888.2,453753
10888,453753
10887.7,453753
10888,453753
10888,453753
10888.3,453753
10888.2,453753
10887.9,453753
10888.3,453753
10887.6,453753
10887.8,453753
10888.3,453753
10888.3,453753
10888.2,453753
10888.3,453753
10888.5,453753
10888.3,453753
10888.4,453753
10888.3,453753
10888.2,453753
10888.3,453753
10888.3,453753
10887.8,453753
10888.6,453753
10888.4,453753
10888.4,453753
10888.7,453753
10888.1,453753
10888.1,453753
10888.2,453753
10887.9,453753
10887.9,453753
10888,453753
10888.3,453753
10888,453753
10887.1,453753
10888,453753
10888.1,453753
10887.3,453753
10888,453753
10888.2,453753
10888.1,453753
10888.3,453753
10888.3,453753
10888.3,453753
10888.2,453753
10887.7,453753
10888.2,453753
10888.5,453753
10887.4,453753
10888.2,453753
10888,453753
10887.9,453753
10888.3,453753
10888.1,453753
10888,453753
10887.8,453753
10887.7,453753
10888.3,453753
10887.8,453753
10888.1,453753
10888.3,453753
10887.7,453753
10888.2,453753
10888,453753
10887.8,453753
10888.6,453753
10888.3,453753
10888.3,453753
10888,453753
10888.2,453753
10888,453753
10888.4,453753
10888.2,453753
10888.6,453753
10888.3,453753
10888.1,453753
10888.1,453753
10887.4,453753
10888.1,453753
10888.2,453753
10888.6,453753
10888.1,453753
10888.3,453753
10887.9,453753
10886.8,453753
10887.6,453753
10887.8,453753
10888.5,453753
10887.7,453753
10888,453753
10888,453753
10888.4,453753
10888.3,453753
10887.8,453753
10887.9,453753
10886.2,453753
10887.7,453753
10888.3,453753
10887.9,453753
10888.4,453753
10888,453753
10887.7,453753
10888,453753
10888.2,453753
10887.8,453753
10888.1,453753
10888.1,453753
10888.3,453753
10888.1,453753
10888.1,453753
10888.1,453753
10888.4,453753
10888,453753
10888.2,453753
10888.5,453753
10888.3,453753
10888.3,453753
10888.3,453753
10887,453753
10888.2,453753
10887.4,453753
10887.1,453753
10888.1,453753
10888,453753
10888.9,453753
10888.5,453753
10888.1,453753
10888.6,453753
10888.1,453753
10888.5,453753
10887.6,453753
10888.1,453753
10888.1,453753
10888.3,453753
10888.4,453753
10887.9,453753
10888.3,453753
10884.2,453753
10876.9,453753
10885.9,453753
10887.2,453753
10887.7,453753
10887.8,453753
10888.1,453753
10888.1,453753
10888.1,453753
10888.4,453753
10888.3,453753
10887.7,453753
10888.1,453753
10888,453753
10888.2,453753
10888.4,453753
10888.1,453753
10887.5,453753
10888,453753
10887.5,453753
10888.2,453753
10888.1,453753
10888.5,453753
10888.2,453753
10888.1,453753
10888.3,453753
10887.9,453753
10888.1,453753
10888.3,453753
10888.4,453753
10888.6,453753
10888.1,453753
10888.2,453753
10888.1,453753
10888.6,453753
10888.3,453753
10888,453753
10888.5,453753
10888.3,453753
10888.2,453753
10888.1,453753
10888.2,453753
10888.5,453753
10887.9,453753
10888,453753
10887.9,453753
10887.1,453753
10887.8,453753
10888,453753
10887.7,453753
10888.1,453753
10888.3,453753
10888.4,453753
10888.2,453753
10888.3,453753
10888.6,453753
10887.8,453753
10888.1,453753
10888,453753
10888.1,453753
10887.7,453753
10887.5,453753
10888.2,453753
10888.2,453753
10888.1,453753
10887.9,453753
10888.2,453753
10888.1,453753
10887.8,453753
10888.1,453753
10888,453753
10888.5,453753
10888.4,453753
10887.9,453753
10887.3,453753
10888.7,453753
10888.2,453753
10888.6,453753
10887.9,453753
10888.3,453753
10888.1,453753
10888.6,453753
10888.7,453753
10888.1,453753
10888.4,453753
10888.3,453753
10888,453753
10887.9,453753
10888.2,453753
10888.3,453753
10888.4,453753
10888.2,453753
10887.9,453753
10887.9,453753
10887.4,453753
10887.7,453753
10888,453753
10887.8,453753
10888,453753
10888.4,453753
10888,453753
10887.8,453753
10887.8,453753
10887.8,453753
10888,453753
10888.4,453753
10887.8,453753
10888.1,453753
10888.4,453753
10888.8,453753
10888.4,453753
10888.3,453753
10888.3,453753
10888.4,453753
10888.5,453753
10888.1,453753
10887.8,453753
10888.4,453753
10888.6,453753
10888.2,453753
10888.6,453753
10888.7,453753
10888,453753
10888,453753
10887.7,453753
10888.1,453753
10887.9,453753
10888.2,453753
10887.7,453753
10888.3,453753
10887.8,453753
10887.6,453753
10887.8,453753
10888.1,453753
10888.1,453753
10888.2,453753
10888.2,453753
10887.7,453753
10888.1,453753
10888.2,453753
10888.3,453753
10888.1,453753
10887.7,453753
10888.3,453753
10888.6,453753
10888.3,453753
10888.4,453753
10887.9,453753
10888.3,453753
10888.4,453753
10888,453753
10888.2,453753
10888,453753
10888.3,453753
10888.1,453753
10887.6,453753
10887.9,453753
10887.3,453753
10888.1,453753
10887.8,453753
10888.4,453753
10887.9,453753
10888.2,453753
10888,453753
10888.4,453753
10886.7,453753
10887.8,453753
10888.5,453753
10887.5,453753
10887.3,453753
10888.6,453753
10888.2,453753
10888.5,453753
10888,453753
10888.4,453753
10888,453753
10887.8,453753
10888.4,453753
10888.3,453753
10887.7,453753
10887.7,453753
10888.3,453753
10887.8,453753
10888.5,453753
10888.3,453753
10888.6,453753
10888.4,453753
10888.6,453753
10888.1,453753
10888.1,453753
10888.2,453753
10887.8,453753
10887.9,453753
10888.2,453753
10888.4,453753
10887.9,453753
10887.7,453753
10888.1,453753
10888.2,453753
10888,453753
10887.8,453753
10886.4,453753
10888.1,453753
10888.4,453753
10888,453753
10888.5,453753
10888.2,453753
10888.2,453753
10888,453753
10888.2,453753
10888.4,453753
10887.8,453753
10887.5,453753
10888.1,453753
10888,453753
10888.1,453753
10888.3,453753
10888,453753
10888,453753
10888.3,453753
10888.3,453753
10888.2,453753
10888.1,453753
10888.3,453753
10888.6,453753
10888,453753
10887.7,453753
10887.3,453753
10887.3,453753
10887.1,453753
10887.6,453753
10888.3,453753
10888.2,453753
10887.5,453753
10888.2,453753
10888.2,453753
10888.2,453753
10888.3,453753
10888.7,453753
10888.2,453753
10887.9,453753
10888.2,453753
10888,453753
10888.2,453753
10887.9,453753
10888.1,453753
10888.4,453753
10888.7,453753
10888.1,453753
10888.1,453753
10888.2,453753
10888,453753
10888.2,453753
10888.1,453753
10888.6,453753
10888.1,453753
10888.3,453753
10888.1,453753
10887.8,453753
10888.2,453753
10888.1,453753
10887.9,453753
10887.6,453753
10887.9,453753
10888.2,453753
10888.2,453753
10888.3,453753
10888.4,453753
10888.4,453753
10887.9,453753
10888.1,453753
10888.2,453753
10888,453753
10888.3,453753
10888.4,453753
10887.9,453753
10888.4,453753
10888,453753
10888,453753
10887.7,453753
10887.2,453753
10888.2,453753
10888.6,453753
10888.2,453753
10887,453753
10887.4,453753
10888,453753
10888.4,453753
10888.1,453753
10888.3,453753
10888.2,453753
10888,453753
10887.4,453753
10888,453753
10888.5,453753
10888.2,453753
10888.1,453753
10888.7,453753
10886.2,453753
10887.9,453753
10887.4,453753
10888.1,453753
10888.2,453753
10887.8,453753
10888.3,453753
10888.2,453753
10888,453753
10888.2,453753
10887.9,453753
10888.2,453753
10888.6,453753
10888.2,453753
10888.3,453753
10887.6,453753
10887.6,453753
10888.4,453753
10888.4,453753
10888.2,453753
10888,453753
10888.3,453753
10888.1,453753
10888.5,453753
10888.6,453753
10888.3,453753
10888.3,453753
10888.5,453753
10888.7,453753
10888.1,453753
10888.3,453753
10888.7,453753
10888.2,453753
10888.5,453753
10888,453753
10888.6,453753
10888.1,453753
10888.4,453753
10888.7,453753
10888,453753
10888.1,453753
10888.3,453753
10888,453753
10887.9,453753
10888.1,453753
10888.5,453753
10887.8,453753
10888.4,453753
10888.4,453753
10888.1,453753
10887.7,453753
10888.3,453753
10888.2,453753
10888.1,453753
10887.5,453753
10887.1,453753
10888.3,453753
10888.5,453753
10888.5,453753
10888.4,453546
