TRACE,NSNPS_JACKKNIFE
10883.8,453753
10883.7,453753
10883.9,453753
10883.7,453753
10883.8,453753
10883.8,453753
10884,453753
10883.6,453753
10884.2,453753
10883.7,453753
10883.2,453753
10883.4,453753
10883.9,453753
10883.7,453753
10883.8,453753
10883.8,453753
10883.8,453753
10882.8,453753
10882.3,453753
10883.5,453753
10883.7,453753
10883.7,453753
10883.3,453753
10883.4,453753
10883.8,453753
10883.9,453753
10884.1,453753
10883.7,453753
10883.6,453753
10883.4,453753
10883.7,453753
10883.3,453753
10883.7,453753
10883.4,453753
10883.1,453753
10884.1,453753
10883.6,453753
10883.8,453753
10884.3,453753
10883.8,453753
10884.1,453753
10883.6,453753
10883.5,453753
10883.8,453753
10884,453753
10883.5,453753
10883.7,453753
10884,453753
10883.8,453753
10883.8,453753
10883.7,453753
10883.7,453753
10883.6,453753
10883.2,453753
10883.4,453753
10883.9,453753
10883.9,453753
10883.7,453753
10883.5,453753
10883.4,453753
10883.9,453753
10883.8,453753
10883.8,453753
10883.9,453753
10883.9,453753
10883.9,453753
10883.9,453753
10883.1,453753
10883.7,453753
10883.9,453753
10882.5,453753
10883.8,453753
10884.1,453753
10884,453753
10883.9,453753
10883.8,453753
10883.9,453753
10883.7,453753
10883.9,453753
10883.6,453753
10882.9,453753
10884,453753
10883.7,453753
10884.3,453753
10884,453753
10884.3,453753
10884,453753
10884.1,453753
10883.9,453753
10883.8,453753
10883.5,453753
10883.7,453753
10883.8,453753
10882.5,453753
10883.8,453753
10883.4,453753
10883.5,453753
10883.7,453753
10884.3,453753
10884.2,453753
10883,453753
10884,453753
10883.6,453753
10883.6,453753
10883.7,453753
10883.7,453753
10884,453753
10883.7,453753
10883.7,453753
10884.1,453753
10883.6,453753
10883.3,453753
10883.1,453753
10883.6,453753
10883.3,453753
10883.6,453753
10883.5,453753
10884.1,453753
10883.5,453753
10883.2,453753
10883.6,453753
10883.9,453753
10883.5,453753
10883.4,453753
10883.6,453753
10883.7,453753
10883.6,453753
10883.8,453753
10883.4,453753
10883.7,453753
10883.8,453753
10883.4,453753
10884,453753
10883.8,453753
10883.9,453753
10883.5,453753
10883.5,453753
10883.8,453753
10884,453753
10883.4,453753
10883.3,453753
10883.5,453753
10883.5,453753
10882.9,453753
10883.4,453753
10883.7,453753
10883.2,453753
10884,453753
10883.9,453753
10883.9,453753
10883.7,453753
10883.9,453753
10883.3,453753
10883.6,453753
10883.6,453753
10883.5,453753
10884.1,453753
10884.2,453753
10883.9,453753
10883.6,453753
10883.7,453753
10883.5,453753
10883.9,453753
10884.1,453753
10883.9,453753
10884,453753
10883.2,453753
10883.6,453753
10883.7,453753
10883.7,453753
10882.9,453753
10884,453753
10884.4,453753
10884,453753
10884.1,453753
10883.6,453753
10883.6,453753
10883.3,453753
10883.5,453753
10883.8,453753
10883.9,453753
10881.8,453753
10881.9,453753
10883.7,453753
10883.5,453753
10883.6,453753
10883.4,453753
10884,453753
10883.6,453753
10883.6,453753
10884,453753
10883.6,453753
10883.5,453753
10882.8,453753
10882.9,453753
10883.1,453753
10883.6,453753
10883.4,453753
10883.2,453753
10884,453753
10884,453753
10883.9,453753
10883.9,453753
10883.6,453753
10884,453753
10884,453753
10883.7,453753
10883.8,453753
10883.7,453753
10882.9,453753
10883.2,453753
10883.5,453753
10884,453753
10883.8,453753
10883.7,453753
10883.7,453753
10883.1,453753
10883.6,453753
10883.2,453753
10882.8,453753
10884,453753
10883.7,453753
10883.9,453753
10883.7,453753
10883.8,453753
10883.6,453753
10884.3,453753
10883.2,453753
10883.7,453753
10883.9,453753
10883.4,453753
10883.1,453753
10883.4,453753
10883.8,453753
10884.2,453753
10883.8,453753
10883.8,453753
10883.8,453753
10884.1,453753
10883.7,453753
10883.7,453753
10884,453753
10884.2,453753
10884.3,453753
10883.3,453753
10884.3,453753
10883.7,453753
10884,453753
10883.7,453753
10882.9,453753
10883.1,453753
10883.7,453753
10883.9,453753
10883.5,453753
10883.4,453753
10883.7,453753
10884,453753
10883.7,453753
10883.6,453753
10884,453753
10884,453753
10883.6,453753
10883.3,453753
10883.5,453753
10883.7,453753
10883.6,453753
10884,453753
10882.2,453753
10883.4,453753
10883.9,453753
10883.9,453753
10883.4,453753
10883.6,453753
10883.2,453753
10883.8,453753
10884.1,453753
10883.9,453753
10883.7,453753
10884,453753
10883.9,453753
10883.6,453753
10883.2,453753
10883.7,453753
10884.1,453753
10884.2,453753
10883.6,453753
10883.7,453753
10884.3,453753
10884.1,453753
10884.1,453753
10884.3,453753
10883.6,453753
10884.2,453753
10883.7,453753
10884.3,453753
10884,453753
10883.8,453753
10883.6,453753
10884,453753
10884.1,453753
10884.2,453753
10884.3,453753
10884,453753
10884,453753
10884.1,453753
10884,453753
10884.1,453753
10883.9,453753
10883.7,453753
10883.7,453753
10883.8,453753
10883.2,453753
10882.9,453753
10882.5,453753
10883,453753
10883.1,453753
10883.8,453753
10883.3,453753
10883.5,453753
10884.2,453753
10884.1,453753
10883.6,453753
10884,453753
10883.9,453753
10883.5,453753
10883.9,453753
10883.9,453753
10883.5,453753
10883.4,453753
10883.7,453753
10881.9,453753
10883.5,453753
10883.5,453753
10883.9,453753
10883.6,453753
10883.8,453753
10883.7,453753
10883.4,453753
10883.8,453753
10883.4,453753
10883.9,453753
10884.1,453753
10883,453753
10882.9,453753
10884,453753
10883.3,453753
10884,453753
10884,453753
10884,453753
10882,453753
10883.4,453753
10883.2,453753
10883.6,453753
10884.1,453753
10884.1,453753
10883.7,453753
10883.6,453753
10883.9,453753
10883.7,453753
10883.9,453753
10884,453753
10884,453753
10883.9,453753
10883.8,453753
10883.7,453753
10883.3,453753
10883.7,453753
10883.8,453753
10883.7,453753
10883.4,453753
10883.3,453753
10883.3,453753
10883.4,453753
10883.7,453753
10883.6,453753
10883.7,453753
10883.7,453753
10882.3,453753
10883.5,453753
10883.8,453753
10883.1,453753
10883,453753
10883.5,453753
10883.8,453753
10884,453753
10883,453753
10883.2,453753
10882.7,453753
10883.3,453753
10883.8,453753
10884.1,453753
10883.5,453753
10883.3,453753
10883.5,453753
10883.4,453753
10883.5,453753
10883.2,453753
10882.9,453753
10883.1,453753
10883.3,453753
10883.5,453753
10883.9,453753
10884.3,453753
10883.6,453753
10884,453753
10882.4,453753
10883.6,453753
10883.7,453753
10883.6,453753
10883.7,453753
10884.1,453753
10883.8,453753
10883.5,453753
10883.5,453753
10883.9,453753
10883.9,453753
10884.3,453753
10884,453753
10883.9,453753
10883.8,453753
10883.2,453753
10884,453753
10884,453753
10883.4,453753
10883.7,453753
10883.8,453753
10883.9,453753
10884.2,453753
10883.7,453753
10883.6,453753
10883.4,453753
10883.5,453753
10883,453753
10883.3,453753
10884.2,453753
10883.8,453753
10883.6,453753
10883.5,453753
10883.5,453753
10883.6,453753
10884,453753
10883.1,453753
10882.3,453753
10883.5,453753
10883.8,453753
10883.7,453753
10884.1,453753
10883.6,453753
10883.4,453753
10883.2,453753
10884,453753
10883.7,453753
10883.6,453753
10883.3,453753
10884,453753
10883.5,453753
10883.6,453753
10883.8,453753
10882.8,453753
10883.3,453753
10883.1,453753
10883.9,453753
10883.7,453753
10883.1,453753
10883.5,453753
10883.4,453753
10883.6,453753
10883.7,453753
10884,453753
10883.6,453753
10884.1,453753
10884,453753
10883.7,453753
10884.1,453753
10883.5,453753
10883.2,453753
10883.5,453753
10883.9,453753
10883.9,453753
10883.4,453753
10881.5,453753
10882,453753
10883.7,453753
10883.8,453753
10883.9,453753
10883.5,453753
10883.3,453753
10883.2,453753
10883.9,453753
10884.1,453753
10884.1,453753
10883.6,453753
10884.3,453753
10883.9,453753
10884,453753
10883,453753
10884,453753
10884.1,453753
10883.8,453753
10883.5,453753
10883,453753
10884,453753
10884.3,453753
10883.9,453753
10883.6,453753
10883.8,453753
10883.2,453753
10882.9,453753
10884.1,453753
10884,453753
10883.3,453753
10883.6,453753
10883.8,453753
10882.8,453753
10883.6,453753
10884.1,453753
10883.6,453753
10883.6,453753
10884.2,453753
10884.2,453753
10884.1,453753
10884,453753
10884,453753
10883.4,453753
10883.7,453753
10884.1,453753
10883.6,453753
10883.4,453753
10883.7,453753
10883.8,453753
10883.9,453753
10883.9,453753
10883.6,453753
10884.2,453753
10883.7,453753
10883.6,453753
10884.1,453753
10883.7,453753
10883.8,453753
10883,453753
10883.9,453753
10883.1,453753
10883.1,453753
10884.1,453753
10883.7,453753
10883.8,453753
10883.9,453753
10883.3,453753
10884.1,453753
10883.6,453753
10884,453753
10884.2,453753
10883.9,453753
10883.5,453753
10882.6,453753
10883.5,453753
10883.9,453753
10884,453753
10884,453753
10883.7,453753
10883.9,453753
10883.6,453753
10883.8,453753
10884,453753
10883.6,453753
10883.7,453753
10884.2,453753
10883.5,453753
10883.6,453753
10883.8,453753
10883.9,453753
10883.6,453753
10883.9,453753
10883.9,453753
10883.7,453753
10883.8,453753
10884,453753
10883.5,453753
10883.6,453753
10883.4,453753
10883.8,453753
10883.6,453753
10883.2,453753
10883.6,453753
10883.7,453753
10883.7,453753
10884.2,453753
10883.4,453753
10882.8,453753
10882.3,453753
10883.8,453753
10883.5,453753
10883.9,453753
10883.1,453753
10883.7,453753
10883.2,453753
10883.9,453753
10883.9,453753
10884.2,453753
10883.6,453753
10881.2,453753
10883.9,453753
10883.9,453753
10883.7,453753
10883.8,453753
10883.2,453753
10883.5,453753
10883.5,453753
10883.6,453753
10883.6,453753
10883.5,453753
10883.7,453753
10883.9,453753
10883.9,453753
10883.9,453753
10883.4,453753
10883.9,453753
10883.5,453753
10883.5,453753
10883.7,453753
10883.6,453753
10884.1,453753
10883.7,453753
10883.5,453753
10883.8,453753
10883.5,453753
10883.4,453753
10883.2,453753
10883,453753
10883.8,453753
10883.5,453753
10883.4,453753
10883.7,453753
10884,453753
10884.3,453753
10883.6,453753
10883.4,453753
10884.2,453753
10883.7,453753
10883.7,453753
10883.7,453753
10883.7,453753
10879.6,453753
10875.4,453753
10882.1,453753
10883.4,453753
10883.3,453753
10883.1,453753
10883.8,453753
10883,453753
10883.6,453753
10884.3,453753
10883.4,453753
10882.6,453753
10883.9,453753
10883.3,453753
10884,453753
10884.3,453753
10883.3,453753
10883.6,453753
10883.1,453753
10883.6,453753
10883.6,453753
10883.9,453753
10884.1,453753
10883.6,453753
10883.4,453753
10883.7,453753
10883.4,453753
10884.2,453753
10883.8,453753
10883.7,453753
10883.5,453753
10883.8,453753
10883.7,453753
10883.9,453753
10884.2,453753
10883.8,453753
10883.6,453753
10883.7,453753
10883.5,453753
10883.6,453753
10883.8,453753
10883.7,453753
10883.7,453753
10883.8,453753
10883.6,453753
10883.4,453753
10882.3,453753
10883.3,453753
10883.3,453753
10883.1,453753
10883.6,453753
10883.4,453753
10883.7,453753
10883.7,453753
10883.7,453753
10883.8,453753
10883.6,453753
10883.4,453753
10884.3,453753
10883.7,453753
10883.1,453753
10883,453753
10883.9,453753
10883.7,453753
10883.5,453753
10883.6,453753
10883.9,453753
10883.4,453753
10883.6,453753
10883.9,453753
10884.1,453753
10884,453753
10884.1,453753
10883.6,453753
10883.2,453753
10883.9,453753
10884.1,453753
10883.7,453753
10884,453753
10883.4,453753
10883.3,453753
10884,453753
10883.8,453753
10884.2,453753
10883.9,453753
10884,453753
10884,453753
10883.8,453753
10883.5,453753
10884.2,453753
10883.8,453753
10883.8,453753
10883.7,453753
10883.5,453753
10882.7,453753
10883.3,453753
10883.6,453753
10883.7,453753
10883.6,453753
10883.7,453753
10883.2,453753
10883.5,453753
10883.6,453753
10883,453753
10883.3,453753
10883.9,453753
10883.9,453753
10884,453753
10883.7,453753
10883.9,453753
10883.9,453753
10883.8,453753
10883.9,453753
10883.6,453753
10883.7,453753
10883.4,453753
10883.9,453753
10883.7,453753
10883.8,453753
10884.1,453753
10884.1,453753
10884,453753
10883.6,453753
10883.1,453753
10882.9,453753
10883.4,453753
10883.6,453753
10884,453753
10883.3,453753
10884.1,453753
10883.2,453753
10883.9,453753
10883.8,453753
10883.7,453753
10883.1,453753
10883.6,453753
10883.3,453753
10883.6,453753
10883.6,453753
10883.7,453753
10884,453753
10884,453753
10883.6,453753
10884.4,453753
10883.9,453753
10883.7,453753
10884.2,453753
10883.8,453753
10884,453753
10883.9,453753
10884,453753
10884.2,453753
10884,453753
10884.3,453753
10884.4,453753
10883.6,453753
10883.9,453753
10883.7,453753
10883.7,453753
10883.7,453753
10883.8,453753
10883.6,453753
10883.6,453753
10884.1,453753
10883.7,453753
10882.7,453753
10883.1,453753
10883.3,453753
10883.7,453753
10882.4,453753
10883.9,453753
10883.8,453753
10883.7,453753
10883.9,453753
10884.1,453753
10883.9,453753
10883.4,453753
10883.4,453753
10883,453753
10883.2,453753
10883.9,453753
10883.6,453753
10883.8,453753
10884.3,453753
10884,453753
10883.6,453753
10884.2,453753
10884.1,453753
10884.1,453753
10883.9,453753
10884,453753
10883.4,453753
10884,453753
10883.9,453753
10883.8,453753
10883.5,453753
10884.1,453753
10883.6,453753
10883.8,453753
10883.4,453753
10883,453753
10882.9,453753
10883.3,453753
10884,453753
10884.1,453753
10883.7,453753
10883.8,453753
10883.8,453753
10883.9,453753
10884.3,453753
10884.1,453753
10883.8,453753
10883.8,453753
10883.8,453753
10883.8,453753
10884.1,453753
10883.5,453753
10883.9,453753
10884,453753
10884.1,453753
10883.8,453753
10883.6,453753
10882.7,453753
10883,453753
10884.5,453753
10883.6,453753
10882.9,453753
10883.1,453753
10883.1,453753
10882.3,453753
10884.1,453753
10883.7,453753
10883.9,453753
10883.4,453753
10883.8,453753
10884,453753
10883.7,453753
10883.7,453753
10884.1,453753
10883.8,453753
10883.8,453753
10884.2,453753
10884,453753
10883.1,453753
10884.2,453753
10884,453753
10883.8,453753
10884,453753
10883.8,453753
10883.9,453753
10883.7,453753
10883.8,453753
10884,453753
10883.5,453753
10884,453753
10883.9,453753
10884.3,453753
10883.2,453753
10883.5,453753
10884,453753
10883.7,453753
10884.1,453753
10883.7,453753
10884.2,453753
10883.8,453753
10884,453753
10883.9,453753
10883.6,453753
10883.7,453753
10883.7,453753
10883.9,453753
10883.8,453753
10884.1,453753
10883.5,453753
10884.2,453753
10883.6,453753
10883.5,453753
10883.8,453753
10883.7,453753
10883.7,453753
10882.1,453753
10884,453753
10884.1,453753
10884,453753
10883.4,453753
10883.5,453753
10883.2,453753
10883.9,453753
10883.4,453753
10882.9,453753
10883.1,453753
10883.7,453753
10883.1,453753
10883.6,453753
10883.8,453753
10884.1,453753
10883.6,453753
10883.7,453753
10882.3,453753
10883.5,453753
10883.7,453753
10884,453753
10883.9,453753
10883.3,453753
10884.3,453753
10883.7,453753
10884,453753
10884,453753
10883.7,453753
10884.2,453753
10883.8,453753
10883.7,453753
10883.6,453753
10883.4,453753
10883.2,453753
10884,453753
10883.5,453753
10884.1,453753
10883.6,453753
10884,453753
10883.9,453753
10883.7,453753
10883.8,453753
10884.1,453753
10884,453753
10883.6,453753
10884.1,453753
10884,453753
10884.2,453753
10883.9,453753
10884,453753
10883.6,453753
10884.4,453753
10884.2,453753
10883.4,453753
10884,453753
10883.2,453753
10883.9,453753
10883.5,453753
10884,453753
10884.2,453753
10883.7,453753
10883.2,453753
10884,453753
10884.2,453753
10883.9,453753
10883.8,453753
10884,453753
10882.8,453753
10884,453753
10884.3,453753
10883.8,453753
10883.6,453753
10882.7,453753
10883.6,453753
10883.8,453753
10883.8,453753
10883.8,453546
