TRACE,NSNPS_JACKKNIFE
10878.5,453753
10878.5,453753
10878,453753
10878.3,453753
10878.1,453753
10878.4,453753
10877.9,453753
10878.1,453753
10878.6,453753
10878.2,453753
10878.2,453753
10877.9,453753
10878.3,453753
10877.8,453753
10878.4,453753
10878.2,453753
10877.9,453753
10877.5,453753
10877.7,453753
10878.1,453753
10878.4,453753
10878.3,453753
10878.5,453753
10878.6,453753
10878.2,453753
10878,453753
10878.1,453753
10877.7,453753
10878,453753
10878.4,453753
10878.6,453753
10877.5,453753
10878.6,453753
10878.1,453753
10878.1,453753
10878.7,453753
10878.3,453753
10877.6,453753
10877.9,453753
10878.5,453753
10878.3,453753
10878.2,453753
10878.2,453753
10877.3,453753
10877.6,453753
10878.2,453753
10877.4,453753
10878.4,453753
10878.6,453753
10878.3,453753
10878.5,453753
10876.9,453753
10878.4,453753
10878.2,453753
10878.3,453753
10877.8,453753
10878.4,453753
10877.8,453753
10877.8,453753
10878.1,453753
10878.6,453753
10878.7,453753
10878.6,453753
10878.3,453753
10877.8,453753
10878.4,453753
10878.4,453753
10878.1,453753
10878.5,453753
10877.9,453753
10877.4,453753
10878.1,453753
10878.4,453753
10878.3,453753
10878.5,453753
10878.4,453753
10878.2,453753
10878.3,453753
10878.2,453753
10878.4,453753
10877.7,453753
10878.6,453753
10879,453753
10878.6,453753
10878.4,453753
10878.2,453753
10878.2,453753
10878.5,453753
10878.2,453753
10878.1,453753
10877.8,453753
10878.2,453753
10878.3,453753
10877.2,453753
10877.8,453753
10878.1,453753
10878.3,453753
10878.1,453753
10878,453753
10878.1,453753
10877.6,453753
10878.2,453753
10878,453753
10878.1,453753
10878.3,453753
10878.1,453753
10877.8,453753
10878.3,453753
10878.3,453753
10878.3,453753
10878.2,453753
10877.9,453753
10878.1,453753
10877.7,453753
10877.6,453753
10878.2,453753
10878.3,453753
10878.1,453753
10877.8,453753
10878,453753
10877.8,453753
10878.5,453753
10878.3,453753
10878.5,453753
10878.1,453753
10878.6,453753
10877.9,453753
10877.8,453753
10877.5,453753
10877.9,453753
10878.1,453753
10877.8,453753
10878.4,453753
10878.1,453753
10877.9,453753
10879,453753
10878,453753
10877.7,453753
10878,453753
10878,453753
10877.6,453753
10877.4,453753
10878.1,453753
10878.1,453753
10878,453753
10878.1,453753
10878.3,453753
10878.3,453753
10878.3,453753
10878.2,453753
10878.2,453753
10878.5,453753
10878.3,453753
10878,453753
10878.2,453753
10878.5,453753
10878,453753
10878,453753
10878.3,453753
10878.6,453753
10878.2,453753
10878.2,453753
10878.4,453753
10878.3,453753
10878.3,453753
10878,453753
10878.4,453753
10878,453753
10878.3,453753
10878.1,453753
10877.4,453753
10878.5,453753
10878,453753
10878.5,453753
10878.5,453753
10878.5,453753
10878.1,453753
10878.7,453753
10878.3,453753
10878.2,453753
10877.9,453753
10877.5,453753
10876.6,453753
10878.3,453753
10878.4,453753
10878.4,453753
10878.7,453753
10878.6,453753
10878.1,453753
10878,453753
10878.2,453753
10878.3,453753
10877.6,453753
10877.6,453753
10877.6,453753
10877.4,453753
10877.3,453753
10877.5,453753
10878.3,453753
10878.3,453753
10878.3,453753
10878.2,453753
10877.6,453753
10878,453753
10878.1,453753
10878.3,453753
10878.7,453753
10877.6,453753
10878.3,453753
10877.6,453753
10878,453753
10878,453753
10877.9,453753
10878.4,453753
10878.2,453753
10878.1,453753
10877.1,453753
10878,453753
10877.8,453753
10877.6,453753
10878.6,453753
10878.8,453753
10878,453753
10878,453753
10878.2,453753
10878.4,453753
10878.8,453753
10878.3,453753
10878.4,453753
10878.6,453753
10878.1,453753
10877.9,453753
10877.6,453753
10878.5,453753
10878.6,453753
10878.4,453753
10878.3,453753
10877.9,453753
10878.5,453753
10878.4,453753
10878.1,453753
10878.6,453753
10878,453753
10877.8,453753
10878.3,453753
10878.2,453753
10878.7,453753
10878,453753
10878.6,453753
10877.4,453753
10878,453753
10878.5,453753
10878.1,453753
10878.2,453753
10878.1,453753
10878.2,453753
10878.5,453753
10878.4,453753
10877.6,453753
10878.3,453753
10878.4,453753
10877.8,453753
10877.4,453753
10878,453753
10878,453753
10877.4,453753
10878,453753
10877.5,453753
10878,453753
10878.2,453753
10878.4,453753
10877.4,453753
10878.2,453753
10878.1,453753
10878.3,453753
10877.5,453753
10878.2,453753
10878.2,453753
10877.9,453753
10878.3,453753
10877.7,453753
10878.2,453753
10878.2,453753
10878.3,453753
10877.8,453753
10878.5,453753
10878.2,453753
10878.3,453753
10878.5,453753
10878.6,453753
10878.5,453753
10878.6,453753
10878.4,453753
10878.2,453753
10877.9,453753
10879,453753
10878.5,453753
10878.2,453753
10878.8,453753
10878.3,453753
10878.7,453753
10878.5,453753
10878.5,453753
10878.4,453753
10878.4,453753
10878.1,453753
10878.1,453753
10878.2,453753
10878.3,453753
10878.7,453753
10878.4,453753
10878.6,453753
10877.7,453753
10877.5,453753
10877.4,453753
10878.2,453753
10878.1,453753
10877.7,453753
10878,453753
10878.7,453753
10878.4,453753
10878.2,453753
10878.3,453753
10878.5,453753
10878,453753
10878.1,453753
10877.8,453753
10878.1,453753
10877.9,453753
10878.1,453753
10877.9,453753
10878.1,453753
10878.3,453753
10878.4,453753
10877.7,453753
10878.1,453753
10878.2,453753
10878,453753
10878,453753
10877.7,453753
10878,453753
10878.6,453753
10878.6,453753
10877.6,453753
10877.8,453753
10877.7,453753
10878.8,453753
10878.2,453753
10878.7,453753
10876.1,453753
10878.2,453753
10878.1,453753
10878,453753
10878.4,453753
10878.5,453753
10878.2,453753
10878.3,453753
10878.6,453753
10878.1,453753
10878.2,453753
10878.5,453753
10878.4,453753
10878.9,453753
10878.4,453753
10878.5,453753
10878.7,453753
10878,453753
10878.4,453753
10878.1,453753
10878.1,453753
10878.3,453753
10878.2,453753
10877.9,453753
10878.2,453753
10878.2,453753
10878.4,453753
10877.5,453753
10876.9,453753
10878.4,453753
10877.4,453753
10876.8,453753
10877.7,453753
10878.2,453753
10878.2,453753
10878.2,453753
10877.8,453753
10877.4,453753
10877.9,453753
10877.8,453753
10878.3,453753
10878.2,453753
10877.9,453753
10878.2,453753
10878.2,453753
10877.7,453753
10877.9,453753
10878,453753
10878.3,453753
10877.7,453753
10878.3,453753
10878.5,453753
10878.6,453753
10878.5,453753
10878.5,453753
10878.3,453753
10877.2,453753
10878.1,453753
10877.8,453753
10878.5,453753
10878.2,453753
10878.4,453753
10878.2,453753
10878.1,453753
10878.5,453753
10878.4,453753
10877.9,453753
10878.2,453753
10877.8,453753
10878.1,453753
10877.8,453753
10878.3,453753
10878.1,453753
10878.3,453753
10878,453753
10878.7,453753
10878.5,453753
10878.4,453753
10878.3,453753
10878.4,453753
10877.8,453753
10878.4,453753
10878.3,453753
10877.6,453753
10878.3,453753
10878.4,453753
10878.2,453753
10878.3,453753
10878.6,453753
10878.2,453753
10878.4,453753
10878.1,453753
10877.7,453753
10875.7,453753
10878.2,453753
10878.1,453753
10878.2,453753
10878.5,453753
10878.2,453753
10878.6,453753
10877.7,453753
10877.9,453753
10877.9,453753
10877.6,453753
10877.8,453753
10878.2,453753
10878.6,453753
10878.6,453753
10878.4,453753
10877.7,453753
10878.1,453753
10877.6,453753
10877.5,453753
10878.2,453753
10878.6,453753
10878.8,453753
10878.1,453753
10877.9,453753
10878,453753
10878.3,453753
10878.3,453753
10878.5,453753
10878.5,453753
10877.8,453753
10878.2,453753
10878.5,453753
10878.3,453753
10878.2,453753
10878.2,453753
10878.5,453753
10877.7,453753
10876.4,453753
10876.6,453753
10878.4,453753
10877.8,453753
10878.5,453753
10878.1,453753
10878.2,453753
10877.7,453753
10878.9,453753
10878.1,453753
10878.4,453753
10878,453753
10878.5,453753
10877.9,453753
10876.7,453753
10878.1,453753
10878.6,453753
10878.3,453753
10878.4,453753
10878.1,453753
10878,453753
10878.5,453753
10878.7,453753
10878.4,453753
10878,453753
10878.3,453753
10877.6,453753
10878.3,453753
10878.4,453753
10878.6,453753
10878.3,453753
10878.5,453753
10878,453753
10878,453753
10877.9,453753
10878.1,453753
10878.4,453753
10878.4,453753
10878.7,453753
10878.3,453753
10877.8,453753
10878.3,453753
10878.2,453753
10878.1,453753
10878.4,453753
10878.4,453753
10878.2,453753
10877.9,453753
10878.3,453753
10878.3,453753
10878.4,453753
10878.2,453753
10878.3,453753
10878.1,453753
10878.3,453753
10877.9,453753
10878.4,453753
10877.9,453753
10878.6,453753
10878.7,453753
10877.9,453753
10878.1,453753
10877.6,453753
10878.4,453753
10877.9,453753
10877.7,453753
10878.5,453753
10877.9,453753
10878.2,453753
10878.7,453753
10878.7,453753
10878.4,453753
10878.3,453753
10877.9,453753
10877.9,453753
10878.3,453753
10877.8,453753
10878.1,453753
10878.5,453753
10878.2,453753
10878.1,453753
10878.1,453753
10878.4,453753
10878.2,453753
10878.3,453753
10877.6,453753
10877.9,453753
10878.3,453753
10878.6,453753
10878.1,453753
10878.1,453753
10878,453753
10877.4,453753
10878,453753
10878.4,453753
10878.3,453753
10878.7,453753
10878.2,453753
10878.1,453753
10878.2,453753
10878.4,453753
10878.7,453753
10878,453753
10877.9,453753
10878.6,453753
10878.6,453753
10878.3,453753
10877.6,453753
10878,453753
10877.3,453753
10878.2,453753
10877.9,453753
10878,453753
10878.3,453753
10877.8,453753
10878.3,453753
10878,453753
10878.3,453753
10878.8,453753
10877.9,453753
10877,453753
10877.9,453753
10878.2,453753
10878.5,453753
10878,453753
10878.6,453753
10878,453753
10877.9,453753
10878.2,453753
10877.3,453753
10877.8,453753
10878.2,453753
10878.4,453753
10878.6,453753
10878.3,453753
10878.2,453753
10878.3,453753
10878.4,453753
10878.3,453753
10878,453753
10878.3,453753
10878.2,453753
10878.4,453753
10877.2,453753
10878.9,453753
10877.7,453753
10877.8,453753
10878.2,453753
10878.3,453753
10878.4,453753
10878.2,453753
10878.3,453753
10878.5,453753
10878.5,453753
10878,453753
10878,453753
10878.4,453753
10878.2,453753
10878.5,453753
10878.1,453753
10878.2,453753
10878.5,453753
10873.3,453753
10866.9,453753
10876.2,453753
10877.9,453753
10877.8,453753
10878.2,453753
10878.4,453753
10878.3,453753
10878.2,453753
10878.5,453753
10878.1,453753
10876.9,453753
10877.6,453753
10878.2,453753
10878.5,453753
10878.1,453753
10878.4,453753
10877.6,453753
10877.5,453753
10877.5,453753
10878.1,453753
10878.5,453753
10877.8,453753
10878.1,453753
10878,453753
10878.1,453753
10877.4,453753
10878.4,453753
10879,453753
10878.5,453753
10878.6,453753
10878.6,453753
10878.4,453753
10878.4,453753
10878.8,453753
10878.4,453753
10877.9,453753
10878.6,453753
10878.4,453753
10878,453753
10878.5,453753
10877.9,453753
10878.5,453753
10877.8,453753
10878.2,453753
10878.1,453753
10876.4,453753
10878.6,453753
10878.4,453753
10877.7,453753
10878.2,453753
10878.3,453753
10877.6,453753
10878.2,453753
10878.5,453753
10878.3,453753
10878.2,453753
10877.6,453753
10878.5,453753
10878.2,453753
10878.1,453753
10877.8,453753
10878.4,453753
10878.1,453753
10877.9,453753
10878.5,453753
10878.6,453753
10878.7,453753
10878.5,453753
10878.1,453753
10878.5,453753
10878.4,453753
10878.2,453753
10877.8,453753
10877.6,453753
10878.7,453753
10878.4,453753
10878.2,453753
10878.3,453753
10878,453753
10877.8,453753
10878.6,453753
10878,453753
10877.8,453753
10878.6,453753
10878.2,453753
10878.1,453753
10878.8,453753
10878.1,453753
10878,453753
10878.4,453753
10878.5,453753
10878.3,453753
10878,453753
10877.9,453753
10878.1,453753
10878.2,453753
10878.2,453753
10878.3,453753
10878.6,453753
10877.8,453753
10878.5,453753
10877.7,453753
10877.9,453753
10878.3,453753
10878.1,453753
10878,453753
10878.6,453753
10878.4,453753
10878.5,453753
10878.4,453753
10878.2,453753
10878.5,453753
10878.5,453753
10878.5,453753
10878.1,453753
10878.2,453753
10878.4,453753
10878,453753
10878.3,453753
10878.4,453753
10878.4,453753
10877.9,453753
10878,453753
10878.6,453753
10878,453753
10878.5,453753
10878,453753
10877.7,453753
10878.7,453753
10878.6,453753
10878.3,453753
10878,453753
10877.9,453753
10878.1,453753
10878.3,453753
10878.3,453753
10878.4,453753
10878.5,453753
10878,453753
10877.9,453753
10878.5,453753
10878.4,453753
10878.6,453753
10878.4,453753
10878.2,453753
10878.3,453753
10878.3,453753
10878.2,453753
10878.7,453753
10878.6,453753
10878.4,453753
10878.6,453753
10878.5,453753
10878.3,453753
10877.6,453753
10878.1,453753
10879.2,453753
10877.9,453753
10878.1,453753
10878.3,453753
10878.3,453753
10877.6,453753
10878,453753
10878.5,453753
10877.9,453753
10877.9,453753
10878,453753
10878.1,453753
10877.2,453753
10877.8,453753
10878.8,453753
10878.2,453753
10878.4,453753
10878.1,453753
10878.3,453753
10878.8,453753
10878.2,453753
10878.6,453753
10877.8,453753
10878.3,453753
10878.5,453753
10878.3,453753
10878,453753
10878.5,453753
10878.4,453753
10878.2,453753
10878.1,453753
10877.9,453753
10878.6,453753
10878,453753
10878,453753
10877.8,453753
10878.3,453753
10878.3,453753
10878.3,453753
10877.9,453753
10878.1,453753
10878.7,453753
10878.1,453753
10877.4,453753
10878.3,453753
10877.8,453753
10879,453753
10878.2,453753
10878.2,453753
10878.3,453753
10878,453753
10878.5,453753
10878.9,453753
10878.7,453753
10877.7,453753
10877.1,453753
10878.5,453753
10878.6,453753
10878,453753
10877.3,453753
10878.3,453753
10879,453753
10878.8,453753
10878.3,453753
10878.3,453753
10877.8,453753
10878.3,453753
10878.5,453753
10878.2,453753
10878.2,453753
10877,453753
10877.2,453753
10877.2,453753
10878.3,453753
10878.6,453753
10878.4,453753
10877.9,453753
10877.9,453753
10877.9,453753
10878.4,453753
10878.2,453753
10878.4,453753
10878.6,453753
10878.5,453753
10877.8,453753
10878.5,453753
10878.2,453753
10877.8,453753
10878.7,453753
10878.8,453753
10878.2,453753
10878.4,453753
10878.2,453753
10878.2,453753
10878.2,453753
10878.3,453753
10878.5,453753
10878.3,453753
10878.1,453753
10878,453753
10878.2,453753
10878.5,453753
10878.3,453753
10878.3,453753
10878.2,453753
10878.1,453753
10877.9,453753
10878,453753
10878.3,453753
10878.7,453753
10878.2,453753
10877.8,453753
10878.2,453753
10878.5,453753
10878.3,453753
10878.8,453753
10878,453753
10878.5,453753
10878.2,453753
10878.9,453753
10877.9,453753
10877.7,453753
10878.5,453753
10877.7,453753
10878,453753
10878.1,453753
10878.2,453753
10878,453753
10877.4,453753
10878.2,453753
10878.6,453753
10878.1,453753
10878,453753
10878.4,453753
10877.5,453753
10877.2,453753
10877.7,453753
10878.1,453753
10878,453753
10878.2,453753
10878.2,453753
10877.7,453753
10877.9,453753
10878.2,453753
10878.3,453753
10878.9,453753
10877.6,453753
10878.2,453753
10878.5,453753
10878.2,453753
10878.4,453753
10878.2,453753
10878.5,453753
10877.9,453753
10878.1,453753
10878.4,453753
10877.7,453753
10877.4,453753
10878.2,453753
10878.3,453753
10878.3,453753
10877.8,453753
10878.5,453753
10878,453753
10878.6,453753
10878.2,453753
10878.3,453753
10878.5,453753
10879,453753
10878.8,453753
10878.1,453753
10878.6,453753
10878.6,453753
10878.6,453753
10878.5,453753
10878.5,453753
10878,453753
10878.3,453753
10878.5,453753
10878.1,453753
10878.2,453753
10878.3,453753
10878.4,453753
10878,453753
10877.9,453753
10878.1,453753
10878.1,453753
10878.6,453753
10878,453753
10878.7,453753
10878.4,453753
10877.2,453753
10878.4,453753
10878.3,453753
10878.1,453753
10877.9,453753
10878,453753
10878.3,453753
10878.6,453753
10877.9,453753
10878.5,453546
