TRACE,NSNPS_JACKKNIFE
10850.7,453753
10851,453753
10850.8,453753
10850.8,453753
10850.9,453753
10851.1,453753
10850.9,453753
10850.8,453753
10850.5,453753
10851.1,453753
10850.8,453753
10850.6,453753
10851.6,453753
10850.2,453753
10851,453753
10851.1,453753
10850.6,453753
10850.5,453753
10850.8,453753
10851,453753
10851.2,453753
10851,453753
10851.4,453753
10851,453753
10850.8,453753
10851.1,453753
10850.7,453753
10850.9,453753
10851,453753
10850.7,453753
10850.4,453753
10850.8,453753
10850.9,453753
10851,453753
10851.2,453753
10850.6,453753
10851.1,453753
10851.1,453753
10851.3,453753
10851.2,453753
10850.8,453753
10850.9,453753
10850.8,453753
10850.8,453753
10851.5,453753
10851.3,453753
10850.9,453753
10850.9,453753
10851.3,453753
10850.8,453753
10850.7,453753
10850.3,453753
10850.9,453753
10850.6,453753
10850.5,453753
10851,453753
10851.2,453753
10850.6,453753
10851.5,453753
10850.4,453753
10851.2,453753
10850.9,453753
10851.2,453753
10850.9,453753
10851,453753
10851.1,453753
10851,453753
10850.7,453753
10850.5,453753
10850.7,453753
10850.8,453753
10850.8,453753
10850.9,453753
10851.4,453753
10851.1,453753
10851.4,453753
10851,453753
10850.9,453753
10850.7,453753
10850.8,453753
10851,453753
10850.5,453753
10851.1,453753
10851.3,453753
10851.1,453753
10851.5,453753
10851,453753
10851.4,453753
10851.1,453753
10850.6,453753
10850.5,453753
10850.5,453753
10850.7,453753
10848.6,453753
10850.6,453753
10850.8,453753
10850.9,453753
10851.1,453753
10850.5,453753
10851.1,453753
10850.9,453753
10850.9,453753
10850.5,453753
10849.9,453753
10850.6,453753
10850.4,453753
10851.3,453753
10850.8,453753
10850.4,453753
10851,453753
10850.7,453753
10850.4,453753
10850.6,453753
10850.9,453753
10850.3,453753
10850.7,453753
10851,453753
10850.8,453753
10850.2,453753
10850.9,453753
10851,453753
10851.2,453753
10850.5,453753
10850.6,453753
10851.1,453753
10851,453753
10850.4,453753
10850.8,453753
10850.8,453753
10850.9,453753
10850.3,453753
10851,453753
10850.7,453753
10850.6,453753
10850.9,453753
10850.7,453753
10850.5,453753
10850.7,453753
10850.1,453753
10850.7,453753
10850.5,453753
10850.2,453753
10851.1,453753
10851,453753
10850.5,453753
10850.7,453753
10851.3,453753
10850.9,453753
10850.8,453753
10851,453753
10851.3,453753
10850.7,453753
10851,453753
10850.9,453753
10850.7,453753
10851.1,453753
10851.1,453753
10851.2,453753
10850.9,453753
10851.1,453753
10851.3,453753
10851,453753
10851.9,453753
10851.2,453753
10850.6,453753
10851.2,453753
10851.4,453753
10851.1,453753
10851.2,453753
10851.5,453753
10850.8,453753
10851,453753
10850.5,453753
10850.8,453753
10851.3,453753
10851.3,453753
10851,453753
10850.8,453753
10851,453753
10850.9,453753
10851,453753
10849.3,453753
10849.9,453753
10850.9,453753
10850.8,453753
10851.1,453753
10851.1,453753
10851.3,453753
10850.9,453753
10850.3,453753
10851,453753
10851,453753
10850.1,453753
10849.9,453753
10850.2,453753
10850.2,453753
10849.9,453753
10850.9,453753
10851.2,453753
10850.9,453753
10850.8,453753
10851.1,453753
10850.9,453753
10850.8,453753
10850.5,453753
10851,453753
10850.8,453753
10850.7,453753
10850.7,453753
10851,453753
10851.3,453753
10851.1,453753
10850.6,453753
10851.1,453753
10850.9,453753
10850.4,453753
10849.8,453753
10850.9,453753
10850.7,453753
10850.1,453753
10850.9,453753
10851.1,453753
10850.9,453753
10851.1,453753
10850.5,453753
10851.1,453753
10851.4,453753
10851.3,453753
10851.2,453753
10850.6,453753
10850.4,453753
10850,453753
10850.8,453753
10851.1,453753
10851.2,453753
10851.1,453753
10851,453753
10851.2,453753
10850.7,453753
10850.6,453753
10850.9,453753
10850.7,453753
10850.9,453753
10851.1,453753
10851.3,453753
10850.9,453753
10851,453753
10850.9,453753
10850.9,453753
10850.6,453753
10850.3,453753
10850.8,453753
10851,453753
10850.4,453753
10850.4,453753
10850.5,453753
10850.8,453753
10851.3,453753
10850.4,453753
10851.1,453753
10850.7,453753
10850.4,453753
10849.7,453753
10850.6,453753
10850.4,453753
10850.7,453753
10850.4,453753
10849.1,453753
10851.1,453753
10851.3,453753
10850.9,453753
10850,453753
10850.8,453753
10851,453753
10850.9,453753
10850.8,453753
10851.3,453753
10851.3,453753
10850.7,453753
10850.6,453753
10850.8,453753
10850.5,453753
10851.1,453753
10850.5,453753
10850.8,453753
10850.8,453753
10851.1,453753
10850.9,453753
10850.8,453753
10851.1,453753
10851.1,453753
10851.3,453753
10850.8,453753
10851.3,453753
10851,453753
10851,453753
10851.2,453753
10850.5,453753
10851.3,453753
10850.7,453753
10852,453753
10851.2,453753
10851.4,453753
10850.6,453753
10851.1,453753
10850.7,453753
10851.1,453753
10850.9,453753
10850.9,453753
10851,453753
10850.6,453753
10850.5,453753
10850.5,453753
10850.2,453753
10850.4,453753
10850.9,453753
10851.2,453753
10850.9,453753
10850.2,453753
10850.3,453753
10850.8,453753
10851.1,453753
10850.9,453753
10851.1,453753
10850.5,453753
10850.7,453753
10850.8,453753
10850.7,453753
10850.4,453753
10850.6,453753
10849.6,453753
10850.7,453753
10850.8,453753
10850.8,453753
10850.7,453753
10850.8,453753
10851,453753
10851,453753
10850.8,453753
10850.4,453753
10850.9,453753
10851.1,453753
10849.9,453753
10849.6,453753
10850.3,453753
10850.5,453753
10851.1,453753
10850.6,453753
10850.6,453753
10849.9,453753
10851.4,453753
10851.3,453753
10850.6,453753
10851.3,453753
10850.7,453753
10851.2,453753
10851,453753
10850.9,453753
10851,453753
10851.1,453753
10850.8,453753
10851.1,453753
10851.1,453753
10851,453753
10851.1,453753
10850.7,453753
10850.9,453753
10850.6,453753
10850.9,453753
10851,453753
10851.1,453753
10850.7,453753
10850.7,453753
10851.2,453753
10850.9,453753
10850.8,453753
10851.3,453753
10849.6,453753
10850.7,453753
10850.2,453753
10848.8,453753
10849.9,453753
10850.7,453753
10850.8,453753
10851,453753
10850.5,453753
10850,453753
10850,453753
10850.4,453753
10850.6,453753
10850.9,453753
10851.2,453753
10850.8,453753
10850.7,453753
10850.8,453753
10850.6,453753
10850.4,453753
10849.8,453753
10850.3,453753
10850.9,453753
10850.8,453753
10851,453753
10850.8,453753
10851.3,453753
10851.1,453753
10849.5,453753
10850.5,453753
10850.8,453753
10850.7,453753
10851,453753
10851.1,453753
10851.2,453753
10850.8,453753
10850.7,453753
10851,453753
10851.3,453753
10851.1,453753
10851.3,453753
10850.7,453753
10850.9,453753
10850.7,453753
10850.9,453753
10851.2,453753
10851,453753
10851.8,453753
10851.2,453753
10850.8,453753
10851,453753
10850.4,453753
10850.8,453753
10850.6,453753
10850.7,453753
10850.4,453753
10850.3,453753
10850.9,453753
10851.1,453753
10851.1,453753
10850.9,453753
10851,453753
10850.5,453753
10850.7,453753
10850.4,453753
10849.9,453753
10851,453753
10851.1,453753
10850.9,453753
10851.1,453753
10851.2,453753
10851.2,453753
10851.1,453753
10850.8,453753
10850.7,453753
10850.2,453753
10851.1,453753
10851.5,453753
10850.7,453753
10851,453753
10851,453753
10850.5,453753
10851.3,453753
10850.6,453753
10850.3,453753
10851,453753
10851.1,453753
10850.6,453753
10851.1,453753
10850.7,453753
10851.3,453753
10850.7,453753
10851.3,453753
10851.3,453753
10850.9,453753
10850.9,453753
10850.5,453753
10851.2,453753
10851.6,453753
10851,453753
10850.8,453753
10850.8,453753
10850.1,453753
10848.7,453753
10849.5,453753
10851.4,453753
10851,453753
10851,453753
10850.7,453753
10850.6,453753
10850.9,453753
10850.7,453753
10851.1,453753
10851.2,453753
10850.4,453753
10851.3,453753
10850.9,453753
10849.4,453753
10850.7,453753
10850.4,453753
10850.5,453753
10851,453753
10851.1,453753
10850.5,453753
10851,453753
10851.1,453753
10851,453753
10850.9,453753
10850.7,453753
10850.4,453753
10851,453753
10850.8,453753
10851.2,453753
10850.8,453753
10850.4,453753
10850.8,453753
10850.3,453753
10851,453753
10850.9,453753
10851,453753
10851.1,453753
10850.7,453753
10851.1,453753
10851.4,453753
10851.3,453753
10850.9,453753
10851.5,453753
10850.7,453753
10851,453753
10850.7,453753
10850.8,453753
10851,453753
10850.9,453753
10850.8,453753
10851.1,453753
10851.4,453753
10851.1,453753
10851.1,453753
10851,453753
10850.7,453753
10850.7,453753
10851.2,453753
10850.1,453753
10851.1,453753
10850.6,453753
10850.6,453753
10851.3,453753
10850.5,453753
10850.7,453753
10850.9,453753
10850.6,453753
10851,453753
10850.7,453753
10850.3,453753
10851.3,453753
10850.9,453753
10851.3,453753
10850.5,453753
10851,453753
10851.1,453753
10850.7,453753
10850.6,453753
10850.8,453753
10850.2,453753
10850.9,453753
10850.5,453753
10850.9,453753
10850.7,453753
10851.1,453753
10851.2,453753
10850.9,453753
10851.5,453753
10850.9,453753
10851.3,453753
10851.2,453753
10850.8,453753
10851.2,453753
10851.3,453753
10851.1,453753
10851.2,453753
10850.8,453753
10850.9,453753
10851,453753
10850.8,453753
10851.2,453753
10850.4,453753
10851,453753
10851,453753
10851.5,453753
10851.2,453753
10851,453753
10849.9,453753
10849.8,453753
10850.6,453753
10851.1,453753
10850.9,453753
10850.7,453753
10850.8,453753
10850.8,453753
10850.7,453753
10851.1,453753
10850.8,453753
10851.3,453753
10848.8,453753
10850.7,453753
10851,453753
10850.5,453753
10850.9,453753
10850.8,453753
10850.8,453753
10850.9,453753
10850.6,453753
10850,453753
10851.3,453753
10851.7,453753
10850.9,453753
10850.9,453753
10851.1,453753
10850.9,453753
10850.8,453753
10851.2,453753
10851,453753
10850.4,453753
10850.9,453753
10851,453753
10850.7,453753
10850.4,453753
10851,453753
10850.8,453753
10850.5,453753
10851,453753
10850.4,453753
10850.7,453753
10850.7,453753
10850.9,453753
10851.3,453753
10851.1,453753
10850.8,453753
10851.2,453753
10850.9,453753
10850.5,453753
10850.7,453753
10850.9,453753
10851.2,453753
10850.6,453753
10846,453753
10839.1,453753
10848.2,453753
10851,453753
10851.1,453753
10851.2,453753
10851,453753
10850.9,453753
10850.9,453753
10850.8,453753
10850.7,453753
10849.5,453753
10850.1,453753
10850.7,453753
10850.5,453753
10851.1,453753
10851.2,453753
10850.5,453753
10850.6,453753
10851.1,453753
10850.8,453753
10851,453753
10850.8,453753
10850.7,453753
10851.3,453753
10850.6,453753
10850.1,453753
10851.4,453753
10851,453753
10850.9,453753
10851.4,453753
10850.8,453753
10851.4,453753
10851,453753
10851,453753
10850.6,453753
10851,453753
10851.2,453753
10851.1,453753
10851.2,453753
10850.5,453753
10850.9,453753
10851.1,453753
10850.8,453753
10850.8,453753
10850.7,453753
10849.3,453753
10850.4,453753
10850.9,453753
10850.8,453753
10851.1,453753
10851.1,453753
10850.7,453753
10850.9,453753
10851.4,453753
10851.1,453753
10851.1,453753
10851.2,453753
10850.6,453753
10851.1,453753
10850.5,453753
10849.9,453753
10850.7,453753
10850.8,453753
10850.7,453753
10850.9,453753
10850.9,453753
10851.1,453753
10850.7,453753
10850.7,453753
10850.6,453753
10851.4,453753
10850.8,453753
10850.4,453753
10850.3,453753
10851.4,453753
10851.3,453753
10851.6,453753
10851.3,453753
10850.9,453753
10850.4,453753
10851.3,453753
10851.3,453753
10851,453753
10851.4,453753
10851.1,453753
10850.6,453753
10850.9,453753
10850.7,453753
10851,453753
10850.9,453753
10851.1,453753
10850.4,453753
10850.1,453753
10850.1,453753
10850.5,453753
10851.1,453753
10850.7,453753
10850.9,453753
10851.1,453753
10850.7,453753
10850.2,453753
10850.5,453753
10850.7,453753
10851,453753
10851.1,453753
10851.3,453753
10851,453753
10851,453753
10850.8,453753
10850.9,453753
10851,453753
10851.2,453753
10851.2,453753
10851,453753
10851.1,453753
10850.9,453753
10851.2,453753
10851,453753
10851.2,453753
10851,453753
10851.1,453753
10851,453753
10850.7,453753
10850.7,453753
10850.5,453753
10850.9,453753
10850.9,453753
10850,453753
10851.2,453753
10850.9,453753
10850.6,453753
10851,453753
10851.1,453753
10851,453753
10851,453753
10850.7,453753
10850.6,453753
10851,453753
10851,453753
10851,453753
10851.3,453753
10850.9,453753
10851.1,453753
10851.3,453753
10851,453753
10851.3,453753
10851.2,453753
10850.9,453753
10850.9,453753
10851.5,453753
10851.4,453753
10851,453753
10851.6,453753
10850.5,453753
10850.6,453753
10851.4,453753
10851.2,453753
10851,453753
10850.5,453753
10851.3,453753
10851,453753
10850.8,453753
10851,453753
10850.8,453753
10850.4,453753
10850.2,453753
10850.6,453753
10851.2,453753
10850.4,453753
10850.9,453753
10850.9,453753
10851.4,453753
10851,453753
10851.4,453753
10851,453753
10851.2,453753
10850.9,453753
10851.2,453753
10850.7,453753
10851,453753
10851.2,453753
10851.3,453753
10850.7,453753
10851.1,453753
10850.6,453753
10851,453753
10851.1,453753
10850.7,453753
10851.2,453753
10851.1,453753
10850.7,453753
10850.7,453753
10851.5,453753
10850.6,453753
10851.3,453753
10851.3,453753
10850.9,453753
10851,453753
10850.2,453753
10850,453753
10850.2,453753
10850.4,453753
10850.6,453753
10851.2,453753
10851,453753
10850.6,453753
10851.1,453753
10850.8,453753
10850.6,453753
10851.2,453753
10850.8,453753
10850.9,453753
10850.9,453753
10850.7,453753
10850.9,453753
10851,453753
10851.2,453753
10851.4,453753
10851.3,453753
10851.1,453753
10851,453753
10851,453753
10850.7,453753
10850.9,453753
10851.2,453753
10850.7,453753
10850.6,453753
10850.8,453753
10849.1,453753
10850.7,453753
10850.4,453753
10850.9,453753
10850.3,453753
10850.7,453753
10851.4,453753
10850.8,453753
10850.9,453753
10851.3,453753
10850.8,453753
10851,453753
10851.1,453753
10851.1,453753
10850.8,453753
10850.7,453753
10851,453753
10851.5,453753
10851.1,453753
10851.2,453753
10851.5,453753
10850.8,453753
10850.7,453753
10851.1,453753
10850.6,453753
10850.9,453753
10850.6,453753
10850.6,453753
10851.4,453753
10850.9,453753
10850.9,453753
10851.2,453753
10850.9,453753
10850.8,453753
10850.8,453753
10851.4,453753
10851.6,453753
10850.5,453753
10851.2,453753
10850.9,453753
10851.1,453753
10851.3,453753
10850.8,453753
10850.8,453753
10850.8,453753
10851.1,453753
10851.3,453753
10851.2,453753
10850.9,453753
10851.1,453753
10850.8,453753
10849.9,453753
10850.8,453753
10850.8,453753
10850.9,453753
10850.8,453753
10849.6,453753
10851.2,453753
10851.3,453753
10850.9,453753
10850.2,453753
10850.6,453753
10850.7,453753
10849.9,453753
10850.5,453753
10850.5,453753
10850.9,453753
10850.8,453753
10851.3,453753
10849.7,453753
10850,453753
10850.9,453753
10851,453753
10851.5,453753
10851,453753
10851.1,453753
10850.9,453753
10851,453753
10851.2,453753
10851.2,453753
10851.4,453753
10851.2,453753
10850.8,453753
10850.9,453753
10849.8,453753
10849.8,453753
10850.9,453753
10850.8,453753
10850.6,453753
10850.8,453753
10851.5,453753
10851.3,453753
10851.2,453753
10850.9,453753
10851.5,453753
10851,453753
10851.3,453753
10851.1,453753
10851,453753
10851.4,453753
10850.6,453753
10851.1,453753
10851.5,453753
10850.9,453753
10851.2,453753
10850.9,453753
10850.9,453753
10851,453753
10851.2,453753
10850.9,453753
10851.4,453753
10850.5,453753
10851.1,453753
10851.3,453753
10851,453753
10850.9,453753
10850.6,453753
10851.1,453753
10851.3,453753
10850.4,453753
10850.8,453753
10851.1,453753
10851.1,453753
10850.6,453753
10850.8,453753
10850.9,453753
10851,453753
10850.9,453753
10850.8,453546
