TRACE,NSNPS_JACKKNIFE
10855.7,453753
10855.6,453753
10855.2,453753
10855.6,453753
10855.5,453753
10855.1,453753
10854.6,453753
10855.2,453753
10855.3,453753
10855.5,453753
10855.5,453753
10855.4,453753
10855.2,453753
10855.4,453753
10855.2,453753
10855,453753
10854.9,453753
10854.5,453753
10854.7,453753
10855.2,453753
10855.4,453753
10855.3,453753
10855,453753
10855.5,453753
10854.8,453753
10855.4,453753
10855.1,453753
10855,453753
10855.1,453753
10855,453753
10854.8,453753
10854.8,453753
10855.1,453753
10855.3,453753
10855.4,453753
10855,453753
10855.3,453753
10855.3,453753
10855.3,453753
10855.5,453753
10855.5,453753
10855.4,453753
10854.8,453753
10854.4,453753
10854.7,453753
10855.4,453753
10855.1,453753
10855.6,453753
10855.2,453753
10855.8,453753
10855.4,453753
10855.3,453753
10854.8,453753
10855,453753
10854.8,453753
10854.8,453753
10854.8,453753
10854.7,453753
10855,453753
10855.2,453753
10855,453753
10854.9,453753
10855.4,453753
10855.1,453753
10855.1,453753
10855.4,453753
10855.2,453753
10855.4,453753
10855.2,453753
10855.1,453753
10855,453753
10855,453753
10855.6,453753
10855.3,453753
10855,453753
10855.1,453753
10855.3,453753
10855.4,453753
10855.3,453753
10855.5,453753
10854.8,453753
10854.9,453753
10855.6,453753
10855.1,453753
10855.8,453753
10855.3,453753
10855.3,453753
10855,453753
10855.2,453753
10855.3,453753
10854.9,453753
10854.3,453753
10855.6,453753
10853.9,453753
10855.4,453753
10854.7,453753
10855,453753
10855.2,453753
10855.4,453753
10855.7,453753
10855,453753
10855.3,453753
10855.2,453753
10854.9,453753
10855.1,453753
10855.2,453753
10855,453753
10855.4,453753
10855.3,453753
10854.9,453753
10855.1,453753
10855.3,453753
10854.7,453753
10855.1,453753
10854.8,453753
10855.5,453753
10854.9,453753
10855.3,453753
10854.8,453753
10855.3,453753
10855.2,453753
10855.5,453753
10855.1,453753
10855.3,453753
10855.4,453753
10855,453753
10855,453753
10854.9,453753
10854.9,453753
10855,453753
10854.9,453753
10855.1,453753
10854.8,453753
10855.3,453753
10855.2,453753
10855,453753
10855.4,453753
10855.7,453753
10855.6,453753
10855.2,453753
10854.7,453753
10855,453753
10855.3,453753
10855.2,453753
10854.6,453753
10855.5,453753
10854.9,453753
10855.7,453753
10855,453753
10855.8,453753
10854.9,453753
10855.4,453753
10855.1,453753
10855.2,453753
10855,453753
10855.4,453753
10855.1,453753
10855.3,453753
10855.3,453753
10855.7,453753
10855,453753
10854.7,453753
10855.6,453753
10855.6,453753
10855.6,453753
10855.2,453753
10855.3,453753
10855.1,453753
10855.2,453753
10855.2,453753
10855,453753
10855.4,453753
10855.3,453753
10855.6,453753
10855.5,453753
10855.4,453753
10855,453753
10854.9,453753
10855.4,453753
10855.8,453753
10855.1,453753
10853.4,453753
10853.4,453753
10854.8,453753
10855.1,453753
10855.4,453753
10855.6,453753
10855.1,453753
10855.3,453753
10855.2,453753
10855.8,453753
10855.4,453753
10855,453753
10854.6,453753
10854.3,453753
10854.5,453753
10854.1,453753
10854.9,453753
10855,453753
10855.8,453753
10855.2,453753
10855.5,453753
10854.7,453753
10854.7,453753
10855,453753
10855.5,453753
10855.3,453753
10854.9,453753
10855.4,453753
10855.1,453753
10855.5,453753
10855.3,453753
10855.5,453753
10855.4,453753
10854.6,453753
10855.4,453753
10854.6,453753
10855.1,453753
10855.1,453753
10854.6,453753
10855.7,453753
10855.5,453753
10855,453753
10855.4,453753
10855.2,453753
10854.7,453753
10855.6,453753
10855.6,453753
10855.5,453753
10855.5,453753
10855.5,453753
10855.3,453753
10855.1,453753
10855.4,453753
10855.9,453753
10855.2,453753
10855,453753
10855.3,453753
10855.4,453753
10854.8,453753
10854.9,453753
10854.7,453753
10855.3,453753
10855.3,453753
10855.3,453753
10855.4,453753
10855,453753
10855.4,453753
10855.5,453753
10854.6,453753
10854.4,453753
10855.4,453753
10855.2,453753
10855.2,453753
10855.1,453753
10855.5,453753
10854.8,453753
10855.3,453753
10854.9,453753
10854.9,453753
10855.2,453753
10855.1,453753
10854.1,453753
10854.5,453753
10854.6,453753
10855,453753
10854.9,453753
10854.5,453753
10855.6,453753
10854.9,453753
10855,453753
10854.2,453753
10855,453753
10854.5,453753
10855,453753
10855,453753
10855.3,453753
10855.2,453753
10854.6,453753
10855,453753
10855.4,453753
10855.1,453753
10855,453753
10854.7,453753
10855.1,453753
10855.1,453753
10855.6,453753
10855,453753
10855.6,453753
10855.2,453753
10855.4,453753
10855.4,453753
10855.4,453753
10855.8,453753
10855.3,453753
10855.8,453753
10855,453753
10855.2,453753
10855.5,453753
10855.6,453753
10855.2,453753
10855.6,453753
10855.2,453753
10855.3,453753
10855.4,453753
10855.1,453753
10855.2,453753
10855.4,453753
10855.6,453753
10855.3,453753
10855.2,453753
10855,453753
10854.9,453753
10855,453753
10853.9,453753
10855.3,453753
10855,453753
10855.3,453753
10855.6,453753
10855.7,453753
10855.4,453753
10855.4,453753
10855,453753
10854.9,453753
10854.8,453753
10855,453753
10854.7,453753
10854.8,453753
10853.9,453753
10855.5,453753
10854.3,453753
10854.8,453753
10855.3,453753
10855.1,453753
10855.2,453753
10855.3,453753
10854.5,453753
10854.8,453753
10855.1,453753
10855.5,453753
10854.9,453753
10855.1,453753
10855,453753
10854.3,453753
10855.2,453753
10854.4,453753
10855,453753
10855.7,453753
10854.9,453753
10853.1,453753
10855.2,453753
10854.9,453753
10855,453753
10855.6,453753
10855.4,453753
10854.9,453753
10855.7,453753
10855.3,453753
10855.3,453753
10855.2,453753
10855.5,453753
10855.6,453753
10854.9,453753
10855.4,453753
10854.9,453753
10855.2,453753
10854.8,453753
10855.6,453753
10854.9,453753
10855.2,453753
10855.4,453753
10855.4,453753
10855.2,453753
10855.5,453753
10855,453753
10855,453753
10855.2,453753
10853.9,453753
10854.8,453753
10854.6,453753
10854.2,453753
10854.7,453753
10855.2,453753
10854.9,453753
10854.9,453753
10854.7,453753
10854.7,453753
10854.4,453753
10855.3,453753
10855.5,453753
10855,453753
10854.6,453753
10854.6,453753
10855.2,453753
10855.5,453753
10855.1,453753
10855,453753
10854.7,453753
10855.1,453753
10855.5,453753
10855.4,453753
10855.5,453753
10855.7,453753
10854.8,453753
10855.8,453753
10854,453753
10855,453753
10854.9,453753
10855.2,453753
10855.7,453753
10855.6,453753
10855.2,453753
10855.1,453753
10855,453753
10855.3,453753
10855.8,453753
10855.3,453753
10855.3,453753
10854.8,453753
10854.8,453753
10855.4,453753
10855.2,453753
10855.1,453753
10855.4,453753
10855.3,453753
10854.9,453753
10854.9,453753
10855.1,453753
10855.4,453753
10855.3,453753
10855.4,453753
10855.2,453753
10854.4,453753
10854.9,453753
10855.2,453753
10855.3,453753
10855.4,453753
10854.9,453753
10854.5,453753
10854.9,453753
10855,453753
10855.3,453753
10854.2,453753
10854.9,453753
10854.8,453753
10855.1,453753
10855.3,453753
10855.4,453753
10855.3,453753
10854.2,453753
10855,453753
10855.2,453753
10854.6,453753
10855.3,453753
10855.2,453753
10854.9,453753
10855.4,453753
10854.8,453753
10854.8,453753
10854.5,453753
10855,453753
10855.3,453753
10855.6,453753
10855.1,453753
10855.6,453753
10855.5,453753
10855,453753
10855.2,453753
10855.2,453753
10854.6,453753
10855.6,453753
10855.5,453753
10855.5,453753
10855,453753
10855,453753
10854.8,453753
10855.1,453753
10855.2,453753
10855.3,453753
10854.7,453753
10852.5,453753
10853.1,453753
10855.3,453753
10855.3,453753
10855.2,453753
10855.2,453753
10855.6,453753
10855.1,453753
10855.4,453753
10855,453753
10855.4,453753
10855,453753
10855,453753
10854.8,453753
10854.6,453753
10854.7,453753
10855.4,453753
10855.4,453753
10855.3,453753
10855,453753
10854.9,453753
10855,453753
10855,453753
10855.3,453753
10855,453753
10855.5,453753
10854.5,453753
10854.8,453753
10854.9,453753
10855.1,453753
10855,453753
10855,453753
10854.7,453753
10854.6,453753
10855.3,453753
10855.6,453753
10855,453753
10855.1,453753
10855.3,453753
10855.3,453753
10855.2,453753
10855.3,453753
10855.2,453753
10855.9,453753
10855.4,453753
10855.1,453753
10855.1,453753
10855.4,453753
10855.7,453753
10855.5,453753
10855.2,453753
10855.2,453753
10855.1,453753
10855.6,453753
10855.2,453753
10854.7,453753
10855.1,453753
10855.1,453753
10855.3,453753
10855,453753
10855.2,453753
10854.6,453753
10854.3,453753
10855.7,453753
10854.9,453753
10855,453753
10855.7,453753
10855.3,453753
10854.6,453753
10855.3,453753
10855.5,453753
10855.2,453753
10854.9,453753
10854.5,453753
10854.4,453753
10855.3,453753
10855.1,453753
10855,453753
10855.1,453753
10855.1,453753
10854.8,453753
10855,453753
10854.9,453753
10855.3,453753
10855.1,453753
10855.3,453753
10855.3,453753
10855.3,453753
10855.3,453753
10855.5,453753
10855.6,453753
10855.1,453753
10855.2,453753
10855.7,453753
10855.3,453753
10855.2,453753
10855,453753
10855.3,453753
10855.1,453753
10855.2,453753
10855.5,453753
10855.3,453753
10855.2,453753
10855,453753
10855.2,453753
10854.8,453753
10855.4,453753
10854.9,453753
10854.6,453753
10854.1,453753
10854.8,453753
10855.3,453753
10855.7,453753
10855,453753
10855.3,453753
10855.1,453753
10855.3,453753
10855,453753
10855.3,453753
10855,453753
10853.6,453753
10855.3,453753
10855.1,453753
10855.1,453753
10855.1,453753
10855.1,453753
10854.5,453753
10855.1,453753
10855,453753
10854.9,453753
10855,453753
10855,453753
10855.3,453753
10855.3,453753
10855.6,453753
10855.3,453753
10855.4,453753
10855.2,453753
10855.6,453753
10854.9,453753
10855.5,453753
10855.3,453753
10854.9,453753
10853.9,453753
10855,453753
10854.6,453753
10854.4,453753
10854.4,453753
10855.3,453753
10855,453753
10855.5,453753
10855,453753
10855.3,453753
10855.3,453753
10855.1,453753
10854.5,453753
10854.9,453753
10855,453753
10855.5,453753
10854.7,453753
10855.7,453753
10854.9,453753
10849.8,453753
10841.6,453753
10852.2,453753
10854.4,453753
10855,453753
10854.2,453753
10855.6,453753
10855.3,453753
10854.9,453753
10855.2,453753
10855.1,453753
10854,453753
10854.8,453753
10854.8,453753
10855.4,453753
10855.3,453753
10855,453753
10855.3,453753
10855.3,453753
10855.2,453753
10855.2,453753
10855.1,453753
10855.1,453753
10855.1,453753
10855.7,453753
10856,453753
10854.5,453753
10855.9,453753
10855.2,453753
10855.3,453753
10855.3,453753
10855.5,453753
10855.5,453753
10855.2,453753
10855.6,453753
10855.4,453753
10855.2,453753
10855.2,453753
10855.3,453753
10854.9,453753
10855.1,453753
10855.2,453753
10855.7,453753
10855.3,453753
10854.4,453753
10854.8,453753
10853.7,453753
10854.5,453753
10855.3,453753
10855,453753
10855.7,453753
10855.3,453753
10854.9,453753
10855,453753
10855,453753
10855.3,453753
10855.6,453753
10855.4,453753
10855,453753
10855.5,453753
10854.6,453753
10855.1,453753
10855.3,453753
10855.6,453753
10854.7,453753
10855.1,453753
10855.3,453753
10855.1,453753
10855,453753
10854.5,453753
10854.8,453753
10855.4,453753
10855.4,453753
10855.3,453753
10854.2,453753
10855.3,453753
10855.3,453753
10855.4,453753
10855.3,453753
10855.5,453753
10855,453753
10855.3,453753
10855.3,453753
10855.2,453753
10855.8,453753
10855.6,453753
10855.2,453753
10855.7,453753
10855.1,453753
10855.1,453753
10855.3,453753
10855.2,453753
10855.4,453753
10854.7,453753
10855.4,453753
10855.1,453753
10854.9,453753
10855.7,453753
10855.3,453753
10855.2,453753
10855.8,453753
10855.1,453753
10854.8,453753
10855.3,453753
10855.6,453753
10855.6,453753
10855.3,453753
10855.7,453753
10855.5,453753
10855,453753
10855.6,453753
10855.4,453753
10855.5,453753
10855.1,453753
10855.5,453753
10855.3,453753
10855.1,453753
10855.2,453753
10855.3,453753
10855.5,453753
10855.3,453753
10855.6,453753
10855.1,453753
10855.1,453753
10855.3,453753
10854.4,453753
10855.1,453753
10854.9,453753
10854.8,453753
10855.1,453753
10854.8,453753
10854.9,453753
10854.7,453753
10855.1,453753
10854.8,453753
10855.1,453753
10855.3,453753
10855.2,453753
10854.8,453753
10855.4,453753
10855.4,453753
10854.9,453753
10855.5,453753
10855.5,453753
10855.8,453753
10855.4,453753
10855.3,453753
10855.2,453753
10855.6,453753
10855.4,453753
10855.1,453753
10854.7,453753
10855.6,453753
10855.4,453753
10854.9,453753
10855.2,453753
10855.3,453753
10854.4,453753
10855.3,453753
10855.5,453753
10855.2,453753
10855.8,453753
10855,453753
10855.3,453753
10855.2,453753
10854.7,453753
10854.4,453753
10855.1,453753
10855.2,453753
10854.1,453753
10855.5,453753
10855.5,453753
10855,453753
10855.2,453753
10855.5,453753
10855.6,453753
10855.2,453753
10854.7,453753
10855.3,453753
10855.1,453753
10855.6,453753
10855.5,453753
10855.1,453753
10855.4,453753
10855.2,453753
10855.4,453753
10854.9,453753
10855.6,453753
10855.2,453753
10855.3,453753
10855.5,453753
10854.9,453753
10855,453753
10855.1,453753
10855,453753
10855.4,453753
10855.4,453753
10855.4,453753
10855.3,453753
10855.2,453753
10854.6,453753
10854.6,453753
10854.9,453753
10855.1,453753
10855,453753
10855.5,453753
10855.2,453753
10855.7,453753
10855,453753
10854.7,453753
10855.1,453753
10855.2,453753
10854.2,453753
10855.1,453753
10855.9,453753
10855.4,453753
10855,453753
10855.2,453753
10855.5,453753
10855.2,453753
10855.3,453753
10855.1,453753
10855,453753
10854.7,453753
10855.1,453753
10855.2,453753
10855.4,453753
10854.5,453753
10854.1,453753
10854.3,453753
10855.2,453753
10855.2,453753
10855.4,453753
10854.7,453753
10855.1,453753
10855.6,453753
10855.1,453753
10855.3,453753
10855.5,453753
10854.7,453753
10855.1,453753
10855.3,453753
10855,453753
10854.7,453753
10855.2,453753
10855.6,453753
10855.8,453753
10855.3,453753
10855.4,453753
10855.9,453753
10856,453753
10855.4,453753
10855.4,453753
10855.3,453753
10855.6,453753
10855.4,453753
10855.1,453753
10855.2,453753
10855.2,453753
10855.1,453753
10855.4,453753
10854.7,453753
10855,453753
10855.4,453753
10855,453753
10855.3,453753
10855,453753
10854.9,453753
10855.5,453753
10855.4,453753
10855.2,453753
10855.3,453753
10855.2,453753
10855.3,453753
10855.4,453753
10855.4,453753
10855.3,453753
10855.7,453753
10855.2,453753
10855.4,453753
10854.3,453753
10855.5,453753
10855.4,453753
10855.3,453753
10855.1,453753
10854.6,453753
10855.4,453753
10855.5,453753
10854.7,453753
10854.7,453753
10854.9,453753
10855.4,453753
10853.7,453753
10855.1,453753
10855.1,453753
10855.2,453753
10855.2,453753
10855.5,453753
10853.7,453753
10854.9,453753
10854.7,453753
10855.6,453753
10855.3,453753
10855.2,453753
10855.4,453753
10855.6,453753
10855.4,453753
10855.2,453753
10855.4,453753
10855.3,453753
10855.1,453753
10855.4,453753
10855.2,453753
10854.3,453753
10854.2,453753
10855.3,453753
10855.1,453753
10855.5,453753
10855.2,453753
10855,453753
10855.3,453753
10855.3,453753
10855.3,453753
10855.5,453753
10855.4,453753
10855.4,453753
10855.1,453753
10854.6,453753
10855.2,453753
10855.3,453753
10854.7,453753
10855,453753
10855.8,453753
10855,453753
10855.5,453753
10855,453753
10854.9,453753
10854.9,453753
10855.2,453753
10855.8,453753
10855,453753
10854.8,453753
10854.7,453753
10855.2,453753
10855.5,453753
10855.3,453753
10855.6,453753
10855.1,453753
10854.8,453753
10855.5,453753
10855.4,453753
10855.3,453753
10855.5,453753
10854.7,453753
10855.3,453753
10855.3,453753
10855.4,453753
10855.5,453546
