TRACE,NSNPS_JACKKNIFE
10889.6,453753
10889.8,453753
10888.9,453753
10889.5,453753
10889.2,453753
10889.4,453753
10889.1,453753
10889.1,453753
10889.4,453753
10888.7,453753
10889.6,453753
10889,453753
10889.6,453753
10889.6,453753
10889.8,453753
10888.8,453753
10888.9,453753
10888.8,453753
10889.1,453753
10889.5,453753
10889.2,453753
10889.7,453753
10889.3,453753
10889.7,453753
10889.7,453753
10889.5,453753
10889,453753
10889.2,453753
10889.2,453753
10889.3,453753
10889.4,453753
10889.3,453753
10889.9,453753
10889.1,453753
10889.2,453753
10889.4,453753
10889.5,453753
10888.9,453753
10889.1,453753
10889.3,453753
10889.6,453753
10889.3,453753
10889.2,453753
10889.1,453753
10889.1,453753
10889.5,453753
10889.2,453753
10889.3,453753
10889.3,453753
10889.7,453753
10889.7,453753
10888.7,453753
10889.7,453753
10889.1,453753
10889.2,453753
10889.3,453753
10889.7,453753
10889.1,453753
10889.7,453753
10888.7,453753
10889.4,453753
10889.4,453753
10889.5,453753
10889.1,453753
10889.3,453753
10889.4,453753
10889.5,453753
10889.8,453753
10888.9,453753
10889.2,453753
10889.1,453753
10889.3,453753
10889.8,453753
10889.8,453753
10889.7,453753
10889.2,453753
10889.9,453753
10889.6,453753
10889.6,453753
10888.7,453753
10889.5,453753
10889.7,453753
10889.3,453753
10889.5,453753
10889.4,453753
10889.3,453753
10889.4,453753
10889.6,453753
10889.8,453753
10889.4,453753
10889.4,453753
10889,453753
10889.5,453753
10887.8,453753
10889.7,453753
10889.2,453753
10889.1,453753
10888.9,453753
10889.2,453753
10889.5,453753
10889.1,453753
10889.9,453753
10889.3,453753
10889.4,453753
10889.1,453753
10889,453753
10889.3,453753
10889.1,453753
10888.9,453753
10889.3,453753
10889.5,453753
10889.2,453753
10889,453753
10889.4,453753
10889.3,453753
10888.8,453753
10889.1,453753
10889.4,453753
10889.7,453753
10889.3,453753
10889.4,453753
10889.7,453753
10889.3,453753
10889.2,453753
10889.1,453753
10889.3,453753
10889.1,453753
10889,453753
10889.4,453753
10889.6,453753
10889.3,453753
10889.5,453753
10889.4,453753
10889,453753
10889,453753
10889.5,453753
10889.6,453753
10889.5,453753
10888.9,453753
10889.3,453753
10889,453753
10888.4,453753
10889.3,453753
10889.5,453753
10889.3,453753
10889.1,453753
10889,453753
10889.4,453753
10889.6,453753
10889.7,453753
10889.5,453753
10889.7,453753
10889.3,453753
10889.7,453753
10889.3,453753
10889.8,453753
10889.5,453753
10889.3,453753
10889.6,453753
10889.4,453753
10889.6,453753
10889,453753
10889.5,453753
10889.8,453753
10889.4,453753
10889.7,453753
10889.7,453753
10889.6,453753
10889.6,453753
10889.7,453753
10889.7,453753
10889.4,453753
10889.6,453753
10889.3,453753
10889.1,453753
10889.4,453753
10889.2,453753
10889.3,453753
10889.8,453753
10889.4,453753
10889.2,453753
10887.4,453753
10887,453753
10889.2,453753
10889.4,453753
10889.6,453753
10889.8,453753
10889.1,453753
10889.6,453753
10889.5,453753
10889.4,453753
10889.1,453753
10888.8,453753
10888.6,453753
10889.2,453753
10888.3,453753
10888.7,453753
10888.6,453753
10889.5,453753
10889.2,453753
10889.3,453753
10889.4,453753
10889.5,453753
10888.6,453753
10889.5,453753
10889.2,453753
10889.1,453753
10889.5,453753
10889.4,453753
10889.3,453753
10889.3,453753
10889.4,453753
10889.5,453753
10889.4,453753
10889.4,453753
10889.5,453753
10888.8,453753
10889.2,453753
10889.1,453753
10888.5,453753
10889.9,453753
10889.1,453753
10889.5,453753
10890,453753
10889.7,453753
10889.7,453753
10889.4,453753
10889.3,453753
10889.1,453753
10889.6,453753
10889.1,453753
10889,453753
10888.9,453753
10889.7,453753
10889.6,453753
10889.5,453753
10889.4,453753
10889.5,453753
10889.7,453753
10889.4,453753
10889.4,453753
10889.5,453753
10889,453753
10889.4,453753
10889.6,453753
10889.5,453753
10888.7,453753
10890.1,453753
10889.7,453753
10889.2,453753
10889.2,453753
10889.3,453753
10889.4,453753
10889.1,453753
10888.8,453753
10889.4,453753
10888.8,453753
10889.5,453753
10888.7,453753
10889.4,453753
10889.4,453753
10888.8,453753
10888.4,453753
10889.7,453753
10889.2,453753
10889.4,453753
10889.4,453753
10889.1,453753
10889.2,453753
10889.2,453753
10889.1,453753
10888,453753
10889.2,453753
10888.8,453753
10888.8,453753
10888.8,453753
10889.6,453753
10889.2,453753
10889.6,453753
10888.9,453753
10889.3,453753
10888.8,453753
10889.4,453753
10889.5,453753
10889.6,453753
10890.1,453753
10889.7,453753
10889.4,453753
10889.3,453753
10889.4,453753
10889.4,453753
10889.6,453753
10889.4,453753
10890.1,453753
10889.9,453753
10889.4,453753
10888.7,453753
10889.5,453753
10889.7,453753
10889.5,453753
10889.3,453753
10889.5,453753
10889.7,453753
10889.1,453753
10889.5,453753
10888.9,453753
10888.8,453753
10889.3,453753
10889.5,453753
10889.2,453753
10889.3,453753
10889.2,453753
10889.4,453753
10888.6,453753
10888.6,453753
10889,453753
10889.3,453753
10889.3,453753
10889.2,453753
10889.3,453753
10888.7,453753
10889.7,453753
10889.1,453753
10889.3,453753
10889.4,453753
10889,453753
10889.3,453753
10889.1,453753
10889,453753
10889.4,453753
10888.2,453753
10889.4,453753
10889.5,453753
10889.4,453753
10889,453753
10889.7,453753
10889.2,453753
10889.2,453753
10889.5,453753
10888.9,453753
10888.3,453753
10889.5,453753
10888.6,453753
10888.3,453753
10889.6,453753
10889.6,453753
10889.1,453753
10889.4,453753
10889.2,453753
10887.4,453753
10889,453753
10889.4,453753
10889.2,453753
10889.8,453753
10890,453753
10889.9,453753
10889.9,453753
10889.7,453753
10889.2,453753
10889.8,453753
10889.9,453753
10889.3,453753
10889.6,453753
10889.5,453753
10888.7,453753
10889.8,453753
10889.8,453753
10889.9,453753
10889.1,453753
10889.3,453753
10889.4,453753
10889.4,453753
10889.6,453753
10889.5,453753
10889.3,453753
10889.1,453753
10889.3,453753
10888.7,453753
10888.7,453753
10888.8,453753
10888,453753
10888.4,453753
10889,453753
10889,453753
10889.1,453753
10888.5,453753
10888.6,453753
10889,453753
10889.5,453753
10889.5,453753
10889.6,453753
10888.9,453753
10888.9,453753
10889.1,453753
10889.4,453753
10889.3,453753
10889.4,453753
10888.8,453753
10889.4,453753
10889.2,453753
10889,453753
10889.3,453753
10888.9,453753
10889.2,453753
10889.8,453753
10889.3,453753
10889.8,453753
10889.6,453753
10889.6,453753
10889.6,453753
10889.4,453753
10889.3,453753
10889.4,453753
10889.4,453753
10889.5,453753
10889.8,453753
10889.6,453753
10889.1,453753
10889.6,453753
10889.1,453753
10889,453753
10889.6,453753
10889.4,453753
10888.9,453753
10889.5,453753
10889.7,453753
10889.1,453753
10889.5,453753
10889.5,453753
10889.7,453753
10889.1,453753
10889.4,453753
10889.3,453753
10890.1,453753
10889.4,453753
10889.5,453753
10889.8,453753
10889.6,453753
10889.3,453753
10889.3,453753
10889.1,453753
10889.5,453753
10888.2,453753
10889.2,453753
10889.4,453753
10889.6,453753
10889.2,453753
10889.8,453753
10889.3,453753
10888.8,453753
10889.7,453753
10889.5,453753
10889.3,453753
10888.8,453753
10889.7,453753
10889.4,453753
10889.3,453753
10889.4,453753
10889.5,453753
10889.6,453753
10889.1,453753
10889.5,453753
10889.5,453753
10889.3,453753
10889.8,453753
10889.5,453753
10889.7,453753
10889.9,453753
10889.6,453753
10889.3,453753
10890,453753
10889.8,453753
10889.2,453753
10889,453753
10888.7,453753
10889.6,453753
10889.3,453753
10889.6,453753
10889.6,453753
10888.8,453753
10887.1,453753
10887.7,453753
10888.8,453753
10889.7,453753
10889.3,453753
10889.6,453753
10889.7,453753
10889.6,453753
10889.5,453753
10889.6,453753
10889.5,453753
10888.7,453753
10889.5,453753
10889.2,453753
10888.5,453753
10888.6,453753
10889.7,453753
10889.3,453753
10889.4,453753
10889.8,453753
10889.2,453753
10889.1,453753
10889.6,453753
10889.5,453753
10889.1,453753
10889.1,453753
10889,453753
10889.3,453753
10889.2,453753
10888.8,453753
10889.1,453753
10890,453753
10889.3,453753
10888.6,453753
10888.6,453753
10889.7,453753
10889.6,453753
10889.7,453753
10889.5,453753
10889.9,453753
10889.3,453753
10889.5,453753
10889.6,453753
10889.3,453753
10889.9,453753
10889.5,453753
10889.6,453753
10889.3,453753
10889.2,453753
10889.3,453753
10889.8,453753
10889.4,453753
10889.4,453753
10889.3,453753
10889.6,453753
10888.9,453753
10889.3,453753
10889.3,453753
10889.9,453753
10889,453753
10889.3,453753
10888.7,453753
10888.5,453753
10889.7,453753
10889.4,453753
10889.6,453753
10889.8,453753
10889.8,453753
10889.3,453753
10890.1,453753
10889.2,453753
10889.6,453753
10889.5,453753
10889.2,453753
10889,453753
10889.7,453753
10889.2,453753
10889.3,453753
10889.5,453753
10889.2,453753
10888.7,453753
10889.5,453753
10889.3,453753
10889.7,453753
10889.4,453753
10889.3,453753
10889.3,453753
10889.4,453753
10889.4,453753
10889.7,453753
10889.7,453753
10889.2,453753
10889.1,453753
10889.5,453753
10889.3,453753
10889.9,453753
10889.4,453753
10889.6,453753
10889.3,453753
10889.9,453753
10889.9,453753
10889.8,453753
10889.3,453753
10889.3,453753
10889.7,453753
10889.4,453753
10889.6,453753
10889.2,453753
10888.8,453753
10888.2,453753
10889.4,453753
10889.4,453753
10889.8,453753
10889.1,453753
10888.8,453753
10889.4,453753
10889.3,453753
10889.4,453753
10889.6,453753
10889.4,453753
10885,453753
10889.7,453753
10889.3,453753
10889.1,453753
10889.8,453753
10889.2,453753
10889.6,453753
10889.9,453753
10889.1,453753
10888.8,453753
10889.5,453753
10888.8,453753
10889.3,453753
10889.3,453753
10890,453753
10889.6,453753
10889.7,453753
10889.6,453753
10889.5,453753
10889.4,453753
10889.7,453753
10889.5,453753
10889.1,453753
10888.2,453753
10889.5,453753
10889.1,453753
10888.6,453753
10889.6,453753
10889.2,453753
10889.6,453753
10889.1,453753
10889.8,453753
10889.5,453753
10889.6,453753
10889.6,453753
10889.4,453753
10889,453753
10889.5,453753
10889.2,453753
10889.3,453753
10889,453753
10889.3,453753
10884.9,453753
10878.4,453753
10887.1,453753
10889.2,453753
10888.8,453753
10889,453753
10889.5,453753
10888.8,453753
10889.4,453753
10889.1,453753
10889.4,453753
10888.9,453753
10889.2,453753
10888.9,453753
10889.6,453753
10889.7,453753
10889.6,453753
10889.4,453753
10889.7,453753
10889.2,453753
10889,453753
10889.5,453753
10889.4,453753
10889.3,453753
10889.7,453753
10889.5,453753
10889.8,453753
10889.9,453753
10889.8,453753
10889.7,453753
10889.7,453753
10889.5,453753
10889.4,453753
10889.3,453753
10889.7,453753
10889.2,453753
10888.7,453753
10889.7,453753
10889.2,453753
10889.6,453753
10889.4,453753
10889.7,453753
10889.3,453753
10889.5,453753
10889.1,453753
10889.2,453753
10887.7,453753
10889.5,453753
10889.5,453753
10888.8,453753
10889.8,453753
10889.1,453753
10889.5,453753
10889.9,453753
10889.6,453753
10889.5,453753
10889.7,453753
10889.5,453753
10889.5,453753
10890,453753
10888,453753
10889.2,453753
10890.1,453753
10889.6,453753
10889.4,453753
10889.8,453753
10889.2,453753
10888.9,453753
10889.2,453753
10889.1,453753
10889.1,453753
10889.7,453753
10889.8,453753
10889.6,453753
10888.7,453753
10889.9,453753
10889.6,453753
10889.6,453753
10889.4,453753
10889.7,453753
10889.4,453753
10889.2,453753
10889.2,453753
10889.3,453753
10890,453753
10889.6,453753
10889.7,453753
10889.5,453753
10889.7,453753
10889.7,453753
10889.7,453753
10889.6,453753
10888.8,453753
10889.3,453753
10888.4,453753
10889.4,453753
10889.3,453753
10889.1,453753
10889.7,453753
10889.6,453753
10889.4,453753
10889.8,453753
10889.5,453753
10889.3,453753
10889,453753
10889.4,453753
10888.8,453753
10889.4,453753
10889.4,453753
10889.2,453753
10890.1,453753
10889.6,453753
10889.2,453753
10889.3,453753
10889.4,453753
10889.3,453753
10889.5,453753
10889.6,453753
10889.6,453753
10889.1,453753
10889.4,453753
10889.1,453753
10889.5,453753
10889.1,453753
10889.3,453753
10889,453753
10889.4,453753
10889.1,453753
10889.4,453753
10889.2,453753
10889.3,453753
10889.2,453753
10889.4,453753
10889.4,453753
10888.8,453753
10889.9,453753
10889,453753
10889.4,453753
10889.6,453753
10889.1,453753
10889.2,453753
10889.8,453753
10889.7,453753
10889.7,453753
10889.7,453753
10889.2,453753
10890,453753
10889.5,453753
10889.3,453753
10889.5,453753
10889.4,453753
10890,453753
10889.5,453753
10889.7,453753
10889,453753
10889.4,453753
10889.4,453753
10889.1,453753
10889.4,453753
10889.3,453753
10889.4,453753
10889.4,453753
10889.6,453753
10889.4,453753
10889.6,453753
10888.9,453753
10888.5,453753
10889.2,453753
10889.6,453753
10888.6,453753
10890,453753
10889.6,453753
10889.5,453753
10889.5,453753
10889.5,453753
10889.7,453753
10889.3,453753
10889.3,453753
10889.1,453753
10889,453753
10889.2,453753
10889.6,453753
10889.2,453753
10890,453753
10889.5,453753
10889.5,453753
10889.5,453753
10890.1,453753
10889.9,453753
10889.6,453753
10889.7,453753
10889.4,453753
10889.5,453753
10889.5,453753
10889.5,453753
10889.5,453753
10889.3,453753
10889.5,453753
10889.6,453753
10889.1,453753
10889.3,453753
10889,453753
10888.7,453753
10889.1,453753
10889.6,453753
10889.7,453753
10889.6,453753
10889.2,453753
10889.4,453753
10889.5,453753
10889.6,453753
10889,453753
10889,453753
10889.7,453753
10889.4,453753
10889.1,453753
10889.6,453753
10890,453753
10889.6,453753
10889.5,453753
10889.4,453753
10889.4,453753
10888.6,453753
10889.5,453753
10889.7,453753
10889.5,453753
10889.7,453753
10888.9,453753
10888.9,453753
10888.4,453753
10889.3,453753
10889.6,453753
10889.9,453753
10889,453753
10889.4,453753
10889.8,453753
10889.2,453753
10889.4,453753
10889.5,453753
10889.5,453753
10890.1,453753
10889.6,453753
10889.3,453753
10889.3,453753
10889.1,453753
10889.6,453753
10889.6,453753
10889.6,453753
10889.7,453753
10889.6,453753
10889.5,453753
10889.7,453753
10889.3,453753
10889.1,453753
10889.3,453753
10889.4,453753
10889.4,453753
10889.5,453753
10888.9,453753
10888.8,453753
10889.4,453753
10889.6,453753
10889.1,453753
10889.3,453753
10889.2,453753
10889.9,453753
10889.7,453753
10889.3,453753
10889.6,453753
10889.7,453753
10889.7,453753
10889.2,453753
10889.5,453753
10888.9,453753
10889.4,453753
10890.2,453753
10889.8,453753
10889.2,453753
10889.6,453753
10889.3,453753
10888.1,453753
10889.2,453753
10889.4,453753
10889.3,453753
10889.8,453753
10888,453753
10889.1,453753
10889.4,453753
10889.4,453753
10888.8,453753
10889.2,453753
10889.3,453753
10889.4,453753
10889.3,453753
10889.5,453753
10889.6,453753
10889,453753
10889.7,453753
10888,453753
10889,453753
10889.4,453753
10889.4,453753
10889.3,453753
10889.5,453753
10889.7,453753
10889.6,453753
10889.6,453753
10889.6,453753
10889.4,453753
10889.6,453753
10890.1,453753
10888.8,453753
10889.3,453753
10888.5,453753
10888.1,453753
10889.8,453753
10889.2,453753
10889.8,453753
10889,453753
10889.5,453753
10889.5,453753
10889.6,453753
10889.9,453753
10889.1,453753
10889.6,453753
10889.6,453753
10889.6,453753
10889.4,453753
10889.4,453753
10889.8,453753
10889.9,453753
10889.1,453753
10889.4,453753
10889.5,453753
10889.3,453753
10889.1,453753
10890.3,453753
10889.8,453753
10889.4,453753
10889.6,453753
10889.1,453753
10889.4,453753
10889.3,453753
10889.2,453753
10889.8,453753
10889.5,453753
10889.5,453753
10889.7,453753
10889.2,453753
10889.2,453753
10889.6,453753
10889.4,453753
10889,453753
10889.2,453753
10889.6,453753
10889.4,453753
10889.4,453753
10889.7,453546
