TRACE,NSNPS_JACKKNIFE
10854.1,453753
10854.2,453753
10854.3,453753
10854.1,453753
10854.1,453753
10854.5,453753
10853.9,453753
10853.7,453753
10854.1,453753
10853.7,453753
10853.8,453753
10853.5,453753
10854,453753
10853.6,453753
10854,453753
10854.1,453753
10853.4,453753
10853.5,453753
10853.2,453753
10854,453753
10853.8,453753
10854.2,453753
10854.2,453753
10853.5,453753
10853.9,453753
10854,453753
10853.8,453753
10853.6,453753
10854.1,453753
10854,453753
10854.2,453753
10854,453753
10853.7,453753
10853.8,453753
10854.1,453753
10854.5,453753
10854.1,453753
10854.1,453753
10853.8,453753
10854,453753
10854,453753
10854.1,453753
10853.9,453753
10853.8,453753
10853.5,453753
10853.6,453753
10853.8,453753
10853.9,453753
10854.2,453753
10854.2,453753
10854.3,453753
10854.2,453753
10853.7,453753
10853.8,453753
10853.6,453753
10854,453753
10854.3,453753
10853.3,453753
10853.8,453753
10853.7,453753
10853.8,453753
10854.2,453753
10854.3,453753
10853.7,453753
10854.2,453753
10854.4,453753
10854,453753
10854.5,453753
10853.4,453753
10853.8,453753
10853.5,453753
10854,453753
10854,453753
10854.3,453753
10854.6,453753
10854.4,453753
10854,453753
10853.9,453753
10854.1,453753
10854.3,453753
10854,453753
10854.4,453753
10854.1,453753
10853.8,453753
10854.4,453753
10854.5,453753
10854.1,453753
10854.6,453753
10854.2,453753
10854.2,453753
10853.8,453753
10853.7,453753
10854,453753
10853.2,453753
10853.9,453753
10853,453753
10854.1,453753
10853.8,453753
10853.6,453753
10853.9,453753
10853.3,453753
10854.3,453753
10853.9,453753
10853.3,453753
10854,453753
10853.8,453753
10854,453753
10854.1,453753
10854.2,453753
10853.8,453753
10854.2,453753
10854.1,453753
10853.7,453753
10852.9,453753
10853.8,453753
10853.6,453753
10853.9,453753
10854.3,453753
10854.1,453753
10853.8,453753
10854.1,453753
10854.2,453753
10854.1,453753
10854.1,453753
10854.3,453753
10853.4,453753
10854.1,453753
10853.9,453753
10854.1,453753
10854.2,453753
10854.2,453753
10853.9,453753
10853.8,453753
10853.8,453753
10853.9,453753
10853.8,453753
10854.4,453753
10854.3,453753
10853.5,453753
10854.2,453753
10853.2,453753
10853.1,453753
10853.9,453753
10853.5,453753
10853.3,453753
10853.8,453753
10854.4,453753
10853.6,453753
10854.4,453753
10853.7,453753
10853.9,453753
10853.8,453753
10854.1,453753
10854,453753
10854.3,453753
10853.8,453753
10854.3,453753
10854.1,453753
10854.2,453753
10854,453753
10854,453753
10853.7,453753
10854.3,453753
10854.3,453753
10854.3,453753
10854.3,453753
10854,453753
10853.7,453753
10853.7,453753
10853.8,453753
10853.9,453753
10854,453753
10854.2,453753
10854.1,453753
10853.8,453753
10853.9,453753
10854.2,453753
10854,453753
10853.9,453753
10854,453753
10853.8,453753
10852.2,453753
10852.1,453753
10854.1,453753
10854.1,453753
10854,453753
10854.1,453753
10854,453753
10854.4,453753
10854,453753
10853.9,453753
10854.4,453753
10853.6,453753
10853.5,453753
10853.1,453753
10852.7,453753
10852.8,453753
10853.7,453753
10854.1,453753
10853.8,453753
10853.9,453753
10854.2,453753
10853.7,453753
10853.7,453753
10853.8,453753
10854,453753
10853.6,453753
10853.6,453753
10854,453753
10853.6,453753
10853.7,453753
10854.5,453753
10853.9,453753
10854,453753
10853.7,453753
10854,453753
10852.7,453753
10852.9,453753
10853.9,453753
10853,453753
10853.9,453753
10854,453753
10854.3,453753
10853.6,453753
10853.9,453753
10854.3,453753
10854,453753
10854.1,453753
10854.1,453753
10854,453753
10853.4,453753
10854.2,453753
10854.1,453753
10854.3,453753
10853.9,453753
10853.9,453753
10853.5,453753
10854.3,453753
10853.7,453753
10853.8,453753
10854.5,453753
10853.9,453753
10853.8,453753
10854.2,453753
10854.2,453753
10854.2,453753
10854,453753
10854,453753
10854.2,453753
10853.6,453753
10854.1,453753
10854,453753
10853.7,453753
10854.3,453753
10853.7,453753
10854,453753
10853.8,453753
10853.8,453753
10853.6,453753
10853.8,453753
10854.2,453753
10853,453753
10852.9,453753
10853.9,453753
10853.9,453753
10853.8,453753
10853.8,453753
10853.6,453753
10853.9,453753
10853.5,453753
10853.6,453753
10853.2,453753
10853.9,453753
10854.2,453753
10854.2,453753
10853.8,453753
10853.9,453753
10853.6,453753
10853.9,453753
10853.6,453753
10854,453753
10853.6,453753
10854,453753
10854,453753
10854.1,453753
10854,453753
10853.7,453753
10854,453753
10854.1,453753
10853.7,453753
10854.2,453753
10854.1,453753
10854.5,453753
10854.6,453753
10854.2,453753
10854.3,453753
10853.6,453753
10854.3,453753
10854.3,453753
10854.2,453753
10854.4,453753
10854.2,453753
10854.6,453753
10854,453753
10854,453753
10854.3,453753
10854.2,453753
10854.1,453753
10853.7,453753
10854.1,453753
10854.1,453753
10853.6,453753
10853.8,453753
10853.5,453753
10852.8,453753
10853.7,453753
10854.4,453753
10853.9,453753
10853.4,453753
10853.9,453753
10853.8,453753
10854.1,453753
10854,453753
10854.4,453753
10853.6,453753
10853.7,453753
10853.8,453753
10854,453753
10853.7,453753
10853.7,453753
10852.9,453753
10854.3,453753
10853.7,453753
10854.2,453753
10854.2,453753
10854.1,453753
10853.9,453753
10854.2,453753
10854.1,453753
10854,453753
10853.9,453753
10853.8,453753
10852.7,453753
10853.7,453753
10853.9,453753
10854.2,453753
10853.8,453753
10853.8,453753
10853.7,453753
10851.9,453753
10854.5,453753
10854.2,453753
10854.2,453753
10853.9,453753
10854,453753
10854,453753
10854.3,453753
10854.4,453753
10854.4,453753
10854.3,453753
10854.2,453753
10854.4,453753
10854.1,453753
10854.1,453753
10854.5,453753
10854.3,453753
10854.2,453753
10853.5,453753
10854,453753
10854.4,453753
10854.1,453753
10853.9,453753
10854.1,453753
10854.3,453753
10854.3,453753
10854,453753
10853.5,453753
10852.4,453753
10853.3,453753
10854,453753
10852.1,453753
10853.3,453753
10853.2,453753
10853.8,453753
10853.7,453753
10853.5,453753
10853.7,453753
10853.1,453753
10853.5,453753
10853.6,453753
10853.9,453753
10853.9,453753
10853.7,453753
10854.1,453753
10853.4,453753
10852.8,453753
10853.9,453753
10853.9,453753
10853.6,453753
10854.8,453753
10854.3,453753
10854.2,453753
10854,453753
10854.2,453753
10854.1,453753
10853.2,453753
10853.7,453753
10854,453753
10853.7,453753
10853.6,453753
10854.1,453753
10854.7,453753
10854.1,453753
10853.9,453753
10853.9,453753
10854,453753
10854.5,453753
10853.6,453753
10853.3,453753
10853.8,453753
10854.1,453753
10854.5,453753
10854,453753
10853.9,453753
10854,453753
10854,453753
10854.1,453753
10854,453753
10853.6,453753
10853.8,453753
10854,453753
10854.3,453753
10853.5,453753
10853.7,453753
10853.9,453753
10854.2,453753
10854.3,453753
10854.1,453753
10853.7,453753
10853.6,453753
10854.1,453753
10853.8,453753
10852.6,453753
10853.8,453753
10854.1,453753
10854,453753
10854.1,453753
10854.4,453753
10853.9,453753
10853.9,453753
10853.8,453753
10853.7,453753
10852.9,453753
10854.3,453753
10854,453753
10854.1,453753
10853.9,453753
10853.7,453753
10853.5,453753
10853.9,453753
10853.4,453753
10853.9,453753
10854.2,453753
10853.9,453753
10854.3,453753
10853.8,453753
10854.1,453753
10853.9,453753
10854,453753
10853.8,453753
10854.3,453753
10854.3,453753
10853.9,453753
10854.2,453753
10853.7,453753
10854,453753
10853.4,453753
10853.9,453753
10853.7,453753
10853.3,453753
10852.3,453753
10852.3,453753
10854.6,453753
10854.6,453753
10854,453753
10853.9,453753
10854.3,453753
10854,453753
10853.9,453753
10854,453753
10853.9,453753
10854,453753
10854,453753
10854.3,453753
10853.3,453753
10854.3,453753
10854.5,453753
10853.5,453753
10853.7,453753
10854.2,453753
10853.9,453753
10854.1,453753
10854.2,453753
10854,453753
10853.8,453753
10854.2,453753
10853.6,453753
10854.1,453753
10853.3,453753
10853.9,453753
10853.7,453753
10854.2,453753
10854,453753
10853.6,453753
10853.5,453753
10854.3,453753
10853.7,453753
10853.8,453753
10854.1,453753
10854.1,453753
10854.3,453753
10853.9,453753
10854.2,453753
10854.3,453753
10854.2,453753
10854.2,453753
10853.8,453753
10854.3,453753
10854.3,453753
10853.9,453753
10854.2,453753
10854.2,453753
10854.1,453753
10854.2,453753
10853.9,453753
10854,453753
10854.1,453753
10853.7,453753
10854.4,453753
10854.2,453753
10854,453753
10853.6,453753
10853.1,453753
10854.1,453753
10853.7,453753
10854.3,453753
10854.6,453753
10853.7,453753
10854,453753
10854,453753
10853.8,453753
10853.9,453753
10854,453753
10853.6,453753
10853.8,453753
10853.8,453753
10854.1,453753
10853.7,453753
10854.1,453753
10853.7,453753
10854.1,453753
10854.5,453753
10854,453753
10854.3,453753
10854.1,453753
10853.8,453753
10853.8,453753
10854.4,453753
10854.2,453753
10853.9,453753
10854,453753
10854.3,453753
10854.4,453753
10854,453753
10854,453753
10854,453753
10854.4,453753
10854.3,453753
10853.8,453753
10854.5,453753
10854.1,453753
10853.8,453753
10853.9,453753
10853.7,453753
10854,453753
10854.3,453753
10854.1,453753
10854.1,453753
10853.6,453753
10853.4,453753
10853.8,453753
10854,453753
10854.2,453753
10854.4,453753
10853.8,453753
10853.1,453753
10854.2,453753
10853.6,453753
10853.9,453753
10853,453753
10852.7,453753
10853.7,453753
10854.2,453753
10854.3,453753
10854.2,453753
10854.2,453753
10853.6,453753
10853.8,453753
10853.8,453753
10853.8,453753
10853.9,453753
10854.1,453753
10854,453753
10854.2,453753
10854.3,453753
10854,453753
10853.7,453753
10853.4,453753
10853.9,453753
10854.1,453753
10854.4,453753
10853.8,453753
10853.5,453753
10852.9,453753
10854.2,453753
10853.4,453753
10853.2,453753
10853.6,453753
10853.2,453753
10854.5,453753
10853.6,453753
10854,453753
10854.4,453753
10854.3,453753
10854.3,453753
10853.8,453753
10853.9,453753
10854.4,453753
10854.4,453753
10854,453753
10853.9,453753
10853.6,453753
10849.5,453753
10841.6,453753
10851.8,453753
10853.1,453753
10854.1,453753
10853.6,453753
10853.8,453753
10853.3,453753
10853.8,453753
10854.1,453753
10854,453753
10853.5,453753
10854.1,453753
10853.6,453753
10854.1,453753
10853.9,453753
10854.2,453753
10853.5,453753
10853.4,453753
10853.8,453753
10853.5,453753
10854.1,453753
10853.9,453753
10854.6,453753
10854.5,453753
10854.2,453753
10853.8,453753
10854.1,453753
10854.1,453753
10853.9,453753
10853.9,453753
10854.2,453753
10854,453753
10854.1,453753
10854,453753
10854.1,453753
10853.8,453753
10853.6,453753
10854.4,453753
10853.9,453753
10853.8,453753
10853.8,453753
10854.4,453753
10853.6,453753
10853.8,453753
10854,453753
10851.8,453753
10854.3,453753
10854,453753
10853.5,453753
10854,453753
10854.1,453753
10853.9,453753
10854.3,453753
10854.2,453753
10854.3,453753
10853.7,453753
10854.1,453753
10853.9,453753
10854.3,453753
10854,453753
10853.4,453753
10854.3,453753
10853.8,453753
10854.2,453753
10854,453753
10854,453753
10853.3,453753
10853.8,453753
10854,453753
10853.5,453753
10854.5,453753
10854.4,453753
10854.2,453753
10853.6,453753
10854.3,453753
10853.8,453753
10854.2,453753
10854.4,453753
10854.3,453753
10854,453753
10854.3,453753
10854.7,453753
10853.6,453753
10854.1,453753
10854.2,453753
10853.9,453753
10854.2,453753
10854.3,453753
10854.1,453753
10853.6,453753
10854,453753
10854.1,453753
10853.6,453753
10853.7,453753
10854.4,453753
10853.5,453753
10853.6,453753
10853.6,453753
10854.1,453753
10853.9,453753
10854.2,453753
10853.7,453753
10853.9,453753
10853.9,453753
10853.9,453753
10853.7,453753
10854.1,453753
10854.1,453753
10853.7,453753
10854.4,453753
10854.1,453753
10853.6,453753
10853.6,453753
10854.2,453753
10853.9,453753
10854.3,453753
10854.1,453753
10854,453753
10854,453753
10854.1,453753
10853.9,453753
10854,453753
10853.7,453753
10853.9,453753
10852.8,453753
10853.7,453753
10853.7,453753
10853.8,453753
10854.2,453753
10853.6,453753
10853.6,453753
10854.3,453753
10853.9,453753
10853.8,453753
10853.9,453753
10853.6,453753
10853.7,453753
10853.7,453753
10854.1,453753
10854.2,453753
10853.7,453753
10853.4,453753
10854.1,453753
10854.1,453753
10854.5,453753
10854.4,453753
10853.8,453753
10853.7,453753
10854.3,453753
10854.6,453753
10853.8,453753
10854.1,453753
10854.3,453753
10854.2,453753
10853.7,453753
10854.2,453753
10853.8,453753
10853.9,453753
10853.7,453753
10854.6,453753
10854,453753
10853.8,453753
10853.8,453753
10854,453753
10852.8,453753
10852.9,453753
10853.5,453753
10854,453753
10852.8,453753
10853.8,453753
10853.8,453753
10854.1,453753
10854.2,453753
10854.5,453753
10854.4,453753
10854.1,453753
10854,453753
10854.2,453753
10853.1,453753
10853.6,453753
10854.3,453753
10854.3,453753
10854,453753
10854,453753
10854.2,453753
10854.2,453753
10854.3,453753
10853.3,453753
10853.6,453753
10854.3,453753
10853.8,453753
10853.7,453753
10854.2,453753
10854.1,453753
10853.8,453753
10854,453753
10854.2,453753
10854.3,453753
10853.9,453753
10853.9,453753
10853.2,453753
10854,453753
10854,453753
10854.3,453753
10854.1,453753
10854.3,453753
10854.6,453753
10854.5,453753
10854,453753
10854,453753
10853.7,453753
10853,453753
10853.8,453753
10854.3,453753
10854.1,453753
10854.2,453753
10854,453753
10854.3,453753
10854.2,453753
10854,453753
10853.8,453753
10853.8,453753
10854.2,453753
10853.9,453753
10854.1,453753
10854.2,453753
10853,453753
10853.8,453753
10852.9,453753
10854.2,453753
10853.7,453753
10854.5,453753
10853.4,453753
10854.2,453753
10853.6,453753
10854.4,453753
10854.1,453753
10854.5,453753
10854,453753
10854.2,453753
10854.6,453753
10854,453753
10853.7,453753
10853.9,453753
10854.4,453753
10854.3,453753
10854.4,453753
10854.4,453753
10854.3,453753
10854.4,453753
10854.1,453753
10854.2,453753
10854,453753
10854.1,453753
10854.3,453753
10854,453753
10854.2,453753
10853.9,453753
10854,453753
10854,453753
10854.1,453753
10853.6,453753
10853.3,453753
10854.2,453753
10853.9,453753
10854.1,453753
10854.1,453753
10854.4,453753
10854.2,453753
10854.3,453753
10854,453753
10853.9,453753
10853.9,453753
10853.7,453753
10854.5,453753
10854.6,453753
10854.3,453753
10853.8,453753
10854.1,453753
10853.4,453753
10853.7,453753
10854.1,453753
10853.8,453753
10853.6,453753
10852.5,453753
10854,453753
10853.7,453753
10853.3,453753
10852.8,453753
10853.6,453753
10853.9,453753
10852.7,453753
10853.9,453753
10854.3,453753
10854.2,453753
10854,453753
10854.6,453753
10852.4,453753
10853.7,453753
10853.8,453753
10854,453753
10854,453753
10854,453753
10854.4,453753
10854.1,453753
10854.7,453753
10854.3,453753
10853.7,453753
10854.2,453753
10853.9,453753
10854.3,453753
10853.8,453753
10853.6,453753
10853.5,453753
10854.1,453753
10854.1,453753
10854.3,453753
10853.7,453753
10854,453753
10853.9,453753
10854.1,453753
10854.2,453753
10853.9,453753
10854.4,453753
10854.3,453753
10854.5,453753
10853.3,453753
10854.1,453753
10854.3,453753
10854.1,453753
10854,453753
10854,453753
10854.2,453753
10854.2,453753
10854.2,453753
10853.7,453753
10853.7,453753
10853.8,453753
10854.2,453753
10853.8,453753
10854.5,453753
10853.8,453753
10854.3,453753
10854,453753
10854.2,453753
10854.3,453753
10854.1,453753
10853.4,453753
10853.9,453753
10854.1,453753
10853.7,453753
10853.4,453753
10853.6,453753
10854.1,453753
10853.7,453753
10854.2,453753
10854.6,453546
