TRACE,NSNPS_JACKKNIFE
10839.4,453753
10839.4,453753
10839.5,453753
10839.2,453753
10839.1,453753
10839.1,453753
10839,453753
10838.7,453753
10838.9,453753
10839.1,453753
10839.5,453753
10839,453753
10839.4,453753
10839.2,453753
10839.1,453753
10839.7,453753
10839.2,453753
10837.9,453753
10838.2,453753
10839,453753
10839.1,453753
10839.3,453753
10839.3,453753
10839,453753
10839.3,453753
10838.9,453753
10839.4,453753
10838.7,453753
10839.5,453753
10839.2,453753
10839.3,453753
10839.3,453753
10838.9,453753
10839.4,453753
10839.2,453753
10839.4,453753
10839,453753
10838.9,453753
10838.7,453753
10839.4,453753
10839.2,453753
10839.1,453753
10838.8,453753
10839.4,453753
10839,453753
10838.7,453753
10839.2,453753
10839.3,453753
10839.7,453753
10839.6,453753
10839.3,453753
10838.3,453753
10838.2,453753
10839.2,453753
10838.9,453753
10839.3,453753
10839.1,453753
10838.6,453753
10839,453753
10838.5,453753
10839.3,453753
10838.9,453753
10839.5,453753
10839.4,453753
10838.9,453753
10839.3,453753
10839,453753
10838.6,453753
10839,453753
10839.1,453753
10838.8,453753
10839.4,453753
10839.1,453753
10839.1,453753
10839.1,453753
10839.4,453753
10839.1,453753
10839.2,453753
10839,453753
10839.5,453753
10838.6,453753
10839.3,453753
10839.2,453753
10840,453753
10839.2,453753
10839.3,453753
10839.2,453753
10839.7,453753
10839,453753
10839.2,453753
10838.5,453753
10838.4,453753
10839.3,453753
10837.3,453753
10839.3,453753
10839,453753
10839.3,453753
10839.6,453753
10839.2,453753
10839.1,453753
10838.6,453753
10839.1,453753
10839.3,453753
10838.7,453753
10838.5,453753
10839.1,453753
10838.9,453753
10838.9,453753
10839.1,453753
10838.8,453753
10839.1,453753
10838.8,453753
10838.8,453753
10838.8,453753
10838.8,453753
10838.6,453753
10838.8,453753
10839,453753
10838.8,453753
10839,453753
10839,453753
10839.4,453753
10838.8,453753
10839.3,453753
10839,453753
10838.9,453753
10838.9,453753
10838.5,453753
10838.7,453753
10839.3,453753
10838.5,453753
10839.1,453753
10838.9,453753
10839.2,453753
10838.9,453753
10838.9,453753
10839.2,453753
10839.7,453753
10839,453753
10838.8,453753
10838.8,453753
10838,453753
10838.8,453753
10839,453753
10839.2,453753
10839.1,453753
10839.2,453753
10839.2,453753
10839.2,453753
10838.6,453753
10839.8,453753
10839.4,453753
10839.5,453753
10839.1,453753
10839,453753
10839.2,453753
10839.1,453753
10839.3,453753
10839.1,453753
10839.5,453753
10839.5,453753
10839,453753
10838.9,453753
10839.4,453753
10839.3,453753
10839.5,453753
10839.3,453753
10839.5,453753
10839.5,453753
10839,453753
10839.1,453753
10839.4,453753
10839.1,453753
10838.7,453753
10839.1,453753
10838.8,453753
10839.1,453753
10839.2,453753
10839.4,453753
10839,453753
10838.9,453753
10837.4,453753
10837.5,453753
10838.8,453753
10838.7,453753
10839,453753
10839.1,453753
10839.2,453753
10839.2,453753
10839.2,453753
10839.2,453753
10839.2,453753
10838.8,453753
10837.9,453753
10838.2,453753
10838.4,453753
10838,453753
10839,453753
10839.1,453753
10838.9,453753
10838.6,453753
10839.1,453753
10839.6,453753
10838.8,453753
10839.2,453753
10839.2,453753
10838.6,453753
10839.2,453753
10838.8,453753
10838.5,453753
10839,453753
10839.2,453753
10838.7,453753
10839.2,453753
10839,453753
10839,453753
10838.3,453753
10837.8,453753
10838.4,453753
10838.5,453753
10839.5,453753
10839.2,453753
10839.2,453753
10839,453753
10839.4,453753
10839.1,453753
10838.9,453753
10839.4,453753
10839.1,453753
10839.3,453753
10838.8,453753
10838.8,453753
10838.9,453753
10839.2,453753
10839.7,453753
10838.9,453753
10838.9,453753
10838.9,453753
10838.7,453753
10839.3,453753
10838.9,453753
10839.2,453753
10839.1,453753
10839.2,453753
10839.4,453753
10838.9,453753
10838.8,453753
10839.1,453753
10839,453753
10838.6,453753
10838.6,453753
10839.2,453753
10839.2,453753
10838.8,453753
10839.3,453753
10839.1,453753
10839.2,453753
10839.2,453753
10838.5,453753
10839.3,453753
10839,453753
10839.2,453753
10838.4,453753
10839,453753
10838.8,453753
10839,453753
10838.7,453753
10837.7,453753
10839.1,453753
10839.2,453753
10839.2,453753
10838.7,453753
10838.9,453753
10839,453753
10838.6,453753
10838.5,453753
10839,453753
10839.2,453753
10839.1,453753
10838.7,453753
10838.9,453753
10838.8,453753
10839.4,453753
10839.1,453753
10838.8,453753
10839.3,453753
10839.1,453753
10839.1,453753
10839,453753
10839,453753
10839.1,453753
10839.3,453753
10839.3,453753
10838.9,453753
10839.5,453753
10838.8,453753
10838.9,453753
10839.5,453753
10839.5,453753
10839.5,453753
10839.2,453753
10839.1,453753
10839.2,453753
10839,453753
10839.3,453753
10839.1,453753
10839.1,453753
10839,453753
10838.7,453753
10839.3,453753
10839.1,453753
10838.3,453753
10838.8,453753
10838,453753
10838.3,453753
10838.9,453753
10839.4,453753
10839.5,453753
10839.2,453753
10839.5,453753
10839.3,453753
10839,453753
10839.1,453753
10839.1,453753
10839.1,453753
10838.3,453753
10838.7,453753
10839.5,453753
10839.4,453753
10838.9,453753
10837.9,453753
10839.2,453753
10838.7,453753
10839.2,453753
10838.8,453753
10839.2,453753
10838.6,453753
10839.1,453753
10839.4,453753
10838.8,453753
10838.7,453753
10838.5,453753
10838.3,453753
10838.1,453753
10838.8,453753
10839.5,453753
10839.4,453753
10839,453753
10839.6,453753
10837.4,453753
10839,453753
10839,453753
10839.4,453753
10839.5,453753
10839.5,453753
10839.1,453753
10839.7,453753
10839.4,453753
10839.3,453753
10838.9,453753
10839.1,453753
10839,453753
10839.1,453753
10838.9,453753
10839.4,453753
10839.4,453753
10839.3,453753
10839.1,453753
10838.8,453753
10838.9,453753
10838.7,453753
10838.7,453753
10839,453753
10839.2,453753
10838.6,453753
10838.8,453753
10838.9,453753
10838.4,453753
10839.4,453753
10838.6,453753
10836.5,453753
10838.1,453753
10838.6,453753
10839,453753
10838.8,453753
10838.9,453753
10838.4,453753
10838.6,453753
10839.4,453753
10838.6,453753
10839.2,453753
10838.9,453753
10838.3,453753
10839,453753
10838.7,453753
10839.1,453753
10838.7,453753
10839.2,453753
10838.7,453753
10839.1,453753
10838.9,453753
10839.1,453753
10838.9,453753
10838.9,453753
10840.1,453753
10838.4,453753
10839.4,453753
10839.3,453753
10839,453753
10839.1,453753
10839.1,453753
10839.3,453753
10839.2,453753
10839.4,453753
10839.4,453753
10839.5,453753
10838.8,453753
10839.1,453753
10838.9,453753
10838.8,453753
10839,453753
10839,453753
10839.5,453753
10839,453753
10839.2,453753
10839.5,453753
10839.4,453753
10839.3,453753
10838.9,453753
10838.9,453753
10838.9,453753
10839.4,453753
10837.6,453753
10839.2,453753
10839.1,453753
10839.7,453753
10838.6,453753
10838.9,453753
10838.8,453753
10839.3,453753
10838.7,453753
10838.3,453753
10838.9,453753
10839.1,453753
10839.6,453753
10839,453753
10839,453753
10839.3,453753
10838.7,453753
10838.5,453753
10839,453753
10839.2,453753
10838.4,453753
10838.5,453753
10838.7,453753
10839.6,453753
10839.1,453753
10839,453753
10839,453753
10838.9,453753
10839.4,453753
10839.2,453753
10839.4,453753
10838.9,453753
10838.7,453753
10839.1,453753
10838.7,453753
10839.1,453753
10839.4,453753
10839,453753
10839.5,453753
10839.1,453753
10839.1,453753
10838.7,453753
10838.4,453753
10838.5,453753
10838.8,453753
10838.9,453753
10839.2,453753
10838.5,453753
10836.8,453753
10837.3,453753
10839.2,453753
10839.2,453753
10839.4,453753
10839.2,453753
10838.9,453753
10838.6,453753
10839.6,453753
10838.7,453753
10839.2,453753
10838.6,453753
10839.6,453753
10839.4,453753
10837.9,453753
10838.8,453753
10838.8,453753
10839.3,453753
10838.7,453753
10838.6,453753
10838.6,453753
10838.9,453753
10839.7,453753
10838.7,453753
10838.9,453753
10838.8,453753
10839,453753
10838.5,453753
10839.2,453753
10839,453753
10839.1,453753
10838.6,453753
10839.1,453753
10838.8,453753
10839,453753
10839.3,453753
10839.1,453753
10839.3,453753
10839,453753
10839.1,453753
10838.7,453753
10839.5,453753
10839.2,453753
10838.8,453753
10838.4,453753
10838.6,453753
10839,453753
10838.6,453753
10839.2,453753
10839.4,453753
10839.1,453753
10839.3,453753
10839.1,453753
10839,453753
10839.4,453753
10839.7,453753
10839.4,453753
10839.5,453753
10839.5,453753
10839.3,453753
10838.8,453753
10838.4,453753
10838.3,453753
10839.2,453753
10838.8,453753
10839,453753
10839.1,453753
10838.9,453753
10838.7,453753
10839,453753
10839.3,453753
10839.1,453753
10838.9,453753
10838.1,453753
10838.8,453753
10839.2,453753
10839.1,453753
10839.4,453753
10839.5,453753
10839.1,453753
10838.9,453753
10839.3,453753
10839.3,453753
10839.3,453753
10838.8,453753
10839.1,453753
10839.7,453753
10839.7,453753
10839.2,453753
10839,453753
10839.1,453753
10839,453753
10839.4,453753
10838.9,453753
10839.2,453753
10838.8,453753
10838.8,453753
10839.3,453753
10839,453753
10839.2,453753
10839,453753
10839.4,453753
10839.1,453753
10839.2,453753
10839.5,453753
10839.3,453753
10839,453753
10838.4,453753
10839.3,453753
10838.7,453753
10838.9,453753
10839.2,453753
10839.1,453753
10839,453753
10839.4,453753
10839.3,453753
10838.8,453753
10838.8,453753
10839.1,453753
10838.8,453753
10838.1,453753
10839.1,453753
10839.1,453753
10838.7,453753
10839.4,453753
10838.7,453753
10838.9,453753
10839,453753
10839,453753
10838.2,453753
10838.8,453753
10839.1,453753
10839.2,453753
10839.3,453753
10838.9,453753
10839.5,453753
10838.9,453753
10838.9,453753
10839.3,453753
10839.7,453753
10839,453753
10838.9,453753
10838.6,453753
10838.1,453753
10839.2,453753
10838.7,453753
10838.7,453753
10839.2,453753
10838.5,453753
10839.3,453753
10838.8,453753
10839.2,453753
10839.3,453753
10839.4,453753
10839,453753
10839.2,453753
10839,453753
10839.6,453753
10839.2,453753
10839.1,453753
10838.9,453753
10838.8,453753
10832.9,453753
10824,453753
10836.8,453753
10838.6,453753
10838.4,453753
10839.1,453753
10839.2,453753
10839.4,453753
10839.2,453753
10839.6,453753
10839.4,453753
10838.4,453753
10838.8,453753
10838.6,453753
10838.4,453753
10839.1,453753
10839.1,453753
10839.2,453753
10839.2,453753
10839,453753
10839,453753
10839,453753
10838.9,453753
10839,453753
10839.5,453753
10839.4,453753
10839,453753
10839.5,453753
10839.7,453753
10839.4,453753
10839.2,453753
10838.9,453753
10839.2,453753
10838.9,453753
10839.4,453753
10838.7,453753
10839.2,453753
10839.2,453753
10839.4,453753
10839.4,453753
10838.7,453753
10839.1,453753
10838.9,453753
10839,453753
10839.3,453753
10838.6,453753
10837.9,453753
10839.7,453753
10839.2,453753
10838.9,453753
10839,453753
10839.2,453753
10838.3,453753
10838.8,453753
10839.5,453753
10839,453753
10839.2,453753
10839.1,453753
10838.9,453753
10839.2,453753
10838.9,453753
10838.7,453753
10839.5,453753
10839.4,453753
10838.6,453753
10839.2,453753
10839.1,453753
10839.3,453753
10839.4,453753
10838.8,453753
10839.1,453753
10839.5,453753
10838.9,453753
10838.9,453753
10838.5,453753
10839,453753
10839.7,453753
10839.3,453753
10839.6,453753
10838.8,453753
10839.1,453753
10839.3,453753
10839.2,453753
10839.2,453753
10839.5,453753
10839,453753
10839,453753
10839,453753
10839,453753
10839.2,453753
10839.4,453753
10839.2,453753
10838.9,453753
10838.5,453753
10838.9,453753
10839.6,453753
10839.4,453753
10838.7,453753
10839.3,453753
10839.2,453753
10838.7,453753
10839,453753
10839,453753
10838.6,453753
10839.2,453753
10839.1,453753
10839.2,453753
10838.9,453753
10839.4,453753
10839.4,453753
10839.4,453753
10839.1,453753
10838.9,453753
10838.8,453753
10839.1,453753
10838.8,453753
10839.3,453753
10839.1,453753
10839.6,453753
10839.1,453753
10839.6,453753
10839.5,453753
10838.7,453753
10839,453753
10838.8,453753
10838.6,453753
10839,453753
10839.6,453753
10838.6,453753
10839.3,453753
10838.9,453753
10839.1,453753
10839.2,453753
10838.9,453753
10838.7,453753
10839,453753
10839.3,453753
10839,453753
10839.3,453753
10839.2,453753
10839.1,453753
10838.9,453753
10839.2,453753
10839.1,453753
10839.5,453753
10839.4,453753
10839.3,453753
10838.6,453753
10839.2,453753
10839.5,453753
10839.4,453753
10839.5,453753
10839.4,453753
10839.4,453753
10839.3,453753
10838.6,453753
10839.4,453753
10838.6,453753
10838.9,453753
10839.1,453753
10839.1,453753
10838.9,453753
10839.3,453753
10839.5,453753
10839.4,453753
10839,453753
10838.7,453753
10838.7,453753
10839.3,453753
10838.4,453753
10839.2,453753
10839,453753
10839.3,453753
10839.3,453753
10839.3,453753
10839.3,453753
10839.3,453753
10839.1,453753
10838.8,453753
10838.8,453753
10839.4,453753
10839.4,453753
10839.6,453753
10839.6,453753
10839,453753
10839.5,453753
10839,453753
10839.6,453753
10839,453753
10838.8,453753
10839.1,453753
10838.9,453753
10838.5,453753
10839.4,453753
10839.4,453753
10839.2,453753
10839.3,453753
10839.3,453753
10839.1,453753
10839,453753
10838.4,453753
10838.4,453753
10838.9,453753
10839,453753
10839.1,453753
10839.6,453753
10839.1,453753
10839.7,453753
10838.9,453753
10839.3,453753
10839.5,453753
10839.2,453753
10838.6,453753
10839.5,453753
10839.4,453753
10839.3,453753
10838.8,453753
10839.5,453753
10839.1,453753
10839.4,453753
10839,453753
10838.6,453753
10839.3,453753
10839.1,453753
10839.3,453753
10838.8,453753
10839.3,453753
10838.9,453753
10838.9,453753
10838.4,453753
10839.4,453753
10839.3,453753
10839.3,453753
10838.8,453753
10839.6,453753
10839.4,453753
10839.3,453753
10839.2,453753
10839.6,453753
10839.2,453753
10839,453753
10839.5,453753
10839.4,453753
10838.8,453753
10838.7,453753
10839.3,453753
10839.3,453753
10839.3,453753
10839.1,453753
10839.1,453753
10838.7,453753
10839.2,453753
10838.8,453753
10839.3,453753
10838.9,453753
10839,453753
10838.9,453753
10839,453753
10838.6,453753
10838.9,453753
10839,453753
10839,453753
10838.4,453753
10839,453753
10839.2,453753
10839.2,453753
10839.1,453753
10839.3,453753
10839.4,453753
10839.4,453753
10839.5,453753
10838.9,453753
10839.4,453753
10839.1,453753
10839.5,453753
10839,453753
10839.4,453753
10839.4,453753
10839.3,453753
10839,453753
10837.9,453753
10838.9,453753
10839.5,453753
10839.1,453753
10838.4,453753
10838.1,453753
10838.8,453753
10839.1,453753
10839,453753
10838.3,453753
10838.4,453753
10838.3,453753
10838.1,453753
10839.1,453753
10839.1,453753
10839.3,453753
10839.1,453753
10839,453753
10837.9,453753
10838.2,453753
10838.4,453753
10839.1,453753
10839.6,453753
10838.9,453753
10839.1,453753
10839.6,453753
10839.2,453753
10839.4,453753
10839.6,453753
10839.1,453753
10839.4,453753
10839.2,453753
10839.6,453753
10838.4,453753
10838.5,453753
10839.1,453753
10838.5,453753
10839.5,453753
10839.3,453753
10839.6,453753
10839.4,453753
10839.2,453753
10839.8,453753
10839.5,453753
10839.4,453753
10839.4,453753
10839.7,453753
10839,453753
10839.3,453753
10839.1,453753
10838.9,453753
10839.2,453753
10839.7,453753
10839.1,453753
10839.3,453753
10839.2,453753
10838.6,453753
10839.1,453753
10839.3,453753
10839.6,453753
10839.4,453753
10839,453753
10838.7,453753
10839.4,453753
10839,453753
10838.8,453753
10839.2,453753
10839.2,453753
10838.4,453753
10839.1,453753
10838.9,453753
10839.6,453753
10838.3,453753
10838.3,453753
10839.2,453753
10839.2,453753
10839,453753
10840.2,453546
