TRACE,NSNPS_JACKKNIFE
10874.9,453753
10875,453753
10875.2,453753
10875,453753
10875.2,453753
10874.7,453753
10874.9,453753
10875,453753
10874.5,453753
10874.8,453753
10875,453753
10874.5,453753
10874.7,453753
10874.6,453753
10875,453753
10875.1,453753
10874.7,453753
10874.5,453753
10874.4,453753
10874.5,453753
10874.8,453753
10874.8,453753
10874.8,453753
10874.9,453753
10875.1,453753
10874.8,453753
10874.3,453753
10874.5,453753
10875,453753
10874.9,453753
10875.2,453753
10874.4,453753
10874.5,453753
10874.8,453753
10875.2,453753
10874.5,453753
10874.7,453753
10874.9,453753
10874.9,453753
10875.1,453753
10874.8,453753
10874.6,453753
10875,453753
10874,453753
10874.6,453753
10874.7,453753
10874.5,453753
10874.6,453753
10874.9,453753
10874.9,453753
10875,453753
10873.8,453753
10875.1,453753
10874.6,453753
10874.2,453753
10874.8,453753
10874.5,453753
10874.2,453753
10874.9,453753
10874.6,453753
10874.4,453753
10874.9,453753
10874.6,453753
10874.8,453753
10874.9,453753
10874.5,453753
10874.9,453753
10874.5,453753
10874.2,453753
10874.6,453753
10874.6,453753
10875,453753
10874.4,453753
10874.9,453753
10874.7,453753
10874.7,453753
10874.6,453753
10874.5,453753
10874.6,453753
10874.5,453753
10874.8,453753
10874.5,453753
10875,453753
10874.7,453753
10874.9,453753
10875.3,453753
10874.9,453753
10875.1,453753
10874.8,453753
10874.5,453753
10874.4,453753
10874.3,453753
10874.9,453753
10873.5,453753
10874.8,453753
10874.5,453753
10874.7,453753
10874.7,453753
10874.7,453753
10875.1,453753
10874.3,453753
10874.4,453753
10874.9,453753
10874.3,453753
10874.5,453753
10874.6,453753
10874.8,453753
10875,453753
10875,453753
10874.5,453753
10874.6,453753
10874.8,453753
10874.6,453753
10874.5,453753
10874.8,453753
10875.1,453753
10874.8,453753
10874.7,453753
10874.7,453753
10874.1,453753
10874.8,453753
10875,453753
10874.6,453753
10874.7,453753
10875,453753
10875.1,453753
10874.5,453753
10874.7,453753
10874.9,453753
10874.8,453753
10874.4,453753
10874.7,453753
10874.5,453753
10874.5,453753
10874.7,453753
10874.5,453753
10874.7,453753
10874.9,453753
10874.1,453753
10874.7,453753
10874.1,453753
10874.2,453753
10875,453753
10874.7,453753
10874.4,453753
10874.3,453753
10874.7,453753
10875.1,453753
10874.8,453753
10874.7,453753
10875.1,453753
10874.8,453753
10875.2,453753
10874.9,453753
10874.6,453753
10875.1,453753
10874.8,453753
10874.8,453753
10874.9,453753
10875.4,453753
10874.7,453753
10875,453753
10874.9,453753
10875,453753
10874.9,453753
10875.1,453753
10875,453753
10875.1,453753
10874.6,453753
10874.7,453753
10874.5,453753
10875,453753
10874.9,453753
10874.6,453753
10874.8,453753
10874.8,453753
10875.1,453753
10874.9,453753
10874.3,453753
10874.7,453753
10875.1,453753
10872.9,453753
10872.6,453753
10874.8,453753
10875.1,453753
10874.9,453753
10874.5,453753
10874.7,453753
10874.8,453753
10874.4,453753
10874.5,453753
10875,453753
10874.5,453753
10873.6,453753
10873.8,453753
10873.7,453753
10874.3,453753
10873.9,453753
10874.8,453753
10874.8,453753
10874.6,453753
10874.5,453753
10875.2,453753
10874.2,453753
10874.7,453753
10875,453753
10874.5,453753
10874.4,453753
10874.9,453753
10875.1,453753
10874.5,453753
10874.9,453753
10874.8,453753
10875.2,453753
10875.1,453753
10874.5,453753
10873.7,453753
10873.9,453753
10874.3,453753
10874,453753
10874.9,453753
10875,453753
10874.6,453753
10875.3,453753
10874.7,453753
10875,453753
10874.7,453753
10874.8,453753
10875.1,453753
10874.7,453753
10874.4,453753
10875.1,453753
10874.8,453753
10874.5,453753
10874.9,453753
10874.8,453753
10875.4,453753
10874.3,453753
10874.1,453753
10875,453753
10874.6,453753
10874.8,453753
10874.9,453753
10875.1,453753
10874.9,453753
10874.9,453753
10874.6,453753
10875,453753
10874.8,453753
10874.2,453753
10874.3,453753
10874.8,453753
10874.7,453753
10874.8,453753
10874.4,453753
10874.5,453753
10874.5,453753
10874.4,453753
10874.7,453753
10874.7,453753
10874.8,453753
10874.8,453753
10874.3,453753
10874.6,453753
10874.8,453753
10874.5,453753
10874.1,453753
10873.6,453753
10874.9,453753
10874.5,453753
10874.8,453753
10874.3,453753
10874.8,453753
10874.7,453753
10875.1,453753
10874.7,453753
10875.1,453753
10874.7,453753
10874.9,453753
10874.2,453753
10874.8,453753
10874.7,453753
10874.8,453753
10875.1,453753
10874.7,453753
10874.9,453753
10874.7,453753
10874.7,453753
10875,453753
10874.8,453753
10874.8,453753
10874.7,453753
10874.7,453753
10875.1,453753
10874.6,453753
10874.4,453753
10874.7,453753
10875,453753
10875.1,453753
10874.6,453753
10875.1,453753
10875,453753
10875.2,453753
10874.9,453753
10874.8,453753
10874.8,453753
10874.9,453753
10874.7,453753
10874.4,453753
10875.3,453753
10874.7,453753
10873.9,453753
10874.6,453753
10873.8,453753
10874.1,453753
10874.4,453753
10874.7,453753
10874.5,453753
10875,453753
10874.9,453753
10875,453753
10874.6,453753
10874.6,453753
10874.8,453753
10874.8,453753
10874,453753
10874.5,453753
10874.8,453753
10874.8,453753
10874.5,453753
10874.1,453753
10874.1,453753
10874.7,453753
10875,453753
10874.5,453753
10874.8,453753
10874.3,453753
10874.6,453753
10875,453753
10874.9,453753
10874.1,453753
10875,453753
10873.9,453753
10874,453753
10874.8,453753
10874.6,453753
10875.4,453753
10874.4,453753
10875.2,453753
10873.6,453753
10875,453753
10874.8,453753
10875.1,453753
10875,453753
10875.3,453753
10874.7,453753
10874.7,453753
10874.9,453753
10874.6,453753
10875.1,453753
10875.1,453753
10874.9,453753
10874.9,453753
10875.2,453753
10874.8,453753
10875.3,453753
10874.2,453753
10874.7,453753
10875.2,453753
10874.9,453753
10874.8,453753
10875,453753
10874.8,453753
10874.4,453753
10874.4,453753
10874.8,453753
10875.1,453753
10873.9,453753
10874.7,453753
10874.7,453753
10874.6,453753
10874.9,453753
10874.6,453753
10874.6,453753
10875.1,453753
10874,453753
10874.1,453753
10874.5,453753
10874.5,453753
10874.4,453753
10874.7,453753
10874.3,453753
10874.6,453753
10875.2,453753
10875,453753
10874.6,453753
10874.5,453753
10874.9,453753
10874.6,453753
10875.2,453753
10874.3,453753
10874.8,453753
10874.7,453753
10874.4,453753
10874.8,453753
10873.2,453753
10874.4,453753
10874.9,453753
10875,453753
10874.9,453753
10874.8,453753
10874.5,453753
10874.6,453753
10875,453753
10875.1,453753
10875,453753
10874.5,453753
10874.9,453753
10874.1,453753
10874.6,453753
10874.9,453753
10874.8,453753
10874.3,453753
10874.7,453753
10874.4,453753
10874.8,453753
10874.7,453753
10875,453753
10874.5,453753
10874.4,453753
10875.1,453753
10875,453753
10874.5,453753
10874.8,453753
10874.8,453753
10874.7,453753
10875,453753
10874.6,453753
10875.1,453753
10874.2,453753
10874,453753
10874,453753
10872.9,453753
10874.5,453753
10874.8,453753
10874.9,453753
10875.1,453753
10874.8,453753
10874.6,453753
10874,453753
10874.8,453753
10875.1,453753
10874.5,453753
10874.4,453753
10875.2,453753
10874.7,453753
10874.7,453753
10874.6,453753
10874.6,453753
10874.5,453753
10874.3,453753
10874.8,453753
10874.5,453753
10875.6,453753
10875.2,453753
10874.4,453753
10875,453753
10874.3,453753
10874.8,453753
10875,453753
10875,453753
10875,453753
10874.9,453753
10874.4,453753
10874.6,453753
10874.9,453753
10874.1,453753
10874.7,453753
10874.9,453753
10874,453753
10873,453753
10873.7,453753
10874.9,453753
10874.7,453753
10874.7,453753
10874.8,453753
10875.2,453753
10874.5,453753
10874.8,453753
10874.9,453753
10875.1,453753
10874.3,453753
10874.9,453753
10875.1,453753
10874.4,453753
10874.6,453753
10874.5,453753
10874.5,453753
10874.4,453753
10874.7,453753
10874.9,453753
10874.5,453753
10874.9,453753
10875.1,453753
10874.1,453753
10874.6,453753
10874.5,453753
10874,453753
10874.9,453753
10875.5,453753
10874.5,453753
10874.5,453753
10874.5,453753
10874.4,453753
10874.7,453753
10874.9,453753
10874.4,453753
10874.7,453753
10874.9,453753
10875.1,453753
10874.4,453753
10874.9,453753
10875.3,453753
10874.8,453753
10875,453753
10874.9,453753
10874.6,453753
10875,453753
10875.2,453753
10874.9,453753
10874.8,453753
10874.7,453753
10874.5,453753
10875,453753
10874.6,453753
10874.8,453753
10875,453753
10875,453753
10874.8,453753
10874.5,453753
10874.4,453753
10874.4,453753
10874.4,453753
10875.2,453753
10874.5,453753
10874.6,453753
10874.9,453753
10874.8,453753
10874.6,453753
10875.1,453753
10874.4,453753
10875,453753
10875.1,453753
10874.5,453753
10874.3,453753
10874.9,453753
10874.5,453753
10874.4,453753
10875,453753
10874.7,453753
10874.3,453753
10874.5,453753
10874.6,453753
10874.8,453753
10874.8,453753
10874.9,453753
10874.9,453753
10874.8,453753
10875.1,453753
10874.8,453753
10874.7,453753
10874.6,453753
10875.1,453753
10874.8,453753
10874.4,453753
10874.7,453753
10874.4,453753
10875,453753
10874.8,453753
10875.4,453753
10874.9,453753
10874.8,453753
10874.2,453753
10874.6,453753
10874.7,453753
10874.6,453753
10875.2,453753
10875,453753
10874.8,453753
10874.1,453753
10874.8,453753
10874.3,453753
10874.6,453753
10874.6,453753
10874.7,453753
10874.9,453753
10875,453753
10874.7,453753
10874.7,453753
10874.6,453753
10874.3,453753
10875.1,453753
10875.3,453753
10874.1,453753
10874.9,453753
10874.6,453753
10874.3,453753
10874.7,453753
10874.2,453753
10874.8,453753
10874.9,453753
10874.9,453753
10874.6,453753
10874.9,453753
10875.1,453753
10875.2,453753
10875.1,453753
10875.1,453753
10874.9,453753
10874.6,453753
10875.2,453753
10874.8,453753
10874.7,453753
10873.7,453753
10875.3,453753
10874.9,453753
10874.1,453753
10874.6,453753
10874.4,453753
10874.9,453753
10874.5,453753
10874.8,453753
10875.2,453753
10875,453753
10875.4,453753
10875,453753
10874.9,453753
10874.6,453753
10874.6,453753
10874.6,453753
10874.6,453753
10875.3,453753
10869.1,453753
10862.2,453753
10872.6,453753
10874.5,453753
10873.7,453753
10874.4,453753
10874.4,453753
10874.2,453753
10875.1,453753
10875.2,453753
10874,453753
10873.9,453753
10874.9,453753
10874.3,453753
10874.8,453753
10874.9,453753
10874.7,453753
10874.4,453753
10874.8,453753
10874.4,453753
10874.7,453753
10874.4,453753
10874.4,453753
10874.6,453753
10875.2,453753
10874.5,453753
10874.5,453753
10874.8,453753
10875.2,453753
10875.1,453753
10874.4,453753
10874.7,453753
10874.8,453753
10874.7,453753
10874.6,453753
10875.2,453753
10875,453753
10874.6,453753
10874.9,453753
10875.2,453753
10874.5,453753
10875,453753
10875.1,453753
10874.9,453753
10874.5,453753
10874.7,453753
10872.9,453753
10874.8,453753
10875.1,453753
10874.9,453753
10874.3,453753
10875,453753
10874.7,453753
10875.2,453753
10874.7,453753
10875,453753
10874.7,453753
10874.8,453753
10874.9,453753
10874.8,453753
10874.6,453753
10874,453753
10874.8,453753
10874.7,453753
10875.2,453753
10875,453753
10874.6,453753
10874.7,453753
10874.8,453753
10874.3,453753
10875.1,453753
10875,453753
10874.7,453753
10875,453753
10874.1,453753
10874.9,453753
10874.8,453753
10874.4,453753
10875.1,453753
10874.6,453753
10874.2,453753
10875,453753
10875.5,453753
10874.9,453753
10875.1,453753
10874.8,453753
10874.5,453753
10875.1,453753
10874.4,453753
10874.7,453753
10874.9,453753
10874.8,453753
10874.1,453753
10874.6,453753
10874.2,453753
10874.8,453753
10874.8,453753
10874.8,453753
10874.7,453753
10875.1,453753
10874.8,453753
10874.5,453753
10875.1,453753
10874.2,453753
10874.2,453753
10875.1,453753
10874.9,453753
10874.9,453753
10875.1,453753
10874.8,453753
10875,453753
10875.1,453753
10875,453753
10875.1,453753
10875,453753
10874.5,453753
10875,453753
10875.1,453753
10875,453753
10874.6,453753
10874.5,453753
10874.6,453753
10874.9,453753
10874.5,453753
10874.6,453753
10874.1,453753
10874.6,453753
10875.2,453753
10873.9,453753
10875.1,453753
10874.8,453753
10875,453753
10875.4,453753
10874.7,453753
10875.2,453753
10874.7,453753
10874.7,453753
10875,453753
10875,453753
10874.9,453753
10874.9,453753
10874.4,453753
10874.6,453753
10875.1,453753
10874.8,453753
10875.1,453753
10875,453753
10874.6,453753
10874.8,453753
10875,453753
10874.8,453753
10874.5,453753
10874.9,453753
10875.1,453753
10874.8,453753
10874.4,453753
10874.4,453753
10874.1,453753
10875,453753
10875.1,453753
10874.9,453753
10874.4,453753
10875,453753
10874.9,453753
10874.4,453753
10873.8,453753
10874.7,453753
10874.5,453753
10875.1,453753
10873.9,453753
10875,453753
10875,453753
10874.8,453753
10874.8,453753
10875,453753
10875.1,453753
10875.4,453753
10874.7,453753
10874.5,453753
10874.8,453753
10874.7,453753
10874.9,453753
10874.8,453753
10874.9,453753
10875,453753
10875.4,453753
10875,453753
10874.9,453753
10874.7,453753
10874.8,453753
10875.5,453753
10874.2,453753
10874.5,453753
10875,453753
10875.1,453753
10875.2,453753
10874.6,453753
10874.6,453753
10874.5,453753
10874.6,453753
10874.7,453753
10874.1,453753
10874.7,453753
10874.9,453753
10874.8,453753
10875.2,453753
10874.9,453753
10874.7,453753
10874.9,453753
10875.2,453753
10874.8,453753
10874.2,453753
10874.2,453753
10874.4,453753
10874.7,453753
10874.3,453753
10874.6,453753
10875.1,453753
10875.1,453753
10874.9,453753
10875,453753
10874.4,453753
10874.1,453753
10874.5,453753
10875.2,453753
10875.1,453753
10874,453753
10874,453753
10874.6,453753
10873.5,453753
10874.5,453753
10874.5,453753
10875,453753
10875,453753
10875.1,453753
10874.8,453753
10875.1,453753
10874.9,453753
10875.2,453753
10874.8,453753
10875.2,453753
10875.1,453753
10875.1,453753
10874.8,453753
10874.9,453753
10874.7,453753
10875.1,453753
10875.2,453753
10875,453753
10874.8,453753
10875.7,453753
10874.7,453753
10874.9,453753
10875.1,453753
10874.7,453753
10874.6,453753
10874,453753
10874.5,453753
10874.8,453753
10874.3,453753
10875,453753
10875,453753
10873.8,453753
10874.7,453753
10874.5,453753
10875.1,453753
10874.9,453753
10874.5,453753
10874.7,453753
10875,453753
10874.9,453753
10874.8,453753
10875.2,453753
10874.7,453753
10874.5,453753
10874.9,453753
10874.7,453753
10874.8,453753
10875,453753
10874.7,453753
10873.9,453753
10874.7,453753
10874.8,453753
10875.5,453753
10874.3,453753
10874.5,453753
10875.4,453753
10875.2,453753
10874.9,453753
10874.4,453753
10874.4,453753
10874.4,453753
10873.2,453753
10874.9,453753
10874.9,453753
10875.2,453753
10874.5,453753
10875.1,453753
10873.6,453753
10874.2,453753
10874.5,453753
10874.9,453753
10875.3,453753
10874.5,453753
10874.4,453753
10875.2,453753
10874.8,453753
10874.9,453753
10874.8,453753
10874.9,453753
10874.7,453753
10874.7,453753
10874.8,453753
10874.2,453753
10874.1,453753
10875.2,453753
10874.4,453753
10874.6,453753
10874.8,453753
10875.2,453753
10874.8,453753
10874.9,453753
10875,453753
10874.7,453753
10875.1,453753
10874.8,453753
10874.9,453753
10874.5,453753
10874.9,453753
10874.7,453753
10874.7,453753
10874.9,453753
10875.3,453753
10875.1,453753
10874.6,453753
10874.5,453753
10875,453753
10875,453753
10875,453753
10875.1,453753
10875,453753
10874.4,453753
10874.6,453753
10875.1,453753
10875.1,453753
10875.1,453753
10875.3,453753
10874.5,453753
10874,453753
10874.8,453753
10874.9,453753
10875,453753
10874.6,453753
10874.6,453753
10874.6,453753
10875,453753
10874.8,453753
10875.5,453546
