TRACE,NSNPS_JACKKNIFE
10881.2,453753
10881.6,453753
10881.1,453753
10881,453753
10881.3,453753
10881,453753
10881.1,453753
10880.8,453753
10881.3,453753
10881.1,453753
10881.2,453753
10880.9,453753
10881.2,453753
10880.7,453753
10881.2,453753
10881.3,453753
10881.1,453753
10881,453753
10880.5,453753
10881.2,453753
10881.1,453753
10881.5,453753
10881.1,453753
10881,453753
10881.4,453753
10881.1,453753
10880.5,453753
10880.7,453753
10881.2,453753
10881.3,453753
10881.3,453753
10881.6,453753
10881.1,453753
10881,453753
10881.2,453753
10881.2,453753
10881.6,453753
10880.8,453753
10881,453753
10881.2,453753
10881.5,453753
10881.6,453753
10880.9,453753
10880.5,453753
10881.2,453753
10880.9,453753
10881.1,453753
10881.6,453753
10881.7,453753
10881.3,453753
10881,453753
10881,453753
10880.7,453753
10880.9,453753
10880.9,453753
10881.1,453753
10881.5,453753
10880.8,453753
10880.9,453753
10881.2,453753
10881.1,453753
10881.1,453753
10881,453753
10881.3,453753
10880.8,453753
10881.5,453753
10880.8,453753
10881.5,453753
10880.5,453753
10881.2,453753
10880.2,453753
10881,453753
10881.1,453753
10881.4,453753
10881.5,453753
10881.5,453753
10881.4,453753
10881.1,453753
10881.6,453753
10880.9,453753
10881.3,453753
10881.2,453753
10881.4,453753
10881.4,453753
10881.2,453753
10881.1,453753
10881.6,453753
10881.5,453753
10881,453753
10881,453753
10881,453753
10880.4,453753
10881.2,453753
10879.9,453753
10880.8,453753
10880.6,453753
10881.7,453753
10881.4,453753
10881.1,453753
10881.3,453753
10880.6,453753
10881.2,453753
10881.1,453753
10881.3,453753
10880.6,453753
10881.3,453753
10881.1,453753
10881.5,453753
10881.2,453753
10881,453753
10881.3,453753
10881.1,453753
10880.9,453753
10881,453753
10880.6,453753
10880.4,453753
10881.3,453753
10880.7,453753
10880.8,453753
10880.3,453753
10880.9,453753
10881,453753
10881.4,453753
10881.1,453753
10881.7,453753
10881.3,453753
10881,453753
10880.9,453753
10881.1,453753
10881.1,453753
10880.7,453753
10881,453753
10881.3,453753
10881.2,453753
10880.4,453753
10880.9,453753
10881.4,453753
10880.9,453753
10880.4,453753
10881.3,453753
10880.8,453753
10880,453753
10880.7,453753
10880.9,453753
10880.6,453753
10881,453753
10881,453753
10881.3,453753
10881.2,453753
10881,453753
10881,453753
10881.1,453753
10881.3,453753
10881.2,453753
10881.5,453753
10881.4,453753
10881.4,453753
10881.1,453753
10881.1,453753
10881.2,453753
10881.2,453753
10881.3,453753
10881.1,453753
10881.3,453753
10881.3,453753
10881.8,453753
10881.4,453753
10880.9,453753
10881.3,453753
10881.3,453753
10881,453753
10881,453753
10880.9,453753
10881.2,453753
10880.8,453753
10881.3,453753
10880.5,453753
10881,453753
10881.6,453753
10881.2,453753
10881.2,453753
10879.7,453753
10879.1,453753
10881.2,453753
10881.1,453753
10881,453753
10881.2,453753
10881.1,453753
10881.3,453753
10881.1,453753
10881.1,453753
10881.2,453753
10881,453753
10880.1,453753
10880,453753
10880.1,453753
10880.1,453753
10880.6,453753
10880.6,453753
10881.1,453753
10881.1,453753
10881.3,453753
10881.3,453753
10881,453753
10881.1,453753
10881.4,453753
10881.1,453753
10881.2,453753
10881.1,453753
10880.5,453753
10881,453753
10881.1,453753
10881.3,453753
10881.2,453753
10881.1,453753
10881.3,453753
10880.7,453753
10880.6,453753
10880.6,453753
10880,453753
10881.2,453753
10881.8,453753
10880.8,453753
10881.3,453753
10881.3,453753
10881.5,453753
10880.8,453753
10881,453753
10881.1,453753
10881.6,453753
10881.1,453753
10880.5,453753
10880.2,453753
10881.3,453753
10881.7,453753
10881.2,453753
10880.8,453753
10881,453753
10880.7,453753
10881.4,453753
10880.6,453753
10881.4,453753
10881,453753
10881.4,453753
10880.7,453753
10881.4,453753
10881.1,453753
10881.1,453753
10881.4,453753
10880.8,453753
10881.1,453753
10880.9,453753
10880.7,453753
10880.9,453753
10880.8,453753
10881.5,453753
10881.7,453753
10880.7,453753
10881,453753
10881,453753
10881.6,453753
10880.6,453753
10879.8,453753
10880.7,453753
10880.7,453753
10880.8,453753
10880.9,453753
10880.3,453753
10881.5,453753
10881.4,453753
10880.5,453753
10881.1,453753
10881.4,453753
10880.9,453753
10881,453753
10881,453753
10880.8,453753
10881.5,453753
10881.7,453753
10880.8,453753
10881,453753
10881,453753
10881.2,453753
10880.7,453753
10880.6,453753
10881.5,453753
10881.4,453753
10881.4,453753
10881,453753
10881.5,453753
10881.1,453753
10881.1,453753
10881.1,453753
10881.5,453753
10881.1,453753
10881.1,453753
10881.5,453753
10881,453753
10881.5,453753
10880.9,453753
10881,453753
10881.4,453753
10881.7,453753
10880.9,453753
10881.3,453753
10881.5,453753
10880.9,453753
10881.3,453753
10881.1,453753
10880.9,453753
10881,453753
10881,453753
10881,453753
10880.4,453753
10879.5,453753
10880.5,453753
10881.3,453753
10880.8,453753
10881,453753
10881.1,453753
10880.7,453753
10880.9,453753
10880.9,453753
10881.1,453753
10881.4,453753
10881,453753
10881.2,453753
10881.2,453753
10881.1,453753
10880.9,453753
10880.3,453753
10881,453753
10880.9,453753
10880.8,453753
10880.9,453753
10881.4,453753
10880.8,453753
10881.1,453753
10881,453753
10881,453753
10881.3,453753
10881.1,453753
10880.5,453753
10879.9,453753
10881,453753
10880.9,453753
10880.6,453753
10881.3,453753
10881.1,453753
10880.4,453753
10880.9,453753
10881.3,453753
10880.8,453753
10881.3,453753
10881.4,453753
10881.2,453753
10881.4,453753
10881.5,453753
10880.8,453753
10881,453753
10881.1,453753
10881.4,453753
10880.8,453753
10881.2,453753
10880.8,453753
10881.2,453753
10881,453753
10881.5,453753
10881.3,453753
10881.5,453753
10881.4,453753
10880.9,453753
10881.5,453753
10880.9,453753
10881.4,453753
10881.2,453753
10880.6,453753
10879.7,453753
10880.3,453753
10880.5,453753
10879.3,453753
10880.1,453753
10880.8,453753
10881.4,453753
10880.7,453753
10880.5,453753
10880.7,453753
10880.7,453753
10880.3,453753
10881.4,453753
10881.1,453753
10880.9,453753
10881,453753
10880.9,453753
10880.6,453753
10880.5,453753
10880.6,453753
10880.3,453753
10880.9,453753
10881,453753
10881.4,453753
10881.2,453753
10880.8,453753
10880.7,453753
10881.1,453753
10879.8,453753
10881.2,453753
10881,453753
10881.1,453753
10881.1,453753
10881.8,453753
10881.2,453753
10881.5,453753
10881.3,453753
10881.5,453753
10881.6,453753
10881.3,453753
10881.3,453753
10880.1,453753
10880.6,453753
10881,453753
10881.5,453753
10881.4,453753
10880.8,453753
10881.2,453753
10881.1,453753
10881.3,453753
10881,453753
10881.2,453753
10881,453753
10881.3,453753
10881.6,453753
10880.6,453753
10881.4,453753
10881.3,453753
10881,453753
10881.2,453753
10880.6,453753
10881.1,453753
10881.4,453753
10880.9,453753
10880.6,453753
10879.2,453753
10880.7,453753
10881.3,453753
10881.1,453753
10881.2,453753
10881.3,453753
10880.5,453753
10880.9,453753
10881.4,453753
10881,453753
10880.1,453753
10880.9,453753
10881.3,453753
10881.2,453753
10881.2,453753
10881,453753
10881.3,453753
10879.9,453753
10880.9,453753
10880.9,453753
10880.8,453753
10881.1,453753
10881.4,453753
10881.3,453753
10881.1,453753
10881.3,453753
10881,453753
10881.3,453753
10881,453753
10881.4,453753
10881.4,453753
10880.4,453753
10881.2,453753
10880.9,453753
10880.8,453753
10880.9,453753
10881.3,453753
10880.8,453753
10879.8,453753
10879.8,453753
10881,453753
10880.9,453753
10881.3,453753
10881.3,453753
10881.2,453753
10880.7,453753
10881,453753
10880.9,453753
10880.8,453753
10881.1,453753
10881.4,453753
10881.3,453753
10880.4,453753
10880.9,453753
10881.7,453753
10881,453753
10880.9,453753
10881.2,453753
10881.1,453753
10881.2,453753
10881.5,453753
10881.4,453753
10881.2,453753
10881.1,453753
10880.9,453753
10881,453753
10881.3,453753
10881.1,453753
10881.3,453753
10881.1,453753
10880.9,453753
10880.8,453753
10880.9,453753
10880.9,453753
10881.4,453753
10881.2,453753
10881.5,453753
10881.8,453753
10881.3,453753
10881.3,453753
10881.1,453753
10881,453753
10881,453753
10881.3,453753
10881.4,453753
10880.6,453753
10881,453753
10881.2,453753
10881.5,453753
10881,453753
10881.2,453753
10881.2,453753
10880.9,453753
10881.2,453753
10881.4,453753
10881.1,453753
10881.3,453753
10881.1,453753
10881.2,453753
10880.8,453753
10879.9,453753
10881.3,453753
10880.8,453753
10880.7,453753
10881.2,453753
10880.5,453753
10881.5,453753
10881.1,453753
10881.1,453753
10881.1,453753
10881.3,453753
10880.7,453753
10881.4,453753
10881.5,453753
10881.2,453753
10880.8,453753
10881.2,453753
10880.7,453753
10881.5,453753
10881.2,453753
10881.2,453753
10881.3,453753
10881.4,453753
10881.1,453753
10881.2,453753
10880.9,453753
10881,453753
10881,453753
10881.2,453753
10881,453753
10881,453753
10881.2,453753
10881.2,453753
10881.4,453753
10881.8,453753
10881.3,453753
10881.1,453753
10881.7,453753
10881.2,453753
10881.2,453753
10880.9,453753
10881,453753
10881.3,453753
10880.9,453753
10881.2,453753
10880.7,453753
10880.7,453753
10880.5,453753
10881.4,453753
10881.3,453753
10881.6,453753
10880.7,453753
10881.3,453753
10880.3,453753
10880.8,453753
10881.1,453753
10880.6,453753
10881.3,453753
10878.9,453753
10880.7,453753
10881.7,453753
10881.2,453753
10880.8,453753
10880.6,453753
10881,453753
10881.5,453753
10880.7,453753
10881,453753
10880.9,453753
10881.3,453753
10880.8,453753
10881.6,453753
10881.7,453753
10881.3,453753
10881.2,453753
10880.8,453753
10881.4,453753
10881.6,453753
10881.2,453753
10881.1,453753
10881.2,453753
10879.7,453753
10881,453753
10880.5,453753
10880.4,453753
10881.1,453753
10881.3,453753
10881.6,453753
10881.2,453753
10881.3,453753
10881.3,453753
10881.3,453753
10881,453753
10880.9,453753
10881,453753
10881.2,453753
10881.3,453753
10881,453753
10881,453753
10881.5,453753
10875.5,453753
10869.3,453753
10879,453753
10880.6,453753
10880.5,453753
10880.6,453753
10880.9,453753
10881.1,453753
10880.7,453753
10881,453753
10881.5,453753
10880.1,453753
10881.4,453753
10880.5,453753
10880.6,453753
10881.4,453753
10881,453753
10881.3,453753
10881.1,453753
10880.6,453753
10881.1,453753
10881.1,453753
10880.8,453753
10881.3,453753
10881.5,453753
10881.3,453753
10881,453753
10881.7,453753
10881.3,453753
10881.2,453753
10881.5,453753
10880.8,453753
10881.4,453753
10881.1,453753
10881.5,453753
10881,453753
10881.2,453753
10881.1,453753
10881.3,453753
10881,453753
10881,453753
10881.2,453753
10881.1,453753
10881.2,453753
10881,453753
10880.1,453753
10878.8,453753
10880.7,453753
10880.9,453753
10880.8,453753
10880.4,453753
10881.1,453753
10880.6,453753
10880.7,453753
10880.7,453753
10881.2,453753
10881.2,453753
10881.1,453753
10880.7,453753
10881.2,453753
10880.6,453753
10880.7,453753
10881.1,453753
10880.8,453753
10880.7,453753
10881,453753
10880.8,453753
10881.3,453753
10881.4,453753
10881,453753
10881.3,453753
10881.6,453753
10881.2,453753
10880.6,453753
10880.9,453753
10881,453753
10881.5,453753
10881.7,453753
10881.2,453753
10881.2,453753
10880.7,453753
10881,453753
10880.9,453753
10881,453753
10880.9,453753
10881.4,453753
10881.2,453753
10881.5,453753
10881.4,453753
10881.3,453753
10881.3,453753
10881.3,453753
10880.8,453753
10880.4,453753
10880.7,453753
10880.3,453753
10881,453753
10880.5,453753
10881.3,453753
10881.2,453753
10881.3,453753
10881.5,453753
10880.5,453753
10881,453753
10880.8,453753
10881.3,453753
10881,453753
10881.5,453753
10881,453753
10881,453753
10881.5,453753
10881.4,453753
10881.2,453753
10880.9,453753
10881.3,453753
10880.9,453753
10881,453753
10881.1,453753
10881.5,453753
10881.4,453753
10881.8,453753
10881.3,453753
10881.1,453753
10881.1,453753
10880.8,453753
10881.1,453753
10880.9,453753
10880.8,453753
10880.9,453753
10880.8,453753
10881.3,453753
10881,453753
10880.9,453753
10881.6,453753
10880.8,453753
10881.1,453753
10881.1,453753
10881.1,453753
10881.1,453753
10880.5,453753
10880.9,453753
10881.1,453753
10881,453753
10881.2,453753
10881.1,453753
10881.2,453753
10881.5,453753
10880.6,453753
10881.1,453753
10881.5,453753
10881.3,453753
10881.1,453753
10881.4,453753
10881,453753
10881.3,453753
10880.8,453753
10881.4,453753
10880.9,453753
10880.9,453753
10881.4,453753
10881.3,453753
10881.3,453753
10881.4,453753
10881.1,453753
10881.5,453753
10880.4,453753
10880.3,453753
10881.5,453753
10881.2,453753
10880.7,453753
10881,453753
10881.3,453753
10881.6,453753
10881.6,453753
10881.4,453753
10881.5,453753
10881,453753
10881.4,453753
10881,453753
10881,453753
10881,453753
10881.6,453753
10881.4,453753
10880.7,453753
10881.2,453753
10880.9,453753
10880.8,453753
10881.5,453753
10881.1,453753
10881.2,453753
10881.2,453753
10880.9,453753
10880.7,453753
10881.3,453753
10881,453753
10881.2,453753
10880.8,453753
10881.1,453753
10881.5,453753
10881.1,453753
10880.2,453753
10880.9,453753
10880.5,453753
10881.1,453753
10880.9,453753
10881.6,453753
10881.5,453753
10881,453753
10881.5,453753
10881.2,453753
10880.9,453753
10880.7,453753
10880.7,453753
10881.1,453753
10881,453753
10881.4,453753
10880.7,453753
10881,453753
10881.3,453753
10881.4,453753
10881.3,453753
10881.2,453753
10880.5,453753
10880.4,453753
10881.1,453753
10881.4,453753
10880.9,453753
10880.5,453753
10881.2,453753
10880.4,453753
10881.3,453753
10881,453753
10881.5,453753
10880.9,453753
10881.3,453753
10881.3,453753
10881.3,453753
10881.4,453753
10881,453753
10881.5,453753
10881.4,453753
10881.1,453753
10880.9,453753
10881,453753
10881.3,453753
10881.3,453753
10881.6,453753
10881.5,453753
10881.5,453753
10881.6,453753
10881.2,453753
10880.7,453753
10881,453753
10881.2,453753
10881.2,453753
10880.9,453753
10881.3,453753
10880.9,453753
10880.9,453753
10881.3,453753
10881.4,453753
10881.1,453753
10880.2,453753
10881.1,453753
10881.5,453753
10881.6,453753
10881,453753
10881,453753
10881.3,453753
10880.9,453753
10881.6,453753
10881.4,453753
10880.7,453753
10880.9,453753
10881.2,453753
10881,453753
10881.4,453753
10881.4,453753
10881.5,453753
10880.7,453753
10880.5,453753
10881,453753
10881.1,453753
10881.6,453753
10880.8,453753
10880.4,453753
10881,453753
10881.3,453753
10880.8,453753
10880.9,453753
10880.6,453753
10880.9,453753
10880.4,453753
10881.2,453753
10881.2,453753
10881.1,453753
10881,453753
10881.4,453753
10880,453753
10880.8,453753
10881.4,453753
10881.3,453753
10881.3,453753
10881.5,453753
10881.4,453753
10880.9,453753
10881.5,453753
10881.6,453753
10880.9,453753
10881.1,453753
10881,453753
10880.8,453753
10881,453753
10880.4,453753
10880.4,453753
10880.9,453753
10880.9,453753
10880.9,453753
10881.2,453753
10881.4,453753
10881,453753
10881.1,453753
10881,453753
10880.9,453753
10881.2,453753
10881.3,453753
10881.5,453753
10881,453753
10881,453753
10881.3,453753
10881.2,453753
10880.7,453753
10881.4,453753
10881.3,453753
10881,453753
10881.7,453753
10881.4,453753
10881.1,453753
10881.4,453753
10881.5,453753
10881.1,453753
10881.6,453753
10880.8,453753
10881.4,453753
10881.1,453753
10880.9,453753
10881.3,453753
10881.3,453753
10880.4,453753
10881.1,453753
10881.7,453753
10881.2,453753
10880.1,453753
10880.7,453753
10880.9,453753
10881.2,453753
10881,453753
10881.5,453546
