TRACE,NSNPS_JACKKNIFE
10837.6,453753
10837.8,453753
10837.5,453753
10837.6,453753
10837.5,453753
10837.5,453753
10837.2,453753
10837.1,453753
10837.3,453753
10837.6,453753
10837.5,453753
10837.1,453753
10837.2,453753
10837.3,453753
10837.7,453753
10837.6,453753
10836.6,453753
10836.6,453753
10837.4,453753
10836.9,453753
10837.8,453753
10837.6,453753
10837.3,453753
10837.5,453753
10837.6,453753
10837.1,453753
10836.7,453753
10837,453753
10837.2,453753
10837.2,453753
10837.1,453753
10837.3,453753
10837.9,453753
10837.6,453753
10837.4,453753
10837.8,453753
10837.5,453753
10837.2,453753
10837.3,453753
10837.6,453753
10837.4,453753
10837.5,453753
10837.4,453753
10837.1,453753
10836.9,453753
10837,453753
10837.5,453753
10837.4,453753
10837.4,453753
10837.2,453753
10837,453753
10837,453753
10836.8,453753
10836.7,453753
10837.4,453753
10836.8,453753
10837.3,453753
10837.5,453753
10837.5,453753
10837,453753
10837.2,453753
10837.3,453753
10837.3,453753
10837.5,453753
10836.9,453753
10837.3,453753
10837.1,453753
10837.6,453753
10837.1,453753
10837.3,453753
10837.6,453753
10837.4,453753
10837.1,453753
10837.6,453753
10837.4,453753
10837.6,453753
10837.2,453753
10837.1,453753
10837.8,453753
10837.1,453753
10836.7,453753
10836.9,453753
10837.3,453753
10837.5,453753
10837.6,453753
10837.5,453753
10837.5,453753
10837.7,453753
10837.3,453753
10837.4,453753
10837.2,453753
10837,453753
10837.2,453753
10835.6,453753
10836.9,453753
10837.6,453753
10837.2,453753
10837.5,453753
10837.3,453753
10837.4,453753
10837.7,453753
10836.8,453753
10837.2,453753
10837.3,453753
10837.3,453753
10836.7,453753
10836.8,453753
10837.1,453753
10837.7,453753
10837.3,453753
10837.4,453753
10836.9,453753
10837.1,453753
10837,453753
10837.1,453753
10837.3,453753
10837.6,453753
10837.3,453753
10837.2,453753
10837.1,453753
10836.9,453753
10837.2,453753
10837.6,453753
10837.4,453753
10837.5,453753
10837.5,453753
10837.3,453753
10837.3,453753
10836.9,453753
10836.9,453753
10837,453753
10837.7,453753
10837.1,453753
10837.1,453753
10837.2,453753
10837.5,453753
10837.4,453753
10837.2,453753
10837,453753
10837,453753
10837.2,453753
10836.3,453753
10836.9,453753
10837,453753
10837.1,453753
10837.1,453753
10837.7,453753
10836.6,453753
10837.4,453753
10837.2,453753
10838,453753
10837.3,453753
10837.7,453753
10837.4,453753
10837.2,453753
10837.8,453753
10837.4,453753
10837.2,453753
10837.3,453753
10837.5,453753
10836.9,453753
10837.3,453753
10837.6,453753
10837.3,453753
10837.2,453753
10837.4,453753
10837.4,453753
10837.5,453753
10837.4,453753
10837.8,453753
10837.4,453753
10837.4,453753
10837.9,453753
10837.1,453753
10837.3,453753
10837.2,453753
10837.1,453753
10836.9,453753
10837.2,453753
10837.2,453753
10837.2,453753
10834.8,453753
10835.5,453753
10836.9,453753
10837.1,453753
10837.6,453753
10837.6,453753
10837.7,453753
10837.2,453753
10837.4,453753
10837.3,453753
10837.4,453753
10836.9,453753
10836.6,453753
10836.5,453753
10836.5,453753
10836.5,453753
10837.2,453753
10837,453753
10837.5,453753
10837.7,453753
10837,453753
10837,453753
10837.1,453753
10836.8,453753
10837.4,453753
10837.1,453753
10837.5,453753
10837.5,453753
10836.5,453753
10837.3,453753
10837.6,453753
10837,453753
10837.3,453753
10837.3,453753
10836.8,453753
10837,453753
10836.7,453753
10837.7,453753
10836.5,453753
10837.7,453753
10837.3,453753
10837.2,453753
10837.4,453753
10837.4,453753
10837.6,453753
10837.3,453753
10837.5,453753
10837.2,453753
10837.6,453753
10837.4,453753
10837.1,453753
10837.5,453753
10837.5,453753
10837.4,453753
10837.3,453753
10837.3,453753
10837.5,453753
10837,453753
10837.2,453753
10837.1,453753
10837.4,453753
10837.2,453753
10837.3,453753
10837,453753
10837.3,453753
10837,453753
10837.4,453753
10836.6,453753
10837.2,453753
10836.8,453753
10837.2,453753
10837.4,453753
10837.4,453753
10837,453753
10837.6,453753
10837.2,453753
10837,453753
10837.4,453753
10837.2,453753
10838,453753
10837,453753
10836.6,453753
10837.3,453753
10837,453753
10837,453753
10837.6,453753
10836.6,453753
10836.9,453753
10838,453753
10836.7,453753
10836,453753
10836.9,453753
10837.1,453753
10837.1,453753
10837,453753
10837.5,453753
10837.3,453753
10837.3,453753
10837.5,453753
10837.1,453753
10836.8,453753
10837.5,453753
10837.2,453753
10837.1,453753
10837.4,453753
10837,453753
10837.7,453753
10837.3,453753
10837.4,453753
10837.4,453753
10837.5,453753
10837.6,453753
10837.3,453753
10837.1,453753
10837.3,453753
10837.8,453753
10837,453753
10837,453753
10837.5,453753
10837.5,453753
10837.3,453753
10837.5,453753
10837.4,453753
10837.3,453753
10837.6,453753
10836.8,453753
10837.2,453753
10836.6,453753
10837.5,453753
10837.2,453753
10837.2,453753
10837.3,453753
10836.4,453753
10835.9,453753
10837.2,453753
10837.8,453753
10837,453753
10836.5,453753
10837.4,453753
10837.3,453753
10837.2,453753
10837,453753
10837.9,453753
10837.7,453753
10836.8,453753
10837,453753
10836.8,453753
10837.5,453753
10836.8,453753
10835.8,453753
10837.3,453753
10837.3,453753
10837.3,453753
10837.3,453753
10837.5,453753
10837.1,453753
10837.4,453753
10837.6,453753
10837.1,453753
10836.6,453753
10837.3,453753
10836.9,453753
10836.1,453753
10837,453753
10837.1,453753
10837.4,453753
10837,453753
10837.4,453753
10835.2,453753
10836.9,453753
10837.5,453753
10837.8,453753
10837.4,453753
10837.6,453753
10837.5,453753
10837.4,453753
10837.9,453753
10837.9,453753
10837,453753
10837.3,453753
10837.1,453753
10837.8,453753
10837.7,453753
10837.2,453753
10837.8,453753
10837.7,453753
10837.7,453753
10837.2,453753
10837.5,453753
10837.4,453753
10837.5,453753
10837.1,453753
10837.7,453753
10836.5,453753
10837,453753
10836.9,453753
10835.6,453753
10836.6,453753
10836.5,453753
10836,453753
10836.6,453753
10837.2,453753
10837.1,453753
10837.5,453753
10836.1,453753
10836.5,453753
10837,453753
10837.6,453753
10837.1,453753
10837.2,453753
10837.1,453753
10837.3,453753
10837.2,453753
10837,453753
10837.1,453753
10837.5,453753
10836.2,453753
10836.4,453753
10837.8,453753
10837.4,453753
10837.7,453753
10837.5,453753
10837.1,453753
10837.3,453753
10836.1,453753
10837.6,453753
10837,453753
10837.3,453753
10837.3,453753
10837.5,453753
10837.6,453753
10837.6,453753
10837.4,453753
10837.5,453753
10837.3,453753
10837,453753
10836.9,453753
10837.1,453753
10837.1,453753
10837.3,453753
10837.4,453753
10837.4,453753
10837,453753
10837.5,453753
10837.4,453753
10837.3,453753
10837.7,453753
10836.9,453753
10837.5,453753
10837.8,453753
10837.6,453753
10837,453753
10837.8,453753
10837.6,453753
10837.2,453753
10838,453753
10837.5,453753
10837.3,453753
10837.4,453753
10837.1,453753
10836.3,453753
10835.8,453753
10837.2,453753
10837.5,453753
10837.3,453753
10837.7,453753
10837.4,453753
10836.9,453753
10836.8,453753
10836.9,453753
10837.2,453753
10836.7,453753
10837.5,453753
10837.2,453753
10837.2,453753
10837.1,453753
10837,453753
10837,453753
10836.9,453753
10836.7,453753
10837.3,453753
10837.7,453753
10836.8,453753
10837.4,453753
10837.3,453753
10837.4,453753
10837.4,453753
10837.2,453753
10836.8,453753
10838.1,453753
10837.4,453753
10838,453753
10837.4,453753
10836.8,453753
10837.4,453753
10837.5,453753
10837.4,453753
10838,453753
10836.6,453753
10835.4,453753
10835.9,453753
10837.4,453753
10837.1,453753
10837.6,453753
10837.4,453753
10837.2,453753
10836.8,453753
10837.7,453753
10838,453753
10837.6,453753
10837.2,453753
10837.4,453753
10837.6,453753
10836.2,453753
10836.7,453753
10837.7,453753
10837.6,453753
10837.3,453753
10837.4,453753
10837.1,453753
10837.5,453753
10837.8,453753
10837.2,453753
10837,453753
10837,453753
10837,453753
10836.9,453753
10837.2,453753
10837.7,453753
10836.8,453753
10837.2,453753
10836.8,453753
10836.6,453753
10836.8,453753
10837.9,453753
10837.2,453753
10837.4,453753
10837,453753
10837.6,453753
10837,453753
10837.7,453753
10837.4,453753
10837.8,453753
10837.4,453753
10837.7,453753
10837.1,453753
10837.3,453753
10837.2,453753
10837.3,453753
10837.5,453753
10837.3,453753
10837.1,453753
10837.3,453753
10837.5,453753
10836.8,453753
10837.7,453753
10836.9,453753
10836.7,453753
10836.6,453753
10837.1,453753
10836.4,453753
10836.9,453753
10837.3,453753
10837.1,453753
10837.5,453753
10837.2,453753
10837.5,453753
10837,453753
10837.2,453753
10837.1,453753
10837.4,453753
10837.6,453753
10836.7,453753
10836.5,453753
10837.2,453753
10837,453753
10837.4,453753
10837.4,453753
10837.4,453753
10836.7,453753
10837.7,453753
10837,453753
10837.2,453753
10837.3,453753
10836.6,453753
10837.3,453753
10837.5,453753
10837.4,453753
10837.4,453753
10837.3,453753
10836.9,453753
10837.9,453753
10837.5,453753
10837.4,453753
10837.6,453753
10837.3,453753
10837.6,453753
10837.8,453753
10837.3,453753
10837.2,453753
10837.8,453753
10837.5,453753
10837.2,453753
10837.4,453753
10837.2,453753
10837.7,453753
10837.4,453753
10837,453753
10836.6,453753
10837.6,453753
10837.3,453753
10837.4,453753
10836.2,453753
10837.3,453753
10837.3,453753
10837.1,453753
10836.6,453753
10837.3,453753
10837.3,453753
10835.3,453753
10837.1,453753
10837.1,453753
10837.6,453753
10837.5,453753
10837.5,453753
10837.3,453753
10837.2,453753
10837.3,453753
10836.7,453753
10837,453753
10837.4,453753
10837.2,453753
10837.7,453753
10837.6,453753
10837,453753
10837.3,453753
10837.2,453753
10837,453753
10836.9,453753
10837.3,453753
10837.3,453753
10837.3,453753
10836.6,453753
10837.4,453753
10837,453753
10837.1,453753
10836.8,453753
10837.3,453753
10837.6,453753
10837.5,453753
10837.4,453753
10837.6,453753
10837.9,453753
10837.4,453753
10836.9,453753
10837.1,453753
10837.7,453753
10837,453753
10837.3,453753
10837.4,453753
10837.3,453753
10832.9,453753
10826,453753
10835.3,453753
10837.2,453753
10837.1,453753
10836.8,453753
10837.1,453753
10837.3,453753
10837.2,453753
10837.4,453753
10837.4,453753
10836.1,453753
10836.8,453753
10836.9,453753
10837.5,453753
10837.6,453753
10837.3,453753
10837.1,453753
10837.1,453753
10837.1,453753
10837.2,453753
10837.3,453753
10837.8,453753
10837.1,453753
10837.6,453753
10837.5,453753
10836.9,453753
10837.5,453753
10837.3,453753
10837.5,453753
10837.5,453753
10837.5,453753
10837.8,453753
10837.3,453753
10837.5,453753
10837.4,453753
10837.3,453753
10837.1,453753
10837.3,453753
10837.9,453753
10837.2,453753
10837.2,453753
10837.8,453753
10837,453753
10837.3,453753
10837.1,453753
10835.4,453753
10836.5,453753
10837.4,453753
10836.4,453753
10837.4,453753
10837.3,453753
10837.2,453753
10837.4,453753
10837,453753
10837.1,453753
10837.7,453753
10836.8,453753
10837,453753
10837.6,453753
10836.7,453753
10837,453753
10837.7,453753
10837.1,453753
10836.9,453753
10837.2,453753
10837.2,453753
10837.3,453753
10837.3,453753
10836.9,453753
10837,453753
10837.3,453753
10837,453753
10837.4,453753
10836.8,453753
10837.6,453753
10837.7,453753
10837.2,453753
10837.5,453753
10837.5,453753
10836.7,453753
10837.8,453753
10837.2,453753
10837.8,453753
10837.5,453753
10837.9,453753
10837.3,453753
10837.4,453753
10837.3,453753
10837,453753
10837.5,453753
10837.5,453753
10836.8,453753
10837.5,453753
10836.8,453753
10837.2,453753
10837.3,453753
10837.5,453753
10837.2,453753
10837.2,453753
10837.5,453753
10837.2,453753
10837.2,453753
10836.9,453753
10837,453753
10837,453753
10837.1,453753
10837.3,453753
10837.5,453753
10837.1,453753
10837.3,453753
10837.6,453753
10837.5,453753
10837.7,453753
10837.5,453753
10837.1,453753
10837.7,453753
10837.2,453753
10837.4,453753
10837.1,453753
10836.9,453753
10837.8,453753
10837.4,453753
10837.1,453753
10836.9,453753
10836.4,453753
10837.4,453753
10837.4,453753
10836.5,453753
10837.1,453753
10837.5,453753
10837.2,453753
10837.6,453753
10837.1,453753
10836.8,453753
10837,453753
10837.2,453753
10837.4,453753
10837.2,453753
10837.5,453753
10837.6,453753
10837.3,453753
10837.7,453753
10837.5,453753
10837.1,453753
10837.3,453753
10837.5,453753
10837.6,453753
10837.1,453753
10837.6,453753
10837.7,453753
10837.2,453753
10837.1,453753
10837.4,453753
10837,453753
10836,453753
10837.5,453753
10836.6,453753
10837.2,453753
10836.9,453753
10837.4,453753
10837.2,453753
10837.1,453753
10836.9,453753
10837.3,453753
10836.6,453753
10837.5,453753
10837.5,453753
10837.2,453753
10836.3,453753
10837.1,453753
10837.2,453753
10837.7,453753
10837.4,453753
10837.6,453753
10837.6,453753
10837.5,453753
10836.8,453753
10837.3,453753
10837.2,453753
10837.1,453753
10837.6,453753
10837.3,453753
10837.4,453753
10837.2,453753
10837.3,453753
10837.2,453753
10837.5,453753
10837.1,453753
10837.9,453753
10837.6,453753
10837.1,453753
10837.1,453753
10837.4,453753
10837.6,453753
10837.6,453753
10837.2,453753
10837.7,453753
10837.4,453753
10837.2,453753
10836,453753
10836.9,453753
10837,453753
10836.9,453753
10837.3,453753
10837.3,453753
10837.6,453753
10837.6,453753
10837.6,453753
10837.5,453753
10837.5,453753
10836.9,453753
10836.3,453753
10837.9,453753
10837.5,453753
10837,453753
10836.9,453753
10837.5,453753
10837.6,453753
10837.8,453753
10837.1,453753
10837.1,453753
10837,453753
10837,453753
10837.4,453753
10837,453753
10837.2,453753
10836.5,453753
10836.2,453753
10835.9,453753
10837.4,453753
10837.3,453753
10837.7,453753
10837,453753
10836.8,453753
10837.4,453753
10837.2,453753
10837.5,453753
10837.4,453753
10837.7,453753
10837.4,453753
10837.3,453753
10837.5,453753
10837.1,453753
10837.2,453753
10837.3,453753
10837.5,453753
10837.7,453753
10837.4,453753
10837.7,453753
10837.6,453753
10837.1,453753
10837.5,453753
10837.3,453753
10837.2,453753
10837.3,453753
10837.3,453753
10837.2,453753
10837.2,453753
10837.2,453753
10837.5,453753
10837.2,453753
10836.8,453753
10837,453753
10837.4,453753
10837.7,453753
10837.8,453753
10837.4,453753
10837.4,453753
10837.6,453753
10837.6,453753
10837.3,453753
10837.6,453753
10837.2,453753
10837.4,453753
10837.5,453753
10837,453753
10837.3,453753
10837.8,453753
10837.3,453753
10836.4,453753
10837.5,453753
10837.1,453753
10836.9,453753
10836.6,453753
10836.9,453753
10836.9,453753
10837.4,453753
10836.9,453753
10836.5,453753
10836.5,453753
10836.2,453753
10837.1,453753
10837.7,453753
10837.2,453753
10837.5,453753
10837.4,453753
10837.3,453753
10836.2,453753
10836.7,453753
10837.2,453753
10836.8,453753
10837.4,453753
10837,453753
10837.6,453753
10837.6,453753
10837.8,453753
10836.8,453753
10837.5,453753
10837.6,453753
10837.5,453753
10837.7,453753
10836.8,453753
10836.6,453753
10836.3,453753
10837.4,453753
10837.5,453753
10837.6,453753
10837.3,453753
10837.3,453753
10837.8,453753
10837.3,453753
10837.8,453753
10837.5,453753
10837.5,453753
10837.6,453753
10837.6,453753
10837.4,453753
10837.2,453753
10837.6,453753
10837.5,453753
10837.4,453753
10837.7,453753
10837.2,453753
10837.3,453753
10837.5,453753
10837.4,453753
10837.5,453753
10837.4,453753
10837.5,453753
10837.7,453753
10837,453753
10837.1,453753
10837.6,453753
10837.5,453753
10837.5,453753
10837.8,453753
10837.5,453753
10837.1,453753
10837.3,453753
10837.8,453753
10837.1,453753
10836.8,453753
10836.5,453753
10837,453753
10837.2,453753
10837.6,453753
10837.8,453546
