TRACE,NSNPS_JACKKNIFE
10836.3,453753
10836.1,453753
10836.1,453753
10836,453753
10835.7,453753
10836.3,453753
10835.6,453753
10836.1,453753
10835.9,453753
10836,453753
10836.1,453753
10835.7,453753
10835.9,453753
10835.8,453753
10836.1,453753
10836.3,453753
10835.9,453753
10834.8,453753
10835,453753
10835.8,453753
10835.7,453753
10836,453753
10836,453753
10836.3,453753
10835.7,453753
10835.7,453753
10835.6,453753
10835.5,453753
10835.5,453753
10835.3,453753
10835.7,453753
10835.8,453753
10836,453753
10835.8,453753
10835.6,453753
10835.6,453753
10835.2,453753
10835.5,453753
10836.1,453753
10835.9,453753
10835.8,453753
10835.9,453753
10836.1,453753
10835.6,453753
10835.9,453753
10835.7,453753
10835.7,453753
10835.9,453753
10836.5,453753
10836.2,453753
10835.8,453753
10835.2,453753
10836.3,453753
10835.8,453753
10834.9,453753
10835.4,453753
10835.6,453753
10835.4,453753
10835.9,453753
10835.5,453753
10836.5,453753
10836,453753
10835.7,453753
10836.1,453753
10835.7,453753
10836,453753
10835.8,453753
10835.3,453753
10835.5,453753
10835.6,453753
10834.7,453753
10836.1,453753
10836.4,453753
10835.8,453753
10836.1,453753
10835.8,453753
10836.2,453753
10836.2,453753
10835.8,453753
10836.2,453753
10835.6,453753
10836,453753
10835.5,453753
10836.1,453753
10836,453753
10835.9,453753
10836.2,453753
10836.4,453753
10835.5,453753
10835.9,453753
10835.8,453753
10835.3,453753
10836.2,453753
10834.7,453753
10835.9,453753
10835.6,453753
10836.3,453753
10836.2,453753
10836.2,453753
10836.2,453753
10836.1,453753
10836.5,453753
10835.7,453753
10835.4,453753
10835.8,453753
10835.7,453753
10836.4,453753
10835.9,453753
10835.7,453753
10836,453753
10835.6,453753
10835.5,453753
10835.6,453753
10836.1,453753
10835.4,453753
10835.5,453753
10835.4,453753
10835.8,453753
10836.3,453753
10835.7,453753
10835.9,453753
10836.2,453753
10835.7,453753
10836,453753
10836,453753
10835.8,453753
10836.1,453753
10835.9,453753
10836.1,453753
10836,453753
10835.6,453753
10835.9,453753
10835.6,453753
10836.4,453753
10835.8,453753
10835.6,453753
10835.4,453753
10835.9,453753
10835.5,453753
10836,453753
10835.1,453753
10834.8,453753
10836.1,453753
10836.1,453753
10835.5,453753
10835.8,453753
10835.4,453753
10835.7,453753
10835.8,453753
10836,453753
10835.8,453753
10835.9,453753
10835.8,453753
10836.3,453753
10835.8,453753
10836.4,453753
10835.9,453753
10835.5,453753
10836,453753
10836,453753
10836.2,453753
10835.6,453753
10835.5,453753
10835.8,453753
10836.1,453753
10836.3,453753
10835.8,453753
10836.2,453753
10835.8,453753
10836.1,453753
10835.8,453753
10835.7,453753
10835.5,453753
10835.3,453753
10836,453753
10835.8,453753
10835.8,453753
10835.6,453753
10836,453753
10836.1,453753
10836,453753
10835,453753
10834.4,453753
10835.9,453753
10835.5,453753
10835.8,453753
10835.7,453753
10836.1,453753
10836.3,453753
10836.1,453753
10836.4,453753
10836.3,453753
10835.4,453753
10835.1,453753
10835.4,453753
10835.1,453753
10835,453753
10834.8,453753
10836,453753
10836.1,453753
10835.9,453753
10835.8,453753
10836.2,453753
10835.5,453753
10835.7,453753
10835.9,453753
10835.7,453753
10836.2,453753
10835.8,453753
10835.5,453753
10836,453753
10836.1,453753
10835.9,453753
10836,453753
10835.6,453753
10835.9,453753
10835.6,453753
10835.6,453753
10835.7,453753
10835.3,453753
10836.1,453753
10835.8,453753
10835.9,453753
10835.7,453753
10835.5,453753
10836.2,453753
10835.9,453753
10836.1,453753
10836,453753
10835.9,453753
10835.8,453753
10835.5,453753
10835.6,453753
10835.8,453753
10836.2,453753
10835.6,453753
10835.7,453753
10836,453753
10835.4,453753
10836,453753
10835.7,453753
10835.9,453753
10836.4,453753
10836,453753
10835.9,453753
10836.2,453753
10836.4,453753
10835.9,453753
10835.9,453753
10835.7,453753
10835.4,453753
10835.6,453753
10835.8,453753
10835.6,453753
10835.7,453753
10835.1,453753
10836.1,453753
10836,453753
10835.9,453753
10835.6,453753
10836,453753
10835.8,453753
10835,453753
10835.8,453753
10836,453753
10835.9,453753
10835.9,453753
10834.4,453753
10835.7,453753
10835.6,453753
10835.5,453753
10835.2,453753
10835.9,453753
10835.3,453753
10834.9,453753
10835.3,453753
10835.8,453753
10835.9,453753
10835.7,453753
10835.7,453753
10835.7,453753
10836,453753
10836.3,453753
10835.9,453753
10835.8,453753
10836.3,453753
10836.5,453753
10835.5,453753
10836.1,453753
10836,453753
10836.2,453753
10836.3,453753
10836.3,453753
10836.3,453753
10835.8,453753
10835.6,453753
10835.7,453753
10836.2,453753
10836,453753
10835.8,453753
10836.2,453753
10836,453753
10836.2,453753
10835.9,453753
10835.8,453753
10835.9,453753
10836,453753
10835.6,453753
10835.7,453753
10835.7,453753
10836,453753
10836,453753
10835.6,453753
10834.2,453753
10834.5,453753
10836,453753
10835.9,453753
10835.7,453753
10835.9,453753
10835.7,453753
10836.5,453753
10835.8,453753
10836.2,453753
10835.5,453753
10835.5,453753
10836,453753
10836,453753
10835.7,453753
10835.6,453753
10835.9,453753
10834.8,453753
10835.8,453753
10836.2,453753
10836,453753
10835.4,453753
10835.6,453753
10835.4,453753
10836.1,453753
10836,453753
10835.7,453753
10835.3,453753
10835.9,453753
10835.2,453753
10835.6,453753
10835.9,453753
10835.6,453753
10836,453753
10835.7,453753
10836,453753
10835.1,453753
10836,453753
10836,453753
10835.9,453753
10836.4,453753
10835.8,453753
10835.6,453753
10836.4,453753
10836.2,453753
10835.7,453753
10835.6,453753
10835.6,453753
10836.4,453753
10835.4,453753
10836.4,453753
10835.9,453753
10836.3,453753
10836.3,453753
10836.3,453753
10835.7,453753
10836.1,453753
10836,453753
10835.4,453753
10835.7,453753
10835.7,453753
10835.6,453753
10835.7,453753
10835.8,453753
10835.1,453753
10835.7,453753
10835.4,453753
10834.6,453753
10835.1,453753
10836,453753
10836,453753
10835.9,453753
10835,453753
10835.6,453753
10835.4,453753
10835.3,453753
10836.3,453753
10836,453753
10835.3,453753
10835.4,453753
10835.9,453753
10835.9,453753
10835.5,453753
10835.5,453753
10835.4,453753
10835.1,453753
10835.6,453753
10836,453753
10835.6,453753
10836,453753
10835.9,453753
10836.1,453753
10835.7,453753
10835.8,453753
10835.8,453753
10835.6,453753
10835.5,453753
10836.4,453753
10835.8,453753
10835.9,453753
10835.9,453753
10836.1,453753
10835.8,453753
10835.8,453753
10835.9,453753
10835.8,453753
10835.8,453753
10835.5,453753
10836,453753
10836.5,453753
10835.5,453753
10836,453753
10836,453753
10836.1,453753
10835.9,453753
10836.1,453753
10835.7,453753
10835.7,453753
10836.1,453753
10835.6,453753
10836,453753
10835.8,453753
10835.3,453753
10836.1,453753
10835.9,453753
10835.3,453753
10835.5,453753
10835.8,453753
10835,453753
10834.2,453753
10835.8,453753
10835.7,453753
10835.8,453753
10835.8,453753
10835.9,453753
10835.6,453753
10835.8,453753
10836.5,453753
10836,453753
10835.6,453753
10835.6,453753
10835.9,453753
10835.8,453753
10836.2,453753
10835.9,453753
10835.6,453753
10835.5,453753
10835.7,453753
10835.6,453753
10835.6,453753
10835.8,453753
10835.8,453753
10835.6,453753
10835.9,453753
10836.1,453753
10836.1,453753
10836,453753
10836.1,453753
10836,453753
10836.1,453753
10835.4,453753
10835.1,453753
10835.7,453753
10836.2,453753
10835.5,453753
10835.9,453753
10834.9,453753
10833.2,453753
10833.2,453753
10836,453753
10836,453753
10835.9,453753
10835.6,453753
10835.7,453753
10835.6,453753
10836.2,453753
10835.6,453753
10836,453753
10835,453753
10836,453753
10835.6,453753
10834.1,453753
10835.7,453753
10835.7,453753
10835.7,453753
10835.9,453753
10836.1,453753
10836.3,453753
10836.2,453753
10835.9,453753
10836.1,453753
10835.3,453753
10836,453753
10835.7,453753
10836.1,453753
10835.9,453753
10835.8,453753
10835.8,453753
10835.8,453753
10836.1,453753
10835.5,453753
10835.7,453753
10835.8,453753
10835.7,453753
10836.2,453753
10835.8,453753
10836.3,453753
10835.3,453753
10836.1,453753
10835.9,453753
10836.2,453753
10836.2,453753
10836.3,453753
10836,453753
10836.1,453753
10836.5,453753
10836,453753
10836.1,453753
10836.1,453753
10836.2,453753
10836.1,453753
10836.1,453753
10835.8,453753
10835.8,453753
10836.8,453753
10835.8,453753
10835.5,453753
10835.7,453753
10835.4,453753
10835.8,453753
10835.7,453753
10835.6,453753
10836.2,453753
10836.4,453753
10835.8,453753
10835.7,453753
10835.7,453753
10836.3,453753
10836.1,453753
10835.5,453753
10835.5,453753
10835.2,453753
10835.8,453753
10835.8,453753
10835.6,453753
10835.5,453753
10835.9,453753
10835.9,453753
10835.9,453753
10835.9,453753
10835.8,453753
10835.2,453753
10835.4,453753
10836,453753
10836.1,453753
10836.1,453753
10836,453753
10836.1,453753
10835.6,453753
10836.1,453753
10836,453753
10835.4,453753
10836,453753
10835.7,453753
10835.6,453753
10836,453753
10836.1,453753
10836.1,453753
10835.6,453753
10835.5,453753
10835.9,453753
10835.9,453753
10835.9,453753
10836.2,453753
10835.6,453753
10835.4,453753
10835.4,453753
10835.7,453753
10836,453753
10835.7,453753
10835.6,453753
10836.2,453753
10835.5,453753
10835.4,453753
10835.7,453753
10835.5,453753
10836,453753
10833.5,453753
10836.3,453753
10836.2,453753
10835.9,453753
10835.5,453753
10836.1,453753
10835.9,453753
10836.1,453753
10835.6,453753
10835,453753
10835.4,453753
10835.7,453753
10835.9,453753
10836.7,453753
10836.4,453753
10835.9,453753
10835.8,453753
10835.7,453753
10836,453753
10836.2,453753
10836,453753
10836.1,453753
10835.7,453753
10834.9,453753
10835.8,453753
10835.9,453753
10835.1,453753
10835.6,453753
10835.3,453753
10835.8,453753
10835.9,453753
10835.9,453753
10835.9,453753
10836,453753
10835.7,453753
10835.9,453753
10835.6,453753
10835.9,453753
10835.6,453753
10835.4,453753
10835.8,453753
10836.2,453753
10831.7,453753
10824,453753
10833.3,453753
10835.8,453753
10835.9,453753
10835.5,453753
10836,453753
10835.6,453753
10835.7,453753
10835.6,453753
10835.5,453753
10834.2,453753
10835.6,453753
10835.5,453753
10835.7,453753
10835.8,453753
10836,453753
10835.5,453753
10835.2,453753
10835.7,453753
10835.8,453753
10836,453753
10835.9,453753
10836,453753
10836.2,453753
10836,453753
10835.7,453753
10836.2,453753
10835.9,453753
10836.2,453753
10836.2,453753
10836.2,453753
10835.7,453753
10835.8,453753
10836.1,453753
10836,453753
10835.4,453753
10835.7,453753
10836.2,453753
10836.1,453753
10836.2,453753
10835.5,453753
10836.2,453753
10836.2,453753
10835.7,453753
10835.4,453753
10833.5,453753
10835.6,453753
10836,453753
10835.6,453753
10835.1,453753
10836.2,453753
10835.7,453753
10835.9,453753
10835.6,453753
10836,453753
10836.1,453753
10835.7,453753
10836,453753
10835.8,453753
10835.1,453753
10835.1,453753
10836.1,453753
10835.6,453753
10835.9,453753
10836.3,453753
10835.6,453753
10835.8,453753
10836,453753
10835.7,453753
10835.1,453753
10836,453753
10835.9,453753
10836,453753
10835.4,453753
10836,453753
10836.2,453753
10836.3,453753
10835.6,453753
10835.4,453753
10835.3,453753
10835.9,453753
10835.8,453753
10836.5,453753
10835.9,453753
10836,453753
10835.9,453753
10836,453753
10835.5,453753
10836.3,453753
10836,453753
10836,453753
10835.8,453753
10835.7,453753
10834.9,453753
10835.4,453753
10835.8,453753
10835.3,453753
10836.1,453753
10836,453753
10835.7,453753
10836.1,453753
10835.6,453753
10835.8,453753
10835.7,453753
10836.1,453753
10835.9,453753
10836.4,453753
10835.9,453753
10835.9,453753
10836.3,453753
10836.3,453753
10835.8,453753
10836,453753
10835.8,453753
10835.6,453753
10835.9,453753
10836.2,453753
10836.4,453753
10835.7,453753
10836.1,453753
10836.1,453753
10835.6,453753
10835.9,453753
10835.7,453753
10835.3,453753
10835.7,453753
10836.2,453753
10835.7,453753
10836.2,453753
10836.4,453753
10836.1,453753
10835.6,453753
10835.6,453753
10835.7,453753
10835.8,453753
10835.7,453753
10835.7,453753
10835.8,453753
10835.7,453753
10836.1,453753
10835.6,453753
10835.9,453753
10836,453753
10836.2,453753
10835.9,453753
10836.1,453753
10835.9,453753
10835.5,453753
10836.3,453753
10836,453753
10836,453753
10835.8,453753
10835.9,453753
10836,453753
10835.4,453753
10835.7,453753
10835.7,453753
10836.1,453753
10836.1,453753
10835.8,453753
10835.8,453753
10835.5,453753
10835.7,453753
10835.8,453753
10835.2,453753
10835.4,453753
10836.1,453753
10835.4,453753
10834.9,453753
10836.2,453753
10835.9,453753
10835.8,453753
10836.1,453753
10836.3,453753
10836.2,453753
10835.9,453753
10835.7,453753
10836.1,453753
10835.7,453753
10835.9,453753
10836.1,453753
10836.5,453753
10835.8,453753
10836,453753
10836.2,453753
10835.8,453753
10835.9,453753
10835.5,453753
10836.3,453753
10836.1,453753
10835.8,453753
10835.7,453753
10836.4,453753
10836.1,453753
10836.1,453753
10835.8,453753
10835.9,453753
10835.9,453753
10835.7,453753
10835.1,453753
10834.8,453753
10836,453753
10835.5,453753
10835.7,453753
10836.2,453753
10835.3,453753
10835.8,453753
10836,453753
10836,453753
10836,453753
10836.1,453753
10835.3,453753
10835.7,453753
10836.1,453753
10835.8,453753
10835.8,453753
10836.3,453753
10835.8,453753
10836,453753
10835.7,453753
10835.8,453753
10835.2,453753
10835.4,453753
10836,453753
10836.1,453753
10835.5,453753
10835.8,453753
10834.8,453753
10834.4,453753
10835.8,453753
10835.4,453753
10836.3,453753
10835.9,453753
10836.1,453753
10835.8,453753
10835.9,453753
10836.3,453753
10835.8,453753
10836.1,453753
10835.3,453753
10835.7,453753
10835.7,453753
10835.9,453753
10835.4,453753
10836.2,453753
10836,453753
10836.1,453753
10836.2,453753
10836,453753
10836,453753
10835.4,453753
10836,453753
10835.9,453753
10835.5,453753
10835.4,453753
10835.8,453753
10836,453753
10835.4,453753
10835.4,453753
10836,453753
10836,453753
10836.1,453753
10835.7,453753
10835.9,453753
10836,453753
10836.1,453753
10835.8,453753
10836.1,453753
10836.2,453753
10836.2,453753
10836.1,453753
10835.9,453753
10836.3,453753
10835.8,453753
10835.8,453753
10836.1,453753
10836.1,453753
10835.8,453753
10836,453753
10835,453753
10836.5,453753
10835.8,453753
10836.1,453753
10836.1,453753
10835.6,453753
10836,453753
10836.5,453753
10836,453753
10834.9,453753
10835.8,453753
10836.4,453753
10834.9,453753
10835.7,453753
10836.2,453753
10836.1,453753
10835.3,453753
10835.7,453753
10834.5,453753
10834.5,453753
10835.8,453753
10835.5,453753
10835.8,453753
10835.7,453753
10836.3,453753
10836.2,453753
10836.2,453753
10835.9,453753
10836.5,453753
10836,453753
10836.2,453753
10835.6,453753
10835.1,453753
10834.9,453753
10836,453753
10835.6,453753
10836.1,453753
10836,453753
10836.3,453753
10835.6,453753
10836,453753
10836.2,453753
10835.9,453753
10836.3,453753
10836.2,453753
10835.8,453753
10836,453753
10835.8,453753
10836.2,453753
10835.8,453753
10836.3,453753
10836,453753
10835.8,453753
10835.7,453753
10835.9,453753
10835.8,453753
10835.5,453753
10836.1,453753
10835.8,453753
10836.2,453753
10835.9,453753
10835.7,453753
10835.7,453753
10835.9,453753
10836.3,453753
10835.8,453753
10836,453753
10835.7,453753
10835.4,453753
10836.1,453753
10836,453753
10836.2,453753
10834.9,453753
10835,453753
10836,453753
10836.4,453753
10835.7,453753
10836.3,453546
