TRACE,NSNPS_JACKKNIFE
10892.8,453753
10892.8,453753
10892.7,453753
10892.7,453753
10892.7,453753
10892.6,453753
10892.2,453753
10891.9,453753
10892.8,453753
10892.2,453753
10892.7,453753
10892.3,453753
10892.6,453753
10892.3,453753
10892.6,453753
10892.4,453753
10892.1,453753
10891.7,453753
10892.2,453753
10892.1,453753
10892.7,453753
10892.5,453753
10892.8,453753
10892.5,453753
10892.6,453753
10893,453753
10892.2,453753
10891.9,453753
10892.6,453753
10892.1,453753
10892.7,453753
10892.6,453753
10892.7,453753
10892.5,453753
10892.6,453753
10892.2,453753
10892.4,453753
10892.4,453753
10892.2,453753
10892.4,453753
10892.8,453753
10892.4,453753
10892,453753
10891.7,453753
10892.5,453753
10892.9,453753
10893,453753
10892.5,453753
10892.6,453753
10892.6,453753
10893.1,453753
10892,453753
10892.5,453753
10892.6,453753
10891.5,453753
10892.3,453753
10892.6,453753
10892.2,453753
10892.9,453753
10892.2,453753
10893,453753
10893,453753
10892.7,453753
10892.7,453753
10892.4,453753
10892.3,453753
10892.2,453753
10891.8,453753
10892.6,453753
10892.6,453753
10892.5,453753
10892.3,453753
10893.1,453753
10893,453753
10892.9,453753
10892.9,453753
10892.5,453753
10893,453753
10892.8,453753
10893,453753
10892.1,453753
10892.8,453753
10892.6,453753
10892.9,453753
10893,453753
10892.5,453753
10893,453753
10892.6,453753
10892.2,453753
10892.6,453753
10891.8,453753
10892.2,453753
10892.6,453753
10891.5,453753
10892.4,453753
10893,453753
10892.4,453753
10892.4,453753
10892.1,453753
10892.8,453753
10891.8,453753
10892.6,453753
10892,453753
10892.6,453753
10892.3,453753
10892,453753
10892.4,453753
10892.5,453753
10892.2,453753
10892.3,453753
10892.8,453753
10892.8,453753
10892.4,453753
10892.3,453753
10892.3,453753
10892.4,453753
10892.6,453753
10892.5,453753
10893,453753
10892.1,453753
10892.2,453753
10892.3,453753
10892.5,453753
10892.6,453753
10892.7,453753
10892.9,453753
10892.8,453753
10892.5,453753
10892.3,453753
10893.1,453753
10893,453753
10892,453753
10892.3,453753
10891.8,453753
10892.5,453753
10892.9,453753
10892.8,453753
10892.4,453753
10892,453753
10892.9,453753
10891.8,453753
10891.5,453753
10892.7,453753
10892.4,453753
10892.6,453753
10891.8,453753
10892.5,453753
10892.4,453753
10892.6,453753
10892.5,453753
10892.3,453753
10892.3,453753
10892.5,453753
10892.5,453753
10892.4,453753
10892.7,453753
10892.3,453753
10892.1,453753
10892.6,453753
10893.1,453753
10892.7,453753
10892.2,453753
10892.2,453753
10892.4,453753
10892.7,453753
10893.1,453753
10892.6,453753
10892.6,453753
10893,453753
10892.7,453753
10892.5,453753
10892.6,453753
10892.3,453753
10892.8,453753
10893.2,453753
10892.3,453753
10892.5,453753
10892.6,453753
10892.1,453753
10892.6,453753
10892.5,453753
10890.8,453753
10890.7,453753
10892.4,453753
10892.6,453753
10892.8,453753
10892.6,453753
10892.6,453753
10892.4,453753
10892.3,453753
10892.4,453753
10892.7,453753
10891.9,453753
10892,453753
10892.4,453753
10891.2,453753
10891.7,453753
10892.4,453753
10892.7,453753
10892.4,453753
10892.2,453753
10892.5,453753
10892.5,453753
10892.5,453753
10892.7,453753
10893,453753
10892.1,453753
10892.6,453753
10892.4,453753
10891.8,453753
10891.7,453753
10892.1,453753
10892.6,453753
10892.7,453753
10892.7,453753
10892.6,453753
10892,453753
10892.5,453753
10892.2,453753
10892.1,453753
10892.9,453753
10892.4,453753
10892.6,453753
10892.7,453753
10892.3,453753
10892.8,453753
10892.9,453753
10892.4,453753
10893,453753
10892.6,453753
10892.9,453753
10891.9,453753
10892,453753
10892.5,453753
10892.5,453753
10892.4,453753
10892.6,453753
10892.5,453753
10892.4,453753
10892.6,453753
10892.3,453753
10893.1,453753
10892.2,453753
10892.2,453753
10892.6,453753
10892.9,453753
10892.5,453753
10892.4,453753
10893.2,453753
10891.9,453753
10892.3,453753
10892.2,453753
10892.4,453753
10892.4,453753
10892.2,453753
10892.5,453753
10892.1,453753
10892.1,453753
10892.1,453753
10892.3,453753
10892.5,453753
10891.9,453753
10891.6,453753
10892.7,453753
10892.4,453753
10892.1,453753
10892.7,453753
10891.7,453753
10892.4,453753
10892.8,453753
10892.6,453753
10892.2,453753
10892.2,453753
10892.1,453753
10892.4,453753
10892.1,453753
10892.6,453753
10892.5,453753
10892.5,453753
10891.6,453753
10892.3,453753
10892.2,453753
10892.8,453753
10892.3,453753
10893.1,453753
10892.6,453753
10893.2,453753
10892.5,453753
10892.6,453753
10892.7,453753
10892.5,453753
10892.9,453753
10892.7,453753
10892.4,453753
10892.8,453753
10892.5,453753
10892.6,453753
10892.7,453753
10892.7,453753
10892.6,453753
10892.5,453753
10892.1,453753
10892.8,453753
10892.8,453753
10892.9,453753
10892.7,453753
10892.2,453753
10892.8,453753
10892.4,453753
10892.8,453753
10892.7,453753
10892.3,453753
10891.7,453753
10891.1,453753
10891.1,453753
10892.3,453753
10892.3,453753
10892.3,453753
10892,453753
10892.6,453753
10892.9,453753
10892.3,453753
10892.6,453753
10892.2,453753
10892.3,453753
10892.3,453753
10892.4,453753
10892.1,453753
10891.9,453753
10892,453753
10891.3,453753
10891.9,453753
10893,453753
10892.5,453753
10892.4,453753
10892.4,453753
10892.1,453753
10892.5,453753
10892.4,453753
10892.2,453753
10891.5,453753
10893,453753
10891.8,453753
10891.3,453753
10892.1,453753
10892.1,453753
10892.8,453753
10892,453753
10892.2,453753
10890.1,453753
10892.6,453753
10892.6,453753
10892.4,453753
10892.7,453753
10892.7,453753
10892.9,453753
10892.7,453753
10893.2,453753
10892.5,453753
10892.6,453753
10892.9,453753
10892.6,453753
10893,453753
10892.4,453753
10892.6,453753
10892.4,453753
10892.2,453753
10892.7,453753
10892.6,453753
10892.2,453753
10892.5,453753
10892.1,453753
10892.5,453753
10892.4,453753
10892.7,453753
10891.9,453753
10892.6,453753
10892.2,453753
10892.6,453753
10891.9,453753
10891.8,453753
10891.4,453753
10892.6,453753
10892.6,453753
10892.2,453753
10892.4,453753
10892.1,453753
10891.9,453753
10891.9,453753
10892.6,453753
10892.7,453753
10893.3,453753
10892.5,453753
10892.6,453753
10892.8,453753
10892.3,453753
10892.3,453753
10892.4,453753
10892,453753
10892.2,453753
10892.3,453753
10892.6,453753
10892.1,453753
10892.9,453753
10892.6,453753
10891.7,453753
10892.2,453753
10892.4,453753
10892.6,453753
10892.7,453753
10892.9,453753
10892.2,453753
10892.1,453753
10892.5,453753
10892.4,453753
10892.7,453753
10892.5,453753
10892.7,453753
10892.3,453753
10892.5,453753
10892.6,453753
10892.7,453753
10892.6,453753
10891.9,453753
10892.8,453753
10892.3,453753
10892.9,453753
10892.6,453753
10892.2,453753
10892.4,453753
10892.5,453753
10892.5,453753
10892.2,453753
10892.2,453753
10892.4,453753
10892.8,453753
10892.7,453753
10892.6,453753
10892.7,453753
10892.6,453753
10892.4,453753
10891.7,453753
10890.4,453753
10892.4,453753
10892.1,453753
10892.5,453753
10892.3,453753
10892.5,453753
10892.3,453753
10892.5,453753
10892.6,453753
10893,453753
10891.8,453753
10892.3,453753
10892.8,453753
10892.8,453753
10892.3,453753
10892.9,453753
10893.1,453753
10892.2,453753
10891.8,453753
10892.6,453753
10892.6,453753
10892.1,453753
10892.2,453753
10892.6,453753
10892.5,453753
10892.7,453753
10892.7,453753
10892.3,453753
10892.9,453753
10892.8,453753
10892.9,453753
10892.5,453753
10892.4,453753
10892.5,453753
10892.3,453753
10892.3,453753
10892.7,453753
10892.2,453753
10890.6,453753
10891,453753
10892.4,453753
10892.8,453753
10892.6,453753
10892.5,453753
10892.4,453753
10892.2,453753
10892.7,453753
10892.7,453753
10893,453753
10892.7,453753
10893.1,453753
10892.3,453753
10891.4,453753
10892.5,453753
10892.2,453753
10892.4,453753
10892.4,453753
10893.1,453753
10892.2,453753
10892.3,453753
10892.5,453753
10892,453753
10892.7,453753
10892.9,453753
10891.7,453753
10893,453753
10892.5,453753
10892.6,453753
10892.4,453753
10892.4,453753
10891.9,453753
10892,453753
10892.5,453753
10892.7,453753
10892.4,453753
10892.8,453753
10892.9,453753
10892.7,453753
10892.2,453753
10892.6,453753
10892.3,453753
10892.1,453753
10892.3,453753
10892.2,453753
10892.5,453753
10892.7,453753
10892.8,453753
10892.4,453753
10892.1,453753
10892.7,453753
10892.3,453753
10892.9,453753
10892.6,453753
10892.9,453753
10892.7,453753
10892.8,453753
10892.7,453753
10891.7,453753
10892.5,453753
10891.6,453753
10891.4,453753
10892,453753
10892.1,453753
10892.5,453753
10892.7,453753
10892.3,453753
10892.7,453753
10892.7,453753
10892.8,453753
10892.5,453753
10892.6,453753
10892.3,453753
10891.9,453753
10892.5,453753
10892.2,453753
10893,453753
10892.5,453753
10892.6,453753
10892.2,453753
10892.4,453753
10892.6,453753
10892.5,453753
10892.5,453753
10892.5,453753
10892.7,453753
10892.4,453753
10892.6,453753
10892.2,453753
10892.7,453753
10892.3,453753
10892.2,453753
10892.5,453753
10892.4,453753
10892.8,453753
10892.6,453753
10892.7,453753
10892.3,453753
10892.8,453753
10892.9,453753
10892.4,453753
10892.1,453753
10892.3,453753
10892.4,453753
10892.4,453753
10892.5,453753
10892.2,453753
10891.4,453753
10891.6,453753
10892.6,453753
10892.5,453753
10892.5,453753
10892.5,453753
10892.7,453753
10892.6,453753
10892.4,453753
10892.3,453753
10892.3,453753
10892.4,453753
10891,453753
10892.7,453753
10892.9,453753
10893.1,453753
10892.7,453753
10892.8,453753
10892.3,453753
10892.4,453753
10892.3,453753
10891.9,453753
10892.6,453753
10892.6,453753
10892.2,453753
10892.5,453753
10892.7,453753
10892.1,453753
10892.4,453753
10892.3,453753
10892.7,453753
10892.4,453753
10892.4,453753
10892.2,453753
10892.5,453753
10892.2,453753
10892.5,453753
10892.4,453753
10891,453753
10891.9,453753
10892.1,453753
10892.9,453753
10892.6,453753
10892.6,453753
10892.7,453753
10892.6,453753
10892.2,453753
10892.5,453753
10892.3,453753
10892.8,453753
10892.7,453753
10892.3,453753
10892.5,453753
10892.8,453753
10887.3,453753
10880.5,453753
10890.3,453753
10892,453753
10892.3,453753
10891.7,453753
10892.7,453753
10892.5,453753
10892.4,453753
10892.7,453753
10892.4,453753
10891.6,453753
10892.3,453753
10892.8,453753
10892.8,453753
10892.5,453753
10892.5,453753
10892.4,453753
10892.8,453753
10892.6,453753
10892.5,453753
10892.6,453753
10892.7,453753
10892.7,453753
10892.6,453753
10892.8,453753
10892.6,453753
10892.5,453753
10892.7,453753
10892.6,453753
10892.6,453753
10892.3,453753
10892.5,453753
10892.6,453753
10892.8,453753
10892.6,453753
10892.3,453753
10892.3,453753
10892.1,453753
10892.4,453753
10892.7,453753
10892,453753
10892.6,453753
10892.6,453753
10891.9,453753
10892,453753
10890.9,453753
10892.4,453753
10892.6,453753
10892.1,453753
10892.5,453753
10892.4,453753
10892.5,453753
10892.3,453753
10892.7,453753
10893,453753
10892.4,453753
10892.2,453753
10892.7,453753
10892.1,453753
10892.2,453753
10892.1,453753
10892.8,453753
10892.6,453753
10892.4,453753
10893,453753
10892.6,453753
10892.6,453753
10892.5,453753
10892.3,453753
10892.1,453753
10892.7,453753
10893.1,453753
10892,453753
10892.6,453753
10892.7,453753
10892.7,453753
10893,453753
10892.8,453753
10892.7,453753
10892.2,453753
10893.2,453753
10893.2,453753
10892.6,453753
10892.6,453753
10892.3,453753
10892.5,453753
10892.7,453753
10892.6,453753
10892.5,453753
10892.6,453753
10892.5,453753
10892.1,453753
10892.8,453753
10891.9,453753
10892.3,453753
10892.3,453753
10892.4,453753
10892.7,453753
10893,453753
10892.2,453753
10892,453753
10892.4,453753
10892,453753
10892.1,453753
10892.4,453753
10892.7,453753
10892.4,453753
10892.9,453753
10892.7,453753
10892.9,453753
10892.6,453753
10892.4,453753
10892.5,453753
10892.6,453753
10892.8,453753
10893,453753
10893.2,453753
10892.5,453753
10892.8,453753
10892.8,453753
10892.6,453753
10892.6,453753
10891.7,453753
10892.6,453753
10892.3,453753
10892.4,453753
10891.9,453753
10891.9,453753
10892.7,453753
10892.5,453753
10892.4,453753
10892.4,453753
10892.2,453753
10892.1,453753
10892.5,453753
10892.2,453753
10892.3,453753
10892.6,453753
10892.9,453753
10892.4,453753
10893,453753
10892.7,453753
10892.6,453753
10892.7,453753
10893,453753
10892.3,453753
10892.4,453753
10892.6,453753
10893.2,453753
10892.5,453753
10893,453753
10892.8,453753
10892.7,453753
10892.6,453753
10891.8,453753
10892.8,453753
10892.5,453753
10892.5,453753
10893,453753
10892.3,453753
10892.3,453753
10892.2,453753
10892.8,453753
10892.2,453753
10892,453753
10892,453753
10892.4,453753
10892.7,453753
10892.6,453753
10892.7,453753
10892.2,453753
10893,453753
10893,453753
10892.7,453753
10893.1,453753
10892.6,453753
10892.3,453753
10892.6,453753
10892.4,453753
10892.4,453753
10892.8,453753
10892.6,453753
10892.6,453753
10892.1,453753
10892.8,453753
10892.7,453753
10892.6,453753
10892.8,453753
10893,453753
10893,453753
10892.4,453753
10892.4,453753
10892.4,453753
10892.9,453753
10892.5,453753
10892.1,453753
10892.2,453753
10892.4,453753
10892.4,453753
10892.1,453753
10892,453753
10892,453753
10892.4,453753
10892.8,453753
10892.7,453753
10892.4,453753
10892.5,453753
10892.6,453753
10892.4,453753
10892.9,453753
10892.5,453753
10892.1,453753
10892.4,453753
10892.7,453753
10892.5,453753
10892,453753
10892.4,453753
10892.5,453753
10892.9,453753
10892.5,453753
10892.1,453753
10892.5,453753
10892,453753
10892.7,453753
10892.9,453753
10892.3,453753
10892.1,453753
10892.4,453753
10891.1,453753
10892.7,453753
10893.1,453753
10892.7,453753
10892.2,453753
10892.5,453753
10892.5,453753
10892.6,453753
10892.5,453753
10893.1,453753
10892.9,453753
10892.5,453753
10892.3,453753
10893,453753
10892.5,453753
10892.5,453753
10892.9,453753
10892.8,453753
10892.4,453753
10892.5,453753
10892.5,453753
10892.6,453753
10892.8,453753
10892.8,453753
10892.5,453753
10892.2,453753
10892.8,453753
10892.3,453753
10892.5,453753
10892.4,453753
10892.1,453753
10892.5,453753
10892.7,453753
10892.7,453753
10892.4,453753
10892.7,453753
10893.1,453753
10893,453753
10892.6,453753
10892.6,453753
10892.7,453753
10892.6,453753
10892.3,453753
10892.5,453753
10892.6,453753
10892.6,453753
10892.3,453753
10893,453753
10892.4,453753
10892.6,453753
10892.1,453753
10892.1,453753
10892,453753
10892.8,453753
10892.4,453753
10892.1,453753
10890.8,453753
10892.5,453753
10893.1,453753
10892.4,453753
10891.8,453753
10891.8,453753
10892.6,453753
10891.2,453753
10892.5,453753
10892.6,453753
10892.4,453753
10892.1,453753
10892.7,453753
10892,453753
10891.9,453753
10892,453753
10892.5,453753
10892.8,453753
10892.6,453753
10892.8,453753
10892.6,453753
10892.2,453753
10892.9,453753
10892.5,453753
10892.7,453753
10892.4,453753
10892.2,453753
10892.1,453753
10891.5,453753
10891.5,453753
10892.6,453753
10892.8,453753
10892.5,453753
10892.6,453753
10892.5,453753
10892.6,453753
10892.8,453753
10892.3,453753
10893,453753
10892.6,453753
10892.6,453753
10892.9,453753
10892.4,453753
10892.6,453753
10892.6,453753
10892.4,453753
10892.8,453753
10892.9,453753
10892.9,453753
10892.5,453753
10892.6,453753
10892.7,453753
10892.4,453753
10892.6,453753
10892.7,453753
10892.4,453753
10892.6,453753
10892.3,453753
10892.5,453753
10892.4,453753
10892.9,453753
10892.6,453753
10892.7,453753
10891.7,453753
10892.4,453753
10892.7,453753
10892.8,453753
10892.2,453753
10892.1,453753
10892.8,453753
10892.6,453753
10892.6,453753
10892.8,453546
