TRACE,NSNPS_JACKKNIFE
10895.2,453753
10894.8,453753
10894.9,453753
10894.8,453753
10895.1,453753
10894.8,453753
10894.6,453753
10894.2,453753
10894.9,453753
10894.7,453753
10895,453753
10894.8,453753
10895.2,453753
10894.9,453753
10895.1,453753
10895.3,453753
10894.8,453753
10894.2,453753
10894.6,453753
10894.7,453753
10894.9,453753
10894.5,453753
10894.7,453753
10894.7,453753
10895.1,453753
10894.7,453753
10894.5,453753
10894.6,453753
10894.5,453753
10894.5,453753
10894.6,453753
10894.7,453753
10894.9,453753
10894.3,453753
10894.8,453753
10894.8,453753
10894.7,453753
10894.5,453753
10894.9,453753
10894.5,453753
10894.7,453753
10894.6,453753
10894.5,453753
10894.5,453753
10894.2,453753
10895,453753
10895.1,453753
10895.1,453753
10894.9,453753
10894.6,453753
10895,453753
10894.3,453753
10894.5,453753
10894.5,453753
10894.5,453753
10895,453753
10894.6,453753
10894.2,453753
10894.6,453753
10894.3,453753
10894.7,453753
10894.9,453753
10894.8,453753
10894.6,453753
10894.6,453753
10895,453753
10894.4,453753
10894.2,453753
10894.3,453753
10894.7,453753
10894.3,453753
10894.9,453753
10894.5,453753
10894.7,453753
10894.6,453753
10894.7,453753
10895,453753
10894.6,453753
10895,453753
10894.5,453753
10894.7,453753
10894.5,453753
10894.7,453753
10894.9,453753
10895,453753
10894.8,453753
10895.4,453753
10894.7,453753
10894.5,453753
10894.9,453753
10894.7,453753
10894.2,453753
10894.7,453753
10893.2,453753
10894.7,453753
10894.8,453753
10894.7,453753
10894.6,453753
10894.5,453753
10894.9,453753
10894.7,453753
10894.8,453753
10894.6,453753
10894.3,453753
10894.5,453753
10894.4,453753
10894.6,453753
10894.7,453753
10894.7,453753
10894.7,453753
10894.6,453753
10895.1,453753
10894.3,453753
10894.6,453753
10894.4,453753
10894.4,453753
10894.9,453753
10894.8,453753
10894.5,453753
10894.6,453753
10895,453753
10894.4,453753
10894.8,453753
10894.4,453753
10894.5,453753
10894.5,453753
10894.8,453753
10894.7,453753
10894.6,453753
10894,453753
10895.2,453753
10894.4,453753
10894.5,453753
10895.3,453753
10894.7,453753
10894.9,453753
10894.8,453753
10895,453753
10894.2,453753
10894.8,453753
10893.7,453753
10893.6,453753
10894.8,453753
10894.8,453753
10894.2,453753
10894.3,453753
10894.9,453753
10894.7,453753
10894.8,453753
10894.7,453753
10895.3,453753
10895.1,453753
10894.7,453753
10895.3,453753
10895.2,453753
10894.7,453753
10894.6,453753
10894.6,453753
10894.8,453753
10894.8,453753
10895,453753
10894.6,453753
10894.6,453753
10894.9,453753
10894.9,453753
10894.8,453753
10894.8,453753
10895.1,453753
10894.9,453753
10894.9,453753
10894.8,453753
10895,453753
10894.5,453753
10894.8,453753
10895,453753
10894.4,453753
10894.3,453753
10894.4,453753
10895,453753
10894.7,453753
10894.3,453753
10893,453753
10893.4,453753
10895,453753
10894.5,453753
10895,453753
10894.9,453753
10895,453753
10894.6,453753
10895,453753
10894.6,453753
10895.2,453753
10894.6,453753
10894.7,453753
10894,453753
10893.4,453753
10893.9,453753
10894.4,453753
10894.4,453753
10894.6,453753
10894.9,453753
10894.9,453753
10894.4,453753
10893.9,453753
10894.4,453753
10895.1,453753
10894.8,453753
10895,453753
10894.9,453753
10894.1,453753
10895,453753
10894.7,453753
10894.9,453753
10895,453753
10894.8,453753
10894.8,453753
10893,453753
10893.5,453753
10894.5,453753
10893.4,453753
10894.7,453753
10894.5,453753
10894.6,453753
10894.6,453753
10894.8,453753
10894.6,453753
10895.1,453753
10894.6,453753
10894.8,453753
10894.7,453753
10894.9,453753
10894.8,453753
10895.2,453753
10895.3,453753
10894.7,453753
10895.4,453753
10894.8,453753
10894.3,453753
10894.3,453753
10895.1,453753
10895,453753
10895,453753
10894.8,453753
10895,453753
10894.6,453753
10894.5,453753
10895.1,453753
10894.5,453753
10894.6,453753
10893.9,453753
10894.2,453753
10894.9,453753
10895,453753
10894.3,453753
10894.6,453753
10894.8,453753
10894.4,453753
10894.8,453753
10895,453753
10894.2,453753
10894.4,453753
10894.8,453753
10894.1,453753
10894.8,453753
10894.5,453753
10894,453753
10894.7,453753
10894.5,453753
10895,453753
10894.7,453753
10894.6,453753
10894.3,453753
10894.9,453753
10894.5,453753
10894.5,453753
10894.4,453753
10894.9,453753
10894.8,453753
10894.7,453753
10894.9,453753
10894.5,453753
10894.4,453753
10894.7,453753
10894.6,453753
10895.1,453753
10895,453753
10894.8,453753
10894.4,453753
10894.8,453753
10895.3,453753
10895.2,453753
10894.6,453753
10895.1,453753
10894.4,453753
10894.9,453753
10895.3,453753
10894.7,453753
10895,453753
10894.9,453753
10894.5,453753
10895,453753
10894.8,453753
10894.9,453753
10895.1,453753
10894.6,453753
10894.9,453753
10894.7,453753
10894.9,453753
10894.7,453753
10894.7,453753
10894.6,453753
10894.4,453753
10894.3,453753
10894.1,453753
10892.9,453753
10894,453753
10894.9,453753
10894.1,453753
10894.5,453753
10894.7,453753
10894.7,453753
10895.1,453753
10894.6,453753
10894.6,453753
10894.1,453753
10894.7,453753
10894.5,453753
10894.7,453753
10895.4,453753
10894.6,453753
10894.7,453753
10894.6,453753
10894.6,453753
10895,453753
10895,453753
10895,453753
10895,453753
10894.9,453753
10895.2,453753
10894.6,453753
10894.3,453753
10894.6,453753
10893.5,453753
10893.9,453753
10894.6,453753
10893.9,453753
10894.9,453753
10895.1,453753
10894.6,453753
10893.4,453753
10894.7,453753
10894.7,453753
10895.2,453753
10894.9,453753
10895.1,453753
10894.7,453753
10894.8,453753
10894.9,453753
10894.9,453753
10894.6,453753
10894.4,453753
10894.9,453753
10894.3,453753
10895,453753
10895,453753
10894.9,453753
10894.4,453753
10894.5,453753
10895,453753
10894.5,453753
10895.2,453753
10894.6,453753
10895.1,453753
10894.8,453753
10895.1,453753
10895,453753
10894.7,453753
10893.6,453753
10894.4,453753
10894.5,453753
10894.3,453753
10894.3,453753
10894.4,453753
10894.9,453753
10894.4,453753
10894.7,453753
10894.2,453753
10893.3,453753
10894.3,453753
10894.4,453753
10894.8,453753
10894.6,453753
10894.4,453753
10894.9,453753
10894.7,453753
10894.6,453753
10894.8,453753
10894.1,453753
10894.5,453753
10895,453753
10894.8,453753
10894.4,453753
10894.6,453753
10895.1,453753
10894.7,453753
10894,453753
10894.5,453753
10894.5,453753
10894.2,453753
10894.5,453753
10895.3,453753
10894.7,453753
10894.8,453753
10894.9,453753
10894.8,453753
10894.7,453753
10895.3,453753
10894.1,453753
10894.3,453753
10894.5,453753
10894.7,453753
10894.5,453753
10894.9,453753
10894.8,453753
10894.7,453753
10895,453753
10895,453753
10894.8,453753
10894.5,453753
10894.5,453753
10894.5,453753
10895.1,453753
10894.5,453753
10894.8,453753
10894.6,453753
10894.7,453753
10895.1,453753
10894.6,453753
10894.9,453753
10894.7,453753
10894.9,453753
10894.4,453753
10894.1,453753
10895,453753
10894.5,453753
10894.4,453753
10894.7,453753
10894.7,453753
10894.8,453753
10894.4,453753
10894.8,453753
10894.7,453753
10894,453753
10894,453753
10895.5,453753
10894.5,453753
10894.8,453753
10894.7,453753
10894.5,453753
10894.6,453753
10894.7,453753
10894.4,453753
10894.8,453753
10894.9,453753
10894.9,453753
10894.8,453753
10894.5,453753
10895.1,453753
10895.2,453753
10894.7,453753
10895,453753
10894.8,453753
10895,453753
10894.6,453753
10894.3,453753
10894.9,453753
10894.6,453753
10894.7,453753
10894.8,453753
10894.2,453753
10893.2,453753
10893.2,453753
10894.9,453753
10894.8,453753
10894.6,453753
10894.5,453753
10895.2,453753
10893.9,453753
10894.7,453753
10894.7,453753
10894.9,453753
10894.3,453753
10894.8,453753
10894.9,453753
10893.9,453753
10894.7,453753
10895,453753
10895,453753
10894.4,453753
10895.1,453753
10895,453753
10894.7,453753
10894.8,453753
10894.5,453753
10895.2,453753
10894.9,453753
10894.9,453753
10893.9,453753
10894.6,453753
10894.6,453753
10894.4,453753
10894.9,453753
10894.6,453753
10894,453753
10894,453753
10895.2,453753
10894.7,453753
10895.1,453753
10894.7,453753
10895,453753
10894.8,453753
10894.7,453753
10894.4,453753
10894.8,453753
10894.8,453753
10894.8,453753
10894.6,453753
10895.4,453753
10894.6,453753
10895.1,453753
10894.7,453753
10894.8,453753
10895.1,453753
10894.7,453753
10894.9,453753
10894.4,453753
10894.6,453753
10894.4,453753
10895.5,453753
10894.1,453753
10895.1,453753
10894.3,453753
10894,453753
10894.7,453753
10894.7,453753
10894.4,453753
10894.9,453753
10894.9,453753
10895.2,453753
10894.8,453753
10895,453753
10895,453753
10894.9,453753
10894.8,453753
10895,453753
10894.6,453753
10894.6,453753
10894.6,453753
10894.8,453753
10894.1,453753
10894.5,453753
10894.7,453753
10895.1,453753
10895.3,453753
10895.1,453753
10894.3,453753
10894.9,453753
10894.8,453753
10894.9,453753
10894.6,453753
10894.8,453753
10895.1,453753
10894.4,453753
10895,453753
10894.8,453753
10895,453753
10895.1,453753
10894.8,453753
10895,453753
10895,453753
10894.5,453753
10894.7,453753
10894.6,453753
10894.5,453753
10894.9,453753
10894.7,453753
10894.3,453753
10894.6,453753
10894.1,453753
10894.1,453753
10894.6,453753
10894.9,453753
10895.1,453753
10895.4,453753
10894.7,453753
10894,453753
10894.5,453753
10894.7,453753
10894.8,453753
10894.3,453753
10892.6,453753
10894.4,453753
10895,453753
10894.6,453753
10894.8,453753
10894.7,453753
10894.6,453753
10894.4,453753
10895,453753
10894.1,453753
10894.5,453753
10894.9,453753
10894.6,453753
10894.9,453753
10895.1,453753
10894.4,453753
10894.9,453753
10894.5,453753
10894.7,453753
10894.5,453753
10895.3,453753
10895.3,453753
10894.3,453753
10893.7,453753
10895.4,453753
10894,453753
10893.9,453753
10895,453753
10894.7,453753
10895.1,453753
10895.2,453753
10895.2,453753
10894.9,453753
10895,453753
10894.8,453753
10894.8,453753
10895.1,453753
10894.9,453753
10894.8,453753
10894.6,453753
10894.8,453753
10895,453753
10890.3,453753
10883.1,453753
10892,453753
10894.5,453753
10893.9,453753
10894.6,453753
10895.2,453753
10894.4,453753
10894.5,453753
10895,453753
10894.4,453753
10894,453753
10894.3,453753
10893.9,453753
10895.1,453753
10895.1,453753
10895.3,453753
10894.5,453753
10894.8,453753
10894.5,453753
10895.2,453753
10894.7,453753
10895.1,453753
10895,453753
10894.6,453753
10894.7,453753
10894.6,453753
10895.1,453753
10895,453753
10894.9,453753
10895.2,453753
10895,453753
10894.7,453753
10894.8,453753
10894.8,453753
10894.9,453753
10894.6,453753
10895.1,453753
10895.1,453753
10894.4,453753
10894.7,453753
10895.1,453753
10895,453753
10894.5,453753
10894.7,453753
10894.2,453753
10893,453753
10894,453753
10894.8,453753
10894.8,453753
10894.7,453753
10894.5,453753
10894.2,453753
10894.5,453753
10894.7,453753
10894.8,453753
10894.8,453753
10895,453753
10894.8,453753
10894.7,453753
10894.3,453753
10894.6,453753
10894.5,453753
10894.5,453753
10893.9,453753
10894.9,453753
10894.8,453753
10895,453753
10894.7,453753
10894,453753
10894.9,453753
10895.3,453753
10895,453753
10894.2,453753
10894.2,453753
10895.1,453753
10895,453753
10894.8,453753
10895.3,453753
10894.7,453753
10894.4,453753
10895.1,453753
10895.1,453753
10894.9,453753
10895.1,453753
10894.9,453753
10895.1,453753
10894.9,453753
10895,453753
10894.6,453753
10894.7,453753
10895,453753
10894.8,453753
10895.3,453753
10893.9,453753
10895,453753
10894.6,453753
10894.7,453753
10894.9,453753
10894.5,453753
10894.9,453753
10895.1,453753
10894.4,453753
10894.4,453753
10894.7,453753
10894.9,453753
10894.9,453753
10894.7,453753
10895.2,453753
10895.2,453753
10894.8,453753
10894.9,453753
10894.6,453753
10894.7,453753
10895.1,453753
10894.6,453753
10894.6,453753
10894.7,453753
10894.9,453753
10895,453753
10895.5,453753
10894.7,453753
10894.9,453753
10894.6,453753
10894.8,453753
10894.5,453753
10894.3,453753
10895.2,453753
10894.2,453753
10895.1,453753
10894.5,453753
10894.7,453753
10894.9,453753
10895.2,453753
10894.5,453753
10894.7,453753
10894.6,453753
10894.5,453753
10894.8,453753
10895.2,453753
10895.2,453753
10894.7,453753
10894.8,453753
10894.9,453753
10894.9,453753
10894.8,453753
10895,453753
10894.3,453753
10894.2,453753
10895.1,453753
10895,453753
10894.8,453753
10895.1,453753
10894.8,453753
10894.2,453753
10894.3,453753
10894.5,453753
10894.4,453753
10894.7,453753
10894.6,453753
10894.9,453753
10895.2,453753
10894.7,453753
10894.9,453753
10894.8,453753
10894.2,453753
10894.6,453753
10894.9,453753
10894.9,453753
10893.6,453753
10894.5,453753
10894.3,453753
10895,453753
10894.7,453753
10895,453753
10894.8,453753
10894.8,453753
10895.2,453753
10894.8,453753
10894.4,453753
10894.9,453753
10895.1,453753
10894.3,453753
10894.9,453753
10895.2,453753
10895,453753
10894.9,453753
10895.3,453753
10895,453753
10894.9,453753
10894.4,453753
10894.8,453753
10894.3,453753
10894.9,453753
10894.4,453753
10895,453753
10894.8,453753
10894.8,453753
10894.7,453753
10894.4,453753
10893.6,453753
10894.9,453753
10894.9,453753
10895,453753
10894.3,453753
10894.7,453753
10894.5,453753
10894.6,453753
10895.2,453753
10894.8,453753
10894.8,453753
10894.7,453753
10893.8,453753
10894.8,453753
10894.8,453753
10894.6,453753
10894.4,453753
10894.8,453753
10895.3,453753
10894.4,453753
10894.9,453753
10894.5,453753
10894.3,453753
10894.2,453753
10894.9,453753
10895,453753
10894.4,453753
10893.6,453753
10894.1,453753
10893.7,453753
10895.2,453753
10894.6,453753
10894.8,453753
10893.5,453753
10895.1,453753
10895,453753
10895,453753
10894.8,453753
10894.9,453753
10894.5,453753
10894.9,453753
10894.7,453753
10894.8,453753
10894.5,453753
10894.1,453753
10895,453753
10895,453753
10894.9,453753
10894.4,453753
10895,453753
10895,453753
10894.7,453753
10894.7,453753
10894.8,453753
10894.7,453753
10894.5,453753
10894.7,453753
10894.5,453753
10894.5,453753
10894.9,453753
10894.9,453753
10894.3,453753
10894.3,453753
10894.5,453753
10895,453753
10894.8,453753
10894.7,453753
10895,453753
10895.1,453753
10894.8,453753
10894.6,453753
10894.6,453753
10895.2,453753
10894.9,453753
10894.5,453753
10894.9,453753
10895.5,453753
10895.1,453753
10895.2,453753
10894.7,453753
10894,453753
10894.7,453753
10894.5,453753
10894.9,453753
10894.4,453753
10893.3,453753
10894.2,453753
10895,453753
10894.7,453753
10894.2,453753
10894.8,453753
10894.1,453753
10893.9,453753
10894.9,453753
10894.7,453753
10894.9,453753
10895.1,453753
10894.8,453753
10892.8,453753
10894.3,453753
10894.8,453753
10894.8,453753
10895,453753
10894.2,453753
10895.1,453753
10895.1,453753
10895.1,453753
10894.6,453753
10894.9,453753
10894.8,453753
10894.7,453753
10894.3,453753
10894.7,453753
10894.3,453753
10893.8,453753
10894.8,453753
10894.8,453753
10894.9,453753
10894.9,453753
10894.6,453753
10895,453753
10895.1,453753
10894.5,453753
10894.6,453753
10894.7,453753
10895.1,453753
10894.9,453753
10894.6,453753
10895,453753
10895,453753
10894.8,453753
10895,453753
10895,453753
10894.6,453753
10894.7,453753
10895.3,453753
10895,453753
10894.9,453753
10894.5,453753
10894.8,453753
10895.1,453753
10895,453753
10894.9,453753
10895,453753
10894.9,453753
10894.6,453753
10895.4,453753
10894.7,453753
10894.4,453753
10894.1,453753
10894.8,453753
10895,453753
10894.1,453753
10894.3,453753
10894.5,453753
10894.8,453753
10895,453753
10895,453546
