TRACE,NSNPS_JACKKNIFE
10872.5,453753
10872.6,453753
10872.5,453753
10872.4,453753
10872,453753
10872.2,453753
10872.3,453753
10872.6,453753
10872,453753
10871.8,453753
10872.4,453753
10871.8,453753
10872.6,453753
10872.2,453753
10872.5,453753
10872.2,453753
10872.3,453753
10871.8,453753
10872.7,453753
10872.2,453753
10872.3,453753
10872.8,453753
10872.1,453753
10872.5,453753
10872.8,453753
10872.4,453753
10872,453753
10871.9,453753
10872.7,453753
10872,453753
10871.9,453753
10871.9,453753
10872.4,453753
10872.4,453753
10872.4,453753
10872,453753
10872.1,453753
10872.3,453753
10872.5,453753
10872.7,453753
10872.4,453753
10872.3,453753
10872,453753
10871.6,453753
10872,453753
10872.6,453753
10872.3,453753
10872.1,453753
10872.3,453753
10872.8,453753
10872.6,453753
10871.7,453753
10872.1,453753
10872.6,453753
10871.9,453753
10872,453753
10872.5,453753
10871.9,453753
10872,453753
10871.7,453753
10872.2,453753
10872.4,453753
10872.7,453753
10872.1,453753
10872,453753
10872.7,453753
10872.2,453753
10872.1,453753
10871.9,453753
10872.3,453753
10871.8,453753
10872.5,453753
10872.7,453753
10872.5,453753
10872.6,453753
10872.3,453753
10872.6,453753
10872.4,453753
10872.8,453753
10872.5,453753
10872.3,453753
10872.5,453753
10872.7,453753
10872.6,453753
10872.5,453753
10872.6,453753
10872.4,453753
10872.9,453753
10872.4,453753
10872,453753
10871.8,453753
10872.2,453753
10872.1,453753
10871.5,453753
10872.3,453753
10871.9,453753
10872.1,453753
10872.3,453753
10872.9,453753
10872.1,453753
10872.1,453753
10872.5,453753
10871.9,453753
10872.4,453753
10871.7,453753
10872.1,453753
10872.4,453753
10872.2,453753
10872.3,453753
10872,453753
10872.1,453753
10872.3,453753
10871.6,453753
10871.9,453753
10872,453753
10871.6,453753
10872.3,453753
10872.6,453753
10872,453753
10872,453753
10871.8,453753
10872.6,453753
10872,453753
10872.1,453753
10872.2,453753
10872.2,453753
10872.2,453753
10872.6,453753
10871.9,453753
10872.3,453753
10871.9,453753
10871.7,453753
10872.4,453753
10872.1,453753
10872.4,453753
10871.5,453753
10872.1,453753
10872.8,453753
10871.8,453753
10872.6,453753
10871.5,453753
10871.5,453753
10871.7,453753
10871.9,453753
10872.2,453753
10872.6,453753
10872.4,453753
10872.1,453753
10872.4,453753
10872.4,453753
10872.7,453753
10872.2,453753
10872.5,453753
10872.4,453753
10872.2,453753
10872.2,453753
10872.4,453753
10872.2,453753
10872.1,453753
10872.5,453753
10872.3,453753
10872.1,453753
10872.7,453753
10872.5,453753
10872.4,453753
10872.4,453753
10872.7,453753
10872.4,453753
10872.2,453753
10872.5,453753
10872.1,453753
10872.5,453753
10872.5,453753
10872.7,453753
10872.5,453753
10872.2,453753
10872.7,453753
10872.3,453753
10872.8,453753
10872.7,453753
10872.5,453753
10870.6,453753
10871.3,453753
10872,453753
10872.1,453753
10872.6,453753
10872.4,453753
10872.3,453753
10872.8,453753
10872.2,453753
10872.3,453753
10873,453753
10872,453753
10871.8,453753
10871.5,453753
10871.4,453753
10871.7,453753
10871.7,453753
10872.5,453753
10872.1,453753
10872,453753
10872.2,453753
10871.9,453753
10871.9,453753
10872.5,453753
10872.1,453753
10872,453753
10872.4,453753
10872,453753
10872.3,453753
10872.4,453753
10872.2,453753
10872.5,453753
10872,453753
10871.9,453753
10872.2,453753
10872.2,453753
10872,453753
10871.8,453753
10871.6,453753
10872.8,453753
10872.2,453753
10872.4,453753
10872.4,453753
10872.2,453753
10872.5,453753
10872,453753
10872.6,453753
10872,453753
10872.3,453753
10872.1,453753
10872,453753
10871.7,453753
10872.5,453753
10872.7,453753
10872.6,453753
10872.3,453753
10871.9,453753
10872,453753
10872.5,453753
10872.1,453753
10872.6,453753
10872.3,453753
10872.1,453753
10872.4,453753
10871.8,453753
10872.5,453753
10872.3,453753
10872.6,453753
10871.5,453753
10872.4,453753
10871.9,453753
10872.1,453753
10872,453753
10872.5,453753
10872.5,453753
10871.9,453753
10872,453753
10872.3,453753
10872.4,453753
10872.3,453753
10872.6,453753
10872.1,453753
10872.2,453753
10872.3,453753
10871.8,453753
10872,453753
10871.6,453753
10872.3,453753
10872.3,453753
10872.4,453753
10871.6,453753
10871.9,453753
10872.3,453753
10872.4,453753
10871.8,453753
10872.7,453753
10872.2,453753
10872.2,453753
10871.5,453753
10872.3,453753
10872.3,453753
10872.8,453753
10872,453753
10871.8,453753
10872,453753
10872.4,453753
10872.3,453753
10872.5,453753
10872.7,453753
10872.8,453753
10872.4,453753
10872.7,453753
10871.9,453753
10872.7,453753
10872.4,453753
10872.4,453753
10872.4,453753
10872.4,453753
10872.4,453753
10872.7,453753
10872.4,453753
10872.6,453753
10872.5,453753
10872.4,453753
10872.4,453753
10872.6,453753
10872.4,453753
10872.2,453753
10872.5,453753
10872.2,453753
10872.1,453753
10871.9,453753
10871.7,453753
10871.6,453753
10872.2,453753
10872,453753
10872,453753
10872.4,453753
10872.4,453753
10872.1,453753
10872.7,453753
10872.3,453753
10872.5,453753
10872.4,453753
10872.1,453753
10871.5,453753
10872,453753
10872.4,453753
10872.2,453753
10872.1,453753
10872.2,453753
10872.2,453753
10872.1,453753
10872.6,453753
10872.2,453753
10872.3,453753
10872.2,453753
10872.9,453753
10872.2,453753
10872,453753
10872.4,453753
10871.6,453753
10871.4,453753
10872.4,453753
10872.1,453753
10872.5,453753
10872.1,453753
10872.3,453753
10871.6,453753
10871.9,453753
10872.5,453753
10872.7,453753
10872.6,453753
10873.3,453753
10872.4,453753
10872.4,453753
10872.3,453753
10872.2,453753
10872.1,453753
10872.8,453753
10872.8,453753
10872,453753
10872.6,453753
10872.5,453753
10872.2,453753
10872.4,453753
10872.1,453753
10871.8,453753
10872.5,453753
10872.6,453753
10872.7,453753
10872.2,453753
10872.4,453753
10872.6,453753
10872.1,453753
10871.8,453753
10871.6,453753
10872.1,453753
10872.3,453753
10871.4,453753
10871.9,453753
10871.6,453753
10872.1,453753
10872.3,453753
10872.2,453753
10871.9,453753
10872.1,453753
10872.3,453753
10872.2,453753
10872.2,453753
10872.4,453753
10872.4,453753
10872.1,453753
10871.9,453753
10871.4,453753
10872,453753
10871.7,453753
10871.7,453753
10872.5,453753
10872.5,453753
10872,453753
10872.6,453753
10872.3,453753
10872.4,453753
10871.3,453753
10872.4,453753
10872,453753
10871.9,453753
10872.3,453753
10871.9,453753
10872.4,453753
10872.5,453753
10872.2,453753
10872.3,453753
10872.6,453753
10872.4,453753
10872.3,453753
10871.9,453753
10871.5,453753
10871.8,453753
10872.8,453753
10872.4,453753
10872.4,453753
10872.3,453753
10872.5,453753
10872.2,453753
10872.2,453753
10872.2,453753
10872.4,453753
10872.4,453753
10872.4,453753
10871.2,453753
10871.7,453753
10872.3,453753
10872.4,453753
10872.3,453753
10872.1,453753
10872.4,453753
10872,453753
10871.6,453753
10871.8,453753
10870.9,453753
10872,453753
10872,453753
10872.4,453753
10872.7,453753
10872.6,453753
10872.2,453753
10871.9,453753
10872.2,453753
10872.1,453753
10872,453753
10871.9,453753
10872.4,453753
10872.3,453753
10872.4,453753
10872.7,453753
10871.4,453753
10872.1,453753
10872.5,453753
10872.7,453753
10872.4,453753
10872.3,453753
10872.6,453753
10871.7,453753
10872.3,453753
10872.4,453753
10872.4,453753
10872.7,453753
10872.6,453753
10872.4,453753
10872.6,453753
10871.9,453753
10872.2,453753
10872.9,453753
10871.9,453753
10872,453753
10872.5,453753
10871.5,453753
10870.2,453753
10871.1,453753
10872.4,453753
10872.1,453753
10872.2,453753
10872.6,453753
10872.5,453753
10872,453753
10872.2,453753
10872.3,453753
10872.4,453753
10871.8,453753
10872.5,453753
10872.9,453753
10871.3,453753
10872.6,453753
10872.6,453753
10872.5,453753
10872.7,453753
10872.6,453753
10871.5,453753
10872.2,453753
10872.4,453753
10872.2,453753
10872.4,453753
10872.4,453753
10872.2,453753
10872.1,453753
10872.1,453753
10872.6,453753
10872.3,453753
10871.6,453753
10871.8,453753
10871.9,453753
10871.8,453753
10872.7,453753
10872.1,453753
10872.4,453753
10872.5,453753
10872.7,453753
10872,453753
10872.3,453753
10872.8,453753
10871.8,453753
10872,453753
10872.4,453753
10872.1,453753
10872.7,453753
10872.1,453753
10872.8,453753
10872.1,453753
10872.5,453753
10872.6,453753
10872.4,453753
10872.5,453753
10871.9,453753
10872.5,453753
10871.9,453753
10872.7,453753
10872.1,453753
10872.3,453753
10871.7,453753
10870.9,453753
10872.6,453753
10872.4,453753
10872.7,453753
10872.4,453753
10872.3,453753
10872.6,453753
10872.7,453753
10872.2,453753
10872.8,453753
10872.2,453753
10872,453753
10871.6,453753
10872.1,453753
10872.9,453753
10872.4,453753
10872.3,453753
10872.4,453753
10871.9,453753
10872.3,453753
10871.9,453753
10872.5,453753
10872.1,453753
10872.3,453753
10872,453753
10872.2,453753
10872.1,453753
10872.4,453753
10872.6,453753
10872.7,453753
10871.6,453753
10872.6,453753
10873,453753
10872.4,453753
10871.5,453753
10872.4,453753
10872.1,453753
10872.1,453753
10872.3,453753
10872.7,453753
10872.6,453753
10872,453753
10872.1,453753
10872.1,453753
10872.4,453753
10872.3,453753
10871.5,453753
10871,453753
10872.2,453753
10872.1,453753
10872.2,453753
10872,453753
10872.4,453753
10872.3,453753
10872.2,453753
10872.2,453753
10872.3,453753
10872.4,453753
10871,453753
10872.7,453753
10872.8,453753
10872.4,453753
10872,453753
10872.6,453753
10872.5,453753
10872.7,453753
10872.2,453753
10871,453753
10872.3,453753
10872.1,453753
10872.3,453753
10872.3,453753
10872.3,453753
10872.2,453753
10872.3,453753
10872.5,453753
10872.3,453753
10872.1,453753
10872.7,453753
10872.1,453753
10871.6,453753
10870.6,453753
10872.2,453753
10872.1,453753
10872,453753
10872.3,453753
10872,453753
10872.1,453753
10872.4,453753
10872.5,453753
10872.2,453753
10872.7,453753
10872.4,453753
10872.1,453753
10872.2,453753
10872.5,453753
10872.3,453753
10872.4,453753
10872.4,453753
10871.9,453753
10867.2,453753
10860.3,453753
10869.7,453753
10872.5,453753
10872.5,453753
10871.6,453753
10872.1,453753
10872.2,453753
10872.2,453753
10872.1,453753
10872.1,453753
10871.2,453753
10872.1,453753
10871.7,453753
10872.3,453753
10872.3,453753
10872.1,453753
10871.3,453753
10872.5,453753
10872.3,453753
10871.7,453753
10872.2,453753
10872.4,453753
10872.5,453753
10872.6,453753
10872.4,453753
10871.9,453753
10872.3,453753
10872.4,453753
10872.5,453753
10872.1,453753
10872.2,453753
10872.4,453753
10872.4,453753
10872.4,453753
10872,453753
10872.5,453753
10872.3,453753
10872.2,453753
10872.2,453753
10872.5,453753
10872.9,453753
10872.7,453753
10871.9,453753
10872,453753
10871.6,453753
10870.2,453753
10871.9,453753
10872.5,453753
10872.1,453753
10871.6,453753
10872.3,453753
10872.4,453753
10871.4,453753
10872.2,453753
10872.5,453753
10872.7,453753
10871.8,453753
10872.3,453753
10872.2,453753
10871.8,453753
10872,453753
10872.4,453753
10872.6,453753
10872.3,453753
10872.4,453753
10872.4,453753
10872.1,453753
10872.6,453753
10872.4,453753
10872,453753
10872.3,453753
10872.5,453753
10872.2,453753
10872.2,453753
10872.1,453753
10872.4,453753
10872.3,453753
10872.5,453753
10871.6,453753
10871.9,453753
10872.7,453753
10872.4,453753
10872.2,453753
10872.3,453753
10872.1,453753
10872.7,453753
10872.3,453753
10872.5,453753
10872.2,453753
10872.5,453753
10872.8,453753
10872,453753
10872.2,453753
10871.3,453753
10871.8,453753
10871.7,453753
10871.7,453753
10872.1,453753
10872.8,453753
10872.3,453753
10872.2,453753
10872.1,453753
10872.2,453753
10872,453753
10872.4,453753
10872.7,453753
10872.7,453753
10872.4,453753
10872.2,453753
10872.6,453753
10872.4,453753
10872.5,453753
10872.3,453753
10872.6,453753
10872.3,453753
10872,453753
10872.6,453753
10872.7,453753
10871.8,453753
10872.6,453753
10872.6,453753
10872.3,453753
10872.1,453753
10871.8,453753
10872.2,453753
10872.4,453753
10872.4,453753
10871.8,453753
10872.1,453753
10872.2,453753
10872.6,453753
10872.3,453753
10871.9,453753
10871.9,453753
10872.5,453753
10872.3,453753
10871.9,453753
10872.7,453753
10872.5,453753
10872.6,453753
10872.2,453753
10872.5,453753
10872.4,453753
10872.9,453753
10872.2,453753
10872.5,453753
10872.4,453753
10872.1,453753
10872.8,453753
10873.1,453753
10871.9,453753
10872.5,453753
10872.4,453753
10872.6,453753
10872.2,453753
10872.1,453753
10871.5,453753
10872.6,453753
10872.5,453753
10872.6,453753
10872.1,453753
10872.6,453753
10872.3,453753
10872.7,453753
10870.8,453753
10872.1,453753
10872.3,453753
10872.3,453753
10871.7,453753
10872.7,453753
10872.5,453753
10872.6,453753
10872.8,453753
10872.9,453753
10872.3,453753
10872.3,453753
10872.4,453753
10872.2,453753
10872,453753
10872.4,453753
10872.5,453753
10872.3,453753
10872.4,453753
10872.5,453753
10872.6,453753
10872.5,453753
10872.5,453753
10872.2,453753
10871.9,453753
10872.8,453753
10872.4,453753
10871.9,453753
10872.3,453753
10872.4,453753
10872.5,453753
10872.3,453753
10872.3,453753
10872.4,453753
10872.5,453753
10871.3,453753
10871.9,453753
10873,453753
10872.1,453753
10872.7,453753
10872.6,453753
10872.1,453753
10872.3,453753
10872.6,453753
10872.2,453753
10872.6,453753
10872.2,453753
10872.2,453753
10872.9,453753
10872.6,453753
10872.5,453753
10872.3,453753
10872.7,453753
10872.9,453753
10872.7,453753
10872.5,453753
10871.6,453753
10872.2,453753
10872.4,453753
10872.3,453753
10872.2,453753
10871.9,453753
10871.8,453753
10871.5,453753
10870.7,453753
10872.1,453753
10872.5,453753
10872.4,453753
10872.3,453753
10872.7,453753
10872.4,453753
10872.8,453753
10872.6,453753
10872.5,453753
10872.4,453753
10872.7,453753
10872.4,453753
10872.3,453753
10872.3,453753
10872.6,453753
10872.7,453753
10873.1,453753
10872.6,453753
10872,453753
10872.5,453753
10872.7,453753
10872.2,453753
10872.6,453753
10872.6,453753
10871.7,453753
10872.2,453753
10872.2,453753
10872.5,453753
10871.7,453753
10872.1,453753
10872.5,453753
10872.8,453753
10872.1,453753
10872.5,453753
10872.7,453753
10872.2,453753
10872.4,453753
10871.8,453753
10872.6,453753
10872.5,453753
10872.2,453753
10872,453753
10872.4,453753
10872.2,453753
10872.4,453753
10872.2,453753
10872.8,453753
10871.9,453753
10872.3,453753
10871.9,453753
10870.6,453753
10872.4,453753
10872.3,453753
10872.4,453753
10871.7,453753
10871.6,453753
10872.3,453753
10872.5,453753
10872.4,453753
10871.7,453753
10872.4,453753
10872.1,453753
10871.3,453753
10871.7,453753
10872.1,453753
10872.3,453753
10872.7,453753
10872.4,453753
10871.1,453753
10872.2,453753
10872.6,453753
10872.5,453753
10872.2,453753
10872.4,453753
10872.7,453753
10872.7,453753
10872.4,453753
10872.2,453753
10871.9,453753
10872.6,453753
10872.6,453753
10872.3,453753
10871.8,453753
10871.4,453753
10871,453753
10872.1,453753
10872.4,453753
10872.7,453753
10872,453753
10872.2,453753
10872.5,453753
10872.4,453753
10872.7,453753
10872.6,453753
10872.6,453753
10872.4,453753
10873,453753
10872,453753
10872.5,453753
10872.1,453753
10872.5,453753
10872.6,453753
10872.5,453753
10872.3,453753
10872.6,453753
10871.9,453753
10872.6,453753
10872,453753
10872.5,453753
10872.3,453753
10872.1,453753
10872,453753
10871.9,453753
10872.6,453753
10872.5,453753
10872.5,453753
10872.2,453753
10872.1,453753
10872.4,453753
10872.3,453753
10872.9,453753
10872.3,453753
10871.8,453753
10871.9,453753
10872.4,453753
10872.6,453753
10872.8,453753
10873,453546
