TRACE,NSNPS_JACKKNIFE
10896.6,453753
10896.4,453753
10896.4,453753
10896.5,453753
10896.3,453753
10896.8,453753
10896.4,453753
10895.9,453753
10896.2,453753
10895.9,453753
10896.2,453753
10896,453753
10896.3,453753
10895.7,453753
10895.7,453753
10896.4,453753
10895.5,453753
10896,453753
10896.1,453753
10895.6,453753
10896.2,453753
10896.2,453753
10896.1,453753
10895.7,453753
10896.4,453753
10895.8,453753
10895.1,453753
10895.6,453753
10896,453753
10896,453753
10896.2,453753
10896.6,453753
10896.1,453753
10895.6,453753
10895.9,453753
10896.1,453753
10895.9,453753
10896.3,453753
10896.2,453753
10895.8,453753
10896.2,453753
10896.4,453753
10896.1,453753
10895.4,453753
10895.9,453753
10896,453753
10895.4,453753
10896.8,453753
10896.6,453753
10896.5,453753
10896.3,453753
10896.2,453753
10895.5,453753
10895.9,453753
10895.8,453753
10896.1,453753
10896.1,453753
10895.7,453753
10895.8,453753
10895.3,453753
10896.1,453753
10896.3,453753
10896.3,453753
10895.9,453753
10896.5,453753
10896.1,453753
10895.8,453753
10896,453753
10896.1,453753
10895.7,453753
10895.5,453753
10895.8,453753
10896.3,453753
10896.7,453753
10896.2,453753
10895.9,453753
10896.4,453753
10896.1,453753
10896.3,453753
10896.7,453753
10895.8,453753
10896.5,453753
10896.1,453753
10896.5,453753
10896,453753
10896,453753
10896.4,453753
10896.4,453753
10896.1,453753
10896.6,453753
10896.4,453753
10895.9,453753
10896.4,453753
10895.1,453753
10895.8,453753
10895.7,453753
10896.2,453753
10896.1,453753
10896.2,453753
10896.1,453753
10895.4,453753
10896.1,453753
10895.6,453753
10896,453753
10895.8,453753
10895.6,453753
10895.9,453753
10896,453753
10895.8,453753
10895.7,453753
10896,453753
10896.1,453753
10895.7,453753
10896.1,453753
10896.2,453753
10896,453753
10895.9,453753
10895.9,453753
10896,453753
10896.1,453753
10896,453753
10896.1,453753
10895.8,453753
10896.1,453753
10896.3,453753
10895.9,453753
10896,453753
10895.9,453753
10895.8,453753
10896.1,453753
10895.6,453753
10895.5,453753
10895.4,453753
10896,453753
10896,453753
10896.1,453753
10896,453753
10896.4,453753
10896.3,453753
10896.1,453753
10895.6,453753
10895,453753
10896.1,453753
10896.1,453753
10895.8,453753
10896.1,453753
10895.7,453753
10895.9,453753
10895.9,453753
10896.3,453753
10895.9,453753
10895.9,453753
10896.4,453753
10896.1,453753
10896.6,453753
10896.3,453753
10896.3,453753
10896.1,453753
10896.3,453753
10896.2,453753
10896.5,453753
10896.2,453753
10896,453753
10896.1,453753
10896.4,453753
10896.3,453753
10895.8,453753
10896,453753
10896.3,453753
10896.4,453753
10896,453753
10895.8,453753
10896.3,453753
10895.9,453753
10896.4,453753
10896,453753
10896.3,453753
10895.9,453753
10895.9,453753
10895.7,453753
10895.9,453753
10894,453753
10894.6,453753
10896.4,453753
10896.1,453753
10896.2,453753
10896.3,453753
10896.1,453753
10896.1,453753
10896,453753
10896.2,453753
10896.2,453753
10895.5,453753
10895.3,453753
10895,453753
10895.5,453753
10895.6,453753
10895.8,453753
10896,453753
10895.9,453753
10895.5,453753
10896.1,453753
10895.9,453753
10895.1,453753
10896.1,453753
10896.3,453753
10896.2,453753
10896.1,453753
10896.2,453753
10896,453753
10895.7,453753
10895.8,453753
10896.3,453753
10896.2,453753
10895.7,453753
10895.9,453753
10895.3,453753
10895.7,453753
10895.4,453753
10895.2,453753
10896.4,453753
10896.5,453753
10896.2,453753
10896.1,453753
10896.5,453753
10896,453753
10895.7,453753
10896.1,453753
10896.1,453753
10896,453753
10895.7,453753
10895.6,453753
10896.4,453753
10896.2,453753
10896.3,453753
10896.2,453753
10896.3,453753
10896.1,453753
10895.3,453753
10896,453753
10896.2,453753
10896.3,453753
10896.1,453753
10896.1,453753
10895.9,453753
10896.3,453753
10895.5,453753
10896.2,453753
10896.2,453753
10895.6,453753
10895.4,453753
10896.2,453753
10895.7,453753
10896.3,453753
10896,453753
10895.8,453753
10895.9,453753
10896.2,453753
10895.5,453753
10895.9,453753
10896.4,453753
10895.9,453753
10894.9,453753
10896.1,453753
10896.2,453753
10895.9,453753
10895.8,453753
10894.8,453753
10896.5,453753
10895.8,453753
10896.2,453753
10895.5,453753
10896.8,453753
10895.6,453753
10895.8,453753
10895.9,453753
10896,453753
10895.9,453753
10895.8,453753
10895.7,453753
10895.9,453753
10896.3,453753
10895.8,453753
10895.8,453753
10896.2,453753
10895.9,453753
10896.1,453753
10896.3,453753
10896.5,453753
10895.7,453753
10896.2,453753
10896.3,453753
10896.3,453753
10896.4,453753
10895.9,453753
10896.4,453753
10895.9,453753
10895.8,453753
10896.2,453753
10896.1,453753
10896.3,453753
10896.2,453753
10896.5,453753
10896.4,453753
10896.1,453753
10896.6,453753
10896.1,453753
10896.1,453753
10896.4,453753
10896.3,453753
10896.3,453753
10896.2,453753
10895.7,453753
10895.2,453753
10895.3,453753
10896,453753
10895.6,453753
10895.5,453753
10895.5,453753
10895.4,453753
10896,453753
10896,453753
10895.9,453753
10896,453753
10896.1,453753
10896.1,453753
10896,453753
10896.1,453753
10895.9,453753
10895.5,453753
10895.2,453753
10895.8,453753
10895.9,453753
10896.4,453753
10895.4,453753
10896.4,453753
10895.7,453753
10896,453753
10896.1,453753
10896.3,453753
10895.9,453753
10895.3,453753
10895,453753
10895.7,453753
10895.6,453753
10895.6,453753
10896.4,453753
10895.7,453753
10896.1,453753
10894.1,453753
10895.8,453753
10896,453753
10895.8,453753
10896.2,453753
10896.2,453753
10895.9,453753
10895.8,453753
10896.6,453753
10896.4,453753
10896,453753
10896.4,453753
10896.6,453753
10896.2,453753
10896,453753
10896.3,453753
10896.3,453753
10896.3,453753
10896.3,453753
10895.8,453753
10896.4,453753
10895.8,453753
10896.1,453753
10896.1,453753
10896.2,453753
10896.2,453753
10895.6,453753
10895.4,453753
10895,453753
10895.7,453753
10895.8,453753
10895.2,453753
10894.8,453753
10895.9,453753
10896.2,453753
10895.7,453753
10896.2,453753
10895.7,453753
10895.4,453753
10895.8,453753
10896.2,453753
10895.8,453753
10895.9,453753
10896,453753
10895.6,453753
10895.5,453753
10895.3,453753
10895.6,453753
10895.4,453753
10895.1,453753
10896.1,453753
10895.6,453753
10896.5,453753
10896.7,453753
10895.9,453753
10896.2,453753
10895.2,453753
10896,453753
10896.2,453753
10895.6,453753
10896.3,453753
10896.1,453753
10896.1,453753
10896,453753
10896,453753
10896,453753
10896.3,453753
10896,453753
10896.3,453753
10896.1,453753
10895.8,453753
10896.1,453753
10896.3,453753
10896.7,453753
10895.9,453753
10896.3,453753
10896.1,453753
10896.4,453753
10895.8,453753
10896,453753
10896,453753
10896.5,453753
10895.9,453753
10895.3,453753
10896.2,453753
10895.7,453753
10896.2,453753
10896.5,453753
10896.4,453753
10895.8,453753
10896.3,453753
10895.6,453753
10895.8,453753
10893.9,453753
10895.5,453753
10896.2,453753
10896,453753
10896.1,453753
10896.3,453753
10895.7,453753
10895.7,453753
10895.7,453753
10895.7,453753
10895.9,453753
10896.3,453753
10896,453753
10896.3,453753
10896.4,453753
10895.2,453753
10895.3,453753
10895.6,453753
10895.6,453753
10896,453753
10896.3,453753
10895.5,453753
10896.4,453753
10896.2,453753
10896.3,453753
10896,453753
10896,453753
10896.5,453753
10896.7,453753
10896,453753
10896,453753
10896.3,453753
10896.1,453753
10896.1,453753
10895.9,453753
10895.9,453753
10896.5,453753
10895.6,453753
10893.1,453753
10893.5,453753
10896.1,453753
10895.2,453753
10896.1,453753
10895.6,453753
10895.8,453753
10895.9,453753
10896.3,453753
10896.6,453753
10896.8,453753
10896.1,453753
10896.4,453753
10896.5,453753
10895,453753
10895.6,453753
10896,453753
10896.2,453753
10896.2,453753
10896,453753
10896.1,453753
10895.9,453753
10895.7,453753
10895.9,453753
10896.3,453753
10896.1,453753
10895.9,453753
10895.7,453753
10896,453753
10895.7,453753
10895.9,453753
10895.4,453753
10895.7,453753
10895.4,453753
10895.4,453753
10895.7,453753
10896.1,453753
10896.2,453753
10896.2,453753
10896.3,453753
10896.3,453753
10896.1,453753
10896.5,453753
10896.4,453753
10896.3,453753
10896.2,453753
10895.9,453753
10895.9,453753
10896.2,453753
10895.9,453753
10895.9,453753
10896,453753
10896.2,453753
10896.1,453753
10896,453753
10895.5,453753
10896.4,453753
10895.9,453753
10896.2,453753
10895.9,453753
10895.8,453753
10896.3,453753
10895.7,453753
10895.9,453753
10895.7,453753
10895.9,453753
10896.3,453753
10895.8,453753
10896.2,453753
10896.1,453753
10896.4,453753
10896,453753
10896.1,453753
10896.2,453753
10895.7,453753
10896.1,453753
10895.7,453753
10895.9,453753
10896.5,453753
10896,453753
10895.7,453753
10896.3,453753
10896,453753
10896.4,453753
10895.8,453753
10896.1,453753
10896.2,453753
10896,453753
10896.4,453753
10896.4,453753
10896.5,453753
10895.6,453753
10895.5,453753
10896.5,453753
10895.7,453753
10896,453753
10895.6,453753
10896.3,453753
10895.9,453753
10895.9,453753
10896.3,453753
10896.1,453753
10896,453753
10895.9,453753
10895.9,453753
10896.4,453753
10896.2,453753
10895.9,453753
10895.3,453753
10895.1,453753
10896.7,453753
10896,453753
10896,453753
10895.9,453753
10895.6,453753
10895.6,453753
10896,453753
10895.7,453753
10896.2,453753
10895.9,453753
10895.4,453753
10896.3,453753
10895.9,453753
10896.1,453753
10896.3,453753
10896,453753
10896.4,453753
10895.9,453753
10896.5,453753
10895.7,453753
10895.8,453753
10896.4,453753
10895.9,453753
10895.7,453753
10896,453753
10895.9,453753
10895.9,453753
10895.6,453753
10896,453753
10896.7,453753
10896.1,453753
10896.4,453753
10895.9,453753
10894.9,453753
10896.1,453753
10895.4,453753
10895.1,453753
10895.9,453753
10896.4,453753
10896.4,453753
10895.7,453753
10896.1,453753
10896.3,453753
10896.3,453753
10896.3,453753
10896.1,453753
10896.2,453753
10895.7,453753
10896.5,453753
10896.4,453753
10896.2,453753
10896.6,453753
10892.6,453753
10884.6,453753
10894.7,453753
10895.8,453753
10895.4,453753
10895.7,453753
10896.1,453753
10895.6,453753
10896.4,453753
10896.2,453753
10895.5,453753
10894.3,453753
10896,453753
10895.9,453753
10896.4,453753
10896.3,453753
10896.1,453753
10895.6,453753
10895.7,453753
10895.9,453753
10896.3,453753
10896.5,453753
10896.1,453753
10896.3,453753
10896.3,453753
10896.3,453753
10895.6,453753
10896.4,453753
10896.4,453753
10896.3,453753
10896.3,453753
10896.4,453753
10895.9,453753
10896,453753
10896.1,453753
10896.1,453753
10896,453753
10895.9,453753
10896.5,453753
10896.3,453753
10895.7,453753
10896,453753
10896,453753
10896.1,453753
10896.1,453753
10895.4,453753
10894.1,453753
10896.1,453753
10896.1,453753
10895.3,453753
10896,453753
10895.7,453753
10895.8,453753
10895.8,453753
10895.5,453753
10896.1,453753
10895.8,453753
10896.2,453753
10896,453753
10896.4,453753
10895.6,453753
10895.6,453753
10896.8,453753
10895.9,453753
10896.1,453753
10895.8,453753
10895.7,453753
10895.7,453753
10896.4,453753
10895.8,453753
10896,453753
10896.4,453753
10896.4,453753
10895.6,453753
10895.3,453753
10896.4,453753
10896,453753
10896.1,453753
10896.2,453753
10896.2,453753
10896.3,453753
10896.4,453753
10895.9,453753
10896.3,453753
10896.4,453753
10896.2,453753
10895.8,453753
10896.1,453753
10896.3,453753
10896,453753
10896.1,453753
10896.3,453753
10896,453753
10895.5,453753
10895.3,453753
10895.8,453753
10896.1,453753
10895.6,453753
10895.8,453753
10896.5,453753
10896.1,453753
10895.9,453753
10895.7,453753
10895.6,453753
10895.9,453753
10896.1,453753
10896.2,453753
10895.9,453753
10896.5,453753
10896.2,453753
10896.6,453753
10896.7,453753
10896.3,453753
10895.9,453753
10896.2,453753
10896.6,453753
10895.4,453753
10896.2,453753
10896.2,453753
10896.4,453753
10896.2,453753
10896.4,453753
10895.9,453753
10895.5,453753
10895.4,453753
10895.7,453753
10896.6,453753
10896.4,453753
10895.2,453753
10896.1,453753
10896.3,453753
10896,453753
10896.2,453753
10896.2,453753
10895.9,453753
10895.9,453753
10895.6,453753
10895.6,453753
10896.5,453753
10896.4,453753
10896.1,453753
10896.3,453753
10896.2,453753
10896.3,453753
10896.1,453753
10896.3,453753
10896,453753
10895.9,453753
10896,453753
10896.5,453753
10896,453753
10896.8,453753
10896.1,453753
10896.2,453753
10896.4,453753
10895.4,453753
10895.8,453753
10895.4,453753
10896.2,453753
10896.1,453753
10896.4,453753
10895.8,453753
10895.9,453753
10896,453753
10896.2,453753
10895.2,453753
10895.5,453753
10895.8,453753
10896,453753
10895.2,453753
10895.9,453753
10896.1,453753
10896.5,453753
10896.2,453753
10896,453753
10896.2,453753
10896.3,453753
10896,453753
10896.1,453753
10895.7,453753
10895.8,453753
10896.5,453753
10896.4,453753
10896.1,453753
10895.8,453753
10896.7,453753
10896.2,453753
10896.1,453753
10896.4,453753
10896.1,453753
10896.3,453753
10895.9,453753
10895.3,453753
10896.4,453753
10896.4,453753
10896.3,453753
10895.9,453753
10896.2,453753
10896.1,453753
10896.5,453753
10895.3,453753
10895.7,453753
10895.5,453753
10896,453753
10896.3,453753
10896.2,453753
10895.8,453753
10896.3,453753
10895.7,453753
10896.2,453753
10896.3,453753
10895.4,453753
10895.8,453753
10896.4,453753
10896.2,453753
10896.2,453753
10896,453753
10896.4,453753
10896.4,453753
10896.2,453753
10896.1,453753
10896.2,453753
10894.9,453753
10895.8,453753
10896.4,453753
10896.5,453753
10896.4,453753
10896.3,453753
10894.9,453753
10894.3,453753
10896.3,453753
10895.8,453753
10896.5,453753
10895.6,453753
10895.7,453753
10896.3,453753
10896.2,453753
10896,453753
10896.7,453753
10896.4,453753
10896.3,453753
10896.2,453753
10896.1,453753
10896.1,453753
10896.3,453753
10896.1,453753
10896.4,453753
10896.1,453753
10896.2,453753
10896.4,453753
10896.3,453753
10896,453753
10896.4,453753
10896.3,453753
10895.7,453753
10896,453753
10896.1,453753
10896.1,453753
10895.5,453753
10896.3,453753
10896.2,453753
10896.2,453753
10895.3,453753
10895.9,453753
10895.7,453753
10895.8,453753
10896.3,453753
10896.4,453753
10895.9,453753
10896,453753
10896.5,453753
10895.8,453753
10896.3,453753
10896.7,453753
10896.7,453753
10896.2,453753
10896.6,453753
10896.1,453753
10896.2,453753
10896,453753
10894.9,453753
10896.5,453753
10896.4,453753
10896.4,453753
10896.2,453753
10895.4,453753
10896,453753
10896.4,453753
10896.3,453753
10894.6,453753
10895.3,453753
10895.6,453753
10895.8,453753
10895.3,453753
10896,453753
10896.6,453753
10895.9,453753
10896.2,453753
10895,453753
10895.4,453753
10895.8,453753
10896,453753
10895.9,453753
10895.9,453753
10896.1,453753
10895.9,453753
10895.8,453753
10896,453753
10896.6,453753
10896.4,453753
10896.5,453753
10896.1,453753
10896,453753
10895,453753
10895.2,453753
10896.3,453753
10896.1,453753
10896.5,453753
10896.2,453753
10896,453753
10896,453753
10895.8,453753
10896.4,453753
10895.8,453753
10896.4,453753
10896.5,453753
10896,453753
10896.2,453753
10896.1,453753
10896,453753
10896.4,453753
10896.4,453753
10896.1,453753
10896.4,453753
10896.7,453753
10896,453753
10896.3,453753
10896.1,453753
10896.5,453753
10896.2,453753
10895.8,453753
10895.9,453753
10895.4,453753
10896.5,453753
10895.9,453753
10896,453753
10896.1,453753
10896.4,453753
10895.1,453753
10896.4,453753
10896.2,453753
10896.3,453753
10895.5,453753
10895.6,453753
10896.3,453753
10896,453753
10896,453753
10896.2,453546
