TRACE,NSNPS_JACKKNIFE
10866.8,453753
10867.1,453753
10866.8,453753
10866.5,453753
10866.1,453753
10866.8,453753
10866.6,453753
10866.7,453753
10866.7,453753
10866.7,453753
10866.8,453753
10866.8,453753
10866.5,453753
10866.4,453753
10866.8,453753
10866.2,453753
10866.3,453753
10866.1,453753
10865.9,453753
10865.8,453753
10866.5,453753
10866.5,453753
10866.5,453753
10866.5,453753
10866.8,453753
10866.8,453753
10866.5,453753
10866.7,453753
10866.4,453753
10866.7,453753
10866.4,453753
10866.2,453753
10867,453753
10866.6,453753
10866.6,453753
10866.9,453753
10866.9,453753
10866.8,453753
10866.7,453753
10866.7,453753
10866.5,453753
10866.8,453753
10866.6,453753
10866.4,453753
10866.1,453753
10866.7,453753
10866.5,453753
10866.4,453753
10866.9,453753
10866.7,453753
10866.4,453753
10866.2,453753
10866.5,453753
10866.5,453753
10866.3,453753
10866.4,453753
10866.4,453753
10866.1,453753
10866.8,453753
10866,453753
10866.3,453753
10866.9,453753
10866.7,453753
10866.3,453753
10866.6,453753
10866.4,453753
10866.6,453753
10866.7,453753
10866.6,453753
10866.4,453753
10866,453753
10866.3,453753
10866.6,453753
10866.7,453753
10866.9,453753
10866.9,453753
10867.2,453753
10866.4,453753
10866.8,453753
10866.5,453753
10866.3,453753
10866.9,453753
10866.9,453753
10866.9,453753
10866.9,453753
10866.7,453753
10866.6,453753
10866.5,453753
10866.5,453753
10866.6,453753
10866.8,453753
10866.3,453753
10866.3,453753
10865.1,453753
10866.2,453753
10866,453753
10866.6,453753
10866.3,453753
10866.9,453753
10866.9,453753
10866.6,453753
10866.1,453753
10866.8,453753
10865.7,453753
10866,453753
10866.3,453753
10866.6,453753
10866.7,453753
10866.5,453753
10866.8,453753
10866.7,453753
10866.5,453753
10866,453753
10866.4,453753
10865.8,453753
10866.5,453753
10866.5,453753
10866.5,453753
10866.3,453753
10866.5,453753
10866.9,453753
10866.6,453753
10866.9,453753
10866.6,453753
10867,453753
10866,453753
10866.8,453753
10866.2,453753
10866.4,453753
10866.2,453753
10865.8,453753
10866.2,453753
10866.8,453753
10866.7,453753
10866.4,453753
10866.7,453753
10867,453753
10866.4,453753
10866.7,453753
10866.2,453753
10866.3,453753
10865.8,453753
10866.5,453753
10866.6,453753
10865.9,453753
10866.2,453753
10866.6,453753
10866.7,453753
10866.8,453753
10866.6,453753
10866.9,453753
10866.4,453753
10866.9,453753
10866.6,453753
10866.5,453753
10866.6,453753
10867,453753
10867.2,453753
10866.8,453753
10866.9,453753
10866.4,453753
10866.9,453753
10866.9,453753
10866.6,453753
10866.8,453753
10866.8,453753
10866.9,453753
10866.5,453753
10866.2,453753
10866.4,453753
10866.8,453753
10866.4,453753
10866.3,453753
10866.6,453753
10866.6,453753
10866.7,453753
10865.9,453753
10866.4,453753
10866.2,453753
10866.6,453753
10866.1,453753
10864.6,453753
10865.2,453753
10866.6,453753
10866.6,453753
10866.8,453753
10866.3,453753
10866.6,453753
10867,453753
10866.7,453753
10866.5,453753
10867.2,453753
10866,453753
10865.3,453753
10865.6,453753
10864.8,453753
10865.3,453753
10866.1,453753
10866.4,453753
10866.3,453753
10867,453753
10866.7,453753
10866.7,453753
10866,453753
10866.7,453753
10866.6,453753
10866.4,453753
10866,453753
10866.2,453753
10866.2,453753
10866,453753
10866.4,453753
10866.5,453753
10866.6,453753
10866.1,453753
10866.1,453753
10866.1,453753
10865.7,453753
10866.3,453753
10866.2,453753
10866.8,453753
10866.6,453753
10867,453753
10866.9,453753
10866.8,453753
10866.7,453753
10866.8,453753
10866.2,453753
10866.8,453753
10866.8,453753
10866.1,453753
10866.6,453753
10866.7,453753
10866.7,453753
10866.6,453753
10866.8,453753
10866.6,453753
10866.6,453753
10866.2,453753
10866.7,453753
10866.6,453753
10866.3,453753
10867,453753
10866.7,453753
10867,453753
10866.6,453753
10866.2,453753
10866.7,453753
10866.5,453753
10866.5,453753
10866,453753
10866.6,453753
10866.7,453753
10866.1,453753
10866.7,453753
10866.8,453753
10866.7,453753
10865.9,453753
10865.8,453753
10866.2,453753
10866.9,453753
10866.4,453753
10865.4,453753
10866.3,453753
10866.5,453753
10866.1,453753
10866.9,453753
10865.3,453753
10866.5,453753
10866.7,453753
10866.8,453753
10866.1,453753
10866.7,453753
10866.3,453753
10866.2,453753
10866.1,453753
10866.6,453753
10866.6,453753
10866.7,453753
10865.9,453753
10866.5,453753
10866.5,453753
10866.6,453753
10867,453753
10866.1,453753
10866.6,453753
10867.1,453753
10866.5,453753
10866.3,453753
10867.1,453753
10866.7,453753
10866.8,453753
10866.8,453753
10866.4,453753
10866.9,453753
10866.4,453753
10866.1,453753
10866.3,453753
10867.1,453753
10866.6,453753
10866.8,453753
10866.3,453753
10867.1,453753
10866.5,453753
10866.4,453753
10866.1,453753
10866.7,453753
10866.9,453753
10866.5,453753
10866.6,453753
10867,453753
10866.4,453753
10866.5,453753
10865.4,453753
10865.2,453753
10866.8,453753
10866.5,453753
10866.2,453753
10866.9,453753
10866.4,453753
10866.7,453753
10866.7,453753
10866.4,453753
10866.6,453753
10866.6,453753
10866.5,453753
10866.5,453753
10866.8,453753
10866.3,453753
10866.3,453753
10865.4,453753
10866.2,453753
10866.2,453753
10866.1,453753
10866.3,453753
10866.4,453753
10866.5,453753
10866,453753
10866.6,453753
10866.4,453753
10866.3,453753
10866.5,453753
10865.6,453753
10866,453753
10866.7,453753
10866,453753
10866.3,453753
10865.8,453753
10865.9,453753
10865.2,453753
10866.2,453753
10866.8,453753
10866.6,453753
10866.5,453753
10866.6,453753
10866.7,453753
10866.4,453753
10866.7,453753
10866.6,453753
10866.6,453753
10867.2,453753
10866.6,453753
10866.3,453753
10866.7,453753
10866.5,453753
10866.8,453753
10867.1,453753
10866.5,453753
10866.4,453753
10866.1,453753
10866.8,453753
10866.8,453753
10866.7,453753
10866.6,453753
10866.1,453753
10866.3,453753
10866.1,453753
10865.3,453753
10865.9,453753
10866.5,453753
10865.4,453753
10865.8,453753
10866.3,453753
10867.2,453753
10866.3,453753
10866,453753
10865.3,453753
10866.2,453753
10866,453753
10866.9,453753
10866.8,453753
10866.3,453753
10866.3,453753
10867,453753
10866.5,453753
10866.2,453753
10865.9,453753
10865.9,453753
10866.1,453753
10867,453753
10866.5,453753
10866.7,453753
10866.3,453753
10866,453753
10866.5,453753
10865.4,453753
10866.5,453753
10866.6,453753
10866.8,453753
10866.6,453753
10866.4,453753
10866.7,453753
10865.8,453753
10866.6,453753
10866.6,453753
10866.9,453753
10866.6,453753
10866.7,453753
10866,453753
10866.1,453753
10866.3,453753
10866.7,453753
10866.1,453753
10866.4,453753
10866.8,453753
10866.8,453753
10866.5,453753
10866.4,453753
10866.5,453753
10866.7,453753
10866.3,453753
10866.9,453753
10865.5,453753
10866.7,453753
10866.8,453753
10866.3,453753
10866.5,453753
10866.6,453753
10866.4,453753
10866.6,453753
10866.2,453753
10866,453753
10865,453753
10866.5,453753
10866.9,453753
10866.7,453753
10866.5,453753
10866.7,453753
10866,453753
10866.5,453753
10866,453753
10866.7,453753
10865.6,453753
10866.4,453753
10866.5,453753
10866.4,453753
10867.1,453753
10867.1,453753
10866.1,453753
10866.5,453753
10867,453753
10866.7,453753
10866.9,453753
10866.3,453753
10866.7,453753
10866.6,453753
10866.7,453753
10866.6,453753
10866.6,453753
10866.5,453753
10867,453753
10867,453753
10866.4,453753
10865.4,453753
10866.2,453753
10866.8,453753
10866.4,453753
10866.6,453753
10866.5,453753
10866.4,453753
10865.5,453753
10865.3,453753
10866.2,453753
10866.9,453753
10866.5,453753
10866.9,453753
10866.5,453753
10865.9,453753
10867.1,453753
10866,453753
10866.7,453753
10866.4,453753
10866.7,453753
10866.2,453753
10865.7,453753
10866.3,453753
10866.3,453753
10866.3,453753
10866.6,453753
10866.7,453753
10866.1,453753
10866.8,453753
10867.1,453753
10866.6,453753
10866.1,453753
10866.3,453753
10866,453753
10866.4,453753
10865.9,453753
10866.6,453753
10866.2,453753
10866.1,453753
10866.5,453753
10865.7,453753
10866,453753
10866.9,453753
10866.8,453753
10866.4,453753
10866.7,453753
10866.8,453753
10866.7,453753
10866.5,453753
10866.2,453753
10866.9,453753
10866.5,453753
10866.8,453753
10866.5,453753
10866.5,453753
10866.5,453753
10866.7,453753
10866.6,453753
10867.1,453753
10866.5,453753
10866.4,453753
10866.5,453753
10866.2,453753
10867.1,453753
10866.1,453753
10866.8,453753
10866.5,453753
10866.9,453753
10865.9,453753
10865.6,453753
10866.8,453753
10866.3,453753
10866.4,453753
10866.6,453753
10866.8,453753
10866.5,453753
10866.7,453753
10866.1,453753
10866.9,453753
10866.7,453753
10866.2,453753
10866.6,453753
10866.7,453753
10866.8,453753
10866.7,453753
10867,453753
10866.6,453753
10866.2,453753
10866.5,453753
10866.4,453753
10866.6,453753
10866.2,453753
10866.3,453753
10866.5,453753
10866.3,453753
10867,453753
10866.7,453753
10866.7,453753
10865.9,453753
10867.1,453753
10866.8,453753
10866.8,453753
10867,453753
10866.7,453753
10867,453753
10866.9,453753
10866.8,453753
10866.4,453753
10866.4,453753
10866.8,453753
10866.8,453753
10866.7,453753
10866.1,453753
10866.7,453753
10866.4,453753
10866.2,453753
10865.5,453753
10866.2,453753
10866.3,453753
10866.7,453753
10866.4,453753
10866.6,453753
10866.9,453753
10866.3,453753
10866.2,453753
10866.4,453753
10866.6,453753
10863.4,453753
10866.7,453753
10866.9,453753
10866.3,453753
10866.7,453753
10867,453753
10866.7,453753
10866.8,453753
10866.2,453753
10866.2,453753
10866.3,453753
10866.3,453753
10866.4,453753
10866.4,453753
10867.2,453753
10866.5,453753
10866.9,453753
10866.2,453753
10866.5,453753
10866.6,453753
10867,453753
10866.9,453753
10866.3,453753
10865.1,453753
10866.6,453753
10866.3,453753
10866,453753
10866.5,453753
10866.3,453753
10866.6,453753
10866.2,453753
10867.3,453753
10866.7,453753
10866.7,453753
10866.6,453753
10866.2,453753
10866.1,453753
10866.4,453753
10866.8,453753
10866.5,453753
10866.2,453753
10866.3,453753
10862.3,453753
10855.7,453753
10864.7,453753
10866.1,453753
10865.8,453753
10865.8,453753
10867.2,453753
10866.1,453753
10866.2,453753
10866.8,453753
10866,453753
10865,453753
10866,453753
10866.5,453753
10866.6,453753
10866.3,453753
10866.6,453753
10866,453753
10866,453753
10866.6,453753
10866.6,453753
10866.8,453753
10866.7,453753
10866.7,453753
10866.9,453753
10866.7,453753
10865.6,453753
10866.6,453753
10866.4,453753
10866.3,453753
10866.6,453753
10866.8,453753
10866.6,453753
10866.7,453753
10866.6,453753
10866.4,453753
10866.2,453753
10866.6,453753
10866.6,453753
10866.5,453753
10866.5,453753
10866.8,453753
10866.8,453753
10866.5,453753
10866.7,453753
10866.1,453753
10865.9,453753
10866.2,453753
10866.7,453753
10865.9,453753
10866.3,453753
10866.7,453753
10865.9,453753
10866,453753
10866.7,453753
10866.8,453753
10866.3,453753
10866.3,453753
10866.7,453753
10866.5,453753
10866.1,453753
10866.1,453753
10866.3,453753
10866.8,453753
10866.1,453753
10866.9,453753
10866.6,453753
10866.4,453753
10866.5,453753
10865.9,453753
10866.6,453753
10866.5,453753
10866.8,453753
10866.5,453753
10865.8,453753
10866.8,453753
10867,453753
10866.7,453753
10866.5,453753
10865.8,453753
10866.4,453753
10866.7,453753
10866.4,453753
10866.3,453753
10866.8,453753
10866.5,453753
10867,453753
10866.9,453753
10867.2,453753
10866.6,453753
10866.9,453753
10867,453753
10865.8,453753
10866.9,453753
10865.8,453753
10866.3,453753
10866.1,453753
10866.8,453753
10866.5,453753
10866.8,453753
10866.8,453753
10866.3,453753
10866.9,453753
10866.2,453753
10866.3,453753
10866.4,453753
10866.6,453753
10866.9,453753
10866.7,453753
10867,453753
10866.7,453753
10866.8,453753
10867,453753
10866.7,453753
10866.9,453753
10866.2,453753
10866.4,453753
10866.7,453753
10866.6,453753
10867,453753
10866.6,453753
10867.1,453753
10866.4,453753
10866.3,453753
10866.2,453753
10866.4,453753
10866.2,453753
10866.5,453753
10866.3,453753
10866.6,453753
10867,453753
10866.4,453753
10866,453753
10866.3,453753
10866.5,453753
10866.9,453753
10866.1,453753
10866.2,453753
10866.8,453753
10866.8,453753
10866.3,453753
10866.9,453753
10866.5,453753
10866.9,453753
10866.2,453753
10866.6,453753
10866,453753
10866.4,453753
10866.7,453753
10866.7,453753
10866.5,453753
10866.7,453753
10866.8,453753
10866.7,453753
10866.8,453753
10866,453753
10867,453753
10866.2,453753
10866.2,453753
10866.5,453753
10866.4,453753
10866.7,453753
10866,453753
10866.3,453753
10866.5,453753
10865.7,453753
10866.4,453753
10866.3,453753
10866.8,453753
10866,453753
10866.4,453753
10866.9,453753
10866.8,453753
10866.8,453753
10866.5,453753
10866.6,453753
10866.4,453753
10866.5,453753
10866.8,453753
10866.3,453753
10866.1,453753
10866.5,453753
10866.8,453753
10866.3,453753
10866.2,453753
10866.8,453753
10866.8,453753
10867,453753
10867,453753
10867,453753
10866.3,453753
10866.4,453753
10866.5,453753
10866.7,453753
10867,453753
10866.7,453753
10865.8,453753
10866.4,453753
10866.1,453753
10866.8,453753
10865.3,453753
10866.3,453753
10866.3,453753
10866.3,453753
10866.7,453753
10866.5,453753
10866.7,453753
10866.8,453753
10866.6,453753
10866.3,453753
10866.8,453753
10866.3,453753
10865.3,453753
10866.4,453753
10866.7,453753
10866.3,453753
10866.1,453753
10866.9,453753
10866.8,453753
10867,453753
10866.4,453753
10867.1,453753
10866.8,453753
10866.3,453753
10866.7,453753
10866.7,453753
10866.4,453753
10866.4,453753
10865.9,453753
10864.8,453753
10866.9,453753
10866.2,453753
10866.8,453753
10866.2,453753
10866.6,453753
10866.7,453753
10866.5,453753
10866.9,453753
10867.2,453753
10866.2,453753
10867,453753
10867,453753
10866.6,453753
10866,453753
10866.3,453753
10866.9,453753
10867,453753
10866.7,453753
10866.5,453753
10866.6,453753
10866.4,453753
10866.1,453753
10867,453753
10866.7,453753
10866.7,453753
10866.5,453753
10866.5,453753
10866.9,453753
10866.8,453753
10866.1,453753
10866.6,453753
10866.1,453753
10865.5,453753
10866.2,453753
10867,453753
10867.3,453753
10867,453753
10866.4,453753
10866.6,453753
10866.9,453753
10867.1,453753
10866.7,453753
10866.9,453753
10866.3,453753
10866.6,453753
10866.4,453753
10866.4,453753
10867.1,453753
10866.8,453753
10866.2,453753
10865.7,453753
10866.7,453753
10866.7,453753
10866.4,453753
10866.2,453753
10866,453753
10866.7,453753
10866.8,453753
10866.4,453753
10865.6,453753
10865.4,453753
10865.8,453753
10865.6,453753
10866.7,453753
10866.7,453753
10866.5,453753
10866.4,453753
10866.3,453753
10865,453753
10866.3,453753
10866.5,453753
10866.5,453753
10867,453753
10866.3,453753
10866.6,453753
10867,453753
10866.4,453753
10866.6,453753
10866.8,453753
10866.4,453753
10867,453753
10866.8,453753
10866.4,453753
10865.8,453753
10865.9,453753
10866.8,453753
10866.5,453753
10867.2,453753
10866.3,453753
10866.5,453753
10866.8,453753
10866.5,453753
10866.9,453753
10866.7,453753
10866.7,453753
10866.7,453753
10866.9,453753
10866.5,453753
10866.8,453753
10867.1,453753
10866.7,453753
10866.7,453753
10866.9,453753
10866.4,453753
10866.2,453753
10866.7,453753
10866.5,453753
10866.6,453753
10866.5,453753
10866.5,453753
10866.6,453753
10866.7,453753
10866.1,453753
10866.9,453753
10866.5,453753
10866.8,453753
10866.5,453753
10866.8,453753
10866.4,453753
10866.7,453753
10866.8,453753
10866.7,453753
10866,453753
10866.1,453753
10866.6,453753
10867.1,453753
10866.7,453753
10866.8,453546
