TRACE,NSNPS_JACKKNIFE
10858,453753
10858.1,453753
10857.7,453753
10858,453753
10857.7,453753
10857.8,453753
10857.8,453753
10858.1,453753
10857.7,453753
10857.7,453753
10857.9,453753
10857.2,453753
10858.1,453753
10858.2,453753
10857.8,453753
10857.7,453753
10857.7,453753
10857.1,453753
10857,453753
10857.2,453753
10857.7,453753
10857.7,453753
10857.7,453753
10858.2,453753
10857.6,453753
10857.6,453753
10857.5,453753
10857.6,453753
10857.6,453753
10858.1,453753
10857.7,453753
10857.5,453753
10857.4,453753
10857.6,453753
10857.7,453753
10857.9,453753
10857.7,453753
10857.3,453753
10858,453753
10857.6,453753
10858.2,453753
10857.9,453753
10858,453753
10857.3,453753
10857.2,453753
10857.1,453753
10858.2,453753
10858.1,453753
10857.9,453753
10857.8,453753
10857.8,453753
10857.6,453753
10857.5,453753
10857.4,453753
10857.2,453753
10857.8,453753
10857.9,453753
10857.2,453753
10857.6,453753
10857.8,453753
10857.5,453753
10858.2,453753
10857.6,453753
10857.5,453753
10858.2,453753
10857.7,453753
10857.8,453753
10857.8,453753
10857.6,453753
10857.5,453753
10857.5,453753
10857.7,453753
10857.8,453753
10857.9,453753
10858.2,453753
10857.7,453753
10857.8,453753
10858,453753
10858,453753
10857.9,453753
10857.7,453753
10857.7,453753
10858.1,453753
10858.2,453753
10858,453753
10858,453753
10857.8,453753
10857.7,453753
10858.1,453753
10857.9,453753
10857.4,453753
10857.6,453753
10857.9,453753
10857.9,453753
10857.8,453753
10857.7,453753
10857.9,453753
10857.9,453753
10857.9,453753
10858.1,453753
10857.5,453753
10857.8,453753
10857.7,453753
10857.6,453753
10857.6,453753
10857.6,453753
10858,453753
10857.6,453753
10858,453753
10858,453753
10858.1,453753
10858.3,453753
10857.5,453753
10857.3,453753
10857.7,453753
10857.7,453753
10857.9,453753
10857.7,453753
10857.8,453753
10857.8,453753
10857.6,453753
10857.8,453753
10857.1,453753
10857.7,453753
10857.5,453753
10857.6,453753
10857.9,453753
10857.8,453753
10857.9,453753
10857.5,453753
10857.4,453753
10857.9,453753
10857.9,453753
10857.9,453753
10858.2,453753
10857.5,453753
10857.8,453753
10857.9,453753
10857.1,453753
10858.2,453753
10857,453753
10857.5,453753
10857.5,453753
10857.7,453753
10857.3,453753
10857.7,453753
10857.7,453753
10857.1,453753
10857.7,453753
10858.3,453753
10857.7,453753
10857.9,453753
10858.2,453753
10858.2,453753
10857.9,453753
10857.8,453753
10857.7,453753
10858.2,453753
10858,453753
10858.2,453753
10857.8,453753
10857.7,453753
10858,453753
10858,453753
10858,453753
10858.3,453753
10857.7,453753
10858,453753
10857.8,453753
10857.8,453753
10857.4,453753
10858,453753
10857.5,453753
10857.7,453753
10857.4,453753
10857.5,453753
10858,453753
10857.6,453753
10857.7,453753
10857.7,453753
10857.3,453753
10855.9,453753
10856.2,453753
10857.3,453753
10858,453753
10858,453753
10857.6,453753
10857.6,453753
10857.8,453753
10857.5,453753
10858.2,453753
10857.9,453753
10857.9,453753
10856.5,453753
10856.9,453753
10857.4,453753
10856.9,453753
10857.3,453753
10858.2,453753
10857.8,453753
10857.3,453753
10857.8,453753
10857.6,453753
10857.3,453753
10857.5,453753
10857.7,453753
10857.8,453753
10857.9,453753
10858.2,453753
10857.5,453753
10857.1,453753
10858,453753
10858.1,453753
10857.8,453753
10857.5,453753
10857.6,453753
10857,453753
10857.3,453753
10857.7,453753
10857.1,453753
10857.9,453753
10858,453753
10858.2,453753
10858.1,453753
10857.4,453753
10857.6,453753
10858,453753
10857.4,453753
10857.9,453753
10858.1,453753
10857.7,453753
10857.8,453753
10857.2,453753
10858.4,453753
10858.2,453753
10858.1,453753
10857.5,453753
10857.5,453753
10857.8,453753
10858,453753
10857.4,453753
10858.1,453753
10858.2,453753
10857.9,453753
10858.1,453753
10857.7,453753
10857.5,453753
10857.9,453753
10857.3,453753
10857.8,453753
10856.9,453753
10857.6,453753
10857.8,453753
10857.4,453753
10857,453753
10857.8,453753
10857.4,453753
10858,453753
10857.5,453753
10857.7,453753
10858.1,453753
10857.4,453753
10856.9,453753
10857.8,453753
10857.7,453753
10856.9,453753
10857.4,453753
10857.5,453753
10857.7,453753
10857.7,453753
10858.2,453753
10857.1,453753
10857.9,453753
10857.4,453753
10857.4,453753
10857.3,453753
10858.1,453753
10858,453753
10857.1,453753
10857.7,453753
10857.4,453753
10857.4,453753
10857.8,453753
10857.5,453753
10857.3,453753
10858.2,453753
10857.7,453753
10857.6,453753
10857.9,453753
10858.2,453753
10857.8,453753
10857.9,453753
10858,453753
10857.7,453753
10857.8,453753
10857.5,453753
10857.5,453753
10857.4,453753
10858.1,453753
10858.1,453753
10857.7,453753
10857.9,453753
10857.8,453753
10858,453753
10857.9,453753
10858.1,453753
10857.5,453753
10858,453753
10857.2,453753
10858,453753
10857.9,453753
10857.8,453753
10857,453753
10856.3,453753
10857.2,453753
10857.3,453753
10858,453753
10857.6,453753
10857.6,453753
10857.6,453753
10857.9,453753
10857.4,453753
10858.3,453753
10857.9,453753
10857.5,453753
10857.4,453753
10857.5,453753
10857.7,453753
10857.8,453753
10857.4,453753
10856.6,453753
10857.7,453753
10857.8,453753
10857.8,453753
10857.5,453753
10857.6,453753
10857.7,453753
10857.9,453753
10857.8,453753
10857.8,453753
10857.6,453753
10858,453753
10857.8,453753
10857,453753
10858,453753
10857.6,453753
10857.7,453753
10858,453753
10857.6,453753
10855.7,453753
10858,453753
10857.9,453753
10857.7,453753
10858,453753
10857.7,453753
10857.7,453753
10857.9,453753
10857.8,453753
10857.9,453753
10857.9,453753
10858,453753
10857.8,453753
10857.7,453753
10857.7,453753
10857.4,453753
10857.7,453753
10857.5,453753
10857.7,453753
10857.7,453753
10857.9,453753
10857.9,453753
10857.6,453753
10857.8,453753
10857.9,453753
10857.3,453753
10857.3,453753
10857.5,453753
10857.2,453753
10857.4,453753
10857.4,453753
10856.4,453753
10857.3,453753
10857.3,453753
10858,453753
10857.9,453753
10857.3,453753
10857.7,453753
10857.6,453753
10857.5,453753
10858,453753
10857.5,453753
10857.9,453753
10857.6,453753
10857.9,453753
10858.2,453753
10857.5,453753
10857.4,453753
10857.6,453753
10857.4,453753
10857.8,453753
10858,453753
10857.6,453753
10857.9,453753
10857.7,453753
10857.6,453753
10856.6,453753
10857.7,453753
10857.9,453753
10858.4,453753
10857.6,453753
10857.5,453753
10857.8,453753
10857.7,453753
10857.9,453753
10858,453753
10857.6,453753
10858.1,453753
10857.8,453753
10857.4,453753
10858,453753
10857.5,453753
10857.6,453753
10857.1,453753
10857.7,453753
10857.9,453753
10858.2,453753
10857.8,453753
10858,453753
10858.1,453753
10858.1,453753
10857.5,453753
10857.6,453753
10856.4,453753
10857.5,453753
10857.5,453753
10857.8,453753
10857.9,453753
10857.1,453753
10857.7,453753
10857.8,453753
10857.7,453753
10857,453753
10855.9,453753
10857.4,453753
10857.7,453753
10857.9,453753
10857.9,453753
10858,453753
10857.2,453753
10857.1,453753
10857.8,453753
10858,453753
10857.2,453753
10857.7,453753
10858.2,453753
10858,453753
10858.1,453753
10858,453753
10857.3,453753
10857.4,453753
10857.7,453753
10857.6,453753
10858.3,453753
10857.2,453753
10857.9,453753
10857.8,453753
10857.5,453753
10857.7,453753
10857.6,453753
10857.5,453753
10858.1,453753
10857.7,453753
10858.1,453753
10857.6,453753
10857.4,453753
10857.8,453753
10857.1,453753
10857.5,453753
10857.8,453753
10857.1,453753
10856,453753
10856.7,453753
10857.6,453753
10857.4,453753
10857.9,453753
10857.8,453753
10857.4,453753
10857.4,453753
10858.1,453753
10857.8,453753
10857.5,453753
10858,453753
10858,453753
10858,453753
10856.5,453753
10857.4,453753
10858.2,453753
10857.8,453753
10858.3,453753
10857.3,453753
10857.9,453753
10857.7,453753
10857.6,453753
10857.9,453753
10857.7,453753
10858.1,453753
10857.4,453753
10857.8,453753
10858.5,453753
10858.1,453753
10857.5,453753
10858.3,453753
10857.8,453753
10857.4,453753
10856.9,453753
10857.5,453753
10857.8,453753
10857.8,453753
10858,453753
10858.2,453753
10858.2,453753
10858.4,453753
10857.9,453753
10858.1,453753
10857.4,453753
10857.9,453753
10857.7,453753
10858.1,453753
10858.2,453753
10857.9,453753
10857.9,453753
10858.2,453753
10857.6,453753
10857.9,453753
10857.8,453753
10857.7,453753
10858.1,453753
10856.9,453753
10857.8,453753
10857.6,453753
10857.9,453753
10857.7,453753
10856.8,453753
10858,453753
10857.1,453753
10857.8,453753
10858.2,453753
10858.1,453753
10857.8,453753
10857.6,453753
10857.6,453753
10857.9,453753
10857.5,453753
10857.6,453753
10856.6,453753
10857.4,453753
10857.3,453753
10857.8,453753
10858.1,453753
10857.5,453753
10857.1,453753
10858.1,453753
10857.8,453753
10857.8,453753
10858.4,453753
10858,453753
10857.2,453753
10857.7,453753
10858,453753
10857.8,453753
10858,453753
10857.6,453753
10857.3,453753
10858.1,453753
10857.9,453753
10857.5,453753
10857.8,453753
10858,453753
10857.7,453753
10857.8,453753
10857.7,453753
10857.8,453753
10857.2,453753
10857.6,453753
10857.6,453753
10857.5,453753
10857.9,453753
10857.5,453753
10857.5,453753
10857.4,453753
10857.3,453753
10857.9,453753
10858.3,453753
10857.4,453753
10857.8,453753
10857.7,453753
10857.6,453753
10857.3,453753
10857.8,453753
10857.8,453753
10855.6,453753
10857.5,453753
10857.7,453753
10858,453753
10857.9,453753
10858.1,453753
10857.1,453753
10857.9,453753
10857.4,453753
10857.3,453753
10857.5,453753
10857.7,453753
10858.2,453753
10857.6,453753
10858.2,453753
10857.5,453753
10858,453753
10857.5,453753
10857.8,453753
10857.8,453753
10858.1,453753
10857.6,453753
10857.2,453753
10856.2,453753
10857.5,453753
10857.7,453753
10857.1,453753
10857.8,453753
10858,453753
10858.1,453753
10857.9,453753
10858.2,453753
10858.1,453753
10857.5,453753
10857.9,453753
10857.9,453753
10857.5,453753
10857.8,453753
10857.5,453753
10857.7,453753
10857.6,453753
10858.3,453753
10853.7,453753
10845.1,453753
10855.5,453753
10856.7,453753
10857.1,453753
10857.7,453753
10857.5,453753
10858.1,453753
10857.6,453753
10858.4,453753
10857.6,453753
10856.8,453753
10857.4,453753
10856.8,453753
10857.9,453753
10857.7,453753
10857.7,453753
10857.5,453753
10857.3,453753
10857.6,453753
10857.9,453753
10857.7,453753
10858,453753
10857.7,453753
10858.3,453753
10857.6,453753
10857.5,453753
10857.9,453753
10858.1,453753
10858.5,453753
10858.3,453753
10857.7,453753
10858,453753
10858.1,453753
10858,453753
10858.1,453753
10857.5,453753
10857.9,453753
10857.9,453753
10858.2,453753
10858.1,453753
10857.9,453753
10857.7,453753
10857.6,453753
10857.6,453753
10857.7,453753
10857.1,453753
10857.4,453753
10857.4,453753
10857.3,453753
10857.5,453753
10857.6,453753
10858,453753
10857.6,453753
10857.6,453753
10857.8,453753
10857.8,453753
10857.7,453753
10858,453753
10858,453753
10857.6,453753
10857.7,453753
10857.6,453753
10857.6,453753
10857.4,453753
10857.9,453753
10857.5,453753
10858.2,453753
10857.6,453753
10857.4,453753
10857.7,453753
10858.3,453753
10857.7,453753
10857.7,453753
10856.9,453753
10858.2,453753
10858,453753
10858,453753
10858.1,453753
10857.4,453753
10857.5,453753
10858.1,453753
10857.8,453753
10857.8,453753
10857.9,453753
10857.7,453753
10857.8,453753
10857.6,453753
10857.8,453753
10857.8,453753
10857.6,453753
10857.6,453753
10857.6,453753
10857.1,453753
10856.9,453753
10857.3,453753
10857.8,453753
10857.3,453753
10857.9,453753
10857.9,453753
10858,453753
10857.5,453753
10857.7,453753
10858,453753
10857.6,453753
10857.6,453753
10858.1,453753
10857.9,453753
10858.2,453753
10857.8,453753
10858,453753
10858.4,453753
10857.6,453753
10858.1,453753
10858,453753
10857.9,453753
10858.2,453753
10857.8,453753
10857.8,453753
10858.1,453753
10857.8,453753
10858.2,453753
10857.1,453753
10857.4,453753
10857.2,453753
10857.6,453753
10857.6,453753
10857.9,453753
10857,453753
10857.9,453753
10857.5,453753
10857.9,453753
10857.4,453753
10857.4,453753
10857.8,453753
10857.8,453753
10857.3,453753
10857.5,453753
10857.8,453753
10857.7,453753
10857.3,453753
10857.8,453753
10857.6,453753
10857.7,453753
10858,453753
10857.9,453753
10857.8,453753
10857.9,453753
10858.3,453753
10858.2,453753
10857.8,453753
10857.9,453753
10858,453753
10858.3,453753
10858,453753
10857.4,453753
10857.8,453753
10858,453753
10857.8,453753
10857.9,453753
10858,453753
10858.1,453753
10857.6,453753
10857.7,453753
10857.8,453753
10856.9,453753
10857.6,453753
10858,453753
10857.6,453753
10857,453753
10857.8,453753
10857.7,453753
10857.8,453753
10858.4,453753
10857.8,453753
10857.6,453753
10857.6,453753
10857.8,453753
10858.1,453753
10857.1,453753
10857.4,453753
10858,453753
10858.1,453753
10858.4,453753
10858.1,453753
10857.6,453753
10857.9,453753
10857.6,453753
10858.1,453753
10857.8,453753
10857.7,453753
10857.4,453753
10857.4,453753
10858,453753
10857.8,453753
10858.1,453753
10857.2,453753
10857.3,453753
10857.9,453753
10857.5,453753
10856.7,453753
10857,453753
10857.9,453753
10857.8,453753
10857.6,453753
10857.8,453753
10857.8,453753
10857.7,453753
10857.5,453753
10858.3,453753
10858.2,453753
10857.4,453753
10857.2,453753
10857.8,453753
10857.7,453753
10857.6,453753
10857.4,453753
10857.8,453753
10858.3,453753
10858.1,453753
10857.4,453753
10857.5,453753
10857.5,453753
10857.9,453753
10857.7,453753
10858,453753
10857,453753
10857.1,453753
10857.1,453753
10855.7,453753
10857.8,453753
10857.5,453753
10857.8,453753
10857.2,453753
10857.7,453753
10857.7,453753
10857.7,453753
10857.6,453753
10857.9,453753
10857.8,453753
10857.9,453753
10857.3,453753
10858.4,453753
10857,453753
10857.5,453753
10858,453753
10857.9,453753
10858.2,453753
10858,453753
10858.1,453753
10857.8,453753
10857.7,453753
10857.6,453753
10858.3,453753
10857.9,453753
10857.5,453753
10857.9,453753
10858.3,453753
10857.7,453753
10857.6,453753
10857.6,453753
10858,453753
10857.6,453753
10857.5,453753
10858,453753
10857.8,453753
10858.1,453753
10857.8,453753
10858.1,453753
10857.8,453753
10858.1,453753
10858.2,453753
10857.5,453753
10857.8,453753
10857.5,453753
10857.9,453753
10858,453753
10857.5,453753
10857.8,453753
10857.9,453753
10857.2,453753
10857.7,453753
10857.9,453753
10857.7,453753
10857.1,453753
10857.4,453753
10857.3,453753
10857.8,453753
10857.9,453753
10857.2,453753
10857.7,453753
10857.5,453753
10857.2,453753
10857.6,453753
10857.6,453753
10857.5,453753
10857.7,453753
10857.6,453753
10856.2,453753
10857.4,453753
10857.8,453753
10857.8,453753
10858.3,453753
10857.3,453753
10858,453753
10857.9,453753
10857.8,453753
10858,453753
10858.4,453753
10857.8,453753
10857.6,453753
10857.4,453753
10857.1,453753
10857.7,453753
10857.5,453753
10857.9,453753
10857.6,453753
10858.1,453753
10857.4,453753
10857.6,453753
10857.6,453753
10857.6,453753
10857.6,453753
10858.1,453753
10857.8,453753
10858.1,453753
10858.3,453753
10857.8,453753
10857.9,453753
10857.8,453753
10857.8,453753
10857.7,453753
10858.2,453753
10857.7,453753
10857.1,453753
10858,453753
10857.9,453753
10857.9,453753
10857.8,453753
10858.1,453753
10857.8,453753
10857.9,453753
10857.3,453753
10858.2,453753
10858.4,453753
10858,453753
10858.1,453753
10857.9,453753
10857.3,453753
10857.8,453753
10858.1,453753
10857.1,453753
10857.3,453753
10857.5,453753
10858,453753
10858.2,453753
10858,453753
10858.1,453546
