TRACE,NSNPS_JACKKNIFE
10844.5,453753
10844.8,453753
10845.1,453753
10845.2,453753
10845,453753
10844.9,453753
10844.7,453753
10844.8,453753
10844.5,453753
10845.4,453753
10844.7,453753
10844.6,453753
10844.9,453753
10844.8,453753
10844.9,453753
10844.6,453753
10844.7,453753
10844.2,453753
10844,453753
10844.5,453753
10844.8,453753
10845,453753
10844.8,453753
10844.8,453753
10844.6,453753
10844.7,453753
10845,453753
10844.6,453753
10845.5,453753
10845.3,453753
10844.6,453753
10844.7,453753
10845.2,453753
10844.8,453753
10845.1,453753
10845.4,453753
10844.4,453753
10844.6,453753
10844.8,453753
10845.2,453753
10845,453753
10844.9,453753
10844.7,453753
10844.3,453753
10844.3,453753
10844.8,453753
10845.1,453753
10844.8,453753
10844.9,453753
10845.3,453753
10845,453753
10844.5,453753
10844.3,453753
10845.1,453753
10844.4,453753
10844.6,453753
10844.7,453753
10844.6,453753
10844.7,453753
10844.4,453753
10845.3,453753
10845.2,453753
10844.5,453753
10844.8,453753
10844.8,453753
10844.6,453753
10845,453753
10845,453753
10844.9,453753
10844.6,453753
10844.5,453753
10844.9,453753
10844.6,453753
10845.1,453753
10844.8,453753
10845,453753
10845.1,453753
10844.6,453753
10845.1,453753
10844.7,453753
10844.2,453753
10844.5,453753
10844.8,453753
10844.8,453753
10845,453753
10845.2,453753
10844.7,453753
10845.1,453753
10844.6,453753
10844.8,453753
10844.7,453753
10844.6,453753
10844.8,453753
10843.5,453753
10844.9,453753
10844.2,453753
10844.9,453753
10844.8,453753
10844.9,453753
10845.2,453753
10845,453753
10844.5,453753
10844.5,453753
10844.7,453753
10844.5,453753
10844.8,453753
10844.8,453753
10844.9,453753
10844.6,453753
10844.3,453753
10845.2,453753
10844.8,453753
10844.7,453753
10844.4,453753
10844.2,453753
10844.6,453753
10844.4,453753
10844.6,453753
10845,453753
10844.6,453753
10844.8,453753
10845.1,453753
10844.3,453753
10845,453753
10844.9,453753
10844.4,453753
10844.3,453753
10844.7,453753
10844.8,453753
10844.7,453753
10844.7,453753
10844.9,453753
10844.5,453753
10844.9,453753
10844.5,453753
10844.9,453753
10844.5,453753
10845.3,453753
10844.5,453753
10845.2,453753
10843.7,453753
10844.3,453753
10845.1,453753
10845.1,453753
10844.5,453753
10844.5,453753
10844.4,453753
10844.7,453753
10845,453753
10845,453753
10844.9,453753
10845,453753
10844.7,453753
10844.8,453753
10844.9,453753
10844.7,453753
10844.6,453753
10845.1,453753
10844.7,453753
10844.9,453753
10844.9,453753
10845.4,453753
10844.8,453753
10845.1,453753
10845.1,453753
10845.3,453753
10844.7,453753
10844.7,453753
10845.1,453753
10844.7,453753
10844.7,453753
10844.8,453753
10844.3,453753
10845.1,453753
10845.2,453753
10845,453753
10845.2,453753
10845,453753
10844.4,453753
10845.3,453753
10844.7,453753
10843.4,453753
10843.6,453753
10844.6,453753
10844.8,453753
10845,453753
10844.6,453753
10845.3,453753
10844.7,453753
10844.7,453753
10845.1,453753
10845.1,453753
10844.4,453753
10843.9,453753
10844.3,453753
10844.4,453753
10844.3,453753
10845,453753
10844.6,453753
10844.7,453753
10844.4,453753
10844.9,453753
10844.9,453753
10845.2,453753
10845,453753
10844.5,453753
10844.6,453753
10844.8,453753
10844.5,453753
10843.9,453753
10844.5,453753
10844.6,453753
10844.7,453753
10845,453753
10844.4,453753
10844.8,453753
10844.1,453753
10843.6,453753
10844.3,453753
10844.7,453753
10845.3,453753
10845.2,453753
10844.5,453753
10844.8,453753
10844.9,453753
10845,453753
10844.8,453753
10844.9,453753
10845,453753
10845.1,453753
10844.8,453753
10845,453753
10844.6,453753
10844.9,453753
10844.8,453753
10844.6,453753
10845,453753
10845,453753
10844.3,453753
10845.2,453753
10844.6,453753
10844.6,453753
10844.6,453753
10845,453753
10845,453753
10844.6,453753
10844.7,453753
10844.8,453753
10844.9,453753
10844.5,453753
10844.6,453753
10844.6,453753
10844.9,453753
10844.7,453753
10844.6,453753
10844.7,453753
10844.2,453753
10844.7,453753
10844.5,453753
10844.9,453753
10845,453753
10844.4,453753
10844.2,453753
10845.4,453753
10844.9,453753
10844.7,453753
10844.7,453753
10844,453753
10844.7,453753
10844.7,453753
10845.2,453753
10844.5,453753
10844.4,453753
10844.9,453753
10844.6,453753
10844.4,453753
10845,453753
10844.7,453753
10845.1,453753
10844.2,453753
10844.2,453753
10844.8,453753
10845.3,453753
10844.8,453753
10844.8,453753
10844.7,453753
10844.6,453753
10844.8,453753
10845,453753
10844.7,453753
10844.9,453753
10844.7,453753
10844.9,453753
10845,453753
10845,453753
10844.9,453753
10844.7,453753
10845.1,453753
10845.3,453753
10844.9,453753
10845.3,453753
10845.2,453753
10845.4,453753
10845.4,453753
10844.5,453753
10845.1,453753
10844.6,453753
10845.1,453753
10844.7,453753
10844.8,453753
10844.7,453753
10844.9,453753
10844.7,453753
10844.1,453753
10843.4,453753
10844.9,453753
10844.4,453753
10844.7,453753
10845,453753
10844.7,453753
10844.6,453753
10844.7,453753
10844.5,453753
10844.8,453753
10844.8,453753
10844.7,453753
10844.6,453753
10844.7,453753
10844.7,453753
10844.4,453753
10843.5,453753
10844.9,453753
10845,453753
10845.3,453753
10844.6,453753
10844.7,453753
10844.1,453753
10844.2,453753
10844.8,453753
10844.2,453753
10844.6,453753
10844.7,453753
10844.2,453753
10843.6,453753
10844.9,453753
10843.9,453753
10844.7,453753
10844.7,453753
10844.8,453753
10843.3,453753
10844.6,453753
10844.4,453753
10845.1,453753
10845,453753
10845.1,453753
10845.4,453753
10845.1,453753
10845,453753
10844.6,453753
10844.9,453753
10845.1,453753
10844.9,453753
10844.5,453753
10844.7,453753
10845,453753
10845.2,453753
10844.9,453753
10845.2,453753
10844.4,453753
10844.7,453753
10844.6,453753
10844.6,453753
10845.3,453753
10845,453753
10844.6,453753
10845,453753
10844.4,453753
10844.4,453753
10844.6,453753
10844.5,453753
10844,453753
10843.6,453753
10844.2,453753
10845,453753
10844.7,453753
10843.8,453753
10844.3,453753
10844.1,453753
10844.4,453753
10845,453753
10844.6,453753
10845.6,453753
10845,453753
10844.7,453753
10844.6,453753
10845,453753
10845.1,453753
10844.3,453753
10843.6,453753
10844.9,453753
10844.7,453753
10844.8,453753
10845,453753
10844.9,453753
10845.1,453753
10843.9,453753
10844.9,453753
10844.8,453753
10844.8,453753
10844.9,453753
10845,453753
10844.9,453753
10844.5,453753
10844.7,453753
10844.8,453753
10845.1,453753
10845,453753
10844.8,453753
10844.4,453753
10844.5,453753
10845.1,453753
10844.4,453753
10845.1,453753
10844.6,453753
10844.8,453753
10844.1,453753
10845,453753
10844.8,453753
10844.7,453753
10845.1,453753
10844.9,453753
10844.6,453753
10844,453753
10844.9,453753
10845,453753
10844.8,453753
10845.1,453753
10844.9,453753
10845.1,453753
10844.6,453753
10845.2,453753
10844.3,453753
10843.2,453753
10844.5,453753
10845,453753
10844.3,453753
10845,453753
10844.9,453753
10844.7,453753
10844.5,453753
10844.4,453753
10844.6,453753
10844.2,453753
10844.5,453753
10844.9,453753
10844.8,453753
10844.9,453753
10845,453753
10844.6,453753
10844.5,453753
10844.2,453753
10845,453753
10845,453753
10844.4,453753
10844.8,453753
10844.9,453753
10844.9,453753
10844.7,453753
10845.2,453753
10844.4,453753
10844.9,453753
10845.1,453753
10844.8,453753
10844.4,453753
10844.7,453753
10844.8,453753
10844.8,453753
10844.8,453753
10844.7,453753
10844.3,453753
10842.8,453753
10843.1,453753
10845.3,453753
10845.1,453753
10844.6,453753
10844.7,453753
10845.2,453753
10844.6,453753
10845.2,453753
10844.8,453753
10845.3,453753
10844.5,453753
10844.3,453753
10844.7,453753
10843.7,453753
10844.5,453753
10844.9,453753
10844.7,453753
10845,453753
10844.7,453753
10845.1,453753
10844.8,453753
10844.7,453753
10844.9,453753
10844.6,453753
10845,453753
10844.2,453753
10844.4,453753
10844.9,453753
10845,453753
10844.9,453753
10844.5,453753
10844.7,453753
10844.3,453753
10844.7,453753
10845,453753
10844.7,453753
10844.8,453753
10844.8,453753
10844.6,453753
10844.9,453753
10844.3,453753
10844.8,453753
10844.8,453753
10845.1,453753
10844.9,453753
10844.8,453753
10845.1,453753
10845.1,453753
10844.9,453753
10844.5,453753
10845,453753
10844.8,453753
10844.8,453753
10845,453753
10844.6,453753
10845.1,453753
10845.2,453753
10844.8,453753
10844.8,453753
10844.9,453753
10844.1,453753
10844.3,453753
10844.9,453753
10844.4,453753
10844.9,453753
10844.7,453753
10845,453753
10844.6,453753
10844.8,453753
10844.8,453753
10844.7,453753
10845.1,453753
10844.6,453753
10844.6,453753
10845.1,453753
10845,453753
10844.5,453753
10844.4,453753
10844.6,453753
10844.6,453753
10844.5,453753
10844.2,453753
10845.4,453753
10844.9,453753
10844.2,453753
10845,453753
10844.7,453753
10844.8,453753
10845.3,453753
10844.8,453753
10844.9,453753
10844.6,453753
10844.7,453753
10845,453753
10845.3,453753
10844.3,453753
10844.5,453753
10844.7,453753
10844.8,453753
10844.9,453753
10844.9,453753
10844.2,453753
10844.2,453753
10845.1,453753
10845,453753
10845.1,453753
10845.1,453753
10844.1,453753
10843.3,453753
10844.6,453753
10845.3,453753
10844.7,453753
10844.4,453753
10844.2,453753
10844.5,453753
10844.5,453753
10844.6,453753
10845.1,453753
10844.3,453753
10843.5,453753
10844.8,453753
10844.6,453753
10844.6,453753
10845,453753
10844.3,453753
10845.1,453753
10844.8,453753
10845,453753
10844.2,453753
10844.4,453753
10844.7,453753
10844.9,453753
10844.9,453753
10845.1,453753
10844.6,453753
10844.9,453753
10845,453753
10845.6,453753
10844.7,453753
10844.8,453753
10844.6,453753
10844.7,453753
10843.3,453753
10844.6,453753
10844.3,453753
10844.2,453753
10844.7,453753
10844.8,453753
10845.1,453753
10844.9,453753
10844.7,453753
10845.2,453753
10844.6,453753
10844.9,453753
10844.6,453753
10844.6,453753
10845.1,453753
10844.9,453753
10844.6,453753
10845.1,453753
10844.9,453753
10839.9,453753
10831.1,453753
10841.9,453753
10844.7,453753
10844.2,453753
10844.5,453753
10844.9,453753
10843.9,453753
10844.6,453753
10845,453753
10845,453753
10843,453753
10844.4,453753
10844.5,453753
10845,453753
10844.9,453753
10844.8,453753
10844.8,453753
10844.4,453753
10844.7,453753
10844.7,453753
10844.6,453753
10844.3,453753
10844.8,453753
10845.1,453753
10844.7,453753
10844.8,453753
10845,453753
10845.4,453753
10844.8,453753
10845.1,453753
10844.5,453753
10844.6,453753
10844.7,453753
10845.2,453753
10845,453753
10844.8,453753
10844.9,453753
10845.3,453753
10844.5,453753
10844.5,453753
10844.6,453753
10845.5,453753
10844.3,453753
10844.6,453753
10844.2,453753
10842.4,453753
10844.1,453753
10844.9,453753
10844.3,453753
10844.3,453753
10844.4,453753
10844.8,453753
10844.4,453753
10844.9,453753
10844.5,453753
10844.6,453753
10844.6,453753
10844.7,453753
10844.5,453753
10844.5,453753
10844.9,453753
10844.9,453753
10845,453753
10844.9,453753
10844.8,453753
10845.1,453753
10844.9,453753
10845,453753
10844.9,453753
10844.4,453753
10844.6,453753
10845.1,453753
10844.8,453753
10844.6,453753
10844.4,453753
10845,453753
10844.7,453753
10845,453753
10844.9,453753
10844.5,453753
10845.1,453753
10845.1,453753
10844.6,453753
10844.6,453753
10844.7,453753
10844.8,453753
10845.1,453753
10844.6,453753
10845.4,453753
10844.9,453753
10844.9,453753
10844.7,453753
10844.8,453753
10844.2,453753
10844.5,453753
10844.8,453753
10844.4,453753
10844.9,453753
10845.2,453753
10844.9,453753
10844.5,453753
10844.4,453753
10843.8,453753
10844.3,453753
10845.1,453753
10844.8,453753
10844.7,453753
10844.9,453753
10844.5,453753
10845,453753
10845.1,453753
10845.2,453753
10844.7,453753
10845.1,453753
10845,453753
10845.4,453753
10845.1,453753
10845,453753
10844.6,453753
10845.1,453753
10845.2,453753
10844.9,453753
10845.2,453753
10844.2,453753
10844.9,453753
10845,453753
10845.1,453753
10844.4,453753
10844.6,453753
10844.6,453753
10844.7,453753
10844.6,453753
10844.4,453753
10844.6,453753
10844.6,453753
10844.8,453753
10844.6,453753
10844.6,453753
10845.4,453753
10844.5,453753
10844.9,453753
10844.9,453753
10845,453753
10844.7,453753
10844.8,453753
10844.9,453753
10844.5,453753
10844.6,453753
10845.4,453753
10845.1,453753
10845,453753
10845.2,453753
10845,453753
10845,453753
10844.3,453753
10845.3,453753
10844.7,453753
10844.7,453753
10845.2,453753
10844.7,453753
10845,453753
10844.4,453753
10844.5,453753
10845.1,453753
10844.2,453753
10844.2,453753
10844.6,453753
10844.9,453753
10844.2,453753
10844.7,453753
10844.9,453753
10845,453753
10844.8,453753
10845,453753
10845.5,453753
10845.2,453753
10844.9,453753
10845.1,453753
10844.3,453753
10844.3,453753
10844.9,453753
10845.3,453753
10844.7,453753
10845.1,453753
10845.1,453753
10844.9,453753
10845,453753
10844.4,453753
10845.1,453753
10844.6,453753
10844.8,453753
10843.9,453753
10844.8,453753
10844.7,453753
10845,453753
10844.4,453753
10844.3,453753
10844.9,453753
10845.2,453753
10844.4,453753
10844.3,453753
10844.8,453753
10845,453753
10844.8,453753
10844.7,453753
10844.7,453753
10844.8,453753
10844.8,453753
10845.2,453753
10845.1,453753
10845.1,453753
10844.8,453753
10844.7,453753
10845.1,453753
10845,453753
10844.9,453753
10845.3,453753
10845.5,453753
10845.4,453753
10844.6,453753
10844.6,453753
10844.9,453753
10844.7,453753
10845.3,453753
10844.7,453753
10844.3,453753
10843.9,453753
10845.2,453753
10843.6,453753
10844.8,453753
10844.2,453753
10845.1,453753
10844.1,453753
10844.9,453753
10845.2,453753
10844.7,453753
10844.6,453753
10844.8,453753
10845,453753
10844.8,453753
10845,453753
10845.1,453753
10844.5,453753
10844.5,453753
10845,453753
10845.3,453753
10845.2,453753
10844.7,453753
10845.3,453753
10845,453753
10845.1,453753
10845.1,453753
10845.3,453753
10845,453753
10844.3,453753
10844.7,453753
10845.1,453753
10844.1,453753
10845.3,453753
10844.9,453753
10845,453753
10844.7,453753
10845,453753
10844.9,453753
10845.1,453753
10844.9,453753
10845.1,453753
10845.1,453753
10845,453753
10845.2,453753
10844.9,453753
10844.9,453753
10845.1,453753
10845,453753
10845.2,453753
10844.9,453753
10844.7,453753
10844.8,453753
10844.4,453753
10843.3,453753
10844.7,453753
10844.4,453753
10844.8,453753
10844.7,453753
10843.7,453753
10844.4,453753
10844.7,453753
10844.5,453753
10844.3,453753
10844.3,453753
10844.1,453753
10843.9,453753
10844.6,453753
10844.7,453753
10844.8,453753
10845.1,453753
10844.9,453753
10842.6,453753
10844.4,453753
10844.7,453753
10844.3,453753
10844.9,453753
10844.8,453753
10844.5,453753
10844.9,453753
10845.3,453753
10845,453753
10844.8,453753
10844.6,453753
10844.9,453753
10844.7,453753
10844.7,453753
10843.7,453753
10843.9,453753
10844.6,453753
10844.5,453753
10845.2,453753
10844.7,453753
10844.8,453753
10844.9,453753
10845,453753
10845.3,453753
10845.2,453753
10845.1,453753
10845.2,453753
10844.7,453753
10844.4,453753
10845,453753
10845.1,453753
10845,453753
10845,453753
10844.8,453753
10845.3,453753
10845,453753
10844.1,453753
10844.8,453753
10845,453753
10845.1,453753
10845.2,453753
10844.9,453753
10844.5,453753
10844.8,453753
10844.9,453753
10844.7,453753
10845.1,453753
10845,453753
10844.5,453753
10844,453753
10844.3,453753
10844.8,453753
10844.7,453753
10844.5,453753
10844.9,453753
10845,453753
10845.3,453753
10844.9,453753
10845.3,453546
