TRACE,NSNPS_JACKKNIFE
10861.8,453753
10861.7,453753
10861.9,453753
10861.7,453753
10861.6,453753
10861.8,453753
10861.6,453753
10861.7,453753
10861.6,453753
10861.5,453753
10861.4,453753
10861.8,453753
10862,453753
10861.8,453753
10862.2,453753
10861.9,453753
10861.7,453753
10860.7,453753
10860.9,453753
10861.2,453753
10862,453753
10861.6,453753
10861.5,453753
10861.7,453753
10861.4,453753
10861.5,453753
10861.4,453753
10861.6,453753
10861.5,453753
10861.8,453753
10861.5,453753
10861.7,453753
10861.7,453753
10861.3,453753
10861.7,453753
10862,453753
10861.2,453753
10861.6,453753
10861.6,453753
10861.4,453753
10862,453753
10862.1,453753
10861.7,453753
10861.4,453753
10861.4,453753
10861.5,453753
10862,453753
10862,453753
10862.1,453753
10861.7,453753
10861.8,453753
10861.6,453753
10861.9,453753
10861.8,453753
10861.4,453753
10861.5,453753
10861.9,453753
10861.1,453753
10861.7,453753
10861.5,453753
10861.4,453753
10861.7,453753
10861.9,453753
10861.9,453753
10861.9,453753
10861.3,453753
10861.6,453753
10861.8,453753
10862.1,453753
10861,453753
10860.6,453753
10861.8,453753
10861.9,453753
10861.9,453753
10861.7,453753
10862,453753
10861.5,453753
10862,453753
10862.1,453753
10861.1,453753
10861.3,453753
10861.8,453753
10862,453753
10861.8,453753
10861.9,453753
10862.1,453753
10861.8,453753
10861.8,453753
10861.6,453753
10861.6,453753
10861.5,453753
10860.9,453753
10862.3,453753
10860.7,453753
10862.2,453753
10861.6,453753
10861.4,453753
10861.8,453753
10861.4,453753
10861.9,453753
10861.3,453753
10861.4,453753
10861.9,453753
10860.6,453753
10861.3,453753
10861.4,453753
10861.6,453753
10862.1,453753
10861.5,453753
10861.6,453753
10861.7,453753
10861.5,453753
10861.2,453753
10861.5,453753
10861.4,453753
10861.8,453753
10861.5,453753
10861.6,453753
10861.5,453753
10861.4,453753
10861.3,453753
10861.8,453753
10861.1,453753
10861.9,453753
10862,453753
10861.9,453753
10861.5,453753
10861.4,453753
10861.3,453753
10861.3,453753
10861.5,453753
10861.6,453753
10861.2,453753
10861.6,453753
10861.1,453753
10861.6,453753
10862,453753
10861.6,453753
10861.4,453753
10861.9,453753
10861.1,453753
10861,453753
10861.3,453753
10861.5,453753
10861.3,453753
10861.7,453753
10861.1,453753
10861.7,453753
10861.7,453753
10862.1,453753
10861.5,453753
10861.4,453753
10861.8,453753
10861.7,453753
10861.6,453753
10861.9,453753
10861.7,453753
10861.9,453753
10862.4,453753
10862,453753
10861.6,453753
10861.9,453753
10861.6,453753
10861.7,453753
10861.9,453753
10862.2,453753
10861.7,453753
10862,453753
10861.8,453753
10862,453753
10862,453753
10861.6,453753
10862.1,453753
10862,453753
10861.9,453753
10861.8,453753
10861.5,453753
10861.6,453753
10862.2,453753
10861.8,453753
10861.7,453753
10860.4,453753
10860.3,453753
10861.6,453753
10862,453753
10861.7,453753
10861.8,453753
10861.9,453753
10861.7,453753
10862.5,453753
10862.3,453753
10861.6,453753
10861.4,453753
10861.2,453753
10861.2,453753
10860.6,453753
10861,453753
10861.6,453753
10861.7,453753
10861.6,453753
10861.1,453753
10861.6,453753
10862.1,453753
10861.3,453753
10861.7,453753
10861.8,453753
10861.4,453753
10861.6,453753
10861.2,453753
10861.9,453753
10861.8,453753
10861.7,453753
10861.6,453753
10862.4,453753
10861.3,453753
10861.2,453753
10861,453753
10860.8,453753
10861.3,453753
10861,453753
10862.2,453753
10862.1,453753
10861.6,453753
10861.3,453753
10861.8,453753
10861.5,453753
10862.1,453753
10862.2,453753
10862.2,453753
10862,453753
10861.6,453753
10861.5,453753
10861.3,453753
10861.5,453753
10862.1,453753
10862.1,453753
10861.6,453753
10861.3,453753
10861.1,453753
10862,453753
10861.4,453753
10861.7,453753
10862.1,453753
10861.8,453753
10861.8,453753
10861.7,453753
10861.6,453753
10861.5,453753
10862.1,453753
10861.6,453753
10861.5,453753
10861.8,453753
10861.7,453753
10861.7,453753
10861.2,453753
10861.6,453753
10861.9,453753
10861.6,453753
10861.8,453753
10861.8,453753
10861.7,453753
10862.2,453753
10861,453753
10861.3,453753
10862,453753
10861.7,453753
10861.4,453753
10860.5,453753
10861.6,453753
10861.9,453753
10861.6,453753
10860.6,453753
10862.3,453753
10861.7,453753
10861.2,453753
10861.5,453753
10861.7,453753
10861.5,453753
10861.8,453753
10861.3,453753
10861.6,453753
10862.2,453753
10861.6,453753
10861.1,453753
10861.8,453753
10861.7,453753
10861.9,453753
10861.7,453753
10861.6,453753
10861.9,453753
10861.8,453753
10861.8,453753
10861.7,453753
10861.7,453753
10861.8,453753
10861.6,453753
10861.7,453753
10861.7,453753
10861.9,453753
10862.1,453753
10861.9,453753
10862.1,453753
10862,453753
10861,453753
10861.9,453753
10862.1,453753
10862,453753
10861.8,453753
10861.7,453753
10862,453753
10861.7,453753
10861.8,453753
10861.5,453753
10861.1,453753
10860.2,453753
10861.5,453753
10862,453753
10861.2,453753
10862,453753
10861.5,453753
10862,453753
10862,453753
10861.4,453753
10861.9,453753
10861.7,453753
10861.5,453753
10861.6,453753
10861.6,453753
10860.9,453753
10860.9,453753
10861.5,453753
10861.6,453753
10861.2,453753
10862,453753
10862.1,453753
10862.1,453753
10861.6,453753
10861.3,453753
10862,453753
10861.8,453753
10861.6,453753
10861.7,453753
10860.5,453753
10860.8,453753
10861.8,453753
10861.5,453753
10862,453753
10862.2,453753
10861.6,453753
10858.8,453753
10861.6,453753
10861.7,453753
10861.9,453753
10861.5,453753
10862.3,453753
10862,453753
10861.9,453753
10862.3,453753
10862.1,453753
10861.6,453753
10861.7,453753
10862,453753
10861.8,453753
10862.1,453753
10861.9,453753
10861.7,453753
10861.9,453753
10862.2,453753
10861.6,453753
10861.8,453753
10862,453753
10861.4,453753
10861.9,453753
10861.8,453753
10862.1,453753
10861.2,453753
10861.1,453753
10860.4,453753
10861.6,453753
10861.6,453753
10860.8,453753
10861.4,453753
10860.9,453753
10861.6,453753
10861.4,453753
10861.2,453753
10861.5,453753
10861.4,453753
10861.3,453753
10861.5,453753
10861.6,453753
10861.2,453753
10861.5,453753
10861.3,453753
10861.2,453753
10861.9,453753
10861.4,453753
10861.6,453753
10861,453753
10861.6,453753
10861.7,453753
10861.9,453753
10861.6,453753
10861.5,453753
10861.7,453753
10861.3,453753
10861.3,453753
10861.6,453753
10862.4,453753
10861.7,453753
10861.7,453753
10861.8,453753
10861.6,453753
10861.4,453753
10861.6,453753
10861.9,453753
10861.7,453753
10862,453753
10861.6,453753
10861.9,453753
10861.4,453753
10861.9,453753
10862.2,453753
10861.7,453753
10861.8,453753
10861.8,453753
10861.5,453753
10861.7,453753
10861.9,453753
10861.4,453753
10861.7,453753
10862.2,453753
10861.9,453753
10861.5,453753
10861.7,453753
10861.8,453753
10861.7,453753
10862,453753
10861.9,453753
10861.6,453753
10861.4,453753
10860.9,453753
10859.2,453753
10861.6,453753
10862.1,453753
10861.9,453753
10861.3,453753
10861.6,453753
10861.7,453753
10861.6,453753
10861.6,453753
10861.6,453753
10861,453753
10861.3,453753
10861.4,453753
10861.5,453753
10862,453753
10861.8,453753
10861.3,453753
10861,453753
10861.6,453753
10861.7,453753
10861.8,453753
10861.6,453753
10861.7,453753
10862,453753
10861.8,453753
10861.5,453753
10862,453753
10861.6,453753
10862.3,453753
10862.2,453753
10861.8,453753
10862,453753
10861.5,453753
10861.3,453753
10861.9,453753
10861.1,453753
10861.8,453753
10860.5,453753
10859.3,453753
10859.4,453753
10861.7,453753
10861.6,453753
10862.2,453753
10861.1,453753
10861.8,453753
10861.6,453753
10862,453753
10861.7,453753
10861.9,453753
10861.1,453753
10861.7,453753
10861.8,453753
10861,453753
10861.8,453753
10862.2,453753
10862.2,453753
10861.8,453753
10861.5,453753
10861.3,453753
10862,453753
10862,453753
10861.5,453753
10861.9,453753
10861.8,453753
10861.6,453753
10861.5,453753
10861.5,453753
10861.8,453753
10861.5,453753
10861.9,453753
10861.8,453753
10861.1,453753
10861.3,453753
10861.6,453753
10861.5,453753
10861.8,453753
10861.6,453753
10861.9,453753
10861.6,453753
10861.5,453753
10861.7,453753
10861.7,453753
10862,453753
10862.2,453753
10861.5,453753
10862,453753
10861.6,453753
10861.9,453753
10861.9,453753
10861.7,453753
10862,453753
10862,453753
10861.4,453753
10862.2,453753
10861.8,453753
10861.5,453753
10862,453753
10861.7,453753
10861.5,453753
10861.4,453753
10861,453753
10861.8,453753
10861.8,453753
10861.3,453753
10861.4,453753
10861.6,453753
10862,453753
10862,453753
10861.8,453753
10861.4,453753
10861.8,453753
10861.1,453753
10861.2,453753
10861.6,453753
10861.8,453753
10861.5,453753
10861.7,453753
10861.7,453753
10861.6,453753
10861.6,453753
10861.4,453753
10861.7,453753
10861.5,453753
10861.5,453753
10861.9,453753
10861.5,453753
10862.1,453753
10861.9,453753
10861.8,453753
10861.9,453753
10862,453753
10862,453753
10862.2,453753
10861.6,453753
10862.1,453753
10861.9,453753
10861.7,453753
10861.9,453753
10862,453753
10861.3,453753
10862,453753
10861,453753
10861.9,453753
10862,453753
10861.7,453753
10861.4,453753
10861.1,453753
10861.2,453753
10861.5,453753
10861.7,453753
10861.3,453753
10861.6,453753
10861.8,453753
10861.6,453753
10861.9,453753
10861.5,453753
10862,453753
10861.3,453753
10860,453753
10861.7,453753
10861.7,453753
10861.3,453753
10861.7,453753
10861.9,453753
10861.4,453753
10861.6,453753
10861.8,453753
10861.3,453753
10861.3,453753
10861.8,453753
10861.7,453753
10861.5,453753
10862.1,453753
10861.7,453753
10861.5,453753
10861.8,453753
10861.9,453753
10861.7,453753
10861.7,453753
10862,453753
10861.6,453753
10860.8,453753
10861.4,453753
10860.6,453753
10860.5,453753
10860.8,453753
10861.7,453753
10861.7,453753
10862,453753
10861.5,453753
10862.3,453753
10862.1,453753
10861.9,453753
10861.5,453753
10861.6,453753
10861.8,453753
10861.5,453753
10861.8,453753
10861.8,453753
10861.6,453753
10856.8,453753
10848.1,453753
10859.3,453753
10861.1,453753
10861.4,453753
10862.1,453753
10861.6,453753
10861.6,453753
10861.4,453753
10861.9,453753
10861.4,453753
10861.2,453753
10861.5,453753
10861.8,453753
10861.9,453753
10862.2,453753
10862,453753
10861.2,453753
10861.4,453753
10861.1,453753
10861.3,453753
10861.8,453753
10861.3,453753
10861.5,453753
10862.4,453753
10861.7,453753
10861.5,453753
10861.7,453753
10861.9,453753
10862,453753
10861.7,453753
10861.9,453753
10861.4,453753
10862.1,453753
10862.2,453753
10861.9,453753
10861.5,453753
10861.8,453753
10861.9,453753
10861.5,453753
10861.7,453753
10861.9,453753
10861.5,453753
10861.8,453753
10861.5,453753
10861.1,453753
10860,453753
10861.3,453753
10861.5,453753
10861.2,453753
10861.8,453753
10861.3,453753
10862,453753
10861.7,453753
10861.8,453753
10862,453753
10861.4,453753
10861.4,453753
10862,453753
10862.1,453753
10861.6,453753
10861.7,453753
10861.8,453753
10861.2,453753
10861.5,453753
10862,453753
10861.6,453753
10861.7,453753
10862.2,453753
10861.5,453753
10861.8,453753
10862,453753
10861.9,453753
10861.2,453753
10860.8,453753
10861.7,453753
10862,453753
10861.8,453753
10861.8,453753
10861.2,453753
10861.3,453753
10862,453753
10861.9,453753
10861.9,453753
10861.5,453753
10861.5,453753
10861.9,453753
10861.7,453753
10861.8,453753
10861.9,453753
10861.4,453753
10861.9,453753
10861.4,453753
10861.4,453753
10861.8,453753
10861.8,453753
10861.2,453753
10861.2,453753
10861.8,453753
10862.1,453753
10861.6,453753
10861,453753
10862,453753
10861.8,453753
10861.9,453753
10861.9,453753
10862,453753
10861.9,453753
10861.8,453753
10861.9,453753
10862.3,453753
10862,453753
10861.7,453753
10861.8,453753
10861.7,453753
10861.7,453753
10862,453753
10861.6,453753
10862.1,453753
10861.7,453753
10862.4,453753
10862.3,453753
10861.6,453753
10860.9,453753
10861.4,453753
10861.8,453753
10861.9,453753
10861.6,453753
10861.5,453753
10861.6,453753
10861.8,453753
10861.8,453753
10861.8,453753
10861.4,453753
10861.7,453753
10862.2,453753
10861.2,453753
10862.2,453753
10861.7,453753
10861.8,453753
10861.8,453753
10861.5,453753
10861.7,453753
10861.9,453753
10862.1,453753
10861.9,453753
10861.8,453753
10861.5,453753
10861.7,453753
10861.8,453753
10862,453753
10861.9,453753
10861.8,453753
10861.6,453753
10862,453753
10861.7,453753
10862,453753
10861.6,453753
10861.8,453753
10861.5,453753
10861.9,453753
10861.7,453753
10861.6,453753
10862.1,453753
10861.5,453753
10860.7,453753
10861.6,453753
10861.9,453753
10861.9,453753
10860.9,453753
10862,453753
10861.9,453753
10861.8,453753
10862,453753
10861.6,453753
10861.7,453753
10862.2,453753
10861.6,453753
10861.7,453753
10861.5,453753
10862.2,453753
10861.8,453753
10861.8,453753
10861.9,453753
10861.3,453753
10861.8,453753
10861.5,453753
10862,453753
10861.9,453753
10861.8,453753
10862,453753
10861.4,453753
10861.6,453753
10861.7,453753
10862,453753
10861.8,453753
10861.8,453753
10861.5,453753
10861.1,453753
10861.8,453753
10861.2,453753
10860.6,453753
10861.6,453753
10861.9,453753
10862.2,453753
10861.9,453753
10861.6,453753
10861.6,453753
10861.8,453753
10861.5,453753
10862,453753
10861.3,453753
10861.3,453753
10862,453753
10862,453753
10861.6,453753
10862,453753
10861.8,453753
10862,453753
10862,453753
10861.5,453753
10861.7,453753
10861.6,453753
10861.2,453753
10861.6,453753
10861.6,453753
10861.2,453753
10861.6,453753
10861.7,453753
10860.7,453753
10862.3,453753
10861.6,453753
10862,453753
10861,453753
10861.6,453753
10861.7,453753
10861.7,453753
10862.5,453753
10862.2,453753
10861,453753
10861.9,453753
10862,453753
10861.8,453753
10861.5,453753
10861.7,453753
10861.8,453753
10862,453753
10862,453753
10861.9,453753
10861.5,453753
10861.6,453753
10862.1,453753
10862.1,453753
10861.8,453753
10862.2,453753
10861.6,453753
10861.5,453753
10861.9,453753
10860.7,453753
10860.9,453753
10861.8,453753
10861.5,453753
10861.3,453753
10861.6,453753
10862.1,453753
10861.6,453753
10862,453753
10861,453753
10862,453753
10862,453753
10861.9,453753
10861.6,453753
10861.6,453753
10861.8,453753
10861.4,453753
10861.5,453753
10861.9,453753
10861.7,453753
10861.4,453753
10861.3,453753
10860.3,453753
10861.6,453753
10861.6,453753
10861.8,453753
10861.3,453753
10860.4,453753
10861.9,453753
10861.7,453753
10861.7,453753
10861,453753
10861,453753
10861.6,453753
10860.5,453753
10861.6,453753
10861.7,453753
10861.9,453753
10861.7,453753
10862.2,453753
10860.8,453753
10861.4,453753
10861.8,453753
10861.2,453753
10862.1,453753
10861.8,453753
10862.1,453753
10861.6,453753
10862.1,453753
10862.6,453753
10861.5,453753
10861.8,453753
10862.1,453753
10861.3,453753
10861.5,453753
10861,453753
10861.5,453753
10861.8,453753
10861.8,453753
10861.9,453753
10861.5,453753
10861.8,453753
10861.6,453753
10861.7,453753
10861.9,453753
10862.2,453753
10861.8,453753
10862,453753
10862.1,453753
10861.7,453753
10862.1,453753
10862.2,453753
10862.1,453753
10861.8,453753
10862.1,453753
10861.7,453753
10861.5,453753
10861.7,453753
10861.9,453753
10861.6,453753
10862.1,453753
10861.8,453753
10862.1,453753
10861.8,453753
10861.7,453753
10861.8,453753
10861.9,453753
10862.1,453753
10862.1,453753
10861.6,453753
10861.1,453753
10861.9,453753
10862,453753
10862.4,453753
10861.3,453753
10861.8,453753
10861.8,453753
10862.2,453753
10862.1,453753
10861.5,453546
