TRACE,NSNPS_JACKKNIFE
10901.9,453753
10902,453753
10902.1,453753
10902.2,453753
10901.6,453753
10901.8,453753
10901.7,453753
10901.5,453753
10901.6,453753
10901.6,453753
10901.4,453753
10901.5,453753
10902,453753
10901.6,453753
10901.8,453753
10901.9,453753
10901.7,453753
10901.1,453753
10901.3,453753
10901.1,453753
10902.1,453753
10902.2,453753
10902.1,453753
10901.7,453753
10902.4,453753
10902,453753
10901.2,453753
10901.6,453753
10901.6,453753
10901.9,453753
10901.9,453753
10901.9,453753
10901.8,453753
10901.6,453753
10902.2,453753
10901.7,453753
10901.6,453753
10902.3,453753
10901.6,453753
10902.1,453753
10901.6,453753
10901.8,453753
10901.8,453753
10901.4,453753
10901.5,453753
10901.5,453753
10901.4,453753
10902,453753
10901.6,453753
10901.8,453753
10901.8,453753
10901.3,453753
10901.7,453753
10901.5,453753
10901.4,453753
10901.8,453753
10901.9,453753
10901.6,453753
10901.8,453753
10901.6,453753
10901.6,453753
10902,453753
10901.8,453753
10901.8,453753
10901.7,453753
10901.3,453753
10902.1,453753
10901.9,453753
10901.5,453753
10901.9,453753
10901.2,453753
10902,453753
10902.4,453753
10902,453753
10901.7,453753
10901.6,453753
10901.8,453753
10901.4,453753
10902.1,453753
10901.7,453753
10901.6,453753
10901.8,453753
10901.7,453753
10902.2,453753
10901.9,453753
10901.8,453753
10902.2,453753
10902.1,453753
10901.5,453753
10901.8,453753
10901.7,453753
10900.9,453753
10902.1,453753
10899.2,453753
10902.3,453753
10902,453753
10902.1,453753
10901.4,453753
10901.9,453753
10901.8,453753
10901.5,453753
10901.5,453753
10902,453753
10901.7,453753
10901,453753
10901.4,453753
10902,453753
10902,453753
10901.5,453753
10901.7,453753
10902.1,453753
10901.9,453753
10901.7,453753
10901.6,453753
10901.1,453753
10900.9,453753
10901.4,453753
10902,453753
10901.5,453753
10901.5,453753
10901.2,453753
10901.9,453753
10901.5,453753
10901.9,453753
10902,453753
10902.1,453753
10901.4,453753
10901.7,453753
10901.2,453753
10902.4,453753
10901,453753
10901.5,453753
10901.3,453753
10901.7,453753
10901.3,453753
10901.7,453753
10902,453753
10902.2,453753
10901.6,453753
10901.6,453753
10901,453753
10900.7,453753
10901.5,453753
10901.3,453753
10901.4,453753
10901.7,453753
10901.7,453753
10901.3,453753
10901.9,453753
10901.9,453753
10901.9,453753
10901.9,453753
10901.9,453753
10901.9,453753
10902.1,453753
10901.9,453753
10901.8,453753
10901.6,453753
10902.4,453753
10902.1,453753
10901.6,453753
10901.9,453753
10902.2,453753
10902.3,453753
10901.9,453753
10902,453753
10901.7,453753
10902,453753
10902.1,453753
10901.7,453753
10902.3,453753
10902.1,453753
10901.8,453753
10902.2,453753
10901.9,453753
10901.3,453753
10901.5,453753
10902,453753
10902,453753
10901.4,453753
10901.6,453753
10900.1,453753
10900.4,453753
10901.6,453753
10901.7,453753
10902,453753
10902,453753
10902.1,453753
10902.1,453753
10901.8,453753
10902,453753
10902,453753
10901.7,453753
10901.3,453753
10901.2,453753
10899.8,453753
10900.9,453753
10901.7,453753
10902.3,453753
10901.8,453753
10901.9,453753
10901.8,453753
10901.9,453753
10901.1,453753
10901.9,453753
10901.8,453753
10901.5,453753
10901.7,453753
10901.5,453753
10901.9,453753
10902,453753
10902,453753
10901.9,453753
10901.8,453753
10901.3,453753
10901.4,453753
10901.3,453753
10900.6,453753
10901.3,453753
10900.9,453753
10901.5,453753
10901.6,453753
10901.6,453753
10901.8,453753
10901.8,453753
10901.6,453753
10901.9,453753
10902.1,453753
10902.1,453753
10901.9,453753
10901.5,453753
10901.7,453753
10901.1,453753
10902,453753
10902.4,453753
10901.9,453753
10902,453753
10901.8,453753
10901.9,453753
10901.6,453753
10902,453753
10902,453753
10901.9,453753
10901.9,453753
10902,453753
10902.1,453753
10901.7,453753
10901.8,453753
10901.6,453753
10901.9,453753
10901.2,453753
10902,453753
10901.7,453753
10901.7,453753
10901.9,453753
10901.6,453753
10902.1,453753
10901.6,453753
10901.6,453753
10901.8,453753
10901.8,453753
10901.8,453753
10900.3,453753
10901.2,453753
10901.7,453753
10901.4,453753
10901.7,453753
10900.9,453753
10901.8,453753
10901.9,453753
10901.8,453753
10901.1,453753
10901.6,453753
10901.6,453753
10901.9,453753
10902.1,453753
10901.6,453753
10901.6,453753
10902,453753
10900.8,453753
10901.1,453753
10901.8,453753
10901.8,453753
10901.7,453753
10901.4,453753
10901.7,453753
10902,453753
10901.7,453753
10901.8,453753
10902,453753
10902.1,453753
10901.6,453753
10902.1,453753
10901.6,453753
10902,453753
10902.2,453753
10902.2,453753
10901.5,453753
10902.2,453753
10901.5,453753
10902.2,453753
10901.6,453753
10902.4,453753
10901.9,453753
10901.9,453753
10901.8,453753
10901.6,453753
10901.2,453753
10901.4,453753
10901.5,453753
10902,453753
10901.9,453753
10901.3,453753
10900.9,453753
10900.5,453753
10901.9,453753
10902,453753
10901.3,453753
10901.5,453753
10901.9,453753
10901.3,453753
10901.6,453753
10901.5,453753
10902.1,453753
10901.7,453753
10902.1,453753
10901.8,453753
10901.6,453753
10902.2,453753
10901.2,453753
10901.7,453753
10901.9,453753
10902.1,453753
10901.8,453753
10901.5,453753
10901.9,453753
10902.1,453753
10901.9,453753
10902.4,453753
10901.8,453753
10901.2,453753
10902,453753
10900.9,453753
10900.9,453753
10901.9,453753
10901.5,453753
10901.4,453753
10901.9,453753
10901.2,453753
10900.5,453753
10901.6,453753
10901.7,453753
10902,453753
10902,453753
10902,453753
10902.4,453753
10901.9,453753
10902,453753
10901.9,453753
10902,453753
10901.8,453753
10901.5,453753
10902,453753
10901.9,453753
10901.7,453753
10902.1,453753
10902,453753
10902.1,453753
10902.1,453753
10902.3,453753
10902.1,453753
10901.8,453753
10901.4,453753
10901.9,453753
10902,453753
10901.8,453753
10901.2,453753
10901,453753
10901.4,453753
10901.6,453753
10900.8,453753
10900.9,453753
10901.4,453753
10902,453753
10901.6,453753
10901.6,453753
10901.2,453753
10901.5,453753
10901.9,453753
10902.1,453753
10902.1,453753
10901.7,453753
10901.8,453753
10901.6,453753
10900.9,453753
10901.5,453753
10901.5,453753
10900.6,453753
10901.4,453753
10901.9,453753
10901.6,453753
10901.5,453753
10901.5,453753
10901.9,453753
10902.1,453753
10901,453753
10901.6,453753
10901.3,453753
10902.4,453753
10902.1,453753
10901.6,453753
10902.4,453753
10902,453753
10902,453753
10901.8,453753
10901.9,453753
10901.3,453753
10901.9,453753
10901.9,453753
10901.6,453753
10901.8,453753
10901.5,453753
10902,453753
10901.9,453753
10902.3,453753
10902,453753
10901.9,453753
10902,453753
10901.7,453753
10901.3,453753
10901.6,453753
10902.2,453753
10900.1,453753
10902.1,453753
10901.4,453753
10901.8,453753
10901.7,453753
10901.9,453753
10902,453753
10901.7,453753
10901.4,453753
10901.8,453753
10899.1,453753
10901.4,453753
10901.8,453753
10901.6,453753
10902.3,453753
10901.6,453753
10902.3,453753
10901.5,453753
10901.8,453753
10901.3,453753
10901.6,453753
10901.4,453753
10902.6,453753
10901.8,453753
10901.6,453753
10901.4,453753
10902.1,453753
10901.6,453753
10901.4,453753
10901.6,453753
10901.9,453753
10901,453753
10902.1,453753
10901.9,453753
10901.7,453753
10902,453753
10902,453753
10901.6,453753
10901.7,453753
10901.6,453753
10902,453753
10901.7,453753
10902.2,453753
10901.6,453753
10901.7,453753
10901.7,453753
10902.1,453753
10901.1,453753
10900.2,453753
10900,453753
10901.9,453753
10901.8,453753
10901.8,453753
10901.9,453753
10902.1,453753
10901.9,453753
10902.3,453753
10902,453753
10901.6,453753
10902,453753
10901.6,453753
10901.7,453753
10900.6,453753
10901.5,453753
10901.7,453753
10901.3,453753
10901.6,453753
10901.7,453753
10902.4,453753
10901.9,453753
10901.9,453753
10901.7,453753
10901.4,453753
10902,453753
10901.3,453753
10901.4,453753
10901.7,453753
10901.9,453753
10901.9,453753
10901.6,453753
10901.5,453753
10901.5,453753
10901.1,453753
10901.6,453753
10901.7,453753
10901.9,453753
10902,453753
10902.2,453753
10901.9,453753
10902,453753
10902,453753
10901.8,453753
10902,453753
10901.6,453753
10901.7,453753
10901.8,453753
10901.8,453753
10902.3,453753
10901.4,453753
10902,453753
10901.8,453753
10901.7,453753
10901.8,453753
10901.6,453753
10902,453753
10901.1,453753
10901.9,453753
10901.7,453753
10901.6,453753
10901.7,453753
10901.6,453753
10901.8,453753
10901.5,453753
10901.8,453753
10901.8,453753
10902.1,453753
10901.4,453753
10901.4,453753
10902,453753
10901.8,453753
10901.8,453753
10901.9,453753
10902,453753
10902.2,453753
10901.3,453753
10901.8,453753
10901.8,453753
10902.4,453753
10902,453753
10901.4,453753
10901.6,453753
10901.6,453753
10902.1,453753
10901.4,453753
10901.8,453753
10901.8,453753
10901.8,453753
10902.2,453753
10902.1,453753
10901.6,453753
10902,453753
10901.7,453753
10901.8,453753
10902,453753
10901.6,453753
10901.8,453753
10902.1,453753
10902.1,453753
10901.8,453753
10902.1,453753
10901.8,453753
10901.9,453753
10901.5,453753
10901.5,453753
10901.7,453753
10901.7,453753
10901.6,453753
10901.1,453753
10901.7,453753
10902.1,453753
10902,453753
10901.6,453753
10901.7,453753
10901.8,453753
10901.7,453753
10902,453753
10902,453753
10901.4,453753
10900.5,453753
10901.8,453753
10901.7,453753
10902,453753
10902.3,453753
10902.3,453753
10901.7,453753
10901.5,453753
10901.7,453753
10901,453753
10902.2,453753
10902,453753
10901.7,453753
10902.1,453753
10902,453753
10901.8,453753
10901.9,453753
10901.2,453753
10902.2,453753
10901.9,453753
10901.8,453753
10902.2,453753
10901.7,453753
10900.4,453753
10901.9,453753
10902,453753
10900.9,453753
10901.7,453753
10902.4,453753
10902.5,453753
10901.9,453753
10901.8,453753
10902.2,453753
10901.9,453753
10901.7,453753
10902.3,453753
10901.5,453753
10901.6,453753
10901.8,453753
10901.4,453753
10902.3,453753
10902.2,453753
10896.1,453753
10887.8,453753
10898.8,453753
10901.8,453753
10901.2,453753
10901.4,453753
10901.9,453753
10901.5,453753
10901.8,453753
10901.9,453753
10901.5,453753
10900.2,453753
10901.8,453753
10901.6,453753
10901.9,453753
10901.8,453753
10901.4,453753
10901.7,453753
10901.6,453753
10901.6,453753
10901.9,453753
10901.9,453753
10902,453753
10902.2,453753
10901.9,453753
10901.7,453753
10901.4,453753
10901.9,453753
10902.5,453753
10902.2,453753
10901.7,453753
10901.4,453753
10901.8,453753
10902.2,453753
10901.7,453753
10902.5,453753
10901.4,453753
10901.9,453753
10901.9,453753
10901.7,453753
10901.6,453753
10901.9,453753
10902,453753
10902.1,453753
10901.9,453753
10901.6,453753
10900,453753
10901.1,453753
10901.6,453753
10901.9,453753
10901.5,453753
10901.6,453753
10901.6,453753
10901.8,453753
10902,453753
10902.2,453753
10902,453753
10901.8,453753
10901.6,453753
10901.8,453753
10901.6,453753
10901.7,453753
10902.1,453753
10901.3,453753
10901.1,453753
10901.4,453753
10901.7,453753
10901.9,453753
10902,453753
10901.4,453753
10901.5,453753
10901.9,453753
10901.5,453753
10901,453753
10901.1,453753
10901.7,453753
10902.2,453753
10902.2,453753
10902,453753
10901.7,453753
10901.2,453753
10901.8,453753
10901.7,453753
10902.1,453753
10901.8,453753
10902.2,453753
10902.2,453753
10901.9,453753
10902.4,453753
10902.2,453753
10901.7,453753
10901.9,453753
10901.8,453753
10901.4,453753
10901.4,453753
10902,453753
10901.1,453753
10901.5,453753
10901.7,453753
10901.9,453753
10901.5,453753
10901.8,453753
10901.5,453753
10901.3,453753
10901.7,453753
10901.9,453753
10902.1,453753
10901.8,453753
10902,453753
10902.1,453753
10902.1,453753
10901.8,453753
10902,453753
10902,453753
10901.8,453753
10901.8,453753
10901.9,453753
10902,453753
10902,453753
10902.1,453753
10902.1,453753
10902.2,453753
10902.1,453753
10901.6,453753
10902.1,453753
10901.7,453753
10901.8,453753
10902,453753
10901.5,453753
10902.2,453753
10901.6,453753
10901.8,453753
10901.5,453753
10901.3,453753
10901,453753
10902.2,453753
10902.1,453753
10901.9,453753
10901.8,453753
10902.2,453753
10901.8,453753
10902.3,453753
10901.7,453753
10902.1,453753
10902,453753
10901.5,453753
10902,453753
10901.9,453753
10901.8,453753
10901.9,453753
10901.7,453753
10901.4,453753
10902.2,453753
10902,453753
10902,453753
10901.3,453753
10901.6,453753
10901.6,453753
10901.5,453753
10901.7,453753
10901.6,453753
10902,453753
10901.6,453753
10901.9,453753
10901.8,453753
10901.5,453753
10901.7,453753
10901.5,453753
10901.7,453753
10901.6,453753
10902.2,453753
10902.3,453753
10901.6,453753
10902.1,453753
10902.3,453753
10902.2,453753
10902,453753
10902,453753
10902.3,453753
10902,453753
10901.9,453753
10902.2,453753
10902.1,453753
10902.1,453753
10902.1,453753
10901.9,453753
10901.8,453753
10902,453753
10901.9,453753
10901.7,453753
10901.9,453753
10901.6,453753
10901.6,453753
10902.1,453753
10901.8,453753
10901.9,453753
10902.2,453753
10901.5,453753
10902,453753
10901.9,453753
10900.2,453753
10900.4,453753
10901.8,453753
10901.8,453753
10902.4,453753
10901.7,453753
10901.4,453753
10901.7,453753
10901.3,453753
10901.8,453753
10901.6,453753
10902,453753
10901.5,453753
10902,453753
10902,453753
10901.7,453753
10901.9,453753
10902,453753
10901.8,453753
10902.1,453753
10901.8,453753
10902.1,453753
10901.6,453753
10901.8,453753
10901.6,453753
10901.9,453753
10901.8,453753
10901.1,453753
10901.3,453753
10900.2,453753
10901.9,453753
10901.8,453753
10902.2,453753
10901.7,453753
10901.9,453753
10901.8,453753
10901.7,453753
10902.5,453753
10902.2,453753
10901.9,453753
10901.5,453753
10901.6,453753
10901.8,453753
10901.9,453753
10901.7,453753
10901.6,453753
10902.1,453753
10902,453753
10901.1,453753
10902,453753
10902.1,453753
10901.4,453753
10901.8,453753
10902.2,453753
10901.7,453753
10901.3,453753
10901.7,453753
10901.9,453753
10901.6,453753
10901.9,453753
10901.9,453753
10901.9,453753
10901.2,453753
10901.7,453753
10902.2,453753
10901.6,453753
10901.8,453753
10902.1,453753
10901.5,453753
10902,453753
10901.8,453753
10902,453753
10902,453753
10902,453753
10902,453753
10902.2,453753
10902.1,453753
10901.4,453753
10901.9,453753
10901.4,453753
10901,453753
10901.9,453753
10901.4,453753
10901.7,453753
10901.6,453753
10900.4,453753
10901.9,453753
10902,453753
10901.2,453753
10900.9,453753
10901.7,453753
10901.6,453753
10900.2,453753
10901.5,453753
10902.1,453753
10902.3,453753
10901.6,453753
10902,453753
10900,453753
10901.9,453753
10901.3,453753
10901.6,453753
10901.8,453753
10901.8,453753
10902.2,453753
10901.8,453753
10901.4,453753
10902.1,453753
10902,453753
10901.9,453753
10901.6,453753
10901.5,453753
10901.9,453753
10901,453753
10901.2,453753
10901.7,453753
10901.9,453753
10901.6,453753
10901.7,453753
10901.7,453753
10901.8,453753
10902.1,453753
10901.9,453753
10901.6,453753
10902.1,453753
10901.8,453753
10902.2,453753
10901.5,453753
10901.9,453753
10902.6,453753
10902,453753
10902.1,453753
10902.3,453753
10902.2,453753
10901.7,453753
10901.6,453753
10901.6,453753
10902,453753
10901.7,453753
10902.4,453753
10902.1,453753
10901.7,453753
10901,453753
10902.1,453753
10902,453753
10901.4,453753
10902,453753
10901.6,453753
10901.5,453753
10902.1,453753
10901.6,453753
10901.8,453753
10900.8,453753
10901.1,453753
10901.5,453753
10901.7,453753
10902,453753
10902.3,453546
