TRACE,NSNPS_JACKKNIFE
10853.3,453753
10853.4,453753
10853.2,453753
10853.6,453753
10853.7,453753
10853.1,453753
10852.7,453753
10853.3,453753
10853.3,453753
10853.6,453753
10853.3,453753
10852.3,453753
10853.3,453753
10853.2,453753
10853.1,453753
10852.7,453753
10853.4,453753
10852.4,453753
10852.8,453753
10852.9,453753
10852.8,453753
10852.9,453753
10852.8,453753
10853.4,453753
10853.4,453753
10853.1,453753
10853.2,453753
10853,453753
10852.8,453753
10852.7,453753
10853.2,453753
10853.1,453753
10853.1,453753
10853.2,453753
10852.8,453753
10853.4,453753
10853.1,453753
10852.6,453753
10853.2,453753
10853.3,453753
10853.2,453753
10853.4,453753
10852.5,453753
10852.9,453753
10853.1,453753
10852.9,453753
10853.3,453753
10853.9,453753
10853.1,453753
10853.4,453753
10852.9,453753
10852.7,453753
10852.6,453753
10853.3,453753
10853.3,453753
10852.8,453753
10852.9,453753
10852.7,453753
10852.8,453753
10853,453753
10853.2,453753
10853.2,453753
10853.6,453753
10853.4,453753
10852.9,453753
10853,453753
10852.6,453753
10852.7,453753
10853,453753
10853.3,453753
10852.8,453753
10853.3,453753
10853.3,453753
10853.8,453753
10853.4,453753
10853.3,453753
10853.1,453753
10853,453753
10853.4,453753
10853.5,453753
10852.5,453753
10853,453753
10853.2,453753
10853.2,453753
10853.5,453753
10853.4,453753
10853.3,453753
10853.6,453753
10853.4,453753
10853.3,453753
10852.8,453753
10853.3,453753
10853.2,453753
10851.6,453753
10853,453753
10852.8,453753
10853.3,453753
10852.8,453753
10853.4,453753
10852.7,453753
10852.9,453753
10853,453753
10853.1,453753
10852.9,453753
10852.5,453753
10853.1,453753
10853.3,453753
10853.7,453753
10852.5,453753
10853.3,453753
10853.7,453753
10852.7,453753
10853.5,453753
10853.4,453753
10852.9,453753
10852.9,453753
10853.3,453753
10852.8,453753
10852.2,453753
10853.1,453753
10853.3,453753
10853.2,453753
10853.6,453753
10853.1,453753
10853.2,453753
10853,453753
10853.1,453753
10853.1,453753
10852.9,453753
10852.9,453753
10852.6,453753
10853.6,453753
10853.1,453753
10853.3,453753
10852.6,453753
10853.6,453753
10853.6,453753
10853,453753
10852.9,453753
10852.9,453753
10852,453753
10852.2,453753
10852.9,453753
10853,453753
10852.7,453753
10852.4,453753
10853,453753
10852.7,453753
10853.2,453753
10853.3,453753
10852.8,453753
10853.3,453753
10853.4,453753
10853,453753
10853.3,453753
10853.3,453753
10853,453753
10853.6,453753
10853.3,453753
10853.4,453753
10853.5,453753
10853.3,453753
10853.1,453753
10853.3,453753
10853.4,453753
10853.2,453753
10853.1,453753
10853.5,453753
10853.3,453753
10852.7,453753
10852.6,453753
10853.3,453753
10853.5,453753
10853.6,453753
10853.4,453753
10852.9,453753
10853.3,453753
10852.8,453753
10853.3,453753
10853.5,453753
10852.6,453753
10851.5,453753
10851.6,453753
10852.8,453753
10853.3,453753
10853.4,453753
10853.1,453753
10853.2,453753
10853.7,453753
10853.3,453753
10853.5,453753
10853.6,453753
10852.6,453753
10852.1,453753
10852.1,453753
10852.4,453753
10852.5,453753
10852.6,453753
10853.1,453753
10852.9,453753
10853.1,453753
10853.2,453753
10853.5,453753
10852.8,453753
10853.1,453753
10852.9,453753
10853,453753
10853.1,453753
10853.3,453753
10852.4,453753
10853.2,453753
10852.5,453753
10853.2,453753
10853.7,453753
10853.1,453753
10852.4,453753
10851.7,453753
10852.3,453753
10853.1,453753
10852.4,453753
10853,453753
10853,453753
10853.1,453753
10853.2,453753
10852.9,453753
10853.4,453753
10853.2,453753
10853.1,453753
10853.1,453753
10853,453753
10853.2,453753
10853.3,453753
10852.9,453753
10853.6,453753
10853.5,453753
10853.1,453753
10852.9,453753
10853.4,453753
10853,453753
10852.7,453753
10853.1,453753
10853.3,453753
10853.3,453753
10853.2,453753
10853.2,453753
10853.3,453753
10853.1,453753
10853.3,453753
10853.4,453753
10852.3,453753
10852.8,453753
10853.1,453753
10853.4,453753
10853.5,453753
10852.9,453753
10852.3,453753
10853.4,453753
10853.1,453753
10853,453753
10853.1,453753
10853.1,453753
10853,453753
10852.5,453753
10853.3,453753
10853.2,453753
10852.8,453753
10852.5,453753
10852.6,453753
10853.1,453753
10852.8,453753
10852.7,453753
10852.5,453753
10853.4,453753
10852.8,453753
10853.2,453753
10853.1,453753
10853.2,453753
10853.2,453753
10852.8,453753
10853.5,453753
10853.1,453753
10853,453753
10853.6,453753
10853.4,453753
10853.2,453753
10853.5,453753
10853.2,453753
10853.3,453753
10853.1,453753
10853.4,453753
10853.3,453753
10853.3,453753
10853.1,453753
10853,453753
10853.3,453753
10853.3,453753
10853.1,453753
10853.3,453753
10853.6,453753
10853.2,453753
10853.8,453753
10853,453753
10853.2,453753
10853,453753
10853,453753
10853.5,453753
10853.3,453753
10852.9,453753
10853.1,453753
10853.3,453753
10853.2,453753
10853.4,453753
10852.9,453753
10852.3,453753
10852.4,453753
10853.4,453753
10853.4,453753
10853.1,453753
10852.6,453753
10853.1,453753
10853,453753
10853.2,453753
10852.7,453753
10852.8,453753
10853.1,453753
10852.7,453753
10852.2,453753
10852.9,453753
10852.8,453753
10852.3,453753
10852.3,453753
10853.3,453753
10853.2,453753
10853.1,453753
10853.4,453753
10853.4,453753
10852.8,453753
10852.7,453753
10853.5,453753
10852.8,453753
10853,453753
10853.3,453753
10852.1,453753
10851.9,453753
10853.5,453753
10852.6,453753
10853.1,453753
10852.7,453753
10852.6,453753
10852.4,453753
10853.6,453753
10853,453753
10853.3,453753
10853.1,453753
10853.2,453753
10853.3,453753
10853.7,453753
10853.8,453753
10853.3,453753
10853.2,453753
10853.2,453753
10853.2,453753
10853.2,453753
10853.4,453753
10852.8,453753
10853.1,453753
10852.9,453753
10853.4,453753
10853.3,453753
10853,453753
10852.9,453753
10853.2,453753
10853.2,453753
10852.8,453753
10853.8,453753
10853.3,453753
10853.2,453753
10852.1,453753
10852.8,453753
10852.6,453753
10852.4,453753
10852.6,453753
10852.9,453753
10853.5,453753
10852.9,453753
10852.5,453753
10852.3,453753
10852.2,453753
10852.5,453753
10853.2,453753
10853.4,453753
10853.2,453753
10853.1,453753
10853.3,453753
10853,453753
10853.1,453753
10853,453753
10852.9,453753
10852.6,453753
10853.3,453753
10853.3,453753
10853.2,453753
10852.8,453753
10853.4,453753
10853.1,453753
10852,453753
10853,453753
10853.1,453753
10853.4,453753
10853.2,453753
10853.1,453753
10853.5,453753
10853.4,453753
10853.3,453753
10853.2,453753
10853.5,453753
10853.1,453753
10852.9,453753
10852.6,453753
10852.7,453753
10853.1,453753
10853.3,453753
10853.3,453753
10852.7,453753
10853.3,453753
10852.8,453753
10853,453753
10852.9,453753
10852.7,453753
10853,453753
10853,453753
10853.5,453753
10852.5,453753
10852.8,453753
10853,453753
10853.4,453753
10853.4,453753
10853.5,453753
10853.6,453753
10853.1,453753
10852.7,453753
10852.8,453753
10850.1,453753
10852.7,453753
10853.1,453753
10853.7,453753
10853.4,453753
10853.2,453753
10853,453753
10852.8,453753
10852.9,453753
10852.8,453753
10852.5,453753
10852.4,453753
10853.2,453753
10853.1,453753
10853.3,453753
10853.1,453753
10852.9,453753
10853.2,453753
10853.7,453753
10853.3,453753
10853.2,453753
10853.1,453753
10853.4,453753
10853.1,453753
10853.1,453753
10853,453753
10853.2,453753
10853.3,453753
10853.3,453753
10853.3,453753
10853.1,453753
10853,453753
10852.7,453753
10853.1,453753
10853.3,453753
10853.1,453753
10852.7,453753
10852.7,453753
10851.1,453753
10850.4,453753
10853,453753
10853,453753
10853.2,453753
10853.4,453753
10852.9,453753
10852.5,453753
10853,453753
10852.9,453753
10853.5,453753
10853.3,453753
10853.1,453753
10853,453753
10851.5,453753
10852.9,453753
10853.3,453753
10853.2,453753
10852.8,453753
10853.1,453753
10852.8,453753
10853.3,453753
10853.5,453753
10853.1,453753
10853,453753
10853.7,453753
10852.8,453753
10853.3,453753
10853.4,453753
10853.3,453753
10853,453753
10852.9,453753
10852.8,453753
10853.1,453753
10852.7,453753
10853.3,453753
10853.4,453753
10853.1,453753
10853.2,453753
10853.4,453753
10853.1,453753
10852.7,453753
10853.3,453753
10853.1,453753
10853.6,453753
10852.7,453753
10853.1,453753
10853.4,453753
10853.3,453753
10853.4,453753
10852.8,453753
10853.4,453753
10853.6,453753
10853.5,453753
10853,453753
10852.6,453753
10853.6,453753
10852.7,453753
10853.1,453753
10852.8,453753
10853.1,453753
10852.6,453753
10852.3,453753
10853.2,453753
10853.1,453753
10853.3,453753
10853.2,453753
10852.7,453753
10852.6,453753
10853.1,453753
10853.2,453753
10853.2,453753
10853.1,453753
10853.4,453753
10852.9,453753
10852.9,453753
10852.9,453753
10852.5,453753
10853.3,453753
10853.1,453753
10852.7,453753
10853.4,453753
10853.2,453753
10853.6,453753
10852.8,453753
10853.2,453753
10853,453753
10853.2,453753
10853,453753
10853.2,453753
10853.7,453753
10852.7,453753
10853.1,453753
10853.2,453753
10853.4,453753
10852.9,453753
10853.2,453753
10853.4,453753
10853.4,453753
10853.1,453753
10853.3,453753
10853.1,453753
10853,453753
10852.7,453753
10853.1,453753
10852.7,453753
10853.5,453753
10852.8,453753
10852.9,453753
10852,453753
10852.9,453753
10853.2,453753
10853.2,453753
10853.2,453753
10852.8,453753
10852.9,453753
10852.8,453753
10853.5,453753
10852.9,453753
10853,453753
10851.1,453753
10853.5,453753
10853.2,453753
10853.4,453753
10853.2,453753
10852.7,453753
10852.6,453753
10853.1,453753
10852.8,453753
10853.2,453753
10853.1,453753
10853,453753
10852.8,453753
10853.3,453753
10852.8,453753
10853.2,453753
10853,453753
10853.1,453753
10853.1,453753
10853.3,453753
10853.1,453753
10853.4,453753
10853.4,453753
10852.7,453753
10853.3,453753
10852.9,453753
10852.2,453753
10852.8,453753
10853.1,453753
10853.3,453753
10853.3,453753
10853.2,453753
10852.9,453753
10853.1,453753
10853.5,453753
10852.6,453753
10852.9,453753
10852.6,453753
10853,453753
10853.4,453753
10853.3,453753
10853.3,453753
10849.6,453753
10841.1,453753
10851.4,453753
10852.9,453753
10853.3,453753
10852.9,453753
10853.4,453753
10852.8,453753
10853,453753
10853.3,453753
10853.5,453753
10852.8,453753
10853.5,453753
10853,453753
10853.5,453753
10853.1,453753
10853.1,453753
10852.9,453753
10853.2,453753
10853.4,453753
10853,453753
10853.5,453753
10853.5,453753
10853.1,453753
10853.7,453753
10853.3,453753
10852.9,453753
10853,453753
10853.2,453753
10853.4,453753
10853.1,453753
10853.4,453753
10853.6,453753
10853.4,453753
10853.2,453753
10853.4,453753
10853.6,453753
10853.4,453753
10853.4,453753
10852.9,453753
10853.3,453753
10853.3,453753
10853.2,453753
10853.5,453753
10853.2,453753
10852.9,453753
10851.3,453753
10853.2,453753
10853.2,453753
10852,453753
10852.8,453753
10853.1,453753
10852.7,453753
10852.7,453753
10852.9,453753
10853.4,453753
10853.1,453753
10853,453753
10853.3,453753
10853.4,453753
10852.5,453753
10852.8,453753
10853.3,453753
10853.3,453753
10852.8,453753
10853.2,453753
10853.6,453753
10853.3,453753
10853.3,453753
10852.9,453753
10852.5,453753
10852.5,453753
10853,453753
10853,453753
10852.8,453753
10853.5,453753
10853.4,453753
10853.3,453753
10853.2,453753
10853.4,453753
10853.1,453753
10853.3,453753
10853.1,453753
10853.2,453753
10853.6,453753
10853.4,453753
10853.3,453753
10853.4,453753
10853,453753
10853.4,453753
10853.2,453753
10853,453753
10852.9,453753
10853,453753
10852.5,453753
10853,453753
10852.5,453753
10852.8,453753
10853.4,453753
10853.7,453753
10853.1,453753
10853.4,453753
10853,453753
10853.2,453753
10852.7,453753
10853.3,453753
10853.1,453753
10852.9,453753
10853.4,453753
10853.6,453753
10853.2,453753
10853.5,453753
10853.4,453753
10853,453753
10853.3,453753
10852.9,453753
10853,453753
10853.7,453753
10852.9,453753
10853.3,453753
10853.1,453753
10853.3,453753
10852.8,453753
10853,453753
10852.7,453753
10852.3,453753
10853.2,453753
10853.3,453753
10852.8,453753
10853,453753
10853.3,453753
10853.1,453753
10852.3,453753
10853,453753
10853.4,453753
10852.9,453753
10853.3,453753
10853.2,453753
10853,453753
10853.3,453753
10853.5,453753
10852.7,453753
10853,453753
10853.4,453753
10853.5,453753
10853.6,453753
10852.9,453753
10853,453753
10853.3,453753
10853.3,453753
10853.4,453753
10853.5,453753
10853.4,453753
10853.7,453753
10853.6,453753
10852.9,453753
10852.9,453753
10852.7,453753
10853.3,453753
10853.1,453753
10853.2,453753
10853.2,453753
10852.9,453753
10853,453753
10853.5,453753
10851.8,453753
10852.3,453753
10853,453753
10853.4,453753
10852,453753
10853.4,453753
10853.3,453753
10853.3,453753
10853.4,453753
10853.1,453753
10853.5,453753
10853.4,453753
10853.3,453753
10853.2,453753
10852.9,453753
10853.1,453753
10853.2,453753
10853,453753
10853.3,453753
10853,453753
10853.5,453753
10853.3,453753
10853,453753
10853.3,453753
10852.9,453753
10853.4,453753
10853.3,453753
10852.9,453753
10853,453753
10853.5,453753
10853.1,453753
10852.9,453753
10852.8,453753
10853.2,453753
10853.3,453753
10852.5,453753
10852.6,453753
10852.8,453753
10853.4,453753
10852.8,453753
10853.5,453753
10852.9,453753
10852.8,453753
10853.3,453753
10853.3,453753
10853.6,453753
10853,453753
10852.5,453753
10853.5,453753
10853.1,453753
10853.3,453753
10852.8,453753
10853.9,453753
10853.6,453753
10853.4,453753
10853.5,453753
10853.3,453753
10853.2,453753
10853.1,453753
10853.4,453753
10853.2,453753
10852.9,453753
10852.9,453753
10852.6,453753
10852.1,453753
10853.1,453753
10853.2,453753
10853.4,453753
10853.3,453753
10852.8,453753
10852.9,453753
10853.4,453753
10853.3,453753
10853.4,453753
10853.5,453753
10853.6,453753
10853.2,453753
10852.8,453753
10853.1,453753
10853.3,453753
10853.2,453753
10853.2,453753
10853.6,453753
10853.2,453753
10852.9,453753
10853.2,453753
10852.9,453753
10853.6,453753
10853.1,453753
10853.1,453753
10853.4,453753
10853,453753
10853.3,453753
10852.7,453753
10853,453753
10853,453753
10853.1,453753
10852.1,453753
10852.8,453753
10853.4,453753
10853.4,453753
10853.3,453753
10852.8,453753
10853.3,453753
10853.6,453753
10853.3,453753
10852.9,453753
10853.3,453753
10853.7,453753
10853.4,453753
10853.5,453753
10853.4,453753
10852.9,453753
10853.2,453753
10852.8,453753
10852.1,453753
10852.8,453753
10852.9,453753
10852.9,453753
10853.3,453753
10852.6,453753
10852.7,453753
10853.3,453753
10853.7,453753
10852.5,453753
10852.5,453753
10852.5,453753
10851.4,453753
10853.4,453753
10852.8,453753
10853.2,453753
10853.3,453753
10853.8,453753
10851.1,453753
10852.4,453753
10852.6,453753
10853,453753
10853.4,453753
10853.1,453753
10853,453753
10853.6,453753
10853.4,453753
10853.3,453753
10852.9,453753
10852.9,453753
10853.3,453753
10853.4,453753
10852.8,453753
10852.3,453753
10852.5,453753
10853.3,453753
10853.2,453753
10853.7,453753
10853.2,453753
10853.4,453753
10853.2,453753
10853.3,453753
10853,453753
10853.6,453753
10853.6,453753
10853.4,453753
10853.1,453753
10853.1,453753
10853.5,453753
10853.1,453753
10853.3,453753
10853.7,453753
10853.4,453753
10853.6,453753
10853.2,453753
10853.1,453753
10853,453753
10853.4,453753
10853.3,453753
10853.5,453753
10852.9,453753
10853.1,453753
10853.2,453753
10853.1,453753
10853.3,453753
10853.2,453753
10853.1,453753
10852.9,453753
10852.1,453753
10853.3,453753
10853.6,453753
10853.6,453753
10852.6,453753
10852.8,453753
10853.1,453753
10853.3,453753
10853.2,453753
10853.3,453546
