TRACE,NSNPS_JACKKNIFE
10879.3,453753
10879.2,453753
10879.6,453753
10879.1,453753
10879.3,453753
10879,453753
10879.1,453753
10879.1,453753
10879.8,453753
10879,453753
10878.8,453753
10878.6,453753
10879.1,453753
10879.3,453753
10878.8,453753
10879.6,453753
10878.7,453753
10878.6,453753
10878.9,453753
10878.6,453753
10879,453753
10879,453753
10879.2,453753
10879.3,453753
10879.5,453753
10879.2,453753
10879.6,453753
10879.1,453753
10878.8,453753
10879.5,453753
10879.3,453753
10879.2,453753
10878.6,453753
10879,453753
10879.1,453753
10878.9,453753
10878.9,453753
10879,453753
10879.1,453753
10879.4,453753
10879.3,453753
10879.3,453753
10879,453753
10879.1,453753
10879,453753
10878.9,453753
10879.1,453753
10878.5,453753
10879.4,453753
10879.3,453753
10879.3,453753
10878.8,453753
10879.1,453753
10879,453753
10879,453753
10879.1,453753
10879.8,453753
10878.7,453753
10878.8,453753
10879.3,453753
10879.4,453753
10879.3,453753
10879.1,453753
10879.4,453753
10879.3,453753
10879.2,453753
10879.5,453753
10878.9,453753
10878.8,453753
10878.7,453753
10878.8,453753
10878.8,453753
10879.3,453753
10879.5,453753
10879.4,453753
10879.4,453753
10879.6,453753
10879.1,453753
10879.6,453753
10878.9,453753
10878.9,453753
10879.9,453753
10879.6,453753
10879.5,453753
10879.4,453753
10879.4,453753
10879.3,453753
10879.4,453753
10878.9,453753
10879.1,453753
10878.9,453753
10878.8,453753
10879.5,453753
10877.3,453753
10879.3,453753
10878.9,453753
10878.7,453753
10879.3,453753
10879.1,453753
10878.8,453753
10879,453753
10879.4,453753
10878.9,453753
10878.7,453753
10878.8,453753
10878.8,453753
10879.3,453753
10879,453753
10879.5,453753
10879.2,453753
10879.1,453753
10878.8,453753
10878.7,453753
10879.1,453753
10878.6,453753
10878.7,453753
10879.4,453753
10878.9,453753
10879,453753
10878.9,453753
10879.6,453753
10879.6,453753
10879.2,453753
10879.2,453753
10879.3,453753
10878.9,453753
10879.2,453753
10879.1,453753
10878.4,453753
10878.7,453753
10878.8,453753
10878.8,453753
10879.5,453753
10879.1,453753
10878.5,453753
10878.9,453753
10879.6,453753
10879.1,453753
10879.4,453753
10879.2,453753
10878.8,453753
10878.6,453753
10878.8,453753
10878.8,453753
10879,453753
10879.2,453753
10879.2,453753
10878.7,453753
10878.4,453753
10879,453753
10879.4,453753
10879.1,453753
10878.8,453753
10879.4,453753
10879,453753
10879.2,453753
10879.4,453753
10878.8,453753
10879.2,453753
10879.4,453753
10879.2,453753
10878.8,453753
10879.5,453753
10879.3,453753
10879.5,453753
10879.2,453753
10879.6,453753
10879.4,453753
10879.1,453753
10878.7,453753
10878.7,453753
10878.9,453753
10879.5,453753
10879.1,453753
10879.2,453753
10878.9,453753
10878.8,453753
10879.3,453753
10879.3,453753
10878.7,453753
10879.3,453753
10877.7,453753
10878.2,453753
10879,453753
10879.2,453753
10879,453753
10879.7,453753
10879.4,453753
10879.3,453753
10879.2,453753
10879,453753
10879,453753
10878.7,453753
10878.4,453753
10878.6,453753
10878.6,453753
10878.5,453753
10878.8,453753
10878.9,453753
10879.1,453753
10879,453753
10879,453753
10879.2,453753
10878.9,453753
10879.5,453753
10879.3,453753
10879,453753
10879.2,453753
10879.1,453753
10878.5,453753
10879.2,453753
10878.7,453753
10879.3,453753
10879.2,453753
10879,453753
10879.2,453753
10877.3,453753
10878.1,453753
10878.8,453753
10878.9,453753
10879.6,453753
10879.1,453753
10879.1,453753
10879.5,453753
10878.9,453753
10879.2,453753
10879.3,453753
10879.3,453753
10879.2,453753
10879.5,453753
10879.2,453753
10879.2,453753
10878.8,453753
10879.4,453753
10879.1,453753
10878.9,453753
10879,453753
10878.7,453753
10879.1,453753
10879,453753
10879.1,453753
10879.4,453753
10879.6,453753
10879.5,453753
10879.1,453753
10879.3,453753
10879.2,453753
10879.2,453753
10879.2,453753
10878.8,453753
10878.8,453753
10879.3,453753
10878.9,453753
10879.1,453753
10878.8,453753
10878.7,453753
10878.5,453753
10878.8,453753
10879,453753
10879.4,453753
10879.6,453753
10878.9,453753
10878.2,453753
10879.3,453753
10878.8,453753
10878.8,453753
10878.8,453753
10877.4,453753
10879.3,453753
10878.9,453753
10879.1,453753
10878.3,453753
10879.2,453753
10878.8,453753
10878.8,453753
10878.8,453753
10879.1,453753
10879.5,453753
10878.8,453753
10878.6,453753
10879,453753
10879,453753
10879.3,453753
10879.3,453753
10879.1,453753
10879.5,453753
10879.6,453753
10878.8,453753
10878.8,453753
10879.3,453753
10879.1,453753
10879,453753
10879.1,453753
10879.1,453753
10879.2,453753
10879.4,453753
10879.6,453753
10878.8,453753
10879.1,453753
10879.1,453753
10879.4,453753
10879.5,453753
10879.4,453753
10878.5,453753
10879.2,453753
10879.4,453753
10879.2,453753
10879.2,453753
10879,453753
10879.4,453753
10879.1,453753
10879.5,453753
10879,453753
10878.1,453753
10878.1,453753
10879.1,453753
10879.6,453753
10878.1,453753
10879.1,453753
10879.2,453753
10879.8,453753
10879.1,453753
10879.3,453753
10879,453753
10878.9,453753
10878.2,453753
10879,453753
10878.8,453753
10878.5,453753
10878.8,453753
10878.7,453753
10879.5,453753
10879.6,453753
10879,453753
10879.1,453753
10880,453753
10878.9,453753
10879.3,453753
10879.5,453753
10878.9,453753
10878.9,453753
10879.3,453753
10877.7,453753
10878.6,453753
10879.2,453753
10879.2,453753
10879.1,453753
10879,453753
10879.4,453753
10878.6,453753
10879.3,453753
10879.6,453753
10879.4,453753
10879.4,453753
10879,453753
10879.5,453753
10879.2,453753
10879.4,453753
10879.4,453753
10879.2,453753
10879.5,453753
10879.4,453753
10879.2,453753
10879.3,453753
10879.4,453753
10879.4,453753
10879.1,453753
10879.2,453753
10879,453753
10879.3,453753
10879.1,453753
10879.2,453753
10879.3,453753
10879.6,453753
10879.7,453753
10879.2,453753
10879.1,453753
10879.1,453753
10879,453753
10879.2,453753
10878.1,453753
10877.8,453753
10879,453753
10879,453753
10878.6,453753
10878.5,453753
10878.5,453753
10878.2,453753
10878.7,453753
10879.3,453753
10879.1,453753
10879.5,453753
10879.8,453753
10879,453753
10878.9,453753
10879.1,453753
10879.2,453753
10878.6,453753
10878.5,453753
10878.9,453753
10878.7,453753
10879.1,453753
10879.4,453753
10879.5,453753
10879.7,453753
10878.5,453753
10878.9,453753
10879,453753
10879.4,453753
10879.2,453753
10879,453753
10879.5,453753
10879,453753
10879.3,453753
10878.8,453753
10879.6,453753
10879.6,453753
10879.5,453753
10879.3,453753
10878.7,453753
10879.5,453753
10879.4,453753
10879.5,453753
10879.2,453753
10879.2,453753
10879,453753
10879,453753
10879.3,453753
10879,453753
10879.3,453753
10878.8,453753
10879.1,453753
10878.5,453753
10878.4,453753
10879.2,453753
10879.4,453753
10879,453753
10878.7,453753
10879.5,453753
10879.1,453753
10878.7,453753
10879,453753
10878,453753
10879.1,453753
10879.3,453753
10879.3,453753
10879.1,453753
10879.4,453753
10878.8,453753
10879.1,453753
10879.8,453753
10879.3,453753
10878.8,453753
10879.3,453753
10879.2,453753
10878.6,453753
10879.2,453753
10879,453753
10879,453753
10878.5,453753
10878.9,453753
10878.9,453753
10879.4,453753
10879,453753
10879.5,453753
10879,453753
10879.1,453753
10879,453753
10879.7,453753
10879.2,453753
10879.1,453753
10879.5,453753
10879.1,453753
10879.3,453753
10878.5,453753
10879.2,453753
10879.5,453753
10879.1,453753
10879.5,453753
10878.7,453753
10876.9,453753
10877.8,453753
10878.9,453753
10879.3,453753
10879.5,453753
10880,453753
10879.3,453753
10879.2,453753
10879,453753
10879.2,453753
10879.2,453753
10878.8,453753
10878.9,453753
10878.6,453753
10877.9,453753
10879.8,453753
10879.1,453753
10878.9,453753
10879.1,453753
10879.1,453753
10878.9,453753
10879.4,453753
10879.3,453753
10879.2,453753
10878.8,453753
10879.2,453753
10878.6,453753
10878.6,453753
10878.9,453753
10879,453753
10878.9,453753
10879.4,453753
10879.2,453753
10877.8,453753
10879.5,453753
10879.1,453753
10879,453753
10879.3,453753
10879,453753
10879.4,453753
10879.8,453753
10879.1,453753
10878.8,453753
10879.4,453753
10879.1,453753
10879.2,453753
10879,453753
10879.2,453753
10879.1,453753
10879.5,453753
10879,453753
10879.6,453753
10879.1,453753
10879.4,453753
10879.2,453753
10878.9,453753
10879.1,453753
10879.1,453753
10879.5,453753
10878.9,453753
10878.9,453753
10878.9,453753
10878.3,453753
10879.1,453753
10879.2,453753
10879.2,453753
10879.2,453753
10878.7,453753
10878.9,453753
10878.8,453753
10879.5,453753
10879.3,453753
10879.6,453753
10878.8,453753
10878.7,453753
10878.8,453753
10879.4,453753
10878.9,453753
10879.6,453753
10879.2,453753
10879.2,453753
10879.1,453753
10878.9,453753
10879.1,453753
10879,453753
10879.4,453753
10879.1,453753
10879.2,453753
10879.1,453753
10879.3,453753
10879.4,453753
10879.2,453753
10879.2,453753
10878.7,453753
10879.1,453753
10879.5,453753
10879.1,453753
10879,453753
10879.4,453753
10879.3,453753
10879.1,453753
10879.4,453753
10878.9,453753
10879,453753
10879.3,453753
10879,453753
10879.3,453753
10879.2,453753
10879.3,453753
10878.3,453753
10878.9,453753
10879.1,453753
10879.2,453753
10879,453753
10878.9,453753
10878.1,453753
10879.4,453753
10879.1,453753
10879.3,453753
10878.9,453753
10876.4,453753
10879.3,453753
10879.3,453753
10879.1,453753
10879.4,453753
10879.3,453753
10879,453753
10879.3,453753
10879.4,453753
10878.9,453753
10879,453753
10879.7,453753
10879.2,453753
10879,453753
10878.9,453753
10879.3,453753
10879.1,453753
10879.1,453753
10879.3,453753
10879.6,453753
10879.2,453753
10879.7,453753
10878.9,453753
10879,453753
10879.3,453753
10878.3,453753
10878.3,453753
10878.8,453753
10879,453753
10879.3,453753
10879.2,453753
10879.4,453753
10879.3,453753
10879.3,453753
10879.3,453753
10878.9,453753
10879,453753
10878.9,453753
10879.1,453753
10879.1,453753
10879.8,453753
10879.2,453753
10874.9,453753
10868.4,453753
10876.8,453753
10878.8,453753
10878.4,453753
10878.6,453753
10879.4,453753
10879.2,453753
10879.4,453753
10879.3,453753
10878.8,453753
10877.8,453753
10878.9,453753
10878.8,453753
10879.3,453753
10879.6,453753
10879.1,453753
10878.6,453753
10879,453753
10879.3,453753
10879.1,453753
10878.7,453753
10879.2,453753
10879.3,453753
10879.3,453753
10879.4,453753
10878.8,453753
10879.4,453753
10879.4,453753
10879.2,453753
10879.2,453753
10879.6,453753
10879.6,453753
10879,453753
10879.3,453753
10879.6,453753
10879,453753
10879.4,453753
10878.7,453753
10878.8,453753
10879.1,453753
10879,453753
10879.4,453753
10879.1,453753
10878.9,453753
10879.1,453753
10877.7,453753
10879.1,453753
10878.9,453753
10878.3,453753
10878.5,453753
10878.8,453753
10879.2,453753
10879.1,453753
10879.2,453753
10879.3,453753
10879.3,453753
10878.9,453753
10879.5,453753
10878.7,453753
10878.7,453753
10879.2,453753
10879.6,453753
10879.1,453753
10878.8,453753
10879.1,453753
10879.2,453753
10878.9,453753
10879.9,453753
10879.4,453753
10879.2,453753
10879,453753
10879.2,453753
10878.7,453753
10878.3,453753
10879.6,453753
10879.2,453753
10879.8,453753
10879.3,453753
10879.2,453753
10878.5,453753
10879.4,453753
10879.2,453753
10879.1,453753
10879.2,453753
10879.4,453753
10879.2,453753
10879.1,453753
10879.1,453753
10879.4,453753
10879.3,453753
10879.7,453753
10878.5,453753
10879.3,453753
10878.2,453753
10879,453753
10879,453753
10879.3,453753
10878.8,453753
10879.1,453753
10879.4,453753
10879.2,453753
10878.8,453753
10879.1,453753
10879.7,453753
10879.1,453753
10879.2,453753
10878.9,453753
10879.5,453753
10879.6,453753
10879.7,453753
10879.4,453753
10879.3,453753
10878.8,453753
10879.3,453753
10878.6,453753
10879.5,453753
10879.6,453753
10879,453753
10879,453753
10879.5,453753
10879.3,453753
10879.4,453753
10879.2,453753
10878.8,453753
10878.8,453753
10879.3,453753
10879.4,453753
10879.4,453753
10879.4,453753
10879.2,453753
10878.7,453753
10878.9,453753
10878.6,453753
10879.2,453753
10879.1,453753
10878.8,453753
10878.7,453753
10879.2,453753
10878.8,453753
10878.9,453753
10879.4,453753
10879,453753
10879.1,453753
10879,453753
10879.1,453753
10879.6,453753
10878.9,453753
10879,453753
10879.4,453753
10879.3,453753
10879.3,453753
10879.6,453753
10879.6,453753
10879.4,453753
10878.8,453753
10879.3,453753
10879.4,453753
10879.2,453753
10879.1,453753
10878.7,453753
10879.2,453753
10879.4,453753
10879,453753
10879.3,453753
10879,453753
10878.9,453753
10878.8,453753
10879.2,453753
10878.2,453753
10879.2,453753
10879.7,453753
10879.2,453753
10879.2,453753
10878.8,453753
10879.4,453753
10879.3,453753
10879.3,453753
10879.1,453753
10878.8,453753
10879.1,453753
10879.3,453753
10879.4,453753
10879.4,453753
10879,453753
10879.3,453753
10879.6,453753
10879.5,453753
10879.2,453753
10879.3,453753
10879.5,453753
10878.9,453753
10878.6,453753
10879.5,453753
10879.6,453753
10879.4,453753
10879.3,453753
10879.1,453753
10879.3,453753
10879.1,453753
10878.6,453753
10878.3,453753
10879.4,453753
10879.2,453753
10878.7,453753
10879.6,453753
10879.4,453753
10879.4,453753
10878.8,453753
10879.1,453753
10879.3,453753
10879,453753
10878.8,453753
10879.6,453753
10879.5,453753
10879.3,453753
10879.2,453753
10879.4,453753
10879.4,453753
10879.7,453753
10879.2,453753
10878.9,453753
10879,453753
10879.2,453753
10879.5,453753
10879.1,453753
10879.2,453753
10878.8,453753
10878.8,453753
10877.8,453753
10878.9,453753
10878.8,453753
10879.3,453753
10879.3,453753
10879.1,453753
10879,453753
10879.3,453753
10879.4,453753
10879.4,453753
10879.3,453753
10879.4,453753
10879.3,453753
10879,453753
10878.9,453753
10879.1,453753
10879.1,453753
10879.6,453753
10879.2,453753
10879.7,453753
10879.4,453753
10879.1,453753
10879.2,453753
10879.1,453753
10879.5,453753
10879.2,453753
10879.3,453753
10879.3,453753
10879,453753
10878.9,453753
10879.1,453753
10879,453753
10878.6,453753
10878.1,453753
10879,453753
10879.2,453753
10879,453753
10879.3,453753
10879.5,453753
10879.5,453753
10879.3,453753
10879.2,453753
10879.6,453753
10879.2,453753
10879,453753
10879,453753
10879.1,453753
10879.8,453753
10879.2,453753
10879.3,453753
10879.3,453753
10877.7,453753
10878.9,453753
10879,453753
10879,453753
10878.8,453753
10878,453753
10879.1,453753
10879.4,453753
10878.9,453753
10878.5,453753
10879.1,453753
10878.8,453753
10878.9,453753
10878.9,453753
10879,453753
10879.4,453753
10878.7,453753
10878.8,453753
10878.3,453753
10878.1,453753
10878.4,453753
10879.1,453753
10879.3,453753
10879.5,453753
10879.2,453753
10879.2,453753
10879.2,453753
10879.1,453753
10879.3,453753
10878.8,453753
10879.4,453753
10879.6,453753
10879.2,453753
10879.1,453753
10878.8,453753
10879,453753
10879.2,453753
10879.4,453753
10879,453753
10879.4,453753
10879.2,453753
10878.9,453753
10879,453753
10879.1,453753
10879.2,453753
10879.6,453753
10879.5,453753
10878.7,453753
10879.4,453753
10879.4,453753
10879.4,453753
10879.6,453753
10879.5,453753
10879,453753
10879.5,453753
10879.7,453753
10879.8,453753
10879.5,453753
10879.1,453753
10879.2,453753
10878.9,453753
10878.7,453753
10878.6,453753
10879.1,453753
10879.1,453753
10879.2,453753
10879,453753
10879.3,453753
10878.4,453753
10879.2,453753
10879,453753
10878.9,453753
10879,453753
10878.9,453753
10879.3,453753
10879.4,453753
10879.2,453753
10879.1,453546
