TRACE,NSNPS_JACKKNIFE
10882.2,453753
10881.7,453753
10881.7,453753
10882.1,453753
10881.5,453753
10881.8,453753
10881.7,453753
10881.7,453753
10882.1,453753
10881.6,453753
10882,453753
10881.3,453753
10881.8,453753
10881.2,453753
10881.5,453753
10881.8,453753
10882.2,453753
10881,453753
10881.4,453753
10881,453753
10882.1,453753
10881.8,453753
10881.5,453753
10881.9,453753
10881.9,453753
10881.7,453753
10881.5,453753
10881.7,453753
10881.4,453753
10881.8,453753
10881.1,453753
10882,453753
10882.4,453753
10881.6,453753
10881.3,453753
10881.5,453753
10881.8,453753
10881.6,453753
10881.5,453753
10881.8,453753
10881.7,453753
10882,453753
10881.4,453753
10881.1,453753
10881.7,453753
10881.8,453753
10881.7,453753
10881.8,453753
10881.9,453753
10881.8,453753
10882.1,453753
10881.5,453753
10881.4,453753
10881.2,453753
10880.9,453753
10881.8,453753
10881.5,453753
10880.9,453753
10881.7,453753
10881.5,453753
10881.6,453753
10881.8,453753
10881.8,453753
10881.2,453753
10881.7,453753
10881.7,453753
10882.1,453753
10881.9,453753
10881.5,453753
10881.8,453753
10881.5,453753
10882.1,453753
10881.8,453753
10882.1,453753
10881.8,453753
10881.6,453753
10882.1,453753
10881.6,453753
10881.9,453753
10881.8,453753
10881.7,453753
10881.4,453753
10882.1,453753
10882.1,453753
10882.3,453753
10882.1,453753
10881.9,453753
10882.1,453753
10881.7,453753
10881.8,453753
10881.4,453753
10881.3,453753
10881.5,453753
10880.3,453753
10882,453753
10881.1,453753
10881.3,453753
10881.4,453753
10882.2,453753
10881.8,453753
10881.9,453753
10881.2,453753
10881.5,453753
10881.5,453753
10881.9,453753
10881.3,453753
10881.9,453753
10881.5,453753
10881.9,453753
10881.5,453753
10881.5,453753
10881.1,453753
10881.4,453753
10880.8,453753
10881,453753
10881.3,453753
10881.7,453753
10881.7,453753
10881.2,453753
10881.4,453753
10881.4,453753
10882.2,453753
10881.6,453753
10881.8,453753
10881.4,453753
10881.8,453753
10881.4,453753
10881.2,453753
10881.5,453753
10881.5,453753
10881.3,453753
10881.6,453753
10881.8,453753
10881.7,453753
10882.1,453753
10881.7,453753
10882,453753
10882,453753
10881.6,453753
10881.9,453753
10881.5,453753
10881.6,453753
10881.6,453753
10881.6,453753
10881.6,453753
10881.2,453753
10882,453753
10881.5,453753
10881.5,453753
10882.2,453753
10881.5,453753
10881.7,453753
10881.9,453753
10881.6,453753
10881.5,453753
10881.9,453753
10881.8,453753
10882,453753
10881.6,453753
10882,453753
10881.7,453753
10881.6,453753
10881.9,453753
10882.2,453753
10882,453753
10881.9,453753
10881.8,453753
10881.7,453753
10881.5,453753
10881.9,453753
10881.6,453753
10881.5,453753
10882,453753
10881.9,453753
10882.1,453753
10881.4,453753
10881.6,453753
10881.7,453753
10882.3,453753
10881.6,453753
10881.4,453753
10878.8,453753
10880.6,453753
10881.3,453753
10881.5,453753
10882.1,453753
10881.8,453753
10881.8,453753
10881.7,453753
10881.9,453753
10882.2,453753
10881.6,453753
10881.2,453753
10881,453753
10881.2,453753
10881,453753
10881.1,453753
10881.1,453753
10881.5,453753
10881.8,453753
10881.2,453753
10881.4,453753
10881.8,453753
10881.1,453753
10881.9,453753
10882.2,453753
10881.7,453753
10881.3,453753
10881.6,453753
10880.9,453753
10881.6,453753
10881.9,453753
10881.7,453753
10881.4,453753
10881.9,453753
10881.7,453753
10881.6,453753
10880.9,453753
10881.2,453753
10881.2,453753
10882,453753
10882,453753
10881.5,453753
10881.9,453753
10881.7,453753
10881.9,453753
10882.3,453753
10881.7,453753
10881.6,453753
10881.9,453753
10881.4,453753
10881.5,453753
10881.3,453753
10882,453753
10881.9,453753
10881.5,453753
10881.6,453753
10881.6,453753
10881.5,453753
10882.1,453753
10881.9,453753
10881.4,453753
10882,453753
10882,453753
10881.7,453753
10881.5,453753
10881.6,453753
10881.8,453753
10881.7,453753
10882,453753
10881.5,453753
10881.8,453753
10881.4,453753
10881.7,453753
10881.8,453753
10881.7,453753
10881.2,453753
10882,453753
10881.6,453753
10881.6,453753
10881.8,453753
10881,453753
10879.8,453753
10881.9,453753
10881.3,453753
10881.6,453753
10881.4,453753
10881.2,453753
10881.7,453753
10882.2,453753
10881.4,453753
10881.2,453753
10881.5,453753
10881.4,453753
10882.2,453753
10880.9,453753
10881.9,453753
10881.8,453753
10881.6,453753
10881.2,453753
10882,453753
10881.1,453753
10881.7,453753
10881.7,453753
10881.3,453753
10881.2,453753
10881.4,453753
10882.2,453753
10881.8,453753
10881.3,453753
10881.8,453753
10881.9,453753
10881.6,453753
10881.6,453753
10881.9,453753
10881.7,453753
10881.8,453753
10881.9,453753
10882.2,453753
10881.6,453753
10881.8,453753
10881.4,453753
10882,453753
10881.8,453753
10881.8,453753
10881.6,453753
10882,453753
10882,453753
10881.3,453753
10881.9,453753
10881.7,453753
10881.9,453753
10881.9,453753
10881,453753
10880.7,453753
10881.4,453753
10881.5,453753
10882,453753
10881.5,453753
10882,453753
10881.9,453753
10881.3,453753
10881.6,453753
10881.4,453753
10881.3,453753
10881.6,453753
10881.2,453753
10881.4,453753
10881.6,453753
10881.2,453753
10881.2,453753
10881.9,453753
10881.7,453753
10882.2,453753
10881.6,453753
10881.9,453753
10881.4,453753
10881.4,453753
10881.7,453753
10881.6,453753
10881.2,453753
10881.1,453753
10880.4,453753
10881.3,453753
10881.4,453753
10881.7,453753
10881.5,453753
10881.6,453753
10881.5,453753
10880.3,453753
10881.4,453753
10881.2,453753
10881.8,453753
10882,453753
10882.1,453753
10882.2,453753
10881.7,453753
10882,453753
10881.9,453753
10881.9,453753
10881.7,453753
10882.2,453753
10881.5,453753
10882,453753
10882,453753
10881.9,453753
10881.4,453753
10881.8,453753
10881.2,453753
10881.7,453753
10882,453753
10881.5,453753
10882.1,453753
10881.2,453753
10882,453753
10881.5,453753
10881.4,453753
10880.6,453753
10880.8,453753
10881.4,453753
10879.6,453753
10881.1,453753
10882.3,453753
10881.8,453753
10880.9,453753
10880.9,453753
10881.4,453753
10881,453753
10881.4,453753
10881.6,453753
10882,453753
10882.1,453753
10881.9,453753
10881.4,453753
10881.9,453753
10881.7,453753
10881.1,453753
10881,453753
10881.2,453753
10881.9,453753
10881.8,453753
10881.6,453753
10881.7,453753
10882.2,453753
10881.6,453753
10881.3,453753
10881.8,453753
10881.4,453753
10882.1,453753
10881.4,453753
10881.7,453753
10881.8,453753
10882,453753
10881.6,453753
10881.7,453753
10881.8,453753
10881.9,453753
10881.7,453753
10881.1,453753
10881.8,453753
10882,453753
10881.6,453753
10881.5,453753
10881.1,453753
10881.8,453753
10881.7,453753
10881.8,453753
10881.7,453753
10881.5,453753
10881.9,453753
10881.6,453753
10882,453753
10880.5,453753
10881.9,453753
10881.2,453753
10881.7,453753
10881.4,453753
10881.8,453753
10881.6,453753
10881.2,453753
10881.3,453753
10880.8,453753
10879.4,453753
10881.3,453753
10882,453753
10882.3,453753
10881.9,453753
10881.9,453753
10881.3,453753
10881.3,453753
10881.3,453753
10881.8,453753
10881.1,453753
10881.7,453753
10882,453753
10882,453753
10881.7,453753
10881.2,453753
10881.4,453753
10881.6,453753
10881.1,453753
10882.2,453753
10881.9,453753
10881.6,453753
10881.9,453753
10881.7,453753
10881.7,453753
10881.5,453753
10881.5,453753
10881.8,453753
10881.8,453753
10881.9,453753
10881.8,453753
10881.7,453753
10881.5,453753
10881.4,453753
10881.9,453753
10881.5,453753
10881.6,453753
10880.8,453753
10880.3,453753
10880.2,453753
10881.7,453753
10881.8,453753
10882,453753
10881.5,453753
10881.9,453753
10881.5,453753
10881.9,453753
10882.1,453753
10881.8,453753
10881.4,453753
10881.8,453753
10881.7,453753
10880.8,453753
10881.4,453753
10881.9,453753
10881.6,453753
10882.1,453753
10882,453753
10881,453753
10881.5,453753
10881.6,453753
10881.6,453753
10882.1,453753
10881.8,453753
10881.2,453753
10881.7,453753
10882.1,453753
10881.7,453753
10882.1,453753
10881.4,453753
10881.1,453753
10880.9,453753
10881.2,453753
10881.5,453753
10881.9,453753
10881.7,453753
10881.9,453753
10881.5,453753
10881.7,453753
10882,453753
10881.6,453753
10881.7,453753
10881.9,453753
10881.6,453753
10881.4,453753
10881.1,453753
10881.9,453753
10881.5,453753
10881.6,453753
10881.9,453753
10881.8,453753
10882,453753
10881.8,453753
10881.3,453753
10882.1,453753
10881.7,453753
10881.7,453753
10882,453753
10881.6,453753
10881.4,453753
10880.9,453753
10881.4,453753
10881.6,453753
10881.7,453753
10882.2,453753
10881.6,453753
10881.4,453753
10881.6,453753
10881.6,453753
10881.7,453753
10881.6,453753
10881.1,453753
10881.3,453753
10882,453753
10881.6,453753
10882.3,453753
10881.7,453753
10881.8,453753
10880.8,453753
10881.7,453753
10882,453753
10882,453753
10881.7,453753
10881.4,453753
10881.7,453753
10881.8,453753
10882.2,453753
10881.9,453753
10882.1,453753
10881.7,453753
10881.4,453753
10882,453753
10881.8,453753
10881.6,453753
10881.6,453753
10882.3,453753
10882,453753
10881.9,453753
10881.8,453753
10882.1,453753
10881.3,453753
10881.6,453753
10881.9,453753
10882,453753
10881.9,453753
10881,453753
10880.8,453753
10881,453753
10881.4,453753
10881.6,453753
10882.2,453753
10881.8,453753
10881.9,453753
10881.3,453753
10881.1,453753
10881.5,453753
10881.6,453753
10881.1,453753
10879.9,453753
10881.6,453753
10882,453753
10882.1,453753
10882.1,453753
10881.7,453753
10881.4,453753
10881.6,453753
10881.6,453753
10881.4,453753
10881.3,453753
10881.7,453753
10881.9,453753
10881.7,453753
10881.6,453753
10881.8,453753
10881.5,453753
10881.8,453753
10881.9,453753
10882,453753
10881.8,453753
10881.8,453753
10882,453753
10879.6,453753
10881.7,453753
10881.1,453753
10880.8,453753
10881.5,453753
10881.4,453753
10881.6,453753
10881.6,453753
10881.4,453753
10881.7,453753
10881.9,453753
10881.7,453753
10881.2,453753
10881.3,453753
10881.9,453753
10881.8,453753
10882.1,453753
10881.2,453753
10881.3,453753
10877,453753
10869.5,453753
10879,453753
10881.7,453753
10881,453753
10881.3,453753
10881.6,453753
10881.4,453753
10881.8,453753
10882,453753
10881.6,453753
10880.6,453753
10881.4,453753
10881,453753
10882.1,453753
10881.8,453753
10881.5,453753
10880.8,453753
10881.7,453753
10881.5,453753
10881,453753
10881.9,453753
10881.7,453753
10881.4,453753
10881.5,453753
10881.8,453753
10881.6,453753
10881.6,453753
10882.2,453753
10881.9,453753
10881.8,453753
10882,453753
10881.8,453753
10881.8,453753
10881.7,453753
10882,453753
10881.4,453753
10881.6,453753
10881.9,453753
10881.5,453753
10881.6,453753
10881.8,453753
10881.5,453753
10881.9,453753
10881.3,453753
10881.1,453753
10879.3,453753
10881.4,453753
10881.7,453753
10881.1,453753
10880.9,453753
10881.8,453753
10881.8,453753
10881.8,453753
10881.6,453753
10882,453753
10881.1,453753
10881.6,453753
10881.9,453753
10881.9,453753
10881.1,453753
10881.2,453753
10881.5,453753
10881.8,453753
10881.5,453753
10881.6,453753
10881.7,453753
10881.4,453753
10881.2,453753
10881.2,453753
10881.5,453753
10881.6,453753
10881.6,453753
10881.8,453753
10881.4,453753
10882.1,453753
10882,453753
10881.7,453753
10882,453753
10881.7,453753
10881.6,453753
10881.6,453753
10881.9,453753
10882,453753
10881.5,453753
10881.9,453753
10881.7,453753
10882,453753
10882.1,453753
10881.9,453753
10881.8,453753
10881.9,453753
10881.6,453753
10881.6,453753
10881.2,453753
10881.5,453753
10881.5,453753
10881.8,453753
10881.2,453753
10882,453753
10881.1,453753
10881.9,453753
10881.1,453753
10881.4,453753
10882,453753
10881.8,453753
10882,453753
10881.7,453753
10881.2,453753
10881.4,453753
10881.9,453753
10881.7,453753
10881.9,453753
10881.7,453753
10881.4,453753
10881.7,453753
10881.8,453753
10882.1,453753
10882.3,453753
10881.1,453753
10881.9,453753
10881.9,453753
10881.3,453753
10881.2,453753
10881.5,453753
10881.6,453753
10881.2,453753
10881.3,453753
10882.2,453753
10881.9,453753
10881.4,453753
10881.9,453753
10881.6,453753
10881.7,453753
10881.5,453753
10881.5,453753
10881.5,453753
10881.1,453753
10881.7,453753
10881.7,453753
10881.5,453753
10881.7,453753
10881.1,453753
10881.7,453753
10881.9,453753
10881.5,453753
10881.9,453753
10881.4,453753
10881.6,453753
10882,453753
10881.7,453753
10881.5,453753
10881.7,453753
10881.8,453753
10882.2,453753
10881,453753
10881.4,453753
10880.9,453753
10882,453753
10881.9,453753
10881.3,453753
10881.9,453753
10881,453753
10881.5,453753
10882.2,453753
10880.9,453753
10880.9,453753
10881.6,453753
10881.6,453753
10881.1,453753
10881.6,453753
10881.9,453753
10881.8,453753
10881.8,453753
10881.6,453753
10881.7,453753
10882,453753
10881.7,453753
10881.3,453753
10881.5,453753
10881.3,453753
10881.7,453753
10881.8,453753
10882,453753
10881.5,453753
10882.2,453753
10881.4,453753
10882,453753
10881.7,453753
10882,453753
10881.8,453753
10881.8,453753
10881.7,453753
10882,453753
10882.2,453753
10882.1,453753
10881.7,453753
10881.3,453753
10881.9,453753
10881.9,453753
10880.8,453753
10881.3,453753
10881.5,453753
10882.1,453753
10881.8,453753
10881.8,453753
10881.7,453753
10882,453753
10881.3,453753
10881.9,453753
10881.9,453753
10881.2,453753
10881.3,453753
10881.7,453753
10881.8,453753
10881.6,453753
10881.6,453753
10881.9,453753
10881.8,453753
10882.1,453753
10881.6,453753
10881.2,453753
10881.3,453753
10881.1,453753
10881.5,453753
10881.6,453753
10881.3,453753
10881.2,453753
10881.3,453753
10880.8,453753
10882,453753
10881.5,453753
10882,453753
10881.8,453753
10882,453753
10881.7,453753
10882.4,453753
10881.9,453753
10881.7,453753
10881.7,453753
10881.9,453753
10882.2,453753
10882.1,453753
10881.6,453753
10881.5,453753
10881.7,453753
10882.1,453753
10881.9,453753
10881.8,453753
10881.7,453753
10882.1,453753
10881.6,453753
10881.5,453753
10881.6,453753
10881.3,453753
10882.1,453753
10881.6,453753
10881.7,453753
10881.2,453753
10881.5,453753
10881.6,453753
10881.6,453753
10881.3,453753
10881.4,453753
10881.8,453753
10881.7,453753
10882,453753
10881.8,453753
10882,453753
10881.9,453753
10881.9,453753
10881.4,453753
10881.7,453753
10881.7,453753
10881.7,453753
10881.6,453753
10882.1,453753
10882,453753
10882.5,453753
10881.8,453753
10881.1,453753
10881.6,453753
10881.7,453753
10881.4,453753
10881.2,453753
10880.6,453753
10882,453753
10881.6,453753
10881.5,453753
10880.9,453753
10881.3,453753
10881.6,453753
10881.2,453753
10881.7,453753
10882.1,453753
10882,453753
10882.1,453753
10881.8,453753
10880.6,453753
10881,453753
10881.4,453753
10881.1,453753
10881.9,453753
10881.4,453753
10882.3,453753
10882,453753
10881.7,453753
10881.6,453753
10881.8,453753
10882.1,453753
10882.2,453753
10882.1,453753
10881.6,453753
10880.8,453753
10881.8,453753
10881.5,453753
10881.7,453753
10881.4,453753
10881.9,453753
10881.9,453753
10881.6,453753
10881.3,453753
10882,453753
10881.9,453753
10882,453753
10882.1,453753
10881.8,453753
10881.6,453753
10881.9,453753
10882,453753
10881.8,453753
10881.9,453753
10881.7,453753
10882.2,453753
10881.5,453753
10881.6,453753
10882.4,453753
10881.9,453753
10882,453753
10881.7,453753
10881.6,453753
10881.7,453753
10881.3,453753
10882.1,453753
10881.5,453753
10881.2,453753
10881.8,453753
10882,453753
10881.1,453753
10881.6,453753
10882,453753
10881.8,453753
10881.8,453753
10881.1,453753
10882,453753
10882.1,453753
10881.8,453753
10882.5,453546
