TRACE,NSNPS_JACKKNIFE
10899.5,453753
10899.7,453753
10899.4,453753
10899.6,453753
10899.7,453753
10899.5,453753
10899.4,453753
10899.1,453753
10899.5,453753
10900,453753
10899.5,453753
10899,453753
10899.5,453753
10899.1,453753
10899.2,453753
10899.3,453753
10898.9,453753
10898.7,453753
10899,453753
10899.2,453753
10899.5,453753
10899.2,453753
10899.2,453753
10899.1,453753
10899.6,453753
10899.4,453753
10899.2,453753
10898.9,453753
10899.5,453753
10899.2,453753
10899.2,453753
10899.7,453753
10899.6,453753
10899.4,453753
10899.3,453753
10899.6,453753
10898.9,453753
10899.3,453753
10899.1,453753
10899.1,453753
10899.5,453753
10899.4,453753
10899.2,453753
10899.1,453753
10899.2,453753
10899.1,453753
10899.6,453753
10899.8,453753
10899.3,453753
10899.6,453753
10899.4,453753
10899.1,453753
10899.3,453753
10899.3,453753
10899.7,453753
10899.2,453753
10899.6,453753
10899.6,453753
10899.2,453753
10899.9,453753
10899.4,453753
10899.1,453753
10899.6,453753
10899.4,453753
10899.6,453753
10899.7,453753
10898.7,453753
10899.3,453753
10899.2,453753
10899.5,453753
10899.1,453753
10899.7,453753
10899.4,453753
10899.4,453753
10899.4,453753
10898.9,453753
10899.5,453753
10899.3,453753
10899.7,453753
10899.3,453753
10899.7,453753
10899.1,453753
10899.3,453753
10899.6,453753
10899.4,453753
10899.8,453753
10899.8,453753
10899.4,453753
10899.7,453753
10899,453753
10898.9,453753
10898.7,453753
10899.2,453753
10897.6,453753
10899.5,453753
10899.3,453753
10899.3,453753
10899.3,453753
10899.1,453753
10899.7,453753
10899.4,453753
10899.3,453753
10898.9,453753
10898.8,453753
10899.1,453753
10899.2,453753
10899.7,453753
10899.5,453753
10899.9,453753
10899.3,453753
10899.8,453753
10899.3,453753
10898.7,453753
10899.2,453753
10899,453753
10899.1,453753
10899.4,453753
10899.3,453753
10899.2,453753
10899.1,453753
10899.2,453753
10899.6,453753
10899.2,453753
10899.4,453753
10899.3,453753
10899.1,453753
10898.9,453753
10899.3,453753
10899.4,453753
10899.4,453753
10899.2,453753
10899.4,453753
10898.8,453753
10899.1,453753
10898.8,453753
10899.4,453753
10899.4,453753
10899.8,453753
10899.1,453753
10899.3,453753
10899,453753
10898.7,453753
10899.1,453753
10898.9,453753
10898.9,453753
10899.2,453753
10899.5,453753
10899.4,453753
10899.3,453753
10899.7,453753
10899.3,453753
10899.4,453753
10899.8,453753
10899.5,453753
10899.3,453753
10899.1,453753
10899.3,453753
10899.2,453753
10899.7,453753
10899.7,453753
10899.4,453753
10899.2,453753
10899.7,453753
10898.9,453753
10899.5,453753
10899.3,453753
10899.3,453753
10899.6,453753
10899.2,453753
10899.3,453753
10899.2,453753
10899.6,453753
10899.6,453753
10899.5,453753
10899.8,453753
10899.5,453753
10899.4,453753
10899.2,453753
10898.9,453753
10899.4,453753
10899.1,453753
10897.6,453753
10898.3,453753
10898.7,453753
10899,453753
10899.7,453753
10899.8,453753
10899.5,453753
10899.5,453753
10899.5,453753
10899.9,453753
10899.8,453753
10898.5,453753
10898.2,453753
10898.5,453753
10898.3,453753
10898.8,453753
10898.7,453753
10899.4,453753
10899.5,453753
10899.3,453753
10899.6,453753
10899.3,453753
10899.5,453753
10899.5,453753
10899.3,453753
10899.5,453753
10899.3,453753
10899.1,453753
10899.1,453753
10899.6,453753
10899.4,453753
10899.5,453753
10899.5,453753
10898.8,453753
10899.2,453753
10898.7,453753
10898.7,453753
10898.5,453753
10898.2,453753
10899.3,453753
10899.5,453753
10899.4,453753
10899.6,453753
10899.1,453753
10899.6,453753
10899.5,453753
10899.2,453753
10899.5,453753
10899.3,453753
10898.9,453753
10898.9,453753
10898.7,453753
10899.3,453753
10899.5,453753
10899,453753
10899.1,453753
10899.4,453753
10899.1,453753
10899.7,453753
10898.9,453753
10899.3,453753
10899.7,453753
10899.4,453753
10899.5,453753
10899.2,453753
10899.1,453753
10899.3,453753
10899.8,453753
10898.7,453753
10898.9,453753
10898.8,453753
10899.3,453753
10899.2,453753
10899.4,453753
10899.2,453753
10899.2,453753
10899.1,453753
10898.7,453753
10899.5,453753
10899.6,453753
10899.5,453753
10898.6,453753
10899.2,453753
10899.3,453753
10899,453753
10899.1,453753
10898.4,453753
10899.4,453753
10899.2,453753
10899.4,453753
10898.9,453753
10899.5,453753
10899,453753
10899,453753
10899.4,453753
10899.5,453753
10899.5,453753
10899.7,453753
10898.8,453753
10899.1,453753
10899.2,453753
10899.8,453753
10899.3,453753
10899,453753
10899.3,453753
10899.5,453753
10899.4,453753
10899.7,453753
10899.9,453753
10899.7,453753
10899.6,453753
10899.2,453753
10899.4,453753
10899.6,453753
10899.9,453753
10898.6,453753
10899.7,453753
10899.8,453753
10899.5,453753
10899.9,453753
10899.7,453753
10899.4,453753
10899.8,453753
10900,453753
10899.7,453753
10899.8,453753
10899.5,453753
10899.4,453753
10898.9,453753
10899.6,453753
10899.3,453753
10899.4,453753
10898.4,453753
10898.7,453753
10898.8,453753
10899.4,453753
10899.1,453753
10899,453753
10899,453753
10898.9,453753
10899.1,453753
10899.5,453753
10899.5,453753
10899.2,453753
10899.2,453753
10899,453753
10899.4,453753
10899.4,453753
10898.8,453753
10898.4,453753
10899.2,453753
10899.4,453753
10899.7,453753
10899.4,453753
10899.4,453753
10899,453753
10899.3,453753
10899.3,453753
10898.8,453753
10898.9,453753
10899.4,453753
10898.4,453753
10898.3,453753
10899.2,453753
10898.6,453753
10899.3,453753
10898.9,453753
10899.3,453753
10898.5,453753
10899.4,453753
10899.4,453753
10899.4,453753
10899.6,453753
10900.2,453753
10899.3,453753
10899.8,453753
10899.9,453753
10899.4,453753
10899.6,453753
10899.5,453753
10899.4,453753
10899.5,453753
10899.3,453753
10899.6,453753
10899.2,453753
10899.6,453753
10899.2,453753
10899.8,453753
10899.5,453753
10899.3,453753
10898.9,453753
10898.7,453753
10899.6,453753
10899.8,453753
10899.4,453753
10899.5,453753
10898.3,453753
10899.3,453753
10899.2,453753
10898,453753
10898.5,453753
10899.3,453753
10899.4,453753
10898.9,453753
10898.7,453753
10899.3,453753
10899.1,453753
10899.2,453753
10899.2,453753
10899.2,453753
10899.3,453753
10899.1,453753
10899.3,453753
10899.2,453753
10899,453753
10899,453753
10898.8,453753
10898.6,453753
10899.2,453753
10899.8,453753
10899.3,453753
10899.8,453753
10899.4,453753
10899.7,453753
10898.4,453753
10899.4,453753
10898.9,453753
10899.7,453753
10899.8,453753
10899.3,453753
10899.6,453753
10899.4,453753
10899.4,453753
10899.4,453753
10899.7,453753
10899.3,453753
10899.7,453753
10898.3,453753
10899.1,453753
10899.7,453753
10899.4,453753
10899.4,453753
10899.2,453753
10899.3,453753
10899.6,453753
10899.3,453753
10899.6,453753
10899.3,453753
10899.4,453753
10899.2,453753
10899.4,453753
10898.4,453753
10899.7,453753
10899.5,453753
10899.5,453753
10899.4,453753
10899.2,453753
10899.9,453753
10899.2,453753
10898.9,453753
10898.9,453753
10897.2,453753
10899.4,453753
10899.3,453753
10899.4,453753
10899.4,453753
10899.4,453753
10898.7,453753
10899.3,453753
10898.6,453753
10899,453753
10898.8,453753
10899.2,453753
10899.4,453753
10899.3,453753
10899.3,453753
10899,453753
10899,453753
10898.7,453753
10898.4,453753
10899.3,453753
10899.4,453753
10899.1,453753
10899.4,453753
10899.4,453753
10899.1,453753
10899.4,453753
10899.5,453753
10899.2,453753
10899.5,453753
10899.3,453753
10899.6,453753
10899.2,453753
10899.4,453753
10899.1,453753
10899.1,453753
10899.2,453753
10899.5,453753
10898.7,453753
10897.4,453753
10897.5,453753
10899.2,453753
10899.2,453753
10899.2,453753
10899.5,453753
10899.2,453753
10899.8,453753
10899.7,453753
10899.2,453753
10899.5,453753
10899.1,453753
10899.4,453753
10899.4,453753
10898.9,453753
10899,453753
10898.9,453753
10899,453753
10899.6,453753
10899.4,453753
10899.6,453753
10899.4,453753
10899.2,453753
10899.2,453753
10898.9,453753
10899.5,453753
10898.9,453753
10899,453753
10899.3,453753
10899.7,453753
10899.6,453753
10899.3,453753
10898.7,453753
10899.2,453753
10899,453753
10899.2,453753
10899.9,453753
10899.9,453753
10899.1,453753
10899.5,453753
10899,453753
10898.9,453753
10899.2,453753
10899.3,453753
10899.8,453753
10899.2,453753
10899.4,453753
10898.9,453753
10899.5,453753
10899,453753
10899.4,453753
10899.7,453753
10899.7,453753
10899.4,453753
10899.2,453753
10899.5,453753
10899.5,453753
10898.8,453753
10900.1,453753
10899.2,453753
10899.8,453753
10899,453753
10897.9,453753
10899.6,453753
10899.6,453753
10899.3,453753
10899,453753
10899.3,453753
10899.3,453753
10899.3,453753
10899.6,453753
10899.8,453753
10899.2,453753
10899.2,453753
10898.8,453753
10899.3,453753
10899.3,453753
10899.5,453753
10899.6,453753
10899.2,453753
10899.3,453753
10899.7,453753
10899,453753
10899.2,453753
10899.3,453753
10899.1,453753
10899.4,453753
10899.5,453753
10899.9,453753
10899,453753
10899.7,453753
10899.4,453753
10899.7,453753
10899.7,453753
10899.4,453753
10899.5,453753
10899.2,453753
10899.1,453753
10899.3,453753
10899.2,453753
10899.3,453753
10898.9,453753
10899,453753
10899.4,453753
10899.4,453753
10899.7,453753
10899.9,453753
10899.4,453753
10898.9,453753
10899.1,453753
10899.6,453753
10899.3,453753
10900,453753
10899.7,453753
10899.3,453753
10899.6,453753
10899.2,453753
10899.5,453753
10899.3,453753
10899.6,453753
10898,453753
10899.5,453753
10899.6,453753
10899.5,453753
10899.6,453753
10899.2,453753
10899.2,453753
10899.5,453753
10899.3,453753
10898.8,453753
10899.3,453753
10899.3,453753
10899.6,453753
10899.3,453753
10899.6,453753
10899.5,453753
10899.5,453753
10899.4,453753
10899,453753
10899.6,453753
10899.2,453753
10899.3,453753
10899.2,453753
10897.9,453753
10899.5,453753
10899,453753
10899.5,453753
10899.6,453753
10899.3,453753
10899.6,453753
10899.2,453753
10899.7,453753
10899.6,453753
10899.4,453753
10899.7,453753
10899.1,453753
10899.3,453753
10899.4,453753
10899.3,453753
10898.8,453753
10899.2,453753
10899,453753
10894.4,453753
10884,453753
10897.7,453753
10898.9,453753
10899.1,453753
10899,453753
10899.3,453753
10899.8,453753
10899,453753
10899.7,453753
10899.3,453753
10899.4,453753
10899,453753
10898.9,453753
10899.4,453753
10900,453753
10900,453753
10899.3,453753
10899.3,453753
10899,453753
10899.1,453753
10899.3,453753
10899.2,453753
10899.3,453753
10899.5,453753
10899.2,453753
10899,453753
10899.3,453753
10899.6,453753
10899.8,453753
10899.6,453753
10899.6,453753
10899.5,453753
10899.6,453753
10899.9,453753
10899.7,453753
10898.9,453753
10899.8,453753
10899.1,453753
10899.6,453753
10899.5,453753
10899.2,453753
10899.4,453753
10899.6,453753
10899.2,453753
10899.5,453753
10897.9,453753
10898.8,453753
10898.9,453753
10899,453753
10899.5,453753
10900,453753
10898.7,453753
10898.9,453753
10899.3,453753
10899.6,453753
10899.7,453753
10899.2,453753
10899.7,453753
10899.6,453753
10898.8,453753
10898.8,453753
10899.7,453753
10899.2,453753
10899.5,453753
10899.5,453753
10899.5,453753
10899.4,453753
10899.4,453753
10898.8,453753
10899.2,453753
10899.3,453753
10899.5,453753
10899.4,453753
10899.5,453753
10899.5,453753
10899.4,453753
10899.7,453753
10899.1,453753
10899.1,453753
10899.5,453753
10899.6,453753
10899.6,453753
10899.7,453753
10899.2,453753
10899.2,453753
10899.6,453753
10899.1,453753
10899.5,453753
10899.2,453753
10899.3,453753
10899.5,453753
10899.1,453753
10898.7,453753
10898.2,453753
10898.7,453753
10898.8,453753
10898.8,453753
10899.2,453753
10899.7,453753
10898.9,453753
10899.2,453753
10899.3,453753
10899.3,453753
10898.9,453753
10900.1,453753
10899.3,453753
10899.5,453753
10899.6,453753
10899.4,453753
10899.7,453753
10899.4,453753
10899.6,453753
10899.3,453753
10899.5,453753
10899.4,453753
10899.8,453753
10899.2,453753
10899.6,453753
10899.4,453753
10899.4,453753
10899.7,453753
10899.3,453753
10898.8,453753
10898.6,453753
10898.5,453753
10898.7,453753
10899.3,453753
10898.6,453753
10899.2,453753
10899.3,453753
10898.8,453753
10899.2,453753
10899.6,453753
10899.6,453753
10899.7,453753
10899.6,453753
10899.4,453753
10899.3,453753
10899.2,453753
10899.5,453753
10899.1,453753
10899.6,453753
10899.7,453753
10899.7,453753
10899.5,453753
10899.8,453753
10899.4,453753
10899.3,453753
10900.1,453753
10900,453753
10899.4,453753
10899.7,453753
10899.4,453753
10899.3,453753
10899.1,453753
10899.3,453753
10899.1,453753
10899.2,453753
10899.5,453753
10899.2,453753
10899.7,453753
10899.6,453753
10899.8,453753
10899.2,453753
10898.1,453753
10898.5,453753
10899.2,453753
10899.7,453753
10898.9,453753
10899.5,453753
10899.4,453753
10899.5,453753
10900,453753
10899,453753
10899.1,453753
10899.7,453753
10899.2,453753
10899.8,453753
10899.2,453753
10898.5,453753
10899.9,453753
10899.2,453753
10899.4,453753
10899.4,453753
10899.7,453753
10899.4,453753
10900.2,453753
10899.1,453753
10899.6,453753
10899.1,453753
10899.7,453753
10899.2,453753
10899.9,453753
10899.5,453753
10899.5,453753
10899.3,453753
10899.3,453753
10899.3,453753
10899.3,453753
10898.7,453753
10898.6,453753
10899.1,453753
10899.5,453753
10899.4,453753
10899.6,453753
10899.4,453753
10899.2,453753
10899.6,453753
10899.5,453753
10899.6,453753
10899.4,453753
10898.4,453753
10899.5,453753
10899.7,453753
10899.1,453753
10898.7,453753
10899.9,453753
10899.8,453753
10899.8,453753
10899.7,453753
10899.3,453753
10898.9,453753
10898.9,453753
10899.4,453753
10898.7,453753
10899.6,453753
10898.5,453753
10898.9,453753
10897.5,453753
10899.9,453753
10899.3,453753
10899.5,453753
10898.9,453753
10899.8,453753
10899.4,453753
10899.4,453753
10899.7,453753
10899.4,453753
10899.4,453753
10899.5,453753
10899.9,453753
10899.6,453753
10899,453753
10899.6,453753
10899.9,453753
10899.4,453753
10899.6,453753
10899.6,453753
10899.8,453753
10899.3,453753
10899.1,453753
10899.3,453753
10899.3,453753
10899.2,453753
10899.5,453753
10900,453753
10899.3,453753
10899.3,453753
10898.9,453753
10899.6,453753
10899.5,453753
10898.8,453753
10899.7,453753
10899.4,453753
10899.3,453753
10899.6,453753
10899.5,453753
10899.2,453753
10899.4,453753
10899.8,453753
10899.2,453753
10899.6,453753
10899,453753
10898.9,453753
10899.2,453753
10899.7,453753
10899.6,453753
10899.3,453753
10899.2,453753
10898.2,453753
10899.1,453753
10899.4,453753
10899.7,453753
10898.9,453753
10897.4,453753
10899.2,453753
10899.5,453753
10898.9,453753
10898.9,453753
10899.3,453753
10898.7,453753
10898.3,453753
10899.1,453753
10899.5,453753
10899.4,453753
10899.2,453753
10899.7,453753
10898.2,453753
10898.9,453753
10899.3,453753
10899.5,453753
10899.3,453753
10899.6,453753
10899.4,453753
10899.5,453753
10899.5,453753
10899.3,453753
10899.8,453753
10899.6,453753
10899.4,453753
10899.6,453753
10899.5,453753
10898.6,453753
10898.3,453753
10899.3,453753
10899.3,453753
10900.2,453753
10899.5,453753
10899.6,453753
10899,453753
10899.9,453753
10899.2,453753
10899.8,453753
10899.4,453753
10899.7,453753
10899.3,453753
10899.2,453753
10899.2,453753
10899.6,453753
10899.4,453753
10899.3,453753
10899.7,453753
10899.4,453753
10899.2,453753
10899.6,453753
10899.3,453753
10899.9,453753
10899.4,453753
10899.6,453753
10899.4,453753
10899.6,453753
10898.8,453753
10899.5,453753
10899.3,453753
10899.5,453753
10899.7,453753
10899.3,453753
10898.8,453753
10899.4,453753
10899.6,453753
10899.4,453753
10898.8,453753
10898.9,453753
10899.6,453753
10900.1,453753
10899.9,453753
10899.5,453546
