TRACE,NSNPS_JACKKNIFE
10871.3,453753
10871.5,453753
10871.3,453753
10871.4,453753
10870.9,453753
10871.5,453753
10871.1,453753
10871,453753
10871.6,453753
10871.3,453753
10871.4,453753
10871.3,453753
10871.4,453753
10870.8,453753
10871.1,453753
10871.4,453753
10870.9,453753
10870.3,453753
10870.9,453753
10871,453753
10871.1,453753
10871.4,453753
10871.2,453753
10871.6,453753
10871.5,453753
10871.3,453753
10870.5,453753
10870.9,453753
10871.4,453753
10871.1,453753
10871,453753
10871.3,453753
10871.2,453753
10871.2,453753
10871.2,453753
10871.2,453753
10871.3,453753
10871.1,453753
10871.7,453753
10871.3,453753
10871.3,453753
10871.3,453753
10871.7,453753
10870.4,453753
10870.9,453753
10871.3,453753
10871.4,453753
10871.2,453753
10871.5,453753
10871.2,453753
10871.4,453753
10870.8,453753
10870.4,453753
10871.1,453753
10870,453753
10871,453753
10871,453753
10871,453753
10871.3,453753
10871.3,453753
10871.1,453753
10871.2,453753
10871.2,453753
10871.4,453753
10871.2,453753
10871.8,453753
10871.2,453753
10871,453753
10871,453753
10871.3,453753
10870,453753
10871.5,453753
10871.4,453753
10871.6,453753
10871.5,453753
10871.1,453753
10871.1,453753
10871.3,453753
10871.6,453753
10871.3,453753
10871,453753
10871.2,453753
10871.1,453753
10871.5,453753
10871.6,453753
10871.5,453753
10871.5,453753
10871.7,453753
10871.1,453753
10871.3,453753
10871,453753
10870.7,453753
10871.2,453753
10870.3,453753
10871.3,453753
10871.1,453753
10871.4,453753
10871.4,453753
10870.8,453753
10871,453753
10870.7,453753
10871.3,453753
10870.9,453753
10871.2,453753
10871,453753
10870.8,453753
10870.9,453753
10871.1,453753
10870.9,453753
10871.1,453753
10871.3,453753
10871.5,453753
10871.7,453753
10871,453753
10871.1,453753
10870.7,453753
10871.1,453753
10871.2,453753
10870.9,453753
10870.5,453753
10871.2,453753
10871.1,453753
10871.3,453753
10871.2,453753
10871.3,453753
10871.4,453753
10870.8,453753
10870.9,453753
10871.1,453753
10871.6,453753
10871.5,453753
10871.3,453753
10870.5,453753
10871.2,453753
10870.9,453753
10871.6,453753
10870.9,453753
10871.2,453753
10870.6,453753
10871.4,453753
10870.3,453753
10870.4,453753
10870.7,453753
10870.9,453753
10870.9,453753
10871,453753
10871.1,453753
10871.2,453753
10871.1,453753
10871.4,453753
10871.7,453753
10871.1,453753
10871.1,453753
10871.2,453753
10871.3,453753
10871.6,453753
10871,453753
10871.1,453753
10871.5,453753
10871.2,453753
10871.5,453753
10871.2,453753
10871,453753
10871.3,453753
10871.3,453753
10871.4,453753
10871,453753
10871.6,453753
10871.3,453753
10871,453753
10871,453753
10871.1,453753
10870.9,453753
10871.7,453753
10871.3,453753
10870.7,453753
10870.9,453753
10870.5,453753
10870.8,453753
10870.8,453753
10870.8,453753
10869.4,453753
10869.8,453753
10871.8,453753
10871,453753
10871.6,453753
10871.2,453753
10871.3,453753
10871.1,453753
10871.6,453753
10871.4,453753
10871.3,453753
10870.6,453753
10870.4,453753
10870.7,453753
10870.1,453753
10869.6,453753
10871.1,453753
10871.1,453753
10871,453753
10871.2,453753
10871.3,453753
10871.8,453753
10870.9,453753
10870.9,453753
10871.1,453753
10871.1,453753
10871.3,453753
10871.1,453753
10871,453753
10871,453753
10870.8,453753
10871.3,453753
10871.3,453753
10871.6,453753
10871.3,453753
10871.1,453753
10870.3,453753
10871,453753
10870.6,453753
10871.3,453753
10871.4,453753
10871.3,453753
10871.2,453753
10871.1,453753
10871.3,453753
10871.5,453753
10871.1,453753
10871.1,453753
10871.3,453753
10871.1,453753
10870.4,453753
10871.3,453753
10871.3,453753
10871.4,453753
10871.5,453753
10871.2,453753
10871.4,453753
10871.3,453753
10872.1,453753
10871.3,453753
10870.5,453753
10871.1,453753
10871.2,453753
10871.3,453753
10871.4,453753
10870.7,453753
10870.9,453753
10871.2,453753
10870.3,453753
10870.4,453753
10871.4,453753
10871.5,453753
10871.5,453753
10871.4,453753
10870.7,453753
10871,453753
10871.4,453753
10871.2,453753
10871.1,453753
10871.3,453753
10871,453753
10869.7,453753
10870.5,453753
10871.1,453753
10870.8,453753
10870.8,453753
10870.7,453753
10871.5,453753
10871.3,453753
10871.1,453753
10870.3,453753
10871.7,453753
10871,453753
10871.3,453753
10871,453753
10871.4,453753
10871.1,453753
10871,453753
10870.6,453753
10871.2,453753
10870.9,453753
10871.4,453753
10871.6,453753
10871.2,453753
10871.1,453753
10871.5,453753
10871.3,453753
10871.5,453753
10871.2,453753
10871,453753
10871.4,453753
10871.3,453753
10871.1,453753
10871.4,453753
10871.8,453753
10871.4,453753
10871.2,453753
10871.2,453753
10871.4,453753
10871.2,453753
10871.6,453753
10870.9,453753
10871.2,453753
10871.4,453753
10871.5,453753
10871.5,453753
10871.2,453753
10871,453753
10871.6,453753
10871.3,453753
10871.3,453753
10871.1,453753
10870.1,453753
10870.4,453753
10871.4,453753
10871.2,453753
10871.3,453753
10870.6,453753
10871,453753
10871.3,453753
10871.4,453753
10870.7,453753
10871.6,453753
10871,453753
10871.3,453753
10870.4,453753
10871.1,453753
10871.1,453753
10870.7,453753
10870.8,453753
10870.9,453753
10871.1,453753
10871.2,453753
10871.1,453753
10871.4,453753
10871.5,453753
10871.1,453753
10871.2,453753
10870.7,453753
10870.7,453753
10871.1,453753
10870.7,453753
10870.2,453753
10871.2,453753
10871.3,453753
10871.3,453753
10871.1,453753
10871,453753
10869.4,453753
10871.5,453753
10871.2,453753
10871.3,453753
10871.8,453753
10871.5,453753
10871.7,453753
10871.4,453753
10871.6,453753
10871.2,453753
10871.1,453753
10871.9,453753
10871.4,453753
10871.1,453753
10871.1,453753
10871.6,453753
10871,453753
10870.8,453753
10871.9,453753
10870.9,453753
10871.1,453753
10871.4,453753
10871.1,453753
10870.9,453753
10871.3,453753
10870.9,453753
10871.4,453753
10870.8,453753
10869.5,453753
10870.6,453753
10871.2,453753
10869.9,453753
10870.5,453753
10870.8,453753
10871.7,453753
10871.1,453753
10870.9,453753
10870.7,453753
10870.7,453753
10871.2,453753
10871.2,453753
10871.3,453753
10871.1,453753
10871.4,453753
10871.3,453753
10871,453753
10871.4,453753
10871.5,453753
10870.8,453753
10871.2,453753
10871.7,453753
10871.1,453753
10871.4,453753
10871.5,453753
10871.2,453753
10871.6,453753
10870.7,453753
10870.7,453753
10871,453753
10871.1,453753
10871.1,453753
10871.1,453753
10871.5,453753
10871.2,453753
10871.5,453753
10871.3,453753
10871.4,453753
10871.2,453753
10871.2,453753
10871.4,453753
10871,453753
10871.2,453753
10870.9,453753
10871.5,453753
10870.9,453753
10871.5,453753
10871.5,453753
10871.5,453753
10871.4,453753
10871,453753
10870.9,453753
10871.3,453753
10870.9,453753
10870.2,453753
10870.8,453753
10871.4,453753
10871.4,453753
10871.5,453753
10871.4,453753
10871.2,453753
10871,453753
10871,453753
10870.7,453753
10870,453753
10871.4,453753
10871.2,453753
10870.8,453753
10871.7,453753
10871.5,453753
10871.4,453753
10870.5,453753
10871.3,453753
10871.3,453753
10870.9,453753
10871.3,453753
10871.7,453753
10871.5,453753
10871.1,453753
10871.2,453753
10871.3,453753
10870.6,453753
10871,453753
10871,453753
10871.8,453753
10871.2,453753
10871.4,453753
10871,453753
10871.5,453753
10871.1,453753
10871.6,453753
10871.1,453753
10871.1,453753
10871.3,453753
10871.4,453753
10871.1,453753
10870.4,453753
10870.9,453753
10870.8,453753
10871.6,453753
10871.6,453753
10870.2,453753
10868.9,453753
10869.2,453753
10871.2,453753
10871,453753
10871.2,453753
10871.4,453753
10871.3,453753
10870.8,453753
10871.4,453753
10871.1,453753
10871.4,453753
10871,453753
10871,453753
10870.8,453753
10870.5,453753
10871.1,453753
10871.9,453753
10871.1,453753
10870.9,453753
10871.4,453753
10870.7,453753
10871.3,453753
10871.4,453753
10870.8,453753
10870.8,453753
10870.8,453753
10871.4,453753
10871.5,453753
10870.6,453753
10871.5,453753
10871.5,453753
10871.5,453753
10871.1,453753
10870.5,453753
10871,453753
10871.2,453753
10870.8,453753
10871.1,453753
10871.3,453753
10871.9,453753
10870.7,453753
10871.1,453753
10871.4,453753
10871.2,453753
10871.3,453753
10871.3,453753
10870.9,453753
10871.2,453753
10871.9,453753
10871.7,453753
10871.2,453753
10871.5,453753
10871.4,453753
10871,453753
10871.3,453753
10870.7,453753
10871.2,453753
10871.3,453753
10870.9,453753
10871.1,453753
10871.2,453753
10870.7,453753
10869.9,453753
10871.4,453753
10870.7,453753
10871.1,453753
10871.4,453753
10871.3,453753
10870.9,453753
10871.6,453753
10871.5,453753
10871.2,453753
10870.9,453753
10870.7,453753
10870.9,453753
10870.8,453753
10871.3,453753
10871.3,453753
10871,453753
10871.3,453753
10871.1,453753
10871.6,453753
10870.8,453753
10871.3,453753
10871.2,453753
10870.9,453753
10871.5,453753
10871.4,453753
10871.3,453753
10871.4,453753
10871.7,453753
10870.7,453753
10870.9,453753
10871.7,453753
10871,453753
10871.4,453753
10871.2,453753
10871.1,453753
10871.4,453753
10871,453753
10871.4,453753
10871.3,453753
10871,453753
10871.4,453753
10871.4,453753
10871.2,453753
10871.3,453753
10871.1,453753
10870.5,453753
10869.6,453753
10871.4,453753
10871.2,453753
10870.9,453753
10871.2,453753
10871.3,453753
10871,453753
10871.3,453753
10870.9,453753
10871.3,453753
10871.4,453753
10869.3,453753
10871.1,453753
10871.3,453753
10871.1,453753
10871,453753
10871.1,453753
10871.4,453753
10871.3,453753
10871,453753
10870.9,453753
10871.4,453753
10871.3,453753
10871.3,453753
10871.4,453753
10871.4,453753
10871.3,453753
10871.4,453753
10871.3,453753
10871.1,453753
10870.9,453753
10871.4,453753
10871.6,453753
10871.6,453753
10869.9,453753
10871,453753
10870.9,453753
10870.7,453753
10871.5,453753
10871.3,453753
10871.7,453753
10871.7,453753
10871.4,453753
10871.4,453753
10871.1,453753
10871.2,453753
10871.4,453753
10870.8,453753
10871.1,453753
10871.3,453753
10870.9,453753
10871.1,453753
10871.1,453753
10867.4,453753
10859,453753
10868.7,453753
10870.6,453753
10871.1,453753
10870.7,453753
10871.3,453753
10871.4,453753
10871,453753
10871.6,453753
10871.3,453753
10869.8,453753
10869.9,453753
10870.6,453753
10871.1,453753
10871.2,453753
10870.7,453753
10870.8,453753
10870.8,453753
10871.5,453753
10871.1,453753
10871.1,453753
10871.7,453753
10871,453753
10870.9,453753
10871.1,453753
10870.5,453753
10871.4,453753
10871.5,453753
10871.5,453753
10871.3,453753
10871,453753
10871.1,453753
10871.4,453753
10871.2,453753
10871.5,453753
10871.3,453753
10870.9,453753
10871.1,453753
10871.2,453753
10871.7,453753
10871.1,453753
10870.8,453753
10870.7,453753
10871.1,453753
10870.5,453753
10869.1,453753
10870.9,453753
10871.1,453753
10871.1,453753
10871,453753
10871.1,453753
10871.2,453753
10871,453753
10871.4,453753
10871.1,453753
10871.2,453753
10871.3,453753
10871.5,453753
10871.4,453753
10870.8,453753
10870.7,453753
10871.5,453753
10871,453753
10871.5,453753
10871.1,453753
10871.5,453753
10871.2,453753
10871.9,453753
10870.8,453753
10870.7,453753
10871.1,453753
10871.2,453753
10870.7,453753
10870.4,453753
10871.4,453753
10871.7,453753
10871.8,453753
10871.2,453753
10871.4,453753
10870.9,453753
10871.1,453753
10871.2,453753
10871.8,453753
10871.5,453753
10870.9,453753
10871.4,453753
10871.4,453753
10871.1,453753
10871.3,453753
10871.6,453753
10871.5,453753
10871.2,453753
10870.9,453753
10871.4,453753
10871.1,453753
10870.6,453753
10871.1,453753
10871.5,453753
10871.2,453753
10870.7,453753
10871.4,453753
10870.9,453753
10870.8,453753
10870.8,453753
10870.9,453753
10871.4,453753
10871.6,453753
10871.5,453753
10871.1,453753
10871.6,453753
10871.6,453753
10871.1,453753
10870.8,453753
10871.6,453753
10871.2,453753
10871.4,453753
10871.5,453753
10871.1,453753
10871,453753
10871.3,453753
10871.4,453753
10871.6,453753
10870.8,453753
10871.2,453753
10870.6,453753
10870.7,453753
10871.4,453753
10870.8,453753
10871.5,453753
10871.1,453753
10871.5,453753
10871,453753
10871.1,453753
10871.1,453753
10870.9,453753
10871.2,453753
10871.3,453753
10871.1,453753
10871.4,453753
10871.5,453753
10871.1,453753
10871.2,453753
10871.1,453753
10871.6,453753
10871.6,453753
10871.2,453753
10870.6,453753
10871.7,453753
10871.4,453753
10871.4,453753
10871.2,453753
10871.3,453753
10871.4,453753
10871.1,453753
10870.9,453753
10871.7,453753
10871.1,453753
10871.5,453753
10871,453753
10871.3,453753
10870.9,453753
10870.8,453753
10870.6,453753
10871.3,453753
10870.5,453753
10870.4,453753
10870.9,453753
10871.1,453753
10870.6,453753
10871.4,453753
10871.3,453753
10870.9,453753
10871.5,453753
10871.4,453753
10871.6,453753
10871.4,453753
10871,453753
10871.2,453753
10871.1,453753
10871,453753
10871.4,453753
10871.3,453753
10871.4,453753
10871.4,453753
10871,453753
10871.2,453753
10871.2,453753
10871,453753
10871.3,453753
10871.1,453753
10871.1,453753
10871.1,453753
10871.5,453753
10871.5,453753
10871.3,453753
10871.4,453753
10871.1,453753
10871.1,453753
10871.6,453753
10871,453753
10870.9,453753
10871.1,453753
10871.7,453753
10871.3,453753
10871,453753
10870.8,453753
10871.1,453753
10871.3,453753
10871.2,453753
10871.2,453753
10870.7,453753
10870.9,453753
10871,453753
10871.4,453753
10871.3,453753
10871.6,453753
10871.1,453753
10871.2,453753
10871.3,453753
10871.5,453753
10870.9,453753
10870.7,453753
10870.9,453753
10871.5,453753
10871.1,453753
10871.9,453753
10869.9,453753
10870.4,453753
10870.8,453753
10871.6,453753
10871.1,453753
10871.5,453753
10870.9,453753
10871.5,453753
10871.4,453753
10871.1,453753
10871.1,453753
10871.2,453753
10871.3,453753
10871.1,453753
10871,453753
10871.1,453753
10870.9,453753
10871.2,453753
10871.9,453753
10871.4,453753
10871.2,453753
10871.6,453753
10871.5,453753
10871.5,453753
10871,453753
10871.4,453753
10870.9,453753
10870.9,453753
10871.3,453753
10871.4,453753
10871.8,453753
10870.8,453753
10871.1,453753
10871.2,453753
10870.7,453753
10870.9,453753
10871.1,453753
10871.5,453753
10871.6,453753
10870.5,453753
10871.3,453753
10871.3,453753
10871.3,453753
10871.8,453753
10871.1,453753
10871.5,453753
10870.9,453753
10871.4,453753
10871.4,453753
10871.3,453753
10871.7,453753
10871.4,453753
10870.9,453753
10870.4,453753
10870.9,453753
10871.4,453753
10871,453753
10870.9,453753
10870.5,453753
10871.3,453753
10871.1,453753
10870.7,453753
10870.3,453753
10871.1,453753
10871.2,453753
10869.7,453753
10871.5,453753
10871.2,453753
10871.8,453753
10871,453753
10871.1,453753
10870.4,453753
10870.8,453753
10871,453753
10871.2,453753
10871.6,453753
10871.4,453753
10871.9,453753
10871.4,453753
10871.4,453753
10870.9,453753
10871.4,453753
10871.6,453753
10871.3,453753
10871.2,453753
10871.4,453753
10871,453753
10869.9,453753
10871.1,453753
10871,453753
10871.5,453753
10871.3,453753
10871.3,453753
10871.5,453753
10871.3,453753
10871.6,453753
10871.3,453753
10871.5,453753
10871.2,453753
10871.7,453753
10871.5,453753
10871.5,453753
10871.8,453753
10871.5,453753
10871.2,453753
10871.4,453753
10871.5,453753
10871.4,453753
10871.2,453753
10871.1,453753
10870.9,453753
10871.2,453753
10871.3,453753
10871,453753
10871.4,453753
10870.9,453753
10871.2,453753
10871.5,453753
10871.1,453753
10871.3,453753
10871.3,453753
10870.5,453753
10871.4,453753
10871.4,453753
10871.6,453753
10870.6,453753
10871.1,453753
10871.4,453753
10871.3,453753
10871.2,453753
10871.6,453546
