TRACE,NSNPS_JACKKNIFE
10864.8,453753
10864.8,453753
10864,453753
10864.2,453753
10864.5,453753
10864.2,453753
10864,453753
10863.8,453753
10863.5,453753
10863.3,453753
10864.3,453753
10864.8,453753
10864.3,453753
10864.1,453753
10864,453753
10864.4,453753
10864.4,453753
10863.5,453753
10863.7,453753
10864.1,453753
10864.1,453753
10864.1,453753
10864.4,453753
10864.2,453753
10864.8,453753
10864.4,453753
10864.1,453753
10863.6,453753
10864.4,453753
10863.9,453753
10864.1,453753
10864.1,453753
10864.2,453753
10863.8,453753
10864.4,453753
10864.4,453753
10864.2,453753
10863.8,453753
10864.3,453753
10864.3,453753
10864.3,453753
10864.1,453753
10864,453753
10863.8,453753
10864.1,453753
10864.2,453753
10864.7,453753
10864,453753
10864.7,453753
10864.2,453753
10864.1,453753
10863.3,453753
10863.9,453753
10863.9,453753
10863.7,453753
10864.1,453753
10864.3,453753
10863.7,453753
10864,453753
10864,453753
10864.2,453753
10864.5,453753
10864.4,453753
10863.9,453753
10864.5,453753
10864.3,453753
10864.1,453753
10863.8,453753
10864.5,453753
10864.6,453753
10863.6,453753
10863.8,453753
10864.1,453753
10864.4,453753
10863.9,453753
10864.2,453753
10864.1,453753
10864.6,453753
10864,453753
10864,453753
10864,453753
10864.4,453753
10864.4,453753
10864.7,453753
10864.4,453753
10864.3,453753
10864.3,453753
10864.2,453753
10864.9,453753
10864.5,453753
10864.3,453753
10864,453753
10863.8,453753
10862.1,453753
10864.4,453753
10863.9,453753
10864.4,453753
10864.4,453753
10864.1,453753
10864.4,453753
10864.5,453753
10864.3,453753
10863.7,453753
10863.9,453753
10863.4,453753
10863.9,453753
10863.9,453753
10863.7,453753
10864.2,453753
10863.8,453753
10864.2,453753
10864.5,453753
10864.1,453753
10863.8,453753
10864.5,453753
10863.8,453753
10864.1,453753
10864.3,453753
10864.4,453753
10864.3,453753
10864.2,453753
10864.7,453753
10864.1,453753
10864.2,453753
10864.3,453753
10863.7,453753
10863.5,453753
10864.4,453753
10864,453753
10864.4,453753
10864.8,453753
10863.9,453753
10863.8,453753
10864.4,453753
10863.9,453753
10863.6,453753
10864.6,453753
10864.3,453753
10864.2,453753
10864.2,453753
10863.9,453753
10863.5,453753
10864,453753
10863.6,453753
10864.1,453753
10864,453753
10863.8,453753
10864.1,453753
10864.1,453753
10863.9,453753
10864.4,453753
10864.5,453753
10864.7,453753
10864.4,453753
10864.4,453753
10864.5,453753
10864.2,453753
10864.7,453753
10864.4,453753
10864.4,453753
10863.6,453753
10864.7,453753
10864.3,453753
10864.7,453753
10864.3,453753
10864.4,453753
10864.3,453753
10864.4,453753
10864,453753
10864.4,453753
10864.4,453753
10864.3,453753
10864.7,453753
10864.1,453753
10864.2,453753
10864.2,453753
10863.9,453753
10863.7,453753
10863.9,453753
10864.2,453753
10864,453753
10862.7,453753
10862.4,453753
10864.1,453753
10864.1,453753
10864.4,453753
10864.1,453753
10864.2,453753
10865,453753
10864.3,453753
10864.6,453753
10864.5,453753
10864,453753
10863.7,453753
10862.8,453753
10863.3,453753
10863.5,453753
10863.9,453753
10864.5,453753
10864.5,453753
10864,453753
10864,453753
10864.7,453753
10863.7,453753
10864.2,453753
10864.7,453753
10864,453753
10864.1,453753
10864.3,453753
10863.9,453753
10864,453753
10864,453753
10864.3,453753
10864.6,453753
10863.9,453753
10864,453753
10863.9,453753
10863.1,453753
10863.8,453753
10863.1,453753
10864.8,453753
10864.5,453753
10864,453753
10864.1,453753
10864.8,453753
10864.2,453753
10864.3,453753
10864.3,453753
10864.2,453753
10864.6,453753
10864.3,453753
10863.3,453753
10863.9,453753
10864.5,453753
10864.4,453753
10864.1,453753
10863.9,453753
10864,453753
10863.8,453753
10864.5,453753
10864.2,453753
10864.3,453753
10864.7,453753
10864.2,453753
10864.3,453753
10864.1,453753
10864,453753
10864.1,453753
10864.1,453753
10863.4,453753
10863.5,453753
10863.8,453753
10864,453753
10864.6,453753
10864.3,453753
10864.3,453753
10864,453753
10863.8,453753
10864.2,453753
10864.2,453753
10864.5,453753
10863.7,453753
10862.9,453753
10863.9,453753
10863.8,453753
10863.9,453753
10864.1,453753
10863.3,453753
10863.7,453753
10864.1,453753
10864.4,453753
10863.6,453753
10864,453753
10864.1,453753
10864.1,453753
10864.1,453753
10864.4,453753
10864.2,453753
10863.8,453753
10863.9,453753
10864.1,453753
10864,453753
10864,453753
10864.1,453753
10864.2,453753
10864.4,453753
10864.6,453753
10864.1,453753
10864.3,453753
10864.4,453753
10864.6,453753
10864.3,453753
10864.3,453753
10864.8,453753
10864.6,453753
10864.3,453753
10863.9,453753
10863.6,453753
10864,453753
10864.4,453753
10864.6,453753
10864.1,453753
10864,453753
10864.4,453753
10864.5,453753
10864.7,453753
10863.8,453753
10864.4,453753
10864.2,453753
10864.2,453753
10864.5,453753
10864.2,453753
10863.7,453753
10863.3,453753
10862.8,453753
10863.7,453753
10863.7,453753
10864.2,453753
10863.6,453753
10864.3,453753
10864.6,453753
10864,453753
10864.3,453753
10864.3,453753
10864.1,453753
10864.2,453753
10864.4,453753
10864.1,453753
10864,453753
10863.3,453753
10863.8,453753
10863.8,453753
10863.7,453753
10864.4,453753
10864.3,453753
10864,453753
10863.7,453753
10864,453753
10864.1,453753
10864.2,453753
10863.4,453753
10864.1,453753
10862.8,453753
10863,453753
10864.4,453753
10864.2,453753
10864.3,453753
10863.5,453753
10863.8,453753
10863.2,453753
10864.2,453753
10864.5,453753
10863.9,453753
10864.5,453753
10864.3,453753
10863.9,453753
10864.2,453753
10863.9,453753
10864.4,453753
10864.3,453753
10864.1,453753
10864.5,453753
10864.3,453753
10864.4,453753
10864.1,453753
10864.4,453753
10864.4,453753
10864.2,453753
10864.2,453753
10863.9,453753
10864.4,453753
10863.7,453753
10864.3,453753
10864.6,453753
10864.1,453753
10864.4,453753
10864.2,453753
10863.7,453753
10864.3,453753
10864,453753
10863,453753
10863.5,453753
10863.7,453753
10863.9,453753
10864.2,453753
10863.6,453753
10863.5,453753
10863,453753
10864,453753
10864.1,453753
10864.2,453753
10864,453753
10863.5,453753
10864.1,453753
10864.2,453753
10863.7,453753
10863.9,453753
10863.4,453753
10864.1,453753
10864,453753
10864.3,453753
10864.3,453753
10864.6,453753
10864.2,453753
10864.2,453753
10864.1,453753
10864.1,453753
10864.1,453753
10864.7,453753
10864.1,453753
10864.5,453753
10864.7,453753
10863.9,453753
10864.4,453753
10864.2,453753
10864.2,453753
10864.3,453753
10864.2,453753
10864,453753
10864,453753
10863.7,453753
10864.6,453753
10864.3,453753
10864.5,453753
10864.3,453753
10864.4,453753
10864.4,453753
10863.9,453753
10864,453753
10864.4,453753
10864.2,453753
10863.9,453753
10863.5,453753
10864.3,453753
10864.1,453753
10864,453753
10864.4,453753
10863.8,453753
10864.3,453753
10863.9,453753
10863.8,453753
10863.5,453753
10862.5,453753
10864,453753
10864.1,453753
10864.5,453753
10864.3,453753
10864.2,453753
10864.1,453753
10863.7,453753
10864.1,453753
10864.2,453753
10863.4,453753
10864,453753
10864.6,453753
10863.9,453753
10864.3,453753
10864.3,453753
10863.8,453753
10863.8,453753
10863.8,453753
10864.2,453753
10864.1,453753
10864.1,453753
10864.5,453753
10864.4,453753
10864.2,453753
10864.3,453753
10864,453753
10864.4,453753
10864.5,453753
10864.3,453753
10864.7,453753
10863.9,453753
10864.2,453753
10864.3,453753
10863.8,453753
10864.6,453753
10864.6,453753
10863.1,453753
10861.6,453753
10861.8,453753
10864,453753
10864.4,453753
10864.5,453753
10864.2,453753
10864.3,453753
10864.2,453753
10864.3,453753
10864.5,453753
10864.2,453753
10864.7,453753
10864,453753
10864,453753
10862.6,453753
10863.8,453753
10864.2,453753
10864.3,453753
10864.2,453753
10864.2,453753
10864.3,453753
10864.2,453753
10864.3,453753
10864.6,453753
10864.2,453753
10864.1,453753
10864.4,453753
10864.2,453753
10864.4,453753
10864.1,453753
10864.1,453753
10863.7,453753
10864.5,453753
10863.7,453753
10863.2,453753
10864.4,453753
10864.2,453753
10864.5,453753
10864,453753
10864.3,453753
10863.6,453753
10864.1,453753
10864.5,453753
10864.1,453753
10864.3,453753
10864.5,453753
10864.2,453753
10864.6,453753
10864,453753
10864.2,453753
10864.1,453753
10864.1,453753
10864.9,453753
10864.7,453753
10864.6,453753
10864.1,453753
10864.4,453753
10863.9,453753
10864.5,453753
10863.9,453753
10864,453753
10863.9,453753
10863.4,453753
10864.4,453753
10864.3,453753
10864.6,453753
10864.6,453753
10864,453753
10864.5,453753
10864.6,453753
10864,453753
10864.1,453753
10863.8,453753
10863.9,453753
10864.2,453753
10864,453753
10864.3,453753
10864.2,453753
10864.6,453753
10864.8,453753
10864,453753
10864.5,453753
10864.2,453753
10863.8,453753
10864.2,453753
10864.3,453753
10864.2,453753
10864.5,453753
10864,453753
10864.7,453753
10864.6,453753
10863.7,453753
10864.1,453753
10864.4,453753
10864.1,453753
10864.6,453753
10864.4,453753
10864.7,453753
10864.5,453753
10863.8,453753
10864.6,453753
10864.1,453753
10864,453753
10864.6,453753
10863.9,453753
10864.1,453753
10864.3,453753
10864.3,453753
10863.3,453753
10862.6,453753
10864.1,453753
10864,453753
10864.3,453753
10864.5,453753
10863.7,453753
10864.3,453753
10863.5,453753
10863.9,453753
10864.2,453753
10864,453753
10861.5,453753
10864.2,453753
10864.2,453753
10863.6,453753
10864.3,453753
10864.1,453753
10864.3,453753
10863.9,453753
10864.4,453753
10863.8,453753
10864.3,453753
10863.9,453753
10864.2,453753
10863.7,453753
10864.4,453753
10863.9,453753
10864.1,453753
10863.9,453753
10864.3,453753
10864.2,453753
10864.3,453753
10863.9,453753
10864.7,453753
10862.9,453753
10864.3,453753
10864.1,453753
10863.7,453753
10863.8,453753
10864.1,453753
10864.1,453753
10864,453753
10864.5,453753
10864.7,453753
10863.9,453753
10864.1,453753
10864.1,453753
10864.5,453753
10864.4,453753
10863.8,453753
10864.1,453753
10864.4,453753
10864,453753
10858.7,453753
10849.2,453753
10861.6,453753
10864,453753
10863.8,453753
10863.7,453753
10863.6,453753
10864.2,453753
10864.6,453753
10864.5,453753
10863.5,453753
10863.2,453753
10863.6,453753
10864.1,453753
10863.8,453753
10864.6,453753
10864.1,453753
10863.9,453753
10864.2,453753
10864.1,453753
10864,453753
10864.3,453753
10864.6,453753
10864.4,453753
10864.3,453753
10864.2,453753
10864,453753
10864.1,453753
10864.4,453753
10864.4,453753
10864.5,453753
10864.1,453753
10864.1,453753
10864.1,453753
10864.5,453753
10864.1,453753
10864.2,453753
10864,453753
10864.1,453753
10864,453753
10864.3,453753
10863.7,453753
10864.2,453753
10863.9,453753
10863.7,453753
10863.5,453753
10862.2,453753
10864.1,453753
10864.2,453753
10864.3,453753
10863.7,453753
10864.4,453753
10863.8,453753
10863.9,453753
10864,453753
10864.2,453753
10864.5,453753
10863.7,453753
10864.1,453753
10864,453753
10863.9,453753
10863.7,453753
10864.4,453753
10864.1,453753
10864.2,453753
10864.5,453753
10864.3,453753
10864.3,453753
10864.4,453753
10863.9,453753
10863.8,453753
10864.5,453753
10864.5,453753
10864.3,453753
10863.6,453753
10864.4,453753
10864.8,453753
10864.2,453753
10864.7,453753
10864.3,453753
10863.6,453753
10864.7,453753
10864.1,453753
10864,453753
10864.4,453753
10864.4,453753
10864.5,453753
10864.5,453753
10864.4,453753
10864.4,453753
10864.3,453753
10864.5,453753
10864,453753
10864,453753
10863.9,453753
10864.4,453753
10864.5,453753
10864,453753
10864.4,453753
10864.4,453753
10864.4,453753
10863.9,453753
10863.7,453753
10863.7,453753
10863.8,453753
10864.4,453753
10863.9,453753
10864,453753
10864.2,453753
10864.3,453753
10864.3,453753
10864.1,453753
10864,453753
10864.4,453753
10864.1,453753
10864.3,453753
10864.4,453753
10864.5,453753
10864.1,453753
10864.5,453753
10864.8,453753
10863.8,453753
10863.9,453753
10863.9,453753
10864.2,453753
10863.7,453753
10864.2,453753
10864.3,453753
10863.3,453753
10864.2,453753
10863.9,453753
10864.1,453753
10863.9,453753
10864.3,453753
10863.8,453753
10864.6,453753
10864.2,453753
10864.2,453753
10864.4,453753
10864.2,453753
10864.3,453753
10864.1,453753
10864.2,453753
10864.1,453753
10864.6,453753
10864.1,453753
10864,453753
10863.6,453753
10864.5,453753
10864.7,453753
10864.3,453753
10864.1,453753
10864.2,453753
10864.3,453753
10864.4,453753
10864,453753
10864.8,453753
10864.2,453753
10864.4,453753
10864.5,453753
10864.5,453753
10864.3,453753
10864.5,453753
10864.1,453753
10864.1,453753
10862.9,453753
10863.6,453753
10864.1,453753
10864.4,453753
10863.6,453753
10864.4,453753
10864,453753
10864.7,453753
10864.2,453753
10864.3,453753
10864.1,453753
10864.3,453753
10864.1,453753
10864.3,453753
10864.7,453753
10863.8,453753
10864.9,453753
10864.3,453753
10864.4,453753
10864.2,453753
10864.5,453753
10864.4,453753
10864.6,453753
10863.7,453753
10864.2,453753
10864.1,453753
10864.1,453753
10863.8,453753
10864.7,453753
10864,453753
10864.1,453753
10864.2,453753
10864,453753
10863.6,453753
10863.7,453753
10863.7,453753
10863.4,453753
10863.9,453753
10864.4,453753
10864.3,453753
10864.4,453753
10864.2,453753
10864.4,453753
10864.5,453753
10864.3,453753
10864.3,453753
10864.3,453753
10863.7,453753
10864.2,453753
10863.8,453753
10863.9,453753
10864.3,453753
10864.2,453753
10864.6,453753
10864.2,453753
10864,453753
10864.3,453753
10863.7,453753
10863.9,453753
10864.3,453753
10864.3,453753
10863.6,453753
10863.1,453753
10864,453753
10862.7,453753
10864.1,453753
10864.2,453753
10864.7,453753
10864.1,453753
10864,453753
10864.4,453753
10864.4,453753
10864.3,453753
10864.3,453753
10864.1,453753
10864.1,453753
10864.3,453753
10864.4,453753
10864.3,453753
10864.2,453753
10864.3,453753
10864.7,453753
10864.6,453753
10864.5,453753
10864.5,453753
10864.5,453753
10864.7,453753
10864.5,453753
10864.3,453753
10864.4,453753
10864,453753
10863.9,453753
10864.3,453753
10864.4,453753
10864.4,453753
10864.1,453753
10863.9,453753
10863.3,453753
10864.3,453753
10864.4,453753
10864.4,453753
10864.3,453753
10864.5,453753
10864.3,453753
10864.5,453753
10864.5,453753
10864.3,453753
10864.4,453753
10864.2,453753
10863.8,453753
10864.2,453753
10864.6,453753
10864.3,453753
10864.7,453753
10863.8,453753
10862.9,453753
10864.1,453753
10864.4,453753
10864,453753
10863.5,453753
10863.6,453753
10864.5,453753
10864.6,453753
10863.9,453753
10863.7,453753
10864.4,453753
10864.5,453753
10863.7,453753
10864.2,453753
10864.1,453753
10864.4,453753
10864.3,453753
10864.1,453753
10863.5,453753
10863.9,453753
10864.3,453753
10864.3,453753
10864.2,453753
10864.5,453753
10864.5,453753
10864.6,453753
10864.7,453753
10864.4,453753
10863.9,453753
10863.9,453753
10864.2,453753
10864.1,453753
10864,453753
10864.1,453753
10863.8,453753
10864.6,453753
10864.1,453753
10864.6,453753
10863.8,453753
10864,453753
10864.5,453753
10864.8,453753
10863.9,453753
10864.1,453753
10864.4,453753
10864.2,453753
10864.5,453753
10864.6,453753
10864.6,453753
10864.4,453753
10863.9,453753
10864.3,453753
10864.6,453753
10864.1,453753
10864.2,453753
10864,453753
10864,453753
10864.2,453753
10864.3,453753
10864.1,453753
10864,453753
10863.8,453753
10864.2,453753
10864.3,453753
10864.4,453753
10864.3,453753
10864.3,453753
10863.6,453753
10863.3,453753
10863.9,453753
10864.2,453753
10864.7,453753
10863.5,453753
10863.6,453753
10864.7,453753
10864,453753
10864.8,453753
10864.9,453546
