TRACE,NSNPS_JACKKNIFE
10853.2,453753
10852.7,453753
10853,453753
10852.9,453753
10852.6,453753
10852.9,453753
10852.6,453753
10852.7,453753
10852.8,453753
10852.4,453753
10852.4,453753
10852.7,453753
10852.9,453753
10852.7,453753
10852.9,453753
10852.4,453753
10852.1,453753
10852.2,453753
10852.3,453753
10851.9,453753
10852.9,453753
10852.6,453753
10852.9,453753
10852.6,453753
10853,453753
10852.7,453753
10853,453753
10852.3,453753
10852.7,453753
10852.9,453753
10852.6,453753
10852.7,453753
10852.5,453753
10852.5,453753
10852.2,453753
10852.4,453753
10852.4,453753
10852.5,453753
10852.2,453753
10852.9,453753
10852.8,453753
10853.1,453753
10853,453753
10852.3,453753
10852.6,453753
10852,453753
10852.4,453753
10852.4,453753
10852.4,453753
10852.5,453753
10852.8,453753
10851.9,453753
10852.2,453753
10852.8,453753
10852.3,453753
10853,453753
10852.5,453753
10851.8,453753
10852.3,453753
10852.2,453753
10852.6,453753
10852.6,453753
10852.7,453753
10852.9,453753
10852.6,453753
10852.6,453753
10852.4,453753
10852.8,453753
10852.6,453753
10852.7,453753
10851.9,453753
10852.7,453753
10852.6,453753
10853.2,453753
10853,453753
10852.8,453753
10852.6,453753
10852.9,453753
10853.1,453753
10853,453753
10852.6,453753
10852.9,453753
10852.9,453753
10853.1,453753
10853,453753
10853.4,453753
10853,453753
10852.7,453753
10852.8,453753
10852.6,453753
10852.7,453753
10852,453753
10853.2,453753
10851.3,453753
10852.6,453753
10852.4,453753
10852.6,453753
10852.6,453753
10852.8,453753
10852.6,453753
10852,453753
10852.7,453753
10852.5,453753
10852.3,453753
10852.4,453753
10852.2,453753
10852.9,453753
10852.7,453753
10852.9,453753
10853,453753
10852.4,453753
10852.6,453753
10852.2,453753
10852.1,453753
10851.8,453753
10851.9,453753
10852.6,453753
10852.1,453753
10852.6,453753
10852.7,453753
10853,453753
10852.7,453753
10852.2,453753
10852.8,453753
10852.5,453753
10852.3,453753
10852.2,453753
10852.5,453753
10852.2,453753
10852.6,453753
10852.5,453753
10852.6,453753
10852.7,453753
10852.8,453753
10852.5,453753
10852.2,453753
10852.6,453753
10852.7,453753
10852.4,453753
10852.5,453753
10852.2,453753
10852,453753
10852.5,453753
10852.7,453753
10851.8,453753
10852.6,453753
10852.6,453753
10852.4,453753
10852.8,453753
10852.6,453753
10852.7,453753
10852.9,453753
10852.8,453753
10853.3,453753
10852.7,453753
10853.1,453753
10853.1,453753
10852.7,453753
10852.3,453753
10852.7,453753
10852.8,453753
10852.9,453753
10853,453753
10853.2,453753
10853.2,453753
10853.2,453753
10852.6,453753
10852.4,453753
10852.5,453753
10853.1,453753
10852.6,453753
10853,453753
10852.7,453753
10853,453753
10852.3,453753
10853,453753
10852.6,453753
10852.5,453753
10852,453753
10852.5,453753
10852.4,453753
10850.1,453753
10850.6,453753
10852.4,453753
10852.3,453753
10852.6,453753
10853.1,453753
10852.8,453753
10852.6,453753
10852.7,453753
10852.5,453753
10853,453753
10852.7,453753
10851.5,453753
10852,453753
10851.3,453753
10851.6,453753
10852.2,453753
10852.9,453753
10852.5,453753
10852.4,453753
10852.7,453753
10852.9,453753
10852.5,453753
10852.7,453753
10852.7,453753
10852.3,453753
10852.3,453753
10852.5,453753
10852.3,453753
10852.7,453753
10852.5,453753
10852.9,453753
10852.5,453753
10852.3,453753
10852.3,453753
10851.5,453753
10851.6,453753
10851.7,453753
10852.5,453753
10853.2,453753
10853.1,453753
10852.2,453753
10852.4,453753
10852.6,453753
10852.4,453753
10852.7,453753
10852.9,453753
10852.7,453753
10852.8,453753
10853.2,453753
10852.7,453753
10852.5,453753
10853.2,453753
10852.8,453753
10852.4,453753
10852.5,453753
10852.6,453753
10852,453753
10853,453753
10852.3,453753
10852.5,453753
10852.9,453753
10853.1,453753
10853.1,453753
10852.6,453753
10852.8,453753
10853,453753
10852.3,453753
10852.4,453753
10851.9,453753
10852.7,453753
10852.2,453753
10852.6,453753
10852.4,453753
10852.7,453753
10852.8,453753
10852.6,453753
10852.4,453753
10852.8,453753
10853.2,453753
10852.7,453753
10851.2,453753
10852.6,453753
10852.3,453753
10852.5,453753
10853,453753
10851.5,453753
10853,453753
10853.2,453753
10852.4,453753
10851.8,453753
10852.9,453753
10852.3,453753
10852.7,453753
10852.8,453753
10853,453753
10852.8,453753
10852.5,453753
10852.3,453753
10852.6,453753
10852.5,453753
10852.5,453753
10853.1,453753
10852.5,453753
10852.8,453753
10852.9,453753
10852.4,453753
10852.3,453753
10853.1,453753
10853,453753
10852.9,453753
10853.1,453753
10852.6,453753
10852.6,453753
10852.9,453753
10852.9,453753
10851.9,453753
10853.1,453753
10852.8,453753
10853,453753
10852.3,453753
10852.6,453753
10852.4,453753
10852.9,453753
10852.7,453753
10853,453753
10852.4,453753
10852.6,453753
10852.5,453753
10853,453753
10852.9,453753
10853,453753
10851.8,453753
10851.6,453753
10852.6,453753
10852.9,453753
10852.6,453753
10852.2,453753
10852.7,453753
10852.7,453753
10852.7,453753
10852.3,453753
10852.4,453753
10853,453753
10852.8,453753
10852.4,453753
10852.6,453753
10852.2,453753
10852.8,453753
10851.1,453753
10853,453753
10852.6,453753
10852.5,453753
10852.8,453753
10852.8,453753
10853.1,453753
10852.5,453753
10852.8,453753
10852.5,453753
10852.6,453753
10852.7,453753
10852.1,453753
10851.9,453753
10853.1,453753
10852.5,453753
10852.8,453753
10852.4,453753
10852.3,453753
10850.3,453753
10852.8,453753
10852.5,453753
10852.4,453753
10852.7,453753
10853.2,453753
10853.1,453753
10852.5,453753
10852.7,453753
10852.5,453753
10852.7,453753
10852.6,453753
10852.8,453753
10852.7,453753
10852.8,453753
10852.8,453753
10853.1,453753
10853,453753
10853,453753
10852.7,453753
10853,453753
10852.6,453753
10852.7,453753
10852.1,453753
10852.4,453753
10852.7,453753
10852.6,453753
10852.1,453753
10852.1,453753
10851.9,453753
10852.3,453753
10851.1,453753
10852.3,453753
10852.1,453753
10852.6,453753
10852.2,453753
10852.5,453753
10851.8,453753
10852.1,453753
10852.3,453753
10852.5,453753
10853.1,453753
10852.5,453753
10852.5,453753
10852.9,453753
10852.2,453753
10852.6,453753
10852.6,453753
10851.5,453753
10852.1,453753
10852.5,453753
10853.2,453753
10852.7,453753
10852.4,453753
10852.4,453753
10852.6,453753
10852.2,453753
10852.3,453753
10852.9,453753
10852.5,453753
10852.6,453753
10852.8,453753
10852.6,453753
10852.4,453753
10852.9,453753
10852.7,453753
10852.7,453753
10852.6,453753
10852.7,453753
10852.7,453753
10852.5,453753
10852.4,453753
10851.9,453753
10852.6,453753
10852.8,453753
10852.9,453753
10853.3,453753
10852.9,453753
10852.4,453753
10852.5,453753
10852.5,453753
10852.5,453753
10852.9,453753
10851.5,453753
10852.5,453753
10853.1,453753
10852.4,453753
10852.5,453753
10852.6,453753
10852.1,453753
10852.4,453753
10852.5,453753
10852.4,453753
10850.7,453753
10852.7,453753
10852.6,453753
10852.8,453753
10852.5,453753
10852.8,453753
10852.5,453753
10852.1,453753
10852.6,453753
10852.5,453753
10852,453753
10852.2,453753
10853.2,453753
10852.4,453753
10852.8,453753
10852.1,453753
10852.5,453753
10852.8,453753
10852.3,453753
10853.1,453753
10853.3,453753
10852.4,453753
10853.1,453753
10852.8,453753
10852.3,453753
10852.9,453753
10852.6,453753
10852,453753
10853,453753
10853.1,453753
10853,453753
10852.4,453753
10852.1,453753
10852.8,453753
10852.6,453753
10853,453753
10852.8,453753
10851.8,453753
10849.7,453753
10849.9,453753
10852.8,453753
10852.5,453753
10852.9,453753
10852.2,453753
10852.5,453753
10852.7,453753
10852.8,453753
10852.6,453753
10852.4,453753
10852.8,453753
10852.3,453753
10852.7,453753
10851.6,453753
10853,453753
10852.4,453753
10852.5,453753
10852.9,453753
10852.3,453753
10853.1,453753
10852.9,453753
10853,453753
10852.5,453753
10852,453753
10852.7,453753
10852.5,453753
10852.6,453753
10852.8,453753
10853,453753
10852.4,453753
10852.8,453753
10853,453753
10852.5,453753
10852.6,453753
10852.2,453753
10852.6,453753
10852.7,453753
10852.7,453753
10852.8,453753
10852.5,453753
10852.6,453753
10852.7,453753
10852.5,453753
10852.9,453753
10852.8,453753
10852.2,453753
10852.5,453753
10852.6,453753
10852.7,453753
10853,453753
10852.6,453753
10852.8,453753
10852.6,453753
10852.7,453753
10852.4,453753
10852.4,453753
10852.4,453753
10852.4,453753
10852.9,453753
10852.4,453753
10852,453753
10851.6,453753
10852.6,453753
10852.9,453753
10852.3,453753
10852.6,453753
10852.9,453753
10852.5,453753
10852.6,453753
10852.7,453753
10852.7,453753
10852.4,453753
10852.5,453753
10852.1,453753
10852.8,453753
10852.3,453753
10852.4,453753
10853.2,453753
10852.7,453753
10852.5,453753
10852.9,453753
10853.1,453753
10852.7,453753
10852.3,453753
10852.7,453753
10852.8,453753
10852.8,453753
10852.7,453753
10853.3,453753
10852.9,453753
10852.6,453753
10852.5,453753
10852.9,453753
10852.6,453753
10852.7,453753
10852.7,453753
10852.7,453753
10852.4,453753
10852.7,453753
10852.7,453753
10853.2,453753
10852,453753
10852.2,453753
10852.9,453753
10852.7,453753
10853,453753
10852.1,453753
10852.4,453753
10851.8,453753
10852.4,453753
10852.7,453753
10852.9,453753
10852.6,453753
10852.7,453753
10852.9,453753
10852.5,453753
10852.9,453753
10852.6,453753
10852.5,453753
10851,453753
10852.4,453753
10852.7,453753
10852.6,453753
10852.7,453753
10852.6,453753
10852.6,453753
10853.2,453753
10852.7,453753
10852.1,453753
10852,453753
10852.1,453753
10852.6,453753
10852.9,453753
10853.2,453753
10852.2,453753
10853,453753
10852.7,453753
10852.8,453753
10852.4,453753
10853.3,453753
10852.5,453753
10852.9,453753
10851.5,453753
10852.7,453753
10852.4,453753
10852.2,453753
10852.6,453753
10852.4,453753
10852.7,453753
10852.5,453753
10852.3,453753
10852.8,453753
10852.5,453753
10853.1,453753
10852.6,453753
10852.1,453753
10852.6,453753
10853,453753
10852.5,453753
10852.7,453753
10852.8,453753
10848.7,453753
10843.6,453753
10849.9,453753
10852.5,453753
10852.5,453753
10852.4,453753
10852.7,453753
10852.1,453753
10852.8,453753
10853,453753
10852.4,453753
10852.2,453753
10852.4,453753
10852.5,453753
10852.4,453753
10852.8,453753
10852.8,453753
10852.6,453753
10853,453753
10852.2,453753
10852.9,453753
10852.6,453753
10852.7,453753
10853.1,453753
10852.6,453753
10852.5,453753
10852.4,453753
10852.9,453753
10852.4,453753
10852.9,453753
10853.2,453753
10852.4,453753
10852.7,453753
10853,453753
10853.1,453753
10852.9,453753
10852.4,453753
10853.4,453753
10853.2,453753
10852.7,453753
10852.3,453753
10852.4,453753
10852.4,453753
10852.9,453753
10852.5,453753
10852.6,453753
10851.6,453753
10852.5,453753
10852.2,453753
10852.3,453753
10852.1,453753
10852.7,453753
10852.7,453753
10852.1,453753
10852.6,453753
10853,453753
10852.4,453753
10852.5,453753
10853.2,453753
10852.7,453753
10851.8,453753
10852.2,453753
10852.8,453753
10852.1,453753
10852,453753
10852.5,453753
10852.6,453753
10852.4,453753
10852.9,453753
10852.5,453753
10853,453753
10853,453753
10853.2,453753
10852.4,453753
10852.3,453753
10852.9,453753
10852.9,453753
10852.8,453753
10852.9,453753
10852.4,453753
10852.8,453753
10853.1,453753
10852.5,453753
10852.6,453753
10852.7,453753
10852.9,453753
10852.4,453753
10852.9,453753
10852.5,453753
10852.7,453753
10852.8,453753
10852.6,453753
10852,453753
10852.5,453753
10852.5,453753
10852.9,453753
10852.6,453753
10852.8,453753
10853.2,453753
10852.9,453753
10852.4,453753
10852.3,453753
10851.9,453753
10852.4,453753
10852.7,453753
10852.9,453753
10852.1,453753
10852.9,453753
10852.9,453753
10852.9,453753
10852.7,453753
10852.9,453753
10852.9,453753
10853,453753
10852.8,453753
10852.4,453753
10852.7,453753
10852.8,453753
10852.8,453753
10852.8,453753
10853,453753
10853,453753
10852.6,453753
10852.5,453753
10852.5,453753
10852.1,453753
10852.5,453753
10852.5,453753
10852.5,453753
10852.4,453753
10852,453753
10852.6,453753
10852.7,453753
10852.6,453753
10852.3,453753
10852.4,453753
10852.6,453753
10852.4,453753
10853.1,453753
10852.5,453753
10852.8,453753
10852.7,453753
10852.7,453753
10852.7,453753
10852.8,453753
10853,453753
10852.8,453753
10852.6,453753
10853,453753
10853.4,453753
10852.8,453753
10853.1,453753
10852.7,453753
10852.6,453753
10852.8,453753
10852.4,453753
10852.9,453753
10852.1,453753
10852.2,453753
10852.8,453753
10852.6,453753
10852.8,453753
10852.8,453753
10853.1,453753
10852.4,453753
10852.3,453753
10852.4,453753
10852.4,453753
10852.4,453753
10851.7,453753
10852.5,453753
10852.6,453753
10852.5,453753
10852.7,453753
10852.8,453753
10853.1,453753
10852.8,453753
10852.9,453753
10853,453753
10852.4,453753
10852.9,453753
10852.6,453753
10852.7,453753
10852.6,453753
10852.3,453753
10852.8,453753
10852.5,453753
10852.7,453753
10852.4,453753
10852.6,453753
10852.7,453753
10852.2,453753
10852.1,453753
10852.9,453753
10852.8,453753
10852.9,453753
10852.7,453753
10852.9,453753
10852.7,453753
10852.5,453753
10851.5,453753
10851.6,453753
10852.5,453753
10852.4,453753
10852.4,453753
10853.2,453753
10852.7,453753
10852.9,453753
10852.4,453753
10852.9,453753
10852.9,453753
10852,453753
10852.3,453753
10852.7,453753
10852.9,453753
10852.6,453753
10851.8,453753
10852.9,453753
10853.1,453753
10853.1,453753
10853.1,453753
10853.1,453753
10852.2,453753
10852.8,453753
10853.2,453753
10852.9,453753
10852.9,453753
10852.3,453753
10852.4,453753
10851.1,453753
10852.3,453753
10852.8,453753
10852.6,453753
10851.9,453753
10853.1,453753
10852.7,453753
10852.4,453753
10852.6,453753
10853.1,453753
10852.6,453753
10852.7,453753
10852.6,453753
10852.9,453753
10852.6,453753
10853,453753
10853.1,453753
10853,453753
10852.8,453753
10852.5,453753
10852.8,453753
10853.1,453753
10852.7,453753
10852.6,453753
10852.9,453753
10852.7,453753
10852.9,453753
10852.4,453753
10852.7,453753
10852.5,453753
10852.4,453753
10852.6,453753
10852.9,453753
10853,453753
10852.5,453753
10852.6,453753
10852.7,453753
10853.2,453753
10852.3,453753
10853.1,453753
10852.4,453753
10853.4,453753
10852.9,453753
10853.5,453753
10852.8,453753
10852.9,453753
10852.6,453753
10852.9,453753
10852.6,453753
10853.2,453753
10852.7,453753
10852.2,453753
10852.7,453753
10853.2,453753
10852.4,453753
10852.4,453753
10851.5,453753
10852.5,453753
10852.9,453753
10852.5,453753
10852,453753
10852.2,453753
10852.3,453753
10852.1,453753
10852.2,453753
10852.8,453753
10852.8,453753
10852.6,453753
10852.7,453753
10851.7,453753
10852.5,453753
10852.6,453753
10852.3,453753
10852.9,453753
10852.3,453753
10853,453753
10852.9,453753
10852.9,453753
10852.8,453753
10853.3,453753
10852.7,453753
10852.6,453753
10853,453753
10852.8,453753
10851.8,453753
10852.3,453753
10852.9,453753
10853.1,453753
10852.4,453753
10852.4,453753
10853.4,453753
10852.5,453753
10853.2,453753
10852.8,453753
10852.7,453753
10853.3,453753
10852.8,453753
10853,453753
10852.5,453753
10852.9,453753
10853,453753
10852.7,453753
10852.8,453753
10852.9,453753
10852.8,453753
10852.5,453753
10852.7,453753
10852.4,453753
10852.6,453753
10852.9,453753
10852.6,453753
10852.4,453753
10852.7,453753
10852.4,453753
10852.7,453753
10852.6,453753
10852.1,453753
10853.1,453753
10852.3,453753
10851.3,453753
10852.7,453753
10852.7,453753
10852.7,453753
10852.5,453753
10852.4,453753
10853.1,453753
10852.9,453753
10852.3,453753
10852.9,453546
