TRACE,NSNPS_JACKKNIFE
10877.4,453753
10877.6,453753
10877.3,453753
10877.5,453753
10877.8,453753
10877.4,453753
10877.3,453753
10877.6,453753
10877.2,453753
10877.6,453753
10877.3,453753
10877,453753
10877.5,453753
10877.1,453753
10877.2,453753
10876.7,453753
10877.1,453753
10876.9,453753
10877.2,453753
10876.9,453753
10877.2,453753
10877.4,453753
10877.3,453753
10877.2,453753
10877.2,453753
10876.7,453753
10877.3,453753
10876.8,453753
10877.5,453753
10876.9,453753
10877,453753
10877.2,453753
10877.5,453753
10877.5,453753
10877.5,453753
10877.4,453753
10877.2,453753
10876.9,453753
10877.5,453753
10877.7,453753
10877.2,453753
10877.6,453753
10876.9,453753
10876.3,453753
10876.7,453753
10877.8,453753
10877.4,453753
10877.9,453753
10877.3,453753
10877.3,453753
10877.3,453753
10877.4,453753
10877.2,453753
10876.9,453753
10876.9,453753
10877.4,453753
10876.9,453753
10876.8,453753
10877.2,453753
10877.1,453753
10877.3,453753
10877.4,453753
10877.3,453753
10877.3,453753
10877.2,453753
10877.8,453753
10877.3,453753
10876.9,453753
10877.2,453753
10877.6,453753
10876.8,453753
10876.9,453753
10877.3,453753
10877.5,453753
10877.2,453753
10877.5,453753
10877.2,453753
10877.3,453753
10877.6,453753
10876.9,453753
10876.5,453753
10877.6,453753
10877.4,453753
10877.6,453753
10877.2,453753
10877.5,453753
10877.6,453753
10877.6,453753
10877.7,453753
10877.5,453753
10877.1,453753
10876.4,453753
10877.4,453753
10876.2,453753
10877.2,453753
10877.2,453753
10877.2,453753
10876.9,453753
10877.1,453753
10877.3,453753
10877.7,453753
10877.4,453753
10877,453753
10877.4,453753
10877.3,453753
10876.9,453753
10877.4,453753
10877,453753
10877.8,453753
10877.4,453753
10877.3,453753
10877.3,453753
10877.1,453753
10877.4,453753
10876.6,453753
10877.6,453753
10877,453753
10877.1,453753
10877.1,453753
10876.8,453753
10877.5,453753
10877.4,453753
10877.3,453753
10877.5,453753
10877.1,453753
10877.3,453753
10877.2,453753
10877.2,453753
10877,453753
10877.3,453753
10877.2,453753
10877.1,453753
10877.1,453753
10877.6,453753
10876.6,453753
10877,453753
10876.7,453753
10877.4,453753
10877.1,453753
10877.7,453753
10876.9,453753
10877,453753
10877.5,453753
10876.6,453753
10877.1,453753
10876.6,453753
10877.3,453753
10876.8,453753
10877.3,453753
10877,453753
10877.3,453753
10877.6,453753
10877.2,453753
10876.9,453753
10877.9,453753
10877.4,453753
10877.4,453753
10877.4,453753
10877.6,453753
10877.5,453753
10877.9,453753
10877.5,453753
10877.4,453753
10877.4,453753
10877.6,453753
10877.4,453753
10877.3,453753
10877.6,453753
10877.3,453753
10877.7,453753
10877.2,453753
10877.2,453753
10877.3,453753
10877.1,453753
10877.3,453753
10876.6,453753
10877.1,453753
10877.1,453753
10877.4,453753
10877.4,453753
10877.1,453753
10875.3,453753
10875.4,453753
10877.4,453753
10876.7,453753
10877.6,453753
10877.7,453753
10877.2,453753
10877.1,453753
10877.7,453753
10877.6,453753
10877.5,453753
10877,453753
10876.8,453753
10876.9,453753
10877.1,453753
10876.8,453753
10876.7,453753
10877.4,453753
10877.1,453753
10877.3,453753
10876.9,453753
10877.6,453753
10877.1,453753
10877.4,453753
10876.9,453753
10876.9,453753
10877.2,453753
10877.3,453753
10877.1,453753
10877.2,453753
10877.6,453753
10876.9,453753
10877.1,453753
10877.2,453753
10877.4,453753
10876.5,453753
10877,453753
10877.2,453753
10876.9,453753
10877.7,453753
10877.6,453753
10877.4,453753
10877,453753
10877.3,453753
10877,453753
10877.5,453753
10877.2,453753
10877.2,453753
10877.4,453753
10877.2,453753
10877.4,453753
10877.9,453753
10877.5,453753
10878.1,453753
10877.2,453753
10876.7,453753
10877,453753
10877.4,453753
10877.3,453753
10877.3,453753
10877.4,453753
10877.3,453753
10877.2,453753
10877.4,453753
10877.5,453753
10877.3,453753
10876.9,453753
10876.7,453753
10876.9,453753
10876.4,453753
10877.6,453753
10877.1,453753
10877.8,453753
10877.5,453753
10877.5,453753
10876.9,453753
10877.5,453753
10877.4,453753
10877.3,453753
10877.5,453753
10877,453753
10876.9,453753
10876.9,453753
10877.4,453753
10876.5,453753
10877.2,453753
10876.8,453753
10877.5,453753
10877.2,453753
10877.4,453753
10877.1,453753
10877.5,453753
10877.3,453753
10877.4,453753
10877.4,453753
10877.6,453753
10877.5,453753
10877.5,453753
10876.5,453753
10876.7,453753
10877.4,453753
10877.5,453753
10877.2,453753
10877.4,453753
10877,453753
10877.2,453753
10876.9,453753
10877.2,453753
10877.6,453753
10877.4,453753
10877.5,453753
10877.4,453753
10877.3,453753
10877.4,453753
10877.5,453753
10877.4,453753
10877.5,453753
10877.7,453753
10878,453753
10877.6,453753
10877.1,453753
10878.1,453753
10876.9,453753
10877.6,453753
10877.7,453753
10877.2,453753
10877.4,453753
10877,453753
10877.3,453753
10877.4,453753
10876.8,453753
10877.8,453753
10876.7,453753
10876.5,453753
10877,453753
10877.4,453753
10877.3,453753
10876.3,453753
10877,453753
10877.1,453753
10877.5,453753
10876.8,453753
10877.1,453753
10877,453753
10876.7,453753
10877.1,453753
10877.1,453753
10877.5,453753
10876.8,453753
10876.2,453753
10877.5,453753
10876.9,453753
10877.4,453753
10877.3,453753
10877.2,453753
10876.7,453753
10877.4,453753
10877.6,453753
10877.3,453753
10876.6,453753
10877,453753
10876.4,453753
10875.9,453753
10877,453753
10877.3,453753
10877.1,453753
10876.9,453753
10877.4,453753
10875.9,453753
10877.4,453753
10877.3,453753
10877,453753
10877.2,453753
10877.3,453753
10877.4,453753
10877.6,453753
10877.6,453753
10877.6,453753
10877.2,453753
10877.4,453753
10877.7,453753
10877.1,453753
10877.5,453753
10877.3,453753
10877.3,453753
10877,453753
10876.9,453753
10877.3,453753
10877.3,453753
10877.4,453753
10877.4,453753
10877.5,453753
10877,453753
10877,453753
10877.9,453753
10876.8,453753
10876.6,453753
10877.3,453753
10877.3,453753
10876.2,453753
10876.6,453753
10876.4,453753
10877.2,453753
10877.6,453753
10877,453753
10876.7,453753
10876.3,453753
10877.1,453753
10877.2,453753
10877,453753
10877.4,453753
10877,453753
10877.1,453753
10877.4,453753
10877.3,453753
10877.1,453753
10876,453753
10876.7,453753
10877.1,453753
10877.4,453753
10877.1,453753
10877.1,453753
10876.8,453753
10877.8,453753
10876.4,453753
10877.4,453753
10877.2,453753
10877.4,453753
10877.5,453753
10877.9,453753
10877.3,453753
10877.7,453753
10877.4,453753
10877.3,453753
10877.7,453753
10876.8,453753
10877,453753
10876.5,453753
10877.1,453753
10877,453753
10877.5,453753
10877.5,453753
10877.4,453753
10877,453753
10877.6,453753
10877.7,453753
10877.4,453753
10876.6,453753
10877.3,453753
10877.5,453753
10877.1,453753
10876.6,453753
10877.1,453753
10877.3,453753
10877.3,453753
10877.3,453753
10877.3,453753
10877.2,453753
10877.2,453753
10877.1,453753
10876.4,453753
10876.5,453753
10877.3,453753
10877.5,453753
10877.2,453753
10877.3,453753
10877.5,453753
10876.9,453753
10877.5,453753
10877.1,453753
10877.5,453753
10876.9,453753
10876.5,453753
10877.7,453753
10876.8,453753
10877.1,453753
10877.3,453753
10877.4,453753
10876.5,453753
10876.5,453753
10877.1,453753
10877.6,453753
10876.5,453753
10877.6,453753
10877.4,453753
10877.5,453753
10877,453753
10877.6,453753
10877,453753
10877.7,453753
10877.8,453753
10877.1,453753
10877.2,453753
10877.3,453753
10877.4,453753
10877.2,453753
10877.2,453753
10877.9,453753
10876.1,453753
10874.2,453753
10874.4,453753
10877.2,453753
10877.7,453753
10877.4,453753
10877.2,453753
10877.6,453753
10877.5,453753
10877.3,453753
10877.3,453753
10877.5,453753
10877.2,453753
10877.1,453753
10876.9,453753
10876.7,453753
10876.7,453753
10877,453753
10877.7,453753
10877.5,453753
10877.5,453753
10877.5,453753
10877.4,453753
10877.4,453753
10877,453753
10877,453753
10876.9,453753
10876.3,453753
10876.8,453753
10877.1,453753
10877.6,453753
10877.1,453753
10877.3,453753
10877.5,453753
10876.5,453753
10876.8,453753
10877.2,453753
10877.6,453753
10877.3,453753
10877.5,453753
10877.4,453753
10877.3,453753
10877.5,453753
10876.9,453753
10877.4,453753
10877.5,453753
10877.9,453753
10877.4,453753
10876.9,453753
10877.6,453753
10877.8,453753
10877.4,453753
10877.3,453753
10877.6,453753
10877.3,453753
10877.3,453753
10877,453753
10877.7,453753
10877.3,453753
10877.2,453753
10877.3,453753
10877.1,453753
10876.3,453753
10876.3,453753
10877.1,453753
10877.4,453753
10877.2,453753
10877,453753
10877.1,453753
10877.2,453753
10877,453753
10877.8,453753
10877.5,453753
10877.1,453753
10876.8,453753
10877.1,453753
10877.3,453753
10877.3,453753
10876.8,453753
10877.5,453753
10877.3,453753
10876.7,453753
10876.8,453753
10877.3,453753
10877.3,453753
10877.2,453753
10877.2,453753
10877.1,453753
10877.6,453753
10877.3,453753
10876.9,453753
10877.6,453753
10877.3,453753
10877.2,453753
10877.2,453753
10877.3,453753
10877.6,453753
10877.5,453753
10877.2,453753
10877.4,453753
10877.4,453753
10877.6,453753
10876.9,453753
10877.1,453753
10876.9,453753
10877.1,453753
10877,453753
10877.2,453753
10876.9,453753
10876.6,453753
10876.4,453753
10876.7,453753
10877.7,453753
10877.5,453753
10876.9,453753
10877.5,453753
10876.9,453753
10877.4,453753
10876.4,453753
10877.2,453753
10877,453753
10876.3,453753
10877.1,453753
10877.5,453753
10877.1,453753
10876.9,453753
10876.9,453753
10877.3,453753
10877.5,453753
10877.5,453753
10876.1,453753
10876.9,453753
10877.4,453753
10877,453753
10877.2,453753
10877.4,453753
10877.3,453753
10877.6,453753
10877.2,453753
10877.3,453753
10877.6,453753
10877.5,453753
10877.8,453753
10877.2,453753
10876.4,453753
10878,453753
10876.9,453753
10876.6,453753
10877,453753
10876.9,453753
10877.5,453753
10876.8,453753
10877.5,453753
10877.6,453753
10877.3,453753
10877.3,453753
10877.7,453753
10876.9,453753
10877.2,453753
10877,453753
10877.7,453753
10877.6,453753
10877.4,453753
10871.6,453753
10863.6,453753
10875.2,453753
10876.8,453753
10877.2,453753
10876.6,453753
10877.3,453753
10876.8,453753
10877.2,453753
10876.9,453753
10877.1,453753
10876.5,453753
10876.7,453753
10876.9,453753
10877.4,453753
10877.8,453753
10877,453753
10877.2,453753
10877.2,453753
10877.2,453753
10877.5,453753
10877.1,453753
10877.4,453753
10877.4,453753
10877.7,453753
10877.6,453753
10877.2,453753
10877.3,453753
10877.2,453753
10877.2,453753
10877.8,453753
10877.6,453753
10877.6,453753
10877.2,453753
10877.5,453753
10877.6,453753
10877.3,453753
10877,453753
10877.5,453753
10877,453753
10877.4,453753
10877.5,453753
10877.4,453753
10877.6,453753
10877.2,453753
10877,453753
10875.3,453753
10876.2,453753
10877.2,453753
10876.6,453753
10876.8,453753
10877.3,453753
10877.3,453753
10877,453753
10877.2,453753
10876.9,453753
10877.1,453753
10877.3,453753
10877.2,453753
10877.1,453753
10876.7,453753
10877.3,453753
10877.5,453753
10877.1,453753
10876.9,453753
10877.2,453753
10877.2,453753
10877.3,453753
10877.5,453753
10877.7,453753
10876.9,453753
10877.6,453753
10877.8,453753
10877.5,453753
10876.7,453753
10877.4,453753
10877.3,453753
10877.5,453753
10877.5,453753
10877.3,453753
10877.3,453753
10877.7,453753
10877.2,453753
10877.6,453753
10877.6,453753
10877.6,453753
10877.6,453753
10877.4,453753
10877.3,453753
10877,453753
10876.7,453753
10876.9,453753
10877.4,453753
10877.2,453753
10876.2,453753
10877,453753
10877,453753
10877.2,453753
10877.2,453753
10877.5,453753
10877.8,453753
10877.4,453753
10877,453753
10876.6,453753
10877.1,453753
10877.4,453753
10877.3,453753
10877.3,453753
10877.4,453753
10877.3,453753
10877.3,453753
10877.1,453753
10876.9,453753
10876.7,453753
10877.4,453753
10876.8,453753
10877,453753
10877.7,453753
10877.5,453753
10877.6,453753
10877.1,453753
10877.7,453753
10876.9,453753
10876.6,453753
10876.8,453753
10876.8,453753
10877,453753
10877.4,453753
10876.8,453753
10877.3,453753
10877.2,453753
10877.2,453753
10877.1,453753
10876.6,453753
10877.4,453753
10877.5,453753
10877.4,453753
10877.2,453753
10876.9,453753
10877.1,453753
10877.4,453753
10877.4,453753
10877.7,453753
10877.3,453753
10877.6,453753
10877.4,453753
10877.2,453753
10877.7,453753
10877.2,453753
10877.8,453753
10877.4,453753
10877.3,453753
10877.3,453753
10877.5,453753
10877,453753
10876.5,453753
10877.4,453753
10877,453753
10877.7,453753
10877.6,453753
10877.5,453753
10877.5,453753
10877.1,453753
10877.5,453753
10877.3,453753
10876.1,453753
10876.6,453753
10877.2,453753
10877.4,453753
10876.4,453753
10877.1,453753
10877.2,453753
10877.2,453753
10877.6,453753
10877.2,453753
10877.8,453753
10877.2,453753
10877.5,453753
10877.6,453753
10877,453753
10877.3,453753
10877.6,453753
10877.6,453753
10877.9,453753
10876.9,453753
10877.6,453753
10877.1,453753
10877.6,453753
10877.1,453753
10877,453753
10877.6,453753
10876.6,453753
10876.3,453753
10877.6,453753
10877.5,453753
10877.9,453753
10877.3,453753
10877,453753
10877.3,453753
10877,453753
10876.4,453753
10876.8,453753
10876.8,453753
10877.1,453753
10877.8,453753
10877.7,453753
10877.5,453753
10877.4,453753
10877.6,453753
10877.6,453753
10877.3,453753
10877.1,453753
10876.5,453753
10877.2,453753
10877.7,453753
10877.6,453753
10876.9,453753
10877.8,453753
10877.3,453753
10877.3,453753
10877.3,453753
10877.6,453753
10877.3,453753
10876.9,453753
10877.4,453753
10877.5,453753
10876.9,453753
10877,453753
10877,453753
10875.7,453753
10877.2,453753
10877.2,453753
10877.1,453753
10877.4,453753
10877.6,453753
10877.6,453753
10877.2,453753
10877.4,453753
10877.8,453753
10877.6,453753
10877.3,453753
10877.5,453753
10877.6,453753
10877.3,453753
10877.2,453753
10877.7,453753
10877.9,453753
10877.4,453753
10877.3,453753
10877.3,453753
10876.9,453753
10876.7,453753
10877,453753
10877.7,453753
10877.3,453753
10877.6,453753
10877,453753
10876.9,453753
10877.4,453753
10877.1,453753
10877.2,453753
10877.2,453753
10877.8,453753
10877.3,453753
10877.4,453753
10877.5,453753
10877.1,453753
10877.4,453753
10877.8,453753
10877.5,453753
10877.8,453753
10877.2,453753
10877.4,453753
10877.6,453753
10877.1,453753
10877.4,453753
10876.9,453753
10876.9,453753
10877.4,453753
10877.3,453753
10876.1,453753
10877.3,453753
10877.4,453753
10877.4,453753
10876.3,453753
10876.6,453753
10876.8,453753
10877,453753
10877.1,453753
10876.3,453753
10876.7,453753
10876.8,453753
10875.5,453753
10877.3,453753
10877.6,453753
10877.5,453753
10877.3,453753
10877.5,453753
10876.6,453753
10877.3,453753
10877.1,453753
10877.4,453753
10877.5,453753
10876.8,453753
10877.2,453753
10877.7,453753
10877.3,453753
10877.4,453753
10877.5,453753
10877.3,453753
10877.3,453753
10877,453753
10876.8,453753
10877.1,453753
10875.8,453753
10877.2,453753
10877.3,453753
10877.5,453753
10877.2,453753
10877.2,453753
10877.5,453753
10877.6,453753
10877.7,453753
10877.5,453753
10877.6,453753
10877.4,453753
10877.4,453753
10877.1,453753
10877.6,453753
10877.1,453753
10877.4,453753
10877.4,453753
10877.5,453753
10877.5,453753
10877,453753
10877.4,453753
10877,453753
10876.9,453753
10877.4,453753
10877.4,453753
10877.4,453753
10877,453753
10877.4,453753
10877.4,453753
10877.8,453753
10877.3,453753
10877.5,453753
10877.4,453753
10876.9,453753
10877.2,453753
10877.2,453753
10877.9,453753
10877.1,453753
10877,453753
10877.4,453753
10877.6,453753
10877.8,453753
10877,453546
