TRACE,NSNPS_JACKKNIFE
10851.8,453753
10852,453753
10851.1,453753
10851.5,453753
10851.3,453753
10851.4,453753
10851,453753
10851.6,453753
10851.2,453753
10851.5,453753
10851.5,453753
10851,453753
10851.7,453753
10851.6,453753
10851.3,453753
10851.4,453753
10851.1,453753
10850.6,453753
10850.7,453753
10850.9,453753
10851.6,453753
10851.4,453753
10851.2,453753
10851.5,453753
10851.8,453753
10851.2,453753
10851.4,453753
10850.8,453753
10851.4,453753
10851,453753
10851.6,453753
10851.6,453753
10851.6,453753
10851.1,453753
10851.8,453753
10851.5,453753
10851.1,453753
10851.3,453753
10851.5,453753
10851.4,453753
10851.9,453753
10851.6,453753
10851.2,453753
10851,453753
10851.1,453753
10850.7,453753
10851.3,453753
10851.6,453753
10851.7,453753
10851.3,453753
10851.1,453753
10851.5,453753
10851,453753
10851.5,453753
10851.3,453753
10851.2,453753
10851.5,453753
10851.1,453753
10851.3,453753
10851.4,453753
10851.2,453753
10851.4,453753
10851.7,453753
10851.3,453753
10851.2,453753
10850.7,453753
10851.4,453753
10851.2,453753
10851,453753
10850.9,453753
10850.8,453753
10851.1,453753
10851.4,453753
10851.4,453753
10851.4,453753
10851.6,453753
10851.7,453753
10851.5,453753
10851.7,453753
10851.5,453753
10851.4,453753
10851.2,453753
10851.2,453753
10851.7,453753
10851.6,453753
10851.8,453753
10851.6,453753
10851.4,453753
10851.5,453753
10851.4,453753
10851.4,453753
10851.1,453753
10851.8,453753
10850.2,453753
10851.1,453753
10851.3,453753
10851.1,453753
10851.8,453753
10851.3,453753
10851.4,453753
10851.1,453753
10851.4,453753
10851.1,453753
10851.4,453753
10851,453753
10850.9,453753
10851.6,453753
10851.4,453753
10851.6,453753
10851.3,453753
10851,453753
10851.1,453753
10851.5,453753
10851.2,453753
10850.7,453753
10850.9,453753
10851.7,453753
10851.6,453753
10851.3,453753
10850.7,453753
10851.3,453753
10851.1,453753
10851,453753
10851.5,453753
10851.6,453753
10850.8,453753
10851.2,453753
10851.7,453753
10851.9,453753
10851.2,453753
10851.5,453753
10851.7,453753
10851,453753
10851.6,453753
10851.7,453753
10851.5,453753
10851.1,453753
10851.3,453753
10851.3,453753
10850.8,453753
10851,453753
10850,453753
10851.3,453753
10851.3,453753
10851.4,453753
10851.3,453753
10851.3,453753
10851.2,453753
10851.2,453753
10851.4,453753
10851.3,453753
10851.5,453753
10851.4,453753
10851.4,453753
10851.2,453753
10851.2,453753
10851.7,453753
10850.9,453753
10851.7,453753
10851.4,453753
10851.5,453753
10851.8,453753
10851.5,453753
10851.6,453753
10851.6,453753
10851.8,453753
10851.5,453753
10851.4,453753
10851.5,453753
10851.4,453753
10851.6,453753
10851.6,453753
10851.4,453753
10851.5,453753
10851.5,453753
10851.2,453753
10851.3,453753
10851.4,453753
10851.2,453753
10851.5,453753
10851.2,453753
10850.1,453753
10850.2,453753
10851.3,453753
10851.3,453753
10851.5,453753
10851.4,453753
10851.5,453753
10851.3,453753
10851.2,453753
10851,453753
10851.2,453753
10851.3,453753
10851.2,453753
10850.6,453753
10850.3,453753
10850.4,453753
10850.9,453753
10851.2,453753
10850.9,453753
10851.4,453753
10851.4,453753
10851.9,453753
10851.6,453753
10851.2,453753
10850.9,453753
10851.4,453753
10851.5,453753
10850.6,453753
10850.6,453753
10851.3,453753
10851.5,453753
10851.2,453753
10851,453753
10850.5,453753
10851.1,453753
10850.7,453753
10851,453753
10851,453753
10851.2,453753
10851.8,453753
10851.9,453753
10851.7,453753
10851.5,453753
10850.9,453753
10851.3,453753
10851.7,453753
10851.8,453753
10851.5,453753
10851.4,453753
10851.2,453753
10850.8,453753
10851.4,453753
10851.7,453753
10851.3,453753
10851.7,453753
10851.1,453753
10851.8,453753
10851.2,453753
10851.3,453753
10851,453753
10851.4,453753
10851.6,453753
10851.6,453753
10851.2,453753
10850.6,453753
10850.6,453753
10851.2,453753
10851.6,453753
10851.4,453753
10850.4,453753
10851.1,453753
10851.5,453753
10851.2,453753
10851.3,453753
10851.2,453753
10851.4,453753
10851.3,453753
10851.2,453753
10851.1,453753
10851.7,453753
10851.1,453753
10851,453753
10851.3,453753
10851.4,453753
10851.7,453753
10851.3,453753
10849.9,453753
10851.7,453753
10851,453753
10851,453753
10851.3,453753
10851.2,453753
10851.4,453753
10851.2,453753
10851.3,453753
10851.4,453753
10851.4,453753
10851.5,453753
10850.3,453753
10850.9,453753
10850.5,453753
10851.3,453753
10851.4,453753
10851.1,453753
10851.8,453753
10851.4,453753
10851.8,453753
10851.5,453753
10851.8,453753
10851.5,453753
10851.3,453753
10851.7,453753
10851.5,453753
10851.1,453753
10851.6,453753
10851.4,453753
10851.8,453753
10851.7,453753
10851.7,453753
10851.8,453753
10851.8,453753
10851.8,453753
10851.2,453753
10851.6,453753
10851.4,453753
10851.2,453753
10851.4,453753
10850.8,453753
10851.7,453753
10851.4,453753
10851.6,453753
10850.9,453753
10851,453753
10850.5,453753
10851.2,453753
10851.1,453753
10851.2,453753
10850.9,453753
10851.2,453753
10851.3,453753
10851.4,453753
10851.3,453753
10851.2,453753
10850.9,453753
10851.2,453753
10851.6,453753
10851.1,453753
10851.2,453753
10850.9,453753
10850.6,453753
10851.1,453753
10851.7,453753
10851.6,453753
10851,453753
10851.3,453753
10851.1,453753
10851.2,453753
10851.8,453753
10851.1,453753
10851.6,453753
10851.5,453753
10850.6,453753
10850.9,453753
10851.3,453753
10851.7,453753
10851.2,453753
10851.3,453753
10851.6,453753
10849.2,453753
10851.2,453753
10851.6,453753
10851.3,453753
10851.3,453753
10851.6,453753
10851.9,453753
10851.2,453753
10851.6,453753
10851.7,453753
10851.1,453753
10851.8,453753
10851.8,453753
10851.4,453753
10851.7,453753
10851.7,453753
10851.6,453753
10850.9,453753
10851.5,453753
10851.2,453753
10851.4,453753
10851.3,453753
10851.1,453753
10851.4,453753
10851.3,453753
10851,453753
10851.4,453753
10851.4,453753
10851.2,453753
10851.1,453753
10850.9,453753
10850.1,453753
10851.4,453753
10851.9,453753
10851.8,453753
10850.8,453753
10850.7,453753
10850.8,453753
10850.8,453753
10851.6,453753
10851.7,453753
10851.2,453753
10851.3,453753
10851.2,453753
10851.2,453753
10851.2,453753
10851.1,453753
10851.1,453753
10850.1,453753
10850.8,453753
10851.6,453753
10851.5,453753
10851.1,453753
10851.5,453753
10851.4,453753
10851.5,453753
10850.7,453753
10851.4,453753
10851.5,453753
10851.5,453753
10851.5,453753
10851.6,453753
10851.4,453753
10851.2,453753
10851.7,453753
10851.9,453753
10851.8,453753
10851.2,453753
10851.5,453753
10850.7,453753
10851.3,453753
10851.4,453753
10851.1,453753
10851.3,453753
10851.2,453753
10851.9,453753
10851.7,453753
10851.5,453753
10851.8,453753
10851,453753
10851.2,453753
10851.5,453753
10851.7,453753
10850.9,453753
10851.3,453753
10851.6,453753
10851.5,453753
10851.5,453753
10851.1,453753
10851.5,453753
10851.2,453753
10851.3,453753
10850.7,453753
10849.9,453753
10851.5,453753
10851.5,453753
10851.7,453753
10851.7,453753
10851.8,453753
10851.5,453753
10851.1,453753
10851.2,453753
10851.4,453753
10850.4,453753
10850.9,453753
10851.5,453753
10851,453753
10851.5,453753
10851.3,453753
10851,453753
10851.3,453753
10850.7,453753
10850.7,453753
10852,453753
10851.7,453753
10851.8,453753
10851.5,453753
10851.5,453753
10851.5,453753
10851.5,453753
10851.6,453753
10851.7,453753
10851.7,453753
10851.5,453753
10851.2,453753
10850.7,453753
10851.6,453753
10851.3,453753
10851.2,453753
10852.3,453753
10850.3,453753
10848.9,453753
10849.1,453753
10851.1,453753
10851.6,453753
10851.5,453753
10851.5,453753
10851.1,453753
10851.1,453753
10851.9,453753
10851.3,453753
10851.8,453753
10851.3,453753
10851.3,453753
10851.6,453753
10850.9,453753
10851,453753
10851.5,453753
10851.4,453753
10851.6,453753
10851.1,453753
10851,453753
10851.1,453753
10851.6,453753
10851,453753
10851.3,453753
10851.2,453753
10851.5,453753
10851.2,453753
10851.1,453753
10851.7,453753
10851,453753
10851.3,453753
10851.8,453753
10851.1,453753
10851.1,453753
10851.3,453753
10851,453753
10851.7,453753
10851.4,453753
10851.4,453753
10851.1,453753
10851.4,453753
10851.6,453753
10851.5,453753
10851.5,453753
10851.3,453753
10850.8,453753
10851.2,453753
10851.8,453753
10851.6,453753
10851.4,453753
10851.7,453753
10851.5,453753
10851.9,453753
10851.7,453753
10851.2,453753
10851.1,453753
10851.1,453753
10851.1,453753
10851.4,453753
10851.3,453753
10850.9,453753
10850.6,453753
10851.5,453753
10851.1,453753
10851.3,453753
10851.6,453753
10851.5,453753
10851.5,453753
10851.3,453753
10851.5,453753
10851.5,453753
10851.4,453753
10850.6,453753
10850.7,453753
10851.2,453753
10851.1,453753
10850.6,453753
10851.1,453753
10851.7,453753
10850.6,453753
10851.4,453753
10851.5,453753
10851.5,453753
10851.3,453753
10850.7,453753
10851.8,453753
10851.7,453753
10851.1,453753
10851,453753
10851.8,453753
10851.2,453753
10851.1,453753
10851.5,453753
10851.4,453753
10851.7,453753
10851.4,453753
10851.4,453753
10851.4,453753
10851.9,453753
10851.6,453753
10851.6,453753
10851.7,453753
10851.4,453753
10851.6,453753
10851.1,453753
10851.5,453753
10851.2,453753
10851.1,453753
10850.6,453753
10851.2,453753
10851.3,453753
10851.5,453753
10851.1,453753
10851.4,453753
10851.1,453753
10851.4,453753
10851.6,453753
10851.3,453753
10851.1,453753
10850.6,453753
10851.9,453753
10851.6,453753
10850.7,453753
10851.3,453753
10850.9,453753
10851.1,453753
10851.2,453753
10851.6,453753
10851.3,453753
10851.8,453753
10851.2,453753
10851.3,453753
10851.9,453753
10851.5,453753
10851.1,453753
10851.6,453753
10851.6,453753
10851.3,453753
10851.6,453753
10851.7,453753
10851.8,453753
10851.5,453753
10850.6,453753
10851.6,453753
10850.9,453753
10850.6,453753
10850.9,453753
10851.6,453753
10851.4,453753
10851.2,453753
10851.2,453753
10851.7,453753
10851.5,453753
10851.5,453753
10851.2,453753
10851.2,453753
10851.6,453753
10851.4,453753
10851.4,453753
10851.6,453753
10851.7,453753
10848.2,453753
10841.8,453753
10849.5,453753
10850.7,453753
10850.9,453753
10850.9,453753
10851.8,453753
10851.1,453753
10851.8,453753
10851,453753
10851.3,453753
10850.2,453753
10851.3,453753
10851.5,453753
10851.3,453753
10851.3,453753
10851.1,453753
10851.3,453753
10851.1,453753
10851.3,453753
10851.4,453753
10851.1,453753
10851.7,453753
10851.4,453753
10851.6,453753
10850.8,453753
10850.9,453753
10851.2,453753
10851.4,453753
10851.6,453753
10851.4,453753
10851.3,453753
10851.1,453753
10851.3,453753
10851.6,453753
10851.2,453753
10851.2,453753
10851.4,453753
10851.2,453753
10851.5,453753
10851.3,453753
10851.7,453753
10851.7,453753
10851.7,453753
10851.5,453753
10850.7,453753
10849.2,453753
10850.9,453753
10851,453753
10851,453753
10851.3,453753
10851,453753
10851.1,453753
10851.2,453753
10851.1,453753
10851.4,453753
10851.5,453753
10851.6,453753
10851.6,453753
10851.2,453753
10851,453753
10851,453753
10851.8,453753
10851.4,453753
10851.6,453753
10851.2,453753
10851.4,453753
10851.3,453753
10851.6,453753
10850.8,453753
10851.3,453753
10851.7,453753
10851.3,453753
10851.2,453753
10850.8,453753
10851.4,453753
10851.9,453753
10851.5,453753
10851.5,453753
10851.3,453753
10850.5,453753
10851.6,453753
10851.1,453753
10851.1,453753
10851.4,453753
10851.5,453753
10851.6,453753
10852.1,453753
10851.6,453753
10851.7,453753
10851.8,453753
10851.3,453753
10851.5,453753
10851.6,453753
10850.9,453753
10851.1,453753
10851,453753
10851.4,453753
10851.5,453753
10851.5,453753
10851.2,453753
10851.6,453753
10851.4,453753
10850.7,453753
10851.4,453753
10852.1,453753
10851.6,453753
10851.8,453753
10851.6,453753
10851.6,453753
10851.3,453753
10851.8,453753
10851.6,453753
10851.4,453753
10851.4,453753
10851.2,453753
10851.5,453753
10851.6,453753
10851.7,453753
10851.1,453753
10851.9,453753
10851,453753
10851.4,453753
10851.1,453753
10851.4,453753
10851.5,453753
10851.6,453753
10851.7,453753
10851.2,453753
10851.6,453753
10851.2,453753
10851.8,453753
10850.9,453753
10851,453753
10851,453753
10851.1,453753
10851.4,453753
10850.9,453753
10851,453753
10851.3,453753
10851.4,453753
10851.5,453753
10851.6,453753
10851.6,453753
10851.9,453753
10851.7,453753
10851.6,453753
10850.9,453753
10851.2,453753
10851.4,453753
10851.6,453753
10851.5,453753
10852,453753
10851.5,453753
10851.5,453753
10850.7,453753
10851.6,453753
10850.6,453753
10851.3,453753
10851.5,453753
10851.7,453753
10851.2,453753
10850.8,453753
10851.4,453753
10851.3,453753
10851.4,453753
10850.7,453753
10851.3,453753
10851.4,453753
10850.7,453753
10851.7,453753
10851.9,453753
10851.1,453753
10851.5,453753
10851.7,453753
10851.8,453753
10851.4,453753
10851.3,453753
10851.4,453753
10851.1,453753
10851.6,453753
10851.8,453753
10851.3,453753
10851.3,453753
10851.2,453753
10851.3,453753
10851.7,453753
10851.6,453753
10851.3,453753
10851,453753
10851.4,453753
10851.1,453753
10850.8,453753
10851.4,453753
10851.4,453753
10851.5,453753
10851.2,453753
10851.4,453753
10851.2,453753
10851.6,453753
10851,453753
10850.8,453753
10850.8,453753
10851.6,453753
10851.6,453753
10851.7,453753
10851.6,453753
10851.4,453753
10851.4,453753
10852,453753
10851.5,453753
10851,453753
10851.1,453753
10851.9,453753
10851.6,453753
10851.6,453753
10851.8,453753
10851.7,453753
10851.7,453753
10851.5,453753
10851.4,453753
10851.1,453753
10851.5,453753
10851.2,453753
10851.5,453753
10851.2,453753
10851.5,453753
10850.8,453753
10850.9,453753
10850.1,453753
10851.3,453753
10851.5,453753
10851.2,453753
10851,453753
10851.7,453753
10851.5,453753
10851,453753
10851,453753
10851.4,453753
10851.5,453753
10851.3,453753
10851,453753
10851.1,453753
10851.1,453753
10851.3,453753
10851.4,453753
10851.8,453753
10851.7,453753
10851.6,453753
10851.7,453753
10851.5,453753
10851.3,453753
10851.2,453753
10851.6,453753
10851.5,453753
10851.1,453753
10851.2,453753
10851.4,453753
10850.3,453753
10851,453753
10851.5,453753
10851.6,453753
10850.9,453753
10851.5,453753
10851.3,453753
10851.5,453753
10851.2,453753
10851.2,453753
10851.6,453753
10851.2,453753
10851.5,453753
10851.7,453753
10851.8,453753
10851.5,453753
10851.3,453753
10851.7,453753
10851.7,453753
10851.1,453753
10851,453753
10851.4,453753
10850.8,453753
10851.4,453753
10851.5,453753
10851.6,453753
10850.8,453753
10850.5,453753
10851.4,453753
10851.6,453753
10851.6,453753
10850.3,453753
10851.1,453753
10851.7,453753
10850.5,453753
10851.2,453753
10851.6,453753
10851.7,453753
10851.1,453753
10851.5,453753
10849.9,453753
10850.6,453753
10851.2,453753
10851.4,453753
10851.6,453753
10851.3,453753
10851.3,453753
10851.4,453753
10851.3,453753
10851.8,453753
10851.4,453753
10851.1,453753
10851.1,453753
10851.1,453753
10851.5,453753
10850.6,453753
10850.4,453753
10851.6,453753
10851,453753
10851.5,453753
10851.2,453753
10851.6,453753
10851.6,453753
10851.5,453753
10851.5,453753
10851.5,453753
10851.4,453753
10851.4,453753
10851.3,453753
10851.2,453753
10851.3,453753
10851.3,453753
10850.8,453753
10851.4,453753
10851.5,453753
10851.8,453753
10851.1,453753
10851.1,453753
10851.7,453753
10851.6,453753
10851.7,453753
10851.9,453753
10851.5,453753
10852,453753
10851,453753
10851.8,453753
10851.4,453753
10851.5,453753
10851.3,453753
10850.9,453753
10851,453753
10850.8,453753
10851.5,453753
10851.3,453753
10851.7,453753
10851.1,453753
10851.5,453753
10851.2,453753
10851.6,453753
10851.5,453546
