TRACE,NSNPS_JACKKNIFE
10898.1,453753
10898.4,453753
10897.6,453753
10898,453753
10898.1,453753
10898.6,453753
10898,453753
10897.2,453753
10897.9,453753
10898.2,453753
10898.2,453753
10898.1,453753
10897.7,453753
10897.5,453753
10897.6,453753
10898.2,453753
10897.8,453753
10897.6,453753
10897.6,453753
10897.6,453753
10898.5,453753
10898,453753
10897.9,453753
10897.7,453753
10897.8,453753
10897.7,453753
10897.7,453753
10897.4,453753
10898.4,453753
10897.8,453753
10897.9,453753
10898.1,453753
10898.1,453753
10897.7,453753
10897.9,453753
10898,453753
10898.4,453753
10897.8,453753
10898.3,453753
10898,453753
10897.8,453753
10897.8,453753
10897.5,453753
10897.8,453753
10897.5,453753
10897.8,453753
10897.9,453753
10897.9,453753
10897.8,453753
10898.2,453753
10897.9,453753
10897.5,453753
10897.3,453753
10897.9,453753
10897.2,453753
10897.7,453753
10897.9,453753
10897.8,453753
10897.8,453753
10897.7,453753
10898,453753
10897.7,453753
10898.4,453753
10898.1,453753
10897.9,453753
10898.4,453753
10898.2,453753
10898.3,453753
10897.9,453753
10898.1,453753
10897.9,453753
10897.8,453753
10897.9,453753
10898.4,453753
10898.2,453753
10898.5,453753
10898,453753
10898.3,453753
10898.2,453753
10898.5,453753
10898.1,453753
10897.8,453753
10898.3,453753
10897.8,453753
10898.2,453753
10898.3,453753
10897.8,453753
10898.3,453753
10898.1,453753
10897.9,453753
10898.4,453753
10897.7,453753
10897.7,453753
10896.9,453753
10898.2,453753
10897.4,453753
10897.7,453753
10897.9,453753
10897.7,453753
10897.6,453753
10897.7,453753
10898.7,453753
10897.6,453753
10897.8,453753
10898.1,453753
10898.4,453753
10898.2,453753
10898.2,453753
10897.7,453753
10897.7,453753
10898,453753
10897.8,453753
10897.9,453753
10897.7,453753
10897.6,453753
10897.4,453753
10898,453753
10898.3,453753
10897.3,453753
10898,453753
10897.5,453753
10897.5,453753
10897.8,453753
10898.1,453753
10897.9,453753
10897.8,453753
10898.4,453753
10898.1,453753
10898.3,453753
10898,453753
10897.4,453753
10898.2,453753
10898.1,453753
10898,453753
10897.6,453753
10897.9,453753
10898.5,453753
10898.2,453753
10897.7,453753
10897.7,453753
10897.4,453753
10897.4,453753
10898.5,453753
10898,453753
10897.2,453753
10897.6,453753
10897.7,453753
10898.7,453753
10898.1,453753
10897.7,453753
10898.1,453753
10898.1,453753
10898.1,453753
10897.8,453753
10898,453753
10898.1,453753
10897.9,453753
10897.5,453753
10898.1,453753
10898.2,453753
10897.5,453753
10897.6,453753
10897.9,453753
10898.3,453753
10898.3,453753
10898.1,453753
10898,453753
10898.2,453753
10898,453753
10897.7,453753
10898,453753
10898,453753
10897.9,453753
10898.2,453753
10897.9,453753
10897.7,453753
10898,453753
10898.2,453753
10898.1,453753
10897.6,453753
10897.9,453753
10896.7,453753
10896.8,453753
10898.4,453753
10897.6,453753
10898.2,453753
10898.3,453753
10897.9,453753
10898.4,453753
10898.1,453753
10898.4,453753
10897.7,453753
10897.4,453753
10897.3,453753
10897,453753
10896.9,453753
10897.7,453753
10897.5,453753
10897.8,453753
10898.1,453753
10897.8,453753
10897.6,453753
10897.9,453753
10897.7,453753
10897.9,453753
10898.2,453753
10897.5,453753
10897.6,453753
10898.1,453753
10897.8,453753
10898.1,453753
10898,453753
10898.4,453753
10897.9,453753
10897.9,453753
10897.9,453753
10897.3,453753
10897.3,453753
10897.1,453753
10897.1,453753
10898.1,453753
10898.1,453753
10897.7,453753
10898,453753
10897.2,453753
10898.7,453753
10898.1,453753
10898.3,453753
10898,453753
10898.3,453753
10898.2,453753
10897.3,453753
10898.1,453753
10898.2,453753
10898,453753
10898.2,453753
10897.8,453753
10897.5,453753
10897.5,453753
10898.3,453753
10897.7,453753
10897.3,453753
10898.2,453753
10898.2,453753
10898.2,453753
10897.6,453753
10897.8,453753
10898.3,453753
10897.9,453753
10897.6,453753
10896.7,453753
10897.9,453753
10898,453753
10897.6,453753
10898.3,453753
10898,453753
10898.1,453753
10898,453753
10898,453753
10898.2,453753
10897.8,453753
10897.8,453753
10897.5,453753
10898,453753
10898.5,453753
10897.2,453753
10897.8,453753
10896.8,453753
10898,453753
10897.7,453753
10897.7,453753
10897.3,453753
10898,453753
10897.4,453753
10898.1,453753
10897.3,453753
10897.7,453753
10898,453753
10897.3,453753
10897.2,453753
10897.7,453753
10898,453753
10898.3,453753
10897.5,453753
10897.8,453753
10897.9,453753
10898,453753
10898,453753
10898.2,453753
10897.9,453753
10897.8,453753
10898.3,453753
10898.4,453753
10898.1,453753
10898.4,453753
10897.8,453753
10898.3,453753
10897.7,453753
10897.9,453753
10898.1,453753
10898.2,453753
10898.1,453753
10898.1,453753
10898,453753
10897.9,453753
10898,453753
10898,453753
10897.8,453753
10897.9,453753
10898,453753
10897.8,453753
10897.7,453753
10897.9,453753
10897.2,453753
10896.6,453753
10897.5,453753
10897.8,453753
10897.6,453753
10897.7,453753
10897.8,453753
10898.1,453753
10898,453753
10898.3,453753
10898,453753
10897.9,453753
10898.2,453753
10897.5,453753
10898.1,453753
10897.9,453753
10898,453753
10897.6,453753
10897.9,453753
10897.6,453753
10897.8,453753
10897.9,453753
10897.9,453753
10897.4,453753
10898,453753
10897.8,453753
10897.9,453753
10897.4,453753
10897.9,453753
10896.6,453753
10897.4,453753
10898,453753
10898.1,453753
10898.3,453753
10897.7,453753
10897.9,453753
10896.7,453753
10898.2,453753
10897.7,453753
10898.1,453753
10898.5,453753
10898.2,453753
10898.4,453753
10898.4,453753
10898,453753
10898.1,453753
10898.3,453753
10898,453753
10898.4,453753
10898.2,453753
10898.2,453753
10897.6,453753
10898.2,453753
10897.5,453753
10898,453753
10897.9,453753
10898.1,453753
10897.9,453753
10898.4,453753
10897.7,453753
10898.1,453753
10898.1,453753
10897.9,453753
10897.7,453753
10896.9,453753
10897.6,453753
10897.8,453753
10897,453753
10898,453753
10897.8,453753
10897.9,453753
10897.4,453753
10897.2,453753
10897.6,453753
10897,453753
10897.4,453753
10898.3,453753
10898.2,453753
10898.4,453753
10898.2,453753
10897.3,453753
10897.9,453753
10897.6,453753
10897.5,453753
10898,453753
10898.1,453753
10898.1,453753
10897.6,453753
10897.7,453753
10897.8,453753
10897.6,453753
10898.4,453753
10897,453753
10897.5,453753
10898,453753
10897.7,453753
10898,453753
10897.7,453753
10898.5,453753
10897.9,453753
10898.3,453753
10897.9,453753
10898,453753
10898.1,453753
10898.2,453753
10897.3,453753
10897.5,453753
10897.5,453753
10897.8,453753
10898.1,453753
10898.1,453753
10897.8,453753
10898.1,453753
10898,453753
10897.6,453753
10897.8,453753
10897.7,453753
10898.4,453753
10897.8,453753
10896.8,453753
10897.7,453753
10897.7,453753
10898.2,453753
10897.9,453753
10898.1,453753
10897.5,453753
10898.2,453753
10898,453753
10897.6,453753
10896.6,453753
10897.7,453753
10897.9,453753
10898,453753
10897.8,453753
10898,453753
10898.5,453753
10898,453753
10898.2,453753
10897.7,453753
10897.4,453753
10897.1,453753
10898.5,453753
10897.8,453753
10898.1,453753
10898.4,453753
10897.4,453753
10897.8,453753
10897.8,453753
10898.7,453753
10898.6,453753
10897.3,453753
10897.9,453753
10898.4,453753
10898.4,453753
10898,453753
10898,453753
10898,453753
10898.3,453753
10898,453753
10897.9,453753
10897.8,453753
10897.3,453753
10897.8,453753
10898,453753
10897.6,453753
10898.1,453753
10897.3,453753
10895.8,453753
10896.1,453753
10898,453753
10897.8,453753
10897.9,453753
10898.1,453753
10898,453753
10897.7,453753
10898,453753
10898.1,453753
10898.3,453753
10897.7,453753
10898.4,453753
10898.1,453753
10897.6,453753
10898.1,453753
10898.2,453753
10898.2,453753
10897.8,453753
10897.9,453753
10898.1,453753
10897.7,453753
10897.8,453753
10898,453753
10898.5,453753
10897.7,453753
10897.7,453753
10898.1,453753
10898,453753
10898.1,453753
10897.9,453753
10898.3,453753
10898.1,453753
10897.9,453753
10897.1,453753
10898.3,453753
10898,453753
10898,453753
10898.5,453753
10898.3,453753
10897.8,453753
10897.9,453753
10897.5,453753
10898.1,453753
10898.4,453753
10898.2,453753
10897.9,453753
10898,453753
10898.2,453753
10898.1,453753
10898.5,453753
10898.2,453753
10897.9,453753
10897.8,453753
10898.1,453753
10897.9,453753
10897.8,453753
10897.3,453753
10898,453753
10897.3,453753
10897.7,453753
10897.4,453753
10897.6,453753
10898.2,453753
10897.8,453753
10897.6,453753
10898,453753
10898.2,453753
10897.9,453753
10897.8,453753
10897.9,453753
10898.1,453753
10897.9,453753
10898.1,453753
10898.1,453753
10897.9,453753
10897.9,453753
10897.9,453753
10898.2,453753
10898,453753
10897.6,453753
10898,453753
10897.3,453753
10898.1,453753
10898,453753
10897.7,453753
10898,453753
10898.3,453753
10898,453753
10898.1,453753
10898.2,453753
10897.8,453753
10897.5,453753
10897.9,453753
10897.9,453753
10898.1,453753
10898.4,453753
10897.9,453753
10898,453753
10897.6,453753
10897.8,453753
10897.6,453753
10897.8,453753
10897.5,453753
10898,453753
10897.8,453753
10898.2,453753
10898,453753
10897.4,453753
10897,453753
10898.1,453753
10897.6,453753
10898.1,453753
10897.6,453753
10897.9,453753
10898.1,453753
10898.1,453753
10898,453753
10898,453753
10898,453753
10896.7,453753
10897.6,453753
10898.4,453753
10898,453753
10898.2,453753
10897.7,453753
10897.8,453753
10897.8,453753
10897.5,453753
10897.9,453753
10898.2,453753
10897.5,453753
10898.2,453753
10897.8,453753
10898.3,453753
10898.1,453753
10898.1,453753
10897.8,453753
10898.5,453753
10897.9,453753
10898.1,453753
10897.7,453753
10898.1,453753
10897,453753
10898.1,453753
10897.1,453753
10897,453753
10897.7,453753
10898.2,453753
10898.1,453753
10897.3,453753
10897.8,453753
10898.3,453753
10898.2,453753
10897.7,453753
10898.1,453753
10898,453753
10898.1,453753
10898,453753
10897.7,453753
10897.5,453753
10898.3,453753
10893.2,453753
10885.9,453753
10895.6,453753
10897.6,453753
10898,453753
10897.9,453753
10898.1,453753
10897.7,453753
10898,453753
10897.9,453753
10897.9,453753
10896.8,453753
10898.3,453753
10897.7,453753
10898.3,453753
10898,453753
10897.8,453753
10897.6,453753
10897.2,453753
10897.9,453753
10898,453753
10898,453753
10898.1,453753
10897.8,453753
10898.1,453753
10898,453753
10897.5,453753
10898,453753
10897.9,453753
10898,453753
10898.1,453753
10897.7,453753
10898,453753
10897.9,453753
10897.7,453753
10897.9,453753
10897.3,453753
10898.1,453753
10897.7,453753
10897.6,453753
10897.7,453753
10898.2,453753
10897.9,453753
10897.5,453753
10898.1,453753
10897.6,453753
10896.2,453753
10897.5,453753
10898,453753
10897.6,453753
10897.8,453753
10897.6,453753
10898.3,453753
10897.8,453753
10898,453753
10898.3,453753
10898.3,453753
10897.9,453753
10898.2,453753
10897.8,453753
10897.1,453753
10897.2,453753
10898,453753
10897.6,453753
10897.9,453753
10897.9,453753
10897.6,453753
10897.8,453753
10898.1,453753
10898.2,453753
10897.7,453753
10898,453753
10898.1,453753
10897.7,453753
10898.1,453753
10897.9,453753
10898.2,453753
10898.4,453753
10897.9,453753
10897.8,453753
10897.5,453753
10898.2,453753
10897.8,453753
10898.4,453753
10897.9,453753
10898.3,453753
10898.3,453753
10897.8,453753
10898.2,453753
10898.3,453753
10897.5,453753
10898.3,453753
10897.8,453753
10897.6,453753
10896.7,453753
10897.8,453753
10897.6,453753
10897.9,453753
10898.3,453753
10898.3,453753
10897.3,453753
10898.7,453753
10897.6,453753
10897.7,453753
10897.9,453753
10898.2,453753
10897.7,453753
10898.2,453753
10898.3,453753
10898,453753
10897.9,453753
10897.9,453753
10898.4,453753
10897.6,453753
10898,453753
10897.9,453753
10898.1,453753
10898.3,453753
10898.1,453753
10897.5,453753
10898,453753
10898.1,453753
10898,453753
10897.6,453753
10897.8,453753
10897.9,453753
10897.3,453753
10898.2,453753
10897,453753
10898.1,453753
10898,453753
10898,453753
10897.6,453753
10897.8,453753
10898,453753
10898,453753
10897.8,453753
10898.2,453753
10898.2,453753
10898,453753
10898.2,453753
10898.1,453753
10897.9,453753
10898,453753
10898,453753
10898.1,453753
10897.9,453753
10897.6,453753
10898,453753
10898.5,453753
10898.5,453753
10897.7,453753
10898.1,453753
10898.5,453753
10897.9,453753
10897.9,453753
10897.8,453753
10897.7,453753
10897.9,453753
10897.5,453753
10897.8,453753
10898,453753
10897.9,453753
10898.6,453753
10897.9,453753
10897.1,453753
10897.4,453753
10897.7,453753
10898.1,453753
10896.7,453753
10897.9,453753
10897.7,453753
10898.3,453753
10898.2,453753
10898.2,453753
10898.2,453753
10898.3,453753
10897.8,453753
10898,453753
10897.9,453753
10898.6,453753
10898.1,453753
10897.8,453753
10898.1,453753
10898.3,453753
10898,453753
10897.8,453753
10898.3,453753
10898,453753
10898,453753
10898.4,453753
10897.9,453753
10897.3,453753
10898,453753
10898.3,453753
10898.4,453753
10898.3,453753
10898.1,453753
10898,453753
10898.6,453753
10897.2,453753
10897.3,453753
10897.5,453753
10897.9,453753
10898,453753
10897.8,453753
10897.4,453753
10898.5,453753
10898,453753
10898.3,453753
10898.2,453753
10898,453753
10897.5,453753
10897.8,453753
10898,453753
10898.5,453753
10897.3,453753
10897.9,453753
10898.3,453753
10897.9,453753
10898.1,453753
10898.4,453753
10898.1,453753
10897.4,453753
10898,453753
10897.6,453753
10897.5,453753
10897.6,453753
10897,453753
10896.5,453753
10898,453753
10897.4,453753
10898,453753
10897,453753
10897.6,453753
10898.2,453753
10897.7,453753
10897.5,453753
10898.1,453753
10898,453753
10898.2,453753
10898.2,453753
10898.3,453753
10897.8,453753
10897.3,453753
10897.9,453753
10898.1,453753
10898.5,453753
10897.8,453753
10898.2,453753
10898.6,453753
10897.5,453753
10897.9,453753
10897.8,453753
10897.9,453753
10897.4,453753
10898.1,453753
10898.2,453753
10898.1,453753
10897.9,453753
10898,453753
10897.6,453753
10897.5,453753
10898.3,453753
10898,453753
10898.4,453753
10898.2,453753
10898.1,453753
10898.5,453753
10897.8,453753
10898.1,453753
10897.8,453753
10898.3,453753
10897.8,453753
10898.3,453753
10898,453753
10898.2,453753
10898.2,453753
10898,453753
10897.7,453753
10897.2,453753
10898,453753
10897.4,453753
10897.9,453753
10897.6,453753
10897.3,453753
10897.9,453753
10897.2,453753
10898,453753
10896.8,453753
10898.1,453753
10898.4,453753
10897.2,453753
10897.4,453753
10898,453753
10897.8,453753
10898.1,453753
10898.1,453753
10896.8,453753
10897.4,453753
10898.1,453753
10897.6,453753
10898.1,453753
10898.3,453753
10897.8,453753
10898.2,453753
10898.2,453753
10898.4,453753
10898.4,453753
10897.8,453753
10898.2,453753
10898.5,453753
10897.8,453753
10897.1,453753
10897.6,453753
10897.6,453753
10898,453753
10897.3,453753
10897.9,453753
10898.2,453753
10898.4,453753
10898.2,453753
10898.1,453753
10898.2,453753
10898.4,453753
10897.9,453753
10898.1,453753
10898,453753
10898.4,453753
10898.3,453753
10898.3,453753
10898,453753
10898,453753
10897.9,453753
10897.6,453753
10897.7,453753
10897.9,453753
10897.8,453753
10897.9,453753
10898.1,453753
10897.9,453753
10897.1,453753
10897.5,453753
10898.2,453753
10898.4,453753
10898.2,453753
10898.2,453753
10897.8,453753
10897.3,453753
10897.7,453753
10898.2,453753
10898.1,453753
10897.6,453753
10897.3,453753
10898.7,453753
10898.4,453753
10898.2,453753
10898.1,453546
