TRACE,NSNPS_JACKKNIFE
10868.5,453753
10868.2,453753
10868.5,453753
10868.3,453753
10868.4,453753
10867.7,453753
10867.9,453753
10867.8,453753
10868.3,453753
10868.3,453753
10868.4,453753
10867.8,453753
10868.2,453753
10868,453753
10868,453753
10868,453753
10867.6,453753
10867.1,453753
10867.6,453753
10868.3,453753
10868,453753
10868.2,453753
10868.1,453753
10868.3,453753
10868.1,453753
10867.8,453753
10867.6,453753
10867.7,453753
10868,453753
10867.4,453753
10868,453753
10868.2,453753
10867.8,453753
10868.5,453753
10868,453753
10867.7,453753
10868.2,453753
10867.7,453753
10867.7,453753
10868.2,453753
10868.2,453753
10868.1,453753
10868,453753
10867.4,453753
10868.1,453753
10868.5,453753
10867.5,453753
10868.6,453753
10868.2,453753
10868,453753
10868,453753
10867.8,453753
10868,453753
10868,453753
10867.5,453753
10867.9,453753
10867.9,453753
10867.8,453753
10867.6,453753
10867.9,453753
10867.8,453753
10868.3,453753
10868.1,453753
10868,453753
10868.3,453753
10867.8,453753
10868.6,453753
10868,453753
10868.1,453753
10867.9,453753
10868,453753
10867.8,453753
10868,453753
10868.4,453753
10868.3,453753
10868.5,453753
10868.1,453753
10868.4,453753
10868.2,453753
10867.9,453753
10867.5,453753
10867.7,453753
10868.4,453753
10868.1,453753
10868.5,453753
10867.9,453753
10867.8,453753
10868.4,453753
10867.5,453753
10868,453753
10867.2,453753
10867.9,453753
10868.1,453753
10866.6,453753
10868.3,453753
10867.7,453753
10867.5,453753
10868.1,453753
10868.6,453753
10868.4,453753
10867.9,453753
10868.4,453753
10867.8,453753
10867.8,453753
10867.8,453753
10867.7,453753
10868.1,453753
10867.7,453753
10868.2,453753
10867.9,453753
10868.5,453753
10868,453753
10867.8,453753
10868.2,453753
10867.5,453753
10867.3,453753
10867.8,453753
10868.1,453753
10867.7,453753
10867.2,453753
10867.5,453753
10868.1,453753
10867.3,453753
10867.9,453753
10868.1,453753
10868.1,453753
10868.2,453753
10868.4,453753
10867.9,453753
10868.3,453753
10867.9,453753
10867.7,453753
10867.8,453753
10867.8,453753
10867.6,453753
10868.4,453753
10867.7,453753
10868.1,453753
10867.9,453753
10868.3,453753
10867.6,453753
10866.8,453753
10867.5,453753
10867.7,453753
10868.1,453753
10867.6,453753
10867.5,453753
10868.2,453753
10868.1,453753
10867.8,453753
10867.9,453753
10868.1,453753
10868,453753
10868,453753
10868.2,453753
10868.4,453753
10868.6,453753
10868,453753
10868.2,453753
10867.8,453753
10867.8,453753
10868,453753
10868.7,453753
10868.1,453753
10868.4,453753
10868.4,453753
10868.2,453753
10868.1,453753
10867.8,453753
10868,453753
10867.9,453753
10867.6,453753
10868.2,453753
10867.4,453753
10867.9,453753
10868.5,453753
10868,453753
10868,453753
10867.9,453753
10867.7,453753
10867.6,453753
10866.9,453753
10866.7,453753
10867.8,453753
10867.7,453753
10868.6,453753
10868.4,453753
10868.1,453753
10868,453753
10867.8,453753
10867.9,453753
10868.3,453753
10867.8,453753
10867,453753
10867,453753
10867,453753
10866.6,453753
10867.7,453753
10867.8,453753
10868.3,453753
10867.9,453753
10868.5,453753
10867.9,453753
10867.7,453753
10867.9,453753
10867.9,453753
10867.7,453753
10868.2,453753
10868,453753
10868,453753
10867.5,453753
10868.2,453753
10868.4,453753
10868.2,453753
10868,453753
10868.3,453753
10867.4,453753
10867.1,453753
10868,453753
10867.9,453753
10867.8,453753
10868.1,453753
10868.1,453753
10868.2,453753
10867.7,453753
10868.4,453753
10868.2,453753
10868.2,453753
10868.5,453753
10868.2,453753
10868.3,453753
10867.6,453753
10867.5,453753
10868.4,453753
10868.2,453753
10868.6,453753
10868.1,453753
10867.8,453753
10867.7,453753
10868.4,453753
10868.2,453753
10868.2,453753
10867.9,453753
10868,453753
10868.1,453753
10868.1,453753
10868,453753
10867.6,453753
10868.3,453753
10867.7,453753
10867.6,453753
10868.6,453753
10867.9,453753
10868,453753
10867.9,453753
10868.2,453753
10868.1,453753
10867.7,453753
10867.7,453753
10868.1,453753
10868,453753
10867.9,453753
10867.1,453753
10867.6,453753
10867.4,453753
10868.2,453753
10868,453753
10867.2,453753
10868.1,453753
10868,453753
10867.9,453753
10867.5,453753
10867.8,453753
10867.8,453753
10868.5,453753
10867.8,453753
10868.2,453753
10867.8,453753
10868.1,453753
10867.7,453753
10867.8,453753
10867.4,453753
10868.4,453753
10868.3,453753
10868.4,453753
10867.8,453753
10867.9,453753
10868.3,453753
10868.3,453753
10868.6,453753
10868.2,453753
10867.7,453753
10868.1,453753
10868.1,453753
10868.6,453753
10868.1,453753
10868.1,453753
10868,453753
10868,453753
10868.4,453753
10867.5,453753
10868.3,453753
10868.1,453753
10868.2,453753
10868.7,453753
10868.2,453753
10867.9,453753
10868.1,453753
10868.1,453753
10868.8,453753
10868,453753
10868.1,453753
10867.4,453753
10867.5,453753
10867.2,453753
10868,453753
10868.2,453753
10867.2,453753
10868,453753
10868,453753
10868.2,453753
10868.4,453753
10867.9,453753
10868.2,453753
10868.4,453753
10868.1,453753
10868.6,453753
10867.7,453753
10868,453753
10868.3,453753
10867.5,453753
10867.6,453753
10867.9,453753
10868.3,453753
10867.8,453753
10868.2,453753
10867.9,453753
10868.2,453753
10868.5,453753
10867.9,453753
10867.8,453753
10868.3,453753
10867.4,453753
10867.4,453753
10867.9,453753
10867.5,453753
10868.3,453753
10867.8,453753
10868.3,453753
10865.9,453753
10867.5,453753
10868,453753
10867.7,453753
10868.2,453753
10868.4,453753
10867.9,453753
10868.1,453753
10868.2,453753
10868.1,453753
10868,453753
10868.2,453753
10868.1,453753
10868.2,453753
10868.2,453753
10867.6,453753
10868.3,453753
10867.8,453753
10868.3,453753
10868.2,453753
10868.3,453753
10868.2,453753
10867.4,453753
10867.7,453753
10867.6,453753
10868.1,453753
10868.1,453753
10867.7,453753
10867,453753
10868.2,453753
10867.6,453753
10866.7,453753
10866.9,453753
10867.7,453753
10867.9,453753
10868.1,453753
10867.6,453753
10868.3,453753
10867.9,453753
10868.4,453753
10868.5,453753
10867.8,453753
10868.3,453753
10867.5,453753
10868.2,453753
10867.9,453753
10867.6,453753
10867.7,453753
10867.5,453753
10867.6,453753
10867.9,453753
10868,453753
10867.7,453753
10868.3,453753
10868,453753
10868.1,453753
10866.7,453753
10868.1,453753
10867.5,453753
10868.1,453753
10868.3,453753
10867.8,453753
10868,453753
10868.4,453753
10868,453753
10867.7,453753
10868,453753
10868,453753
10868.2,453753
10867.9,453753
10867.1,453753
10867.6,453753
10867.9,453753
10868.1,453753
10868.1,453753
10868,453753
10868.3,453753
10867.6,453753
10868.3,453753
10868.1,453753
10867.8,453753
10867.7,453753
10867.7,453753
10867.8,453753
10867.8,453753
10868,453753
10868.1,453753
10868.1,453753
10867.8,453753
10867.5,453753
10867.6,453753
10868.1,453753
10867.3,453753
10866.8,453753
10868.4,453753
10867.9,453753
10867.6,453753
10868.4,453753
10868.4,453753
10867.6,453753
10867.2,453753
10867.8,453753
10868.1,453753
10867.7,453753
10867.9,453753
10867.9,453753
10867.9,453753
10867.5,453753
10868.2,453753
10867.9,453753
10867.9,453753
10868,453753
10868.2,453753
10868.3,453753
10868.3,453753
10868.2,453753
10868.3,453753
10868.1,453753
10867.9,453753
10868.4,453753
10867.7,453753
10868.4,453753
10867.9,453753
10867.9,453753
10868,453753
10867.3,453753
10868.3,453753
10868,453753
10868.3,453753
10868.3,453753
10867,453753
10866.6,453753
10866.9,453753
10867.9,453753
10868.7,453753
10867.9,453753
10868.3,453753
10868.1,453753
10868.1,453753
10867.9,453753
10867.9,453753
10868,453753
10867.9,453753
10867.7,453753
10868.2,453753
10866.8,453753
10867.1,453753
10868,453753
10867.9,453753
10868,453753
10868,453753
10868.2,453753
10868.2,453753
10868.2,453753
10868,453753
10868.1,453753
10868.3,453753
10867.6,453753
10867.5,453753
10868.2,453753
10868.3,453753
10868.3,453753
10868.1,453753
10867.8,453753
10867.9,453753
10867.6,453753
10867.8,453753
10867.9,453753
10868.3,453753
10868.3,453753
10868.1,453753
10868.2,453753
10868,453753
10868.1,453753
10867.9,453753
10868.1,453753
10867.9,453753
10868,453753
10868,453753
10868.1,453753
10868.3,453753
10868,453753
10868,453753
10868.2,453753
10868.1,453753
10867.8,453753
10867.9,453753
10867.8,453753
10867.6,453753
10868.7,453753
10867.6,453753
10867.9,453753
10867,453753
10866.7,453753
10868.1,453753
10867.6,453753
10868.2,453753
10868,453753
10867.7,453753
10867.8,453753
10867.8,453753
10868,453753
10868.4,453753
10868.3,453753
10868.2,453753
10867.8,453753
10868.4,453753
10867.9,453753
10868.2,453753
10867.6,453753
10868.3,453753
10867.8,453753
10867.8,453753
10868.1,453753
10868.3,453753
10867.6,453753
10868,453753
10868.3,453753
10868.1,453753
10868.2,453753
10868.3,453753
10868.2,453753
10867.9,453753
10867.9,453753
10868.3,453753
10868.2,453753
10867.8,453753
10868,453753
10868.1,453753
10868,453753
10868.3,453753
10868,453753
10868.1,453753
10867.7,453753
10867.8,453753
10868.2,453753
10868,453753
10868.5,453753
10867.8,453753
10867.5,453753
10867,453753
10868.5,453753
10868.1,453753
10868.2,453753
10867.9,453753
10867.8,453753
10868.1,453753
10868,453753
10868.1,453753
10868,453753
10868.2,453753
10866.4,453753
10868.6,453753
10868.1,453753
10868,453753
10867.7,453753
10867.6,453753
10867.9,453753
10867.8,453753
10868.2,453753
10867.7,453753
10868.3,453753
10867.5,453753
10868.3,453753
10868,453753
10868.1,453753
10868,453753
10868.4,453753
10867.7,453753
10867.7,453753
10868.3,453753
10868.2,453753
10867.9,453753
10868,453753
10867.5,453753
10868,453753
10867.2,453753
10867.4,453753
10867.9,453753
10867.9,453753
10868.3,453753
10867.8,453753
10868,453753
10867.8,453753
10868.7,453753
10868.1,453753
10868.2,453753
10868.1,453753
10867.8,453753
10868,453753
10868.3,453753
10868,453753
10867.6,453753
10863.2,453753
10857.4,453753
10866.1,453753
10867.9,453753
10867.6,453753
10867.2,453753
10867.8,453753
10867.5,453753
10868.2,453753
10868.2,453753
10868,453753
10867.5,453753
10867.2,453753
10867.9,453753
10867.9,453753
10868.1,453753
10868.1,453753
10868.1,453753
10867.9,453753
10867.8,453753
10868.4,453753
10867.8,453753
10867.9,453753
10868,453753
10868,453753
10868.2,453753
10868,453753
10868.4,453753
10868.5,453753
10868.1,453753
10868.4,453753
10868.5,453753
10867.9,453753
10868.3,453753
10868.1,453753
10868.4,453753
10868,453753
10868.1,453753
10868.2,453753
10868.3,453753
10868.2,453753
10868.5,453753
10868.5,453753
10868.2,453753
10868.3,453753
10867.9,453753
10866,453753
10868.1,453753
10868.2,453753
10867.6,453753
10868,453753
10867.9,453753
10867.2,453753
10867.3,453753
10867.7,453753
10868.1,453753
10868.3,453753
10868.2,453753
10868.4,453753
10868.3,453753
10868.1,453753
10867.5,453753
10868.1,453753
10867.9,453753
10868,453753
10868,453753
10867.9,453753
10867.9,453753
10868.2,453753
10868.3,453753
10867.8,453753
10867.8,453753
10867.6,453753
10868,453753
10867.2,453753
10868.3,453753
10868.7,453753
10868.4,453753
10868.3,453753
10868.3,453753
10868,453753
10868.1,453753
10868.3,453753
10868.4,453753
10868.1,453753
10867.9,453753
10868.3,453753
10867.8,453753
10868.3,453753
10868.3,453753
10867.7,453753
10868.2,453753
10867.5,453753
10868,453753
10867.4,453753
10867.9,453753
10868.3,453753
10867.8,453753
10867.8,453753
10868.4,453753
10868.3,453753
10867.9,453753
10867.8,453753
10867.7,453753
10868.2,453753
10868.3,453753
10867.5,453753
10868.1,453753
10868.8,453753
10868.3,453753
10869,453753
10868.1,453753
10868.2,453753
10867.6,453753
10868.3,453753
10868,453753
10867.6,453753
10868.3,453753
10867.8,453753
10868.3,453753
10868.5,453753
10868.6,453753
10868,453753
10868,453753
10867.8,453753
10867.4,453753
10868.3,453753
10867.9,453753
10867.1,453753
10868.1,453753
10867.7,453753
10867.7,453753
10868.4,453753
10868.2,453753
10867.8,453753
10868.1,453753
10868,453753
10868,453753
10867.6,453753
10868.4,453753
10867.6,453753
10867.9,453753
10867.7,453753
10868.1,453753
10868.2,453753
10867.7,453753
10867.6,453753
10867.9,453753
10868.3,453753
10868.4,453753
10869,453753
10868.5,453753
10868.2,453753
10868.2,453753
10868.4,453753
10867.8,453753
10868.2,453753
10868.1,453753
10868.4,453753
10868,453753
10868.1,453753
10867.6,453753
10867.2,453753
10868.2,453753
10868.6,453753
10867,453753
10867.6,453753
10867.6,453753
10868.1,453753
10867.2,453753
10868,453753
10868.1,453753
10868.7,453753
10868.3,453753
10867.9,453753
10868.5,453753
10868.4,453753
10867.9,453753
10868.3,453753
10868,453753
10867.4,453753
10868.5,453753
10867.9,453753
10867.9,453753
10868,453753
10867.8,453753
10868.5,453753
10868.5,453753
10867.2,453753
10867.8,453753
10867.7,453753
10868,453753
10867.9,453753
10868.2,453753
10867.9,453753
10868.1,453753
10868.4,453753
10867.9,453753
10867.9,453753
10867.8,453753
10867.2,453753
10867.6,453753
10868,453753
10868,453753
10868.1,453753
10868,453753
10868.2,453753
10867.9,453753
10868.1,453753
10868.2,453753
10868.1,453753
10867.6,453753
10867.5,453753
10867.8,453753
10868.3,453753
10867.7,453753
10868.3,453753
10868.5,453753
10868.5,453753
10868.5,453753
10868.1,453753
10867.8,453753
10868.1,453753
10867.8,453753
10867.7,453753
10868.4,453753
10868,453753
10867.8,453753
10867.5,453753
10867.6,453753
10868.2,453753
10867.7,453753
10868.4,453753
10867.7,453753
10868.2,453753
10867.8,453753
10868.4,453753
10868,453753
10868.2,453753
10868.4,453753
10868.3,453753
10868.2,453753
10867.7,453753
10867.8,453753
10868,453753
10868.3,453753
10868.3,453753
10868.2,453753
10868.9,453753
10868.3,453753
10868.4,453753
10868,453753
10868.2,453753
10868.2,453753
10868.4,453753
10867.6,453753
10868.3,453753
10868.1,453753
10867.3,453753
10867.7,453753
10867.9,453753
10867.7,453753
10867.7,453753
10868.3,453753
10868.2,453753
10868.1,453753
10868.2,453753
10868.1,453753
10868.5,453753
10868.9,453753
10868.4,453753
10868.1,453753
10868.3,453753
10868,453753
10867.8,453753
10868.6,453753
10867.8,453753
10868,453753
10868,453753
10868.2,453753
10867.7,453753
10868.1,453753
10868.1,453753
10868.5,453753
10867.2,453753
10866.9,453753
10867.2,453753
10868.1,453753
10868.2,453753
10867.4,453753
10867,453753
10867.8,453753
10867.1,453753
10867.9,453753
10868.4,453753
10867.8,453753
10867.6,453753
10868.4,453753
10867.5,453753
10867.7,453753
10867.4,453753
10867.6,453753
10868.3,453753
10868.4,453753
10868.5,453753
10868.3,453753
10868.2,453753
10868.4,453753
10868.3,453753
10868.1,453753
10868.4,453753
10867.7,453753
10867.6,453753
10867.8,453753
10867.3,453753
10868,453753
10868.4,453753
10868,453753
10868.1,453753
10868.2,453753
10868.2,453753
10867.7,453753
10868.4,453753
10868.4,453753
10868.3,453753
10868.3,453753
10868,453753
10867.9,453753
10868.4,453753
10868.1,453753
10868.1,453753
10868.3,453753
10868.4,453753
10867.9,453753
10868.3,453753
10868,453753
10868.1,453753
10868.1,453753
10868.2,453753
10868.1,453753
10868.4,453753
10867.6,453753
10867.8,453753
10868.2,453753
10868.2,453753
10868.1,453753
10868.2,453753
10868.4,453753
10867.7,453753
10868.4,453753
10867.9,453753
10868.1,453753
10867.7,453753
10868,453753
10868.6,453753
10868.3,453753
10868.2,453753
10868.4,453546
