TRACE,NSNPS_JACKKNIFE
10858.8,453753
10859.2,453753
10858.8,453753
10858.5,453753
10859,453753
10858.8,453753
10858.6,453753
10858.5,453753
10858.5,453753
10858.2,453753
10858.5,453753
10858.2,453753
10858.5,453753
10858.8,453753
10858.7,453753
10858.4,453753
10857.9,453753
10857.7,453753
10858,453753
10858.5,453753
10858.7,453753
10858.5,453753
10858.6,453753
10858.7,453753
10858.7,453753
10858.6,453753
10858.4,453753
10858.6,453753
10857.9,453753
10858.6,453753
10858.5,453753
10858.4,453753
10858.6,453753
10858.5,453753
10858.3,453753
10858.4,453753
10858.5,453753
10858,453753
10858.6,453753
10858.4,453753
10858.8,453753
10858.3,453753
10858.3,453753
10858.1,453753
10858.6,453753
10858.5,453753
10858.8,453753
10858.8,453753
10858.9,453753
10858.6,453753
10858.4,453753
10858.2,453753
10858.4,453753
10858.5,453753
10858.6,453753
10858.4,453753
10858.1,453753
10857.5,453753
10858.6,453753
10858,453753
10858.5,453753
10858.7,453753
10858.6,453753
10858.6,453753
10858.3,453753
10858.2,453753
10858.6,453753
10858.7,453753
10857.9,453753
10858.4,453753
10857.9,453753
10858.7,453753
10858.7,453753
10858.7,453753
10857.8,453753
10858.1,453753
10858.9,453753
10858.8,453753
10858.9,453753
10858.5,453753
10858.6,453753
10858.1,453753
10858.7,453753
10859,453753
10858.5,453753
10858.5,453753
10858.5,453753
10858.3,453753
10858.9,453753
10858.8,453753
10858.3,453753
10858.8,453753
10858.8,453753
10857.6,453753
10858.4,453753
10858.6,453753
10858.8,453753
10858.7,453753
10858.2,453753
10858.8,453753
10858.9,453753
10858.5,453753
10858.8,453753
10857.6,453753
10857.7,453753
10858.6,453753
10859.1,453753
10858.8,453753
10858.4,453753
10858.2,453753
10858.8,453753
10858.5,453753
10858.7,453753
10858.2,453753
10858.1,453753
10857.7,453753
10858.4,453753
10858.4,453753
10858.1,453753
10858.2,453753
10858.3,453753
10858.6,453753
10858.8,453753
10858.1,453753
10858.5,453753
10858.5,453753
10858.3,453753
10859,453753
10858.5,453753
10858.6,453753
10858.3,453753
10858.1,453753
10858.5,453753
10858.4,453753
10858.3,453753
10858.3,453753
10858.6,453753
10858,453753
10858.3,453753
10858.7,453753
10857.5,453753
10857.4,453753
10858.1,453753
10858.1,453753
10858.4,453753
10858.1,453753
10858.5,453753
10858.8,453753
10858.9,453753
10858,453753
10858.9,453753
10858.6,453753
10859.1,453753
10858.2,453753
10858.6,453753
10858.4,453753
10858.4,453753
10858.3,453753
10858.6,453753
10857.9,453753
10858.5,453753
10858.7,453753
10858.4,453753
10858.5,453753
10859,453753
10858.6,453753
10859.1,453753
10858.9,453753
10859,453753
10858.4,453753
10858.2,453753
10858.5,453753
10858.6,453753
10858.3,453753
10858.6,453753
10858.4,453753
10858.5,453753
10858.2,453753
10858.5,453753
10858.2,453753
10858.6,453753
10856.3,453753
10857.5,453753
10858.5,453753
10858.3,453753
10858.6,453753
10858.6,453753
10858.2,453753
10858.3,453753
10858.6,453753
10858.7,453753
10858.7,453753
10857.7,453753
10857.5,453753
10857.6,453753
10857.8,453753
10857.4,453753
10858.4,453753
10858.6,453753
10858.4,453753
10858.8,453753
10858.9,453753
10858.6,453753
10858,453753
10858.6,453753
10858.5,453753
10858.6,453753
10858.2,453753
10858.3,453753
10857.8,453753
10858.5,453753
10858.1,453753
10858.6,453753
10858.8,453753
10858.1,453753
10859,453753
10857.3,453753
10857.9,453753
10858.5,453753
10858.1,453753
10859.3,453753
10858.1,453753
10859.2,453753
10858.4,453753
10858.8,453753
10858.6,453753
10858.4,453753
10858.7,453753
10858.9,453753
10858.6,453753
10858.7,453753
10858.3,453753
10858.7,453753
10858.4,453753
10858.7,453753
10858.6,453753
10858.4,453753
10858.1,453753
10858.3,453753
10858.4,453753
10858.4,453753
10858.4,453753
10858.3,453753
10858.3,453753
10858.2,453753
10858,453753
10858.3,453753
10858.6,453753
10858.4,453753
10858.3,453753
10858.1,453753
10858.4,453753
10858.9,453753
10858.3,453753
10858.8,453753
10858.3,453753
10858.3,453753
10858.6,453753
10857.8,453753
10858.6,453753
10858.7,453753
10857.8,453753
10858.3,453753
10858.7,453753
10858.6,453753
10858.4,453753
10858,453753
10856.7,453753
10858.7,453753
10858.4,453753
10858.5,453753
10857.9,453753
10857.9,453753
10858.1,453753
10857.9,453753
10858.2,453753
10858.3,453753
10858.6,453753
10858.4,453753
10858.5,453753
10858.6,453753
10858.1,453753
10858.8,453753
10858.2,453753
10858.3,453753
10858.8,453753
10858.5,453753
10858.2,453753
10858.6,453753
10858.6,453753
10858.8,453753
10858.5,453753
10858.8,453753
10858.8,453753
10858.7,453753
10858.7,453753
10858.3,453753
10857.9,453753
10858.6,453753
10858.9,453753
10858.5,453753
10858.1,453753
10858.5,453753
10858.5,453753
10858.7,453753
10859.2,453753
10858.6,453753
10858.8,453753
10858.3,453753
10858.1,453753
10858.2,453753
10858.3,453753
10858.1,453753
10857.6,453753
10857.6,453753
10858.3,453753
10858.2,453753
10858.2,453753
10858,453753
10858.4,453753
10858.1,453753
10858.1,453753
10858.8,453753
10858.6,453753
10858.4,453753
10858.1,453753
10858.2,453753
10858.7,453753
10858.7,453753
10858.1,453753
10856.9,453753
10858.4,453753
10857.8,453753
10858.5,453753
10858.5,453753
10858.5,453753
10858.7,453753
10858.5,453753
10858.6,453753
10858.1,453753
10858,453753
10857.9,453753
10857.9,453753
10857.3,453753
10858.3,453753
10858.3,453753
10859,453753
10858.3,453753
10858.4,453753
10857,453753
10858.6,453753
10858.6,453753
10858.8,453753
10859.1,453753
10858.5,453753
10859,453753
10858.7,453753
10858.5,453753
10858.7,453753
10858.7,453753
10858.9,453753
10858.9,453753
10858.5,453753
10858.2,453753
10858.5,453753
10858.4,453753
10858.2,453753
10858.5,453753
10858.4,453753
10858.9,453753
10858.6,453753
10859.1,453753
10858.5,453753
10858.9,453753
10858.8,453753
10858.9,453753
10858.5,453753
10857.8,453753
10858.4,453753
10858,453753
10857.2,453753
10858,453753
10858.1,453753
10858.8,453753
10858.2,453753
10858.1,453753
10858.1,453753
10857.8,453753
10858.1,453753
10858.6,453753
10858.6,453753
10857.9,453753
10858.1,453753
10858.4,453753
10858.1,453753
10858.2,453753
10857.9,453753
10857.8,453753
10858.2,453753
10858.5,453753
10858.7,453753
10858.3,453753
10858.2,453753
10858.2,453753
10859.1,453753
10857.6,453753
10858.6,453753
10858.3,453753
10858.6,453753
10858.5,453753
10858.4,453753
10858.8,453753
10858.4,453753
10858.3,453753
10858.5,453753
10858.7,453753
10858.6,453753
10858.6,453753
10858,453753
10858.1,453753
10858.6,453753
10858.8,453753
10858.3,453753
10858,453753
10858.3,453753
10858.5,453753
10858.4,453753
10857.9,453753
10858.7,453753
10858.4,453753
10858.5,453753
10858.3,453753
10858,453753
10858.5,453753
10859.1,453753
10858.6,453753
10858.5,453753
10858.2,453753
10858.8,453753
10858.8,453753
10858.2,453753
10858.1,453753
10856.9,453753
10858.4,453753
10858.3,453753
10858.7,453753
10858.4,453753
10858.5,453753
10858.3,453753
10858.1,453753
10858.6,453753
10858.7,453753
10858.4,453753
10857.9,453753
10858.6,453753
10858.4,453753
10858.4,453753
10858.1,453753
10858.7,453753
10857.8,453753
10858,453753
10858.2,453753
10858.6,453753
10858.2,453753
10859.2,453753
10858.3,453753
10858.6,453753
10858.4,453753
10859,453753
10858.2,453753
10858.8,453753
10858.7,453753
10858.5,453753
10858.1,453753
10858.1,453753
10858.1,453753
10858.5,453753
10858.2,453753
10858.7,453753
10857.9,453753
10856.3,453753
10857.1,453753
10858.5,453753
10858.6,453753
10858.7,453753
10858.4,453753
10858.8,453753
10858.1,453753
10858.2,453753
10858.3,453753
10858.4,453753
10858.8,453753
10858.6,453753
10858.4,453753
10857.6,453753
10858.4,453753
10858.4,453753
10858.4,453753
10858.3,453753
10858.5,453753
10858.3,453753
10858.8,453753
10858.3,453753
10858.1,453753
10857.9,453753
10858,453753
10858.6,453753
10858,453753
10858.6,453753
10858.7,453753
10858.6,453753
10858.8,453753
10858.2,453753
10857.9,453753
10858.1,453753
10858.5,453753
10858.3,453753
10858.5,453753
10858.6,453753
10858.6,453753
10858.6,453753
10858.3,453753
10858.9,453753
10858.6,453753
10858.7,453753
10859.2,453753
10859.1,453753
10858.5,453753
10858.4,453753
10858.7,453753
10858.6,453753
10858.8,453753
10858.7,453753
10858.6,453753
10858.4,453753
10858.3,453753
10858.4,453753
10858.6,453753
10858.7,453753
10857.9,453753
10858.4,453753
10858.1,453753
10857.9,453753
10858.5,453753
10859.1,453753
10858.4,453753
10858.8,453753
10859,453753
10858.3,453753
10858.9,453753
10858.4,453753
10858.9,453753
10858.9,453753
10858.3,453753
10858.3,453753
10858,453753
10858.3,453753
10858.4,453753
10858.1,453753
10858.1,453753
10858.4,453753
10858.6,453753
10858.5,453753
10858.4,453753
10858.6,453753
10858.3,453753
10858.7,453753
10858.6,453753
10858.6,453753
10858.3,453753
10858.8,453753
10858.5,453753
10858.2,453753
10858.9,453753
10859.2,453753
10858.8,453753
10858.9,453753
10858.4,453753
10858.6,453753
10858.9,453753
10858.9,453753
10859,453753
10857.9,453753
10858.6,453753
10858.2,453753
10858.6,453753
10858.7,453753
10858.1,453753
10858.4,453753
10857.1,453753
10858.3,453753
10858.6,453753
10858.9,453753
10857.8,453753
10858.7,453753
10858.4,453753
10858.6,453753
10858,453753
10858.8,453753
10858,453753
10856.5,453753
10858.3,453753
10858.4,453753
10858.8,453753
10858.2,453753
10858.4,453753
10858.4,453753
10858.8,453753
10858.2,453753
10858.4,453753
10858.6,453753
10858.7,453753
10858.7,453753
10858.9,453753
10858.9,453753
10858.3,453753
10858.7,453753
10858.6,453753
10858.8,453753
10858.7,453753
10858.8,453753
10858,453753
10858.7,453753
10857.7,453753
10858.7,453753
10858.1,453753
10858.2,453753
10858.7,453753
10858.3,453753
10858.8,453753
10858.4,453753
10858.6,453753
10859,453753
10859,453753
10858.1,453753
10858.4,453753
10858.4,453753
10858.4,453753
10858.6,453753
10858.5,453753
10858.5,453753
10858.4,453753
10854.4,453753
10847,453753
10856.4,453753
10858,453753
10858.4,453753
10858.1,453753
10858.4,453753
10858.4,453753
10858.8,453753
10858.7,453753
10858.7,453753
10858.3,453753
10858,453753
10858.3,453753
10858.3,453753
10858.9,453753
10858.6,453753
10858.2,453753
10858.5,453753
10858.7,453753
10858.6,453753
10858.2,453753
10858.3,453753
10858.2,453753
10858.5,453753
10858.4,453753
10858.2,453753
10858.6,453753
10858.8,453753
10859.1,453753
10858.9,453753
10858.3,453753
10858.8,453753
10858.6,453753
10858.5,453753
10858.4,453753
10858.5,453753
10858.4,453753
10858,453753
10857.9,453753
10858.4,453753
10858.5,453753
10858.9,453753
10858,453753
10858.5,453753
10858.4,453753
10856.4,453753
10858.5,453753
10858.3,453753
10858.5,453753
10858.4,453753
10858,453753
10858.1,453753
10858.2,453753
10858.5,453753
10858.6,453753
10858.6,453753
10858.4,453753
10858.5,453753
10858.3,453753
10858.2,453753
10857.9,453753
10858.2,453753
10858.6,453753
10857.8,453753
10858.8,453753
10858.8,453753
10858.2,453753
10858.8,453753
10858.7,453753
10857.9,453753
10858.9,453753
10858.8,453753
10858.1,453753
10857.8,453753
10858.6,453753
10858.7,453753
10858.5,453753
10858.4,453753
10858.1,453753
10857.9,453753
10858.9,453753
10858.3,453753
10858.5,453753
10858.7,453753
10858.6,453753
10858.6,453753
10858.6,453753
10858.8,453753
10858.6,453753
10858.3,453753
10858.9,453753
10858.8,453753
10858.1,453753
10857.9,453753
10858.4,453753
10857.9,453753
10858,453753
10858.8,453753
10859.1,453753
10858.4,453753
10858.5,453753
10858.3,453753
10858,453753
10858.1,453753
10858.5,453753
10858.5,453753
10858.8,453753
10858.8,453753
10859,453753
10859.1,453753
10858.3,453753
10858.9,453753
10858.4,453753
10859.1,453753
10858.6,453753
10858.9,453753
10858.2,453753
10858.7,453753
10858.5,453753
10858.5,453753
10858.9,453753
10858.2,453753
10858.6,453753
10858.3,453753
10857.9,453753
10858.5,453753
10858.3,453753
10857,453753
10858.6,453753
10857.9,453753
10858.7,453753
10858.2,453753
10858.5,453753
10858,453753
10858.6,453753
10858.5,453753
10858.7,453753
10858.4,453753
10858.3,453753
10858.7,453753
10858.6,453753
10858.2,453753
10858.8,453753
10858.5,453753
10858.7,453753
10858.7,453753
10858.6,453753
10858.5,453753
10858.6,453753
10858.4,453753
10858.9,453753
10858.8,453753
10858.9,453753
10858.7,453753
10858.5,453753
10858.5,453753
10858.6,453753
10858.4,453753
10858.5,453753
10858.5,453753
10858.5,453753
10858.4,453753
10859.1,453753
10858.9,453753
10858,453753
10858,453753
10858.6,453753
10858.7,453753
10858.1,453753
10858.5,453753
10858.6,453753
10858.6,453753
10858.8,453753
10858.8,453753
10858.4,453753
10858.5,453753
10858.4,453753
10858.9,453753
10858.7,453753
10858.9,453753
10858.8,453753
10858.6,453753
10858.6,453753
10858.6,453753
10858.6,453753
10858.3,453753
10858.9,453753
10858.8,453753
10858.5,453753
10858.4,453753
10858.3,453753
10858.5,453753
10859.2,453753
10858.4,453753
10858.6,453753
10858.3,453753
10858.7,453753
10858.8,453753
10858.5,453753
10858.3,453753
10858.5,453753
10858.2,453753
10858.7,453753
10858.8,453753
10858.9,453753
10858.1,453753
10858.3,453753
10858.9,453753
10859.3,453753
10858.3,453753
10858.6,453753
10858.3,453753
10859.1,453753
10858.4,453753
10858.9,453753
10857.7,453753
10858.5,453753
10858.6,453753
10858.6,453753
10858.9,453753
10858.1,453753
10857.7,453753
10858.2,453753
10858.7,453753
10858.7,453753
10858.1,453753
10858.4,453753
10858.2,453753
10857.6,453753
10858.9,453753
10858.6,453753
10858.8,453753
10858,453753
10858.5,453753
10858.8,453753
10858.4,453753
10858.6,453753
10859,453753
10858.1,453753
10859.1,453753
10858.5,453753
10858.4,453753
10858.1,453753
10858.6,453753
10858.7,453753
10858.7,453753
10858.9,453753
10859,453753
10858.5,453753
10858.7,453753
10859.1,453753
10858.8,453753
10858.6,453753
10858.2,453753
10858.3,453753
10858.3,453753
10858.2,453753
10858.1,453753
10858,453753
10859,453753
10858.3,453753
10857.9,453753
10858.5,453753
10858.2,453753
10858.7,453753
10858.5,453753
10858.5,453753
10858.9,453753
10858.6,453753
10858.7,453753
10858.6,453753
10858.7,453753
10858.1,453753
10859,453753
10858.4,453753
10859,453753
10858.7,453753
10858.7,453753
10857.9,453753
10857.4,453753
10858.7,453753
10858.5,453753
10858.5,453753
10858.3,453753
10857.8,453753
10858.5,453753
10858.5,453753
10858.3,453753
10857.5,453753
10858.3,453753
10857.9,453753
10857.3,453753
10858.6,453753
10858.2,453753
10858.8,453753
10858.1,453753
10858.9,453753
10857.2,453753
10858,453753
10858.4,453753
10858.9,453753
10858.6,453753
10858.4,453753
10858.6,453753
10858.9,453753
10858.8,453753
10858.5,453753
10858.7,453753
10858.4,453753
10858.6,453753
10858.4,453753
10858.6,453753
10857.9,453753
10857.6,453753
10858.4,453753
10858.1,453753
10858.4,453753
10858.1,453753
10858.6,453753
10858.8,453753
10858.4,453753
10858.8,453753
10858.7,453753
10858.5,453753
10858.9,453753
10859,453753
10858.4,453753
10858.6,453753
10858.6,453753
10858.3,453753
10858.9,453753
10858.9,453753
10859.1,453753
10858,453753
10858.4,453753
10858.7,453753
10858.7,453753
10858.7,453753
10858.3,453753
10858.5,453753
10858.2,453753
10857.9,453753
10859.2,453753
10858.7,453753
10858.2,453753
10858.8,453753
10858.6,453753
10858.4,453753
10858.9,453753
10858.8,453753
10858.4,453753
10858,453753
10858.1,453753
10858.3,453753
10858.5,453753
10858.9,453753
10858.9,453546
