TRACE,NSNPS_JACKKNIFE
10887.9,453753
10887.5,453753
10887.1,453753
10888,453753
10887.3,453753
10887.6,453753
10887.4,453753
10887.1,453753
10887.2,453753
10887,453753
10887.5,453753
10886.3,453753
10887.3,453753
10887.3,453753
10887.5,453753
10887.4,453753
10887.3,453753
10886.6,453753
10886.6,453753
10886.8,453753
10887.7,453753
10887.5,453753
10887.3,453753
10887.4,453753
10887.5,453753
10887.7,453753
10887.5,453753
10887.1,453753
10887.5,453753
10886.9,453753
10887.7,453753
10887.4,453753
10887.2,453753
10887.1,453753
10887,453753
10887.4,453753
10887.1,453753
10887.6,453753
10887.6,453753
10886.9,453753
10887.8,453753
10887,453753
10887.4,453753
10886.4,453753
10886.9,453753
10887.2,453753
10887.4,453753
10887.4,453753
10887.5,453753
10887.5,453753
10887.5,453753
10887,453753
10887.2,453753
10887.4,453753
10886.7,453753
10887.3,453753
10886.5,453753
10886.1,453753
10887.2,453753
10887.4,453753
10887.5,453753
10886.9,453753
10887.6,453753
10887.5,453753
10887.2,453753
10887.2,453753
10887.6,453753
10887.2,453753
10886.4,453753
10887.3,453753
10886.7,453753
10888.1,453753
10887.6,453753
10887.5,453753
10887.1,453753
10887.4,453753
10887.3,453753
10886.9,453753
10887.1,453753
10887.4,453753
10887,453753
10887.6,453753
10887.6,453753
10887.9,453753
10887.8,453753
10887.5,453753
10888,453753
10887.4,453753
10886.8,453753
10887.1,453753
10886.9,453753
10886.9,453753
10887.4,453753
10886.4,453753
10887.7,453753
10887.3,453753
10887.2,453753
10887.2,453753
10886.6,453753
10887.3,453753
10886.2,453753
10887.3,453753
10887.3,453753
10886.6,453753
10886.8,453753
10887,453753
10887.2,453753
10887.2,453753
10887.1,453753
10887.5,453753
10887.5,453753
10886.9,453753
10887,453753
10887.1,453753
10887,453753
10887.3,453753
10886.8,453753
10887.2,453753
10886.9,453753
10887.5,453753
10887.2,453753
10887.1,453753
10887.1,453753
10887.1,453753
10887.3,453753
10887.1,453753
10887.1,453753
10887.3,453753
10887.4,453753
10887.2,453753
10887.1,453753
10887.1,453753
10887.6,453753
10887.2,453753
10887,453753
10887.2,453753
10887.4,453753
10887.3,453753
10886.4,453753
10887.4,453753
10886.9,453753
10886.4,453753
10886.8,453753
10886.8,453753
10886.9,453753
10887.1,453753
10886.8,453753
10886.6,453753
10887.4,453753
10887.3,453753
10887.4,453753
10887.3,453753
10887.1,453753
10886.9,453753
10887,453753
10887.4,453753
10887.2,453753
10887.3,453753
10887.6,453753
10887.5,453753
10887.7,453753
10887.8,453753
10887.4,453753
10887.6,453753
10887.7,453753
10887.5,453753
10887.1,453753
10887.5,453753
10887.5,453753
10887.4,453753
10887.2,453753
10887.5,453753
10887.2,453753
10887.5,453753
10887.3,453753
10887,453753
10886.8,453753
10887.1,453753
10887.3,453753
10887.6,453753
10886.4,453753
10885.9,453753
10885.8,453753
10887.2,453753
10887.6,453753
10887.3,453753
10887.2,453753
10887.3,453753
10887.6,453753
10887.2,453753
10887.4,453753
10887.8,453753
10887.2,453753
10886.3,453753
10886.8,453753
10886.7,453753
10887.2,453753
10887.5,453753
10887.4,453753
10887.6,453753
10886.8,453753
10887.3,453753
10887,453753
10886.6,453753
10887.6,453753
10887.2,453753
10887.4,453753
10887,453753
10887.4,453753
10886.9,453753
10886.9,453753
10887.6,453753
10887.3,453753
10887.4,453753
10886.6,453753
10887.4,453753
10887,453753
10887.2,453753
10887.3,453753
10886.9,453753
10887.1,453753
10887.3,453753
10887.6,453753
10886.7,453753
10887.9,453753
10887.8,453753
10887.7,453753
10887.5,453753
10887.1,453753
10887.3,453753
10887.6,453753
10886.7,453753
10886.5,453753
10887.4,453753
10887,453753
10887.3,453753
10886.6,453753
10886.9,453753
10886.5,453753
10887.7,453753
10886.9,453753
10887.1,453753
10887.4,453753
10887.4,453753
10887.4,453753
10887,453753
10887,453753
10887.3,453753
10887.5,453753
10886.9,453753
10887,453753
10887.5,453753
10887.1,453753
10887.3,453753
10887,453753
10887.6,453753
10887,453753
10887.5,453753
10887,453753
10887.2,453753
10887.8,453753
10886.8,453753
10886.1,453753
10887,453753
10887.1,453753
10887.1,453753
10886.9,453753
10886,453753
10887.3,453753
10887,453753
10886.8,453753
10886.6,453753
10887.5,453753
10887.2,453753
10887,453753
10886.8,453753
10887.7,453753
10887.2,453753
10886.9,453753
10886.2,453753
10887.3,453753
10886.7,453753
10887.8,453753
10887.6,453753
10887,453753
10887.3,453753
10887.7,453753
10887.4,453753
10887.6,453753
10887.2,453753
10887.7,453753
10887.3,453753
10887.8,453753
10887.3,453753
10887.5,453753
10887.4,453753
10887.1,453753
10887.2,453753
10887.4,453753
10887.8,453753
10887.8,453753
10887.6,453753
10886.8,453753
10887.2,453753
10887.2,453753
10887.1,453753
10886.7,453753
10887.1,453753
10887.5,453753
10887.4,453753
10887.3,453753
10887.1,453753
10886.8,453753
10886.7,453753
10886.4,453753
10886.9,453753
10887,453753
10887.2,453753
10886.9,453753
10887.1,453753
10887.1,453753
10887.5,453753
10886.9,453753
10886.9,453753
10887,453753
10887.6,453753
10887.2,453753
10887.3,453753
10886.9,453753
10887.2,453753
10886.5,453753
10886.8,453753
10887.2,453753
10887.4,453753
10886.9,453753
10886.9,453753
10887.3,453753
10887.4,453753
10887.2,453753
10887,453753
10887.2,453753
10887.3,453753
10886.6,453753
10885.8,453753
10887.7,453753
10886.8,453753
10887.4,453753
10886.8,453753
10887.1,453753
10886.1,453753
10887,453753
10887.1,453753
10887.7,453753
10887.3,453753
10887.5,453753
10887.5,453753
10887.3,453753
10887.8,453753
10887.1,453753
10887.7,453753
10887.8,453753
10887.4,453753
10887.2,453753
10887.5,453753
10887.4,453753
10887.6,453753
10887.6,453753
10886.9,453753
10887.2,453753
10886.8,453753
10887.1,453753
10887.4,453753
10887.5,453753
10887.5,453753
10887.2,453753
10887.2,453753
10887.1,453753
10886.2,453753
10886.8,453753
10886.7,453753
10886,453753
10886.8,453753
10886.7,453753
10887,453753
10886.9,453753
10886.7,453753
10887,453753
10886.9,453753
10887.5,453753
10887.3,453753
10887.3,453753
10887.5,453753
10886.7,453753
10886.9,453753
10887.4,453753
10887.1,453753
10887.1,453753
10887,453753
10887.3,453753
10886.8,453753
10887,453753
10887.1,453753
10887.2,453753
10887.3,453753
10887.6,453753
10885.1,453753
10887.1,453753
10887.2,453753
10887.7,453753
10887.6,453753
10887.2,453753
10887.2,453753
10887.2,453753
10887.3,453753
10887.5,453753
10887.3,453753
10887.5,453753
10887.4,453753
10886.9,453753
10886.8,453753
10886.7,453753
10887.5,453753
10887.6,453753
10886.9,453753
10887.8,453753
10887.1,453753
10887.6,453753
10887.3,453753
10886.9,453753
10887.2,453753
10887.4,453753
10887.3,453753
10886.5,453753
10887.3,453753
10887.2,453753
10887.2,453753
10887.1,453753
10887,453753
10887.3,453753
10887.4,453753
10887.4,453753
10886.4,453753
10885.2,453753
10886.8,453753
10887.3,453753
10887.3,453753
10887.3,453753
10887.2,453753
10886.7,453753
10887.2,453753
10887.5,453753
10887.5,453753
10887,453753
10887,453753
10887.3,453753
10887.5,453753
10887.4,453753
10887.4,453753
10887.2,453753
10886.6,453753
10886.6,453753
10887,453753
10887.1,453753
10886.7,453753
10887.3,453753
10887.4,453753
10887.3,453753
10887.2,453753
10887.7,453753
10887.1,453753
10887.5,453753
10887.3,453753
10887.2,453753
10886.9,453753
10886.6,453753
10887.3,453753
10887.2,453753
10887.2,453753
10887.2,453753
10887.1,453753
10885.8,453753
10886.3,453753
10887.4,453753
10887.3,453753
10887.3,453753
10886.9,453753
10887.2,453753
10887,453753
10887.7,453753
10887.6,453753
10887.2,453753
10887,453753
10887.4,453753
10887.1,453753
10886.2,453753
10886.8,453753
10887.4,453753
10887.3,453753
10887.3,453753
10887.1,453753
10887.6,453753
10887,453753
10887.7,453753
10886.6,453753
10886.5,453753
10886.9,453753
10886.8,453753
10887.4,453753
10887.2,453753
10887.8,453753
10887.3,453753
10887.2,453753
10887.1,453753
10887.1,453753
10887.1,453753
10887.2,453753
10887.4,453753
10887.3,453753
10887,453753
10887.3,453753
10887.2,453753
10887.3,453753
10887.3,453753
10887,453753
10887.6,453753
10887.6,453753
10887.1,453753
10887.2,453753
10887.5,453753
10887.4,453753
10887.5,453753
10887.3,453753
10887.7,453753
10887.2,453753
10887.5,453753
10886.7,453753
10887.3,453753
10887.5,453753
10887.5,453753
10887.1,453753
10886.6,453753
10886.9,453753
10887,453753
10887,453753
10886.5,453753
10886.7,453753
10887.2,453753
10887.2,453753
10887.4,453753
10887.3,453753
10887.1,453753
10887.5,453753
10886.9,453753
10886.8,453753
10886.5,453753
10887.5,453753
10887.7,453753
10887.1,453753
10887.7,453753
10887.2,453753
10886.9,453753
10887.3,453753
10887.1,453753
10887.7,453753
10887.1,453753
10886.9,453753
10887.2,453753
10887.6,453753
10887,453753
10887,453753
10887.5,453753
10887.2,453753
10887.2,453753
10887.5,453753
10887.8,453753
10887.3,453753
10887.1,453753
10887.7,453753
10887.3,453753
10887,453753
10887.2,453753
10887.1,453753
10886.7,453753
10886.8,453753
10887.2,453753
10887.8,453753
10887.5,453753
10887.1,453753
10886.6,453753
10885.9,453753
10886.5,453753
10887.5,453753
10887.1,453753
10887.4,453753
10887.1,453753
10887,453753
10887.2,453753
10887.5,453753
10887.3,453753
10886.9,453753
10885.8,453753
10887.3,453753
10887.6,453753
10887.4,453753
10887.6,453753
10887.4,453753
10887.5,453753
10887.5,453753
10887.5,453753
10886.1,453753
10887.4,453753
10887.2,453753
10887.6,453753
10887.3,453753
10887.6,453753
10887.3,453753
10887.3,453753
10887.1,453753
10887.7,453753
10887.6,453753
10887.5,453753
10887.1,453753
10887.5,453753
10886.5,453753
10887.7,453753
10886.9,453753
10887,453753
10886.7,453753
10887.1,453753
10887.6,453753
10886.9,453753
10887.4,453753
10887.4,453753
10887,453753
10887.7,453753
10886.9,453753
10887,453753
10887.2,453753
10887.6,453753
10886.7,453753
10887,453753
10887.2,453753
10881.6,453753
10871.7,453753
10885.1,453753
10887.3,453753
10886.7,453753
10886.9,453753
10887.5,453753
10886.9,453753
10887.4,453753
10887.3,453753
10887.4,453753
10886.2,453753
10886.8,453753
10887.3,453753
10887.2,453753
10887.5,453753
10887.2,453753
10887.1,453753
10887.3,453753
10887.7,453753
10887.6,453753
10886.9,453753
10887.5,453753
10887.3,453753
10887.3,453753
10887.4,453753
10887.2,453753
10887.5,453753
10887,453753
10887.4,453753
10887.5,453753
10887,453753
10887.1,453753
10887.4,453753
10887.2,453753
10887.4,453753
10887,453753
10887.4,453753
10887.6,453753
10887.4,453753
10887.8,453753
10887,453753
10888,453753
10887.5,453753
10886.9,453753
10886.7,453753
10886.1,453753
10887,453753
10887.5,453753
10887,453753
10886.9,453753
10887.1,453753
10887.2,453753
10887.2,453753
10886.6,453753
10887.2,453753
10887.3,453753
10887.5,453753
10887.3,453753
10887.2,453753
10886.7,453753
10887.2,453753
10887.1,453753
10886.6,453753
10887.1,453753
10887.3,453753
10887,453753
10887.3,453753
10887.4,453753
10887.1,453753
10887,453753
10887.5,453753
10887.2,453753
10887.3,453753
10886.6,453753
10887.4,453753
10887.1,453753
10887.5,453753
10887.5,453753
10887,453753
10886.7,453753
10887.5,453753
10886.9,453753
10887.3,453753
10887.3,453753
10887.2,453753
10887.7,453753
10887.6,453753
10887.5,453753
10887.4,453753
10887.2,453753
10887.1,453753
10887.1,453753
10887,453753
10886.8,453753
10887.5,453753
10887.1,453753
10887.6,453753
10887.1,453753
10887,453753
10887.4,453753
10887,453753
10887.5,453753
10886.7,453753
10887.1,453753
10887.3,453753
10887.1,453753
10887.4,453753
10887.1,453753
10887.5,453753
10887.2,453753
10887.7,453753
10887.4,453753
10887,453753
10887.2,453753
10887,453753
10887.6,453753
10887.1,453753
10887.1,453753
10887.1,453753
10887.6,453753
10887.7,453753
10886.8,453753
10886.7,453753
10887.2,453753
10887.9,453753
10887.4,453753
10887,453753
10886.4,453753
10887.4,453753
10887.3,453753
10887.8,453753
10887.1,453753
10887.7,453753
10887.5,453753
10887.4,453753
10887.5,453753
10887.3,453753
10887.7,453753
10887.2,453753
10887.2,453753
10887.5,453753
10887.5,453753
10887.6,453753
10887.8,453753
10887.3,453753
10887.6,453753
10887.2,453753
10887.2,453753
10887.4,453753
10887.6,453753
10887.6,453753
10887.6,453753
10887.2,453753
10886.9,453753
10886.1,453753
10887.6,453753
10887,453753
10887.3,453753
10887.1,453753
10887.4,453753
10887.3,453753
10887.1,453753
10887.2,453753
10887.4,453753
10886.3,453753
10887.1,453753
10887.5,453753
10886.7,453753
10885.9,453753
10887.4,453753
10887.1,453753
10887.1,453753
10887.3,453753
10887.6,453753
10887.1,453753
10887.4,453753
10887.3,453753
10887.4,453753
10887,453753
10887.8,453753
10887.5,453753
10887.3,453753
10887.2,453753
10887.4,453753
10887.3,453753
10887.3,453753
10887.4,453753
10887.5,453753
10887.4,453753
10887,453753
10887.2,453753
10887.4,453753
10887.4,453753
10887,453753
10886.9,453753
10887.4,453753
10887.3,453753
10887.2,453753
10887.1,453753
10886.4,453753
10887.3,453753
10887,453753
10887.4,453753
10887.4,453753
10887.6,453753
10887.3,453753
10887.6,453753
10887.4,453753
10887.4,453753
10887.4,453753
10887,453753
10887.2,453753
10887.3,453753
10887.2,453753
10887.3,453753
10887.1,453753
10887.4,453753
10887.4,453753
10887.9,453753
10887.7,453753
10887.1,453753
10886.8,453753
10887,453753
10887.5,453753
10887.2,453753
10887.3,453753
10886.6,453753
10887.1,453753
10886.8,453753
10887.4,453753
10887.2,453753
10887.4,453753
10887.6,453753
10887.6,453753
10887.1,453753
10887.3,453753
10887.3,453753
10887.2,453753
10887.2,453753
10887.5,453753
10887.6,453753
10887.2,453753
10887.4,453753
10887.3,453753
10887.7,453753
10887.5,453753
10887.3,453753
10887.8,453753
10887.4,453753
10887.2,453753
10887.2,453753
10887.1,453753
10887.2,453753
10887.1,453753
10887.3,453753
10887.1,453753
10887.4,453753
10886.9,453753
10887.4,453753
10887.6,453753
10887.6,453753
10887.6,453753
10887.4,453753
10887.4,453753
10887.5,453753
10887,453753
10887.1,453753
10887.6,453753
10886.9,453753
10887.4,453753
10887.4,453753
10887.9,453753
10887.4,453753
10887,453753
10887.5,453753
10887.5,453753
10887.2,453753
10887.2,453753
10887.6,453753
10887.4,453753
10887.2,453753
10887.5,453753
10887.4,453753
10887.3,453753
10886.9,453753
10887,453753
10887.3,453753
10887.5,453753
10886.8,453753
10886.9,453753
10886.6,453753
10886,453753
10886.7,453753
10887.6,453753
10887.4,453753
10887,453753
10887.4,453753
10885.3,453753
10887.1,453753
10887.8,453753
10887.3,453753
10887.4,453753
10887.2,453753
10887.5,453753
10887.7,453753
10887.3,453753
10887.2,453753
10887.4,453753
10887.8,453753
10887.3,453753
10887.4,453753
10887,453753
10886.7,453753
10886.7,453753
10887.6,453753
10887.1,453753
10887.4,453753
10887.1,453753
10887.5,453753
10887.2,453753
10887.4,453753
10887.5,453753
10887.9,453753
10887.6,453753
10887.6,453753
10887.6,453753
10886.9,453753
10887.7,453753
10887.5,453753
10887.2,453753
10887.6,453753
10887.9,453753
10887.5,453753
10887.4,453753
10887.4,453753
10887,453753
10887.3,453753
10887.8,453753
10887.9,453753
10887.3,453753
10887,453753
10886.5,453753
10887.4,453753
10887.3,453753
10887.6,453753
10887.4,453753
10887.4,453753
10886.6,453753
10887,453753
10887.4,453753
10887.6,453753
10886.3,453753
10886.9,453753
10887.1,453753
10888.3,453753
10887.6,453753
10887.8,453546
