TRACE,NSNPS_JACKKNIFE
69238.2,453753
69239.6,453753
69231.2,453753
69237.2,453753
69234.8,453753
69238.4,453753
69230.4,453753
69231.1,453753
69233.9,453753
69232.3,453753
69233.6,453753
69227.7,453753
69236.7,453753
69232.3,453753
69233.3,453753
69237.9,453753
69232.3,453753
69217.1,453753
69220.8,453753
69231.3,453753
69233,453753
69235,453753
69233.8,453753
69235.2,453753
69233.8,453753
69231.3,453753
69230.9,453753
69227,453753
69230.1,453753
69232.5,453753
69234.1,453753
69232.8,453753
69230.9,453753
69230.1,453753
69236.2,453753
69235,453753
69228.9,453753
69233.8,453753
69233.4,453753
69237.3,453753
69236.2,453753
69235.1,453753
69231.3,453753
69227,453753
69226.1,453753
69228.9,453753
69235.1,453753
69236.3,453753
69235.8,453753
69237,453753
69239,453753
69218.9,453753
69229.2,453753
69231.8,453753
69227.9,453753
69234.2,453753
69232.9,453753
69219.6,453753
69228.5,453753
69228.2,453753
69233.9,453753
69237.2,453753
69236.1,453753
69235.4,453753
69231.2,453753
69234.3,453753
69231.4,453753
69227.8,453753
69231.6,453753
69229,453753
69216.7,453753
69236.6,453753
69235.8,453753
69239.9,453753
69237,453753
69235.9,453753
69236.5,453753
69235,453753
69238.2,453753
69233.6,453753
69226.5,453753
69232,453753
69237.8,453753
69236.4,453753
69239.1,453753
69236.8,453753
69239.5,453753
69237.7,453753
69235.3,453753
69234.9,453753
69228.7,453753
69226.4,453753
69232.9,453753
69186.2,453753
69233.8,453753
69226.5,453753
69234.5,453753
69232.8,453753
69233.3,453753
69237.3,453753
69232.3,453753
69231.2,453753
69225,453753
69226.5,453753
69225.8,453753
69228.6,453753
69234.3,453753
69234.4,453753
69233,453753
69231.8,453753
69235.2,453753
69234.1,453753
69230,453753
69226.3,453753
69222.9,453753
69225.2,453753
69235.9,453753
69233.5,453753
69228.4,453753
69225.1,453753
69229.7,453753
69237.4,453753
69230.4,453753
69233.6,453753
69234.8,453753
69235.8,453753
69230.7,453753
69231.9,453753
69229.2,453753
69234.9,453753
69228.3,453753
69234,453753
69233.7,453753
69235.1,453753
69224.3,453753
69233,453753
69236.9,453753
69234.7,453753
69224.6,453753
69229.8,453753
69213.4,453753
69208.8,453753
69230.1,453753
69227.8,453753
69229.3,453753
69229.1,453753
69233.8,453753
69230.9,453753
69233.6,453753
69234.3,453753
69233.4,453753
69236.5,453753
69236.2,453753
69236.8,453753
69234.6,453753
69232,453753
69234.3,453753
69235.8,453753
69236.5,453753
69234.4,453753
69236.1,453753
69233.8,453753
69234.9,453753
69240.7,453753
69237,453753
69239.2,453753
69236,453753
69236.5,453753
69237.1,453753
69230.8,453753
69228.1,453753
69236.4,453753
69236.4,453753
69234.1,453753
69236.3,453753
69235.6,453753
69238.6,453753
69229.7,453753
69231.6,453753
69230.7,453753
69228.7,453753
69192,453753
69201,453753
69232.5,453753
69227.8,453753
69237.5,453753
69236.8,453753
69239.5,453753
69237,453753
69235.9,453753
69239.5,453753
69237,453753
69227.4,453753
69212.5,453753
69212.7,453753
69207.6,453753
69218.1,453753
69226.8,453753
69234.3,453753
69227.2,453753
69228.6,453753
69232.6,453753
69230.7,453753
69221.1,453753
69232.7,453753
69235.4,453753
69228.3,453753
69235.8,453753
69230.4,453753
69226.9,453753
69228.6,453753
69233.5,453753
69234,453753
69235.8,453753
69227.5,453753
69229.9,453753
69218.7,453753
69219.5,453753
69227.4,453753
69219.7,453753
69235.6,453753
69235.3,453753
69236.4,453753
69236.5,453753
69230.1,453753
69234.7,453753
69237.5,453753
69234.1,453753
69236.3,453753
69235.4,453753
69232.5,453753
69225.6,453753
69227.8,453753
69239.3,453753
69238.3,453753
69238.2,453753
69229.6,453753
69231.9,453753
69227.3,453753
69236,453753
69227.5,453753
69235.5,453753
69237.6,453753
69233.3,453753
69234.8,453753
69231.4,453753
69233.2,453753
69238,453753
69235.7,453753
69225.4,453753
69222.6,453753
69235,453753
69233,453753
69228.3,453753
69229.4,453753
69230,453753
69233,453753
69228.8,453753
69227,453753
69233.2,453753
69239.1,453753
69228.9,453753
69217.6,453753
69230.4,453753
69230.7,453753
69227.7,453753
69227.3,453753
69215.3,453753
69235.2,453753
69232.4,453753
69233.6,453753
69217.5,453753
69229.6,453753
69228.5,453753
69224,453753
69227.6,453753
69233.8,453753
69234.2,453753
69230.3,453753
69226,453753
69231.5,453753
69230,453753
69234.8,453753
69232.4,453753
69225.1,453753
69237.9,453753
69234.3,453753
69233.6,453753
69234.9,453753
69236,453753
69237.4,453753
69235.6,453753
69236.1,453753
69235.9,453753
69237.4,453753
69235.7,453753
69233.7,453753
69233.5,453753
69236.6,453753
69236.9,453753
69236.2,453753
69232.5,453753
69238.8,453753
69232.7,453753
69236.5,453753
69236.6,453753
69233.7,453753
69237,453753
69233.4,453753
69240.9,453753
69237.4,453753
69230.6,453753
69226,453753
69212.9,453753
69201.8,453753
69229.7,453753
69234.8,453753
69226.5,453753
69229.2,453753
69230.2,453753
69232.7,453753
69236.7,453753
69234.9,453753
69234.8,453753
69230.4,453753
69228,453753
69230,453753
69231.5,453753
69230.7,453753
69232.5,453753
69211.4,453753
69232,453753
69230.8,453753
69233.5,453753
69229.9,453753
69235.6,453753
69228.8,453753
69234.5,453753
69234.7,453753
69229.3,453753
69227.6,453753
69233.9,453753
69214.9,453753
69209,453753
69233.9,453753
69235.2,453753
69236.5,453753
69228.1,453753
69230.4,453753
69193.6,453753
69230.6,453753
69232.3,453753
69235,453753
69237.6,453753
69239.4,453753
69237.9,453753
69239.2,453753
69239.4,453753
69236.9,453753
69232.1,453753
69235.4,453753
69238.3,453753
69233.1,453753
69238.2,453753
69230.6,453753
69237.2,453753
69233,453753
69237.2,453753
69232.9,453753
69235.3,453753
69233.5,453753
69231.9,453753
69233.7,453753
69236.1,453753
69231.5,453753
69236.8,453753
69227.6,453753
69214.3,453753
69230.1,453753
69227.5,453753
69203.6,453753
69213.6,453753
69225.1,453753
69232.7,453753
69233.2,453753
69220.6,453753
69221.7,453753
69223.1,453753
69229,453753
69233.2,453753
69230.6,453753
69228.4,453753
69228.5,453753
69233.8,453753
69232.4,453753
69227.2,453753
69223.9,453753
69215.4,453753
69223.7,453753
69232.5,453753
69235.2,453753
69232.2,453753
69233.5,453753
69232.2,453753
69239.6,453753
69209.9,453753
69229,453753
69228,453753
69231.5,453753
69234.7,453753
69238.7,453753
69234.8,453753
69235.1,453753
69235.2,453753
69237.3,453753
69238.2,453753
69235.9,453753
69234.8,453753
69227.9,453753
69228.5,453753
69230.4,453753
69230.9,453753
69235.4,453753
69233.2,453753
69235.9,453753
69234.1,453753
69236.4,453753
69235.5,453753
69226.5,453753
69235.1,453753
69229.8,453753
69235.5,453753
69222.4,453753
69234.5,453753
69233.9,453753
69233,453753
69234.7,453753
69233,453753
69229.7,453753
69230,453753
69228.2,453753
69222.3,453753
69186.9,453753
69232.2,453753
69232.3,453753
69233.3,453753
69237.2,453753
69236.2,453753
69227.1,453753
69223.3,453753
69234.2,453753
69233.8,453753
69226.3,453753
69225.5,453753
69237.9,453753
69233.1,453753
69235.7,453753
69232.8,453753
69229.5,453753
69231.4,453753
69227.7,453753
69231.5,453753
69235.1,453753
69230.1,453753
69237.5,453753
69236,453753
69231,453753
69235.5,453753
69238.1,453753
69231.8,453753
69239.1,453753
69238.6,453753
69239.3,453753
69233,453753
69225.3,453753
69234.3,453753
69230.6,453753
69233.8,453753
69234.9,453753
69224.7,453753
69202.1,453753
69211.8,453753
69234.1,453753
69232.7,453753
69236.6,453753
69230.9,453753
69234.9,453753
69225.1,453753
69235.2,453753
69233.3,453753
69234.6,453753
69227.8,453753
69232.1,453753
69232.4,453753
69217,453753
69224.9,453753
69229.1,453753
69231.5,453753
69234.3,453753
69233.4,453753
69234.5,453753
69237.1,453753
69237.5,453753
69232.9,453753
69230.8,453753
69230.6,453753
69230.3,453753
69230.2,453753
69235,453753
69236.5,453753
69230,453753
69232.6,453753
69231.2,453753
69222.8,453753
69227.3,453753
69232.6,453753
69232.7,453753
69236.3,453753
69237.5,453753
69238.9,453753
69231,453753
69236.3,453753
69236.3,453753
69233.3,453753
69236.2,453753
69236.7,453753
69233.8,453753
69231.8,453753
69238.5,453753
69236.2,453753
69233.9,453753
69236.6,453753
69237.9,453753
69233.5,453753
69235.7,453753
69231.4,453753
69233,453753
69231.3,453753
69232.7,453753
69224.6,453753
69231.6,453753
69220.7,453753
69215.1,453753
69234.2,453753
69230.5,453753
69234.9,453753
69238.6,453753
69235.7,453753
69234.6,453753
69235.4,453753
69230.8,453753
69238.2,453753
69236.2,453753
69229.5,453753
69222.9,453753
69231.2,453753
69231.7,453753
69233.8,453753
69236.9,453753
69232.8,453753
69230.1,453753
69233.4,453753
69232.4,453753
69238.1,453753
69233.5,453753
69229.9,453753
69233.9,453753
69233.6,453753
69237.4,453753
69236.3,453753
69237,453753
69230.7,453753
69232.9,453753
69236.1,453753
69238,453753
69233.9,453753
69234.3,453753
69235.5,453753
69232.2,453753
69235.3,453753
69233,453753
69238.2,453753
69228.8,453753
69230.9,453753
69234,453753
69237,453753
69237.6,453753
69226.7,453753
69223.1,453753
69206.7,453753
69230.6,453753
69232.4,453753
69234.5,453753
69228.5,453753
69233.2,453753
69230.5,453753
69232.7,453753
69225.6,453753
69236.6,453753
69228.4,453753
69175.8,453753
69236.9,453753
69236,453753
69229.6,453753
69235.3,453753
69230.8,453753
69229.8,453753
69235.2,453753
69233.7,453753
69224.2,453753
69233.2,453753
69230.9,453753
69236.9,453753
69232.9,453753
69237.7,453753
69230.5,453753
69236.6,453753
69233.3,453753
69240.1,453753
69235.5,453753
69241.9,453753
69236.6,453753
69228.9,453753
69206.9,453753
69237.3,453753
69225.5,453753
69221.1,453753
69230.5,453753
69226.6,453753
69235.3,453753
69237.4,453753
69232.1,453753
69238.8,453753
69240.3,453753
69233.6,453753
69230.7,453753
69232.4,453753
69233.1,453753
69237.3,453753
69234.1,453753
69231.1,453753
69234.4,453753
69123.9,453753
68958.6,453753
69181.1,453753
69227.7,453753
69226.9,453753
69226.3,453753
69235.3,453753
69226.7,453753
69235,453753
69234.8,453753
69229.9,453753
69204.4,453753
69228.3,453753
69226.1,453753
69232.6,453753
69238.8,453753
69235.8,453753
69227.9,453753
69226.3,453753
69228.1,453753
69233,453753
69235.4,453753
69235.2,453753
69234.8,453753
69238.7,453753
69235.2,453753
69230.2,453753
69237.1,453753
69238,453753
69237.7,453753
69238.2,453753
69234.8,453753
69237,453753
69237.9,453753
69236.6,453753
69239.2,453753
69230.1,453753
69236.4,453753
69233.2,453753
69230.8,453753
69229.3,453753
69232.2,453753
69236.4,453753
69231.6,453753
69234.4,453753
69225.9,453753
69198.7,453753
69229.8,453753
69231.2,453753
69219.8,453753
69225.5,453753
69230.2,453753
69229.5,453753
69230.3,453753
69234.2,453753
69235.2,453753
69236,453753
69234.7,453753
69233.5,453753
69232.3,453753
69220.7,453753
69223.3,453753
69233.4,453753
69232.1,453753
69230.6,453753
69234.9,453753
69232.2,453753
69234.4,453753
69235.7,453753
69227.3,453753
69230.3,453753
69235.2,453753
69236.6,453753
69233.5,453753
69224.3,453753
69239.7,453753
69241.3,453753
69239.5,453753
69238.1,453753
69234.3,453753
69230.2,453753
69236,453753
69234.7,453753
69233.3,453753
69234.5,453753
69237.6,453753
69235.3,453753
69235.5,453753
69233.7,453753
69236.6,453753
69235.7,453753
69236.5,453753
69231.9,453753
69233.4,453753
69220.1,453753
69231.7,453753
69228,453753
69231.7,453753
69234.8,453753
69238.6,453753
69231.1,453753
69231.4,453753
69231.5,453753
69228.7,453753
69234.6,453753
69237.2,453753
69232.8,453753
69235.4,453753
69234.8,453753
69233.1,453753
69239.3,453753
69240,453753
69238.2,453753
69233.8,453753
69240.6,453753
69233.9,453753
69237.4,453753
69238.3,453753
69235.6,453753
69235,453753
69236.7,453753
69238.8,453753
69233.6,453753
69231.2,453753
69225.3,453753
69227.2,453753
69230.2,453753
69236.4,453753
69214.9,453753
69234.6,453753
69232,453753
69231.9,453753
69232.9,453753
69229.7,453753
69231,453753
69233.6,453753
69230.4,453753
69233.1,453753
69231.5,453753
69235.3,453753
69235.5,453753
69237.3,453753
69232.6,453753
69239.6,453753
69239.4,453753
69236.9,453753
69235.3,453753
69231.8,453753
69236.4,453753
69239.6,453753
69238.8,453753
69235.1,453753
69239,453753
69235.9,453753
69234.2,453753
69224.5,453753
69233.1,453753
69224.5,453753
69234.3,453753
69234.8,453753
69237.8,453753
69233,453753
69230.4,453753
69233.1,453753
69235.3,453753
69214.8,453753
69228,453753
69225.8,453753
69235.8,453753
69215.5,453753
69232.8,453753
69233.7,453753
69235.5,453753
69240.8,453753
69238.3,453753
69241.2,453753
69239.2,453753
69231.7,453753
69238.6,453753
69228.3,453753
69231.1,453753
69237.7,453753
69236.2,453753
69236.2,453753
69232.9,453753
69238.2,453753
69238.1,453753
69234.8,453753
69229.7,453753
69233.9,453753
69239.1,453753
69227.2,453753
69226.9,453753
69237.8,453753
69235.7,453753
69237.1,453753
69234.7,453753
69230.3,453753
69235,453753
69233.8,453753
69218.5,453753
69222,453753
69228.6,453753
69232.8,453753
69237.2,453753
69239.3,453753
69235.7,453753
69237.5,453753
69234.2,453753
69239,453753
69237.6,453753
69231.9,453753
69225.4,453753
69237.6,453753
69236.4,453753
69229.9,453753
69229.8,453753
69238.1,453753
69239.4,453753
69241,453753
69235.8,453753
69232.4,453753
69226.4,453753
69225.9,453753
69238.3,453753
69231.9,453753
69230.5,453753
69218.8,453753
69223.6,453753
69210.5,453753
69234.5,453753
69233,453753
69237.9,453753
69226.1,453753
69234.9,453753
69236.5,453753
69237.6,453753
69237.7,453753
69238.8,453753
69237.3,453753
69237.1,453753
69234.5,453753
69231.8,453753
69229.5,453753
69232,453753
69241,453753
69239.9,453753
69242.9,453753
69235.4,453753
69238.3,453753
69235.9,453753
69230,453753
69236.6,453753
69234.8,453753
69232.7,453753
69230.9,453753
69232.9,453753
69235.2,453753
69223.2,453753
69230.9,453753
69233.7,453753
69231.8,453753
69223.3,453753
69233.9,453753
69235.6,453753
69237.7,453753
69232.7,453753
69232.9,453753
69237.1,453753
69235.2,453753
69238.1,453753
69235.8,453753
69235.7,453753
69236.5,453753
69236.3,453753
69235.5,453753
69236.3,453753
69234.4,453753
69233.3,453753
69228.5,453753
69204.4,453753
69231,453753
69230.6,453753
69233,453753
69225.8,453753
69210.7,453753
69229,453753
69235.9,453753
69230.3,453753
69213.4,453753
69225.3,453753
69226.2,453753
69201.8,453753
69229.1,453753
69237.2,453753
69235.9,453753
69232.8,453753
69241,453753
69205.1,453753
69222.3,453753
69227.4,453753
69225.3,453753
69236.1,453753
69230.5,453753
69239.4,453753
69240,453753
69238.9,453753
69234.6,453753
69232.6,453753
69237.8,453753
69233,453753
69233,453753
69231.7,453753
69221.4,453753
69218.3,453753
69235.6,453753
69235.9,453753
69235,453753
69235.9,453753
69234.5,453753
69237.7,453753
69239,453753
69237.4,453753
69239.9,453753
69239.9,453753
69237.7,453753
69233.8,453753
69229.3,453753
69238,453753
69238.2,453753
69237.1,453753
69233.9,453753
69237.6,453753
69235,453753
69232.1,453753
69229.4,453753
69235.1,453753
69233.2,453753
69238.8,453753
69240.1,453753
69234,453753
69231,453753
69222.7,453753
69238.1,453753
69236,453753
69237.8,453753
69236.7,453753
69237,453753
69220.9,453753
69235.7,453753
69237.6,453753
69238.4,453753
69219.4,453753
69225.6,453753
69236.4,453753
69235.8,453753
69237.9,453753
69237.4,453546
