TRACE,NSNPS_JACKKNIFE
69313.4,453753
69310.4,453753
69310.5,453753
69306.9,453753
69310.2,453753
69311.2,453753
69305.3,453753
69302.4,453753
69307,453753
69305.5,453753
69306.5,453753
69298.4,453753
69312.7,453753
69310.2,453753
69309.2,453753
69307.7,453753
69307,453753
69294.5,453753
69295.8,453753
69306.1,453753
69310.5,453753
69309.5,453753
69307.2,453753
69311.5,453753
69309.8,453753
69308.5,453753
69298.9,453753
69301.6,453753
69304.5,453753
69311.8,453753
69310.2,453753
69306.6,453753
69306.4,453753
69305.3,453753
69306.9,453753
69307.2,453753
69310.4,453753
69302.9,453753
69308.2,453753
69311.3,453753
69311,453753
69308.2,453753
69308.5,453753
69298.8,453753
69300.7,453753
69304,453753
69308.5,453753
69305.8,453753
69310.4,453753
69312.9,453753
69310.8,453753
69300.4,453753
69304.3,453753
69305,453753
69307.1,453753
69307.5,453753
69303.4,453753
69298.6,453753
69303.9,453753
69301.1,453753
69307.4,453753
69309.8,453753
69308.8,453753
69308.4,453753
69303.4,453753
69307,453753
69307.2,453753
69304.1,453753
69308.2,453753
69301.9,453753
69292.6,453753
69308.7,453753
69310.1,453753
69312.4,453753
69311.9,453753
69309.7,453753
69310.4,453753
69308.9,453753
69311.5,453753
69308.2,453753
69305.2,453753
69307.3,453753
69312.7,453753
69316.6,453753
69315.3,453753
69308.2,453753
69312.6,453753
69313.1,453753
69309.2,453753
69309,453753
69302.2,453753
69301.1,453753
69308.5,453753
69263.7,453753
69309.4,453753
69300.4,453753
69305.2,453753
69307.7,453753
69304.7,453753
69310.3,453753
69304.9,453753
69306.7,453753
69303.5,453753
69302.1,453753
69299.5,453753
69302.6,453753
69306.9,453753
69309,453753
69307.8,453753
69307.1,453753
69308.1,453753
69308.8,453753
69302.4,453753
69301.9,453753
69299.5,453753
69299,453753
69310.5,453753
69309.4,453753
69303.4,453753
69301,453753
69302.4,453753
69309.5,453753
69303.5,453753
69305.1,453753
69307.9,453753
69305.9,453753
69306,453753
69306.7,453753
69301.4,453753
69308.4,453753
69303.8,453753
69307.2,453753
69305.3,453753
69304.5,453753
69302,453753
69308.2,453753
69308.1,453753
69309.7,453753
69296.2,453753
69308.4,453753
69296.1,453753
69292.7,453753
69307.4,453753
69303.2,453753
69308,453753
69297.7,453753
69304.9,453753
69303.1,453753
69309.2,453753
69308.1,453753
69306.5,453753
69307.9,453753
69308.7,453753
69307.2,453753
69310.2,453753
69310.9,453753
69309.5,453753
69309.9,453753
69311.5,453753
69308.7,453753
69305.4,453753
69307.9,453753
69310.2,453753
69313.5,453753
69312.8,453753
69311.4,453753
69312.1,453753
69306.1,453753
69307.7,453753
69308.5,453753
69303.6,453753
69307.9,453753
69305.7,453753
69311.5,453753
69311.2,453753
69307.3,453753
69308.4,453753
69304.5,453753
69304.7,453753
69305.4,453753
69301,453753
69263.8,453753
69269.5,453753
69304.9,453753
69302.5,453753
69312.8,453753
69307.1,453753
69310.5,453753
69310.7,453753
69307.3,453753
69312.9,453753
69310.6,453753
69298.6,453753
69289.9,453753
69286.8,453753
69277.6,453753
69293.8,453753
69303.4,453753
69309.9,453753
69309.5,453753
69302.9,453753
69308.2,453753
69309.5,453753
69298.4,453753
69309.8,453753
69306.6,453753
69304.7,453753
69308.1,453753
69302.4,453753
69295.3,453753
69306.8,453753
69309.1,453753
69307.9,453753
69308.4,453753
69302.8,453753
69304.9,453753
69292.3,453753
69292.9,453753
69297.2,453753
69287.3,453753
69314.1,453753
69310.8,453753
69306.8,453753
69308.2,453753
69300.4,453753
69310.5,453753
69310.7,453753
69309.9,453753
69311.9,453753
69310.8,453753
69306.7,453753
69299.6,453753
69302.9,453753
69309.6,453753
69310.6,453753
69312.4,453753
69304.6,453753
69307.8,453753
69301.6,453753
69311.1,453753
69306.3,453753
69309.2,453753
69312.8,453753
69310.2,453753
69308,453753
69306.9,453753
69308,453753
69309.9,453753
69306.5,453753
69300.2,453753
69294,453753
69309.6,453753
69306.8,453753
69298.6,453753
69305.3,453753
69304.2,453753
69304.9,453753
69307.3,453753
69297.4,453753
69304.8,453753
69312.3,453753
69304.1,453753
69284.9,453753
69306.6,453753
69307.6,453753
69304.3,453753
69304.7,453753
69283,453753
69307.9,453753
69307.9,453753
69305.2,453753
69295.9,453753
69305.9,453753
69301.7,453753
69303.4,453753
69300.1,453753
69309.5,453753
69309.6,453753
69302.5,453753
69297.9,453753
69306.1,453753
69303.3,453753
69308.3,453753
69310.7,453753
69304.1,453753
69309.5,453753
69307.7,453753
69306.2,453753
69306.2,453753
69310.6,453753
69310.7,453753
69312,453753
69314.5,453753
69308,453753
69311.9,453753
69307.9,453753
69308.7,453753
69308.5,453753
69313.5,453753
69310.9,453753
69313.1,453753
69311.1,453753
69314.6,453753
69308.2,453753
69309,453753
69311.4,453753
69308.1,453753
69306.6,453753
69306.5,453753
69313.5,453753
69310.2,453753
69306.3,453753
69296.9,453753
69286.1,453753
69284,453753
69303.5,453753
69303.7,453753
69302.9,453753
69302.8,453753
69303.2,453753
69310.9,453753
69309.5,453753
69304.3,453753
69304.1,453753
69302.2,453753
69304.3,453753
69304,453753
69304.4,453753
69304.7,453753
69304.6,453753
69285.6,453753
69307.7,453753
69307.7,453753
69307.9,453753
69306.3,453753
69307.1,453753
69303.5,453753
69308.1,453753
69310.8,453753
69304.1,453753
69299.9,453753
69302.7,453753
69291.5,453753
69284.9,453753
69305.9,453753
69299.6,453753
69307.5,453753
69305,453753
69303.9,453753
69269,453753
69305.3,453753
69309.3,453753
69310.8,453753
69313.1,453753
69312.4,453753
69311.5,453753
69311.8,453753
69312.4,453753
69308.3,453753
69309.9,453753
69308.8,453753
69314.1,453753
69306.2,453753
69308.3,453753
69306.8,453753
69310.6,453753
69308.7,453753
69310.1,453753
69304.9,453753
69311.9,453753
69310.3,453753
69305.3,453753
69306,453753
69309.3,453753
69303.5,453753
69306.9,453753
69303.5,453753
69283.2,453753
69298.6,453753
69300.6,453753
69270,453753
69295.5,453753
69302.7,453753
69306,453753
69304.1,453753
69296.7,453753
69296.8,453753
69292.6,453753
69299.2,453753
69307.8,453753
69305.3,453753
69300.3,453753
69304.2,453753
69305.8,453753
69303.4,453753
69298.7,453753
69302.2,453753
69297.2,453753
69300.5,453753
69306.5,453753
69305.4,453753
69308.1,453753
69309.5,453753
69307.2,453753
69311.7,453753
69283.8,453753
69304.7,453753
69303,453753
69304.1,453753
69309.6,453753
69312.7,453753
69310.4,453753
69305.8,453753
69308.2,453753
69312.5,453753
69310.7,453753
69310.6,453753
69308.4,453753
69301.4,453753
69302.3,453753
69304.6,453753
69306.6,453753
69310.8,453753
69303.7,453753
69309.7,453753
69308.3,453753
69310.1,453753
69308.5,453753
69307,453753
69306.8,453753
69308.6,453753
69309.9,453753
69289,453753
69305.2,453753
69310.1,453753
69307,453753
69308.3,453753
69305.1,453753
69305.1,453753
69301.9,453753
69309.4,453753
69297.3,453753
69266.4,453753
69305.3,453753
69306.2,453753
69308.2,453753
69310.6,453753
69308.8,453753
69303.7,453753
69299.2,453753
69306,453753
69308.7,453753
69300.9,453753
69299.5,453753
69310.5,453753
69307.3,453753
69309.9,453753
69310.7,453753
69301.9,453753
69303.5,453753
69299,453753
69305.6,453753
69308.6,453753
69304.2,453753
69311.3,453753
69312.7,453753
69305.7,453753
69309.2,453753
69309.8,453753
69306.7,453753
69311.9,453753
69313.5,453753
69309.2,453753
69305.8,453753
69301,453753
69301.1,453753
69303.8,453753
69307.4,453753
69312.3,453753
69286.7,453753
69237.8,453753
69248.9,453753
69303.4,453753
69308.8,453753
69311.1,453753
69303.4,453753
69306.9,453753
69298.4,453753
69307.9,453753
69309.2,453753
69310.6,453753
69301,453753
69306.8,453753
69307.6,453753
69283.5,453753
69299.6,453753
69303.2,453753
69305.3,453753
69305.4,453753
69306.6,453753
69307.9,453753
69312.2,453753
69310.9,453753
69306.1,453753
69301.9,453753
69306.6,453753
69303.5,453753
69304.3,453753
69306.3,453753
69309.9,453753
69305.6,453753
69304.8,453753
69307.5,453753
69291.6,453753
69297,453753
69310,453753
69310.6,453753
69308.4,453753
69311.2,453753
69313.5,453753
69305.4,453753
69305.9,453753
69308.2,453753
69309.3,453753
69311.4,453753
69306.2,453753
69306.7,453753
69304.8,453753
69311.7,453753
69311.3,453753
69309.2,453753
69310.2,453753
69310.5,453753
69310.9,453753
69307.6,453753
69307.3,453753
69308.6,453753
69304.6,453753
69308.9,453753
69295.6,453753
69304.1,453753
69296.7,453753
69286.9,453753
69307.2,453753
69306.1,453753
69309,453753
69308,453753
69309.6,453753
69308.6,453753
69310.8,453753
69308.5,453753
69309.1,453753
69309.6,453753
69301.5,453753
69296.8,453753
69303.7,453753
69307.2,453753
69306.6,453753
69312.3,453753
69307.1,453753
69299.7,453753
69307.7,453753
69305.4,453753
69312.1,453753
69308.1,453753
69302.8,453753
69309.8,453753
69307.2,453753
69312,453753
69307.1,453753
69313.4,453753
69306.7,453753
69306.7,453753
69309.8,453753
69311.5,453753
69309.6,453753
69310.7,453753
69308.1,453753
69308.8,453753
69306.4,453753
69310.1,453753
69309.4,453753
69302.5,453753
69305.8,453753
69305.8,453753
69308.4,453753
69311.6,453753
69304.9,453753
69296,453753
69286.2,453753
69304,453753
69305.8,453753
69309.4,453753
69299.5,453753
69308.4,453753
69303.2,453753
69305,453753
69304.8,453753
69309.8,453753
69303.8,453753
69251.4,453753
69310.9,453753
69310,453753
69304.2,453753
69309.6,453753
69306.9,453753
69305,453753
69307.9,453753
69299.3,453753
69294.5,453753
69305.6,453753
69306.3,453753
69310.5,453753
69311.7,453753
69311,453753
69309.9,453753
69308.1,453753
69305.8,453753
69309.7,453753
69311.3,453753
69312.5,453753
69309.3,453753
69304,453753
69285,453753
69310,453753
69296.5,453753
69294.9,453753
69303.2,453753
69302.9,453753
69312.1,453753
69309.1,453753
69306,453753
69314.5,453753
69310,453753
69311.1,453753
69304,453753
69303.9,453753
69306,453753
69310.4,453753
69306.8,453753
69304.7,453753
69305.9,453753
69202.4,453753
69043.8,453753
69256.9,453753
69302,453753
69300.7,453753
69302.1,453753
69307.5,453753
69299.2,453753
69305.1,453753
69310.8,453753
69306.4,453753
69283.6,453753
69304.2,453753
69300.5,453753
69303.9,453753
69311.7,453753
69303.6,453753
69296.6,453753
69302.6,453753
69303.8,453753
69302.8,453753
69306.3,453753
69306,453753
69308.8,453753
69312.9,453753
69311.1,453753
69302.2,453753
69312.5,453753
69312.9,453753
69313.4,453753
69311.3,453753
69305.7,453753
69310.1,453753
69313,453753
69310.5,453753
69309.2,453753
69302.7,453753
69311,453753
69309,453753
69305.4,453753
69305.3,453753
69305.1,453753
69309.9,453753
69306.5,453753
69306.3,453753
69295.7,453753
69274.4,453753
69304.1,453753
69306.6,453753
69294.9,453753
69299.6,453753
69304.4,453753
69300.9,453753
69302.1,453753
69306.3,453753
69311.8,453753
69310.2,453753
69304.5,453753
69309.8,453753
69308.4,453753
69300.8,453753
69298.3,453753
69308.1,453753
69309.4,453753
69304,453753
69308.5,453753
69307.3,453753
69307.2,453753
69311,453753
69302.5,453753
69305.1,453753
69312.3,453753
69309.7,453753
69303.2,453753
69298.2,453753
69313.2,453753
69313,453753
69313,453753
69312.9,453753
69308.1,453753
69299.7,453753
69311.4,453753
69309.6,453753
69309.1,453753
69311.5,453753
69311.8,453753
69312.6,453753
69309.4,453753
69312.1,453753
69309.1,453753
69310.9,453753
69312.2,453753
69306.2,453753
69303.7,453753
69298.8,453753
69306.1,453753
69304.3,453753
69297.8,453753
69305.3,453753
69312.1,453753
69309.5,453753
69308.7,453753
69307.1,453753
69299.5,453753
69303.1,453753
69308.7,453753
69303.3,453753
69304.7,453753
69311.2,453753
69310.5,453753
69312.7,453753
69312.3,453753
69311.3,453753
69309.2,453753
69311.2,453753
69307.2,453753
69312.3,453753
69312.8,453753
69307,453753
69312.4,453753
69312.8,453753
69312.2,453753
69306.9,453753
69301.4,453753
69300.4,453753
69295.4,453753
69307.3,453753
69308.1,453753
69290.4,453753
69308.8,453753
69299.6,453753
69305.1,453753
69300.1,453753
69303.5,453753
69302.1,453753
69308.1,453753
69306.2,453753
69307.8,453753
69307.5,453753
69308.5,453753
69309.4,453753
69310.7,453753
69305.1,453753
69314.9,453753
69308.4,453753
69311.7,453753
69308.9,453753
69301,453753
69307.2,453753
69314.2,453753
69314.6,453753
69309,453753
69313.3,453753
69311.2,453753
69308.1,453753
69298.7,453753
69309.5,453753
69299.6,453753
69307.5,453753
69307.7,453753
69309.4,453753
69306.2,453753
69304.8,453753
69306,453753
69313,453753
69286.6,453753
69299.5,453753
69302.4,453753
69307.2,453753
69288,453753
69308.1,453753
69308.1,453753
69312.1,453753
69314.2,453753
69311.7,453753
69313.4,453753
69313.7,453753
69307.6,453753
69311.8,453753
69301.4,453753
69306,453753
69311.4,453753
69310.6,453753
69312.5,453753
69310.7,453753
69308.4,453753
69313.6,453753
69312.8,453753
69305,453753
69310.1,453753
69314.1,453753
69301.2,453753
69303.1,453753
69312,453753
69311.5,453753
69311.6,453753
69305,453753
69306.4,453753
69309.5,453753
69306.7,453753
69291.8,453753
69294.5,453753
69304.5,453753
69305.7,453753
69309.8,453753
69312.5,453753
69308.5,453753
69310.9,453753
69308.7,453753
69314.6,453753
69308.8,453753
69302.4,453753
69294.7,453753
69307.6,453753
69312.4,453753
69307.8,453753
69304.9,453753
69311.2,453753
69309.8,453753
69313.4,453753
69307.1,453753
69302.6,453753
69301.7,453753
69298.5,453753
69314.2,453753
69309.8,453753
69304.3,453753
69292.2,453753
69295.7,453753
69282.8,453753
69311.9,453753
69307.3,453753
69313.2,453753
69298.7,453753
69308,453753
69307.2,453753
69309.8,453753
69312.5,453753
69311.6,453753
69310.3,453753
69310.6,453753
69311.1,453753
69309.5,453753
69304.2,453753
69306.1,453753
69314,453753
69314.9,453753
69315.9,453753
69310.1,453753
69313.2,453753
69311.4,453753
69308.5,453753
69311.2,453753
69310.9,453753
69310.5,453753
69307.7,453753
69308.6,453753
69307.9,453753
69303.8,453753
69299.5,453753
69306.7,453753
69305.6,453753
69299.4,453753
69308.9,453753
69310.1,453753
69310.1,453753
69303.8,453753
69306.4,453753
69314.1,453753
69310.2,453753
69315.3,453753
69305.7,453753
69310.7,453753
69308.9,453753
69309.5,453753
69308.7,453753
69314.3,453753
69311.8,453753
69306.5,453753
69302,453753
69277.2,453753
69303.4,453753
69308.5,453753
69305.5,453753
69301.2,453753
69288.8,453753
69301,453753
69311.7,453753
69304.1,453753
69293.3,453753
69300.9,453753
69298.1,453753
69281.6,453753
69305.4,453753
69308.6,453753
69311,453753
69306,453753
69312.8,453753
69280.9,453753
69295.4,453753
69307.1,453753
69306.7,453753
69312.4,453753
69307.7,453753
69312,453753
69313.5,453753
69312.4,453753
69309.3,453753
69307.3,453753
69311.3,453753
69308.3,453753
69308.1,453753
69303.1,453753
69295.9,453753
69292,453753
69308.9,453753
69307.6,453753
69310.9,453753
69304.2,453753
69307.6,453753
69309.3,453753
69310.6,453753
69311.7,453753
69311.2,453753
69311.6,453753
69312.4,453753
69311.8,453753
69305.1,453753
69311.1,453753
69311.7,453753
69313,453753
69308.8,453753
69310.9,453753
69309.4,453753
69303.6,453753
69309.8,453753
69309.6,453753
69307.9,453753
69312.6,453753
69310.6,453753
69312,453753
69308.2,453753
69300.5,453753
69313.9,453753
69311.8,453753
69312.2,453753
69313.1,453753
69311.2,453753
69292.2,453753
69306.7,453753
69311.5,453753
69310.2,453753
69291.3,453753
69300.5,453753
69311.3,453753
69312.2,453753
69309.7,453753
69316.7,453546
