TRACE,NSNPS_JACKKNIFE
69192.8,453753
69193.2,453753
69192.1,453753
69191.8,453753
69187.1,453753
69194.6,453753
69188.5,453753
69186.7,453753
69190.6,453753
69187.4,453753
69191.1,453753
69182.8,453753
69193.3,453753
69188.3,453753
69191.9,453753
69190.1,453753
69191,453753
69177.5,453753
69179.9,453753
69183,453753
69191.4,453753
69190.7,453753
69189.3,453753
69190.7,453753
69193.5,453753
69191.6,453753
69181.6,453753
69184,453753
69187.5,453753
69187.8,453753
69191.3,453753
69190.4,453753
69185.9,453753
69187.9,453753
69190.8,453753
69187.7,453753
69189.1,453753
69185,453753
69187.6,453753
69190.1,453753
69191.8,453753
69190.3,453753
69183.6,453753
69178.6,453753
69177.2,453753
69187,453753
69189.5,453753
69190.6,453753
69193.6,453753
69194.4,453753
69191.7,453753
69184.4,453753
69186.8,453753
69189.3,453753
69178.6,453753
69188.8,453753
69190,453753
69184.5,453753
69188,453753
69183.6,453753
69187.8,453753
69196.2,453753
69191.5,453753
69192.6,453753
69185.4,453753
69189.5,453753
69186.4,453753
69183.7,453753
69189.5,453753
69184.7,453753
69172.7,453753
69187.5,453753
69191.8,453753
69195.3,453753
69194.5,453753
69192.2,453753
69196.9,453753
69193.8,453753
69196.9,453753
69193.3,453753
69181.4,453753
69191.4,453753
69193.8,453753
69196.4,453753
69195.1,453753
69191.5,453753
69195.5,453753
69194.6,453753
69189,453753
69191.4,453753
69179.3,453753
69181.9,453753
69191.3,453753
69161.2,453753
69189.5,453753
69188.3,453753
69189.3,453753
69190.4,453753
69191.8,453753
69192.3,453753
69182.3,453753
69186.4,453753
69183.8,453753
69182.5,453753
69183.1,453753
69182,453753
69189.1,453753
69190.2,453753
69190.4,453753
69192.5,453753
69191.7,453753
69190.5,453753
69184.4,453753
69178.7,453753
69181.7,453753
69183.9,453753
69187.6,453753
69190.1,453753
69188.9,453753
69183.9,453753
69183.3,453753
69193.2,453753
69186.3,453753
69190.8,453753
69190.4,453753
69184.7,453753
69189.2,453753
69187.4,453753
69183.7,453753
69188.2,453753
69186.9,453753
69185.6,453753
69184.9,453753
69188.3,453753
69183.3,453753
69192.1,453753
69192.8,453753
69192,453753
69185,453753
69189.8,453753
69178.7,453753
69169.4,453753
69183.9,453753
69184,453753
69184.2,453753
69188,453753
69186.3,453753
69185.3,453753
69190.1,453753
69190.3,453753
69194.5,453753
69193.6,453753
69194.4,453753
69192.8,453753
69192,453753
69190,453753
69192.3,453753
69192.8,453753
69196.3,453753
69192.8,453753
69188.3,453753
69192,453753
69194.3,453753
69194.9,453753
69195.9,453753
69192.3,453753
69194.7,453753
69192.4,453753
69194.4,453753
69190.9,453753
69185.8,453753
69191,453753
69192.5,453753
69191.1,453753
69194,453753
69186.8,453753
69190.6,453753
69187.8,453753
69186.7,453753
69187.9,453753
69186,453753
69146.5,453753
69151.6,453753
69189.6,453753
69184.4,453753
69193.7,453753
69193.1,453753
69193.4,453753
69193.2,453753
69191.5,453753
69196.1,453753
69190.2,453753
69181.4,453753
69168.6,453753
69168.9,453753
69161,453753
69175.2,453753
69180.7,453753
69191.7,453753
69187.5,453753
69187.6,453753
69192.1,453753
69193.3,453753
69181,453753
69190.9,453753
69186.2,453753
69184.7,453753
69189.3,453753
69184.6,453753
69178.5,453753
69186.6,453753
69191.9,453753
69193,453753
69191.1,453753
69186.7,453753
69188.7,453753
69179,453753
69181.8,453753
69181.9,453753
69175.4,453753
69193.8,453753
69193.3,453753
69188.6,453753
69192.7,453753
69185.7,453753
69193.7,453753
69194,453753
69191.5,453753
69194.9,453753
69193.1,453753
69190.9,453753
69181.5,453753
69182,453753
69194.5,453753
69195.6,453753
69194,453753
69189.5,453753
69186.9,453753
69182.4,453753
69193.3,453753
69186.5,453753
69195.6,453753
69193.6,453753
69185.5,453753
69189.2,453753
69189.3,453753
69191.5,453753
69188.2,453753
69191.3,453753
69179.3,453753
69178.7,453753
69190.2,453753
69191,453753
69186,453753
69185.8,453753
69184.8,453753
69188.1,453753
69187.5,453753
69180.2,453753
69189.1,453753
69193.5,453753
69187.2,453753
69163.5,453753
69185.9,453753
69189.6,453753
69190.5,453753
69183.5,453753
69168.5,453753
69191.2,453753
69190.2,453753
69190.5,453753
69174.8,453753
69189.3,453753
69190,453753
69184.1,453753
69180.2,453753
69192.3,453753
69191.9,453753
69187.1,453753
69179.4,453753
69187.6,453753
69185.3,453753
69191.8,453753
69190.3,453753
69186.1,453753
69190.7,453753
69192.9,453753
69187.5,453753
69187.6,453753
69193.2,453753
69193.7,453753
69192.3,453753
69192.8,453753
69189.2,453753
69194.3,453753
69192.2,453753
69187.5,453753
69192,453753
69196.2,453753
69192.1,453753
69195.7,453753
69192.5,453753
69197.3,453753
69190.8,453753
69190.6,453753
69192.2,453753
69189.9,453753
69188.4,453753
69189.1,453753
69191.9,453753
69192.6,453753
69187.7,453753
69181.9,453753
69172.1,453753
69165.3,453753
69185.3,453753
69189.4,453753
69183.3,453753
69185.6,453753
69187.8,453753
69188.5,453753
69192.7,453753
69187.2,453753
69189.3,453753
69189.7,453753
69182.7,453753
69185.6,453753
69186.7,453753
69186.6,453753
69181.6,453753
69158.6,453753
69187.2,453753
69185.5,453753
69191.5,453753
69190.4,453753
69190.6,453753
69185.1,453753
69190.1,453753
69193,453753
69183.1,453753
69180.5,453753
69188.8,453753
69170,453753
69167.4,453753
69191.5,453753
69179,453753
69190.9,453753
69183.6,453753
69188.5,453753
69154.5,453753
69190,453753
69189.1,453753
69194.2,453753
69194.1,453753
69195.5,453753
69194.1,453753
69192.6,453753
69195.5,453753
69192.3,453753
69192.7,453753
69193.1,453753
69195.9,453753
69192,453753
69192.7,453753
69188.5,453753
69193.5,453753
69189.6,453753
69193.2,453753
69188.9,453753
69190.1,453753
69195.1,453753
69189.7,453753
69189.2,453753
69189,453753
69186.7,453753
69189,453753
69182.6,453753
69167.1,453753
69183,453753
69184.1,453753
69157.4,453753
69176.9,453753
69183,453753
69185,453753
69183.6,453753
69177.4,453753
69173.9,453753
69177.1,453753
69184.9,453753
69188.8,453753
69185.7,453753
69183.1,453753
69185.4,453753
69188,453753
69188.5,453753
69180.5,453753
69184.2,453753
69172.9,453753
69184.5,453753
69191.1,453753
69191,453753
69191.8,453753
69193.3,453753
69190.7,453753
69194.8,453753
69167.3,453753
69185.3,453753
69182.7,453753
69187.9,453753
69192.2,453753
69192.3,453753
69192.6,453753
69188,453753
69193.1,453753
69192.2,453753
69193.8,453753
69192.5,453753
69192.1,453753
69181.9,453753
69181.8,453753
69187.3,453753
69193.5,453753
69191,453753
69187,453753
69192.5,453753
69188.9,453753
69193.8,453753
69191.7,453753
69185.8,453753
69188.2,453753
69190.1,453753
69192,453753
69172.3,453753
69191.7,453753
69192,453753
69188,453753
69191.9,453753
69187.1,453753
69187.2,453753
69184.8,453753
69188.1,453753
69182.7,453753
69147.6,453753
69185.6,453753
69185.6,453753
69190.7,453753
69194.4,453753
69193,453753
69189.1,453753
69185.3,453753
69190.2,453753
69188.4,453753
69177,453753
69180.8,453753
69193.7,453753
69188.1,453753
69189.8,453753
69186.8,453753
69184.8,453753
69179.3,453753
69183,453753
69187.6,453753
69191.8,453753
69184.8,453753
69194.5,453753
69195.8,453753
69190.4,453753
69187.9,453753
69194.1,453753
69187.5,453753
69195.7,453753
69194.9,453753
69192.8,453753
69188.3,453753
69183.5,453753
69188,453753
69186,453753
69192.7,453753
69193.6,453753
69176.8,453753
69141.7,453753
69151.8,453753
69189.1,453753
69192.3,453753
69193.2,453753
69190.5,453753
69190.2,453753
69182.9,453753
69191.4,453753
69190.4,453753
69193.6,453753
69186.7,453753
69188.4,453753
69189,453753
69174.8,453753
69182.4,453753
69190.5,453753
69189.8,453753
69192.8,453753
69184.7,453753
69190.6,453753
69192.5,453753
69195.8,453753
69185.7,453753
69184,453753
69185.9,453753
69182.3,453753
69188.2,453753
69193.3,453753
69193.8,453753
69184.2,453753
69185.6,453753
69189,453753
69183.1,453753
69174.4,453753
69193.5,453753
69192.2,453753
69192.5,453753
69191.2,453753
69194,453753
69192.3,453753
69196.3,453753
69190.8,453753
69192.3,453753
69193.2,453753
69195.6,453753
69188.3,453753
69193.9,453753
69194.6,453753
69193.9,453753
69190.3,453753
69193.1,453753
69195.7,453753
69193.2,453753
69192,453753
69187.1,453753
69192.8,453753
69185.7,453753
69193.8,453753
69185.8,453753
69188.4,453753
69178.9,453753
69170.9,453753
69190.6,453753
69186.3,453753
69187.9,453753
69191.7,453753
69188.4,453753
69188.6,453753
69190.6,453753
69195.4,453753
69192.3,453753
69190.8,453753
69187.4,453753
69181.2,453753
69189.2,453753
69187.6,453753
69188.3,453753
69191.4,453753
69187.5,453753
69181.4,453753
69187.5,453753
69187.6,453753
69191.9,453753
69187.2,453753
69185.4,453753
69190.9,453753
69190.9,453753
69193.5,453753
69191.2,453753
69195.2,453753
69189.9,453753
69189.8,453753
69192.7,453753
69194.5,453753
69191.4,453753
69190.3,453753
69192.4,453753
69193.6,453753
69191,453753
69189,453753
69193.1,453753
69185.7,453753
69187.3,453753
69188.2,453753
69186.2,453753
69191.1,453753
69186.9,453753
69178.8,453753
69164.8,453753
69187.6,453753
69186.6,453753
69191.1,453753
69183.3,453753
69187.2,453753
69183.4,453753
69186.1,453753
69183.5,453753
69193.1,453753
69188.4,453753
69144.6,453753
69190.7,453753
69193.7,453753
69187.8,453753
69192.6,453753
69185,453753
69182.5,453753
69187.4,453753
69183.2,453753
69176.4,453753
69188.8,453753
69188.3,453753
69189.5,453753
69192.3,453753
69194.7,453753
69191.1,453753
69190.5,453753
69192.1,453753
69193.6,453753
69193.2,453753
69197.4,453753
69187.1,453753
69185.9,453753
69166,453753
69191.8,453753
69177.2,453753
69167.2,453753
69183.1,453753
69184.4,453753
69195.1,453753
69190.6,453753
69191.1,453753
69197.7,453753
69194.7,453753
69191.2,453753
69185.7,453753
69187.7,453753
69191.7,453753
69193.4,453753
69188.2,453753
69188.5,453753
69191,453753
69091.7,453753
68944.5,453753
69138.1,453753
69182.9,453753
69178.9,453753
69182.1,453753
69191.7,453753
69183.9,453753
69189,453753
69193.8,453753
69189.5,453753
69165.1,453753
69183.7,453753
69182.5,453753
69189.6,453753
69191.4,453753
69188.4,453753
69185.9,453753
69183.8,453753
69186.3,453753
69189.5,453753
69187.3,453753
69190.1,453753
69190.3,453753
69192.5,453753
69191.9,453753
69186.7,453753
69194,453753
69192.6,453753
69194.7,453753
69193.6,453753
69190.6,453753
69191.6,453753
69195,453753
69196.6,453753
69192,453753
69188.2,453753
69192.3,453753
69192.6,453753
69188.2,453753
69189.6,453753
69190.1,453753
69193.4,453753
69189.5,453753
69190.2,453753
69181.2,453753
69153.2,453753
69182.5,453753
69188.5,453753
69183.9,453753
69184.8,453753
69182,453753
69187.9,453753
69186.1,453753
69188.7,453753
69193.2,453753
69190.6,453753
69188.9,453753
69189.6,453753
69190.8,453753
69181.9,453753
69179.1,453753
69193.6,453753
69189.3,453753
69184.5,453753
69190,453753
69189.5,453753
69186.7,453753
69193.8,453753
69181.1,453753
69189.3,453753
69194,453753
69193.9,453753
69185.2,453753
69177.7,453753
69195.7,453753
69196.6,453753
69196.3,453753
69193.8,453753
69187.5,453753
69184.7,453753
69194,453753
69189.1,453753
69192.2,453753
69193.6,453753
69196,453753
69196.5,453753
69188.5,453753
69192.4,453753
69191.7,453753
69192,453753
69194.1,453753
69185.5,453753
69188.5,453753
69175.8,453753
69185,453753
69184.5,453753
69183.1,453753
69189.6,453753
69195.5,453753
69187.6,453753
69190.1,453753
69185.8,453753
69181.8,453753
69189.3,453753
69189.6,453753
69188.4,453753
69190.7,453753
69192.2,453753
69196,453753
69195.4,453753
69195.3,453753
69195.3,453753
69189.5,453753
69195,453753
69187.3,453753
69191.4,453753
69193.6,453753
69193.1,453753
69192.3,453753
69194.7,453753
69196.5,453753
69192,453753
69187,453753
69186.8,453753
69178.9,453753
69189.5,453753
69190.2,453753
69175.7,453753
69192.5,453753
69184.7,453753
69186,453753
69187.3,453753
69181.5,453753
69183.9,453753
69190,453753
69189.7,453753
69190.2,453753
69190.5,453753
69191,453753
69191.6,453753
69191.6,453753
69187.4,453753
69195.6,453753
69194,453753
69195.3,453753
69193.1,453753
69188.4,453753
69190.2,453753
69196.5,453753
69194.1,453753
69189.3,453753
69196.1,453753
69194.3,453753
69188,453753
69181.6,453753
69190.3,453753
69179,453753
69190.9,453753
69187.9,453753
69190.8,453753
69192.6,453753
69186.3,453753
69188.2,453753
69193,453753
69171.7,453753
69184.2,453753
69183.1,453753
69190.4,453753
69172.2,453753
69190.8,453753
69190.8,453753
69194,453753
69195.9,453753
69192.7,453753
69193.3,453753
69195,453753
69190.8,453753
69194.9,453753
69186.5,453753
69188.8,453753
69195.8,453753
69191,453753
69191.1,453753
69191,453753
69193.6,453753
69191.4,453753
69195.7,453753
69188.3,453753
69190.2,453753
69193.9,453753
69182.1,453753
69178.7,453753
69194.1,453753
69192.9,453753
69194.8,453753
69193.2,453753
69189.4,453753
69192.3,453753
69190.7,453753
69171.8,453753
69174.8,453753
69185.6,453753
69189,453753
69192,453753
69194.5,453753
69190.3,453753
69191,453753
69191.2,453753
69191.8,453753
69192.7,453753
69189.2,453753
69178.7,453753
69190.5,453753
69192.7,453753
69189.1,453753
69186.6,453753
69195.9,453753
69195.4,453753
69195.6,453753
69191.7,453753
69186.3,453753
69182.7,453753
69184.5,453753
69195,453753
69191.1,453753
69187.8,453753
69178.2,453753
69178.6,453753
69154.8,453753
69191,453753
69186,453753
69196.4,453753
69176.5,453753
69189.4,453753
69191.4,453753
69195.1,453753
69194.2,453753
69192.6,453753
69189.6,453753
69192,453753
69192.5,453753
69190.8,453753
69182.7,453753
69186.9,453753
69195.9,453753
69196.1,453753
69198,453753
69194.1,453753
69193.5,453753
69190.7,453753
69189.5,453753
69191.1,453753
69192.1,453753
69190.1,453753
69186.9,453753
69189,453753
69191.7,453753
69185.4,453753
69185.4,453753
69189.2,453753
69187.9,453753
69181.1,453753
69190.2,453753
69194.5,453753
69192.1,453753
69190,453753
69189.5,453753
69191.3,453753
69191.6,453753
69194.3,453753
69192.4,453753
69195.7,453753
69190.7,453753
69190.4,453753
69192.7,453753
69196.2,453753
69191.1,453753
69190.2,453753
69186.5,453753
69155,453753
69186.3,453753
69189,453753
69187.9,453753
69183.1,453753
69168,453753
69184.8,453753
69193.5,453753
69189,453753
69174,453753
69185.8,453753
69183.7,453753
69165.5,453753
69187.8,453753
69194.8,453753
69193.4,453753
69184.5,453753
69195.8,453753
69159.5,453753
69177.1,453753
69188.7,453753
69186.4,453753
69192.9,453753
69189.3,453753
69194.2,453753
69195,453753
69194.1,453753
69191.3,453753
69189.9,453753
69192.1,453753
69191.5,453753
69190.9,453753
69186.9,453753
69174.8,453753
69165.9,453753
69187.4,453753
69189.3,453753
69191.8,453753
69187.6,453753
69189.6,453753
69194,453753
69191.6,453753
69193.9,453753
69194.7,453753
69195.7,453753
69195.3,453753
69192.6,453753
69189.9,453753
69196.2,453753
69194.1,453753
69194.1,453753
69190,453753
69194.2,453753
69189.6,453753
69191.2,453753
69190,453753
69189.7,453753
69191.9,453753
69191.6,453753
69194.4,453753
69191.6,453753
69189.2,453753
69183.4,453753
69193.1,453753
69192,453753
69192.1,453753
69196.6,453753
69193.6,453753
69176.1,453753
69190,453753
69195.5,453753
69188.8,453753
69177.5,453753
69182,453753
69195.1,453753
69191.8,453753
69193.7,453753
69195.5,453546
