TRACE,NSNPS_JACKKNIFE
69352.1,453753
69352.1,453753
69343.2,453753
69348.1,453753
69343,453753
69347.5,453753
69344.9,453753
69344,453753
69346.4,453753
69341.1,453753
69346.5,453753
69338.7,453753
69346.6,453753
69343.9,453753
69349.5,453753
69345.7,453753
69338,453753
69330,453753
69334.3,453753
69339.9,453753
69345,453753
69346,453753
69345.2,453753
69347.8,453753
69346.4,453753
69346.1,453753
69338.3,453753
69337.6,453753
69344.4,453753
69343.7,453753
69346.9,453753
69343.7,453753
69343,453753
69339.8,453753
69343.3,453753
69346.4,453753
69343.3,453753
69340.6,453753
69346.3,453753
69347.2,453753
69345.7,453753
69346,453753
69344.2,453753
69331.4,453753
69338.5,453753
69339,453753
69344.5,453753
69346,453753
69349,453753
69347.6,453753
69348.9,453753
69334.5,453753
69339.4,453753
69340.6,453753
69338.3,453753
69343.1,453753
69344.9,453753
69334.9,453753
69342.8,453753
69339.1,453753
69344,453753
69347.6,453753
69347.3,453753
69345.3,453753
69344.9,453753
69346.4,453753
69341.3,453753
69340.9,453753
69342.1,453753
69341.2,453753
69333.1,453753
69346.8,453753
69344.9,453753
69350.1,453753
69349.5,453753
69347,453753
69350.7,453753
69345.3,453753
69348.4,453753
69344.3,453753
69335.2,453753
69343.5,453753
69349.8,453753
69349.5,453753
69351.1,453753
69348.3,453753
69345.4,453753
69347.7,453753
69345.7,453753
69347.3,453753
69338.8,453753
69334,453753
69346.1,453753
69313.3,453753
69346.2,453753
69342.3,453753
69347.7,453753
69344.9,453753
69344.5,453753
69347.7,453753
69337.6,453753
69339.6,453753
69341.5,453753
69338.2,453753
69338.3,453753
69339.5,453753
69347.6,453753
69346.4,453753
69345.4,453753
69342.8,453753
69345.1,453753
69345,453753
69340.7,453753
69335.7,453753
69334.4,453753
69337.4,453753
69343.2,453753
69344.1,453753
69340,453753
69337.3,453753
69338.4,453753
69347.4,453753
69342.2,453753
69342.3,453753
69344.2,453753
69342.7,453753
69341.5,453753
69341.7,453753
69338.7,453753
69344.1,453753
69340.8,453753
69344.4,453753
69342.6,453753
69343.9,453753
69339,453753
69344.7,453753
69344.6,453753
69344.8,453753
69336.8,453753
69344.7,453753
69329.9,453753
69324.9,453753
69343.7,453753
69341.8,453753
69336.8,453753
69341.6,453753
69344.4,453753
69342.8,453753
69345.7,453753
69346.4,453753
69344.5,453753
69347.9,453753
69346.4,453753
69344.6,453753
69345.5,453753
69345.7,453753
69344,453753
69345.1,453753
69349.1,453753
69346.6,453753
69345.6,453753
69341.3,453753
69346.6,453753
69353.2,453753
69349.5,453753
69345.9,453753
69348.4,453753
69345.3,453753
69347.9,453753
69345.8,453753
69340.1,453753
69346.7,453753
69346.6,453753
69346.3,453753
69345.8,453753
69344.9,453753
69346.5,453753
69340.9,453753
69342.1,453753
69340.6,453753
69339,453753
69299.2,453753
69308.2,453753
69343.5,453753
69339.1,453753
69350.4,453753
69347.5,453753
69350.3,453753
69347.6,453753
69345,453753
69350.3,453753
69347.1,453753
69339.7,453753
69324.7,453753
69326.5,453753
69322.7,453753
69328.2,453753
69336,453753
69345.5,453753
69345.8,453753
69342.6,453753
69346.4,453753
69346.4,453753
69336.1,453753
69340.1,453753
69343,453753
69341.4,453753
69345.2,453753
69338.7,453753
69333.2,453753
69344.1,453753
69348.3,453753
69346.3,453753
69345,453753
69337.4,453753
69342.3,453753
69327,453753
69329,453753
69335.2,453753
69330.6,453753
69348.6,453753
69347,453753
69344,453753
69346,453753
69342.6,453753
69345.5,453753
69346.4,453753
69347.4,453753
69347.7,453753
69346.5,453753
69342.8,453753
69335.4,453753
69335.2,453753
69349.7,453753
69349.1,453753
69346.8,453753
69340.5,453753
69341.8,453753
69339.3,453753
69344.4,453753
69339.4,453753
69347.9,453753
69349.3,453753
69345.8,453753
69345.4,453753
69347.8,453753
69344.1,453753
69345.4,453753
69345.4,453753
69334.9,453753
69332.4,453753
69345.8,453753
69344.3,453753
69339.5,453753
69344.6,453753
69342.4,453753
69341.9,453753
69341.7,453753
69337.8,453753
69342.3,453753
69345.8,453753
69339,453753
69323.4,453753
69338.8,453753
69343.4,453753
69340.4,453753
69341.8,453753
69323.9,453753
69345,453753
69345.7,453753
69343.1,453753
69329.7,453753
69339.7,453753
69340.4,453753
69340.7,453753
69337.5,453753
69343,453753
69346.3,453753
69341.2,453753
69332.9,453753
69341.8,453753
69341.7,453753
69347.9,453753
69343.1,453753
69340.9,453753
69343.8,453753
69347.5,453753
69342.1,453753
69346.3,453753
69349,453753
69348.2,453753
69346.5,453753
69349.8,453753
69347.5,453753
69350.1,453753
69346.6,453753
69344.6,453753
69347.4,453753
69349.5,453753
69347.2,453753
69348,453753
69348,453753
69350.9,453753
69343.8,453753
69348.2,453753
69346.7,453753
69345.2,453753
69343.6,453753
69347.1,453753
69347,453753
69347.9,453753
69343.9,453753
69338.1,453753
69329.1,453753
69319.8,453753
69337.6,453753
69342.6,453753
69337.9,453753
69342.2,453753
69342.1,453753
69345.1,453753
69345.7,453753
69342.6,453753
69344.8,453753
69338.5,453753
69334.7,453753
69335,453753
69338.6,453753
69343.2,453753
69335.4,453753
69316.6,453753
69340.8,453753
69343.3,453753
69346.7,453753
69345.4,453753
69344.6,453753
69341.7,453753
69344.2,453753
69347,453753
69338.7,453753
69335.1,453753
69344.5,453753
69324.3,453753
69325.3,453753
69341,453753
69335.5,453753
69345.6,453753
69340.8,453753
69342.7,453753
69306.5,453753
69347.9,453753
69345.7,453753
69344.3,453753
69350.9,453753
69348.9,453753
69347,453753
69347.3,453753
69347.8,453753
69345.7,453753
69344.2,453753
69348.7,453753
69348.7,453753
69340.5,453753
69345.2,453753
69343.3,453753
69346.6,453753
69343.2,453753
69348.5,453753
69345.3,453753
69346.3,453753
69346.2,453753
69342.3,453753
69345.3,453753
69345.1,453753
69341.2,453753
69344.9,453753
69335.2,453753
69328.2,453753
69336.6,453753
69336.6,453753
69314.5,453753
69331.2,453753
69339.4,453753
69342.5,453753
69337.4,453753
69332.4,453753
69334.7,453753
69329.1,453753
69340.6,453753
69346.2,453753
69340.8,453753
69335.7,453753
69339.6,453753
69343.2,453753
69340.7,453753
69341.2,453753
69337.1,453753
69330,453753
69333.7,453753
69345,453753
69340,453753
69347.1,453753
69345.7,453753
69344.2,453753
69348.1,453753
69321.6,453753
69344.1,453753
69342.3,453753
69344.4,453753
69345.7,453753
69343.8,453753
69345.6,453753
69345.8,453753
69345.8,453753
69348.1,453753
69348.1,453753
69347.4,453753
69344.5,453753
69336.1,453753
69342.1,453753
69339.1,453753
69346.3,453753
69347.5,453753
69341.4,453753
69348.4,453753
69344.9,453753
69346.1,453753
69345.1,453753
69339.4,453753
69343.5,453753
69345.7,453753
69348.4,453753
69327.1,453753
69345.8,453753
69344.5,453753
69348.2,453753
69344.7,453753
69341.7,453753
69342.9,453753
69342.1,453753
69342.9,453753
69334.1,453753
69302.2,453753
69342.1,453753
69344,453753
69344.7,453753
69349.2,453753
69350.8,453753
69342,453753
69337.8,453753
69343.8,453753
69345.2,453753
69337.2,453753
69340.3,453753
69347.3,453753
69340.7,453753
69346.2,453753
69348.3,453753
69338.5,453753
69337.4,453753
69335,453753
69342.6,453753
69347.9,453753
69342,453753
69351.8,453753
69346.3,453753
69342.9,453753
69345.3,453753
69346.3,453753
69341.2,453753
69351.6,453753
69351.1,453753
69346.7,453753
69342.4,453753
69339.8,453753
69338.2,453753
69341.2,453753
69346.1,453753
69346.1,453753
69328.3,453753
69280.5,453753
69295.2,453753
69343.9,453753
69344.3,453753
69343.5,453753
69340.6,453753
69346.4,453753
69336.9,453753
69345.3,453753
69344,453753
69348.3,453753
69341.6,453753
69343.3,453753
69342.6,453753
69321.1,453753
69333.9,453753
69342.9,453753
69338.2,453753
69344.8,453753
69340.2,453753
69343.4,453753
69344.3,453753
69344.9,453753
69341.2,453753
69338.3,453753
69339.8,453753
69335.8,453753
69338.9,453753
69347.3,453753
69348.3,453753
69339.4,453753
69338.5,453753
69342.1,453753
69336.6,453753
69336.4,453753
69347.2,453753
69345.2,453753
69346.4,453753
69347.8,453753
69349.6,453753
69342.5,453753
69346.2,453753
69345.5,453753
69347.8,453753
69348.7,453753
69345.7,453753
69345.6,453753
69344.3,453753
69348.6,453753
69347.8,453753
69342.5,453753
69344.8,453753
69346.9,453753
69348.8,453753
69345.6,453753
69342.5,453753
69344.7,453753
69341.3,453753
69347.7,453753
69341.7,453753
69342.6,453753
69332,453753
69319.7,453753
69343.7,453753
69340.2,453753
69339.8,453753
69348.1,453753
69345.2,453753
69345.3,453753
69346.8,453753
69350.3,453753
69347.4,453753
69344.7,453753
69336.6,453753
69338.8,453753
69343.3,453753
69340.3,453753
69341.4,453753
69348.1,453753
69346.4,453753
69337.4,453753
69346.9,453753
69343.3,453753
69347.8,453753
69342.8,453753
69343.3,453753
69345.9,453753
69346.2,453753
69349.1,453753
69347.4,453753
69349.7,453753
69344,453753
69344.8,453753
69347.9,453753
69348.2,453753
69349.5,453753
69343.3,453753
69348.3,453753
69348,453753
69346,453753
69345.6,453753
69347.1,453753
69340.5,453753
69342.6,453753
69345.1,453753
69343,453753
69349,453753
69341.6,453753
69334.1,453753
69320,453753
69342.4,453753
69346.5,453753
69348.3,453753
69337.1,453753
69342.6,453753
69340.7,453753
69342.1,453753
69345,453753
69347.1,453753
69343.3,453753
69303.3,453753
69346,453753
69348.1,453753
69339.5,453753
69345.8,453753
69337.4,453753
69340.6,453753
69343.4,453753
69341,453753
69335.1,453753
69345.4,453753
69345.9,453753
69349,453753
69344.4,453753
69346.7,453753
69342.1,453753
69346.1,453753
69345.1,453753
69348.3,453753
69344.9,453753
69349.6,453753
69346.2,453753
69339.3,453753
69309.5,453753
69346.4,453753
69334.7,453753
69326.9,453753
69337.8,453753
69340.4,453753
69348.5,453753
69342.7,453753
69345.9,453753
69350,453753
69347,453753
69347.6,453753
69345.2,453753
69341.5,453753
69344.7,453753
69347,453753
69345.7,453753
69340.8,453753
69346.5,453753
69225.4,453753
69013.8,453753
69287.7,453753
69338.9,453753
69336.1,453753
69336.6,453753
69346.2,453753
69342.8,453753
69345.8,453753
69347.5,453753
69339.1,453753
69308.9,453753
69340.1,453753
69338.3,453753
69341.8,453753
69345,453753
69341.4,453753
69336.3,453753
69331.9,453753
69342.5,453753
69343.2,453753
69347,453753
69345.7,453753
69346.9,453753
69349.3,453753
69345.1,453753
69339.3,453753
69349,453753
69345.1,453753
69346.1,453753
69350.1,453753
69343.1,453753
69349.5,453753
69348.9,453753
69347.7,453753
69347.2,453753
69339.9,453753
69345,453753
69347.9,453753
69341.7,453753
69343.1,453753
69347,453753
69347.6,453753
69342.4,453753
69343.5,453753
69334,453753
69307.2,453753
69337.1,453753
69343.8,453753
69332.8,453753
69338.4,453753
69340.1,453753
69341.5,453753
69339,453753
69342.9,453753
69346.8,453753
69343.8,453753
69345.2,453753
69346.2,453753
69344.6,453753
69331,453753
69335.8,453753
69349.1,453753
69343.3,453753
69337.9,453753
69346.9,453753
69343.3,453753
69343.9,453753
69346.9,453753
69342.3,453753
69338.6,453753
69347.3,453753
69348.2,453753
69341.3,453753
69331.7,453753
69350.7,453753
69350.2,453753
69350.1,453753
69349.5,453753
69342.8,453753
69338.3,453753
69351.6,453753
69344.1,453753
69345.4,453753
69344.1,453753
69349.5,453753
69346,453753
69344.1,453753
69346.1,453753
69344.8,453753
69343.6,453753
69344.6,453753
69339.6,453753
69341.9,453753
69334,453753
69340.3,453753
69338.6,453753
69338.4,453753
69345,453753
69349.6,453753
69345.6,453753
69347.5,453753
69339.5,453753
69338.3,453753
69343.6,453753
69347.5,453753
69343.7,453753
69341.9,453753
69348.1,453753
69346.3,453753
69349.6,453753
69349.5,453753
69349.1,453753
69344,453753
69347.4,453753
69343.5,453753
69349.2,453753
69348.5,453753
69348.4,453753
69348.2,453753
69347.9,453753
69350.8,453753
69347,453753
69339,453753
69335.5,453753
69338.5,453753
69343.3,453753
69344.4,453753
69324.1,453753
69344.2,453753
69343.2,453753
69341.3,453753
69341.3,453753
69343.2,453753
69339.5,453753
69345.8,453753
69341.6,453753
69344.7,453753
69346.3,453753
69345.9,453753
69346.2,453753
69346.9,453753
69344.3,453753
69350.9,453753
69349.8,453753
69347.2,453753
69346.6,453753
69342.1,453753
69347.5,453753
69351.3,453753
69350.2,453753
69345,453753
69347.6,453753
69348,453753
69346.4,453753
69336.6,453753
69345.2,453753
69337.1,453753
69341.6,453753
69343.7,453753
69345,453753
69346.7,453753
69341.9,453753
69345.6,453753
69348,453753
69326.4,453753
69336.5,453753
69342.4,453753
69344.1,453753
69319.9,453753
69344.6,453753
69342.1,453753
69344.3,453753
69353.5,453753
69347.1,453753
69349,453753
69348,453753
69345.7,453753
69348.7,453753
69337.6,453753
69343.8,453753
69350.6,453753
69348.9,453753
69345.9,453753
69343.8,453753
69346.8,453753
69347.7,453753
69350.6,453753
69343.8,453753
69348.4,453753
69349.5,453753
69338.2,453753
69334.9,453753
69348.7,453753
69344,453753
69346.7,453753
69342.5,453753
69343.7,453753
69344.6,453753
69344.4,453753
69329.9,453753
69330.5,453753
69343.1,453753
69344.8,453753
69347.2,453753
69350.1,453753
69344.6,453753
69346.3,453753
69344.6,453753
69349,453753
69349,453753
69339.3,453753
69330.9,453753
69344.2,453753
69350,453753
69344.9,453753
69341.1,453753
69348.3,453753
69347.2,453753
69352.2,453753
69347.6,453753
69344.3,453753
69340.1,453753
69340.3,453753
69349.8,453753
69345.6,453753
69339.7,453753
69322.8,453753
69330.2,453753
69316.1,453753
69345.4,453753
69344.4,453753
69352,453753
69333.8,453753
69346.8,453753
69345,453753
69345.3,453753
69348.8,453753
69348.1,453753
69345.1,453753
69349,453753
69347,453753
69345.4,453753
69339.4,453753
69344.6,453753
69353.3,453753
69350.5,453753
69351.6,453753
69348.4,453753
69349,453753
69347.2,453753
69344.7,453753
69346.8,453753
69346,453753
69344.8,453753
69342.8,453753
69344.3,453753
69346,453753
69335.6,453753
69340.2,453753
69344,453753
69343.5,453753
69334,453753
69346.5,453753
69348.8,453753
69346.6,453753
69342,453753
69345.9,453753
69347.7,453753
69344.5,453753
69348.8,453753
69345.9,453753
69350.5,453753
69345.2,453753
69346.1,453753
69344.1,453753
69350,453753
69348.4,453753
69347.6,453753
69338.6,453753
69313.1,453753
69344.7,453753
69346.4,453753
69346.7,453753
69338.5,453753
69326.7,453753
69342,453753
69345.3,453753
69348.7,453753
69333.4,453753
69336.1,453753
69340,453753
69318.4,453753
69343.4,453753
69347.3,453753
69343.3,453753
69342,453753
69350.7,453753
69315.8,453753
69330.5,453753
69344.9,453753
69343.4,453753
69349.5,453753
69342.9,453753
69348.5,453753
69349.7,453753
69351.4,453753
69347.8,453753
69346.8,453753
69347.3,453753
69346.2,453753
69343.8,453753
69341,453753
69330.9,453753
69327.9,453753
69343.5,453753
69345.9,453753
69346.7,453753
69342.7,453753
69345.9,453753
69346,453753
69347.6,453753
69350.1,453753
69350.3,453753
69349.2,453753
69349.7,453753
69347,453753
69342.4,453753
69350.8,453753
69348.6,453753
69347.1,453753
69345.7,453753
69347.7,453753
69343.8,453753
69346.2,453753
69344.4,453753
69346.3,453753
69345.6,453753
69350.2,453753
69350.9,453753
69345.6,453753
69340.8,453753
69338.4,453753
69348.6,453753
69347.9,453753
69347.7,453753
69351.4,453753
69348.7,453753
69330.4,453753
69343.6,453753
69348.2,453753
69347.8,453753
69334.4,453753
69333.3,453753
69347.7,453753
69345.2,453753
69349.1,453753
69350.5,453546
