TRACE,NSNPS_JACKKNIFE
69391.4,453753
69391.3,453753
69385.8,453753
69390.8,453753
69387.9,453753
69393.3,453753
69382,453753
69384.7,453753
69391.9,453753
69383.3,453753
69387.8,453753
69383.7,453753
69392.3,453753
69385.6,453753
69389.2,453753
69389.3,453753
69387.9,453753
69373.2,453753
69375.7,453753
69385.2,453753
69387.2,453753
69390.9,453753
69388.6,453753
69389.9,453753
69390.9,453753
69389.6,453753
69383.6,453753
69385,453753
69389.2,453753
69386.3,453753
69384.9,453753
69384.8,453753
69385,453753
69386.4,453753
69388,453753
69388.2,453753
69385.6,453753
69383,453753
69383.5,453753
69387.2,453753
69389.2,453753
69386.7,453753
69385.5,453753
69380.8,453753
69378.7,453753
69381.9,453753
69387.5,453753
69388.5,453753
69390.1,453753
69390.8,453753
69392.8,453753
69379.3,453753
69383.8,453753
69386.9,453753
69377.5,453753
69387.6,453753
69387.2,453753
69376.4,453753
69384.5,453753
69386.1,453753
69388.2,453753
69391.6,453753
69390.8,453753
69386.6,453753
69388.5,453753
69390.8,453753
69386.7,453753
69384.8,453753
69387.1,453753
69382,453753
69373.9,453753
69388.6,453753
69388.2,453753
69394.4,453753
69391.3,453753
69390.2,453753
69392.2,453753
69389.2,453753
69389.2,453753
69389.3,453753
69380.8,453753
69388.2,453753
69392.7,453753
69396.1,453753
69393.1,453753
69388.8,453753
69390.4,453753
69393.7,453753
69386.5,453753
69391.1,453753
69380.4,453753
69380.1,453753
69389.3,453753
69352.2,453753
69386.5,453753
69384,453753
69388.9,453753
69387.6,453753
69384.9,453753
69389.6,453753
69384.9,453753
69385.6,453753
69380,453753
69376.9,453753
69382.9,453753
69383.3,453753
69385.1,453753
69386.1,453753
69388.3,453753
69386.2,453753
69388.1,453753
69386.7,453753
69380.8,453753
69376,453753
69380.7,453753
69375.7,453753
69385.6,453753
69386.7,453753
69385,453753
69381.3,453753
69385,453753
69391.2,453753
69384.6,453753
69387.5,453753
69390.2,453753
69386.2,453753
69383.6,453753
69384.9,453753
69384.9,453753
69386.4,453753
69384.2,453753
69386.7,453753
69384.5,453753
69389.1,453753
69380.3,453753
69389.6,453753
69388.8,453753
69389.9,453753
69380.5,453753
69389,453753
69374.1,453753
69367.3,453753
69384.2,453753
69380.6,453753
69376.9,453753
69383.7,453753
69384.7,453753
69386.2,453753
69389.9,453753
69388.2,453753
69389.6,453753
69388.5,453753
69389.5,453753
69386,453753
69386,453753
69389.8,453753
69391.5,453753
69388.8,453753
69390.8,453753
69388.7,453753
69388.2,453753
69388.5,453753
69390.4,453753
69391.3,453753
69392.7,453753
69389.4,453753
69389.2,453753
69391.1,453753
69389.6,453753
69389.4,453753
69382.7,453753
69386.7,453753
69390.4,453753
69389.5,453753
69391.2,453753
69388.4,453753
69391.1,453753
69388.9,453753
69381.4,453753
69385.4,453753
69382.3,453753
69341.6,453753
69355,453753
69387.4,453753
69380.4,453753
69393.2,453753
69387.4,453753
69391.6,453753
69390.6,453753
69391.2,453753
69394.4,453753
69393.9,453753
69379.7,453753
69362.7,453753
69366.9,453753
69364.3,453753
69370.2,453753
69379.4,453753
69387.8,453753
69385.5,453753
69384.3,453753
69389.4,453753
69389.5,453753
69375.9,453753
69388.4,453753
69389.7,453753
69387.4,453753
69388.9,453753
69385.8,453753
69380.6,453753
69384.2,453753
69388.3,453753
69391.3,453753
69390.4,453753
69383.9,453753
69385.5,453753
69373.5,453753
69367.4,453753
69377.3,453753
69380.5,453753
69392,453753
69392.3,453753
69388.1,453753
69388.1,453753
69381.2,453753
69388.4,453753
69390.5,453753
69391.3,453753
69393.8,453753
69396,453753
69387.9,453753
69375.5,453753
69382.8,453753
69391,453753
69392.7,453753
69391.9,453753
69383.6,453753
69388.8,453753
69378.7,453753
69390.8,453753
69386.1,453753
69388.6,453753
69390.3,453753
69387.2,453753
69388.8,453753
69388.1,453753
69387.2,453753
69390.3,453753
69387.5,453753
69377,453753
69378,453753
69388.1,453753
69385.3,453753
69381.2,453753
69380,453753
69382.1,453753
69384.4,453753
69385.9,453753
69378.4,453753
69387.8,453753
69389.4,453753
69380.4,453753
69370,453753
69383.5,453753
69385.3,453753
69383.9,453753
69381.6,453753
69365.6,453753
69387.8,453753
69388.6,453753
69381.9,453753
69374.6,453753
69384.2,453753
69386.3,453753
69385.3,453753
69384.2,453753
69391,453753
69389.4,453753
69384.3,453753
69378.2,453753
69384.7,453753
69383.2,453753
69388.3,453753
69387.3,453753
69382.8,453753
69387.9,453753
69388.9,453753
69387.2,453753
69387.8,453753
69391.3,453753
69391.6,453753
69390.8,453753
69392.1,453753
69390.2,453753
69390.9,453753
69387.1,453753
69389.4,453753
69387.9,453753
69394.1,453753
69391.1,453753
69390.3,453753
69387.8,453753
69394.7,453753
69388.2,453753
69387.7,453753
69392.7,453753
69388.4,453753
69387.8,453753
69389.5,453753
69390.7,453753
69391.6,453753
69385.7,453753
69373.8,453753
69364.9,453753
69357.1,453753
69381.3,453753
69385.7,453753
69376.7,453753
69381,453753
69385.6,453753
69386.9,453753
69390.2,453753
69388.7,453753
69386.6,453753
69383.5,453753
69382.5,453753
69385.6,453753
69388.1,453753
69383.1,453753
69383.4,453753
69355.5,453753
69384.5,453753
69387.2,453753
69387.3,453753
69386.3,453753
69388,453753
69384.5,453753
69390.1,453753
69389.9,453753
69378.7,453753
69377.5,453753
69386.3,453753
69369,453753
69362.5,453753
69386.6,453753
69381.7,453753
69388.5,453753
69383.1,453753
69387.4,453753
69345.2,453753
69385.9,453753
69386.8,453753
69389,453753
69395.3,453753
69392.6,453753
69391.9,453753
69392.8,453753
69393.9,453753
69389.3,453753
69386,453753
69392.2,453753
69390.2,453753
69388.6,453753
69392.1,453753
69385.9,453753
69392,453753
69386.4,453753
69388.4,453753
69385.4,453753
69391.3,453753
69388.5,453753
69388.1,453753
69384.9,453753
69387.3,453753
69386.5,453753
69389.6,453753
69380.8,453753
69368.2,453753
69382.5,453753
69378.4,453753
69351.9,453753
69371.9,453753
69380.4,453753
69383.4,453753
69379.4,453753
69372.7,453753
69379.2,453753
69373.4,453753
69385,453753
69388.2,453753
69387.2,453753
69382.1,453753
69378.9,453753
69387.4,453753
69383.4,453753
69381.1,453753
69378.9,453753
69373.5,453753
69382.6,453753
69387.3,453753
69387.2,453753
69386.2,453753
69389.3,453753
69384.8,453753
69391.4,453753
69357.4,453753
69380.7,453753
69385.9,453753
69387.5,453753
69391,453753
69389.8,453753
69390.5,453753
69385.5,453753
69390.4,453753
69393,453753
69391,453753
69392.9,453753
69390.6,453753
69380.6,453753
69383.7,453753
69384,453753
69387.3,453753
69388.3,453753
69383.8,453753
69389.6,453753
69386.8,453753
69389.3,453753
69389.6,453753
69382.7,453753
69388.2,453753
69385.8,453753
69388.4,453753
69375.2,453753
69389.1,453753
69387,453753
69389,453753
69389,453753
69385.7,453753
69382.2,453753
69382.9,453753
69380.6,453753
69374.9,453753
69348.2,453753
69387.5,453753
69384.1,453753
69392.1,453753
69393,453753
69390.9,453753
69382.8,453753
69380.2,453753
69386.1,453753
69390.2,453753
69378.1,453753
69380.5,453753
69389,453753
69388.2,453753
69388.1,453753
69387.8,453753
69380.1,453753
69380.3,453753
69379.9,453753
69386.2,453753
69392,453753
69385.4,453753
69391.9,453753
69389.2,453753
69388.9,453753
69388.5,453753
69391.5,453753
69385.5,453753
69394.1,453753
69392.7,453753
69387.8,453753
69385.7,453753
69380.9,453753
69383.8,453753
69387.2,453753
69388.5,453753
69389.7,453753
69373.7,453753
69339.9,453753
69351.8,453753
69385,453753
69386.8,453753
69389.1,453753
69382.3,453753
69387.4,453753
69375.7,453753
69387.2,453753
69388.4,453753
69388.8,453753
69378.5,453753
69387.4,453753
69386.6,453753
69371.1,453753
69380.9,453753
69385.6,453753
69386,453753
69390.6,453753
69387.7,453753
69383.3,453753
69390.2,453753
69392.5,453753
69384.7,453753
69383,453753
69384.8,453753
69379.6,453753
69382.9,453753
69384.7,453753
69390.1,453753
69387.1,453753
69384.6,453753
69385.3,453753
69375.1,453753
69376.1,453753
69387.2,453753
69389.4,453753
69389.8,453753
69391.9,453753
69391.1,453753
69385.7,453753
69389.5,453753
69389.7,453753
69389.7,453753
69390.2,453753
69390.2,453753
69387.2,453753
69386.6,453753
69394.8,453753
69393.7,453753
69387.6,453753
69388.9,453753
69392.4,453753
69388.1,453753
69388.7,453753
69382.7,453753
69389.4,453753
69385.9,453753
69392.3,453753
69375.9,453753
69387.4,453753
69375.6,453753
69368,453753
69388.5,453753
69385.7,453753
69386.6,453753
69392,453753
69384.6,453753
69388.8,453753
69388.2,453753
69387.9,453753
69391.6,453753
69388.4,453753
69382.2,453753
69375.7,453753
69387.2,453753
69383.2,453753
69383.3,453753
69389,453753
69388,453753
69382.5,453753
69387.5,453753
69382.4,453753
69390.1,453753
69387.1,453753
69384.8,453753
69390.6,453753
69386.4,453753
69391.1,453753
69392,453753
69393.2,453753
69383.4,453753
69385.9,453753
69387.6,453753
69390,453753
69387.8,453753
69390.7,453753
69388.7,453753
69392,453753
69388.9,453753
69391.7,453753
69391.3,453753
69386.2,453753
69383.2,453753
69388.2,453753
69389.7,453753
69389.7,453753
69383.4,453753
69376.5,453753
69365.7,453753
69382.2,453753
69385.2,453753
69387.8,453753
69379.7,453753
69386.2,453753
69380,453753
69384.5,453753
69384.9,453753
69387.7,453753
69386.1,453753
69352.4,453753
69390,453753
69389.4,453753
69387.8,453753
69391.7,453753
69379.3,453753
69383.7,453753
69386.2,453753
69383.8,453753
69375.9,453753
69387,453753
69388.5,453753
69391.2,453753
69387.8,453753
69391.9,453753
69388.2,453753
69388.5,453753
69388.7,453753
69390.5,453753
69390.1,453753
69392.3,453753
69391.4,453753
69383.7,453753
69365.8,453753
69391.6,453753
69374,453753
69369,453753
69382.7,453753
69385.5,453753
69391.9,453753
69385.5,453753
69387.9,453753
69393.7,453753
69391.5,453753
69391.1,453753
69384,453753
69383.5,453753
69388.7,453753
69389.9,453753
69386.3,453753
69386.6,453753
69383,453753
69280.5,453753
69129.1,453753
69331.6,453753
69384.1,453753
69381.6,453753
69380.4,453753
69387.7,453753
69380.7,453753
69387.2,453753
69390.4,453753
69385.3,453753
69362.3,453753
69379.9,453753
69382.5,453753
69384.1,453753
69390.4,453753
69384.8,453753
69384.8,453753
69381.5,453753
69382.7,453753
69383.3,453753
69386.5,453753
69389.8,453753
69386.8,453753
69391.2,453753
69390.2,453753
69381.3,453753
69390.4,453753
69392.6,453753
69389.4,453753
69389.8,453753
69390.2,453753
69389.7,453753
69392,453753
69390.9,453753
69390.3,453753
69387,453753
69391.1,453753
69388.5,453753
69388.3,453753
69386.6,453753
69385.6,453753
69389.8,453753
69388,453753
69386.6,453753
69381.4,453753
69354.4,453753
69382.4,453753
69386.2,453753
69376.2,453753
69382.2,453753
69380.6,453753
69386.1,453753
69385.9,453753
69385.9,453753
69390.7,453753
69390.6,453753
69387,453753
69388.2,453753
69386.8,453753
69379.3,453753
69379.1,453753
69385.5,453753
69386.2,453753
69383.6,453753
69389,453753
69387,453753
69386.9,453753
69388.2,453753
69384,453753
69387,453753
69388.4,453753
69393.4,453753
69383.7,453753
69382.1,453753
69391.8,453753
69394.5,453753
69390.6,453753
69391.1,453753
69383.9,453753
69381.9,453753
69391.6,453753
69388.2,453753
69388.5,453753
69390.5,453753
69391.2,453753
69390.4,453753
69387.4,453753
69387.3,453753
69388.9,453753
69390.3,453753
69391.6,453753
69386.3,453753
69382.4,453753
69374.6,453753
69383.6,453753
69380,453753
69381.8,453753
69386.2,453753
69391.5,453753
69388.9,453753
69390.8,453753
69384.3,453753
69381.2,453753
69385.6,453753
69390.3,453753
69384.5,453753
69386.8,453753
69391.6,453753
69391.5,453753
69395.4,453753
69395.8,453753
69390.8,453753
69386.7,453753
69391.1,453753
69386.4,453753
69389.9,453753
69395.3,453753
69388.7,453753
69389.6,453753
69391,453753
69392.9,453753
69379.3,453753
69384.4,453753
69379.3,453753
69382.9,453753
69385.5,453753
69386.2,453753
69364.9,453753
69389.3,453753
69381.1,453753
69384.3,453753
69383.6,453753
69382.7,453753
69383,453753
69388.7,453753
69381.9,453753
69387.8,453753
69390.8,453753
69388.1,453753
69391.9,453753
69389.2,453753
69386.9,453753
69394.1,453753
69390.1,453753
69390.8,453753
69389.7,453753
69388.2,453753
69390.8,453753
69391.9,453753
69389.6,453753
69388.1,453753
69392.9,453753
69394,453753
69389.1,453753
69375.8,453753
69386.2,453753
69380.5,453753
69388.1,453753
69388.8,453753
69392.6,453753
69391.8,453753
69384.6,453753
69388.8,453753
69390.2,453753
69371.6,453753
69380.9,453753
69380.7,453753
69388.1,453753
69369.3,453753
69389.4,453753
69385.9,453753
69390.4,453753
69392.3,453753
69392.2,453753
69393.9,453753
69391.5,453753
69389.9,453753
69392.5,453753
69381.5,453753
69385.5,453753
69393.4,453753
69390,453753
69390.7,453753
69386.5,453753
69391.2,453753
69389.9,453753
69392.3,453753
69387.1,453753
69388.6,453753
69393.3,453753
69381.8,453753
69376.8,453753
69392.1,453753
69389.1,453753
69391.8,453753
69386.4,453753
69386.3,453753
69388,453753
69386.8,453753
69371.8,453753
69379.5,453753
69384,453753
69383.9,453753
69389.1,453753
69390.3,453753
69387.2,453753
69388.9,453753
69390.2,453753
69392.6,453753
69390.8,453753
69383.3,453753
69376.1,453753
69389.2,453753
69394.3,453753
69384.3,453753
69384.9,453753
69390.9,453753
69394.2,453753
69393,453753
69389.9,453753
69383.4,453753
69377.2,453753
69378.8,453753
69391.4,453753
69388.3,453753
69380.8,453753
69372.6,453753
69376.7,453753
69358.4,453753
69389.2,453753
69384.8,453753
69394.1,453753
69380,453753
69387.7,453753
69389.6,453753
69391.2,453753
69390.5,453753
69391.6,453753
69389.6,453753
69393.3,453753
69389.5,453753
69388.3,453753
69381.9,453753
69387,453753
69394.5,453753
69396.7,453753
69394.9,453753
69392,453753
69393.6,453753
69392.2,453753
69385.2,453753
69390.4,453753
69390.3,453753
69388.9,453753
69389.5,453753
69388.3,453753
69389.6,453753
69382.7,453753
69385.8,453753
69387.5,453753
69385.7,453753
69380.3,453753
69385.7,453753
69389.7,453753
69390.7,453753
69387.3,453753
69390.2,453753
69393.4,453753
69389.4,453753
69392.7,453753
69390.6,453753
69393.5,453753
69387.5,453753
69388,453753
69387.1,453753
69391.9,453753
69388.2,453753
69386,453753
69382.6,453753
69362.1,453753
69385.6,453753
69386.7,453753
69388.5,453753
69378.6,453753
69365.2,453753
69383.9,453753
69390.7,453753
69386.6,453753
69374.4,453753
69383.2,453753
69382.6,453753
69366.4,453753
69386.2,453753
69388.7,453753
69387.7,453753
69384.1,453753
69392.7,453753
69351.2,453753
69380.7,453753
69385.9,453753
69385,453753
69391.9,453753
69384.7,453753
69392.4,453753
69391.1,453753
69392.5,453753
69390.2,453753
69389.4,453753
69391.9,453753
69388.6,453753
69387,453753
69384.5,453753
69376.4,453753
69373.3,453753
69387.8,453753
69390.1,453753
69389,453753
69385.8,453753
69392,453753
69388.4,453753
69391,453753
69393.2,453753
69391.7,453753
69391.8,453753
69391.9,453753
69390.1,453753
69388.7,453753
69393.8,453753
69391.5,453753
69391.5,453753
69390.5,453753
69394.8,453753
69388.5,453753
69387.9,453753
69386.6,453753
69388.4,453753
69388.3,453753
69390.1,453753
69391.9,453753
69390.1,453753
69388.1,453753
69383.3,453753
69390.1,453753
69389.2,453753
69388.1,453753
69392.2,453753
69388,453753
69370.9,453753
69386.3,453753
69390.5,453753
69390.9,453753
69378.8,453753
69378.4,453753
69392.3,453753
69390.7,453753
69392.9,453753
69390.7,453546
