TRACE,NSNPS_JACKKNIFE
69327.7,453753
69329.1,453753
69326.2,453753
69323.9,453753
69320.6,453753
69325.1,453753
69322.9,453753
69319.4,453753
69326.4,453753
69315.7,453753
69325.3,453753
69314.1,453753
69328.8,453753
69323.3,453753
69323.9,453753
69322.7,453753
69319.3,453753
69305.7,453753
69311,453753
69320.3,453753
69322.6,453753
69326.2,453753
69322.3,453753
69327.2,453753
69327,453753
69322.6,453753
69317,453753
69311.1,453753
69321.6,453753
69322.4,453753
69324.2,453753
69320.7,453753
69320.6,453753
69318.2,453753
69320.8,453753
69325.5,453753
69319.9,453753
69320,453753
69322.4,453753
69323.6,453753
69324.7,453753
69325,453753
69321.1,453753
69312.3,453753
69317.4,453753
69319.8,453753
69323.7,453753
69325.8,453753
69325,453753
69324,453753
69324.7,453753
69317.8,453753
69318.6,453753
69320.6,453753
69315.9,453753
69320.8,453753
69321.7,453753
69313.1,453753
69320.6,453753
69317.1,453753
69321.6,453753
69326.1,453753
69325.3,453753
69320.3,453753
69318.7,453753
69324.3,453753
69323,453753
69320.9,453753
69322.5,453753
69320.8,453753
69306.1,453753
69324.6,453753
69323.4,453753
69326.3,453753
69325.5,453753
69326.7,453753
69326.7,453753
69325.8,453753
69326.4,453753
69324.9,453753
69315.3,453753
69322.9,453753
69328.8,453753
69328.2,453753
69326.1,453753
69326.9,453753
69329.5,453753
69326.2,453753
69325.5,453753
69323.9,453753
69316.3,453753
69318,453753
69325.1,453753
69286.8,453753
69324.7,453753
69322.1,453753
69324.4,453753
69322.2,453753
69321.7,453753
69324.8,453753
69320.6,453753
69320.4,453753
69314.9,453753
69313.6,453753
69317.8,453753
69314.2,453753
69322.7,453753
69324.2,453753
69323.5,453753
69324.5,453753
69324.8,453753
69322.2,453753
69318.1,453753
69315.6,453753
69313.2,453753
69312.5,453753
69320.5,453753
69324.8,453753
69317.1,453753
69317.5,453753
69317.8,453753
69323.7,453753
69318.4,453753
69322.3,453753
69324.5,453753
69321.2,453753
69318.6,453753
69322.8,453753
69320.6,453753
69320.5,453753
69319.7,453753
69320.2,453753
69318.7,453753
69325.7,453753
69318.5,453753
69320.6,453753
69324,453753
69324.3,453753
69319.3,453753
69323.1,453753
69306.8,453753
69299.1,453753
69319.3,453753
69314.5,453753
69315.6,453753
69315.3,453753
69320.4,453753
69318.7,453753
69324.8,453753
69324.5,453753
69324.2,453753
69325.3,453753
69325.9,453753
69321.8,453753
69325.2,453753
69323.9,453753
69323.1,453753
69325.4,453753
69327.6,453753
69328.1,453753
69320.3,453753
69321,453753
69324.8,453753
69329.9,453753
69322,453753
69325,453753
69326.5,453753
69325.6,453753
69321.4,453753
69321,453753
69317,453753
69322.8,453753
69323.5,453753
69325.2,453753
69324.1,453753
69320.4,453753
69321.5,453753
69318.7,453753
69316.1,453753
69319.2,453753
69316.9,453753
69281.1,453753
69286.2,453753
69320.7,453753
69318,453753
69326,453753
69325.1,453753
69327.2,453753
69324.6,453753
69325.5,453753
69325.6,453753
69326.7,453753
69317.4,453753
69305.4,453753
69305.4,453753
69293.2,453753
69306.5,453753
69316,453753
69321.6,453753
69321.2,453753
69320.1,453753
69324,453753
69323.6,453753
69309.5,453753
69324.2,453753
69320.7,453753
69322.1,453753
69325.2,453753
69321.8,453753
69311.9,453753
69319.7,453753
69325.8,453753
69322.3,453753
69323,453753
69317.3,453753
69320.6,453753
69309.5,453753
69313.8,453753
69315.4,453753
69311.9,453753
69326.4,453753
69323.8,453753
69325.7,453753
69323.9,453753
69321,453753
69326.6,453753
69329,453753
69321.4,453753
69325.4,453753
69328.4,453753
69319.2,453753
69313.2,453753
69314.9,453753
69327.6,453753
69327.4,453753
69325.2,453753
69325.3,453753
69321.7,453753
69312.7,453753
69321.8,453753
69320,453753
69327.3,453753
69328.5,453753
69324.2,453753
69322.1,453753
69319.9,453753
69321.5,453753
69324.7,453753
69325.7,453753
69317.4,453753
69316.7,453753
69323.4,453753
69320.6,453753
69318,453753
69319.3,453753
69318.2,453753
69319.5,453753
69324.4,453753
69308.5,453753
69321.1,453753
69323.5,453753
69318.1,453753
69307.5,453753
69319.8,453753
69318.8,453753
69318,453753
69317.1,453753
69307.3,453753
69323.4,453753
69324.4,453753
69322.1,453753
69310.6,453753
69318.7,453753
69318,453753
69318.2,453753
69315.5,453753
69322.9,453753
69324.1,453753
69317.7,453753
69312.7,453753
69322.9,453753
69321,453753
69325,453753
69324.1,453753
69320.5,453753
69321.1,453753
69326,453753
69321.7,453753
69321.7,453753
69326.5,453753
69328.6,453753
69325.3,453753
69327.9,453753
69325,453753
69328.1,453753
69328,453753
69321.3,453753
69322,453753
69327.1,453753
69323.4,453753
69328.9,453753
69323.8,453753
69326.3,453753
69322.6,453753
69325.5,453753
69325.4,453753
69327.1,453753
69320.9,453753
69320.9,453753
69325.8,453753
69325.8,453753
69324.1,453753
69317.2,453753
69302.4,453753
69293.4,453753
69318.7,453753
69323.9,453753
69318,453753
69319.2,453753
69320.5,453753
69321.3,453753
69324.9,453753
69322.7,453753
69323,453753
69321.2,453753
69317.4,453753
69320.7,453753
69320.1,453753
69321.4,453753
69319.7,453753
69298.2,453753
69321.2,453753
69321.2,453753
69323.3,453753
69321.3,453753
69324,453753
69318.2,453753
69318.6,453753
69325,453753
69318.4,453753
69317.8,453753
69320,453753
69303.7,453753
69305.4,453753
69325.1,453753
69317.1,453753
69324.1,453753
69318.7,453753
69321.1,453753
69296.3,453753
69321.4,453753
69320.5,453753
69323.3,453753
69326.1,453753
69326.9,453753
69327.7,453753
69328,453753
69329.4,453753
69325.1,453753
69323.4,453753
69323.4,453753
69325.8,453753
69327.3,453753
69326.9,453753
69323.2,453753
69324,453753
69324.2,453753
69325.4,453753
69321.9,453753
69321.5,453753
69322.6,453753
69321.5,453753
69320.5,453753
69324.3,453753
69319.2,453753
69325.8,453753
69318.6,453753
69302.9,453753
69318.1,453753
69318.2,453753
69283.6,453753
69303.6,453753
69311.9,453753
69321.4,453753
69316.5,453753
69306.7,453753
69308.1,453753
69312.1,453753
69317.3,453753
69320,453753
69323.9,453753
69315.3,453753
69318,453753
69321.3,453753
69319.9,453753
69315.3,453753
69312.2,453753
69312.5,453753
69316.5,453753
69319.4,453753
69320.3,453753
69323,453753
69323.5,453753
69321.2,453753
69328.2,453753
69297.2,453753
69320.3,453753
69320.5,453753
69320.1,453753
69325.8,453753
69323.3,453753
69326.7,453753
69320.9,453753
69324.6,453753
69329.1,453753
69327.2,453753
69324,453753
69321.4,453753
69315,453753
69317.6,453753
69319.9,453753
69325.6,453753
69326.3,453753
69319.1,453753
69326.2,453753
69323.7,453753
69323.3,453753
69323.2,453753
69321.9,453753
69323.5,453753
69323.8,453753
69322.9,453753
69309.7,453753
69321.5,453753
69324.1,453753
69323.8,453753
69325.7,453753
69320.9,453753
69322.9,453753
69316,453753
69317.6,453753
69312.4,453753
69282.5,453753
69318.4,453753
69319.5,453753
69323.2,453753
69327.1,453753
69325.7,453753
69318.4,453753
69317,453753
69320,453753
69324.2,453753
69312.8,453753
69316.9,453753
69324.1,453753
69322.2,453753
69321.4,453753
69321.2,453753
69315.3,453753
69316,453753
69314.9,453753
69320,453753
69329.2,453753
69319.3,453753
69330,453753
69326.6,453753
69323.2,453753
69325.5,453753
69325,453753
69322.2,453753
69329.4,453753
69329.9,453753
69325.4,453753
69316.8,453753
69316.6,453753
69320.4,453753
69321.3,453753
69322.5,453753
69324.4,453753
69308.9,453753
69263.5,453753
69274.1,453753
69323.8,453753
69325.9,453753
69322.9,453753
69323.4,453753
69322.5,453753
69314.1,453753
69325.1,453753
69322.6,453753
69324.9,453753
69320.2,453753
69324.9,453753
69323.3,453753
69297.4,453753
69315.8,453753
69321.2,453753
69319.3,453753
69323,453753
69318,453753
69322.6,453753
69326.5,453753
69327.3,453753
69323.5,453753
69316,453753
69321,453753
69314.1,453753
69318.7,453753
69323.5,453753
69326.1,453753
69321.8,453753
69321,453753
69320.1,453753
69316.2,453753
69311.9,453753
69323.2,453753
69325.1,453753
69327.3,453753
69323.1,453753
69327.1,453753
69322.6,453753
69325.5,453753
69322.7,453753
69321.7,453753
69325.1,453753
69324.4,453753
69322.2,453753
69321.5,453753
69326.4,453753
69325.9,453753
69322.3,453753
69324,453753
69326,453753
69325.6,453753
69322.1,453753
69319.9,453753
69324.6,453753
69318.7,453753
69327.2,453753
69314.9,453753
69319.3,453753
69311.7,453753
69304,453753
69321.3,453753
69317.8,453753
69320.8,453753
69327.2,453753
69323.1,453753
69323.4,453753
69326.2,453753
69327,453753
69325.8,453753
69323.8,453753
69316.1,453753
69314.6,453753
69324.6,453753
69324.5,453753
69322.5,453753
69324.3,453753
69319.7,453753
69316,453753
69323.1,453753
69322.1,453753
69327,453753
69317,453753
69322.3,453753
69325.5,453753
69323.3,453753
69324.1,453753
69326.9,453753
69327.9,453753
69321.4,453753
69317.5,453753
69326.3,453753
69325.2,453753
69324.8,453753
69323.2,453753
69324.9,453753
69323.6,453753
69324.6,453753
69324.3,453753
69324.4,453753
69318.6,453753
69318.2,453753
69323.3,453753
69322.7,453753
69323.7,453753
69317.1,453753
69310.7,453753
69299.4,453753
69318.6,453753
69324,453753
69323.9,453753
69319.4,453753
69321.4,453753
69314.7,453753
69316,453753
69323.4,453753
69324.5,453753
69317,453753
69272.1,453753
69324.4,453753
69324.5,453753
69321.6,453753
69323.7,453753
69321.8,453753
69325,453753
69320.7,453753
69318.8,453753
69312,453753
69321,453753
69323,453753
69325.9,453753
69326,453753
69325.2,453753
69324.9,453753
69322.1,453753
69322.3,453753
69325.6,453753
69324.8,453753
69326,453753
69321.8,453753
69317.1,453753
69296.4,453753
69325.8,453753
69310.6,453753
69300.5,453753
69319.3,453753
69320.2,453753
69326,453753
69322.9,453753
69323,453753
69328,453753
69330.4,453753
69324.2,453753
69318.6,453753
69319.6,453753
69321.9,453753
69327.8,453753
69322,453753
69320.4,453753
69322.9,453753
69209.6,453753
69047.3,453753
69266.4,453753
69319.5,453753
69319.4,453753
69312.2,453753
69324.5,453753
69316.1,453753
69324.3,453753
69326.2,453753
69318.2,453753
69296.7,453753
69317.7,453753
69320.2,453753
69322.4,453753
69328.2,453753
69319.8,453753
69320.8,453753
69318,453753
69322,453753
69322.6,453753
69323.3,453753
69326.3,453753
69323.7,453753
69327.2,453753
69325.7,453753
69314.4,453753
69326.8,453753
69324.7,453753
69325.4,453753
69324.8,453753
69322.3,453753
69321.6,453753
69324.7,453753
69327.7,453753
69327,453753
69320.7,453753
69325,453753
69326.6,453753
69322.9,453753
69321.9,453753
69327.5,453753
69325,453753
69321.3,453753
69321.7,453753
69312,453753
69281.2,453753
69316.9,453753
69322.9,453753
69313.7,453753
69314.7,453753
69320.5,453753
69316.2,453753
69318.1,453753
69321.4,453753
69327.1,453753
69324.6,453753
69321.5,453753
69324.4,453753
69321.2,453753
69311.2,453753
69312.8,453753
69324.3,453753
69322.3,453753
69319.5,453753
69326.1,453753
69321.6,453753
69323.4,453753
69322.2,453753
69320.9,453753
69320,453753
69326.9,453753
69328.5,453753
69318.8,453753
69315,453753
69329.8,453753
69325.1,453753
69328.1,453753
69326.5,453753
69321.9,453753
69315.3,453753
69328.6,453753
69321.4,453753
69325,453753
69327.2,453753
69324.4,453753
69326.1,453753
69324.3,453753
69325.5,453753
69322.1,453753
69325.5,453753
69326.3,453753
69320.9,453753
69319.9,453753
69308.7,453753
69319.4,453753
69321.3,453753
69315.6,453753
69320.4,453753
69329.2,453753
69322.3,453753
69322.9,453753
69321,453753
69316.7,453753
69321.1,453753
69326.8,453753
69322.5,453753
69325.3,453753
69323.8,453753
69323.9,453753
69328.7,453753
69327.2,453753
69325.2,453753
69321.2,453753
69324.1,453753
69320.6,453753
69326.6,453753
69328.5,453753
69326.7,453753
69326.7,453753
69326.6,453753
69327.6,453753
69319.8,453753
69321.9,453753
69313.6,453753
69313.9,453753
69319.4,453753
69323.3,453753
69302.6,453753
69324.1,453753
69319.6,453753
69320.1,453753
69318.8,453753
69323.7,453753
69316.7,453753
69320.9,453753
69320.5,453753
69324.5,453753
69321.3,453753
69324.4,453753
69326,453753
69322.8,453753
69325.3,453753
69330.6,453753
69325.8,453753
69327.7,453753
69325.6,453753
69320.4,453753
69322.8,453753
69330.1,453753
69328.7,453753
69325.3,453753
69328.7,453753
69325.8,453753
69324.5,453753
69315.5,453753
69325.4,453753
69308.8,453753
69320.5,453753
69325.2,453753
69324.6,453753
69321.6,453753
69318.6,453753
69322.2,453753
69328.3,453753
69303,453753
69315.8,453753
69318.1,453753
69326.6,453753
69304.5,453753
69322.9,453753
69323.3,453753
69327.5,453753
69327.8,453753
69325.1,453753
69327.6,453753
69326.2,453753
69326.3,453753
69326.1,453753
69319.5,453753
69319.4,453753
69329.3,453753
69323.9,453753
69324.2,453753
69327.3,453753
69326.4,453753
69327.7,453753
69329,453753
69321.1,453753
69326.6,453753
69326,453753
69312.4,453753
69314.7,453753
69325.9,453753
69325.3,453753
69323.1,453753
69319.7,453753
69323.8,453753
69319.9,453753
69321.7,453753
69305,453753
69304.9,453753
69320.5,453753
69325.8,453753
69324.5,453753
69327.3,453753
69323.4,453753
69324.6,453753
69323.2,453753
69326,453753
69326.6,453753
69319.2,453753
69316.8,453753
69325.7,453753
69322.7,453753
69323,453753
69318.1,453753
69326.2,453753
69329.9,453753
69330.4,453753
69323.9,453753
69321.4,453753
69316.2,453753
69315.2,453753
69328.6,453753
69326,453753
69319.4,453753
69309.4,453753
69313,453753
69293.4,453753
69325.8,453753
69321.6,453753
69329,453753
69313.7,453753
69325.5,453753
69323.1,453753
69327.3,453753
69326.3,453753
69325.5,453753
69324.2,453753
69327.8,453753
69322.7,453753
69322.8,453753
69316.9,453753
69320.5,453753
69326.1,453753
69328.3,453753
69330.1,453753
69325.8,453753
69326.6,453753
69325.7,453753
69316.6,453753
69321.3,453753
69323.1,453753
69321.5,453753
69320.4,453753
69321.7,453753
69322.1,453753
69314.8,453753
69319.9,453753
69324.2,453753
69321.5,453753
69315.3,453753
69323.1,453753
69325.3,453753
69324.5,453753
69319.5,453753
69323.4,453753
69325.7,453753
69321.8,453753
69327.4,453753
69323.9,453753
69327.6,453753
69325.9,453753
69320.5,453753
69327.7,453753
69329.4,453753
69325.4,453753
69322.6,453753
69321.8,453753
69297.9,453753
69321.2,453753
69321.9,453753
69323.8,453753
69316.8,453753
69298.1,453753
69319.4,453753
69324.5,453753
69321.1,453753
69308.1,453753
69316.8,453753
69311.5,453753
69297.6,453753
69319.1,453753
69323.6,453753
69326.7,453753
69320.4,453753
69325.8,453753
69301.3,453753
69312.3,453753
69318.8,453753
69320.6,453753
69328.9,453753
69319,453753
69328.4,453753
69327.6,453753
69326.2,453753
69326.4,453753
69322.3,453753
69326.5,453753
69324.8,453753
69316.9,453753
69317.6,453753
69308.1,453753
69306.6,453753
69324.7,453753
69323.9,453753
69326.7,453753
69320.6,453753
69322,453753
69325,453753
69325.4,453753
69326.2,453753
69326,453753
69327.5,453753
69327.4,453753
69325.8,453753
69321.2,453753
69331.5,453753
69327,453753
69329.1,453753
69326.6,453753
69325.4,453753
69326.7,453753
69321.5,453753
69321.1,453753
69324,453753
69324.4,453753
69326.3,453753
69328.6,453753
69322.8,453753
69321.9,453753
69314.6,453753
69324.5,453753
69325,453753
69324.1,453753
69326.2,453753
69323,453753
69304.6,453753
69321.3,453753
69324,453753
69325,453753
69311.9,453753
69310.2,453753
69328.4,453753
69325.2,453753
69327.7,453753
69327.8,453546
