TRACE,NSNPS_JACKKNIFE
69048.1,453753
69049.1,453753
69042.5,453753
69045.7,453753
69041.2,453753
69046.5,453753
69039.8,453753
69039.5,453753
69040.2,453753
69042.4,453753
69041.7,453753
69038.8,453753
69045.9,453753
69042.9,453753
69043.7,453753
69042.8,453753
69040.9,453753
69030.6,453753
69030.6,453753
69034.1,453753
69041.5,453753
69044.3,453753
69042,453753
69043.9,453753
69043.3,453753
69040.8,453753
69035.4,453753
69038.4,453753
69042.4,453753
69041.1,453753
69038.4,453753
69043,453753
69039.1,453753
69038.4,453753
69043.5,453753
69041.5,453753
69040.8,453753
69034.9,453753
69042.6,453753
69044.7,453753
69044.8,453753
69043.3,453753
69041.9,453753
69030.4,453753
69032.1,453753
69038.6,453753
69043.7,453753
69043.2,453753
69046.2,453753
69046.1,453753
69045,453753
69039.3,453753
69036.4,453753
69040.7,453753
69031.7,453753
69042.8,453753
69042.4,453753
69032,453753
69039.6,453753
69035.2,453753
69041.6,453753
69049.8,453753
69044,453753
69043.1,453753
69040.3,453753
69040.1,453753
69039.7,453753
69038.8,453753
69039.7,453753
69037.6,453753
69024.2,453753
69042.8,453753
69042.8,453753
69048.2,453753
69048,453753
69046.4,453753
69046.3,453753
69043.5,453753
69044.1,453753
69043.3,453753
69034.8,453753
69041.5,453753
69046.4,453753
69047.1,453753
69050.2,453753
69044.2,453753
69045.3,453753
69047.2,453753
69039.5,453753
69044.4,453753
69037.9,453753
69032.6,453753
69040.1,453753
69007.2,453753
69039.5,453753
69037.2,453753
69040.3,453753
69044.7,453753
69045.4,453753
69041.7,453753
69039.3,453753
69043.1,453753
69035.4,453753
69032.8,453753
69032.1,453753
69039.3,453753
69041.9,453753
69041.1,453753
69042.6,453753
69042.3,453753
69042.4,453753
69039.2,453753
69038.6,453753
69031.6,453753
69031.6,453753
69037.3,453753
69041,453753
69038,453753
69040.3,453753
69037.5,453753
69036.1,453753
69043.2,453753
69037.6,453753
69040.7,453753
69040.9,453753
69041,453753
69039.5,453753
69037.7,453753
69034.9,453753
69040.3,453753
69038.9,453753
69039.5,453753
69039.4,453753
69042.2,453753
69034.2,453753
69043.4,453753
69042.9,453753
69044.6,453753
69033.5,453753
69041.2,453753
69031.3,453753
69024.8,453753
69038.8,453753
69036.5,453753
69038.3,453753
69034.4,453753
69041.5,453753
69040.2,453753
69040.3,453753
69039.4,453753
69041.2,453753
69044.6,453753
69044.2,453753
69042.7,453753
69044.3,453753
69043,453753
69041.1,453753
69045.8,453753
69046.3,453753
69044.2,453753
69042.9,453753
69040.9,453753
69042.4,453753
69047.9,453753
69045.3,453753
69045.4,453753
69043.4,453753
69045.5,453753
69044.4,453753
69040.1,453753
69037.3,453753
69043,453753
69042.6,453753
69045.1,453753
69044.3,453753
69042.6,453753
69042.7,453753
69036.5,453753
69038,453753
69038.8,453753
69036.8,453753
69005.1,453753
69001.8,453753
69036.5,453753
69036.3,453753
69046.8,453753
69045.3,453753
69046.2,453753
69047.3,453753
69040.8,453753
69046.9,453753
69045.6,453753
69032.6,453753
69025.5,453753
69025.2,453753
69014.6,453753
69028.3,453753
69036.5,453753
69042.3,453753
69037.5,453753
69039,453753
69045.6,453753
69040.9,453753
69032,453753
69040.9,453753
69040.4,453753
69041.8,453753
69043.1,453753
69034.2,453753
69029.2,453753
69040.5,453753
69043.7,453753
69041.5,453753
69045.7,453753
69036,453753
69038.5,453753
69028.1,453753
69031,453753
69032.7,453753
69027,453753
69047.9,453753
69046.4,453753
69045.3,453753
69042.1,453753
69040.3,453753
69043.4,453753
69047.5,453753
69043.9,453753
69046.6,453753
69045.6,453753
69039.4,453753
69032.8,453753
69034.4,453753
69047,453753
69046.3,453753
69045.3,453753
69038.9,453753
69037.6,453753
69032.8,453753
69045.1,453753
69036.2,453753
69044.6,453753
69045.3,453753
69043,453753
69045.3,453753
69043.4,453753
69043.8,453753
69042.3,453753
69042.1,453753
69031.1,453753
69031.1,453753
69043.7,453753
69040.9,453753
69037.7,453753
69039.2,453753
69037.2,453753
69039.2,453753
69039.8,453753
69029.8,453753
69040.4,453753
69047.1,453753
69034.2,453753
69021.2,453753
69039.2,453753
69040.6,453753
69035.5,453753
69039.1,453753
69024.5,453753
69042.3,453753
69041.3,453753
69039.9,453753
69025.4,453753
69034.2,453753
69039,453753
69037.8,453753
69035.5,453753
69045.1,453753
69043.4,453753
69040.8,453753
69033.2,453753
69038.7,453753
69037.7,453753
69039.9,453753
69040.2,453753
69037.5,453753
69044.9,453753
69043.8,453753
69042.4,453753
69043.4,453753
69047.6,453753
69045.7,453753
69046.8,453753
69047.6,453753
69046.4,453753
69046,453753
69045.6,453753
69040.2,453753
69042.3,453753
69048.6,453753
69046.2,453753
69045.2,453753
69044.7,453753
69045.6,453753
69042.9,453753
69044.2,453753
69047,453753
69042.4,453753
69041.5,453753
69041.4,453753
69045.4,453753
69047.5,453753
69044.6,453753
69033.5,453753
69021.8,453753
69012.4,453753
69037.2,453753
69044.2,453753
69035.6,453753
69038.4,453753
69041.9,453753
69039.9,453753
69041.3,453753
69040.7,453753
69043.7,453753
69037.6,453753
69034,453753
69037.3,453753
69039.2,453753
69037.1,453753
69035.9,453753
69013.2,453753
69035.4,453753
69040.1,453753
69043.3,453753
69043.6,453753
69043.2,453753
69038.9,453753
69043.6,453753
69046.6,453753
69035.4,453753
69030.6,453753
69041.8,453753
69025.3,453753
69017.6,453753
69042.5,453753
69033.3,453753
69042,453753
69037.1,453753
69036.7,453753
69006.5,453753
69041.8,453753
69040.4,453753
69045.1,453753
69048.4,453753
69046.1,453753
69046.1,453753
69047.5,453753
69048.6,453753
69044.3,453753
69044.2,453753
69045.9,453753
69047.1,453753
69043.2,453753
69045.7,453753
69041.1,453753
69044.8,453753
69039.8,453753
69043.6,453753
69040.3,453753
69043.5,453753
69041,453753
69042.3,453753
69041.4,453753
69042.9,453753
69038.3,453753
69041.7,453753
69038.1,453753
69024,453753
69035.3,453753
69036.2,453753
69005.2,453753
69027.3,453753
69035.6,453753
69040.4,453753
69035.7,453753
69028.6,453753
69032.7,453753
69028.4,453753
69038.4,453753
69043.8,453753
69039.2,453753
69035.3,453753
69038.1,453753
69040.8,453753
69038.8,453753
69040.1,453753
69034.2,453753
69027.8,453753
69030.5,453753
69040.5,453753
69039.9,453753
69043.3,453753
69044.4,453753
69041.8,453753
69046.8,453753
69019.1,453753
69038.8,453753
69039.8,453753
69042.6,453753
69040.3,453753
69043.2,453753
69044.5,453753
69045,453753
69045.2,453753
69047.1,453753
69048,453753
69046.1,453753
69042.1,453753
69034.5,453753
69037.7,453753
69041.6,453753
69042.9,453753
69041.6,453753
69036.3,453753
69044,453753
69041.6,453753
69042.6,453753
69045,453753
69038.3,453753
69040,453753
69041.1,453753
69041.2,453753
69027.4,453753
69042.8,453753
69043.8,453753
69042.5,453753
69045,453753
69041.2,453753
69043.9,453753
69036.3,453753
69036.5,453753
69032.4,453753
69003.6,453753
69038.1,453753
69038.4,453753
69046.5,453753
69044.5,453753
69047.3,453753
69040.9,453753
69034.6,453753
69042.9,453753
69041.8,453753
69033.8,453753
69037.6,453753
69044.2,453753
69042.8,453753
69042.4,453753
69043.8,453753
69035.5,453753
69034.9,453753
69038.4,453753
69038.4,453753
69045,453753
69038.5,453753
69046.3,453753
69044.8,453753
69037.3,453753
69042.3,453753
69044.5,453753
69042.3,453753
69047.6,453753
69046.1,453753
69043.8,453753
69039.1,453753
69037.4,453753
69040.7,453753
69040.9,453753
69042.5,453753
69041.4,453753
69026.4,453753
68982.9,453753
68996.5,453753
69043.2,453753
69041.5,453753
69040.9,453753
69037.3,453753
69041.5,453753
69039.9,453753
69043.8,453753
69043.1,453753
69042.9,453753
69034.2,453753
69041.8,453753
69040.7,453753
69023.3,453753
69038.3,453753
69041.3,453753
69042.6,453753
69041.3,453753
69039.7,453753
69041.4,453753
69047.9,453753
69045.3,453753
69038.3,453753
69033.1,453753
69039.1,453753
69034,453753
69036.1,453753
69041.5,453753
69046.2,453753
69038.8,453753
69035.7,453753
69040.5,453753
69029.9,453753
69032.1,453753
69045.9,453753
69045.2,453753
69045.5,453753
69043.1,453753
69047,453753
69041.7,453753
69045.6,453753
69042.3,453753
69045.2,453753
69043.5,453753
69043.5,453753
69042.6,453753
69040.7,453753
69046.8,453753
69044.8,453753
69043.2,453753
69046.7,453753
69044.9,453753
69044,453753
69043.3,453753
69037.9,453753
69042.9,453753
69038.2,453753
69048.4,453753
69034.7,453753
69040.8,453753
69030.1,453753
69021.9,453753
69044.8,453753
69039.5,453753
69042.8,453753
69045.9,453753
69042.5,453753
69040.9,453753
69046.2,453753
69042.8,453753
69044.9,453753
69045.1,453753
69036.9,453753
69034.2,453753
69040.9,453753
69039.5,453753
69042.8,453753
69043.8,453753
69038.3,453753
69038.1,453753
69041.1,453753
69040.2,453753
69044.9,453753
69040.4,453753
69038.3,453753
69042.1,453753
69043.7,453753
69046,453753
69040.9,453753
69047.2,453753
69041.5,453753
69040.5,453753
69042.7,453753
69043.7,453753
69043.4,453753
69044,453753
69042.8,453753
69044.9,453753
69039.7,453753
69042.8,453753
69045.4,453753
69037.6,453753
69041.4,453753
69045.9,453753
69042.6,453753
69043.6,453753
69038.9,453753
69030.7,453753
69020,453753
69038.3,453753
69042.5,453753
69044.6,453753
69035.4,453753
69043.6,453753
69034.9,453753
69038.8,453753
69040.6,453753
69045.3,453753
69038,453753
68983,453753
69039,453753
69042.1,453753
69040.6,453753
69041.2,453753
69033.7,453753
69036.8,453753
69043.2,453753
69042,453753
69030.5,453753
69039.1,453753
69042.4,453753
69046,453753
69045.9,453753
69046.3,453753
69040.1,453753
69041.5,453753
69039.4,453753
69044.7,453753
69041.8,453753
69049,453753
69045.1,453753
69042.1,453753
69017.1,453753
69043.5,453753
69030.6,453753
69021.6,453753
69039.3,453753
69035.1,453753
69045.5,453753
69040.8,453753
69041.1,453753
69048.3,453753
69049.6,453753
69044,453753
69041,453753
69041.1,453753
69042.3,453753
69044.5,453753
69044.9,453753
69038.8,453753
69041.3,453753
68927.4,453753
68783.8,453753
68989.7,453753
69036.7,453753
69035.9,453753
69030.8,453753
69042.7,453753
69037.7,453753
69039.2,453753
69045.1,453753
69039.3,453753
69014.2,453753
69034,453753
69033.6,453753
69041.8,453753
69044.4,453753
69041.4,453753
69033.5,453753
69037.2,453753
69038.6,453753
69039.4,453753
69042.6,453753
69045.7,453753
69044.2,453753
69045.5,453753
69044.2,453753
69033,453753
69049.3,453753
69045.3,453753
69046,453753
69046.3,453753
69042,453753
69042.9,453753
69045.9,453753
69046.8,453753
69044.8,453753
69042,453753
69046,453753
69042.2,453753
69043.1,453753
69042.8,453753
69041.7,453753
69045.5,453753
69043.8,453753
69044,453753
69033.1,453753
69010.9,453753
69036.4,453753
69040.9,453753
69035.9,453753
69033.1,453753
69035.9,453753
69036.2,453753
69039.2,453753
69040.6,453753
69045.7,453753
69043.1,453753
69038.9,453753
69046,453753
69040.9,453753
69034.9,453753
69035.3,453753
69044.4,453753
69039.6,453753
69037.2,453753
69041.9,453753
69042,453753
69041.5,453753
69040.8,453753
69038.8,453753
69036.4,453753
69045.4,453753
69044.1,453753
69036.6,453753
69035.4,453753
69050.2,453753
69048.3,453753
69047.9,453753
69046.2,453753
69038.8,453753
69039.3,453753
69049.4,453753
69042.3,453753
69041.9,453753
69043.6,453753
69047.2,453753
69045.8,453753
69045.7,453753
69045.3,453753
69041.4,453753
69043.9,453753
69044,453753
69038.4,453753
69038.7,453753
69027.9,453753
69040,453753
69037.8,453753
69034.6,453753
69040.7,453753
69046.5,453753
69037.8,453753
69041.2,453753
69039.6,453753
69039.9,453753
69041.9,453753
69047.3,453753
69039.8,453753
69041.9,453753
69045.9,453753
69044.8,453753
69048.3,453753
69046.4,453753
69045.7,453753
69040.8,453753
69048.1,453753
69039.3,453753
69043.9,453753
69046.2,453753
69045.1,453753
69043,453753
69046.2,453753
69048,453753
69044.7,453753
69039.6,453753
69036.9,453753
69035.6,453753
69040.6,453753
69041.5,453753
69034.6,453753
69043.8,453753
69038.5,453753
69040.4,453753
69042.9,453753
69039,453753
69039.2,453753
69042.9,453753
69039.2,453753
69043.1,453753
69041.4,453753
69043.1,453753
69041.9,453753
69044.6,453753
69040.5,453753
69047.3,453753
69045.7,453753
69048.1,453753
69046.9,453753
69043.3,453753
69040.6,453753
69049,453753
69045.8,453753
69044,453753
69046.6,453753
69047,453753
69039.2,453753
69032.8,453753
69041.1,453753
69027.9,453753
69041.9,453753
69043.7,453753
69045.9,453753
69043.2,453753
69040.8,453753
69044.1,453753
69047.8,453753
69025.5,453753
69033.1,453753
69035.8,453753
69042.2,453753
69023.1,453753
69043.5,453753
69043.3,453753
69044.4,453753
69048.2,453753
69045.4,453753
69046.7,453753
69045.3,453753
69042.8,453753
69046.6,453753
69038.7,453753
69039.2,453753
69045.3,453753
69044,453753
69041,453753
69041.8,453753
69043.3,453753
69044.8,453753
69047,453753
69041.3,453753
69044.1,453753
69046.1,453753
69040.2,453753
69031.3,453753
69045.5,453753
69044.3,453753
69047.1,453753
69039.7,453753
69039.6,453753
69042.6,453753
69041.4,453753
69025.6,453753
69027.1,453753
69038.3,453753
69040.6,453753
69043.5,453753
69047.5,453753
69041.9,453753
69045.4,453753
69045.1,453753
69046.4,453753
69047.3,453753
69039.8,453753
69027.5,453753
69045.9,453753
69044.8,453753
69041,453753
69037.7,453753
69048,453753
69047.4,453753
69047.1,453753
69043.9,453753
69038.1,453753
69038,453753
69035.4,453753
69044.9,453753
69043.2,453753
69037.8,453753
69031.3,453753
69033.2,453753
69021,453753
69045.4,453753
69040,453753
69045.9,453753
69024.5,453753
69042.7,453753
69045,453753
69045.7,453753
69043.8,453753
69046.9,453753
69045.9,453753
69044.7,453753
69041.9,453753
69045.2,453753
69038.4,453753
69040,453753
69047.4,453753
69048.2,453753
69049.5,453753
69045.7,453753
69046.2,453753
69046,453753
69040,453753
69044.2,453753
69043.4,453753
69044.8,453753
69039.3,453753
69040.9,453753
69043,453753
69035,453753
69040.2,453753
69043.8,453753
69040.6,453753
69033.2,453753
69041.3,453753
69042.4,453753
69046.6,453753
69043.7,453753
69043.5,453753
69046.8,453753
69042.2,453753
69045.3,453753
69044,453753
69047.3,453753
69045.6,453753
69043.6,453753
69047.1,453753
69047.5,453753
69045.6,453753
69040.9,453753
69036.1,453753
69017.2,453753
69042.3,453753
69043,453753
69040.5,453753
69032.9,453753
69023.2,453753
69036.8,453753
69040.7,453753
69036.3,453753
69027.2,453753
69033,453753
69035.5,453753
69020.3,453753
69039,453753
69045,453753
69044.8,453753
69037.1,453753
69046.4,453753
69014.5,453753
69028.1,453753
69037.5,453753
69039.8,453753
69045.9,453753
69040.5,453753
69045.5,453753
69048.7,453753
69046.3,453753
69044.7,453753
69041.2,453753
69046.7,453753
69042.6,453753
69038.6,453753
69037.4,453753
69029.5,453753
69027.1,453753
69042.7,453753
69043.7,453753
69047.3,453753
69041.5,453753
69041.3,453753
69043.4,453753
69045.4,453753
69045.2,453753
69045.9,453753
69046.3,453753
69046.8,453753
69043.3,453753
69040,453753
69047,453753
69047.4,453753
69043.8,453753
69042.5,453753
69043.6,453753
69043.9,453753
69042.7,453753
69042.4,453753
69044,453753
69042.5,453753
69047.2,453753
69046.5,453753
69042.5,453753
69040.9,453753
69034,453753
69045.8,453753
69044.5,453753
69042.8,453753
69047.6,453753
69042.9,453753
69025.8,453753
69039.9,453753
69045.1,453753
69045.4,453753
69024.2,453753
69034.6,453753
69046.9,453753
69045.3,453753
69046.3,453753
69048.7,453546
