TRACE,NSNPS_JACKKNIFE
69279.8,453753
69279.5,453753
69274.4,453753
69277.9,453753
69274.3,453753
69278.1,453753
69272.7,453753
69269.3,453753
69277,453753
69271.6,453753
69275.9,453753
69270,453753
69278.7,453753
69274.5,453753
69274.8,453753
69275.7,453753
69273.2,453753
69254.2,453753
69257.8,453753
69271.8,453753
69277.5,453753
69275.9,453753
69274.5,453753
69275.1,453753
69274.4,453753
69274.8,453753
69269.6,453753
69267.4,453753
69275.5,453753
69275.8,453753
69275.5,453753
69275.6,453753
69272.6,453753
69272.7,453753
69274,453753
69276.1,453753
69271.6,453753
69269.8,453753
69272.7,453753
69275.6,453753
69277.3,453753
69273.3,453753
69275.6,453753
69261.9,453753
69267.4,453753
69270.1,453753
69276.3,453753
69274.2,453753
69275.4,453753
69276.9,453753
69279,453753
69266.4,453753
69265.1,453753
69267.6,453753
69270,453753
69271.7,453753
69273.6,453753
69265.6,453753
69272.5,453753
69270,453753
69277.2,453753
69276.7,453753
69278.3,453753
69277.3,453753
69272.1,453753
69276.1,453753
69271.8,453753
69269.3,453753
69271.5,453753
69266.6,453753
69261.8,453753
69277.3,453753
69278,453753
69281.1,453753
69279,453753
69277.2,453753
69278.2,453753
69271.7,453753
69278.9,453753
69271.9,453753
69268.9,453753
69275.8,453753
69277.4,453753
69279.3,453753
69277.3,453753
69278.1,453753
69278.5,453753
69281.8,453753
69274.4,453753
69275.4,453753
69270.4,453753
69264.3,453753
69274.7,453753
69239.6,453753
69274.8,453753
69272.4,453753
69272.3,453753
69278.7,453753
69274.9,453753
69277.1,453753
69273.1,453753
69270.1,453753
69268.8,453753
69263.5,453753
69267.6,453753
69269.2,453753
69277.6,453753
69274.3,453753
69276.9,453753
69276.7,453753
69275.8,453753
69270.8,453753
69268.9,453753
69263.1,453753
69264.3,453753
69263.4,453753
69272.1,453753
69272.8,453753
69270.1,453753
69266,453753
69271.8,453753
69277.8,453753
69271.1,453753
69271.7,453753
69273.1,453753
69274.8,453753
69270.9,453753
69273.8,453753
69270.5,453753
69275.2,453753
69271.1,453753
69271,453753
69271.3,453753
69273.4,453753
69269.1,453753
69273.7,453753
69277.1,453753
69278.6,453753
69268.1,453753
69273.5,453753
69257.2,453753
69256.8,453753
69273.8,453753
69269.1,453753
69271.3,453753
69267.7,453753
69270,453753
69271.7,453753
69274.7,453753
69274.9,453753
69274.8,453753
69275,453753
69274.3,453753
69273.4,453753
69273.8,453753
69277.5,453753
69276.2,453753
69275.6,453753
69279,453753
69277.2,453753
69270.7,453753
69272.9,453753
69276.6,453753
69280.1,453753
69279.7,453753
69278,453753
69276.5,453753
69276.1,453753
69276.9,453753
69274,453753
69271.2,453753
69271.5,453753
69276.5,453753
69276.5,453753
69271.7,453753
69271.6,453753
69272.4,453753
69272,453753
69268,453753
69274.4,453753
69266.7,453753
69225.3,453753
69237.5,453753
69270.8,453753
69270.7,453753
69277.1,453753
69274.7,453753
69276.5,453753
69277.3,453753
69274.6,453753
69280.8,453753
69280.3,453753
69265.4,453753
69254,453753
69257.7,453753
69249.4,453753
69255.6,453753
69272,453753
69277.1,453753
69270.3,453753
69268.9,453753
69276,453753
69276,453753
69262.2,453753
69274.4,453753
69274.1,453753
69271.3,453753
69275.9,453753
69270.1,453753
69263.2,453753
69269.2,453753
69277.5,453753
69275.3,453753
69274.2,453753
69271.1,453753
69270.4,453753
69257.1,453753
69260,453753
69267.4,453753
69260,453753
69280,453753
69278.4,453753
69276.3,453753
69278.5,453753
69268.2,453753
69275.2,453753
69276,453753
69275.9,453753
69276.1,453753
69277.4,453753
69274.6,453753
69269.3,453753
69268.4,453753
69278.3,453753
69278.8,453753
69276.9,453753
69272.8,453753
69270.8,453753
69269.7,453753
69273.2,453753
69271,453753
69278.2,453753
69280.2,453753
69276.2,453753
69277.5,453753
69272.9,453753
69273.6,453753
69274,453753
69274.7,453753
69265.7,453753
69263.9,453753
69275.3,453753
69272.8,453753
69270.7,453753
69273.1,453753
69270.9,453753
69271.7,453753
69273.1,453753
69266.1,453753
69274.8,453753
69280.3,453753
69267.2,453753
69251.9,453753
69267.8,453753
69270.1,453753
69269.3,453753
69268.6,453753
69253.2,453753
69276.4,453753
69273.6,453753
69272.3,453753
69261.1,453753
69272.8,453753
69270.5,453753
69265.7,453753
69269.5,453753
69277.7,453753
69272.8,453753
69272.2,453753
69268.9,453753
69273.5,453753
69272.4,453753
69278.9,453753
69275.9,453753
69270.1,453753
69279.6,453753
69277.9,453753
69273.2,453753
69271.9,453753
69277.3,453753
69277.7,453753
69277.3,453753
69280.1,453753
69277.7,453753
69280.6,453753
69279.3,453753
69277.1,453753
69275.1,453753
69279.1,453753
69277.8,453753
69280.4,453753
69275.8,453753
69279.5,453753
69275.4,453753
69278.4,453753
69276,453753
69276.2,453753
69274,453753
69273.6,453753
69278.4,453753
69276.3,453753
69274.8,453753
69267.8,453753
69256.3,453753
69247.9,453753
69267.5,453753
69273.3,453753
69267.6,453753
69271.2,453753
69274.4,453753
69273.9,453753
69276.8,453753
69275.6,453753
69276.5,453753
69273.3,453753
69266.6,453753
69267.9,453753
69271.6,453753
69274.2,453753
69268.1,453753
69258.2,453753
69273.2,453753
69272.6,453753
69274.7,453753
69272.5,453753
69276.8,453753
69264.8,453753
69271.8,453753
69274.3,453753
69267.7,453753
69268.7,453753
69275.2,453753
69254.4,453753
69254.6,453753
69273.6,453753
69268.3,453753
69276.7,453753
69274,453753
69272,453753
69238.6,453753
69272.2,453753
69275.6,453753
69277.8,453753
69278.2,453753
69282.2,453753
69280.1,453753
69280.2,453753
69280.8,453753
69275.9,453753
69278.8,453753
69278.1,453753
69275.1,453753
69275,453753
69273.4,453753
69271.5,453753
69276.2,453753
69275.1,453753
69276.7,453753
69277.6,453753
69278.2,453753
69278.1,453753
69274.7,453753
69274,453753
69274.9,453753
69272,453753
69275.5,453753
69269.1,453753
69252.9,453753
69266.4,453753
69266.2,453753
69243.8,453753
69256.5,453753
69268.3,453753
69270.8,453753
69270.6,453753
69262.4,453753
69261.2,453753
69259.1,453753
69268.6,453753
69275.1,453753
69271,453753
69270.2,453753
69271,453753
69275,453753
69271.1,453753
69267.3,453753
69265.8,453753
69257.4,453753
69266.8,453753
69272.8,453753
69272.9,453753
69277.7,453753
69276,453753
69274.3,453753
69278.6,453753
69252.8,453753
69268.1,453753
69268.1,453753
69269.6,453753
69275.7,453753
69272.6,453753
69275.8,453753
69271,453753
69277.5,453753
69280.2,453753
69277.2,453753
69275.9,453753
69273.7,453753
69266.4,453753
69270.4,453753
69272.5,453753
69278.1,453753
69277.5,453753
69272,453753
69280.5,453753
69272.5,453753
69277,453753
69278.5,453753
69269.3,453753
69273.4,453753
69272.9,453753
69279.4,453753
69265.5,453753
69277.2,453753
69278.3,453753
69273.9,453753
69277.3,453753
69271.3,453753
69271.3,453753
69271,453753
69270.2,453753
69262.8,453753
69233.6,453753
69274.2,453753
69273.9,453753
69277.8,453753
69276.6,453753
69277.2,453753
69274.2,453753
69266.1,453753
69272.9,453753
69276,453753
69263.7,453753
69265.7,453753
69276.5,453753
69274,453753
69277,453753
69273.4,453753
69267.5,453753
69264.7,453753
69267.1,453753
69271.5,453753
69282.2,453753
69269.4,453753
69279.7,453753
69278.1,453753
69272.9,453753
69276,453753
69279,453753
69274.2,453753
69278.7,453753
69281.6,453753
69276,453753
69269.9,453753
69271.3,453753
69274.5,453753
69268.4,453753
69274.8,453753
69276.5,453753
69255.9,453753
69218.8,453753
69227.9,453753
69272.2,453753
69275.7,453753
69275.8,453753
69269,453753
69273.2,453753
69267,453753
69276.5,453753
69277.1,453753
69277.1,453753
69267,453753
69273.1,453753
69276,453753
69256.4,453753
69263.5,453753
69273.8,453753
69273.1,453753
69272.9,453753
69271.2,453753
69276,453753
69280.5,453753
69276.2,453753
69274,453753
69266.1,453753
69274.9,453753
69268.8,453753
69270.2,453753
69274.5,453753
69280.8,453753
69271.4,453753
69269.8,453753
69272.5,453753
69261.8,453753
69265.6,453753
69274.4,453753
69277.1,453753
69274.7,453753
69278,453753
69277.9,453753
69271.4,453753
69275.9,453753
69275.3,453753
69275.2,453753
69278.5,453753
69277.7,453753
69275.7,453753
69274.1,453753
69279.3,453753
69278,453753
69274.7,453753
69275.2,453753
69276.9,453753
69277.9,453753
69275.5,453753
69271.4,453753
69277.9,453753
69269.9,453753
69277.4,453753
69265.4,453753
69271.9,453753
69264.8,453753
69253,453753
69278.4,453753
69271.8,453753
69274.3,453753
69276.5,453753
69274.5,453753
69274.1,453753
69273.8,453753
69278.6,453753
69274.6,453753
69275.5,453753
69266,453753
69266.6,453753
69272.7,453753
69272.8,453753
69271,453753
69277.6,453753
69275.6,453753
69266,453753
69274,453753
69271.8,453753
69276.1,453753
69274.7,453753
69272.4,453753
69272.3,453753
69274.3,453753
69279,453753
69274,453753
69279.5,453753
69272.3,453753
69275.5,453753
69278.8,453753
69275.2,453753
69276.7,453753
69273.5,453753
69273.4,453753
69276.6,453753
69272.4,453753
69275.2,453753
69279.1,453753
69268.3,453753
69269.4,453753
69277.5,453753
69274.7,453753
69277.6,453753
69269.3,453753
69262.6,453753
69251.9,453753
69271.2,453753
69274.3,453753
69275.1,453753
69267.7,453753
69273.6,453753
69272.7,453753
69269.8,453753
69269.2,453753
69276.7,453753
69273.5,453753
69232.9,453753
69272.7,453753
69276.8,453753
69270.8,453753
69276.8,453753
69267.2,453753
69271.1,453753
69273.8,453753
69270.1,453753
69263.4,453753
69273.1,453753
69274.9,453753
69277.8,453753
69274.2,453753
69278.7,453753
69274.5,453753
69275.3,453753
69276.6,453753
69279.3,453753
69275.1,453753
69279.6,453753
69275.5,453753
69270.4,453753
69246.4,453753
69276.4,453753
69267.8,453753
69262.6,453753
69271,453753
69267.9,453753
69277.1,453753
69274.8,453753
69275.3,453753
69280.2,453753
69277.6,453753
69274.1,453753
69271.5,453753
69272.6,453753
69275.3,453753
69278.2,453753
69273,453753
69271.4,453753
69273.9,453753
69150.3,453753
68964.4,453753
69214.1,453753
69270.4,453753
69267.2,453753
69268,453753
69276.8,453753
69270.7,453753
69274.6,453753
69274.7,453753
69273.2,453753
69245.9,453753
69267.5,453753
69267.9,453753
69274.9,453753
69280,453753
69274.4,453753
69267.9,453753
69268.9,453753
69272.3,453753
69271.3,453753
69275.1,453753
69275.7,453753
69277.3,453753
69280.3,453753
69276.3,453753
69266.8,453753
69278.4,453753
69279,453753
69278.7,453753
69276.5,453753
69273.6,453753
69276.2,453753
69277.4,453753
69278.6,453753
69278.8,453753
69269.9,453753
69276.9,453753
69274.6,453753
69277.2,453753
69275.3,453753
69275.6,453753
69279.2,453753
69275.3,453753
69272.7,453753
69264.9,453753
69241.2,453753
69271.9,453753
69272.2,453753
69267.7,453753
69271.4,453753
69269.2,453753
69269.9,453753
69269.4,453753
69273.6,453753
69275.2,453753
69272.6,453753
69272.8,453753
69274.8,453753
69270.8,453753
69263.2,453753
69264.7,453753
69272.3,453753
69273.7,453753
69272.7,453753
69275.3,453753
69276.1,453753
69274.1,453753
69277.6,453753
69274.4,453753
69271.9,453753
69281,453753
69278,453753
69271,453753
69262.9,453753
69281.7,453753
69282.3,453753
69281.3,453753
69280.1,453753
69273,453753
69269.4,453753
69279.7,453753
69278.5,453753
69275.2,453753
69277.6,453753
69278.3,453753
69277.4,453753
69277.5,453753
69276.1,453753
69271.5,453753
69280.2,453753
69279,453753
69274.3,453753
69270.9,453753
69264.6,453753
69268.2,453753
69269.6,453753
69274.5,453753
69275,453753
69277.4,453753
69274.8,453753
69273.8,453753
69272.4,453753
69268.7,453753
69270.4,453753
69277.4,453753
69276.7,453753
69278.9,453753
69277.8,453753
69276.3,453753
69278.8,453753
69277.9,453753
69280.5,453753
69275.1,453753
69276.9,453753
69276.2,453753
69278.2,453753
69278.9,453753
69277.5,453753
69276.3,453753
69275.8,453753
69279,453753
69274.5,453753
69267.2,453753
69267.4,453753
69267,453753
69273.5,453753
69275.9,453753
69257,453753
69274.7,453753
69268.2,453753
69271.2,453753
69271.5,453753
69273.5,453753
69269.7,453753
69276.1,453753
69271.8,453753
69274.3,453753
69273.8,453753
69275.1,453753
69274.2,453753
69277.8,453753
69273.5,453753
69279.5,453753
69281.8,453753
69277.5,453753
69275.9,453753
69274.6,453753
69276.4,453753
69280.9,453753
69277.6,453753
69275.6,453753
69278.8,453753
69277.4,453753
69272.5,453753
69263.5,453753
69274.6,453753
69263,453753
69275.3,453753
69273.2,453753
69279.6,453753
69277.8,453753
69273.4,453753
69276.3,453753
69276.7,453753
69260.9,453753
69268.8,453753
69267.9,453753
69276,453753
69259,453753
69275.1,453753
69274.3,453753
69277,453753
69279.4,453753
69277,453753
69278.8,453753
69277,453753
69277,453753
69276.8,453753
69270.4,453753
69272.8,453753
69280.6,453753
69277.1,453753
69276.7,453753
69276.6,453753
69275.1,453753
69277,453753
69276.3,453753
69275.2,453753
69277.6,453753
69275.7,453753
69268.4,453753
69269.5,453753
69280,453753
69273.2,453753
69277.3,453753
69270.2,453753
69272.1,453753
69278.6,453753
69276.6,453753
69258.9,453753
69259.5,453753
69270.5,453753
69271.6,453753
69276.1,453753
69275.9,453753
69273.2,453753
69277.7,453753
69274.6,453753
69277.7,453753
69277.3,453753
69269.3,453753
69263.2,453753
69277.8,453753
69277.5,453753
69274.1,453753
69267.4,453753
69279.2,453753
69279.2,453753
69279.6,453753
69276.9,453753
69272.2,453753
69270.4,453753
69268.9,453753
69277.8,453753
69273.3,453753
69271.6,453753
69258.6,453753
69266.2,453753
69245.5,453753
69276,453753
69275,453753
69280.5,453753
69265.5,453753
69275.2,453753
69275.1,453753
69278.8,453753
69277.3,453753
69280.9,453753
69278,453753
69278.6,453753
69274.5,453753
69272.4,453753
69269.8,453753
69272.7,453753
69280.1,453753
69281.7,453753
69280.7,453753
69280.2,453753
69279.9,453753
69278.9,453753
69273.1,453753
69277,453753
69275.8,453753
69276.3,453753
69274.5,453753
69270.9,453753
69275.6,453753
69269.7,453753
69270.3,453753
69272.1,453753
69274.4,453753
69268.9,453753
69274.7,453753
69275.4,453753
69278.8,453753
69276.4,453753
69276.8,453753
69276.7,453753
69277.7,453753
69279.8,453753
69275.8,453753
69276.4,453753
69277.7,453753
69275.7,453753
69281.2,453753
69280.1,453753
69278,453753
69273.7,453753
69267.2,453753
69243.4,453753
69272.2,453753
69272.5,453753
69275.9,453753
69264.1,453753
69254.4,453753
69269.9,453753
69276.6,453753
69271.9,453753
69262.9,453753
69264.5,453753
69267.9,453753
69254.7,453753
69269.4,453753
69275.8,453753
69278.6,453753
69270.3,453753
69279.6,453753
69251.7,453753
69261.2,453753
69269.1,453753
69271.6,453753
69280.1,453753
69271.1,453753
69281.1,453753
69277.2,453753
69279.2,453753
69275.2,453753
69273.4,453753
69281.4,453753
69274.4,453753
69273,453753
69271.1,453753
69262.7,453753
69261.3,453753
69272.9,453753
69277.3,453753
69274.7,453753
69273.7,453753
69275.5,453753
69276.1,453753
69278.4,453753
69278.7,453753
69279.6,453753
69279.5,453753
69277.6,453753
69276,453753
69273.3,453753
69278.5,453753
69280.1,453753
69277.1,453753
69276.3,453753
69280,453753
69279,453753
69272.7,453753
69274.8,453753
69275.3,453753
69274,453753
69278.8,453753
69281.5,453753
69276.5,453753
69272,453753
69268.4,453753
69277.8,453753
69275.3,453753
69275.3,453753
69277.8,453753
69272.6,453753
69260.6,453753
69273.8,453753
69277.9,453753
69279.3,453753
69258,453753
69264.5,453753
69278.8,453753
69277.8,453753
69279.2,453753
69277.3,453546
