TRACE,NSNPS_JACKKNIFE
69288.9,453753
69292.2,453753
69286.1,453753
69290.4,453753
69285.1,453753
69289.9,453753
69288.4,453753
69287.8,453753
69288.4,453753
69284.2,453753
69289.3,453753
69281.6,453753
69292.6,453753
69286.8,453753
69288.9,453753
69289.8,453753
69284.3,453753
69269.9,453753
69276.2,453753
69282.3,453753
69289,453753
69288.2,453753
69284.1,453753
69290.7,453753
69289.4,453753
69287.4,453753
69282.8,453753
69278.8,453753
69287.1,453753
69285.5,453753
69284.5,453753
69282.5,453753
69284.8,453753
69285,453753
69286.7,453753
69286.7,453753
69284.5,453753
69285.6,453753
69287,453753
69287.1,453753
69290.2,453753
69289.7,453753
69285.6,453753
69276.5,453753
69281.7,453753
69286.2,453753
69283.7,453753
69286,453753
69292.2,453753
69291.3,453753
69291.7,453753
69275.5,453753
69284.4,453753
69283.6,453753
69277,453753
69287.2,453753
69286.4,453753
69272.9,453753
69280.9,453753
69282,453753
69287,453753
69290.7,453753
69291.8,453753
69286.7,453753
69286.9,453753
69289,453753
69285.5,453753
69286.8,453753
69284.9,453753
69283.5,453753
69270.2,453753
69286.9,453753
69287.8,453753
69290.4,453753
69291.8,453753
69287.8,453753
69290,453753
69288,453753
69290.6,453753
69288.6,453753
69279.9,453753
69286.2,453753
69288.4,453753
69291.3,453753
69292.9,453753
69291.1,453753
69287.9,453753
69293,453753
69287.2,453753
69285.9,453753
69279.5,453753
69281.1,453753
69288.9,453753
69255.4,453753
69288,453753
69282.7,453753
69287,453753
69288.5,453753
69288.3,453753
69290.1,453753
69281.4,453753
69287,453753
69280.5,453753
69277.3,453753
69282.4,453753
69280.2,453753
69288.6,453753
69285.7,453753
69290.2,453753
69287.4,453753
69288.6,453753
69282.2,453753
69283.2,453753
69276.2,453753
69274.2,453753
69280.2,453753
69288.5,453753
69287.1,453753
69283.6,453753
69279.3,453753
69281.7,453753
69291.8,453753
69281.8,453753
69285.1,453753
69286.8,453753
69286.2,453753
69282.4,453753
69284.8,453753
69278.4,453753
69284.8,453753
69281.3,453753
69286.7,453753
69285,453753
69287.4,453753
69276.4,453753
69287.4,453753
69288.8,453753
69288.5,453753
69278.8,453753
69286.6,453753
69267.9,453753
69267.2,453753
69283.2,453753
69280.7,453753
69281.2,453753
69282.3,453753
69284.8,453753
69283.7,453753
69286.3,453753
69285.9,453753
69287.4,453753
69291.2,453753
69289.5,453753
69288.7,453753
69287.4,453753
69287.4,453753
69289.2,453753
69293.7,453753
69292,453753
69289.3,453753
69283.6,453753
69288.8,453753
69289.1,453753
69291.1,453753
69291.5,453753
69292.6,453753
69289.7,453753
69290.8,453753
69287.2,453753
69286.5,453753
69283.6,453753
69285.1,453753
69285.1,453753
69289.3,453753
69288.8,453753
69286,453753
69290.5,453753
69282.8,453753
69281.1,453753
69285.3,453753
69282,453753
69244.2,453753
69253.7,453753
69285.8,453753
69282.4,453753
69292,453753
69288.7,453753
69289,453753
69290.3,453753
69287.8,453753
69290.9,453753
69290.9,453753
69282.6,453753
69270.6,453753
69273.4,453753
69263.8,453753
69271.6,453753
69278.2,453753
69287.3,453753
69284.4,453753
69284.1,453753
69288.5,453753
69284.5,453753
69280.1,453753
69287.5,453753
69284.9,453753
69283.4,453753
69287.9,453753
69282.3,453753
69279,453753
69285.2,453753
69286.7,453753
69288.7,453753
69291.1,453753
69283.2,453753
69284.5,453753
69265.8,453753
69270.4,453753
69277.8,453753
69271.3,453753
69290.6,453753
69287.1,453753
69288,453753
69289.6,453753
69282.9,453753
69289.8,453753
69290.3,453753
69288.2,453753
69289.5,453753
69291.7,453753
69284.9,453753
69278.9,453753
69282.3,453753
69292.9,453753
69291.8,453753
69289.6,453753
69281.4,453753
69283.2,453753
69280.3,453753
69288.6,453753
69282,453753
69287.5,453753
69289.1,453753
69287.6,453753
69286.6,453753
69288.4,453753
69287.5,453753
69287.9,453753
69287.5,453753
69281.3,453753
69274.3,453753
69285,453753
69285.2,453753
69281.3,453753
69285.5,453753
69280.7,453753
69280.9,453753
69285.3,453753
69276,453753
69285.4,453753
69289.4,453753
69280,453753
69267.6,453753
69281.7,453753
69280.5,453753
69282,453753
69280.8,453753
69263.3,453753
69286.2,453753
69285.7,453753
69284.2,453753
69275.2,453753
69280.9,453753
69282,453753
69278.7,453753
69279.7,453753
69288.2,453753
69291.9,453753
69287,453753
69279.9,453753
69287.5,453753
69282.1,453753
69288.5,453753
69287.7,453753
69284.6,453753
69287.9,453753
69289.6,453753
69284.7,453753
69284.7,453753
69286.9,453753
69292.7,453753
69289.3,453753
69289.9,453753
69290.4,453753
69293.1,453753
69288.1,453753
69284.8,453753
69288.3,453753
69291.2,453753
69286.5,453753
69292.4,453753
69288.7,453753
69291.6,453753
69287.6,453753
69289.5,453753
69289.2,453753
69286.4,453753
69286.1,453753
69284.2,453753
69290.8,453753
69289.3,453753
69286,453753
69278.3,453753
69262.7,453753
69252.8,453753
69280,453753
69285.6,453753
69279.7,453753
69282.6,453753
69281.6,453753
69285.2,453753
69287.3,453753
69284.7,453753
69288.5,453753
69280.8,453753
69282,453753
69280.5,453753
69283.1,453753
69281.2,453753
69279.9,453753
69257.1,453753
69286.4,453753
69286.8,453753
69289.7,453753
69284.9,453753
69288.6,453753
69280.5,453753
69286.5,453753
69286.9,453753
69281.7,453753
69273.2,453753
69285.6,453753
69268.2,453753
69271.1,453753
69285.5,453753
69281.6,453753
69287.5,453753
69281.1,453753
69284.4,453753
69251.5,453753
69284.3,453753
69286.4,453753
69289.4,453753
69291.8,453753
69291.3,453753
69291.8,453753
69292.6,453753
69290,453753
69287.2,453753
69289.1,453753
69290.7,453753
69291.8,453753
69288.3,453753
69289.6,453753
69284.6,453753
69288.9,453753
69286.9,453753
69286,453753
69285.6,453753
69286.4,453753
69286.3,453753
69287,453753
69285.7,453753
69286.2,453753
69286.8,453753
69286,453753
69283.2,453753
69269.1,453753
69279.3,453753
69277.3,453753
69254.9,453753
69271.5,453753
69279.5,453753
69283.8,453753
69279.3,453753
69275.7,453753
69271.9,453753
69275,453753
69283.4,453753
69287.5,453753
69284.9,453753
69283.2,453753
69283,453753
69284.9,453753
69279.5,453753
69281,453753
69280.4,453753
69272.8,453753
69277,453753
69286.5,453753
69286.6,453753
69288.5,453753
69287,453753
69286.7,453753
69292.3,453753
69269.4,453753
69281.8,453753
69283.3,453753
69284.7,453753
69287.7,453753
69291.7,453753
69287.8,453753
69285.8,453753
69288.3,453753
69289.7,453753
69289.1,453753
69290.3,453753
69286.6,453753
69281.3,453753
69283.7,453753
69286.9,453753
69286.8,453753
69286.4,453753
69283.4,453753
69287.9,453753
69288.6,453753
69287.6,453753
69291.7,453753
69281.5,453753
69286.4,453753
69285.9,453753
69290.4,453753
69276.6,453753
69288,453753
69285.4,453753
69290,453753
69289.3,453753
69282.6,453753
69285.6,453753
69283,453753
69285.2,453753
69281.2,453753
69242.7,453753
69282,453753
69287.3,453753
69289.3,453753
69289.2,453753
69290.5,453753
69279.9,453753
69280.1,453753
69286.4,453753
69286.7,453753
69277.6,453753
69279,453753
69290.9,453753
69287.6,453753
69287.3,453753
69286.1,453753
69281.4,453753
69278,453753
69277.4,453753
69284.9,453753
69291.2,453753
69281.8,453753
69292.3,453753
69288.8,453753
69283.5,453753
69287.7,453753
69291.9,453753
69285,453753
69292.3,453753
69292.1,453753
69291.2,453753
69285.9,453753
69280.9,453753
69285.7,453753
69285.9,453753
69287.3,453753
69287.1,453753
69273,453753
69245.7,453753
69249.4,453753
69285,453753
69286.1,453753
69289.5,453753
69284.1,453753
69287.7,453753
69285.6,453753
69286.5,453753
69285.8,453753
69289.3,453753
69281.1,453753
69284.3,453753
69285.6,453753
69264,453753
69278.4,453753
69283.6,453753
69284.5,453753
69287.7,453753
69287.4,453753
69282.9,453753
69289.1,453753
69289.4,453753
69284.3,453753
69281.7,453753
69285.9,453753
69276.7,453753
69284.4,453753
69286.2,453753
69291.5,453753
69286.3,453753
69286.9,453753
69285.4,453753
69273.1,453753
69276.2,453753
69287.3,453753
69287,453753
69289.5,453753
69288.6,453753
69290.8,453753
69284.4,453753
69288.9,453753
69286,453753
69288.9,453753
69289.9,453753
69287.6,453753
69284.8,453753
69288,453753
69290.8,453753
69291.9,453753
69288.8,453753
69292,453753
69292.6,453753
69290.9,453753
69287.7,453753
69283.4,453753
69290.1,453753
69284.5,453753
69290.2,453753
69279.1,453753
69283.2,453753
69276,453753
69269.8,453753
69285.6,453753
69281.3,453753
69284.6,453753
69288.9,453753
69283.3,453753
69287.2,453753
69289.7,453753
69291.7,453753
69289.2,453753
69290.9,453753
69282.2,453753
69282.1,453753
69287,453753
69283.9,453753
69283.5,453753
69290.8,453753
69285.8,453753
69282.2,453753
69284.8,453753
69284.1,453753
69291,453753
69289.2,453753
69284.3,453753
69289.3,453753
69289.5,453753
69289.4,453753
69286.4,453753
69288.4,453753
69284.7,453753
69285.5,453753
69291.2,453753
69287.1,453753
69288.5,453753
69285.7,453753
69288.9,453753
69286.1,453753
69288.6,453753
69290.6,453753
69291.6,453753
69281.1,453753
69281,453753
69287.1,453753
69288.3,453753
69290.4,453753
69285.1,453753
69278.2,453753
69268.3,453753
69283.5,453753
69287.1,453753
69290.7,453753
69282,453753
69288.4,453753
69280.8,453753
69283.2,453753
69286.7,453753
69289,453753
69284.4,453753
69252.4,453753
69288.2,453753
69289.1,453753
69285.4,453753
69288.7,453753
69280.1,453753
69279.6,453753
69285.1,453753
69285.8,453753
69273.6,453753
69282.7,453753
69285.3,453753
69288.8,453753
69286.6,453753
69292.4,453753
69286.3,453753
69286,453753
69284.4,453753
69288.6,453753
69291.3,453753
69292.2,453753
69287,453753
69283.8,453753
69261.7,453753
69289.1,453753
69274,453753
69272.8,453753
69284.1,453753
69279.6,453753
69288.2,453753
69288.1,453753
69285.5,453753
69290.7,453753
69290.6,453753
69290.6,453753
69282.4,453753
69283.7,453753
69289.3,453753
69291,453753
69287.9,453753
69284.4,453753
69287.4,453753
69153.6,453753
68956.9,453753
69225.9,453753
69283,453753
69279.3,453753
69277.3,453753
69287.1,453753
69281.2,453753
69285.9,453753
69289.4,453753
69284.1,453753
69261.8,453753
69276,453753
69279.3,453753
69284.5,453753
69289.3,453753
69285.1,453753
69279.6,453753
69282.5,453753
69285.4,453753
69285,453753
69287.7,453753
69288.6,453753
69290.4,453753
69292.3,453753
69287.6,453753
69278.5,453753
69290.9,453753
69291.1,453753
69288.6,453753
69288.5,453753
69289.1,453753
69288.8,453753
69291,453753
69292.2,453753
69290.5,453753
69284.1,453753
69290.4,453753
69292.5,453753
69285,453753
69287.7,453753
69284.5,453753
69289.2,453753
69284,453753
69286.9,453753
69275.7,453753
69244,453753
69282,453753
69286.3,453753
69276.1,453753
69284,453753
69282.7,453753
69283.7,453753
69284.1,453753
69285.9,453753
69290.7,453753
69286.2,453753
69289.5,453753
69286.8,453753
69281,453753
69277.1,453753
69277.6,453753
69288.7,453753
69280.9,453753
69285.3,453753
69287.6,453753
69288.1,453753
69288.4,453753
69286.4,453753
69281.5,453753
69282.3,453753
69288.9,453753
69291.1,453753
69283,453753
69276.5,453753
69290.8,453753
69288.8,453753
69292,453753
69291.2,453753
69285.9,453753
69281.1,453753
69291.8,453753
69286.1,453753
69284.9,453753
69292.2,453753
69290.1,453753
69290.9,453753
69288.3,453753
69287.4,453753
69287.1,453753
69287.4,453753
69288.5,453753
69284.6,453753
69281.4,453753
69277.9,453753
69283.2,453753
69281.1,453753
69281.7,453753
69286.3,453753
69292.1,453753
69283.7,453753
69285,453753
69286.6,453753
69281,453753
69286.5,453753
69288.8,453753
69287.4,453753
69287.6,453753
69287.3,453753
69292.4,453753
69293.8,453753
69293,453753
69291.4,453753
69287.4,453753
69290.9,453753
69287.7,453753
69289.1,453753
69289,453753
69290.5,453753
69288.9,453753
69290.4,453753
69292.2,453753
69287.4,453753
69279.4,453753
69275.2,453753
69278.4,453753
69284.5,453753
69285.9,453753
69271.5,453753
69288.3,453753
69281.3,453753
69282.1,453753
69284.2,453753
69284.5,453753
69281.8,453753
69286.5,453753
69283.3,453753
69282.4,453753
69288.3,453753
69286.2,453753
69288.3,453753
69286.8,453753
69283.6,453753
69293.5,453753
69289.8,453753
69290,453753
69289.9,453753
69285.2,453753
69289.4,453753
69292,453753
69292.3,453753
69289.5,453753
69294.1,453753
69290.9,453753
69288.1,453753
69274,453753
69289,453753
69278.5,453753
69284,453753
69289.7,453753
69292.1,453753
69287.8,453753
69284.4,453753
69289,453753
69290.1,453753
69264.2,453753
69275,453753
69282.1,453753
69286.3,453753
69269.6,453753
69286.8,453753
69287.3,453753
69289.2,453753
69294.6,453753
69289.7,453753
69292.9,453753
69290.9,453753
69286.8,453753
69289.3,453753
69283.5,453753
69283.2,453753
69291.3,453753
69291.3,453753
69290.2,453753
69288.2,453753
69293.6,453753
69290.2,453753
69291.1,453753
69287,453753
69287.8,453753
69291.7,453753
69280.5,453753
69279,453753
69291.8,453753
69290.2,453753
69292.4,453753
69290,453753
69284.3,453753
69286.8,453753
69286.8,453753
69270.2,453753
69272.9,453753
69283.5,453753
69285,453753
69292.6,453753
69289.7,453753
69288.4,453753
69290.8,453753
69286.1,453753
69288.9,453753
69291.1,453753
69282.3,453753
69275.5,453753
69288.8,453753
69288.1,453753
69283.5,453753
69280.6,453753
69292.4,453753
69291.7,453753
69292.2,453753
69289.8,453753
69286.6,453753
69282,453753
69279.7,453753
69290.5,453753
69286.8,453753
69283.1,453753
69271.3,453753
69273.7,453753
69261.6,453753
69287.8,453753
69288.2,453753
69290.5,453753
69279.4,453753
69287.6,453753
69289.8,453753
69289.1,453753
69291,453753
69292.3,453753
69289.1,453753
69289.8,453753
69285.5,453753
69286.7,453753
69282.2,453753
69285.6,453753
69293.5,453753
69297,453753
69293.8,453753
69287.5,453753
69292.8,453753
69291.8,453753
69285,453753
69287.1,453753
69286.9,453753
69286.8,453753
69284.1,453753
69284.2,453753
69290.2,453753
69279.9,453753
69284.7,453753
69286.5,453753
69284.7,453753
69275.4,453753
69284.6,453753
69287.2,453753
69290.4,453753
69286.4,453753
69286.1,453753
69291.7,453753
69288.8,453753
69290.4,453753
69288.5,453753
69288.9,453753
69288.7,453753
69288.8,453753
69292,453753
69295.7,453753
69286.4,453753
69286.2,453753
69283.5,453753
69259.7,453753
69286.3,453753
69286,453753
69285.8,453753
69281,453753
69263.1,453753
69284,453753
69285.6,453753
69287,453753
69265.9,453753
69278.3,453753
69284.5,453753
69266.4,453753
69283.1,453753
69286.7,453753
69288.7,453753
69287.1,453753
69289.6,453753
69251.1,453753
69272.8,453753
69284.5,453753
69284.9,453753
69293,453753
69287.1,453753
69289.3,453753
69294,453753
69290.1,453753
69286.9,453753
69283,453753
69293,453753
69285.4,453753
69287.9,453753
69284.8,453753
69274.8,453753
69267.9,453753
69288.8,453753
69288.5,453753
69288.1,453753
69282,453753
69285.1,453753
69288.2,453753
69291.1,453753
69290.1,453753
69291,453753
69290.7,453753
69292.3,453753
69291.4,453753
69286.7,453753
69292.2,453753
69290.8,453753
69288.3,453753
69288.7,453753
69289.5,453753
69287.6,453753
69286.9,453753
69286.2,453753
69289.6,453753
69285.9,453753
69289.4,453753
69291.5,453753
69285.5,453753
69283.3,453753
69278.7,453753
69293.3,453753
69292.2,453753
69289,453753
69292.8,453753
69289.8,453753
69277.7,453753
69286.6,453753
69290.4,453753
69289.6,453753
69271.8,453753
69277.3,453753
69291.8,453753
69291.1,453753
69291.5,453753
69292.8,453546
