TRACE,NSNPS_JACKKNIFE
69382.7,453753
69384.4,453753
69378.9,453753
69380.5,453753
69377,453753
69383.7,453753
69379.8,453753
69379.4,453753
69378.3,453753
69378.5,453753
69380,453753
69373.8,453753
69382.8,453753
69374.5,453753
69382.2,453753
69381.7,453753
69375.7,453753
69362.7,453753
69363.6,453753
69372.1,453753
69380,453753
69382.5,453753
69376.3,453753
69382.9,453753
69386,453753
69377.6,453753
69372,453753
69372.6,453753
69379.6,453753
69379.3,453753
69380.1,453753
69380.5,453753
69378.3,453753
69379.4,453753
69377.4,453753
69378,453753
69380.7,453753
69376.3,453753
69383.1,453753
69382.1,453753
69381.4,453753
69379,453753
69378.6,453753
69365.3,453753
69371.6,453753
69378.5,453753
69377.9,453753
69380.6,453753
69383.4,453753
69382.5,453753
69381.8,453753
69374.4,453753
69373.6,453753
69375,453753
69371.8,453753
69379.5,453753
69375.9,453753
69369.5,453753
69377.5,453753
69371.6,453753
69381.7,453753
69383.6,453753
69382.1,453753
69378.8,453753
69378.6,453753
69378.5,453753
69380.7,453753
69378.8,453753
69380,453753
69374,453753
69361.4,453753
69380.8,453753
69380.3,453753
69386.1,453753
69384.9,453753
69380.5,453753
69384.9,453753
69381,453753
69385.2,453753
69379.1,453753
69373.6,453753
69380.1,453753
69383.8,453753
69387,453753
69385.7,453753
69379.9,453753
69384.7,453753
69384.3,453753
69380.9,453753
69382.2,453753
69374,453753
69372.5,453753
69380.3,453753
69348.8,453753
69380.4,453753
69376.5,453753
69380.8,453753
69381.6,453753
69375.3,453753
69383.6,453753
69373.6,453753
69377.3,453753
69377,453753
69370.5,453753
69371.7,453753
69376.1,453753
69382.2,453753
69379.5,453753
69379.5,453753
69379.6,453753
69382.4,453753
69378.5,453753
69377.2,453753
69370.2,453753
69369.7,453753
69370.2,453753
69378.1,453753
69378.5,453753
69374.8,453753
69371.7,453753
69373.4,453753
69381.6,453753
69376,453753
69379.9,453753
69382.1,453753
69373.7,453753
69373.4,453753
69380.6,453753
69374.9,453753
69380,453753
69376.6,453753
69380.1,453753
69377.5,453753
69380.6,453753
69374.9,453753
69382,453753
69380.6,453753
69384,453753
69372.7,453753
69380.9,453753
69363.9,453753
69363.2,453753
69380.1,453753
69377.5,453753
69372.2,453753
69371.7,453753
69377.2,453753
69378.9,453753
69380.2,453753
69379.7,453753
69379,453753
69383.6,453753
69382.3,453753
69381.7,453753
69377,453753
69379,453753
69382.4,453753
69380.2,453753
69384.9,453753
69380.8,453753
69377.6,453753
69378.7,453753
69381.5,453753
69385.3,453753
69385.3,453753
69383.2,453753
69379.7,453753
69383.7,453753
69382,453753
69379.1,453753
69374.5,453753
69379.6,453753
69380.9,453753
69376.5,453753
69382.3,453753
69378.8,453753
69379.8,453753
69377.9,453753
69377.9,453753
69379.4,453753
69375,453753
69338.8,453753
69343.6,453753
69379.3,453753
69373.4,453753
69381.7,453753
69381.8,453753
69381.5,453753
69384.2,453753
69381.1,453753
69383,453753
69384.7,453753
69368.6,453753
69360,453753
69357.8,453753
69347.3,453753
69365,453753
69371,453753
69379.6,453753
69377,453753
69379.5,453753
69378.7,453753
69378.5,453753
69366.8,453753
69378.5,453753
69377.2,453753
69374.3,453753
69379.3,453753
69378,453753
69369.8,453753
69376.4,453753
69379.9,453753
69378.5,453753
69380.6,453753
69375.9,453753
69371.8,453753
69356.8,453753
69362.3,453753
69372,453753
69370.9,453753
69386.5,453753
69384.5,453753
69380.8,453753
69381.6,453753
69376.9,453753
69381.7,453753
69387.2,453753
69381.9,453753
69380.7,453753
69382.7,453753
69378.7,453753
69372.3,453753
69372.2,453753
69386.6,453753
69384.4,453753
69382.3,453753
69382,453753
69377.5,453753
69374,453753
69382,453753
69376.8,453753
69380.6,453753
69383.5,453753
69381.7,453753
69380.7,453753
69375.8,453753
69378,453753
69379.7,453753
69380.3,453753
69366.4,453753
69367.7,453753
69380.7,453753
69377.7,453753
69376.8,453753
69378.6,453753
69374.4,453753
69377.7,453753
69378.5,453753
69366,453753
69381.2,453753
69383,453753
69374,453753
69365.6,453753
69374.1,453753
69377.9,453753
69373.6,453753
69374.3,453753
69359.1,453753
69381.3,453753
69380.8,453753
69381.4,453753
69363.9,453753
69376.3,453753
69373.1,453753
69372.5,453753
69369.7,453753
69377.8,453753
69382.6,453753
69378.7,453753
69370,453753
69378.4,453753
69378.1,453753
69381,453753
69378.7,453753
69372.2,453753
69379.5,453753
69382.4,453753
69377.7,453753
69382.9,453753
69381.9,453753
69382.6,453753
69384.3,453753
69383.5,453753
69381.7,453753
69384.1,453753
69383.1,453753
69382.9,453753
69379.9,453753
69382.5,453753
69380.9,453753
69381.8,453753
69383,453753
69386.9,453753
69378.6,453753
69382.6,453753
69384.8,453753
69382.5,453753
69381,453753
69379.3,453753
69381.4,453753
69381.7,453753
69382.9,453753
69372.2,453753
69360.4,453753
69347.4,453753
69374,453753
69379,453753
69370.8,453753
69375.1,453753
69376,453753
69377.9,453753
69384.4,453753
69376.9,453753
69381.5,453753
69375,453753
69373.3,453753
69374.6,453753
69377.4,453753
69376.5,453753
69373.6,453753
69353,453753
69377,453753
69379.5,453753
69380.2,453753
69376.5,453753
69381,453753
69378.2,453753
69380.4,453753
69383.7,453753
69375.7,453753
69369.3,453753
69377.2,453753
69363.8,453753
69355.3,453753
69381.7,453753
69376.1,453753
69378.2,453753
69373.5,453753
69373.8,453753
69333.6,453753
69380,453753
69381.3,453753
69381,453753
69385.7,453753
69383.6,453753
69382.5,453753
69382.3,453753
69383.7,453753
69381.7,453753
69381.6,453753
69382.6,453753
69382.3,453753
69379.5,453753
69385.1,453753
69379.1,453753
69382.2,453753
69377.2,453753
69381.7,453753
69378,453753
69379.8,453753
69379.7,453753
69378,453753
69375.7,453753
69380.1,453753
69379.9,453753
69379.4,453753
69371.2,453753
69356.2,453753
69370.8,453753
69372.8,453753
69346.3,453753
69361.2,453753
69371.6,453753
69377.8,453753
69376.8,453753
69363.3,453753
69368.4,453753
69370.7,453753
69375.1,453753
69381.1,453753
69378.9,453753
69369.8,453753
69378,453753
69381.5,453753
69375.3,453753
69367.5,453753
69370.7,453753
69366.9,453753
69370.1,453753
69378.3,453753
69379.5,453753
69381.9,453753
69382.2,453753
69378.5,453753
69384.3,453753
69355.1,453753
69374.1,453753
69378.1,453753
69377.3,453753
69380.7,453753
69382.8,453753
69382.9,453753
69380.4,453753
69383,453753
69385.3,453753
69382.4,453753
69380.7,453753
69378.4,453753
69369.6,453753
69374.3,453753
69377.9,453753
69381.7,453753
69382.6,453753
69378.5,453753
69383.1,453753
69381.8,453753
69382.6,453753
69381.6,453753
69370.7,453753
69378.4,453753
69379.1,453753
69382.6,453753
69370.7,453753
69378.6,453753
69378.1,453753
69380.6,453753
69379.4,453753
69375.9,453753
69378.2,453753
69376.7,453753
69376.5,453753
69373.4,453753
69347.1,453753
69375.7,453753
69378.2,453753
69378.6,453753
69383.5,453753
69382.1,453753
69377,453753
69369,453753
69375.4,453753
69378.6,453753
69370.8,453753
69374.1,453753
69380.8,453753
69379.3,453753
69379.5,453753
69380.3,453753
69376.6,453753
69372.3,453753
69376.2,453753
69372.9,453753
69381.1,453753
69374.7,453753
69383.1,453753
69383.1,453753
69377.1,453753
69378.7,453753
69380.5,453753
69377.4,453753
69384.7,453753
69382.6,453753
69378.8,453753
69376,453753
69371.3,453753
69378.4,453753
69378.9,453753
69381.1,453753
69382.8,453753
69359.2,453753
69314.8,453753
69326.5,453753
69377.4,453753
69381.6,453753
69381.6,453753
69377.9,453753
69379.1,453753
69371.5,453753
69384.2,453753
69383,453753
69381.5,453753
69376.3,453753
69378.5,453753
69378.3,453753
69357.1,453753
69374.7,453753
69377.3,453753
69377.8,453753
69378,453753
69373.9,453753
69379.3,453753
69381.2,453753
69383.1,453753
69377.5,453753
69372.2,453753
69377.6,453753
69372.1,453753
69377.3,453753
69381.3,453753
69381.2,453753
69374.7,453753
69376.9,453753
69377.1,453753
69369.4,453753
69368.8,453753
69378.8,453753
69378.4,453753
69378.9,453753
69382.9,453753
69382.1,453753
69376.3,453753
69380.7,453753
69378.7,453753
69379,453753
69384,453753
69379.9,453753
69380.4,453753
69376.7,453753
69384.8,453753
69381.1,453753
69378.3,453753
69382.4,453753
69383.9,453753
69378.5,453753
69380.6,453753
69375.2,453753
69383.2,453753
69375,453753
69380.5,453753
69371.3,453753
69374.5,453753
69365.7,453753
69355.8,453753
69378.1,453753
69374.2,453753
69379,453753
69382.8,453753
69375.6,453753
69379.5,453753
69380.9,453753
69381.8,453753
69384.8,453753
69384.7,453753
69374.7,453753
69374.2,453753
69377.5,453753
69377.7,453753
69379.9,453753
69382.6,453753
69378.8,453753
69377.7,453753
69378.3,453753
69379.2,453753
69381.8,453753
69379.6,453753
69375.8,453753
69379.6,453753
69381.5,453753
69380.5,453753
69379.1,453753
69385.9,453753
69374.5,453753
69379.5,453753
69383.7,453753
69380.7,453753
69381.7,453753
69382.4,453753
69381.1,453753
69378.9,453753
69382.9,453753
69381.7,453753
69381.6,453753
69377.6,453753
69375.4,453753
69378.1,453753
69382.3,453753
69382.3,453753
69376,453753
69367.9,453753
69350.9,453753
69379.1,453753
69378.6,453753
69382.8,453753
69371.7,453753
69378.3,453753
69374,453753
69374.4,453753
69376.2,453753
69381.1,453753
69376,453753
69316,453753
69379.6,453753
69380.9,453753
69377.2,453753
69380.2,453753
69375.7,453753
69379.7,453753
69381.9,453753
69372.1,453753
69370.3,453753
69380.4,453753
69378.3,453753
69380,453753
69380.2,453753
69386.3,453753
69379.8,453753
69379.3,453753
69379.7,453753
69382,453753
69383,453753
69383.4,453753
69380.3,453753
69375.5,453753
69357.6,453753
69379.5,453753
69365.6,453753
69361.2,453753
69375.4,453753
69374.2,453753
69383.8,453753
69379.6,453753
69379.5,453753
69384.4,453753
69381.6,453753
69380.9,453753
69370.4,453753
69376.2,453753
69379.8,453753
69380.3,453753
69381.3,453753
69378,453753
69376.5,453753
69262.3,453753
69066.5,453753
69323.3,453753
69378.1,453753
69373.2,453753
69367.9,453753
69384.2,453753
69377.1,453753
69379.2,453753
69382.6,453753
69377.3,453753
69350,453753
69371.3,453753
69370.2,453753
69378.2,453753
69383.7,453753
69376.1,453753
69371.1,453753
69373,453753
69377.7,453753
69377.6,453753
69379.7,453753
69381.8,453753
69379.2,453753
69383.7,453753
69381.1,453753
69372.1,453753
69382.9,453753
69383.3,453753
69383.4,453753
69385.1,453753
69380.1,453753
69380.3,453753
69380.5,453753
69383.4,453753
69385.1,453753
69377.2,453753
69380.8,453753
69381.1,453753
69378.4,453753
69380.7,453753
69380.6,453753
69382.3,453753
69380.5,453753
69378.7,453753
69367.3,453753
69349.5,453753
69375.8,453753
69376.3,453753
69367.9,453753
69374.4,453753
69373.3,453753
69376.2,453753
69372.7,453753
69375.6,453753
69383.2,453753
69379.9,453753
69375,453753
69381.5,453753
69380.1,453753
69372.2,453753
69373.9,453753
69379.7,453753
69378.6,453753
69370.5,453753
69379.1,453753
69380.4,453753
69384.7,453753
69383.8,453753
69376.7,453753
69375.1,453753
69380.5,453753
69383.7,453753
69374.3,453753
69367.9,453753
69384,453753
69386.1,453753
69384.2,453753
69385.3,453753
69378.8,453753
69374.8,453753
69386.4,453753
69379,453753
69380.5,453753
69378.9,453753
69387,453753
69385.3,453753
69377.4,453753
69380.9,453753
69380.7,453753
69380.8,453753
69381.5,453753
69377.3,453753
69373.9,453753
69366.4,453753
69377,453753
69375.2,453753
69371.8,453753
69379.5,453753
69382.6,453753
69377.5,453753
69379.2,453753
69376.7,453753
69371.8,453753
69377.4,453753
69382.3,453753
69376.4,453753
69381.5,453753
69383.2,453753
69381.1,453753
69385.3,453753
69383.7,453753
69384.2,453753
69381.1,453753
69382.2,453753
69381.8,453753
69384.1,453753
69384.2,453753
69381.1,453753
69383.6,453753
69381,453753
69384.5,453753
69378.3,453753
69377,453753
69372.3,453753
69369.8,453753
69375.7,453753
69378.6,453753
69361.4,453753
69381.3,453753
69375.2,453753
69382,453753
69379.7,453753
69380.1,453753
69371.9,453753
69373.7,453753
69379.6,453753
69379.7,453753
69382.3,453753
69379.8,453753
69379.4,453753
69381.5,453753
69377,453753
69385.2,453753
69382,453753
69382.8,453753
69382.4,453753
69376.8,453753
69382,453753
69386.1,453753
69383.6,453753
69378.3,453753
69384.8,453753
69381.6,453753
69379,453753
69369.5,453753
69377.3,453753
69366.5,453753
69382.1,453753
69376.3,453753
69381.1,453753
69380.3,453753
69376.9,453753
69381.4,453753
69385.1,453753
69357.1,453753
69372.7,453753
69376.7,453753
69379,453753
69357.7,453753
69380.8,453753
69379.4,453753
69383.3,453753
69383.8,453753
69383.8,453753
69385.2,453753
69382.4,453753
69383.3,453753
69384.1,453753
69371,453753
69377.5,453753
69386.2,453753
69383.9,453753
69382.6,453753
69382.3,453753
69382.2,453753
69382.7,453753
69383.5,453753
69380.2,453753
69378.8,453753
69381.4,453753
69372,453753
69374.4,453753
69383.7,453753
69382.8,453753
69380.1,453753
69379.7,453753
69375.5,453753
69381.5,453753
69378.7,453753
69363.5,453753
69365.8,453753
69376.6,453753
69379,453753
69385.6,453753
69383.2,453753
69382.2,453753
69382.1,453753
69380,453753
69382.8,453753
69383.5,453753
69378.7,453753
69366.4,453753
69384.8,453753
69383.2,453753
69375.4,453753
69377,453753
69384.2,453753
69385.1,453753
69387.5,453753
69382.5,453753
69375.1,453753
69372.6,453753
69376.7,453753
69386.5,453753
69381.4,453753
69375.7,453753
69364.1,453753
69364.4,453753
69360.7,453753
69381.4,453753
69378.7,453753
69384.4,453753
69374.4,453753
69380.6,453753
69378.8,453753
69381.9,453753
69383.3,453753
69383.2,453753
69383.8,453753
69382.7,453753
69381.1,453753
69377.8,453753
69373.7,453753
69378.2,453753
69386.9,453753
69386,453753
69386.5,453753
69381.9,453753
69384,453753
69381.2,453753
69378.3,453753
69380.3,453753
69382.6,453753
69378.8,453753
69378.3,453753
69378.1,453753
69377.6,453753
69374.4,453753
69376.8,453753
69377,453753
69382.4,453753
69369.9,453753
69376.2,453753
69379.3,453753
69384.1,453753
69377.2,453753
69380.9,453753
69381.4,453753
69382.9,453753
69384.8,453753
69380.3,453753
69382.1,453753
69385,453753
69381.5,453753
69382.7,453753
69384.5,453753
69384.8,453753
69380.1,453753
69375,453753
69346.4,453753
69379.4,453753
69375,453753
69379,453753
69368.3,453753
69358.5,453753
69375.4,453753
69383.6,453753
69380.1,453753
69367.8,453753
69368.2,453753
69373,453753
69352,453753
69378,453753
69381.1,453753
69383.1,453753
69377.8,453753
69383.1,453753
69354.1,453753
69371.8,453753
69376,453753
69375.5,453753
69385.2,453753
69373.3,453753
69383.2,453753
69384.3,453753
69385.6,453753
69381.6,453753
69380.2,453753
69381.8,453753
69380.2,453753
69379.5,453753
69375.2,453753
69365,453753
69366.1,453753
69378.2,453753
69379.7,453753
69383.5,453753
69376.2,453753
69380.7,453753
69381.8,453753
69385.8,453753
69382.7,453753
69382.8,453753
69387,453753
69384.5,453753
69380.5,453753
69376.6,453753
69383.8,453753
69385.4,453753
69384.6,453753
69381.6,453753
69382.4,453753
69378,453753
69378.1,453753
69379.3,453753
69380.1,453753
69380.5,453753
69384.9,453753
69385.5,453753
69379.5,453753
69378.2,453753
69373,453753
69382.7,453753
69382.2,453753
69380.3,453753
69383.3,453753
69380.8,453753
69363,453753
69380.1,453753
69382.4,453753
69380.5,453753
69368.9,453753
69371.9,453753
69384.9,453753
69382.6,453753
69384.3,453753
69388.6,453546
