TRACE,NSNPS_JACKKNIFE
69218.4,453753
69218.3,453753
69217.8,453753
69217,453753
69213.2,453753
69217.8,453753
69213.7,453753
69210.8,453753
69211.4,453753
69210,453753
69215.3,453753
69208.1,453753
69218.2,453753
69213.2,453753
69216.6,453753
69213.8,453753
69211.6,453753
69200.6,453753
69201.9,453753
69209.4,453753
69216.2,453753
69220.4,453753
69213,453753
69214.4,453753
69216.6,453753
69215.4,453753
69210.5,453753
69210.3,453753
69212.9,453753
69212,453753
69212.1,453753
69214.5,453753
69215.3,453753
69211.1,453753
69214.1,453753
69212.4,453753
69214.5,453753
69209.5,453753
69215.7,453753
69214.8,453753
69214.8,453753
69214.7,453753
69210.7,453753
69207.6,453753
69207.6,453753
69209.1,453753
69214.3,453753
69215.7,453753
69218.2,453753
69217.1,453753
69217.9,453753
69205.9,453753
69210.7,453753
69212.1,453753
69210.3,453753
69215.3,453753
69213.8,453753
69201.9,453753
69210.6,453753
69206.6,453753
69213.8,453753
69216.4,453753
69217.5,453753
69212,453753
69215.6,453753
69214.4,453753
69212.2,453753
69212.2,453753
69211.8,453753
69209.4,453753
69202,453753
69216,453753
69215.6,453753
69218.4,453753
69216.3,453753
69216.3,453753
69218.7,453753
69213.6,453753
69219.3,453753
69216,453753
69206,453753
69214.7,453753
69219.2,453753
69219.8,453753
69216.7,453753
69216.2,453753
69218.5,453753
69217.6,453753
69215.5,453753
69215.1,453753
69203.9,453753
69205.7,453753
69215.2,453753
69177.7,453753
69218.3,453753
69212.2,453753
69217.1,453753
69212.8,453753
69213,453753
69215.3,453753
69208.6,453753
69206.6,453753
69207.3,453753
69208.8,453753
69208.3,453753
69208.8,453753
69218.1,453753
69214.9,453753
69214.6,453753
69215.4,453753
69216.7,453753
69213.7,453753
69207.2,453753
69205.4,453753
69204.1,453753
69205.7,453753
69215.4,453753
69215.5,453753
69208.9,453753
69207.2,453753
69211,453753
69216.9,453753
69209.1,453753
69214.9,453753
69214.4,453753
69210,453753
69210.5,453753
69208.9,453753
69207.6,453753
69211.9,453753
69210.8,453753
69215.2,453753
69210.9,453753
69212.6,453753
69208.3,453753
69216.7,453753
69218.1,453753
69216.2,453753
69202.7,453753
69210.7,453753
69202.3,453753
69198.4,453753
69212.5,453753
69209.5,453753
69209.2,453753
69206,453753
69213.6,453753
69212.3,453753
69212.5,453753
69215.9,453753
69215,453753
69216.2,453753
69216.1,453753
69213.6,453753
69214.7,453753
69215.3,453753
69216.1,453753
69216.4,453753
69217.2,453753
69216.5,453753
69211.3,453753
69212.5,453753
69217.1,453753
69219,453753
69218,453753
69217.8,453753
69215.4,453753
69219.5,453753
69215.1,453753
69211,453753
69209,453753
69218,453753
69214.1,453753
69212.1,453753
69215.6,453753
69213.7,453753
69214.3,453753
69211.3,453753
69209.5,453753
69210.3,453753
69208.3,453753
69173.1,453753
69173,453753
69213.3,453753
69210.2,453753
69217.3,453753
69216.1,453753
69215.9,453753
69218.2,453753
69214.6,453753
69217.6,453753
69215.5,453753
69210.1,453753
69192.7,453753
69196,453753
69192.8,453753
69201.5,453753
69207.5,453753
69213,453753
69212.1,453753
69208.9,453753
69215.3,453753
69214.7,453753
69204.4,453753
69213.1,453753
69212.8,453753
69211.3,453753
69216.4,453753
69211,453753
69208.7,453753
69213.6,453753
69217,453753
69218.5,453753
69216.7,453753
69212.9,453753
69211.7,453753
69199.8,453753
69196.3,453753
69204.2,453753
69201.7,453753
69217,453753
69217.9,453753
69214.5,453753
69216.7,453753
69209.3,453753
69216.9,453753
69218.3,453753
69216.3,453753
69215.7,453753
69219.7,453753
69212,453753
69205.6,453753
69206.8,453753
69219.9,453753
69217.6,453753
69216.7,453753
69208.5,453753
69211.5,453753
69210.2,453753
69216.9,453753
69209.9,453753
69215.1,453753
69218.3,453753
69215.3,453753
69213.5,453753
69213.4,453753
69212.9,453753
69214.7,453753
69217.2,453753
69206.2,453753
69204.5,453753
69215.5,453753
69212.9,453753
69209.8,453753
69211.5,453753
69206.6,453753
69209.6,453753
69210.9,453753
69203.9,453753
69212.5,453753
69215.7,453753
69212.5,453753
69200.9,453753
69211.4,453753
69208,453753
69207.2,453753
69208.9,453753
69195.4,453753
69218.2,453753
69214.4,453753
69213.7,453753
69199.3,453753
69210.9,453753
69210.1,453753
69209.1,453753
69209.2,453753
69214.9,453753
69216.4,453753
69212.2,453753
69206.4,453753
69214.8,453753
69212.1,453753
69215.6,453753
69210.2,453753
69207,453753
69214.5,453753
69215,453753
69213.2,453753
69212.3,453753
69218.6,453753
69218.1,453753
69215.9,453753
69215.7,453753
69215.4,453753
69217.1,453753
69218.4,453753
69213,453753
69217,453753
69221.3,453753
69217.4,453753
69217.9,453753
69213.1,453753
69218.5,453753
69212,453753
69217.4,453753
69216.9,453753
69214.1,453753
69212.9,453753
69212.5,453753
69217.1,453753
69218.4,453753
69215.7,453753
69206.8,453753
69197.9,453753
69188.2,453753
69209.5,453753
69213.8,453753
69210.4,453753
69210.1,453753
69211.4,453753
69210.5,453753
69213.4,453753
69213.5,453753
69213.7,453753
69212.6,453753
69206.1,453753
69211.8,453753
69213.8,453753
69212.9,453753
69210.6,453753
69187.1,453753
69208.1,453753
69214.8,453753
69217.5,453753
69215.3,453753
69214.5,453753
69209.5,453753
69212,453753
69218.3,453753
69208.4,453753
69201,453753
69213.1,453753
69191.1,453753
69192.5,453753
69213.7,453753
69207.9,453753
69215.4,453753
69210.1,453753
69211.2,453753
69167.1,453753
69216.2,453753
69215.5,453753
69217.1,453753
69219.7,453753
69220.1,453753
69220.2,453753
69219.8,453753
69220.5,453753
69214,453753
69214.9,453753
69217.1,453753
69217,453753
69218.3,453753
69214.3,453753
69216.5,453753
69214.6,453753
69213.7,453753
69216.5,453753
69214.8,453753
69214.3,453753
69214.1,453753
69210.6,453753
69213.7,453753
69216.7,453753
69212.1,453753
69212.7,453753
69207,453753
69194.8,453753
69206.1,453753
69207.6,453753
69180.1,453753
69201.8,453753
69207,453753
69210.1,453753
69207.8,453753
69199.7,453753
69206.8,453753
69204.1,453753
69204.3,453753
69216.8,453753
69211.3,453753
69206.4,453753
69207.6,453753
69213.8,453753
69209.4,453753
69208.1,453753
69209.3,453753
69201.9,453753
69207.8,453753
69213.7,453753
69211.4,453753
69215.2,453753
69213.3,453753
69212.4,453753
69216.9,453753
69190.5,453753
69213.6,453753
69213.5,453753
69213.5,453753
69215.6,453753
69216.2,453753
69217.2,453753
69213.5,453753
69216.2,453753
69215.7,453753
69215,453753
69216.4,453753
69214.8,453753
69209.5,453753
69211.9,453753
69212.9,453753
69216.3,453753
69216.6,453753
69210.7,453753
69218.9,453753
69216.7,453753
69214.7,453753
69213.6,453753
69203.9,453753
69212,453753
69214.2,453753
69216,453753
69196.8,453753
69214.8,453753
69216.8,453753
69216.2,453753
69214,453753
69212.9,453753
69210.9,453753
69212.6,453753
69210.2,453753
69204.9,453753
69170.2,453753
69207.6,453753
69210.2,453753
69215,453753
69216.7,453753
69218.5,453753
69207.1,453753
69209.1,453753
69212.1,453753
69213.7,453753
69198.4,453753
69202.7,453753
69217.1,453753
69210.9,453753
69215.7,453753
69213.4,453753
69207.7,453753
69206.1,453753
69206.1,453753
69215.5,453753
69219.1,453753
69212.7,453753
69220.7,453753
69215.3,453753
69214.4,453753
69216.6,453753
69217,453753
69208.8,453753
69219.3,453753
69216.8,453753
69219,453753
69209,453753
69212.1,453753
69211.6,453753
69211.2,453753
69214.5,453753
69219,453753
69195.9,453753
69163.1,453753
69179,453753
69213.7,453753
69216.5,453753
69216.6,453753
69210.8,453753
69212.5,453753
69206.6,453753
69214.7,453753
69215.8,453753
69213.6,453753
69208.2,453753
69213.3,453753
69210.7,453753
69199.5,453753
69209,453753
69213.2,453753
69210.8,453753
69216.1,453753
69207.9,453753
69210.3,453753
69218.8,453753
69218.6,453753
69215,453753
69208.3,453753
69211.3,453753
69209.2,453753
69212,453753
69211.3,453753
69216.6,453753
69208.6,453753
69213.2,453753
69209.3,453753
69203.1,453753
69207.2,453753
69217.6,453753
69217.4,453753
69216,453753
69215.8,453753
69218,453753
69212.5,453753
69216.6,453753
69214.7,453753
69217.1,453753
69215.9,453753
69217,453753
69214.1,453753
69213.4,453753
69219.2,453753
69215.8,453753
69211.4,453753
69214.4,453753
69218.4,453753
69215.4,453753
69213.5,453753
69208,453753
69218.4,453753
69208.1,453753
69217,453753
69206.1,453753
69211,453753
69199.4,453753
69199.2,453753
69214.9,453753
69211.2,453753
69209.8,453753
69216.6,453753
69214.5,453753
69211.7,453753
69215.5,453753
69215.1,453753
69215.8,453753
69216.5,453753
69207.4,453753
69203.3,453753
69212.4,453753
69210.8,453753
69209.6,453753
69215.6,453753
69213.1,453753
69210.6,453753
69213.6,453753
69209.9,453753
69214.5,453753
69212.3,453753
69210.1,453753
69217.3,453753
69215.7,453753
69217,453753
69214,453753
69219.3,453753
69212.3,453753
69216.2,453753
69216.7,453753
69216.9,453753
69214.9,453753
69214.4,453753
69214,453753
69214.6,453753
69215.1,453753
69215.3,453753
69217.4,453753
69213.2,453753
69210.3,453753
69215.5,453753
69214.8,453753
69217.8,453753
69211.4,453753
69204.9,453753
69195,453753
69213,453753
69211.1,453753
69215.4,453753
69204.7,453753
69211.8,453753
69209.4,453753
69208,453753
69212,453753
69214.8,453753
69213.9,453753
69172.5,453753
69213.1,453753
69216.7,453753
69213.5,453753
69217.5,453753
69206.8,453753
69212.9,453753
69212.3,453753
69209.2,453753
69202.3,453753
69213.5,453753
69213.4,453753
69217.2,453753
69215.9,453753
69217.7,453753
69214.7,453753
69212,453753
69215.6,453753
69217.6,453753
69215.5,453753
69222.3,453753
69217.6,453753
69213.8,453753
69187,453753
69215.5,453753
69205,453753
69196.9,453753
69207.6,453753
69206,453753
69218.1,453753
69213.5,453753
69214.3,453753
69220.6,453753
69219.1,453753
69216.6,453753
69210.3,453753
69209.4,453753
69214.6,453753
69216.1,453753
69211.1,453753
69212.1,453753
69212.8,453753
69110.8,453753
68969.2,453753
69160,453753
69209.5,453753
69209.7,453753
69203.8,453753
69213.2,453753
69210.2,453753
69211.5,453753
69216.5,453753
69211.5,453753
69187,453753
69202.4,453753
69208.2,453753
69213.2,453753
69215.3,453753
69212,453753
69206.6,453753
69209,453753
69209.3,453753
69210.6,453753
69215.5,453753
69213.7,453753
69214.4,453753
69220.5,453753
69216.4,453753
69207,453753
69217.5,453753
69215.1,453753
69217.7,453753
69219.6,453753
69213.6,453753
69215,453753
69217.3,453753
69219.4,453753
69216.1,453753
69211.6,453753
69214.9,453753
69214.3,453753
69213.2,453753
69214.5,453753
69214.5,453753
69217.3,453753
69214.4,453753
69215.4,453753
69202.8,453753
69170.4,453753
69210.6,453753
69212,453753
69204.1,453753
69206.4,453753
69206.4,453753
69211.2,453753
69213.5,453753
69214.7,453753
69213.8,453753
69213.8,453753
69212.7,453753
69216.7,453753
69212.8,453753
69202.6,453753
69206.7,453753
69216.4,453753
69213.7,453753
69205.4,453753
69213.4,453753
69213.7,453753
69212.9,453753
69216.9,453753
69207.6,453753
69210.1,453753
69217.9,453753
69218.4,453753
69209,453753
69204.9,453753
69219,453753
69218.1,453753
69220,453753
69217.8,453753
69214.3,453753
69206.3,453753
69219,453753
69213.4,453753
69215,453753
69217.1,453753
69218.5,453753
69216.4,453753
69216.4,453753
69215.6,453753
69217.2,453753
69214.5,453753
69217.9,453753
69208.5,453753
69207.7,453753
69203.1,453753
69208.4,453753
69214,453753
69209.7,453753
69213.7,453753
69218,453753
69215.1,453753
69211.7,453753
69209.8,453753
69208.6,453753
69207.8,453753
69217.6,453753
69213.4,453753
69215.5,453753
69217.9,453753
69214.1,453753
69220.3,453753
69219.8,453753
69220.8,453753
69211.8,453753
69218,453753
69214,453753
69218.3,453753
69218.4,453753
69219.1,453753
69215.3,453753
69216.5,453753
69220.6,453753
69215.3,453753
69207.6,453753
69206.5,453753
69208.4,453753
69209.5,453753
69214.3,453753
69196,453753
69215.5,453753
69215.1,453753
69213.5,453753
69210.1,453753
69207.7,453753
69209.9,453753
69214.8,453753
69210.3,453753
69214.8,453753
69213.9,453753
69216.9,453753
69217.6,453753
69215.3,453753
69210.5,453753
69217.2,453753
69220.4,453753
69215,453753
69215.9,453753
69208.7,453753
69216.6,453753
69222,453753
69218.3,453753
69214.8,453753
69218.3,453753
69217.9,453753
69216.7,453753
69201.5,453753
69215.8,453753
69209.7,453753
69215.9,453753
69213,453753
69218.1,453753
69213.9,453753
69210.4,453753
69215.3,453753
69218.2,453753
69195.2,453753
69204.9,453753
69209,453753
69214.6,453753
69190,453753
69213.5,453753
69212.2,453753
69216.4,453753
69219.9,453753
69220.2,453753
69221.5,453753
69219.1,453753
69212.8,453753
69216.4,453753
69209.5,453753
69209.6,453753
69220.6,453753
69216.7,453753
69216.7,453753
69214,453753
69217.3,453753
69215.5,453753
69217.5,453753
69212.4,453753
69214,453753
69218.4,453753
69206.5,453753
69203.5,453753
69218,453753
69216,453753
69218.9,453753
69213.2,453753
69212.6,453753
69216,453753
69213.1,453753
69198.6,453753
69198.7,453753
69209.9,453753
69214.4,453753
69215.2,453753
69218,453753
69214.8,453753
69216.1,453753
69213.3,453753
69219,453753
69219.4,453753
69211.6,453753
69207.6,453753
69213.8,453753
69217.1,453753
69213.8,453753
69209.7,453753
69217.2,453753
69217.5,453753
69219.8,453753
69216.8,453753
69208.6,453753
69208.1,453753
69208.4,453753
69217.1,453753
69216.3,453753
69214.5,453753
69204.1,453753
69204,453753
69182.2,453753
69213.8,453753
69210,453753
69217.8,453753
69206.5,453753
69212.5,453753
69218.4,453753
69218.4,453753
69219.3,453753
69218.8,453753
69218.3,453753
69216.4,453753
69212.2,453753
69214.3,453753
69210.5,453753
69212.7,453753
69221.1,453753
69221.9,453753
69223.1,453753
69217.1,453753
69218.1,453753
69216.4,453753
69209.6,453753
69213.3,453753
69216.2,453753
69213.9,453753
69216.3,453753
69211.3,453753
69214.2,453753
69205,453753
69208.1,453753
69214.2,453753
69211.8,453753
69205,453753
69215.9,453753
69213.2,453753
69218.2,453753
69216.1,453753
69214,453753
69219.9,453753
69214.1,453753
69216.2,453753
69218.9,453753
69218.5,453753
69214.7,453753
69216.2,453753
69219,453753
69221.2,453753
69217.3,453753
69211.7,453753
69211.2,453753
69189.8,453753
69212.6,453753
69210,453753
69213.3,453753
69204.3,453753
69192.1,453753
69210.2,453753
69217.2,453753
69213.1,453753
69198.1,453753
69207.3,453753
69214.6,453753
69186.6,453753
69210.7,453753
69214.9,453753
69215.9,453753
69210.7,453753
69217.6,453753
69178.3,453753
69203.8,453753
69212.5,453753
69215.5,453753
69219.1,453753
69208.2,453753
69219.2,453753
69218.8,453753
69217.4,453753
69219.5,453753
69213.4,453753
69218.2,453753
69218.9,453753
69215,453753
69209,453753
69201.9,453753
69199.3,453753
69214.5,453753
69217.9,453753
69216.2,453753
69210.2,453753
69215,453753
69215.5,453753
69219.9,453753
69219.3,453753
69220.7,453753
69219.8,453753
69221.2,453753
69215.2,453753
69211.5,453753
69219.2,453753
69220.5,453753
69218.8,453753
69217.9,453753
69219.5,453753
69216.4,453753
69211,453753
69211.6,453753
69213,453753
69213.6,453753
69216.8,453753
69217.8,453753
69213.4,453753
69214.8,453753
69206,453753
69215.7,453753
69217.7,453753
69216.1,453753
69220.7,453753
69214.5,453753
69203.6,453753
69211.5,453753
69218.9,453753
69212.2,453753
69202.1,453753
69202.5,453753
69217.6,453753
69218.1,453753
69219.8,453753
69219.3,453546
