TRACE,NSNPS_JACKKNIFE
69246.9,453753
69248.5,453753
69245.8,453753
69246.1,453753
69244.5,453753
69245,453753
69240,453753
69242.4,453753
69245,453753
69239.6,453753
69245.4,453753
69238,453753
69247.1,453753
69240.5,453753
69244.6,453753
69246,453753
69237.4,453753
69226,453753
69231.8,453753
69234.5,453753
69246.9,453753
69245.5,453753
69243,453753
69243.2,453753
69245.2,453753
69243.5,453753
69238.9,453753
69235.1,453753
69242.7,453753
69241,453753
69240.3,453753
69242.8,453753
69243.7,453753
69240.1,453753
69240.8,453753
69243.6,453753
69243.5,453753
69237.7,453753
69242.4,453753
69242.7,453753
69248.7,453753
69245.3,453753
69241.5,453753
69231.6,453753
69235.3,453753
69240.5,453753
69243.1,453753
69246.2,453753
69243.9,453753
69243.7,453753
69246.2,453753
69236,453753
69235.1,453753
69242.4,453753
69233.7,453753
69243.8,453753
69240.7,453753
69233.7,453753
69241,453753
69240.9,453753
69245.3,453753
69245.7,453753
69244.8,453753
69244.9,453753
69242.1,453753
69245.3,453753
69240.2,453753
69237.8,453753
69239.1,453753
69236,453753
69228.1,453753
69243,453753
69244.5,453753
69246.6,453753
69245.6,453753
69249,453753
69245.9,453753
69246.2,453753
69249.9,453753
69242.8,453753
69238.9,453753
69242.3,453753
69245.9,453753
69246.2,453753
69247.1,453753
69247,453753
69247.8,453753
69248.7,453753
69243.5,453753
69245,453753
69237.5,453753
69234.2,453753
69243.9,453753
69209.9,453753
69242.8,453753
69236.4,453753
69241,453753
69243.2,453753
69242.8,453753
69247.3,453753
69236.4,453753
69238.8,453753
69241.8,453753
69231.5,453753
69237.9,453753
69235.5,453753
69242,453753
69246.3,453753
69243.5,453753
69244.1,453753
69245.6,453753
69244.5,453753
69239.7,453753
69233.3,453753
69233.7,453753
69233.5,453753
69246.4,453753
69241.4,453753
69242.3,453753
69237.5,453753
69237,453753
69246.6,453753
69237.4,453753
69241.3,453753
69244,453753
69242.4,453753
69240.1,453753
69239.5,453753
69233.4,453753
69243.2,453753
69239.1,453753
69240,453753
69240.2,453753
69241.7,453753
69234.5,453753
69243.6,453753
69242.5,453753
69242.7,453753
69234.8,453753
69238.6,453753
69232,453753
69226.7,453753
69240.5,453753
69238.7,453753
69237.4,453753
69234.1,453753
69244.3,453753
69243.7,453753
69242.3,453753
69246.2,453753
69243.3,453753
69245.7,453753
69247.2,453753
69242.2,453753
69244.2,453753
69245.2,453753
69245.9,453753
69244.9,453753
69246,453753
69244.1,453753
69243.9,453753
69240.8,453753
69243.9,453753
69248.5,453753
69247.9,453753
69248.1,453753
69244.7,453753
69244.6,453753
69244.9,453753
69245.1,453753
69237.9,453753
69242.2,453753
69239.2,453753
69241.6,453753
69244.3,453753
69245.6,453753
69243.8,453753
69242,453753
69239.2,453753
69242.3,453753
69242.2,453753
69201.7,453753
69205.8,453753
69241.8,453753
69238.8,453753
69247.7,453753
69243.4,453753
69248.8,453753
69244.1,453753
69241.1,453753
69246.9,453753
69244.9,453753
69234.3,453753
69222.9,453753
69223.1,453753
69223.7,453753
69227.5,453753
69239.7,453753
69242.3,453753
69240.5,453753
69240.1,453753
69242.7,453753
69244.1,453753
69231.1,453753
69242.1,453753
69244.8,453753
69239.6,453753
69245.3,453753
69239.6,453753
69235.9,453753
69238.2,453753
69240.7,453753
69245,453753
69246.6,453753
69239.1,453753
69242.1,453753
69221.8,453753
69228.8,453753
69234.6,453753
69225.7,453753
69245.8,453753
69244.7,453753
69244.8,453753
69242.2,453753
69239.2,453753
69244.9,453753
69245.9,453753
69246.4,453753
69248.1,453753
69246.7,453753
69241.9,453753
69235.6,453753
69236.7,453753
69249.3,453753
69247.7,453753
69245.4,453753
69241.2,453753
69241.7,453753
69239,453753
69243.3,453753
69239.4,453753
69247.2,453753
69249.7,453753
69242.3,453753
69239.6,453753
69241.6,453753
69241.8,453753
69244.2,453753
69243.3,453753
69235.3,453753
69232,453753
69242.3,453753
69245,453753
69239.9,453753
69239.4,453753
69235.6,453753
69239.4,453753
69238.2,453753
69234,453753
69242.6,453753
69246.9,453753
69242.1,453753
69219.4,453753
69242.1,453753
69242.8,453753
69236.9,453753
69238.6,453753
69213,453753
69245.3,453753
69239.9,453753
69243.3,453753
69228,453753
69240.7,453753
69239.7,453753
69238.2,453753
69234.3,453753
69245.9,453753
69244,453753
69243.3,453753
69230.7,453753
69238.2,453753
69239.1,453753
69240.6,453753
69242.3,453753
69240.4,453753
69243.6,453753
69245.3,453753
69244.2,453753
69240.5,453753
69244.1,453753
69246.9,453753
69244.2,453753
69251,453753
69245.7,453753
69247,453753
69245.9,453753
69240.8,453753
69242,453753
69248.5,453753
69249.5,453753
69247.2,453753
69246.6,453753
69250.2,453753
69243.2,453753
69246.1,453753
69245.8,453753
69240.8,453753
69245.6,453753
69240.8,453753
69245.9,453753
69246.9,453753
69239.2,453753
69236.6,453753
69225.5,453753
69218.4,453753
69240.3,453753
69242.3,453753
69235.5,453753
69240.5,453753
69241.8,453753
69240.9,453753
69243.8,453753
69240.2,453753
69242.9,453753
69238.8,453753
69233.1,453753
69240.6,453753
69241.5,453753
69241.4,453753
69237.2,453753
69218.3,453753
69242.4,453753
69243.4,453753
69243.5,453753
69240.6,453753
69243.9,453753
69240.7,453753
69241,453753
69242.8,453753
69236.4,453753
69232.4,453753
69238.1,453753
69228.5,453753
69222.3,453753
69241.6,453753
69235,453753
69242.2,453753
69239.5,453753
69237.4,453753
69205,453753
69244,453753
69243.8,453753
69241.3,453753
69249.3,453753
69248.3,453753
69246.7,453753
69247.4,453753
69248.6,453753
69244.3,453753
69242,453753
69246.9,453753
69247.4,453753
69245.3,453753
69244.5,453753
69240.3,453753
69247,453753
69244.7,453753
69245.6,453753
69242.3,453753
69247.3,453753
69245.3,453753
69244.6,453753
69240.1,453753
69242.7,453753
69239.3,453753
69242.8,453753
69236,453753
69224.5,453753
69234.3,453753
69233.6,453753
69204.8,453753
69226.1,453753
69234.8,453753
69237.8,453753
69235.9,453753
69230.9,453753
69231.7,453753
69231.3,453753
69239.5,453753
69241.9,453753
69243.4,453753
69235.5,453753
69236.5,453753
69243.1,453753
69237.2,453753
69238,453753
69239.2,453753
69228,453753
69232.3,453753
69241,453753
69242.4,453753
69244.5,453753
69242.2,453753
69244.5,453753
69247.4,453753
69220.2,453753
69240.3,453753
69241.2,453753
69240.8,453753
69246.2,453753
69242.3,453753
69244.3,453753
69243.1,453753
69244.4,453753
69246.7,453753
69245.1,453753
69244.9,453753
69246.6,453753
69233.9,453753
69239.4,453753
69239,453753
69240.7,453753
69243.6,453753
69237.4,453753
69244.9,453753
69245.7,453753
69247.1,453753
69244.3,453753
69237.9,453753
69239.7,453753
69242.6,453753
69243.6,453753
69231.2,453753
69243.3,453753
69242.1,453753
69242.9,453753
69242.8,453753
69243.7,453753
69238.5,453753
69239.6,453753
69238.8,453753
69234.2,453753
69197.7,453753
69236.6,453753
69242.8,453753
69245,453753
69246.1,453753
69244.2,453753
69239.4,453753
69236.6,453753
69245.8,453753
69243.6,453753
69230.1,453753
69237.5,453753
69244.6,453753
69241.6,453753
69242.1,453753
69239.6,453753
69237.8,453753
69235,453753
69235.1,453753
69238.6,453753
69246.6,453753
69237.6,453753
69249.9,453753
69244.8,453753
69237.7,453753
69240.9,453753
69245.2,453753
69242.3,453753
69247.9,453753
69246.8,453753
69245.3,453753
69240.4,453753
69236.7,453753
69236.8,453753
69239.2,453753
69247.5,453753
69245.2,453753
69226.6,453753
69196.6,453753
69209.6,453753
69243.4,453753
69241.5,453753
69244.1,453753
69239.6,453753
69243.7,453753
69241.4,453753
69245.3,453753
69242.2,453753
69247.2,453753
69237.1,453753
69240.8,453753
69241.1,453753
69223.3,453753
69236.6,453753
69245.4,453753
69242.4,453753
69244,453753
69242.8,453753
69239.9,453753
69247.9,453753
69245.5,453753
69239.7,453753
69236.8,453753
69239.5,453753
69237,453753
69240.1,453753
69242.8,453753
69245.7,453753
69240.5,453753
69241.4,453753
69238.5,453753
69230.1,453753
69235.1,453753
69244.4,453753
69242.4,453753
69243.6,453753
69246,453753
69246.1,453753
69241.2,453753
69246.3,453753
69243.7,453753
69243.5,453753
69245.3,453753
69245,453753
69243.1,453753
69240.7,453753
69247,453753
69249.8,453753
69246.3,453753
69242.7,453753
69243.9,453753
69244.4,453753
69244.7,453753
69238,453753
69244.6,453753
69239.8,453753
69245.4,453753
69230.8,453753
69240.3,453753
69226.9,453753
69221.7,453753
69242.4,453753
69236.4,453753
69240.4,453753
69244.3,453753
69243.8,453753
69245.2,453753
69244.4,453753
69245.5,453753
69246.4,453753
69245.5,453753
69237.3,453753
69235.5,453753
69244.1,453753
69242.3,453753
69240.4,453753
69245.8,453753
69242.1,453753
69239.7,453753
69244.8,453753
69240.2,453753
69243.4,453753
69246.1,453753
69239.1,453753
69243.8,453753
69245.8,453753
69246.8,453753
69243.7,453753
69249.6,453753
69238,453753
69242,453753
69246.1,453753
69246,453753
69243.9,453753
69245.1,453753
69244.8,453753
69242.1,453753
69246.5,453753
69247.1,453753
69247,453753
69239.5,453753
69241.4,453753
69241.9,453753
69244.3,453753
69245,453753
69240,453753
69227.1,453753
69219.5,453753
69239.8,453753
69241.2,453753
69244.6,453753
69243.1,453753
69242.2,453753
69236.8,453753
69239.4,453753
69241.3,453753
69246.6,453753
69240.9,453753
69196.8,453753
69244.6,453753
69244.5,453753
69242.1,453753
69242.3,453753
69238.6,453753
69239.4,453753
69242.3,453753
69239.1,453753
69231.3,453753
69240.6,453753
69243.1,453753
69244.1,453753
69245.6,453753
69247.4,453753
69244.5,453753
69244.5,453753
69246.1,453753
69248.6,453753
69245.9,453753
69247.9,453753
69244.1,453753
69241.9,453753
69220,453753
69245.5,453753
69231.3,453753
69224.1,453753
69234.9,453753
69237.2,453753
69248.7,453753
69240.5,453753
69242.6,453753
69246.3,453753
69248.2,453753
69244.8,453753
69238.6,453753
69239.9,453753
69244.5,453753
69243.8,453753
69240.7,453753
69238,453753
69241.7,453753
69123.2,453753
68953.2,453753
69188.8,453753
69239.9,453753
69234.6,453753
69232.8,453753
69242.8,453753
69240.5,453753
69241.4,453753
69243.8,453753
69239.8,453753
69215.1,453753
69232.9,453753
69238.3,453753
69241.2,453753
69245.2,453753
69240.1,453753
69235.7,453753
69234.7,453753
69237.4,453753
69242.9,453753
69243.8,453753
69242.5,453753
69244.9,453753
69248.3,453753
69243.8,453753
69232.1,453753
69247.7,453753
69248.5,453753
69247,453753
69246.1,453753
69244.3,453753
69243.8,453753
69247.5,453753
69248.1,453753
69244.1,453753
69240.8,453753
69245.1,453753
69246.9,453753
69243.9,453753
69242,453753
69241.6,453753
69246,453753
69241.8,453753
69242.1,453753
69231.1,453753
69206.3,453753
69237,453753
69242.5,453753
69230.8,453753
69234.7,453753
69234.3,453753
69238.7,453753
69241.1,453753
69241.6,453753
69247.3,453753
69241.2,453753
69241.8,453753
69246,453753
69241.1,453753
69232.1,453753
69232.7,453753
69244.7,453753
69240.9,453753
69238.7,453753
69244.1,453753
69244,453753
69243.2,453753
69243.7,453753
69239.2,453753
69240.4,453753
69248.2,453753
69246.3,453753
69236.3,453753
69231.9,453753
69249,453753
69249.2,453753
69249.9,453753
69249.1,453753
69243.3,453753
69236.2,453753
69247.3,453753
69242.2,453753
69243,453753
69248.3,453753
69248.5,453753
69249,453753
69243.1,453753
69242.1,453753
69243.1,453753
69242.6,453753
69245.4,453753
69238.5,453753
69239.6,453753
69232.5,453753
69240.2,453753
69239.2,453753
69239.8,453753
69242.7,453753
69246.4,453753
69241.3,453753
69242.6,453753
69239.7,453753
69237.8,453753
69238.5,453753
69246.9,453753
69240.6,453753
69244.5,453753
69246.3,453753
69244.8,453753
69250.4,453753
69246.9,453753
69247,453753
69242.1,453753
69245.9,453753
69242.8,453753
69243.9,453753
69247.2,453753
69243.6,453753
69244.8,453753
69246,453753
69248.8,453753
69244.2,453753
69240.2,453753
69236.1,453753
69234.6,453753
69244.3,453753
69241.6,453753
69226.2,453753
69242.7,453753
69239.4,453753
69241.9,453753
69241.5,453753
69239.9,453753
69239.8,453753
69240,453753
69238.8,453753
69240.8,453753
69243.6,453753
69244.2,453753
69247.5,453753
69245.8,453753
69242.2,453753
69246.3,453753
69249.3,453753
69245.8,453753
69245.8,453753
69239.4,453753
69246.3,453753
69249.1,453753
69249.3,453753
69247.1,453753
69249.2,453753
69248.2,453753
69242.8,453753
69233.4,453753
69245.4,453753
69235.8,453753
69243.2,453753
69245.5,453753
69246.6,453753
69242.1,453753
69238.1,453753
69244.2,453753
69246.1,453753
69224.5,453753
69234.5,453753
69235,453753
69242.8,453753
69223.2,453753
69244.8,453753
69240.2,453753
69246.2,453753
69250,453753
69249.5,453753
69248.2,453753
69247.1,453753
69240.9,453753
69244.3,453753
69240.3,453753
69242.9,453753
69248.4,453753
69247.5,453753
69245.4,453753
69244.1,453753
69241.9,453753
69244.7,453753
69245.6,453753
69242,453753
69242.7,453753
69247,453753
69240.1,453753
69235.5,453753
69245.4,453753
69242.9,453753
69248.1,453753
69242.6,453753
69244.2,453753
69243,453753
69244.4,453753
69231.3,453753
69231.5,453753
69235.2,453753
69241.4,453753
69247.1,453753
69247.9,453753
69245.5,453753
69244.1,453753
69243.5,453753
69248.6,453753
69248.8,453753
69237.8,453753
69232,453753
69243.8,453753
69246,453753
69240,453753
69238.2,453753
69248.9,453753
69247.5,453753
69250.7,453753
69243.1,453753
69241,453753
69235.7,453753
69233.7,453753
69248.6,453753
69244,453753
69241,453753
69231,453753
69231.3,453753
69203.9,453753
69247.1,453753
69242.6,453753
69250.2,453753
69233.5,453753
69245.4,453753
69242.8,453753
69243.8,453753
69244,453753
69249.3,453753
69247.3,453753
69247.8,453753
69245.5,453753
69244.9,453753
69239.4,453753
69242.7,453753
69250.7,453753
69248.4,453753
69250.4,453753
69246.2,453753
69245.6,453753
69244,453753
69237.5,453753
69244.4,453753
69244.9,453753
69240.2,453753
69239.7,453753
69239.9,453753
69243.1,453753
69239.6,453753
69241.4,453753
69245,453753
69241.8,453753
69233.3,453753
69245.1,453753
69246.7,453753
69246,453753
69245,453753
69243.7,453753
69245.8,453753
69247.4,453753
69246.3,453753
69243.8,453753
69248.2,453753
69246.8,453753
69244.3,453753
69248.5,453753
69250.2,453753
69245.7,453753
69243.5,453753
69234.8,453753
69213.4,453753
69242.6,453753
69242.1,453753
69243.1,453753
69237.6,453753
69223.9,453753
69241.6,453753
69245.6,453753
69239.5,453753
69229.5,453753
69236.4,453753
69238.8,453753
69219.1,453753
69238.3,453753
69245.8,453753
69244.8,453753
69239.6,453753
69251.1,453753
69218.9,453753
69232,453753
69241.3,453753
69242.9,453753
69247.3,453753
69236.2,453753
69247.5,453753
69249.1,453753
69249.4,453753
69245.4,453753
69244.5,453753
69246.7,453753
69245.2,453753
69242,453753
69238.4,453753
69228.1,453753
69228.7,453753
69241.7,453753
69240.8,453753
69245.8,453753
69244,453753
69245,453753
69244.6,453753
69244.9,453753
69247.5,453753
69249.6,453753
69248.8,453753
69249.5,453753
69246.6,453753
69240.3,453753
69250.1,453753
69250.2,453753
69245.2,453753
69242.5,453753
69244.7,453753
69244.5,453753
69241.7,453753
69242.8,453753
69245,453753
69243.5,453753
69245.1,453753
69247.7,453753
69245.9,453753
69240.7,453753
69234.7,453753
69245.1,453753
69244.4,453753
69244.7,453753
69247.6,453753
69245.5,453753
69228.2,453753
69242.6,453753
69245.9,453753
69246.1,453753
69222.6,453753
69230.4,453753
69246.5,453753
69245,453753
69249.5,453753
69250.8,453546
