TRACE,NSNPS_JACKKNIFE
69235.3,453753
69234.7,453753
69228.2,453753
69229.8,453753
69228.7,453753
69232.1,453753
69225.9,453753
69228.3,453753
69230.2,453753
69227.7,453753
69230.6,453753
69226.4,453753
69231.7,453753
69230.3,453753
69232.5,453753
69229.2,453753
69228.1,453753
69218.6,453753
69214.7,453753
69225.7,453753
69229.9,453753
69230.6,453753
69228.3,453753
69232.1,453753
69231.3,453753
69229.7,453753
69226.7,453753
69224.4,453753
69225.9,453753
69228.6,453753
69225.5,453753
69230.3,453753
69224.6,453753
69224,453753
69228.2,453753
69227.7,453753
69227.2,453753
69225.4,453753
69227.7,453753
69229.4,453753
69232.8,453753
69228.5,453753
69224,453753
69213,453753
69218,453753
69227.4,453753
69227.4,453753
69230.1,453753
69230.7,453753
69231.6,453753
69232,453753
69218.1,453753
69224.2,453753
69226,453753
69220.5,453753
69230.6,453753
69228.6,453753
69219.4,453753
69225.3,453753
69221.2,453753
69231.4,453753
69232.4,453753
69231.8,453753
69231,453753
69228.3,453753
69230.7,453753
69231.1,453753
69222.8,453753
69228.8,453753
69224.5,453753
69208.6,453753
69229.6,453753
69230.8,453753
69234.1,453753
69232.2,453753
69231.1,453753
69232.5,453753
69229.6,453753
69233.2,453753
69231.2,453753
69224.2,453753
69231.4,453753
69231.7,453753
69234.2,453753
69235.5,453753
69231.8,453753
69235.6,453753
69234.1,453753
69228,453753
69232,453753
69220.2,453753
69223.6,453753
69231.8,453753
69185.8,453753
69228.6,453753
69225,453753
69225,453753
69226.5,453753
69229,453753
69231.2,453753
69223.9,453753
69227.4,453753
69223.9,453753
69218.8,453753
69220.1,453753
69221.5,453753
69228.5,453753
69231.9,453753
69230,453753
69230.7,453753
69229.3,453753
69225.2,453753
69225.3,453753
69221,453753
69221.5,453753
69220.2,453753
69228.1,453753
69227.1,453753
69226.6,453753
69222.8,453753
69223.5,453753
69234.4,453753
69224.4,453753
69227.8,453753
69228,453753
69228.2,453753
69226.8,453753
69227.4,453753
69223.7,453753
69226.7,453753
69226.5,453753
69229.1,453753
69225.4,453753
69227.7,453753
69220.1,453753
69227.5,453753
69226.6,453753
69231.4,453753
69218.4,453753
69229.8,453753
69214.2,453753
69212.9,453753
69226.9,453753
69223,453753
69222.2,453753
69224,453753
69226.7,453753
69227.5,453753
69229.4,453753
69228.4,453753
69228.4,453753
69233.9,453753
69231.5,453753
69229.1,453753
69231.7,453753
69231.3,453753
69233.1,453753
69232.1,453753
69232.4,453753
69233,453753
69224.5,453753
69224.5,453753
69231.3,453753
69232.6,453753
69233,453753
69232.4,453753
69229.1,453753
69230.2,453753
69231.8,453753
69230.9,453753
69224.2,453753
69231,453753
69231.6,453753
69229.8,453753
69230,453753
69228.9,453753
69230.4,453753
69224.4,453753
69222.4,453753
69222.9,453753
69222.2,453753
69184.1,453753
69194.2,453753
69228.2,453753
69226,453753
69233.1,453753
69231.4,453753
69233.6,453753
69233.2,453753
69229.3,453753
69233,453753
69233.6,453753
69222.9,453753
69205.3,453753
69209.8,453753
69207.6,453753
69213.2,453753
69221.2,453753
69227.5,453753
69224.7,453753
69222.4,453753
69231.2,453753
69229.7,453753
69218.8,453753
69227.9,453753
69228.9,453753
69224.9,453753
69229.7,453753
69222.8,453753
69220.3,453753
69229.5,453753
69230.3,453753
69232.2,453753
69227.9,453753
69227.5,453753
69226.5,453753
69213.3,453753
69208.9,453753
69216.3,453753
69212.8,453753
69235.5,453753
69232.3,453753
69229.3,453753
69229.9,453753
69224,453753
69231.8,453753
69233.5,453753
69231,453753
69233.5,453753
69232.1,453753
69225,453753
69224.7,453753
69223.6,453753
69235,453753
69233.1,453753
69231.3,453753
69223.6,453753
69228.5,453753
69222.6,453753
69228.9,453753
69227.5,453753
69231.4,453753
69234.4,453753
69231.2,453753
69230.6,453753
69230.2,453753
69230.6,453753
69227.7,453753
69230.5,453753
69221.1,453753
69219.8,453753
69229.3,453753
69226.3,453753
69223.4,453753
69226,453753
69223.9,453753
69223.1,453753
69230,453753
69215.2,453753
69228,453753
69230.9,453753
69226.5,453753
69207,453753
69226.9,453753
69227.9,453753
69225.7,453753
69225.3,453753
69206.2,453753
69227.9,453753
69228.9,453753
69226.1,453753
69213.7,453753
69222.7,453753
69223.9,453753
69225.4,453753
69221.2,453753
69230.5,453753
69230.8,453753
69226.3,453753
69216.9,453753
69227.6,453753
69227.3,453753
69230.3,453753
69228.1,453753
69222.8,453753
69230.8,453753
69231.3,453753
69228,453753
69228,453753
69234.6,453753
69232.6,453753
69234,453753
69232.7,453753
69229.7,453753
69232.4,453753
69232.1,453753
69230.5,453753
69230.5,453753
69234.9,453753
69233.9,453753
69233.1,453753
69230.3,453753
69234.5,453753
69227.5,453753
69229.1,453753
69231.8,453753
69229.7,453753
69229.2,453753
69227.2,453753
69233.5,453753
69233.3,453753
69226.6,453753
69224.7,453753
69211.1,453753
69205.9,453753
69223.1,453753
69228.7,453753
69222.1,453753
69222.6,453753
69225.5,453753
69227.7,453753
69230,453753
69228.7,453753
69229.1,453753
69227.5,453753
69221.6,453753
69227.2,453753
69230.1,453753
69225.4,453753
69227.8,453753
69204.1,453753
69227.5,453753
69227.5,453753
69230.5,453753
69225.3,453753
69230.4,453753
69221.8,453753
69228.7,453753
69230.7,453753
69222,453753
69216.6,453753
69226.3,453753
69205.8,453753
69202.3,453753
69229.4,453753
69224.9,453753
69229.6,453753
69222.1,453753
69224.5,453753
69196.6,453753
69228.7,453753
69228.9,453753
69228.5,453753
69235.1,453753
69232.7,453753
69233.2,453753
69234.4,453753
69233.7,453753
69228.8,453753
69228.7,453753
69230.1,453753
69231.8,453753
69230.7,453753
69234.7,453753
69228.9,453753
69232.2,453753
69229.6,453753
69229.8,453753
69226.4,453753
69230.1,453753
69229.8,453753
69227.4,453753
69225,453753
69229.3,453753
69227.3,453753
69228.4,453753
69225.9,453753
69208.3,453753
69222.4,453753
69219.6,453753
69192.9,453753
69211.6,453753
69223.2,453753
69228.9,453753
69222.6,453753
69215.3,453753
69218.5,453753
69217,453753
69224.4,453753
69231.6,453753
69225,453753
69223.2,453753
69222.5,453753
69227,453753
69226.2,453753
69225.2,453753
69222.1,453753
69213.3,453753
69222.9,453753
69228.1,453753
69230.5,453753
69231.1,453753
69232.4,453753
69231.5,453753
69232.3,453753
69205.8,453753
69228.1,453753
69225,453753
69230.1,453753
69231.4,453753
69231.9,453753
69230.7,453753
69231.4,453753
69231,453753
69236.5,453753
69234.4,453753
69233.1,453753
69229.6,453753
69221.4,453753
69225.1,453753
69229.7,453753
69228.1,453753
69230.9,453753
69224.6,453753
69229.9,453753
69231.9,453753
69232.3,453753
69229.2,453753
69222.7,453753
69228.9,453753
69227.8,453753
69229.1,453753
69215.9,453753
69226.1,453753
69233.8,453753
69232.1,453753
69229.6,453753
69228.2,453753
69228.8,453753
69225.4,453753
69226.9,453753
69221.2,453753
69189.7,453753
69222.6,453753
69225.6,453753
69232.1,453753
69232.1,453753
69232.1,453753
69224.2,453753
69223.3,453753
69229.7,453753
69230.4,453753
69220.4,453753
69223.8,453753
69233.1,453753
69228,453753
69230.3,453753
69226.9,453753
69219.1,453753
69221.4,453753
69217.9,453753
69225.8,453753
69232.2,453753
69227.7,453753
69231.4,453753
69230.5,453753
69228.9,453753
69228.8,453753
69230.8,453753
69229.4,453753
69234.2,453753
69233.5,453753
69232.7,453753
69225.9,453753
69219.3,453753
69227.6,453753
69225,453753
69231.2,453753
69230.5,453753
69210.7,453753
69166.8,453753
69180,453753
69228.4,453753
69227.3,453753
69228.8,453753
69224.8,453753
69227.1,453753
69222.1,453753
69229.1,453753
69231.1,453753
69230.7,453753
69223.2,453753
69228.5,453753
69226.5,453753
69202.4,453753
69223.5,453753
69228.2,453753
69225.1,453753
69231.2,453753
69225.2,453753
69228.5,453753
69232.8,453753
69231,453753
69227.9,453753
69225.6,453753
69225.3,453753
69218.9,453753
69223.3,453753
69228.6,453753
69232.8,453753
69228.2,453753
69228.8,453753
69228,453753
69217.3,453753
69219.8,453753
69230.2,453753
69228.2,453753
69232.1,453753
69231.8,453753
69234.8,453753
69225.3,453753
69231.2,453753
69228.8,453753
69231.6,453753
69229.7,453753
69230.1,453753
69229,453753
69227.9,453753
69232.9,453753
69233.9,453753
69229,453753
69232.7,453753
69231.5,453753
69235.5,453753
69230.9,453753
69224.4,453753
69231.2,453753
69226.8,453753
69231.6,453753
69221.4,453753
69223.9,453753
69218.3,453753
69210.4,453753
69226.6,453753
69227.6,453753
69228.4,453753
69231.6,453753
69228.9,453753
69227.8,453753
69232.7,453753
69229.6,453753
69234.2,453753
69230,453753
69223.7,453753
69222.9,453753
69230.8,453753
69223.4,453753
69228.8,453753
69229.5,453753
69227.3,453753
69222.5,453753
69227.8,453753
69223.9,453753
69230.9,453753
69227.6,453753
69222.8,453753
69225.1,453753
69229.6,453753
69232.9,453753
69228.4,453753
69236.1,453753
69229.2,453753
69225.5,453753
69231.1,453753
69230.7,453753
69230.4,453753
69234.2,453753
69231.9,453753
69228,453753
69233.1,453753
69234.3,453753
69231.9,453753
69221.2,453753
69224.4,453753
69231.6,453753
69229.6,453753
69231.3,453753
69228.6,453753
69220.2,453753
69207.4,453753
69223.3,453753
69225.4,453753
69228.2,453753
69223.4,453753
69227.1,453753
69224.5,453753
69225.8,453753
69226.7,453753
69230.8,453753
69225.4,453753
69185.8,453753
69230.8,453753
69233,453753
69228.5,453753
69227.5,453753
69226.7,453753
69223.5,453753
69226.9,453753
69224.3,453753
69213.2,453753
69225.3,453753
69227.6,453753
69235.2,453753
69230.3,453753
69232.1,453753
69230.2,453753
69232.2,453753
69231.1,453753
69230.8,453753
69231.4,453753
69235.3,453753
69230.8,453753
69225.5,453753
69188.9,453753
69232.6,453753
69223.4,453753
69213.5,453753
69223.6,453753
69219.1,453753
69234.4,453753
69226.1,453753
69229.7,453753
69233.7,453753
69229.8,453753
69233.3,453753
69223,453753
69224.7,453753
69228.8,453753
69232,453753
69229.5,453753
69227.3,453753
69230.8,453753
69114.7,453753
68922.3,453753
69175,453753
69219.5,453753
69222.3,453753
69222.2,453753
69229.4,453753
69223,453753
69228.3,453753
69231,453753
69227.7,453753
69205.6,453753
69223.2,453753
69220.5,453753
69227.5,453753
69232.6,453753
69230.1,453753
69222.6,453753
69224.1,453753
69224.9,453753
69224.5,453753
69230,453753
69228.6,453753
69229.7,453753
69236,453753
69231.2,453753
69222.4,453753
69233.5,453753
69232,453753
69231.3,453753
69232.5,453753
69229.3,453753
69229.3,453753
69232.2,453753
69231.4,453753
69235.1,453753
69227.5,453753
69232.5,453753
69229.4,453753
69226.8,453753
69228.3,453753
69233.4,453753
69229.8,453753
69227.4,453753
69226.9,453753
69222.5,453753
69190,453753
69224.4,453753
69227.6,453753
69218.6,453753
69222.5,453753
69220.7,453753
69225.8,453753
69226.2,453753
69231.7,453753
69234.2,453753
69228.5,453753
69226,453753
69230.8,453753
69229,453753
69218.4,453753
69218.7,453753
69229,453753
69224.2,453753
69221.1,453753
69230,453753
69227.7,453753
69229.8,453753
69231.6,453753
69222.6,453753
69224.2,453753
69233.5,453753
69233.3,453753
69225.3,453753
69218.2,453753
69236.2,453753
69237.4,453753
69234.1,453753
69236.2,453753
69226,453753
69225.4,453753
69235.8,453753
69226.9,453753
69229.1,453753
69232.3,453753
69232.1,453753
69231.1,453753
69232.4,453753
69229.2,453753
69227.2,453753
69229.6,453753
69230.1,453753
69226.7,453753
69224,453753
69218,453753
69218.9,453753
69224.7,453753
69224.8,453753
69229.1,453753
69232.4,453753
69225.6,453753
69228.8,453753
69225.6,453753
69225.1,453753
69227.5,453753
69233.1,453753
69228.6,453753
69226.9,453753
69232.1,453753
69230.2,453753
69234.9,453753
69234.2,453753
69232.6,453753
69229,453753
69234.6,453753
69228.3,453753
69231.6,453753
69234.5,453753
69230.2,453753
69228.8,453753
69232.2,453753
69235.1,453753
69230.2,453753
69221.3,453753
69223.6,453753
69218.6,453753
69228.6,453753
69229.9,453753
69218.7,453753
69231.2,453753
69224.1,453753
69223.2,453753
69226.3,453753
69225.5,453753
69227.6,453753
69228.9,453753
69226.9,453753
69228.3,453753
69229.4,453753
69229,453753
69232.4,453753
69230.9,453753
69229.3,453753
69237.1,453753
69234.8,453753
69230.9,453753
69233,453753
69226.2,453753
69231.1,453753
69233.9,453753
69233.1,453753
69231,453753
69234.4,453753
69231.6,453753
69227.9,453753
69224,453753
69232.9,453753
69221.2,453753
69231.4,453753
69227.2,453753
69232.6,453753
69229.9,453753
69228.5,453753
69231.5,453753
69233.5,453753
69210.4,453753
69221.2,453753
69222.9,453753
69229.5,453753
69215.3,453753
69230.3,453753
69229.6,453753
69231.7,453753
69236.2,453753
69235.9,453753
69233.5,453753
69234.3,453753
69230.5,453753
69233.2,453753
69224.4,453753
69225.2,453753
69236.5,453753
69232.3,453753
69233,453753
69227.7,453753
69232.4,453753
69234.2,453753
69232.7,453753
69228.1,453753
69229.1,453753
69231.8,453753
69226.2,453753
69221.5,453753
69234.6,453753
69229.7,453753
69232.1,453753
69227.9,453753
69229.9,453753
69230.7,453753
69226.1,453753
69210.9,453753
69214.3,453753
69225.3,453753
69228.5,453753
69231.3,453753
69233.1,453753
69228,453753
69229.3,453753
69229.9,453753
69233.4,453753
69229.8,453753
69224.8,453753
69218.4,453753
69229.3,453753
69230.5,453753
69223.6,453753
69223.9,453753
69233.9,453753
69234.1,453753
69235.1,453753
69230.5,453753
69227,453753
69219.7,453753
69225,453753
69234.1,453753
69231.8,453753
69227.6,453753
69209.8,453753
69216.5,453753
69197.5,453753
69231.7,453753
69227.8,453753
69233.7,453753
69217.2,453753
69232.8,453753
69229.9,453753
69231.2,453753
69231.8,453753
69235.2,453753
69232.5,453753
69231.6,453753
69227.9,453753
69231,453753
69223.3,453753
69226.7,453753
69231.9,453753
69236.2,453753
69235.4,453753
69232.7,453753
69234,453753
69231.7,453753
69225,453753
69229.9,453753
69231.5,453753
69228.2,453753
69227.7,453753
69226.2,453753
69229,453753
69222.1,453753
69222.4,453753
69224.8,453753
69226.4,453753
69220.8,453753
69230.2,453753
69231.1,453753
69232.1,453753
69229.8,453753
69229.6,453753
69233.3,453753
69231.7,453753
69235.6,453753
69235.1,453753
69232.7,453753
69231.2,453753
69229.6,453753
69229.9,453753
69233.1,453753
69228.6,453753
69228.4,453753
69221.6,453753
69201.6,453753
69227.8,453753
69225.7,453753
69229.7,453753
69223.9,453753
69208.7,453753
69225.7,453753
69233.8,453753
69229.4,453753
69215,453753
69220.1,453753
69223.9,453753
69203.4,453753
69225.7,453753
69229.9,453753
69233.6,453753
69226.6,453753
69234.8,453753
69201.3,453753
69213.1,453753
69225.9,453753
69226.1,453753
69231.8,453753
69230.2,453753
69235,453753
69234,453753
69234.5,453753
69233.1,453753
69228.4,453753
69232.4,453753
69230.1,453753
69230.5,453753
69225.4,453753
69213.6,453753
69208.3,453753
69229.6,453753
69230.8,453753
69232,453753
69224.4,453753
69229.1,453753
69229.3,453753
69229.7,453753
69233.2,453753
69234.3,453753
69236,453753
69233,453753
69235,453753
69228.3,453753
69233.9,453753
69231.9,453753
69233,453753
69230.2,453753
69234.1,453753
69231.3,453753
69230.8,453753
69229,453753
69229.8,453753
69228.3,453753
69228.5,453753
69234.1,453753
69230.9,453753
69228.3,453753
69224.4,453753
69232.9,453753
69234.5,453753
69231.8,453753
69235.4,453753
69228.7,453753
69219.7,453753
69228.1,453753
69234.5,453753
69232.5,453753
69215.4,453753
69217.1,453753
69233.4,453753
69230.6,453753
69234,453753
69235.8,453546
