TRACE,NSNPS_JACKKNIFE
69205.5,453753
69203,453753
69198.9,453753
69200,453753
69200.2,453753
69204.3,453753
69196.3,453753
69195.6,453753
69202.7,453753
69197.4,453753
69202.2,453753
69192.4,453753
69202.6,453753
69198,453753
69204.8,453753
69199.4,453753
69200.2,453753
69186,453753
69188.7,453753
69194,453753
69196.7,453753
69203.7,453753
69202,453753
69202.4,453753
69202.2,453753
69200,453753
69194.4,453753
69189.7,453753
69200.1,453753
69200.2,453753
69196.5,453753
69195.6,453753
69196.3,453753
69196.9,453753
69202.8,453753
69202,453753
69196.4,453753
69196.1,453753
69200.5,453753
69202.6,453753
69200.7,453753
69199.9,453753
69194.9,453753
69189.7,453753
69193.2,453753
69195.6,453753
69198.4,453753
69199.8,453753
69204.6,453753
69199.8,453753
69201.8,453753
69191.8,453753
69194.5,453753
69198.4,453753
69196.3,453753
69198.9,453753
69200,453753
69187.3,453753
69194.7,453753
69192.5,453753
69201.9,453753
69203.6,453753
69201.3,453753
69201.5,453753
69200.7,453753
69198,453753
69198.4,453753
69198.4,453753
69194.6,453753
69194.1,453753
69183,453753
69200.9,453753
69196.6,453753
69203.8,453753
69201.6,453753
69204,453753
69202.8,453753
69201.9,453753
69205.1,453753
69201.7,453753
69192.3,453753
69199.4,453753
69203,453753
69204.3,453753
69202.3,453753
69197.5,453753
69203.3,453753
69204.3,453753
69202.6,453753
69201.9,453753
69192.8,453753
69192.7,453753
69199.2,453753
69161.2,453753
69199.5,453753
69196,453753
69196.1,453753
69200.9,453753
69199.3,453753
69203.8,453753
69196.2,453753
69195.9,453753
69192.1,453753
69188.6,453753
69192.5,453753
69194,453753
69200.6,453753
69199.2,453753
69200.9,453753
69197.4,453753
69199.4,453753
69198.6,453753
69193.2,453753
69187.4,453753
69192.7,453753
69191.4,453753
69196.8,453753
69197.4,453753
69197.3,453753
69194.9,453753
69194.4,453753
69203.3,453753
69199.4,453753
69198.2,453753
69200.8,453753
69198.2,453753
69195.2,453753
69194.6,453753
69195.2,453753
69198,453753
69194.5,453753
69198.7,453753
69197,453753
69201.6,453753
69190.1,453753
69199.6,453753
69201.6,453753
69199.7,453753
69188.6,453753
69200.2,453753
69188,453753
69181.2,453753
69197.3,453753
69192.3,453753
69192.6,453753
69193.2,453753
69197.8,453753
69194.2,453753
69198.4,453753
69202.5,453753
69200.7,453753
69204,453753
69201,453753
69195.2,453753
69200.3,453753
69199.1,453753
69201.4,453753
69200.4,453753
69203.9,453753
69200.2,453753
69199.1,453753
69199.8,453753
69202,453753
69206.2,453753
69204.9,453753
69205.7,453753
69202.6,453753
69200.9,453753
69201.5,453753
69200.5,453753
69196.5,453753
69198.1,453753
69197.8,453753
69202.2,453753
69201.7,453753
69198.9,453753
69199.7,453753
69196.9,453753
69193.3,453753
69196.4,453753
69194.9,453753
69154.5,453753
69164.3,453753
69199.3,453753
69197.7,453753
69201.2,453753
69201.4,453753
69204.9,453753
69201.3,453753
69199.2,453753
69202.8,453753
69203.2,453753
69188.7,453753
69177.5,453753
69183.1,453753
69179.4,453753
69183.1,453753
69192.8,453753
69201.9,453753
69198.8,453753
69198.4,453753
69199.3,453753
69199.1,453753
69188.7,453753
69198.5,453753
69197.5,453753
69195.5,453753
69200.2,453753
69193.3,453753
69184.7,453753
69193,453753
69198.9,453753
69203.3,453753
69200.6,453753
69192.9,453753
69193.6,453753
69183.9,453753
69181.4,453753
69190.5,453753
69186.1,453753
69204.8,453753
69205.3,453753
69201.5,453753
69199.5,453753
69194.6,453753
69201.5,453753
69203.2,453753
69203.7,453753
69206,453753
69202.6,453753
69197,453753
69190.2,453753
69197.2,453753
69202.8,453753
69206.8,453753
69203.2,453753
69199,453753
69198.9,453753
69187.9,453753
69201.1,453753
69198.2,453753
69202,453753
69204.3,453753
69201,453753
69198.1,453753
69197.1,453753
69197.6,453753
69197.7,453753
69199.6,453753
69190.5,453753
69190.8,453753
69197.9,453753
69200.5,453753
69195.5,453753
69193.5,453753
69196.8,453753
69195.4,453753
69196.1,453753
69188.3,453753
69196,453753
69199.2,453753
69192.6,453753
69181.5,453753
69196.6,453753
69197.8,453753
69198.1,453753
69192,453753
69179.5,453753
69200.5,453753
69198.3,453753
69199,453753
69187.7,453753
69197.3,453753
69196.9,453753
69198.7,453753
69190.7,453753
69199.5,453753
69199.2,453753
69192.5,453753
69190.6,453753
69197.1,453753
69196.4,453753
69198.6,453753
69199,453753
69194.1,453753
69203.4,453753
69202.5,453753
69198.1,453753
69199.6,453753
69200.8,453753
69205.5,453753
69204.6,453753
69206.8,453753
69201,453753
69205.2,453753
69204.8,453753
69198.3,453753
69200.1,453753
69204.2,453753
69204.3,453753
69203.1,453753
69202.9,453753
69205.9,453753
69198.9,453753
69200.4,453753
69202.7,453753
69201.1,453753
69201.4,453753
69200.6,453753
69200.8,453753
69203.9,453753
69197.2,453753
69192.2,453753
69181.9,453753
69173.4,453753
69190.7,453753
69199,453753
69191.8,453753
69195.6,453753
69199.2,453753
69200.1,453753
69199.5,453753
69196.6,453753
69200.3,453753
69196.6,453753
69188.9,453753
69191.9,453753
69197.5,453753
69196,453753
69193.8,453753
69179.2,453753
69197.3,453753
69198,453753
69201.4,453753
69197.2,453753
69199,453753
69196.2,453753
69198.8,453753
69198.8,453753
69192.6,453753
69185.5,453753
69199.8,453753
69180.3,453753
69176.8,453753
69200.1,453753
69193.3,453753
69204,453753
69195.9,453753
69194.8,453753
69160.9,453753
69199.4,453753
69199.4,453753
69201.1,453753
69205.7,453753
69205.9,453753
69200.7,453753
69202.7,453753
69203.8,453753
69200.7,453753
69199.9,453753
69202.7,453753
69204.7,453753
69202.2,453753
69202.6,453753
69198.2,453753
69201.8,453753
69200.1,453753
69197.3,453753
69197.4,453753
69200.6,453753
69200.3,453753
69199.3,453753
69198.6,453753
69199.9,453753
69196.2,453753
69199.2,453753
69190.3,453753
69175.4,453753
69189,453753
69190.3,453753
69164.5,453753
69184.7,453753
69192,453753
69196.4,453753
69194.9,453753
69187.4,453753
69186.3,453753
69184.8,453753
69197.5,453753
69198.5,453753
69197.5,453753
69193.1,453753
69195.7,453753
69197.9,453753
69198,453753
69193.9,453753
69191.7,453753
69182.8,453753
69190.6,453753
69199,453753
69198,453753
69200.6,453753
69200.8,453753
69196.8,453753
69206.1,453753
69178.6,453753
69195,453753
69199.3,453753
69198.1,453753
69200.8,453753
69199.8,453753
69202.8,453753
69198.9,453753
69200.7,453753
69202.8,453753
69203.9,453753
69203.6,453753
69200.8,453753
69195.5,453753
69195.1,453753
69196.3,453753
69199.6,453753
69202.6,453753
69199,453753
69203.2,453753
69201.5,453753
69202.3,453753
69197.3,453753
69193.3,453753
69197.8,453753
69197.3,453753
69200.2,453753
69188.6,453753
69200.1,453753
69197,453753
69199.7,453753
69198.4,453753
69197.5,453753
69193.2,453753
69195.6,453753
69193.7,453753
69189,453753
69153.6,453753
69196.9,453753
69198.3,453753
69202.2,453753
69202.6,453753
69200.9,453753
69193.7,453753
69194,453753
69196.5,453753
69199.8,453753
69187.3,453753
69192.7,453753
69204.3,453753
69196.8,453753
69199.1,453753
69197.8,453753
69195.3,453753
69191.3,453753
69189.7,453753
69199.6,453753
69205.2,453753
69195.9,453753
69204.9,453753
69204.3,453753
69200.4,453753
69201.1,453753
69200.2,453753
69196.5,453753
69206,453753
69203.6,453753
69201,453753
69193.5,453753
69191.4,453753
69198.7,453753
69193.7,453753
69200.4,453753
69201.8,453753
69187.7,453753
69155.6,453753
69165.3,453753
69199,453753
69199.9,453753
69198.5,453753
69197.5,453753
69202.3,453753
69194.1,453753
69198.3,453753
69200.7,453753
69200.9,453753
69194.1,453753
69197.9,453753
69198.6,453753
69180.2,453753
69190,453753
69199.1,453753
69195.6,453753
69200,453753
69195.2,453753
69196.2,453753
69200.7,453753
69203.2,453753
69196.8,453753
69196.3,453753
69198.6,453753
69192,453753
69193.9,453753
69197.8,453753
69201.7,453753
69199.4,453753
69198.7,453753
69198.9,453753
69189.8,453753
69190.2,453753
69200.3,453753
69198.7,453753
69201.5,453753
69200.2,453753
69202.6,453753
69199.5,453753
69203.3,453753
69201.7,453753
69200.8,453753
69198.9,453753
69200.7,453753
69199.3,453753
69198.2,453753
69202.5,453753
69203.6,453753
69200.5,453753
69202.6,453753
69203.8,453753
69202.7,453753
69200,453753
69193.8,453753
69204.5,453753
69196.9,453753
69200.7,453753
69190.7,453753
69197.3,453753
69193.8,453753
69184.2,453753
69200.1,453753
69196.2,453753
69197.1,453753
69204.2,453753
69200,453753
69196.2,453753
69200.5,453753
69201.6,453753
69201.9,453753
69198.6,453753
69193.6,453753
69191.1,453753
69198.5,453753
69196.3,453753
69198,453753
69202.4,453753
69199.9,453753
69195.4,453753
69198.7,453753
69197.7,453753
69201,453753
69196.5,453753
69199.7,453753
69202.7,453753
69205.7,453753
69203.2,453753
69201,453753
69204.4,453753
69195.8,453753
69197.7,453753
69202.2,453753
69202.5,453753
69202.7,453753
69200,453753
69201.8,453753
69198.4,453753
69200.2,453753
69202.2,453753
69202.9,453753
69198.3,453753
69198.2,453753
69197.2,453753
69201.4,453753
69202.9,453753
69193.6,453753
69188.3,453753
69181.9,453753
69199.2,453753
69198.2,453753
69202.4,453753
69197.2,453753
69198.1,453753
69196,453753
69194.4,453753
69195.3,453753
69202.6,453753
69199.5,453753
69142.9,453753
69200.5,453753
69197.5,453753
69198.7,453753
69201.1,453753
69195.2,453753
69193.6,453753
69199,453753
69197,453753
69184.7,453753
69198.7,453753
69197,453753
69201.1,453753
69199.1,453753
69203.2,453753
69198.6,453753
69200.7,453753
69198.5,453753
69201.1,453753
69200.6,453753
69205.1,453753
69201.3,453753
69197.9,453753
69179.8,453753
69204.5,453753
69192.6,453753
69182.8,453753
69197.2,453753
69194.5,453753
69203.7,453753
69198.9,453753
69199,453753
69205.4,453753
69201,453753
69201.7,453753
69196.8,453753
69195,453753
69198.5,453753
69202.6,453753
69195.6,453753
69199.6,453753
69200.1,453753
69077.3,453753
68917.8,453753
69148.1,453753
69193.7,453753
69191.9,453753
69186.9,453753
69202.1,453753
69191.5,453753
69200.9,453753
69204.8,453753
69199.3,453753
69176.1,453753
69190.5,453753
69198.5,453753
69197.4,453753
69202.4,453753
69196.6,453753
69191,453753
69191.1,453753
69196.7,453753
69197.4,453753
69199.4,453753
69200.6,453753
69197.8,453753
69203.4,453753
69200,453753
69198.3,453753
69203.2,453753
69203.7,453753
69204.1,453753
69203.4,453753
69196.4,453753
69201.5,453753
69204.8,453753
69205.3,453753
69199.8,453753
69198.4,453753
69202.3,453753
69200,453753
69197.6,453753
69200.1,453753
69197.6,453753
69201.6,453753
69196.8,453753
69195,453753
69192.5,453753
69156.6,453753
69192.9,453753
69197.3,453753
69187.1,453753
69196.2,453753
69197.8,453753
69194.7,453753
69195,453753
69197,453753
69203.3,453753
69202.1,453753
69195.3,453753
69203.6,453753
69198.5,453753
69190.1,453753
69193.9,453753
69199.1,453753
69199.3,453753
69193.4,453753
69200.7,453753
69199.1,453753
69199.6,453753
69202,453753
69196.8,453753
69198.2,453753
69199.6,453753
69205.2,453753
69198.5,453753
69187.8,453753
69204.6,453753
69206.4,453753
69203.7,453753
69205.6,453753
69201.2,453753
69194.4,453753
69202.6,453753
69199.9,453753
69197.4,453753
69201.4,453753
69203,453753
69201.7,453753
69200.3,453753
69201.4,453753
69200.6,453753
69200.4,453753
69202.6,453753
69197.8,453753
69197.4,453753
69187.1,453753
69198.6,453753
69192.6,453753
69192,453753
69199.5,453753
69204.2,453753
69197.7,453753
69200,453753
69195.3,453753
69188.6,453753
69196.5,453753
69204.6,453753
69197,453753
69201.4,453753
69203.4,453753
69201.1,453753
69206.7,453753
69203.5,453753
69203.4,453753
69201.8,453753
69201.2,453753
69200,453753
69202.6,453753
69200.9,453753
69200.7,453753
69199.8,453753
69199.8,453753
69204.9,453753
69199.4,453753
69193.1,453753
69193.5,453753
69192.4,453753
69198.2,453753
69198.9,453753
69189.4,453753
69204,453753
69196.5,453753
69194.8,453753
69196.5,453753
69199.8,453753
69193.6,453753
69200.9,453753
69195.5,453753
69196.2,453753
69197.2,453753
69199.2,453753
69201.5,453753
69197.7,453753
69201.2,453753
69201.7,453753
69202.4,453753
69202.5,453753
69200.4,453753
69195.5,453753
69200,453753
69205,453753
69205,453753
69200.7,453753
69205.9,453753
69204.2,453753
69200.3,453753
69185.3,453753
69199.7,453753
69189.5,453753
69199.8,453753
69200,453753
69202.3,453753
69200.4,453753
69197.1,453753
69198.7,453753
69201,453753
69184.8,453753
69189.5,453753
69192.5,453753
69200.8,453753
69177.1,453753
69197.2,453753
69200.6,453753
69204.4,453753
69205.9,453753
69204.2,453753
69204,453753
69207.5,453753
69201.8,453753
69201.7,453753
69197.8,453753
69197.3,453753
69203.1,453753
69201.3,453753
69205.2,453753
69199.7,453753
69203.2,453753
69203.3,453753
69203.1,453753
69198.6,453753
69201.4,453753
69200.5,453753
69196.6,453753
69190.8,453753
69201.7,453753
69199.4,453753
69204,453753
69201.2,453753
69202.1,453753
69199.2,453753
69200.6,453753
69178.6,453753
69190.1,453753
69196.5,453753
69200,453753
69201,453753
69204.3,453753
69201.6,453753
69197.7,453753
69199.4,453753
69204.5,453753
69201.1,453753
69198.4,453753
69191.3,453753
69201.9,453753
69204.2,453753
69196.7,453753
69196.2,453753
69205.3,453753
69207.2,453753
69206,453753
69201.9,453753
69195.7,453753
69192.9,453753
69191.7,453753
69204.2,453753
69200.9,453753
69197.7,453753
69189.5,453753
69187.3,453753
69183.4,453753
69203.8,453753
69199.1,453753
69206.9,453753
69189.3,453753
69202.3,453753
69197.6,453753
69204.2,453753
69202.1,453753
69203.8,453753
69200,453753
69202.2,453753
69201.1,453753
69200.2,453753
69194.6,453753
69200,453753
69205.1,453753
69206.8,453753
69207.3,453753
69202.9,453753
69202.8,453753
69202.9,453753
69196.1,453753
69199,453753
69200,453753
69198.4,453753
69199,453753
69196.4,453753
69202,453753
69193.8,453753
69191.2,453753
69197.9,453753
69199.8,453753
69193.6,453753
69199.9,453753
69201,453753
69202,453753
69199.5,453753
69202,453753
69201.9,453753
69199.6,453753
69202.9,453753
69200.5,453753
69203.7,453753
69201.9,453753
69201.2,453753
69200.3,453753
69203.5,453753
69203.1,453753
69200.5,453753
69196.4,453753
69171.3,453753
69195.5,453753
69200.8,453753
69203.9,453753
69189.4,453753
69178.6,453753
69195.9,453753
69200.3,453753
69196.4,453753
69182.7,453753
69190.4,453753
69198,453753
69172.5,453753
69198.2,453753
69197.6,453753
69202.2,453753
69195.3,453753
69204.9,453753
69172.4,453753
69189,453753
69195.1,453753
69193.8,453753
69205.7,453753
69195.5,453753
69203.6,453753
69201.9,453753
69205.1,453753
69200.5,453753
69200.9,453753
69200.4,453753
69200.2,453753
69197.5,453753
69193.9,453753
69185.4,453753
69185.4,453753
69198.5,453753
69199.5,453753
69203.6,453753
69197.4,453753
69199.5,453753
69201.7,453753
69203.7,453753
69200.5,453753
69203.4,453753
69203.2,453753
69205.9,453753
69202.6,453753
69196.4,453753
69203.3,453753
69202.7,453753
69201.4,453753
69203.1,453753
69203.6,453753
69199,453753
69197.5,453753
69199,453753
69199.1,453753
69198.8,453753
69201.4,453753
69204.7,453753
69200.4,453753
69197.8,453753
69195.1,453753
69203.9,453753
69198.3,453753
69202.3,453753
69202.3,453753
69199.3,453753
69187.5,453753
69201.4,453753
69201.7,453753
69201.5,453753
69187.2,453753
69189.7,453753
69204.4,453753
69203.1,453753
69201.8,453753
69208.6,453546
