TRACE,NSNPS_JACKKNIFE
69196.9,453753
69195.9,453753
69190.5,453753
69190.2,453753
69187.8,453753
69194,453753
69189.7,453753
69185.4,453753
69189,453753
69190.1,453753
69191.5,453753
69181.9,453753
69193.5,453753
69190.9,453753
69192.3,453753
69190.7,453753
69185.3,453753
69172.9,453753
69172,453753
69184.6,453753
69187,453753
69190.1,453753
69187.8,453753
69189.5,453753
69190.8,453753
69188.7,453753
69184.1,453753
69184.5,453753
69188.8,453753
69187.4,453753
69186.6,453753
69189.5,453753
69190.6,453753
69184.9,453753
69190.3,453753
69191.8,453753
69187.8,453753
69187.3,453753
69192.2,453753
69190.4,453753
69192.8,453753
69190.7,453753
69187.1,453753
69178.4,453753
69179.6,453753
69185.5,453753
69191,453753
69191.4,453753
69189.7,453753
69193.3,453753
69193.8,453753
69181.4,453753
69181.6,453753
69189.1,453753
69183,453753
69188.6,453753
69189.4,453753
69178.7,453753
69185.2,453753
69186.1,453753
69190.3,453753
69192.8,453753
69190.4,453753
69190.1,453753
69187.2,453753
69189.3,453753
69189,453753
69184.9,453753
69187.6,453753
69180.2,453753
69175.4,453753
69190.1,453753
69190.5,453753
69193,453753
69190.1,453753
69190.3,453753
69195,453753
69191.6,453753
69193.9,453753
69188.1,453753
69181.6,453753
69191,453753
69193.6,453753
69194.3,453753
69194,453753
69190.4,453753
69194.4,453753
69194.8,453753
69192.2,453753
69188.4,453753
69184.5,453753
69183.5,453753
69194.2,453753
69161.4,453753
69188.8,453753
69187.5,453753
69192.1,453753
69192,453753
69189.9,453753
69194.6,453753
69181.5,453753
69186.7,453753
69188.6,453753
69181.2,453753
69182.6,453753
69184.4,453753
69191.9,453753
69192.5,453753
69194.2,453753
69190.3,453753
69190.9,453753
69185.1,453753
69186.5,453753
69185.2,453753
69182.6,453753
69180.4,453753
69191.1,453753
69187.5,453753
69187,453753
69178.6,453753
69180.3,453753
69194,453753
69188.8,453753
69187.7,453753
69191.8,453753
69189.5,453753
69185.1,453753
69186.9,453753
69183.8,453753
69187.5,453753
69186.4,453753
69188.6,453753
69186,453753
69189,453753
69183.6,453753
69188.5,453753
69191.1,453753
69193.4,453753
69181.6,453753
69189.5,453753
69177.1,453753
69171.6,453753
69186.4,453753
69183.8,453753
69182.1,453753
69185.6,453753
69188.4,453753
69187.3,453753
69187.6,453753
69191.3,453753
69188.7,453753
69194.8,453753
69188.6,453753
69188.3,453753
69191.9,453753
69188.8,453753
69191.8,453753
69192.9,453753
69195.3,453753
69191.5,453753
69185.5,453753
69185,453753
69192.6,453753
69194.8,453753
69194.4,453753
69191.6,453753
69190.4,453753
69192.4,453753
69189.4,453753
69190.6,453753
69187,453753
69191.7,453753
69192.8,453753
69189.9,453753
69192.3,453753
69187.5,453753
69188.7,453753
69188,453753
69187.3,453753
69187.2,453753
69185.6,453753
69143.5,453753
69152.6,453753
69186.1,453753
69182.2,453753
69193.2,453753
69192,453753
69194.3,453753
69193.7,453753
69189.4,453753
69197.1,453753
69191.9,453753
69182.6,453753
69168,453753
69168.5,453753
69159.8,453753
69167,453753
69184.5,453753
69192.7,453753
69188,453753
69187,453753
69191.7,453753
69190.7,453753
69177,453753
69191.3,453753
69185.3,453753
69185.3,453753
69191.1,453753
69184.9,453753
69184.4,453753
69185.7,453753
69190.6,453753
69191.7,453753
69193.8,453753
69184.7,453753
69187.8,453753
69171.4,453753
69169.2,453753
69180.9,453753
69180.3,453753
69194.3,453753
69193.4,453753
69192.6,453753
69192.4,453753
69186.3,453753
69190.1,453753
69191.5,453753
69191.3,453753
69192.4,453753
69195.2,453753
69189.5,453753
69182.5,453753
69181.6,453753
69193.4,453753
69192.4,453753
69195.1,453753
69186.7,453753
69188.1,453753
69183,453753
69192.9,453753
69187.6,453753
69192.8,453753
69194.7,453753
69187.3,453753
69191.1,453753
69187.1,453753
69189.6,453753
69190.5,453753
69190.3,453753
69183,453753
69182.9,453753
69189.1,453753
69191.2,453753
69184.5,453753
69186.5,453753
69186,453753
69182.5,453753
69189.1,453753
69176.9,453753
69188.2,453753
69193.2,453753
69188.1,453753
69170.7,453753
69185.2,453753
69187.3,453753
69184.3,453753
69182.7,453753
69170.4,453753
69192.4,453753
69187.8,453753
69184.5,453753
69175.5,453753
69187.6,453753
69184.7,453753
69185.4,453753
69181.5,453753
69193.4,453753
69191.3,453753
69186.4,453753
69181.3,453753
69186.8,453753
69189.8,453753
69191.9,453753
69188.8,453753
69183.4,453753
69190.3,453753
69194.9,453753
69187.5,453753
69189.8,453753
69192.2,453753
69192.9,453753
69193.2,453753
69192.3,453753
69192.3,453753
69193.7,453753
69192.2,453753
69190.5,453753
69189.4,453753
69194.9,453753
69193.3,453753
69193.6,453753
69192.6,453753
69195.5,453753
69187.2,453753
69193.5,453753
69194.7,453753
69188.2,453753
69190.2,453753
69190.5,453753
69195.4,453753
69193.1,453753
69190.5,453753
69183.1,453753
69171.2,453753
69169.3,453753
69182.7,453753
69185.8,453753
69183.6,453753
69184.1,453753
69187.9,453753
69189.9,453753
69195.4,453753
69189,453753
69191.6,453753
69190,453753
69182.3,453753
69184.8,453753
69189.8,453753
69188.2,453753
69183.5,453753
69162.1,453753
69187,453753
69188.9,453753
69191,453753
69188.2,453753
69192.9,453753
69182.9,453753
69187.4,453753
69190.3,453753
69182.6,453753
69174.5,453753
69185.1,453753
69171.7,453753
69175,453753
69189.3,453753
69186.5,453753
69192.2,453753
69185.9,453753
69185.8,453753
69146,453753
69189.3,453753
69191.3,453753
69191.3,453753
69196,453753
69197,453753
69192.8,453753
69193.1,453753
69192.3,453753
69190.7,453753
69188.1,453753
69194,453753
69193.2,453753
69191.1,453753
69193,453753
69190.8,453753
69192,453753
69186.8,453753
69193.2,453753
69187.3,453753
69190.6,453753
69192.4,453753
69188.5,453753
69190.5,453753
69188.8,453753
69186.7,453753
69190.2,453753
69180.8,453753
69164.6,453753
69183.1,453753
69182.7,453753
69161.1,453753
69176.2,453753
69181.1,453753
69187.8,453753
69183.4,453753
69179.6,453753
69177.1,453753
69178.2,453753
69185.3,453753
69192.7,453753
69188,453753
69183.8,453753
69185,453753
69189.9,453753
69185.1,453753
69185.3,453753
69185,453753
69182.4,453753
69179.6,453753
69190.3,453753
69186.8,453753
69191.8,453753
69190.4,453753
69191.1,453753
69193.4,453753
69164.3,453753
69191.8,453753
69187.5,453753
69191.3,453753
69189.8,453753
69192.2,453753
69190.8,453753
69189.8,453753
69190.3,453753
69194.8,453753
69193,453753
69191.5,453753
69190.8,453753
69186,453753
69185.3,453753
69188.2,453753
69188.3,453753
69190.7,453753
69188,453753
69192.4,453753
69190,453753
69191.6,453753
69190.1,453753
69189.6,453753
69187.2,453753
69188.8,453753
69192.7,453753
69172.7,453753
69189.5,453753
69189.9,453753
69192.5,453753
69187,453753
69188.7,453753
69187,453753
69183.2,453753
69183.8,453753
69178.5,453753
69149.2,453753
69187.4,453753
69189.3,453753
69192,453753
69193.3,453753
69194.2,453753
69185.5,453753
69182.3,453753
69189.3,453753
69191.8,453753
69179.7,453753
69183.1,453753
69194.4,453753
69187.4,453753
69191.3,453753
69187.9,453753
69182.7,453753
69181.5,453753
69180.7,453753
69186,453753
69192.4,453753
69182.9,453753
69194.6,453753
69192.2,453753
69186.3,453753
69189.8,453753
69192.3,453753
69188.2,453753
69194.4,453753
69197.6,453753
69191.1,453753
69184.8,453753
69187.6,453753
69186.1,453753
69186.9,453753
69190.7,453753
69191.1,453753
69172.2,453753
69139.6,453753
69152.4,453753
69189.2,453753
69190.8,453753
69191.7,453753
69186.7,453753
69190,453753
69183.4,453753
69191.1,453753
69190.3,453753
69190.9,453753
69185.6,453753
69191.7,453753
69187.8,453753
69169,453753
69181,453753
69190,453753
69187.4,453753
69190.5,453753
69185.9,453753
69190.8,453753
69192.2,453753
69194.4,453753
69189.6,453753
69185,453753
69189.5,453753
69185.9,453753
69185.3,453753
69190.4,453753
69190.5,453753
69185.8,453753
69188.3,453753
69184.9,453753
69177.8,453753
69183.6,453753
69190.3,453753
69188.4,453753
69194.7,453753
69189.6,453753
69193.5,453753
69189.7,453753
69189.8,453753
69189,453753
69189.3,453753
69193,453753
69191.9,453753
69191.8,453753
69189.6,453753
69193.8,453753
69194.7,453753
69188.9,453753
69191.5,453753
69191.4,453753
69193,453753
69189.8,453753
69186.9,453753
69195.1,453753
69189,453753
69190.9,453753
69180.3,453753
69185.7,453753
69182.4,453753
69170.9,453753
69191.1,453753
69184.9,453753
69186.5,453753
69194,453753
69188.1,453753
69187.3,453753
69192.3,453753
69192.3,453753
69191.7,453753
69191,453753
69181.2,453753
69180.9,453753
69188.9,453753
69187.3,453753
69185.1,453753
69192.8,453753
69191,453753
69184.1,453753
69188.2,453753
69189.6,453753
69191,453753
69186.8,453753
69186.3,453753
69193.6,453753
69188,453753
69195,453753
69193.8,453753
69194.6,453753
69188.4,453753
69186.3,453753
69191.9,453753
69192.2,453753
69190.1,453753
69190.1,453753
69190.8,453753
69192.2,453753
69191.2,453753
69191,453753
69190.9,453753
69184,453753
69190.5,453753
69189.9,453753
69188.9,453753
69193.3,453753
69186.4,453753
69179.2,453753
69168.1,453753
69185.7,453753
69189.5,453753
69189,453753
69187.3,453753
69187.9,453753
69186.7,453753
69185.4,453753
69185.3,453753
69189.2,453753
69185.5,453753
69131.1,453753
69189.2,453753
69192.2,453753
69188.1,453753
69190,453753
69183.4,453753
69184,453753
69185.5,453753
69182.5,453753
69174.1,453753
69188.1,453753
69185.9,453753
69189.5,453753
69192.9,453753
69194.3,453753
69188.6,453753
69191.6,453753
69188.3,453753
69194.4,453753
69189.7,453753
69195.6,453753
69190.9,453753
69185.1,453753
69164,453753
69193.4,453753
69182,453753
69171.1,453753
69180.2,453753
69182,453753
69194.9,453753
69186.1,453753
69187.7,453753
69194.9,453753
69193.4,453753
69195.5,453753
69188.4,453753
69189.7,453753
69189.1,453753
69189.4,453753
69185,453753
69188.2,453753
69190.2,453753
69079,453753
68923.1,453753
69130.3,453753
69186.5,453753
69182.6,453753
69182.8,453753
69190.6,453753
69185.7,453753
69187.1,453753
69188.7,453753
69186.4,453753
69167.2,453753
69180,453753
69184.4,453753
69189.5,453753
69191.8,453753
69186.5,453753
69182.8,453753
69184.9,453753
69186.5,453753
69188.2,453753
69193.8,453753
69190.6,453753
69187.4,453753
69195,453753
69192.1,453753
69183.5,453753
69196.4,453753
69192,453753
69193.5,453753
69193.4,453753
69191.6,453753
69189.1,453753
69194.1,453753
69196,453753
69191.3,453753
69188.6,453753
69189.8,453753
69188.5,453753
69189,453753
69187.9,453753
69191.2,453753
69193.2,453753
69187.9,453753
69189.7,453753
69182.7,453753
69151.1,453753
69186.7,453753
69186.9,453753
69181.2,453753
69184.9,453753
69184.6,453753
69190.7,453753
69187.9,453753
69190.1,453753
69193.1,453753
69191.5,453753
69187.9,453753
69190.8,453753
69191.6,453753
69177.5,453753
69177.4,453753
69190.3,453753
69187,453753
69185,453753
69190.3,453753
69188.9,453753
69190.8,453753
69192.4,453753
69188.9,453753
69184.4,453753
69192.4,453753
69194.1,453753
69184.9,453753
69180.9,453753
69193.4,453753
69195.7,453753
69193.1,453753
69194.5,453753
69185.2,453753
69182.2,453753
69193.2,453753
69187.4,453753
69190.7,453753
69193,453753
69196.6,453753
69195.7,453753
69190.9,453753
69188.5,453753
69189.8,453753
69189.6,453753
69191.6,453753
69184.2,453753
69184.8,453753
69176.1,453753
69184.1,453753
69184.9,453753
69180.9,453753
69186.8,453753
69193.2,453753
69189.8,453753
69187.4,453753
69185,453753
69182.5,453753
69188.7,453753
69192.2,453753
69187.5,453753
69190.4,453753
69192.2,453753
69193,453753
69196.5,453753
69192.9,453753
69195,453753
69187.4,453753
69193.2,453753
69190.3,453753
69192.8,453753
69194.2,453753
69191.2,453753
69190.5,453753
69192.3,453753
69196.6,453753
69189.1,453753
69184.6,453753
69181.7,453753
69180.1,453753
69186.4,453753
69190.4,453753
69172.6,453753
69188.5,453753
69186.2,453753
69184.5,453753
69186.2,453753
69191,453753
69184.1,453753
69189.1,453753
69188.6,453753
69191,453753
69191.1,453753
69190.7,453753
69191.5,453753
69192.6,453753
69187.7,453753
69194.3,453753
69191.6,453753
69191.9,453753
69194.6,453753
69187.2,453753
69190.4,453753
69195.2,453753
69194.7,453753
69191.2,453753
69195,453753
69193,453753
69189.6,453753
69180.3,453753
69190.8,453753
69180.7,453753
69190.1,453753
69188.7,453753
69192.6,453753
69190.5,453753
69187.7,453753
69189.6,453753
69193.3,453753
69171.4,453753
69181.3,453753
69185,453753
69189.2,453753
69172.3,453753
69191.1,453753
69188.4,453753
69192.1,453753
69195.5,453753
69192.4,453753
69195.6,453753
69194.5,453753
69191.7,453753
69190,453753
69185.8,453753
69183.8,453753
69194.3,453753
69192.9,453753
69193.1,453753
69186.5,453753
69193.3,453753
69191.5,453753
69193.7,453753
69190.9,453753
69190.2,453753
69194.6,453753
69185.5,453753
69183,453753
69194.8,453753
69189.4,453753
69194,453753
69189.6,453753
69192.5,453753
69188.4,453753
69184.4,453753
69176.2,453753
69175.9,453753
69183.7,453753
69189.5,453753
69192,453753
69193.4,453753
69192,453753
69194.6,453753
69188.5,453753
69193.3,453753
69193.1,453753
69185.3,453753
69179.4,453753
69192.6,453753
69195.8,453753
69191.7,453753
69182.8,453753
69195.5,453753
69194.4,453753
69192.2,453753
69192.6,453753
69186.3,453753
69183.9,453753
69186.5,453753
69195.7,453753
69191.4,453753
69186.6,453753
69176.7,453753
69176.6,453753
69159.3,453753
69190.4,453753
69190.1,453753
69193.5,453753
69180,453753
69191,453753
69193.9,453753
69194.4,453753
69192,453753
69196.8,453753
69193.3,453753
69197.7,453753
69191.7,453753
69188.7,453753
69187.3,453753
69188.3,453753
69195.2,453753
69195.5,453753
69197.5,453753
69193.1,453753
69194.3,453753
69192.2,453753
69189.3,453753
69193.3,453753
69192.2,453753
69190.9,453753
69187.9,453753
69188,453753
69186.4,453753
69183.8,453753
69187.2,453753
69189.4,453753
69186.8,453753
69178.6,453753
69187.5,453753
69192.3,453753
69191.7,453753
69189.2,453753
69191.1,453753
69191.4,453753
69191.7,453753
69195.6,453753
69192.1,453753
69196.5,453753
69193.3,453753
69190.1,453753
69191.2,453753
69195.5,453753
69192.3,453753
69191.4,453753
69183.5,453753
69166.5,453753
69187.2,453753
69192.6,453753
69190.7,453753
69179.1,453753
69166.5,453753
69186.8,453753
69191.7,453753
69188.8,453753
69174.6,453753
69185.1,453753
69182.9,453753
69172.9,453753
69189.2,453753
69191.9,453753
69191,453753
69186.4,453753
69194,453753
69162,453753
69176.9,453753
69186.5,453753
69187.6,453753
69192.6,453753
69190.1,453753
69190.7,453753
69194.9,453753
69192.6,453753
69192.9,453753
69188.3,453753
69192.9,453753
69190.7,453753
69189.7,453753
69188.9,453753
69174.4,453753
69171.1,453753
69189.5,453753
69192.5,453753
69190.6,453753
69189.7,453753
69190,453753
69193.1,453753
69195.6,453753
69194.1,453753
69192.6,453753
69193.6,453753
69195.7,453753
69191.2,453753
69187.6,453753
69197.1,453753
69195.8,453753
69192.9,453753
69190.4,453753
69196.3,453753
69189.3,453753
69190.9,453753
69188.9,453753
69188.9,453753
69188.8,453753
69193.5,453753
69195.7,453753
69191.1,453753
69188,453753
69185.3,453753
69193.2,453753
69192.5,453753
69191.7,453753
69194.9,453753
69189,453753
69175.6,453753
69188.3,453753
69194,453753
69192.1,453753
69178.1,453753
69182.9,453753
69195.4,453753
69194.9,453753
69193.8,453753
69197.3,453546
