TRACE,NSNPS_JACKKNIFE
69111,453753
69109.8,453753
69104.6,453753
69109.6,453753
69106.1,453753
69110.7,453753
69103.2,453753
69104.2,453753
69103,453753
69108,453753
69104,453753
69102.3,453753
69108.8,453753
69108.4,453753
69107.5,453753
69105.1,453753
69104.5,453753
69095.5,453753
69096.5,453753
69100.9,453753
69108,453753
69112.2,453753
69103.3,453753
69108.4,453753
69109.1,453753
69107.2,453753
69101.9,453753
69102,453753
69109.4,453753
69105.6,453753
69107.7,453753
69104.2,453753
69103.4,453753
69101.7,453753
69108.6,453753
69105.9,453753
69106.8,453753
69099.7,453753
69108.4,453753
69108,453753
69106,453753
69107.6,453753
69102.4,453753
69095.6,453753
69099.5,453753
69105.5,453753
69106.3,453753
69106.1,453753
69107.1,453753
69108.8,453753
69107.9,453753
69096,453753
69099.5,453753
69102.4,453753
69098,453753
69103.9,453753
69104.1,453753
69095.4,453753
69102.6,453753
69100.4,453753
69105.8,453753
69109.9,453753
69109.5,453753
69102.9,453753
69103.7,453753
69106.1,453753
69103.4,453753
69100.8,453753
69101.4,453753
69100,453753
69089.5,453753
69108.1,453753
69111.3,453753
69111.8,453753
69109.9,453753
69109,453753
69112.5,453753
69108.8,453753
69112,453753
69107.5,453753
69100.7,453753
69107.8,453753
69110.5,453753
69111,453753
69112.2,453753
69109.8,453753
69112.2,453753
69111.6,453753
69110.3,453753
69106.7,453753
69102.3,453753
69097.6,453753
69107,453753
69073.4,453753
69105.9,453753
69102.5,453753
69107.4,453753
69105.6,453753
69107.8,453753
69107.9,453753
69104.6,453753
69104.3,453753
69102,453753
69096.3,453753
69097.2,453753
69097,453753
69109,453753
69107.4,453753
69108.5,453753
69107.3,453753
69107.4,453753
69102.5,453753
69100.1,453753
69099.5,453753
69097.7,453753
69100.6,453753
69108.6,453753
69104.6,453753
69102.8,453753
69099.1,453753
69101.3,453753
69112.5,453753
69101.9,453753
69106.1,453753
69107.7,453753
69108,453753
69102.8,453753
69102.4,453753
69098.2,453753
69103.7,453753
69103.1,453753
69104.6,453753
69103.3,453753
69107.5,453753
69099.8,453753
69103.9,453753
69108.8,453753
69107.3,453753
69097.8,453753
69105.7,453753
69090.5,453753
69084.5,453753
69102,453753
69103.3,453753
69100,453753
69100.2,453753
69107.3,453753
69106.8,453753
69107.1,453753
69106.1,453753
69105.7,453753
69109.6,453753
69109.5,453753
69106.7,453753
69108.3,453753
69107.3,453753
69110.1,453753
69106.3,453753
69107.2,453753
69106.5,453753
69107.4,453753
69102.4,453753
69104.2,453753
69110.1,453753
69113.2,453753
69110.9,453753
69107.8,453753
69107,453753
69107.8,453753
69102.7,453753
69100.7,453753
69106.2,453753
69105.4,453753
69104.2,453753
69110.4,453753
69105.8,453753
69107.6,453753
69104.7,453753
69097.4,453753
69106.5,453753
69102.6,453753
69057.2,453753
69070.9,453753
69103.7,453753
69102.6,453753
69110.6,453753
69106.2,453753
69108,453753
69106.7,453753
69107.2,453753
69108.7,453753
69110.7,453753
69098.6,453753
69079.8,453753
69087.5,453753
69079.6,453753
69087.4,453753
69100.5,453753
69107.5,453753
69105.8,453753
69104.6,453753
69110,453753
69106.4,453753
69094.7,453753
69106.3,453753
69106,453753
69102.6,453753
69108.6,453753
69103.4,453753
69093.4,453753
69104.9,453753
69106.4,453753
69106,453753
69107.5,453753
69102.1,453753
69103.5,453753
69085.2,453753
69084.6,453753
69098.6,453753
69093.5,453753
69109.8,453753
69110.9,453753
69111.1,453753
69105.5,453753
69107,453753
69108.3,453753
69108.8,453753
69111.2,453753
69108.3,453753
69110.2,453753
69102.2,453753
69097.2,453753
69100.2,453753
69109.2,453753
69112.5,453753
69110.8,453753
69104.4,453753
69107.4,453753
69100.7,453753
69109.3,453753
69100.8,453753
69109.1,453753
69111.4,453753
69106.2,453753
69103.5,453753
69104.5,453753
69103.3,453753
69103.9,453753
69109.2,453753
69098.4,453753
69095.9,453753
69106.1,453753
69102.4,453753
69101,453753
69103.6,453753
69101.3,453753
69104.6,453753
69106.2,453753
69092,453753
69107.6,453753
69110.5,453753
69103.8,453753
69085.6,453753
69100.2,453753
69103.8,453753
69101.2,453753
69099.4,453753
69084.7,453753
69106.5,453753
69106.8,453753
69102.8,453753
69093.6,453753
69103.4,453753
69101.2,453753
69101.7,453753
69100.5,453753
69107.4,453753
69107.5,453753
69104.5,453753
69097.6,453753
69103.7,453753
69098.9,453753
69107.2,453753
69105.1,453753
69104,453753
69103.3,453753
69106.5,453753
69104.4,453753
69108.3,453753
69108.1,453753
69110.5,453753
69111.7,453753
69110.6,453753
69111.1,453753
69109.9,453753
69105.5,453753
69105.7,453753
69107.1,453753
69111.1,453753
69107.1,453753
69104.5,453753
69108.8,453753
69114.1,453753
69105.6,453753
69107.5,453753
69106.1,453753
69107.6,453753
69108.6,453753
69107.5,453753
69110.9,453753
69112,453753
69103,453753
69098.1,453753
69083.7,453753
69074.3,453753
69101.6,453753
69108.3,453753
69100.8,453753
69103.8,453753
69103.2,453753
69105.2,453753
69108.2,453753
69106.6,453753
69106.3,453753
69103.6,453753
69102.1,453753
69101.6,453753
69102.8,453753
69103.5,453753
69098.5,453753
69080,453753
69105.4,453753
69103,453753
69105.6,453753
69104.5,453753
69105,453753
69102.1,453753
69106.5,453753
69106.2,453753
69098.5,453753
69100.6,453753
69103.9,453753
69091.1,453753
69091.2,453753
69107.3,453753
69095.9,453753
69107.2,453753
69103.9,453753
69104.9,453753
69067.3,453753
69103,453753
69104.8,453753
69106.7,453753
69110.8,453753
69110.5,453753
69109.8,453753
69111.5,453753
69111.9,453753
69109.5,453753
69108.9,453753
69110.2,453753
69112.5,453753
69109.5,453753
69109.2,453753
69108.1,453753
69107,453753
69107.4,453753
69110,453753
69107.9,453753
69108.6,453753
69106.1,453753
69103.2,453753
69103.8,453753
69106,453753
69106.5,453753
69102.1,453753
69101.3,453753
69086.6,453753
69099,453753
69099.1,453753
69073.7,453753
69091.7,453753
69100.4,453753
69108.6,453753
69100.1,453753
69094.1,453753
69096,453753
69091.5,453753
69101.9,453753
69107,453753
69102.1,453753
69100,453753
69103.2,453753
69107.1,453753
69105.5,453753
69097.9,453753
69102.2,453753
69086.5,453753
69098.4,453753
69107.9,453753
69106,453753
69108.6,453753
69107.8,453753
69105.6,453753
69110.1,453753
69089.2,453753
69104.2,453753
69103,453753
69104.8,453753
69107.5,453753
69108.1,453753
69110.8,453753
69106.7,453753
69106.1,453753
69112.5,453753
69108.6,453753
69107.7,453753
69103.9,453753
69098.3,453753
69103.1,453753
69105.2,453753
69105.4,453753
69110.2,453753
69103,453753
69112,453753
69106.2,453753
69108.8,453753
69107.6,453753
69102.1,453753
69104.2,453753
69108.2,453753
69108.6,453753
69095.3,453753
69106.6,453753
69108,453753
69107.9,453753
69105.9,453753
69102.2,453753
69102.3,453753
69101.3,453753
69102.7,453753
69094,453753
69069,453753
69103.8,453753
69104.7,453753
69107.2,453753
69109.8,453753
69108.8,453753
69101.5,453753
69096.8,453753
69102.3,453753
69109.1,453753
69098,453753
69097.3,453753
69111.1,453753
69108,453753
69105.5,453753
69105.6,453753
69100.5,453753
69094.1,453753
69101.8,453753
69102.1,453753
69107.7,453753
69103.9,453753
69110.2,453753
69108.1,453753
69105.5,453753
69106.8,453753
69111.2,453753
69106.2,453753
69110.6,453753
69113.3,453753
69106.4,453753
69102.8,453753
69100.3,453753
69102.7,453753
69102.9,453753
69105.3,453753
69107.9,453753
69093.1,453753
69056.4,453753
69068.2,453753
69102.9,453753
69106.7,453753
69110.5,453753
69106.8,453753
69106.4,453753
69098.7,453753
69106.2,453753
69109.4,453753
69108.4,453753
69102.8,453753
69104.1,453753
69110.2,453753
69079.9,453753
69097.8,453753
69109.3,453753
69104.9,453753
69105.6,453753
69103.6,453753
69104.4,453753
69107.5,453753
69109.1,453753
69101.5,453753
69103,453753
69104.8,453753
69098.2,453753
69100.8,453753
69101.9,453753
69109.6,453753
69100.7,453753
69101.2,453753
69102.8,453753
69093.8,453753
69095.9,453753
69107.1,453753
69109.1,453753
69107.6,453753
69107.3,453753
69110.3,453753
69108,453753
69109.5,453753
69104.2,453753
69108.8,453753
69111.1,453753
69109.3,453753
69106.3,453753
69104.3,453753
69110.1,453753
69108.1,453753
69105,453753
69108.9,453753
69109.6,453753
69111.8,453753
69106.2,453753
69101.6,453753
69109.6,453753
69103.2,453753
69109.7,453753
69099.4,453753
69103.6,453753
69097,453753
69093.3,453753
69108.2,453753
69097.5,453753
69103.9,453753
69108.1,453753
69107,453753
69105.2,453753
69108.1,453753
69108.3,453753
69109.3,453753
69108.5,453753
69102.4,453753
69098.7,453753
69107.1,453753
69103.3,453753
69104.6,453753
69107.6,453753
69102.4,453753
69102,453753
69108.7,453753
69102.7,453753
69111,453753
69108.7,453753
69101.2,453753
69103.2,453753
69106.5,453753
69110.6,453753
69110.7,453753
69111.5,453753
69105.7,453753
69107.9,453753
69110.8,453753
69107.2,453753
69108,453753
69105.1,453753
69106.3,453753
69109.8,453753
69110,453753
69106.8,453753
69111.3,453753
69103.8,453753
69103,453753
69104.5,453753
69105.6,453753
69110.2,453753
69102.1,453753
69095.3,453753
69083.8,453753
69102.4,453753
69106,453753
69108.3,453753
69100.7,453753
69104.8,453753
69099.3,453753
69103.9,453753
69103.6,453753
69107.2,453753
69104,453753
69048.6,453753
69108.8,453753
69106.8,453753
69102,453753
69108.8,453753
69099.3,453753
69104.9,453753
69106.6,453753
69102.3,453753
69090.1,453753
69104,453753
69104.6,453753
69106.6,453753
69108.6,453753
69109.1,453753
69106.2,453753
69107.7,453753
69107.6,453753
69109.5,453753
69107,453753
69111.6,453753
69106.4,453753
69104.2,453753
69083.4,453753
69110.2,453753
69101.1,453753
69095.6,453753
69098.8,453753
69100.3,453753
69110,453753
69102.6,453753
69106.7,453753
69110.2,453753
69107.6,453753
69107.2,453753
69102.5,453753
69105,453753
69105.6,453753
69107.4,453753
69107.4,453753
69102.9,453753
69106,453753
68992.6,453753
68795.1,453753
69043.1,453753
69099,453753
69103.9,453753
69097.7,453753
69110.2,453753
69100.3,453753
69107.6,453753
69110.2,453753
69101.1,453753
69076.9,453753
69095.5,453753
69101.7,453753
69103.5,453753
69109.1,453753
69106,453753
69100.4,453753
69101,453753
69105.3,453753
69101.5,453753
69109.6,453753
69110.2,453753
69104.8,453753
69110.8,453753
69109.9,453753
69099.3,453753
69111.1,453753
69108.2,453753
69109.1,453753
69114.8,453753
69109,453753
69109.9,453753
69108.7,453753
69111.7,453753
69110.3,453753
69104.5,453753
69108.4,453753
69109.2,453753
69107,453753
69108.7,453753
69105.4,453753
69106.7,453753
69106.4,453753
69102.8,453753
69091.8,453753
69074.3,453753
69102.7,453753
69104.6,453753
69095.1,453753
69098.7,453753
69104.9,453753
69103.3,453753
69103.4,453753
69104.5,453753
69110,453753
69105.1,453753
69105.5,453753
69108.9,453753
69105.3,453753
69095.3,453753
69096,453753
69106.2,453753
69107.6,453753
69099.2,453753
69105.8,453753
69105.9,453753
69105.1,453753
69108.7,453753
69103.8,453753
69105.3,453753
69108.1,453753
69107.5,453753
69102.6,453753
69096.5,453753
69109.4,453753
69111.7,453753
69111.8,453753
69109.9,453753
69105.3,453753
69101.1,453753
69112.7,453753
69110.3,453753
69106,453753
69109,453753
69110.6,453753
69109.1,453753
69106.7,453753
69107.2,453753
69106.6,453753
69106.6,453753
69109.9,453753
69104,453753
69101,453753
69093.7,453753
69101.4,453753
69100.5,453753
69103.8,453753
69106.1,453753
69109.7,453753
69104.2,453753
69104.2,453753
69102.2,453753
69100.1,453753
69104.1,453753
69110,453753
69108,453753
69108.1,453753
69107.3,453753
69109.5,453753
69110.5,453753
69110.9,453753
69110.2,453753
69106.5,453753
69111.1,453753
69109.5,453753
69110.7,453753
69111.3,453753
69109,453753
69105.9,453753
69112.6,453753
69111.5,453753
69107.3,453753
69099.3,453753
69097.1,453753
69099.9,453753
69100.1,453753
69107.2,453753
69090.7,453753
69107.3,453753
69103.8,453753
69101.8,453753
69103.7,453753
69104.3,453753
69100.7,453753
69107.6,453753
69099.3,453753
69103.7,453753
69108,453753
69106.8,453753
69108.7,453753
69108.6,453753
69106.8,453753
69112.1,453753
69110.5,453753
69108.4,453753
69108.6,453753
69103.6,453753
69110.6,453753
69110.7,453753
69110.8,453753
69106.9,453753
69112.8,453753
69109.6,453753
69103.8,453753
69093.4,453753
69106,453753
69097.2,453753
69105.4,453753
69105.9,453753
69109.6,453753
69106.4,453753
69103.6,453753
69107.7,453753
69109.3,453753
69090.5,453753
69093.5,453753
69101.4,453753
69106.4,453753
69082.5,453753
69107.2,453753
69109.7,453753
69110,453753
69113.6,453753
69109.2,453753
69113.4,453753
69110.1,453753
69107.7,453753
69109.7,453753
69102.6,453753
69101.6,453753
69111.3,453753
69109.3,453753
69108.9,453753
69106.9,453753
69108.5,453753
69109.6,453753
69112.8,453753
69104.7,453753
69106.9,453753
69110,453753
69100.6,453753
69098.1,453753
69111.6,453753
69107.4,453753
69110.4,453753
69105.2,453753
69106.5,453753
69107.8,453753
69105.1,453753
69087.9,453753
69095.9,453753
69104.1,453753
69105.4,453753
69106.5,453753
69111,453753
69105.7,453753
69110.8,453753
69109,453753
69109.7,453753
69112.9,453753
69101.1,453753
69095.8,453753
69110.4,453753
69109.2,453753
69105.8,453753
69102.9,453753
69112.9,453753
69111.8,453753
69111.2,453753
69106.5,453753
69108.3,453753
69099.1,453753
69099.9,453753
69111.9,453753
69109.6,453753
69105.5,453753
69089.2,453753
69098,453753
69076,453753
69108.1,453753
69105.5,453753
69112.3,453753
69097.7,453753
69106.8,453753
69108.2,453753
69110.3,453753
69110.6,453753
69108.8,453753
69107.3,453753
69111.5,453753
69108.9,453753
69109.6,453753
69102.5,453753
69106.8,453753
69110.6,453753
69110.8,453753
69113.5,453753
69108.1,453753
69113.2,453753
69110.1,453753
69106.8,453753
69107.6,453753
69106,453753
69105,453753
69101.8,453753
69107.9,453753
69108.7,453753
69102.4,453753
69100.1,453753
69103.7,453753
69102.7,453753
69096.5,453753
69106.3,453753
69107.7,453753
69106.3,453753
69108.7,453753
69106.7,453753
69110.6,453753
69108.8,453753
69112.4,453753
69108.9,453753
69111.5,453753
69110,453753
69107.5,453753
69110.7,453753
69109.7,453753
69108.3,453753
69108,453753
69102.4,453753
69076.6,453753
69103.3,453753
69103.3,453753
69106,453753
69097.5,453753
69088.1,453753
69105.7,453753
69108.3,453753
69107,453753
69093.7,453753
69100.1,453753
69100.2,453753
69087.8,453753
69107,453753
69108,453753
69107.5,453753
69104.4,453753
69109.9,453753
69080,453753
69090.7,453753
69104.2,453753
69102.5,453753
69114.7,453753
69105,453753
69112.4,453753
69110.8,453753
69110.6,453753
69109.3,453753
69105.3,453753
69109.9,453753
69108.4,453753
69105.8,453753
69103.9,453753
69090.2,453753
69087.8,453753
69104.7,453753
69108.6,453753
69108.8,453753
69106.9,453753
69103.3,453753
69107.5,453753
69110,453753
69110.5,453753
69113.1,453753
69109.2,453753
69111.4,453753
69108.3,453753
69104,453753
69113.2,453753
69113.2,453753
69110.3,453753
69108.3,453753
69110.8,453753
69107,453753
69107.6,453753
69105.3,453753
69107.2,453753
69106.4,453753
69107.3,453753
69111.2,453753
69107,453753
69105.8,453753
69096.7,453753
69108.4,453753
69110.1,453753
69107.5,453753
69112.2,453753
69104.6,453753
69091.3,453753
69106.6,453753
69109.7,453753
69107.2,453753
69090.9,453753
69095.7,453753
69109.1,453753
69107.7,453753
69106.8,453753
69111,453546
