TRACE,NSNPS_JACKKNIFE
69187.3,453753
69186.7,453753
69182.5,453753
69186.3,453753
69183.1,453753
69184.4,453753
69181.2,453753
69180.8,453753
69182.3,453753
69182.2,453753
69180.8,453753
69178.3,453753
69185.2,453753
69180.8,453753
69188.7,453753
69183.5,453753
69180.2,453753
69162.9,453753
69169.8,453753
69175.9,453753
69183.7,453753
69185.6,453753
69181,453753
69184.7,453753
69184.7,453753
69181,453753
69179.1,453753
69177.3,453753
69183.5,453753
69180.6,453753
69181.4,453753
69181.8,453753
69182.9,453753
69177.5,453753
69184.3,453753
69182.6,453753
69177.3,453753
69178.4,453753
69184.3,453753
69183.1,453753
69185.9,453753
69181.8,453753
69178.9,453753
69174.5,453753
69172.5,453753
69181.3,453753
69185.3,453753
69185.6,453753
69184.5,453753
69184.8,453753
69188.4,453753
69174.3,453753
69175.2,453753
69179.2,453753
69173.3,453753
69179.6,453753
69181.2,453753
69173.6,453753
69175.8,453753
69177.3,453753
69181.4,453753
69187.5,453753
69186,453753
69186.7,453753
69180.1,453753
69182.7,453753
69181.1,453753
69179.1,453753
69181.2,453753
69175.1,453753
69172.5,453753
69185.5,453753
69181.6,453753
69185,453753
69183.6,453753
69187.9,453753
69186.6,453753
69184.4,453753
69186.4,453753
69186,453753
69175.6,453753
69183.6,453753
69184.7,453753
69189.6,453753
69189.1,453753
69184.5,453753
69185.5,453753
69186.3,453753
69183.2,453753
69183.8,453753
69178.8,453753
69173.9,453753
69186.2,453753
69139.6,453753
69181.3,453753
69177.4,453753
69181.9,453753
69184.6,453753
69182,453753
69185.8,453753
69176.8,453753
69178.2,453753
69173.1,453753
69174.2,453753
69172.6,453753
69173.4,453753
69182.9,453753
69180.7,453753
69184.4,453753
69183.3,453753
69184.4,453753
69181,453753
69177.1,453753
69171.7,453753
69171.1,453753
69170.3,453753
69181.8,453753
69182.8,453753
69179.8,453753
69174.1,453753
69179.9,453753
69186.6,453753
69178,453753
69180.3,453753
69186,453753
69181,453753
69179.6,453753
69179.7,453753
69177.8,453753
69181,453753
69175.7,453753
69179.2,453753
69178.5,453753
69181.8,453753
69171,453753
69182.7,453753
69184.4,453753
69182.9,453753
69178.2,453753
69183.9,453753
69167.9,453753
69163.9,453753
69180,453753
69177.3,453753
69178.5,453753
69174.6,453753
69178.2,453753
69179.2,453753
69180.3,453753
69181.4,453753
69185.5,453753
69182.6,453753
69184.3,453753
69180.6,453753
69183.8,453753
69184.4,453753
69185.6,453753
69184.1,453753
69186.9,453753
69182.9,453753
69178.2,453753
69180.4,453753
69182.3,453753
69185.1,453753
69186.1,453753
69184.8,453753
69183.8,453753
69183.4,453753
69182.5,453753
69181.1,453753
69174.8,453753
69180.4,453753
69181.4,453753
69181.6,453753
69183.8,453753
69181.9,453753
69181.1,453753
69180.5,453753
69180.3,453753
69176.7,453753
69180.5,453753
69142.7,453753
69150.1,453753
69179.6,453753
69176.1,453753
69186.5,453753
69185.2,453753
69184.5,453753
69184.1,453753
69181.2,453753
69185.1,453753
69187.2,453753
69174.6,453753
69159.7,453753
69161.3,453753
69154.9,453753
69167.8,453753
69178.4,453753
69181.6,453753
69181.6,453753
69176.7,453753
69184.5,453753
69179.2,453753
69173.7,453753
69183.2,453753
69179.9,453753
69179.2,453753
69181.1,453753
69180.6,453753
69174.2,453753
69179.4,453753
69182.9,453753
69184.7,453753
69183.9,453753
69176.6,453753
69176.2,453753
69160.7,453753
69163.9,453753
69172,453753
69169.7,453753
69186,453753
69187.4,453753
69183,453753
69186.1,453753
69175.1,453753
69182.8,453753
69185.4,453753
69183.1,453753
69185.1,453753
69187.7,453753
69180.2,453753
69172.3,453753
69178.5,453753
69187.6,453753
69187.4,453753
69188.7,453753
69180.6,453753
69179.6,453753
69176.3,453753
69183.6,453753
69179,453753
69184.4,453753
69186.1,453753
69184.1,453753
69183.2,453753
69181.3,453753
69182.3,453753
69185.8,453753
69182.3,453753
69175.5,453753
69171,453753
69181.5,453753
69182.5,453753
69180.2,453753
69179.6,453753
69178.6,453753
69177.7,453753
69178.6,453753
69166.6,453753
69183.4,453753
69185.5,453753
69176.4,453753
69164.8,453753
69179.9,453753
69180,453753
69177.2,453753
69176.9,453753
69160.6,453753
69183.3,453753
69184.7,453753
69178.7,453753
69166.3,453753
69181.1,453753
69181.9,453753
69181.6,453753
69171.7,453753
69184.7,453753
69186,453753
69175.5,453753
69171.4,453753
69178.3,453753
69177.5,453753
69179.9,453753
69182.1,453753
69177.8,453753
69181.9,453753
69186,453753
69180.5,453753
69183.3,453753
69185.9,453753
69184.4,453753
69183.6,453753
69188.4,453753
69185.6,453753
69182.9,453753
69186.4,453753
69180.5,453753
69182.8,453753
69187.5,453753
69183.5,453753
69185.8,453753
69182.5,453753
69186.3,453753
69180.1,453753
69183.9,453753
69187.5,453753
69181,453753
69181.2,453753
69179.4,453753
69186.2,453753
69184.9,453753
69180.7,453753
69171.2,453753
69164.6,453753
69156,453753
69178.2,453753
69181.4,453753
69175,453753
69176.9,453753
69182.7,453753
69181.8,453753
69181.7,453753
69180,453753
69185.3,453753
69181.5,453753
69176.7,453753
69176.5,453753
69179.1,453753
69178.1,453753
69178,453753
69162.4,453753
69179.2,453753
69183,453753
69184.5,453753
69179.9,453753
69182.5,453753
69178.8,453753
69181.8,453753
69181.4,453753
69176.1,453753
69170.9,453753
69177.5,453753
69162.7,453753
69158.2,453753
69182.3,453753
69174.1,453753
69179.8,453753
69177.2,453753
69177.6,453753
69145.3,453753
69183.9,453753
69183.5,453753
69182.6,453753
69185.8,453753
69187.1,453753
69186.6,453753
69185.2,453753
69189.4,453753
69185.5,453753
69183.4,453753
69185.8,453753
69186.8,453753
69185.9,453753
69185.9,453753
69180,453753
69184.6,453753
69181.4,453753
69186.5,453753
69178.6,453753
69185.4,453753
69182.5,453753
69179.6,453753
69183.2,453753
69178.1,453753
69177.8,453753
69178.6,453753
69178.6,453753
69156.3,453753
69172,453753
69173.2,453753
69147.2,453753
69166,453753
69173.5,453753
69177.6,453753
69176.1,453753
69169.9,453753
69171.4,453753
69171,453753
69178.1,453753
69182.4,453753
69182.5,453753
69177,453753
69179.3,453753
69180.6,453753
69180.9,453753
69174.5,453753
69176,453753
69164.5,453753
69170,453753
69184.3,453753
69182.5,453753
69184.2,453753
69182,453753
69180.1,453753
69186.5,453753
69169.6,453753
69183.6,453753
69179.6,453753
69180.9,453753
69181.2,453753
69183.7,453753
69185.6,453753
69181.6,453753
69186,453753
69186.6,453753
69187.6,453753
69186.1,453753
69181.8,453753
69172.8,453753
69178.1,453753
69182,453753
69186.2,453753
69186.4,453753
69177.7,453753
69182.6,453753
69184.9,453753
69185,453753
69181.9,453753
69174,453753
69181.7,453753
69181.6,453753
69184.7,453753
69169.2,453753
69181.3,453753
69185.5,453753
69183.3,453753
69185.2,453753
69182.2,453753
69179.2,453753
69178.6,453753
69182.3,453753
69175.9,453753
69131.5,453753
69175,453753
69176.7,453753
69183.8,453753
69185.5,453753
69186,453753
69176.6,453753
69177.4,453753
69180.8,453753
69186,453753
69175.3,453753
69176.2,453753
69184.9,453753
69180.3,453753
69181.6,453753
69181,453753
69176.2,453753
69177,453753
69179.9,453753
69183.6,453753
69186.9,453753
69181,453753
69187.8,453753
69183.4,453753
69181.4,453753
69182.5,453753
69185.3,453753
69181,453753
69186.4,453753
69188.9,453753
69185.9,453753
69178.9,453753
69175.3,453753
69181.1,453753
69178.7,453753
69182.5,453753
69181.8,453753
69167.3,453753
69131,453753
69143.4,453753
69180.6,453753
69180.3,453753
69182.5,453753
69178.7,453753
69182.3,453753
69171.5,453753
69183.5,453753
69184.6,453753
69184.9,453753
69176.6,453753
69183.6,453753
69179.4,453753
69163.3,453753
69174.5,453753
69179.5,453753
69181.3,453753
69182.1,453753
69178.9,453753
69181.1,453753
69186.1,453753
69184.6,453753
69177.9,453753
69177.5,453753
69181,453753
69175.7,453753
69177.8,453753
69182.5,453753
69184.5,453753
69176.9,453753
69178.3,453753
69180.2,453753
69173.9,453753
69174.4,453753
69184.3,453753
69182.1,453753
69184.3,453753
69187.6,453753
69186.2,453753
69180,453753
69184.6,453753
69182.3,453753
69182.6,453753
69184.9,453753
69183.6,453753
69183.4,453753
69180.3,453753
69189.8,453753
69184.8,453753
69186.7,453753
69183.6,453753
69185.4,453753
69182.9,453753
69182.3,453753
69177.8,453753
69186.4,453753
69182.6,453753
69185.6,453753
69173.5,453753
69178.6,453753
69170.6,453753
69160.5,453753
69182.5,453753
69174.9,453753
69182.4,453753
69187.5,453753
69181.4,453753
69182.2,453753
69183.4,453753
69184.5,453753
69186.2,453753
69185.9,453753
69179,453753
69171,453753
69180.7,453753
69178.4,453753
69176.7,453753
69184.8,453753
69181.1,453753
69174.8,453753
69179.6,453753
69179.8,453753
69184.2,453753
69183.2,453753
69178.4,453753
69184.5,453753
69180.9,453753
69184.3,453753
69183.5,453753
69186.5,453753
69179.3,453753
69181,453753
69183.4,453753
69184.3,453753
69182.8,453753
69182.9,453753
69183.7,453753
69183,453753
69182.5,453753
69185.6,453753
69183.7,453753
69176.7,453753
69181.1,453753
69182.4,453753
69183.3,453753
69184.2,453753
69179.7,453753
69172.2,453753
69159.9,453753
69176.1,453753
69182.9,453753
69185.4,453753
69178.4,453753
69178.9,453753
69176,453753
69180.1,453753
69178.6,453753
69182.5,453753
69178,453753
69121.1,453753
69181.8,453753
69186.9,453753
69180,453753
69181.5,453753
69177.7,453753
69180.5,453753
69179,453753
69180.4,453753
69168.5,453753
69181,453753
69182.4,453753
69181.9,453753
69183.4,453753
69187.6,453753
69185.7,453753
69181.3,453753
69179.8,453753
69184.5,453753
69183.9,453753
69188.7,453753
69183.6,453753
69181.5,453753
69158,453753
69185.9,453753
69172.7,453753
69164.4,453753
69175.6,453753
69182,453753
69184.7,453753
69182.3,453753
69182.2,453753
69186.3,453753
69185.6,453753
69183.5,453753
69176.6,453753
69177.5,453753
69183,453753
69184.6,453753
69183.4,453753
69183.8,453753
69179.7,453753
69069.7,453753
68887.4,453753
69123.1,453753
69176.3,453753
69179.4,453753
69169.8,453753
69183,453753
69176.2,453753
69182.3,453753
69183.6,453753
69180.1,453753
69156.3,453753
69173.5,453753
69173.9,453753
69181.1,453753
69184.5,453753
69178.4,453753
69175.8,453753
69179,453753
69176.2,453753
69182.1,453753
69182.7,453753
69182.4,453753
69182,453753
69184.5,453753
69182.6,453753
69173.5,453753
69185.5,453753
69185.1,453753
69186.9,453753
69184.6,453753
69181.3,453753
69184.9,453753
69184,453753
69185.7,453753
69184.9,453753
69180.6,453753
69184.2,453753
69186.1,453753
69179.1,453753
69182.2,453753
69180.2,453753
69182.8,453753
69182.2,453753
69183.1,453753
69170.1,453753
69149.5,453753
69176.1,453753
69179,453753
69170,453753
69176.8,453753
69178.4,453753
69176.2,453753
69179.1,453753
69186.4,453753
69184.8,453753
69180.9,453753
69180.1,453753
69182,453753
69179.9,453753
69172.6,453753
69172.7,453753
69184.7,453753
69181.3,453753
69175.8,453753
69181.8,453753
69179.8,453753
69185.6,453753
69183.9,453753
69178.5,453753
69175.2,453753
69185.3,453753
69185.7,453753
69182,453753
69169.4,453753
69186.5,453753
69188.6,453753
69184.8,453753
69187.3,453753
69179.9,453753
69173.4,453753
69184.6,453753
69181.6,453753
69183,453753
69185.1,453753
69186.6,453753
69188.1,453753
69184.8,453753
69184.2,453753
69181.8,453753
69181.6,453753
69186.5,453753
69178.7,453753
69179.6,453753
69170.2,453753
69180.1,453753
69178.9,453753
69172.2,453753
69178.5,453753
69187.5,453753
69180.9,453753
69179.9,453753
69178.9,453753
69177.1,453753
69179.3,453753
69185.4,453753
69181.2,453753
69180.6,453753
69184.3,453753
69187.7,453753
69188.9,453753
69184,453753
69185.5,453753
69179.4,453753
69185,453753
69179.1,453753
69183.8,453753
69184.8,453753
69186.2,453753
69182,453753
69187.1,453753
69184.3,453753
69180.8,453753
69181.3,453753
69177,453753
69173.7,453753
69177.4,453753
69180.9,453753
69164.3,453753
69182.2,453753
69176.8,453753
69179.9,453753
69178.2,453753
69179.6,453753
69174.8,453753
69181.5,453753
69182.3,453753
69184,453753
69184.5,453753
69182.7,453753
69181.7,453753
69179.8,453753
69182.3,453753
69186.3,453753
69184.1,453753
69186.4,453753
69184.3,453753
69178.9,453753
69179.1,453753
69186.6,453753
69188.1,453753
69184.8,453753
69186.1,453753
69185.3,453753
69182.9,453753
69169.6,453753
69185.1,453753
69174.3,453753
69185.2,453753
69179.7,453753
69182.5,453753
69182.8,453753
69181.8,453753
69184,453753
69186,453753
69165.7,453753
69173.1,453753
69179.8,453753
69182.4,453753
69161.3,453753
69183,453753
69182.6,453753
69185.7,453753
69185.7,453753
69185.7,453753
69188.8,453753
69187,453753
69180.4,453753
69183.3,453753
69178.1,453753
69175.8,453753
69187.2,453753
69182,453753
69187.4,453753
69183.1,453753
69185.2,453753
69183.6,453753
69187.2,453753
69180.6,453753
69181.6,453753
69186,453753
69177.8,453753
69175.8,453753
69186.2,453753
69182.5,453753
69184.8,453753
69180.1,453753
69182.9,453753
69181.2,453753
69183.6,453753
69165.4,453753
69170.5,453753
69178.8,453753
69182,453753
69183.4,453753
69185.7,453753
69181.8,453753
69183.3,453753
69184.9,453753
69187.4,453753
69186,453753
69178.5,453753
69176.7,453753
69183.8,453753
69185,453753
69182.1,453753
69177.6,453753
69185,453753
69186,453753
69187.9,453753
69183.8,453753
69181.5,453753
69177.6,453753
69175.4,453753
69186.1,453753
69182,453753
69179,453753
69168.6,453753
69167.3,453753
69157.2,453753
69186,453753
69181.2,453753
69187.1,453753
69171.6,453753
69183.1,453753
69184.7,453753
69184.5,453753
69186.8,453753
69185.4,453753
69182.9,453753
69188.1,453753
69183.8,453753
69183.1,453753
69177.4,453753
69181.7,453753
69189.2,453753
69190.9,453753
69187.5,453753
69186.2,453753
69187.9,453753
69182.4,453753
69178,453753
69184.3,453753
69182.7,453753
69181.6,453753
69180.9,453753
69178.9,453753
69180.5,453753
69178.2,453753
69178.9,453753
69182.1,453753
69181,453753
69174.2,453753
69181.6,453753
69185.9,453753
69183.7,453753
69181.9,453753
69187.1,453753
69187.1,453753
69184.7,453753
69185.3,453753
69183.5,453753
69186.6,453753
69184.4,453753
69184.5,453753
69183.6,453753
69188.8,453753
69184.6,453753
69183.8,453753
69175.9,453753
69155.6,453753
69183,453753
69179.9,453753
69182.1,453753
69174.8,453753
69164.5,453753
69175.6,453753
69185.2,453753
69182.6,453753
69172.1,453753
69175.1,453753
69179.1,453753
69162.5,453753
69178.2,453753
69184.5,453753
69186.1,453753
69182.7,453753
69189,453753
69159.1,453753
69168.1,453753
69176.5,453753
69178.4,453753
69187.3,453753
69181.6,453753
69185.8,453753
69185.9,453753
69184.1,453753
69184.5,453753
69181.9,453753
69184.2,453753
69179,453753
69181.5,453753
69174.1,453753
69169,453753
69168.1,453753
69178,453753
69182.5,453753
69182.7,453753
69181.5,453753
69181.2,453753
69183.1,453753
69185.9,453753
69185,453753
69188.4,453753
69187.3,453753
69187.7,453753
69184.2,453753
69177.6,453753
69187.8,453753
69186.1,453753
69185.8,453753
69185.2,453753
69185.7,453753
69183.9,453753
69183,453753
69182.3,453753
69180.5,453753
69180.3,453753
69185.6,453753
69186.1,453753
69184.5,453753
69181.7,453753
69174.6,453753
69188.1,453753
69186.4,453753
69182,453753
69184.4,453753
69180.9,453753
69168.1,453753
69181.9,453753
69185.3,453753
69184.1,453753
69168.7,453753
69172.2,453753
69188.6,453753
69186.5,453753
69186.3,453753
69190.3,453546
