TRACE,NSNPS_JACKKNIFE
69238.7,453753
69240.9,453753
69238.1,453753
69238.2,453753
69234.3,453753
69241,453753
69236.4,453753
69231.5,453753
69237.2,453753
69235.4,453753
69238,453753
69226.9,453753
69239.6,453753
69236.5,453753
69238,453753
69237.5,453753
69231.6,453753
69221.1,453753
69227.9,453753
69230.3,453753
69233.4,453753
69237.6,453753
69239,453753
69236.7,453753
69236,453753
69235.9,453753
69229.4,453753
69229.2,453753
69233.3,453753
69233.4,453753
69233.8,453753
69235.8,453753
69234.5,453753
69231.3,453753
69237.4,453753
69234.1,453753
69235.3,453753
69232.2,453753
69235.3,453753
69236.9,453753
69236.3,453753
69235.9,453753
69233.1,453753
69221.6,453753
69231.2,453753
69232.1,453753
69234.7,453753
69234.1,453753
69238.9,453753
69238.8,453753
69241.9,453753
69225.4,453753
69229.3,453753
69231.1,453753
69225.7,453753
69235.5,453753
69231.8,453753
69226.4,453753
69230,453753
69230,453753
69237.6,453753
69238.3,453753
69239.6,453753
69234.2,453753
69232.2,453753
69236,453753
69232.6,453753
69232.5,453753
69231.5,453753
69233.1,453753
69218.3,453753
69235.9,453753
69235.7,453753
69240.5,453753
69239,453753
69238.2,453753
69242.5,453753
69235.5,453753
69239.2,453753
69235.4,453753
69226.2,453753
69236.9,453753
69237.2,453753
69238,453753
69240.7,453753
69240.7,453753
69240.2,453753
69239,453753
69236.5,453753
69236.5,453753
69226,453753
69224.7,453753
69235.1,453753
69191.6,453753
69235,453753
69231.7,453753
69238.8,453753
69240.6,453753
69236.4,453753
69237.9,453753
69233.2,453753
69231.7,453753
69227.4,453753
69228.2,453753
69228.9,453753
69231.3,453753
69234.3,453753
69235.8,453753
69234.1,453753
69235.3,453753
69236.2,453753
69233.8,453753
69225.4,453753
69226.6,453753
69227.3,453753
69226.6,453753
69237.6,453753
69233.1,453753
69232.6,453753
69229,453753
69229.9,453753
69239.6,453753
69228.2,453753
69236.5,453753
69236.7,453753
69234.2,453753
69229.5,453753
69233,453753
69222.3,453753
69231.5,453753
69229.6,453753
69234.7,453753
69233.9,453753
69237.4,453753
69233.9,453753
69237,453753
69236.9,453753
69237.8,453753
69228.8,453753
69232.3,453753
69223.2,453753
69220,453753
69235.6,453753
69227.1,453753
69230.1,453753
69230.1,453753
69235.3,453753
69233.6,453753
69233.5,453753
69238.1,453753
69234,453753
69237.9,453753
69237.9,453753
69235.8,453753
69232.4,453753
69233.3,453753
69236.9,453753
69234.8,453753
69239.3,453753
69236.1,453753
69236,453753
69234,453753
69235.3,453753
69238.1,453753
69241.1,453753
69237,453753
69236.7,453753
69238.6,453753
69237.8,453753
69232.5,453753
69232.7,453753
69233.2,453753
69237.5,453753
69235.3,453753
69237.6,453753
69233.8,453753
69235.9,453753
69233.8,453753
69230.6,453753
69231.3,453753
69230.5,453753
69187.5,453753
69197.9,453753
69231.9,453753
69230,453753
69238.4,453753
69236.2,453753
69235.9,453753
69236.7,453753
69235.4,453753
69240.1,453753
69239.9,453753
69229,453753
69216.4,453753
69216,453753
69214.1,453753
69214.6,453753
69231.4,453753
69236.3,453753
69234.1,453753
69232.8,453753
69237.5,453753
69232.7,453753
69227.2,453753
69235.8,453753
69235.9,453753
69230.2,453753
69235.6,453753
69230.5,453753
69218.7,453753
69234.5,453753
69236.6,453753
69238.9,453753
69235.6,453753
69231.4,453753
69233.2,453753
69218.7,453753
69219,453753
69230,453753
69220.4,453753
69238.8,453753
69238.9,453753
69234.3,453753
69236.5,453753
69234.9,453753
69236.9,453753
69241.2,453753
69238,453753
69239.4,453753
69239.5,453753
69233.5,453753
69224.4,453753
69228.5,453753
69238.6,453753
69242.3,453753
69238,453753
69234.5,453753
69236.6,453753
69229.8,453753
69236.7,453753
69231.8,453753
69236.2,453753
69238.9,453753
69236.9,453753
69235.2,453753
69233.7,453753
69235.9,453753
69234.6,453753
69236.6,453753
69228.3,453753
69225.4,453753
69237,453753
69234.7,453753
69232.9,453753
69231.9,453753
69236.1,453753
69236.1,453753
69229.6,453753
69222.7,453753
69236.9,453753
69237.6,453753
69228.6,453753
69216.6,453753
69227.5,453753
69234.1,453753
69232.7,453753
69230.1,453753
69210.4,453753
69237.2,453753
69236.5,453753
69231.1,453753
69218.9,453753
69236.7,453753
69234.6,453753
69228.9,453753
69227.9,453753
69235.6,453753
69235.9,453753
69232.1,453753
69224.4,453753
69232.8,453753
69229.2,453753
69234.9,453753
69234.7,453753
69230.7,453753
69236.8,453753
69237.3,453753
69230.9,453753
69235.9,453753
69238.3,453753
69240.9,453753
69238.2,453753
69238.5,453753
69236.1,453753
69242.7,453753
69240.5,453753
69233.3,453753
69235.6,453753
69239,453753
69237.8,453753
69237.6,453753
69237.8,453753
69241.7,453753
69237.5,453753
69238.2,453753
69237.2,453753
69239,453753
69237,453753
69234.6,453753
69236.5,453753
69236.9,453753
69232.5,453753
69226.4,453753
69216.9,453753
69213.9,453753
69227.9,453753
69232.3,453753
69229.5,453753
69231.3,453753
69233.5,453753
69236.9,453753
69236,453753
69236.9,453753
69235.4,453753
69234.7,453753
69228.9,453753
69230.1,453753
69232.7,453753
69230.5,453753
69226.4,453753
69213.6,453753
69232.2,453753
69235.3,453753
69236.4,453753
69233.6,453753
69235.6,453753
69231,453753
69234,453753
69235.7,453753
69229.5,453753
69229.6,453753
69231.5,453753
69213.1,453753
69209.9,453753
69233.8,453753
69229.2,453753
69238.4,453753
69227,453753
69234.1,453753
69205.4,453753
69235.4,453753
69234.3,453753
69234.5,453753
69239.8,453753
69239.3,453753
69238.9,453753
69240.8,453753
69239.1,453753
69238,453753
69238.4,453753
69239.9,453753
69239.6,453753
69239.6,453753
69239.6,453753
69235.3,453753
69238,453753
69235.2,453753
69235.6,453753
69236.3,453753
69237.2,453753
69235.6,453753
69233.5,453753
69234.3,453753
69235.3,453753
69235.3,453753
69234.1,453753
69231.3,453753
69210.6,453753
69226.6,453753
69227,453753
69194.9,453753
69219.8,453753
69228.4,453753
69234,453753
69229.9,453753
69221,453753
69227.1,453753
69218.4,453753
69230.2,453753
69237.3,453753
69232.7,453753
69225,453753
69227.2,453753
69235.4,453753
69229.2,453753
69231.2,453753
69227.8,453753
69220.4,453753
69228.4,453753
69235.5,453753
69237.3,453753
69236.5,453753
69234.9,453753
69235.4,453753
69240.3,453753
69213.4,453753
69232.7,453753
69231.5,453753
69236.1,453753
69237.6,453753
69235.8,453753
69239.7,453753
69233.1,453753
69236.6,453753
69240.2,453753
69239.2,453753
69237.3,453753
69234.7,453753
69228.4,453753
69231,453753
69236.3,453753
69235.6,453753
69238.3,453753
69229.7,453753
69238.1,453753
69236.1,453753
69237.2,453753
69236.3,453753
69232.1,453753
69237.3,453753
69234,453753
69238,453753
69215.7,453753
69233.1,453753
69235.4,453753
69234.4,453753
69236.1,453753
69231.6,453753
69229,453753
69233.8,453753
69229,453753
69226.8,453753
69189.7,453753
69229.9,453753
69230.8,453753
69237.1,453753
69240.1,453753
69236.9,453753
69227.4,453753
69225.8,453753
69235.9,453753
69235.7,453753
69221.9,453753
69226.3,453753
69238,453753
69234.5,453753
69235.6,453753
69235.6,453753
69225.8,453753
69228.3,453753
69229.8,453753
69233.2,453753
69236.8,453753
69231.5,453753
69242.5,453753
69238.3,453753
69235,453753
69234.3,453753
69237.3,453753
69233.3,453753
69241.4,453753
69239.2,453753
69238.6,453753
69233.4,453753
69230.4,453753
69234.1,453753
69232.3,453753
69235.3,453753
69236.8,453753
69221.4,453753
69190.6,453753
69197.9,453753
69233.9,453753
69237,453753
69236.4,453753
69233,453753
69238.5,453753
69230.4,453753
69236.6,453753
69234.7,453753
69235.8,453753
69225.3,453753
69233.8,453753
69233.7,453753
69212.6,453753
69227.6,453753
69235.6,453753
69231.2,453753
69233.3,453753
69229.2,453753
69232,453753
69238.7,453753
69242.4,453753
69236.3,453753
69229.1,453753
69231.5,453753
69224.6,453753
69232.1,453753
69236.8,453753
69238.6,453753
69232.5,453753
69235.7,453753
69231.7,453753
69227.5,453753
69231,453753
69236.5,453753
69237,453753
69238.9,453753
69238,453753
69240.3,453753
69232.4,453753
69236.9,453753
69239.3,453753
69237.1,453753
69235.6,453753
69238.1,453753
69236.1,453753
69235.7,453753
69238.1,453753
69239.8,453753
69235.3,453753
69236.4,453753
69238.8,453753
69238.3,453753
69235.4,453753
69231.4,453753
69238,453753
69231.5,453753
69239.5,453753
69224.6,453753
69230.4,453753
69225.1,453753
69216.6,453753
69231.6,453753
69230.3,453753
69233.8,453753
69239.6,453753
69233.9,453753
69233.3,453753
69239,453753
69235,453753
69240.4,453753
69237,453753
69232.3,453753
69223.8,453753
69234.2,453753
69229.9,453753
69234,453753
69235.8,453753
69237,453753
69229.6,453753
69237.8,453753
69231.3,453753
69238.2,453753
69232.8,453753
69232.6,453753
69235.9,453753
69236,453753
69240.2,453753
69235.9,453753
69239,453753
69232,453753
69235.7,453753
69237.6,453753
69238.3,453753
69238.4,453753
69235.6,453753
69237.4,453753
69236.2,453753
69236.3,453753
69239.4,453753
69239.1,453753
69231.5,453753
69228.8,453753
69234.1,453753
69235.3,453753
69235.6,453753
69230.5,453753
69223.3,453753
69213.3,453753
69230.7,453753
69237.9,453753
69237.7,453753
69231.6,453753
69238,453753
69229.2,453753
69231.7,453753
69233.8,453753
69235.8,453753
69233.4,453753
69177.7,453753
69234.8,453753
69238.6,453753
69233,453753
69235.7,453753
69226.8,453753
69232.3,453753
69233.3,453753
69228,453753
69219.7,453753
69235,453753
69237.4,453753
69237.6,453753
69238.2,453753
69239.2,453753
69233.9,453753
69236.6,453753
69235.3,453753
69237,453753
69235.4,453753
69242.4,453753
69237.2,453753
69231.2,453753
69207.9,453753
69238.8,453753
69222.4,453753
69214.6,453753
69230.4,453753
69228.9,453753
69240.1,453753
69233.3,453753
69236.6,453753
69243.3,453753
69240.5,453753
69237.9,453753
69230.5,453753
69231.1,453753
69232.3,453753
69239.5,453753
69234.1,453753
69235.2,453753
69235.5,453753
69117.9,453753
68924.4,453753
69172.2,453753
69229.9,453753
69229,453753
69222.2,453753
69239.2,453753
69233.2,453753
69234.2,453753
69234,453753
69234.3,453753
69206,453753
69222.4,453753
69228,453753
69235.7,453753
69237.6,453753
69234.8,453753
69228.9,453753
69230,453753
69232.3,453753
69231.7,453753
69233.8,453753
69235.5,453753
69237.7,453753
69240.1,453753
69235,453753
69232,453753
69238.9,453753
69236.7,453753
69239,453753
69240,453753
69235.4,453753
69236.8,453753
69239.1,453753
69242.8,453753
69237.1,453753
69233.5,453753
69237.4,453753
69236.2,453753
69232.8,453753
69234.9,453753
69236.3,453753
69236.5,453753
69234,453753
69235.7,453753
69225,453753
69202.9,453753
69228.6,453753
69234.8,453753
69222.3,453753
69229.9,453753
69230.5,453753
69230.1,453753
69233.7,453753
69231.8,453753
69238.3,453753
69234.8,453753
69229.6,453753
69236.3,453753
69236.6,453753
69227.1,453753
69222.1,453753
69236.7,453753
69232.8,453753
69226.1,453753
69235.5,453753
69236.3,453753
69231.4,453753
69237.3,453753
69229.5,453753
69229.7,453753
69237.3,453753
69238.6,453753
69230.8,453753
69228.3,453753
69239.7,453753
69240.9,453753
69242.6,453753
69241.3,453753
69233.2,453753
69227.5,453753
69241.1,453753
69237,453753
69232.8,453753
69239.3,453753
69238.7,453753
69240.7,453753
69236.7,453753
69233.9,453753
69236.6,453753
69236.2,453753
69236.9,453753
69232.4,453753
69232.3,453753
69219.8,453753
69229.8,453753
69229.2,453753
69228.1,453753
69233.5,453753
69238.3,453753
69237.8,453753
69235,453753
69233.7,453753
69229.6,453753
69229.9,453753
69237.3,453753
69233.2,453753
69236.4,453753
69239.7,453753
69235.1,453753
69240,453753
69239.3,453753
69238.7,453753
69233.7,453753
69238.4,453753
69235,453753
69238,453753
69238.4,453753
69238.1,453753
69236.7,453753
69239.2,453753
69237.7,453753
69235.1,453753
69232.2,453753
69225.9,453753
69230.8,453753
69230.8,453753
69235.7,453753
69220.3,453753
69235.1,453753
69232.1,453753
69230.6,453753
69233.9,453753
69233.7,453753
69231.1,453753
69236.8,453753
69234.3,453753
69236.4,453753
69233.7,453753
69231.8,453753
69238.1,453753
69237.4,453753
69236.8,453753
69241.4,453753
69239,453753
69241.4,453753
69239.6,453753
69231.4,453753
69236.8,453753
69239.8,453753
69239.9,453753
69234.5,453753
69241.1,453753
69239.2,453753
69233.2,453753
69221.4,453753
69236.9,453753
69227.1,453753
69234.9,453753
69236.3,453753
69237.6,453753
69236.6,453753
69233.5,453753
69235.6,453753
69239.1,453753
69215.1,453753
69224.6,453753
69228.6,453753
69236.5,453753
69215.2,453753
69235.3,453753
69234.3,453753
69237.3,453753
69239.4,453753
69240.3,453753
69239.3,453753
69241.3,453753
69234,453753
69237,453753
69225.7,453753
69230.6,453753
69240.9,453753
69239.2,453753
69238.4,453753
69234,453753
69236,453753
69237.2,453753
69239.2,453753
69236.8,453753
69238,453753
69240.1,453753
69230.9,453753
69228.9,453753
69236.9,453753
69236,453753
69236.7,453753
69238,453753
69235.8,453753
69236.8,453753
69234.2,453753
69217.2,453753
69218.6,453753
69229.1,453753
69236.6,453753
69238.9,453753
69239.2,453753
69234.4,453753
69237,453753
69236.3,453753
69239.3,453753
69239.3,453753
69232.4,453753
69221.5,453753
69234.4,453753
69237.1,453753
69229.7,453753
69231.5,453753
69240.3,453753
69239.7,453753
69238.5,453753
69239,453753
69231.1,453753
69228.2,453753
69226.7,453753
69240.1,453753
69236.9,453753
69233.1,453753
69222,453753
69223.3,453753
69211.5,453753
69239.8,453753
69236.4,453753
69238.9,453753
69224.6,453753
69239.1,453753
69237.3,453753
69239.4,453753
69239.7,453753
69238.1,453753
69238.8,453753
69240.5,453753
69236.4,453753
69236.1,453753
69234.3,453753
69232,453753
69239.2,453753
69242.8,453753
69243.6,453753
69239.7,453753
69241.9,453753
69236.6,453753
69232.7,453753
69236,453753
69234,453753
69235.2,453753
69238,453753
69231.7,453753
69234.6,453753
69230.6,453753
69232,453753
69234.1,453753
69236.7,453753
69226.1,453753
69237.4,453753
69238.2,453753
69238.8,453753
69234.3,453753
69235.7,453753
69238.3,453753
69235.9,453753
69238.6,453753
69238.4,453753
69239,453753
69239.1,453753
69236.6,453753
69236.2,453753
69238.6,453753
69240.3,453753
69234.6,453753
69231,453753
69211.5,453753
69235.5,453753
69236.2,453753
69235.3,453753
69227.8,453753
69216.1,453753
69232.3,453753
69237.6,453753
69234.6,453753
69221.2,453753
69225.8,453753
69229.3,453753
69209.4,453753
69229.3,453753
69239,453753
69238.3,453753
69232.4,453753
69238.3,453753
69203.8,453753
69220.1,453753
69232.4,453753
69235,453753
69238.5,453753
69235.7,453753
69239.5,453753
69236.3,453753
69242.3,453753
69237.6,453753
69236.9,453753
69239,453753
69238,453753
69234.2,453753
69232.4,453753
69227.6,453753
69215.6,453753
69235.4,453753
69238,453753
69235.2,453753
69233.3,453753
69236.8,453753
69237.2,453753
69238.4,453753
69238.4,453753
69238.8,453753
69240.6,453753
69242.6,453753
69237.3,453753
69232.5,453753
69241,453753
69243.4,453753
69237.2,453753
69237.1,453753
69238.6,453753
69237.8,453753
69236.7,453753
69231.9,453753
69235.2,453753
69235.4,453753
69238.1,453753
69243.3,453753
69235.5,453753
69235.9,453753
69228.4,453753
69238.8,453753
69239.8,453753
69236.9,453753
69241.3,453753
69232.6,453753
69217.8,453753
69234.1,453753
69239.4,453753
69237.5,453753
69220.3,453753
69223.5,453753
69237.1,453753
69238.4,453753
69238.9,453753
69244.1,453546
