TRACE,NSNPS_JACKKNIFE
69161.8,453753
69161.2,453753
69159.5,453753
69161.1,453753
69158.4,453753
69161.7,453753
69155.6,453753
69157.3,453753
69160,453753
69154.8,453753
69158.8,453753
69153.8,453753
69162,453753
69157,453753
69163,453753
69158.1,453753
69154.5,453753
69145.9,453753
69147.2,453753
69153.6,453753
69159,453753
69162.4,453753
69157.8,453753
69161.5,453753
69163.8,453753
69158.6,453753
69152.8,453753
69152.4,453753
69157.6,453753
69158.9,453753
69156.1,453753
69156,453753
69155.7,453753
69154.2,453753
69157.3,453753
69159.7,453753
69158.5,453753
69156,453753
69157.3,453753
69159.6,453753
69159.7,453753
69161.3,453753
69154.8,453753
69150.2,453753
69147.7,453753
69154.5,453753
69160,453753
69160.4,453753
69162,453753
69161.9,453753
69160.7,453753
69148.7,453753
69154.2,453753
69156.2,453753
69154.1,453753
69157.5,453753
69158.4,453753
69150.7,453753
69151.1,453753
69150.2,453753
69158.3,453753
69161.7,453753
69158.6,453753
69156.4,453753
69157.6,453753
69155.9,453753
69159.9,453753
69156,453753
69153.9,453753
69154.4,453753
69142.7,453753
69157.7,453753
69162.2,453753
69161.8,453753
69161.6,453753
69160.6,453753
69160.9,453753
69158.5,453753
69163.4,453753
69160,453753
69152.6,453753
69160.9,453753
69161.9,453753
69164.8,453753
69164.2,453753
69161.7,453753
69161.3,453753
69160.5,453753
69157.9,453753
69159.5,453753
69154,453753
69150.9,453753
69157.6,453753
69130.7,453753
69157.4,453753
69155,453753
69160,453753
69157.1,453753
69161.1,453753
69162.8,453753
69153.9,453753
69155.6,453753
69152.2,453753
69149.7,453753
69151.3,453753
69149.6,453753
69158.2,453753
69158,453753
69159.6,453753
69156.7,453753
69164.1,453753
69158,453753
69155.5,453753
69149.1,453753
69146.6,453753
69150,453753
69157.4,453753
69158.5,453753
69156.4,453753
69150.7,453753
69151.4,453753
69160.7,453753
69153,453753
69156.1,453753
69159.2,453753
69155.2,453753
69154.2,453753
69154.2,453753
69150.2,453753
69157.3,453753
69153.6,453753
69154,453753
69154.6,453753
69158.9,453753
69153,453753
69160.9,453753
69160.7,453753
69157.7,453753
69154.5,453753
69158,453753
69145.8,453753
69141.9,453753
69155.6,453753
69150.8,453753
69150,453753
69147.1,453753
69157.7,453753
69156.1,453753
69156.8,453753
69159.4,453753
69157.4,453753
69159.6,453753
69159.6,453753
69156.1,453753
69157.1,453753
69158.3,453753
69161.8,453753
69161.5,453753
69161.7,453753
69158.8,453753
69159,453753
69160.5,453753
69161,453753
69162.4,453753
69165.4,453753
69161.7,453753
69159.4,453753
69158.9,453753
69158.7,453753
69157.4,453753
69153.5,453753
69159.2,453753
69158.2,453753
69156.8,453753
69161.3,453753
69154.6,453753
69157.4,453753
69153.9,453753
69151.3,453753
69155.9,453753
69155.5,453753
69116.1,453753
69118.1,453753
69159.1,453753
69155.8,453753
69162.6,453753
69160.2,453753
69161.9,453753
69160.3,453753
69158.3,453753
69160.7,453753
69162.6,453753
69146.7,453753
69139.1,453753
69139.8,453753
69135.4,453753
69144.7,453753
69153.8,453753
69159,453753
69156,453753
69152.6,453753
69158.6,453753
69155.7,453753
69148,453753
69159.5,453753
69157.4,453753
69151.6,453753
69160.7,453753
69157.3,453753
69152.1,453753
69157.9,453753
69159.6,453753
69159.6,453753
69160.3,453753
69155.6,453753
69157.9,453753
69142.5,453753
69142.4,453753
69149.4,453753
69143.3,453753
69164.2,453753
69164.2,453753
69156.7,453753
69161.8,453753
69152.2,453753
69161.1,453753
69162.1,453753
69161.2,453753
69161.7,453753
69163.4,453753
69158.6,453753
69152.4,453753
69151.9,453753
69162.6,453753
69164.2,453753
69161.9,453753
69159.7,453753
69155.9,453753
69152.5,453753
69159.6,453753
69157.2,453753
69159.1,453753
69161.1,453753
69158.3,453753
69157.2,453753
69156.7,453753
69158.6,453753
69161.3,453753
69159.4,453753
69153.1,453753
69144.6,453753
69158,453753
69155.8,453753
69154.3,453753
69154.5,453753
69154.9,453753
69160.9,453753
69151.7,453753
69151.9,453753
69156.7,453753
69161.6,453753
69151.5,453753
69139.9,453753
69155.4,453753
69155.8,453753
69152.5,453753
69152.3,453753
69135.2,453753
69158.8,453753
69157.3,453753
69158.8,453753
69143.4,453753
69155.1,453753
69157.1,453753
69152.5,453753
69150.9,453753
69159.4,453753
69156.9,453753
69154.8,453753
69150,453753
69157.1,453753
69155.6,453753
69158.5,453753
69157.7,453753
69154.6,453753
69157.7,453753
69159.8,453753
69156.8,453753
69157.2,453753
69161.8,453753
69163.6,453753
69162.6,453753
69160.1,453753
69160.7,453753
69160.5,453753
69162.4,453753
69156.8,453753
69158,453753
69162,453753
69159.8,453753
69164.5,453753
69162.1,453753
69162.8,453753
69159.5,453753
69162.4,453753
69163.1,453753
69158.1,453753
69160.8,453753
69156.8,453753
69162.4,453753
69162.4,453753
69157.8,453753
69149.8,453753
69136.2,453753
69131.7,453753
69152.3,453753
69159.8,453753
69151.1,453753
69156.7,453753
69156.6,453753
69159,453753
69158.5,453753
69158,453753
69158,453753
69154.1,453753
69151.6,453753
69152.2,453753
69155.2,453753
69155.3,453753
69155.2,453753
69135.6,453753
69156.3,453753
69154.5,453753
69159.6,453753
69159.9,453753
69160.3,453753
69153.7,453753
69158.6,453753
69159.1,453753
69151.9,453753
69146.6,453753
69159,453753
69140.6,453753
69133.7,453753
69158.3,453753
69151.3,453753
69157.6,453753
69153.5,453753
69154.4,453753
69127.2,453753
69159.3,453753
69159,453753
69160.7,453753
69162.7,453753
69162.8,453753
69160.2,453753
69164.5,453753
69161.9,453753
69160.5,453753
69158.4,453753
69161.6,453753
69161.8,453753
69160.6,453753
69158.1,453753
69157.2,453753
69158.5,453753
69155.4,453753
69158.2,453753
69158.5,453753
69158.7,453753
69161,453753
69156.1,453753
69158.9,453753
69156.3,453753
69156.6,453753
69156.8,453753
69152.1,453753
69135.6,453753
69151.2,453753
69147.2,453753
69119.4,453753
69139.7,453753
69150.5,453753
69155.7,453753
69153.5,453753
69144.1,453753
69145.6,453753
69145.4,453753
69151.3,453753
69158.7,453753
69155.3,453753
69148.3,453753
69154.2,453753
69158.5,453753
69152.8,453753
69149.9,453753
69155.5,453753
69146.1,453753
69148.9,453753
69157.8,453753
69156.3,453753
69157.4,453753
69159.8,453753
69156.4,453753
69161.2,453753
69137.6,453753
69154.4,453753
69154.4,453753
69157.5,453753
69161.3,453753
69159.4,453753
69160.2,453753
69155.7,453753
69158.9,453753
69161.7,453753
69161.5,453753
69161.2,453753
69158.1,453753
69152.8,453753
69156.4,453753
69159.8,453753
69160.5,453753
69161.8,453753
69153.2,453753
69159,453753
69159.1,453753
69157.2,453753
69157,453753
69151.4,453753
69156.3,453753
69162.8,453753
69163.3,453753
69140.9,453753
69158.5,453753
69160,453753
69157.9,453753
69157.8,453753
69156.9,453753
69156.7,453753
69151.9,453753
69154.7,453753
69146.1,453753
69123.5,453753
69154.8,453753
69154.2,453753
69159.1,453753
69162.7,453753
69162.1,453753
69154.9,453753
69152.6,453753
69158.3,453753
69160.2,453753
69146.1,453753
69156.4,453753
69159.7,453753
69156.3,453753
69160.6,453753
69157.9,453753
69152.4,453753
69149.6,453753
69149.4,453753
69155.1,453753
69160.8,453753
69154.3,453753
69162.6,453753
69161.1,453753
69157,453753
69158,453753
69162.3,453753
69156,453753
69162,453753
69165.6,453753
69160.8,453753
69151.6,453753
69152.1,453753
69158,453753
69156.3,453753
69159.8,453753
69159.3,453753
69145.1,453753
69113.3,453753
69122.8,453753
69153.5,453753
69159.4,453753
69160.6,453753
69155.3,453753
69160.6,453753
69154.4,453753
69162.4,453753
69161,453753
69161,453753
69150.9,453753
69156.7,453753
69157.4,453753
69136.2,453753
69151.5,453753
69158,453753
69156.2,453753
69158.7,453753
69153.1,453753
69155.8,453753
69161,453753
69163.7,453753
69158.1,453753
69153.5,453753
69153.6,453753
69148.9,453753
69154.9,453753
69155.1,453753
69163.1,453753
69153,453753
69157.1,453753
69153.7,453753
69142.6,453753
69148.2,453753
69160.2,453753
69158.6,453753
69160.7,453753
69160.2,453753
69163.4,453753
69158.1,453753
69160.3,453753
69159.9,453753
69158.3,453753
69163.2,453753
69160.8,453753
69158.7,453753
69156.1,453753
69163.1,453753
69163.8,453753
69160.3,453753
69160.1,453753
69161.8,453753
69159.9,453753
69157.4,453753
69153.6,453753
69161.7,453753
69156.6,453753
69159.1,453753
69149.8,453753
69156,453753
69141.8,453753
69136.9,453753
69155.8,453753
69159.8,453753
69159.5,453753
69162.1,453753
69157,453753
69159,453753
69158.7,453753
69159.5,453753
69162.7,453753
69158.2,453753
69152.6,453753
69146.1,453753
69158.3,453753
69156.9,453753
69151.8,453753
69158.5,453753
69157.7,453753
69156.9,453753
69159.6,453753
69157.6,453753
69159.5,453753
69161.5,453753
69154.5,453753
69157.7,453753
69159.5,453753
69162.8,453753
69157,453753
69162.9,453753
69155.6,453753
69159.2,453753
69159.1,453753
69162.5,453753
69158.9,453753
69157.7,453753
69157.4,453753
69158.4,453753
69158.7,453753
69161.2,453753
69160.8,453753
69154.9,453753
69156.3,453753
69159.7,453753
69159.3,453753
69160.8,453753
69151.5,453753
69145,453753
69143.9,453753
69155.9,453753
69158.4,453753
69160,453753
69150.5,453753
69155.8,453753
69150.5,453753
69157.6,453753
69155.3,453753
69157.3,453753
69153.1,453753
69125,453753
69160.6,453753
69160.2,453753
69157.6,453753
69160.2,453753
69152,453753
69154.8,453753
69160.2,453753
69153.8,453753
69146.3,453753
69157.6,453753
69159,453753
69159.6,453753
69159.7,453753
69161.5,453753
69159,453753
69159.2,453753
69161.5,453753
69161.8,453753
69160.6,453753
69163.4,453753
69157.9,453753
69152.5,453753
69133.5,453753
69161,453753
69149.8,453753
69141.7,453753
69152.6,453753
69151.8,453753
69164.2,453753
69159.2,453753
69160.3,453753
69161.8,453753
69163.1,453753
69161.5,453753
69154.3,453753
69154.2,453753
69157.4,453753
69162.6,453753
69156.4,453753
69156.3,453753
69157.7,453753
69033.5,453753
68865.9,453753
69095.5,453753
69150.3,453753
69154.4,453753
69151.5,453753
69158.2,453753
69152.7,453753
69157.3,453753
69161.5,453753
69154.1,453753
69128.3,453753
69152.5,453753
69155.3,453753
69158.3,453753
69163.2,453753
69158.2,453753
69152.3,453753
69149.6,453753
69151.5,453753
69155.7,453753
69158.1,453753
69157.6,453753
69159.8,453753
69163.2,453753
69162.9,453753
69154.3,453753
69164.6,453753
69161.8,453753
69163.2,453753
69163.6,453753
69156.2,453753
69161,453753
69160.9,453753
69162.9,453753
69157.5,453753
69151.6,453753
69159.6,453753
69160.5,453753
69160,453753
69161.3,453753
69157.7,453753
69162.3,453753
69154.7,453753
69155.5,453753
69146,453753
69124.7,453753
69151.3,453753
69157.7,453753
69151.1,453753
69151.4,453753
69152.6,453753
69153,453753
69149.1,453753
69159.5,453753
69159,453753
69159.9,453753
69158.7,453753
69160.3,453753
69157,453753
69150.3,453753
69147.3,453753
69159.3,453753
69154.4,453753
69150.2,453753
69160.9,453753
69160.9,453753
69157.1,453753
69157.6,453753
69149.6,453753
69153.9,453753
69159.6,453753
69161.5,453753
69151.1,453753
69147.3,453753
69163.4,453753
69162.9,453753
69163.4,453753
69160.5,453753
69156.6,453753
69151.1,453753
69163.7,453753
69159,453753
69157.3,453753
69165,453753
69160.8,453753
69161.6,453753
69158.6,453753
69159.7,453753
69159.2,453753
69156.8,453753
69158.4,453753
69157.7,453753
69152.5,453753
69145.7,453753
69155.6,453753
69153.4,453753
69155.6,453753
69156.3,453753
69164.5,453753
69157.1,453753
69156.2,453753
69157.4,453753
69152.9,453753
69157.9,453753
69159.7,453753
69157.8,453753
69156.9,453753
69159.2,453753
69161.1,453753
69162,453753
69162.5,453753
69162.7,453753
69158.6,453753
69162.4,453753
69156.8,453753
69159.6,453753
69159.4,453753
69161.1,453753
69159.8,453753
69162.6,453753
69164.3,453753
69157.1,453753
69155.1,453753
69147.6,453753
69153.4,453753
69158.4,453753
69162,453753
69140.7,453753
69161,453753
69153.4,453753
69158.7,453753
69154.7,453753
69153.7,453753
69154.3,453753
69160.5,453753
69156,453753
69157.8,453753
69155.3,453753
69158.4,453753
69157.3,453753
69156.1,453753
69155.6,453753
69164.2,453753
69159.6,453753
69162.6,453753
69162.9,453753
69152,453753
69160.3,453753
69164.6,453753
69162.3,453753
69160.5,453753
69163,453753
69162.9,453753
69158.3,453753
69151.2,453753
69160.1,453753
69151.7,453753
69158.1,453753
69155,453753
69163.2,453753
69158.2,453753
69154.4,453753
69157.9,453753
69161.9,453753
69139.4,453753
69148.1,453753
69153.4,453753
69157.2,453753
69138.3,453753
69158.5,453753
69156.3,453753
69160,453753
69162,453753
69160.3,453753
69161.6,453753
69159.3,453753
69161.2,453753
69161.6,453753
69156.8,453753
69155.2,453753
69165.2,453753
69160.2,453753
69161.5,453753
69159.1,453753
69161.2,453753
69159.2,453753
69160.8,453753
69157.9,453753
69159.8,453753
69161.5,453753
69154.4,453753
69151.1,453753
69162.4,453753
69161.3,453753
69160.9,453753
69156.5,453753
69158.2,453753
69158.6,453753
69156.9,453753
69141.6,453753
69148.4,453753
69157.8,453753
69157,453753
69158.5,453753
69163,453753
69158.8,453753
69162.3,453753
69160,453753
69162.6,453753
69160.4,453753
69156.3,453753
69148.3,453753
69163.2,453753
69159.6,453753
69156.1,453753
69153.6,453753
69159.3,453753
69162.6,453753
69165,453753
69158.8,453753
69153.7,453753
69149.1,453753
69152.8,453753
69163.5,453753
69161.5,453753
69153.1,453753
69138.9,453753
69146.8,453753
69137.3,453753
69162.3,453753
69154.7,453753
69161.7,453753
69149.8,453753
69159.5,453753
69162.4,453753
69163.6,453753
69162.4,453753
69162.9,453753
69163.1,453753
69163,453753
69160.3,453753
69161.6,453753
69156.1,453753
69155.3,453753
69162.1,453753
69163.6,453753
69165.8,453753
69162,453753
69163.2,453753
69161.6,453753
69155.2,453753
69161.6,453753
69161.3,453753
69158.1,453753
69158.3,453753
69157.3,453753
69158,453753
69155.3,453753
69157.1,453753
69159.8,453753
69155.9,453753
69148.4,453753
69160.6,453753
69160.4,453753
69162.2,453753
69157.9,453753
69153.9,453753
69164.1,453753
69161.8,453753
69158.9,453753
69157.3,453753
69162.5,453753
69162.8,453753
69158.6,453753
69161.9,453753
69165.1,453753
69159.5,453753
69158,453753
69153.6,453753
69130.5,453753
69160.2,453753
69159.2,453753
69159.1,453753
69151.9,453753
69136,453753
69152.6,453753
69162.1,453753
69156.6,453753
69142.2,453753
69152.3,453753
69151.8,453753
69127.8,453753
69152.9,453753
69163.4,453753
69163,453753
69156.1,453753
69163.7,453753
69133,453753
69145.2,453753
69154,453753
69156.1,453753
69161.8,453753
69154.8,453753
69164.2,453753
69164,453753
69165.8,453753
69159,453753
69157.7,453753
69163,453753
69158.3,453753
69156.8,453753
69151,453753
69142.8,453753
69143,453753
69156.7,453753
69161.3,453753
69157.6,453753
69150.4,453753
69158.8,453753
69159.3,453753
69159.4,453753
69162.9,453753
69164,453753
69164.8,453753
69163.3,453753
69159,453753
69160.2,453753
69163.5,453753
69162.9,453753
69161.8,453753
69159,453753
69161.7,453753
69161.8,453753
69156.9,453753
69158.1,453753
69161.7,453753
69158.3,453753
69164.6,453753
69162.2,453753
69158,453753
69155.7,453753
69149.2,453753
69162.3,453753
69160.9,453753
69159.7,453753
69161.6,453753
69161.2,453753
69145.1,453753
69156.7,453753
69160.1,453753
69160,453753
69146.2,453753
69153.5,453753
69163.9,453753
69160.5,453753
69162.4,453753
69163.6,453546
