TRACE,NSNPS_JACKKNIFE
69264.8,453753
69263.9,453753
69261.3,453753
69260.7,453753
69261.1,453753
69264.4,453753
69255,453753
69259.4,453753
69262.3,453753
69258.3,453753
69258.8,453753
69252.1,453753
69263.7,453753
69260,453753
69259.8,453753
69262.1,453753
69258.9,453753
69246.1,453753
69248.6,453753
69257,453753
69259.7,453753
69263,453753
69257.1,453753
69260.6,453753
69262,453753
69262.8,453753
69254.2,453753
69255,453753
69257.4,453753
69261.6,453753
69255.4,453753
69259.4,453753
69257.8,453753
69257.9,453753
69259.7,453753
69261.1,453753
69258.2,453753
69255.5,453753
69259.1,453753
69262.5,453753
69259.7,453753
69262.5,453753
69254.6,453753
69247.1,453753
69252.6,453753
69257,453753
69258.2,453753
69258,453753
69261.8,453753
69260.4,453753
69261.1,453753
69254.8,453753
69256.2,453753
69258.1,453753
69251,453753
69261.2,453753
69261.9,453753
69251.5,453753
69255.4,453753
69251.5,453753
69259.1,453753
69264.6,453753
69262,453753
69260.4,453753
69255.8,453753
69259.5,453753
69256.4,453753
69255.7,453753
69256.5,453753
69252.2,453753
69247.7,453753
69259.3,453753
69261.5,453753
69262.7,453753
69263.5,453753
69263.7,453753
69266.8,453753
69262,453753
69264.6,453753
69261.9,453753
69249.6,453753
69257.6,453753
69263.4,453753
69263.7,453753
69262.6,453753
69262.3,453753
69261.7,453753
69264.6,453753
69259.4,453753
69259.5,453753
69251.5,453753
69256.4,453753
69259.1,453753
69226.4,453753
69261.6,453753
69254.3,453753
69261.7,453753
69259.9,453753
69262.5,453753
69261.8,453753
69252.8,453753
69261,453753
69251.6,453753
69244.8,453753
69253.9,453753
69254.4,453753
69260.5,453753
69258.8,453753
69258.5,453753
69261.1,453753
69264.7,453753
69256.9,453753
69252.2,453753
69249.1,453753
69250.8,453753
69252,453753
69259.5,453753
69260.7,453753
69253.6,453753
69252.5,453753
69251.9,453753
69263.2,453753
69258.4,453753
69259.9,453753
69261,453753
69261.4,453753
69254.5,453753
69257.2,453753
69255.8,453753
69257.8,453753
69254,453753
69255.5,453753
69253.6,453753
69258.6,453753
69255.6,453753
69257.5,453753
69261.7,453753
69263.6,453753
69251.6,453753
69258.5,453753
69238.4,453753
69236.8,453753
69257.1,453753
69255.1,453753
69252.4,453753
69253.2,453753
69257.7,453753
69256.2,453753
69260.3,453753
69258.3,453753
69263.2,453753
69261.1,453753
69262,453753
69261.7,453753
69260.8,453753
69259.8,453753
69260.7,453753
69265,453753
69261.5,453753
69262.2,453753
69258.8,453753
69259.6,453753
69263,453753
69264.3,453753
69265.9,453753
69263.4,453753
69264.1,453753
69262.9,453753
69261.6,453753
69259.8,453753
69255.8,453753
69258.8,453753
69260.6,453753
69259,453753
69259.5,453753
69257.4,453753
69259,453753
69256.3,453753
69257,453753
69256.7,453753
69256.4,453753
69210,453753
69221.8,453753
69259.7,453753
69258.3,453753
69264.8,453753
69264.6,453753
69262.3,453753
69262.6,453753
69258.7,453753
69266.9,453753
69264.4,453753
69251.6,453753
69241.3,453753
69247,453753
69237.6,453753
69240.3,453753
69252.1,453753
69261.6,453753
69256.7,453753
69260.1,453753
69263.3,453753
69262.7,453753
69250.3,453753
69259.4,453753
69258.3,453753
69255.7,453753
69257.6,453753
69252.4,453753
69255.3,453753
69258,453753
69259.7,453753
69261.2,453753
69260.1,453753
69253.5,453753
69252.9,453753
69240.6,453753
69244,453753
69253.2,453753
69245.7,453753
69265.5,453753
69261,453753
69258.5,453753
69260.3,453753
69257.4,453753
69263.9,453753
69264,453753
69263.5,453753
69263,453753
69262.5,453753
69256.1,453753
69251.4,453753
69252.4,453753
69264.1,453753
69263.8,453753
69262.1,453753
69256.7,453753
69256.8,453753
69250.4,453753
69259.6,453753
69255.8,453753
69262.3,453753
69265.2,453753
69259.6,453753
69257.4,453753
69258.4,453753
69258.2,453753
69259.6,453753
69260,453753
69249.3,453753
69248.1,453753
69257.8,453753
69258.4,453753
69257.1,453753
69260.4,453753
69253.5,453753
69257.9,453753
69257.7,453753
69248.1,453753
69259,453753
69259.9,453753
69255.8,453753
69238.6,453753
69254.7,453753
69257.2,453753
69253.9,453753
69257.7,453753
69244.6,453753
69258.7,453753
69260.9,453753
69259.4,453753
69248.4,453753
69254.4,453753
69256.2,453753
69255.4,453753
69251,453753
69260.3,453753
69260.8,453753
69256.1,453753
69250.6,453753
69256.6,453753
69254.1,453753
69260.9,453753
69258.9,453753
69253.6,453753
69258.7,453753
69261.6,453753
69257.1,453753
69257.8,453753
69263.5,453753
69264,453753
69262.4,453753
69264.6,453753
69260.6,453753
69262.4,453753
69262.2,453753
69258.1,453753
69258.4,453753
69263.8,453753
69261.6,453753
69262.5,453753
69262.6,453753
69267.4,453753
69261.2,453753
69261.5,453753
69262.1,453753
69257.4,453753
69262.2,453753
69260.3,453753
69263.3,453753
69262.5,453753
69260.9,453753
69250.4,453753
69235.2,453753
69228.5,453753
69251.9,453753
69260.8,453753
69251.5,453753
69256,453753
69255.3,453753
69260.1,453753
69258.1,453753
69258.3,453753
69258.6,453753
69254.9,453753
69252,453753
69254.2,453753
69259.7,453753
69257.6,453753
69258.8,453753
69237.2,453753
69259.9,453753
69261.2,453753
69259.6,453753
69257.4,453753
69260.4,453753
69252.8,453753
69258.6,453753
69260.6,453753
69256.4,453753
69245.2,453753
69258.5,453753
69239.3,453753
69237.8,453753
69257.5,453753
69250.3,453753
69262.4,453753
69253.7,453753
69257.8,453753
69216.6,453753
69258.8,453753
69259.9,453753
69261.1,453753
69264,453753
69264.5,453753
69264.3,453753
69265.1,453753
69265.6,453753
69262.4,453753
69262.3,453753
69263.8,453753
69263.6,453753
69261.9,453753
69259.4,453753
69259.3,453753
69264.2,453753
69258,453753
69262.5,453753
69258.4,453753
69261.5,453753
69259.7,453753
69256.8,453753
69257,453753
69256.9,453753
69257.9,453753
69260.8,453753
69255.7,453753
69244.1,453753
69252.4,453753
69252.9,453753
69226.9,453753
69244.5,453753
69249.5,453753
69257.5,453753
69253.4,453753
69246,453753
69248.7,453753
69241.8,453753
69254.9,453753
69261,453753
69258.9,453753
69256.1,453753
69253.8,453753
69257,453753
69256.8,453753
69252,453753
69256.4,453753
69248.1,453753
69247.5,453753
69261.3,453753
69259.8,453753
69262.6,453753
69261.6,453753
69256.7,453753
69262.4,453753
69234.1,453753
69257.7,453753
69257.5,453753
69256.9,453753
69260.3,453753
69260,453753
69262.8,453753
69261.3,453753
69262.1,453753
69261.9,453753
69263,453753
69260.6,453753
69259.4,453753
69254,453753
69255.8,453753
69258.4,453753
69257.3,453753
69261.4,453753
69257.3,453753
69260.5,453753
69260,453753
69262.8,453753
69257.8,453753
69253.7,453753
69259.3,453753
69259.2,453753
69261.5,453753
69245.5,453753
69257.2,453753
69259.4,453753
69258.2,453753
69260.1,453753
69259.3,453753
69255.6,453753
69257,453753
69251.3,453753
69247.2,453753
69221.3,453753
69254.5,453753
69257.8,453753
69262.8,453753
69264.4,453753
69262.8,453753
69253.4,453753
69248.6,453753
69257,453753
69258.4,453753
69250.3,453753
69251.2,453753
69260.7,453753
69257.5,453753
69260.3,453753
69258.1,453753
69256.6,453753
69252.4,453753
69251.4,453753
69253.4,453753
69262,453753
69255,453753
69262.7,453753
69262,453753
69259.8,453753
69260,453753
69263.5,453753
69255.1,453753
69265.5,453753
69267.1,453753
69263.1,453753
69259.1,453753
69253.6,453753
69258,453753
69258.4,453753
69260.7,453753
69262.8,453753
69246.6,453753
69217.1,453753
69227.6,453753
69256.8,453753
69257.8,453753
69261.5,453753
69257.6,453753
69257.1,453753
69250.2,453753
69263.7,453753
69262.5,453753
69263.7,453753
69257.6,453753
69257.2,453753
69259.8,453753
69238.3,453753
69255.6,453753
69257.6,453753
69255.7,453753
69260.9,453753
69254.7,453753
69258.3,453753
69257.5,453753
69262.9,453753
69256.6,453753
69256.5,453753
69255.3,453753
69254.9,453753
69256.9,453753
69258.7,453753
69264.6,453753
69257.8,453753
69258.6,453753
69255.5,453753
69248.4,453753
69250.5,453753
69258.5,453753
69260.8,453753
69260.7,453753
69262.1,453753
69262.2,453753
69256.5,453753
69261.8,453753
69261.4,453753
69258.2,453753
69262.4,453753
69259.6,453753
69259.1,453753
69261,453753
69262.8,453753
69264.3,453753
69262.9,453753
69260.1,453753
69263.1,453753
69264.4,453753
69261,453753
69253.9,453753
69261.2,453753
69255.9,453753
69261.1,453753
69251.7,453753
69258.4,453753
69241,453753
69234,453753
69257.9,453753
69255.3,453753
69257.4,453753
69262.7,453753
69257.1,453753
69259.7,453753
69261,453753
69260.2,453753
69263.8,453753
69260.1,453753
69250.3,453753
69247.3,453753
69258.5,453753
69257.7,453753
69260,453753
69260.3,453753
69258.9,453753
69255.2,453753
69257.4,453753
69254.3,453753
69260.6,453753
69256.3,453753
69256,453753
69259.2,453753
69261.5,453753
69261.4,453753
69257.3,453753
69265,453753
69257.6,453753
69257.9,453753
69264.5,453753
69261,453753
69258.8,453753
69258.7,453753
69259.2,453753
69259.9,453753
69262.9,453753
69259.7,453753
69261.2,453753
69254.6,453753
69256.3,453753
69259.2,453753
69257.6,453753
69261.5,453753
69257.4,453753
69246.9,453753
69241.7,453753
69259.1,453753
69257.4,453753
69262.1,453753
69254.6,453753
69259.3,453753
69257.6,453753
69256,453753
69254.9,453753
69260.6,453753
69256,453753
69202.9,453753
69262.1,453753
69259.7,453753
69257.6,453753
69258.6,453753
69255.1,453753
69257,453753
69258.5,453753
69256.9,453753
69247.9,453753
69256.2,453753
69255.6,453753
69263.8,453753
69262.1,453753
69263.3,453753
69258.5,453753
69259.7,453753
69261.2,453753
69263.5,453753
69260.4,453753
69265.7,453753
69258.8,453753
69257.6,453753
69228.5,453753
69262,453753
69249.1,453753
69245.6,453753
69253.5,453753
69253.8,453753
69263.1,453753
69255.1,453753
69260.9,453753
69264.8,453753
69265.5,453753
69263.9,453753
69255.4,453753
69255.1,453753
69259.1,453753
69264.4,453753
69256.8,453753
69259.8,453753
69258.2,453753
69141.9,453753
68959.2,453753
69206.4,453753
69255.4,453753
69251.9,453753
69251.3,453753
69261,453753
69255,453753
69261.2,453753
69263.3,453753
69255.9,453753
69236.5,453753
69249.5,453753
69253.5,453753
69258.3,453753
69264.9,453753
69259.2,453753
69252.8,453753
69249.8,453753
69254,453753
69257.4,453753
69259,453753
69260.1,453753
69261.8,453753
69263.2,453753
69261.9,453753
69250.8,453753
69263.7,453753
69262.2,453753
69261.6,453753
69263.8,453753
69259.4,453753
69262.4,453753
69262.5,453753
69263.6,453753
69261.8,453753
69258.5,453753
69260.3,453753
69259.5,453753
69259.4,453753
69259.4,453753
69262,453753
69260.4,453753
69260.1,453753
69260,453753
69245.6,453753
69226,453753
69256.3,453753
69256.5,453753
69243.5,453753
69252.9,453753
69256,453753
69255.7,453753
69255.9,453753
69258.9,453753
69262.7,453753
69260.5,453753
69257.2,453753
69261.1,453753
69258.4,453753
69250.6,453753
69249.5,453753
69260.9,453753
69263,453753
69250.1,453753
69262.6,453753
69261.5,453753
69263.1,453753
69260.4,453753
69255.8,453753
69257.4,453753
69261.1,453753
69265.2,453753
69255.7,453753
69250.6,453753
69264.9,453753
69266.4,453753
69264.5,453753
69264.9,453753
69258.6,453753
69251.5,453753
69266.4,453753
69262.3,453753
69260.5,453753
69262.5,453753
69263.8,453753
69262.3,453753
69260,453753
69263.1,453753
69262.4,453753
69261.2,453753
69260,453753
69251.6,453753
69261.7,453753
69248.6,453753
69256.5,453753
69251.8,453753
69252,453753
69259,453753
69264.3,453753
69262.4,453753
69257.2,453753
69256.5,453753
69254.1,453753
69256.3,453753
69264.1,453753
69257,453753
69259.9,453753
69263.5,453753
69263.2,453753
69267.6,453753
69262,453753
69264,453753
69257.7,453753
69259.3,453753
69260.2,453753
69266.2,453753
69263.5,453753
69261.2,453753
69261.8,453753
69262.7,453753
69265.5,453753
69258,453753
69255,453753
69253.1,453753
69253.2,453753
69258.4,453753
69260.1,453753
69246,453753
69260.6,453753
69255.6,453753
69258.3,453753
69255.5,453753
69258.2,453753
69254.1,453753
69263,453753
69257.4,453753
69258.4,453753
69258,453753
69261.4,453753
69261.4,453753
69263.2,453753
69260,453753
69265,453753
69264.8,453753
69262.9,453753
69262,453753
69253.3,453753
69258.6,453753
69264.7,453753
69264.6,453753
69260.6,453753
69265.5,453753
69263.5,453753
69258.4,453753
69247.7,453753
69258.5,453753
69252.6,453753
69257.5,453753
69259.7,453753
69260.5,453753
69260.5,453753
69255,453753
69257.5,453753
69264.5,453753
69241.8,453753
69252.6,453753
69254.2,453753
69257.8,453753
69232.9,453753
69258.6,453753
69259,453753
69262.3,453753
69265.3,453753
69262.9,453753
69265.9,453753
69263.2,453753
69260.4,453753
69263.9,453753
69254.6,453753
69254.1,453753
69263.3,453753
69262.4,453753
69260.4,453753
69261.2,453753
69262,453753
69262.5,453753
69265.4,453753
69259.3,453753
69262.6,453753
69262.5,453753
69255.1,453753
69254,453753
69264.7,453753
69261.6,453753
69265.6,453753
69260.5,453753
69260.1,453753
69259.7,453753
69257.6,453753
69243.2,453753
69246.9,453753
69255.7,453753
69258.3,453753
69263.5,453753
69262.1,453753
69262.7,453753
69260.9,453753
69262.9,453753
69262.9,453753
69264,453753
69257.8,453753
69250.7,453753
69262.6,453753
69262,453753
69257.5,453753
69255.9,453753
69265.4,453753
69263.4,453753
69265.8,453753
69262.4,453753
69254.8,453753
69249.4,453753
69253.9,453753
69263.9,453753
69259.6,453753
69255.5,453753
69240.8,453753
69248,453753
69236.3,453753
69257.8,453753
69257.3,453753
69265.6,453753
69252.5,453753
69259.1,453753
69264.5,453753
69261.3,453753
69260.4,453753
69263.6,453753
69259.6,453753
69261.8,453753
69260.2,453753
69263.5,453753
69255.1,453753
69259.3,453753
69265,453753
69266.8,453753
69266.8,453753
69261.9,453753
69264,453753
69262,453753
69256.4,453753
69260.5,453753
69259.8,453753
69261.6,453753
69258.1,453753
69258.1,453753
69255.5,453753
69252.4,453753
69255.8,453753
69260,453753
69257.5,453753
69251.7,453753
69259.5,453753
69261.8,453753
69261.3,453753
69261.2,453753
69259,453753
69263.6,453753
69261.4,453753
69265.5,453753
69263.2,453753
69264.9,453753
69261.3,453753
69258.7,453753
69262.4,453753
69265.5,453753
69258.8,453753
69260.5,453753
69253,453753
69241.1,453753
69259.2,453753
69256.5,453753
69258.9,453753
69254.3,453753
69239.9,453753
69260.5,453753
69262.4,453753
69258.7,453753
69245.8,453753
69251.9,453753
69248.6,453753
69231.5,453753
69255,453753
69258.9,453753
69263,453753
69258.5,453753
69265.1,453753
69231.9,453753
69250,453753
69256.8,453753
69257.3,453753
69265.6,453753
69259.1,453753
69263.7,453753
69263.7,453753
69262.5,453753
69263.3,453753
69261.9,453753
69260.9,453753
69260.7,453753
69259.3,453753
69256.4,453753
69243.8,453753
69238.1,453753
69258.5,453753
69259,453753
69262.4,453753
69255.8,453753
69256.3,453753
69259.8,453753
69263.4,453753
69264.2,453753
69264.5,453753
69264.3,453753
69265.4,453753
69260.7,453753
69256.7,453753
69264.2,453753
69261.6,453753
69264.2,453753
69261.1,453753
69262.1,453753
69258.2,453753
69259.1,453753
69260.4,453753
69259.3,453753
69254.9,453753
69261.7,453753
69264.6,453753
69258.6,453753
69259.1,453753
69254.2,453753
69261.9,453753
69263.6,453753
69258.1,453753
69262.4,453753
69260,453753
69245.8,453753
69255.9,453753
69262.2,453753
69261.3,453753
69247.8,453753
69250.7,453753
69265.3,453753
69259.8,453753
69264.1,453753
69266.4,453546
