TRACE,NSNPS_JACKKNIFE
69259.5,453753
69254.9,453753
69251.7,453753
69253.3,453753
69250.1,453753
69255.7,453753
69250.3,453753
69250.4,453753
69253.7,453753
69245.6,453753
69252.7,453753
69248.5,453753
69256.1,453753
69250.6,453753
69256.8,453753
69253.2,453753
69249.5,453753
69235.3,453753
69237,453753
69246.5,453753
69255.2,453753
69254.5,453753
69251.4,453753
69253.6,453753
69252.4,453753
69251.8,453753
69246.7,453753
69244.6,453753
69252,453753
69252.2,453753
69251.8,453753
69248.2,453753
69251.5,453753
69250.1,453753
69253.6,453753
69250.5,453753
69251.3,453753
69247,453753
69249.9,453753
69253.8,453753
69255.5,453753
69253.2,453753
69252.1,453753
69240.8,453753
69242.8,453753
69247.4,453753
69253.4,453753
69251.9,453753
69254,453753
69255.9,453753
69252.3,453753
69239.7,453753
69249.4,453753
69246.5,453753
69243.9,453753
69250.2,453753
69250.4,453753
69242.1,453753
69247,453753
69246.9,453753
69249.3,453753
69255.6,453753
69254,453753
69250,453753
69248.9,453753
69251.5,453753
69253.7,453753
69248.8,453753
69246.2,453753
69246.3,453753
69237,453753
69252.2,453753
69254.6,453753
69257.2,453753
69256,453753
69254,453753
69255.1,453753
69253.8,453753
69255.4,453753
69247.9,453753
69242.8,453753
69251.9,453753
69255.9,453753
69257.4,453753
69257.2,453753
69253.8,453753
69254,453753
69255.4,453753
69253.5,453753
69252.3,453753
69244.6,453753
69242,453753
69251.6,453753
69223.4,453753
69250.5,453753
69248.6,453753
69254.4,453753
69250.9,453753
69248.5,453753
69254.9,453753
69248.4,453753
69248.7,453753
69246.8,453753
69242.3,453753
69246.3,453753
69246,453753
69253.8,453753
69253.5,453753
69250.3,453753
69250.9,453753
69250.3,453753
69245.9,453753
69244.5,453753
69240.5,453753
69240.7,453753
69243.9,453753
69249.7,453753
69251.1,453753
69250.3,453753
69245.4,453753
69247.1,453753
69255.6,453753
69246.4,453753
69250.4,453753
69251.2,453753
69249.4,453753
69245.4,453753
69252.8,453753
69247.3,453753
69254.5,453753
69244.1,453753
69251.5,453753
69251.6,453753
69252.2,453753
69243.2,453753
69251.1,453753
69253.1,453753
69251.9,453753
69243.8,453753
69253.1,453753
69237.5,453753
69235.7,453753
69251.7,453753
69246.1,453753
69243.8,453753
69248,453753
69250.7,453753
69251.3,453753
69252.9,453753
69252.2,453753
69253,453753
69254.3,453753
69251.6,453753
69252.4,453753
69255,453753
69251.3,453753
69253.5,453753
69253.1,453753
69254.4,453753
69253,453753
69250.8,453753
69251.5,453753
69256.3,453753
69254.7,453753
69255,453753
69254.6,453753
69252.9,453753
69252.3,453753
69252.9,453753
69249.7,453753
69248.4,453753
69249.9,453753
69251.7,453753
69254,453753
69254.8,453753
69252.5,453753
69256.4,453753
69251,453753
69248.3,453753
69248.6,453753
69244.1,453753
69202.3,453753
69212.6,453753
69253.4,453753
69248.1,453753
69256.3,453753
69254.7,453753
69254,453753
69255.4,453753
69253.2,453753
69257.5,453753
69254.3,453753
69244.3,453753
69233.4,453753
69231,453753
69225.3,453753
69231.9,453753
69244.8,453753
69256,453753
69247.4,453753
69250.7,453753
69251.2,453753
69250,453753
69239.6,453753
69252.9,453753
69250.8,453753
69250.9,453753
69252.1,453753
69243.5,453753
69238.6,453753
69249,453753
69252.3,453753
69252.5,453753
69252.5,453753
69246.8,453753
69248.2,453753
69231.1,453753
69229,453753
69243.8,453753
69238.8,453753
69258,453753
69254.6,453753
69252.8,453753
69252.2,453753
69251.8,453753
69256.2,453753
69256.4,453753
69254.7,453753
69257,453753
69256.4,453753
69251.6,453753
69247.9,453753
69243.9,453753
69254.4,453753
69257.6,453753
69253.4,453753
69247.7,453753
69249.5,453753
69246.7,453753
69252,453753
69247.4,453753
69252.1,453753
69255.9,453753
69256.2,453753
69250.2,453753
69250.7,453753
69253.1,453753
69252.1,453753
69249.3,453753
69244.8,453753
69244.9,453753
69250.5,453753
69250.4,453753
69247.4,453753
69249.8,453753
69247,453753
69252.5,453753
69251.1,453753
69245.4,453753
69248.9,453753
69254.7,453753
69245.5,453753
69224.2,453753
69250.1,453753
69248,453753
69246,453753
69247.7,453753
69230.3,453753
69252.7,453753
69251.3,453753
69244.8,453753
69236.9,453753
69249.4,453753
69246.8,453753
69247.8,453753
69242.1,453753
69253.9,453753
69253.1,453753
69251.6,453753
69242.3,453753
69249.5,453753
69248.1,453753
69255.6,453753
69251.6,453753
69246.5,453753
69250.9,453753
69256,453753
69248.9,453753
69251.7,453753
69253.4,453753
69256,453753
69254.8,453753
69255.9,453753
69253.1,453753
69258.2,453753
69254.3,453753
69251.3,453753
69248.3,453753
69260.4,453753
69254.6,453753
69253.5,453753
69256.7,453753
69259,453753
69253.4,453753
69253.2,453753
69252.8,453753
69250.7,453753
69252,453753
69253,453753
69255,453753
69254.2,453753
69251.3,453753
69244.2,453753
69232.1,453753
69227.9,453753
69245.7,453753
69253,453753
69246.3,453753
69249.4,453753
69247.2,453753
69252.9,453753
69252.7,453753
69252.1,453753
69252.1,453753
69249.1,453753
69242.4,453753
69247.1,453753
69247.7,453753
69248.8,453753
69246,453753
69224.4,453753
69250.3,453753
69250.9,453753
69251.3,453753
69252.8,453753
69254.2,453753
69246.2,453753
69253.8,453753
69251,453753
69246.2,453753
69245,453753
69251.1,453753
69239.1,453753
69237.6,453753
69250.2,453753
69244.2,453753
69253.2,453753
69245.5,453753
69252.8,453753
69226.6,453753
69249.7,453753
69254.5,453753
69255.4,453753
69257,453753
69254.6,453753
69254.5,453753
69258.3,453753
69257.6,453753
69252.7,453753
69253.1,453753
69253.3,453753
69256.1,453753
69252.9,453753
69252.9,453753
69249.4,453753
69256.2,453753
69252.8,453753
69254.7,453753
69250,453753
69251.3,453753
69252,453753
69250.3,453753
69250.2,453753
69251.8,453753
69250.1,453753
69252.2,453753
69244.7,453753
69230.3,453753
69246.4,453753
69239.2,453753
69214.5,453753
69234.7,453753
69241,453753
69250.8,453753
69246.8,453753
69240.4,453753
69238.7,453753
69234.5,453753
69248.7,453753
69250,453753
69252.6,453753
69247.1,453753
69243,453753
69253.1,453753
69250.3,453753
69244.4,453753
69246.4,453753
69234.3,453753
69239.2,453753
69251.5,453753
69249.7,453753
69251.7,453753
69253.3,453753
69249.4,453753
69257.8,453753
69230.8,453753
69251.1,453753
69250.7,453753
69249.5,453753
69253.5,453753
69254.4,453753
69256.5,453753
69252.6,453753
69254.6,453753
69257.9,453753
69254.8,453753
69254.5,453753
69251.8,453753
69242.8,453753
69248,453753
69251.1,453753
69253.5,453753
69251.7,453753
69245.5,453753
69255.9,453753
69252,453753
69253.6,453753
69250.8,453753
69242.8,453753
69249,453753
69248.9,453753
69253.9,453753
69235.1,453753
69251.2,453753
69252.6,453753
69250.2,453753
69252.6,453753
69250,453753
69251.4,453753
69249.5,453753
69248.5,453753
69241,453753
69211.4,453753
69245,453753
69250.5,453753
69253.6,453753
69255.5,453753
69255.2,453753
69246.2,453753
69245.2,453753
69251.8,453753
69253.3,453753
69241.4,453753
69245.3,453753
69256.5,453753
69249.9,453753
69251.4,453753
69252.4,453753
69246.5,453753
69243.9,453753
69242.3,453753
69247.6,453753
69253.2,453753
69245.6,453753
69254.3,453753
69254.6,453753
69252.1,453753
69252,453753
69255.6,453753
69252.8,453753
69257.6,453753
69257.7,453753
69253.6,453753
69249.1,453753
69247.3,453753
69251.9,453753
69249.2,453753
69254.1,453753
69252.4,453753
69238.5,453753
69199,453753
69213,453753
69250,453753
69252.5,453753
69255.1,453753
69256,453753
69250.4,453753
69243.4,453753
69254,453753
69251.3,453753
69252.8,453753
69248.6,453753
69249.4,453753
69250.4,453753
69233.5,453753
69246.1,453753
69248.6,453753
69250.9,453753
69250.8,453753
69247.7,453753
69252.1,453753
69254.9,453753
69255.6,453753
69245.6,453753
69245.9,453753
69247.7,453753
69246.8,453753
69243.9,453753
69247.9,453753
69254,453753
69248.5,453753
69249.6,453753
69249.2,453753
69245.6,453753
69241.9,453753
69251.8,453753
69253.2,453753
69253.7,453753
69252.1,453753
69255.4,453753
69250.6,453753
69253.6,453753
69253,453753
69252.1,453753
69255.1,453753
69253.7,453753
69251,453753
69252.5,453753
69255.8,453753
69255.2,453753
69251.5,453753
69251.7,453753
69255.1,453753
69253.3,453753
69252.6,453753
69246.7,453753
69252.4,453753
69250.5,453753
69256.5,453753
69244.1,453753
69250.8,453753
69240.4,453753
69235.6,453753
69250.4,453753
69248.8,453753
69251.2,453753
69254.2,453753
69250.1,453753
69251.1,453753
69253.8,453753
69253.1,453753
69254.3,453753
69254,453753
69243.3,453753
69245.4,453753
69250.5,453753
69247.8,453753
69245.1,453753
69252.6,453753
69247.6,453753
69245.4,453753
69250.6,453753
69250.2,453753
69250.5,453753
69247.6,453753
69247.6,453753
69254.6,453753
69251.4,453753
69254.8,453753
69253.2,453753
69259,453753
69247.5,453753
69249.8,453753
69254,453753
69256.5,453753
69252.2,453753
69249.6,453753
69254.8,453753
69257.6,453753
69253.3,453753
69249.8,453753
69255.3,453753
69250,453753
69248.1,453753
69249.6,453753
69248.9,453753
69256.4,453753
69248.1,453753
69243,453753
69229.6,453753
69245.5,453753
69252,453753
69251.9,453753
69243.6,453753
69249,453753
69243.9,453753
69250.9,453753
69247.6,453753
69253.4,453753
69245.9,453753
69203.5,453753
69254.1,453753
69252,453753
69250,453753
69251.3,453753
69244.7,453753
69245.7,453753
69250.3,453753
69246.2,453753
69239.3,453753
69249.3,453753
69247,453753
69256.2,453753
69252.7,453753
69256.4,453753
69250.2,453753
69252.8,453753
69254.4,453753
69254.9,453753
69256,453753
69256.7,453753
69248.7,453753
69251.9,453753
69232.9,453753
69252.7,453753
69240.9,453753
69237.4,453753
69250,453753
69249.2,453753
69257.1,453753
69252.7,453753
69250.6,453753
69257.6,453753
69257,453753
69251.5,453753
69251.2,453753
69250.2,453753
69254.7,453753
69254.1,453753
69249.5,453753
69250.3,453753
69250.4,453753
69155.3,453753
69019.8,453753
69204.4,453753
69246,453753
69248.1,453753
69239.2,453753
69252.1,453753
69241.5,453753
69249.9,453753
69253.9,453753
69250.1,453753
69226,453753
69243.4,453753
69242,453753
69250.9,453753
69253,453753
69250.6,453753
69246.8,453753
69242.3,453753
69244.3,453753
69247,453753
69254.5,453753
69250.9,453753
69253.6,453753
69255.5,453753
69254.5,453753
69245.4,453753
69255.1,453753
69254.6,453753
69254.6,453753
69255.2,453753
69251.4,453753
69251.6,453753
69253.7,453753
69255.5,453753
69254.1,453753
69249.5,453753
69251.8,453753
69250.2,453753
69250.5,453753
69251.4,453753
69252,453753
69254,453753
69249.1,453753
69252.4,453753
69239,453753
69218,453753
69247.8,453753
69252.6,453753
69243.2,453753
69243,453753
69245.3,453753
69247.1,453753
69249.7,453753
69254.2,453753
69254.3,453753
69253,453753
69251,453753
69252.2,453753
69250.7,453753
69240.5,453753
69244.6,453753
69250.6,453753
69245.7,453753
69245.8,453753
69253.1,453753
69250.9,453753
69254.6,453753
69253.7,453753
69244.8,453753
69249.5,453753
69255.8,453753
69255.6,453753
69247,453753
69246.2,453753
69256.9,453753
69257,453753
69256.4,453753
69255.1,453753
69248.6,453753
69244.9,453753
69254.5,453753
69251.8,453753
69252.8,453753
69256.7,453753
69254.9,453753
69256.2,453753
69254.4,453753
69251.9,453753
69250.3,453753
69251.2,453753
69257.2,453753
69249,453753
69245.3,453753
69241.5,453753
69246.5,453753
69244.2,453753
69244.4,453753
69249.4,453753
69254.4,453753
69253.7,453753
69253.9,453753
69245.1,453753
69247.7,453753
69248.6,453753
69251.1,453753
69251.1,453753
69253.7,453753
69250.7,453753
69253,453753
69258.2,453753
69256.4,453753
69256.5,453753
69250.5,453753
69253.9,453753
69248.2,453753
69256.2,453753
69256.9,453753
69254.9,453753
69252.8,453753
69253.8,453753
69258,453753
69251,453753
69247.4,453753
69242.6,453753
69242.8,453753
69251,453753
69254.8,453753
69236.9,453753
69251.5,453753
69247.1,453753
69246.4,453753
69249,453753
69248.5,453753
69248.8,453753
69250.3,453753
69248.2,453753
69251.5,453753
69255,453753
69252.3,453753
69250.5,453753
69251.7,453753
69250.7,453753
69256.2,453753
69256,453753
69253.5,453753
69251.8,453753
69250.1,453753
69252.6,453753
69257.8,453753
69259.5,453753
69251.8,453753
69257.4,453753
69255.3,453753
69250.6,453753
69234.2,453753
69252.2,453753
69246.5,453753
69253,453753
69250.3,453753
69253.5,453753
69254.9,453753
69248,453753
69253,453753
69254.5,453753
69230.5,453753
69244.3,453753
69245.6,453753
69253.2,453753
69226.6,453753
69253,453753
69251.7,453753
69255.7,453753
69257.1,453753
69255.6,453753
69256.4,453753
69257.1,453753
69248.8,453753
69256.3,453753
69248.8,453753
69251.6,453753
69259.2,453753
69252.5,453753
69255.8,453753
69255.3,453753
69255.8,453753
69253.6,453753
69254.7,453753
69252.6,453753
69253.2,453753
69255,453753
69248,453753
69243.5,453753
69254.1,453753
69253,453753
69254.3,453753
69249.1,453753
69251.8,453753
69250,453753
69250.9,453753
69234.2,453753
69239.4,453753
69250.3,453753
69251.6,453753
69254.6,453753
69252.3,453753
69248.3,453753
69251.3,453753
69253.8,453753
69256.9,453753
69256.5,453753
69246.3,453753
69239,453753
69255,453753
69255.9,453753
69251.1,453753
69244.5,453753
69257.4,453753
69256.4,453753
69258.3,453753
69253.9,453753
69249.1,453753
69248.5,453753
69242.9,453753
69256.3,453753
69250.7,453753
69249.1,453753
69242.1,453753
69235.6,453753
69219.1,453753
69252.1,453753
69249.2,453753
69257.4,453753
69245.1,453753
69253.3,453753
69256.4,453753
69253.2,453753
69256,453753
69257.1,453753
69254.6,453753
69255.6,453753
69252.4,453753
69252.8,453753
69248.4,453753
69249.3,453753
69257.6,453753
69259,453753
69257.7,453753
69256.2,453753
69253.6,453753
69255.5,453753
69254.1,453753
69253.2,453753
69253,453753
69250.2,453753
69251,453753
69249.8,453753
69249.9,453753
69244.3,453753
69245.2,453753
69253.7,453753
69251.9,453753
69242.7,453753
69251,453753
69254.8,453753
69251.5,453753
69249,453753
69252.8,453753
69255.8,453753
69255.2,453753
69258.1,453753
69252.4,453753
69256.7,453753
69254.1,453753
69254.9,453753
69256.3,453753
69256,453753
69257.5,453753
69251.9,453753
69244.6,453753
69223.1,453753
69248.5,453753
69248.5,453753
69250.6,453753
69240.8,453753
69224.8,453753
69246.7,453753
69252.9,453753
69251.4,453753
69237.3,453753
69243.9,453753
69248,453753
69228.2,453753
69249,453753
69253,453753
69254.9,453753
69249.7,453753
69257.4,453753
69227.9,453753
69238.1,453753
69245.1,453753
69249.2,453753
69255.8,453753
69253.1,453753
69255.5,453753
69254.3,453753
69255.5,453753
69252.6,453753
69251.4,453753
69253.2,453753
69254.6,453753
69248,453753
69249.3,453753
69237,453753
69234.4,453753
69250.7,453753
69251.2,453753
69253.4,453753
69248.5,453753
69253.6,453753
69254.1,453753
69257.3,453753
69256.5,453753
69253.8,453753
69255.6,453753
69252.8,453753
69252.3,453753
69251.1,453753
69255.9,453753
69256.3,453753
69255.5,453753
69251.3,453753
69255.2,453753
69252.6,453753
69250.6,453753
69251,453753
69254.9,453753
69255.6,453753
69255.9,453753
69256.6,453753
69253.6,453753
69252.2,453753
69241.1,453753
69256.1,453753
69255.7,453753
69252.6,453753
69256.8,453753
69255.6,453753
69238.2,453753
69252.8,453753
69255.4,453753
69254.2,453753
69236.9,453753
69241.8,453753
69256.2,453753
69250.7,453753
69256.6,453753
69259.7,453546
