TRACE,NSNPS_JACKKNIFE
69383.9,453753
69385.1,453753
69383.3,453753
69381.7,453753
69380.2,453753
69384.2,453753
69377.4,453753
69374.7,453753
69379.6,453753
69377.7,453753
69384.5,453753
69375,453753
69383.8,453753
69379.8,453753
69382.4,453753
69382.1,453753
69377,453753
69366.4,453753
69366.3,453753
69374.6,453753
69380.5,453753
69383.3,453753
69379.8,453753
69380.2,453753
69383.2,453753
69381.1,453753
69376.4,453753
69373.9,453753
69380.2,453753
69375,453753
69378.3,453753
69377.4,453753
69375.7,453753
69376.5,453753
69377.5,453753
69377.9,453753
69381.6,453753
69373.6,453753
69379.6,453753
69379.4,453753
69381.8,453753
69381.4,453753
69379.3,453753
69372.1,453753
69374.4,453753
69380.9,453753
69378.9,453753
69380,453753
69383.1,453753
69384.5,453753
69384.4,453753
69372.5,453753
69376,453753
69379,453753
69372.4,453753
69377.5,453753
69379.7,453753
69367,453753
69375.8,453753
69373.6,453753
69382.7,453753
69382.8,453753
69381.2,453753
69378.1,453753
69380.1,453753
69380.2,453753
69375.3,453753
69380.3,453753
69375.6,453753
69377.5,453753
69367.8,453753
69380.1,453753
69382.7,453753
69385.9,453753
69385.4,453753
69382,453753
69385.4,453753
69383.7,453753
69384.5,453753
69382.3,453753
69373,453753
69381,453753
69384.3,453753
69387.2,453753
69387,453753
69381.4,453753
69382.7,453753
69386.2,453753
69381.2,453753
69381.5,453753
69375.5,453753
69374.9,453753
69379.9,453753
69340.6,453753
69379.8,453753
69377.8,453753
69381,453753
69380.5,453753
69378.1,453753
69383.3,453753
69375.1,453753
69379.9,453753
69375.3,453753
69370.2,453753
69369.9,453753
69374.3,453753
69379.8,453753
69379,453753
69381.6,453753
69378.8,453753
69380,453753
69378,453753
69375.1,453753
69371.7,453753
69368.3,453753
69373.7,453753
69376.8,453753
69379.8,453753
69370.9,453753
69374.3,453753
69374.8,453753
69385.4,453753
69379.3,453753
69378.4,453753
69377.9,453753
69377,453753
69377.7,453753
69377.7,453753
69375.2,453753
69381,453753
69376.8,453753
69382.1,453753
69374.1,453753
69380.5,453753
69373.4,453753
69378.9,453753
69380.4,453753
69382.9,453753
69375.8,453753
69382.4,453753
69367.3,453753
69360.4,453753
69377,453753
69374.3,453753
69372.6,453753
69374.6,453753
69379.2,453753
69379.4,453753
69381,453753
69380.4,453753
69380.5,453753
69381.7,453753
69381.8,453753
69385.5,453753
69380.7,453753
69382.3,453753
69381.6,453753
69384.3,453753
69385.5,453753
69379.9,453753
69377,453753
69378.8,453753
69382.2,453753
69385.4,453753
69385.1,453753
69384,453753
69383.2,453753
69382.5,453753
69380.4,453753
69379.3,453753
69375.7,453753
69380.9,453753
69382.6,453753
69378.3,453753
69381.9,453753
69380.6,453753
69381.3,453753
69373.9,453753
69373.1,453753
69378.2,453753
69371.8,453753
69339.1,453753
69347.7,453753
69381.1,453753
69379.6,453753
69386.1,453753
69381.1,453753
69382.7,453753
69379.6,453753
69381.9,453753
69384,453753
69381.3,453753
69369.2,453753
69363,453753
69361.9,453753
69354.5,453753
69364.7,453753
69372,453753
69381.4,453753
69377.5,453753
69377.7,453753
69382.9,453753
69379.4,453753
69366.2,453753
69377,453753
69380.2,453753
69377.7,453753
69378.3,453753
69373,453753
69374.7,453753
69375.6,453753
69382.6,453753
69380.7,453753
69383.2,453753
69375,453753
69375.4,453753
69361.7,453753
69370.2,453753
69374.2,453753
69366.1,453753
69385,453753
69382.4,453753
69380.1,453753
69383.2,453753
69378.4,453753
69384,453753
69384.4,453753
69382.6,453753
69383.7,453753
69384.4,453753
69380.4,453753
69372.2,453753
69374.4,453753
69386.1,453753
69383.7,453753
69385.1,453753
69379.7,453753
69378.3,453753
69374,453753
69379.3,453753
69378.8,453753
69381.8,453753
69385.1,453753
69382.2,453753
69383.9,453753
69379.2,453753
69381.4,453753
69379.3,453753
69382.6,453753
69371.1,453753
69368.4,453753
69381.6,453753
69379.9,453753
69374.7,453753
69376.5,453753
69373.8,453753
69379.3,453753
69379.9,453753
69366.6,453753
69378.3,453753
69384.2,453753
69369.8,453753
69365.4,453753
69372.1,453753
69377.8,453753
69375.6,453753
69378.4,453753
69359.9,453753
69384.1,453753
69380.5,453753
69377.1,453753
69363.1,453753
69374.1,453753
69372.9,453753
69373.6,453753
69372.3,453753
69383.3,453753
69380.6,453753
69378.6,453753
69371.7,453753
69375.4,453753
69376.9,453753
69378.7,453753
69379.2,453753
69373.4,453753
69379.9,453753
69383.6,453753
69378.4,453753
69380.1,453753
69384.6,453753
69384.4,453753
69385.5,453753
69383.5,453753
69379.2,453753
69385.1,453753
69383.2,453753
69378.1,453753
69380,453753
69384.6,453753
69382.1,453753
69384.7,453753
69382.3,453753
69387.2,453753
69382.4,453753
69381.2,453753
69383.8,453753
69379.5,453753
69380.4,453753
69378.9,453753
69384.5,453753
69383.6,453753
69382.4,453753
69372.6,453753
69359.7,453753
69356.9,453753
69378.4,453753
69380.1,453753
69375.3,453753
69376.9,453753
69380.4,453753
69380.6,453753
69382.3,453753
69378.6,453753
69381.6,453753
69377.9,453753
69375.8,453753
69378.4,453753
69379.3,453753
69375.3,453753
69371,453753
69356.6,453753
69376.3,453753
69377.7,453753
69376.7,453753
69377.6,453753
69381.3,453753
69380.3,453753
69381.1,453753
69382.9,453753
69373,453753
69374.6,453753
69378.7,453753
69363.5,453753
69357.6,453753
69380.5,453753
69371.6,453753
69383.6,453753
69376.9,453753
69376.9,453753
69340.9,453753
69380.6,453753
69381.3,453753
69383.8,453753
69388.7,453753
69383.4,453753
69385.4,453753
69385.4,453753
69384.9,453753
69380.6,453753
69381,453753
69381.9,453753
69385.7,453753
69381.3,453753
69382.5,453753
69379,453753
69382.6,453753
69380.4,453753
69384.9,453753
69377.2,453753
69381.8,453753
69380.9,453753
69377.7,453753
69378.7,453753
69383.7,453753
69378.5,453753
69378.1,453753
69374.8,453753
69361.1,453753
69369.4,453753
69369.2,453753
69341.8,453753
69363.7,453753
69371.5,453753
69377.5,453753
69374.2,453753
69370,453753
69367.3,453753
69367.1,453753
69373.3,453753
69378.1,453753
69380.1,453753
69373.5,453753
69375.7,453753
69380,453753
69374.8,453753
69376,453753
69375.8,453753
69365.5,453753
69369.6,453753
69380.6,453753
69379.8,453753
69379,453753
69380.5,453753
69380.4,453753
69383.9,453753
69354.8,453753
69378.4,453753
69380.2,453753
69380.5,453753
69382.5,453753
69383.4,453753
69382.7,453753
69377.5,453753
69380.4,453753
69383,453753
69383.7,453753
69382.6,453753
69378.4,453753
69372,453753
69376.5,453753
69377.7,453753
69382.1,453753
69382.3,453753
69378.2,453753
69384.3,453753
69378.7,453753
69383.7,453753
69381.1,453753
69371.1,453753
69378.3,453753
69378.4,453753
69380.2,453753
69364.3,453753
69379.2,453753
69382.4,453753
69381.2,453753
69381.8,453753
69377.4,453753
69377.5,453753
69375.6,453753
69375.9,453753
69369.1,453753
69354.3,453753
69377.6,453753
69373.4,453753
69380.7,453753
69386,453753
69385,453753
69378.1,453753
69379.2,453753
69380.9,453753
69380.5,453753
69373.1,453753
69373.4,453753
69383.3,453753
69377.7,453753
69380.9,453753
69380.9,453753
69374.7,453753
69372.5,453753
69371.9,453753
69375.6,453753
69382.8,453753
69380.9,453753
69387.3,453753
69380.4,453753
69380.4,453753
69380.6,453753
69381.3,453753
69378.1,453753
69386.2,453753
69384.7,453753
69384.5,453753
69377.8,453753
69374.4,453753
69377.4,453753
69377.7,453753
69379.6,453753
69382.3,453753
69363.4,453753
69328.4,453753
69337.6,453753
69379.8,453753
69380.5,453753
69383.1,453753
69379.1,453753
69381.1,453753
69375.3,453753
69384.3,453753
69381.3,453753
69382.6,453753
69372,453753
69380.1,453753
69381.3,453753
69358.3,453753
69371.4,453753
69379.5,453753
69378.2,453753
69379.6,453753
69377.1,453753
69377,453753
69381.4,453753
69382,453753
69375.7,453753
69373.7,453753
69380.3,453753
69373.9,453753
69376.4,453753
69379,453753
69381.8,453753
69376.4,453753
69378.5,453753
69378.6,453753
69368.1,453753
69370.2,453753
69381.6,453753
69383.5,453753
69384.2,453753
69383.3,453753
69383.2,453753
69377.2,453753
69378.9,453753
69380.7,453753
69381.2,453753
69383.1,453753
69383.3,453753
69380.7,453753
69380.9,453753
69383.1,453753
69383.1,453753
69380.5,453753
69382,453753
69383.1,453753
69383.6,453753
69380.4,453753
69371.1,453753
69384.2,453753
69379.4,453753
69384,453753
69373.2,453753
69378.5,453753
69364.1,453753
69360.1,453753
69381.8,453753
69372.6,453753
69378.7,453753
69382.5,453753
69378.4,453753
69378.8,453753
69381.3,453753
69382.1,453753
69382.7,453753
69380.5,453753
69376.4,453753
69369.3,453753
69379.2,453753
69378.4,453753
69375.4,453753
69381.9,453753
69380.8,453753
69374.4,453753
69378.7,453753
69377.3,453753
69381.5,453753
69380,453753
69377.5,453753
69381.9,453753
69381.8,453753
69382.9,453753
69380.2,453753
69384.2,453753
69377.7,453753
69377.7,453753
69382.3,453753
69379.9,453753
69383.1,453753
69381.2,453753
69383.3,453753
69380.1,453753
69381.8,453753
69382.1,453753
69382.1,453753
69378.1,453753
69376.7,453753
69379.9,453753
69380.6,453753
69380.7,453753
69378.5,453753
69366.8,453753
69356.5,453753
69376.3,453753
69379.6,453753
69379.5,453753
69375.3,453753
69381.1,453753
69372.2,453753
69377.6,453753
69376.8,453753
69380.2,453753
69378.7,453753
69321.5,453753
69382.6,453753
69382.4,453753
69380.4,453753
69382.3,453753
69373.6,453753
69378,453753
69379.7,453753
69375.8,453753
69365.2,453753
69376.4,453753
69380.6,453753
69381.9,453753
69383.4,453753
69383.1,453753
69380.4,453753
69382.5,453753
69380.8,453753
69383.4,453753
69379.2,453753
69385.5,453753
69381.7,453753
69379,453753
69348.9,453753
69384.5,453753
69369,453753
69368.9,453753
69378.8,453753
69376.1,453753
69384.6,453753
69378.4,453753
69382.6,453753
69386.5,453753
69386,453753
69383,453753
69379.8,453753
69377.5,453753
69382.7,453753
69385.1,453753
69379.1,453753
69376,453753
69380.9,453753
69267.5,453753
69078.8,453753
69320.3,453753
69376,453753
69376.3,453753
69368.3,453753
69380.8,453753
69373.1,453753
69378.2,453753
69380.3,453753
69381.3,453753
69351.7,453753
69368.9,453753
69375.7,453753
69378.6,453753
69384.3,453753
69377.6,453753
69373.3,453753
69373.6,453753
69373.2,453753
69378,453753
69379.8,453753
69381.1,453753
69381.6,453753
69384.8,453753
69381,453753
69371,453753
69386.7,453753
69382.3,453753
69383.4,453753
69384.9,453753
69381.8,453753
69379.6,453753
69384.6,453753
69386.7,453753
69383.8,453753
69375.3,453753
69383.1,453753
69382.6,453753
69379.1,453753
69381.5,453753
69385.2,453753
69386,453753
69380.2,453753
69378.9,453753
69372,453753
69340.2,453753
69374,453753
69379.8,453753
69370,453753
69375.1,453753
69371.7,453753
69379.4,453753
69377.1,453753
69377.9,453753
69384,453753
69379,453753
69377.2,453753
69383.5,453753
69379.3,453753
69369.7,453753
69369.6,453753
69379.8,453753
69376.5,453753
69379.7,453753
69383.9,453753
69379.5,453753
69383.7,453753
69382.1,453753
69374.8,453753
69377.4,453753
69383.8,453753
69383.6,453753
69377.3,453753
69370.4,453753
69386.6,453753
69386,453753
69384,453753
69384.4,453753
69379.9,453753
69376,453753
69386.7,453753
69379.5,453753
69379.4,453753
69387.5,453753
69383.1,453753
69384,453753
69378.1,453753
69381.8,453753
69380,453753
69385.9,453753
69381.6,453753
69373.8,453753
69375.3,453753
69370.6,453753
69375.1,453753
69377.5,453753
69369.6,453753
69378.6,453753
69382.9,453753
69381.1,453753
69380.2,453753
69377.6,453753
69371.2,453753
69377.9,453753
69384.6,453753
69380.4,453753
69378.6,453753
69383.1,453753
69379.3,453753
69385.3,453753
69386,453753
69383.2,453753
69382.5,453753
69383.3,453753
69379.4,453753
69379.1,453753
69383.5,453753
69380.4,453753
69382.4,453753
69383.4,453753
69385.2,453753
69380.2,453753
69376.3,453753
69372.3,453753
69372.2,453753
69381,453753
69379.8,453753
69361.5,453753
69381.3,453753
69374.8,453753
69379.7,453753
69374.8,453753
69376.8,453753
69373.5,453753
69377.7,453753
69381,453753
69381.9,453753
69376.8,453753
69380.9,453753
69381.1,453753
69380.9,453753
69383.8,453753
69384.6,453753
69385.9,453753
69383.9,453753
69385.1,453753
69376.7,453753
69383.9,453753
69386.5,453753
69384.5,453753
69380.8,453753
69385.8,453753
69386.6,453753
69381.3,453753
69369.4,453753
69380.2,453753
69366.2,453753
69379.4,453753
69381.5,453753
69382.4,453753
69378.8,453753
69377.4,453753
69380.9,453753
69385.6,453753
69362.1,453753
69369.5,453753
69372.5,453753
69380.6,453753
69355.9,453753
69381.2,453753
69381.1,453753
69384.3,453753
69385.5,453753
69383.2,453753
69385.1,453753
69385,453753
69380.1,453753
69380.8,453753
69371.7,453753
69376.5,453753
69384.4,453753
69383,453753
69386,453753
69378.3,453753
69384.9,453753
69383.3,453753
69385.2,453753
69375.9,453753
69384,453753
69382.7,453753
69375.7,453753
69372.6,453753
69384.8,453753
69382,453753
69384.2,453753
69377.5,453753
69381,453753
69379.5,453753
69378.4,453753
69362.6,453753
69364.8,453753
69374.5,453753
69376.5,453753
69385.5,453753
69384.2,453753
69379,453753
69382.1,453753
69380.5,453753
69386.3,453753
69382,453753
69378.1,453753
69366.4,453753
69379.9,453753
69381.3,453753
69377.8,453753
69377.5,453753
69383.9,453753
69386.3,453753
69386.7,453753
69379.1,453753
69374.6,453753
69371.6,453753
69375.7,453753
69383.8,453753
69383.3,453753
69375.9,453753
69368,453753
69372.1,453753
69355.2,453753
69384.8,453753
69379.3,453753
69385.8,453753
69366.7,453753
69383.5,453753
69386.2,453753
69383.8,453753
69382.9,453753
69383.5,453753
69384.6,453753
69383.5,453753
69379.9,453753
69376.5,453753
69375.1,453753
69376,453753
69387.7,453753
69388.2,453753
69387.1,453753
69383.4,453753
69381.9,453753
69383.6,453753
69376.9,453753
69381.4,453753
69379.6,453753
69381.6,453753
69381.4,453753
69378.3,453753
69379.3,453753
69378.6,453753
69377.8,453753
69380.7,453753
69379,453753
69371.2,453753
69381.9,453753
69379.9,453753
69382.7,453753
69378.8,453753
69379.4,453753
69385,453753
69382.2,453753
69385.9,453753
69383.2,453753
69384.1,453753
69380.8,453753
69380.8,453753
69385.6,453753
69385.1,453753
69383.4,453753
69380,453753
69374,453753
69352.2,453753
69379.4,453753
69378.6,453753
69377.6,453753
69372.6,453753
69358.9,453753
69377.7,453753
69384,453753
69377.8,453753
69361.8,453753
69374.7,453753
69373,453753
69357,453753
69375.3,453753
69381.7,453753
69383.4,453753
69378.3,453753
69386.8,453753
69359.5,453753
69366.6,453753
69376.9,453753
69379.5,453753
69384.2,453753
69381,453753
69387.5,453753
69384.7,453753
69383.6,453753
69379.7,453753
69378.3,453753
69384.1,453753
69382.3,453753
69377.3,453753
69374.9,453753
69364.3,453753
69357.2,453753
69378.9,453753
69382.7,453753
69382.2,453753
69377.7,453753
69378.5,453753
69383.7,453753
69382.9,453753
69383.5,453753
69385.9,453753
69387,453753
69384.3,453753
69378.8,453753
69377.7,453753
69384.9,453753
69385.2,453753
69383,453753
69381.5,453753
69383.8,453753
69382.7,453753
69378.5,453753
69380.3,453753
69379.6,453753
69377.9,453753
69380.7,453753
69381.3,453753
69382.6,453753
69378.7,453753
69371.7,453753
69383.8,453753
69383.5,453753
69380,453753
69383.2,453753
69381,453753
69360.4,453753
69378.1,453753
69386.2,453753
69381.8,453753
69366.6,453753
69370.5,453753
69384.4,453753
69382.7,453753
69382.7,453753
69383.7,453546
