TRACE,NSNPS_JACKKNIFE
69233.9,453753
69232.8,453753
69230.8,453753
69233.6,453753
69234.2,453753
69233.1,453753
69227.2,453753
69228.2,453753
69233.8,453753
69228.1,453753
69229.6,453753
69223.2,453753
69233.6,453753
69229.6,453753
69234,453753
69231.9,453753
69228,453753
69220.4,453753
69217.2,453753
69223.9,453753
69232.9,453753
69233.2,453753
69229.2,453753
69230.8,453753
69229.7,453753
69230.4,453753
69226.3,453753
69225.8,453753
69232.1,453753
69229.5,453753
69227.9,453753
69228.3,453753
69226.3,453753
69226.3,453753
69228.7,453753
69234.6,453753
69226.6,453753
69224.6,453753
69229.1,453753
69229.2,453753
69232.9,453753
69231.9,453753
69224.8,453753
69222.4,453753
69223.1,453753
69227.6,453753
69232.9,453753
69231.8,453753
69233,453753
69232.1,453753
69229.5,453753
69222.4,453753
69227,453753
69223.4,453753
69225.5,453753
69229.8,453753
69230.1,453753
69220.8,453753
69224.1,453753
69225.8,453753
69229.9,453753
69235.6,453753
69233.8,453753
69229.9,453753
69227.2,453753
69230.2,453753
69228.2,453753
69229.1,453753
69222.4,453753
69227.9,453753
69216.6,453753
69231.1,453753
69232.1,453753
69236.4,453753
69232.5,453753
69231.9,453753
69233.3,453753
69232.8,453753
69235.7,453753
69227.9,453753
69221.5,453753
69230.8,453753
69232.6,453753
69234.4,453753
69234.4,453753
69232.1,453753
69235,453753
69234.2,453753
69235.9,453753
69232,453753
69221.6,453753
69221.3,453753
69228.8,453753
69193.4,453753
69230.7,453753
69228.2,453753
69229,453753
69233.2,453753
69230,453753
69233.4,453753
69221.5,453753
69230.6,453753
69228.1,453753
69222,453753
69223.3,453753
69222.6,453753
69229.8,453753
69231.3,453753
69230.2,453753
69230,453753
69233.9,453753
69227.5,453753
69226.4,453753
69221.3,453753
69222.1,453753
69223.2,453753
69230.9,453753
69232,453753
69222.3,453753
69221.5,453753
69225.5,453753
69233.6,453753
69225.5,453753
69227,453753
69232.1,453753
69224.7,453753
69229.9,453753
69228.1,453753
69222.7,453753
69226.4,453753
69224.6,453753
69228.3,453753
69227.4,453753
69233.1,453753
69224.6,453753
69229.3,453753
69233.1,453753
69230.4,453753
69220.3,453753
69232.2,453753
69217.1,453753
69214.4,453753
69230.2,453753
69224,453753
69224.8,453753
69221.6,453753
69227.6,453753
69226.9,453753
69228.6,453753
69230.6,453753
69229.4,453753
69232.7,453753
69234.1,453753
69231.3,453753
69229.6,453753
69231.4,453753
69230.7,453753
69231.9,453753
69233.4,453753
69227.2,453753
69229.4,453753
69229.9,453753
69233.4,453753
69236.6,453753
69235.8,453753
69233.2,453753
69232.3,453753
69231.4,453753
69230.1,453753
69231.3,453753
69228.3,453753
69228.5,453753
69235,453753
69231,453753
69232.2,453753
69231.6,453753
69230.2,453753
69227.7,453753
69229.9,453753
69225.3,453753
69224.8,453753
69192.5,453753
69192.7,453753
69228.9,453753
69228.5,453753
69231.5,453753
69230.7,453753
69234.7,453753
69235.1,453753
69231.2,453753
69234,453753
69232.3,453753
69223.6,453753
69216.4,453753
69210.5,453753
69205,453753
69213,453753
69220.5,453753
69233.9,453753
69228.4,453753
69226.8,453753
69233.1,453753
69229.6,453753
69224.5,453753
69232.7,453753
69227.5,453753
69230.3,453753
69228.6,453753
69225.4,453753
69219.7,453753
69228.3,453753
69230.2,453753
69229.5,453753
69231.7,453753
69223.5,453753
69230,453753
69209.2,453753
69213.3,453753
69220.6,453753
69219.6,453753
69236.4,453753
69234.1,453753
69229.1,453753
69233.3,453753
69227.3,453753
69234.7,453753
69234.8,453753
69234.6,453753
69235.5,453753
69232.8,453753
69229,453753
69223.3,453753
69223.5,453753
69235.5,453753
69233.2,453753
69234.7,453753
69228.5,453753
69226.5,453753
69223.5,453753
69229.3,453753
69225.5,453753
69232.7,453753
69233.5,453753
69232.9,453753
69231.2,453753
69230.4,453753
69228.3,453753
69227.4,453753
69227.2,453753
69224.4,453753
69221.7,453753
69230,453753
69231.6,453753
69225.1,453753
69228.6,453753
69224.7,453753
69227.2,453753
69229.6,453753
69219.2,453753
69227.8,453753
69234.6,453753
69227.7,453753
69208.3,453753
69229.7,453753
69230.7,453753
69220.9,453753
69227.1,453753
69205.9,453753
69231.5,453753
69227.4,453753
69226.3,453753
69212.2,453753
69229.7,453753
69228,453753
69224.4,453753
69221.6,453753
69232.4,453753
69229.6,453753
69225,453753
69219.2,453753
69228.7,453753
69229.5,453753
69228.6,453753
69229.7,453753
69227.1,453753
69231.6,453753
69231.6,453753
69228.8,453753
69228.9,453753
69233.2,453753
69233.7,453753
69233.4,453753
69233.8,453753
69233.1,453753
69233.4,453753
69232.2,453753
69230.9,453753
69229.4,453753
69233.5,453753
69232.3,453753
69234.5,453753
69230.7,453753
69236.3,453753
69232.2,453753
69232.3,453753
69232.6,453753
69231.2,453753
69229.6,453753
69233,453753
69231.1,453753
69232,453753
69231.2,453753
69225.7,453753
69208,453753
69202.8,453753
69224.6,453753
69227,453753
69220.5,453753
69228.4,453753
69228.3,453753
69227.8,453753
69231.9,453753
69226.3,453753
69229.4,453753
69228.7,453753
69226.5,453753
69226.8,453753
69227.6,453753
69227.3,453753
69222.9,453753
69204,453753
69226.5,453753
69230.7,453753
69233.2,453753
69227.3,453753
69232.1,453753
69223.2,453753
69229.6,453753
69231.6,453753
69225.1,453753
69217,453753
69229.7,453753
69213.7,453753
69212.2,453753
69228.9,453753
69222.4,453753
69232.5,453753
69224,453753
69228.6,453753
69193.9,453753
69229.6,453753
69228.9,453753
69231.2,453753
69235.8,453753
69234.5,453753
69234.5,453753
69236,453753
69233.2,453753
69230.5,453753
69230.6,453753
69234.2,453753
69233.1,453753
69229.5,453753
69231.9,453753
69227.6,453753
69233,453753
69232.3,453753
69233.3,453753
69228.2,453753
69229.4,453753
69231.6,453753
69226.3,453753
69228.6,453753
69231.2,453753
69228.6,453753
69232.2,453753
69220.7,453753
69204.7,453753
69222.7,453753
69216.2,453753
69201.4,453753
69217.6,453753
69223.8,453753
69228.1,453753
69222.1,453753
69219,453753
69220.9,453753
69218.9,453753
69225.9,453753
69230.1,453753
69222.2,453753
69224.9,453753
69225,453753
69231.9,453753
69225.6,453753
69224.9,453753
69221.4,453753
69213.1,453753
69220.3,453753
69229.8,453753
69228,453753
69229.3,453753
69227.9,453753
69230.5,453753
69233.1,453753
69217,453753
69227.7,453753
69226,453753
69229.6,453753
69232,453753
69235.2,453753
69233.2,453753
69227.9,453753
69231.1,453753
69233.9,453753
69233.3,453753
69234.7,453753
69232.7,453753
69227.4,453753
69224.7,453753
69229.1,453753
69231,453753
69229,453753
69225.8,453753
69232.1,453753
69229.9,453753
69232.3,453753
69230.7,453753
69224.8,453753
69230.1,453753
69229.5,453753
69235.1,453753
69210,453753
69226,453753
69229.9,453753
69230.5,453753
69232.6,453753
69226.7,453753
69224.5,453753
69227.7,453753
69225.2,453753
69221.1,453753
69186.8,453753
69225.5,453753
69226.9,453753
69233.6,453753
69233.9,453753
69234.2,453753
69228.5,453753
69220.2,453753
69229.1,453753
69231.8,453753
69219.2,453753
69224.6,453753
69232.4,453753
69232.3,453753
69229.2,453753
69229,453753
69223.8,453753
69219.6,453753
69218.5,453753
69225.7,453753
69232.7,453753
69225,453753
69236,453753
69231.2,453753
69226.3,453753
69228.4,453753
69232.5,453753
69227.2,453753
69235.3,453753
69236.2,453753
69228.7,453753
69227.4,453753
69220.8,453753
69230,453753
69227.6,453753
69229.9,453753
69232,453753
69213.7,453753
69170.6,453753
69185.3,453753
69225.1,453753
69230.4,453753
69235.2,453753
69226.4,453753
69230.2,453753
69225.7,453753
69233.7,453753
69229.8,453753
69232.2,453753
69225.6,453753
69227.5,453753
69229.6,453753
69201.8,453753
69221.8,453753
69228.8,453753
69228,453753
69228.4,453753
69226.9,453753
69229.7,453753
69235.5,453753
69235.3,453753
69224.4,453753
69225.1,453753
69228.4,453753
69224.6,453753
69226.1,453753
69227.1,453753
69233,453753
69227.4,453753
69228.4,453753
69230.2,453753
69221.8,453753
69220.9,453753
69231.9,453753
69231.6,453753
69231.9,453753
69233.9,453753
69234.1,453753
69228.5,453753
69231.7,453753
69229.9,453753
69231.3,453753
69232.4,453753
69231,453753
69229.9,453753
69231.3,453753
69235.8,453753
69233.5,453753
69231.6,453753
69232.8,453753
69233.3,453753
69233,453753
69231.3,453753
69225.9,453753
69234.8,453753
69222.4,453753
69232.1,453753
69222.4,453753
69224.1,453753
69218.3,453753
69217.3,453753
69228.1,453753
69224.3,453753
69230.5,453753
69233.2,453753
69227.8,453753
69231.3,453753
69234,453753
69230.3,453753
69233.3,453753
69230.2,453753
69224.8,453753
69221.7,453753
69226.3,453753
69229.2,453753
69226.2,453753
69234.3,453753
69226.3,453753
69226.5,453753
69228,453753
69227.9,453753
69230.7,453753
69232.6,453753
69226.1,453753
69229.6,453753
69231.4,453753
69231.9,453753
69232.9,453753
69235.5,453753
69227.3,453753
69228,453753
69232.5,453753
69232.9,453753
69231.3,453753
69231.3,453753
69232.3,453753
69231.2,453753
69229.1,453753
69232.5,453753
69233,453753
69229,453753
69231.5,453753
69231,453753
69230.9,453753
69230.9,453753
69228.5,453753
69219.7,453753
69208.8,453753
69224.9,453753
69227.8,453753
69233.4,453753
69223,453753
69230.2,453753
69228.2,453753
69230.4,453753
69223.2,453753
69228.9,453753
69226.1,453753
69178,453753
69229.1,453753
69235.5,453753
69230.8,453753
69233.3,453753
69227,453753
69225.9,453753
69226.9,453753
69224.1,453753
69216.3,453753
69229.3,453753
69229.5,453753
69232.4,453753
69231,453753
69233.4,453753
69228,453753
69229.8,453753
69229.9,453753
69231.9,453753
69228.5,453753
69236.9,453753
69229.3,453753
69225.5,453753
69209.6,453753
69233.6,453753
69225.6,453753
69216,453753
69227.1,453753
69229.9,453753
69233.8,453753
69229.1,453753
69231.1,453753
69235.9,453753
69236.6,453753
69234.4,453753
69224.5,453753
69223.4,453753
69232.3,453753
69235,453753
69227.9,453753
69229,453753
69228.1,453753
69124,453753
68943.4,453753
69170,453753
69224.6,453753
69223.9,453753
69221.1,453753
69231.8,453753
69220.9,453753
69230.3,453753
69231.4,453753
69226.4,453753
69202.1,453753
69222.2,453753
69224.1,453753
69228.9,453753
69232.5,453753
69226.9,453753
69219.9,453753
69224,453753
69224.8,453753
69229.4,453753
69232.8,453753
69232.6,453753
69231.9,453753
69235.2,453753
69233.6,453753
69224.1,453753
69234.3,453753
69232.4,453753
69232.7,453753
69233.3,453753
69227.4,453753
69230,453753
69232.8,453753
69236.9,453753
69234.7,453753
69223.2,453753
69230.3,453753
69232,453753
69229.5,453753
69232,453753
69228.5,453753
69232.9,453753
69229.8,453753
69227.7,453753
69220.1,453753
69190.2,453753
69223.7,453753
69229.7,453753
69224.1,453753
69223,453753
69225.6,453753
69226,453753
69225,453753
69230.4,453753
69230.5,453753
69228,453753
69227.2,453753
69234.2,453753
69226.7,453753
69220.3,453753
69223.9,453753
69232.1,453753
69228.7,453753
69222.4,453753
69229.4,453753
69226.5,453753
69229.8,453753
69232.6,453753
69225.6,453753
69227.8,453753
69232.7,453753
69234.7,453753
69223.1,453753
69221.7,453753
69234.6,453753
69235.1,453753
69236.6,453753
69234.4,453753
69228.6,453753
69226.2,453753
69236.2,453753
69229.1,453753
69233.1,453753
69232.8,453753
69234.7,453753
69233.6,453753
69229.6,453753
69230.1,453753
69229.4,453753
69231.5,453753
69232.5,453753
69227.6,453753
69225.3,453753
69220.7,453753
69226,453753
69224.9,453753
69223.9,453753
69229.9,453753
69233.2,453753
69229.4,453753
69229.7,453753
69227,453753
69222.5,453753
69225.4,453753
69233.7,453753
69232.8,453753
69230.6,453753
69234.9,453753
69231.6,453753
69239.9,453753
69235.4,453753
69231.7,453753
69229.7,453753
69231.8,453753
69231.1,453753
69233.8,453753
69234.1,453753
69232.4,453753
69231.1,453753
69232.5,453753
69234.5,453753
69230.1,453753
69224.6,453753
69221.4,453753
69222.1,453753
69230.4,453753
69231.4,453753
69213.3,453753
69231.9,453753
69226.2,453753
69225.5,453753
69227.2,453753
69227.7,453753
69228,453753
69231.9,453753
69228,453753
69231.5,453753
69228.7,453753
69231.8,453753
69233.5,453753
69231.5,453753
69231.1,453753
69234.2,453753
69237.1,453753
69233.8,453753
69232.6,453753
69223.4,453753
69230.5,453753
69237.8,453753
69233,453753
69233.1,453753
69237,453753
69234.7,453753
69229.7,453753
69220.8,453753
69230.3,453753
69225.1,453753
69231.8,453753
69228.8,453753
69232.5,453753
69231.5,453753
69227.8,453753
69232.4,453753
69234.8,453753
69210.2,453753
69217.8,453753
69222.7,453753
69229,453753
69212.9,453753
69230.1,453753
69229.3,453753
69235.6,453753
69234.6,453753
69234.8,453753
69234,453753
69232.2,453753
69229.9,453753
69234,453753
69226.9,453753
69229.6,453753
69233,453753
69233.1,453753
69231.6,453753
69231.3,453753
69233.5,453753
69232.8,453753
69233.5,453753
69226.7,453753
69229.2,453753
69233.9,453753
69225.1,453753
69221.2,453753
69234.5,453753
69230.5,453753
69234.3,453753
69229,453753
69228.7,453753
69227.9,453753
69229.1,453753
69209.8,453753
69215.2,453753
69226.2,453753
69229.3,453753
69232.2,453753
69233.8,453753
69231.3,453753
69231.3,453753
69232.3,453753
69234.4,453753
69233.2,453753
69225.3,453753
69222.5,453753
69231.8,453753
69232.7,453753
69228.8,453753
69225.2,453753
69235.3,453753
69233.3,453753
69234.4,453753
69232.1,453753
69225.4,453753
69224.5,453753
69225.1,453753
69234.2,453753
69235.6,453753
69224.2,453753
69212.8,453753
69216.1,453753
69202.3,453753
69233.1,453753
69229.7,453753
69235.7,453753
69222,453753
69230.3,453753
69231.7,453753
69232.7,453753
69233.5,453753
69234.8,453753
69231.1,453753
69233.9,453753
69231.8,453753
69233.8,453753
69223.8,453753
69230,453753
69235.5,453753
69240.6,453753
69239.8,453753
69235.3,453753
69235.6,453753
69232.7,453753
69228.9,453753
69230.9,453753
69230.3,453753
69231.6,453753
69228,453753
69226.9,453753
69230.8,453753
69222.8,453753
69230,453753
69229.5,453753
69225.8,453753
69219.2,453753
69229,453753
69233,453753
69233.4,453753
69231.8,453753
69234.4,453753
69234.9,453753
69231.7,453753
69235.1,453753
69234.3,453753
69231.7,453753
69231.5,453753
69231.8,453753
69233.5,453753
69235.1,453753
69230.4,453753
69231.8,453753
69225.1,453753
69198.2,453753
69230,453753
69230.5,453753
69231.1,453753
69226.5,453753
69213.8,453753
69224.9,453753
69233.5,453753
69228.9,453753
69218.1,453753
69225.8,453753
69227.3,453753
69205,453753
69226.4,453753
69230.9,453753
69231.6,453753
69227.9,453753
69232.9,453753
69208.1,453753
69214.8,453753
69224.1,453753
69227.9,453753
69236.5,453753
69227.2,453753
69234.8,453753
69234.4,453753
69234.5,453753
69230.2,453753
69226.3,453753
69233.2,453753
69230.1,453753
69227.9,453753
69226.7,453753
69219.5,453753
69213.9,453753
69231.5,453753
69231.6,453753
69232.9,453753
69220.8,453753
69229.3,453753
69231.2,453753
69232.7,453753
69233.6,453753
69235.1,453753
69234.5,453753
69233.8,453753
69236.1,453753
69227.1,453753
69236.3,453753
69233.4,453753
69234,453753
69231.4,453753
69235.2,453753
69232.6,453753
69227.6,453753
69232.9,453753
69231.4,453753
69228.5,453753
69230.5,453753
69235.1,453753
69230.1,453753
69226.8,453753
69223.9,453753
69231.9,453753
69233.2,453753
69233.7,453753
69231.7,453753
69231.3,453753
69220.5,453753
69231.7,453753
69236,453753
69230.6,453753
69218,453753
69221.7,453753
69236,453753
69234.2,453753
69235.2,453753
69237.9,453546
