TRACE,NSNPS_JACKKNIFE
69254.2,453753
69253.1,453753
69247.5,453753
69252.3,453753
69245.7,453753
69252.2,453753
69243.6,453753
69250.5,453753
69247.3,453753
69245.2,453753
69250,453753
69243.4,453753
69252.5,453753
69251.6,453753
69253.4,453753
69247.7,453753
69245.4,453753
69233.4,453753
69235.4,453753
69241.8,453753
69250.1,453753
69248.5,453753
69248.3,453753
69251.3,453753
69253.3,453753
69250.1,453753
69244.4,453753
69241,453753
69248.3,453753
69249.6,453753
69248.3,453753
69245.5,453753
69244.6,453753
69246.1,453753
69249.3,453753
69248,453753
69246.7,453753
69246.4,453753
69249.2,453753
69247.8,453753
69248.9,453753
69248.1,453753
69247.7,453753
69237.8,453753
69240.7,453753
69241.1,453753
69249.5,453753
69251.7,453753
69251.3,453753
69251.5,453753
69251.4,453753
69239.3,453753
69242.5,453753
69246,453753
69242.6,453753
69248.7,453753
69246.4,453753
69239.2,453753
69241.1,453753
69240.2,453753
69247.1,453753
69252.8,453753
69248.2,453753
69249.6,453753
69244.1,453753
69247.2,453753
69248.2,453753
69246.6,453753
69245.3,453753
69243.7,453753
69236.4,453753
69249.6,453753
69248.1,453753
69251.7,453753
69252.8,453753
69250.2,453753
69252.6,453753
69251.5,453753
69253.1,453753
69248.9,453753
69241.4,453753
69251.5,453753
69252.6,453753
69254,453753
69255.6,453753
69249.2,453753
69253,453753
69251.8,453753
69248.2,453753
69249.6,453753
69245.5,453753
69241.8,453753
69249.3,453753
69206.4,453753
69250.5,453753
69248.9,453753
69246.5,453753
69249.9,453753
69246.2,453753
69252.4,453753
69242.6,453753
69242.7,453753
69244.9,453753
69242.2,453753
69240.8,453753
69242.2,453753
69251.9,453753
69247,453753
69247.2,453753
69248.7,453753
69251.9,453753
69246.3,453753
69245.2,453753
69243.5,453753
69242.3,453753
69240.3,453753
69245.6,453753
69245.7,453753
69243,453753
69242.8,453753
69240.6,453753
69252.9,453753
69243.3,453753
69246,453753
69253.5,453753
69246.8,453753
69244.9,453753
69245.5,453753
69242.2,453753
69243.6,453753
69245.8,453753
69248.9,453753
69243,453753
69249.8,453753
69242.9,453753
69247.4,453753
69250.7,453753
69251.5,453753
69241.8,453753
69250.5,453753
69237.8,453753
69229.3,453753
69251.3,453753
69242.8,453753
69243.2,453753
69240.5,453753
69247,453753
69246.1,453753
69246.3,453753
69249.7,453753
69250.6,453753
69252.6,453753
69248,453753
69247.8,453753
69246.9,453753
69250.4,453753
69250.7,453753
69247.4,453753
69253.6,453753
69251.1,453753
69247,453753
69247.9,453753
69249.9,453753
69253.2,453753
69253.9,453753
69247.7,453753
69251.5,453753
69250.4,453753
69247.8,453753
69249.6,453753
69247.2,453753
69245.8,453753
69247.9,453753
69245.3,453753
69252.9,453753
69250.1,453753
69246.4,453753
69247.5,453753
69246.6,453753
69245.2,453753
69240.7,453753
69202,453753
69211,453753
69248.9,453753
69240.7,453753
69253.6,453753
69251.9,453753
69253.2,453753
69251.3,453753
69251.1,453753
69254.3,453753
69252.1,453753
69239.5,453753
69225.1,453753
69227.6,453753
69227.1,453753
69230.5,453753
69239.6,453753
69245.5,453753
69248.3,453753
69243.5,453753
69248.6,453753
69248.3,453753
69236.7,453753
69246.8,453753
69248.6,453753
69244.3,453753
69251.1,453753
69246.8,453753
69240,453753
69246,453753
69252.3,453753
69249.7,453753
69251.3,453753
69246.6,453753
69246.8,453753
69231.2,453753
69231.4,453753
69240.8,453753
69236.5,453753
69252.9,453753
69248.4,453753
69251.4,453753
69247.2,453753
69244.7,453753
69253.1,453753
69253.2,453753
69252.7,453753
69253.4,453753
69253.1,453753
69246.2,453753
69234.9,453753
69245.1,453753
69253.8,453753
69252.6,453753
69252.4,453753
69248.3,453753
69247.1,453753
69243.8,453753
69246,453753
69247.3,453753
69252.9,453753
69253.4,453753
69248.8,453753
69250,453753
69245.2,453753
69247.1,453753
69247.6,453753
69247.1,453753
69243.6,453753
69239.2,453753
69250.5,453753
69248.9,453753
69240.3,453753
69244.7,453753
69244,453753
69246.5,453753
69249.6,453753
69239.8,453753
69249.5,453753
69251.4,453753
69245.4,453753
69225.3,453753
69245.3,453753
69243.6,453753
69241.9,453753
69248.1,453753
69231.8,453753
69249,453753
69246.5,453753
69245.7,453753
69231.1,453753
69242.7,453753
69244.5,453753
69244.2,453753
69240.3,453753
69250.4,453753
69248.3,453753
69243.6,453753
69237.4,453753
69245.8,453753
69244.4,453753
69251.5,453753
69247.2,453753
69241.4,453753
69251.8,453753
69250.4,453753
69246,453753
69249.7,453753
69252.9,453753
69252.7,453753
69251.1,453753
69252.1,453753
69249.2,453753
69252.9,453753
69251.2,453753
69247.9,453753
69247.6,453753
69253.5,453753
69250.7,453753
69255.8,453753
69250.9,453753
69253.6,453753
69249.2,453753
69251.5,453753
69252.5,453753
69249.5,453753
69250.4,453753
69250.1,453753
69253.5,453753
69249.1,453753
69248.8,453753
69239.9,453753
69229.1,453753
69221.7,453753
69241.4,453753
69247.6,453753
69239.7,453753
69240.9,453753
69244.6,453753
69247.3,453753
69251.5,453753
69248.5,453753
69249.1,453753
69246,453753
69242,453753
69243.1,453753
69247.3,453753
69247.1,453753
69241.9,453753
69230.8,453753
69246.1,453753
69249.1,453753
69248.1,453753
69246.5,453753
69248.1,453753
69246.2,453753
69248.8,453753
69250.4,453753
69240.3,453753
69236.7,453753
69247.1,453753
69230.8,453753
69228.6,453753
69245.1,453753
69239.6,453753
69248.1,453753
69242.1,453753
69246.2,453753
69216.2,453753
69246.8,453753
69245.8,453753
69249,453753
69255.1,453753
69253.9,453753
69252.3,453753
69252,453753
69255.1,453753
69248.1,453753
69252.1,453753
69253.2,453753
69255.1,453753
69251.7,453753
69250.7,453753
69246.7,453753
69251.3,453753
69247,453753
69251.5,453753
69248.4,453753
69250.1,453753
69248.1,453753
69246.8,453753
69250.2,453753
69249.7,453753
69247.8,453753
69249.8,453753
69241.4,453753
69225.1,453753
69239.2,453753
69237.4,453753
69206.9,453753
69228.5,453753
69236.4,453753
69247.3,453753
69244.7,453753
69239.9,453753
69237.1,453753
69231.1,453753
69242,453753
69249.1,453753
69245.4,453753
69243.3,453753
69244.5,453753
69248.4,453753
69245.5,453753
69245.5,453753
69245.8,453753
69230.4,453753
69241.1,453753
69251,453753
69246.2,453753
69246.6,453753
69249.6,453753
69248.7,453753
69253.3,453753
69229.5,453753
69248.6,453753
69245.9,453753
69245.3,453753
69249.4,453753
69250.9,453753
69251.2,453753
69250.8,453753
69252.3,453753
69251.7,453753
69251.2,453753
69250.5,453753
69252,453753
69242.3,453753
69241.6,453753
69250.9,453753
69248.5,453753
69249.6,453753
69243.6,453753
69250.1,453753
69249.6,453753
69249.3,453753
69248.7,453753
69242.8,453753
69246.5,453753
69248.7,453753
69250.1,453753
69241.1,453753
69249.2,453753
69251.4,453753
69246.8,453753
69249.2,453753
69244.2,453753
69246,453753
69247.8,453753
69245.1,453753
69238.7,453753
69209.1,453753
69243.6,453753
69248.8,453753
69253.1,453753
69251.4,453753
69252.3,453753
69244.3,453753
69240,453753
69248.8,453753
69250.7,453753
69239,453753
69240.5,453753
69252.2,453753
69245.1,453753
69248.9,453753
69251.2,453753
69244,453753
69241.9,453753
69237.8,453753
69249,453753
69251,453753
69246,453753
69256.6,453753
69250.3,453753
69245.9,453753
69249.6,453753
69249.2,453753
69243.2,453753
69253.9,453753
69253.4,453753
69250.6,453753
69246.4,453753
69242.5,453753
69247.2,453753
69243.8,453753
69249.7,453753
69253,453753
69237.6,453753
69204.9,453753
69210.9,453753
69247.5,453753
69247.5,453753
69249.1,453753
69244.2,453753
69248.8,453753
69244,453753
69249.2,453753
69251,453753
69250.1,453753
69242.5,453753
69249.8,453753
69249.5,453753
69225.2,453753
69242.6,453753
69245.3,453753
69246.4,453753
69246.9,453753
69241.6,453753
69245.8,453753
69252.5,453753
69250.6,453753
69245.7,453753
69243.1,453753
69250.6,453753
69240.7,453753
69241.2,453753
69246.6,453753
69251.5,453753
69246.8,453753
69245.8,453753
69244,453753
69239.1,453753
69244.1,453753
69249.1,453753
69253.3,453753
69250.4,453753
69252.9,453753
69250.9,453753
69247.3,453753
69251.2,453753
69250.5,453753
69249.1,453753
69249.6,453753
69249.6,453753
69247.6,453753
69246.8,453753
69253.8,453753
69253.9,453753
69250.3,453753
69252.1,453753
69251.4,453753
69253.6,453753
69247.7,453753
69241.4,453753
69248.7,453753
69245.3,453753
69250.9,453753
69241.2,453753
69245.3,453753
69239.3,453753
69233.3,453753
69251.2,453753
69241.9,453753
69250.9,453753
69250.8,453753
69249.4,453753
69246.9,453753
69247.9,453753
69250.9,453753
69255,453753
69250.5,453753
69244.5,453753
69238,453753
69246.5,453753
69246,453753
69245.1,453753
69250.7,453753
69248.8,453753
69242.3,453753
69251,453753
69247.9,453753
69250.8,453753
69249.2,453753
69245.5,453753
69249.6,453753
69249,453753
69251.7,453753
69251.5,453753
69254,453753
69246.9,453753
69248.3,453753
69253.8,453753
69251.4,453753
69250.9,453753
69250.5,453753
69250.9,453753
69251.5,453753
69252.7,453753
69248.8,453753
69249.7,453753
69248.9,453753
69243.5,453753
69247.5,453753
69248.9,453753
69252.8,453753
69247.2,453753
69237.3,453753
69227.6,453753
69246.6,453753
69247.2,453753
69251.4,453753
69245.2,453753
69249,453753
69240.6,453753
69243.4,453753
69247,453753
69250,453753
69244.6,453753
69192.7,453753
69249.9,453753
69250.1,453753
69244.4,453753
69249.4,453753
69242.4,453753
69246.8,453753
69249.3,453753
69245.1,453753
69230.4,453753
69243.5,453753
69243.7,453753
69253.1,453753
69250.9,453753
69255.3,453753
69249.6,453753
69250.4,453753
69251.1,453753
69253.8,453753
69252.3,453753
69256.5,453753
69246.8,453753
69246.2,453753
69214.9,453753
69252.8,453753
69239.2,453753
69233.9,453753
69242.1,453753
69238.8,453753
69252.5,453753
69247.1,453753
69249.7,453753
69253,453753
69251.2,453753
69248.2,453753
69245.7,453753
69246.6,453753
69248.7,453753
69250.7,453753
69246.8,453753
69245.3,453753
69247.4,453753
69129.5,453753
68951.3,453753
69188.8,453753
69238.4,453753
69240.8,453753
69234.7,453753
69248.2,453753
69245.3,453753
69245,453753
69250.4,453753
69247.4,453753
69216.7,453753
69236.3,453753
69237.9,453753
69246.6,453753
69251.3,453753
69244.9,453753
69241.9,453753
69241.8,453753
69246.1,453753
69244.9,453753
69249.7,453753
69249.2,453753
69248,453753
69252.9,453753
69250,453753
69243.8,453753
69253.2,453753
69248.6,453753
69253.1,453753
69251.3,453753
69250.4,453753
69250.7,453753
69254.6,453753
69252.7,453753
69249.2,453753
69243.9,453753
69250.6,453753
69245.5,453753
69248.4,453753
69248.5,453753
69251,453753
69250.1,453753
69247.6,453753
69247.9,453753
69238.9,453753
69214.3,453753
69245.1,453753
69247.9,453753
69238,453753
69242.4,453753
69245.1,453753
69243.8,453753
69244.5,453753
69246.9,453753
69251.9,453753
69247.9,453753
69245.7,453753
69250.3,453753
69249,453753
69243.3,453753
69241.9,453753
69247.7,453753
69246.1,453753
69243.6,453753
69250.9,453753
69249.5,453753
69247.1,453753
69251.7,453753
69242.9,453753
69245.1,453753
69251.2,453753
69254.2,453753
69246.3,453753
69238.6,453753
69253.4,453753
69254.8,453753
69255.3,453753
69252.6,453753
69244.9,453753
69243.9,453753
69253.3,453753
69251.1,453753
69247.1,453753
69250.2,453753
69252.7,453753
69252.5,453753
69251.5,453753
69251,453753
69247.9,453753
69249.3,453753
69252.6,453753
69245.2,453753
69244.6,453753
69237.3,453753
69243.5,453753
69244.3,453753
69240.7,453753
69248.7,453753
69253.3,453753
69246.7,453753
69246.9,453753
69247.4,453753
69242.2,453753
69248.8,453753
69253.1,453753
69245.1,453753
69252.8,453753
69250.5,453753
69246.4,453753
69255.4,453753
69251.6,453753
69252,453753
69249.3,453753
69252.4,453753
69249,453753
69252.9,453753
69255,453753
69251.1,453753
69250.7,453753
69254.1,453753
69255.2,453753
69247.1,453753
69244.9,453753
69245.3,453753
69243.8,453753
69245.9,453753
69251,453753
69227.8,453753
69250.1,453753
69243.5,453753
69243.5,453753
69247,453753
69248,453753
69242.1,453753
69249.1,453753
69247.5,453753
69248.8,453753
69248,453753
69248.7,453753
69252.4,453753
69248.9,453753
69246.4,453753
69253.7,453753
69255.2,453753
69250,453753
69251.6,453753
69245,453753
69248.5,453753
69254.2,453753
69254.3,453753
69247.9,453753
69253.4,453753
69251,453753
69250,453753
69240.4,453753
69250.5,453753
69238.4,453753
69249.4,453753
69247.2,453753
69250.8,453753
69251.5,453753
69243.2,453753
69248.5,453753
69248.9,453753
69232,453753
69242,453753
69243.9,453753
69248.8,453753
69226.5,453753
69249.4,453753
69247.5,453753
69251.8,453753
69256.1,453753
69252.6,453753
69253.5,453753
69250,453753
69249.3,453753
69251.6,453753
69239.4,453753
69243,453753
69253,453753
69249,453753
69249.1,453753
69244.8,453753
69248.3,453753
69250.9,453753
69250.6,453753
69244.9,453753
69249.4,453753
69251.3,453753
69242.7,453753
69243,453753
69254.2,453753
69251.2,453753
69249.8,453753
69246.1,453753
69249,453753
69249,453753
69247.9,453753
69231.3,453753
69230,453753
69243.5,453753
69249.2,453753
69252,453753
69253,453753
69251.1,453753
69249.1,453753
69247.9,453753
69252.9,453753
69250,453753
69245.4,453753
69241.1,453753
69251.8,453753
69251.3,453753
69250.6,453753
69246.8,453753
69252.5,453753
69253.8,453753
69253.3,453753
69250.5,453753
69248.5,453753
69243.5,453753
69242.2,453753
69252.2,453753
69249.7,453753
69245.7,453753
69235,453753
69238.6,453753
69224.4,453753
69252.2,453753
69247.6,453753
69255.1,453753
69241.6,453753
69249,453753
69251,453753
69250,453753
69251.1,453753
69253.5,453753
69249.4,453753
69251.7,453753
69252.1,453753
69249.1,453753
69244.3,453753
69248.2,453753
69254.4,453753
69257.6,453753
69254.7,453753
69252.2,453753
69253.6,453753
69253.1,453753
69246.1,453753
69250.4,453753
69249.2,453753
69246.6,453753
69246.7,453753
69247.5,453753
69248.6,453753
69243.2,453753
69244.2,453753
69248.3,453753
69248.2,453753
69241.2,453753
69248.4,453753
69249.3,453753
69250.4,453753
69247.8,453753
69249.6,453753
69252.7,453753
69251.1,453753
69253.6,453753
69250.3,453753
69251.5,453753
69249,453753
69248.1,453753
69250.8,453753
69254.7,453753
69249.2,453753
69247,453753
69242.9,453753
69218,453753
69246.4,453753
69246.4,453753
69250.6,453753
69242.8,453753
69222.3,453753
69244.7,453753
69249.3,453753
69247,453753
69234.1,453753
69244,453753
69241.7,453753
69233,453753
69243,453753
69252.3,453753
69252.7,453753
69247.3,453753
69254.9,453753
69217.5,453753
69232.8,453753
69242.6,453753
69245.6,453753
69254.7,453753
69244.8,453753
69251.8,453753
69253.5,453753
69252.1,453753
69253.7,453753
69250.4,453753
69252,453753
69246.3,453753
69248.5,453753
69243.1,453753
69236.1,453753
69231.6,453753
69243.4,453753
69247.2,453753
69251.4,453753
69243.5,453753
69248.9,453753
69250,453753
69250.1,453753
69252.7,453753
69249,453753
69253.4,453753
69252.9,453753
69250.9,453753
69250.7,453753
69251.8,453753
69252.4,453753
69252.4,453753
69250.4,453753
69251.5,453753
69250.6,453753
69248.8,453753
69246.2,453753
69247.2,453753
69246.9,453753
69251.2,453753
69252.4,453753
69250.6,453753
69244.8,453753
69241.1,453753
69249.3,453753
69252.3,453753
69250.5,453753
69253.6,453753
69250.5,453753
69236.2,453753
69251.6,453753
69253.6,453753
69249.8,453753
69235.3,453753
69241.7,453753
69254.6,453753
69251,453753
69251.7,453753
69253.5,453546
