TRACE,NSNPS_JACKKNIFE
69299.1,453753
69297.3,453753
69296.6,453753
69297.1,453753
69295.6,453753
69297,453753
69292.2,453753
69293.9,453753
69292.6,453753
69292.5,453753
69295.2,453753
69287.8,453753
69297.9,453753
69292.6,453753
69298.1,453753
69294.9,453753
69295.3,453753
69277.2,453753
69286.1,453753
69289.8,453753
69296,453753
69297.7,453753
69291.2,453753
69294.8,453753
69297.4,453753
69294.9,453753
69290.4,453753
69290.1,453753
69291,453753
69292.4,453753
69289.2,453753
69292.9,453753
69291.7,453753
69289.8,453753
69292.5,453753
69293.1,453753
69292.8,453753
69288.7,453753
69292.5,453753
69294.2,453753
69298.6,453753
69296.8,453753
69290.7,453753
69285.5,453753
69287.1,453753
69288.4,453753
69294.1,453753
69295.3,453753
69297.7,453753
69299.1,453753
69296.8,453753
69283.2,453753
69290.8,453753
69290.5,453753
69285.1,453753
69291.2,453753
69294.4,453753
69284.5,453753
69288.1,453753
69292.4,453753
69292.6,453753
69296.9,453753
69295.9,453753
69291,453753
69289.5,453753
69295.5,453753
69295.5,453753
69290.2,453753
69293.3,453753
69289.5,453753
69279.3,453753
69295.3,453753
69296.6,453753
69298.6,453753
69294,453753
69297.9,453753
69297.9,453753
69297.9,453753
69297.5,453753
69291.1,453753
69287.7,453753
69292.8,453753
69295.9,453753
69300.5,453753
69297.9,453753
69296.2,453753
69298.1,453753
69297.8,453753
69294.7,453753
69298.5,453753
69288.5,453753
69286,453753
69294.8,453753
69262.8,453753
69294,453753
69290.5,453753
69290.8,453753
69293,453753
69292.8,453753
69298.6,453753
69287.2,453753
69290.4,453753
69292.5,453753
69279.8,453753
69285.7,453753
69284.3,453753
69295.2,453753
69295.7,453753
69294.3,453753
69296,453753
69296.8,453753
69292.8,453753
69287.6,453753
69286.9,453753
69283,453753
69289.5,453753
69292.1,453753
69295.6,453753
69290.3,453753
69288.7,453753
69289.6,453753
69295.8,453753
69289.9,453753
69293.9,453753
69292,453753
69290.5,453753
69292.6,453753
69291.4,453753
69290.8,453753
69294.6,453753
69291,453753
69295.8,453753
69291.8,453753
69292.4,453753
69286.2,453753
69286.8,453753
69292.2,453753
69295.9,453753
69290.3,453753
69292.5,453753
69273.4,453753
69270.5,453753
69291.6,453753
69285.4,453753
69286.6,453753
69286.5,453753
69290.6,453753
69291.3,453753
69294.2,453753
69295.2,453753
69296.1,453753
69294.9,453753
69297,453753
69293.3,453753
69297.5,453753
69292.6,453753
69293.3,453753
69295.4,453753
69296,453753
69296.1,453753
69295.2,453753
69293.4,453753
69293.7,453753
69298.2,453753
69299.1,453753
69299.2,453753
69298.6,453753
69296.2,453753
69294,453753
69294.6,453753
69288.9,453753
69292.5,453753
69292.3,453753
69293.7,453753
69295.2,453753
69291.7,453753
69292.2,453753
69291.6,453753
69288.1,453753
69290.5,453753
69287.4,453753
69243.1,453753
69263.1,453753
69291.2,453753
69288.2,453753
69299.9,453753
69293.1,453753
69297.5,453753
69295,453753
69295.2,453753
69299.9,453753
69297.5,453753
69287.5,453753
69269.4,453753
69276.9,453753
69267.8,453753
69278.4,453753
69288.7,453753
69293.1,453753
69293,453753
69287.6,453753
69298.2,453753
69295,453753
69283.8,453753
69296.1,453753
69294.5,453753
69292.2,453753
69292.7,453753
69288.6,453753
69286.8,453753
69293.7,453753
69294.8,453753
69293.4,453753
69296,453753
69288.3,453753
69293.7,453753
69271.8,453753
69276.9,453753
69284.8,453753
69281.2,453753
69297.6,453753
69295.2,453753
69295.7,453753
69295.9,453753
69290.7,453753
69298,453753
69297.1,453753
69293.8,453753
69296.1,453753
69296.1,453753
69291.7,453753
69286.2,453753
69289.2,453753
69299.2,453753
69299.8,453753
69298.8,453753
69294.6,453753
69292.6,453753
69286.3,453753
69293.9,453753
69290.9,453753
69294.6,453753
69297.6,453753
69294,453753
69294.3,453753
69293.8,453753
69292.1,453753
69292.8,453753
69294.2,453753
69290.3,453753
69284.5,453753
69296,453753
69295.5,453753
69289.5,453753
69289,453753
69291.2,453753
69289.5,453753
69290.3,453753
69280.3,453753
69289.9,453753
69296.1,453753
69287.9,453753
69269.7,453753
69289.9,453753
69290.5,453753
69290,453753
69286.6,453753
69262,453753
69296.6,453753
69291.7,453753
69292.4,453753
69280.2,453753
69292.3,453753
69290.2,453753
69288.4,453753
69286.8,453753
69295.2,453753
69297.5,453753
69291.8,453753
69284.8,453753
69289.4,453753
69290.5,453753
69294,453753
69295.3,453753
69290.7,453753
69293,453753
69295.2,453753
69291.8,453753
69294,453753
69297.5,453753
69296.1,453753
69300,453753
69298.7,453753
69294.2,453753
69297.1,453753
69297.2,453753
69294.9,453753
69294,453753
69298.1,453753
69297.2,453753
69297,453753
69295.1,453753
69299.2,453753
69292.5,453753
69294.3,453753
69296.4,453753
69295.4,453753
69293.2,453753
69294.2,453753
69298.9,453753
69298,453753
69290.5,453753
69288.5,453753
69274.2,453753
69264.5,453753
69288.1,453753
69292.9,453753
69288.8,453753
69289.2,453753
69295.3,453753
69294.4,453753
69295.3,453753
69290.3,453753
69294.9,453753
69291.3,453753
69287.7,453753
69288.3,453753
69292.4,453753
69294.2,453753
69289.8,453753
69271.6,453753
69290.9,453753
69291.2,453753
69292,453753
69294.6,453753
69294.3,453753
69289.4,453753
69294.7,453753
69296.1,453753
69287.4,453753
69284.9,453753
69293.5,453753
69275.6,453753
69267.7,453753
69294.5,453753
69284.9,453753
69294.3,453753
69288.4,453753
69291.7,453753
69261,453753
69292.7,453753
69292.5,453753
69293.8,453753
69301.1,453753
69299.4,453753
69299.2,453753
69299.9,453753
69296.6,453753
69294.9,453753
69294.9,453753
69298.6,453753
69298.5,453753
69295.4,453753
69297.2,453753
69293,453753
69294.8,453753
69293.5,453753
69297.7,453753
69291.5,453753
69293.9,453753
69296.8,453753
69292.4,453753
69292.3,453753
69292.6,453753
69289.9,453753
69294.2,453753
69286,453753
69270,453753
69285.7,453753
69286.4,453753
69254.7,453753
69280.3,453753
69288.8,453753
69288.1,453753
69287,453753
69281.5,453753
69280.8,453753
69283.7,453753
69287.3,453753
69297.4,453753
69291.1,453753
69285.7,453753
69287.2,453753
69292.8,453753
69290.5,453753
69287.8,453753
69289.2,453753
69279.7,453753
69282.9,453753
69292.7,453753
69290.6,453753
69296.9,453753
69294.4,453753
69295.1,453753
69299.9,453753
69269.2,453753
69292,453753
69287.3,453753
69293.2,453753
69294.8,453753
69295.6,453753
69296.4,453753
69291.2,453753
69293.7,453753
69299.4,453753
69296.2,453753
69297.9,453753
69298,453753
69284.1,453753
69290.1,453753
69290.2,453753
69294.7,453753
69294.8,453753
69290.3,453753
69296.4,453753
69294.1,453753
69293,453753
69292.5,453753
69286.7,453753
69292.8,453753
69291,453753
69294.2,453753
69281.3,453753
69292.5,453753
69292,453753
69292.5,453753
69294.7,453753
69293,453753
69289.1,453753
69291.8,453753
69291.8,453753
69283.9,453753
69245.4,453753
69288.4,453753
69293.4,453753
69292.8,453753
69298.4,453753
69295,453753
69291,453753
69288.9,453753
69292.1,453753
69296.5,453753
69281.6,453753
69284.8,453753
69295.6,453753
69296.7,453753
69295.7,453753
69293.9,453753
69286,453753
69285.4,453753
69287.3,453753
69291.5,453753
69299.2,453753
69289.9,453753
69298.6,453753
69294.8,453753
69293.1,453753
69296.8,453753
69297.5,453753
69290.8,453753
69298.7,453753
69299.1,453753
69299.6,453753
69293.5,453753
69291.1,453753
69295.1,453753
69289.9,453753
69294.9,453753
69298.2,453753
69275.1,453753
69239.3,453753
69248.2,453753
69291.6,453753
69294.1,453753
69292.9,453753
69290.6,453753
69294.1,453753
69287.3,453753
69296.3,453753
69293.9,453753
69297.2,453753
69288,453753
69292.8,453753
69289.8,453753
69272.2,453753
69286.4,453753
69289.7,453753
69292.6,453753
69292.5,453753
69292.2,453753
69295.6,453753
69297.4,453753
69298,453753
69292.1,453753
69286.1,453753
69293.6,453753
69289.9,453753
69289.7,453753
69291.3,453753
69296.3,453753
69293.6,453753
69292.6,453753
69293.2,453753
69278.3,453753
69284.6,453753
69294.8,453753
69295,453753
69300.3,453753
69297.5,453753
69298,453753
69292.6,453753
69296.1,453753
69298.4,453753
69296.2,453753
69295.7,453753
69297.2,453753
69293.9,453753
69292,453753
69299,453753
69298.9,453753
69295.2,453753
69295.1,453753
69295.6,453753
69298.8,453753
69295.8,453753
69291.9,453753
69296.8,453753
69289.4,453753
69296,453753
69288.4,453753
69292.5,453753
69282.3,453753
69275.3,453753
69292.1,453753
69292.1,453753
69292.2,453753
69297.2,453753
69295.1,453753
69296.3,453753
69295.2,453753
69295.8,453753
69298.1,453753
69297.3,453753
69285.4,453753
69287.9,453753
69292.7,453753
69290.3,453753
69295.5,453753
69296.5,453753
69295.8,453753
69287.4,453753
69295.3,453753
69289.4,453753
69297.1,453753
69295.7,453753
69289.4,453753
69296.7,453753
69296.1,453753
69297.3,453753
69294.5,453753
69297.7,453753
69290,453753
69295.2,453753
69297.8,453753
69298.5,453753
69296.2,453753
69294.9,453753
69294.1,453753
69298.2,453753
69291.9,453753
69296,453753
69298.9,453753
69288.5,453753
69291.3,453753
69293.3,453753
69293.7,453753
69293.6,453753
69289.5,453753
69282.3,453753
69273.4,453753
69290.4,453753
69291.4,453753
69298.6,453753
69286.5,453753
69291.8,453753
69288.4,453753
69287.9,453753
69289.6,453753
69293.7,453753
69291.1,453753
69248.6,453753
69295.1,453753
69295.6,453753
69289.8,453753
69297,453753
69287.9,453753
69290.4,453753
69288.2,453753
69291.4,453753
69279.6,453753
69292.5,453753
69291.1,453753
69294,453753
69295.4,453753
69296.8,453753
69295.7,453753
69295.1,453753
69295.6,453753
69298,453753
69295.2,453753
69298.5,453753
69294.3,453753
69288.4,453753
69261.4,453753
69294.7,453753
69285.8,453753
69280.1,453753
69288.3,453753
69286.7,453753
69296.8,453753
69292.8,453753
69294.3,453753
69298.6,453753
69296.8,453753
69296.8,453753
69293.5,453753
69287.1,453753
69293.4,453753
69297.9,453753
69294,453753
69295.4,453753
69294.2,453753
69176.8,453753
69025.5,453753
69238.5,453753
69288.9,453753
69285.4,453753
69285.9,453753
69295.1,453753
69292.5,453753
69297.2,453753
69297.9,453753
69287.7,453753
69263.9,453753
69287.3,453753
69289.3,453753
69290.3,453753
69296.3,453753
69291.1,453753
69286,453753
69284.6,453753
69291.9,453753
69289.6,453753
69295.5,453753
69295.7,453753
69296,453753
69297.9,453753
69297.3,453753
69289.3,453753
69299.5,453753
69297,453753
69297.8,453753
69296.5,453753
69293.8,453753
69295.1,453753
69299.3,453753
69297.6,453753
69294.2,453753
69292.5,453753
69296.8,453753
69296.4,453753
69297,453753
69294.7,453753
69294.6,453753
69296.3,453753
69293.5,453753
69293.8,453753
69282.5,453753
69256.1,453753
69287.8,453753
69291.3,453753
69282.4,453753
69284.6,453753
69291,453753
69290.9,453753
69289.9,453753
69292.8,453753
69297.6,453753
69294.7,453753
69294.2,453753
69295.3,453753
69293.3,453753
69281.8,453753
69284.1,453753
69293.3,453753
69292.3,453753
69289.4,453753
69295.8,453753
69293.6,453753
69291.8,453753
69296.6,453753
69284.4,453753
69289.6,453753
69295.8,453753
69296,453753
69292.9,453753
69283.7,453753
69297.8,453753
69302.4,453753
69299.2,453753
69299.3,453753
69288.8,453753
69289.5,453753
69299,453753
69294.5,453753
69293.5,453753
69297.4,453753
69299.6,453753
69295.6,453753
69297.3,453753
69296.4,453753
69292.8,453753
69292.7,453753
69297.4,453753
69289.3,453753
69285.8,453753
69282,453753
69291,453753
69290.2,453753
69288.6,453753
69290.5,453753
69298.9,453753
69289,453753
69293.6,453753
69289.6,453753
69288,453753
69294.1,453753
69296.2,453753
69293.2,453753
69293.6,453753
69297,453753
69296.6,453753
69300,453753
69298.2,453753
69297.3,453753
69294,453753
69297.7,453753
69294.7,453753
69296.1,453753
69296.9,453753
69295.9,453753
69294.5,453753
69298.4,453753
69298.6,453753
69296.8,453753
69290.7,453753
69289.5,453753
69289.1,453753
69294.3,453753
69296.7,453753
69282.7,453753
69297.9,453753
69292.4,453753
69291.1,453753
69292.1,453753
69292.4,453753
69287.4,453753
69292,453753
69291.1,453753
69291.6,453753
69294.8,453753
69292.8,453753
69295.1,453753
69292.7,453753
69295.2,453753
69300.2,453753
69299.9,453753
69296.8,453753
69295.9,453753
69292.1,453753
69297,453753
69299.7,453753
69298.3,453753
69296.1,453753
69298.3,453753
69297,453753
69291.5,453753
69283.8,453753
69293.1,453753
69286.9,453753
69295.2,453753
69294.9,453753
69298.3,453753
69294.2,453753
69291,453753
69294.4,453753
69299.7,453753
69274.3,453753
69284.9,453753
69286.7,453753
69294.5,453753
69277.4,453753
69292.1,453753
69290.9,453753
69296.4,453753
69301.3,453753
69299.7,453753
69299.7,453753
69298.8,453753
69295.7,453753
69296.9,453753
69286.8,453753
69289.1,453753
69298.1,453753
69295.6,453753
69295.2,453753
69295.4,453753
69295.4,453753
69297,453753
69297.2,453753
69291.3,453753
69295.9,453753
69300.3,453753
69292.4,453753
69284.4,453753
69298.5,453753
69293.4,453753
69296.4,453753
69292.1,453753
69295.6,453753
69294.7,453753
69293.8,453753
69278.1,453753
69279.8,453753
69289.2,453753
69291.8,453753
69297.3,453753
69296.5,453753
69296.6,453753
69294.9,453753
69296.8,453753
69296.4,453753
69299.4,453753
69290.6,453753
69281.6,453753
69295.3,453753
69296.6,453753
69291.5,453753
69289.5,453753
69298.5,453753
69299.7,453753
69300.2,453753
69294.2,453753
69289.1,453753
69287.7,453753
69285.6,453753
69299.2,453753
69296.2,453753
69290.1,453753
69279.6,453753
69278.5,453753
69268.9,453753
69296.1,453753
69294,453753
69298.2,453753
69286.5,453753
69296.7,453753
69295,453753
69296.4,453753
69296.2,453753
69300.4,453753
69294.7,453753
69299.3,453753
69293.3,453753
69298.9,453753
69290.5,453753
69291,453753
69299.4,453753
69300.5,453753
69301.9,453753
69296.6,453753
69300.8,453753
69296.2,453753
69292.7,453753
69295.7,453753
69294.1,453753
69293.4,453753
69292.8,453753
69289.8,453753
69291.6,453753
69286.1,453753
69287.1,453753
69294.7,453753
69292.9,453753
69282.6,453753
69294.2,453753
69295.1,453753
69295.8,453753
69296,453753
69293.9,453753
69296.3,453753
69296.1,453753
69301,453753
69295.3,453753
69295.9,453753
69295,453753
69295.4,453753
69294.9,453753
69301.1,453753
69297.1,453753
69296.7,453753
69290.6,453753
69267.9,453753
69290.7,453753
69293.4,453753
69294.7,453753
69282.9,453753
69272.6,453753
69289.3,453753
69295.2,453753
69291.5,453753
69276.7,453753
69284.1,453753
69285.9,453753
69270.9,453753
69286.5,453753
69296.3,453753
69295,453753
69290.3,453753
69298.6,453753
69270.7,453753
69281.5,453753
69292,453753
69294.7,453753
69297.7,453753
69289.8,453753
69298.3,453753
69298,453753
69298.8,453753
69296.8,453753
69293.5,453753
69297,453753
69293.7,453753
69291.6,453753
69291,453753
69281.1,453753
69276.4,453753
69294.9,453753
69294.3,453753
69295.4,453753
69290.5,453753
69288.8,453753
69296.1,453753
69295.9,453753
69299.2,453753
69299.7,453753
69300.3,453753
69299.8,453753
69296.9,453753
69290,453753
69299.1,453753
69299.7,453753
69297.7,453753
69295.8,453753
69298.2,453753
69296.7,453753
69292.6,453753
69294.4,453753
69294.1,453753
69294.9,453753
69297.4,453753
69300.5,453753
69294.1,453753
69294.3,453753
69287.3,453753
69296.7,453753
69298.5,453753
69294.1,453753
69296.3,453753
69294.1,453753
69279.3,453753
69294.1,453753
69297.4,453753
69296.1,453753
69280.1,453753
69286.8,453753
69298,453753
69296.6,453753
69300.3,453753
69301.4,453546
