TRACE,NSNPS_JACKKNIFE
69285,453753
69287.3,453753
69285.7,453753
69284.2,453753
69284.7,453753
69287.4,453753
69278.3,453753
69277.5,453753
69281.1,453753
69278,453753
69278.9,453753
69278.1,453753
69284.7,453753
69282.6,453753
69285.4,453753
69284.3,453753
69281,453753
69268.1,453753
69270.9,453753
69274.5,453753
69283.3,453753
69283.6,453753
69279.2,453753
69285.2,453753
69283.6,453753
69284.6,453753
69278.7,453753
69275,453753
69280.3,453753
69279.5,453753
69280.4,453753
69280,453753
69282.3,453753
69278.8,453753
69279.7,453753
69280.1,453753
69281.4,453753
69276.7,453753
69280.7,453753
69282.6,453753
69283.6,453753
69283.2,453753
69280.6,453753
69268.1,453753
69274.9,453753
69282.1,453753
69281.3,453753
69280.5,453753
69287.2,453753
69283.2,453753
69282.1,453753
69273.4,453753
69275.4,453753
69279.7,453753
69273.2,453753
69282.8,453753
69279,453753
69272.9,453753
69277.7,453753
69275,453753
69281.2,453753
69284.1,453753
69283.4,453753
69282.6,453753
69281.4,453753
69282.5,453753
69281.6,453753
69277.9,453753
69277.4,453753
69279.4,453753
69269.9,453753
69280.5,453753
69280,453753
69286.4,453753
69284.1,453753
69284.7,453753
69285.3,453753
69282.7,453753
69287.8,453753
69280.7,453753
69277,453753
69281.1,453753
69284.9,453753
69290.6,453753
69286.9,453753
69284,453753
69287.3,453753
69287.1,453753
69280.7,453753
69283,453753
69275.5,453753
69267.5,453753
69282.4,453753
69255.2,453753
69285.3,453753
69276.9,453753
69280.4,453753
69282.2,453753
69286.9,453753
69285.7,453753
69277.8,453753
69277.4,453753
69280.7,453753
69274.4,453753
69276.1,453753
69274.8,453753
69285.2,453753
69284.1,453753
69285.5,453753
69282.3,453753
69281.7,453753
69281.5,453753
69278.6,453753
69273.6,453753
69271.7,453753
69272,453753
69280.5,453753
69284.3,453753
69278.9,453753
69277.9,453753
69279.6,453753
69285.1,453753
69277,453753
69281.5,453753
69283.4,453753
69279.3,453753
69277.8,453753
69282.7,453753
69277.8,453753
69282,453753
69275.7,453753
69279.5,453753
69278.7,453753
69281,453753
69276.2,453753
69281.1,453753
69281.8,453753
69283.8,453753
69274.9,453753
69281.8,453753
69265.9,453753
69257.6,453753
69277.1,453753
69277.2,453753
69276.8,453753
69276.8,453753
69280.4,453753
69280.9,453753
69280.8,453753
69282.3,453753
69282.8,453753
69286,453753
69284.9,453753
69281.2,453753
69284,453753
69281.2,453753
69281.9,453753
69284.3,453753
69286.4,453753
69284.8,453753
69280.2,453753
69282,453753
69285.1,453753
69285.9,453753
69287,453753
69287,453753
69284.1,453753
69283.5,453753
69281.9,453753
69284.4,453753
69276.9,453753
69282,453753
69282.3,453753
69283.4,453753
69283.4,453753
69280.2,453753
69281.4,453753
69280.6,453753
69280.8,453753
69277.8,453753
69278.5,453753
69232.7,453753
69245.2,453753
69280.5,453753
69275.8,453753
69286,453753
69285.1,453753
69285.6,453753
69286.4,453753
69282.6,453753
69288.7,453753
69284.4,453753
69272.4,453753
69263.7,453753
69258.5,453753
69254.9,453753
69264.3,453753
69275.7,453753
69283.8,453753
69277.5,453753
69281.3,453753
69283.8,453753
69282.9,453753
69274.4,453753
69283.8,453753
69284,453753
69276.5,453753
69282.2,453753
69276.6,453753
69270,453753
69282.2,453753
69284.5,453753
69284.5,453753
69284.8,453753
69279.2,453753
69279,453753
69263.9,453753
69264.9,453753
69273.9,453753
69266.1,453753
69286.9,453753
69284,453753
69282.4,453753
69286.1,453753
69279.6,453753
69283.4,453753
69285.3,453753
69283.8,453753
69284.9,453753
69282.6,453753
69279.9,453753
69274.2,453753
69275,453753
69286.1,453753
69286.9,453753
69287.4,453753
69281.1,453753
69276.6,453753
69273.7,453753
69283.6,453753
69281.1,453753
69285.2,453753
69285.8,453753
69280.8,453753
69281,453753
69280.5,453753
69280,453753
69285.5,453753
69281.6,453753
69273.2,453753
69270.6,453753
69285.4,453753
69280.7,453753
69280,453753
69279.3,453753
69277.4,453753
69284.4,453753
69276.8,453753
69267.2,453753
69278.2,453753
69282.7,453753
69276.2,453753
69263.3,453753
69277.2,453753
69279.2,453753
69275.7,453753
69277.7,453753
69258.9,453753
69282.2,453753
69280.8,453753
69280.3,453753
69269.8,453753
69279.6,453753
69277.7,453753
69280.8,453753
69276.1,453753
69282.2,453753
69284.2,453753
69277.8,453753
69271.7,453753
69279.2,453753
69276.1,453753
69286.3,453753
69282.4,453753
69274.5,453753
69284.6,453753
69284.9,453753
69276.4,453753
69281.8,453753
69284.2,453753
69287.5,453753
69284,453753
69288.9,453753
69282.3,453753
69285.7,453753
69280.7,453753
69282.4,453753
69282.1,453753
69284.7,453753
69284.4,453753
69285.7,453753
69284.1,453753
69286.9,453753
69282.8,453753
69285,453753
69285.3,453753
69279.4,453753
69283.6,453753
69281.8,453753
69283,453753
69283.7,453753
69282.6,453753
69273.9,453753
69264.2,453753
69256.1,453753
69277.7,453753
69281.2,453753
69278,453753
69279.2,453753
69282.2,453753
69282,453753
69283.2,453753
69279.3,453753
69281.4,453753
69279.9,453753
69277.2,453753
69281.3,453753
69282.5,453753
69281.5,453753
69277.4,453753
69261.4,453753
69277.6,453753
69277.7,453753
69286.9,453753
69279.9,453753
69283.1,453753
69275.4,453753
69283.5,453753
69283.7,453753
69277.5,453753
69266.9,453753
69279.3,453753
69268.3,453753
69258.4,453753
69279.4,453753
69273.8,453753
69283.3,453753
69279.2,453753
69279.4,453753
69243.9,453753
69281.2,453753
69282.3,453753
69281,453753
69285.6,453753
69288.1,453753
69285,453753
69287,453753
69288.1,453753
69284.9,453753
69282.1,453753
69283.2,453753
69285.7,453753
69285.7,453753
69284.8,453753
69280.2,453753
69283.2,453753
69280.7,453753
69285,453753
69281.1,453753
69282.5,453753
69283,453753
69281.5,453753
69281.4,453753
69283.6,453753
69278.5,453753
69280.1,453753
69273.5,453753
69264,453753
69274.2,453753
69272.9,453753
69246.9,453753
69268.2,453753
69272.8,453753
69279.1,453753
69276.6,453753
69271,453753
69273.7,453753
69265.5,453753
69275.7,453753
69282.3,453753
69278.8,453753
69275.3,453753
69275.7,453753
69280,453753
69278.6,453753
69273.8,453753
69278.1,453753
69267.5,453753
69274.3,453753
69282.3,453753
69281.9,453753
69281,453753
69281.7,453753
69280.5,453753
69289.5,453753
69253.1,453753
69279.5,453753
69281.1,453753
69278.9,453753
69283.1,453753
69284,453753
69285.4,453753
69283.4,453753
69285.8,453753
69289.5,453753
69284.7,453753
69286.1,453753
69280.8,453753
69278.8,453753
69277,453753
69277.5,453753
69283.7,453753
69283.8,453753
69279.1,453753
69285.1,453753
69282.2,453753
69283.6,453753
69284,453753
69275.3,453753
69276.9,453753
69279.5,453753
69285,453753
69267.6,453753
69281.5,453753
69283.5,453753
69281.5,453753
69283.7,453753
69279.1,453753
69281.6,453753
69279,453753
69277.2,453753
69271.3,453753
69242.9,453753
69277.3,453753
69280.6,453753
69281.4,453753
69285.6,453753
69283,453753
69278,453753
69274.1,453753
69280.4,453753
69283.4,453753
69271.9,453753
69277.7,453753
69281.1,453753
69279.1,453753
69283.6,453753
69280.5,453753
69276.1,453753
69274.1,453753
69271.8,453753
69276.6,453753
69283.2,453753
69277.7,453753
69286.1,453753
69284.6,453753
69279.2,453753
69282.9,453753
69284.4,453753
69281,453753
69287.2,453753
69286.3,453753
69284.5,453753
69277.2,453753
69274.8,453753
69282,453753
69276.2,453753
69282.4,453753
69283.8,453753
69268,453753
69235.2,453753
69247.1,453753
69277.2,453753
69280.1,453753
69281,453753
69278.5,453753
69281.6,453753
69274,453753
69284.2,453753
69282.9,453753
69281.6,453753
69273.7,453753
69278.3,453753
69281.9,453753
69260.6,453753
69275.6,453753
69277,453753
69279.9,453753
69283.4,453753
69279.2,453753
69279.8,453753
69286.1,453753
69285.3,453753
69279.8,453753
69276.4,453753
69279.6,453753
69273.5,453753
69277.3,453753
69281.5,453753
69281.9,453753
69279.1,453753
69282.5,453753
69280.2,453753
69270.9,453753
69270.4,453753
69281.4,453753
69282.1,453753
69284.5,453753
69282.4,453753
69286,453753
69279.4,453753
69281.5,453753
69283.4,453753
69284.8,453753
69283,453753
69282.3,453753
69283.6,453753
69279.8,453753
69286.7,453753
69286.6,453753
69283.9,453753
69285.2,453753
69285.3,453753
69281.7,453753
69281.3,453753
69278.3,453753
69281.5,453753
69277.7,453753
69283.6,453753
69271.3,453753
69277.4,453753
69270.1,453753
69261.2,453753
69279.6,453753
69277.9,453753
69280.9,453753
69284.3,453753
69280.5,453753
69278.2,453753
69282.6,453753
69284.5,453753
69283.4,453753
69283.9,453753
69274.8,453753
69272.5,453753
69281.6,453753
69280.4,453753
69278.4,453753
69285.7,453753
69282.6,453753
69276.7,453753
69284.2,453753
69281.5,453753
69282.9,453753
69282.9,453753
69277.9,453753
69281,453753
69282.3,453753
69285.3,453753
69285.7,453753
69287.9,453753
69283.4,453753
69280.4,453753
69286.4,453753
69284,453753
69284.4,453753
69282.5,453753
69282.4,453753
69284.7,453753
69283.2,453753
69284.4,453753
69283,453753
69275.6,453753
69281.9,453753
69284.8,453753
69280.9,453753
69284.7,453753
69280.2,453753
69267.8,453753
69255.1,453753
69276.7,453753
69280,453753
69280,453753
69274.7,453753
69282.9,453753
69280,453753
69278.1,453753
69279.2,453753
69283.5,453753
69278,453753
69235.7,453753
69284.2,453753
69285.4,453753
69277.9,453753
69282.6,453753
69279,453753
69280.3,453753
69280.3,453753
69277.8,453753
69267.2,453753
69278,453753
69278.8,453753
69283.1,453753
69284.3,453753
69288.3,453753
69282.2,453753
69283.6,453753
69280.8,453753
69284.8,453753
69280.9,453753
69286.6,453753
69280.6,453753
69279,453753
69255.9,453753
69282.8,453753
69268,453753
69263.1,453753
69278.9,453753
69277.5,453753
69284.9,453753
69280.4,453753
69281,453753
69287.1,453753
69285.1,453753
69284.3,453753
69280,453753
69280.2,453753
69280.9,453753
69283.5,453753
69279.9,453753
69282.4,453753
69280.8,453753
69170.7,453753
68976.9,453753
69219.9,453753
69272.5,453753
69275.5,453753
69277.7,453753
69279.6,453753
69277.9,453753
69279.2,453753
69284.2,453753
69278.1,453753
69254.1,453753
69272.9,453753
69274.7,453753
69281.6,453753
69286.4,453753
69279.7,453753
69272.7,453753
69271.6,453753
69277.8,453753
69279.4,453753
69283.7,453753
69282.3,453753
69287.2,453753
69289.4,453753
69285.2,453753
69278.4,453753
69289.8,453753
69284.1,453753
69284.9,453753
69287.6,453753
69281.1,453753
69284,453753
69285.6,453753
69286.3,453753
69288.2,453753
69278.1,453753
69283.6,453753
69285.3,453753
69281.7,453753
69284.4,453753
69279.8,453753
69281.6,453753
69279.6,453753
69282.2,453753
69269.4,453753
69245.6,453753
69281.1,453753
69280.4,453753
69266.7,453753
69274.5,453753
69278.2,453753
69277.1,453753
69279.3,453753
69281,453753
69282.1,453753
69281.2,453753
69280.8,453753
69283.8,453753
69280.3,453753
69269.2,453753
69270.2,453753
69283.6,453753
69280,453753
69282.3,453753
69284.8,453753
69279.5,453753
69280.2,453753
69280.7,453753
69274.3,453753
69274,453753
69284.2,453753
69286.5,453753
69277.4,453753
69268.9,453753
69285.1,453753
69286.6,453753
69284.6,453753
69286,453753
69281.2,453753
69274.1,453753
69285.6,453753
69282.5,453753
69282.7,453753
69283.8,453753
69287.3,453753
69285.7,453753
69282.5,453753
69281.1,453753
69281.1,453753
69280.2,453753
69285.5,453753
69281.7,453753
69281.2,453753
69273.2,453753
69277.7,453753
69279.1,453753
69278.4,453753
69284,453753
69288.5,453753
69281.4,453753
69282.9,453753
69279.8,453753
69278.6,453753
69275.5,453753
69280.7,453753
69284.2,453753
69281.5,453753
69283.5,453753
69284.4,453753
69289,453753
69286.6,453753
69285.2,453753
69281.5,453753
69283.4,453753
69281.4,453753
69282.6,453753
69287.7,453753
69284.9,453753
69283,453753
69285.3,453753
69287.1,453753
69280.7,453753
69273.8,453753
69277.8,453753
69275.6,453753
69279.2,453753
69282.4,453753
69269,453753
69285.9,453753
69279.7,453753
69282.3,453753
69276.6,453753
69280.4,453753
69278.1,453753
69284.5,453753
69276.9,453753
69282.5,453753
69282.6,453753
69281.2,453753
69283.6,453753
69283,453753
69279.8,453753
69287.8,453753
69286.9,453753
69285.7,453753
69282.8,453753
69278.2,453753
69282.1,453753
69288.8,453753
69285.7,453753
69279.6,453753
69288.9,453753
69284.9,453753
69282.8,453753
69270.7,453753
69281.2,453753
69273.5,453753
69280.9,453753
69282.4,453753
69285.9,453753
69281.4,453753
69281.8,453753
69281.4,453753
69286.7,453753
69259.5,453753
69272.9,453753
69272.9,453753
69282.5,453753
69263.8,453753
69283.1,453753
69285.6,453753
69285,453753
69287.9,453753
69285.8,453753
69286.5,453753
69285.2,453753
69283.4,453753
69285.7,453753
69278.9,453753
69277.5,453753
69287.5,453753
69284.8,453753
69283.7,453753
69279.7,453753
69282.6,453753
69285.2,453753
69284.7,453753
69281,453753
69285.7,453753
69285.9,453753
69278.5,453753
69280.2,453753
69283.2,453753
69283.6,453753
69285.9,453753
69280.2,453753
69276,453753
69281.5,453753
69282.3,453753
69267.4,453753
69266.8,453753
69279.1,453753
69279.5,453753
69281.4,453753
69285.3,453753
69282.3,453753
69287,453753
69285.7,453753
69288.2,453753
69284.7,453753
69277.6,453753
69274.1,453753
69286.8,453753
69287.1,453753
69280.4,453753
69277.2,453753
69288.2,453753
69288.3,453753
69290.2,453753
69284.5,453753
69274.4,453753
69277.4,453753
69278.4,453753
69284.4,453753
69285,453753
69277.1,453753
69265.1,453753
69266.5,453753
69254.1,453753
69282.9,453753
69280.1,453753
69286.7,453753
69265.1,453753
69281.6,453753
69282,453753
69286.5,453753
69283.1,453753
69289.7,453753
69281.9,453753
69285,453753
69283.4,453753
69283.8,453753
69279.5,453753
69278.5,453753
69287.8,453753
69287.3,453753
69288.3,453753
69285,453753
69287.2,453753
69283.8,453753
69280.6,453753
69284.3,453753
69284.3,453753
69281.3,453753
69282,453753
69278.2,453753
69283.8,453753
69274.5,453753
69276.1,453753
69282.9,453753
69282,453753
69272.7,453753
69280.9,453753
69284.8,453753
69287.5,453753
69280.1,453753
69284,453753
69285.9,453753
69284.2,453753
69286.4,453753
69282.3,453753
69279.5,453753
69284.8,453753
69283.3,453753
69285.8,453753
69285.4,453753
69284.6,453753
69283.2,453753
69274.8,453753
69259.1,453753
69281.1,453753
69280.7,453753
69282,453753
69272.3,453753
69259.3,453753
69280,453753
69280.4,453753
69282.8,453753
69269,453753
69276,453753
69269.8,453753
69261.3,453753
69275.9,453753
69283,453753
69286.1,453753
69277.6,453753
69287,453753
69249.7,453753
69267.7,453753
69276.7,453753
69280.7,453753
69285.3,453753
69277.7,453753
69286.6,453753
69286.5,453753
69286.8,453753
69286.4,453753
69281.4,453753
69284.7,453753
69283.1,453753
69280.5,453753
69276.3,453753
69266.3,453753
69268,453753
69280.2,453753
69286,453753
69283.9,453753
69278.5,453753
69282.7,453753
69281.1,453753
69285.7,453753
69285.7,453753
69287.8,453753
69285.9,453753
69288,453753
69286,453753
69276.4,453753
69285.3,453753
69285.6,453753
69284.5,453753
69281.6,453753
69284.6,453753
69283.3,453753
69281.4,453753
69279.6,453753
69282.5,453753
69281.4,453753
69287.4,453753
69286.4,453753
69281.6,453753
69276.1,453753
69272.8,453753
69285.1,453753
69284.7,453753
69282.6,453753
69286,453753
69280.8,453753
69270.2,453753
69282.9,453753
69285.7,453753
69283.1,453753
69265.5,453753
69273.1,453753
69285.2,453753
69282.5,453753
69283.6,453753
69289.7,453546
