TRACE,NSNPS_JACKKNIFE
69397,453753
69396.3,453753
69392.1,453753
69393.2,453753
69393.4,453753
69396.9,453753
69393.3,453753
69392.3,453753
69395.1,453753
69391.9,453753
69391.5,453753
69386.9,453753
69397.4,453753
69393.6,453753
69395.4,453753
69394.6,453753
69389.7,453753
69377.7,453753
69383.4,453753
69383.8,453753
69395.5,453753
69395.8,453753
69391.2,453753
69397.1,453753
69395.8,453753
69393.4,453753
69389.1,453753
69385.8,453753
69391.6,453753
69391.6,453753
69394.2,453753
69392.1,453753
69389.4,453753
69387.6,453753
69394,453753
69392.9,453753
69391.3,453753
69393.1,453753
69392.8,453753
69397,453753
69398.2,453753
69396.4,453753
69390.4,453753
69385.3,453753
69386.2,453753
69390,453753
69393.6,453753
69392.3,453753
69397.4,453753
69397.6,453753
69396.7,453753
69383.6,453753
69394.5,453753
69390.6,453753
69387.7,453753
69395.9,453753
69390.9,453753
69385.8,453753
69389.5,453753
69386.5,453753
69395.9,453753
69395.1,453753
69396.6,453753
69391.6,453753
69392.2,453753
69395.4,453753
69393.4,453753
69391,453753
69393.5,453753
69391.9,453753
69382.3,453753
69395.6,453753
69396.4,453753
69397.6,453753
69398.4,453753
69394,453753
69396.1,453753
69395.9,453753
69398.6,453753
69393.7,453753
69385.3,453753
69398.3,453753
69396.1,453753
69400.3,453753
69396,453753
69396.1,453753
69397.5,453753
69396.4,453753
69395.3,453753
69396.4,453753
69389.9,453753
69389.3,453753
69394.5,453753
69353.8,453753
69393.6,453753
69392,453753
69395.4,453753
69394.6,453753
69394.8,453753
69397.2,453753
69388.9,453753
69389.2,453753
69387.9,453753
69387.9,453753
69384.4,453753
69384.6,453753
69391.2,453753
69393,453753
69391.5,453753
69394.1,453753
69396.8,453753
69393.1,453753
69387.6,453753
69386,453753
69386.1,453753
69390.5,453753
69394.1,453753
69393.5,453753
69389.9,453753
69386.5,453753
69386.8,453753
69398.7,453753
69394.5,453753
69392,453753
69393.6,453753
69392.9,453753
69389.7,453753
69393.7,453753
69387.2,453753
69390.9,453753
69387.8,453753
69395.1,453753
69391.4,453753
69392.8,453753
69389.3,453753
69391.8,453753
69398.7,453753
69393.4,453753
69388.4,453753
69394,453753
69377.4,453753
69372.8,453753
69389,453753
69390.9,453753
69388,453753
69388.2,453753
69390.6,453753
69390.2,453753
69392.8,453753
69395,453753
69393,453753
69397.2,453753
69392.4,453753
69394.5,453753
69394.9,453753
69393.4,453753
69392.5,453753
69394.5,453753
69396.9,453753
69396.4,453753
69389,453753
69392,453753
69394.2,453753
69396.5,453753
69397.7,453753
69397.7,453753
69398.5,453753
69396.9,453753
69393.9,453753
69393.7,453753
69389,453753
69393.5,453753
69393.5,453753
69392.4,453753
69394.2,453753
69395.6,453753
69391.3,453753
69390.4,453753
69390.3,453753
69388,453753
69390.9,453753
69354,453753
69356.5,453753
69392.1,453753
69392.5,453753
69400.3,453753
69394.4,453753
69393.9,453753
69396.9,453753
69395,453753
69398.2,453753
69397.7,453753
69386.4,453753
69373.7,453753
69378.3,453753
69372.3,453753
69380.8,453753
69388.9,453753
69392.3,453753
69389.7,453753
69393.2,453753
69394.7,453753
69391.1,453753
69381.7,453753
69396.9,453753
69393,453753
69389.4,453753
69394.5,453753
69389,453753
69386.3,453753
69392.3,453753
69390.5,453753
69393.7,453753
69394.1,453753
69385.8,453753
69393.3,453753
69377.7,453753
69378.3,453753
69379,453753
69381.7,453753
69396.3,453753
69395,453753
69395.5,453753
69397.2,453753
69389,453753
69397.3,453753
69400.8,453753
69395.1,453753
69396.9,453753
69398.4,453753
69395.3,453753
69388.5,453753
69389.9,453753
69396.7,453753
69398.8,453753
69397,453753
69391.6,453753
69391.8,453753
69384.6,453753
69392.1,453753
69390.9,453753
69398.8,453753
69397,453753
69395,453753
69395.4,453753
69394.1,453753
69394.3,453753
69394.9,453753
69394.5,453753
69384.9,453753
69382.9,453753
69391.9,453753
69390.6,453753
69389.3,453753
69388.4,453753
69389.9,453753
69391.2,453753
69391.4,453753
69380.6,453753
69392.2,453753
69395.1,453753
69385.5,453753
69371.8,453753
69389.9,453753
69391.9,453753
69390,453753
69390.8,453753
69367,453753
69393.2,453753
69394.8,453753
69390.1,453753
69376,453753
69390.8,453753
69390.8,453753
69389.4,453753
69389.7,453753
69393.5,453753
69396.8,453753
69389.6,453753
69379.8,453753
69391.4,453753
69390.8,453753
69394.5,453753
69390.9,453753
69386.8,453753
69396.5,453753
69393.3,453753
69393.8,453753
69394.3,453753
69395.9,453753
69397.2,453753
69396.1,453753
69397.8,453753
69398.4,453753
69397.7,453753
69398.7,453753
69392.8,453753
69392.9,453753
69398.2,453753
69398.7,453753
69396.3,453753
69394.5,453753
69398.3,453753
69390.3,453753
69393.9,453753
69397.8,453753
69394.9,453753
69396.4,453753
69391.3,453753
69395.1,453753
69398.3,453753
69393.4,453753
69385,453753
69372.5,453753
69366,453753
69387.5,453753
69390.3,453753
69387.2,453753
69387.3,453753
69390.7,453753
69393.3,453753
69394.6,453753
69392.2,453753
69390.9,453753
69387.2,453753
69386.3,453753
69390,453753
69386.7,453753
69395.8,453753
69387.8,453753
69367.3,453753
69390.8,453753
69391.2,453753
69393.4,453753
69393.5,453753
69395.2,453753
69390.5,453753
69390.1,453753
69394.1,453753
69388.5,453753
69384.4,453753
69393.6,453753
69382.1,453753
69372.5,453753
69394.6,453753
69388.4,453753
69392.6,453753
69389.8,453753
69389.1,453753
69356.4,453753
69393.6,453753
69394.3,453753
69392.1,453753
69400.4,453753
69398.4,453753
69399.9,453753
69399.7,453753
69397.7,453753
69396,453753
69394.7,453753
69395.7,453753
69400.7,453753
69395.3,453753
69398.4,453753
69394,453753
69398.6,453753
69393.4,453753
69396.1,453753
69391.1,453753
69394.1,453753
69394.4,453753
69393.2,453753
69391.3,453753
69392.6,453753
69391.9,453753
69390.8,453753
69385.2,453753
69374.8,453753
69388.3,453753
69381.4,453753
69353.9,453753
69372.1,453753
69389.4,453753
69391.9,453753
69388.6,453753
69381.2,453753
69380,453753
69385.9,453753
69391.9,453753
69394.1,453753
69391.9,453753
69390.5,453753
69386.6,453753
69389.8,453753
69388.9,453753
69385,453753
69385.6,453753
69379.9,453753
69384.5,453753
69393.6,453753
69392.2,453753
69392,453753
69394.2,453753
69395.6,453753
69397.7,453753
69372.7,453753
69392,453753
69389,453753
69390.1,453753
69393.2,453753
69391,453753
69395.8,453753
69393.8,453753
69395.2,453753
69400.2,453753
69401.5,453753
69396.2,453753
69393.9,453753
69386.4,453753
69387.6,453753
69392.6,453753
69396.2,453753
69395.5,453753
69388,453753
69399.8,453753
69394.3,453753
69395,453753
69395.2,453753
69386,453753
69390,453753
69391.1,453753
69394.6,453753
69376.3,453753
69393.2,453753
69394.5,453753
69392.9,453753
69392.4,453753
69390.8,453753
69390.1,453753
69388.3,453753
69389.4,453753
69385,453753
69351.9,453753
69389.4,453753
69388.6,453753
69393.5,453753
69399.4,453753
69393.6,453753
69389.6,453753
69388.8,453753
69390.3,453753
69393.5,453753
69382,453753
69387,453753
69398.5,453753
69391.3,453753
69395.6,453753
69392,453753
69389.1,453753
69386.8,453753
69386.3,453753
69391.9,453753
69394.5,453753
69389.8,453753
69399.6,453753
69395.3,453753
69391.5,453753
69393.3,453753
69394.8,453753
69390.6,453753
69398.7,453753
69398.9,453753
69398.7,453753
69389.9,453753
69386.4,453753
69390.5,453753
69391.9,453753
69395,453753
69393.6,453753
69381.1,453753
69347.6,453753
69360.7,453753
69391.7,453753
69393.1,453753
69395.6,453753
69392.5,453753
69392.1,453753
69387.1,453753
69395.1,453753
69391,453753
69398.2,453753
69390.6,453753
69396.2,453753
69389.9,453753
69368,453753
69384.6,453753
69391.7,453753
69389.8,453753
69393.1,453753
69392,453753
69392.4,453753
69397.5,453753
69398.3,453753
69393.2,453753
69388.1,453753
69390.8,453753
69387.1,453753
69388.5,453753
69391.7,453753
69397,453753
69389.1,453753
69389.7,453753
69387.8,453753
69382,453753
69381.2,453753
69396.2,453753
69394.3,453753
69396.9,453753
69396.5,453753
69396.9,453753
69390,453753
69394.7,453753
69394.4,453753
69394.8,453753
69398.5,453753
69397.3,453753
69394.6,453753
69392.4,453753
69396.8,453753
69399.8,453753
69394,453753
69395.1,453753
69396.6,453753
69395.3,453753
69395.9,453753
69393.5,453753
69397.5,453753
69391.5,453753
69397.3,453753
69389.1,453753
69389.8,453753
69377.2,453753
69368.6,453753
69392.8,453753
69388.9,453753
69395.7,453753
69397.3,453753
69391.5,453753
69392.9,453753
69394.8,453753
69395.6,453753
69397.9,453753
69392.6,453753
69387.7,453753
69384.3,453753
69391.9,453753
69392.4,453753
69389.9,453753
69395.4,453753
69395.4,453753
69387.7,453753
69393.7,453753
69388.7,453753
69394.8,453753
69387.8,453753
69389.3,453753
69395,453753
69396.9,453753
69397.2,453753
69393,453753
69400.5,453753
69393.2,453753
69389.6,453753
69396.5,453753
69394,453753
69397.2,453753
69394.2,453753
69394.3,453753
69394.7,453753
69397.2,453753
69396.2,453753
69395,453753
69387.1,453753
69389.3,453753
69395.5,453753
69391.1,453753
69397.8,453753
69392.1,453753
69382.4,453753
69367.3,453753
69388.4,453753
69391.7,453753
69393.7,453753
69389.5,453753
69395.2,453753
69388.9,453753
69393.2,453753
69389.5,453753
69393.9,453753
69390.9,453753
69350.7,453753
69391.4,453753
69395.1,453753
69391.3,453753
69394.7,453753
69386.2,453753
69390.7,453753
69395.7,453753
69387.6,453753
69379.7,453753
69392,453753
69392.2,453753
69394.4,453753
69395.5,453753
69397.8,453753
69391.3,453753
69396.4,453753
69395.2,453753
69392.8,453753
69393.6,453753
69399.9,453753
69394.5,453753
69387.7,453753
69375.1,453753
69395.7,453753
69385.2,453753
69370.7,453753
69389.4,453753
69388.7,453753
69397.8,453753
69392,453753
69391.9,453753
69399.7,453753
69397.8,453753
69395.6,453753
69389.4,453753
69387,453753
69392.3,453753
69398.5,453753
69393,453753
69390.2,453753
69394.7,453753
69270.8,453753
69069.3,453753
69336.9,453753
69390,453753
69387.2,453753
69382.3,453753
69396.7,453753
69387.7,453753
69393.5,453753
69395,453753
69393.7,453753
69368.9,453753
69387.9,453753
69383.1,453753
69394.9,453753
69396.4,453753
69390.5,453753
69390.8,453753
69386.8,453753
69390.5,453753
69389.9,453753
69395,453753
69393.3,453753
69395,453753
69398.1,453753
69394.7,453753
69388.4,453753
69399.8,453753
69398.4,453753
69399,453753
69399.5,453753
69395.5,453753
69398.6,453753
69396.7,453753
69399.6,453753
69395.6,453753
69394.5,453753
69395.4,453753
69393.8,453753
69393.7,453753
69393.5,453753
69392,453753
69396.8,453753
69392.2,453753
69391.1,453753
69380,453753
69354.4,453753
69384.3,453753
69392.9,453753
69381.2,453753
69389.9,453753
69387.5,453753
69388.9,453753
69389.8,453753
69389.5,453753
69397.8,453753
69395.9,453753
69392,453753
69394.7,453753
69390.8,453753
69380.2,453753
69381.9,453753
69393.4,453753
69390.7,453753
69386.8,453753
69391.6,453753
69394.8,453753
69393.5,453753
69393.4,453753
69391.8,453753
69389.2,453753
69397.8,453753
69397,453753
69388.6,453753
69381.9,453753
69398.7,453753
69400.9,453753
69396.5,453753
69401,453753
69393.1,453753
69388,453753
69398,453753
69391.4,453753
69392.7,453753
69396,453753
69396.8,453753
69396.8,453753
69394.9,453753
69395.8,453753
69390,453753
69395.4,453753
69397.2,453753
69390.2,453753
69388.8,453753
69380.2,453753
69389.9,453753
69389.4,453753
69389.5,453753
69391.9,453753
69399.6,453753
69394.3,453753
69392.5,453753
69395.3,453753
69386.2,453753
69391.9,453753
69392.9,453753
69393.1,453753
69395.2,453753
69397,453753
69395.4,453753
69399.2,453753
69397.9,453753
69395.7,453753
69393.2,453753
69396.6,453753
69394.1,453753
69395.7,453753
69398,453753
69396.2,453753
69394.4,453753
69398.7,453753
69400.4,453753
69394.8,453753
69389,453753
69388.9,453753
69384.5,453753
69392.9,453753
69395.7,453753
69378.3,453753
69396.5,453753
69391.4,453753
69393.2,453753
69387.8,453753
69387.6,453753
69385.4,453753
69394.6,453753
69389.8,453753
69389,453753
69393.6,453753
69392.3,453753
69395.1,453753
69393.1,453753
69392.8,453753
69399.6,453753
69398.9,453753
69396.3,453753
69394.2,453753
69389.9,453753
69392.2,453753
69398.2,453753
69396.2,453753
69393.5,453753
69399.1,453753
69397.5,453753
69393.9,453753
69384.9,453753
69395.5,453753
69381.7,453753
69391.9,453753
69390.2,453753
69395.5,453753
69395.4,453753
69390.5,453753
69393.6,453753
69397.8,453753
69371.6,453753
69384.2,453753
69388.8,453753
69393.4,453753
69367.8,453753
69393.9,453753
69391.7,453753
69394.6,453753
69400,453753
69396.6,453753
69401.7,453753
69396.4,453753
69393.7,453753
69397.3,453753
69386.7,453753
69388.6,453753
69399.1,453753
69394.5,453753
69394.7,453753
69395.3,453753
69394,453753
69397.3,453753
69395.8,453753
69391.5,453753
69390.1,453753
69397.8,453753
69390.6,453753
69387,453753
69396.6,453753
69394,453753
69393.3,453753
69390.9,453753
69392.2,453753
69391.9,453753
69394,453753
69376.2,453753
69382.7,453753
69386.8,453753
69393.6,453753
69396.5,453753
69396.3,453753
69395.8,453753
69395.9,453753
69395.3,453753
69399.9,453753
69396.5,453753
69393.4,453753
69380.7,453753
69395,453753
69394.9,453753
69390.5,453753
69387.6,453753
69399.1,453753
69399.3,453753
69400.6,453753
69395.5,453753
69389.1,453753
69385.5,453753
69384.8,453753
69397.4,453753
69394.9,453753
69391.1,453753
69383.3,453753
69382.7,453753
69373.3,453753
69395.9,453753
69394.6,453753
69398.2,453753
69389.7,453753
69393.1,453753
69395.2,453753
69396.4,453753
69397.1,453753
69397.5,453753
69396.1,453753
69396.6,453753
69396.6,453753
69394.7,453753
69391.1,453753
69392.3,453753
69398.6,453753
69399.8,453753
69398.9,453753
69395.9,453753
69399.9,453753
69397,453753
69392.1,453753
69397.3,453753
69396.2,453753
69391.5,453753
69391.4,453753
69390.7,453753
69393.6,453753
69388.4,453753
69388.2,453753
69395,453753
69392.1,453753
69382.8,453753
69395.6,453753
69396.5,453753
69395.4,453753
69394.4,453753
69394.7,453753
69397.1,453753
69396.8,453753
69398.8,453753
69393.1,453753
69395.9,453753
69397.4,453753
69393.1,453753
69399.9,453753
69397.4,453753
69397.2,453753
69392.8,453753
69388.5,453753
69367.4,453753
69391.1,453753
69390.4,453753
69394.1,453753
69384.6,453753
69372.6,453753
69390.6,453753
69393.7,453753
69390.1,453753
69381.4,453753
69385.9,453753
69386.9,453753
69368.1,453753
69390.5,453753
69395.6,453753
69397.4,453753
69391.5,453753
69398.9,453753
69367.6,453753
69387.2,453753
69392.3,453753
69392.1,453753
69396.2,453753
69391.7,453753
69398.4,453753
69396.9,453753
69395.9,453753
69398.8,453753
69393.9,453753
69396.6,453753
69395.7,453753
69391.2,453753
69389.4,453753
69381.7,453753
69372.9,453753
69391.1,453753
69394.9,453753
69394.6,453753
69393.7,453753
69392.7,453753
69395.3,453753
69396.2,453753
69399,453753
69396,453753
69398.8,453753
69399.2,453753
69396.1,453753
69392.3,453753
69399.2,453753
69399.1,453753
69397.1,453753
69397.1,453753
69398.5,453753
69394.6,453753
69391.4,453753
69392.1,453753
69392.3,453753
69391.7,453753
69395.1,453753
69400.7,453753
69393.9,453753
69393.9,453753
69383.2,453753
69400.2,453753
69396.5,453753
69394.5,453753
69397.4,453753
69397.2,453753
69384.5,453753
69394.5,453753
69398.1,453753
69394.3,453753
69377.4,453753
69383.6,453753
69398.5,453753
69395.8,453753
69398.2,453753
69398.5,453546
