TRACE,NSNPS_JACKKNIFE
69318,453753
69317.2,453753
69312,453753
69312.1,453753
69314.3,453753
69318.1,453753
69311.3,453753
69311.8,453753
69314.6,453753
69310.1,453753
69315.8,453753
69303.7,453753
69315,453753
69311.3,453753
69313.8,453753
69316.2,453753
69310.2,453753
69297.3,453753
69302.2,453753
69306.3,453753
69314.1,453753
69313.3,453753
69311.1,453753
69316.2,453753
69316.5,453753
69314.5,453753
69309.8,453753
69304.1,453753
69314.4,453753
69314.2,453753
69312.3,453753
69310.4,453753
69313.9,453753
69311,453753
69309.8,453753
69309.3,453753
69310.6,453753
69309.6,453753
69311.4,453753
69312.1,453753
69316,453753
69312.3,453753
69311.3,453753
69309.8,453753
69310.6,453753
69309.3,453753
69314.3,453753
69314.2,453753
69318.5,453753
69318.4,453753
69314.1,453753
69305.3,453753
69309.1,453753
69310.9,453753
69304.8,453753
69312.2,453753
69311.5,453753
69302.8,453753
69309.4,453753
69307.2,453753
69313.5,453753
69315.2,453753
69315.8,453753
69311.5,453753
69309.1,453753
69312.7,453753
69311.2,453753
69309.1,453753
69311.3,453753
69307.3,453753
69299.4,453753
69313.5,453753
69315.2,453753
69315.5,453753
69318.8,453753
69317.3,453753
69314.8,453753
69312.2,453753
69315.1,453753
69314.8,453753
69301.1,453753
69316,453753
69316.5,453753
69319.9,453753
69318.3,453753
69315.7,453753
69315.5,453753
69318,453753
69313.5,453753
69311.9,453753
69304.9,453753
69305.8,453753
69314.7,453753
69284.7,453753
69315,453753
69310.7,453753
69312.3,453753
69312.6,453753
69313.5,453753
69316.2,453753
69309.8,453753
69310.6,453753
69303,453753
69303.5,453753
69304.1,453753
69304.3,453753
69311.6,453753
69310.5,453753
69313.2,453753
69314.6,453753
69313.3,453753
69308.8,453753
69306.2,453753
69301.4,453753
69302.1,453753
69304.3,453753
69313.7,453753
69310.4,453753
69308.5,453753
69307,453753
69305.8,453753
69317.4,453753
69313.4,453753
69311.7,453753
69315.1,453753
69310.3,453753
69310.2,453753
69310.9,453753
69307.1,453753
69313.6,453753
69307.5,453753
69312.6,453753
69307,453753
69309.7,453753
69307.1,453753
69310.4,453753
69313.7,453753
69312.7,453753
69304.4,453753
69314.4,453753
69298.5,453753
69291.4,453753
69308.4,453753
69309.2,453753
69303.9,453753
69306,453753
69311.6,453753
69308.5,453753
69312.7,453753
69310.6,453753
69311.9,453753
69314.2,453753
69315.6,453753
69313.2,453753
69315.4,453753
69313.2,453753
69313.9,453753
69314.4,453753
69318.5,453753
69312.3,453753
69310.5,453753
69312.2,453753
69315.9,453753
69319.7,453753
69317.4,453753
69319.8,453753
69313.5,453753
69315,453753
69314.3,453753
69311.2,453753
69306.8,453753
69314.3,453753
69314.6,453753
69312.9,453753
69316.6,453753
69311.3,453753
69313.7,453753
69308.6,453753
69308.7,453753
69310.5,453753
69309.9,453753
69272.8,453753
69274.2,453753
69312.8,453753
69307.2,453753
69314.3,453753
69314.4,453753
69317.9,453753
69318.2,453753
69316.9,453753
69318.4,453753
69316.4,453753
69304.1,453753
69290,453753
69293.7,453753
69284.9,453753
69294.2,453753
69306.9,453753
69312.7,453753
69309.9,453753
69310.3,453753
69313.1,453753
69311.6,453753
69302.3,453753
69311.4,453753
69310.9,453753
69308.4,453753
69313.1,453753
69306.2,453753
69300.4,453753
69314.3,453753
69311.3,453753
69314.8,453753
69315.4,453753
69305.8,453753
69307.7,453753
69293,453753
69296,453753
69304,453753
69296.8,453753
69318.7,453753
69316.3,453753
69312.1,453753
69312.2,453753
69309.8,453753
69316,453753
69316.9,453753
69316.9,453753
69317.9,453753
69317.5,453753
69308.9,453753
69302.9,453753
69305.9,453753
69316.3,453753
69318.6,453753
69318.2,453753
69311.6,453753
69311.6,453753
69300.4,453753
69311.7,453753
69311.9,453753
69315.7,453753
69316.9,453753
69312,453753
69313.5,453753
69310.6,453753
69312.3,453753
69310.5,453753
69315.5,453753
69302.7,453753
69303.3,453753
69311.6,453753
69310.8,453753
69308.5,453753
69310.3,453753
69310.6,453753
69309.8,453753
69307,453753
69304.6,453753
69311.2,453753
69316.4,453753
69309.2,453753
69291.7,453753
69308.1,453753
69310.6,453753
69309.2,453753
69308.1,453753
69291.9,453753
69313.8,453753
69311,453753
69309.3,453753
69300.3,453753
69308.5,453753
69310,453753
69309.6,453753
69300,453753
69314.6,453753
69311.5,453753
69311.7,453753
69303.8,453753
69311.5,453753
69312.3,453753
69314.1,453753
69310.7,453753
69309.8,453753
69309.7,453753
69315.1,453753
69312,453753
69312.2,453753
69317.1,453753
69317.4,453753
69317,453753
69314.4,453753
69315.9,453753
69314.6,453753
69315.4,453753
69313.7,453753
69313,453753
69316.4,453753
69317.4,453753
69315.7,453753
69315.5,453753
69319.9,453753
69314.8,453753
69314.9,453753
69315.9,453753
69313.3,453753
69314.4,453753
69313.6,453753
69316.8,453753
69316.7,453753
69312.2,453753
69306,453753
69290.5,453753
69277.3,453753
69305.2,453753
69314.1,453753
69305.7,453753
69308.2,453753
69311.6,453753
69315.8,453753
69314.5,453753
69310.4,453753
69315.8,453753
69312.2,453753
69306.3,453753
69308.4,453753
69310.3,453753
69310.5,453753
69305,453753
69287.5,453753
69310.1,453753
69311.5,453753
69312.6,453753
69310.1,453753
69314.5,453753
69308.2,453753
69314.2,453753
69312.9,453753
69305.3,453753
69301.1,453753
69308.9,453753
69299.8,453753
69289.4,453753
69307.9,453753
69306.2,453753
69312.4,453753
69308.6,453753
69306.1,453753
69267.8,453753
69313.9,453753
69313.2,453753
69313.5,453753
69317.1,453753
69318.5,453753
69317,453753
69316.1,453753
69318,453753
69315.6,453753
69315.5,453753
69314.8,453753
69316.8,453753
69311.3,453753
69314.3,453753
69311.8,453753
69315.5,453753
69310.2,453753
69316.9,453753
69308.5,453753
69316.3,453753
69312.4,453753
69309.4,453753
69312.7,453753
69313.7,453753
69308.7,453753
69311.6,453753
69309.1,453753
69290.7,453753
69307.5,453753
69302.8,453753
69274.8,453753
69291,453753
69301.4,453753
69308.6,453753
69308.2,453753
69300.2,453753
69301.8,453753
69301.5,453753
69308.8,453753
69312.5,453753
69312.6,453753
69307.8,453753
69309.4,453753
69311.7,453753
69308.6,453753
69306.3,453753
69303.7,453753
69299.9,453753
69300.5,453753
69312.8,453753
69313.6,453753
69311.2,453753
69312.7,453753
69312.6,453753
69318.5,453753
69286.9,453753
69310.1,453753
69311.1,453753
69312,453753
69314.1,453753
69313.5,453753
69314.4,453753
69312.3,453753
69315.7,453753
69320.3,453753
69318.7,453753
69316,453753
69311.5,453753
69307.2,453753
69307.1,453753
69312.7,453753
69314.7,453753
69316.2,453753
69311.9,453753
69316.6,453753
69313.3,453753
69313.8,453753
69316.2,453753
69306.3,453753
69314,453753
69308.5,453753
69317.5,453753
69295.6,453753
69312.6,453753
69314.6,453753
69312.5,453753
69315,453753
69309.8,453753
69311.1,453753
69308.4,453753
69308.6,453753
69300.7,453753
69267.8,453753
69309.5,453753
69308.8,453753
69311.4,453753
69316.1,453753
69317,453753
69308,453753
69307.1,453753
69312.2,453753
69315.7,453753
69302.8,453753
69305.6,453753
69314.3,453753
69313.9,453753
69314.2,453753
69311,453753
69308.5,453753
69308,453753
69308.7,453753
69312,453753
69312.8,453753
69311,453753
69316.7,453753
69315.8,453753
69311.6,453753
69312.3,453753
69315.6,453753
69307.8,453753
69318.2,453753
69318.1,453753
69313.6,453753
69310.1,453753
69305.1,453753
69309.6,453753
69309.8,453753
69311.5,453753
69315.6,453753
69298.6,453753
69269.6,453753
69280.6,453753
69312,453753
69314.2,453753
69315.3,453753
69309.5,453753
69311.5,453753
69304.4,453753
69313.1,453753
69311.5,453753
69316.5,453753
69306.9,453753
69314.1,453753
69313,453753
69288.9,453753
69307,453753
69313.8,453753
69310.6,453753
69311.4,453753
69310.9,453753
69309.6,453753
69313.9,453753
69316.9,453753
69310.9,453753
69305.8,453753
69312.6,453753
69305.5,453753
69306.2,453753
69313.9,453753
69315.5,453753
69312.1,453753
69310.5,453753
69309.8,453753
69302.4,453753
69301.1,453753
69315.4,453753
69312,453753
69315.3,453753
69314.2,453753
69316.3,453753
69310.8,453753
69316.1,453753
69313.1,453753
69312.5,453753
69315.5,453753
69314.4,453753
69313.9,453753
69312.4,453753
69318.2,453753
69316.6,453753
69311.6,453753
69318,453753
69317.6,453753
69313.5,453753
69314,453753
69310.1,453753
69315.7,453753
69310.7,453753
69318,453753
69302.3,453753
69309.6,453753
69304.1,453753
69295.6,453753
69311.2,453753
69308.1,453753
69309.1,453753
69314.3,453753
69310,453753
69313,453753
69313.8,453753
69314.1,453753
69314.3,453753
69315.4,453753
69305.4,453753
69304.2,453753
69313,453753
69311.1,453753
69311.5,453753
69314.9,453753
69311.2,453753
69311.8,453753
69314.2,453753
69305.6,453753
69317,453753
69306.8,453753
69308.7,453753
69312,453753
69309.2,453753
69313.9,453753
69314.9,453753
69317.9,453753
69314.6,453753
69308.9,453753
69313.6,453753
69316.6,453753
69315,453753
69312.3,453753
69312.6,453753
69316.2,453753
69311.2,453753
69316.1,453753
69316.1,453753
69309.2,453753
69311.2,453753
69311.7,453753
69312.5,453753
69314.6,453753
69306,453753
69302.1,453753
69290.6,453753
69307.7,453753
69313.9,453753
69314.2,453753
69302.2,453753
69310.1,453753
69310.2,453753
69310.1,453753
69313.2,453753
69310.6,453753
69310.2,453753
69257.9,453753
69313.7,453753
69316.6,453753
69308.1,453753
69314.3,453753
69310,453753
69307.7,453753
69311.8,453753
69309.7,453753
69301.8,453753
69312.2,453753
69309.3,453753
69315,453753
69315.9,453753
69316,453753
69311.4,453753
69313.8,453753
69310.6,453753
69315.6,453753
69312.8,453753
69316.3,453753
69313,453753
69309.9,453753
69286.1,453753
69316.5,453753
69302.3,453753
69297.8,453753
69306.7,453753
69304.9,453753
69317.8,453753
69308.6,453753
69312.3,453753
69320,453753
69316.9,453753
69316.6,453753
69308.1,453753
69307.6,453753
69312.6,453753
69314.5,453753
69313.7,453753
69311.4,453753
69313.6,453753
69197.9,453753
69019.5,453753
69255.3,453753
69309.7,453753
69309,453753
69302.6,453753
69311.5,453753
69307.7,453753
69312,453753
69315.1,453753
69309.4,453753
69285.8,453753
69303.4,453753
69303.4,453753
69311.2,453753
69316.3,453753
69313.5,453753
69306.8,453753
69308.1,453753
69311.5,453753
69311.6,453753
69315.8,453753
69314,453753
69312,453753
69316,453753
69315.2,453753
69308.1,453753
69318.9,453753
69315.2,453753
69314.8,453753
69316.5,453753
69313.4,453753
69313,453753
69316.2,453753
69318.4,453753
69319.6,453753
69311.5,453753
69312.2,453753
69315.1,453753
69312.9,453753
69311.8,453753
69313.3,453753
69314.5,453753
69312.1,453753
69313.1,453753
69303.2,453753
69277.7,453753
69310,453753
69310.8,453753
69297.9,453753
69309,453753
69307.8,453753
69313.1,453753
69310.1,453753
69311.2,453753
69315.4,453753
69309.3,453753
69310.2,453753
69313.7,453753
69310.8,453753
69302.3,453753
69303.2,453753
69316.6,453753
69308.2,453753
69306.6,453753
69311.2,453753
69314.4,453753
69313.9,453753
69316.2,453753
69307.4,453753
69309.5,453753
69315.9,453753
69314.3,453753
69308.2,453753
69301.4,453753
69316.1,453753
69315.5,453753
69317.1,453753
69318.6,453753
69312.7,453753
69306.1,453753
69319.3,453753
69312.4,453753
69315.2,453753
69313.9,453753
69315.7,453753
69314.3,453753
69314.2,453753
69313.6,453753
69312.6,453753
69311,453753
69316.1,453753
69311.6,453753
69308.3,453753
69301.6,453753
69306.5,453753
69308.4,453753
69306.8,453753
69309.9,453753
69316.8,453753
69315.3,453753
69309.8,453753
69310.2,453753
69307,453753
69305.3,453753
69313.1,453753
69313.9,453753
69316.3,453753
69316.2,453753
69315.7,453753
69318,453753
69315.9,453753
69315.5,453753
69312.7,453753
69315,453753
69309,453753
69316.5,453753
69315.9,453753
69316.6,453753
69311.3,453753
69314.4,453753
69318.9,453753
69310.3,453753
69309.4,453753
69302.7,453753
69307.9,453753
69311.2,453753
69313.4,453753
69294.7,453753
69312.6,453753
69309.4,453753
69310.8,453753
69310.5,453753
69307.6,453753
69309.6,453753
69314,453753
69309.7,453753
69311.1,453753
69312.5,453753
69314.6,453753
69314.9,453753
69314.2,453753
69312.1,453753
69318.4,453753
69314.2,453753
69316.1,453753
69315.1,453753
69308.4,453753
69313.7,453753
69319.3,453753
69318.1,453753
69314.7,453753
69319.1,453753
69314.5,453753
69311.2,453753
69297,453753
69312.8,453753
69304.3,453753
69313.9,453753
69310.7,453753
69313.8,453753
69313.3,453753
69305.3,453753
69312.5,453753
69314.8,453753
69291.7,453753
69304.9,453753
69305.4,453753
69314.1,453753
69294.1,453753
69312.3,453753
69312.6,453753
69316.5,453753
69318.2,453753
69316.3,453753
69317.4,453753
69316.4,453753
69313.5,453753
69318.7,453753
69310.4,453753
69306.9,453753
69321.3,453753
69313.7,453753
69314.8,453753
69310.7,453753
69316.2,453753
69315.1,453753
69316.1,453753
69312.6,453753
69311.7,453753
69317.4,453753
69309.2,453753
69303.9,453753
69315.9,453753
69315.7,453753
69315.2,453753
69311.2,453753
69313.5,453753
69312.8,453753
69309.1,453753
69295.7,453753
69297.8,453753
69312.5,453753
69311.9,453753
69316.7,453753
69316.8,453753
69313.8,453753
69313.7,453753
69316.8,453753
69317.9,453753
69314.2,453753
69308.7,453753
69299.6,453753
69319.4,453753
69315.3,453753
69311.8,453753
69310.4,453753
69317.3,453753
69319.5,453753
69319.3,453753
69311,453753
69310.5,453753
69303.7,453753
69306.6,453753
69316,453753
69314.3,453753
69308.5,453753
69298.6,453753
69302.9,453753
69292.2,453753
69312.7,453753
69313.5,453753
69318,453753
69307.8,453753
69313.1,453753
69315,453753
69315.2,453753
69316.8,453753
69318.1,453753
69314.8,453753
69317.2,453753
69314.6,453753
69314.7,453753
69307.4,453753
69311.3,453753
69318.5,453753
69319.2,453753
69320.7,453753
69314,453753
69317.6,453753
69316.1,453753
69313.1,453753
69312.9,453753
69316.1,453753
69312,453753
69313,453753
69311.1,453753
69313.6,453753
69306,453753
69308.5,453753
69312.8,453753
69312.6,453753
69300.5,453753
69312.4,453753
69316.2,453753
69316.7,453753
69314.4,453753
69310.3,453753
69318.6,453753
69314.7,453753
69316.3,453753
69315.2,453753
69316.9,453753
69315.4,453753
69315.9,453753
69315.7,453753
69318.2,453753
69316.3,453753
69313.3,453753
69310.7,453753
69289.2,453753
69310.1,453753
69309.9,453753
69312.5,453753
69299.8,453753
69287,453753
69307.5,453753
69315.9,453753
69309.9,453753
69298.6,453753
69304.7,453753
69306.1,453753
69291.5,453753
69311.5,453753
69316.8,453753
69316.7,453753
69307.9,453753
69318.3,453753
69289.9,453753
69300.6,453753
69309.7,453753
69309.3,453753
69319,453753
69308.5,453753
69314.3,453753
69317.4,453753
69315.3,453753
69314.5,453753
69311.7,453753
69316.3,453753
69312,453753
69311.3,453753
69307.5,453753
69299.1,453753
69297.8,453753
69305,453753
69313.3,453753
69312,453753
69309.8,453753
69313.1,453753
69315.5,453753
69314.7,453753
69316.5,453753
69315.4,453753
69318.3,453753
69315.4,453753
69316.5,453753
69310.4,453753
69318,453753
69319.4,453753
69315.7,453753
69313,453753
69316.9,453753
69314.4,453753
69310.8,453753
69309.7,453753
69313.5,453753
69313.6,453753
69315,453753
69316.7,453753
69314.2,453753
69311.7,453753
69303.2,453753
69314.8,453753
69316,453753
69316.7,453753
69319.2,453753
69316,453753
69303.5,453753
69313.7,453753
69313.5,453753
69314.4,453753
69300.1,453753
69303.8,453753
69318.7,453753
69316.9,453753
69317.3,453753
69319.1,453546
