TRACE,NSNPS_JACKKNIFE
69124.7,453753
69125.1,453753
69120.8,453753
69121.6,453753
69119.5,453753
69122.8,453753
69116.1,453753
69116.7,453753
69117.6,453753
69119.6,453753
69117.2,453753
69114.8,453753
69125.5,453753
69119.8,453753
69123.2,453753
69119.6,453753
69113.3,453753
69106.2,453753
69105.1,453753
69114.3,453753
69120.9,453753
69121,453753
69121.6,453753
69119.7,453753
69121.9,453753
69121.4,453753
69115.9,453753
69111.6,453753
69120.6,453753
69120.1,453753
69118.8,453753
69118,453753
69119.8,453753
69116.2,453753
69120.5,453753
69122,453753
69117.9,453753
69117.1,453753
69118.2,453753
69119.1,453753
69123.7,453753
69121.3,453753
69118.8,453753
69113.3,453753
69115.3,453753
69117,453753
69121.4,453753
69121.7,453753
69122.1,453753
69125.4,453753
69123.7,453753
69111.4,453753
69116.4,453753
69114.9,453753
69112.4,453753
69118.6,453753
69118.1,453753
69105.6,453753
69116.8,453753
69115.2,453753
69117.5,453753
69119.9,453753
69123.7,453753
69118.8,453753
69120.2,453753
69120.5,453753
69118.6,453753
69113.3,453753
69118,453753
69117.3,453753
69104.3,453753
69118.8,453753
69122.8,453753
69124.8,453753
69123.5,453753
69122.1,453753
69126.3,453753
69120.5,453753
69124.3,453753
69119.8,453753
69109.4,453753
69120.8,453753
69123,453753
69125,453753
69128.5,453753
69122,453753
69123.9,453753
69123,453753
69121.9,453753
69122.5,453753
69111.5,453753
69109,453753
69121.5,453753
69084.7,453753
69121.8,453753
69116.8,453753
69120.8,453753
69118.8,453753
69115.9,453753
69122.3,453753
69113,453753
69116.1,453753
69114.8,453753
69112.5,453753
69113.4,453753
69112,453753
69120.2,453753
69120.6,453753
69123.4,453753
69119.4,453753
69121.9,453753
69119.8,453753
69113.5,453753
69112.2,453753
69110.2,453753
69106.3,453753
69120.6,453753
69116,453753
69111.9,453753
69111.5,453753
69115.4,453753
69124.6,453753
69121.6,453753
69117.1,453753
69119.9,453753
69116.7,453753
69115.2,453753
69114.5,453753
69116,453753
69117.2,453753
69114.1,453753
69118.7,453753
69117.3,453753
69122,453753
69115,453753
69117.8,453753
69121.8,453753
69122.5,453753
69112.4,453753
69120.9,453753
69107.7,453753
69101.8,453753
69121.6,453753
69112.8,453753
69114.9,453753
69116.1,453753
69119.3,453753
69115.8,453753
69120.1,453753
69120.7,453753
69121.9,453753
69120.7,453753
69121.4,453753
69119.9,453753
69119.9,453753
69121.9,453753
69123.8,453753
69121.5,453753
69124.6,453753
69120.5,453753
69120.1,453753
69117.9,453753
69124.2,453753
69124.4,453753
69124.5,453753
69123.1,453753
69120.3,453753
69121.8,453753
69122.7,453753
69117.6,453753
69113.8,453753
69121,453753
69119,453753
69120.6,453753
69124.6,453753
69120.5,453753
69116.1,453753
69116.2,453753
69114.8,453753
69119.9,453753
69116.5,453753
69071.9,453753
69081.9,453753
69116.6,453753
69114.4,453753
69125,453753
69122.9,453753
69123.2,453753
69121.1,453753
69119.2,453753
69123.2,453753
69123.6,453753
69108.6,453753
69097.2,453753
69094.8,453753
69096.5,453753
69100.2,453753
69112.4,453753
69119.9,453753
69117.6,453753
69116.6,453753
69123.7,453753
69120.3,453753
69109.4,453753
69119.2,453753
69121.1,453753
69118.3,453753
69122.6,453753
69111,453753
69113.2,453753
69116.6,453753
69122.6,453753
69125.1,453753
69120.9,453753
69114,453753
69117.5,453753
69106.9,453753
69101.1,453753
69109.1,453753
69110.4,453753
69124.1,453753
69123.9,453753
69120.2,453753
69120.4,453753
69112.8,453753
69122.8,453753
69120.3,453753
69120.3,453753
69123,453753
69121.4,453753
69121.8,453753
69114.7,453753
69113.8,453753
69123.5,453753
69124.2,453753
69124.3,453753
69118.2,453753
69116.8,453753
69115.8,453753
69120.1,453753
69120,453753
69122.5,453753
69126.4,453753
69120.6,453753
69120.3,453753
69120,453753
69118.6,453753
69120.2,453753
69124,453753
69117.5,453753
69110.6,453753
69121.2,453753
69119.8,453753
69113.2,453753
69115.7,453753
69117.2,453753
69114.4,453753
69115.3,453753
69112,453753
69117.9,453753
69123.6,453753
69112.4,453753
69098.4,453753
69117,453753
69118.1,453753
69117.1,453753
69116.4,453753
69101.8,453753
69116.7,453753
69122,453753
69118.3,453753
69106.1,453753
69119.4,453753
69113.8,453753
69113,453753
69115.1,453753
69125.1,453753
69120.6,453753
69114.8,453753
69108.3,453753
69115.8,453753
69118.7,453753
69121,453753
69118.9,453753
69113.9,453753
69121.3,453753
69121.2,453753
69115.5,453753
69118,453753
69120.3,453753
69123.6,453753
69125.1,453753
69123.6,453753
69121.8,453753
69124.1,453753
69122.7,453753
69119.4,453753
69116.1,453753
69125.3,453753
69123.3,453753
69123,453753
69121.5,453753
69126.1,453753
69122.3,453753
69121.7,453753
69123.5,453753
69118.6,453753
69123.2,453753
69118.8,453753
69122.9,453753
69124.2,453753
69120.4,453753
69106.8,453753
69096.6,453753
69093.4,453753
69112.9,453753
69120.5,453753
69114.1,453753
69114.8,453753
69113.5,453753
69118.5,453753
69119.9,453753
69121.3,453753
69122,453753
69120.4,453753
69114.6,453753
69118.2,453753
69117.3,453753
69113.5,453753
69116.8,453753
69099.5,453753
69117.8,453753
69120.1,453753
69119.2,453753
69118.4,453753
69120.3,453753
69112.9,453753
69119.7,453753
69116.7,453753
69114.3,453753
69108.2,453753
69119.6,453753
69100.2,453753
69101.7,453753
69118.5,453753
69113.2,453753
69119.9,453753
69114.8,453753
69117.4,453753
69085.3,453753
69119.2,453753
69118.3,453753
69121.7,453753
69125.2,453753
69124.7,453753
69124.1,453753
69123.8,453753
69126.1,453753
69118.6,453753
69123.1,453753
69122.7,453753
69124.3,453753
69121.9,453753
69122.8,453753
69118.1,453753
69120.5,453753
69120.1,453753
69122.8,453753
69117.1,453753
69118.6,453753
69122.6,453753
69119.1,453753
69118.3,453753
69121.8,453753
69117.9,453753
69122.1,453753
69108.3,453753
69102.2,453753
69112.5,453753
69112,453753
69079.3,453753
69107.4,453753
69112.5,453753
69120.1,453753
69117,453753
69107.9,453753
69105.1,453753
69103.2,453753
69114.1,453753
69118.2,453753
69115.2,453753
69112,453753
69116.8,453753
69117.2,453753
69115.9,453753
69115.4,453753
69114.2,453753
69106.2,453753
69111.3,453753
69118.7,453753
69120.4,453753
69122.7,453753
69121.2,453753
69117.3,453753
69123.1,453753
69091.7,453753
69116.9,453753
69117.6,453753
69117.5,453753
69122.1,453753
69122.7,453753
69120,453753
69119.8,453753
69121.9,453753
69125.3,453753
69125.4,453753
69123.1,453753
69121.7,453753
69114.7,453753
69116.8,453753
69120.7,453753
69120.3,453753
69120.8,453753
69115.3,453753
69121.8,453753
69119.5,453753
69120.9,453753
69123.2,453753
69116.9,453753
69120.1,453753
69120.2,453753
69120.6,453753
69100.7,453753
69116.1,453753
69122,453753
69121.9,453753
69118.5,453753
69113.7,453753
69117.7,453753
69116.7,453753
69111.7,453753
69115,453753
69072.2,453753
69113.7,453753
69119.3,453753
69118.1,453753
69124.4,453753
69123.5,453753
69116.7,453753
69109.3,453753
69116.2,453753
69120.8,453753
69112.1,453753
69115.9,453753
69122.3,453753
69117,453753
69119.2,453753
69117.6,453753
69118.4,453753
69113,453753
69109.8,453753
69119.2,453753
69123.8,453753
69117,453753
69126,453753
69123.6,453753
69117.2,453753
69122.9,453753
69122.3,453753
69120.1,453753
69126.2,453753
69126.4,453753
69123.4,453753
69117.5,453753
69115.2,453753
69116.2,453753
69117.4,453753
69121.1,453753
69125.1,453753
69102,453753
69062.4,453753
69073.7,453753
69118.9,453753
69122.3,453753
69123.2,453753
69116.1,453753
69118,453753
69111.7,453753
69121.8,453753
69122.2,453753
69121.2,453753
69112,453753
69117.4,453753
69117.1,453753
69099.6,453753
69113,453753
69118.3,453753
69118.6,453753
69121.6,453753
69121.2,453753
69117.2,453753
69121.9,453753
69124.3,453753
69119,453753
69114.4,453753
69119.6,453753
69114.9,453753
69112.8,453753
69115.7,453753
69125.8,453753
69117.5,453753
69117,453753
69116.2,453753
69107.8,453753
69109,453753
69123.6,453753
69121.4,453753
69123.7,453753
69124.8,453753
69122.6,453753
69118.2,453753
69121.3,453753
69121.7,453753
69121.9,453753
69123.2,453753
69121.3,453753
69120.5,453753
69120,453753
69124.6,453753
69123.8,453753
69119.5,453753
69120.4,453753
69126.4,453753
69119.8,453753
69122.1,453753
69120.7,453753
69119.9,453753
69116.3,453753
69123.6,453753
69108.8,453753
69122.4,453753
69106.5,453753
69103,453753
69123.5,453753
69118.2,453753
69120.4,453753
69123,453753
69120.1,453753
69121.9,453753
69121.1,453753
69124.8,453753
69121.2,453753
69121.2,453753
69115.2,453753
69115.3,453753
69120.5,453753
69118.1,453753
69117,453753
69122.9,453753
69117.3,453753
69115.8,453753
69121.6,453753
69119.2,453753
69124.2,453753
69116.4,453753
69118.1,453753
69118.5,453753
69121.9,453753
69120.7,453753
69121.1,453753
69124.8,453753
69122.2,453753
69117.1,453753
69122.3,453753
69122.8,453753
69121,453753
69119.4,453753
69120.6,453753
69122.9,453753
69122.1,453753
69122.2,453753
69121.2,453753
69114.7,453753
69116.1,453753
69121.4,453753
69120.1,453753
69120.8,453753
69118,453753
69109,453753
69095.5,453753
69115.7,453753
69116.4,453753
69120.7,453753
69111,453753
69119.5,453753
69113,453753
69115.1,453753
69116.7,453753
69121.4,453753
69116.8,453753
69063,453753
69119.8,453753
69122.6,453753
69114.9,453753
69118.3,453753
69112.9,453753
69116,453753
69119.7,453753
69115.1,453753
69105.2,453753
69119.6,453753
69119.2,453753
69123.7,453753
69125.2,453753
69125.6,453753
69118,453753
69121.3,453753
69118.3,453753
69122.9,453753
69121.5,453753
69126,453753
69120.7,453753
69119.2,453753
69090.6,453753
69122.2,453753
69107.7,453753
69102,453753
69118.7,453753
69113.3,453753
69122.9,453753
69118,453753
69120.1,453753
69124.4,453753
69121.7,453753
69121.8,453753
69116.7,453753
69116.6,453753
69121.9,453753
69122.9,453753
69115.3,453753
69117.3,453753
69120,453753
69016.3,453753
68837.2,453753
69071.4,453753
69115,453753
69115.7,453753
69110.4,453753
69119.9,453753
69110.5,453753
69121.2,453753
69122.4,453753
69117.3,453753
69095.4,453753
69113.3,453753
69113.4,453753
69117.9,453753
69124.3,453753
69114.5,453753
69111.2,453753
69113.5,453753
69115.1,453753
69115.8,453753
69121,453753
69121.3,453753
69120.4,453753
69125,453753
69124.2,453753
69117.3,453753
69125.2,453753
69123.6,453753
69123.6,453753
69124.5,453753
69119.5,453753
69120.6,453753
69121.6,453753
69124.9,453753
69122.6,453753
69119.8,453753
69121.6,453753
69120.2,453753
69121.5,453753
69121.1,453753
69120.2,453753
69122.5,453753
69117.8,453753
69119.1,453753
69112.1,453753
69081.5,453753
69116.5,453753
69117.8,453753
69107.7,453753
69113.8,453753
69113.2,453753
69116.7,453753
69118.7,453753
69115,453753
69123.8,453753
69120.3,453753
69119.4,453753
69120.2,453753
69117.3,453753
69113.8,453753
69113.2,453753
69123.4,453753
69119,453753
69112.9,453753
69120.3,453753
69121.1,453753
69119.6,453753
69121.8,453753
69115.3,453753
69116.5,453753
69122.1,453753
69122.5,453753
69116.9,453753
69107.9,453753
69122.7,453753
69128.2,453753
69124.7,453753
69122.9,453753
69117.5,453753
69112.7,453753
69125.9,453753
69119.3,453753
69116.8,453753
69123.8,453753
69123.4,453753
69124.2,453753
69119.9,453753
69119.3,453753
69120.4,453753
69118,453753
69124.1,453753
69116,453753
69116,453753
69108.5,453753
69115.6,453753
69114.9,453753
69113.5,453753
69118.8,453753
69123.5,453753
69120.3,453753
69124.1,453753
69119.4,453753
69112.9,453753
69117.6,453753
69120,453753
69117.4,453753
69118.5,453753
69123.2,453753
69123.5,453753
69126.5,453753
69123.5,453753
69125,453753
69121.6,453753
69125.3,453753
69118.9,453753
69123.4,453753
69123.5,453753
69121.9,453753
69123.5,453753
69124.8,453753
69123.8,453753
69116.9,453753
69113.6,453753
69111.6,453753
69113.1,453753
69119.8,453753
69119.9,453753
69104.8,453753
69121.3,453753
69116.5,453753
69120.5,453753
69114.2,453753
69116.5,453753
69115.2,453753
69120.4,453753
69118,453753
69119.6,453753
69120.7,453753
69120.8,453753
69123,453753
69119.5,453753
69121.2,453753
69123.4,453753
69123,453753
69123.1,453753
69120.2,453753
69117.7,453753
69118.1,453753
69128.5,453753
69124,453753
69120.9,453753
69125.3,453753
69124.8,453753
69119,453753
69109.9,453753
69121.7,453753
69112.3,453753
69119.5,453753
69120.2,453753
69122.3,453753
69122.7,453753
69118.8,453753
69123,453753
69122.7,453753
69100.7,453753
69109.5,453753
69114.6,453753
69121,453753
69103.5,453753
69121.8,453753
69119.8,453753
69121.6,453753
69125.8,453753
69122.4,453753
69124.5,453753
69126,453753
69119.4,453753
69123.5,453753
69116.8,453753
69115.6,453753
69127.3,453753
69123.7,453753
69121,453753
69123,453753
69124.4,453753
69123.4,453753
69126.8,453753
69118.6,453753
69120,453753
69123.8,453753
69116.6,453753
69113.9,453753
69123.1,453753
69120.1,453753
69123.5,453753
69120.3,453753
69119.1,453753
69119.4,453753
69123,453753
69105.8,453753
69105.5,453753
69117.7,453753
69118.7,453753
69123.1,453753
69125.8,453753
69122.2,453753
69120.9,453753
69118,453753
69121.6,453753
69123.1,453753
69112.8,453753
69108.4,453753
69122.6,453753
69122.9,453753
69119.4,453753
69114.2,453753
69124.8,453753
69125.8,453753
69123.9,453753
69122.3,453753
69118.4,453753
69113.7,453753
69117.8,453753
69126.3,453753
69122.1,453753
69119.4,453753
69103,453753
69108.2,453753
69093.2,453753
69124.8,453753
69115.7,453753
69127.3,453753
69112.1,453753
69120.7,453753
69124.4,453753
69124.2,453753
69122.9,453753
69126,453753
69118.9,453753
69125.3,453753
69122,453753
69120,453753
69114.1,453753
69119.2,453753
69126.1,453753
69127.7,453753
69126.4,453753
69123.2,453753
69124.2,453753
69118.3,453753
69115.8,453753
69122.1,453753
69121.8,453753
69118.2,453753
69117.9,453753
69118.3,453753
69121.8,453753
69116,453753
69114.7,453753
69117.8,453753
69119.5,453753
69109.7,453753
69118.6,453753
69123.2,453753
69122.3,453753
69120.5,453753
69118.5,453753
69123.4,453753
69123.9,453753
69122.9,453753
69121,453753
69122.2,453753
69122.3,453753
69118.3,453753
69124.4,453753
69123.8,453753
69120.3,453753
69119.1,453753
69116.8,453753
69099.5,453753
69117.2,453753
69119.6,453753
69121,453753
69113.4,453753
69099.3,453753
69115.2,453753
69121.4,453753
69119.8,453753
69103.7,453753
69111,453753
69112.8,453753
69091.6,453753
69114.9,453753
69120.9,453753
69123.1,453753
69117.8,453753
69123.2,453753
69101.1,453753
69111,453753
69115.8,453753
69120.3,453753
69121.7,453753
69117.7,453753
69125.2,453753
69127.2,453753
69124.6,453753
69123.8,453753
69118.4,453753
69122.6,453753
69119.6,453753
69120.5,453753
69117.7,453753
69106.8,453753
69105.9,453753
69117.3,453753
69120.7,453753
69124,453753
69118.1,453753
69119.3,453753
69123.6,453753
69122.3,453753
69121.5,453753
69122.3,453753
69123.3,453753
69124.8,453753
69124.6,453753
69116.7,453753
69124.6,453753
69125.6,453753
69124.3,453753
69121.7,453753
69124.5,453753
69120.9,453753
69120.5,453753
69121.8,453753
69122.7,453753
69121.9,453753
69121.7,453753
69123.8,453753
69117.4,453753
69117.4,453753
69113.8,453753
69124.2,453753
69122.4,453753
69124.2,453753
69126.5,453753
69121.5,453753
69106,453753
69115.4,453753
69122.6,453753
69123.3,453753
69104.9,453753
69108.9,453753
69125.5,453753
69122.2,453753
69123.9,453753
69130.9,453546
