TRACE,NSNPS_JACKKNIFE
69227.3,453753
69227.8,453753
69225.1,453753
69223.5,453753
69223.3,453753
69223.9,453753
69220.6,453753
69218.9,453753
69224.7,453753
69224.1,453753
69223.1,453753
69216.2,453753
69226.4,453753
69223.3,453753
69225.6,453753
69222.8,453753
69221.4,453753
69207.5,453753
69207.6,453753
69214.8,453753
69223.4,453753
69226.7,453753
69223.2,453753
69223.9,453753
69225.5,453753
69224.7,453753
69218,453753
69213.3,453753
69220,453753
69220.7,453753
69222,453753
69222.5,453753
69218.8,453753
69222.3,453753
69224,453753
69223.9,453753
69218.9,453753
69216.9,453753
69223.7,453753
69223.1,453753
69222.5,453753
69221.9,453753
69221.4,453753
69211.3,453753
69218.8,453753
69218.5,453753
69221.7,453753
69223.7,453753
69226,453753
69223.8,453753
69224.7,453753
69211.9,453753
69214.3,453753
69220.9,453753
69218.3,453753
69222.7,453753
69217.7,453753
69212.7,453753
69220.7,453753
69217.6,453753
69222.2,453753
69224.2,453753
69225.8,453753
69221.9,453753
69220.7,453753
69222.6,453753
69220.4,453753
69219.4,453753
69217.6,453753
69216.9,453753
69207,453753
69223.5,453753
69223.4,453753
69229.1,453753
69226.2,453753
69222.9,453753
69228.1,453753
69224.8,453753
69226.8,453753
69225.1,453753
69213.7,453753
69223.1,453753
69226.1,453753
69229.6,453753
69230.1,453753
69224.5,453753
69228.8,453753
69226,453753
69224.4,453753
69223.6,453753
69216.2,453753
69217.1,453753
69224.9,453753
69192.1,453753
69222.5,453753
69222.1,453753
69223.4,453753
69218.4,453753
69225.5,453753
69225.1,453753
69219.3,453753
69219.9,453753
69217,453753
69210.5,453753
69215.5,453753
69215.1,453753
69222,453753
69227.6,453753
69225.6,453753
69223.6,453753
69224.8,453753
69222.3,453753
69216,453753
69215,453753
69214.7,453753
69216.9,453753
69218.8,453753
69221.4,453753
69216,453753
69214.4,453753
69215.8,453753
69226.4,453753
69218.1,453753
69221,453753
69221.4,453753
69219.8,453753
69218.2,453753
69220.6,453753
69215.5,453753
69220,453753
69217.2,453753
69223.4,453753
69217.9,453753
69224,453753
69218.5,453753
69225.9,453753
69221.6,453753
69223.6,453753
69216.7,453753
69223.1,453753
69209.3,453753
69202.8,453753
69219.6,453753
69217.4,453753
69220,453753
69212.7,453753
69218.2,453753
69220.4,453753
69222.2,453753
69224.5,453753
69220.3,453753
69226.1,453753
69223.8,453753
69224.9,453753
69225.8,453753
69222.9,453753
69226.7,453753
69223.6,453753
69226.3,453753
69222.6,453753
69220.9,453753
69221.7,453753
69225.4,453753
69228.1,453753
69229.6,453753
69222.9,453753
69220.1,453753
69223.9,453753
69223.1,453753
69224.4,453753
69222.4,453753
69222.2,453753
69223.4,453753
69221.9,453753
69222.6,453753
69222.5,453753
69221.5,453753
69223,453753
69217.9,453753
69218.4,453753
69216.4,453753
69183.7,453753
69193.5,453753
69222.7,453753
69217.3,453753
69228.2,453753
69226.5,453753
69226.6,453753
69224.8,453753
69222.7,453753
69227.5,453753
69224.8,453753
69214.4,453753
69201.6,453753
69207.8,453753
69196.2,453753
69207.7,453753
69214.1,453753
69223.8,453753
69224.3,453753
69219.6,453753
69224.5,453753
69223.6,453753
69214.4,453753
69222.6,453753
69220.4,453753
69219,453753
69222.4,453753
69220.6,453753
69215.3,453753
69220.4,453753
69223.5,453753
69223.1,453753
69227.4,453753
69218.3,453753
69221,453753
69207.2,453753
69206.3,453753
69213.4,453753
69206.6,453753
69227.9,453753
69223.4,453753
69225.9,453753
69227.6,453753
69216.7,453753
69225.2,453753
69227.6,453753
69224.9,453753
69224.9,453753
69226.7,453753
69219,453753
69211.8,453753
69219.9,453753
69225.8,453753
69227,453753
69227,453753
69222.6,453753
69221.3,453753
69211.5,453753
69222.1,453753
69218.9,453753
69225.7,453753
69228.5,453753
69224.9,453753
69218,453753
69221.4,453753
69219.9,453753
69224.5,453753
69224,453753
69213.3,453753
69210.5,453753
69221.6,453753
69222.9,453753
69220.3,453753
69219.3,453753
69217.2,453753
69219.9,453753
69222.9,453753
69214.7,453753
69218.3,453753
69224.9,453753
69221.7,453753
69211.9,453753
69220.1,453753
69220.4,453753
69215.9,453753
69217.2,453753
69198,453753
69223.5,453753
69224.7,453753
69220.1,453753
69210.2,453753
69222.6,453753
69218,453753
69216.2,453753
69218.3,453753
69227,453753
69224.3,453753
69218.2,453753
69210.4,453753
69221.1,453753
69222.4,453753
69223,453753
69222.8,453753
69219.9,453753
69223,453753
69225.4,453753
69218.7,453753
69222.6,453753
69224.2,453753
69225.9,453753
69225.6,453753
69224.8,453753
69224.8,453753
69226.5,453753
69225.3,453753
69221.2,453753
69221.9,453753
69225.6,453753
69227.3,453753
69225.4,453753
69225.4,453753
69229.5,453753
69223.9,453753
69225.1,453753
69225.5,453753
69221.2,453753
69222.5,453753
69220.7,453753
69224.9,453753
69225.4,453753
69221.6,453753
69212.8,453753
69200.5,453753
69199.4,453753
69218.4,453753
69223.3,453753
69215.7,453753
69217.7,453753
69221.1,453753
69224.2,453753
69225.1,453753
69222.8,453753
69223.3,453753
69220.3,453753
69216.2,453753
69217.2,453753
69220.7,453753
69220,453753
69220.2,453753
69198.8,453753
69219.9,453753
69222,453753
69221.7,453753
69219.9,453753
69225.2,453753
69214.7,453753
69220.9,453753
69225.5,453753
69216.1,453753
69207.4,453753
69220.3,453753
69196.7,453753
69196.2,453753
69222.5,453753
69214.5,453753
69224.6,453753
69214.5,453753
69221,453753
69184.5,453753
69222,453753
69221.4,453753
69222.4,453753
69228.4,453753
69225.5,453753
69228.4,453753
69223.4,453753
69226.7,453753
69222,453753
69224.2,453753
69224.8,453753
69225.7,453753
69224.9,453753
69225.9,453753
69226.3,453753
69224.6,453753
69222.3,453753
69225.7,453753
69219.1,453753
69225.8,453753
69220.1,453753
69221,453753
69221.2,453753
69222.9,453753
69220.7,453753
69223.9,453753
69222.8,453753
69201.6,453753
69212.5,453753
69214.5,453753
69191.6,453753
69208,453753
69215.4,453753
69223.4,453753
69218.1,453753
69211.4,453753
69213.4,453753
69210.8,453753
69217.5,453753
69219.9,453753
69219.6,453753
69215.8,453753
69215.1,453753
69219,453753
69220.5,453753
69215.6,453753
69217.7,453753
69211.6,453753
69214.3,453753
69224.1,453753
69222.1,453753
69223.8,453753
69224.3,453753
69221.2,453753
69225.5,453753
69194.3,453753
69220.6,453753
69220.4,453753
69221.7,453753
69223.4,453753
69223.7,453753
69222.7,453753
69221.4,453753
69224.6,453753
69226.8,453753
69226.9,453753
69223.3,453753
69229.3,453753
69218.4,453753
69217.5,453753
69222.5,453753
69219.5,453753
69221.9,453753
69217.2,453753
69227.1,453753
69222.2,453753
69224.1,453753
69226.6,453753
69219.6,453753
69220,453753
69219.3,453753
69226,453753
69202.6,453753
69222.1,453753
69222,453753
69220.9,453753
69224.8,453753
69220.6,453753
69220.7,453753
69219,453753
69217.8,453753
69210.1,453753
69182.1,453753
69218.5,453753
69220.8,453753
69222.8,453753
69226.4,453753
69225.2,453753
69218.4,453753
69214.3,453753
69222.6,453753
69223,453753
69213.4,453753
69218.2,453753
69222.8,453753
69222.8,453753
69221.5,453753
69222.4,453753
69220.9,453753
69214.9,453753
69216.2,453753
69221.1,453753
69226.2,453753
69221,453753
69228.4,453753
69222.3,453753
69222.9,453753
69222.5,453753
69222.6,453753
69218.6,453753
69227.2,453753
69227.2,453753
69224,453753
69222.7,453753
69219.1,453753
69220.4,453753
69217.5,453753
69221.5,453753
69223.2,453753
69216.2,453753
69194.2,453753
69197.2,453753
69222.5,453753
69222.7,453753
69222.4,453753
69220.2,453753
69222.6,453753
69214.4,453753
69223.5,453753
69223.4,453753
69226.2,453753
69216.6,453753
69221.5,453753
69223.4,453753
69199.9,453753
69215.5,453753
69220.5,453753
69221,453753
69221.9,453753
69218.4,453753
69219.9,453753
69224.6,453753
69227.7,453753
69222.6,453753
69218.2,453753
69219.5,453753
69217,453753
69215.6,453753
69224.2,453753
69226.4,453753
69219.8,453753
69219.5,453753
69220.8,453753
69209.4,453753
69212.8,453753
69224.1,453753
69224.5,453753
69224.2,453753
69226.7,453753
69225.2,453753
69223.2,453753
69226.1,453753
69224.1,453753
69225.3,453753
69226.6,453753
69223.4,453753
69223.7,453753
69222.4,453753
69229.2,453753
69227.6,453753
69221.1,453753
69224.7,453753
69229.2,453753
69226.4,453753
69226.3,453753
69220.8,453753
69224.4,453753
69218.9,453753
69225,453753
69214.9,453753
69222.4,453753
69208.6,453753
69201.9,453753
69224.3,453753
69219.2,453753
69219.7,453753
69225.8,453753
69221.3,453753
69224,453753
69227.7,453753
69225.4,453753
69226.2,453753
69224.1,453753
69218.5,453753
69214.4,453753
69222.4,453753
69217.3,453753
69224.1,453753
69224.7,453753
69221.2,453753
69216.4,453753
69222.3,453753
69218.2,453753
69226.4,453753
69222.2,453753
69219,453753
69223.5,453753
69227.2,453753
69230.1,453753
69224.1,453753
69226.1,453753
69221.4,453753
69224.1,453753
69225.2,453753
69226,453753
69222.6,453753
69226.1,453753
69224.7,453753
69223.1,453753
69224.1,453753
69222.9,453753
69225.5,453753
69220.2,453753
69213.9,453753
69223.7,453753
69227.2,453753
69227.3,453753
69222,453753
69210.2,453753
69200.6,453753
69220.6,453753
69223.5,453753
69226.3,453753
69218.1,453753
69220.9,453753
69219.7,453753
69217.6,453753
69218.2,453753
69224.2,453753
69219.8,453753
69178.6,453753
69221.3,453753
69226.1,453753
69220.2,453753
69223.6,453753
69216.9,453753
69218.3,453753
69220.3,453753
69217.8,453753
69208,453753
69220.2,453753
69221.1,453753
69225.9,453753
69225.7,453753
69227.2,453753
69222.9,453753
69225.4,453753
69224.3,453753
69226.5,453753
69221.9,453753
69228,453753
69226.3,453753
69221,453753
69197.3,453753
69226.1,453753
69208,453753
69198.4,453753
69214.4,453753
69215.6,453753
69228.3,453753
69224.6,453753
69223.5,453753
69228.7,453753
69226,453753
69225.4,453753
69219.1,453753
69220.5,453753
69222.9,453753
69229.6,453753
69222.7,453753
69220.6,453753
69221.5,453753
69113.5,453753
68960.7,453753
69171.4,453753
69216.4,453753
69217.6,453753
69211.9,453753
69223.1,453753
69217.2,453753
69220.9,453753
69225.2,453753
69220.6,453753
69190.2,453753
69214.8,453753
69216.3,453753
69221.4,453753
69226.2,453753
69218.8,453753
69214,453753
69216,453753
69218.8,453753
69221.1,453753
69221.5,453753
69224.1,453753
69221.8,453753
69227,453753
69223.5,453753
69219.8,453753
69227.1,453753
69226.7,453753
69225.7,453753
69226.7,453753
69221.8,453753
69222.1,453753
69225,453753
69227.3,453753
69225.7,453753
69219.5,453753
69225.9,453753
69223,453753
69224,453753
69219.9,453753
69220.4,453753
69226.6,453753
69220,453753
69222.1,453753
69210.9,453753
69178.8,453753
69218.3,453753
69219,453753
69212.7,453753
69221.2,453753
69215.8,453753
69215.1,453753
69216.6,453753
69225.9,453753
69222.1,453753
69222.4,453753
69220.7,453753
69222.1,453753
69222.1,453753
69212.7,453753
69215.5,453753
69225.1,453753
69222.2,453753
69213.5,453753
69225.5,453753
69222.3,453753
69222.1,453753
69223.4,453753
69217.8,453753
69220,453753
69225.8,453753
69227.2,453753
69214,453753
69211,453753
69227.7,453753
69229.2,453753
69229,453753
69228.1,453753
69222,453753
69215.4,453753
69226.5,453753
69222.3,453753
69221.4,453753
69228,453753
69225.8,453753
69226.6,453753
69224.6,453753
69223.3,453753
69224.2,453753
69226.2,453753
69226.4,453753
69220.4,453753
69216.9,453753
69211.5,453753
69218.4,453753
69218.1,453753
69219.2,453753
69223.6,453753
69228.1,453753
69223.3,453753
69223.1,453753
69219.1,453753
69218.1,453753
69218.6,453753
69223.8,453753
69222.3,453753
69222.9,453753
69224.2,453753
69225.4,453753
69230.3,453753
69228.2,453753
69226,453753
69225.9,453753
69225.6,453753
69222.8,453753
69223.8,453753
69227.7,453753
69225,453753
69222.4,453753
69223.7,453753
69227.6,453753
69225.4,453753
69220.8,453753
69218.1,453753
69214.1,453753
69221.5,453753
69220.5,453753
69206.3,453753
69222.8,453753
69218.9,453753
69220.7,453753
69220.2,453753
69216.5,453753
69216.6,453753
69223.4,453753
69220.8,453753
69221.3,453753
69219.5,453753
69220.5,453753
69226.3,453753
69225.9,453753
69219.1,453753
69231,453753
69225.4,453753
69223.7,453753
69227,453753
69218,453753
69225.4,453753
69228.6,453753
69230,453753
69224.4,453753
69227.2,453753
69225.2,453753
69222.9,453753
69213.1,453753
69221.5,453753
69211.2,453753
69226.9,453753
69222.8,453753
69225.7,453753
69222.4,453753
69218.6,453753
69223.6,453753
69227.6,453753
69202.7,453753
69213.2,453753
69216.9,453753
69225.5,453753
69196.2,453753
69224.3,453753
69221.7,453753
69229.4,453753
69230.8,453753
69226.7,453753
69230.5,453753
69228.7,453753
69225.8,453753
69227.8,453753
69220.1,453753
69216.6,453753
69229.5,453753
69224.7,453753
69226.3,453753
69225.1,453753
69229.3,453753
69224.4,453753
69224.6,453753
69222.3,453753
69224.7,453753
69225.7,453753
69217.4,453753
69216.2,453753
69224.9,453753
69219.9,453753
69224.6,453753
69222.3,453753
69220.9,453753
69222.8,453753
69223.4,453753
69207,453753
69211.5,453753
69221.7,453753
69220.1,453753
69225,453753
69226.8,453753
69224.8,453753
69226.9,453753
69226.7,453753
69226.9,453753
69227.7,453753
69216.6,453753
69211.9,453753
69225.7,453753
69224.5,453753
69218.7,453753
69217.3,453753
69229.5,453753
69227.2,453753
69228.8,453753
69225.8,453753
69223.3,453753
69214.6,453753
69215.2,453753
69223.9,453753
69220.6,453753
69219.5,453753
69211.8,453753
69205.6,453753
69201.7,453753
69225.3,453753
69224.2,453753
69229.6,453753
69213.2,453753
69221.8,453753
69225,453753
69226.8,453753
69226.5,453753
69226.2,453753
69226.4,453753
69226,453753
69224.9,453753
69225.6,453753
69217.6,453753
69218.6,453753
69228.5,453753
69229.1,453753
69231.3,453753
69227.4,453753
69227.4,453753
69224.3,453753
69222.2,453753
69226.1,453753
69223.4,453753
69219.9,453753
69219.5,453753
69221.6,453753
69222.2,453753
69212.2,453753
69217.7,453753
69220.1,453753
69222.7,453753
69213.5,453753
69222.6,453753
69226.2,453753
69226.4,453753
69219.6,453753
69223.2,453753
69228.7,453753
69223.6,453753
69226.8,453753
69223.7,453753
69225.8,453753
69226.9,453753
69225.8,453753
69226.6,453753
69224.7,453753
69224.6,453753
69223.9,453753
69218.8,453753
69195.5,453753
69218.2,453753
69218.9,453753
69221.2,453753
69216.4,453753
69201.4,453753
69217.8,453753
69222.1,453753
69220.6,453753
69209.4,453753
69212.1,453753
69214.6,453753
69200.9,453753
69223.5,453753
69224.6,453753
69225.5,453753
69221.1,453753
69227.4,453753
69192.2,453753
69209.8,453753
69218.2,453753
69219.7,453753
69226.6,453753
69219,453753
69228.7,453753
69226.7,453753
69228.6,453753
69225.2,453753
69226.5,453753
69227.4,453753
69222.1,453753
69219.3,453753
69219.2,453753
69208.4,453753
69205.4,453753
69221.2,453753
69223.8,453753
69223.1,453753
69223.4,453753
69219.4,453753
69226,453753
69228.7,453753
69222.7,453753
69225,453753
69226.9,453753
69229.1,453753
69226.6,453753
69218.3,453753
69227.6,453753
69228.9,453753
69228.6,453753
69226.9,453753
69229.1,453753
69222.5,453753
69223.6,453753
69224.6,453753
69225.3,453753
69221.8,453753
69223.2,453753
69230.4,453753
69225.4,453753
69225.5,453753
69215.6,453753
69227.2,453753
69225.7,453753
69226.7,453753
69225.9,453753
69226,453753
69207.8,453753
69223.7,453753
69226.2,453753
69225.1,453753
69212.1,453753
69213.9,453753
69227.8,453753
69224.3,453753
69226.9,453753
69227.7,453546
