TRACE,NSNPS_JACKKNIFE
69296.4,453753
69295.1,453753
69290,453753
69291.6,453753
69290,453753
69292.5,453753
69287.2,453753
69287.4,453753
69290,453753
69289.2,453753
69289.6,453753
69284,453753
69294.1,453753
69288.8,453753
69292.4,453753
69290.8,453753
69287.7,453753
69278.1,453753
69280.2,453753
69285.7,453753
69290.8,453753
69291.1,453753
69289.5,453753
69293.2,453753
69293.8,453753
69292.9,453753
69287.2,453753
69284.8,453753
69289,453753
69291.2,453753
69284,453753
69287,453753
69287,453753
69288,453753
69288.9,453753
69289.2,453753
69288.9,453753
69284.1,453753
69287.3,453753
69291,453753
69294.9,453753
69292,453753
69290.3,453753
69280.9,453753
69283.8,453753
69287.6,453753
69292.4,453753
69289.7,453753
69293.4,453753
69291.5,453753
69292.4,453753
69282.7,453753
69284.5,453753
69284.3,453753
69283.2,453753
69285.7,453753
69289,453753
69282,453753
69285.1,453753
69288.1,453753
69289.1,453753
69292.6,453753
69291.9,453753
69292.4,453753
69285.7,453753
69290,453753
69292.9,453753
69286.4,453753
69287.3,453753
69287.5,453753
69270.5,453753
69291.5,453753
69292.9,453753
69293.9,453753
69291.4,453753
69292,453753
69295.9,453753
69290.8,453753
69294.3,453753
69293.1,453753
69283,453753
69290.4,453753
69292.6,453753
69295.8,453753
69294.3,453753
69289.3,453753
69293.7,453753
69297,453753
69288.2,453753
69292.5,453753
69282.9,453753
69281.7,453753
69291.2,453753
69261.4,453753
69291.1,453753
69288.5,453753
69289.9,453753
69292.8,453753
69290.2,453753
69293.3,453753
69284.8,453753
69288,453753
69283.8,453753
69285.7,453753
69280,453753
69284.8,453753
69289.7,453753
69292.5,453753
69292.2,453753
69289.9,453753
69291.6,453753
69288.8,453753
69287.4,453753
69280.8,453753
69275.7,453753
69277,453753
69291.6,453753
69290.4,453753
69287.2,453753
69281.7,453753
69281.9,453753
69293.8,453753
69287,453753
69288.5,453753
69290.1,453753
69286.7,453753
69284.6,453753
69289.6,453753
69286.4,453753
69288.4,453753
69285.3,453753
69285.9,453753
69285.9,453753
69290.1,453753
69282.6,453753
69289.2,453753
69289.9,453753
69292.6,453753
69278.3,453753
69287.3,453753
69276,453753
69269.2,453753
69287.5,453753
69287.5,453753
69283,453753
69282.6,453753
69285.8,453753
69285,453753
69292,453753
69289.2,453753
69290.5,453753
69291.6,453753
69291.6,453753
69289.9,453753
69290.7,453753
69289.9,453753
69293.1,453753
69294.1,453753
69293.7,453753
69291.4,453753
69291.5,453753
69287.6,453753
69292.8,453753
69296.2,453753
69296.1,453753
69293.1,453753
69292.9,453753
69293.1,453753
69287.4,453753
69288.6,453753
69284.1,453753
69291.9,453753
69291.8,453753
69295.7,453753
69291.4,453753
69290.9,453753
69293.2,453753
69286.6,453753
69282.8,453753
69287.7,453753
69286.5,453753
69249.2,453753
69257.8,453753
69290.9,453753
69286.8,453753
69296.3,453753
69292.1,453753
69293.2,453753
69291.6,453753
69293.1,453753
69293.4,453753
69294.7,453753
69283,453753
69267.9,453753
69272.4,453753
69266,453753
69268.6,453753
69283.6,453753
69290.8,453753
69287.1,453753
69288,453753
69291.6,453753
69290.4,453753
69279.6,453753
69290.3,453753
69288.8,453753
69286.6,453753
69287.4,453753
69286.7,453753
69279.7,453753
69290.7,453753
69291.7,453753
69291.3,453753
69289.6,453753
69287.8,453753
69288.7,453753
69275.2,453753
69273.7,453753
69284.4,453753
69279.2,453753
69292.4,453753
69296.6,453753
69291.8,453753
69290.2,453753
69283.3,453753
69292.8,453753
69292.7,453753
69294.6,453753
69290.2,453753
69293.5,453753
69289.1,453753
69282.8,453753
69284.3,453753
69294.3,453753
69297.6,453753
69294.5,453753
69286.4,453753
69289.3,453753
69286,453753
69290.8,453753
69290.3,453753
69295.5,453753
69294.1,453753
69289.3,453753
69290.1,453753
69289.8,453753
69289.2,453753
69289.2,453753
69295.4,453753
69283.6,453753
69280,453753
69292.2,453753
69287.2,453753
69285.4,453753
69288.3,453753
69283.8,453753
69285.9,453753
69287.2,453753
69279.5,453753
69285.1,453753
69294.4,453753
69285.5,453753
69272.1,453753
69284.9,453753
69286.7,453753
69284.8,453753
69284,453753
69270.2,453753
69291.3,453753
69290.8,453753
69284.8,453753
69279.5,453753
69285.7,453753
69286.9,453753
69289.7,453753
69281.5,453753
69293.9,453753
69292.3,453753
69286.2,453753
69278.7,453753
69289.8,453753
69286.3,453753
69292.4,453753
69290.3,453753
69287.2,453753
69292.3,453753
69292.4,453753
69286.4,453753
69290.6,453753
69295.6,453753
69294.7,453753
69292.8,453753
69294.2,453753
69289.6,453753
69292.4,453753
69293.6,453753
69292.6,453753
69288.5,453753
69294.7,453753
69294.9,453753
69292.8,453753
69292.6,453753
69295.4,453753
69291.3,453753
69292.6,453753
69294.5,453753
69288.9,453753
69293.5,453753
69290.1,453753
69292.4,453753
69294,453753
69288.8,453753
69282.7,453753
69268.3,453753
69260.8,453753
69283.4,453753
69285.9,453753
69281.9,453753
69285.9,453753
69287.8,453753
69289.6,453753
69290.5,453753
69282.8,453753
69288.2,453753
69287.2,453753
69284.8,453753
69285.6,453753
69287.2,453753
69292,453753
69284.3,453753
69268.5,453753
69286.6,453753
69288.9,453753
69291.4,453753
69288.3,453753
69292.3,453753
69285.2,453753
69291.8,453753
69293.8,453753
69284.3,453753
69281.6,453753
69290.2,453753
69270.9,453753
69264.6,453753
69288.3,453753
69283.4,453753
69291.3,453753
69288.8,453753
69288.1,453753
69246.5,453753
69291.1,453753
69289.1,453753
69292.3,453753
69295.7,453753
69296.6,453753
69295.3,453753
69293.8,453753
69294.9,453753
69288.1,453753
69291.7,453753
69291.7,453753
69294.3,453753
69287.1,453753
69293.4,453753
69289.6,453753
69294.8,453753
69291.7,453753
69293,453753
69289.3,453753
69292,453753
69289.8,453753
69290,453753
69289.8,453753
69291.4,453753
69288.1,453753
69291.7,453753
69282.4,453753
69269.1,453753
69283.2,453753
69279.3,453753
69257.2,453753
69276.3,453753
69282.2,453753
69286.2,453753
69284,453753
69277.8,453753
69281.9,453753
69278.7,453753
69284.7,453753
69289.5,453753
69290.4,453753
69281.7,453753
69283.7,453753
69289.6,453753
69287.2,453753
69285.9,453753
69287.6,453753
69278,453753
69280.6,453753
69291.4,453753
69289.5,453753
69290.6,453753
69288.1,453753
69289.9,453753
69293.2,453753
69269,453753
69286.4,453753
69287.7,453753
69287.3,453753
69289.9,453753
69293.3,453753
69292.3,453753
69288.5,453753
69291.1,453753
69293.3,453753
69291.8,453753
69293.4,453753
69290.6,453753
69283.2,453753
69283.9,453753
69288.8,453753
69292.4,453753
69293.5,453753
69288.1,453753
69291.3,453753
69291.6,453753
69292.7,453753
69292.5,453753
69281.4,453753
69292.4,453753
69289.5,453753
69292.3,453753
69284.2,453753
69287.8,453753
69289.8,453753
69289.4,453753
69289.2,453753
69287.3,453753
69285.7,453753
69287.5,453753
69287.7,453753
69281.2,453753
69244.2,453753
69285.1,453753
69285.1,453753
69288.9,453753
69292.9,453753
69292.9,453753
69285.2,453753
69285,453753
69291.2,453753
69293.8,453753
69279.6,453753
69283.3,453753
69291,453753
69287.8,453753
69291.3,453753
69292.9,453753
69285.9,453753
69282.3,453753
69283.2,453753
69286.2,453753
69295.3,453753
69287.1,453753
69294.1,453753
69293.7,453753
69289,453753
69291.5,453753
69289.8,453753
69288.8,453753
69295.2,453753
69296,453753
69294.5,453753
69285.6,453753
69282.8,453753
69289.4,453753
69287.6,453753
69290,453753
69291,453753
69267.3,453753
69220.3,453753
69233.4,453753
69289.3,453753
69291.9,453753
69291.1,453753
69285.1,453753
69287.7,453753
69284.1,453753
69293.2,453753
69292,453753
69294.6,453753
69280.3,453753
69286.8,453753
69287.9,453753
69269.3,453753
69285.4,453753
69287.5,453753
69285,453753
69290.1,453753
69287.5,453753
69285.7,453753
69291.4,453753
69291.6,453753
69288.9,453753
69284.3,453753
69286.5,453753
69282,453753
69284.7,453753
69288,453753
69292.1,453753
69284.7,453753
69290.2,453753
69287.2,453753
69276.2,453753
69280.5,453753
69294.1,453753
69291.8,453753
69292.3,453753
69293,453753
69294.4,453753
69289.7,453753
69293.6,453753
69293.8,453753
69292.4,453753
69293.9,453753
69293.7,453753
69289,453753
69288,453753
69293.3,453753
69295.6,453753
69293.2,453753
69293.9,453753
69294,453753
69291.2,453753
69294,453753
69290.4,453753
69294.5,453753
69289,453753
69293.9,453753
69279,453753
69287,453753
69278.8,453753
69270,453753
69287.8,453753
69286.1,453753
69286.3,453753
69292.9,453753
69291.1,453753
69290.1,453753
69291,453753
69290.9,453753
69292.4,453753
69293.6,453753
69279.6,453753
69286.6,453753
69286.8,453753
69287.6,453753
69287.6,453753
69292.7,453753
69289,453753
69282.8,453753
69290.9,453753
69287.5,453753
69292.3,453753
69292.4,453753
69287,453753
69292.2,453753
69288.5,453753
69295.1,453753
69292.2,453753
69296.9,453753
69290.1,453753
69286.9,453753
69293.2,453753
69290.9,453753
69291,453753
69290.4,453753
69294.3,453753
69291.8,453753
69292,453753
69291.2,453753
69293.5,453753
69285.1,453753
69289,453753
69289,453753
69287.9,453753
69293.3,453753
69283.8,453753
69277.4,453753
69266.1,453753
69284,453753
69286.7,453753
69292,453753
69282.7,453753
69289.2,453753
69287.2,453753
69283.4,453753
69285.8,453753
69291.9,453753
69286.5,453753
69238.1,453753
69292.6,453753
69290.2,453753
69288.6,453753
69290.2,453753
69284.2,453753
69286.5,453753
69292.7,453753
69288.3,453753
69274.6,453753
69286.1,453753
69291.5,453753
69293.1,453753
69292.1,453753
69295.2,453753
69290.2,453753
69294.4,453753
69290.4,453753
69294.5,453753
69291.2,453753
69296.6,453753
69290.2,453753
69291.1,453753
69264.8,453753
69292.9,453753
69279.4,453753
69270,453753
69287.7,453753
69283.3,453753
69294.4,453753
69289.1,453753
69292.1,453753
69296.4,453753
69292.1,453753
69291.1,453753
69287.9,453753
69288.8,453753
69290.2,453753
69292.4,453753
69290,453753
69285,453753
69289.8,453753
69171.3,453753
69013.1,453753
69231.2,453753
69280.7,453753
69284.6,453753
69282.9,453753
69291.3,453753
69283.8,453753
69289.2,453753
69292,453753
69287.3,453753
69265,453753
69282.1,453753
69283.3,453753
69289.1,453753
69292.2,453753
69287,453753
69279.9,453753
69280,453753
69286.2,453753
69287.3,453753
69291.8,453753
69292.2,453753
69292.3,453753
69297.2,453753
69292.6,453753
69283.9,453753
69292.4,453753
69292.4,453753
69295.1,453753
69295,453753
69289.7,453753
69293.9,453753
69294.4,453753
69296.1,453753
69291.1,453753
69288.9,453753
69291.4,453753
69290.9,453753
69289.2,453753
69289.8,453753
69288.4,453753
69291.2,453753
69287.4,453753
69288,453753
69279.3,453753
69253.6,453753
69288.1,453753
69287.1,453753
69276.9,453753
69283.1,453753
69288.2,453753
69284.6,453753
69282.8,453753
69291.2,453753
69294,453753
69287.9,453753
69286.8,453753
69290.2,453753
69287.7,453753
69280.7,453753
69282.6,453753
69291.6,453753
69288.6,453753
69285.5,453753
69291.1,453753
69289.8,453753
69289.2,453753
69290.5,453753
69287.5,453753
69284.6,453753
69294.3,453753
69294.8,453753
69288.4,453753
69274.1,453753
69293.6,453753
69295.4,453753
69295.2,453753
69294.8,453753
69288.3,453753
69283,453753
69294.3,453753
69288.9,453753
69289.6,453753
69296.7,453753
69291.9,453753
69293.8,453753
69293.7,453753
69289.2,453753
69291.3,453753
69288.9,453753
69295.1,453753
69286,453753
69289,453753
69272.9,453753
69284.2,453753
69287.1,453753
69282.3,453753
69289.8,453753
69294.6,453753
69289.3,453753
69290,453753
69288.6,453753
69282.3,453753
69283.2,453753
69291.7,453753
69291.2,453753
69291,453753
69292.5,453753
69290.4,453753
69296.3,453753
69296.5,453753
69294,453753
69291.9,453753
69294.6,453753
69292,453753
69291.4,453753
69295.3,453753
69291.4,453753
69291.3,453753
69294,453753
69294,453753
69285.8,453753
69282,453753
69280.7,453753
69280.7,453753
69290.4,453753
69291.3,453753
69267.3,453753
69292,453753
69286.1,453753
69285.2,453753
69291.2,453753
69285.9,453753
69285,453753
69290.2,453753
69285.4,453753
69291.6,453753
69291.2,453753
69289.1,453753
69290.4,453753
69291.1,453753
69288.9,453753
69294.8,453753
69294,453753
69293.4,453753
69290.6,453753
69285.7,453753
69288.8,453753
69296.8,453753
69293.5,453753
69290.9,453753
69294.4,453753
69294,453753
69289,453753
69278.6,453753
69291.3,453753
69284.4,453753
69293.2,453753
69290.2,453753
69292.5,453753
69288.6,453753
69286.1,453753
69290.4,453753
69293.1,453753
69268.6,453753
69282.2,453753
69282.3,453753
69291.3,453753
69275.7,453753
69289.8,453753
69291.1,453753
69292.2,453753
69296.6,453753
69293.1,453753
69294.6,453753
69297.4,453753
69293.3,453753
69291.6,453753
69285.5,453753
69287.5,453753
69296,453753
69293.5,453753
69288.9,453753
69293.6,453753
69292.1,453753
69292.5,453753
69296.3,453753
69286.9,453753
69289.8,453753
69294.6,453753
69279.4,453753
69279.7,453753
69292,453753
69291,453753
69294.7,453753
69291.4,453753
69288.8,453753
69290.7,453753
69288.4,453753
69273.5,453753
69276.3,453753
69289.1,453753
69288.3,453753
69292.1,453753
69296,453753
69290.8,453753
69293,453753
69291.3,453753
69292.9,453753
69292.6,453753
69289.4,453753
69281.2,453753
69294.3,453753
69292.9,453753
69288.2,453753
69286,453753
69295.4,453753
69295.4,453753
69296,453753
69291.2,453753
69283.1,453753
69287.3,453753
69283.1,453753
69292.1,453753
69291.2,453753
69285.5,453753
69274.2,453753
69276.6,453753
69267.8,453753
69290.5,453753
69288.2,453753
69296,453753
69283,453753
69290.3,453753
69294.3,453753
69291.8,453753
69295.1,453753
69292.2,453753
69293.9,453753
69292,453753
69290.1,453753
69289,453753
69283.8,453753
69289.1,453753
69295.8,453753
69294.3,453753
69297.3,453753
69295.9,453753
69298.1,453753
69291.4,453753
69288.3,453753
69289.8,453753
69290.9,453753
69290.6,453753
69290.2,453753
69288.8,453753
69292.6,453753
69283.5,453753
69285.4,453753
69289.8,453753
69292.3,453753
69281.2,453753
69288.8,453753
69291.9,453753
69291.5,453753
69292.1,453753
69289.4,453753
69295.4,453753
69293.7,453753
69293.9,453753
69291.8,453753
69292.8,453753
69294.1,453753
69291.3,453753
69294.3,453753
69296.2,453753
69289.4,453753
69289.4,453753
69281.6,453753
69260.5,453753
69288.7,453753
69286.4,453753
69293.3,453753
69283,453753
69258.3,453753
69287.3,453753
69293.3,453753
69289.6,453753
69277.2,453753
69284.4,453753
69282.3,453753
69258.3,453753
69286.4,453753
69290.9,453753
69294.1,453753
69292.9,453753
69295.2,453753
69259.7,453753
69279,453753
69286.8,453753
69289.8,453753
69296.7,453753
69286.3,453753
69296.4,453753
69292.2,453753
69296,453753
69291.5,453753
69291.3,453753
69295.3,453753
69290.3,453753
69288.1,453753
69284.5,453753
69273,453753
69271,453753
69288.8,453753
69289.3,453753
69293.6,453753
69286.1,453753
69287.8,453753
69293.4,453753
69293.7,453753
69290.6,453753
69296.2,453753
69295,453753
69296,453753
69288.9,453753
69284,453753
69295.8,453753
69295,453753
69292.9,453753
69294.2,453753
69292.6,453753
69292.9,453753
69289.7,453753
69288.7,453753
69290.6,453753
69291.4,453753
69292.3,453753
69296.1,453753
69290.4,453753
69292.8,453753
69284.6,453753
69290.2,453753
69292.6,453753
69293.6,453753
69295,453753
69290.7,453753
69278.3,453753
69289.5,453753
69293.6,453753
69290.7,453753
69276.6,453753
69283,453753
69295.6,453753
69294.2,453753
69294.3,453753
69295.6,453546
