TRACE,NSNPS_JACKKNIFE
69129.8,453753
69128.9,453753
69124.7,453753
69123.6,453753
69122.9,453753
69125.7,453753
69122.5,453753
69122.2,453753
69125.1,453753
69117.3,453753
69122.7,453753
69115.5,453753
69126.3,453753
69122.3,453753
69124.6,453753
69125.4,453753
69120.2,453753
69110.2,453753
69111.6,453753
69120.5,453753
69123.7,453753
69128.7,453753
69122.4,453753
69125,453753
69124.6,453753
69121.5,453753
69117.2,453753
69116.5,453753
69120.9,453753
69122.6,453753
69120.1,453753
69119.7,453753
69123.1,453753
69121.1,453753
69124.3,453753
69122.8,453753
69120.7,453753
69115.2,453753
69121.1,453753
69123,453753
69123.5,453753
69125.7,453753
69120.9,453753
69113.3,453753
69113.9,453753
69118,453753
69122,453753
69124.5,453753
69127.6,453753
69126.8,453753
69125.1,453753
69114,453753
69117.3,453753
69119.5,453753
69116.8,453753
69123.6,453753
69124.1,453753
69110.7,453753
69115.5,453753
69114.8,453753
69123,453753
69125.1,453753
69125.7,453753
69121,453753
69121.9,453753
69123.7,453753
69121.8,453753
69116.9,453753
69120.2,453753
69120.6,453753
69111.2,453753
69122.3,453753
69122.6,453753
69127.6,453753
69125.4,453753
69124.6,453753
69126.2,453753
69122.1,453753
69128.9,453753
69125.7,453753
69117.6,453753
69121.6,453753
69126,453753
69130.8,453753
69127.8,453753
69125.6,453753
69125.8,453753
69125.2,453753
69124.2,453753
69123.6,453753
69117.1,453753
69112,453753
69122.1,453753
69086.6,453753
69122.3,453753
69116.8,453753
69125.1,453753
69121.4,453753
69124.1,453753
69126.8,453753
69121,453753
69122.3,453753
69118.2,453753
69113.3,453753
69115.4,453753
69117.2,453753
69124.6,453753
69124.4,453753
69125.6,453753
69124.6,453753
69125.3,453753
69119.3,453753
69118.5,453753
69115.1,453753
69113.3,453753
69120,453753
69124,453753
69122.1,453753
69120.8,453753
69113.9,453753
69120,453753
69124.7,453753
69120.1,453753
69120.5,453753
69125.2,453753
69121.2,453753
69120.4,453753
69122,453753
69117.2,453753
69125.6,453753
69115.4,453753
69121.7,453753
69119.4,453753
69122.4,453753
69118.1,453753
69124.7,453753
69124.1,453753
69119.4,453753
69113.4,453753
69123.6,453753
69111.6,453753
69104.7,453753
69117.7,453753
69117.8,453753
69115.2,453753
69115.2,453753
69123,453753
69122.9,453753
69122.5,453753
69123.6,453753
69125.6,453753
69124.6,453753
69126,453753
69122,453753
69124.8,453753
69124,453753
69121.9,453753
69125.6,453753
69128.7,453753
69121.8,453753
69122.6,453753
69124.5,453753
69123.4,453753
69129.2,453753
69128,453753
69126.2,453753
69122.1,453753
69124.5,453753
69124.4,453753
69122.3,453753
69120.7,453753
69119.9,453753
69123.9,453753
69124.4,453753
69122.4,453753
69120.5,453753
69123.8,453753
69120.1,453753
69122,453753
69120.5,453753
69120.8,453753
69078.3,453753
69090.6,453753
69124.6,453753
69120.6,453753
69126.7,453753
69121.7,453753
69124.5,453753
69124.1,453753
69124.9,453753
69126.2,453753
69127.4,453753
69115.9,453753
69102.1,453753
69105.6,453753
69100,453753
69106.6,453753
69117.5,453753
69126.4,453753
69123.8,453753
69121.8,453753
69124.8,453753
69123.3,453753
69109.9,453753
69122.6,453753
69119.3,453753
69118.8,453753
69127,453753
69119,453753
69113.1,453753
69120.9,453753
69122.1,453753
69121,453753
69122.1,453753
69116.3,453753
69120.3,453753
69105,453753
69106.6,453753
69115.6,453753
69104.5,453753
69127.5,453753
69127.3,453753
69125.4,453753
69124.2,453753
69117.2,453753
69126.4,453753
69125.4,453753
69122.7,453753
69127.9,453753
69126.5,453753
69122.3,453753
69116.8,453753
69116.6,453753
69127.8,453753
69128.1,453753
69125.6,453753
69120.7,453753
69120.1,453753
69117.6,453753
69124,453753
69119.9,453753
69123.3,453753
69126.6,453753
69122.4,453753
69119.8,453753
69122.6,453753
69123.4,453753
69120.4,453753
69124.4,453753
69112.1,453753
69113.5,453753
69123.9,453753
69122.3,453753
69116.8,453753
69120.1,453753
69116.4,453753
69117.6,453753
69118.9,453753
69110.4,453753
69123.1,453753
69126.7,453753
69117.6,453753
69108.5,453753
69120.7,453753
69119.9,453753
69118.8,453753
69119.3,453753
69100.2,453753
69125.1,453753
69122.8,453753
69120.7,453753
69111.8,453753
69120.7,453753
69119.3,453753
69122.7,453753
69117.2,453753
69122.3,453753
69123.3,453753
69118.9,453753
69115.2,453753
69121.1,453753
69122.9,453753
69124.8,453753
69123.8,453753
69122.4,453753
69123.8,453753
69125.2,453753
69119.3,453753
69122.1,453753
69124.9,453753
69126.1,453753
69126.3,453753
69128.4,453753
69126.6,453753
69125.5,453753
69125.5,453753
69121.6,453753
69120.9,453753
69129.1,453753
69124.3,453753
69127.6,453753
69126.1,453753
69130.1,453753
69122.9,453753
69125.5,453753
69126,453753
69125.2,453753
69122.1,453753
69122.4,453753
69127,453753
69126.5,453753
69121.5,453753
69113.8,453753
69103.8,453753
69100.9,453753
69117.2,453753
69123.1,453753
69115,453753
69117.7,453753
69119.9,453753
69123,453753
69124.3,453753
69123.3,453753
69120.5,453753
69118,453753
69115.5,453753
69121.1,453753
69120.9,453753
69120.3,453753
69115.9,453753
69095.1,453753
69122.2,453753
69124,453753
69122.3,453753
69117.9,453753
69123.1,453753
69116.8,453753
69123.9,453753
69124.8,453753
69115.3,453753
69114.4,453753
69120.8,453753
69103.6,453753
69097,453753
69121.5,453753
69118.5,453753
69126.2,453753
69119.6,453753
69121.6,453753
69087.8,453753
69125.1,453753
69123.3,453753
69123.2,453753
69129.4,453753
69127.5,453753
69124.3,453753
69127,453753
69127.1,453753
69124.7,453753
69125.1,453753
69125.7,453753
69127.6,453753
69126.5,453753
69125.6,453753
69124.2,453753
69124.4,453753
69123.1,453753
69123.5,453753
69123.4,453753
69124.7,453753
69122.3,453753
69121.8,453753
69122.2,453753
69124.5,453753
69120.8,453753
69120.9,453753
69118.9,453753
69104,453753
69117.4,453753
69115.5,453753
69090.8,453753
69107.6,453753
69116.4,453753
69120.6,453753
69116.5,453753
69111.9,453753
69111.1,453753
69113,453753
69119.2,453753
69127,453753
69118.5,453753
69118.2,453753
69117.5,453753
69121.3,453753
69118.9,453753
69119.9,453753
69118.1,453753
69106.1,453753
69114.2,453753
69123.9,453753
69121.4,453753
69123.1,453753
69124.6,453753
69120.6,453753
69127,453753
69096.7,453753
69117.7,453753
69120.5,453753
69118.9,453753
69122.6,453753
69125,453753
69125.8,453753
69120.7,453753
69123.9,453753
69126,453753
69125.4,453753
69123.8,453753
69125.3,453753
69115.3,453753
69115,453753
69121.1,453753
69123.9,453753
69127.5,453753
69120.3,453753
69126.9,453753
69125.6,453753
69123.8,453753
69124.6,453753
69117.5,453753
69122.8,453753
69120.4,453753
69125.1,453753
69106.9,453753
69122,453753
69122.5,453753
69123.2,453753
69122.4,453753
69120.6,453753
69120.2,453753
69123.4,453753
69122.1,453753
69114,453753
69081.2,453753
69117.8,453753
69121.7,453753
69122.3,453753
69124.6,453753
69124.4,453753
69116.7,453753
69115.8,453753
69121,453753
69127.7,453753
69112.6,453753
69116.6,453753
69126.8,453753
69120.2,453753
69122.9,453753
69120.8,453753
69117.9,453753
69115.6,453753
69116.2,453753
69121.5,453753
69126.3,453753
69118.8,453753
69126.6,453753
69125.1,453753
69122,453753
69121.7,453753
69126.9,453753
69121.9,453753
69129.4,453753
69126.9,453753
69126.1,453753
69121.6,453753
69115.5,453753
69121.3,453753
69121.5,453753
69123.2,453753
69125.5,453753
69109.3,453753
69075.2,453753
69084.9,453753
69121.6,453753
69124.2,453753
69123.7,453753
69124.7,453753
69122.7,453753
69119.7,453753
69125.2,453753
69126.4,453753
69124.3,453753
69117.8,453753
69123.9,453753
69122,453753
69098.6,453753
69115.8,453753
69118.5,453753
69121.9,453753
69122.3,453753
69117.9,453753
69117.1,453753
69123.5,453753
69125,453753
69122,453753
69115.9,453753
69122.8,453753
69119.8,453753
69121.9,453753
69119.4,453753
69126.6,453753
69119,453753
69116,453753
69120.7,453753
69109.2,453753
69116.5,453753
69128.9,453753
69123.7,453753
69127.2,453753
69127.4,453753
69127,453753
69121.9,453753
69123,453753
69127.5,453753
69124.6,453753
69126.1,453753
69122.9,453753
69124.7,453753
69123.4,453753
69126.6,453753
69126.7,453753
69120.2,453753
69127.3,453753
69126.7,453753
69127.3,453753
69126.6,453753
69118.4,453753
69126,453753
69118.5,453753
69125.2,453753
69115.9,453753
69120.3,453753
69113.9,453753
69103.9,453753
69123.2,453753
69119.5,453753
69121.5,453753
69124.8,453753
69121.5,453753
69120.8,453753
69123.7,453753
69125.6,453753
69126.6,453753
69122.9,453753
69115.4,453753
69114.9,453753
69121.7,453753
69120.1,453753
69118.3,453753
69127.6,453753
69122.3,453753
69121,453753
69124.4,453753
69118.1,453753
69124.2,453753
69124.2,453753
69119.8,453753
69125.9,453753
69123.1,453753
69125.9,453753
69124.9,453753
69128.2,453753
69120.6,453753
69124.1,453753
69124.7,453753
69124,453753
69124.2,453753
69124.5,453753
69124.2,453753
69124.3,453753
69123.1,453753
69124.3,453753
69126.7,453753
69118.7,453753
69120.9,453753
69122.3,453753
69124.5,453753
69126.2,453753
69119.4,453753
69109,453753
69102.3,453753
69119.4,453753
69121.8,453753
69123.9,453753
69117.2,453753
69119.7,453753
69117.5,453753
69119.1,453753
69122.7,453753
69123,453753
69119.5,453753
69076.7,453753
69124.8,453753
69124.9,453753
69123.6,453753
69122.3,453753
69117.9,453753
69120.6,453753
69124.4,453753
69115.9,453753
69112.4,453753
69123.4,453753
69120.8,453753
69125.3,453753
69127.9,453753
69127.3,453753
69123.5,453753
69123.9,453753
69124.3,453753
69124.2,453753
69124.4,453753
69129.8,453753
69126.4,453753
69122.4,453753
69099.4,453753
69126.7,453753
69114.1,453753
69101.7,453753
69115,453753
69116.6,453753
69127.2,453753
69121.6,453753
69124.1,453753
69127.6,453753
69128,453753
69126.5,453753
69120,453753
69118.3,453753
69125,453753
69123.3,453753
69122.1,453753
69118.6,453753
69125.1,453753
69020.4,453753
68872.7,453753
69077.2,453753
69118.8,453753
69117,453753
69115.9,453753
69125.2,453753
69114.4,453753
69122.6,453753
69123.9,453753
69119.5,453753
69100.8,453753
69113.8,453753
69116,453753
69120.9,453753
69125,453753
69120.2,453753
69118.8,453753
69119.7,453753
69117.1,453753
69117,453753
69125.4,453753
69127.3,453753
69123.6,453753
69127.4,453753
69122.8,453753
69116.6,453753
69125.9,453753
69125.6,453753
69125.1,453753
69127.2,453753
69122.7,453753
69123.6,453753
69125,453753
69127.5,453753
69125.7,453753
69121.3,453753
69126.5,453753
69119.5,453753
69122.8,453753
69123,453753
69124,453753
69123.4,453753
69122,453753
69120.7,453753
69110,453753
69080.9,453753
69117.1,453753
69122.6,453753
69110.7,453753
69118.7,453753
69117.3,453753
69118.1,453753
69117.7,453753
69122,453753
69124,453753
69119.5,453753
69122.3,453753
69126.4,453753
69122.8,453753
69114.7,453753
69116.7,453753
69120.4,453753
69118.8,453753
69119,453753
69123.4,453753
69124.3,453753
69121.8,453753
69123.8,453753
69118.4,453753
69118.6,453753
69126.2,453753
69128,453753
69120.6,453753
69111.9,453753
69126.1,453753
69128.6,453753
69127.9,453753
69128.4,453753
69120.4,453753
69113.8,453753
69126.4,453753
69123.3,453753
69121.8,453753
69125.2,453753
69124.3,453753
69122,453753
69122.9,453753
69124.1,453753
69121.9,453753
69123.1,453753
69125.1,453753
69119.7,453753
69117.9,453753
69113.5,453753
69118.1,453753
69117.1,453753
69120.2,453753
69120.5,453753
69126.5,453753
69121.4,453753
69121.6,453753
69119.3,453753
69115.3,453753
69119.6,453753
69127.6,453753
69123.2,453753
69124.2,453753
69123.4,453753
69128.2,453753
69130.5,453753
69128.1,453753
69126.3,453753
69118.2,453753
69124.9,453753
69121.7,453753
69123.6,453753
69125.8,453753
69125.5,453753
69123.3,453753
69126.5,453753
69130.2,453753
69123.1,453753
69118.5,453753
69118.8,453753
69113.1,453753
69119.8,453753
69123.8,453753
69096.5,453753
69123.6,453753
69118.4,453753
69122.8,453753
69121.8,453753
69119.3,453753
69119.2,453753
69124.5,453753
69120.7,453753
69120.6,453753
69121.9,453753
69123.2,453753
69122.6,453753
69125.7,453753
69121.4,453753
69129.1,453753
69129,453753
69125.9,453753
69125.1,453753
69119.4,453753
69123.9,453753
69128.9,453753
69127.2,453753
69124.5,453753
69129.3,453753
69127,453753
69123.3,453753
69115.1,453753
69123.2,453753
69112.2,453753
69122.2,453753
69124.9,453753
69123.2,453753
69120.8,453753
69120.3,453753
69122.1,453753
69125.9,453753
69105.7,453753
69116,453753
69120.6,453753
69124.5,453753
69103.5,453753
69126.5,453753
69123.4,453753
69124.7,453753
69130.3,453753
69128.9,453753
69126.3,453753
69125.1,453753
69123.9,453753
69125.4,453753
69117.9,453753
69121.7,453753
69128.8,453753
69124.4,453753
69124.3,453753
69122.4,453753
69123.1,453753
69125.5,453753
69129,453753
69124.5,453753
69124.5,453753
69127.6,453753
69116.3,453753
69113.9,453753
69128.4,453753
69122.3,453753
69124.9,453753
69121.7,453753
69124.3,453753
69123.4,453753
69120.2,453753
69105.9,453753
69110.4,453753
69115.1,453753
69122.9,453753
69126.6,453753
69129.5,453753
69123.1,453753
69123.3,453753
69127.8,453753
69126.6,453753
69125.7,453753
69118.1,453753
69110.2,453753
69123,453753
69126.5,453753
69122.7,453753
69118.5,453753
69126.7,453753
69127.1,453753
69131.2,453753
69128.1,453753
69116.4,453753
69117.3,453753
69116.7,453753
69125.6,453753
69127.4,453753
69117.2,453753
69102.6,453753
69113.6,453753
69091.4,453753
69122.4,453753
69120.7,453753
69126.6,453753
69116.5,453753
69123.4,453753
69121.9,453753
69124.2,453753
69127.3,453753
69128.6,453753
69125.5,453753
69127.5,453753
69123,453753
69125.1,453753
69119,453753
69123.6,453753
69128.3,453753
69130.3,453753
69128.6,453753
69125.7,453753
69125.8,453753
69127.4,453753
69123.8,453753
69126,453753
69128.1,453753
69120.1,453753
69123.5,453753
69122.5,453753
69121.4,453753
69118.5,453753
69118.1,453753
69121.6,453753
69124.2,453753
69112.9,453753
69123.8,453753
69124.2,453753
69125.2,453753
69122.2,453753
69123.4,453753
69128.2,453753
69126.9,453753
69127.9,453753
69123.3,453753
69127.7,453753
69125.4,453753
69124.2,453753
69127.4,453753
69127.8,453753
69124.7,453753
69121.1,453753
69116.1,453753
69098.2,453753
69121.6,453753
69125,453753
69125.2,453753
69113.2,453753
69099.8,453753
69118.2,453753
69121.8,453753
69122.6,453753
69109.8,453753
69114.1,453753
69114.8,453753
69099.1,453753
69118.7,453753
69123.1,453753
69125.8,453753
69118.7,453753
69126.8,453753
69092.4,453753
69111.8,453753
69117.1,453753
69122.9,453753
69128.1,453753
69122.6,453753
69125.7,453753
69127,453753
69129,453753
69125.6,453753
69121.2,453753
69128,453753
69122.4,453753
69124.3,453753
69117.8,453753
69111.2,453753
69107.3,453753
69122.7,453753
69122.9,453753
69123.9,453753
69121.7,453753
69123.6,453753
69123.9,453753
69127.7,453753
69127.6,453753
69128.3,453753
69127.4,453753
69129,453753
69127.6,453753
69121.8,453753
69129.3,453753
69127.6,453753
69128.2,453753
69124.9,453753
69124.3,453753
69126.7,453753
69123.1,453753
69123.6,453753
69122.6,453753
69121.7,453753
69127.2,453753
69127.5,453753
69120.4,453753
69122.5,453753
69110.1,453753
69127,453753
69126.8,453753
69124.1,453753
69127.7,453753
69123.9,453753
69111.8,453753
69124.5,453753
69127.9,453753
69127.2,453753
69108,453753
69112.6,453753
69128.1,453753
69124.4,453753
69124.8,453753
69131.5,453546
