TRACE,NSNPS_JACKKNIFE
69071.8,453753
69069.9,453753
69065.3,453753
69068.7,453753
69065.2,453753
69070.1,453753
69063.7,453753
69066.9,453753
69065.5,453753
69062.4,453753
69067,453753
69058.7,453753
69068.9,453753
69064.7,453753
69068.3,453753
69067.5,453753
69063,453753
69048.3,453753
69053.3,453753
69059.3,453753
69066.1,453753
69068.3,453753
69066.6,453753
69068.5,453753
69067.6,453753
69068.6,453753
69061.6,453753
69061.4,453753
69065.4,453753
69066.1,453753
69065.9,453753
69065.4,453753
69064,453753
69060.9,453753
69064.9,453753
69066.7,453753
69066.2,453753
69062.3,453753
69065.3,453753
69067.4,453753
69068,453753
69067.5,453753
69065.5,453753
69053.6,453753
69060.7,453753
69061.3,453753
69068.3,453753
69069.9,453753
69067.1,453753
69071.1,453753
69067.3,453753
69058.1,453753
69060.1,453753
69066.6,453753
69058.5,453753
69064.3,453753
69063.9,453753
69055.3,453753
69061.4,453753
69060.8,453753
69070.2,453753
69069.9,453753
69066,453753
69068.4,453753
69069.5,453753
69067.6,453753
69069.2,453753
69061,453753
69063.4,453753
69061,453753
69046.4,453753
69065.1,453753
69068.5,453753
69071.4,453753
69071.1,453753
69067.4,453753
69071.9,453753
69065.6,453753
69070.1,453753
69066.3,453753
69060,453753
69068.7,453753
69069.8,453753
69072.9,453753
69070.8,453753
69069.4,453753
69070.2,453753
69070.9,453753
69067.5,453753
69068.5,453753
69059.5,453753
69060.8,453753
69067.5,453753
69043.5,453753
69065.6,453753
69062,453753
69068.8,453753
69070.9,453753
69066.2,453753
69066.8,453753
69060.8,453753
69064,453753
69058.2,453753
69057.6,453753
69063.6,453753
69056.8,453753
69066.9,453753
69068.6,453753
69067.5,453753
69065.6,453753
69067.9,453753
69062.1,453753
69061.8,453753
69055.5,453753
69055.9,453753
69057.1,453753
69067.2,453753
69066.4,453753
69066.5,453753
69058.3,453753
69058.5,453753
69070.9,453753
69061.9,453753
69063.7,453753
69065.1,453753
69066.5,453753
69063.5,453753
69064.8,453753
69059.8,453753
69063.3,453753
69064,453753
69062.6,453753
69060.5,453753
69065.8,453753
69061,453753
69066.5,453753
69067.8,453753
69067.9,453753
69062.2,453753
69064.8,453753
69051.5,453753
69048.6,453753
69064.1,453753
69061.5,453753
69059.6,453753
69058.8,453753
69066.2,453753
69066.7,453753
69067.6,453753
69065,453753
69067.7,453753
69068.3,453753
69068,453753
69066.7,453753
69066.8,453753
69067,453753
69068,453753
69070.2,453753
69072.6,453753
69067.5,453753
69063.9,453753
69062.4,453753
69068.1,453753
69072.1,453753
69072.2,453753
69070.7,453753
69070.4,453753
69067.5,453753
69067.6,453753
69066.7,453753
69061.7,453753
69067.2,453753
69068,453753
69066.1,453753
69071.9,453753
69068.3,453753
69067.9,453753
69066.7,453753
69062.4,453753
69060.9,453753
69062,453753
69019.2,453753
69027.2,453753
69064.3,453753
69063.2,453753
69070.5,453753
69067.7,453753
69069.4,453753
69069.1,453753
69065.7,453753
69071.1,453753
69069.7,453753
69059,453753
69041.8,453753
69043.2,453753
69040.5,453753
69052.5,453753
69059.8,453753
69066.8,453753
69063.3,453753
69062.5,453753
69065.5,453753
69068.7,453753
69058.1,453753
69067.4,453753
69067.2,453753
69064.8,453753
69065.5,453753
69062,453753
69057.3,453753
69064.7,453753
69069.2,453753
69070.6,453753
69068.4,453753
69060.3,453753
69063.4,453753
69049.7,453753
69047.6,453753
69057.2,453753
69056.6,453753
69071.5,453753
69069.3,453753
69069.6,453753
69067.8,453753
69066.6,453753
69066.4,453753
69071.4,453753
69071.4,453753
69068.3,453753
69068.4,453753
69065.6,453753
69054.8,453753
69062.1,453753
69071.3,453753
69072.8,453753
69067.7,453753
69063.5,453753
69062.6,453753
69060.4,453753
69067.2,453753
69064.3,453753
69067.7,453753
69072.2,453753
69069.6,453753
69065.9,453753
69066.6,453753
69067,453753
69066.9,453753
69068.7,453753
69061.2,453753
69057.2,453753
69067,453753
69066.5,453753
69063.3,453753
69059.9,453753
69061,453753
69066.3,453753
69066.4,453753
69052.7,453753
69067.4,453753
69070.7,453753
69062.8,453753
69046.9,453753
69064.9,453753
69062.4,453753
69065.3,453753
69061.6,453753
69045.3,453753
69066.9,453753
69066.9,453753
69062.3,453753
69043.8,453753
69063.8,453753
69062.1,453753
69065.3,453753
69058.7,453753
69068.4,453753
69067.9,453753
69063.3,453753
69056.9,453753
69066.7,453753
69059.2,453753
69071.8,453753
69064.8,453753
69059.7,453753
69067.7,453753
69071.5,453753
69064.4,453753
69065,453753
69068.4,453753
69070,453753
69068.6,453753
69073.3,453753
69068.3,453753
69071.8,453753
69067.8,453753
69067.9,453753
69066.2,453753
69070.6,453753
69071.9,453753
69068.8,453753
69067,453753
69072.1,453753
69066.8,453753
69068.8,453753
69067.6,453753
69069.5,453753
69069,453753
69064.8,453753
69070.3,453753
69068.4,453753
69066.8,453753
69059.8,453753
69046.8,453753
69036.5,453753
69060,453753
69066.4,453753
69059.1,453753
69060.3,453753
69063,453753
69065.5,453753
69069.5,453753
69067,453753
69064.8,453753
69064,453753
69059.8,453753
69062,453753
69062.1,453753
69063.7,453753
69061,453753
69043.7,453753
69062.1,453753
69064.9,453753
69066,453753
69066.4,453753
69068.5,453753
69061.2,453753
69062.4,453753
69068,453753
69063.2,453753
69058.2,453753
69064.1,453753
69051.7,453753
69044.3,453753
69061.2,453753
69059.2,453753
69064.8,453753
69061.3,453753
69061.2,453753
69026,453753
69065.1,453753
69063.9,453753
69068.8,453753
69070.8,453753
69070.1,453753
69067.9,453753
69070.9,453753
69071,453753
69067.8,453753
69068.6,453753
69071.8,453753
69069.5,453753
69069,453753
69068.8,453753
69066.3,453753
69066.7,453753
69067,453753
69067.4,453753
69065.2,453753
69068.3,453753
69067.3,453753
69066,453753
69066.8,453753
69065.1,453753
69065.3,453753
69065,453753
69061.3,453753
69049.4,453753
69060.7,453753
69057.7,453753
69036.8,453753
69049.3,453753
69060.9,453753
69064.7,453753
69061.2,453753
69055,453753
69056.2,453753
69053.1,453753
69060.1,453753
69065.5,453753
69065.7,453753
69058,453753
69061,453753
69062.4,453753
69062.7,453753
69060.7,453753
69061,453753
69053,453753
69057.2,453753
69066.8,453753
69065.2,453753
69068.3,453753
69071,453753
69067,453753
69068.6,453753
69044.6,453753
69064,453753
69063.1,453753
69067.8,453753
69066.9,453753
69069.1,453753
69067.7,453753
69065.7,453753
69068,453753
69070.9,453753
69068.1,453753
69067,453753
69066,453753
69062.8,453753
69060.9,453753
69064.2,453753
69068.2,453753
69070,453753
69063.4,453753
69069.5,453753
69067.6,453753
69068.7,453753
69071.6,453753
69059.4,453753
69064.4,453753
69065.6,453753
69068.6,453753
69048.3,453753
69068.8,453753
69068.3,453753
69067.9,453753
69069.2,453753
69062.5,453753
69064.7,453753
69063.2,453753
69062.5,453753
69057.8,453753
69021.8,453753
69060.3,453753
69066.3,453753
69064.3,453753
69071.1,453753
69071.3,453753
69061.4,453753
69058.9,453753
69063.2,453753
69064.3,453753
69053.3,453753
69061.4,453753
69071.1,453753
69061.2,453753
69065.7,453753
69062.8,453753
69061.2,453753
69062.8,453753
69058.7,453753
69064,453753
69069.8,453753
69065.6,453753
69070.8,453753
69067.3,453753
69062.7,453753
69066.5,453753
69071.1,453753
69063,453753
69071.2,453753
69070.9,453753
69068.3,453753
69062.5,453753
69059.8,453753
69062,453753
69062,453753
69068.2,453753
69067.5,453753
69049.6,453753
69014.7,453753
69024.3,453753
69068.5,453753
69065.5,453753
69067.1,453753
69063.3,453753
69067.2,453753
69060.1,453753
69066.1,453753
69067.4,453753
69066.8,453753
69061.8,453753
69065.8,453753
69064.7,453753
69043.2,453753
69057.9,453753
69066.9,453753
69064,453753
69064.5,453753
69061.5,453753
69060,453753
69069.7,453753
69066.2,453753
69063.1,453753
69060,453753
69064.5,453753
69059.2,453753
69063.7,453753
69066.7,453753
69070.3,453753
69064.1,453753
69065.9,453753
69065.1,453753
69053,453753
69059.8,453753
69069.5,453753
69069.5,453753
69068.3,453753
69068.5,453753
69071.2,453753
69065.4,453753
69067.9,453753
69068.6,453753
69068.9,453753
69070.5,453753
69068,453753
69067.2,453753
69062.8,453753
69069,453753
69071.4,453753
69067.1,453753
69069.5,453753
69067.2,453753
69068.9,453753
69068.3,453753
69064.9,453753
69069.1,453753
69063.2,453753
69068.4,453753
69058.3,453753
69064.9,453753
69058.6,453753
69046.7,453753
69063.9,453753
69061.2,453753
69064.6,453753
69068.6,453753
69062.1,453753
69065.5,453753
69065.7,453753
69069.5,453753
69070.2,453753
69068.3,453753
69059.7,453753
69057.2,453753
69066.3,453753
69063,453753
69062.5,453753
69069.4,453753
69065.8,453753
69059.6,453753
69064.8,453753
69064.6,453753
69069.1,453753
69062.9,453753
69061.1,453753
69066.3,453753
69063.9,453753
69070.9,453753
69069.5,453753
69070.7,453753
69064.3,453753
69066.9,453753
69069,453753
69068,453753
69066.5,453753
69066.8,453753
69069.9,453753
69067.3,453753
69067.5,453753
69064.9,453753
69071,453753
69063.8,453753
69064,453753
69071.1,453753
69065.8,453753
69068.1,453753
69060.6,453753
69055.3,453753
69040.8,453753
69061.2,453753
69066.2,453753
69068.6,453753
69061.4,453753
69067.9,453753
69058.5,453753
69062.7,453753
69062.1,453753
69068.3,453753
69061.3,453753
69011.6,453753
69066,453753
69068.4,453753
69063.7,453753
69067.2,453753
69060,453753
69062.3,453753
69064.7,453753
69060.9,453753
69052.3,453753
69063.7,453753
69063.2,453753
69071.7,453753
69066.7,453753
69069.8,453753
69066.1,453753
69069.1,453753
69066,453753
69069.4,453753
69066.8,453753
69072.9,453753
69066.5,453753
69064.3,453753
69044,453753
69071.1,453753
69057.1,453753
69053.6,453753
69062.5,453753
69058.6,453753
69070.3,453753
69067.9,453753
69065.8,453753
69069.6,453753
69070.7,453753
69070.5,453753
69061.2,453753
69065.1,453753
69066.1,453753
69067.3,453753
69066.7,453753
69065.1,453753
69064.7,453753
68976,453753
68838.8,453753
69015.4,453753
69057.9,453753
69061.7,453753
69061,453753
69068.2,453753
69059.5,453753
69064.8,453753
69069.2,453753
69062.8,453753
69047,453753
69053.7,453753
69061.9,453753
69062.1,453753
69067.7,453753
69067.4,453753
69058.9,453753
69056.1,453753
69061.9,453753
69062.5,453753
69067.7,453753
69068.6,453753
69069.3,453753
69072.4,453753
69067.9,453753
69058.4,453753
69073.8,453753
69069.7,453753
69069.7,453753
69069.9,453753
69070,453753
69066.7,453753
69068.9,453753
69070.7,453753
69069.9,453753
69063,453753
69070.4,453753
69069.7,453753
69066.8,453753
69065,453753
69065.5,453753
69071.9,453753
69065.3,453753
69064.8,453753
69055.9,453753
69032.1,453753
69059.9,453753
69064,453753
69059,453753
69058.9,453753
69062.4,453753
69063.8,453753
69062.9,453753
69066.4,453753
69068.5,453753
69065.8,453753
69065.8,453753
69068.5,453753
69065.9,453753
69058.6,453753
69060.4,453753
69070.5,453753
69064,453753
69060.4,453753
69068.4,453753
69066,453753
69068,453753
69069.9,453753
69064.9,453753
69064,453753
69069.5,453753
69070.3,453753
69062.6,453753
69054,453753
69072.9,453753
69074.8,453753
69071,453753
69071.6,453753
69062.6,453753
69060,453753
69073,453753
69063.1,453753
69065.6,453753
69069.2,453753
69069.1,453753
69069.1,453753
69067.6,453753
69068.8,453753
69068.7,453753
69064.9,453753
69067.1,453753
69063.9,453753
69062.4,453753
69058.1,453753
69061.1,453753
69061.5,453753
69062.1,453753
69066.8,453753
69072.1,453753
69063.8,453753
69062,453753
69063.7,453753
69063,453753
69063.2,453753
69067.6,453753
69065,453753
69067.3,453753
69067.7,453753
69064.8,453753
69070.9,453753
69071.5,453753
69070,453753
69068.6,453753
69071.4,453753
69067,453753
69071.3,453753
69070.3,453753
69067.2,453753
69066.7,453753
69070.5,453753
69073.2,453753
69066.4,453753
69060.3,453753
69057.5,453753
69056.6,453753
69065.9,453753
69066,453753
69051.6,453753
69068.6,453753
69061.2,453753
69065.6,453753
69064.9,453753
69064.7,453753
69061.5,453753
69068,453753
69061.6,453753
69065.8,453753
69065.3,453753
69067.7,453753
69069.5,453753
69065.4,453753
69068.8,453753
69072.3,453753
69070.8,453753
69068.2,453753
69067.9,453753
69062.5,453753
69066.1,453753
69073.2,453753
69071.5,453753
69068.4,453753
69071.4,453753
69069.5,453753
69063.8,453753
69056.7,453753
69068,453753
69057.9,453753
69064.5,453753
69064.6,453753
69069.3,453753
69065.6,453753
69064.2,453753
69066.2,453753
69067.6,453753
69047.6,453753
69055.3,453753
69061.8,453753
69068,453753
69039.3,453753
69066.9,453753
69066,453753
69067.4,453753
69070.5,453753
69069.3,453753
69071.3,453753
69072.6,453753
69065.4,453753
69071.7,453753
69063.9,453753
69064.2,453753
69072.8,453753
69068.6,453753
69069.5,453753
69069.2,453753
69067.5,453753
69067.7,453753
69069.1,453753
69066.7,453753
69067.4,453753
69069.2,453753
69059.7,453753
69057.2,453753
69068.5,453753
69066.6,453753
69072.7,453753
69066,453753
69065.6,453753
69068.5,453753
69062.4,453753
69053.5,453753
69056.8,453753
69061.6,453753
69065.5,453753
69069,453753
69072.8,453753
69070.4,453753
69067.2,453753
69069.3,453753
69068.8,453753
69068.6,453753
69063.1,453753
69056.2,453753
69063.5,453753
69070.8,453753
69067.6,453753
69064.4,453753
69071.4,453753
69071,453753
69072,453753
69067.1,453753
69063.1,453753
69063.2,453753
69060.9,453753
69072.3,453753
69066.8,453753
69061.5,453753
69048.9,453753
69054.9,453753
69035.7,453753
69069.6,453753
69068.2,453753
69072.1,453753
69052.2,453753
69067,453753
69069.5,453753
69068.2,453753
69072.2,453753
69071.2,453753
69068.9,453753
69071.1,453753
69068.8,453753
69067.2,453753
69063.9,453753
69066.2,453753
69072.3,453753
69072.7,453753
69074.2,453753
69069.7,453753
69071.7,453753
69068.7,453753
69062.5,453753
69067.5,453753
69068.9,453753
69066.9,453753
69063.8,453753
69064.2,453753
69062.4,453753
69057.5,453753
69060.9,453753
69065.6,453753
69066.5,453753
69056.6,453753
69066.5,453753
69069,453753
69070.6,453753
69065.8,453753
69066.1,453753
69071.8,453753
69066.6,453753
69071.2,453753
69067.1,453753
69068.8,453753
69068.5,453753
69066.5,453753
69070.8,453753
69071.8,453753
69068.8,453753
69070,453753
69059.4,453753
69039.5,453753
69063.9,453753
69063.6,453753
69067.7,453753
69055.6,453753
69045.1,453753
69061.4,453753
69070.3,453753
69067.1,453753
69048.2,453753
69059.5,453753
69060.6,453753
69046.5,453753
69059.1,453753
69070.3,453753
69070,453753
69062.1,453753
69070.2,453753
69042.2,453753
69050.7,453753
69060.1,453753
69066,453753
69071,453753
69062.5,453753
69070.1,453753
69071.7,453753
69070,453753
69071.8,453753
69068.4,453753
69069,453753
69064.3,453753
69063.8,453753
69062.3,453753
69052.5,453753
69053.3,453753
69065,453753
69066.8,453753
69068.4,453753
69062.2,453753
69065,453753
69068.2,453753
69070,453753
69071.3,453753
69070.6,453753
69071.2,453753
69067.5,453753
69068.7,453753
69064.2,453753
69073.1,453753
69070,453753
69071.4,453753
69065.4,453753
69071.1,453753
69065.5,453753
69066,453753
69068.4,453753
69067.3,453753
69065.6,453753
69070.4,453753
69070.5,453753
69069.9,453753
69063.4,453753
69059,453753
69066.9,453753
69069.1,453753
69070.1,453753
69069.9,453753
69066.9,453753
69056.8,453753
69066.9,453753
69071.8,453753
69067.8,453753
69048.8,453753
69056.5,453753
69071.3,453753
69071.9,453753
69072.5,453753
69074.3,453546
