TRACE,NSNPS_JACKKNIFE
69324.1,453753
69325.4,453753
69322.3,453753
69322.3,453753
69318.4,453753
69321.8,453753
69319.1,453753
69316.2,453753
69320.2,453753
69315.4,453753
69320.4,453753
69316,453753
69322.9,453753
69318.6,453753
69320,453753
69318.6,453753
69317.4,453753
69309.9,453753
69311.6,453753
69313.5,453753
69321,453753
69321.3,453753
69320.5,453753
69319.4,453753
69323.9,453753
69319.1,453753
69312.9,453753
69314.3,453753
69318.7,453753
69319.6,453753
69320.2,453753
69315.5,453753
69316.6,453753
69314.1,453753
69319.8,453753
69319,453753
69316.2,453753
69313.4,453753
69322.9,453753
69320.4,453753
69323.1,453753
69319.5,453753
69317.5,453753
69310.7,453753
69311.3,453753
69319.9,453753
69319.1,453753
69317.3,453753
69319.5,453753
69321.6,453753
69324,453753
69311,453753
69314.1,453753
69316.1,453753
69315.5,453753
69318.9,453753
69317.2,453753
69310.5,453753
69314,453753
69317.2,453753
69320.3,453753
69323.9,453753
69322.3,453753
69317.1,453753
69318.4,453753
69322.4,453753
69319.2,453753
69317.3,453753
69318.3,453753
69315.2,453753
69306.6,453753
69320.2,453753
69319.7,453753
69324.4,453753
69322.9,453753
69321.1,453753
69325.6,453753
69322.9,453753
69323.4,453753
69322.3,453753
69313,453753
69318.1,453753
69324.9,453753
69324.6,453753
69324.4,453753
69322.7,453753
69322.4,453753
69322.1,453753
69320.9,453753
69322.8,453753
69315.7,453753
69313.9,453753
69321.2,453753
69277.6,453753
69319.3,453753
69316.1,453753
69319.2,453753
69321.4,453753
69319.5,453753
69321.9,453753
69313.8,453753
69315,453753
69311.6,453753
69308.3,453753
69308.4,453753
69310.4,453753
69322.1,453753
69319.9,453753
69320.1,453753
69320.6,453753
69321.8,453753
69317.7,453753
69314.3,453753
69308.1,453753
69310.8,453753
69311.8,453753
69320.1,453753
69321.3,453753
69319.8,453753
69314.8,453753
69316.1,453753
69322.1,453753
69315.4,453753
69317.2,453753
69316.5,453753
69319.9,453753
69316.3,453753
69317.2,453753
69314.3,453753
69319.5,453753
69313.2,453753
69314.5,453753
69312.4,453753
69320.7,453753
69318.9,453753
69316.3,453753
69321.5,453753
69320.9,453753
69312.4,453753
69320.1,453753
69313.3,453753
69301.6,453753
69315.1,453753
69310.4,453753
69315.4,453753
69314.5,453753
69318.7,453753
69316.9,453753
69319.3,453753
69317.5,453753
69320.1,453753
69321.3,453753
69319.8,453753
69320.5,453753
69320.5,453753
69319.6,453753
69319.3,453753
69321.8,453753
69320.9,453753
69321.1,453753
69319.4,453753
69319.5,453753
69319.7,453753
69323.9,453753
69323.2,453753
69320.6,453753
69324.2,453753
69322,453753
69318.6,453753
69319.8,453753
69317.4,453753
69321.5,453753
69323,453753
69317.5,453753
69321.2,453753
69319.3,453753
69322.2,453753
69320.1,453753
69314.6,453753
69314.4,453753
69317.4,453753
69277.3,453753
69287.4,453753
69315.6,453753
69314.5,453753
69324.4,453753
69321.5,453753
69323.2,453753
69324,453753
69317.3,453753
69324.3,453753
69322,453753
69312.9,453753
69301.2,453753
69302.9,453753
69297,453753
69302,453753
69311.1,453753
69318.6,453753
69317.2,453753
69313.3,453753
69320.8,453753
69318.1,453753
69304.2,453753
69320.2,453753
69319.4,453753
69315.5,453753
69318,453753
69315.7,453753
69312.7,453753
69318.2,453753
69318.6,453753
69322.9,453753
69321.2,453753
69314.6,453753
69314.7,453753
69300.2,453753
69306.4,453753
69310.8,453753
69305.6,453753
69323.3,453753
69321.7,453753
69319.4,453753
69323.6,453753
69318,453753
69320.6,453753
69324,453753
69324.2,453753
69325.1,453753
69319.6,453753
69319.1,453753
69311,453753
69308.9,453753
69322.9,453753
69323.9,453753
69322.4,453753
69315.7,453753
69316.6,453753
69316.6,453753
69321,453753
69317.1,453753
69320.7,453753
69324.2,453753
69321.4,453753
69320.5,453753
69322,453753
69317.9,453753
69320.4,453753
69320.2,453753
69312.5,453753
69309,453753
69320.5,453753
69318.9,453753
69313.2,453753
69312.7,453753
69313.7,453753
69315.5,453753
69316.6,453753
69312.8,453753
69318.8,453753
69322.5,453753
69315.6,453753
69299.1,453753
69313.7,453753
69317.3,453753
69315.6,453753
69313.7,453753
69301.8,453753
69322,453753
69315.4,453753
69320.7,453753
69307.9,453753
69319,453753
69315.4,453753
69314.6,453753
69312.4,453753
69321.6,453753
69321.4,453753
69314.8,453753
69309.5,453753
69315.8,453753
69312.9,453753
69320.5,453753
69317.7,453753
69314.6,453753
69320.9,453753
69319.4,453753
69319.2,453753
69321.4,453753
69322.8,453753
69322.9,453753
69323.5,453753
69323.1,453753
69323.6,453753
69324,453753
69321.8,453753
69321.4,453753
69317.3,453753
69325,453753
69322.4,453753
69324.1,453753
69321.5,453753
69327.3,453753
69320.2,453753
69320.1,453753
69321.5,453753
69320.5,453753
69323.7,453753
69316.6,453753
69320.5,453753
69323.4,453753
69318.8,453753
69311.9,453753
69300.6,453753
69291.1,453753
69315.1,453753
69318,453753
69312.3,453753
69314.4,453753
69317.5,453753
69320,453753
69319.4,453753
69319.1,453753
69317.8,453753
69313.4,453753
69311.4,453753
69315.9,453753
69318.9,453753
69315.9,453753
69312.8,453753
69302.3,453753
69320.8,453753
69318.1,453753
69320.7,453753
69319.7,453753
69319.9,453753
69316.3,453753
69317.9,453753
69320.3,453753
69312.2,453753
69307.2,453753
69317.1,453753
69300,453753
69301.9,453753
69318.3,453753
69314.9,453753
69319.2,453753
69311.8,453753
69316.6,453753
69272.7,453753
69321.4,453753
69321.9,453753
69320.5,453753
69322.8,453753
69323.9,453753
69326,453753
69322.8,453753
69325.1,453753
69319.7,453753
69321.1,453753
69323.1,453753
69325.2,453753
69319.5,453753
69322.8,453753
69319.7,453753
69323.2,453753
69321.6,453753
69324.6,453753
69316.5,453753
69322.3,453753
69320.7,453753
69319.3,453753
69320.2,453753
69319,453753
69319.4,453753
69317.8,453753
69315.3,453753
69300,453753
69313.1,453753
69310.5,453753
69283.7,453753
69306.5,453753
69310.7,453753
69318.8,453753
69314,453753
69307.7,453753
69306.4,453753
69307.2,453753
69313.3,453753
69318.4,453753
69319.4,453753
69310.6,453753
69315.2,453753
69316.7,453753
69316.1,453753
69315.2,453753
69315.5,453753
69303.5,453753
69310.7,453753
69320.3,453753
69319.2,453753
69321.3,453753
69322.7,453753
69319.4,453753
69321.3,453753
69298.1,453753
69317.1,453753
69318.2,453753
69316.9,453753
69325,453753
69322.2,453753
69323.6,453753
69316.1,453753
69322.6,453753
69323.7,453753
69322.7,453753
69323.8,453753
69319.9,453753
69312.7,453753
69315.3,453753
69318.6,453753
69318.9,453753
69322.3,453753
69317.8,453753
69321.5,453753
69319.3,453753
69320.7,453753
69320.4,453753
69313.1,453753
69319,453753
69318.1,453753
69321.2,453753
69301.3,453753
69318.6,453753
69319.1,453753
69318.5,453753
69320.8,453753
69318.4,453753
69316.8,453753
69313.9,453753
69315.2,453753
69311.3,453753
69283.7,453753
69314.6,453753
69319.8,453753
69320.6,453753
69320.7,453753
69320.5,453753
69318.2,453753
69309.8,453753
69317.6,453753
69321.1,453753
69307.8,453753
69311.4,453753
69321.5,453753
69316.3,453753
69322.8,453753
69319.7,453753
69314.6,453753
69311.2,453753
69313.4,453753
69319.7,453753
69323.2,453753
69316.4,453753
69323,453753
69321.9,453753
69320.4,453753
69318.8,453753
69320.4,453753
69314,453753
69324.8,453753
69324.5,453753
69321.8,453753
69315,453753
69312.3,453753
69317.7,453753
69317,453753
69319.8,453753
69321.1,453753
69302.3,453753
69261.2,453753
69276.8,453753
69317.3,453753
69320,453753
69319.8,453753
69315.1,453753
69317.1,453753
69309.5,453753
69322.3,453753
69323.6,453753
69322.1,453753
69314,453753
69316.8,453753
69319.3,453753
69302.8,453753
69314.7,453753
69316.5,453753
69316.4,453753
69317.5,453753
69314.5,453753
69315.5,453753
69322.1,453753
69319.4,453753
69319.2,453753
69312.7,453753
69316.5,453753
69314.5,453753
69314.8,453753
69320.9,453753
69322.8,453753
69316.2,453753
69318.6,453753
69316.6,453753
69305.4,453753
69308.2,453753
69318.2,453753
69317.7,453753
69319.8,453753
69320.1,453753
69321.8,453753
69316.9,453753
69319.9,453753
69319.1,453753
69320,453753
69323.5,453753
69323.4,453753
69317.5,453753
69316.7,453753
69323.6,453753
69324.5,453753
69318.1,453753
69322.8,453753
69321.8,453753
69319.6,453753
69315.8,453753
69315,453753
69323.3,453753
69313.2,453753
69322.5,453753
69312,453753
69317.3,453753
69303,453753
69297,453753
69318.3,453753
69315.3,453753
69318.5,453753
69321.6,453753
69319.6,453753
69320.9,453753
69319,453753
69322.3,453753
69320.2,453753
69320.7,453753
69312.6,453753
69311.5,453753
69319.2,453753
69318,453753
69317,453753
69319.6,453753
69320.1,453753
69311.8,453753
69321.2,453753
69315,453753
69323.2,453753
69317.1,453753
69313.9,453753
69318.7,453753
69321,453753
69322.2,453753
69321.3,453753
69321.2,453753
69320.7,453753
69317.8,453753
69322.5,453753
69324.2,453753
69322.7,453753
69323.8,453753
69322.3,453753
69321.3,453753
69321.2,453753
69320.8,453753
69320.8,453753
69317,453753
69316.8,453753
69321,453753
69319.8,453753
69321.5,453753
69316.3,453753
69310.1,453753
69294.4,453753
69317,453753
69320.3,453753
69320.8,453753
69312.9,453753
69318,453753
69315.3,453753
69318.2,453753
69318.8,453753
69320.1,453753
69318.5,453753
69265,453753
69319.5,453753
69320.8,453753
69320.7,453753
69321.1,453753
69316,453753
69316,453753
69319.2,453753
69315.8,453753
69303.7,453753
69317.9,453753
69319.8,453753
69322.3,453753
69320.4,453753
69322.2,453753
69317,453753
69319.4,453753
69320.1,453753
69322.8,453753
69320.2,453753
69324.1,453753
69319.8,453753
69316.4,453753
69298.5,453753
69322.9,453753
69309,453753
69294,453753
69317,453753
69315.9,453753
69322.5,453753
69318.4,453753
69319.8,453753
69324.4,453753
69323.4,453753
69321.5,453753
69316.3,453753
69316.5,453753
69318.5,453753
69323.6,453753
69318.2,453753
69318.8,453753
69317.3,453753
69201.4,453753
68998.2,453753
69262.5,453753
69312.8,453753
69315.4,453753
69310.5,453753
69319.8,453753
69313.7,453753
69319.4,453753
69323.9,453753
69317.4,453753
69291.2,453753
69309.7,453753
69314.2,453753
69319.4,453753
69323.2,453753
69316.7,453753
69312.7,453753
69312.7,453753
69315.6,453753
69318.8,453753
69322,453753
69319.7,453753
69317.3,453753
69325.2,453753
69320.1,453753
69313.2,453753
69323.4,453753
69322.4,453753
69322.7,453753
69322.9,453753
69319.5,453753
69323.1,453753
69320.7,453753
69321.2,453753
69324,453753
69318.2,453753
69320,453753
69322.6,453753
69317.8,453753
69321.8,453753
69319.5,453753
69321.9,453753
69320.5,453753
69317.7,453753
69310.8,453753
69287,453753
69312.6,453753
69315.6,453753
69308.8,453753
69315.7,453753
69312.8,453753
69312.2,453753
69317.1,453753
69317.4,453753
69325.8,453753
69321,453753
69317.5,453753
69321.4,453753
69318.1,453753
69309.1,453753
69310.6,453753
69322.4,453753
69317.6,453753
69314.4,453753
69320,453753
69319.4,453753
69318.4,453753
69319.6,453753
69317.5,453753
69317,453753
69324.4,453753
69322.6,453753
69316.8,453753
69310.7,453753
69321.9,453753
69324.1,453753
69324.7,453753
69327.2,453753
69317.1,453753
69309.2,453753
69325.2,453753
69320.3,453753
69321.9,453753
69321.3,453753
69321.6,453753
69323.2,453753
69321.2,453753
69322.4,453753
69318.7,453753
69320.1,453753
69322.4,453753
69316.9,453753
69315.1,453753
69306.8,453753
69314.9,453753
69313.4,453753
69312.9,453753
69320.9,453753
69324.2,453753
69316.2,453753
69318.5,453753
69317.3,453753
69314.2,453753
69315.5,453753
69319.5,453753
69323,453753
69319.5,453753
69320.6,453753
69319.2,453753
69322,453753
69324.3,453753
69322.4,453753
69323.5,453753
69320.8,453753
69320.7,453753
69321.5,453753
69325.1,453753
69325.8,453753
69321.7,453753
69320.1,453753
69323.3,453753
69318.4,453753
69313.6,453753
69313.2,453753
69313.9,453753
69320.2,453753
69321,453753
69297.3,453753
69323.5,453753
69317.2,453753
69317.1,453753
69315.7,453753
69316.9,453753
69314.2,453753
69320.8,453753
69317.9,453753
69314.3,453753
69318.8,453753
69318.8,453753
69320.9,453753
69319.1,453753
69319.5,453753
69323.6,453753
69323.8,453753
69322.7,453753
69319.1,453753
69315,453753
69317.1,453753
69325.6,453753
69324.3,453753
69322,453753
69323.4,453753
69324,453753
69318.1,453753
69309.5,453753
69318.7,453753
69309.4,453753
69320.8,453753
69321.5,453753
69323.2,453753
69321,453753
69318.1,453753
69319.3,453753
69321,453753
69296.9,453753
69309.7,453753
69312.6,453753
69318.5,453753
69298.8,453753
69321.7,453753
69318.5,453753
69321,453753
69326.7,453753
69327.2,453753
69323.6,453753
69324.8,453753
69321.1,453753
69324.1,453753
69313.9,453753
69317.6,453753
69325.7,453753
69322.8,453753
69323.3,453753
69322.6,453753
69323,453753
69320.9,453753
69326,453753
69320,453753
69319.1,453753
69321.3,453753
69312.3,453753
69311.2,453753
69322.9,453753
69321,453753
69320.2,453753
69318.1,453753
69320.2,453753
69320,453753
69318.8,453753
69299.6,453753
69308.6,453753
69313.3,453753
69315.5,453753
69322.5,453753
69323,453753
69319.1,453753
69322.6,453753
69318.3,453753
69323.4,453753
69323.7,453753
69314.7,453753
69309.4,453753
69322.4,453753
69322.2,453753
69315.3,453753
69314.6,453753
69323.9,453753
69325.6,453753
69325.4,453753
69322.2,453753
69313.9,453753
69312.2,453753
69312.5,453753
69322.6,453753
69320.5,453753
69316.2,453753
69302.1,453753
69302.9,453753
69296.8,453753
69324.6,453753
69319.3,453753
69327.5,453753
69312.6,453753
69319.1,453753
69320.4,453753
69318.8,453753
69321.5,453753
69325.2,453753
69322,453753
69321,453753
69323.1,453753
69321.9,453753
69314.9,453753
69315.9,453753
69324.7,453753
69327,453753
69327.2,453753
69321.2,453753
69322.5,453753
69322.6,453753
69315.4,453753
69321,453753
69319.9,453753
69320.5,453753
69317.1,453753
69317.3,453753
69318.3,453753
69313.9,453753
69313.4,453753
69317.4,453753
69316.1,453753
69308.6,453753
69322.2,453753
69323.7,453753
69323.3,453753
69320.1,453753
69321.9,453753
69321.7,453753
69321.3,453753
69324.3,453753
69322.1,453753
69323.2,453753
69321.4,453753
69317,453753
69325.1,453753
69325.6,453753
69322.5,453753
69319.4,453753
69313.3,453753
69294.2,453753
69315.2,453753
69316.9,453753
69322.1,453753
69310.6,453753
69294.6,453753
69315.7,453753
69321.2,453753
69316.4,453753
69308.8,453753
69317.4,453753
69311.2,453753
69295.9,453753
69315.7,453753
69323.6,453753
69322.1,453753
69317,453753
69323.1,453753
69294.9,453753
69307.8,453753
69314.2,453753
69317.7,453753
69322,453753
69318.3,453753
69322.8,453753
69324,453753
69324.2,453753
69321.7,453753
69320.2,453753
69324.3,453753
69320.6,453753
69314.5,453753
69316,453753
69301.8,453753
69304.9,453753
69318,453753
69318.6,453753
69323.3,453753
69319.1,453753
69320.6,453753
69323.8,453753
69323.1,453753
69323,453753
69323.7,453753
69324.9,453753
69323.4,453753
69321.8,453753
69315.6,453753
69322.2,453753
69326.8,453753
69322.1,453753
69322.7,453753
69324,453753
69322.9,453753
69319.5,453753
69319.2,453753
69317.7,453753
69317.6,453753
69322.1,453753
69325.9,453753
69319.1,453753
69318.6,453753
69314.4,453753
69323,453753
69320.7,453753
69321.5,453753
69323.7,453753
69321.6,453753
69307.8,453753
69319.8,453753
69321.9,453753
69320.5,453753
69301.1,453753
69308.6,453753
69323.2,453753
69323.3,453753
69322.8,453753
69325.7,453546
