TRACE,NSNPS_JACKKNIFE
69269,453753
69270.2,453753
69264.6,453753
69266.5,453753
69265.4,453753
69268.5,453753
69264.9,453753
69261.9,453753
69269.2,453753
69263.5,453753
69265.9,453753
69256.1,453753
69268.3,453753
69264,453753
69268.6,453753
69265.2,453753
69260,453753
69247.3,453753
69253.2,453753
69257.5,453753
69266.3,453753
69270.8,453753
69265.8,453753
69267.3,453753
69266.9,453753
69268.3,453753
69258.7,453753
69254.2,453753
69261.7,453753
69261.7,453753
69262.8,453753
69260.3,453753
69265.6,453753
69262.1,453753
69265.1,453753
69263.8,453753
69263.1,453753
69262.9,453753
69265.2,453753
69264.8,453753
69266.4,453753
69264.6,453753
69260.8,453753
69255.3,453753
69253.9,453753
69260.3,453753
69263.6,453753
69262.7,453753
69270,453753
69268.9,453753
69267.8,453753
69257.9,453753
69259.2,453753
69261.5,453753
69257.6,453753
69262.9,453753
69264.8,453753
69253.3,453753
69261.2,453753
69261.1,453753
69267.9,453753
69270.1,453753
69269.1,453753
69265.3,453753
69262.2,453753
69266.1,453753
69265.4,453753
69263.4,453753
69262.6,453753
69257.4,453753
69248.8,453753
69265,453753
69268,453753
69268.3,453753
69267.1,453753
69268.1,453753
69272.1,453753
69267.8,453753
69267.9,453753
69265.1,453753
69261.7,453753
69265,453753
69267.7,453753
69268.1,453753
69270.2,453753
69266.2,453753
69269.8,453753
69269.8,453753
69264.5,453753
69266.5,453753
69257.7,453753
69255,453753
69267.9,453753
69240.4,453753
69267.4,453753
69262.2,453753
69265,453753
69267.3,453753
69267.6,453753
69268.9,453753
69258.8,453753
69264,453753
69263.5,453753
69258.1,453753
69256.7,453753
69259.3,453753
69264.5,453753
69265.4,453753
69266.8,453753
69262.5,453753
69268.9,453753
69263,453753
69259.6,453753
69259.2,453753
69256.3,453753
69261.3,453753
69265.9,453753
69263,453753
69261.2,453753
69258.1,453753
69266,453753
69269.9,453753
69263.6,453753
69265.2,453753
69266.9,453753
69260.4,453753
69264.6,453753
69262.5,453753
69257.6,453753
69263.4,453753
69261.7,453753
69264.6,453753
69261.8,453753
69264.4,453753
69261.1,453753
69266.6,453753
69264.3,453753
69266.7,453753
69258.9,453753
69263.5,453753
69253.3,453753
69245.8,453753
69262.7,453753
69259.4,453753
69257.8,453753
69258.9,453753
69261.4,453753
69263.5,453753
69264.2,453753
69265.2,453753
69263.4,453753
69266.6,453753
69264.9,453753
69264.9,453753
69266.2,453753
69265.7,453753
69264.7,453753
69266.7,453753
69268.6,453753
69266.5,453753
69261.7,453753
69263,453753
69268.2,453753
69269.8,453753
69269.1,453753
69268.5,453753
69267.6,453753
69268,453753
69268.8,453753
69267.1,453753
69263.7,453753
69264.4,453753
69265.9,453753
69267.5,453753
69268.7,453753
69265,453753
69266.3,453753
69262.6,453753
69262.4,453753
69264.7,453753
69258.5,453753
69218.4,453753
69224.5,453753
69265.3,453753
69263.5,453753
69266.5,453753
69266.6,453753
69267.1,453753
69267,453753
69266.7,453753
69268.9,453753
69268.1,453753
69256.2,453753
69244.2,453753
69245.9,453753
69234.7,453753
69250.7,453753
69260.1,453753
69266.7,453753
69265.9,453753
69261.4,453753
69265.2,453753
69262.2,453753
69255.6,453753
69270,453753
69263.9,453753
69263,453753
69265,453753
69262.6,453753
69252.8,453753
69264.4,453753
69267.2,453753
69268.4,453753
69267.3,453753
69260.4,453753
69260.1,453753
69249.7,453753
69250.7,453753
69257.6,453753
69254.6,453753
69268.5,453753
69269,453753
69267.5,453753
69267.8,453753
69263.5,453753
69267.8,453753
69268.7,453753
69265.7,453753
69271.4,453753
69269.1,453753
69265.1,453753
69255.3,453753
69261.7,453753
69269.1,453753
69271,453753
69265.6,453753
69262.8,453753
69264.5,453753
69258.5,453753
69263.1,453753
69261.7,453753
69267.8,453753
69267.6,453753
69266.7,453753
69266.6,453753
69264.3,453753
69262.9,453753
69265.1,453753
69266.8,453753
69254.2,453753
69253.2,453753
69265.4,453753
69265.9,453753
69260.2,453753
69262.4,453753
69259.5,453753
69262.1,453753
69262.9,453753
69251.3,453753
69264.1,453753
69267,453753
69259.5,453753
69247.2,453753
69260.5,453753
69262.5,453753
69259.8,453753
69258.6,453753
69239.3,453753
69268,453753
69266.2,453753
69264.6,453753
69252.2,453753
69261.5,453753
69259.7,453753
69260,453753
69258.1,453753
69266.7,453753
69263.8,453753
69261.3,453753
69255,453753
69264.4,453753
69262.7,453753
69267.5,453753
69261.8,453753
69261.1,453753
69265.3,453753
69265.4,453753
69264.1,453753
69266.3,453753
69269.1,453753
69269.8,453753
69267.7,453753
69270.6,453753
69265.3,453753
69267.7,453753
69265.8,453753
69265.6,453753
69263.7,453753
69266.5,453753
69266.3,453753
69266.8,453753
69269.5,453753
69268.5,453753
69266.2,453753
69266.3,453753
69270.8,453753
69265.1,453753
69264.7,453753
69263.4,453753
69269.4,453753
69267.6,453753
69266.5,453753
69258.7,453753
69246.1,453753
69234,453753
69260.1,453753
69262.4,453753
69254.7,453753
69259.6,453753
69264.4,453753
69266,453753
69265.2,453753
69261.7,453753
69267.7,453753
69262.6,453753
69258.8,453753
69261.2,453753
69263.6,453753
69265.2,453753
69258.7,453753
69242.5,453753
69263,453753
69266.2,453753
69265.5,453753
69263.4,453753
69264.5,453753
69260.3,453753
69261.9,453753
69264.2,453753
69257.8,453753
69256.9,453753
69262.3,453753
69239.1,453753
69241.4,453753
69265.2,453753
69262.7,453753
69266.1,453753
69260.2,453753
69260.6,453753
69229.8,453753
69265.9,453753
69266.9,453753
69268.8,453753
69269.7,453753
69272.6,453753
69266,453753
69270.7,453753
69270.5,453753
69267.3,453753
69264.2,453753
69265.8,453753
69271.3,453753
69268.4,453753
69269.6,453753
69262.8,453753
69268.3,453753
69264.2,453753
69268.8,453753
69263.8,453753
69266.5,453753
69266.3,453753
69262.7,453753
69261.4,453753
69265.3,453753
69262.1,453753
69265.7,453753
69259,453753
69243.2,453753
69257.9,453753
69255.6,453753
69226.9,453753
69248.5,453753
69256.8,453753
69263.8,453753
69257.2,453753
69254.5,453753
69254.6,453753
69249.9,453753
69259.4,453753
69264.3,453753
69263.3,453753
69261.3,453753
69260,453753
69263.9,453753
69262.9,453753
69261.3,453753
69260.5,453753
69251.1,453753
69256.1,453753
69265.6,453753
69266.5,453753
69265.7,453753
69264.8,453753
69261.2,453753
69268.6,453753
69241,453753
69262.6,453753
69264.9,453753
69264.1,453753
69267,453753
69267,453753
69264.5,453753
69264.8,453753
69270.7,453753
69268.9,453753
69268.6,453753
69267.8,453753
69265.8,453753
69255.8,453753
69261.5,453753
69264.7,453753
69264.7,453753
69267.6,453753
69262.8,453753
69265.4,453753
69264.4,453753
69266.6,453753
69265.2,453753
69258.8,453753
69264.5,453753
69264.6,453753
69266.1,453753
69257.1,453753
69263.7,453753
69265.2,453753
69264,453753
69265.6,453753
69263.3,453753
69257.8,453753
69261,453753
69261.8,453753
69251.7,453753
69224.7,453753
69261.7,453753
69264.5,453753
69264.1,453753
69270.2,453753
69270.8,453753
69260,453753
69261,453753
69263.4,453753
69265.1,453753
69254,453753
69257.2,453753
69265.1,453753
69265.8,453753
69263.5,453753
69263.6,453753
69261.5,453753
69255.4,453753
69255.1,453753
69263.2,453753
69268.4,453753
69259.8,453753
69270.3,453753
69266.2,453753
69265.1,453753
69264.6,453753
69269.8,453753
69261.2,453753
69269.7,453753
69271.7,453753
69269.7,453753
69261.2,453753
69259.8,453753
69262.1,453753
69259.9,453753
69264.3,453753
69266.2,453753
69251.6,453753
69215.4,453753
69228.1,453753
69262.7,453753
69265,453753
69269.4,453753
69260.2,453753
69265.4,453753
69258.8,453753
69266.8,453753
69267.6,453753
69266.3,453753
69257.3,453753
69265.3,453753
69259.1,453753
69231.7,453753
69257,453753
69263.6,453753
69261.6,453753
69266.1,453753
69261.7,453753
69262.3,453753
69266.6,453753
69267.9,453753
69263.1,453753
69260.1,453753
69265,453753
69260,453753
69257.2,453753
69266.4,453753
69269.3,453753
69262,453753
69264.9,453753
69262.7,453753
69256.4,453753
69261.6,453753
69267.6,453753
69265.5,453753
69267.7,453753
69268.9,453753
69268.1,453753
69263.3,453753
69267.4,453753
69267.1,453753
69266.2,453753
69267.7,453753
69266.2,453753
69264.5,453753
69267.8,453753
69268.5,453753
69269,453753
69263.3,453753
69266.3,453753
69269.1,453753
69266.1,453753
69267.3,453753
69262.6,453753
69269.4,453753
69264.3,453753
69270.8,453753
69259.1,453753
69263,453753
69250.9,453753
69243.7,453753
69264.5,453753
69264.4,453753
69266,453753
69268.9,453753
69266.1,453753
69265.3,453753
69269.4,453753
69268.5,453753
69271.5,453753
69266.2,453753
69258.5,453753
69255.9,453753
69260.3,453753
69261.9,453753
69262,453753
69266,453753
69263.6,453753
69260.7,453753
69264.3,453753
69264,453753
69270,453753
69263.1,453753
69262.8,453753
69267.4,453753
69263.4,453753
69267.7,453753
69268,453753
69269.5,453753
69264.1,453753
69262.8,453753
69269,453753
69267.8,453753
69267.3,453753
69266.7,453753
69267.1,453753
69265,453753
69266.9,453753
69265,453753
69268.3,453753
69261.8,453753
69261.6,453753
69264.1,453753
69264.7,453753
69266.5,453753
69261.6,453753
69252.5,453753
69239.5,453753
69258,453753
69265.7,453753
69267.8,453753
69261,453753
69264.5,453753
69257.7,453753
69259.8,453753
69262.4,453753
69266.6,453753
69261,453753
69230.2,453753
69267.7,453753
69267.3,453753
69263.4,453753
69264,453753
69257.4,453753
69259.8,453753
69265.8,453753
69260.8,453753
69255.3,453753
69263.1,453753
69262.3,453753
69268.9,453753
69263,453753
69270.3,453753
69265.1,453753
69265.3,453753
69264,453753
69269.9,453753
69266.4,453753
69272.5,453753
69267.2,453753
69263.1,453753
69243,453753
69269.9,453753
69255.8,453753
69252.2,453753
69262.7,453753
69260.5,453753
69268.4,453753
69263,453753
69266.7,453753
69271.3,453753
69267.9,453753
69265.3,453753
69263,453753
69260.1,453753
69265.3,453753
69268,453753
69261.5,453753
69263.7,453753
69263.1,453753
69164,453753
68976.6,453753
69207.9,453753
69257.7,453753
69260.9,453753
69255.3,453753
69266.9,453753
69260,453753
69264,453753
69268.4,453753
69259.8,453753
69230.8,453753
69258,453753
69257.5,453753
69263.5,453753
69265.2,453753
69261.7,453753
69259.1,453753
69259.3,453753
69264.1,453753
69263.8,453753
69264.9,453753
69265,453753
69262.5,453753
69270.4,453753
69266.3,453753
69256.9,453753
69272.6,453753
69268.5,453753
69268.9,453753
69269.7,453753
69263.3,453753
69265.9,453753
69270.9,453753
69268.6,453753
69267.7,453753
69263.8,453753
69267.2,453753
69266.9,453753
69266,453753
69266.3,453753
69265.2,453753
69267.8,453753
69263.4,453753
69261.6,453753
69251,453753
69224.5,453753
69259.9,453753
69264.7,453753
69256.8,453753
69260.9,453753
69261.4,453753
69259.4,453753
69259,453753
69264.7,453753
69268.7,453753
69265.5,453753
69263.7,453753
69268,453753
69260.5,453753
69251.6,453753
69256,453753
69267.3,453753
69264.9,453753
69263.3,453753
69266.9,453753
69267.3,453753
69264.3,453753
69266.4,453753
69261.3,453753
69262.3,453753
69269,453753
69270.6,453753
69259.9,453753
69252.5,453753
69270.9,453753
69270.8,453753
69268.1,453753
69269.1,453753
69261.8,453753
69262,453753
69272,453753
69265.5,453753
69264.8,453753
69267.8,453753
69269.3,453753
69267.8,453753
69266.1,453753
69264.3,453753
69265.3,453753
69265.9,453753
69268.3,453753
69262.6,453753
69259.3,453753
69255,453753
69261.7,453753
69262.8,453753
69261.6,453753
69260.8,453753
69269,453753
69264.7,453753
69265.9,453753
69261.3,453753
69258.5,453753
69261.5,453753
69266.9,453753
69261.8,453753
69266.9,453753
69267.2,453753
69264.8,453753
69270.1,453753
69271.2,453753
69268.3,453753
69265.6,453753
69267.5,453753
69264.2,453753
69267.9,453753
69269.2,453753
69268.3,453753
69263.1,453753
69268.1,453753
69269,453753
69265.1,453753
69259.2,453753
69254.7,453753
69260.1,453753
69265.6,453753
69268.4,453753
69246.9,453753
69265.9,453753
69265.7,453753
69261.6,453753
69263.4,453753
69258.4,453753
69257.4,453753
69265.1,453753
69262.4,453753
69265,453753
69264.4,453753
69265,453753
69266.1,453753
69265.7,453753
69263.2,453753
69269.4,453753
69269.5,453753
69266.5,453753
69266.5,453753
69259.2,453753
69269.7,453753
69270.9,453753
69267.6,453753
69268.2,453753
69271.2,453753
69269.1,453753
69264.3,453753
69253.7,453753
69265.6,453753
69254.5,453753
69263.6,453753
69266.9,453753
69270.1,453753
69266.9,453753
69260.4,453753
69264,453753
69269,453753
69246.7,453753
69257.2,453753
69260.8,453753
69263.4,453753
69240.8,453753
69268.9,453753
69265.2,453753
69265.6,453753
69272.8,453753
69271.5,453753
69272.8,453753
69269,453753
69268.4,453753
69267.3,453753
69260.7,453753
69265.3,453753
69271.1,453753
69268.9,453753
69268.2,453753
69266.7,453753
69266.5,453753
69268.4,453753
69269.4,453753
69263.8,453753
69265.2,453753
69268.2,453753
69260.5,453753
69253,453753
69268.5,453753
69265.8,453753
69269.1,453753
69266,453753
69261.9,453753
69265.8,453753
69264.5,453753
69251.3,453753
69254.9,453753
69260.4,453753
69262.6,453753
69264.8,453753
69267.3,453753
69264.6,453753
69269.6,453753
69268.3,453753
69269.6,453753
69269.2,453753
69263.3,453753
69255.2,453753
69265.4,453753
69266.1,453753
69267,453753
69260.1,453753
69268.5,453753
69271.7,453753
69269.1,453753
69268.9,453753
69262.6,453753
69258.5,453753
69256,453753
69271.6,453753
69266.3,453753
69264.3,453753
69246.9,453753
69254.4,453753
69239.8,453753
69268.8,453753
69263.8,453753
69270.1,453753
69256.9,453753
69265.9,453753
69266.8,453753
69268.4,453753
69270.6,453753
69271.7,453753
69266.3,453753
69266.5,453753
69265.5,453753
69266.7,453753
69260.5,453753
69263.9,453753
69272.8,453753
69271,453753
69272.3,453753
69267.8,453753
69268.6,453753
69268.3,453753
69263.7,453753
69267.5,453753
69264.4,453753
69265.8,453753
69268.1,453753
69263.5,453753
69264.7,453753
69258.5,453753
69262.8,453753
69264.2,453753
69263.6,453753
69255.9,453753
69263.4,453753
69265.5,453753
69267.6,453753
69265.6,453753
69266.6,453753
69270,453753
69267.6,453753
69268.1,453753
69267,453753
69269.7,453753
69269.8,453753
69264,453753
69266.4,453753
69269.4,453753
69269.6,453753
69262.1,453753
69258.5,453753
69239.2,453753
69264.9,453753
69261.6,453753
69263.9,453753
69253.2,453753
69242.2,453753
69261.6,453753
69266.4,453753
69265.9,453753
69252,453753
69256.4,453753
69262.9,453753
69237.8,453753
69263.2,453753
69266.8,453753
69268.9,453753
69259.7,453753
69272.2,453753
69234.1,453753
69252.2,453753
69260.2,453753
69264.6,453753
69268.1,453753
69256.3,453753
69268.7,453753
69270.3,453753
69268.9,453753
69263.8,453753
69267.5,453753
69267.8,453753
69266.9,453753
69264.3,453753
69262.6,453753
69253.2,453753
69253.9,453753
69262.6,453753
69265.6,453753
69267.4,453753
69262.4,453753
69265.2,453753
69270,453753
69265.6,453753
69267.1,453753
69269.7,453753
69268.2,453753
69268.1,453753
69268.8,453753
69262.1,453753
69269.2,453753
69271.7,453753
69266.6,453753
69265.6,453753
69269.3,453753
69267.1,453753
69263.8,453753
69263,453753
69265.7,453753
69263.6,453753
69267.1,453753
69270.8,453753
69266.3,453753
69265.2,453753
69259.1,453753
69268.5,453753
69268.2,453753
69267.9,453753
69270.6,453753
69266.3,453753
69253.6,453753
69264.4,453753
69268.9,453753
69267.4,453753
69254.7,453753
69257.8,453753
69269.9,453753
69267.9,453753
69269.6,453753
69272.1,453546
