TRACE,NSNPS_JACKKNIFE
69142.3,453753
69141.2,453753
69139.4,453753
69139.5,453753
69136.4,453753
69141.5,453753
69139,453753
69138.6,453753
69137.3,453753
69130.4,453753
69136,453753
69130.4,453753
69141.5,453753
69138.2,453753
69140.1,453753
69138.6,453753
69134.3,453753
69122,453753
69121.3,453753
69133.9,453753
69138.5,453753
69139.7,453753
69136.3,453753
69138.8,453753
69141.8,453753
69140,453753
69133.2,453753
69133,453753
69133.5,453753
69139.1,453753
69137.9,453753
69134.7,453753
69135.8,453753
69134.7,453753
69137.2,453753
69140.1,453753
69137.9,453753
69134,453753
69136.9,453753
69138.8,453753
69137.3,453753
69138.5,453753
69133,453753
69123.6,453753
69130.1,453753
69130.7,453753
69136.7,453753
69138.9,453753
69140.8,453753
69141.9,453753
69142,453753
69128,453753
69131.4,453753
69134.8,453753
69128.4,453753
69138.5,453753
69139.1,453753
69126.2,453753
69131.7,453753
69133.6,453753
69138.1,453753
69141.3,453753
69142.2,453753
69135.7,453753
69138.4,453753
69140.1,453753
69136.4,453753
69135.6,453753
69133.8,453753
69133.3,453753
69123.4,453753
69138.5,453753
69136.2,453753
69142.1,453753
69139.4,453753
69140.8,453753
69140,453753
69139.2,453753
69139,453753
69139.8,453753
69128.9,453753
69138.6,453753
69140.8,453753
69142.9,453753
69141.2,453753
69143.3,453753
69142.6,453753
69142.3,453753
69141.5,453753
69137.2,453753
69129.6,453753
69127.5,453753
69138.5,453753
69104.1,453753
69133.4,453753
69134.4,453753
69136.9,453753
69136.4,453753
69140.9,453753
69141.7,453753
69134.9,453753
69131.8,453753
69130.8,453753
69127.4,453753
69130.6,453753
69131.7,453753
69138.5,453753
69138,453753
69140.2,453753
69138.5,453753
69142.5,453753
69133.7,453753
69132.4,453753
69130,453753
69133.1,453753
69126.3,453753
69135.6,453753
69131.3,453753
69134.9,453753
69131.8,453753
69134.6,453753
69140.5,453753
69134.2,453753
69137.5,453753
69138.9,453753
69133.6,453753
69135.3,453753
69137.2,453753
69135.7,453753
69138,453753
69131.7,453753
69134.1,453753
69135.7,453753
69134.2,453753
69132.9,453753
69139.1,453753
69136.8,453753
69140.1,453753
69130.7,453753
69139.4,453753
69125.1,453753
69117,453753
69134.3,453753
69130.3,453753
69131.1,453753
69126.7,453753
69135,453753
69134.3,453753
69134.8,453753
69136.6,453753
69137.9,453753
69138.7,453753
69139.5,453753
69136.3,453753
69137.2,453753
69136.3,453753
69139.6,453753
69136.8,453753
69142.4,453753
69137.5,453753
69141.1,453753
69133.5,453753
69138.5,453753
69141.6,453753
69143.1,453753
69137.7,453753
69142,453753
69140.8,453753
69139.1,453753
69136.8,453753
69132.4,453753
69137,453753
69140.4,453753
69136.7,453753
69140.4,453753
69135.5,453753
69139.5,453753
69136.4,453753
69132.8,453753
69134.3,453753
69131.2,453753
69094.7,453753
69101.8,453753
69138.6,453753
69133.8,453753
69141.6,453753
69138.7,453753
69140.6,453753
69139.6,453753
69138.3,453753
69141.4,453753
69139,453753
69127.3,453753
69115.2,453753
69117.5,453753
69110.3,453753
69116.7,453753
69129.5,453753
69139,453753
69134.8,453753
69134.6,453753
69140.7,453753
69139.9,453753
69126.8,453753
69133.8,453753
69135.6,453753
69133.6,453753
69137.7,453753
69134.6,453753
69129.8,453753
69134.6,453753
69139.3,453753
69139.9,453753
69139.1,453753
69133.5,453753
69134.9,453753
69122.3,453753
69118,453753
69124.5,453753
69124.7,453753
69139.6,453753
69138,453753
69140.3,453753
69138.1,453753
69135.7,453753
69141.4,453753
69141.9,453753
69139.7,453753
69141,453753
69141.3,453753
69139.8,453753
69127.7,453753
69128.4,453753
69142.2,453753
69142.3,453753
69142,453753
69134.4,453753
69136.9,453753
69129.3,453753
69138.2,453753
69136,453753
69140.1,453753
69142.3,453753
69138.3,453753
69134.6,453753
69136.5,453753
69138.2,453753
69134.3,453753
69136.6,453753
69128.1,453753
69127.5,453753
69137.9,453753
69136.8,453753
69129.4,453753
69133.1,453753
69132.5,453753
69134.3,453753
69134.9,453753
69120,453753
69138.1,453753
69141.5,453753
69132.1,453753
69118.8,453753
69134.6,453753
69132.8,453753
69132.9,453753
69133.7,453753
69119.1,453753
69137.9,453753
69138.2,453753
69133.3,453753
69116.9,453753
69136.9,453753
69131.7,453753
69130.9,453753
69126.6,453753
69138.2,453753
69142.3,453753
69134.5,453753
69129.8,453753
69136.9,453753
69134.7,453753
69140,453753
69137.6,453753
69133.8,453753
69139.9,453753
69137.4,453753
69134.3,453753
69137.8,453753
69140,453753
69139.6,453753
69140.9,453753
69141.6,453753
69139.2,453753
69142.2,453753
69139.1,453753
69137.9,453753
69133.5,453753
69141.4,453753
69138.2,453753
69142.4,453753
69142.5,453753
69141.8,453753
69140.5,453753
69139.8,453753
69141.3,453753
69138.2,453753
69137,453753
69136.8,453753
69139.8,453753
69139.9,453753
69137.5,453753
69128.2,453753
69114.7,453753
69111.6,453753
69134.4,453753
69137,453753
69131.5,453753
69133.7,453753
69135.9,453753
69138,453753
69139.7,453753
69134.3,453753
69139.9,453753
69136.3,453753
69129.4,453753
69135.9,453753
69140.2,453753
69133.5,453753
69130.6,453753
69108.5,453753
69136.9,453753
69140.2,453753
69138.1,453753
69137.9,453753
69136.1,453753
69133.8,453753
69139.2,453753
69139.6,453753
69128.4,453753
69125.6,453753
69136.2,453753
69116.5,453753
69118.3,453753
69134.7,453753
69130.7,453753
69138.9,453753
69135.2,453753
69134.9,453753
69107.3,453753
69136.9,453753
69138.4,453753
69139.8,453753
69142.2,453753
69143.8,453753
69142.7,453753
69142.2,453753
69142.3,453753
69140.5,453753
69137.5,453753
69138.1,453753
69142.7,453753
69141.1,453753
69141,453753
69135.2,453753
69139.8,453753
69135.6,453753
69138.8,453753
69137.6,453753
69140.1,453753
69138,453753
69137.3,453753
69137.4,453753
69138.3,453753
69136.3,453753
69138,453753
69126.6,453753
69115.1,453753
69129.4,453753
69128.6,453753
69099.8,453753
69124,453753
69129.2,453753
69136.1,453753
69131.5,453753
69121.2,453753
69127.1,453753
69124.3,453753
69135,453753
69138.1,453753
69135.6,453753
69131.4,453753
69130.5,453753
69138.5,453753
69135.1,453753
69131,453753
69132.3,453753
69124.1,453753
69126.2,453753
69136.9,453753
69139,453753
69139.9,453753
69136.5,453753
69134.8,453753
69142.3,453753
69117.7,453753
69137.5,453753
69135.5,453753
69134.7,453753
69138.1,453753
69138.7,453753
69139.4,453753
69137.7,453753
69139.9,453753
69142.8,453753
69141.5,453753
69142.6,453753
69138.3,453753
69132.7,453753
69131.6,453753
69135.5,453753
69140.7,453753
69138.4,453753
69134.2,453753
69135.9,453753
69139.3,453753
69139,453753
69137.2,453753
69128.6,453753
69136.1,453753
69134.3,453753
69139.5,453753
69125.1,453753
69139.3,453753
69136.9,453753
69138,453753
69139.3,453753
69137.8,453753
69135.2,453753
69131.3,453753
69134.1,453753
69127.8,453753
69094.4,453753
69135,453753
69137.7,453753
69138.1,453753
69141.5,453753
69137.6,453753
69131.6,453753
69129.9,453753
69134.8,453753
69142,453753
69126,453753
69135.2,453753
69142.3,453753
69137.9,453753
69137.7,453753
69138.7,453753
69133.1,453753
69135.1,453753
69132.3,453753
69137.6,453753
69141.2,453753
69132.1,453753
69142,453753
69140.6,453753
69138.6,453753
69136.3,453753
69142.9,453753
69136.7,453753
69144.5,453753
69144.8,453753
69142.1,453753
69131.9,453753
69129.4,453753
69137.3,453753
69133.3,453753
69140.7,453753
69140.1,453753
69120.5,453753
69091.2,453753
69098.1,453753
69132.7,453753
69138.7,453753
69140.9,453753
69138,453753
69137.4,453753
69136,453753
69140,453753
69140.2,453753
69139.4,453753
69129.5,453753
69137.6,453753
69137,453753
69118.7,453753
69130.4,453753
69135.8,453753
69137.6,453753
69140,453753
69132.3,453753
69135.6,453753
69141.7,453753
69141.4,453753
69134.2,453753
69128.4,453753
69137.9,453753
69130.8,453753
69129.9,453753
69135.6,453753
69141.4,453753
69134.2,453753
69139.2,453753
69137.2,453753
69127.9,453753
69129.4,453753
69139.6,453753
69137.1,453753
69140.5,453753
69140.4,453753
69140.8,453753
69135.5,453753
69139,453753
69139.3,453753
69138.8,453753
69140.2,453753
69138,453753
69135.5,453753
69139.2,453753
69139.2,453753
69142.5,453753
69137.9,453753
69140.5,453753
69144.2,453753
69139.1,453753
69136.4,453753
69132.7,453753
69140.8,453753
69132.3,453753
69140.5,453753
69129.1,453753
69130.6,453753
69124.4,453753
69118,453753
69139.4,453753
69135.4,453753
69133.6,453753
69139.4,453753
69132.3,453753
69136.6,453753
69137,453753
69135,453753
69144.1,453753
69138.8,453753
69133.9,453753
69128.8,453753
69136.7,453753
69137.4,453753
69134.6,453753
69138.1,453753
69136.1,453753
69133.9,453753
69136.7,453753
69132.5,453753
69137.9,453753
69136.8,453753
69133.7,453753
69141.2,453753
69138.2,453753
69141.1,453753
69137.4,453753
69143,453753
69133.7,453753
69136.2,453753
69142.1,453753
69139.6,453753
69137.6,453753
69138.6,453753
69140.7,453753
69139.3,453753
69140.7,453753
69137.9,453753
69140.3,453753
69133.5,453753
69138.6,453753
69138.8,453753
69138,453753
69138.9,453753
69135.1,453753
69132.6,453753
69116.4,453753
69131.8,453753
69139,453753
69140.4,453753
69131.3,453753
69133.2,453753
69130.2,453753
69131,453753
69135.3,453753
69138.6,453753
69132.6,453753
69079.5,453753
69139.4,453753
69138.9,453753
69135.2,453753
69140.3,453753
69133.4,453753
69133.7,453753
69139.4,453753
69135,453753
69122.2,453753
69132.3,453753
69138.6,453753
69140,453753
69140.8,453753
69141.5,453753
69134.8,453753
69138.1,453753
69138.4,453753
69139.7,453753
69136.3,453753
69143.7,453753
69137.9,453753
69133.2,453753
69114.7,453753
69141.3,453753
69126.5,453753
69118.5,453753
69134.7,453753
69134,453753
69141.1,453753
69137.1,453753
69138.8,453753
69142.5,453753
69142,453753
69140.6,453753
69133.2,453753
69137.9,453753
69138.7,453753
69138.1,453753
69136.8,453753
69136.9,453753
69137,453753
69030.3,453753
68858.8,453753
69085,453753
69132.3,453753
69131,453753
69130.1,453753
69137.4,453753
69133,453753
69135.9,453753
69139.4,453753
69137.7,453753
69104.3,453753
69130.1,453753
69129.1,453753
69134.8,453753
69141.5,453753
69135.7,453753
69130,453753
69128.8,453753
69133.3,453753
69136.5,453753
69139,453753
69140,453753
69137.8,453753
69143.4,453753
69139,453753
69131.2,453753
69142.8,453753
69140.4,453753
69141.4,453753
69140.4,453753
69137.4,453753
69138.7,453753
69140.9,453753
69142.4,453753
69139.7,453753
69134.5,453753
69139.6,453753
69141.2,453753
69136.8,453753
69136.3,453753
69137.9,453753
69138.8,453753
69135.9,453753
69137.6,453753
69128.7,453753
69102.3,453753
69129.2,453753
69133.5,453753
69127.4,453753
69128.6,453753
69128.5,453753
69137.7,453753
69132.5,453753
69135.6,453753
69139,453753
69134.9,453753
69135.9,453753
69138.5,453753
69137.9,453753
69126.6,453753
69127.2,453753
69136.3,453753
69134.1,453753
69130.5,453753
69136.7,453753
69137.6,453753
69137.1,453753
69141.3,453753
69137.1,453753
69131,453753
69139.8,453753
69139.9,453753
69133,453753
69127,453753
69141.3,453753
69143.4,453753
69142.4,453753
69141.4,453753
69137.3,453753
69129.3,453753
69141.4,453753
69134.9,453753
69130.8,453753
69140.3,453753
69136.7,453753
69139.1,453753
69137.4,453753
69139.2,453753
69138.9,453753
69138.3,453753
69140.2,453753
69133.8,453753
69134,453753
69124,453753
69132.9,453753
69133.6,453753
69133.7,453753
69136.3,453753
69141.1,453753
69137.3,453753
69137.4,453753
69133,453753
69131,453753
69132.6,453753
69138.1,453753
69139,453753
69139.4,453753
69141.7,453753
69142.6,453753
69144.7,453753
69143,453753
69142.6,453753
69137.5,453753
69140.7,453753
69133.6,453753
69141,453753
69140.1,453753
69141.9,453753
69137.7,453753
69143.2,453753
69142,453753
69136.3,453753
69132.6,453753
69130.9,453753
69130.2,453753
69135.1,453753
69138.5,453753
69116.7,453753
69138.7,453753
69133.5,453753
69133.2,453753
69135.5,453753
69133.2,453753
69132.9,453753
69139.9,453753
69136,453753
69137.1,453753
69137.2,453753
69139.5,453753
69138.6,453753
69138.2,453753
69137.5,453753
69142.1,453753
69139.9,453753
69141.9,453753
69139.8,453753
69133.4,453753
69138.7,453753
69146.3,453753
69140.7,453753
69138.7,453753
69142,453753
69139,453753
69136.2,453753
69126.4,453753
69138.3,453753
69131.2,453753
69138.5,453753
69138.2,453753
69140.9,453753
69140.1,453753
69137.4,453753
69138.6,453753
69140.2,453753
69118.2,453753
69126.4,453753
69131.3,453753
69138.2,453753
69117.7,453753
69139.1,453753
69138.9,453753
69139.6,453753
69144.3,453753
69143.4,453753
69144.7,453753
69139.2,453753
69138.9,453753
69142.2,453753
69132,453753
69135.7,453753
69141.7,453753
69141,453753
69139.6,453753
69138.3,453753
69139.2,453753
69139.6,453753
69140.1,453753
69135.1,453753
69138.5,453753
69142.3,453753
69132.5,453753
69131.8,453753
69140.9,453753
69136.7,453753
69141.6,453753
69136.1,453753
69140.3,453753
69140.5,453753
69137.6,453753
69123.6,453753
69125.4,453753
69134.3,453753
69139.6,453753
69140.3,453753
69143.1,453753
69136.8,453753
69142.4,453753
69140.2,453753
69142.8,453753
69142.7,453753
69135.8,453753
69123.8,453753
69141.3,453753
69140.4,453753
69133.4,453753
69133.4,453753
69140.8,453753
69144.1,453753
69141.4,453753
69140.1,453753
69134,453753
69131.8,453753
69133.4,453753
69140.5,453753
69139,453753
69134.4,453753
69126.3,453753
69129.6,453753
69118.6,453753
69140.1,453753
69130,453753
69142.4,453753
69130.6,453753
69136.6,453753
69141.8,453753
69142.2,453753
69142.3,453753
69142,453753
69142.3,453753
69141.4,453753
69137.7,453753
69140.8,453753
69133.5,453753
69136,453753
69141.8,453753
69144.3,453753
69146.5,453753
69140.8,453753
69139.9,453753
69141,453753
69135.3,453753
69138.5,453753
69142.9,453753
69137.2,453753
69136.1,453753
69134.7,453753
69136.7,453753
69135.1,453753
69132.4,453753
69136.8,453753
69135.1,453753
69128.1,453753
69137.4,453753
69141.1,453753
69141,453753
69138.7,453753
69136.6,453753
69138.4,453753
69138.9,453753
69142.5,453753
69139.4,453753
69142.8,453753
69141.2,453753
69137.7,453753
69139.8,453753
69142.9,453753
69138.3,453753
69135.7,453753
69132.2,453753
69111.8,453753
69138.5,453753
69138.7,453753
69135.7,453753
69128.3,453753
69114,453753
69133,453753
69138.5,453753
69135.8,453753
69121.3,453753
69130,453753
69132.6,453753
69108.9,453753
69135.3,453753
69139.9,453753
69142.5,453753
69130.6,453753
69142.9,453753
69108.8,453753
69127.9,453753
69133.5,453753
69135.1,453753
69142.6,453753
69134.8,453753
69143.8,453753
69142.2,453753
69142.4,453753
69139.5,453753
69143.7,453753
69141.4,453753
69139.1,453753
69135.8,453753
69133.7,453753
69129.4,453753
69120.4,453753
69139.5,453753
69139,453753
69141.6,453753
69136.4,453753
69137.5,453753
69139.6,453753
69138.8,453753
69142.9,453753
69140.4,453753
69138,453753
69141.9,453753
69136.8,453753
69135.7,453753
69143.5,453753
69144.6,453753
69140.9,453753
69138.8,453753
69140.9,453753
69138.2,453753
69138,453753
69137.1,453753
69136.3,453753
69140.6,453753
69138.5,453753
69142.6,453753
69138.1,453753
69135.2,453753
69130.7,453753
69140.3,453753
69141.5,453753
69141.7,453753
69141.6,453753
69137.1,453753
69125.7,453753
69136.6,453753
69144.7,453753
69139.4,453753
69123.5,453753
69127.9,453753
69144,453753
69137.5,453753
69145,453753
69149.2,453546
