TRACE,NSNPS_JACKKNIFE
69138.3,453753
69139,453753
69134.6,453753
69134.5,453753
69133.7,453753
69139.9,453753
69131.6,453753
69131.9,453753
69136.5,453753
69133.8,453753
69132.7,453753
69127.9,453753
69138.6,453753
69137.1,453753
69136.6,453753
69135.2,453753
69128.7,453753
69114.9,453753
69121.9,453753
69127.8,453753
69133.9,453753
69136.6,453753
69130,453753
69136.8,453753
69134.4,453753
69136.6,453753
69127,453753
69131.3,453753
69131.4,453753
69134.6,453753
69132.3,453753
69131.9,453753
69132.5,453753
69130.5,453753
69133.9,453753
69133.9,453753
69131.4,453753
69126.8,453753
69134.1,453753
69133.3,453753
69137.8,453753
69134.8,453753
69131.7,453753
69123.7,453753
69125.6,453753
69129.1,453753
69134,453753
69132.6,453753
69136.1,453753
69134.9,453753
69135.7,453753
69126.7,453753
69131.3,453753
69131.1,453753
69127.3,453753
69131.5,453753
69131.7,453753
69119.7,453753
69130.1,453753
69127.9,453753
69133.6,453753
69137.7,453753
69135.8,453753
69137.5,453753
69130.4,453753
69131.7,453753
69133.7,453753
69129.5,453753
69130.6,453753
69129.6,453753
69119.1,453753
69133.6,453753
69135.8,453753
69136.5,453753
69139.2,453753
69135.7,453753
69140.5,453753
69134.6,453753
69136.5,453753
69134.1,453753
69132.1,453753
69132.6,453753
69136.7,453753
69138.9,453753
69139.7,453753
69135.1,453753
69137.1,453753
69137.2,453753
69135.1,453753
69134.4,453753
69128.5,453753
69126.3,453753
69131.4,453753
69108.4,453753
69134,453753
69128.5,453753
69136.2,453753
69136,453753
69135.5,453753
69139.2,453753
69126.7,453753
69129.5,453753
69127.4,453753
69127.4,453753
69128.6,453753
69128.3,453753
69132.5,453753
69136.8,453753
69133.4,453753
69135.5,453753
69135.2,453753
69132.5,453753
69127.3,453753
69128.7,453753
69122.8,453753
69126,453753
69134.7,453753
69134,453753
69131,453753
69128.6,453753
69130.9,453753
69138.6,453753
69130.7,453753
69131.9,453753
69135.9,453753
69130.3,453753
69130.3,453753
69130.2,453753
69129.4,453753
69134.8,453753
69130.7,453753
69130.6,453753
69128.2,453753
69132.2,453753
69128,453753
69135.7,453753
69133.8,453753
69135.7,453753
69125.5,453753
69132.8,453753
69118.7,453753
69115.6,453753
69130.4,453753
69129.5,453753
69127.1,453753
69127.8,453753
69129,453753
69132.1,453753
69135.1,453753
69134.9,453753
69134.1,453753
69137.7,453753
69135.9,453753
69133.1,453753
69133.8,453753
69134.9,453753
69134.6,453753
69137.1,453753
69136.8,453753
69132.7,453753
69132.2,453753
69131.6,453753
69134.5,453753
69139.1,453753
69137.8,453753
69137.6,453753
69135.5,453753
69136.8,453753
69133.7,453753
69131.4,453753
69129.3,453753
69132.2,453753
69136,453753
69131.1,453753
69132.8,453753
69132.8,453753
69136.3,453753
69130.3,453753
69128.1,453753
69127.7,453753
69129.6,453753
69085.4,453753
69092.9,453753
69132.3,453753
69128.8,453753
69138,453753
69134.9,453753
69135.5,453753
69135.8,453753
69135.8,453753
69135.1,453753
69136.9,453753
69126.8,453753
69111.5,453753
69113.9,453753
69111.8,453753
69120.6,453753
69129.5,453753
69133.8,453753
69132.6,453753
69130.8,453753
69135.5,453753
69134.4,453753
69123.9,453753
69132.3,453753
69131.2,453753
69135.2,453753
69135.6,453753
69130.7,453753
69126.6,453753
69133.2,453753
69133.5,453753
69136.1,453753
69137.8,453753
69128.2,453753
69133.5,453753
69114.2,453753
69117.4,453753
69128.6,453753
69118.7,453753
69139.4,453753
69137.8,453753
69134.1,453753
69137.9,453753
69133.3,453753
69137.2,453753
69137.3,453753
69136,453753
69138.5,453753
69140.3,453753
69130.1,453753
69126.6,453753
69128.3,453753
69139.2,453753
69138.8,453753
69137.6,453753
69130.8,453753
69130.1,453753
69125.4,453753
69135.9,453753
69131.9,453753
69137,453753
69138.4,453753
69135,453753
69131.4,453753
69136.7,453753
69132.6,453753
69133.7,453753
69133.5,453753
69126.6,453753
69126.6,453753
69133.8,453753
69134.4,453753
69131.8,453753
69130.2,453753
69130.7,453753
69128.8,453753
69134.6,453753
69124,453753
69133.4,453753
69135.2,453753
69125.3,453753
69113.2,453753
69129.5,453753
69131.3,453753
69128.5,453753
69126,453753
69117.9,453753
69137.7,453753
69132.1,453753
69131.1,453753
69117.4,453753
69130.5,453753
69131.3,453753
69127.4,453753
69125.5,453753
69135.8,453753
69133.9,453753
69130.4,453753
69123.3,453753
69132.7,453753
69128.2,453753
69137,453753
69134.3,453753
69128.9,453753
69134.3,453753
69136.1,453753
69129.6,453753
69135.8,453753
69134.5,453753
69138.6,453753
69136.6,453753
69134.8,453753
69134.2,453753
69139.6,453753
69133.8,453753
69135.3,453753
69131.9,453753
69138.6,453753
69133.4,453753
69136.4,453753
69136.2,453753
69139.1,453753
69134.6,453753
69137,453753
69137.8,453753
69133.2,453753
69135.9,453753
69130.7,453753
69136.2,453753
69136.5,453753
69131.7,453753
69125.9,453753
69115.5,453753
69107.2,453753
69129.2,453753
69134.1,453753
69125.7,453753
69129.2,453753
69133.5,453753
69137,453753
69137,453753
69130.4,453753
69134.4,453753
69129.2,453753
69122.3,453753
69127,453753
69132.1,453753
69130.8,453753
69128.8,453753
69107.9,453753
69130,453753
69132.4,453753
69134.6,453753
69131.4,453753
69132.8,453753
69124.9,453753
69131.9,453753
69134.8,453753
69125.9,453753
69123.6,453753
69130.1,453753
69116.2,453753
69118.1,453753
69130.6,453753
69129.2,453753
69136.5,453753
69125.5,453753
69128.8,453753
69089.3,453753
69135.3,453753
69133.3,453753
69134.8,453753
69138.3,453753
69138.7,453753
69137.9,453753
69140.2,453753
69139.3,453753
69137.3,453753
69135,453753
69137.4,453753
69138.5,453753
69135.3,453753
69136.3,453753
69134.4,453753
69135.4,453753
69134.3,453753
69136.6,453753
69132.6,453753
69138,453753
69133.2,453753
69131.6,453753
69134,453753
69135,453753
69132,453753
69134.5,453753
69130.1,453753
69115.9,453753
69125,453753
69127.8,453753
69105,453753
69118.3,453753
69124.3,453753
69133.5,453753
69124.1,453753
69117.8,453753
69123.9,453753
69123.7,453753
69132.8,453753
69132.9,453753
69130.9,453753
69128.7,453753
69129.9,453753
69134.6,453753
69131.3,453753
69129.9,453753
69122.5,453753
69116.4,453753
69119.4,453753
69132,453753
69134,453753
69134.9,453753
69131.9,453753
69133.4,453753
69136.8,453753
69104.3,453753
69128.6,453753
69131.6,453753
69130.7,453753
69136.8,453753
69132.7,453753
69137.9,453753
69132.7,453753
69136.7,453753
69138.3,453753
69139.5,453753
69136.8,453753
69134.9,453753
69127.5,453753
69129.4,453753
69129.7,453753
69136.9,453753
69133.7,453753
69132.4,453753
69137,453753
69131,453753
69135.5,453753
69135,453753
69127.9,453753
69132.5,453753
69133.2,453753
69137.3,453753
69117.6,453753
69134.6,453753
69136.4,453753
69133.1,453753
69136,453753
69130.1,453753
69129.7,453753
69135.9,453753
69129.9,453753
69124.8,453753
69086.8,453753
69128.4,453753
69129,453753
69130.2,453753
69136.6,453753
69133,453753
69131.9,453753
69123.7,453753
69129.8,453753
69133.9,453753
69127.9,453753
69127.7,453753
69135.3,453753
69135.4,453753
69132.3,453753
69133.1,453753
69129.5,453753
69128.1,453753
69130.9,453753
69130.7,453753
69137.4,453753
69132.6,453753
69138.1,453753
69135.7,453753
69133.8,453753
69136.2,453753
69134,453753
69133,453753
69138.5,453753
69137.4,453753
69137,453753
69132.6,453753
69129.5,453753
69130.6,453753
69128.4,453753
69135.4,453753
69135.9,453753
69119.9,453753
69084.8,453753
69097.2,453753
69131,453753
69137.7,453753
69134.2,453753
69132.4,453753
69134,453753
69123.5,453753
69137.4,453753
69135.1,453753
69136.8,453753
69127.7,453753
69132.1,453753
69131.2,453753
69109.4,453753
69128.5,453753
69134.1,453753
69131.6,453753
69134.1,453753
69134,453753
69133.6,453753
69134.6,453753
69137.3,453753
69131.8,453753
69126,453753
69132.2,453753
69127,453753
69127.3,453753
69133.9,453753
69137.2,453753
69127.9,453753
69134.2,453753
69126.9,453753
69119,453753
69121.6,453753
69135,453753
69134.6,453753
69136.8,453753
69136.6,453753
69138.8,453753
69132.6,453753
69132.6,453753
69135.1,453753
69135.2,453753
69136.9,453753
69135.5,453753
69132.6,453753
69134.2,453753
69138.9,453753
69138.7,453753
69133.1,453753
69136.9,453753
69135.7,453753
69134.6,453753
69134.9,453753
69131.4,453753
69136.6,453753
69128.1,453753
69136.2,453753
69126,453753
69133.6,453753
69123.4,453753
69119.1,453753
69134,453753
69131,453753
69132.7,453753
69134.9,453753
69133.5,453753
69132.8,453753
69133.7,453753
69135.7,453753
69136.9,453753
69133.6,453753
69126.5,453753
69123.9,453753
69132,453753
69130.6,453753
69131,453753
69135.9,453753
69133.8,453753
69132.8,453753
69133.7,453753
69131.5,453753
69134.6,453753
69135.1,453753
69129.3,453753
69133.6,453753
69138,453753
69138.4,453753
69132.6,453753
69138.4,453753
69133.2,453753
69128.4,453753
69136.1,453753
69135.5,453753
69134.4,453753
69134,453753
69133,453753
69134.4,453753
69135.2,453753
69132.8,453753
69136.8,453753
69130.3,453753
69130.2,453753
69131.6,453753
69134.9,453753
69137.7,453753
69128.7,453753
69122.5,453753
69107.5,453753
69130.7,453753
69131.3,453753
69134.8,453753
69127.6,453753
69131.6,453753
69127.4,453753
69131.7,453753
69130.6,453753
69133.1,453753
69132.4,453753
69083.2,453753
69134.7,453753
69134.6,453753
69128.5,453753
69132.6,453753
69125.7,453753
69130.6,453753
69132.7,453753
69131,453753
69118.6,453753
69131.8,453753
69136.2,453753
69137.9,453753
69134.4,453753
69136.4,453753
69132.2,453753
69136.1,453753
69132,453753
69139.3,453753
69132,453753
69139.7,453753
69137.3,453753
69134.1,453753
69116,453753
69138,453753
69123.1,453753
69123.1,453753
69129.2,453753
69130.6,453753
69138.7,453753
69131,453753
69133.4,453753
69138.4,453753
69138.2,453753
69137,453753
69128.1,453753
69132.7,453753
69134,453753
69136.4,453753
69130,453753
69130.1,453753
69133.5,453753
69004.1,453753
68826.2,453753
69069.9,453753
69128.3,453753
69126.9,453753
69125.9,453753
69132.5,453753
69128.4,453753
69135.5,453753
69134.2,453753
69129.4,453753
69105,453753
69122.8,453753
69128.8,453753
69132.1,453753
69135.7,453753
69129.9,453753
69128.6,453753
69129.5,453753
69132.5,453753
69131.5,453753
69131.7,453753
69135.7,453753
69134.9,453753
69140.3,453753
69137.4,453753
69128,453753
69138.1,453753
69137,453753
69137.7,453753
69138.5,453753
69134.5,453753
69136.3,453753
69135.4,453753
69139.6,453753
69138.7,453753
69131.2,453753
69135.6,453753
69138.1,453753
69131.2,453753
69131.4,453753
69135.2,453753
69133.5,453753
69131.9,453753
69132.9,453753
69121.2,453753
69098.2,453753
69130.4,453753
69134.5,453753
69121,453753
69126.2,453753
69127.7,453753
69130.2,453753
69129.9,453753
69129.1,453753
69136,453753
69137.6,453753
69129.2,453753
69138.7,453753
69134.1,453753
69123,453753
69127.6,453753
69136.4,453753
69134.4,453753
69131.2,453753
69133,453753
69133.3,453753
69134.8,453753
69135.8,453753
69130.3,453753
69129.1,453753
69137.7,453753
69136.9,453753
69130.3,453753
69122.1,453753
69137.1,453753
69139.3,453753
69141.2,453753
69138.7,453753
69130.3,453753
69129.2,453753
69137.5,453753
69135.9,453753
69134.3,453753
69135.6,453753
69138.8,453753
69135.9,453753
69134.9,453753
69136.5,453753
69132.3,453753
69134.9,453753
69136.5,453753
69128.5,453753
69128,453753
69122.8,453753
69129.3,453753
69126.7,453753
69129.6,453753
69132.4,453753
69139,453753
69130.1,453753
69135.4,453753
69130.7,453753
69128,453753
69128.9,453753
69138.8,453753
69136.1,453753
69134.8,453753
69136.3,453753
69135.9,453753
69140.6,453753
69137.6,453753
69136.1,453753
69133.7,453753
69137.2,453753
69131.8,453753
69137.8,453753
69140.2,453753
69135.2,453753
69136.5,453753
69136,453753
69139.1,453753
69132.6,453753
69129.6,453753
69130.6,453753
69127.5,453753
69131.9,453753
69132.9,453753
69115.1,453753
69133.1,453753
69129.8,453753
69134.3,453753
69130.6,453753
69131.5,453753
69130.1,453753
69135,453753
69134.2,453753
69133.5,453753
69135.4,453753
69136,453753
69136.1,453753
69135.6,453753
69131.6,453753
69138.8,453753
69138.1,453753
69137.6,453753
69135.8,453753
69129.1,453753
69132.5,453753
69139.6,453753
69137.4,453753
69137,453753
69137.9,453753
69135,453753
69132.7,453753
69122.9,453753
69134.7,453753
69126.2,453753
69133.6,453753
69135,453753
69135.2,453753
69135.1,453753
69130,453753
69133.2,453753
69137.6,453753
69115.4,453753
69127.4,453753
69126.2,453753
69136.2,453753
69115.6,453753
69135.1,453753
69134.4,453753
69135.8,453753
69139.4,453753
69136.9,453753
69140.8,453753
69136.6,453753
69134.2,453753
69138.2,453753
69132.3,453753
69129.9,453753
69138.4,453753
69134.8,453753
69135.2,453753
69134.5,453753
69136,453753
69137.8,453753
69138.3,453753
69136.5,453753
69134.4,453753
69136.5,453753
69130.9,453753
69128.2,453753
69138.1,453753
69136.7,453753
69136.2,453753
69131.9,453753
69129.6,453753
69132.1,453753
69131.7,453753
69119,453753
69118.4,453753
69128.9,453753
69132.4,453753
69131.2,453753
69137.1,453753
69135.2,453753
69136.4,453753
69135.4,453753
69138.1,453753
69136.4,453753
69130.5,453753
69121.8,453753
69136.1,453753
69139.6,453753
69135.9,453753
69129.7,453753
69137.9,453753
69140.4,453753
69137.3,453753
69137.5,453753
69129.5,453753
69126.6,453753
69130.5,453753
69137.3,453753
69135.3,453753
69132.4,453753
69123.1,453753
69117.2,453753
69107.7,453753
69136.2,453753
69130.9,453753
69138,453753
69126.5,453753
69135.4,453753
69134.6,453753
69136,453753
69137.8,453753
69137.1,453753
69133.3,453753
69139.2,453753
69134.1,453753
69134.6,453753
69129.9,453753
69130,453753
69141.7,453753
69140.9,453753
69139.9,453753
69139.4,453753
69136.3,453753
69138.8,453753
69132.3,453753
69135.1,453753
69136.5,453753
69132.3,453753
69135.7,453753
69133,453753
69135.3,453753
69126.4,453753
69129.3,453753
69131.4,453753
69132,453753
69123.6,453753
69134.5,453753
69138.4,453753
69138.8,453753
69133.2,453753
69133,453753
69135.7,453753
69134.8,453753
69140.6,453753
69134.8,453753
69135.4,453753
69134.1,453753
69135.9,453753
69134,453753
69141.2,453753
69133.4,453753
69134.8,453753
69127.8,453753
69105.7,453753
69135.8,453753
69133.3,453753
69135.4,453753
69126,453753
69111.8,453753
69130.8,453753
69136.1,453753
69131.9,453753
69118.7,453753
69126.6,453753
69128.2,453753
69112.3,453753
69125.4,453753
69136,453753
69137,453753
69131.1,453753
69138.8,453753
69105.8,453753
69122.6,453753
69129,453753
69132.6,453753
69138.8,453753
69129.6,453753
69139.3,453753
69138.5,453753
69138.6,453753
69137.1,453753
69133.4,453753
69139.6,453753
69132.5,453753
69131.8,453753
69131.3,453753
69120.9,453753
69115.4,453753
69135.4,453753
69133.2,453753
69136.9,453753
69131.7,453753
69132.5,453753
69136.3,453753
69139.7,453753
69137.3,453753
69136.5,453753
69140.6,453753
69137.8,453753
69138.5,453753
69132.4,453753
69137.3,453753
69142.3,453753
69135.6,453753
69134.9,453753
69139.1,453753
69138.1,453753
69134.3,453753
69135.7,453753
69131.7,453753
69134.4,453753
69136.1,453753
69139.1,453753
69135.9,453753
69132.8,453753
69127,453753
69139.2,453753
69137.6,453753
69134.5,453753
69139,453753
69134.9,453753
69118.8,453753
69134.8,453753
69135.8,453753
69133.7,453753
69124.2,453753
69127.1,453753
69137.1,453753
69137.7,453753
69136.8,453753
69139.9,453546
