TRACE,NSNPS_JACKKNIFE
69196.9,453753
69196.6,453753
69197,453753
69195.1,453753
69193.4,453753
69194.5,453753
69191.1,453753
69191.1,453753
69196.1,453753
69190.1,453753
69190.6,453753
69189.9,453753
69198.1,453753
69193.4,453753
69196.5,453753
69193.7,453753
69186.8,453753
69181.3,453753
69183.3,453753
69186.2,453753
69196,453753
69199,453753
69196.4,453753
69195.2,453753
69194.9,453753
69194.5,453753
69191.7,453753
69191,453753
69192.5,453753
69195,453753
69191.5,453753
69186.8,453753
69190,453753
69188,453753
69193.4,453753
69192.9,453753
69189.6,453753
69190.8,453753
69193.6,453753
69192.8,453753
69195.6,453753
69194.6,453753
69191.3,453753
69184.7,453753
69186.3,453753
69191,453753
69195.2,453753
69192.1,453753
69193.9,453753
69194.7,453753
69194.9,453753
69179.8,453753
69185,453753
69192.9,453753
69190.2,453753
69192.2,453753
69192.3,453753
69183.1,453753
69188.5,453753
69189.9,453753
69194.9,453753
69197.9,453753
69198.2,453753
69194,453753
69190,453753
69192.6,453753
69193.6,453753
69188.9,453753
69189.4,453753
69188,453753
69176.3,453753
69192,453753
69196.4,453753
69200.9,453753
69197.4,453753
69193.4,453753
69194.8,453753
69194.9,453753
69198.3,453753
69195.2,453753
69183.2,453753
69191.4,453753
69198.3,453753
69199.2,453753
69196.7,453753
69197.1,453753
69195.3,453753
69200,453753
69197.2,453753
69194.7,453753
69182.6,453753
69181.5,453753
69195.8,453753
69150.9,453753
69195.1,453753
69190.1,453753
69193.4,453753
69193.9,453753
69194.1,453753
69197.3,453753
69189.6,453753
69191,453753
69190,453753
69186.4,453753
69183.6,453753
69185.2,453753
69195.7,453753
69196.3,453753
69190,453753
69193.8,453753
69193.3,453753
69190.2,453753
69189.6,453753
69183.2,453753
69180.5,453753
69182,453753
69191.9,453753
69194.5,453753
69191,453753
69190.2,453753
69188.1,453753
69195.2,453753
69189.9,453753
69194.3,453753
69192.3,453753
69191.1,453753
69188.7,453753
69189,453753
69186.2,453753
69191.6,453753
69188,453753
69191.6,453753
69189.1,453753
69191.5,453753
69186.1,453753
69191.5,453753
69194.7,453753
69194.5,453753
69189,453753
69193.7,453753
69181,453753
69174.3,453753
69190.6,453753
69186.9,453753
69188.8,453753
69188,453753
69191.7,453753
69191.6,453753
69192.2,453753
69195.5,453753
69194.3,453753
69193.2,453753
69196.1,453753
69194.1,453753
69195.2,453753
69193.3,453753
69195.3,453753
69195,453753
69199.7,453753
69194.6,453753
69194.1,453753
69192.3,453753
69193.1,453753
69195.5,453753
69197.6,453753
69197.5,453753
69196.5,453753
69195.2,453753
69192.2,453753
69193.4,453753
69191.7,453753
69194.4,453753
69197.7,453753
69193.3,453753
69196.9,453753
69192.3,453753
69193.8,453753
69192.2,453753
69192.6,453753
69191.4,453753
69186.1,453753
69151.6,453753
69157.5,453753
69190.8,453753
69189.8,453753
69194.5,453753
69195.2,453753
69197.4,453753
69197.3,453753
69194.8,453753
69197.8,453753
69195.7,453753
69189.6,453753
69179.2,453753
69175.2,453753
69167.3,453753
69174.7,453753
69186.3,453753
69194,453753
69194.2,453753
69190,453753
69195.3,453753
69192.1,453753
69184.1,453753
69191.8,453753
69191,453753
69190.9,453753
69194.1,453753
69187.9,453753
69182.7,453753
69191.2,453753
69193.8,453753
69193.2,453753
69192.9,453753
69191,453753
69193.2,453753
69179.5,453753
69177.5,453753
69184.5,453753
69180.4,453753
69196.4,453753
69195,453753
69195.7,453753
69195.4,453753
69191.5,453753
69194.9,453753
69198,453753
69197,453753
69197.2,453753
69196.6,453753
69196.2,453753
69186.4,453753
69184.5,453753
69199,453753
69197,453753
69197,453753
69189.2,453753
69191.1,453753
69185.1,453753
69193.5,453753
69189.3,453753
69195.9,453753
69200.4,453753
69194.7,453753
69192.7,453753
69193.7,453753
69192.6,453753
69193.6,453753
69194.5,453753
69185.4,453753
69187.1,453753
69192.6,453753
69192.1,453753
69191.9,453753
69191.8,453753
69193.8,453753
69191.9,453753
69192.4,453753
69182.6,453753
69190.4,453753
69195.4,453753
69191.4,453753
69171.1,453753
69191.9,453753
69191.4,453753
69188.5,453753
69191.3,453753
69172.6,453753
69197.7,453753
69196.1,453753
69191.4,453753
69179.8,453753
69190.9,453753
69187.2,453753
69191.5,453753
69185.6,453753
69193.7,453753
69196.1,453753
69190.5,453753
69185.1,453753
69190.9,453753
69189.9,453753
69197.6,453753
69193.4,453753
69192.9,453753
69194.3,453753
69195.4,453753
69193.6,453753
69193.7,453753
69196.4,453753
69199.4,453753
69197.8,453753
69196.3,453753
69197,453753
69196.2,453753
69195,453753
69192.9,453753
69192.7,453753
69196.9,453753
69194.3,453753
69194.3,453753
69195.8,453753
69199.8,453753
69192.8,453753
69197.4,453753
69196.8,453753
69192.4,453753
69195,453753
69192.3,453753
69194.7,453753
69195.5,453753
69193.3,453753
69185.9,453753
69171.8,453753
69170,453753
69189.7,453753
69194,453753
69184.7,453753
69188.4,453753
69193.1,453753
69193.4,453753
69193.5,453753
69193.7,453753
69194.2,453753
69191.2,453753
69187.2,453753
69190.1,453753
69192.4,453753
69188.3,453753
69188,453753
69168,453753
69188.9,453753
69193.4,453753
69194.4,453753
69191.8,453753
69196.5,453753
69195.5,453753
69191,453753
69193.1,453753
69184.8,453753
69176.8,453753
69189.3,453753
69176.2,453753
69174,453753
69193.6,453753
69188.2,453753
69193.4,453753
69189.3,453753
69190,453753
69150.6,453753
69193.1,453753
69194.6,453753
69195,453753
69195.6,453753
69197.8,453753
69198,453753
69195.3,453753
69196.7,453753
69191.9,453753
69193.3,453753
69200.5,453753
69198,453753
69193.2,453753
69196.3,453753
69191.5,453753
69194.9,453753
69194,453753
69196,453753
69193.4,453753
69195.5,453753
69194.8,453753
69190.5,453753
69194.5,453753
69192.4,453753
69194.7,453753
69194.7,453753
69186.4,453753
69169.4,453753
69183.9,453753
69182.7,453753
69157.7,453753
69174.5,453753
69183.7,453753
69190.4,453753
69186.1,453753
69180.2,453753
69179.9,453753
69177.4,453753
69185.5,453753
69190.8,453753
69190.9,453753
69186.1,453753
69187.7,453753
69191.9,453753
69189.1,453753
69184.5,453753
69186.7,453753
69177.4,453753
69184.1,453753
69193.8,453753
69192.3,453753
69194.7,453753
69195.3,453753
69193,453753
69198.6,453753
69171.2,453753
69190.7,453753
69192.1,453753
69190.7,453753
69196.2,453753
69196.9,453753
69194.6,453753
69191.5,453753
69195.3,453753
69197.1,453753
69197.7,453753
69193.4,453753
69195.2,453753
69185,453753
69188.9,453753
69192,453753
69193.2,453753
69195.1,453753
69187.3,453753
69194.5,453753
69193.1,453753
69196.7,453753
69192.7,453753
69186.6,453753
69189.7,453753
69189.8,453753
69194.8,453753
69175.9,453753
69193.2,453753
69193.2,453753
69192.3,453753
69194.2,453753
69190.9,453753
69188.7,453753
69186.3,453753
69190,453753
69185.6,453753
69145,453753
69189.2,453753
69190.5,453753
69193.9,453753
69199.6,453753
69195.4,453753
69191.2,453753
69188.5,453753
69190.8,453753
69195.3,453753
69180.9,453753
69182.6,453753
69195.7,453753
69192.7,453753
69195.3,453753
69196.1,453753
69186.7,453753
69183.9,453753
69185.4,453753
69188.6,453753
69194.9,453753
69188.9,453753
69197.1,453753
69196.6,453753
69191.6,453753
69194.3,453753
69196,453753
69193.5,453753
69200.1,453753
69198.1,453753
69196.8,453753
69187.6,453753
69185.5,453753
69190.4,453753
69190.3,453753
69195,453753
69193.8,453753
69176.3,453753
69131.8,453753
69144.1,453753
69190.3,453753
69195.8,453753
69192,453753
69191.4,453753
69193,453753
69187.8,453753
69194.1,453753
69192.7,453753
69193.1,453753
69185.8,453753
69192.4,453753
69189.1,453753
69172.9,453753
69186.9,453753
69192.3,453753
69193,453753
69194.1,453753
69189.2,453753
69191.1,453753
69197.2,453753
69196.7,453753
69191.9,453753
69191.5,453753
69190.4,453753
69186.2,453753
69186.8,453753
69191,453753
69197.8,453753
69191.1,453753
69192.7,453753
69191.1,453753
69183.1,453753
69180.6,453753
69191.8,453753
69195.3,453753
69195.2,453753
69197.9,453753
69196.7,453753
69192.5,453753
69193.9,453753
69194.7,453753
69197.2,453753
69198.2,453753
69196.4,453753
69194.6,453753
69192.8,453753
69196.9,453753
69197.6,453753
69193.3,453753
69198.9,453753
69195.8,453753
69193.5,453753
69195.9,453753
69188,453753
69196.5,453753
69190.8,453753
69195.1,453753
69184.4,453753
69188.1,453753
69181.4,453753
69172.7,453753
69191.9,453753
69190.5,453753
69193.4,453753
69198.5,453753
69191.8,453753
69191.8,453753
69193.2,453753
69193.9,453753
69200.6,453753
69195.1,453753
69181.9,453753
69182.2,453753
69192,453753
69188.1,453753
69189.6,453753
69193.4,453753
69189.7,453753
69187.3,453753
69194.9,453753
69193.4,453753
69193.7,453753
69191.1,453753
69188.8,453753
69196.9,453753
69194.1,453753
69197.6,453753
69194.9,453753
69196.8,453753
69190.2,453753
69192,453753
69197.8,453753
69193.7,453753
69194.9,453753
69196.2,453753
69195.5,453753
69195.9,453753
69194.5,453753
69196.6,453753
69195.1,453753
69189.4,453753
69188.9,453753
69194.4,453753
69196.1,453753
69194.8,453753
69189.9,453753
69178.6,453753
69168.5,453753
69189.8,453753
69192.8,453753
69194.1,453753
69189.2,453753
69191.8,453753
69189.9,453753
69190.2,453753
69189,453753
69196.8,453753
69186.9,453753
69143.9,453753
69190.9,453753
69197,453753
69191,453753
69192.5,453753
69187.6,453753
69190.1,453753
69193.1,453753
69186.8,453753
69174.7,453753
69191.9,453753
69193,453753
69195.1,453753
69193.5,453753
69197.9,453753
69195.8,453753
69194.8,453753
69193.6,453753
69194.5,453753
69192,453753
69201,453753
69193.6,453753
69189.9,453753
69175.6,453753
69198.1,453753
69181.7,453753
69176.8,453753
69190.4,453753
69187.8,453753
69199.7,453753
69194.4,453753
69193.8,453753
69200.6,453753
69199.3,453753
69195.3,453753
69186.7,453753
69190.5,453753
69196.7,453753
69195.5,453753
69192.3,453753
69193.4,453753
69196.3,453753
69076.1,453753
68898.5,453753
69135,453753
69187.8,453753
69190.9,453753
69184.2,453753
69192.2,453753
69189.4,453753
69193,453753
69196.4,453753
69188.9,453753
69169.1,453753
69184.7,453753
69188.7,453753
69193.4,453753
69196.8,453753
69192.8,453753
69185.6,453753
69185.4,453753
69188.7,453753
69190.6,453753
69193.9,453753
69194.8,453753
69195.8,453753
69198.9,453753
69193.2,453753
69184.6,453753
69196,453753
69197.9,453753
69197.6,453753
69196.4,453753
69192.6,453753
69195.4,453753
69196.1,453753
69198.6,453753
69194.7,453753
69192.3,453753
69194.4,453753
69192.2,453753
69191.3,453753
69193.3,453753
69193,453753
69196.2,453753
69194.4,453753
69192.7,453753
69183.1,453753
69161.4,453753
69190.6,453753
69188.6,453753
69181,453753
69185.6,453753
69188.9,453753
69191.3,453753
69187.5,453753
69193.4,453753
69195.8,453753
69194.1,453753
69189.5,453753
69196.3,453753
69193.4,453753
69183.7,453753
69188.6,453753
69194.3,453753
69192.4,453753
69191.9,453753
69196.2,453753
69193,453753
69191.7,453753
69194.9,453753
69188.7,453753
69190,453753
69195.5,453753
69197.2,453753
69188.2,453753
69185.6,453753
69198.2,453753
69199.8,453753
69197.4,453753
69195.3,453753
69192.5,453753
69191.1,453753
69196.4,453753
69196.1,453753
69194.9,453753
69195.9,453753
69196.2,453753
69197.7,453753
69194.3,453753
69195.6,453753
69192.3,453753
69194.8,453753
69195,453753
69189.3,453753
69189.3,453753
69184,453753
69188.6,453753
69188.1,453753
69188.8,453753
69190.4,453753
69200.1,453753
69190.2,453753
69196.5,453753
69191.5,453753
69184.8,453753
69189.9,453753
69197.1,453753
69190.6,453753
69194.9,453753
69198.2,453753
69196.8,453753
69199.2,453753
69196.4,453753
69197.8,453753
69191.8,453753
69195.4,453753
69192.2,453753
69196.1,453753
69197.1,453753
69196.7,453753
69192.9,453753
69198.6,453753
69197.6,453753
69193.3,453753
69188.5,453753
69188.5,453753
69186.7,453753
69186.6,453753
69193.7,453753
69170.8,453753
69194.8,453753
69189.1,453753
69188.7,453753
69191.2,453753
69190.4,453753
69186.6,453753
69192.7,453753
69190.9,453753
69193.8,453753
69189.4,453753
69195,453753
69193.7,453753
69191.8,453753
69193,453753
69198.8,453753
69197.8,453753
69197,453753
69195.8,453753
69195,453753
69194.6,453753
69199.9,453753
69198,453753
69193,453753
69198.7,453753
69197,453753
69192,453753
69180.5,453753
69194.1,453753
69184.7,453753
69194.3,453753
69195.1,453753
69195.1,453753
69193.7,453753
69192.3,453753
69197.2,453753
69197.9,453753
69172.3,453753
69184.5,453753
69190.5,453753
69195.5,453753
69174.6,453753
69192.8,453753
69193.4,453753
69197.6,453753
69199.1,453753
69198.6,453753
69198.3,453753
69197,453753
69192.2,453753
69194.9,453753
69189.5,453753
69189.3,453753
69197.2,453753
69196.3,453753
69194.8,453753
69194.6,453753
69195,453753
69198.1,453753
69195.7,453753
69190.4,453753
69193.2,453753
69196.7,453753
69188.3,453753
69185.5,453753
69197.2,453753
69194.3,453753
69196.1,453753
69191.3,453753
69189,453753
69198.1,453753
69191.6,453753
69173.7,453753
69181.1,453753
69189.4,453753
69192.3,453753
69196.5,453753
69195.6,453753
69195,453753
69194.2,453753
69193.8,453753
69194.3,453753
69198.9,453753
69189.8,453753
69180.2,453753
69195.1,453753
69196.1,453753
69190.5,453753
69190.9,453753
69199.6,453753
69197.1,453753
69198.1,453753
69195,453753
69190.5,453753
69187.3,453753
69187.3,453753
69198.4,453753
69195.1,453753
69188.7,453753
69177.5,453753
69180.9,453753
69164.7,453753
69195.6,453753
69193.1,453753
69196.9,453753
69185.2,453753
69188.6,453753
69192.3,453753
69195.4,453753
69194.1,453753
69197.7,453753
69196.2,453753
69199.9,453753
69195.2,453753
69190.3,453753
69188.7,453753
69190.8,453753
69199.2,453753
69199.4,453753
69201.3,453753
69194.8,453753
69198.3,453753
69195.3,453753
69192.4,453753
69197.8,453753
69196.7,453753
69191.8,453753
69191.1,453753
69195.2,453753
69194,453753
69186.4,453753
69189.6,453753
69193,453753
69192.1,453753
69189.5,453753
69194.1,453753
69195.1,453753
69197.9,453753
69190.3,453753
69190.7,453753
69195.3,453753
69194.3,453753
69197.9,453753
69194.3,453753
69196.5,453753
69195.2,453753
69191.2,453753
69197.5,453753
69198.3,453753
69192.8,453753
69192.6,453753
69187.4,453753
69168,453753
69191,453753
69192.7,453753
69194.5,453753
69180.5,453753
69172.3,453753
69190.6,453753
69192.6,453753
69191.5,453753
69176.7,453753
69186.8,453753
69187.4,453753
69175.3,453753
69192.7,453753
69194.3,453753
69198.6,453753
69191.4,453753
69196.4,453753
69161.6,453753
69180.3,453753
69185.2,453753
69188.8,453753
69197.1,453753
69188.4,453753
69199.7,453753
69198,453753
69199.2,453753
69198.4,453753
69195.3,453753
69195.8,453753
69192.7,453753
69193.4,453753
69188.7,453753
69179.1,453753
69173.2,453753
69189.9,453753
69196.8,453753
69198.2,453753
69192.6,453753
69194.7,453753
69194,453753
69202.6,453753
69196.4,453753
69198.6,453753
69196.4,453753
69195.7,453753
69197,453753
69192.4,453753
69197.8,453753
69201.3,453753
69193.9,453753
69196.3,453753
69196.8,453753
69193.7,453753
69190.2,453753
69192.9,453753
69191.8,453753
69196,453753
69197.2,453753
69197.6,453753
69193.1,453753
69193.4,453753
69189.3,453753
69195.4,453753
69194.3,453753
69194.4,453753
69197.5,453753
69192.8,453753
69178.9,453753
69195,453753
69192.4,453753
69195.3,453753
69180.9,453753
69179.3,453753
69197.2,453753
69198.2,453753
69196.1,453753
69198.8,453546
