TRACE,NSNPS_JACKKNIFE
69416.8,453753
69417,453753
69414.9,453753
69415.5,453753
69410.4,453753
69414.9,453753
69413.3,453753
69409.6,453753
69415.9,453753
69411.9,453753
69414.2,453753
69404.9,453753
69416.4,453753
69412.3,453753
69417.2,453753
69412.6,453753
69408.4,453753
69392.4,453753
69398.7,453753
69407.9,453753
69414,453753
69418.5,453753
69414.5,453753
69414.9,453753
69414.5,453753
69415.6,453753
69404.5,453753
69402.1,453753
69411.6,453753
69413.1,453753
69414.2,453753
69410.4,453753
69412.6,453753
69408.8,453753
69411.3,453753
69412.6,453753
69412.3,453753
69409.3,453753
69413.2,453753
69416.1,453753
69415.9,453753
69409.3,453753
69412.4,453753
69406.5,453753
69405.3,453753
69412.5,453753
69412.5,453753
69414,453753
69414.1,453753
69413.3,453753
69416.3,453753
69401.5,453753
69405,453753
69412.5,453753
69405.2,453753
69413.7,453753
69413.1,453753
69405.6,453753
69411.5,453753
69406.2,453753
69411.4,453753
69419.4,453753
69415.5,453753
69412.1,453753
69409.8,453753
69414.9,453753
69409.3,453753
69409.4,453753
69411.1,453753
69409.5,453753
69398,453753
69411.5,453753
69413.9,453753
69417.4,453753
69417.4,453753
69417,453753
69417,453753
69411.5,453753
69416.6,453753
69412.3,453753
69406,453753
69414.9,453753
69416,453753
69417.6,453753
69416.5,453753
69413.9,453753
69416.1,453753
69416.6,453753
69414.8,453753
69413.1,453753
69404.6,453753
69404.2,453753
69415.2,453753
69371.6,453753
69411.7,453753
69408.3,453753
69414.6,453753
69414.1,453753
69412.9,453753
69413.7,453753
69408,453753
69409.5,453753
69404.4,453753
69401,453753
69406.5,453753
69403.3,453753
69412.6,453753
69413,453753
69413.9,453753
69414.6,453753
69414.8,453753
69411,453753
69407.4,453753
69400.4,453753
69403.2,453753
69402.2,453753
69414.8,453753
69414.3,453753
69410.5,453753
69405.7,453753
69408.9,453753
69418.2,453753
69411.3,453753
69411.4,453753
69414.8,453753
69411.1,453753
69411.1,453753
69411.1,453753
69411.8,453753
69413.5,453753
69405.9,453753
69409.8,453753
69405.6,453753
69411.8,453753
69408.6,453753
69411.2,453753
69413.3,453753
69413.8,453753
69404.6,453753
69413.4,453753
69399.2,453753
69393.6,453753
69411.1,453753
69408.6,453753
69407.5,453753
69406.1,453753
69410.3,453753
69411.1,453753
69413.2,453753
69413.4,453753
69412.3,453753
69416.2,453753
69410.8,453753
69412.5,453753
69411.5,453753
69411.1,453753
69413.8,453753
69414.2,453753
69415.7,453753
69414.7,453753
69410.8,453753
69415.5,453753
69414.1,453753
69417.9,453753
69418.2,453753
69413.5,453753
69417,453753
69415.1,453753
69415.7,453753
69412,453753
69406.9,453753
69414.8,453753
69410.5,453753
69411.3,453753
69413.2,453753
69409.8,453753
69414.9,453753
69409.8,453753
69408.7,453753
69411.4,453753
69410,453753
69367.4,453753
69372.9,453753
69413.1,453753
69411.7,453753
69418.4,453753
69414.3,453753
69416,453753
69415.7,453753
69412.1,453753
69416.7,453753
69416.7,453753
69401.6,453753
69393.8,453753
69394.7,453753
69388.8,453753
69398.7,453753
69405.7,453753
69412.1,453753
69410.3,453753
69412,453753
69413.7,453753
69409.1,453753
69401.8,453753
69412,453753
69412.8,453753
69408.7,453753
69413.2,453753
69408.2,453753
69402,453753
69409.2,453753
69412.1,453753
69413.1,453753
69416,453753
69409.4,453753
69408.6,453753
69396,453753
69400.2,453753
69403.8,453753
69399.1,453753
69419.5,453753
69413.7,453753
69412.2,453753
69411.4,453753
69408.6,453753
69416.4,453753
69418.2,453753
69415.1,453753
69417.7,453753
69418.5,453753
69412.8,453753
69403.6,453753
69406.2,453753
69418,453753
69416.7,453753
69414.7,453753
69410.6,453753
69410.2,453753
69407.7,453753
69411.5,453753
69408.9,453753
69416,453753
69417.6,453753
69414,453753
69415.2,453753
69413,453753
69413.3,453753
69414.2,453753
69414.5,453753
69404.8,453753
69403.1,453753
69415.8,453753
69415,453753
69408.9,453753
69408.1,453753
69406.8,453753
69411.9,453753
69409.5,453753
69403.7,453753
69413.3,453753
69417.7,453753
69408,453753
69396.4,453753
69409.7,453753
69410.2,453753
69406.3,453753
69409.4,453753
69389.3,453753
69413.1,453753
69412.1,453753
69412.1,453753
69396.7,453753
69409.6,453753
69406.5,453753
69412.1,453753
69407.5,453753
69413.3,453753
69414,453753
69410.2,453753
69404,453753
69414.5,453753
69406.9,453753
69415.5,453753
69411.5,453753
69411.8,453753
69415.6,453753
69414.2,453753
69411.4,453753
69412.4,453753
69415.2,453753
69418.8,453753
69414.6,453753
69416.8,453753
69415.3,453753
69415.4,453753
69412.2,453753
69412.1,453753
69412.8,453753
69416.7,453753
69415.8,453753
69417.2,453753
69416.3,453753
69418.7,453753
69411.1,453753
69418.2,453753
69414.3,453753
69415.1,453753
69409.2,453753
69412.5,453753
69414.6,453753
69412.6,453753
69412.1,453753
69404.9,453753
69392.7,453753
69386.6,453753
69405.5,453753
69410.6,453753
69404.2,453753
69409.3,453753
69412.5,453753
69413.9,453753
69412.2,453753
69412.8,453753
69410.8,453753
69411.7,453753
69406.9,453753
69407.3,453753
69407.5,453753
69408.8,453753
69405.4,453753
69391.7,453753
69409.2,453753
69410.9,453753
69414.3,453753
69411.4,453753
69412.2,453753
69405.3,453753
69413.5,453753
69412.7,453753
69408.4,453753
69402.5,453753
69412.1,453753
69393,453753
69394.5,453753
69412.5,453753
69407.2,453753
69410.9,453753
69407.9,453753
69410.9,453753
69362.5,453753
69415.4,453753
69411.3,453753
69412.3,453753
69416.5,453753
69418.9,453753
69417.5,453753
69417.4,453753
69417.3,453753
69414.6,453753
69413.2,453753
69413.5,453753
69417.3,453753
69412.3,453753
69414.2,453753
69410.6,453753
69415.3,453753
69416.1,453753
69416.6,453753
69413.2,453753
69413.3,453753
69414.8,453753
69409.6,453753
69413.8,453753
69414.2,453753
69412.3,453753
69413.5,453753
69405.5,453753
69395.2,453753
69405.7,453753
69400.2,453753
69373.4,453753
69390.6,453753
69404.7,453753
69407.4,453753
69408.1,453753
69399.6,453753
69400.3,453753
69398.5,453753
69410.2,453753
69413.7,453753
69410,453753
69406,453753
69409.5,453753
69411.4,453753
69411.9,453753
69406.5,453753
69408.4,453753
69399.4,453753
69402,453753
69412.5,453753
69414.7,453753
69414,453753
69413.3,453753
69408.2,453753
69414,453753
69386.4,453753
69409.8,453753
69408.4,453753
69411.1,453753
69413.1,453753
69413.7,453753
69419.2,453753
69411.5,453753
69414.3,453753
69416,453753
69415.7,453753
69415.8,453753
69410.5,453753
69407,453753
69406.4,453753
69411.6,453753
69413.2,453753
69417.2,453753
69409.5,453753
69415.8,453753
69413.2,453753
69416.9,453753
69413.1,453753
69406.4,453753
69409,453753
69408.7,453753
69415.9,453753
69403.4,453753
69414.6,453753
69414.9,453753
69413.4,453753
69413.8,453753
69410.1,453753
69411,453753
69407.2,453753
69411.1,453753
69402.9,453753
69374,453753
69412.6,453753
69411.2,453753
69411.9,453753
69416.7,453753
69412,453753
69404.2,453753
69403.6,453753
69407.9,453753
69412.8,453753
69397.2,453753
69404,453753
69415.2,453753
69410.6,453753
69416.3,453753
69414.4,453753
69408.8,453753
69404.7,453753
69405.4,453753
69409.7,453753
69417.7,453753
69408.2,453753
69415,453753
69417.7,453753
69412.5,453753
69415.2,453753
69415.8,453753
69408.7,453753
69416.6,453753
69417.8,453753
69414.3,453753
69408.7,453753
69406,453753
69413.2,453753
69407.1,453753
69414.9,453753
69413.1,453753
69399.9,453753
69375.9,453753
69381.4,453753
69412,453753
69413.7,453753
69417.8,453753
69409.6,453753
69412.5,453753
69409.4,453753
69414.1,453753
69410.8,453753
69416.6,453753
69408.5,453753
69410.4,453753
69410.3,453753
69390.4,453753
69403.6,453753
69411.1,453753
69415.1,453753
69413.6,453753
69413.5,453753
69410,453753
69414.9,453753
69417.5,453753
69409.3,453753
69406.4,453753
69409,453753
69403.5,453753
69406.2,453753
69411.5,453753
69415.8,453753
69411.9,453753
69410.4,453753
69410.9,453753
69401.4,453753
69404.1,453753
69414.4,453753
69415.7,453753
69416.1,453753
69418.4,453753
69416.7,453753
69411.9,453753
69413.7,453753
69413.9,453753
69415.7,453753
69415.8,453753
69412.2,453753
69412.6,453753
69412.1,453753
69415.5,453753
69414,453753
69411.9,453753
69416.3,453753
69413.3,453753
69415.2,453753
69413,453753
69408.2,453753
69415.7,453753
69411.1,453753
69417,453753
69408.8,453753
69413.7,453753
69396.9,453753
69382.9,453753
69408.3,453753
69407.2,453753
69414,453753
69412.9,453753
69409.6,453753
69412.3,453753
69413.5,453753
69413.7,453753
69417.4,453753
69414.9,453753
69406.4,453753
69401.3,453753
69414.2,453753
69411.8,453753
69412.6,453753
69413.6,453753
69411.1,453753
69407.1,453753
69413.1,453753
69410.8,453753
69411.7,453753
69414.1,453753
69408.7,453753
69414.1,453753
69416.4,453753
69418.5,453753
69417.9,453753
69416.6,453753
69413,453753
69409.7,453753
69416.6,453753
69417.2,453753
69414,453753
69412.8,453753
69415.2,453753
69415.7,453753
69415.3,453753
69410.3,453753
69416.5,453753
69408.3,453753
69410,453753
69412.1,453753
69413.4,453753
69414,453753
69411.5,453753
69395.4,453753
69385.9,453753
69410.5,453753
69412.6,453753
69415.8,453753
69407.9,453753
69410.6,453753
69407.4,453753
69407.1,453753
69409.4,453753
69415.6,453753
69411.2,453753
69356.3,453753
69416,453753
69414.7,453753
69408.2,453753
69412,453753
69406.9,453753
69407.5,453753
69410,453753
69411.5,453753
69404.3,453753
69413.2,453753
69413.5,453753
69413.4,453753
69410.8,453753
69416,453753
69413.8,453753
69414.8,453753
69410.8,453753
69418,453753
69413.7,453753
69418.2,453753
69413.6,453753
69407.6,453753
69377.9,453753
69415.3,453753
69402.7,453753
69394.2,453753
69406.7,453753
69411.2,453753
69417.6,453753
69411.8,453753
69412,453753
69418.5,453753
69415.9,453753
69414.5,453753
69409.2,453753
69410.3,453753
69415,453753
69415.4,453753
69411.4,453753
69413.3,453753
69411.5,453753
69294.4,453753
69094.9,453753
69354.7,453753
69407,453753
69407.9,453753
69404.2,453753
69413.5,453753
69408.2,453753
69410.8,453753
69415.2,453753
69405.7,453753
69385.5,453753
69401.2,453753
69406.2,453753
69414.2,453753
69416.6,453753
69409.9,453753
69406.3,453753
69400.8,453753
69407.5,453753
69407.6,453753
69412.7,453753
69415.4,453753
69414.9,453753
69419.6,453753
69415,453753
69408.1,453753
69415.8,453753
69416.1,453753
69416.7,453753
69419,453753
69409.2,453753
69415,453753
69415,453753
69417.2,453753
69417.7,453753
69411.4,453753
69414.9,453753
69413.4,453753
69411.9,453753
69411.6,453753
69416.4,453753
69415.6,453753
69411,453753
69409.6,453753
69401,453753
69379.6,453753
69406.9,453753
69413.4,453753
69397.7,453753
69410.8,453753
69409.6,453753
69410.3,453753
69408.1,453753
69412.2,453753
69416.9,453753
69413.6,453753
69407.1,453753
69416.7,453753
69410.3,453753
69404.8,453753
69404.4,453753
69414,453753
69407.8,453753
69405.9,453753
69414,453753
69412.2,453753
69412.3,453753
69412.4,453753
69411,453753
69410.7,453753
69416.2,453753
69416.2,453753
69407.9,453753
69400.2,453753
69420.6,453753
69415.9,453753
69414.5,453753
69418.4,453753
69413.5,453753
69407.7,453753
69418,453753
69408.5,453753
69410.8,453753
69415.9,453753
69415.7,453753
69417.1,453753
69414.5,453753
69411.8,453753
69415.3,453753
69412.9,453753
69414.7,453753
69410.4,453753
69404.9,453753
69400.3,453753
69408.1,453753
69408.8,453753
69402.2,453753
69410,453753
69417.4,453753
69411,453753
69410.6,453753
69413.6,453753
69404,453753
69408.3,453753
69415.6,453753
69414.7,453753
69408.6,453753
69414.8,453753
69413.7,453753
69419.4,453753
69419.4,453753
69416.9,453753
69413.6,453753
69415.8,453753
69414.6,453753
69415.1,453753
69417.4,453753
69415.5,453753
69411.8,453753
69416.4,453753
69415.6,453753
69412.2,453753
69405.8,453753
69407.1,453753
69407.5,453753
69410.1,453753
69410.5,453753
69397.7,453753
69415.7,453753
69412.3,453753
69409,453753
69410.4,453753
69408.5,453753
69410,453753
69413,453753
69410.3,453753
69411.9,453753
69416,453753
69414,453753
69414.5,453753
69414.6,453753
69409.4,453753
69417.1,453753
69418.6,453753
69417.1,453753
69416,453753
69409.6,453753
69413.4,453753
69419.6,453753
69415.9,453753
69414.4,453753
69417.5,453753
69418.2,453753
69415.3,453753
69405,453753
69414.5,453753
69404.7,453753
69414,453753
69413.4,453753
69414.7,453753
69412.9,453753
69408.2,453753
69412.6,453753
69415.3,453753
69395.6,453753
69407.4,453753
69407.7,453753
69413.4,453753
69394.1,453753
69414.8,453753
69412.5,453753
69419.1,453753
69418.2,453753
69417.6,453753
69418.6,453753
69415,453753
69416.4,453753
69416.7,453753
69411.5,453753
69407,453753
69419.9,453753
69414.6,453753
69415.7,453753
69412,453753
69416.8,453753
69415.3,453753
69414.9,453753
69412.8,453753
69415.4,453753
69417.8,453753
69406.4,453753
69405.6,453753
69416.9,453753
69413.4,453753
69415.6,453753
69412,453753
69409.8,453753
69412.5,453753
69414.5,453753
69396.3,453753
69401,453753
69409.3,453753
69410.4,453753
69414.1,453753
69416.6,453753
69413.1,453753
69415.4,453753
69414.1,453753
69417.9,453753
69417.3,453753
69409.2,453753
69405.4,453753
69414.9,453753
69416.2,453753
69414.8,453753
69407.3,453753
69418.9,453753
69416.3,453753
69418.2,453753
69416.8,453753
69408.9,453753
69404.7,453753
69405,453753
69416.6,453753
69413.3,453753
69411.9,453753
69399.2,453753
69395.5,453753
69383.8,453753
69416.8,453753
69411.2,453753
69419,453753
69409.1,453753
69412.4,453753
69412.2,453753
69416.4,453753
69414.1,453753
69418.8,453753
69415.2,453753
69418.7,453753
69414.4,453753
69416.1,453753
69409.1,453753
69413.5,453753
69418,453753
69419.8,453753
69420.6,453753
69415.5,453753
69415.3,453753
69414.1,453753
69412.4,453753
69413.4,453753
69411.1,453753
69410.8,453753
69414.2,453753
69409,453753
69410.7,453753
69406.2,453753
69404.1,453753
69409.7,453753
69411.4,453753
69403.8,453753
69412.4,453753
69416.3,453753
69418.6,453753
69413.6,453753
69413.6,453753
69415.7,453753
69415.8,453753
69419,453753
69417.4,453753
69418.3,453753
69415.4,453753
69414.2,453753
69415.7,453753
69416.2,453753
69415.8,453753
69415.6,453753
69407.1,453753
69384.4,453753
69410.7,453753
69408.4,453753
69410.9,453753
69401.4,453753
69391.4,453753
69408.7,453753
69416.4,453753
69414,453753
69398.6,453753
69404.8,453753
69407.2,453753
69387.5,453753
69407.8,453753
69414.7,453753
69415.8,453753
69413.1,453753
69420.9,453753
69385.1,453753
69398.7,453753
69406.5,453753
69411.9,453753
69417.2,453753
69412.9,453753
69418.1,453753
69417.5,453753
69415.8,453753
69414.3,453753
69415.8,453753
69416.7,453753
69412.6,453753
69411.4,453753
69408.3,453753
69399,453753
69398.8,453753
69410.5,453753
69415.6,453753
69413.8,453753
69407.4,453753
69413.8,453753
69418.5,453753
69414.4,453753
69417.5,453753
69421,453753
69417.8,453753
69417.7,453753
69414.6,453753
69411,453753
69415.4,453753
69416.4,453753
69416.2,453753
69414.4,453753
69417.2,453753
69413.9,453753
69412.9,453753
69412.2,453753
69413.4,453753
69412.3,453753
69415,453753
69417.5,453753
69416.5,453753
69412.9,453753
69405.9,453753
69417.1,453753
69415.5,453753
69417.1,453753
69415.7,453753
69411.5,453753
69397.6,453753
69413,453753
69416.6,453753
69412.1,453753
69397.1,453753
69405.4,453753
69418.3,453753
69416,453753
69415.9,453753
69417.3,453546
