TRACE,NSNPS_JACKKNIFE
69056.1,453753
69059.4,453753
69052.6,453753
69054.1,453753
69049.6,453753
69053.2,453753
69053.2,453753
69051.9,453753
69054.7,453753
69049.3,453753
69054.5,453753
69045.2,453753
69057.8,453753
69058.1,453753
69056.7,453753
69054.8,453753
69048.9,453753
69043.9,453753
69043.1,453753
69049.7,453753
69058,453753
69056.8,453753
69052.6,453753
69055.1,453753
69055.5,453753
69055.8,453753
69047.6,453753
69048.6,453753
69054.4,453753
69053.5,453753
69053.7,453753
69054.1,453753
69051.5,453753
69050.2,453753
69053.3,453753
69054,453753
69051.4,453753
69050.1,453753
69052.3,453753
69052.9,453753
69057.4,453753
69053.5,453753
69052.5,453753
69042.6,453753
69047.1,453753
69050,453753
69052.7,453753
69052.4,453753
69054.9,453753
69055.4,453753
69055.3,453753
69045.7,453753
69046.9,453753
69047.1,453753
69046.6,453753
69054.4,453753
69053.1,453753
69039.3,453753
69050.2,453753
69048.8,453753
69055.6,453753
69056.9,453753
69058.3,453753
69050.4,453753
69049.7,453753
69053.1,453753
69055.1,453753
69049.6,453753
69051.1,453753
69048.8,453753
69039.6,453753
69055.8,453753
69055.4,453753
69057.6,453753
69055.3,453753
69057.5,453753
69058.7,453753
69055.6,453753
69059.6,453753
69053.7,453753
69045.7,453753
69053.4,453753
69058.5,453753
69061.2,453753
69057.7,453753
69055.1,453753
69057.8,453753
69060.3,453753
69054.2,453753
69056.1,453753
69048.9,453753
69045.9,453753
69054.2,453753
69022.4,453753
69055.6,453753
69052.5,453753
69049.8,453753
69054.3,453753
69055.7,453753
69059.5,453753
69048.7,453753
69054.4,453753
69046.9,453753
69048.4,453753
69045.4,453753
69051.9,453753
69055.5,453753
69054.9,453753
69054.7,453753
69054.2,453753
69054.8,453753
69054.7,453753
69050,453753
69044.2,453753
69050.1,453753
69050.1,453753
69053.7,453753
69051.7,453753
69047,453753
69044.9,453753
69052,453753
69056.8,453753
69053.6,453753
69054,453753
69054.1,453753
69050.7,453753
69049.1,453753
69052.6,453753
69048.4,453753
69052.7,453753
69048.3,453753
69051.5,453753
69052,453753
69056.7,453753
69049.5,453753
69053.8,453753
69055.4,453753
69053.9,453753
69052.6,453753
69054.4,453753
69042.1,453753
69038.3,453753
69051.5,453753
69047.2,453753
69046.8,453753
69042.8,453753
69049.7,453753
69050.8,453753
69054.4,453753
69055.7,453753
69055.5,453753
69057.7,453753
69055.6,453753
69050.7,453753
69054.8,453753
69054.8,453753
69056,453753
69056,453753
69056.2,453753
69054.4,453753
69047.4,453753
69051.4,453753
69056.7,453753
69060.5,453753
69058.1,453753
69056.6,453753
69055,453753
69056.5,453753
69056.5,453753
69052.8,453753
69051.4,453753
69052,453753
69054.6,453753
69051.5,453753
69056.3,453753
69053.3,453753
69055.1,453753
69051.9,453753
69051.8,453753
69052.1,453753
69049,453753
69009.2,453753
69013,453753
69052.3,453753
69049.7,453753
69059.6,453753
69056.3,453753
69056.4,453753
69054.3,453753
69052.4,453753
69056.8,453753
69056.1,453753
69042.3,453753
69036.5,453753
69036.7,453753
69032.6,453753
69040.4,453753
69049,453753
69053.7,453753
69050.2,453753
69050.2,453753
69052.7,453753
69053.8,453753
69042.2,453753
69051.6,453753
69054.6,453753
69051.3,453753
69054.3,453753
69047.3,453753
69050.2,453753
69052.3,453753
69052.5,453753
69055.6,453753
69056.4,453753
69048.4,453753
69049.4,453753
69037.3,453753
69042.3,453753
69041.9,453753
69040,453753
69059.1,453753
69057.1,453753
69052.6,453753
69055,453753
69047.4,453753
69053.6,453753
69058.3,453753
69053.8,453753
69056.1,453753
69057.4,453753
69053.2,453753
69043.7,453753
69047.6,453753
69061.2,453753
69058.8,453753
69058.4,453753
69050.5,453753
69054.9,453753
69048.9,453753
69056.9,453753
69049.5,453753
69056.7,453753
69057.2,453753
69051.3,453753
69055.7,453753
69054.2,453753
69053.4,453753
69053.7,453753
69053.9,453753
69046.8,453753
69042.5,453753
69054.5,453753
69051.4,453753
69049.5,453753
69049.8,453753
69051.6,453753
69052.1,453753
69053.1,453753
69045.2,453753
69051.3,453753
69058.7,453753
69050.4,453753
69037,453753
69050.2,453753
69050.4,453753
69049.3,453753
69051.1,453753
69029.6,453753
69055.9,453753
69053.4,453753
69051.1,453753
69040.5,453753
69047.6,453753
69049.2,453753
69049.1,453753
69048.5,453753
69057,453753
69055.5,453753
69049.7,453753
69040.8,453753
69051.9,453753
69049.9,453753
69054.9,453753
69055,453753
69051.9,453753
69052.3,453753
69060.4,453753
69051.1,453753
69055,453753
69056.7,453753
69057.8,453753
69054.2,453753
69055.8,453753
69054.4,453753
69058.8,453753
69055.9,453753
69051.1,453753
69054.9,453753
69059.3,453753
69053.5,453753
69057.3,453753
69055,453753
69061.3,453753
69053.6,453753
69055.3,453753
69057.4,453753
69054.5,453753
69054.1,453753
69053.2,453753
69055.3,453753
69058.8,453753
69055.6,453753
69042.7,453753
69033.3,453753
69033,453753
69048.6,453753
69056.2,453753
69050.7,453753
69048.4,453753
69049.2,453753
69053.6,453753
69055,453753
69052.7,453753
69053.7,453753
69050.5,453753
69049.9,453753
69047.1,453753
69051.7,453753
69051.3,453753
69048.4,453753
69039.4,453753
69052.9,453753
69053.2,453753
69054.1,453753
69051.1,453753
69055.6,453753
69051.8,453753
69050.8,453753
69059.5,453753
69048.1,453753
69041.8,453753
69053,453753
69035.8,453753
69038.9,453753
69052.5,453753
69049.3,453753
69052.2,453753
69048.6,453753
69051.7,453753
69020,453753
69052.6,453753
69054.7,453753
69052,453753
69058.1,453753
69060.3,453753
69058.2,453753
69058.5,453753
69058.8,453753
69054.6,453753
69052.4,453753
69058,453753
69057.5,453753
69054.8,453753
69055.8,453753
69050.3,453753
69057.2,453753
69054.6,453753
69052.7,453753
69050.9,453753
69054.5,453753
69054.5,453753
69052.6,453753
69049.8,453753
69055.8,453753
69051.2,453753
69054.2,453753
69045.8,453753
69036,453753
69048.4,453753
69045.3,453753
69016.3,453753
69036.8,453753
69045.5,453753
69052.7,453753
69048.4,453753
69042.4,453753
69042.3,453753
69042.3,453753
69050,453753
69051.8,453753
69052.5,453753
69048.7,453753
69049.8,453753
69054.6,453753
69050.6,453753
69050.2,453753
69048.4,453753
69036.8,453753
69045.5,453753
69054.7,453753
69055.3,453753
69053.6,453753
69053.4,453753
69053.8,453753
69056.5,453753
69025.9,453753
69050.7,453753
69049.4,453753
69052.1,453753
69052.1,453753
69054.7,453753
69056.1,453753
69054.9,453753
69057.3,453753
69057.4,453753
69055.9,453753
69056.6,453753
69054.1,453753
69047.5,453753
69050.7,453753
69052.8,453753
69053.4,453753
69053.6,453753
69050,453753
69053.1,453753
69055.3,453753
69055.4,453753
69054.3,453753
69047.4,453753
69053.8,453753
69050.4,453753
69054.6,453753
69041.3,453753
69053.6,453753
69053.4,453753
69052.5,453753
69056.9,453753
69056.7,453753
69052.4,453753
69051,453753
69049.8,453753
69044.5,453753
69013.2,453753
69049.1,453753
69053.3,453753
69054.7,453753
69055.7,453753
69058.6,453753
69048.2,453753
69047.5,453753
69049,453753
69056.4,453753
69046.6,453753
69051.2,453753
69057.3,453753
69053,453753
69054.5,453753
69052.1,453753
69046.5,453753
69044.5,453753
69044.9,453753
69051.9,453753
69059.4,453753
69052.6,453753
69057.9,453753
69055.6,453753
69053.3,453753
69052.2,453753
69055.8,453753
69051.6,453753
69058.4,453753
69056.9,453753
69055.4,453753
69050.1,453753
69043.9,453753
69049.8,453753
69051.5,453753
69056.2,453753
69054.4,453753
69035.4,453753
68983.1,453753
69003.2,453753
69051.6,453753
69051.6,453753
69055.3,453753
69051,453753
69052.5,453753
69044.7,453753
69054.3,453753
69056.5,453753
69053.6,453753
69050.7,453753
69052.5,453753
69053.6,453753
69032.6,453753
69048.1,453753
69052.9,453753
69051.9,453753
69054.6,453753
69049.9,453753
69050.5,453753
69057.1,453753
69057.5,453753
69053.9,453753
69050.1,453753
69053.4,453753
69046.8,453753
69049.8,453753
69051.4,453753
69058.1,453753
69053,453753
69053.9,453753
69048.3,453753
69038.5,453753
69045.4,453753
69054.5,453753
69058.3,453753
69054.8,453753
69057.2,453753
69059.6,453753
69052.9,453753
69055.9,453753
69054.3,453753
69054.6,453753
69057.6,453753
69054,453753
69058,453753
69053.2,453753
69057.5,453753
69059.3,453753
69053.9,453753
69055.7,453753
69058.3,453753
69057.7,453753
69053.9,453753
69048.8,453753
69053.8,453753
69050.4,453753
69057.6,453753
69050.5,453753
69050.6,453753
69043.3,453753
69036.7,453753
69053.9,453753
69049.9,453753
69051.7,453753
69057.7,453753
69053,453753
69052.7,453753
69054.4,453753
69055.3,453753
69056,453753
69054.8,453753
69045.7,453753
69043,453753
69052,453753
69051.2,453753
69052.9,453753
69056.8,453753
69049.9,453753
69048,453753
69052.4,453753
69053.4,453753
69055.1,453753
69053.3,453753
69050.4,453753
69053.8,453753
69056.7,453753
69059,453753
69056.6,453753
69060.9,453753
69049.5,453753
69054.8,453753
69057.1,453753
69055.1,453753
69054.3,453753
69053.9,453753
69057.4,453753
69057.6,453753
69050.3,453753
69054.9,453753
69057.2,453753
69050.7,453753
69049.8,453753
69054.7,453753
69055.4,453753
69054.7,453753
69050.9,453753
69044.5,453753
69032.5,453753
69046.2,453753
69052,453753
69056.7,453753
69048.8,453753
69050.8,453753
69051.1,453753
69050.5,453753
69051.1,453753
69056.6,453753
69052.4,453753
69004.4,453753
69057.1,453753
69059.8,453753
69051.4,453753
69054.5,453753
69049.2,453753
69051.8,453753
69051.7,453753
69048.7,453753
69041.3,453753
69054.4,453753
69053.9,453753
69056.2,453753
69054.3,453753
69057.3,453753
69056.3,453753
69056,453753
69053.6,453753
69055.4,453753
69055,453753
69060,453753
69052.9,453753
69050.6,453753
69030.5,453753
69056.4,453753
69044.1,453753
69035.4,453753
69046.5,453753
69045.4,453753
69057.3,453753
69048.1,453753
69052.7,453753
69057.3,453753
69056.7,453753
69055.3,453753
69048.4,453753
69051.4,453753
69052.3,453753
69058.6,453753
69056.5,453753
69052.1,453753
69052,453753
68937.8,453753
68757.2,453753
68993.2,453753
69049.8,453753
69047,453753
69045.1,453753
69056.6,453753
69046.4,453753
69056,453753
69055.5,453753
69050.3,453753
69026.4,453753
69041.7,453753
69045.3,453753
69052.9,453753
69057.9,453753
69051.8,453753
69048.9,453753
69044.6,453753
69049.6,453753
69051.5,453753
69054.7,453753
69055.3,453753
69055.4,453753
69059.1,453753
69055.8,453753
69048.4,453753
69057.5,453753
69056.5,453753
69059.3,453753
69062,453753
69056.8,453753
69050.9,453753
69055.1,453753
69058.2,453753
69057.2,453753
69052.8,453753
69056,453753
69059.5,453753
69053.1,453753
69055.4,453753
69054.8,453753
69057,453753
69052.1,453753
69054.6,453753
69039,453753
69013.1,453753
69046.8,453753
69051,453753
69043.7,453753
69048.5,453753
69047.5,453753
69045.1,453753
69044.9,453753
69051.6,453753
69057.4,453753
69057.1,453753
69050.4,453753
69056.2,453753
69051.5,453753
69039.3,453753
69042.7,453753
69055.4,453753
69049.1,453753
69051.1,453753
69052.2,453753
69056.1,453753
69056,453753
69055.1,453753
69049.5,453753
69053.2,453753
69054.4,453753
69058.5,453753
69049,453753
69042.8,453753
69056.5,453753
69056.4,453753
69057.9,453753
69059.9,453753
69052.9,453753
69046.2,453753
69058.1,453753
69053,453753
69051.2,453753
69055.5,453753
69057.2,453753
69055,453753
69056.5,453753
69056.7,453753
69054.1,453753
69055.1,453753
69058.8,453753
69049.8,453753
69050.9,453753
69044.8,453753
69049.9,453753
69051,453753
69049,453753
69050.5,453753
69054.2,453753
69052.2,453753
69051.5,453753
69049,453753
69044.9,453753
69048.9,453753
69053.9,453753
69052.7,453753
69052.2,453753
69052.3,453753
69052.3,453753
69058.7,453753
69057.8,453753
69062.4,453753
69054.3,453753
69054.5,453753
69052.1,453753
69055.9,453753
69057.4,453753
69056.1,453753
69055.8,453753
69055.9,453753
69058.6,453753
69053.9,453753
69050,453753
69047.6,453753
69050.9,453753
69051.7,453753
69052.4,453753
69033,453753
69054.3,453753
69051.5,453753
69047.3,453753
69051,453753
69053.1,453753
69052.1,453753
69052.2,453753
69045.9,453753
69054.1,453753
69051.6,453753
69053.1,453753
69056.2,453753
69054.2,453753
69052.2,453753
69058.4,453753
69058.4,453753
69058,453753
69055,453753
69051.7,453753
69054.3,453753
69059.8,453753
69057.3,453753
69053.6,453753
69057.2,453753
69055,453753
69054.8,453753
69042.1,453753
69053.3,453753
69048.1,453753
69055.2,453753
69053.2,453753
69057.1,453753
69055.9,453753
69049.2,453753
69055.3,453753
69058.1,453753
69027.4,453753
69044,453753
69050,453753
69056.9,453753
69038.2,453753
69053.8,453753
69054.6,453753
69058.1,453753
69059.2,453753
69057.3,453753
69059.7,453753
69060.4,453753
69058.5,453753
69060.1,453753
69051.3,453753
69049,453753
69060.1,453753
69055.3,453753
69053.1,453753
69056.6,453753
69056.5,453753
69056.4,453753
69056.5,453753
69051.5,453753
69052.7,453753
69058,453753
69045.3,453753
69044.5,453753
69055,453753
69054.4,453753
69058.1,453753
69054.2,453753
69053.2,453753
69053.8,453753
69052,453753
69034.9,453753
69036.8,453753
69047.7,453753
69051.5,453753
69056.2,453753
69056.6,453753
69054.5,453753
69056.2,453753
69056.3,453753
69055.4,453753
69056.2,453753
69049.2,453753
69046,453753
69058.2,453753
69055.2,453753
69051.3,453753
69052.2,453753
69057.5,453753
69058.8,453753
69059,453753
69054.7,453753
69048.5,453753
69049.3,453753
69044.4,453753
69058.4,453753
69055,453753
69047.2,453753
69037.6,453753
69039.2,453753
69029.8,453753
69055.6,453753
69052.8,453753
69057.7,453753
69042.2,453753
69054.7,453753
69054.5,453753
69055.4,453753
69059.4,453753
69056.6,453753
69057.2,453753
69058.1,453753
69053.3,453753
69054.1,453753
69052.7,453753
69053.3,453753
69059.1,453753
69060.2,453753
69061.2,453753
69057.7,453753
69057.5,453753
69056.7,453753
69053.8,453753
69052.8,453753
69054.7,453753
69052.2,453753
69054.3,453753
69049.4,453753
69052.9,453753
69048.7,453753
69051.2,453753
69052.1,453753
69050.8,453753
69043.5,453753
69055.5,453753
69058.4,453753
69055.8,453753
69053.5,453753
69053.5,453753
69057.5,453753
69052.8,453753
69057.8,453753
69056,453753
69058,453753
69057,453753
69055,453753
69059.7,453753
69058.7,453753
69055.9,453753
69053.6,453753
69051,453753
69029.2,453753
69052.6,453753
69051.7,453753
69056.7,453753
69047.7,453753
69027.5,453753
69049.9,453753
69052.7,453753
69052.8,453753
69046.3,453753
69048.4,453753
69048.6,453753
69030.2,453753
69054.4,453753
69056.1,453753
69055.6,453753
69053,453753
69056.2,453753
69024,453753
69043.2,453753
69054.3,453753
69053.5,453753
69060,453753
69050.2,453753
69059.6,453753
69057.5,453753
69056.1,453753
69058.9,453753
69051,453753
69053.9,453753
69053,453753
69052.4,453753
69051.4,453753
69041.4,453753
69035.4,453753
69053,453753
69057.2,453753
69055.8,453753
69052.1,453753
69053.7,453753
69055.5,453753
69056.6,453753
69057.6,453753
69057.3,453753
69058.9,453753
69058.3,453753
69051.8,453753
69050.2,453753
69060,453753
69059.7,453753
69056.6,453753
69055.3,453753
69055.9,453753
69056.1,453753
69052.9,453753
69055.1,453753
69052.3,453753
69053.7,453753
69058.6,453753
69058,453753
69055.1,453753
69056.5,453753
69047.4,453753
69052.6,453753
69056.1,453753
69055.9,453753
69058.8,453753
69055.2,453753
69039.4,453753
69052.6,453753
69055.6,453753
69055,453753
69042.1,453753
69045.3,453753
69058.3,453753
69055.4,453753
69057.4,453753
69060.2,453546
