TRACE,NSNPS_JACKKNIFE
69338.6,453753
69339.1,453753
69334.1,453753
69333.3,453753
69329.1,453753
69334.6,453753
69325.9,453753
69330.8,453753
69332.6,453753
69325.5,453753
69334.2,453753
69325.6,453753
69334,453753
69331.5,453753
69334.6,453753
69329.5,453753
69328.1,453753
69313.8,453753
69318.2,453753
69324.5,453753
69333.8,453753
69333.1,453753
69333,453753
69334,453753
69333.2,453753
69331.3,453753
69324.5,453753
69323.7,453753
69326.8,453753
69331.3,453753
69332,453753
69329.9,453753
69332.9,453753
69328.4,453753
69335.3,453753
69332.9,453753
69328.2,453753
69325.2,453753
69331.2,453753
69336.3,453753
69333.2,453753
69335.9,453753
69326.6,453753
69317.6,453753
69319.9,453753
69327.7,453753
69332.2,453753
69335,453753
69334.2,453753
69335.4,453753
69333,453753
69325,453753
69322.8,453753
69324.9,453753
69326.5,453753
69332.3,453753
69328.6,453753
69328.4,453753
69329,453753
69320,453753
69332.1,453753
69334,453753
69332.2,453753
69329.4,453753
69326.4,453753
69334.8,453753
69333.4,453753
69333.2,453753
69326.5,453753
69325.3,453753
69312.5,453753
69334.5,453753
69331.9,453753
69335.7,453753
69334.3,453753
69334.4,453753
69336.9,453753
69329,453753
69337.4,453753
69333.1,453753
69328.5,453753
69329.8,453753
69333.3,453753
69335.7,453753
69335.9,453753
69336.1,453753
69335.1,453753
69334.9,453753
69333.5,453753
69328.9,453753
69323.2,453753
69322,453753
69331.7,453753
69298.5,453753
69331.3,453753
69323.8,453753
69332.4,453753
69333.1,453753
69332.2,453753
69334.7,453753
69324.8,453753
69327.1,453753
69326.3,453753
69324.6,453753
69324.5,453753
69324.6,453753
69333.5,453753
69331.9,453753
69330.6,453753
69334,453753
69335.8,453753
69330.4,453753
69328.4,453753
69323.8,453753
69322.7,453753
69327.6,453753
69329.2,453753
69330.9,453753
69329.5,453753
69324.1,453753
69327.3,453753
69336.9,453753
69327.2,453753
69331.3,453753
69332.5,453753
69330.2,453753
69325.9,453753
69333.8,453753
69323.6,453753
69331.7,453753
69327.5,453753
69331.1,453753
69328.6,453753
69332.8,453753
69321.7,453753
69329.3,453753
69330.3,453753
69335.2,453753
69324.1,453753
69330.3,453753
69318.2,453753
69314.7,453753
69329.7,453753
69324.2,453753
69326.7,453753
69323.4,453753
69328.1,453753
69331.4,453753
69330.5,453753
69332.7,453753
69334,453753
69332.2,453753
69329.8,453753
69333.8,453753
69333.7,453753
69331.9,453753
69334.6,453753
69334.5,453753
69334.7,453753
69330.8,453753
69332.5,453753
69328.4,453753
69331.1,453753
69338.6,453753
69335.4,453753
69335.3,453753
69333.4,453753
69331.1,453753
69334.3,453753
69332.9,453753
69326.9,453753
69330.7,453753
69329.5,453753
69327.7,453753
69334.7,453753
69332.5,453753
69330.5,453753
69328.8,453753
69329.4,453753
69327.2,453753
69327.8,453753
69291.3,453753
69294.7,453753
69333.2,453753
69328,453753
69335.4,453753
69335.7,453753
69337.2,453753
69334.7,453753
69330.6,453753
69336.6,453753
69334.4,453753
69323.9,453753
69309.4,453753
69311.8,453753
69306.4,453753
69310.4,453753
69322.1,453753
69333.9,453753
69329.4,453753
69328.5,453753
69332.1,453753
69328.6,453753
69320.7,453753
69329.1,453753
69328.4,453753
69329.8,453753
69333.6,453753
69329.6,453753
69319.9,453753
69329.4,453753
69334.5,453753
69331.6,453753
69334.7,453753
69329.9,453753
69327.5,453753
69319.9,453753
69321,453753
69324,453753
69319,453753
69337.3,453753
69337.6,453753
69330.3,453753
69334.6,453753
69327,453753
69334,453753
69336.6,453753
69336.4,453753
69337,453753
69335.2,453753
69328.5,453753
69320.5,453753
69323.9,453753
69337.9,453753
69335.8,453753
69336.9,453753
69330.1,453753
69331,453753
69326.8,453753
69331.2,453753
69329.3,453753
69334,453753
69335.8,453753
69332.5,453753
69332.9,453753
69326.7,453753
69331.6,453753
69332.3,453753
69331.3,453753
69325,453753
69326.4,453753
69333.6,453753
69334,453753
69329.2,453753
69330.9,453753
69327.3,453753
69329,453753
69330.7,453753
69321.6,453753
69330.6,453753
69333.5,453753
69330.4,453753
69304.8,453753
69326.1,453753
69332.1,453753
69328.3,453753
69325.2,453753
69313.2,453753
69330,453753
69331.7,453753
69328.6,453753
69314.9,453753
69327.5,453753
69326.1,453753
69326.9,453753
69323.4,453753
69334.7,453753
69331.7,453753
69329.6,453753
69318.7,453753
69330.4,453753
69324.4,453753
69334.6,453753
69330,453753
69324.4,453753
69332.5,453753
69332.5,453753
69328.9,453753
69330,453753
69336.4,453753
69334.1,453753
69334.3,453753
69335,453753
69333.3,453753
69333.3,453753
69334.3,453753
69330.7,453753
69333.7,453753
69338,453753
69333.9,453753
69338,453753
69332.1,453753
69337.4,453753
69333.7,453753
69335.2,453753
69336.8,453753
69332.3,453753
69335.7,453753
69328.3,453753
69333.7,453753
69335.4,453753
69329.5,453753
69322.6,453753
69307.9,453753
69307.7,453753
69327.7,453753
69333.5,453753
69325.6,453753
69326.1,453753
69328.6,453753
69330.6,453753
69334.4,453753
69331.1,453753
69333.2,453753
69326.4,453753
69322.5,453753
69324.6,453753
69331.2,453753
69327.2,453753
69326,453753
69305.9,453753
69327.2,453753
69333.8,453753
69334.6,453753
69328.9,453753
69331.7,453753
69325.9,453753
69331.2,453753
69333.1,453753
69323.7,453753
69318.7,453753
69329.6,453753
69310.4,453753
69309.2,453753
69329.4,453753
69324.9,453753
69331.9,453753
69326,453753
69329.1,453753
69289.9,453753
69333.6,453753
69331.3,453753
69333.8,453753
69338.2,453753
69337.5,453753
69334.8,453753
69338.6,453753
69336.2,453753
69334.9,453753
69331.3,453753
69336,453753
69337.1,453753
69333.3,453753
69336.1,453753
69329.4,453753
69332.6,453753
69331.4,453753
69334.5,453753
69334.3,453753
69332.1,453753
69333,453753
69330.9,453753
69331.5,453753
69333.6,453753
69332.7,453753
69331.5,453753
69326.9,453753
69311.3,453753
69324.4,453753
69324.6,453753
69299.9,453753
69315.5,453753
69326.3,453753
69330.4,453753
69325.9,453753
69321.1,453753
69318.5,453753
69313.6,453753
69326.9,453753
69332.8,453753
69333.3,453753
69327,453753
69325,453753
69330.3,453753
69328.6,453753
69325.3,453753
69326.9,453753
69318.1,453753
69322.5,453753
69333.5,453753
69332.8,453753
69331.5,453753
69333.4,453753
69330.7,453753
69338.2,453753
69307.6,453753
69326.5,453753
69331.2,453753
69327.1,453753
69332.1,453753
69332.2,453753
69333.7,453753
69332.6,453753
69336,453753
69335.1,453753
69336.7,453753
69336.5,453753
69331.2,453753
69325.9,453753
69324.9,453753
69330.1,453753
69333.9,453753
69335.9,453753
69330.3,453753
69332.3,453753
69333,453753
69335.1,453753
69335.1,453753
69325.3,453753
69327.2,453753
69329.7,453753
69337.6,453753
69312,453753
69333.4,453753
69330.6,453753
69332.8,453753
69331,453753
69328.6,453753
69330.2,453753
69330.1,453753
69325.7,453753
69321.7,453753
69282.9,453753
69327.5,453753
69327.3,453753
69331.2,453753
69333.2,453753
69333.6,453753
69326.1,453753
69325.2,453753
69330.3,453753
69332.1,453753
69323.5,453753
69320.4,453753
69332.9,453753
69330,453753
69331.1,453753
69333,453753
69326.2,453753
69325.6,453753
69321.6,453753
69330.1,453753
69337.6,453753
69330.4,453753
69337.5,453753
69333.2,453753
69327.5,453753
69330.6,453753
69334.8,453753
69328.7,453753
69336.3,453753
69338.7,453753
69333.4,453753
69328,453753
69322,453753
69330.1,453753
69330.5,453753
69332.5,453753
69333.7,453753
69319.9,453753
69285,453753
69296,453753
69332.9,453753
69328.8,453753
69334.4,453753
69329.7,453753
69330.3,453753
69323.1,453753
69333.3,453753
69334,453753
69332.2,453753
69324.5,453753
69330.4,453753
69334.6,453753
69312.2,453753
69328,453753
69327.7,453753
69329.5,453753
69334.2,453753
69325.9,453753
69329,453753
69335.8,453753
69333.3,453753
69331.8,453753
69326.5,453753
69329.3,453753
69323.9,453753
69330.2,453753
69330.7,453753
69337.3,453753
69329.5,453753
69330.9,453753
69330.5,453753
69320.8,453753
69319.9,453753
69332.2,453753
69333.7,453753
69336.9,453753
69336.3,453753
69334.6,453753
69329.8,453753
69333,453753
69332.5,453753
69332.3,453753
69334.9,453753
69333.3,453753
69331.6,453753
69329.6,453753
69335.4,453753
69337.9,453753
69333.3,453753
69334.1,453753
69335.1,453753
69333.6,453753
69332,453753
69326.3,453753
69334.4,453753
69327.3,453753
69336.3,453753
69322,453753
69330.7,453753
69316.1,453753
69316.2,453753
69334.2,453753
69329.1,453753
69327.8,453753
69335.9,453753
69333.8,453753
69330.2,453753
69335.3,453753
69334.6,453753
69336.3,453753
69334.8,453753
69324.7,453753
69317.8,453753
69331.2,453753
69327.7,453753
69329.3,453753
69332.7,453753
69329.8,453753
69324.2,453753
69331.9,453753
69330.8,453753
69333.6,453753
69332.3,453753
69327.9,453753
69333.1,453753
69332,453753
69336.7,453753
69334.2,453753
69337.5,453753
69328.4,453753
69330.8,453753
69334.8,453753
69336.4,453753
69334.2,453753
69333.9,453753
69332.9,453753
69333.4,453753
69333.2,453753
69328.7,453753
69333.2,453753
69327.8,453753
69328,453753
69330.5,453753
69328.8,453753
69334.2,453753
69327.9,453753
69318.1,453753
69309.4,453753
69330.1,453753
69330.7,453753
69336,453753
69322,453753
69331,453753
69327.3,453753
69330.2,453753
69331.1,453753
69328.4,453753
69330,453753
69274.4,453753
69335.7,453753
69333.8,453753
69330.3,453753
69335.8,453753
69325.9,453753
69325.8,453753
69332.1,453753
69326.4,453753
69317.4,453753
69329.7,453753
69334.5,453753
69336.3,453753
69335.1,453753
69335.7,453753
69334,453753
69331.7,453753
69329.6,453753
69332.4,453753
69333.6,453753
69338.9,453753
69330.3,453753
69327.1,453753
69311.6,453753
69335,453753
69319.6,453753
69316,453753
69329.3,453753
69327.5,453753
69334,453753
69331.6,453753
69331.4,453753
69335.2,453753
69334.9,453753
69334.3,453753
69328.6,453753
69327.6,453753
69332.3,453753
69334.1,453753
69328.5,453753
69329.2,453753
69331.6,453753
69220.7,453753
69063,453753
69274.1,453753
69323.3,453753
69325.9,453753
69321.9,453753
69334.8,453753
69329.5,453753
69331.5,453753
69333.9,453753
69329.6,453753
69303.2,453753
69324.3,453753
69324.8,453753
69329.7,453753
69335.7,453753
69327.4,453753
69328.6,453753
69323.7,453753
69326,453753
69330.5,453753
69334.2,453753
69333.3,453753
69335.1,453753
69338.8,453753
69333.8,453753
69327.7,453753
69335.1,453753
69336.8,453753
69333,453753
69336.2,453753
69330.6,453753
69331.4,453753
69334.7,453753
69337.9,453753
69335.1,453753
69328.9,453753
69334.2,453753
69334.1,453753
69332.1,453753
69331.4,453753
69329.4,453753
69333.4,453753
69331.5,453753
69333.5,453753
69321.5,453753
69298.4,453753
69328.1,453753
69328.6,453753
69322.6,453753
69329.1,453753
69325.2,453753
69326.2,453753
69325,453753
69329.7,453753
69336.7,453753
69331.5,453753
69327,453753
69335.6,453753
69331.1,453753
69319.9,453753
69321.9,453753
69332.8,453753
69330,453753
69320.6,453753
69332,453753
69330.3,453753
69331.6,453753
69333.9,453753
69325.4,453753
69330.4,453753
69335.2,453753
69334.3,453753
69328,453753
69321.7,453753
69338.2,453753
69337.1,453753
69338.4,453753
69336.8,453753
69330.9,453753
69325.4,453753
69337.2,453753
69331.4,453753
69331.5,453753
69333.9,453753
69338,453753
69334.5,453753
69333.7,453753
69332.5,453753
69331.1,453753
69332.8,453753
69333.5,453753
69329.7,453753
69326.2,453753
69321.8,453753
69329.1,453753
69327.5,453753
69328.6,453753
69332.5,453753
69332.9,453753
69332.1,453753
69330.7,453753
69330.6,453753
69321.6,453753
69329.3,453753
69333,453753
69325.9,453753
69334.9,453753
69332.1,453753
69333,453753
69335.8,453753
69335.4,453753
69333.6,453753
69331,453753
69335.5,453753
69330.9,453753
69335.8,453753
69333.7,453753
69336.9,453753
69331.3,453753
69337.8,453753
69337.9,453753
69329.3,453753
69328.5,453753
69326.8,453753
69324.7,453753
69331,453753
69331.5,453753
69319.7,453753
69334.5,453753
69332.1,453753
69329.6,453753
69326.5,453753
69329.3,453753
69328,453753
69333.4,453753
69327.3,453753
69329.1,453753
69330.3,453753
69332.1,453753
69334.3,453753
69331,453753
69333.3,453753
69336.4,453753
69336.5,453753
69336.8,453753
69333.7,453753
69329.3,453753
69331.4,453753
69336.9,453753
69337,453753
69332.3,453753
69337.5,453753
69336.7,453753
69329,453753
69326.5,453753
69334.6,453753
69326.3,453753
69331.8,453753
69333.5,453753
69335.6,453753
69332.2,453753
69327.2,453753
69331.4,453753
69335.2,453753
69311.6,453753
69322.7,453753
69326.9,453753
69330.7,453753
69305.4,453753
69332.8,453753
69333.5,453753
69333.8,453753
69339.5,453753
69335,453753
69337.4,453753
69336.7,453753
69331.5,453753
69332.4,453753
69330.6,453753
69327.3,453753
69336.9,453753
69336.7,453753
69330.7,453753
69333.4,453753
69335.4,453753
69335.3,453753
69337.2,453753
69332.7,453753
69329.9,453753
69334.8,453753
69330,453753
69329.7,453753
69335.2,453753
69332.6,453753
69336.1,453753
69331.4,453753
69331,453753
69333.4,453753
69331.1,453753
69315.2,453753
69322.5,453753
69328.5,453753
69331.1,453753
69335.3,453753
69338.1,453753
69330.4,453753
69331.1,453753
69334.3,453753
69336.6,453753
69336.1,453753
69325.6,453753
69325.2,453753
69333.7,453753
69333.4,453753
69330.9,453753
69325.3,453753
69337.3,453753
69338.3,453753
69337.3,453753
69333.3,453753
69325.5,453753
69328.2,453753
69324.9,453753
69337,453753
69331.9,453753
69332.3,453753
69316.2,453753
69319.2,453753
69306.7,453753
69333.5,453753
69332,453753
69336.2,453753
69324.1,453753
69332.5,453753
69335.3,453753
69333.1,453753
69333.3,453753
69338.9,453753
69335.1,453753
69337.2,453753
69334.7,453753
69334.5,453753
69331.1,453753
69329.9,453753
69338,453753
69338.1,453753
69338.9,453753
69336.1,453753
69338.6,453753
69335.2,453753
69328.2,453753
69333.4,453753
69334,453753
69332.6,453753
69331.8,453753
69330.1,453753
69331.9,453753
69325.8,453753
69325.7,453753
69332.6,453753
69331,453753
69321.1,453753
69332.1,453753
69333.4,453753
69332.9,453753
69328.2,453753
69334.2,453753
69335.5,453753
69332.9,453753
69337.1,453753
69334.1,453753
69337.5,453753
69334.2,453753
69335.5,453753
69335.1,453753
69336,453753
69332.4,453753
69332,453753
69326.5,453753
69306.9,453753
69331.8,453753
69330.3,453753
69330.6,453753
69324.4,453753
69310.9,453753
69327,453753
69334.6,453753
69332.6,453753
69317.2,453753
69323.8,453753
69322.7,453753
69304.8,453753
69327.9,453753
69333.1,453753
69333.5,453753
69326.1,453753
69334.3,453753
69302.5,453753
69321.3,453753
69327.6,453753
69329.8,453753
69335.6,453753
69331.2,453753
69337.5,453753
69336.1,453753
69335.1,453753
69335.3,453753
69335.1,453753
69334.7,453753
69333.5,453753
69331.1,453753
69327.9,453753
69316.3,453753
69314.1,453753
69329.8,453753
69333.2,453753
69335.7,453753
69330.4,453753
69331.8,453753
69335.4,453753
69339.3,453753
69336,453753
69338.2,453753
69338,453753
69335.1,453753
69337.1,453753
69329.3,453753
69336.9,453753
69335.6,453753
69334.6,453753
69331.8,453753
69337.1,453753
69332.6,453753
69332.3,453753
69332.5,453753
69332.7,453753
69331.8,453753
69336.6,453753
69333.3,453753
69334.6,453753
69328.4,453753
69323.2,453753
69336.3,453753
69334.6,453753
69331.8,453753
69337.3,453753
69332.4,453753
69317.5,453753
69333.2,453753
69337.8,453753
69332.7,453753
69317.2,453753
69324.6,453753
69334.8,453753
69336.3,453753
69339.9,453753
69338.6,453546
