TRACE,NSNPS_JACKKNIFE
69330.4,453753
69330.9,453753
69327.4,453753
69326,453753
69323.5,453753
69330.4,453753
69321.5,453753
69324.8,453753
69327.1,453753
69323.7,453753
69326.9,453753
69321.6,453753
69329.7,453753
69325,453753
69327.7,453753
69327.8,453753
69322.3,453753
69312.1,453753
69311.5,453753
69319.9,453753
69326.7,453753
69331,453753
69322.8,453753
69325.5,453753
69328.6,453753
69325.1,453753
69322.7,453753
69318,453753
69325.6,453753
69325.1,453753
69327.8,453753
69323.9,453753
69322.1,453753
69326.3,453753
69326.6,453753
69323.8,453753
69325,453753
69323.5,453753
69325.3,453753
69326.2,453753
69327.8,453753
69327.8,453753
69321.8,453753
69315.3,453753
69320.3,453753
69323.9,453753
69327.9,453753
69324.9,453753
69328.8,453753
69327.1,453753
69326.8,453753
69318.3,453753
69320.9,453753
69322,453753
69323.7,453753
69325.1,453753
69325.5,453753
69313.5,453753
69321.2,453753
69317.8,453753
69325.4,453753
69326.7,453753
69331.6,453753
69326.5,453753
69326.1,453753
69325.5,453753
69322.2,453753
69322.5,453753
69323.5,453753
69320.3,453753
69309.1,453753
69325.2,453753
69324.5,453753
69328.3,453753
69331.2,453753
69328.8,453753
69330.2,453753
69327.2,453753
69330,453753
69326.3,453753
69318,453753
69329.1,453753
69330.6,453753
69331,453753
69329.7,453753
69325.8,453753
69329,453753
69330.7,453753
69329.6,453753
69327.4,453753
69317.7,453753
69319.1,453753
69326.5,453753
69297.7,453753
69325.1,453753
69325.7,453753
69327.8,453753
69323.8,453753
69327.2,453753
69331.2,453753
69317.4,453753
69323.4,453753
69324.1,453753
69317.2,453753
69325.1,453753
69317.5,453753
69326.7,453753
69327.2,453753
69329.4,453753
69326.9,453753
69328.7,453753
69322.7,453753
69322.1,453753
69317.7,453753
69312.6,453753
69312.7,453753
69328.5,453753
69326.1,453753
69323.1,453753
69316,453753
69322.8,453753
69329.8,453753
69320.3,453753
69323.3,453753
69329.7,453753
69322.7,453753
69321.9,453753
69328.1,453753
69318.5,453753
69326.2,453753
69321.7,453753
69324.8,453753
69323,453753
69326.6,453753
69319.2,453753
69324.7,453753
69328.4,453753
69329.1,453753
69315.4,453753
69326.7,453753
69309.1,453753
69304.1,453753
69324.3,453753
69324.9,453753
69322.2,453753
69324.2,453753
69324.5,453753
69323.8,453753
69328.5,453753
69324.6,453753
69328.8,453753
69326.1,453753
69328.1,453753
69327.8,453753
69327.9,453753
69327.8,453753
69328.7,453753
69326.7,453753
69331,453753
69325.2,453753
69323.7,453753
69325.7,453753
69329.5,453753
69332,453753
69334.5,453753
69328.7,453753
69327.6,453753
69329.3,453753
69330.9,453753
69326.9,453753
69322,453753
69323,453753
69327.5,453753
69324.2,453753
69327.1,453753
69328.2,453753
69329.8,453753
69327.4,453753
69324.4,453753
69326.1,453753
69317.8,453753
69286.3,453753
69294.8,453753
69325.8,453753
69321.1,453753
69330.6,453753
69331,453753
69329.4,453753
69328.2,453753
69326.8,453753
69329.6,453753
69327.9,453753
69312,453753
69307.6,453753
69304.3,453753
69303.2,453753
69308.1,453753
69321.8,453753
69328.4,453753
69325.4,453753
69324.9,453753
69328.9,453753
69325.9,453753
69319.6,453753
69325.6,453753
69324.6,453753
69324.7,453753
69328.2,453753
69323,453753
69317.3,453753
69321.3,453753
69324.5,453753
69329.2,453753
69328.4,453753
69319.8,453753
69321.4,453753
69308.6,453753
69312,453753
69315.1,453753
69317.5,453753
69329.2,453753
69330,453753
69324.5,453753
69325,453753
69318.1,453753
69328.7,453753
69329.8,453753
69327.8,453753
69328.4,453753
69329.6,453753
69326.8,453753
69316.6,453753
69316.1,453753
69331.1,453753
69329.9,453753
69329.6,453753
69327.7,453753
69328.1,453753
69319.1,453753
69328,453753
69323.2,453753
69329.4,453753
69330.8,453753
69326.7,453753
69327,453753
69322.2,453753
69325.5,453753
69327.1,453753
69324.8,453753
69317.4,453753
69317,453753
69328.3,453753
69325.4,453753
69319.7,453753
69324.6,453753
69320,453753
69323.6,453753
69324.8,453753
69316.2,453753
69324.6,453753
69326,453753
69324.3,453753
69304.1,453753
69319.8,453753
69322.5,453753
69321.9,453753
69319.9,453753
69307.7,453753
69327,453753
69326.4,453753
69323.3,453753
69315.1,453753
69323.4,453753
69321.5,453753
69322.7,453753
69315.5,453753
69324.9,453753
69327.6,453753
69322.5,453753
69314.8,453753
69324.6,453753
69326.5,453753
69327.2,453753
69327.7,453753
69321,453753
69328.5,453753
69329.7,453753
69325,453753
69326.1,453753
69332.3,453753
69328.7,453753
69330.3,453753
69329.8,453753
69328.8,453753
69328,453753
69328.7,453753
69328.2,453753
69327.4,453753
69331.5,453753
69326.3,453753
69329.4,453753
69327.4,453753
69333.3,453753
69324.8,453753
69330.5,453753
69328.6,453753
69327.8,453753
69326,453753
69323.4,453753
69330.3,453753
69329.5,453753
69328,453753
69317.1,453753
69306.1,453753
69303.2,453753
69320.5,453753
69323.4,453753
69320,453753
69321.7,453753
69323.4,453753
69327.7,453753
69327.6,453753
69326.6,453753
69324.2,453753
69322.7,453753
69322.5,453753
69323,453753
69323.6,453753
69322.9,453753
69316.9,453753
69297.5,453753
69321.2,453753
69325.5,453753
69324.7,453753
69324.5,453753
69328.4,453753
69322,453753
69324.7,453753
69324.9,453753
69316.7,453753
69309.5,453753
69322,453753
69307,453753
69305.8,453753
69325,453753
69319.5,453753
69326.1,453753
69322.2,453753
69323.2,453753
69288.8,453753
69323.7,453753
69325.7,453753
69327.2,453753
69330.7,453753
69331.7,453753
69330,453753
69330,453753
69330.4,453753
69328.4,453753
69326.3,453753
69327.8,453753
69330.8,453753
69330.8,453753
69327.7,453753
69326.5,453753
69329.3,453753
69327.7,453753
69327.9,453753
69322.7,453753
69327.5,453753
69323.9,453753
69324.8,453753
69322.8,453753
69324.9,453753
69325.7,453753
69328.1,453753
69318.6,453753
69304.2,453753
69318.9,453753
69315.6,453753
69289,453753
69311.7,453753
69319.9,453753
69323.9,453753
69319.9,453753
69313.6,453753
69313.4,453753
69315.9,453753
69320.3,453753
69330,453753
69325.5,453753
69319.8,453753
69320.8,453753
69327.9,453753
69325.8,453753
69318.9,453753
69319.2,453753
69309.3,453753
69314,453753
69324.4,453753
69322.2,453753
69326.5,453753
69324.3,453753
69325.6,453753
69331.1,453753
69299.2,453753
69323.7,453753
69324.3,453753
69328.7,453753
69327.7,453753
69326.6,453753
69328.4,453753
69325.8,453753
69325.9,453753
69329.2,453753
69329.9,453753
69328.1,453753
69329.6,453753
69318,453753
69321,453753
69323.3,453753
69329.4,453753
69324.4,453753
69325.8,453753
69330.8,453753
69326,453753
69330.7,453753
69327.8,453753
69320.2,453753
69323.3,453753
69324.5,453753
69329.5,453753
69313.5,453753
69326.8,453753
69324.3,453753
69327.4,453753
69328.2,453753
69322.7,453753
69323.3,453753
69325.7,453753
69322,453753
69319.4,453753
69285.9,453753
69322.6,453753
69325.7,453753
69326.9,453753
69329.9,453753
69331,453753
69322.7,453753
69317.8,453753
69324.7,453753
69324.5,453753
69314.8,453753
69318.6,453753
69328.8,453753
69322.7,453753
69325.7,453753
69323.5,453753
69320.6,453753
69317.7,453753
69318.3,453753
69324.7,453753
69328.9,453753
69328.1,453753
69331.5,453753
69327.1,453753
69322.2,453753
69326.2,453753
69326.2,453753
69323.5,453753
69332.4,453753
69333.8,453753
69328.7,453753
69321.6,453753
69320,453753
69326.2,453753
69321.2,453753
69328.5,453753
69329.8,453753
69311.9,453753
69270.8,453753
69279.9,453753
69324.9,453753
69325,453753
69327.5,453753
69323.9,453753
69324.8,453753
69315.1,453753
69328.2,453753
69326.1,453753
69327.9,453753
69323,453753
69326.4,453753
69324.4,453753
69300.1,453753
69318.8,453753
69322.1,453753
69322.6,453753
69324.1,453753
69320.9,453753
69321.8,453753
69329.6,453753
69331.1,453753
69322.8,453753
69321.5,453753
69323,453753
69320.2,453753
69321.1,453753
69322.4,453753
69331.4,453753
69323,453753
69323.7,453753
69321.4,453753
69314.1,453753
69318.3,453753
69327.2,453753
69327.8,453753
69329.1,453753
69328.9,453753
69329.3,453753
69326.9,453753
69329.7,453753
69328.4,453753
69325.8,453753
69329.3,453753
69328.2,453753
69325.6,453753
69323,453753
69331.8,453753
69330.4,453753
69324.7,453753
69326.5,453753
69331,453753
69326.7,453753
69328.8,453753
69322,453753
69329.4,453753
69322.6,453753
69324.9,453753
69313.9,453753
69324.6,453753
69313.9,453753
69309.8,453753
69325.8,453753
69323.5,453753
69326.7,453753
69329.9,453753
69325.7,453753
69323.9,453753
69327.1,453753
69328.1,453753
69328.2,453753
69326.5,453753
69319.1,453753
69318.3,453753
69325.7,453753
69322.7,453753
69323.5,453753
69327.7,453753
69329.4,453753
69319.7,453753
69324,453753
69325.5,453753
69328.4,453753
69326.1,453753
69322.5,453753
69328,453753
69330.3,453753
69329.3,453753
69328.9,453753
69333,453753
69323.6,453753
69327.3,453753
69326.7,453753
69330.5,453753
69327.6,453753
69327,453753
69327.2,453753
69327.7,453753
69327.6,453753
69328.1,453753
69330.5,453753
69321.4,453753
69318.8,453753
69323.8,453753
69326,453753
69328.7,453753
69321.9,453753
69314.1,453753
69304.1,453753
69323.7,453753
69328.9,453753
69329.5,453753
69320,453753
69324.2,453753
69320.2,453753
69325.4,453753
69323.2,453753
69326.6,453753
69324.3,453753
69280,453753
69325.5,453753
69329.2,453753
69326,453753
69328.1,453753
69323.8,453753
69321.7,453753
69327.3,453753
69322.1,453753
69314,453753
69322.4,453753
69326.8,453753
69330.6,453753
69328.1,453753
69329.8,453753
69327.6,453753
69327.3,453753
69324.6,453753
69328.4,453753
69326.5,453753
69331.8,453753
69325.6,453753
69323.7,453753
69305.8,453753
69330.9,453753
69314.5,453753
69303.4,453753
69323.2,453753
69320.2,453753
69331.1,453753
69325.2,453753
69326.6,453753
69331.6,453753
69329.4,453753
69327.3,453753
69321.3,453753
69321.3,453753
69325.6,453753
69328.7,453753
69324.4,453753
69323.9,453753
69323.8,453753
69203,453753
69026.5,453753
69267.4,453753
69320.1,453753
69321.4,453753
69319.7,453753
69326.3,453753
69318.5,453753
69325.9,453753
69328.3,453753
69323.7,453753
69299.2,453753
69317.4,453753
69316,453753
69326,453753
69329.8,453753
69326.6,453753
69317.7,453753
69321.5,453753
69322.1,453753
69326.9,453753
69327.1,453753
69327.8,453753
69329.7,453753
69329.7,453753
69325.2,453753
69319.9,453753
69333.5,453753
69328.1,453753
69329.1,453753
69331,453753
69327,453753
69328.2,453753
69328.8,453753
69331.9,453753
69330,453753
69319.9,453753
69327.8,453753
69326.1,453753
69325,453753
69323.7,453753
69327.4,453753
69326.1,453753
69325.4,453753
69324.2,453753
69314.7,453753
69294.3,453753
69321.4,453753
69326.4,453753
69315.2,453753
69322.3,453753
69322.9,453753
69317.9,453753
69318.3,453753
69324.2,453753
69327.4,453753
69326.8,453753
69323.5,453753
69326.8,453753
69326.2,453753
69314.1,453753
69316.7,453753
69326.4,453753
69324.4,453753
69319.8,453753
69326.7,453753
69326.9,453753
69326.8,453753
69325.1,453753
69325.6,453753
69324.3,453753
69331.2,453753
69329.1,453753
69321.7,453753
69318.6,453753
69332.2,453753
69331.6,453753
69329.8,453753
69332.7,453753
69326.2,453753
69318.4,453753
69331,453753
69323.4,453753
69323.3,453753
69330.1,453753
69330.7,453753
69328.3,453753
69325.6,453753
69327,453753
69326.6,453753
69327,453753
69326.2,453753
69321.9,453753
69321.3,453753
69315.2,453753
69320,453753
69322,453753
69320.2,453753
69324.4,453753
69329.8,453753
69320.9,453753
69325,453753
69323.4,453753
69319.7,453753
69321.7,453753
69327.3,453753
69324.6,453753
69326.8,453753
69329.1,453753
69327.9,453753
69330.7,453753
69328.9,453753
69329.2,453753
69327.2,453753
69329.9,453753
69329.2,453753
69328.7,453753
69330.1,453753
69329.6,453753
69327.9,453753
69327.4,453753
69331.7,453753
69325.6,453753
69321.9,453753
69318.3,453753
69315.4,453753
69326.3,453753
69325.2,453753
69306.4,453753
69326.4,453753
69323.1,453753
69321.5,453753
69321.7,453753
69322.7,453753
69321.3,453753
69325.2,453753
69319.5,453753
69326.2,453753
69325.8,453753
69327.4,453753
69326.2,453753
69327.3,453753
69325.2,453753
69330.5,453753
69332.7,453753
69330.9,453753
69326.5,453753
69323,453753
69326.9,453753
69331.5,453753
69331.2,453753
69329,453753
69331.9,453753
69329.5,453753
69324.9,453753
69316.5,453753
69325.7,453753
69320.5,453753
69328.7,453753
69326.8,453753
69330.8,453753
69328,453753
69323.1,453753
69324.3,453753
69329.1,453753
69306.2,453753
69314.8,453753
69321.4,453753
69325.9,453753
69300.2,453753
69326.3,453753
69326.7,453753
69328.2,453753
69330.4,453753
69330.3,453753
69330.7,453753
69330.8,453753
69325.1,453753
69328.3,453753
69317.6,453753
69322.6,453753
69332.8,453753
69330.2,453753
69328.5,453753
69329.5,453753
69327.6,453753
69329.8,453753
69330.5,453753
69326.4,453753
69324.7,453753
69330.2,453753
69321.3,453753
69317.3,453753
69330.4,453753
69326.1,453753
69328.4,453753
69326.4,453753
69327.3,453753
69326.4,453753
69326.1,453753
69306.9,453753
69314.8,453753
69320.2,453753
69323.5,453753
69329,453753
69329.9,453753
69327.9,453753
69329.3,453753
69327.7,453753
69328.9,453753
69330.2,453753
69324.3,453753
69318.6,453753
69328.2,453753
69330.3,453753
69326.8,453753
69321.9,453753
69331.9,453753
69331.2,453753
69333.6,453753
69327,453753
69321.9,453753
69321.6,453753
69319.2,453753
69330.4,453753
69327.9,453753
69323.8,453753
69308.7,453753
69313.4,453753
69304,453753
69326.4,453753
69323.2,453753
69332.8,453753
69319,453753
69327.2,453753
69325.8,453753
69331.2,453753
69331,453753
69330.1,453753
69326.1,453753
69330,453753
69325.8,453753
69327,453753
69317.5,453753
69321.8,453753
69332.2,453753
69330.1,453753
69332.6,453753
69328.8,453753
69330.9,453753
69327.9,453753
69322.1,453753
69326.1,453753
69328.9,453753
69325.7,453753
69326.5,453753
69323.2,453753
69323.4,453753
69319.7,453753
69320.3,453753
69327.3,453753
69325.1,453753
69319.7,453753
69324.4,453753
69327.8,453753
69329.1,453753
69322.9,453753
69325.1,453753
69327.9,453753
69326.1,453753
69329.2,453753
69328.3,453753
69328.1,453753
69328,453753
69327.7,453753
69331.2,453753
69330.9,453753
69327.7,453753
69328.5,453753
69322.3,453753
69306.7,453753
69326.4,453753
69324.2,453753
69327.3,453753
69322,453753
69304.8,453753
69325.6,453753
69329.2,453753
69324.2,453753
69311.5,453753
69317.8,453753
69320.3,453753
69297.6,453753
69319.5,453753
69325.8,453753
69329.8,453753
69320.9,453753
69330.8,453753
69296.5,453753
69315.4,453753
69324.2,453753
69325.4,453753
69329,453753
69324.8,453753
69329.4,453753
69329.3,453753
69331.6,453753
69328,453753
69327.9,453753
69330,453753
69325.1,453753
69326.5,453753
69317.9,453753
69311.9,453753
69308.2,453753
69324,453753
69326.1,453753
69328.2,453753
69322.5,453753
69324.4,453753
69327.8,453753
69331.4,453753
69330.7,453753
69330.4,453753
69328.4,453753
69330,453753
69330.1,453753
69322.6,453753
69330.2,453753
69329.8,453753
69328.4,453753
69326.7,453753
69326.5,453753
69329.8,453753
69324.8,453753
69326.5,453753
69325.6,453753
69325.1,453753
69328.2,453753
69332,453753
69326.4,453753
69323.9,453753
69317.4,453753
69329,453753
69329,453753
69328.3,453753
69331.2,453753
69326.5,453753
69307.4,453753
69324.5,453753
69330.5,453753
69326.3,453753
69314.4,453753
69315.4,453753
69331,453753
69330.5,453753
69332.6,453753
69330.4,453546
