TRACE,NSNPS_JACKKNIFE
69371.6,453753
69372.2,453753
69368.3,453753
69369.6,453753
69367.2,453753
69369.9,453753
69364,453753
69368.4,453753
69368.2,453753
69363.9,453753
69367.2,453753
69360.6,453753
69370.5,453753
69367.2,453753
69370.2,453753
69365.5,453753
69363.7,453753
69349.1,453753
69350.9,453753
69356.4,453753
69368.5,453753
69368.6,453753
69364.9,453753
69368.9,453753
69369.9,453753
69364.4,453753
69363.6,453753
69357,453753
69367.7,453753
69365.2,453753
69366.6,453753
69364.3,453753
69363.8,453753
69365.5,453753
69365.1,453753
69365.7,453753
69361.4,453753
69362.1,453753
69366.9,453753
69367.3,453753
69368.4,453753
69367.8,453753
69365.4,453753
69359.5,453753
69355.3,453753
69362.9,453753
69369.6,453753
69365.7,453753
69370.1,453753
69368.7,453753
69368.6,453753
69355.4,453753
69359.2,453753
69363.6,453753
69360.4,453753
69366.9,453753
69365.2,453753
69353.4,453753
69358.1,453753
69359.2,453753
69364.7,453753
69368.5,453753
69369.5,453753
69367.9,453753
69365.5,453753
69365.9,453753
69363.6,453753
69363.5,453753
69363.9,453753
69366.1,453753
69353.7,453753
69366.5,453753
69368.9,453753
69372.8,453753
69369.9,453753
69369.1,453753
69370.9,453753
69367.7,453753
69369.6,453753
69364.5,453753
69358.9,453753
69365.2,453753
69370.2,453753
69371.7,453753
69372.4,453753
69366.3,453753
69371,453753
69370.2,453753
69368.3,453753
69363.8,453753
69361.8,453753
69361.9,453753
69365.5,453753
69323,453753
69365.6,453753
69363.4,453753
69365.7,453753
69367.2,453753
69368,453753
69369.7,453753
69361.7,453753
69363.8,453753
69364.4,453753
69356.8,453753
69359.7,453753
69363.6,453753
69366.6,453753
69366.8,453753
69365.4,453753
69366.2,453753
69369,453753
69365.9,453753
69361.6,453753
69358.9,453753
69358.5,453753
69358.8,453753
69366.6,453753
69367.4,453753
69363.4,453753
69367.3,453753
69360,453753
69371.3,453753
69360.9,453753
69367.6,453753
69370.7,453753
69365.4,453753
69362.5,453753
69362.5,453753
69362.6,453753
69364.1,453753
69360.5,453753
69365.2,453753
69357.3,453753
69365.9,453753
69359.9,453753
69366.8,453753
69367.6,453753
69367.5,453753
69359.3,453753
69369.1,453753
69351.1,453753
69341.5,453753
69365.3,453753
69361.3,453753
69361.1,453753
69364.7,453753
69364.1,453753
69361.3,453753
69365.5,453753
69367.4,453753
69364,453753
69371,453753
69367.7,453753
69363,453753
69364.9,453753
69366.5,453753
69369.4,453753
69365.9,453753
69372.3,453753
69365.9,453753
69364.8,453753
69364.3,453753
69368.9,453753
69372.4,453753
69367.6,453753
69368.3,453753
69367,453753
69369.8,453753
69369.1,453753
69367.3,453753
69362.6,453753
69366.2,453753
69365.3,453753
69365.3,453753
69371,453753
69366.3,453753
69367.6,453753
69364.3,453753
69361.1,453753
69359.5,453753
69361,453753
69325.3,453753
69330.9,453753
69366.3,453753
69362.6,453753
69370.1,453753
69368.8,453753
69369.8,453753
69369.7,453753
69366.6,453753
69369,453753
69367.3,453753
69356.9,453753
69347,453753
69346.4,453753
69336.2,453753
69348,453753
69359.5,453753
69364.7,453753
69364.2,453753
69363.3,453753
69366.6,453753
69366.7,453753
69361.8,453753
69364.4,453753
69366.6,453753
69361.9,453753
69366.2,453753
69362.4,453753
69361.2,453753
69364.7,453753
69369,453753
69367.3,453753
69370.8,453753
69360.2,453753
69363.3,453753
69350.8,453753
69349,453753
69355.2,453753
69356.4,453753
69370.8,453753
69368.6,453753
69366,453753
69368.7,453753
69359.7,453753
69365.5,453753
69371.5,453753
69368.4,453753
69372.3,453753
69371.2,453753
69364.9,453753
69357.4,453753
69360.3,453753
69373.2,453753
69371.5,453753
69368.3,453753
69364.9,453753
69366.4,453753
69358.2,453753
69365.7,453753
69364.4,453753
69367,453753
69370.4,453753
69366.1,453753
69367.5,453753
69366.7,453753
69365.5,453753
69366.7,453753
69366.3,453753
69357.6,453753
69359.5,453753
69364.8,453753
69363,453753
69362.8,453753
69363.7,453753
69361.2,453753
69364.6,453753
69363.4,453753
69358.5,453753
69365,453753
69368.7,453753
69362.3,453753
69347.9,453753
69361.3,453753
69364.1,453753
69363,453753
69361.6,453753
69353.8,453753
69367.5,453753
69368.5,453753
69365.3,453753
69350.7,453753
69366.3,453753
69363.6,453753
69359.6,453753
69359.5,453753
69367.8,453753
69366.5,453753
69364.3,453753
69356.8,453753
69364.2,453753
69363.1,453753
69366.8,453753
69365.6,453753
69364.9,453753
69368.7,453753
69367.3,453753
69364.2,453753
69366.2,453753
69368.8,453753
69371.2,453753
69369.4,453753
69369.9,453753
69369.4,453753
69368.8,453753
69369.3,453753
69366.2,453753
69365.4,453753
69371.9,453753
69369.1,453753
69370.7,453753
69369.7,453753
69372.6,453753
69363.8,453753
69370.1,453753
69369.6,453753
69367.1,453753
69368.3,453753
69366,453753
69369.8,453753
69370.2,453753
69366.6,453753
69359.3,453753
69344.6,453753
69338.4,453753
69360.3,453753
69367.6,453753
69361.5,453753
69364.3,453753
69363,453753
69369.9,453753
69364.4,453753
69363.7,453753
69367.5,453753
69362.4,453753
69360.1,453753
69360.2,453753
69362.2,453753
69360.8,453753
69357.6,453753
69331.6,453753
69364.4,453753
69365.8,453753
69365.3,453753
69363.3,453753
69368.3,453753
69360.8,453753
69367.5,453753
69368.7,453753
69360.6,453753
69355.3,453753
69365.6,453753
69350.8,453753
69343.4,453753
69365.5,453753
69361.8,453753
69366.9,453753
69362.2,453753
69365.8,453753
69334.6,453753
69367.4,453753
69365.5,453753
69366.7,453753
69371.2,453753
69369.8,453753
69371.4,453753
69370.7,453753
69369.9,453753
69369.3,453753
69368.8,453753
69367.9,453753
69372.7,453753
69367.5,453753
69369.2,453753
69368,453753
69368.5,453753
69366.9,453753
69366.6,453753
69366.4,453753
69367.9,453753
69366.8,453753
69364.3,453753
69364.8,453753
69366.8,453753
69364.8,453753
69365.3,453753
69358.3,453753
69350,453753
69361.1,453753
69361.9,453753
69336.5,453753
69349.9,453753
69361,453753
69364.1,453753
69360.4,453753
69354.9,453753
69356.9,453753
69352.9,453753
69358.3,453753
69366.2,453753
69365.8,453753
69357.4,453753
69366.2,453753
69369,453753
69359.5,453753
69361.9,453753
69363,453753
69347.9,453753
69361.1,453753
69367.1,453753
69364.5,453753
69364.4,453753
69366.4,453753
69363.9,453753
69371,453753
69342,453753
69362,453753
69363.5,453753
69363.9,453753
69368.8,453753
69366.3,453753
69370.2,453753
69364.6,453753
69368.4,453753
69370.4,453753
69369.4,453753
69369.4,453753
69366.6,453753
69361.1,453753
69361.2,453753
69361.6,453753
69366.8,453753
69366.6,453753
69361.3,453753
69370.1,453753
69364.5,453753
69369.9,453753
69371.3,453753
69357.9,453753
69366.4,453753
69366.2,453753
69368.2,453753
69353.7,453753
69364.8,453753
69368.2,453753
69368.8,453753
69365.2,453753
69367.1,453753
69362.9,453753
69358,453753
69358.6,453753
69354.5,453753
69325.1,453753
69362.7,453753
69364.5,453753
69367.9,453753
69368.4,453753
69369.4,453753
69359.1,453753
69360.3,453753
69365,453753
69364.4,453753
69359.4,453753
69358.6,453753
69369.8,453753
69363.4,453753
69366.3,453753
69368,453753
69364.2,453753
69358.4,453753
69355.7,453753
69364.4,453753
69371.5,453753
69364.2,453753
69368.9,453753
69367.8,453753
69362,453753
69368,453753
69370.9,453753
69364.4,453753
69374.5,453753
69374.2,453753
69368.1,453753
69360.9,453753
69359,453753
69367.1,453753
69362.8,453753
69365.1,453753
69368.1,453753
69343.1,453753
69295.2,453753
69310.7,453753
69364.6,453753
69365,453753
69368.9,453753
69367.9,453753
69367.1,453753
69358.4,453753
69369.2,453753
69365.9,453753
69368,453753
69359.5,453753
69367.2,453753
69364.7,453753
69338.9,453753
69359.9,453753
69365.6,453753
69363.9,453753
69368.6,453753
69365.1,453753
69362.6,453753
69369.4,453753
69368,453753
69361.7,453753
69360.9,453753
69365.4,453753
69359.5,453753
69361.6,453753
69367,453753
69369.1,453753
69365.8,453753
69364.7,453753
69362.9,453753
69356.5,453753
69359.1,453753
69364.9,453753
69368.2,453753
69369.3,453753
69366.9,453753
69371.4,453753
69365.8,453753
69366.8,453753
69369.1,453753
69368.6,453753
69370,453753
69367.4,453753
69363.9,453753
69367.9,453753
69371.9,453753
69370.8,453753
69369.2,453753
69368.8,453753
69370.4,453753
69369,453753
69365,453753
69362.7,453753
69367.7,453753
69362.7,453753
69372.3,453753
69358,453753
69363,453753
69356.9,453753
69349,453753
69368.2,453753
69360.9,453753
69364.9,453753
69365.5,453753
69367.1,453753
69366.5,453753
69366.9,453753
69369.7,453753
69369.9,453753
69368.2,453753
69361.1,453753
69359.8,453753
69359.9,453753
69364.3,453753
69364,453753
69371.8,453753
69368.7,453753
69364.4,453753
69364.4,453753
69364.8,453753
69366.8,453753
69366.6,453753
69365.7,453753
69366.4,453753
69364.8,453753
69369.7,453753
69365.1,453753
69373,453753
69365.7,453753
69365.9,453753
69368.5,453753
69368.1,453753
69365.7,453753
69370,453753
69369.4,453753
69365.7,453753
69365.8,453753
69367.3,453753
69367.6,453753
69363.1,453753
69363.6,453753
69367.5,453753
69367.1,453753
69370.8,453753
69363,453753
69355.7,453753
69344.5,453753
69362.9,453753
69363.6,453753
69368.2,453753
69361.2,453753
69365.3,453753
69359.9,453753
69364.8,453753
69363.8,453753
69368.6,453753
69362.5,453753
69311.6,453753
69370.8,453753
69367.9,453753
69360.9,453753
69363.9,453753
69358.5,453753
69360.5,453753
69363.5,453753
69362.2,453753
69352.1,453753
69365,453753
69364.6,453753
69368.7,453753
69368.1,453753
69370.3,453753
69365.4,453753
69370.8,453753
69365.7,453753
69366.6,453753
69366.3,453753
69372.3,453753
69369.2,453753
69362.5,453753
69342,453753
69369.9,453753
69358.4,453753
69353.4,453753
69360.9,453753
69359,453753
69369.2,453753
69368.3,453753
69367.1,453753
69371.1,453753
69369.6,453753
69368,453753
69361.2,453753
69360.9,453753
69364.6,453753
69368.4,453753
69366.7,453753
69363.7,453753
69367.2,453753
69241.9,453753
69063,453753
69301.7,453753
69359.7,453753
69357.9,453753
69352.5,453753
69370,453753
69358.3,453753
69364.6,453753
69369.4,453753
69363.7,453753
69338.6,453753
69359.6,453753
69359.7,453753
69361.9,453753
69369,453753
69362.8,453753
69360.5,453753
69360.9,453753
69362.8,453753
69363.1,453753
69369.6,453753
69367.3,453753
69365.1,453753
69371.8,453753
69368.6,453753
69360.3,453753
69371.7,453753
69368.6,453753
69371.6,453753
69367.5,453753
69367.7,453753
69367.2,453753
69369,453753
69369.8,453753
69368.2,453753
69362.6,453753
69369,453753
69365.7,453753
69366.8,453753
69363.9,453753
69365.1,453753
69371.1,453753
69367.5,453753
69361.6,453753
69356.6,453753
69327.5,453753
69365.4,453753
69363.4,453753
69358.7,453753
69360.6,453753
69360.1,453753
69366.9,453753
69362.1,453753
69364.7,453753
69368.4,453753
69368.5,453753
69363.5,453753
69369.1,453753
69366.4,453753
69357.6,453753
69355.6,453753
69367.9,453753
69366.6,453753
69362.5,453753
69366.9,453753
69369.2,453753
69365.8,453753
69365.8,453753
69362.7,453753
69364.2,453753
69371,453753
69368,453753
69364.4,453753
69357,453753
69371.7,453753
69371.9,453753
69371.6,453753
69371.4,453753
69366.3,453753
69364.7,453753
69368.5,453753
69364.5,453753
69366.9,453753
69367.6,453753
69369.2,453753
69369.5,453753
69366.9,453753
69366.9,453753
69364.1,453753
69365.5,453753
69366.7,453753
69364.5,453753
69362.8,453753
69349.6,453753
69362.7,453753
69361.9,453753
69358.9,453753
69362.6,453753
69370.7,453753
69368.7,453753
69365.1,453753
69365.1,453753
69363,453753
69367.4,453753
69366.6,453753
69366.6,453753
69367.7,453753
69368.6,453753
69368.2,453753
69370.4,453753
69371.7,453753
69370.1,453753
69367,453753
69370.2,453753
69368.2,453753
69369.6,453753
69372.6,453753
69368.5,453753
69366.4,453753
69368.4,453753
69372.4,453753
69366.4,453753
69360.6,453753
69357.8,453753
69359.6,453753
69363.7,453753
69368.5,453753
69344.6,453753
69367.3,453753
69364.3,453753
69362.9,453753
69363.9,453753
69360.3,453753
69361,453753
69364.1,453753
69362.3,453753
69366.5,453753
69368.1,453753
69367.2,453753
69366.8,453753
69367.1,453753
69365.2,453753
69369.7,453753
69369.7,453753
69369.3,453753
69370.1,453753
69363.1,453753
69366.5,453753
69373.4,453753
69369.7,453753
69368.5,453753
69373.1,453753
69368.9,453753
69363.9,453753
69357.2,453753
69366.3,453753
69355.5,453753
69368.6,453753
69368.6,453753
69367.3,453753
69364.4,453753
69365.9,453753
69365.6,453753
69369.9,453753
69346.4,453753
69358.9,453753
69362.6,453753
69366.3,453753
69338.1,453753
69366.8,453753
69364.6,453753
69369,453753
69369.8,453753
69369.3,453753
69373.2,453753
69371.6,453753
69369.7,453753
69371.6,453753
69358.6,453753
69362.5,453753
69371.7,453753
69367.5,453753
69371.3,453753
69368.4,453753
69368.7,453753
69368.6,453753
69368.7,453753
69370.1,453753
69367.3,453753
69366.4,453753
69361.1,453753
69357.7,453753
69368.6,453753
69366.1,453753
69371.1,453753
69362.3,453753
69366.5,453753
69366,453753
69366,453753
69348.8,453753
69354.4,453753
69361.9,453753
69364.8,453753
69368.2,453753
69369.5,453753
69366.2,453753
69370.1,453753
69367.9,453753
69369.4,453753
69369.4,453753
69363.6,453753
69354.5,453753
69368.5,453753
69369.1,453753
69365.2,453753
69363,453753
69369.5,453753
69373.5,453753
69371.4,453753
69370.7,453753
69360.4,453753
69364.3,453753
69363.1,453753
69369.3,453753
69369.7,453753
69364.3,453753
69349.4,453753
69351.9,453753
69334.3,453753
69368.3,453753
69364.3,453753
69371.1,453753
69355.8,453753
69368.1,453753
69370.2,453753
69370.7,453753
69368.2,453753
69373.4,453753
69368.3,453753
69368,453753
69368.6,453753
69366.7,453753
69363.1,453753
69365.6,453753
69371.5,453753
69370.6,453753
69372,453753
69369.3,453753
69371.8,453753
69365.7,453753
69366.2,453753
69366.4,453753
69370,453753
69366.6,453753
69364.9,453753
69366.1,453753
69364,453753
69359.5,453753
69361.5,453753
69364.3,453753
69363.8,453753
69358.5,453753
69369.7,453753
69368.6,453753
69366.6,453753
69365.1,453753
69362.2,453753
69371.2,453753
69370,453753
69372.5,453753
69364.6,453753
69370.6,453753
69367.4,453753
69365.8,453753
69369.8,453753
69369.4,453753
69369.8,453753
69367,453753
69360.5,453753
69339.2,453753
69363.8,453753
69363.2,453753
69367.9,453753
69354.7,453753
69346.6,453753
69364.5,453753
69369.9,453753
69364.1,453753
69350.4,453753
69356.2,453753
69357.9,453753
69340.3,453753
69365.5,453753
69367.7,453753
69367.5,453753
69364.2,453753
69368.8,453753
69338.4,453753
69353.4,453753
69362.7,453753
69364.7,453753
69372.1,453753
69362.6,453753
69372.1,453753
69372.5,453753
69367.3,453753
69371.5,453753
69364.5,453753
69371.7,453753
69366.6,453753
69365.9,453753
69363.9,453753
69349.6,453753
69348.2,453753
69367.4,453753
69367.2,453753
69370.6,453753
69365,453753
69363.5,453753
69367,453753
69370.6,453753
69371.4,453753
69371.2,453753
69371.4,453753
69370.4,453753
69367.5,453753
69363.8,453753
69372.1,453753
69371.4,453753
69371.5,453753
69368.5,453753
69369.8,453753
69367,453753
69367.8,453753
69363.9,453753
69366.9,453753
69366.7,453753
69371.2,453753
69372.1,453753
69367.5,453753
69363.6,453753
69359.1,453753
69368.2,453753
69371.1,453753
69371,453753
69373.4,453753
69368.6,453753
69355.5,453753
69366.2,453753
69373.2,453753
69367.3,453753
69351.7,453753
69352.8,453753
69370,453753
69368.9,453753
69369.5,453753
69377.5,453546
