TRACE,NSNPS_JACKKNIFE
69444.2,453753
69441.8,453753
69443.8,453753
69442.8,453753
69439.6,453753
69443.9,453753
69439.3,453753
69437.3,453753
69441.3,453753
69437.4,453753
69442.8,453753
69440.9,453753
69446.1,453753
69439.3,453753
69441.6,453753
69439.7,453753
69436.7,453753
69421.2,453753
69426.1,453753
69439,453753
69441,453753
69442.6,453753
69438.2,453753
69439.4,453753
69442.8,453753
69440.6,453753
69432.9,453753
69434.2,453753
69440.8,453753
69439.3,453753
69438,453753
69437.3,453753
69437.9,453753
69436,453753
69438.8,453753
69443.8,453753
69438.1,453753
69435.9,453753
69440.6,453753
69441.2,453753
69444.1,453753
69440.2,453753
69440.5,453753
69427.7,453753
69432.7,453753
69436.3,453753
69440.2,453753
69443.4,453753
69441.9,453753
69443.9,453753
69443.9,453753
69433.6,453753
69434.2,453753
69437.2,453753
69434.5,453753
69440.1,453753
69440.2,453753
69433.6,453753
69437.6,453753
69439.6,453753
69441.5,453753
69444.1,453753
69442.6,453753
69441.7,453753
69439.9,453753
69442.9,453753
69440.5,453753
69432.9,453753
69436.1,453753
69436.8,453753
69427.1,453753
69441,453753
69443.6,453753
69445.2,453753
69445.3,453753
69443,453753
69442,453753
69443,453753
69444.9,453753
69439,453753
69430.9,453753
69438.9,453753
69444.8,453753
69447.7,453753
69445.3,453753
69441.1,453753
69445.2,453753
69445.9,453753
69439.9,453753
69442.7,453753
69436.9,453753
69434.3,453753
69445.3,453753
69401.6,453753
69442.8,453753
69435.5,453753
69439.4,453753
69443.8,453753
69438.2,453753
69444.8,453753
69437.8,453753
69436.6,453753
69435.8,453753
69430.5,453753
69434.5,453753
69437.1,453753
69441.4,453753
69439.8,453753
69441,453753
69440.4,453753
69442.6,453753
69436.1,453753
69435,453753
69430.5,453753
69429.3,453753
69431,453753
69440.5,453753
69439.7,453753
69438.8,453753
69434.6,453753
69434.5,453753
69444.8,453753
69437.1,453753
69438.8,453753
69443.5,453753
69437.1,453753
69437.9,453753
69439.3,453753
69434.1,453753
69439.9,453753
69436.7,453753
69436.7,453753
69432.4,453753
69442.6,453753
69428.6,453753
69438.5,453753
69445.8,453753
69442.7,453753
69434.8,453753
69440.1,453753
69428.1,453753
69421.9,453753
69434.5,453753
69438.3,453753
69434.5,453753
69432.7,453753
69441.1,453753
69437.2,453753
69442.7,453753
69441.6,453753
69438.8,453753
69443.7,453753
69443.7,453753
69442.5,453753
69442,453753
69442.9,453753
69441.4,453753
69443,453753
69444.3,453753
69439.7,453753
69438.3,453753
69439.9,453753
69442.7,453753
69444.8,453753
69443.6,453753
69445.2,453753
69443.9,453753
69440.7,453753
69441.9,453753
69439.8,453753
69434.3,453753
69440.6,453753
69442.3,453753
69444.5,453753
69444.6,453753
69442.2,453753
69437.9,453753
69436.9,453753
69437,453753
69442,453753
69437.6,453753
69396.4,453753
69407.6,453753
69441.5,453753
69437.5,453753
69445,453753
69442.9,453753
69441.5,453753
69440.4,453753
69442.8,453753
69445.1,453753
69446.4,453753
69434,453753
69419.8,453753
69424.9,453753
69411.4,453753
69424.1,453753
69434.2,453753
69441.9,453753
69440,453753
69436.4,453753
69444.4,453753
69439.9,453753
69426.3,453753
69441,453753
69441.1,453753
69437.9,453753
69439.6,453753
69437.5,453753
69430.1,453753
69437,453753
69439.1,453753
69441.7,453753
69443.3,453753
69441.2,453753
69439.5,453753
69423.5,453753
69424.6,453753
69432,453753
69428.1,453753
69446.2,453753
69442.6,453753
69442.2,453753
69442.3,453753
69437.1,453753
69440.7,453753
69445.1,453753
69442.5,453753
69445,453753
69444.3,453753
69438.2,453753
69429.5,453753
69430.7,453753
69444.2,453753
69447.5,453753
69445.7,453753
69439.6,453753
69437.8,453753
69434.2,453753
69442.9,453753
69440.3,453753
69443.6,453753
69444,453753
69440.9,453753
69438.9,453753
69436.8,453753
69441.2,453753
69440.9,453753
69441.7,453753
69428.6,453753
69428.8,453753
69440,453753
69440.7,453753
69436.8,453753
69436.1,453753
69435.8,453753
69437.2,453753
69441.6,453753
69431,453753
69439.4,453753
69443.6,453753
69435.2,453753
69416.5,453753
69436.8,453753
69438.4,453753
69439.6,453753
69436.8,453753
69419.5,453753
69439.8,453753
69440.6,453753
69440.6,453753
69426.2,453753
69439.2,453753
69438.2,453753
69436.9,453753
69433.7,453753
69440.8,453753
69442.4,453753
69436.6,453753
69433.2,453753
69437.2,453753
69437.6,453753
69442.2,453753
69442,453753
69432.5,453753
69441.9,453753
69445.3,453753
69436.8,453753
69441.8,453753
69441.8,453753
69446.9,453753
69443.9,453753
69445.4,453753
69443.3,453753
69443,453753
69441.5,453753
69441.7,453753
69442.7,453753
69444.2,453753
69442,453753
69444.8,453753
69441.4,453753
69446.1,453753
69437.4,453753
69444.7,453753
69442.1,453753
69441,453753
69439,453753
69437.5,453753
69443.3,453753
69443.1,453753
69443.5,453753
69429.8,453753
69419.3,453753
69414.4,453753
69437.9,453753
69438.9,453753
69435.6,453753
69435.8,453753
69437.7,453753
69440.5,453753
69441.6,453753
69437.2,453753
69438.7,453753
69434.9,453753
69434.8,453753
69435.3,453753
69440,453753
69438.7,453753
69433.4,453753
69416.3,453753
69434.9,453753
69440.9,453753
69441.4,453753
69441,453753
69443.1,453753
69434.8,453753
69437.6,453753
69443.1,453753
69436.1,453753
69428.7,453753
69439.8,453753
69423.6,453753
69418.8,453753
69438.9,453753
69433.9,453753
69442.1,453753
69433.9,453753
69435.4,453753
69398.9,453753
69443,453753
69440.7,453753
69441.8,453753
69446.6,453753
69447.6,453753
69446.6,453753
69444.8,453753
69444.1,453753
69442.2,453753
69442.9,453753
69440.4,453753
69444.7,453753
69439.5,453753
69443.8,453753
69443.4,453753
69442.3,453753
69441.9,453753
69442.5,453753
69438.4,453753
69441.7,453753
69438.3,453753
69439.7,453753
69440.8,453753
69444.1,453753
69438,453753
69439.5,453753
69432.9,453753
69418.8,453753
69431.7,453753
69433.8,453753
69410.9,453753
69430.6,453753
69435.6,453753
69438.3,453753
69433.2,453753
69426.7,453753
69430,453753
69424.7,453753
69432.5,453753
69440.3,453753
69441.3,453753
69436.5,453753
69437.8,453753
69440.5,453753
69434.9,453753
69437.5,453753
69435.1,453753
69422.8,453753
69424.4,453753
69438.3,453753
69438.3,453753
69442,453753
69441,453753
69437.7,453753
69446,453753
69409.8,453753
69439.5,453753
69437.4,453753
69440.4,453753
69441,453753
69441.9,453753
69445,453753
69442.8,453753
69442.5,453753
69446.2,453753
69444.7,453753
69442.2,453753
69442.9,453753
69436.9,453753
69438.3,453753
69441.4,453753
69442.5,453753
69444.1,453753
69436.3,453753
69442.6,453753
69440.5,453753
69443.9,453753
69442.7,453753
69435.7,453753
69437.4,453753
69439.4,453753
69442.9,453753
69422.4,453753
69440.1,453753
69444.5,453753
69437.6,453753
69439.6,453753
69436.7,453753
69435.8,453753
69436.9,453753
69441,453753
69430.6,453753
69398.8,453753
69434.3,453753
69441.5,453753
69443.9,453753
69443.8,453753
69440.3,453753
69436.3,453753
69434.8,453753
69438.6,453753
69440.9,453753
69434.2,453753
69433.7,453753
69445,453753
69437.4,453753
69439.2,453753
69436.4,453753
69435.2,453753
69430.3,453753
69434.9,453753
69437.3,453753
69444.3,453753
69440.3,453753
69445.6,453753
69441.7,453753
69437,453753
69440.2,453753
69443.9,453753
69436.6,453753
69445.4,453753
69444,453753
69441.9,453753
69436.1,453753
69435.8,453753
69437.2,453753
69435.9,453753
69441.7,453753
69442.1,453753
69421.7,453753
69372.2,453753
69386.3,453753
69439.6,453753
69441.1,453753
69441.7,453753
69442.3,453753
69439.1,453753
69433.3,453753
69443.1,453753
69439.6,453753
69440.9,453753
69433.2,453753
69443.6,453753
69438.7,453753
69418.5,453753
69432.3,453753
69440.4,453753
69440.1,453753
69438.1,453753
69435.8,453753
69434.5,453753
69443.6,453753
69446.3,453753
69440.7,453753
69433.9,453753
69440.7,453753
69431.7,453753
69431.5,453753
69439.8,453753
69442,453753
69440.6,453753
69435.6,453753
69433,453753
69429.9,453753
69433.3,453753
69440.1,453753
69441.3,453753
69443.4,453753
69445.4,453753
69444.7,453753
69438.7,453753
69440.4,453753
69442.6,453753
69442.2,453753
69443.7,453753
69441.7,453753
69440.9,453753
69439.7,453753
69442.8,453753
69445.2,453753
69441.4,453753
69441.7,453753
69443.6,453753
69443.8,453753
69442.1,453753
69435.6,453753
69440.3,453753
69436.3,453753
69443.4,453753
69433.4,453753
69439,453753
69426.7,453753
69417.2,453753
69440.2,453753
69436.3,453753
69443.2,453753
69446.2,453753
69442.2,453753
69440.6,453753
69444.8,453753
69440.7,453753
69441.7,453753
69440.5,453753
69434.7,453753
69433.4,453753
69440.7,453753
69440.4,453753
69440.4,453753
69443.3,453753
69442.8,453753
69435.6,453753
69440.4,453753
69439.4,453753
69444.2,453753
69438.3,453753
69438.2,453753
69441,453753
69441.7,453753
69444.9,453753
69438.8,453753
69446.6,453753
69439.1,453753
69436.7,453753
69443.9,453753
69443.4,453753
69443,453753
69442.9,453753
69441.7,453753
69442.9,453753
69442.3,453753
69442.6,453753
69446.2,453753
69438.6,453753
69439,453753
69440,453753
69442.2,453753
69444.6,453753
69436,453753
69428.2,453753
69414.5,453753
69435.3,453753
69438.2,453753
69445,453753
69435.4,453753
69442.1,453753
69435.8,453753
69436.4,453753
69434.6,453753
69440.9,453753
69437.2,453753
69379.1,453753
69439.8,453753
69441.9,453753
69438.4,453753
69441.5,453753
69437.7,453753
69440.2,453753
69439.7,453753
69435.9,453753
69426.7,453753
69439.6,453753
69440.3,453753
69441.4,453753
69444.6,453753
69445.5,453753
69440.7,453753
69440.1,453753
69439.1,453753
69444.1,453753
69441.4,453753
69444.9,453753
69442.2,453753
69439,453753
69415.9,453753
69441.7,453753
69429.3,453753
69423.3,453753
69435.6,453753
69434.9,453753
69442.5,453753
69440.4,453753
69442.1,453753
69444.8,453753
69442.9,453753
69442.2,453753
69437.1,453753
69439.1,453753
69442.4,453753
69440.7,453753
69441.7,453753
69439.2,453753
69440.2,453753
69334.2,453753
69165.2,453753
69386.9,453753
69435.8,453753
69433.9,453753
69432.9,453753
69442.7,453753
69438.3,453753
69441.9,453753
69444,453753
69438.7,453753
69403.3,453753
69427.6,453753
69435,453753
69441.2,453753
69441.7,453753
69437.1,453753
69435.7,453753
69433.7,453753
69437.3,453753
69438.2,453753
69441.2,453753
69441.9,453753
69445,453753
69447.2,453753
69444.5,453753
69433.1,453753
69446.4,453753
69444.6,453753
69443.5,453753
69443.3,453753
69441,453753
69440.3,453753
69443.6,453753
69445.2,453753
69441.8,453753
69438.2,453753
69444.2,453753
69441.1,453753
69443.4,453753
69440.9,453753
69441.3,453753
69445.6,453753
69437.2,453753
69437.7,453753
69431.2,453753
69400.2,453753
69434.9,453753
69443.2,453753
69430.6,453753
69434.1,453753
69435.9,453753
69437.1,453753
69434.6,453753
69438,453753
69440.4,453753
69440.1,453753
69434.3,453753
69442.3,453753
69436.8,453753
69429.2,453753
69428.5,453753
69441.2,453753
69440,453753
69438.7,453753
69442.9,453753
69440.5,453753
69438.6,453753
69441.2,453753
69435.7,453753
69436.4,453753
69444.4,453753
69440.5,453753
69436,453753
69433.2,453753
69442.2,453753
69445.8,453753
69444.1,453753
69445.8,453753
69435.8,453753
69431.4,453753
69445,453753
69442.7,453753
69442.3,453753
69444.5,453753
69445.9,453753
69444.3,453753
69440.4,453753
69440,453753
69435.6,453753
69440.3,453753
69442.6,453753
69435.5,453753
69435.5,453753
69428.3,453753
69436,453753
69439.3,453753
69434.6,453753
69439.9,453753
69445.8,453753
69440.5,453753
69441.6,453753
69436.5,453753
69433.7,453753
69438,453753
69439.7,453753
69440.3,453753
69442.5,453753
69442.3,453753
69444.2,453753
69447,453753
69445.8,453753
69440.5,453753
69440.1,453753
69443.1,453753
69438.2,453753
69446.7,453753
69442.4,453753
69443.3,453753
69444.6,453753
69444.6,453753
69448.2,453753
69439.9,453753
69437.4,453753
69436.1,453753
69435.1,453753
69441.4,453753
69442.1,453753
69432,453753
69444.1,453753
69439.8,453753
69435.6,453753
69437.8,453753
69436.7,453753
69431.9,453753
69442.1,453753
69438.1,453753
69440.8,453753
69441.7,453753
69441.7,453753
69445.2,453753
69445.3,453753
69438.4,453753
69445.3,453753
69444.5,453753
69444.9,453753
69444.3,453753
69434.7,453753
69441.3,453753
69446.6,453753
69445.7,453753
69442.1,453753
69446.9,453753
69442.3,453753
69436.7,453753
69427.9,453753
69438.3,453753
69433.2,453753
69441.9,453753
69439.9,453753
69443.7,453753
69438.2,453753
69436.6,453753
69439.2,453753
69442.6,453753
69416.1,453753
69432.5,453753
69433,453753
69438.4,453753
69423.6,453753
69442.2,453753
69438.8,453753
69445.2,453753
69446.8,453753
69446.3,453753
69447.9,453753
69443.9,453753
69442.9,453753
69443.9,453753
69437.3,453753
69434.8,453753
69445.5,453753
69442.6,453753
69441,453753
69440.8,453753
69441.6,453753
69443.5,453753
69445.3,453753
69440.7,453753
69443,453753
69446,453753
69435.7,453753
69437.5,453753
69444.1,453753
69440.9,453753
69442,453753
69440.8,453753
69438.1,453753
69438.6,453753
69437.8,453753
69425,453753
69427.5,453753
69436.1,453753
69438.5,453753
69443.7,453753
69443,453753
69441.3,453753
69443.9,453753
69443.5,453753
69445.8,453753
69443.9,453753
69438.9,453753
69424.6,453753
69440.1,453753
69444.4,453753
69438.1,453753
69437.2,453753
69445.6,453753
69446.6,453753
69448.4,453753
69442.8,453753
69434.8,453753
69433.4,453753
69433.1,453753
69445.4,453753
69438.6,453753
69437.2,453753
69427.6,453753
69426.7,453753
69417.3,453753
69442.9,453753
69440.1,453753
69445.5,453753
69429.5,453753
69442.3,453753
69440.8,453753
69444.2,453753
69443,453753
69443.8,453753
69444.4,453753
69445.5,453753
69442.1,453753
69443.5,453753
69437.4,453753
69440.9,453753
69445.3,453753
69447.3,453753
69448.9,453753
69447,453753
69444.6,453753
69442.9,453753
69438,453753
69443.4,453753
69443.9,453753
69438.5,453753
69438.9,453753
69437.5,453753
69441.1,453753
69433.9,453753
69437.8,453753
69440.8,453753
69438.3,453753
69427,453753
69443.7,453753
69439.9,453753
69444,453753
69437.7,453753
69441.5,453753
69446.8,453753
69441.5,453753
69442.4,453753
69444.2,453753
69443.7,453753
69444.3,453753
69443.3,453753
69445.8,453753
69443.8,453753
69442.7,453753
69439.8,453753
69434.6,453753
69406.9,453753
69438.1,453753
69438.8,453753
69440.3,453753
69431.2,453753
69422.9,453753
69439.1,453753
69439.9,453753
69435.6,453753
69426.4,453753
69434.1,453753
69437.4,453753
69415.3,453753
69438.6,453753
69441.8,453753
69443,453753
69438.2,453753
69443.7,453753
69417.4,453753
69425.6,453753
69441.3,453753
69438.3,453753
69444.3,453753
69438,453753
69447.2,453753
69443.8,453753
69444.4,453753
69445.3,453753
69442.9,453753
69441.7,453753
69440.5,453753
69438.1,453753
69434.9,453753
69428,453753
69424.5,453753
69440.7,453753
69441.9,453753
69443.8,453753
69436.7,453753
69439.2,453753
69443.4,453753
69446.7,453753
69446.7,453753
69446,453753
69446.5,453753
69446.2,453753
69439.5,453753
69435.7,453753
69443.9,453753
69444.1,453753
69445.4,453753
69441.7,453753
69445.8,453753
69446.4,453753
69439.8,453753
69441.7,453753
69439.9,453753
69439,453753
69445.6,453753
69450.3,453753
69438.5,453753
69441.2,453753
69434.5,453753
69446,453753
69443.8,453753
69444.3,453753
69445,453753
69439.5,453753
69426,453753
69441.2,453753
69442.9,453753
69444.2,453753
69430.3,453753
69434,453753
69443.4,453753
69447.3,453753
69444,453753
69452.8,453546
