TRACE,NSNPS_JACKKNIFE
69152.8,453753
69151.4,453753
69150.2,453753
69151.1,453753
69148.3,453753
69150.3,453753
69148.5,453753
69146.4,453753
69148.4,453753
69146.8,453753
69146.3,453753
69142.1,453753
69150.8,453753
69146.2,453753
69150.7,453753
69149.9,453753
69143.7,453753
69134.8,453753
69137.9,453753
69144.6,453753
69148.6,453753
69151.6,453753
69147.3,453753
69147,453753
69150.3,453753
69146.8,453753
69142.3,453753
69145.3,453753
69147.4,453753
69149.8,453753
69147.3,453753
69148.5,453753
69145.5,453753
69143.9,453753
69149.8,453753
69148.3,453753
69145.7,453753
69140.4,453753
69146.4,453753
69148.1,453753
69150.2,453753
69146.6,453753
69146.6,453753
69139.6,453753
69144.4,453753
69145.5,453753
69147.6,453753
69149.4,453753
69150.4,453753
69151.6,453753
69151.9,453753
69137.9,453753
69142.9,453753
69145.9,453753
69141.1,453753
69147.9,453753
69147.6,453753
69137.4,453753
69141.7,453753
69140.8,453753
69148.2,453753
69153.1,453753
69150.6,453753
69149.1,453753
69144.5,453753
69150.4,453753
69147.3,453753
69144.4,453753
69142.8,453753
69143.9,453753
69132.7,453753
69149.9,453753
69150.4,453753
69152.5,453753
69151.8,453753
69148.8,453753
69150.4,453753
69148.1,453753
69151.3,453753
69150.2,453753
69138.8,453753
69146,453753
69152,453753
69153,453753
69152.1,453753
69146.7,453753
69151.3,453753
69151,453753
69149.9,453753
69149.6,453753
69140.5,453753
69136.9,453753
69150.3,453753
69113.1,453753
69149,453753
69144.3,453753
69147.1,453753
69145.7,453753
69149.9,453753
69151.6,453753
69142.7,453753
69144.6,453753
69141,453753
69136.8,453753
69142.2,453753
69143,453753
69147.6,453753
69144.9,453753
69146.8,453753
69148.3,453753
69148.4,453753
69142.5,453753
69142.9,453753
69137,453753
69136.2,453753
69145.4,453753
69149.3,453753
69145.3,453753
69145.1,453753
69140,453753
69143.3,453753
69150.2,453753
69144.1,453753
69144.2,453753
69147.9,453753
69147.8,453753
69142.5,453753
69144.2,453753
69143.2,453753
69147.1,453753
69141.8,453753
69143,453753
69147,453753
69149,453753
69141,453753
69148.2,453753
69148.8,453753
69152.3,453753
69138.7,453753
69149.2,453753
69134.7,453753
69132.2,453753
69144,453753
69142.1,453753
69141.7,453753
69144.8,453753
69147.4,453753
69142.5,453753
69148.7,453753
69147.2,453753
69147.8,453753
69148.9,453753
69150.3,453753
69147.8,453753
69148.7,453753
69150.4,453753
69150.4,453753
69149.1,453753
69150,453753
69149.7,453753
69149.2,453753
69146,453753
69149.1,453753
69153.7,453753
69152.1,453753
69154.3,453753
69151.2,453753
69151.7,453753
69148.6,453753
69149,453753
69142.8,453753
69147,453753
69146.8,453753
69149.6,453753
69149,453753
69148,453753
69149.6,453753
69143.5,453753
69143.4,453753
69142.3,453753
69143.3,453753
69103,453753
69115.1,453753
69146.9,453753
69143.3,453753
69152,453753
69151.6,453753
69150.3,453753
69149.9,453753
69149.2,453753
69152.9,453753
69149.5,453753
69138.2,453753
69125.1,453753
69125,453753
69121.1,453753
69134.6,453753
69142,453753
69146.5,453753
69144.6,453753
69145,453753
69149.2,453753
69150.6,453753
69139.6,453753
69149.5,453753
69149.3,453753
69145.1,453753
69145.4,453753
69143.6,453753
69142.8,453753
69144.2,453753
69147.2,453753
69150.7,453753
69148,453753
69140,453753
69144.3,453753
69129.7,453753
69131.8,453753
69139.4,453753
69135.5,453753
69152.5,453753
69151.8,453753
69146.3,453753
69150.6,453753
69144.8,453753
69149.7,453753
69149.9,453753
69150,453753
69147.9,453753
69150.2,453753
69147.8,453753
69134.4,453753
69141,453753
69151.5,453753
69153.9,453753
69149,453753
69144.2,453753
69144.6,453753
69140.7,453753
69146.6,453753
69144.5,453753
69150,453753
69150.6,453753
69147.2,453753
69147.8,453753
69146.7,453753
69150.9,453753
69147,453753
69146.5,453753
69137.3,453753
69135.4,453753
69148.2,453753
69144,453753
69140.3,453753
69144.3,453753
69142.1,453753
69143.5,453753
69150.1,453753
69132.1,453753
69148.1,453753
69150.1,453753
69142.3,453753
69125.9,453753
69142.4,453753
69144,453753
69141.5,453753
69145.9,453753
69116.5,453753
69147.5,453753
69145.3,453753
69145,453753
69127.2,453753
69146.9,453753
69144.6,453753
69143.2,453753
69138.8,453753
69149.4,453753
69151.7,453753
69143.2,453753
69135.6,453753
69146.2,453753
69142.9,453753
69147.5,453753
69147.8,453753
69145.1,453753
69150.8,453753
69149.7,453753
69143.5,453753
69147,453753
69151.9,453753
69151.4,453753
69151.4,453753
69154.2,453753
69151.2,453753
69150.2,453753
69149,453753
69149,453753
69147.5,453753
69151.2,453753
69152.7,453753
69150.7,453753
69150.6,453753
69153.9,453753
69148.9,453753
69149.5,453753
69151.9,453753
69149.2,453753
69148.7,453753
69148.5,453753
69151.2,453753
69149.2,453753
69147.4,453753
69136.7,453753
69126.1,453753
69117.5,453753
69142.8,453753
69147.9,453753
69143.7,453753
69142.5,453753
69143,453753
69145.5,453753
69148.5,453753
69146.6,453753
69150.9,453753
69145.3,453753
69141.9,453753
69147.2,453753
69146.8,453753
69144.6,453753
69141.2,453753
69124.7,453753
69143.2,453753
69145,453753
69150.8,453753
69141.3,453753
69149.5,453753
69143.1,453753
69148,453753
69149.1,453753
69143.9,453753
69138.1,453753
69145.4,453753
69131.5,453753
69129,453753
69148.2,453753
69140.8,453753
69148.7,453753
69144.2,453753
69145.7,453753
69107.7,453753
69146.9,453753
69147.5,453753
69148.8,453753
69151.9,453753
69151.6,453753
69150.4,453753
69151.6,453753
69154.4,453753
69151.5,453753
69147.1,453753
69151,453753
69151.1,453753
69146.8,453753
69152.7,453753
69144.3,453753
69150,453753
69148,453753
69152.3,453753
69143.5,453753
69150.4,453753
69151.7,453753
69143.6,453753
69147.4,453753
69148.9,453753
69148,453753
69146.9,453753
69139.9,453753
69132,453753
69142.5,453753
69139.7,453753
69116.4,453753
69134.4,453753
69140.9,453753
69143.2,453753
69140.6,453753
69136.9,453753
69137,453753
69136.1,453753
69144.4,453753
69148.7,453753
69145.9,453753
69142.9,453753
69140.2,453753
69148.8,453753
69142.5,453753
69143.1,453753
69142.5,453753
69130.4,453753
69136,453753
69146.6,453753
69149.6,453753
69147.7,453753
69148.3,453753
69151,453753
69150.8,453753
69124.2,453753
69144.8,453753
69146.2,453753
69146.8,453753
69149.1,453753
69150.2,453753
69152.3,453753
69145.7,453753
69149.5,453753
69150.7,453753
69152.3,453753
69149.1,453753
69146.7,453753
69139.3,453753
69148.5,453753
69149.2,453753
69149.3,453753
69150.5,453753
69148.4,453753
69151.3,453753
69144,453753
69150.5,453753
69149,453753
69139.9,453753
69147.2,453753
69146.4,453753
69149.3,453753
69132.8,453753
69147.4,453753
69146.8,453753
69149.8,453753
69150.8,453753
69145.1,453753
69146,453753
69144.3,453753
69145,453753
69133.5,453753
69104.9,453753
69144.8,453753
69143.2,453753
69148.1,453753
69150.4,453753
69150.1,453753
69146.4,453753
69141.2,453753
69146.1,453753
69150.6,453753
69137.5,453753
69138.1,453753
69150.1,453753
69147.2,453753
69147.1,453753
69144.7,453753
69145.3,453753
69140.3,453753
69139.6,453753
69145.1,453753
69151.3,453753
69140.5,453753
69151.8,453753
69148.5,453753
69147.3,453753
69146.7,453753
69151,453753
69143.7,453753
69153.1,453753
69154.2,453753
69152.6,453753
69144.3,453753
69143.2,453753
69143.1,453753
69144.8,453753
69151.1,453753
69148.5,453753
69129.2,453753
69088.5,453753
69104.3,453753
69143.4,453753
69149.3,453753
69149.3,453753
69143.4,453753
69144.1,453753
69138.4,453753
69147.4,453753
69148.6,453753
69150.5,453753
69140,453753
69147.4,453753
69146.8,453753
69124.7,453753
69142.3,453753
69147.1,453753
69144.4,453753
69149.6,453753
69143.3,453753
69146.2,453753
69152.1,453753
69152.4,453753
69143.3,453753
69143.6,453753
69146.3,453753
69144.5,453753
69146.4,453753
69149.2,453753
69151.9,453753
69144.9,453753
69145.8,453753
69143.9,453753
69136.2,453753
69139.5,453753
69149.9,453753
69149.3,453753
69150.2,453753
69153,453753
69155.1,453753
69144.7,453753
69147.2,453753
69148.3,453753
69147,453753
69149.7,453753
69151.7,453753
69148.2,453753
69143.5,453753
69150.9,453753
69151.8,453753
69150.2,453753
69153.1,453753
69152.8,453753
69150.4,453753
69149.1,453753
69143.4,453753
69151.1,453753
69143.4,453753
69149,453753
69138.3,453753
69146.3,453753
69135.1,453753
69125.6,453753
69147.5,453753
69140.5,453753
69146.9,453753
69146.9,453753
69145.5,453753
69144.7,453753
69149.8,453753
69148.1,453753
69151,453753
69150.5,453753
69141.7,453753
69139.1,453753
69145.4,453753
69143.6,453753
69145,453753
69148.5,453753
69146.2,453753
69140.5,453753
69146.7,453753
69141.9,453753
69150.7,453753
69147.6,453753
69145.1,453753
69148.8,453753
69150.2,453753
69150.8,453753
69148,453753
69154.9,453753
69144.6,453753
69145.5,453753
69151.3,453753
69147.8,453753
69150.3,453753
69147.3,453753
69149.5,453753
69150.5,453753
69149.7,453753
69149.9,453753
69149.9,453753
69145.7,453753
69145.5,453753
69148.9,453753
69146.2,453753
69151.8,453753
69143.6,453753
69133.4,453753
69124.1,453753
69143.1,453753
69146.3,453753
69149.9,453753
69144,453753
69149.7,453753
69145.6,453753
69142.3,453753
69147.3,453753
69150.5,453753
69144.1,453753
69094.8,453753
69147.7,453753
69151,453753
69144.7,453753
69148.2,453753
69144.4,453753
69143.4,453753
69147.6,453753
69148.1,453753
69137.3,453753
69147.5,453753
69148.4,453753
69150.9,453753
69150.3,453753
69152.5,453753
69148.7,453753
69148.5,453753
69146.5,453753
69151.5,453753
69143.8,453753
69152.1,453753
69150.1,453753
69144.7,453753
69118.5,453753
69148.5,453753
69137.2,453753
69128.9,453753
69142.3,453753
69140.8,453753
69151.1,453753
69143.7,453753
69148.6,453753
69154.4,453753
69153.3,453753
69150.1,453753
69142.6,453753
69147,453753
69151.2,453753
69150.5,453753
69145.5,453753
69144.9,453753
69145.8,453753
69032.2,453753
68864.7,453753
69091.3,453753
69140.3,453753
69140.2,453753
69139.9,453753
69149.3,453753
69146.2,453753
69147.7,453753
69148.5,453753
69144.7,453753
69122.6,453753
69140.5,453753
69137.3,453753
69148.9,453753
69152.7,453753
69145.6,453753
69139.9,453753
69141.9,453753
69146.3,453753
69147,453753
69149,453753
69150,453753
69147.9,453753
69152.9,453753
69151.3,453753
69144,453753
69152.2,453753
69150.4,453753
69153.8,453753
69151.5,453753
69146.7,453753
69148,453753
69153,453753
69154.3,453753
69148.3,453753
69144.3,453753
69151.1,453753
69149.3,453753
69148,453753
69149,453753
69147.1,453753
69150.4,453753
69147.2,453753
69145.1,453753
69136,453753
69117.3,453753
69144.4,453753
69144.8,453753
69137.7,453753
69139,453753
69145.5,453753
69146.5,453753
69143.1,453753
69148.7,453753
69150.3,453753
69149.1,453753
69145.2,453753
69149.6,453753
69147.3,453753
69134,453753
69136.6,453753
69149.9,453753
69145.3,453753
69141.7,453753
69151.2,453753
69147.9,453753
69147.6,453753
69150.9,453753
69145.9,453753
69143.5,453753
69151.1,453753
69149.4,453753
69143.9,453753
69137.8,453753
69153.4,453753
69152.1,453753
69152.2,453753
69151.9,453753
69142.8,453753
69145.9,453753
69153.9,453753
69149.3,453753
69148.2,453753
69150.1,453753
69153.7,453753
69148.5,453753
69150,453753
69148.9,453753
69149.6,453753
69151.2,453753
69150.6,453753
69146.7,453753
69141.6,453753
69134.4,453753
69145.4,453753
69144.4,453753
69147.3,453753
69146,453753
69151,453753
69148.8,453753
69150.6,453753
69147.3,453753
69139.6,453753
69143.3,453753
69153.4,453753
69147.8,453753
69150.2,453753
69153.6,453753
69148.7,453753
69155.9,453753
69151.7,453753
69151.8,453753
69147.9,453753
69149.9,453753
69146.8,453753
69151.3,453753
69151.8,453753
69153.8,453753
69148.2,453753
69152.5,453753
69152.6,453753
69146.2,453753
69145.4,453753
69142,453753
69139.7,453753
69148.1,453753
69148.7,453753
69133.5,453753
69149.8,453753
69148.4,453753
69141.5,453753
69148.8,453753
69143.7,453753
69141.3,453753
69148,453753
69147.1,453753
69149.2,453753
69147.8,453753
69149.5,453753
69151.1,453753
69147.5,453753
69143.6,453753
69151.8,453753
69149.7,453753
69150.3,453753
69151.2,453753
69147,453753
69151,453753
69154.8,453753
69154.1,453753
69148.3,453753
69152.7,453753
69149.4,453753
69148.7,453753
69138.1,453753
69148.3,453753
69142.3,453753
69148.3,453753
69147.8,453753
69152.4,453753
69146.5,453753
69143.5,453753
69145.5,453753
69151.7,453753
69132.1,453753
69142.2,453753
69144.5,453753
69148.6,453753
69126.5,453753
69149.8,453753
69146.6,453753
69149.5,453753
69156,453753
69152.1,453753
69157.9,453753
69151.6,453753
69148.7,453753
69150.1,453753
69146.6,453753
69149.7,453753
69155.5,453753
69152.5,453753
69152.4,453753
69150.2,453753
69149.7,453753
69149.8,453753
69153.8,453753
69146.3,453753
69148.2,453753
69151.7,453753
69142.8,453753
69140.2,453753
69153.2,453753
69147.5,453753
69151.2,453753
69147.7,453753
69148.3,453753
69150.4,453753
69146.8,453753
69131.6,453753
69135.9,453753
69140.8,453753
69147.3,453753
69151.6,453753
69150.1,453753
69147.8,453753
69152.3,453753
69152.4,453753
69151,453753
69151.4,453753
69146.4,453753
69139.6,453753
69151.5,453753
69149.9,453753
69147.5,453753
69141.5,453753
69155,453753
69152.3,453753
69153.3,453753
69149.7,453753
69144.8,453753
69143.1,453753
69145.7,453753
69153.1,453753
69149.3,453753
69147.2,453753
69132.9,453753
69131.9,453753
69119.7,453753
69150.7,453753
69145.4,453753
69151.5,453753
69137.1,453753
69147.8,453753
69150.1,453753
69151.9,453753
69151.4,453753
69153.6,453753
69149.2,453753
69152.3,453753
69148,453753
69149.3,453753
69143.7,453753
69147.9,453753
69151.7,453753
69157.1,453753
69155.2,453753
69153.6,453753
69150.7,453753
69150.9,453753
69146.9,453753
69148.4,453753
69149.4,453753
69149.6,453753
69147.6,453753
69146.2,453753
69148.4,453753
69146.5,453753
69143,453753
69147.6,453753
69148.1,453753
69135.1,453753
69147.5,453753
69151.1,453753
69151.3,453753
69146.7,453753
69149.8,453753
69151.7,453753
69150,453753
69152.6,453753
69149.8,453753
69153.1,453753
69151.6,453753
69150.3,453753
69148.3,453753
69153.6,453753
69151.1,453753
69145.4,453753
69143.3,453753
69113.6,453753
69144.2,453753
69146.1,453753
69150.9,453753
69139.6,453753
69125.8,453753
69143.5,453753
69149.2,453753
69148.3,453753
69133.7,453753
69142.3,453753
69140.1,453753
69121.9,453753
69145.1,453753
69148.9,453753
69151.6,453753
69143.5,453753
69152.3,453753
69114.6,453753
69135.3,453753
69144.6,453753
69145.1,453753
69154.2,453753
69145.3,453753
69150.6,453753
69153.5,453753
69152.6,453753
69150.3,453753
69151.2,453753
69150.1,453753
69146.5,453753
69143.6,453753
69141.6,453753
69131.2,453753
69133.5,453753
69148.2,453753
69149.7,453753
69149.8,453753
69146.2,453753
69147,453753
69151.2,453753
69150.7,453753
69152.1,453753
69150.7,453753
69152.7,453753
69150.9,453753
69147.7,453753
69145.6,453753
69154.2,453753
69153.1,453753
69148.5,453753
69148.2,453753
69153.1,453753
69150.9,453753
69150,453753
69147.1,453753
69151.1,453753
69147.1,453753
69150.5,453753
69153.8,453753
69152.4,453753
69149.2,453753
69142.5,453753
69150.3,453753
69153.9,453753
69150.2,453753
69154.1,453753
69149.3,453753
69133.6,453753
69147.5,453753
69152.4,453753
69149.2,453753
69137.5,453753
69137.7,453753
69153.9,453753
69148.7,453753
69151.7,453753
69154.1,453546
