TRACE,NSNPS_JACKKNIFE
69203.1,453753
69203.1,453753
69203.2,453753
69200.3,453753
69196.5,453753
69202.1,453753
69198.2,453753
69197.6,453753
69200,453753
69198,453753
69198.2,453753
69195.5,453753
69202.6,453753
69196,453753
69200.4,453753
69198.9,453753
69196.9,453753
69184.5,453753
69189.2,453753
69189.9,453753
69199.7,453753
69200.5,453753
69199.6,453753
69201.3,453753
69201.3,453753
69201.6,453753
69191.4,453753
69193.2,453753
69195.9,453753
69196.6,453753
69197.7,453753
69193.4,453753
69196.1,453753
69193.7,453753
69197.3,453753
69199.3,453753
69197.1,453753
69196.7,453753
69195.9,453753
69199.8,453753
69199.8,453753
69198.9,453753
69192.7,453753
69189.5,453753
69191.3,453753
69195.4,453753
69198.1,453753
69201.7,453753
69198.1,453753
69199.5,453753
69199.5,453753
69189.9,453753
69192.1,453753
69196.6,453753
69195.2,453753
69199.4,453753
69196.1,453753
69187.4,453753
69194,453753
69193.2,453753
69198.4,453753
69203.8,453753
69198.9,453753
69196.9,453753
69199,453753
69198.4,453753
69199,453753
69196.3,453753
69198.6,453753
69197.6,453753
69183.3,453753
69199.5,453753
69200.4,453753
69202.6,453753
69202.9,453753
69203.6,453753
69202.8,453753
69199.5,453753
69202.7,453753
69197.4,453753
69188.5,453753
69201.4,453753
69202.5,453753
69205,453753
69205.9,453753
69199.9,453753
69202.5,453753
69203,453753
69198.2,453753
69202.1,453753
69194.3,453753
69189.8,453753
69200.7,453753
69158.6,453753
69199.3,453753
69197.9,453753
69199,453753
69198.3,453753
69199.3,453753
69199.6,453753
69190.9,453753
69196.3,453753
69190.5,453753
69188.4,453753
69189.1,453753
69192.1,453753
69199.4,453753
69203.8,453753
69197.2,453753
69195.7,453753
69201.6,453753
69197.2,453753
69196.6,453753
69191.8,453753
69187.8,453753
69191.6,453753
69200.9,453753
69199.5,453753
69192.7,453753
69193.6,453753
69191.9,453753
69203.2,453753
69197.4,453753
69198.8,453753
69200.9,453753
69196.7,453753
69195.3,453753
69195.9,453753
69192.3,453753
69200.1,453753
69194.1,453753
69195.2,453753
69194.4,453753
69195.8,453753
69194.4,453753
69200.5,453753
69200.1,453753
69201,453753
69191,453753
69199.8,453753
69186.1,453753
69182.9,453753
69194.1,453753
69195.6,453753
69193.3,453753
69192.2,453753
69197.4,453753
69197.4,453753
69197.9,453753
69197.6,453753
69200.3,453753
69198,453753
69199.1,453753
69196.8,453753
69198,453753
69198.4,453753
69197.2,453753
69202.8,453753
69201.3,453753
69198.4,453753
69193.8,453753
69197.9,453753
69199.5,453753
69203.8,453753
69205.4,453753
69201.6,453753
69202.4,453753
69202.5,453753
69199,453753
69199.8,453753
69194.3,453753
69196.9,453753
69200.2,453753
69203.2,453753
69200.3,453753
69197.2,453753
69198.7,453753
69197.7,453753
69196.7,453753
69194.8,453753
69196,453753
69152.9,453753
69156.9,453753
69194.7,453753
69198.1,453753
69203.7,453753
69199.1,453753
69202.7,453753
69203.7,453753
69199.5,453753
69204.6,453753
69199.5,453753
69192.1,453753
69177.8,453753
69175.5,453753
69173.4,453753
69189.3,453753
69196.1,453753
69201.4,453753
69199,453753
69196.1,453753
69198.9,453753
69196.9,453753
69185,453753
69197.6,453753
69198.8,453753
69197,453753
69200.2,453753
69195.3,453753
69191.9,453753
69191.9,453753
69200.7,453753
69201.3,453753
69199.5,453753
69196.2,453753
69195.4,453753
69190.4,453753
69182.9,453753
69190.8,453753
69188,453753
69202.4,453753
69200.1,453753
69198.7,453753
69199.2,453753
69194.6,453753
69202.4,453753
69203.2,453753
69200.7,453753
69202,453753
69202.3,453753
69196.6,453753
69190.8,453753
69191.7,453753
69203,453753
69204.9,453753
69200,453753
69195.5,453753
69197.7,453753
69190,453753
69200.1,453753
69194.8,453753
69199.3,453753
69203.7,453753
69196.6,453753
69196.9,453753
69201.2,453753
69200.1,453753
69202.5,453753
69199.5,453753
69190.2,453753
69185.1,453753
69198.7,453753
69197.1,453753
69191.1,453753
69196,453753
69195.9,453753
69196.5,453753
69195.9,453753
69185.6,453753
69192.5,453753
69200.8,453753
69190.9,453753
69183.6,453753
69194.4,453753
69196.4,453753
69194,453753
69195.3,453753
69176.8,453753
69199.1,453753
69198.9,453753
69197.2,453753
69188.5,453753
69194.4,453753
69194.4,453753
69194.2,453753
69193.3,453753
69199,453753
69201.5,453753
69197,453753
69192.9,453753
69197.9,453753
69197.1,453753
69201.2,453753
69198.2,453753
69193.4,453753
69200.2,453753
69201.9,453753
69194.4,453753
69198,453753
69201.8,453753
69202.4,453753
69203.1,453753
69202.3,453753
69204.7,453753
69202.9,453753
69202.4,453753
69199.1,453753
69197.2,453753
69200.6,453753
69200.7,453753
69198.1,453753
69199.5,453753
69205.9,453753
69195.9,453753
69200.4,453753
69201.7,453753
69198.2,453753
69200.1,453753
69197.6,453753
69201.3,453753
69201.7,453753
69194.3,453753
69192.1,453753
69179.1,453753
69168.5,453753
69194.1,453753
69197.7,453753
69194,453753
69197,453753
69194.6,453753
69197.8,453753
69200,453753
69194.9,453753
69198.5,453753
69193.1,453753
69193.6,453753
69192.4,453753
69196.8,453753
69195.6,453753
69191.9,453753
69174.8,453753
69198.2,453753
69199.2,453753
69199.1,453753
69195.9,453753
69199.9,453753
69193.8,453753
69197.2,453753
69199.3,453753
69193.8,453753
69185.9,453753
69195.4,453753
69180.4,453753
69179.2,453753
69199.1,453753
69195.5,453753
69201.9,453753
69196.3,453753
69195.6,453753
69164.9,453753
69198.3,453753
69198.9,453753
69201,453753
69202.7,453753
69202.8,453753
69203,453753
69202.7,453753
69201.8,453753
69202.1,453753
69197.5,453753
69204.3,453753
69202.4,453753
69198.3,453753
69202.6,453753
69196.8,453753
69202.9,453753
69200.3,453753
69200.8,453753
69198.2,453753
69201.7,453753
69200.9,453753
69197.5,453753
69197.2,453753
69197.6,453753
69195.4,453753
69203.4,453753
69191,453753
69171.3,453753
69190.6,453753
69188.6,453753
69160.8,453753
69184.2,453753
69193.2,453753
69199.1,453753
69194.3,453753
69191.2,453753
69190.8,453753
69187.4,453753
69197.6,453753
69200.1,453753
69197.4,453753
69194,453753
69192.7,453753
69197,453753
69196.7,453753
69196.3,453753
69193.5,453753
69183.1,453753
69187.5,453753
69198.9,453753
69197.5,453753
69198.4,453753
69201.9,453753
69196.9,453753
69202.9,453753
69178.1,453753
69194.8,453753
69198.3,453753
69196.4,453753
69198.2,453753
69199.5,453753
69202.5,453753
69198.1,453753
69203.4,453753
69201.2,453753
69201.5,453753
69201.1,453753
69199.7,453753
69190.7,453753
69194.8,453753
69198.3,453753
69198.6,453753
69198.7,453753
69194.2,453753
69202.3,453753
69201,453753
69201,453753
69200,453753
69191,453753
69196.3,453753
69198.8,453753
69199,453753
69183.7,453753
69192.3,453753
69202.1,453753
69199.2,453753
69201.6,453753
69198.2,453753
69195.5,453753
69195.8,453753
69194,453753
69186.8,453753
69159.8,453753
69194.8,453753
69194.5,453753
69198.3,453753
69204.4,453753
69200.4,453753
69191.9,453753
69189.5,453753
69197.5,453753
69200.3,453753
69191.5,453753
69191.5,453753
69199.9,453753
69198.1,453753
69199,453753
69194.7,453753
69194.2,453753
69192.4,453753
69188.5,453753
69201.1,453753
69202.7,453753
69198.6,453753
69203.8,453753
69199.3,453753
69200.5,453753
69197.1,453753
69201.9,453753
69195.2,453753
69203.2,453753
69204,453753
69200.9,453753
69193.4,453753
69193.1,453753
69196.7,453753
69198.2,453753
69198.4,453753
69203.8,453753
69179.4,453753
69142.2,453753
69155.3,453753
69197.8,453753
69196,453753
69198.4,453753
69198.3,453753
69197,453753
69189.8,453753
69199.7,453753
69199,453753
69202.4,453753
69192.2,453753
69196.5,453753
69197.2,453753
69181.7,453753
69191,453753
69196.2,453753
69197.1,453753
69198.7,453753
69197,453753
69199.3,453753
69203.3,453753
69201.5,453753
69196.9,453753
69192.7,453753
69196.9,453753
69192,453753
69194.5,453753
69200.4,453753
69204.4,453753
69196.9,453753
69194.3,453753
69194.7,453753
69191.1,453753
69189.2,453753
69202.1,453753
69199.4,453753
69201.6,453753
69202.4,453753
69203.9,453753
69198.4,453753
69199.5,453753
69202.2,453753
69199.8,453753
69199.6,453753
69200.4,453753
69200.8,453753
69199.8,453753
69204,453753
69204.4,453753
69198.2,453753
69202.1,453753
69202.4,453753
69201.3,453753
69199.2,453753
69194.3,453753
69203,453753
69194.3,453753
69201,453753
69194.7,453753
69199.7,453753
69186.7,453753
69180.2,453753
69198,453753
69197.5,453753
69196.6,453753
69203.4,453753
69195,453753
69201.8,453753
69202.5,453753
69198.2,453753
69204.5,453753
69197.7,453753
69190.3,453753
69190.8,453753
69196.6,453753
69195.8,453753
69198,453753
69201.8,453753
69199.4,453753
69196,453753
69200.4,453753
69200.6,453753
69198.1,453753
69199,453753
69197.7,453753
69199.7,453753
69200.3,453753
69199.9,453753
69202.7,453753
69203.5,453753
69200.4,453753
69196.5,453753
69200.6,453753
69202,453753
69202.1,453753
69199.1,453753
69201,453753
69199.1,453753
69202.7,453753
69203.4,453753
69201.1,453753
69195.3,453753
69199.1,453753
69200.8,453753
69198,453753
69201.2,453753
69191.8,453753
69187.1,453753
69175.1,453753
69193.8,453753
69198.3,453753
69202.7,453753
69192.6,453753
69196.4,453753
69194.5,453753
69199.5,453753
69193.9,453753
69197,453753
69195.3,453753
69149.5,453753
69199.5,453753
69199.5,453753
69195.3,453753
69198.3,453753
69195.5,453753
69196.5,453753
69197.3,453753
69197.8,453753
69187.8,453753
69197.9,453753
69199.3,453753
69199.2,453753
69199.8,453753
69201.8,453753
69200.3,453753
69199,453753
69200.6,453753
69202,453753
69200,453753
69204.3,453753
69197.7,453753
69196.5,453753
69170.9,453753
69199.6,453753
69194.1,453753
69184.6,453753
69192,453753
69195.3,453753
69203.8,453753
69196.9,453753
69200.7,453753
69205.1,453753
69202.6,453753
69201.2,453753
69194.4,453753
69194.2,453753
69200.9,453753
69202.4,453753
69198.8,453753
69196.8,453753
69197.3,453753
69080.7,453753
68912.4,453753
69140.6,453753
69191.2,453753
69194.7,453753
69190.9,453753
69197.1,453753
69194.9,453753
69199.9,453753
69204.9,453753
69194.8,453753
69168.5,453753
69190.7,453753
69194.1,453753
69200.1,453753
69199.7,453753
69197.1,453753
69190.6,453753
69191.9,453753
69195,453753
69199.3,453753
69198.6,453753
69200.9,453753
69198.1,453753
69205.7,453753
69198.2,453753
69193.2,453753
69204.4,453753
69201.2,453753
69205.4,453753
69203.7,453753
69197.8,453753
69198.7,453753
69199.9,453753
69203,453753
69200.7,453753
69198.2,453753
69202.5,453753
69201.6,453753
69198.6,453753
69198.9,453753
69197.8,453753
69201.1,453753
69196.3,453753
69197.3,453753
69189.2,453753
69161.7,453753
69193.3,453753
69196.8,453753
69186.9,453753
69188.3,453753
69195,453753
69195.6,453753
69195.4,453753
69197.2,453753
69198.3,453753
69197.1,453753
69195.6,453753
69200.8,453753
69198.1,453753
69189.3,453753
69190.8,453753
69198.5,453753
69200.2,453753
69193.4,453753
69203,453753
69202,453753
69199,453753
69201.5,453753
69191.4,453753
69194.9,453753
69204.9,453753
69203.8,453753
69193.1,453753
69188.9,453753
69203.3,453753
69204,453753
69203,453753
69204.6,453753
69194.1,453753
69193,453753
69206.1,453753
69200.5,453753
69197.5,453753
69200.5,453753
69202.6,453753
69201.6,453753
69198.3,453753
69198.2,453753
69199.2,453753
69199.6,453753
69201.5,453753
69196.4,453753
69198.4,453753
69188.6,453753
69196.7,453753
69193.1,453753
69192,453753
69197.8,453753
69204.4,453753
69198.9,453753
69200.4,453753
69198.5,453753
69191.5,453753
69197.5,453753
69199.1,453753
69198.9,453753
69197,453753
69200.2,453753
69200.8,453753
69205.6,453753
69202.8,453753
69202.3,453753
69198.8,453753
69201.7,453753
69197.2,453753
69200.8,453753
69204.5,453753
69201.2,453753
69204,453753
69201.2,453753
69204.4,453753
69196.8,453753
69196.6,453753
69195.2,453753
69187.2,453753
69198.1,453753
69197.8,453753
69180.3,453753
69201,453753
69195.6,453753
69195.5,453753
69194.6,453753
69195,453753
69196.6,453753
69198.9,453753
69199.5,453753
69199.1,453753
69200.4,453753
69200.2,453753
69199.9,453753
69201.2,453753
69197.3,453753
69203.7,453753
69201.8,453753
69201.7,453753
69199.1,453753
69194.3,453753
69198.4,453753
69204.7,453753
69202.7,453753
69200.4,453753
69204.6,453753
69201.2,453753
69198.4,453753
69191.3,453753
69202.2,453753
69187.8,453753
69200.2,453753
69200.9,453753
69203.1,453753
69200.5,453753
69193.9,453753
69197.7,453753
69202.5,453753
69180,453753
69190.8,453753
69193.3,453753
69200.1,453753
69173.1,453753
69201.3,453753
69199.6,453753
69200.7,453753
69206.8,453753
69204.8,453753
69203.3,453753
69201.6,453753
69199.5,453753
69203.1,453753
69197.4,453753
69196.6,453753
69205.8,453753
69200.6,453753
69201.3,453753
69199.5,453753
69199.6,453753
69203.1,453753
69205.5,453753
69197.3,453753
69200.5,453753
69202,453753
69195.1,453753
69193.7,453753
69205.2,453753
69200.4,453753
69203.2,453753
69197.2,453753
69202.5,453753
69200.6,453753
69195.4,453753
69184.3,453753
69185.2,453753
69198.1,453753
69197.1,453753
69203.1,453753
69201.6,453753
69200.9,453753
69199.2,453753
69200.7,453753
69202.4,453753
69201.6,453753
69196.9,453753
69188.4,453753
69200.9,453753
69203.4,453753
69198.9,453753
69193.4,453753
69202.7,453753
69204.9,453753
69204.7,453753
69198.6,453753
69192.4,453753
69194.4,453753
69193.3,453753
69201.1,453753
69200.6,453753
69196.5,453753
69184.7,453753
69186.7,453753
69173.8,453753
69199,453753
69198.6,453753
69201.2,453753
69183.2,453753
69202.8,453753
69200.5,453753
69201.2,453753
69203.5,453753
69202.8,453753
69199.8,453753
69202.6,453753
69200.5,453753
69201.5,453753
69197,453753
69199.3,453753
69206.7,453753
69204.6,453753
69205.8,453753
69200.6,453753
69203.3,453753
69202,453753
69196.5,453753
69198.8,453753
69205.7,453753
69199.5,453753
69196.4,453753
69196.1,453753
69200.3,453753
69196.3,453753
69193.8,453753
69199.2,453753
69198.3,453753
69187.2,453753
69198.9,453753
69198.7,453753
69205.3,453753
69196.8,453753
69199.4,453753
69203.2,453753
69200.3,453753
69203.7,453753
69202.2,453753
69201.8,453753
69201.9,453753
69202.2,453753
69203.1,453753
69204.5,453753
69200.3,453753
69199.8,453753
69193.3,453753
69169.7,453753
69197.2,453753
69196.2,453753
69198.2,453753
69189.5,453753
69179.9,453753
69195.4,453753
69201.3,453753
69201.2,453753
69186.9,453753
69190.3,453753
69189.9,453753
69170.8,453753
69197.7,453753
69201.5,453753
69201.4,453753
69196.7,453753
69203.5,453753
69165.7,453753
69191.1,453753
69194,453753
69195.2,453753
69205.5,453753
69195.8,453753
69201.5,453753
69204.2,453753
69203.6,453753
69197.4,453753
69198.2,453753
69202,453753
69197.2,453753
69196.6,453753
69192.4,453753
69185.1,453753
69185.4,453753
69198.1,453753
69199.7,453753
69201.7,453753
69196.3,453753
69198.4,453753
69200,453753
69200.1,453753
69203.1,453753
69200.8,453753
69205.4,453753
69206.2,453753
69201.6,453753
69195.1,453753
69205.1,453753
69204.3,453753
69201,453753
69199.4,453753
69201.8,453753
69200.4,453753
69200.7,453753
69198,453753
69199.3,453753
69200.6,453753
69202.7,453753
69203.9,453753
69201.9,453753
69196.3,453753
69192.7,453753
69203.9,453753
69203.9,453753
69199.5,453753
69204,453753
69200.4,453753
69187.1,453753
69197.5,453753
69203.3,453753
69199,453753
69191,453753
69192.8,453753
69202.3,453753
69203.8,453753
69205.9,453753
69205.4,453546
