TRACE,NSNPS_JACKKNIFE
69363.9,453753
69363.9,453753
69359.6,453753
69363.2,453753
69359.8,453753
69361.7,453753
69359.2,453753
69354.3,453753
69362.6,453753
69355.1,453753
69357.6,453753
69350.7,453753
69359.8,453753
69356.7,453753
69363.3,453753
69357.6,453753
69351.5,453753
69343.7,453753
69345.4,453753
69350.1,453753
69358.8,453753
69360.6,453753
69359,453753
69359,453753
69359.6,453753
69361.6,453753
69355.1,453753
69353.6,453753
69355.7,453753
69359.2,453753
69357.1,453753
69358.7,453753
69360.3,453753
69353,453753
69359.9,453753
69359,453753
69356.1,453753
69355.1,453753
69356.1,453753
69361,453753
69360.9,453753
69357.9,453753
69357.5,453753
69345.9,453753
69350.3,453753
69361.1,453753
69357.4,453753
69360.9,453753
69361.3,453753
69360.5,453753
69360.5,453753
69351.6,453753
69352.6,453753
69355.3,453753
69351.7,453753
69362,453753
69356.8,453753
69345.1,453753
69352,453753
69355.7,453753
69356.7,453753
69362.4,453753
69359.6,453753
69359.9,453753
69358.2,453753
69360.1,453753
69359.8,453753
69356.4,453753
69356.1,453753
69354.2,453753
69348,453753
69359.3,453753
69357.9,453753
69365.5,453753
69361.9,453753
69361,453753
69363.4,453753
69358.3,453753
69364.1,453753
69361.1,453753
69350.9,453753
69359.9,453753
69361.1,453753
69362,453753
69361.9,453753
69362.7,453753
69362.3,453753
69362.1,453753
69359.7,453753
69359.1,453753
69355,453753
69352.6,453753
69361.5,453753
69318.5,453753
69359.4,453753
69355.8,453753
69358.2,453753
69360.4,453753
69359.8,453753
69360.6,453753
69355.2,453753
69357.7,453753
69353,453753
69353,453753
69350.2,453753
69352.3,453753
69359.5,453753
69358.6,453753
69359,453753
69359.8,453753
69360.2,453753
69353.9,453753
69354.4,453753
69350.5,453753
69349.5,453753
69349,453753
69359.8,453753
69359.9,453753
69353.2,453753
69352.2,453753
69353.2,453753
69361.7,453753
69353.8,453753
69356.7,453753
69360,453753
69359.8,453753
69356,453753
69354.9,453753
69351.3,453753
69358.8,453753
69352.2,453753
69359.7,453753
69354.6,453753
69358.9,453753
69353.4,453753
69360.5,453753
69360.2,453753
69361.5,453753
69348,453753
69359.6,453753
69349.2,453753
69340.3,453753
69356,453753
69355.7,453753
69349.8,453753
69350.6,453753
69358.6,453753
69352.8,453753
69359.6,453753
69357.7,453753
69359.2,453753
69359.1,453753
69360.4,453753
69357.8,453753
69358.7,453753
69359.7,453753
69360.2,453753
69359.7,453753
69362.8,453753
69358.8,453753
69356.7,453753
69354.3,453753
69360.2,453753
69364.8,453753
69366.8,453753
69360.9,453753
69362.3,453753
69361.1,453753
69360.1,453753
69357.8,453753
69351.5,453753
69360.2,453753
69360,453753
69357.9,453753
69362.7,453753
69362,453753
69358.3,453753
69351.8,453753
69356.2,453753
69358.2,453753
69353.1,453753
69321.6,453753
69327.4,453753
69358.5,453753
69350.1,453753
69364.8,453753
69361.3,453753
69361.9,453753
69362.6,453753
69356.3,453753
69362.3,453753
69362.3,453753
69352.5,453753
69339.1,453753
69340.9,453753
69333.9,453753
69342.8,453753
69349,453753
69359.1,453753
69355.5,453753
69356.2,453753
69358.8,453753
69359.8,453753
69352.6,453753
69356.5,453753
69357.6,453753
69355.6,453753
69355.7,453753
69355.9,453753
69352.8,453753
69355.9,453753
69364.5,453753
69363.8,453753
69361.4,453753
69354.2,453753
69354.8,453753
69338.6,453753
69343.6,453753
69353.1,453753
69347,453753
69364.4,453753
69363,453753
69358.8,453753
69359.2,453753
69359.1,453753
69361.5,453753
69359.8,453753
69361.5,453753
69361.5,453753
69363.7,453753
69359.5,453753
69349,453753
69350.1,453753
69362.5,453753
69362.2,453753
69361.7,453753
69355.9,453753
69355.5,453753
69353.6,453753
69359.9,453753
69359.2,453753
69359.8,453753
69363.3,453753
69359.9,453753
69357.3,453753
69358.4,453753
69361.2,453753
69358,453753
69359.6,453753
69350.5,453753
69349,453753
69362.1,453753
69358.3,453753
69351.8,453753
69354,453753
69356.3,453753
69355.2,453753
69354.2,453753
69348.7,453753
69357.8,453753
69360.8,453753
69353,453753
69336.3,453753
69354.9,453753
69359.6,453753
69352.1,453753
69356.2,453753
69335.7,453753
69360.6,453753
69357.5,453753
69356.7,453753
69347.2,453753
69357.3,453753
69352.2,453753
69351.9,453753
69354.6,453753
69358.5,453753
69358.6,453753
69358.9,453753
69349.8,453753
69361.4,453753
69356.8,453753
69358.6,453753
69358.4,453753
69354.2,453753
69360,453753
69361.5,453753
69355.8,453753
69357.2,453753
69365.3,453753
69361.4,453753
69359.7,453753
69362.9,453753
69357.9,453753
69364.5,453753
69361.6,453753
69360.4,453753
69360,453753
69364,453753
69361,453753
69362.2,453753
69361.8,453753
69366.2,453753
69356.6,453753
69361,453753
69360.8,453753
69358.5,453753
69358.3,453753
69354.6,453753
69359.2,453753
69362,453753
69358.4,453753
69352.6,453753
69339.8,453753
69322.9,453753
69353.2,453753
69360.2,453753
69354.3,453753
69354.9,453753
69359.3,453753
69358.1,453753
69361.6,453753
69357.6,453753
69357.5,453753
69358,453753
69353.4,453753
69352.7,453753
69354.1,453753
69353.7,453753
69350.5,453753
69335.1,453753
69357.3,453753
69359.3,453753
69359.5,453753
69353.5,453753
69358.5,453753
69355.4,453753
69354.8,453753
69361.4,453753
69351.9,453753
69344.8,453753
69357.2,453753
69340.4,453753
69334.8,453753
69361,453753
69351.4,453753
69359.3,453753
69350.8,453753
69356,453753
69312,453753
69358.4,453753
69358.3,453753
69357.7,453753
69364.5,453753
69362.4,453753
69364.5,453753
69363.4,453753
69362.9,453753
69360.2,453753
69358.6,453753
69362,453753
69363.4,453753
69360.4,453753
69360.8,453753
69356.1,453753
69359.7,453753
69359.8,453753
69360.9,453753
69352.9,453753
69362.3,453753
69356.5,453753
69358,453753
69357.2,453753
69357.8,453753
69357.1,453753
69361.6,453753
69352.2,453753
69339.6,453753
69354,453753
69350.4,453753
69325,453753
69343.1,453753
69352.5,453753
69357.2,453753
69351.9,453753
69348.2,453753
69346.6,453753
69346.3,453753
69352.8,453753
69360.2,453753
69354.2,453753
69349.8,453753
69353.5,453753
69355.7,453753
69353,453753
69351.8,453753
69354.9,453753
69342.7,453753
69350.9,453753
69361.8,453753
69357.6,453753
69358.3,453753
69359.7,453753
69357.3,453753
69363.2,453753
69336.5,453753
69354.7,453753
69356.5,453753
69356,453753
69358.9,453753
69358.6,453753
69360.6,453753
69359.2,453753
69360.6,453753
69366.3,453753
69362.6,453753
69360.4,453753
69359.8,453753
69350.9,453753
69354,453753
69358.7,453753
69360.7,453753
69362.3,453753
69354.5,453753
69364,453753
69358.8,453753
69361.1,453753
69359.1,453753
69354.3,453753
69356.1,453753
69359.4,453753
69364.9,453753
69341.3,453753
69360.6,453753
69358.5,453753
69354.6,453753
69356.6,453753
69356.2,453753
69356.5,453753
69352.9,453753
69352.7,453753
69349.5,453753
69324.5,453753
69355.5,453753
69354,453753
69361,453753
69364.2,453753
69361.9,453753
69356.7,453753
69351.4,453753
69356.8,453753
69357.3,453753
69345.6,453753
69351.5,453753
69362.1,453753
69356.4,453753
69358.8,453753
69357.6,453753
69356.2,453753
69354.1,453753
69351.2,453753
69354.7,453753
69363.5,453753
69357.2,453753
69363.8,453753
69362.3,453753
69356.9,453753
69360.4,453753
69362.9,453753
69356.8,453753
69362.6,453753
69362.3,453753
69362.3,453753
69356.7,453753
69349.9,453753
69358.8,453753
69356.2,453753
69358.7,453753
69361.3,453753
69338.1,453753
69297.2,453753
69306.6,453753
69358.1,453753
69361.3,453753
69358.7,453753
69358.4,453753
69360.6,453753
69353.2,453753
69357.8,453753
69358.2,453753
69362.4,453753
69354.9,453753
69359.7,453753
69357,453753
69337.4,453753
69350.4,453753
69359,453753
69357.3,453753
69358,453753
69353.3,453753
69357.3,453753
69360.9,453753
69362.8,453753
69356.6,453753
69353.9,453753
69357,453753
69353.8,453753
69353.2,453753
69359,453753
69360.4,453753
69353.6,453753
69352.6,453753
69354.8,453753
69346.4,453753
69350.5,453753
69361.1,453753
69361.9,453753
69360.5,453753
69362.3,453753
69363,453753
69358.7,453753
69361.8,453753
69362.9,453753
69360.7,453753
69362.3,453753
69359.8,453753
69359.1,453753
69355.7,453753
69363.2,453753
69362.7,453753
69356.8,453753
69362.3,453753
69362.6,453753
69363.3,453753
69360.3,453753
69355.2,453753
69361.1,453753
69352.8,453753
69362.5,453753
69354.5,453753
69355,453753
69349.3,453753
69340.9,453753
69358.4,453753
69359,453753
69358.6,453753
69360.8,453753
69356.2,453753
69356.5,453753
69358.6,453753
69361.9,453753
69361.1,453753
69361.9,453753
69355.5,453753
69352.3,453753
69357.3,453753
69356.6,453753
69359.3,453753
69360.6,453753
69356.7,453753
69351.8,453753
69360.9,453753
69356.2,453753
69360.1,453753
69360,453753
69357.1,453753
69359,453753
69359,453753
69363,453753
69361.9,453753
69363.1,453753
69356.8,453753
69360,453753
69360.2,453753
69360.1,453753
69360.4,453753
69360.9,453753
69362.7,453753
69359.2,453753
69359.9,453753
69361,453753
69361.3,453753
69352.9,453753
69354.4,453753
69358.7,453753
69357.3,453753
69359.8,453753
69358.9,453753
69346.4,453753
69335.6,453753
69354.3,453753
69357,453753
69359.8,453753
69352.7,453753
69357.2,453753
69352.2,453753
69353.3,453753
69356.5,453753
69362.2,453753
69357.4,453753
69305.4,453753
69362.1,453753
69362.8,453753
69354.3,453753
69359.1,453753
69352.5,453753
69354,453753
69358.6,453753
69351.6,453753
69343.6,453753
69358.4,453753
69356.5,453753
69361.4,453753
69361.8,453753
69361.7,453753
69358.6,453753
69359.9,453753
69358.3,453753
69363.4,453753
69357.6,453753
69365.9,453753
69361.1,453753
69357.6,453753
69328.5,453753
69360.5,453753
69350.8,453753
69342.4,453753
69356,453753
69352.4,453753
69360.7,453753
69356.3,453753
69357.8,453753
69363.9,453753
69362.6,453753
69360.1,453753
69354.2,453753
69356.3,453753
69360.1,453753
69360.3,453753
69355.4,453753
69355.6,453753
69361.9,453753
69229.9,453753
69007.1,453753
69303,453753
69352.5,453753
69349.9,453753
69349.1,453753
69358.5,453753
69353.5,453753
69357.3,453753
69359.5,453753
69359.7,453753
69336.1,453753
69353.4,453753
69349.9,453753
69357.8,453753
69360.6,453753
69359,453753
69353.4,453753
69351.1,453753
69358.6,453753
69357.5,453753
69358.7,453753
69360.7,453753
69360.7,453753
69364.1,453753
69360.9,453753
69354.7,453753
69359.5,453753
69359.2,453753
69362,453753
69363.6,453753
69360.5,453753
69363.3,453753
69363,453753
69363.1,453753
69361.9,453753
69361.3,453753
69363.9,453753
69358.8,453753
69357.2,453753
69359.3,453753
69358.6,453753
69361.2,453753
69357.7,453753
69358.2,453753
69349.6,453753
69324.2,453753
69353.4,453753
69354.4,453753
69344.7,453753
69354.5,453753
69354,453753
69351.6,453753
69356.1,453753
69357.1,453753
69357.6,453753
69357.6,453753
69357.4,453753
69361.8,453753
69354.5,453753
69348.8,453753
69349.5,453753
69357.9,453753
69359.3,453753
69353.7,453753
69362,453753
69358.2,453753
69359.8,453753
69361.1,453753
69355.6,453753
69356.6,453753
69360.8,453753
69362.3,453753
69354.9,453753
69347,453753
69361.8,453753
69364.7,453753
69362.4,453753
69364.8,453753
69357.8,453753
69353.4,453753
69365.4,453753
69356.3,453753
69356.2,453753
69363.6,453753
69363.3,453753
69363.4,453753
69360.9,453753
69359.5,453753
69358.1,453753
69357,453753
69363.8,453753
69353,453753
69351.3,453753
69344,453753
69352.3,453753
69353.5,453753
69352,453753
69356.7,453753
69364.8,453753
69359.9,453753
69354.7,453753
69357.2,453753
69355,453753
69358.8,453753
69359.4,453753
69358.4,453753
69362.1,453753
69360.2,453753
69359.1,453753
69365.6,453753
69364.1,453753
69360.7,453753
69360,453753
69363.3,453753
69360.3,453753
69362.3,453753
69362.5,453753
69360,453753
69360.1,453753
69361.2,453753
69361.4,453753
69358.2,453753
69353.2,453753
69354.3,453753
69353.1,453753
69358.3,453753
69360.7,453753
69346.5,453753
69361.4,453753
69357.1,453753
69357.4,453753
69358.7,453753
69356.7,453753
69353.2,453753
69360.1,453753
69353.9,453753
69356.4,453753
69359,453753
69358.8,453753
69362.3,453753
69359.2,453753
69357,453753
69366.4,453753
69361.3,453753
69360.1,453753
69363,453753
69352.7,453753
69356.6,453753
69365.2,453753
69364.4,453753
69358.5,453753
69362,453753
69361.1,453753
69358.8,453753
69348.7,453753
69361.6,453753
69351.5,453753
69358.7,453753
69357.1,453753
69360.5,453753
69360.7,453753
69354.9,453753
69359.8,453753
69360.7,453753
69340.2,453753
69352.9,453753
69355.3,453753
69361.3,453753
69338.4,453753
69359.6,453753
69358.1,453753
69362.6,453753
69363.9,453753
69361.8,453753
69363,453753
69365.5,453753
69358.7,453753
69361.9,453753
69353.3,453753
69355,453753
69364,453753
69360.7,453753
69360.9,453753
69358.8,453753
69360.9,453753
69360.1,453753
69361.7,453753
69357,453753
69359.4,453753
69361.4,453753
69357.4,453753
69349.7,453753
69364.8,453753
69360.2,453753
69365.8,453753
69358.1,453753
69356.9,453753
69358.9,453753
69357.2,453753
69345.7,453753
69341.2,453753
69355,453753
69360.4,453753
69363.1,453753
69363.7,453753
69357.9,453753
69362.8,453753
69360.2,453753
69362.1,453753
69361.8,453753
69353.9,453753
69350,453753
69360.8,453753
69360,453753
69359.4,453753
69356.6,453753
69366.6,453753
69365.3,453753
69363.1,453753
69363.6,453753
69354.9,453753
69352.8,453753
69350.5,453753
69362.4,453753
69359,453753
69353.1,453753
69343.3,453753
69348.2,453753
69333.7,453753
69361.6,453753
69358.7,453753
69364.9,453753
69350.5,453753
69360.8,453753
69360.4,453753
69360.5,453753
69359.6,453753
69362,453753
69361.5,453753
69363.3,453753
69358.8,453753
69359.4,453753
69355.9,453753
69355.3,453753
69364.4,453753
69367,453753
69366.2,453753
69363.1,453753
69365.4,453753
69360.5,453753
69354.7,453753
69361.2,453753
69362,453753
69361.1,453753
69358.7,453753
69357.2,453753
69356.7,453753
69355.6,453753
69353.9,453753
69359.3,453753
69356.6,453753
69350,453753
69359.3,453753
69360.8,453753
69364,453753
69358.6,453753
69361,453753
69360.9,453753
69360.1,453753
69361,453753
69359.4,453753
69361.3,453753
69362.4,453753
69360.6,453753
69362,453753
69362.8,453753
69360.6,453753
69359,453753
69358,453753
69333.8,453753
69358.2,453753
69359.2,453753
69358.5,453753
69351,453753
69340.6,453753
69354.8,453753
69364.2,453753
69358.5,453753
69340.6,453753
69353.7,453753
69353.6,453753
69329.3,453753
69354.8,453753
69360.8,453753
69363.6,453753
69358.1,453753
69361.1,453753
69333.9,453753
69345.4,453753
69353.8,453753
69358.9,453753
69361.9,453753
69359.6,453753
69366.5,453753
69362.8,453753
69363.8,453753
69363,453753
69360.6,453753
69360.4,453753
69360.7,453753
69359.1,453753
69355.8,453753
69342.8,453753
69347.1,453753
69360.5,453753
69362.6,453753
69362.9,453753
69356,453753
69356.5,453753
69360.6,453753
69361.9,453753
69361.4,453753
69360.4,453753
69365.9,453753
69365,453753
69362.5,453753
69360.3,453753
69363.6,453753
69363.9,453753
69366.1,453753
69358.8,453753
69364,453753
69361.1,453753
69362.3,453753
69359.3,453753
69359.9,453753
69357.5,453753
69358.9,453753
69364.8,453753
69360.2,453753
69353.5,453753
69349.7,453753
69362.8,453753
69362.2,453753
69361.3,453753
69363.7,453753
69359.7,453753
69343.1,453753
69357.9,453753
69362.8,453753
69361.9,453753
69348.4,453753
69348.2,453753
69363.9,453753
69359,453753
69360.8,453753
69368.9,453546
