TRACE,NSNPS_JACKKNIFE
69376.8,453753
69375.9,453753
69374.1,453753
69373.5,453753
69372.2,453753
69378.2,453753
69371.3,453753
69370.5,453753
69374.4,453753
69372.3,453753
69373.2,453753
69368.8,453753
69377,453753
69372.4,453753
69376.8,453753
69374.7,453753
69372,453753
69355.5,453753
69360.6,453753
69366.3,453753
69372.5,453753
69374.1,453753
69372.5,453753
69375.3,453753
69375.8,453753
69373.3,453753
69367.7,453753
69367.4,453753
69372.4,453753
69375.8,453753
69372.5,453753
69371.4,453753
69370.1,453753
69369.9,453753
69371.2,453753
69376.9,453753
69372.2,453753
69368.9,453753
69371.9,453753
69375.1,453753
69375.3,453753
69374.9,453753
69368.4,453753
69363.5,453753
69365.1,453753
69369.2,453753
69375.2,453753
69375.8,453753
69374.7,453753
69373.6,453753
69375.7,453753
69365.2,453753
69369.5,453753
69371.1,453753
69364.4,453753
69374.6,453753
69373.1,453753
69359.4,453753
69366.5,453753
69367.5,453753
69374.8,453753
69375.1,453753
69376,453753
69372.9,453753
69370.1,453753
69376.2,453753
69373.6,453753
69369.4,453753
69372.7,453753
69370,453753
69355.1,453753
69371.4,453753
69376,453753
69377.4,453753
69377.1,453753
69372,453753
69376.9,453753
69376.2,453753
69374.4,453753
69373,453753
69368.7,453753
69374.2,453753
69377.7,453753
69378.2,453753
69377.2,453753
69375.4,453753
69376.1,453753
69376.8,453753
69372.7,453753
69372,453753
69364.6,453753
69368.8,453753
69373.9,453753
69346.9,453753
69376.2,453753
69367.8,453753
69372.1,453753
69375.2,453753
69374,453753
69376.8,453753
69366.4,453753
69369.5,453753
69368.3,453753
69361.6,453753
69365.3,453753
69368.8,453753
69373.1,453753
69374.7,453753
69373.5,453753
69372.8,453753
69376,453753
69371.6,453753
69367.9,453753
69364.7,453753
69360.2,453753
69366.8,453753
69375.8,453753
69371.1,453753
69367.7,453753
69365.6,453753
69362.8,453753
69377.1,453753
69368.1,453753
69374,453753
69373.4,453753
69370.7,453753
69370.1,453753
69370.2,453753
69367.6,453753
69371.4,453753
69364.9,453753
69374.6,453753
69370.5,453753
69372.8,453753
69369.9,453753
69373.3,453753
69375.5,453753
69372.6,453753
69368.4,453753
69373.1,453753
69357.4,453753
69354.9,453753
69374.4,453753
69368.3,453753
69365.6,453753
69369.1,453753
69371.4,453753
69373,453753
69370.8,453753
69373.2,453753
69375.5,453753
69377,453753
69374.9,453753
69372.1,453753
69371.7,453753
69371.7,453753
69374.5,453753
69374.1,453753
69378.3,453753
69378,453753
69371.8,453753
69372,453753
69374.2,453753
69377.5,453753
69378.4,453753
69376.1,453753
69378.8,453753
69376.9,453753
69374.5,453753
69373.8,453753
69366.6,453753
69372.4,453753
69373.5,453753
69373.8,453753
69375.3,453753
69372.4,453753
69372,453753
69369.5,453753
69369.5,453753
69371.1,453753
69368.9,453753
69334.8,453753
69333.8,453753
69374.1,453753
69366.5,453753
69375.1,453753
69375.3,453753
69375.3,453753
69374.9,453753
69373.9,453753
69376.6,453753
69377,453753
69365.6,453753
69348.8,453753
69348.5,453753
69342.9,453753
69355.1,453753
69364.3,453753
69371.2,453753
69373.4,453753
69370.4,453753
69373.8,453753
69371.7,453753
69363.5,453753
69373.7,453753
69372.4,453753
69370.9,453753
69371.4,453753
69371,453753
69363.1,453753
69370.8,453753
69374.9,453753
69373.1,453753
69373.6,453753
69362.8,453753
69372.2,453753
69356,453753
69357.2,453753
69367.4,453753
69360.1,453753
69376.6,453753
69375.2,453753
69372.9,453753
69374.3,453753
69369.9,453753
69373.3,453753
69377,453753
69375.8,453753
69374.4,453753
69378,453753
69371.4,453753
69360.5,453753
69367.6,453753
69377.9,453753
69376.8,453753
69375.8,453753
69365.6,453753
69373.3,453753
69368.6,453753
69373,453753
69369.3,453753
69376.3,453753
69376.2,453753
69375.2,453753
69372.5,453753
69373.5,453753
69373.4,453753
69374.3,453753
69373.2,453753
69361.6,453753
69360.3,453753
69373,453753
69374,453753
69368.6,453753
69365.3,453753
69366.3,453753
69372.2,453753
69372.1,453753
69363.4,453753
69371.9,453753
69376.2,453753
69368,453753
69350.1,453753
69368,453753
69374.7,453753
69370.3,453753
69369.6,453753
69353.8,453753
69375.1,453753
69373.7,453753
69370.9,453753
69357.4,453753
69370.7,453753
69369.9,453753
69367,453753
69366.5,453753
69375.8,453753
69376.1,453753
69369.4,453753
69360.3,453753
69370.1,453753
69368.5,453753
69373.7,453753
69373.1,453753
69369.2,453753
69377.2,453753
69373.2,453753
69372.7,453753
69373.6,453753
69375.1,453753
69377.4,453753
69378,453753
69375.8,453753
69377.5,453753
69375.8,453753
69376.4,453753
69372.2,453753
69373.3,453753
69377.1,453753
69375.4,453753
69375.2,453753
69376.2,453753
69378.8,453753
69372.2,453753
69376,453753
69376.5,453753
69373,453753
69374.9,453753
69374.5,453753
69378.1,453753
69377,453753
69372.9,453753
69366.3,453753
69352.6,453753
69340.5,453753
69366.7,453753
69373.1,453753
69365.4,453753
69366.9,453753
69370.4,453753
69372.1,453753
69375.2,453753
69374.5,453753
69373.5,453753
69370.1,453753
69365.2,453753
69366.7,453753
69373.4,453753
69374.5,453753
69367.6,453753
69338.6,453753
69370.8,453753
69372.8,453753
69375.2,453753
69370.7,453753
69375.9,453753
69369.1,453753
69371.7,453753
69371.7,453753
69365.9,453753
69358.5,453753
69370.2,453753
69355.7,453753
69356.5,453753
69371.2,453753
69366.5,453753
69375.1,453753
69366.9,453753
69365.8,453753
69340.1,453753
69374,453753
69371.6,453753
69373.5,453753
69378.9,453753
69377.3,453753
69374.9,453753
69376.9,453753
69377.8,453753
69376.8,453753
69373.1,453753
69379.1,453753
69378.7,453753
69375.9,453753
69378.5,453753
69367.7,453753
69372,453753
69373,453753
69377.2,453753
69372.1,453753
69375.6,453753
69375.3,453753
69370.2,453753
69371.5,453753
69372.9,453753
69369.9,453753
69370.4,453753
69364.1,453753
69348.7,453753
69364.5,453753
69366.2,453753
69337,453753
69359.6,453753
69364.9,453753
69370.4,453753
69367.4,453753
69363.1,453753
69362.5,453753
69356.8,453753
69366.7,453753
69372.3,453753
69370.8,453753
69364.8,453753
69363.6,453753
69371.1,453753
69370.4,453753
69367,453753
69369.1,453753
69362.6,453753
69361.7,453753
69371.7,453753
69369.6,453753
69371.9,453753
69373,453753
69371,453753
69376.1,453753
69354.9,453753
69370.5,453753
69367.3,453753
69371.3,453753
69375.3,453753
69376.1,453753
69375.5,453753
69371.6,453753
69372.8,453753
69376.2,453753
69376.4,453753
69375.8,453753
69374.4,453753
69368,453753
69367.9,453753
69368.9,453753
69375.9,453753
69373.8,453753
69367.4,453753
69375.4,453753
69375.4,453753
69377.7,453753
69374,453753
69367.6,453753
69369.9,453753
69372.1,453753
69375.3,453753
69356.3,453753
69374.7,453753
69371.8,453753
69374.5,453753
69374.8,453753
69366.8,453753
69371.8,453753
69371.2,453753
69370.4,453753
69364.3,453753
69334.7,453753
69368.1,453753
69371.6,453753
69375.1,453753
69377.7,453753
69375.3,453753
69370.6,453753
69363.6,453753
69370.2,453753
69371.4,453753
69366.4,453753
69370.3,453753
69376.4,453753
69374.6,453753
69373.8,453753
69372.7,453753
69366.9,453753
69363.6,453753
69365.4,453753
69369.3,453753
69378.1,453753
69370.2,453753
69377.6,453753
69371.1,453753
69372.5,453753
69373.3,453753
69378,453753
69370.7,453753
69379.6,453753
69376.9,453753
69376.1,453753
69373.5,453753
69366.2,453753
69372.8,453753
69371.6,453753
69374.9,453753
69375.6,453753
69354.4,453753
69314.7,453753
69325.2,453753
69369.4,453753
69371.6,453753
69374.6,453753
69368.1,453753
69370.6,453753
69365.6,453753
69374.9,453753
69373.9,453753
69375.8,453753
69366.8,453753
69372.1,453753
69371,453753
69348.4,453753
69368.9,453753
69371,453753
69370.4,453753
69374,453753
69370.1,453753
69370.7,453753
69375.9,453753
69374,453753
69367.1,453753
69367.1,453753
69372.3,453753
69364.4,453753
69367.5,453753
69374,453753
69374.9,453753
69368.1,453753
69372.5,453753
69371.4,453753
69362.4,453753
69363.3,453753
69371.8,453753
69373.1,453753
69376.5,453753
69376.7,453753
69376.5,453753
69372.1,453753
69374.2,453753
69372.8,453753
69376,453753
69375.4,453753
69375.3,453753
69369.4,453753
69373.1,453753
69377.1,453753
69375.8,453753
69374.4,453753
69372.4,453753
69377.7,453753
69376.9,453753
69373.8,453753
69370.7,453753
69374.7,453753
69364.6,453753
69375.7,453753
69370.4,453753
69373.1,453753
69360.8,453753
69352.3,453753
69377.3,453753
69368.5,453753
69372.9,453753
69376.6,453753
69372.4,453753
69373,453753
69375,453753
69375.4,453753
69376.4,453753
69377.5,453753
69366.5,453753
69365.9,453753
69370.9,453753
69374.2,453753
69371.7,453753
69377,453753
69372.8,453753
69371,453753
69374.5,453753
69371.9,453753
69372.9,453753
69373,453753
69372.1,453753
69376,453753
69376.2,453753
69377.3,453753
69373.2,453753
69379,453753
69371.5,453753
69371.9,453753
69377.5,453753
69373.9,453753
69374.9,453753
69372.2,453753
69372,453753
69374.7,453753
69373.9,453753
69373.9,453753
69373.9,453753
69372.1,453753
69371.2,453753
69376.9,453753
69373.5,453753
69376.8,453753
69367.2,453753
69362.8,453753
69355,453753
69366.8,453753
69371.3,453753
69376.1,453753
69366.4,453753
69371.4,453753
69367,453753
69368.9,453753
69371.6,453753
69373.7,453753
69368.6,453753
69323.5,453753
69374.2,453753
69372.9,453753
69370.8,453753
69375.7,453753
69363.8,453753
69367.9,453753
69370.7,453753
69370.2,453753
69364,453753
69369,453753
69372.8,453753
69376.3,453753
69376.4,453753
69376,453753
69372.9,453753
69374.3,453753
69370.9,453753
69375.9,453753
69374.5,453753
69380.7,453753
69374.8,453753
69372.3,453753
69348.3,453753
69377.6,453753
69363.1,453753
69355.3,453753
69368,453753
69365.9,453753
69378.3,453753
69372.2,453753
69374.8,453753
69380.8,453753
69376.2,453753
69374.7,453753
69367.8,453753
69370.2,453753
69375.1,453753
69377.6,453753
69373.6,453753
69371.6,453753
69373,453753
69258,453753
69121.9,453753
69311.8,453753
69369.2,453753
69366.2,453753
69365.5,453753
69375.2,453753
69367.4,453753
69371.5,453753
69378.5,453753
69371.4,453753
69347.5,453753
69362.7,453753
69361.9,453753
69373.1,453753
69376.4,453753
69369.5,453753
69371.2,453753
69367.6,453753
69366.6,453753
69370.2,453753
69375.3,453753
69374.3,453753
69374,453753
69380.2,453753
69375.9,453753
69367,453753
69377.5,453753
69376,453753
69377,453753
69378.3,453753
69372.6,453753
69372.7,453753
69374.5,453753
69376.3,453753
69373.4,453753
69370.5,453753
69375.6,453753
69374.4,453753
69373.4,453753
69373.8,453753
69371.3,453753
69374.1,453753
69370.9,453753
69371,453753
69361.2,453753
69331.1,453753
69368.2,453753
69370.5,453753
69361,453753
69368.6,453753
69372.8,453753
69371.4,453753
69369.3,453753
69371.3,453753
69378.9,453753
69371.6,453753
69368.4,453753
69377.1,453753
69372.1,453753
69364.3,453753
69365.3,453753
69370.6,453753
69372,453753
69368.8,453753
69374.3,453753
69373.3,453753
69374.8,453753
69375.3,453753
69368.1,453753
69369.1,453753
69375.9,453753
69373.6,453753
69367.9,453753
69362.5,453753
69376.6,453753
69379.9,453753
69377.9,453753
69378.1,453753
69371.6,453753
69368.9,453753
69379.4,453753
69371.6,453753
69374.7,453753
69377.4,453753
69376.7,453753
69376,453753
69373.3,453753
69373.5,453753
69370.8,453753
69373.6,453753
69378.2,453753
69372.8,453753
69368.7,453753
69362,453753
69368.8,453753
69372.3,453753
69367.1,453753
69372.9,453753
69378.6,453753
69376.2,453753
69375.2,453753
69371,453753
69366.9,453753
69372.7,453753
69373.2,453753
69370.8,453753
69371.3,453753
69375.2,453753
69375.5,453753
69379.4,453753
69379.5,453753
69374.3,453753
69373.2,453753
69373.7,453753
69370.3,453753
69377,453753
69378.3,453753
69374.3,453753
69375.7,453753
69373.9,453753
69378,453753
69376.2,453753
69372.5,453753
69367.1,453753
69365.9,453753
69371.9,453753
69373.2,453753
69355.3,453753
69374.1,453753
69368.3,453753
69371.1,453753
69371.4,453753
69372.2,453753
69365.9,453753
69372.4,453753
69370,453753
69371.7,453753
69371.8,453753
69374.7,453753
69377.1,453753
69373.6,453753
69372.1,453753
69381,453753
69376,453753
69378.9,453753
69376.9,453753
69370.9,453753
69371.6,453753
69378.1,453753
69377.7,453753
69373.8,453753
69376,453753
69375.5,453753
69370.5,453753
69364.6,453753
69376,453753
69359.7,453753
69372,453753
69371.7,453753
69375.2,453753
69373.3,453753
69370.3,453753
69373.4,453753
69377.4,453753
69357.9,453753
69365.1,453753
69365.4,453753
69373.8,453753
69350.6,453753
69372.7,453753
69374.2,453753
69377.4,453753
69380.1,453753
69378.3,453753
69378.5,453753
69378.7,453753
69374.7,453753
69376.9,453753
69370.3,453753
69373.1,453753
69378.9,453753
69375.7,453753
69375.8,453753
69373.9,453753
69375.2,453753
69373.8,453753
69377.1,453753
69373,453753
69376.6,453753
69375.8,453753
69367.2,453753
69366.3,453753
69377.4,453753
69371.6,453753
69373.8,453753
69374.3,453753
69373.4,453753
69375.2,453753
69371.2,453753
69361,453753
69362.3,453753
69368.9,453753
69372.2,453753
69377.5,453753
69378.2,453753
69371.5,453753
69376.2,453753
69373.3,453753
69375.8,453753
69376.1,453753
69371.6,453753
69360.9,453753
69373.8,453753
69376.9,453753
69373.4,453753
69367.9,453753
69378.3,453753
69378,453753
69379.6,453753
69375.8,453753
69370.1,453753
69365.6,453753
69365.8,453753
69378.7,453753
69375,453753
69369.4,453753
69360.1,453753
69362.7,453753
69355.1,453753
69376.1,453753
69370.4,453753
69376.8,453753
69366.8,453753
69373.5,453753
69374.8,453753
69376.7,453753
69374.7,453753
69380,453753
69375,453753
69379.1,453753
69373.2,453753
69372.4,453753
69364.6,453753
69371,453753
69378.1,453753
69380.6,453753
69379.1,453753
69372.8,453753
69377.9,453753
69376.2,453753
69372.7,453753
69374.7,453753
69375.1,453753
69371.9,453753
69372.1,453753
69373.5,453753
69374.7,453753
69367.6,453753
69370.7,453753
69373.4,453753
69372.4,453753
69363.1,453753
69371.7,453753
69376.5,453753
69376.1,453753
69372.8,453753
69371.7,453753
69377.1,453753
69373,453753
69379,453753
69375.5,453753
69378,453753
69374.8,453753
69373,453753
69375,453753
69374.9,453753
69375.5,453753
69372.8,453753
69371.5,453753
69342.7,453753
69370.5,453753
69369.4,453753
69372.9,453753
69364.5,453753
69351.3,453753
69368.6,453753
69372.9,453753
69370.5,453753
69358.3,453753
69364.5,453753
69364.8,453753
69352.5,453753
69371.5,453753
69376.5,453753
69376.8,453753
69373,453753
69379,453753
69344.1,453753
69361.2,453753
69368.7,453753
69369.1,453753
69377.5,453753
69369.7,453753
69378.9,453753
69377.3,453753
69379.7,453753
69376.3,453753
69374,453753
69378.7,453753
69374.8,453753
69370.9,453753
69371.7,453753
69360,453753
69354,453753
69372,453753
69373.1,453753
69374.7,453753
69369.3,453753
69371.2,453753
69375.1,453753
69377.1,453753
69376.6,453753
69377.5,453753
69377.5,453753
69378.4,453753
69375.6,453753
69372.1,453753
69377.6,453753
69376.7,453753
69376.1,453753
69374.8,453753
69375,453753
69376.5,453753
69371.2,453753
69372.3,453753
69373.4,453753
69371.2,453753
69374,453753
69379.9,453753
69374.6,453753
69371.3,453753
69362,453753
69375.4,453753
69376,453753
69375.9,453753
69375.9,453753
69373.4,453753
69360.6,453753
69373.8,453753
69378.3,453753
69373.2,453753
69360.7,453753
69364.4,453753
69376,453753
69377.8,453753
69377.2,453753
69377.2,453546
